IQ-TREE version 1.4.2 for Linux 64-bit built Apr 15 2016
Copyright (c) 2011-2015 Nguyen Lam Tung, Olga Chernomor, Arndt von Haeseler and Bui Quang Minh.

Host:    meduse (AVX2, FMA3, 7 GB RAM)
Command: /home/tannier/programs/iqtree/iqtree-1.4.2-Linux/bin//iqtree -s ../simulations/data_D1T2L3I5T4//S/1020_pruned.fasta -m GTR+G -alrt 1000 -redo
Seed:    563060 (Using SPRNG - Scalable Parallel Random Number Generator)
Time:    Fri May 25 14:21:07 2018
Kernel:  AVX

NOTE: Consider using the multicore version because your CPU has 4 cores!

Reading alignment file ../simulations/data_D1T2L3I5T4//S/1020_pruned.fasta ... Fasta format detected
Alignment most likely contains DNA/RNA sequences
Alignment has 12 sequences with 300 columns and 47 patterns (20 informative sites)
         Gap/Ambiguity  Composition  p-value
   1  n293_52    0.00%    passed     99.86%
   2  n287_48    0.00%    passed     99.58%
   3  n289_50    0.00%    passed     99.58%
   4  n297_56    0.00%    passed     98.56%
   5  n200_31    0.00%    passed     95.28%
   6  n296_55    0.00%    passed     99.59%
   7  n298_57    0.00%    passed     98.56%
   8  n236_35    0.00%    passed     95.81%
   9  n290_51    0.00%    passed     99.09%
  10  n295_54    0.00%    passed     99.95%
  11  n275_44    0.00%    passed     99.86%
  12  n294_53    0.00%    passed     99.87%
****  TOTAL      0.00%  0 sequences failed composition chi2 test (p-value<5%; df=3)
NOTE: 2 identical sequences (see below) will be ignored for subsequent analysis
NOTE: n289_50 (identical to n287_48) is ignored but added at the end
NOTE: n298_57 (identical to n297_56) is ignored but added at the end

Create initial parsimony tree by phylogenetic likelihood library (PLL)... 0.000 seconds

NOTE: 0 MB RAM is required!
Estimate model parameters (epsilon = 0.100)
1. Initial log-likelihood: -904.535
2. Current log-likelihood: -799.979
3. Current log-likelihood: -799.802
Optimal log-likelihood: -799.799
Rate parameters:  A-C: 0.770  A-G: 1.394  A-T: 0.504  C-G: 0.856  C-T: 1.217  G-T: 1.000
Base frequencies:   A: 0.241  C: 0.235  G: 0.253  T: 0.271
Gamma shape alpha: 30.816
Parameters optimization took 3 rounds (0.004 sec)
--------------------------------------------------------------------
|             INITIALIZING CANDIDATE TREE SET                      |
--------------------------------------------------------------------
Computing ML distances based on estimated model parameters... 0.004 sec
Computing BIONJ tree...
0.000 seconds
Log-likelihood of BIONJ tree: -799.799
Generating 98 parsimony trees... 0.023 seconds 3 distinct starting trees
Computing log-likelihood of 3 initial trees ... 0.000 seconds
Optimizing top 3 initial trees with NNI...
Iteration 1 / LogL: -799.799 / Time: 0h:0m:0s
Estimate model parameters (epsilon = 0.100)
BETTER SCORE FOUND at iteration 1: -799.798
Iteration 2 / LogL: -799.799 / Time: 0h:0m:0s
Iteration 3 / LogL: -799.799 / Time: 0h:0m:0s
Average CPU time for 1 NNI search: 0.000
Finish initializing candidate tree set. Number of distinct locally optimal trees: 3
Current best tree score: -799.798 / CPU time: 0.024
--------------------------------------------------------------------
|               OPTIMIZING CANDIDATE TREE SET                      |
--------------------------------------------------------------------
Iteration 10 / LogL: -844.602 / Time: 0h:0m:0s
Iteration 20 / LogL: -799.798 / Time: 0h:0m:0s (0h:0m:0s left)
Iteration 30 / LogL: -849.496 / Time: 0h:0m:0s (0h:0m:0s left)
Iteration 40 / LogL: -825.139 / Time: 0h:0m:0s (0h:0m:0s left)
Iteration 50 / LogL: -918.729 / Time: 0h:0m:0s (0h:0m:0s left)
Iteration 60 / LogL: -839.530 / Time: 0h:0m:0s (0h:0m:0s left)
Iteration 70 / LogL: -799.798 / Time: 0h:0m:0s (0h:0m:0s left)
Iteration 80 / LogL: -828.452 / Time: 0h:0m:0s (0h:0m:0s left)
Iteration 90 / LogL: -799.798 / Time: 0h:0m:0s (0h:0m:0s left)
Iteration 100 / LogL: -799.798 / Time: 0h:0m:0s (0h:0m:0s left)
TREE SEARCH COMPLETED AFTER 101 ITERATIONS / Time: 0h:0m:0s

--------------------------------------------------------------------
|                    FINALIZING TREE SEARCH                        |
--------------------------------------------------------------------
Performs final model parameters optimization
Estimate model parameters (epsilon = 0.010)
1. Initial log-likelihood: -799.798
Optimal log-likelihood: -799.798
Rate parameters:  A-C: 0.771  A-G: 1.392  A-T: 0.498  C-G: 0.852  C-T: 1.214  G-T: 1.000
Base frequencies:   A: 0.241  C: 0.235  G: 0.253  T: 0.271
Gamma shape alpha: 32.439
Parameters optimization took 1 rounds (0.001 sec)
BEST SCORE FOUND : -799.798

Testing tree branches by SH-like aLRT with 1000 replicates...
CPU Time used:  0.032 sec.
Total tree length: 0.258

Total number of iterations: 101
CPU time used for tree search: 0.196 sec (0h:0m:0s)
Wall-clock time used for tree search: 0.202 sec (0h:0m:0s)
Total CPU time used: 0.248 sec (0h:0m:0s)
Total wall-clock time used: 0.253 sec (0h:0m:0s)

Analysis results written to: 
  IQ-TREE report:                ../simulations/data_D1T2L3I5T4//S/1020_pruned.fasta.iqtree
  Maximum-likelihood tree:       ../simulations/data_D1T2L3I5T4//S/1020_pruned.fasta.treefile
  Likelihood distances:          ../simulations/data_D1T2L3I5T4//S/1020_pruned.fasta.mldist
  Screen log file:               ../simulations/data_D1T2L3I5T4//S/1020_pruned.fasta.log

Date and Time: Fri May 25 14:21:07 2018
