IQ-TREE version 1.4.2 for Linux 64-bit built Apr 15 2016
Copyright (c) 2011-2015 Nguyen Lam Tung, Olga Chernomor, Arndt von Haeseler and Bui Quang Minh.

Host:    meduse (AVX2, FMA3, 7 GB RAM)
Command: /home/tannier/programs/iqtree/iqtree-1.4.2-Linux/bin//iqtree -s ../simulations/data_D1T2L3I5T4//S/1033_pruned.fasta -m GTR+G -alrt 1000 -redo
Seed:    290248 (Using SPRNG - Scalable Parallel Random Number Generator)
Time:    Fri May 25 14:19:10 2018
Kernel:  AVX

NOTE: Consider using the multicore version because your CPU has 4 cores!

Reading alignment file ../simulations/data_D1T2L3I5T4//S/1033_pruned.fasta ... Fasta format detected
Alignment most likely contains DNA/RNA sequences
Alignment has 12 sequences with 300 columns and 50 patterns (26 informative sites)
         Gap/Ambiguity  Composition  p-value
   1  n275_40    0.00%    passed     98.86%
   2  n200_27    0.00%    passed     84.24%
   3  n295_50    0.00%    passed     98.69%
   4  n293_48    0.00%    passed     94.14%
   5  n287_44    0.00%    passed     97.52%
   6  n294_49    0.00%    passed     95.14%
   7  n236_31    0.00%    passed     99.35%
   8  n289_46    0.00%    passed     99.37%
   9  n290_47    0.00%    passed     96.53%
  10  n298_53    0.00%    passed     99.16%
  11  n297_52    0.00%    passed     99.89%
  12  n296_51    0.00%    passed     97.76%
****  TOTAL      0.00%  0 sequences failed composition chi2 test (p-value<5%; df=3)

Create initial parsimony tree by phylogenetic likelihood library (PLL)... 0.000 seconds

NOTE: 0 MB RAM is required!
Estimate model parameters (epsilon = 0.100)
1. Initial log-likelihood: -868.802
2. Current log-likelihood: -803.792
Optimal log-likelihood: -803.761
Rate parameters:  A-C: 0.395  A-G: 1.105  A-T: 1.009  C-G: 1.142  C-T: 0.692  G-T: 1.000
Base frequencies:   A: 0.267  C: 0.266  G: 0.257  T: 0.210
Gamma shape alpha: 2.876
Parameters optimization took 2 rounds (0.004 sec)
--------------------------------------------------------------------
|             INITIALIZING CANDIDATE TREE SET                      |
--------------------------------------------------------------------
Computing ML distances based on estimated model parameters... 0.000 sec
Computing BIONJ tree...
0.000 seconds
Log-likelihood of BIONJ tree: -803.761
Generating 98 parsimony trees... 0.024 seconds 9 distinct starting trees
Computing log-likelihood of 9 initial trees ... 0.004 seconds
Optimizing top 9 initial trees with NNI...
Iteration 1 / LogL: -803.761 / Time: 0h:0m:0s
Estimate model parameters (epsilon = 0.100)
BETTER SCORE FOUND at iteration 1: -803.759
Iteration 2 / LogL: -803.760 / Time: 0h:0m:0s
Iteration 3 / LogL: -803.760 / Time: 0h:0m:0s
Iteration 4 / LogL: -803.760 / Time: 0h:0m:0s
Iteration 5 / LogL: -803.760 / Time: 0h:0m:0s
Iteration 6 / LogL: -803.760 / Time: 0h:0m:0s
Iteration 7 / LogL: -803.760 / Time: 0h:0m:0s
Iteration 8 / LogL: -803.760 / Time: 0h:0m:0s
Iteration 9 / LogL: -803.760 / Time: 0h:0m:0s
Average CPU time for 1 NNI search: 0.001
Finish initializing candidate tree set. Number of distinct locally optimal trees: 9
Current best tree score: -803.759 / CPU time: 0.036
--------------------------------------------------------------------
|               OPTIMIZING CANDIDATE TREE SET                      |
--------------------------------------------------------------------
Iteration 10 / LogL: -803.760 / Time: 0h:0m:0s
Iteration 20 / LogL: -803.759 / Time: 0h:0m:0s (0h:0m:0s left)
Iteration 30 / LogL: -803.759 / Time: 0h:0m:0s (0h:0m:0s left)
Iteration 40 / LogL: -803.759 / Time: 0h:0m:0s (0h:0m:0s left)
Iteration 50 / LogL: -803.759 / Time: 0h:0m:0s (0h:0m:0s left)
Iteration 60 / LogL: -812.714 / Time: 0h:0m:0s (0h:0m:0s left)
Iteration 70 / LogL: -803.759 / Time: 0h:0m:0s (0h:0m:0s left)
Iteration 80 / LogL: -803.759 / Time: 0h:0m:0s (0h:0m:0s left)
Iteration 90 / LogL: -852.923 / Time: 0h:0m:0s (0h:0m:0s left)
Iteration 100 / LogL: -803.759 / Time: 0h:0m:0s (0h:0m:0s left)
TREE SEARCH COMPLETED AFTER 101 ITERATIONS / Time: 0h:0m:0s

--------------------------------------------------------------------
|                    FINALIZING TREE SEARCH                        |
--------------------------------------------------------------------
Performs final model parameters optimization
Estimate model parameters (epsilon = 0.010)
1. Initial log-likelihood: -803.759
Optimal log-likelihood: -803.759
Rate parameters:  A-C: 0.396  A-G: 1.102  A-T: 1.021  C-G: 1.150  C-T: 0.689  G-T: 1.000
Base frequencies:   A: 0.267  C: 0.266  G: 0.257  T: 0.210
Gamma shape alpha: 2.871
Parameters optimization took 1 rounds (0.001 sec)
BEST SCORE FOUND : -803.759

Testing tree branches by SH-like aLRT with 1000 replicates...
CPU Time used:  0.044 sec.
Total tree length: 0.238

Total number of iterations: 101
CPU time used for tree search: 0.256 sec (0h:0m:0s)
Wall-clock time used for tree search: 0.259 sec (0h:0m:0s)
Total CPU time used: 0.316 sec (0h:0m:0s)
Total wall-clock time used: 0.321 sec (0h:0m:0s)

Analysis results written to: 
  IQ-TREE report:                ../simulations/data_D1T2L3I5T4//S/1033_pruned.fasta.iqtree
  Maximum-likelihood tree:       ../simulations/data_D1T2L3I5T4//S/1033_pruned.fasta.treefile
  Likelihood distances:          ../simulations/data_D1T2L3I5T4//S/1033_pruned.fasta.mldist
  Screen log file:               ../simulations/data_D1T2L3I5T4//S/1033_pruned.fasta.log

Date and Time: Fri May 25 14:19:10 2018
