IQ-TREE version 1.4.2 for Linux 64-bit built Apr 15 2016
Copyright (c) 2011-2015 Nguyen Lam Tung, Olga Chernomor, Arndt von Haeseler and Bui Quang Minh.

Host:    meduse (AVX2, FMA3, 7 GB RAM)
Command: /home/tannier/programs/iqtree/iqtree-1.4.2-Linux/bin//iqtree -s ../simulations/data_D1T2L3I5T4//S/105_pruned.fasta -m GTR+G -alrt 1000 -redo
Seed:    622734 (Using SPRNG - Scalable Parallel Random Number Generator)
Time:    Fri May 25 14:15:55 2018
Kernel:  AVX

NOTE: Consider using the multicore version because your CPU has 4 cores!

Reading alignment file ../simulations/data_D1T2L3I5T4//S/105_pruned.fasta ... Fasta format detected
Alignment most likely contains DNA/RNA sequences
Alignment has 26 sequences with 300 columns and 190 patterns (162 informative sites)
          Gap/Ambiguity  Composition  p-value
   1  n236_237    0.00%    passed     94.31%
   2  n266_267    0.00%    passed     64.36%
   3  n296_297    0.00%    passed     97.40%
   4  n277_278    0.00%    passed     96.37%
   5  n290_291    0.00%    passed     96.04%
   6  n255_256    0.00%    passed     92.25%
   7  n295_296    0.00%    passed     97.40%
   8  n286_287    0.00%    passed     87.57%
   9  n298_299    0.00%    passed     98.13%
  10  n299_300    0.00%    passed     98.20%
  11  n287_288    0.00%    passed     88.28%
  12  n278_279    0.00%    passed     97.21%
  13  n292_293    0.00%    passed     96.28%
  14  n265_266    0.00%    passed     66.73%
  15  n289_290    0.00%    passed     96.04%
  16  n293_294    0.00%    passed     92.77%
  17  n280_281    0.00%    passed     96.28%
  18  n274_275    0.00%    passed     89.62%
  19  n275_276    0.00%    passed     92.70%
  20  n285_286    0.00%    passed     93.24%
  21  n294_295    0.00%    passed     82.97%
  22  n297_298    0.00%    passed     96.26%
  23  n244_245    0.00%    passed     63.78%
  24  n251_252    0.00%    passed     93.32%
  25  n200_201    0.00%    passed     81.31%
  26  n300_301    0.00%    passed     98.20%
****  TOTAL       0.00%  0 sequences failed composition chi2 test (p-value<5%; df=3)
NOTE: 3 identical sequences (see below) will be ignored for subsequent analysis
NOTE: n295_296 (identical to n296_297) is ignored but added at the end
NOTE: n289_290 (identical to n290_291) is ignored but added at the end
NOTE: n300_301 (identical to n299_300) is ignored but added at the end

Create initial parsimony tree by phylogenetic likelihood library (PLL)... 0.001 seconds

NOTE: 0 MB RAM is required!
Estimate model parameters (epsilon = 0.100)
1. Initial log-likelihood: -2175.724
2. Current log-likelihood: -2125.309
3. Current log-likelihood: -2124.918
Optimal log-likelihood: -2124.886
Rate parameters:  A-C: 1.146  A-G: 1.065  A-T: 1.009  C-G: 0.737  C-T: 0.959  G-T: 1.000
Base frequencies:   A: 0.216  C: 0.286  G: 0.246  T: 0.252
Gamma shape alpha: 55.203
Parameters optimization took 3 rounds (0.023 sec)
--------------------------------------------------------------------
|             INITIALIZING CANDIDATE TREE SET                      |
--------------------------------------------------------------------
Computing ML distances based on estimated model parameters... 0.004 sec
Computing BIONJ tree...
0.000 seconds
Log-likelihood of BIONJ tree: -2126.636
Generating 98 parsimony trees... 0.080 seconds 4 distinct starting trees
Computing log-likelihood of 4 initial trees ... 0.004 seconds
Optimizing top 4 initial trees with NNI...
Iteration 1 / LogL: -2124.887 / Time: 0h:0m:0s
Estimate model parameters (epsilon = 0.100)
BETTER SCORE FOUND at iteration 1: -2124.868
Iteration 2 / LogL: -2124.869 / Time: 0h:0m:0s
Iteration 3 / LogL: -2124.869 / Time: 0h:0m:0s
Iteration 4 / LogL: -2124.873 / Time: 0h:0m:0s
Average CPU time for 1 NNI search: 0.007
Finish initializing candidate tree set. Number of distinct locally optimal trees: 3
Current best tree score: -2124.868 / CPU time: 0.112
--------------------------------------------------------------------
|               OPTIMIZING CANDIDATE TREE SET                      |
--------------------------------------------------------------------
Iteration 10 / LogL: -2124.882 / Time: 0h:0m:0s
Iteration 20 / LogL: -2126.972 / Time: 0h:0m:0s (0h:0m:1s left)
Iteration 30 / LogL: -2125.215 / Time: 0h:0m:0s (0h:0m:1s left)
Iteration 40 / LogL: -2133.391 / Time: 0h:0m:0s (0h:0m:1s left)
Iteration 50 / LogL: -2124.869 / Time: 0h:0m:0s (0h:0m:0s left)
Iteration 60 / LogL: -2133.432 / Time: 0h:0m:1s (0h:0m:0s left)
Iteration 70 / LogL: -2124.868 / Time: 0h:0m:1s (0h:0m:0s left)
Iteration 80 / LogL: -2124.868 / Time: 0h:0m:1s (0h:0m:0s left)
Iteration 90 / LogL: -2124.876 / Time: 0h:0m:1s (0h:0m:0s left)
Iteration 100 / LogL: -2126.911 / Time: 0h:0m:1s (0h:0m:0s left)
TREE SEARCH COMPLETED AFTER 101 ITERATIONS / Time: 0h:0m:1s

--------------------------------------------------------------------
|                    FINALIZING TREE SEARCH                        |
--------------------------------------------------------------------
Performs final model parameters optimization
Estimate model parameters (epsilon = 0.010)
1. Initial log-likelihood: -2124.868
2. Current log-likelihood: -2124.857
Optimal log-likelihood: -2124.850
Rate parameters:  A-C: 1.172  A-G: 1.090  A-T: 1.033  C-G: 0.765  C-T: 0.967  G-T: 1.000
Base frequencies:   A: 0.216  C: 0.286  G: 0.246  T: 0.252
Gamma shape alpha: 55.838
Parameters optimization took 2 rounds (0.009 sec)
BEST SCORE FOUND : -2124.850

Testing tree branches by SH-like aLRT with 1000 replicates...
CPU Time used:  0.104 sec.
Total tree length: 1.269

Total number of iterations: 101
CPU time used for tree search: 1.604 sec (0h:0m:1s)
Wall-clock time used for tree search: 1.605 sec (0h:0m:1s)
Total CPU time used: 1.760 sec (0h:0m:1s)
Total wall-clock time used: 1.761 sec (0h:0m:1s)

Analysis results written to: 
  IQ-TREE report:                ../simulations/data_D1T2L3I5T4//S/105_pruned.fasta.iqtree
  Maximum-likelihood tree:       ../simulations/data_D1T2L3I5T4//S/105_pruned.fasta.treefile
  Likelihood distances:          ../simulations/data_D1T2L3I5T4//S/105_pruned.fasta.mldist
  Screen log file:               ../simulations/data_D1T2L3I5T4//S/105_pruned.fasta.log

Date and Time: Fri May 25 14:15:57 2018
