IQ-TREE version 1.4.2 for Linux 64-bit built Apr 15 2016
Copyright (c) 2011-2015 Nguyen Lam Tung, Olga Chernomor, Arndt von Haeseler and Bui Quang Minh.

Host:    meduse (AVX2, FMA3, 7 GB RAM)
Command: /home/tannier/programs/iqtree/iqtree-1.4.2-Linux/bin//iqtree -s ../simulations/data_D1T2L3I5T4//S/1090_pruned.fasta -m GTR+G -alrt 1000 -redo
Seed:    45967 (Using SPRNG - Scalable Parallel Random Number Generator)
Time:    Fri May 25 14:34:32 2018
Kernel:  AVX

NOTE: Consider using the multicore version because your CPU has 4 cores!

Reading alignment file ../simulations/data_D1T2L3I5T4//S/1090_pruned.fasta ... Fasta format detected
Alignment most likely contains DNA/RNA sequences
Alignment has 7 sequences with 300 columns and 22 patterns (13 informative sites)
         Gap/Ambiguity  Composition  p-value
   1  n277_16    0.00%    passed     97.18%
   2  n278_17    0.00%    passed     99.32%
   3  n300_25    0.00%    passed     98.65%
   4  n299_24    0.00%    passed     99.71%
   5  n292_23    0.00%    passed     99.71%
   6  n280_19    0.00%    passed     99.73%
   7  n274_15    0.00%    passed     99.45%
****  TOTAL      0.00%  0 sequences failed composition chi2 test (p-value<5%; df=3)
NOTE: 1 identical sequences (see below) will be ignored for subsequent analysis
NOTE: n292_23 (identical to n299_24) is ignored but added at the end

Create initial parsimony tree by phylogenetic likelihood library (PLL)... 0.000 seconds

NOTE: 0 MB RAM is required!
Estimate model parameters (epsilon = 0.100)
1. Initial log-likelihood: -561.831
2. Current log-likelihood: -552.352
Optimal log-likelihood: -552.297
Rate parameters:  A-C: 5.564  A-G: 2.573  A-T: 4.845  C-G: 2.521  C-T: 3.144  G-T: 1.000
Base frequencies:   A: 0.233  C: 0.283  G: 0.266  T: 0.218
Gamma shape alpha: 0.113
Parameters optimization took 2 rounds (0.001 sec)
--------------------------------------------------------------------
|             INITIALIZING CANDIDATE TREE SET                      |
--------------------------------------------------------------------
Computing ML distances based on estimated model parameters... 0.000 sec
Computing BIONJ tree...
0.000 seconds
Log-likelihood of BIONJ tree: -552.297
Generating 98 parsimony trees... 0.005 seconds 15 distinct starting trees
Computing log-likelihood of 15 initial trees ... 0.002 seconds
Optimizing top 15 initial trees with NNI...
Iteration 1 / LogL: -552.297 / Time: 0h:0m:0s
Estimate model parameters (epsilon = 0.100)
BETTER SCORE FOUND at iteration 1: -552.285
Iteration 2 / LogL: -552.286 / Time: 0h:0m:0s
Iteration 3 / LogL: -552.286 / Time: 0h:0m:0s
Iteration 4 / LogL: -552.286 / Time: 0h:0m:0s
Iteration 5 / LogL: -552.286 / Time: 0h:0m:0s
Iteration 6 / LogL: -552.286 / Time: 0h:0m:0s
Iteration 7 / LogL: -552.286 / Time: 0h:0m:0s
Iteration 8 / LogL: -552.286 / Time: 0h:0m:0s
Iteration 9 / LogL: -552.286 / Time: 0h:0m:0s
Iteration 10 / LogL: -552.286 / Time: 0h:0m:0s
Iteration 11 / LogL: -552.286 / Time: 0h:0m:0s
Iteration 12 / LogL: -552.286 / Time: 0h:0m:0s
Iteration 13 / LogL: -552.286 / Time: 0h:0m:0s
Iteration 14 / LogL: -552.286 / Time: 0h:0m:0s
Iteration 15 / LogL: -552.286 / Time: 0h:0m:0s
Average CPU time for 1 NNI search: 0.000
Finish initializing candidate tree set. Number of distinct locally optimal trees: 15
Current best tree score: -552.285 / CPU time: 0.008
--------------------------------------------------------------------
|               OPTIMIZING CANDIDATE TREE SET                      |
--------------------------------------------------------------------
Iteration 20 / LogL: -652.971 / Time: 0h:0m:0s (0h:0m:0s left)
Iteration 30 / LogL: -655.521 / Time: 0h:0m:0s (0h:0m:0s left)
Iteration 40 / LogL: -655.521 / Time: 0h:0m:0s (0h:0m:0s left)
Iteration 50 / LogL: -552.286 / Time: 0h:0m:0s (0h:0m:0s left)
Iteration 60 / LogL: -552.286 / Time: 0h:0m:0s (0h:0m:0s left)
Iteration 70 / LogL: -552.285 / Time: 0h:0m:0s (0h:0m:0s left)
Iteration 80 / LogL: -655.521 / Time: 0h:0m:0s (0h:0m:0s left)
Iteration 90 / LogL: -552.286 / Time: 0h:0m:0s (0h:0m:0s left)
Iteration 100 / LogL: -552.285 / Time: 0h:0m:0s (0h:0m:0s left)
TREE SEARCH COMPLETED AFTER 101 ITERATIONS / Time: 0h:0m:0s

--------------------------------------------------------------------
|                    FINALIZING TREE SEARCH                        |
--------------------------------------------------------------------
Performs final model parameters optimization
Estimate model parameters (epsilon = 0.010)
1. Initial log-likelihood: -552.285
Optimal log-likelihood: -552.278
Rate parameters:  A-C: 5.614  A-G: 2.600  A-T: 4.994  C-G: 2.513  C-T: 3.025  G-T: 1.000
Base frequencies:   A: 0.233  C: 0.283  G: 0.266  T: 0.218
Gamma shape alpha: 0.103
Parameters optimization took 1 rounds (0.001 sec)
BEST SCORE FOUND : -552.278

Testing tree branches by SH-like aLRT with 1000 replicates...
CPU Time used:  0.004 sec.
Total tree length: 0.089

Total number of iterations: 101
CPU time used for tree search: 0.040 sec (0h:0m:0s)
Wall-clock time used for tree search: 0.045 sec (0h:0m:0s)
Total CPU time used: 0.052 sec (0h:0m:0s)
Total wall-clock time used: 0.061 sec (0h:0m:0s)

Analysis results written to: 
  IQ-TREE report:                ../simulations/data_D1T2L3I5T4//S/1090_pruned.fasta.iqtree
  Maximum-likelihood tree:       ../simulations/data_D1T2L3I5T4//S/1090_pruned.fasta.treefile
  Likelihood distances:          ../simulations/data_D1T2L3I5T4//S/1090_pruned.fasta.mldist
  Screen log file:               ../simulations/data_D1T2L3I5T4//S/1090_pruned.fasta.log

Date and Time: Fri May 25 14:34:32 2018
