IQ-TREE version 1.4.2 for Linux 64-bit built Apr 15 2016
Copyright (c) 2011-2015 Nguyen Lam Tung, Olga Chernomor, Arndt von Haeseler and Bui Quang Minh.

Host:    meduse (AVX2, FMA3, 7 GB RAM)
Command: /home/tannier/programs/iqtree/iqtree-1.4.2-Linux/bin//iqtree -s ../simulations/data_D1T2L3I5T4//S/109_pruned.fasta -m GTR+G -alrt 1000 -redo
Seed:    280080 (Using SPRNG - Scalable Parallel Random Number Generator)
Time:    Fri May 25 14:23:58 2018
Kernel:  AVX

NOTE: Consider using the multicore version because your CPU has 4 cores!

Reading alignment file ../simulations/data_D1T2L3I5T4//S/109_pruned.fasta ... Fasta format detected
Alignment most likely contains DNA/RNA sequences
Alignment has 26 sequences with 300 columns and 187 patterns (166 informative sites)
          Gap/Ambiguity  Composition  p-value
   1  n236_237    0.00%    passed     88.54%
   2  n266_267    0.00%    passed     92.95%
   3  n296_297    0.00%    passed     94.34%
   4  n277_278    0.00%    passed     96.26%
   5  n290_291    0.00%    passed     97.35%
   6  n255_256    0.00%    passed     91.69%
   7  n295_296    0.00%    passed     99.55%
   8  n286_287    0.00%    passed     69.08%
   9  n298_299    0.00%    passed     95.28%
  10  n299_300    0.00%    passed     95.71%
  11  n287_288    0.00%    passed     96.85%
  12  n278_279    0.00%    passed     91.00%
  13  n292_293    0.00%    passed     96.28%
  14  n265_266    0.00%    passed     88.07%
  15  n289_290    0.00%    passed     97.54%
  16  n293_294    0.00%    passed     94.34%
  17  n280_281    0.00%    passed     98.61%
  18  n274_275    0.00%    passed     89.07%
  19  n275_276    0.00%    passed     94.72%
  20  n285_286    0.00%    passed     69.08%
  21  n294_295    0.00%    passed     94.34%
  22  n297_298    0.00%    passed     95.28%
  23  n244_245    0.00%    passed     97.69%
  24  n251_252    0.00%    passed     87.16%
  25  n200_201    0.00%    passed     81.21%
  26  n300_301    0.00%    passed     94.60%
****  TOTAL       0.00%  0 sequences failed composition chi2 test (p-value<5%; df=3)
NOTE: 2 identical sequences (see below) will be ignored for subsequent analysis
NOTE: n297_298 (identical to n298_299) is ignored but added at the end
NOTE: n294_295 (identical to n293_294) is ignored but added at the end

Create initial parsimony tree by phylogenetic likelihood library (PLL)... 0.001 seconds

NOTE: 0 MB RAM is required!
Estimate model parameters (epsilon = 0.100)
1. Initial log-likelihood: -2145.879
2. Current log-likelihood: -2081.772
3. Current log-likelihood: -2081.195
Optimal log-likelihood: -2081.158
Rate parameters:  A-C: 1.095  A-G: 1.427  A-T: 0.982  C-G: 0.821  C-T: 1.302  G-T: 1.000
Base frequencies:   A: 0.232  C: 0.243  G: 0.275  T: 0.250
Gamma shape alpha: 998.418
Parameters optimization took 3 rounds (0.038 sec)
--------------------------------------------------------------------
|             INITIALIZING CANDIDATE TREE SET                      |
--------------------------------------------------------------------
Computing ML distances based on estimated model parameters... 0.000 sec
Computing BIONJ tree...
0.000 seconds
Log-likelihood of BIONJ tree: -2081.157
Generating 98 parsimony trees... 0.112 seconds 35 distinct starting trees
Computing log-likelihood of 35 initial trees ... 0.073 seconds
Optimizing top 20 initial trees with NNI...
Iteration 1 / LogL: -2081.157 / Time: 0h:0m:0s
Estimate model parameters (epsilon = 0.100)
BETTER SCORE FOUND at iteration 1: -2081.136
Iteration 2 / LogL: -2081.137 / Time: 0h:0m:0s
Iteration 3 / LogL: -2081.138 / Time: 0h:0m:0s
Iteration 4 / LogL: -2081.138 / Time: 0h:0m:0s
Iteration 5 / LogL: -2081.138 / Time: 0h:0m:0s
Iteration 6 / LogL: -2081.138 / Time: 0h:0m:0s
Iteration 7 / LogL: -2081.138 / Time: 0h:0m:0s
Iteration 8 / LogL: -2081.138 / Time: 0h:0m:0s
Iteration 9 / LogL: -2081.138 / Time: 0h:0m:0s
Iteration 10 / LogL: -2081.138 / Time: 0h:0m:0s
Iteration 11 / LogL: -2081.138 / Time: 0h:0m:0s
Iteration 12 / LogL: -2081.138 / Time: 0h:0m:0s
Iteration 13 / LogL: -2081.138 / Time: 0h:0m:0s
Iteration 14 / LogL: -2081.138 / Time: 0h:0m:0s
Iteration 15 / LogL: -2081.138 / Time: 0h:0m:0s
Iteration 16 / LogL: -2081.138 / Time: 0h:0m:0s
Iteration 17 / LogL: -2081.138 / Time: 0h:0m:0s
Iteration 18 / LogL: -2081.138 / Time: 0h:0m:0s
Iteration 19 / LogL: -2081.138 / Time: 0h:0m:0s
Iteration 20 / LogL: -2081.138 / Time: 0h:0m:0s
Average CPU time for 1 NNI search: 0.006
Finish initializing candidate tree set. Number of distinct locally optimal trees: 20
Current best tree score: -2081.136 / CPU time: 0.304
--------------------------------------------------------------------
|               OPTIMIZING CANDIDATE TREE SET                      |
--------------------------------------------------------------------
Iteration 30 / LogL: -2081.265 / Time: 0h:0m:0s (0h:0m:1s left)
Iteration 40 / LogL: -2099.757 / Time: 0h:0m:0s (0h:0m:0s left)
Iteration 50 / LogL: -2612.097 / Time: 0h:0m:0s (0h:0m:0s left)
Iteration 60 / LogL: -2081.359 / Time: 0h:0m:0s (0h:0m:0s left)
Iteration 70 / LogL: -2081.151 / Time: 0h:0m:1s (0h:0m:0s left)
Iteration 80 / LogL: -2081.808 / Time: 0h:0m:1s (0h:0m:0s left)
Iteration 90 / LogL: -2088.067 / Time: 0h:0m:1s (0h:0m:0s left)
Iteration 100 / LogL: -2081.137 / Time: 0h:0m:1s (0h:0m:0s left)
TREE SEARCH COMPLETED AFTER 101 ITERATIONS / Time: 0h:0m:1s

--------------------------------------------------------------------
|                    FINALIZING TREE SEARCH                        |
--------------------------------------------------------------------
Performs final model parameters optimization
Estimate model parameters (epsilon = 0.010)
1. Initial log-likelihood: -2081.136
2. Current log-likelihood: -2081.123
Optimal log-likelihood: -2081.113
Rate parameters:  A-C: 1.068  A-G: 1.389  A-T: 0.952  C-G: 0.820  C-T: 1.266  G-T: 1.000
Base frequencies:   A: 0.232  C: 0.243  G: 0.275  T: 0.250
Gamma shape alpha: 998.418
Parameters optimization took 2 rounds (0.011 sec)
BEST SCORE FOUND : -2081.113

Testing tree branches by SH-like aLRT with 1000 replicates...
CPU Time used:  0.108 sec.
Total tree length: 1.241

Total number of iterations: 101
CPU time used for tree search: 1.424 sec (0h:0m:1s)
Wall-clock time used for tree search: 1.429 sec (0h:0m:1s)
Total CPU time used: 1.600 sec (0h:0m:1s)
Total wall-clock time used: 1.606 sec (0h:0m:1s)

Analysis results written to: 
  IQ-TREE report:                ../simulations/data_D1T2L3I5T4//S/109_pruned.fasta.iqtree
  Maximum-likelihood tree:       ../simulations/data_D1T2L3I5T4//S/109_pruned.fasta.treefile
  Likelihood distances:          ../simulations/data_D1T2L3I5T4//S/109_pruned.fasta.mldist
  Screen log file:               ../simulations/data_D1T2L3I5T4//S/109_pruned.fasta.log

Date and Time: Fri May 25 14:23:59 2018
