IQ-TREE version 1.4.2 for Linux 64-bit built Apr 15 2016
Copyright (c) 2011-2015 Nguyen Lam Tung, Olga Chernomor, Arndt von Haeseler and Bui Quang Minh.

Host:    meduse (AVX2, FMA3, 7 GB RAM)
Command: /home/tannier/programs/iqtree/iqtree-1.4.2-Linux/bin//iqtree -s ../simulations/data_D1T2L3I5T4//S/120_pruned.fasta -m GTR+G -alrt 1000 -redo
Seed:    510426 (Using SPRNG - Scalable Parallel Random Number Generator)
Time:    Fri May 25 14:33:06 2018
Kernel:  AVX

NOTE: Consider using the multicore version because your CPU has 4 cores!

Reading alignment file ../simulations/data_D1T2L3I5T4//S/120_pruned.fasta ... Fasta format detected
Alignment most likely contains DNA/RNA sequences
Alignment has 26 sequences with 300 columns and 186 patterns (161 informative sites)
          Gap/Ambiguity  Composition  p-value
   1  n236_237    0.00%    passed     35.47%
   2  n266_267    0.00%    passed     76.76%
   3  n296_297    0.00%    passed     96.10%
   4  n277_278    0.00%    passed     84.19%
   5  n290_291    0.00%    passed     98.68%
   6  n255_256    0.00%    passed     78.56%
   7  n295_296    0.00%    passed     94.68%
   8  n286_287    0.00%    passed     83.53%
   9  n298_299    0.00%    passed     95.78%
  10  n299_300    0.00%    passed     88.37%
  11  n287_288    0.00%    passed     98.68%
  12  n278_279    0.00%    passed     94.11%
  13  n292_293    0.00%    passed     93.51%
  14  n265_266    0.00%    passed     61.19%
  15  n289_290    0.00%    passed     98.00%
  16  n293_294    0.00%    passed     97.39%
  17  n280_281    0.00%    passed     92.14%
  18  n274_275    0.00%    passed     87.48%
  19  n275_276    0.00%    passed     94.96%
  20  n285_286    0.00%    passed     83.53%
  21  n294_295    0.00%    passed     94.19%
  22  n297_298    0.00%    passed     97.39%
  23  n244_245    0.00%    passed     30.37%
  24  n251_252    0.00%    passed     73.68%
  25  n200_201    0.00%    passed     98.21%
  26  n300_301    0.00%    passed     88.37%
****  TOTAL       0.00%  0 sequences failed composition chi2 test (p-value<5%; df=3)
NOTE: 2 identical sequences (see below) will be ignored for subsequent analysis
NOTE: n287_288 (identical to n290_291) is ignored but added at the end
NOTE: n300_301 (identical to n299_300) is ignored but added at the end

Create initial parsimony tree by phylogenetic likelihood library (PLL)... 0.001 seconds

NOTE: 0 MB RAM is required!
Estimate model parameters (epsilon = 0.100)
1. Initial log-likelihood: -2144.918
2. Current log-likelihood: -2073.786
3. Current log-likelihood: -2073.016
Optimal log-likelihood: -2073.005
Rate parameters:  A-C: 0.907  A-G: 1.428  A-T: 0.903  C-G: 1.155  C-T: 1.205  G-T: 1.000
Base frequencies:   A: 0.259  C: 0.249  G: 0.256  T: 0.236
Gamma shape alpha: 26.242
Parameters optimization took 3 rounds (0.026 sec)
--------------------------------------------------------------------
|             INITIALIZING CANDIDATE TREE SET                      |
--------------------------------------------------------------------
Computing ML distances based on estimated model parameters... 0.004 sec
Computing BIONJ tree...
0.001 seconds
Log-likelihood of BIONJ tree: -2073.004
Generating 98 parsimony trees... 0.081 seconds 39 distinct starting trees
Computing log-likelihood of 39 initial trees ... 0.083 seconds
Optimizing top 20 initial trees with NNI...
Iteration 1 / LogL: -2072.108 / Time: 0h:0m:0s
Estimate model parameters (epsilon = 0.100)
BETTER SCORE FOUND at iteration 1: -2072.054
Iteration 2 / LogL: -2072.059 / Time: 0h:0m:0s
Iteration 3 / LogL: -2072.059 / Time: 0h:0m:0s
Iteration 4 / LogL: -2072.059 / Time: 0h:0m:0s
Iteration 5 / LogL: -2072.059 / Time: 0h:0m:0s
Iteration 6 / LogL: -2072.059 / Time: 0h:0m:0s
Iteration 7 / LogL: -2072.059 / Time: 0h:0m:0s
Iteration 8 / LogL: -2072.059 / Time: 0h:0m:0s
Iteration 9 / LogL: -2072.059 / Time: 0h:0m:0s
Iteration 10 / LogL: -2072.059 / Time: 0h:0m:0s
Iteration 11 / LogL: -2072.054 / Time: 0h:0m:0s
Iteration 12 / LogL: -2072.054 / Time: 0h:0m:0s
Iteration 13 / LogL: -2072.054 / Time: 0h:0m:0s
Iteration 14 / LogL: -2072.054 / Time: 0h:0m:0s
Iteration 15 / LogL: -2072.054 / Time: 0h:0m:0s
Iteration 16 / LogL: -2072.054 / Time: 0h:0m:0s
Iteration 17 / LogL: -2072.054 / Time: 0h:0m:0s
Iteration 18 / LogL: -2072.054 / Time: 0h:0m:0s
Iteration 19 / LogL: -2072.054 / Time: 0h:0m:0s
Iteration 20 / LogL: -2072.054 / Time: 0h:0m:0s
Average CPU time for 1 NNI search: 0.006
Finish initializing candidate tree set. Number of distinct locally optimal trees: 12
Current best tree score: -2072.054 / CPU time: 0.280
--------------------------------------------------------------------
|               OPTIMIZING CANDIDATE TREE SET                      |
--------------------------------------------------------------------
Iteration 30 / LogL: -2072.147 / Time: 0h:0m:0s (0h:0m:1s left)
Iteration 40 / LogL: -2072.068 / Time: 0h:0m:0s (0h:0m:0s left)
Iteration 50 / LogL: -2072.060 / Time: 0h:0m:0s (0h:0m:0s left)
Iteration 60 / LogL: -2072.054 / Time: 0h:0m:0s (0h:0m:0s left)
Iteration 70 / LogL: -2072.057 / Time: 0h:0m:1s (0h:0m:0s left)
Iteration 80 / LogL: -2078.322 / Time: 0h:0m:1s (0h:0m:0s left)
Iteration 90 / LogL: -2072.054 / Time: 0h:0m:1s (0h:0m:0s left)
Iteration 100 / LogL: -2072.057 / Time: 0h:0m:1s (0h:0m:0s left)
TREE SEARCH COMPLETED AFTER 101 ITERATIONS / Time: 0h:0m:1s

--------------------------------------------------------------------
|                    FINALIZING TREE SEARCH                        |
--------------------------------------------------------------------
Performs final model parameters optimization
Estimate model parameters (epsilon = 0.010)
1. Initial log-likelihood: -2072.054
Optimal log-likelihood: -2072.054
Rate parameters:  A-C: 0.944  A-G: 1.428  A-T: 0.879  C-G: 1.153  C-T: 1.209  G-T: 1.000
Base frequencies:   A: 0.259  C: 0.249  G: 0.256  T: 0.236
Gamma shape alpha: 25.598
Parameters optimization took 1 rounds (0.006 sec)
BEST SCORE FOUND : -2072.054

Testing tree branches by SH-like aLRT with 1000 replicates...
CPU Time used:  0.104 sec.
Total tree length: 1.267

Total number of iterations: 101
CPU time used for tree search: 1.516 sec (0h:0m:1s)
Wall-clock time used for tree search: 1.520 sec (0h:0m:1s)
Total CPU time used: 1.668 sec (0h:0m:1s)
Total wall-clock time used: 1.678 sec (0h:0m:1s)

Analysis results written to: 
  IQ-TREE report:                ../simulations/data_D1T2L3I5T4//S/120_pruned.fasta.iqtree
  Maximum-likelihood tree:       ../simulations/data_D1T2L3I5T4//S/120_pruned.fasta.treefile
  Likelihood distances:          ../simulations/data_D1T2L3I5T4//S/120_pruned.fasta.mldist
  Screen log file:               ../simulations/data_D1T2L3I5T4//S/120_pruned.fasta.log

Date and Time: Fri May 25 14:33:08 2018
