IQ-TREE version 1.4.2 for Linux 64-bit built Apr 15 2016
Copyright (c) 2011-2015 Nguyen Lam Tung, Olga Chernomor, Arndt von Haeseler and Bui Quang Minh.

Host:    meduse (AVX2, FMA3, 7 GB RAM)
Command: /home/tannier/programs/iqtree/iqtree-1.4.2-Linux/bin//iqtree -s ../simulations/data_D1T2L3I5T4//S/145_pruned.fasta -m GTR+G -alrt 1000 -redo
Seed:    817842 (Using SPRNG - Scalable Parallel Random Number Generator)
Time:    Fri May 25 14:10:43 2018
Kernel:  AVX

NOTE: Consider using the multicore version because your CPU has 4 cores!

Reading alignment file ../simulations/data_D1T2L3I5T4//S/145_pruned.fasta ... Fasta format detected
Alignment most likely contains DNA/RNA sequences
Alignment has 37 sequences with 300 columns and 230 patterns (205 informative sites)
          Gap/Ambiguity  Composition  p-value
   1  n299_396    0.00%    passed     84.26%
   2  n265_348    0.00%    passed     95.27%
   3  n236_305    0.00%    passed     97.04%
   4  n255_330    0.00%    passed     49.04%
   5  n200_253    0.00%    passed     90.51%
   6  n297_394    0.00%    passed     72.07%
   7  n299_398    0.00%    passed     92.11%
   8  n296_393    0.00%    passed     98.05%
   9  n289_384    0.00%    passed     94.62%
  10  n287_382    0.00%    passed     97.04%
  11  n280_371    0.00%    passed     95.41%
  12  n266_349    0.00%    passed     89.11%
  13  n266_347    0.00%    passed     83.40%
  14  n286_381    0.00%    passed     95.64%
  15  n274_361    0.00%    passed     95.67%
  16  n280_369    0.00%    passed     75.05%
  17  n275_362    0.00%    passed     83.43%
  18  n278_367    0.00%    passed     72.69%
  19  n285_378    0.00%    passed     96.07%
  20  n295_392    0.00%    passed     96.73%
  21  n244_313    0.00%    passed     82.08%
  22  n251_324    0.00%    passed     61.28%
  23  n277_366    0.00%    passed     73.35%
  24  n265_346    0.00%    passed     78.80%
  25  n293_390    0.00%    passed     92.42%
  26  n292_387    0.00%    passed     80.00%
  27  n300_399    0.00%    passed     92.11%
  28  n278_365    0.00%    passed     90.07%
  29  n286_379    0.00%    passed     96.36%
  30  n300_397    0.00%    passed     87.47%
  31  n292_389    0.00%    passed     93.57%
  32  n290_385    0.00%    passed     90.26%
  33  n274_359    0.00%    passed     79.69%
  34  n277_364    0.00%    passed     94.79%
  35  n285_380    0.00%    passed     97.01%
  36  n298_395    0.00%    passed     76.50%
  37  n294_391    0.00%    passed     92.42%
****  TOTAL       0.00%  0 sequences failed composition chi2 test (p-value<5%; df=3)
NOTE: 2 identical sequences (see below) will be ignored for subsequent analysis
NOTE: n300_399 (identical to n299_398) is ignored but added at the end
NOTE: n294_391 (identical to n293_390) is ignored but added at the end

Create initial parsimony tree by phylogenetic likelihood library (PLL)... 0.001 seconds

NOTE: 1 MB RAM is required!
Estimate model parameters (epsilon = 0.100)
1. Initial log-likelihood: -2757.605
2. Current log-likelihood: -2697.325
3. Current log-likelihood: -2696.343
Optimal log-likelihood: -2696.270
Rate parameters:  A-C: 1.107  A-G: 1.423  A-T: 1.142  C-G: 1.451  C-T: 1.871  G-T: 1.000
Base frequencies:   A: 0.216  C: 0.237  G: 0.293  T: 0.254
Gamma shape alpha: 46.599
Parameters optimization took 3 rounds (0.048 sec)
--------------------------------------------------------------------
|             INITIALIZING CANDIDATE TREE SET                      |
--------------------------------------------------------------------
Computing ML distances based on estimated model parameters... 0.008 sec
Computing BIONJ tree...
0.002 seconds
Log-likelihood of BIONJ tree: -2696.270
Generating 98 parsimony trees... 0.185 seconds 26 distinct starting trees
Computing log-likelihood of 26 initial trees ... 0.095 seconds
Optimizing top 20 initial trees with NNI...
Iteration 1 / LogL: -2696.270 / Time: 0h:0m:0s
Estimate model parameters (epsilon = 0.100)
BETTER SCORE FOUND at iteration 1: -2696.216
Iteration 2 / LogL: -2696.218 / Time: 0h:0m:0s
Iteration 3 / LogL: -2696.219 / Time: 0h:0m:0s
Iteration 4 / LogL: -2696.219 / Time: 0h:0m:0s
Iteration 5 / LogL: -2696.219 / Time: 0h:0m:0s
Iteration 6 / LogL: -2696.219 / Time: 0h:0m:0s
Iteration 7 / LogL: -2696.219 / Time: 0h:0m:0s
Iteration 8 / LogL: -2696.219 / Time: 0h:0m:0s
Iteration 9 / LogL: -2696.219 / Time: 0h:0m:0s
Iteration 10 / LogL: -2696.219 / Time: 0h:0m:0s
Iteration 11 / LogL: -2696.219 / Time: 0h:0m:0s
Iteration 12 / LogL: -2696.219 / Time: 0h:0m:0s
Iteration 13 / LogL: -2696.219 / Time: 0h:0m:0s
Iteration 14 / LogL: -2696.219 / Time: 0h:0m:0s
Iteration 15 / LogL: -2696.219 / Time: 0h:0m:0s
Iteration 16 / LogL: -2696.219 / Time: 0h:0m:0s
Iteration 17 / LogL: -2696.219 / Time: 0h:0m:0s
Iteration 18 / LogL: -2696.219 / Time: 0h:0m:0s
Iteration 19 / LogL: -2696.219 / Time: 0h:0m:0s
Iteration 20 / LogL: -2696.219 / Time: 0h:0m:0s
Average CPU time for 1 NNI search: 0.010
Finish initializing candidate tree set. Number of distinct locally optimal trees: 20
Current best tree score: -2696.216 / CPU time: 0.476
--------------------------------------------------------------------
|               OPTIMIZING CANDIDATE TREE SET                      |
--------------------------------------------------------------------
Iteration 30 / LogL: -2696.219 / Time: 0h:0m:0s (0h:0m:2s left)
Iteration 40 / LogL: -2696.326 / Time: 0h:0m:1s (0h:0m:1s left)
Iteration 50 / LogL: -2696.260 / Time: 0h:0m:1s (0h:0m:1s left)
Iteration 60 / LogL: -2706.530 / Time: 0h:0m:1s (0h:0m:1s left)
Iteration 70 / LogL: -2706.492 / Time: 0h:0m:2s (0h:0m:0s left)
Iteration 80 / LogL: -2696.216 / Time: 0h:0m:2s (0h:0m:0s left)
Iteration 90 / LogL: -2696.232 / Time: 0h:0m:2s (0h:0m:0s left)
Iteration 100 / LogL: -2696.232 / Time: 0h:0m:2s (0h:0m:0s left)
TREE SEARCH COMPLETED AFTER 101 ITERATIONS / Time: 0h:0m:3s

--------------------------------------------------------------------
|                    FINALIZING TREE SEARCH                        |
--------------------------------------------------------------------
Performs final model parameters optimization
Estimate model parameters (epsilon = 0.010)
1. Initial log-likelihood: -2696.216
2. Current log-likelihood: -2696.201
Optimal log-likelihood: -2696.191
Rate parameters:  A-C: 1.096  A-G: 1.374  A-T: 1.151  C-G: 1.382  C-T: 1.843  G-T: 1.000
Base frequencies:   A: 0.216  C: 0.237  G: 0.293  T: 0.254
Gamma shape alpha: 48.663
Parameters optimization took 2 rounds (0.016 sec)
BEST SCORE FOUND : -2696.191

Testing tree branches by SH-like aLRT with 1000 replicates...
CPU Time used:  0.160 sec.
Total tree length: 1.629

Total number of iterations: 101
CPU time used for tree search: 2.908 sec (0h:0m:2s)
Wall-clock time used for tree search: 2.922 sec (0h:0m:2s)
Total CPU time used: 3.168 sec (0h:0m:3s)
Total wall-clock time used: 3.180 sec (0h:0m:3s)

Analysis results written to: 
  IQ-TREE report:                ../simulations/data_D1T2L3I5T4//S/145_pruned.fasta.iqtree
  Maximum-likelihood tree:       ../simulations/data_D1T2L3I5T4//S/145_pruned.fasta.treefile
  Likelihood distances:          ../simulations/data_D1T2L3I5T4//S/145_pruned.fasta.mldist
  Screen log file:               ../simulations/data_D1T2L3I5T4//S/145_pruned.fasta.log

Date and Time: Fri May 25 14:10:46 2018
