IQ-TREE version 1.4.2 for Linux 64-bit built Apr 15 2016
Copyright (c) 2011-2015 Nguyen Lam Tung, Olga Chernomor, Arndt von Haeseler and Bui Quang Minh.

Host:    meduse (AVX2, FMA3, 7 GB RAM)
Command: /home/tannier/programs/iqtree/iqtree-1.4.2-Linux/bin//iqtree -s ../simulations/data_D1T2L3I5T4//S/146_pruned.fasta -m GTR+G -alrt 1000 -redo
Seed:    722403 (Using SPRNG - Scalable Parallel Random Number Generator)
Time:    Fri May 25 14:18:23 2018
Kernel:  AVX

NOTE: Consider using the multicore version because your CPU has 4 cores!

Reading alignment file ../simulations/data_D1T2L3I5T4//S/146_pruned.fasta ... Fasta format detected
Alignment most likely contains DNA/RNA sequences
Alignment has 26 sequences with 300 columns and 176 patterns (158 informative sites)
          Gap/Ambiguity  Composition  p-value
   1  n236_237    0.00%    passed     96.52%
   2  n266_267    0.00%    passed     75.51%
   3  n296_297    0.00%    passed     94.87%
   4  n277_278    0.00%    passed     89.37%
   5  n290_291    0.00%    passed     91.41%
   6  n255_256    0.00%    passed     86.97%
   7  n295_296    0.00%    passed     96.06%
   8  n286_287    0.00%    passed     97.37%
   9  n298_299    0.00%    passed     91.21%
  10  n299_300    0.00%    passed     85.86%
  11  n287_288    0.00%    passed     88.68%
  12  n278_279    0.00%    passed     83.06%
  13  n292_293    0.00%    passed     83.20%
  14  n265_266    0.00%    passed     69.44%
  15  n289_290    0.00%    passed     91.16%
  16  n293_294    0.00%    passed     98.93%
  17  n280_281    0.00%    passed     78.57%
  18  n274_275    0.00%    passed     77.54%
  19  n275_276    0.00%    passed     97.71%
  20  n285_286    0.00%    passed     97.37%
  21  n294_295    0.00%    passed     98.62%
  22  n297_298    0.00%    passed     96.52%
  23  n244_245    0.00%    passed     86.45%
  24  n251_252    0.00%    passed     94.84%
  25  n200_201    0.00%    passed     74.02%
  26  n300_301    0.00%    passed     81.21%
****  TOTAL       0.00%  0 sequences failed composition chi2 test (p-value<5%; df=3)
NOTE: 1 identical sequences (see below) will be ignored for subsequent analysis
NOTE: n285_286 (identical to n286_287) is ignored but added at the end

Create initial parsimony tree by phylogenetic likelihood library (PLL)... 0.001 seconds

NOTE: 0 MB RAM is required!
Estimate model parameters (epsilon = 0.100)
1. Initial log-likelihood: -2046.139
2. Current log-likelihood: -2006.595
3. Current log-likelihood: -2006.355
Optimal log-likelihood: -2006.355
Rate parameters:  A-C: 1.200  A-G: 0.960  A-T: 1.248  C-G: 0.904  C-T: 1.159  G-T: 1.000
Base frequencies:   A: 0.253  C: 0.268  G: 0.243  T: 0.236
Gamma shape alpha: 6.061
Parameters optimization took 3 rounds (0.029 sec)
--------------------------------------------------------------------
|             INITIALIZING CANDIDATE TREE SET                      |
--------------------------------------------------------------------
Computing ML distances based on estimated model parameters... 0.000 sec
Computing BIONJ tree...
0.000 seconds
Log-likelihood of BIONJ tree: -2006.355
Generating 98 parsimony trees... 0.100 seconds 57 distinct starting trees
Computing log-likelihood of 57 initial trees ... 0.116 seconds
Optimizing top 20 initial trees with NNI...
Iteration 1 / LogL: -2006.355 / Time: 0h:0m:0s
Estimate model parameters (epsilon = 0.100)
BETTER SCORE FOUND at iteration 1: -2006.354
Iteration 2 / LogL: -2006.355 / Time: 0h:0m:0s
Iteration 3 / LogL: -2006.357 / Time: 0h:0m:0s
Iteration 4 / LogL: -2006.357 / Time: 0h:0m:0s
Iteration 5 / LogL: -2006.357 / Time: 0h:0m:0s
Iteration 6 / LogL: -2006.357 / Time: 0h:0m:0s
Iteration 7 / LogL: -2006.357 / Time: 0h:0m:0s
Iteration 8 / LogL: -2006.357 / Time: 0h:0m:0s
Iteration 9 / LogL: -2006.357 / Time: 0h:0m:0s
Iteration 10 / LogL: -2006.357 / Time: 0h:0m:0s
Iteration 11 / LogL: -2006.357 / Time: 0h:0m:0s
Iteration 12 / LogL: -2006.357 / Time: 0h:0m:0s
Iteration 13 / LogL: -2006.357 / Time: 0h:0m:0s
Iteration 14 / LogL: -2006.357 / Time: 0h:0m:0s
Iteration 15 / LogL: -2006.357 / Time: 0h:0m:0s
Iteration 16 / LogL: -2006.357 / Time: 0h:0m:0s
Iteration 17 / LogL: -2006.357 / Time: 0h:0m:0s
Iteration 18 / LogL: -2006.357 / Time: 0h:0m:0s
Iteration 19 / LogL: -2006.357 / Time: 0h:0m:0s
Iteration 20 / LogL: -2006.357 / Time: 0h:0m:0s
Average CPU time for 1 NNI search: 0.005
Finish initializing candidate tree set. Number of distinct locally optimal trees: 20
Current best tree score: -2006.354 / CPU time: 0.324
--------------------------------------------------------------------
|               OPTIMIZING CANDIDATE TREE SET                      |
--------------------------------------------------------------------
Iteration 30 / LogL: -2023.740 / Time: 0h:0m:0s (0h:0m:1s left)
Iteration 40 / LogL: -2006.355 / Time: 0h:0m:0s (0h:0m:1s left)
Iteration 50 / LogL: -2006.381 / Time: 0h:0m:0s (0h:0m:0s left)
Iteration 60 / LogL: -2006.361 / Time: 0h:0m:0s (0h:0m:0s left)
Iteration 70 / LogL: -2006.366 / Time: 0h:0m:1s (0h:0m:0s left)
Iteration 80 / LogL: -2006.353 / Time: 0h:0m:1s (0h:0m:0s left)
Iteration 90 / LogL: -2006.354 / Time: 0h:0m:1s (0h:0m:0s left)
Iteration 100 / LogL: -2006.357 / Time: 0h:0m:1s (0h:0m:0s left)
TREE SEARCH COMPLETED AFTER 101 ITERATIONS / Time: 0h:0m:1s

--------------------------------------------------------------------
|                    FINALIZING TREE SEARCH                        |
--------------------------------------------------------------------
Performs final model parameters optimization
Estimate model parameters (epsilon = 0.010)
1. Initial log-likelihood: -2006.354
Optimal log-likelihood: -2006.353
Rate parameters:  A-C: 1.202  A-G: 0.962  A-T: 1.250  C-G: 0.905  C-T: 1.161  G-T: 1.000
Base frequencies:   A: 0.253  C: 0.268  G: 0.243  T: 0.236
Gamma shape alpha: 6.061
Parameters optimization took 1 rounds (0.004 sec)
BEST SCORE FOUND : -2006.353

Testing tree branches by SH-like aLRT with 1000 replicates...
CPU Time used:  0.108 sec.
Total tree length: 1.195

Total number of iterations: 101
CPU time used for tree search: 1.476 sec (0h:0m:1s)
Wall-clock time used for tree search: 1.477 sec (0h:0m:1s)
Total CPU time used: 1.628 sec (0h:0m:1s)
Total wall-clock time used: 1.636 sec (0h:0m:1s)

Analysis results written to: 
  IQ-TREE report:                ../simulations/data_D1T2L3I5T4//S/146_pruned.fasta.iqtree
  Maximum-likelihood tree:       ../simulations/data_D1T2L3I5T4//S/146_pruned.fasta.treefile
  Likelihood distances:          ../simulations/data_D1T2L3I5T4//S/146_pruned.fasta.mldist
  Screen log file:               ../simulations/data_D1T2L3I5T4//S/146_pruned.fasta.log

Date and Time: Fri May 25 14:18:25 2018
