IQ-TREE version 1.4.2 for Linux 64-bit built Apr 15 2016
Copyright (c) 2011-2015 Nguyen Lam Tung, Olga Chernomor, Arndt von Haeseler and Bui Quang Minh.

Host:    meduse (AVX2, FMA3, 7 GB RAM)
Command: /home/tannier/programs/iqtree/iqtree-1.4.2-Linux/bin//iqtree -s ../simulations/data_D1T2L3I5T4//S/152_pruned.fasta -m GTR+G -alrt 1000 -redo
Seed:    87034 (Using SPRNG - Scalable Parallel Random Number Generator)
Time:    Fri May 25 14:17:19 2018
Kernel:  AVX

NOTE: Consider using the multicore version because your CPU has 4 cores!

Reading alignment file ../simulations/data_D1T2L3I5T4//S/152_pruned.fasta ... Fasta format detected
Alignment most likely contains DNA/RNA sequences
Alignment has 25 sequences with 300 columns and 182 patterns (147 informative sites)
          Gap/Ambiguity  Composition  p-value
   1  n298_301    0.00%    passed     83.24%
   2  n277_280    0.00%    passed     83.32%
   3  n294_297    0.00%    passed     88.93%
   4  n286_289    0.00%    passed     90.55%
   5  n289_292    0.00%    passed     96.32%
   6  n274_277    0.00%    passed     96.16%
   7  n287_290    0.00%    passed     98.39%
   8  n236_239    0.00%    passed     85.28%
   9  n200_203    0.00%    passed     77.65%
  10  n296_299    0.00%    passed     99.49%
  11  n265_268    0.00%    passed     94.13%
  12  n275_278    0.00%    passed     93.66%
  13  n266_269    0.00%    passed     91.64%
  14  n255_258    0.00%    passed     96.88%
  15  n299_302    0.00%    passed     98.83%
  16  n244_247    0.00%    passed     60.92%
  17  n285_288    0.00%    passed     82.70%
  18  n280_283    0.00%    passed     98.29%
  19  n290_293    0.00%    passed     96.35%
  20  n295_298    0.00%    passed     95.71%
  21  n297_300    0.00%    passed     80.86%
  22  n300_303    0.00%    passed     97.39%
  23  n278_281    0.00%    passed     75.96%
  24  n292_295    0.00%    passed     97.39%
  25  n293_296    0.00%    passed     93.64%
****  TOTAL       0.00%  0 sequences failed composition chi2 test (p-value<5%; df=3)
NOTE: 1 identical sequences (see below) will be ignored for subsequent analysis
NOTE: n292_295 (identical to n300_303) is ignored but added at the end

Create initial parsimony tree by phylogenetic likelihood library (PLL)... 0.001 seconds

NOTE: 0 MB RAM is required!
Estimate model parameters (epsilon = 0.100)
1. Initial log-likelihood: -2073.831
2. Current log-likelihood: -2024.136
3. Current log-likelihood: -2023.455
Optimal log-likelihood: -2023.416
Rate parameters:  A-C: 0.960  A-G: 0.932  A-T: 1.109  C-G: 0.726  C-T: 0.870  G-T: 1.000
Base frequencies:   A: 0.231  C: 0.308  G: 0.234  T: 0.226
Gamma shape alpha: 6.907
Parameters optimization took 3 rounds (0.028 sec)
--------------------------------------------------------------------
|             INITIALIZING CANDIDATE TREE SET                      |
--------------------------------------------------------------------
Computing ML distances based on estimated model parameters... 0.004 sec
Computing BIONJ tree...
0.000 seconds
Log-likelihood of BIONJ tree: -2023.416
Generating 98 parsimony trees... 0.089 seconds 77 distinct starting trees
Computing log-likelihood of 77 initial trees ... 0.155 seconds
Optimizing top 20 initial trees with NNI...
Iteration 1 / LogL: -2023.416 / Time: 0h:0m:0s
Estimate model parameters (epsilon = 0.100)
BETTER SCORE FOUND at iteration 1: -2023.413
Iteration 2 / LogL: -2023.415 / Time: 0h:0m:0s
Iteration 3 / LogL: -2023.417 / Time: 0h:0m:0s
Iteration 4 / LogL: -2023.417 / Time: 0h:0m:0s
Iteration 5 / LogL: -2023.417 / Time: 0h:0m:0s
Iteration 6 / LogL: -2023.417 / Time: 0h:0m:0s
Iteration 7 / LogL: -2023.417 / Time: 0h:0m:0s
Iteration 8 / LogL: -2023.417 / Time: 0h:0m:0s
Iteration 9 / LogL: -2023.417 / Time: 0h:0m:0s
Iteration 10 / LogL: -2023.417 / Time: 0h:0m:0s
Iteration 11 / LogL: -2023.417 / Time: 0h:0m:0s
Iteration 12 / LogL: -2023.417 / Time: 0h:0m:0s
Iteration 13 / LogL: -2023.417 / Time: 0h:0m:0s
Iteration 14 / LogL: -2023.417 / Time: 0h:0m:0s
Iteration 15 / LogL: -2023.417 / Time: 0h:0m:0s
Iteration 16 / LogL: -2023.417 / Time: 0h:0m:0s
Iteration 17 / LogL: -2023.417 / Time: 0h:0m:0s
Iteration 18 / LogL: -2023.417 / Time: 0h:0m:0s
Iteration 19 / LogL: -2023.417 / Time: 0h:0m:0s
Iteration 20 / LogL: -2023.417 / Time: 0h:0m:0s
Average CPU time for 1 NNI search: 0.005
Finish initializing candidate tree set. Number of distinct locally optimal trees: 20
Current best tree score: -2023.413 / CPU time: 0.344
--------------------------------------------------------------------
|               OPTIMIZING CANDIDATE TREE SET                      |
--------------------------------------------------------------------
Iteration 30 / LogL: -2040.745 / Time: 0h:0m:0s (0h:0m:1s left)
Iteration 40 / LogL: -2023.414 / Time: 0h:0m:0s (0h:0m:1s left)
Iteration 50 / LogL: -2023.414 / Time: 0h:0m:0s (0h:0m:0s left)
Iteration 60 / LogL: -2023.538 / Time: 0h:0m:1s (0h:0m:0s left)
Iteration 70 / LogL: -2040.743 / Time: 0h:0m:1s (0h:0m:0s left)
Iteration 80 / LogL: -2023.414 / Time: 0h:0m:1s (0h:0m:0s left)
Iteration 90 / LogL: -2023.416 / Time: 0h:0m:1s (0h:0m:0s left)
Iteration 100 / LogL: -2224.367 / Time: 0h:0m:1s (0h:0m:0s left)
TREE SEARCH COMPLETED AFTER 101 ITERATIONS / Time: 0h:0m:1s

--------------------------------------------------------------------
|                    FINALIZING TREE SEARCH                        |
--------------------------------------------------------------------
Performs final model parameters optimization
Estimate model parameters (epsilon = 0.010)
1. Initial log-likelihood: -2023.413
Optimal log-likelihood: -2023.412
Rate parameters:  A-C: 0.963  A-G: 0.939  A-T: 1.111  C-G: 0.731  C-T: 0.875  G-T: 1.000
Base frequencies:   A: 0.231  C: 0.308  G: 0.234  T: 0.226
Gamma shape alpha: 6.907
Parameters optimization took 1 rounds (0.005 sec)
BEST SCORE FOUND : -2023.412

Testing tree branches by SH-like aLRT with 1000 replicates...
CPU Time used:  0.108 sec.
Total tree length: 1.236

Total number of iterations: 101
CPU time used for tree search: 1.644 sec (0h:0m:1s)
Wall-clock time used for tree search: 1.649 sec (0h:0m:1s)
Total CPU time used: 1.804 sec (0h:0m:1s)
Total wall-clock time used: 1.808 sec (0h:0m:1s)

Analysis results written to: 
  IQ-TREE report:                ../simulations/data_D1T2L3I5T4//S/152_pruned.fasta.iqtree
  Maximum-likelihood tree:       ../simulations/data_D1T2L3I5T4//S/152_pruned.fasta.treefile
  Likelihood distances:          ../simulations/data_D1T2L3I5T4//S/152_pruned.fasta.mldist
  Screen log file:               ../simulations/data_D1T2L3I5T4//S/152_pruned.fasta.log

Date and Time: Fri May 25 14:17:20 2018
