IQ-TREE version 1.4.2 for Linux 64-bit built Apr 15 2016
Copyright (c) 2011-2015 Nguyen Lam Tung, Olga Chernomor, Arndt von Haeseler and Bui Quang Minh.

Host:    meduse (AVX2, FMA3, 7 GB RAM)
Command: /home/tannier/programs/iqtree/iqtree-1.4.2-Linux/bin//iqtree -s ../simulations/data_D1T2L3I5T4//S/153_pruned.fasta -m GTR+G -alrt 1000 -redo
Seed:    395517 (Using SPRNG - Scalable Parallel Random Number Generator)
Time:    Fri May 25 14:18:37 2018
Kernel:  AVX

NOTE: Consider using the multicore version because your CPU has 4 cores!

Reading alignment file ../simulations/data_D1T2L3I5T4//S/153_pruned.fasta ... Fasta format detected
Alignment most likely contains DNA/RNA sequences
Alignment has 23 sequences with 300 columns and 142 patterns (125 informative sites)
          Gap/Ambiguity  Composition  p-value
   1  n266_175    0.00%    passed     96.19%
   2  n300_209    0.00%    passed     59.28%
   3  n275_184    0.00%    passed     89.70%
   4  n299_208    0.00%    passed     70.91%
   5  n287_196    0.00%    passed     91.15%
   6  n297_206    0.00%    passed     96.06%
   7  n293_202    0.00%    passed     96.73%
   8  n285_194    0.00%    passed     89.76%
   9  n278_187    0.00%    passed     64.77%
  10  n296_205    0.00%    passed     82.47%
  11  n277_186    0.00%    passed     78.15%
  12  n294_203    0.00%    passed     96.73%
  13  n286_195    0.00%    passed     85.09%
  14  n274_183    0.00%    passed     78.14%
  15  n292_201    0.00%    passed     76.35%
  16  n200_129    0.00%    passed     62.80%
  17  n265_174    0.00%    passed     92.13%
  18  n298_207    0.00%    passed     96.06%
  19  n295_204    0.00%    passed     73.01%
  20  n290_199    0.00%    passed     89.96%
  21  n236_153    0.00%    passed     97.90%
  22  n289_198    0.00%    passed     89.96%
  23  n280_189    0.00%    passed     76.35%
****  TOTAL       0.00%  0 sequences failed composition chi2 test (p-value<5%; df=3)
NOTE: 3 identical sequences (see below) will be ignored for subsequent analysis
NOTE: n298_207 (identical to n297_206) is ignored but added at the end
NOTE: n294_203 (identical to n293_202) is ignored but added at the end
NOTE: n289_198 (identical to n290_199) is ignored but added at the end

Create initial parsimony tree by phylogenetic likelihood library (PLL)... 0.001 seconds

NOTE: 0 MB RAM is required!
Estimate model parameters (epsilon = 0.100)
1. Initial log-likelihood: -1614.763
2. Current log-likelihood: -1580.224
3. Current log-likelihood: -1580.027
Optimal log-likelihood: -1580.010
Rate parameters:  A-C: 0.911  A-G: 1.222  A-T: 1.092  C-G: 1.049  C-T: 1.003  G-T: 1.000
Base frequencies:   A: 0.207  C: 0.291  G: 0.252  T: 0.250
Gamma shape alpha: 8.087
Parameters optimization took 3 rounds (0.018 sec)
--------------------------------------------------------------------
|             INITIALIZING CANDIDATE TREE SET                      |
--------------------------------------------------------------------
Computing ML distances based on estimated model parameters... 0.004 sec
Computing BIONJ tree...
0.000 seconds
Log-likelihood of BIONJ tree: -1580.010
Generating 98 parsimony trees... 0.065 seconds 24 distinct starting trees
Computing log-likelihood of 24 initial trees ... 0.036 seconds
Optimizing top 20 initial trees with NNI...
Iteration 1 / LogL: -1580.010 / Time: 0h:0m:0s
Estimate model parameters (epsilon = 0.100)
BETTER SCORE FOUND at iteration 1: -1579.996
Iteration 2 / LogL: -1579.997 / Time: 0h:0m:0s
Iteration 3 / LogL: -1580.030 / Time: 0h:0m:0s
Iteration 4 / LogL: -1580.030 / Time: 0h:0m:0s
Iteration 5 / LogL: -1580.030 / Time: 0h:0m:0s
Iteration 6 / LogL: -1580.030 / Time: 0h:0m:0s
Iteration 7 / LogL: -1580.030 / Time: 0h:0m:0s
Iteration 8 / LogL: -1580.030 / Time: 0h:0m:0s
Iteration 9 / LogL: -1580.030 / Time: 0h:0m:0s
Iteration 10 / LogL: -1580.184 / Time: 0h:0m:0s
Iteration 11 / LogL: -1580.184 / Time: 0h:0m:0s
Iteration 12 / LogL: -1580.184 / Time: 0h:0m:0s
Iteration 13 / LogL: -1580.184 / Time: 0h:0m:0s
Iteration 14 / LogL: -1580.184 / Time: 0h:0m:0s
Iteration 15 / LogL: -1580.184 / Time: 0h:0m:0s
Iteration 16 / LogL: -1580.184 / Time: 0h:0m:0s
Iteration 17 / LogL: -1580.184 / Time: 0h:0m:0s
Iteration 18 / LogL: -1580.184 / Time: 0h:0m:0s
Iteration 19 / LogL: -1580.184 / Time: 0h:0m:0s
Iteration 20 / LogL: -1580.184 / Time: 0h:0m:0s
Average CPU time for 1 NNI search: 0.004
Finish initializing candidate tree set. Number of distinct locally optimal trees: 9
Current best tree score: -1579.996 / CPU time: 0.192
--------------------------------------------------------------------
|               OPTIMIZING CANDIDATE TREE SET                      |
--------------------------------------------------------------------
Iteration 30 / LogL: -1876.606 / Time: 0h:0m:0s (0h:0m:0s left)
Iteration 40 / LogL: -1580.063 / Time: 0h:0m:0s (0h:0m:0s left)
Iteration 50 / LogL: -1579.997 / Time: 0h:0m:0s (0h:0m:0s left)
Iteration 60 / LogL: -1580.185 / Time: 0h:0m:0s (0h:0m:0s left)
Iteration 70 / LogL: -1580.033 / Time: 0h:0m:0s (0h:0m:0s left)
Iteration 80 / LogL: -1580.183 / Time: 0h:0m:0s (0h:0m:0s left)
Iteration 90 / LogL: -1579.996 / Time: 0h:0m:0s (0h:0m:0s left)
Iteration 100 / LogL: -1768.029 / Time: 0h:0m:1s (0h:0m:0s left)
TREE SEARCH COMPLETED AFTER 101 ITERATIONS / Time: 0h:0m:1s

--------------------------------------------------------------------
|                    FINALIZING TREE SEARCH                        |
--------------------------------------------------------------------
Performs final model parameters optimization
Estimate model parameters (epsilon = 0.010)
1. Initial log-likelihood: -1579.996
Optimal log-likelihood: -1579.992
Rate parameters:  A-C: 0.919  A-G: 1.243  A-T: 1.092  C-G: 1.072  C-T: 1.030  G-T: 1.000
Base frequencies:   A: 0.207  C: 0.291  G: 0.252  T: 0.250
Gamma shape alpha: 8.176
Parameters optimization took 1 rounds (0.004 sec)
BEST SCORE FOUND : -1579.992

Testing tree branches by SH-like aLRT with 1000 replicates...
CPU Time used:  0.088 sec.
Total tree length: 0.818

Total number of iterations: 101
CPU time used for tree search: 1.020 sec (0h:0m:1s)
Wall-clock time used for tree search: 1.020 sec (0h:0m:1s)
Total CPU time used: 1.144 sec (0h:0m:1s)
Total wall-clock time used: 1.142 sec (0h:0m:1s)

Analysis results written to: 
  IQ-TREE report:                ../simulations/data_D1T2L3I5T4//S/153_pruned.fasta.iqtree
  Maximum-likelihood tree:       ../simulations/data_D1T2L3I5T4//S/153_pruned.fasta.treefile
  Likelihood distances:          ../simulations/data_D1T2L3I5T4//S/153_pruned.fasta.mldist
  Screen log file:               ../simulations/data_D1T2L3I5T4//S/153_pruned.fasta.log

Date and Time: Fri May 25 14:18:38 2018
