IQ-TREE version 1.4.2 for Linux 64-bit built Apr 15 2016
Copyright (c) 2011-2015 Nguyen Lam Tung, Olga Chernomor, Arndt von Haeseler and Bui Quang Minh.

Host:    meduse (AVX2, FMA3, 7 GB RAM)
Command: /home/tannier/programs/iqtree/iqtree-1.4.2-Linux/bin//iqtree -s ../simulations/data_D1T2L3I5T4//S/158_pruned.fasta -m GTR+G -alrt 1000 -redo
Seed:    685268 (Using SPRNG - Scalable Parallel Random Number Generator)
Time:    Fri May 25 14:14:57 2018
Kernel:  AVX

NOTE: Consider using the multicore version because your CPU has 4 cores!

Reading alignment file ../simulations/data_D1T2L3I5T4//S/158_pruned.fasta ... Fasta format detected
Alignment most likely contains DNA/RNA sequences
Alignment has 26 sequences with 300 columns and 166 patterns (148 informative sites)
          Gap/Ambiguity  Composition  p-value
   1  n265_272    0.00%    passed     99.93%
   2  n285_292    0.00%    passed     83.99%
   3  n286_293    0.00%    passed     78.34%
   4  n266_273    0.00%    passed     98.63%
   5  n300_307    0.00%    passed     99.29%
   6  n287_294    0.00%    passed     94.90%
   7  n299_306    0.00%    passed     99.29%
   8  n280_287    0.00%    passed     96.68%
   9  n298_305    0.00%    passed     99.22%
  10  n244_251    0.00%    passed     94.88%
  11  n275_282    0.00%    passed     99.38%
  12  n251_258    0.00%    passed     79.58%
  13  n278_285    0.00%    passed     99.93%
  14  n297_304    0.00%    passed     99.22%
  15  n290_297    0.00%    passed     96.55%
  16  n292_299    0.00%    passed     99.99%
  17  n296_303    0.00%    passed     96.55%
  18  n200_207    0.00%    passed     98.63%
  19  n255_262    0.00%    passed     93.68%
  20  n295_302    0.00%    passed     98.57%
  21  n293_300    0.00%    passed     97.43%
  22  n289_296    0.00%    passed     96.55%
  23  n274_281    0.00%    passed     97.34%
  24  n277_284    0.00%    passed     99.99%
  25  n294_301    0.00%    passed     97.92%
  26  n236_243    0.00%    passed     98.09%
****  TOTAL       0.00%  0 sequences failed composition chi2 test (p-value<5%; df=3)
NOTE: 2 identical sequences (see below) will be ignored for subsequent analysis
NOTE: n299_306 (identical to n300_307) is ignored but added at the end
NOTE: n297_304 (identical to n298_305) is ignored but added at the end

Create initial parsimony tree by phylogenetic likelihood library (PLL)... 0.001 seconds

NOTE: 0 MB RAM is required!
Estimate model parameters (epsilon = 0.100)
1. Initial log-likelihood: -1902.936
2. Current log-likelihood: -1850.058
3. Current log-likelihood: -1849.569
Optimal log-likelihood: -1849.527
Rate parameters:  A-C: 1.427  A-G: 1.378  A-T: 1.349  C-G: 0.820  C-T: 1.591  G-T: 1.000
Base frequencies:   A: 0.175  C: 0.263  G: 0.288  T: 0.275
Gamma shape alpha: 72.446
Parameters optimization took 3 rounds (0.026 sec)
--------------------------------------------------------------------
|             INITIALIZING CANDIDATE TREE SET                      |
--------------------------------------------------------------------
Computing ML distances based on estimated model parameters... 0.000 sec
Computing BIONJ tree...
0.001 seconds
Log-likelihood of BIONJ tree: -1849.527
Generating 98 parsimony trees... 0.083 seconds 26 distinct starting trees
Computing log-likelihood of 26 initial trees ... 0.051 seconds
Optimizing top 20 initial trees with NNI...
Iteration 1 / LogL: -1849.527 / Time: 0h:0m:0s
Estimate model parameters (epsilon = 0.100)
BETTER SCORE FOUND at iteration 1: -1849.518
Iteration 2 / LogL: -1849.519 / Time: 0h:0m:0s
Iteration 3 / LogL: -1849.519 / Time: 0h:0m:0s
Iteration 4 / LogL: -1849.519 / Time: 0h:0m:0s
Iteration 5 / LogL: -1849.519 / Time: 0h:0m:0s
Iteration 6 / LogL: -1849.519 / Time: 0h:0m:0s
Iteration 7 / LogL: -1849.519 / Time: 0h:0m:0s
Iteration 8 / LogL: -1849.519 / Time: 0h:0m:0s
Iteration 9 / LogL: -1849.519 / Time: 0h:0m:0s
Iteration 10 / LogL: -1849.519 / Time: 0h:0m:0s
Iteration 11 / LogL: -1849.519 / Time: 0h:0m:0s
Iteration 12 / LogL: -1849.519 / Time: 0h:0m:0s
Iteration 13 / LogL: -1849.519 / Time: 0h:0m:0s
Iteration 14 / LogL: -1849.519 / Time: 0h:0m:0s
Iteration 15 / LogL: -1849.519 / Time: 0h:0m:0s
Iteration 16 / LogL: -1849.519 / Time: 0h:0m:0s
Iteration 17 / LogL: -1849.519 / Time: 0h:0m:0s
Iteration 18 / LogL: -1849.519 / Time: 0h:0m:0s
Iteration 19 / LogL: -1849.519 / Time: 0h:0m:0s
Iteration 20 / LogL: -1849.519 / Time: 0h:0m:0s
Average CPU time for 1 NNI search: 0.005
Finish initializing candidate tree set. Number of distinct locally optimal trees: 20
Current best tree score: -1849.518 / CPU time: 0.236
--------------------------------------------------------------------
|               OPTIMIZING CANDIDATE TREE SET                      |
--------------------------------------------------------------------
Iteration 30 / LogL: -1849.559 / Time: 0h:0m:0s (0h:0m:1s left)
Iteration 40 / LogL: -1849.531 / Time: 0h:0m:0s (0h:0m:0s left)
Iteration 50 / LogL: -1849.521 / Time: 0h:0m:0s (0h:0m:0s left)
Iteration 60 / LogL: -1849.518 / Time: 0h:0m:0s (0h:0m:0s left)
Iteration 70 / LogL: -1876.244 / Time: 0h:0m:0s (0h:0m:0s left)
Iteration 80 / LogL: -1849.518 / Time: 0h:0m:1s (0h:0m:0s left)
Iteration 90 / LogL: -1895.405 / Time: 0h:0m:1s (0h:0m:0s left)
Iteration 100 / LogL: -1849.518 / Time: 0h:0m:1s (0h:0m:0s left)
TREE SEARCH COMPLETED AFTER 101 ITERATIONS / Time: 0h:0m:1s

--------------------------------------------------------------------
|                    FINALIZING TREE SEARCH                        |
--------------------------------------------------------------------
Performs final model parameters optimization
Estimate model parameters (epsilon = 0.010)
1. Initial log-likelihood: -1849.518
Optimal log-likelihood: -1849.515
Rate parameters:  A-C: 1.450  A-G: 1.380  A-T: 1.344  C-G: 0.831  C-T: 1.597  G-T: 1.000
Base frequencies:   A: 0.175  C: 0.263  G: 0.288  T: 0.275
Gamma shape alpha: 74.284
Parameters optimization took 1 rounds (0.005 sec)
BEST SCORE FOUND : -1849.515

Testing tree branches by SH-like aLRT with 1000 replicates...
CPU Time used:  0.108 sec.
Total tree length: 1.030

Total number of iterations: 101
CPU time used for tree search: 1.328 sec (0h:0m:1s)
Wall-clock time used for tree search: 1.328 sec (0h:0m:1s)
Total CPU time used: 1.484 sec (0h:0m:1s)
Total wall-clock time used: 1.482 sec (0h:0m:1s)

Analysis results written to: 
  IQ-TREE report:                ../simulations/data_D1T2L3I5T4//S/158_pruned.fasta.iqtree
  Maximum-likelihood tree:       ../simulations/data_D1T2L3I5T4//S/158_pruned.fasta.treefile
  Likelihood distances:          ../simulations/data_D1T2L3I5T4//S/158_pruned.fasta.mldist
  Screen log file:               ../simulations/data_D1T2L3I5T4//S/158_pruned.fasta.log

Date and Time: Fri May 25 14:14:59 2018
