IQ-TREE version 1.4.2 for Linux 64-bit built Apr 15 2016
Copyright (c) 2011-2015 Nguyen Lam Tung, Olga Chernomor, Arndt von Haeseler and Bui Quang Minh.

Host:    meduse (AVX2, FMA3, 7 GB RAM)
Command: /home/tannier/programs/iqtree/iqtree-1.4.2-Linux/bin//iqtree -s ../simulations/data_D1T2L3I5T4//S/161_pruned.fasta -m GTR+G -alrt 1000 -redo
Seed:    38537 (Using SPRNG - Scalable Parallel Random Number Generator)
Time:    Fri May 25 14:33:20 2018
Kernel:  AVX

NOTE: Consider using the multicore version because your CPU has 4 cores!

Reading alignment file ../simulations/data_D1T2L3I5T4//S/161_pruned.fasta ... Fasta format detected
Alignment most likely contains DNA/RNA sequences
Alignment has 26 sequences with 300 columns and 170 patterns (160 informative sites)
          Gap/Ambiguity  Composition  p-value
   1  n236_237    0.00%    passed     93.27%
   2  n266_267    0.00%    passed     84.17%
   3  n296_297    0.00%    passed     77.89%
   4  n277_278    0.00%    passed     33.77%
   5  n290_291    0.00%    passed     81.76%
   6  n255_256    0.00%    passed     47.04%
   7  n295_296    0.00%    passed     85.37%
   8  n286_287    0.00%    passed     88.45%
   9  n298_299    0.00%    passed     86.90%
  10  n299_300    0.00%    passed     66.65%
  11  n287_288    0.00%    passed     86.90%
  12  n278_279    0.00%    passed     39.14%
  13  n292_293    0.00%    passed     58.57%
  14  n265_266    0.00%    passed     70.42%
  15  n289_290    0.00%    passed     85.37%
  16  n293_294    0.00%    passed     90.65%
  17  n280_281    0.00%    passed     55.17%
  18  n274_275    0.00%    passed     84.06%
  19  n275_276    0.00%    passed     92.53%
  20  n285_286    0.00%    passed     88.45%
  21  n294_295    0.00%    passed     91.63%
  22  n297_298    0.00%    passed     90.37%
  23  n244_245    0.00%    passed     57.69%
  24  n251_252    0.00%    passed     72.25%
  25  n200_201    0.00%    passed     75.91%
  26  n300_301    0.00%    passed     69.81%
****  TOTAL       0.00%  0 sequences failed composition chi2 test (p-value<5%; df=3)
NOTE: 1 identical sequences (see below) will be ignored for subsequent analysis
NOTE: n285_286 (identical to n286_287) is ignored but added at the end

Create initial parsimony tree by phylogenetic likelihood library (PLL)... 0.001 seconds

NOTE: 0 MB RAM is required!
Estimate model parameters (epsilon = 0.100)
1. Initial log-likelihood: -2031.332
2. Current log-likelihood: -1995.598
3. Current log-likelihood: -1995.336
Optimal log-likelihood: -1995.334
Rate parameters:  A-C: 0.929  A-G: 1.357  A-T: 0.768  C-G: 0.836  C-T: 0.785  G-T: 1.000
Base frequencies:   A: 0.213  C: 0.320  G: 0.228  T: 0.239
Gamma shape alpha: 3.376
Parameters optimization took 3 rounds (0.033 sec)
--------------------------------------------------------------------
|             INITIALIZING CANDIDATE TREE SET                      |
--------------------------------------------------------------------
Computing ML distances based on estimated model parameters... 0.000 sec
Computing BIONJ tree...
0.000 seconds
Log-likelihood of BIONJ tree: -1994.970
Generating 98 parsimony trees... 0.102 seconds 99 distinct starting trees
Computing log-likelihood of 99 initial trees ... 0.195 seconds
Optimizing top 20 initial trees with NNI...
Iteration 1 / LogL: -1993.318 / Time: 0h:0m:0s
Estimate model parameters (epsilon = 0.100)
BETTER SCORE FOUND at iteration 1: -1993.251
Iteration 2 / LogL: -1993.257 / Time: 0h:0m:0s
Iteration 3 / LogL: -1993.257 / Time: 0h:0m:0s
Iteration 4 / LogL: -1993.257 / Time: 0h:0m:0s
Iteration 5 / LogL: -1993.257 / Time: 0h:0m:0s
Iteration 6 / LogL: -1993.257 / Time: 0h:0m:0s
Iteration 7 / LogL: -1993.257 / Time: 0h:0m:0s
Iteration 8 / LogL: -1993.251 / Time: 0h:0m:0s
Iteration 9 / LogL: -1993.251 / Time: 0h:0m:0s
Iteration 10 / LogL: -1993.251 / Time: 0h:0m:0s
Iteration 11 / LogL: -1993.923 / Time: 0h:0m:0s
Iteration 12 / LogL: -1993.923 / Time: 0h:0m:0s
Iteration 13 / LogL: -1993.923 / Time: 0h:0m:0s
Iteration 14 / LogL: -1993.923 / Time: 0h:0m:0s
Iteration 15 / LogL: -1993.923 / Time: 0h:0m:0s
Iteration 16 / LogL: -1993.923 / Time: 0h:0m:0s
Iteration 17 / LogL: -1993.923 / Time: 0h:0m:0s
Iteration 18 / LogL: -1993.923 / Time: 0h:0m:0s
Iteration 19 / LogL: -1993.923 / Time: 0h:0m:0s
Iteration 20 / LogL: -1993.923 / Time: 0h:0m:0s
Average CPU time for 1 NNI search: 0.006
Finish initializing candidate tree set. Number of distinct locally optimal trees: 20
Current best tree score: -1993.251 / CPU time: 0.404
--------------------------------------------------------------------
|               OPTIMIZING CANDIDATE TREE SET                      |
--------------------------------------------------------------------
Iteration 30 / LogL: -1993.253 / Time: 0h:0m:0s (0h:0m:1s left)
Iteration 40 / LogL: -1993.252 / Time: 0h:0m:0s (0h:0m:1s left)
Iteration 50 / LogL: -1993.567 / Time: 0h:0m:0s (0h:0m:0s left)
Iteration 60 / LogL: -1993.259 / Time: 0h:0m:1s (0h:0m:0s left)
Iteration 70 / LogL: -2090.487 / Time: 0h:0m:1s (0h:0m:0s left)
Iteration 80 / LogL: -1993.262 / Time: 0h:0m:1s (0h:0m:0s left)
Iteration 90 / LogL: -1993.254 / Time: 0h:0m:1s (0h:0m:0s left)
Iteration 100 / LogL: -1993.916 / Time: 0h:0m:1s (0h:0m:0s left)
TREE SEARCH COMPLETED AFTER 101 ITERATIONS / Time: 0h:0m:1s

--------------------------------------------------------------------
|                    FINALIZING TREE SEARCH                        |
--------------------------------------------------------------------
Performs final model parameters optimization
Estimate model parameters (epsilon = 0.010)
1. Initial log-likelihood: -1993.251
Optimal log-likelihood: -1993.246
Rate parameters:  A-C: 0.941  A-G: 1.330  A-T: 0.758  C-G: 0.849  C-T: 0.814  G-T: 1.000
Base frequencies:   A: 0.213  C: 0.320  G: 0.228  T: 0.239
Gamma shape alpha: 3.620
Parameters optimization took 1 rounds (0.005 sec)
BEST SCORE FOUND : -1993.246

Testing tree branches by SH-like aLRT with 1000 replicates...
CPU Time used:  0.108 sec.
Total tree length: 1.227

Total number of iterations: 101
CPU time used for tree search: 1.704 sec (0h:0m:1s)
Wall-clock time used for tree search: 1.714 sec (0h:0m:1s)
Total CPU time used: 1.868 sec (0h:0m:1s)
Total wall-clock time used: 1.879 sec (0h:0m:1s)

Analysis results written to: 
  IQ-TREE report:                ../simulations/data_D1T2L3I5T4//S/161_pruned.fasta.iqtree
  Maximum-likelihood tree:       ../simulations/data_D1T2L3I5T4//S/161_pruned.fasta.treefile
  Likelihood distances:          ../simulations/data_D1T2L3I5T4//S/161_pruned.fasta.mldist
  Screen log file:               ../simulations/data_D1T2L3I5T4//S/161_pruned.fasta.log

Date and Time: Fri May 25 14:33:21 2018
