IQ-TREE version 1.4.2 for Linux 64-bit built Apr 15 2016
Copyright (c) 2011-2015 Nguyen Lam Tung, Olga Chernomor, Arndt von Haeseler and Bui Quang Minh.

Host:    meduse (AVX2, FMA3, 7 GB RAM)
Command: /home/tannier/programs/iqtree/iqtree-1.4.2-Linux/bin//iqtree -s ../simulations/data_D1T2L3I5T4//S/178_pruned.fasta -m GTR+G -alrt 1000 -redo
Seed:    240016 (Using SPRNG - Scalable Parallel Random Number Generator)
Time:    Fri May 25 14:31:35 2018
Kernel:  AVX

NOTE: Consider using the multicore version because your CPU has 4 cores!

Reading alignment file ../simulations/data_D1T2L3I5T4//S/178_pruned.fasta ... Fasta format detected
Alignment most likely contains DNA/RNA sequences
Alignment has 26 sequences with 300 columns and 172 patterns (155 informative sites)
          Gap/Ambiguity  Composition  p-value
   1  n236_237    0.00%    passed     99.86%
   2  n266_267    0.00%    passed     92.91%
   3  n296_297    0.00%    passed     97.67%
   4  n277_278    0.00%    passed     98.01%
   5  n290_291    0.00%    passed     98.02%
   6  n255_256    0.00%    passed     99.86%
   7  n295_296    0.00%    passed     97.87%
   8  n286_287    0.00%    passed     89.02%
   9  n298_299    0.00%    passed     95.19%
  10  n299_300    0.00%    passed     98.52%
  11  n287_288    0.00%    passed     99.66%
  12  n278_279    0.00%    passed     77.53%
  13  n292_293    0.00%    passed     98.89%
  14  n265_266    0.00%    passed     95.68%
  15  n289_290    0.00%    passed     99.66%
  16  n293_294    0.00%    passed     99.66%
  17  n280_281    0.00%    passed     97.74%
  18  n274_275    0.00%    passed     97.14%
  19  n275_276    0.00%    passed     97.60%
  20  n285_286    0.00%    passed     89.65%
  21  n294_295    0.00%    passed     99.66%
  22  n297_298    0.00%    passed     90.94%
  23  n244_245    0.00%    passed     99.56%
  24  n251_252    0.00%    passed     97.80%
  25  n200_201    0.00%    passed     87.32%
  26  n300_301    0.00%    passed     98.37%
****  TOTAL       0.00%  0 sequences failed composition chi2 test (p-value<5%; df=3)
NOTE: 1 identical sequences (see below) will be ignored for subsequent analysis
NOTE: n294_295 (identical to n293_294) is ignored but added at the end

Create initial parsimony tree by phylogenetic likelihood library (PLL)... 0.001 seconds

NOTE: 0 MB RAM is required!
Estimate model parameters (epsilon = 0.100)
1. Initial log-likelihood: -1996.648
2. Current log-likelihood: -1953.200
3. Current log-likelihood: -1952.799
Optimal log-likelihood: -1952.795
Rate parameters:  A-C: 1.163  A-G: 1.417  A-T: 1.385  C-G: 1.123  C-T: 1.332  G-T: 1.000
Base frequencies:   A: 0.198  C: 0.256  G: 0.293  T: 0.254
Gamma shape alpha: 60.745
Parameters optimization took 3 rounds (0.023 sec)
--------------------------------------------------------------------
|             INITIALIZING CANDIDATE TREE SET                      |
--------------------------------------------------------------------
Computing ML distances based on estimated model parameters... 0.004 sec
Computing BIONJ tree...
0.000 seconds
Log-likelihood of BIONJ tree: -1953.207
Generating 98 parsimony trees... 0.108 seconds 4 distinct starting trees
Computing log-likelihood of 4 initial trees ... 0.004 seconds
Optimizing top 4 initial trees with NNI...
Iteration 1 / LogL: -1952.796 / Time: 0h:0m:0s
Estimate model parameters (epsilon = 0.100)
BETTER SCORE FOUND at iteration 1: -1952.793
Iteration 2 / LogL: -1952.795 / Time: 0h:0m:0s
Iteration 3 / LogL: -1952.795 / Time: 0h:0m:0s
Iteration 4 / LogL: -1952.795 / Time: 0h:0m:0s
Average CPU time for 1 NNI search: 0.007
Finish initializing candidate tree set. Number of distinct locally optimal trees: 3
Current best tree score: -1952.793 / CPU time: 0.140
--------------------------------------------------------------------
|               OPTIMIZING CANDIDATE TREE SET                      |
--------------------------------------------------------------------
Iteration 10 / LogL: -1952.871 / Time: 0h:0m:0s
Iteration 20 / LogL: -1952.801 / Time: 0h:0m:0s (0h:0m:1s left)
Iteration 30 / LogL: -1952.795 / Time: 0h:0m:0s (0h:0m:1s left)
Iteration 40 / LogL: -1952.793 / Time: 0h:0m:0s (0h:0m:1s left)
Iteration 50 / LogL: -1952.795 / Time: 0h:0m:0s (0h:0m:0s left)
Iteration 60 / LogL: -1952.793 / Time: 0h:0m:1s (0h:0m:0s left)
Iteration 70 / LogL: -1952.847 / Time: 0h:0m:1s (0h:0m:0s left)
Iteration 80 / LogL: -1952.793 / Time: 0h:0m:1s (0h:0m:0s left)
Iteration 90 / LogL: -1952.793 / Time: 0h:0m:1s (0h:0m:0s left)
Iteration 100 / LogL: -1952.799 / Time: 0h:0m:1s (0h:0m:0s left)
TREE SEARCH COMPLETED AFTER 101 ITERATIONS / Time: 0h:0m:1s

--------------------------------------------------------------------
|                    FINALIZING TREE SEARCH                        |
--------------------------------------------------------------------
Performs final model parameters optimization
Estimate model parameters (epsilon = 0.010)
1. Initial log-likelihood: -1952.793
Optimal log-likelihood: -1952.792
Rate parameters:  A-C: 1.168  A-G: 1.426  A-T: 1.394  C-G: 1.128  C-T: 1.342  G-T: 1.000
Base frequencies:   A: 0.198  C: 0.256  G: 0.293  T: 0.254
Gamma shape alpha: 61.189
Parameters optimization took 1 rounds (0.005 sec)
BEST SCORE FOUND : -1952.792

Testing tree branches by SH-like aLRT with 1000 replicates...
CPU Time used:  0.108 sec.
Total tree length: 1.109

Total number of iterations: 101
CPU time used for tree search: 1.708 sec (0h:0m:1s)
Wall-clock time used for tree search: 1.707 sec (0h:0m:1s)
Total CPU time used: 1.860 sec (0h:0m:1s)
Total wall-clock time used: 1.860 sec (0h:0m:1s)

Analysis results written to: 
  IQ-TREE report:                ../simulations/data_D1T2L3I5T4//S/178_pruned.fasta.iqtree
  Maximum-likelihood tree:       ../simulations/data_D1T2L3I5T4//S/178_pruned.fasta.treefile
  Likelihood distances:          ../simulations/data_D1T2L3I5T4//S/178_pruned.fasta.mldist
  Screen log file:               ../simulations/data_D1T2L3I5T4//S/178_pruned.fasta.log

Date and Time: Fri May 25 14:31:37 2018
