IQ-TREE version 1.4.2 for Linux 64-bit built Apr 15 2016
Copyright (c) 2011-2015 Nguyen Lam Tung, Olga Chernomor, Arndt von Haeseler and Bui Quang Minh.

Host:    meduse (AVX2, FMA3, 7 GB RAM)
Command: /home/tannier/programs/iqtree/iqtree-1.4.2-Linux/bin//iqtree -s ../simulations/data_D1T2L3I5T4//S/191_pruned.fasta -m GTR+G -alrt 1000 -redo
Seed:    562436 (Using SPRNG - Scalable Parallel Random Number Generator)
Time:    Fri May 25 14:10:50 2018
Kernel:  AVX

NOTE: Consider using the multicore version because your CPU has 4 cores!

Reading alignment file ../simulations/data_D1T2L3I5T4//S/191_pruned.fasta ... Fasta format detected
Alignment most likely contains DNA/RNA sequences
Alignment has 26 sequences with 300 columns and 167 patterns (154 informative sites)
          Gap/Ambiguity  Composition  p-value
   1  n236_237    0.00%    passed     65.17%
   2  n266_267    0.00%    passed     58.79%
   3  n296_297    0.00%    passed     58.13%
   4  n277_278    0.00%    passed     55.42%
   5  n290_291    0.00%    passed     84.47%
   6  n255_256    0.00%    passed     28.03%
   7  n295_296    0.00%    passed     58.08%
   8  n286_287    0.00%    passed     83.45%
   9  n298_299    0.00%    passed     84.57%
  10  n299_300    0.00%    passed     47.56%
  11  n287_288    0.00%    passed     80.17%
  12  n278_279    0.00%    passed     48.97%
  13  n292_293    0.00%    passed     43.93%
  14  n265_266    0.00%    passed     55.19%
  15  n289_290    0.00%    passed     78.55%
  16  n293_294    0.00%    passed     73.27%
  17  n280_281    0.00%    passed     45.55%
  18  n274_275    0.00%    passed     62.17%
  19  n275_276    0.00%    passed     73.47%
  20  n285_286    0.00%    passed     83.45%
  21  n294_295    0.00%    passed     77.43%
  22  n297_298    0.00%    passed     85.70%
  23  n244_245    0.00%    passed     13.73%
  24  n251_252    0.00%    passed     21.30%
  25  n200_201    0.00%    passed     95.86%
  26  n300_301    0.00%    passed     53.01%
****  TOTAL       0.00%  0 sequences failed composition chi2 test (p-value<5%; df=3)
NOTE: 1 identical sequences (see below) will be ignored for subsequent analysis
NOTE: n285_286 (identical to n286_287) is ignored but added at the end

Create initial parsimony tree by phylogenetic likelihood library (PLL)... 0.001 seconds

NOTE: 0 MB RAM is required!
Estimate model parameters (epsilon = 0.100)
1. Initial log-likelihood: -2025.078
2. Current log-likelihood: -1973.077
3. Current log-likelihood: -1972.695
Optimal log-likelihood: -1972.685
Rate parameters:  A-C: 0.949  A-G: 1.091  A-T: 1.163  C-G: 1.090  C-T: 1.170  G-T: 1.000
Base frequencies:   A: 0.279  C: 0.244  G: 0.237  T: 0.239
Gamma shape alpha: 16.499
Parameters optimization took 3 rounds (0.022 sec)
--------------------------------------------------------------------
|             INITIALIZING CANDIDATE TREE SET                      |
--------------------------------------------------------------------
Computing ML distances based on estimated model parameters... 0.004 sec
Computing BIONJ tree...
0.001 seconds
Log-likelihood of BIONJ tree: -1971.566
Generating 98 parsimony trees... 0.091 seconds 47 distinct starting trees
Computing log-likelihood of 47 initial trees ... 0.099 seconds
Optimizing top 20 initial trees with NNI...
Iteration 1 / LogL: -1971.566 / Time: 0h:0m:0s
Estimate model parameters (epsilon = 0.100)
BETTER SCORE FOUND at iteration 1: -1971.522
Iteration 2 / LogL: -1971.525 / Time: 0h:0m:0s
Iteration 3 / LogL: -1971.525 / Time: 0h:0m:0s
Iteration 4 / LogL: -1971.525 / Time: 0h:0m:0s
Iteration 5 / LogL: -1971.525 / Time: 0h:0m:0s
Iteration 6 / LogL: -1971.525 / Time: 0h:0m:0s
Iteration 7 / LogL: -1971.525 / Time: 0h:0m:0s
Iteration 8 / LogL: -1971.525 / Time: 0h:0m:0s
Iteration 9 / LogL: -1971.525 / Time: 0h:0m:0s
Iteration 10 / LogL: -1971.525 / Time: 0h:0m:0s
Iteration 11 / LogL: -1971.525 / Time: 0h:0m:0s
Iteration 12 / LogL: -1971.525 / Time: 0h:0m:0s
Iteration 13 / LogL: -1971.525 / Time: 0h:0m:0s
Iteration 14 / LogL: -1971.525 / Time: 0h:0m:0s
Iteration 15 / LogL: -1971.525 / Time: 0h:0m:0s
Iteration 16 / LogL: -1971.525 / Time: 0h:0m:0s
Iteration 17 / LogL: -1971.525 / Time: 0h:0m:0s
Iteration 18 / LogL: -1971.527 / Time: 0h:0m:0s
Iteration 19 / LogL: -1971.527 / Time: 0h:0m:0s
Iteration 20 / LogL: -1971.527 / Time: 0h:0m:0s
Average CPU time for 1 NNI search: 0.006
Finish initializing candidate tree set. Number of distinct locally optimal trees: 20
Current best tree score: -1971.522 / CPU time: 0.312
--------------------------------------------------------------------
|               OPTIMIZING CANDIDATE TREE SET                      |
--------------------------------------------------------------------
Iteration 30 / LogL: -1971.526 / Time: 0h:0m:0s (0h:0m:1s left)
Iteration 40 / LogL: -1971.523 / Time: 0h:0m:0s (0h:0m:1s left)
Iteration 50 / LogL: -1971.523 / Time: 0h:0m:0s (0h:0m:0s left)
Iteration 60 / LogL: -1971.523 / Time: 0h:0m:1s (0h:0m:0s left)
Iteration 70 / LogL: -1971.523 / Time: 0h:0m:1s (0h:0m:0s left)
Iteration 80 / LogL: -1971.522 / Time: 0h:0m:1s (0h:0m:0s left)
Iteration 90 / LogL: -1971.541 / Time: 0h:0m:1s (0h:0m:0s left)
Iteration 100 / LogL: -1977.831 / Time: 0h:0m:1s (0h:0m:0s left)
TREE SEARCH COMPLETED AFTER 101 ITERATIONS / Time: 0h:0m:1s

--------------------------------------------------------------------
|                    FINALIZING TREE SEARCH                        |
--------------------------------------------------------------------
Performs final model parameters optimization
Estimate model parameters (epsilon = 0.010)
1. Initial log-likelihood: -1971.522
2. Current log-likelihood: -1971.507
Optimal log-likelihood: -1971.498
Rate parameters:  A-C: 0.942  A-G: 1.058  A-T: 1.106  C-G: 1.061  C-T: 1.139  G-T: 1.000
Base frequencies:   A: 0.279  C: 0.244  G: 0.237  T: 0.239
Gamma shape alpha: 23.157
Parameters optimization took 2 rounds (0.009 sec)
BEST SCORE FOUND : -1971.498

Testing tree branches by SH-like aLRT with 1000 replicates...
CPU Time used:  0.120 sec.
Total tree length: 1.169

Total number of iterations: 101
CPU time used for tree search: 1.600 sec (0h:0m:1s)
Wall-clock time used for tree search: 1.603 sec (0h:0m:1s)
Total CPU time used: 1.768 sec (0h:0m:1s)
Total wall-clock time used: 1.774 sec (0h:0m:1s)

Analysis results written to: 
  IQ-TREE report:                ../simulations/data_D1T2L3I5T4//S/191_pruned.fasta.iqtree
  Maximum-likelihood tree:       ../simulations/data_D1T2L3I5T4//S/191_pruned.fasta.treefile
  Likelihood distances:          ../simulations/data_D1T2L3I5T4//S/191_pruned.fasta.mldist
  Screen log file:               ../simulations/data_D1T2L3I5T4//S/191_pruned.fasta.log

Date and Time: Fri May 25 14:10:52 2018
