IQ-TREE version 1.4.2 for Linux 64-bit built Apr 15 2016
Copyright (c) 2011-2015 Nguyen Lam Tung, Olga Chernomor, Arndt von Haeseler and Bui Quang Minh.

Host:    meduse (AVX2, FMA3, 7 GB RAM)
Command: /home/tannier/programs/iqtree/iqtree-1.4.2-Linux/bin//iqtree -s ../simulations/data_D1T2L3I5T4//S/199_pruned.fasta -m GTR+G -alrt 1000 -redo
Seed:    700139 (Using SPRNG - Scalable Parallel Random Number Generator)
Time:    Fri May 25 14:27:35 2018
Kernel:  AVX

NOTE: Consider using the multicore version because your CPU has 4 cores!

Reading alignment file ../simulations/data_D1T2L3I5T4//S/199_pruned.fasta ... Fasta format detected
Alignment most likely contains DNA/RNA sequences
Alignment has 25 sequences with 300 columns and 167 patterns (159 informative sites)
          Gap/Ambiguity  Composition  p-value
   1  n265_262    0.00%    passed     87.33%
   2  n275_272    0.00%    passed     66.00%
   3  n300_297    0.00%    passed     75.80%
   4  n298_295    0.00%    passed     65.36%
   5  n289_286    0.00%    passed     75.33%
   6  n244_241    0.00%    passed     47.85%
   7  n251_248    0.00%    passed     58.24%
   8  n277_274    0.00%    passed     94.03%
   9  n290_287    0.00%    passed     75.33%
  10  n274_271    0.00%    passed     85.88%
  11  n266_263    0.00%    passed     92.20%
  12  n293_290    0.00%    passed     77.79%
  13  n287_284    0.00%    passed     79.68%
  14  n280_277    0.00%    passed     75.29%
  15  n278_275    0.00%    passed     96.82%
  16  n297_294    0.00%    passed     77.79%
  17  n295_292    0.00%    passed     68.42%
  18  n299_296    0.00%    passed     80.14%
  19  n285_282    0.00%    passed     55.05%
  20  n296_293    0.00%    passed     71.81%
  21  n292_289    0.00%    passed     82.88%
  22  n255_252    0.00%    passed     64.03%
  23  n286_283    0.00%    passed     43.68%
  24  n236_233    0.00%    passed     56.80%
  25  n294_291    0.00%    passed     70.31%
****  TOTAL       0.00%  0 sequences failed composition chi2 test (p-value<5%; df=3)
NOTE: 1 identical sequences (see below) will be ignored for subsequent analysis
NOTE: n290_287 (identical to n289_286) is ignored but added at the end

Create initial parsimony tree by phylogenetic likelihood library (PLL)... 0.001 seconds

NOTE: 0 MB RAM is required!
Estimate model parameters (epsilon = 0.100)
1. Initial log-likelihood: -1932.106
2. Current log-likelihood: -1894.191
3. Current log-likelihood: -1893.773
Optimal log-likelihood: -1893.753
Rate parameters:  A-C: 1.264  A-G: 1.143  A-T: 1.131  C-G: 0.883  C-T: 0.981  G-T: 1.000
Base frequencies:   A: 0.221  C: 0.282  G: 0.280  T: 0.217
Gamma shape alpha: 6.919
Parameters optimization took 3 rounds (0.022 sec)
--------------------------------------------------------------------
|             INITIALIZING CANDIDATE TREE SET                      |
--------------------------------------------------------------------
Computing ML distances based on estimated model parameters... 0.004 sec
Computing BIONJ tree...
0.001 seconds
Log-likelihood of BIONJ tree: -1893.863
Generating 98 parsimony trees... 0.099 seconds 94 distinct starting trees
Computing log-likelihood of 94 initial trees ... 0.175 seconds
Optimizing top 20 initial trees with NNI...
Iteration 1 / LogL: -1893.753 / Time: 0h:0m:0s
Estimate model parameters (epsilon = 0.100)
BETTER SCORE FOUND at iteration 1: -1893.739
Iteration 2 / LogL: -1893.741 / Time: 0h:0m:0s
Iteration 3 / LogL: -1893.741 / Time: 0h:0m:0s
Iteration 4 / LogL: -1893.741 / Time: 0h:0m:0s
Iteration 5 / LogL: -1893.741 / Time: 0h:0m:0s
Iteration 6 / LogL: -1893.741 / Time: 0h:0m:0s
Iteration 7 / LogL: -1893.741 / Time: 0h:0m:0s
Iteration 8 / LogL: -1893.741 / Time: 0h:0m:0s
Iteration 9 / LogL: -1893.741 / Time: 0h:0m:0s
Iteration 10 / LogL: -1893.741 / Time: 0h:0m:0s
Iteration 11 / LogL: -1893.741 / Time: 0h:0m:0s
Iteration 12 / LogL: -1893.741 / Time: 0h:0m:0s
Iteration 13 / LogL: -1893.741 / Time: 0h:0m:0s
Iteration 14 / LogL: -1893.741 / Time: 0h:0m:0s
Iteration 15 / LogL: -1893.741 / Time: 0h:0m:0s
Iteration 16 / LogL: -1893.741 / Time: 0h:0m:0s
Iteration 17 / LogL: -1893.741 / Time: 0h:0m:0s
Iteration 18 / LogL: -1893.741 / Time: 0h:0m:0s
Iteration 19 / LogL: -1893.741 / Time: 0h:0m:0s
Iteration 20 / LogL: -1893.741 / Time: 0h:0m:0s
Average CPU time for 1 NNI search: 0.005
Finish initializing candidate tree set. Number of distinct locally optimal trees: 20
Current best tree score: -1893.739 / CPU time: 0.372
--------------------------------------------------------------------
|               OPTIMIZING CANDIDATE TREE SET                      |
--------------------------------------------------------------------
Iteration 30 / LogL: -1893.746 / Time: 0h:0m:0s (0h:0m:1s left)
Iteration 40 / LogL: -1893.740 / Time: 0h:0m:0s (0h:0m:1s left)
Iteration 50 / LogL: -1917.269 / Time: 0h:0m:0s (0h:0m:0s left)
Iteration 60 / LogL: -1904.684 / Time: 0h:0m:1s (0h:0m:0s left)
Iteration 70 / LogL: -1893.741 / Time: 0h:0m:1s (0h:0m:0s left)
Iteration 80 / LogL: -1893.739 / Time: 0h:0m:1s (0h:0m:0s left)
Iteration 90 / LogL: -1893.740 / Time: 0h:0m:1s (0h:0m:0s left)
Iteration 100 / LogL: -1893.739 / Time: 0h:0m:1s (0h:0m:0s left)
TREE SEARCH COMPLETED AFTER 101 ITERATIONS / Time: 0h:0m:1s

--------------------------------------------------------------------
|                    FINALIZING TREE SEARCH                        |
--------------------------------------------------------------------
Performs final model parameters optimization
Estimate model parameters (epsilon = 0.010)
1. Initial log-likelihood: -1893.739
Optimal log-likelihood: -1893.731
Rate parameters:  A-C: 1.284  A-G: 1.161  A-T: 1.149  C-G: 0.892  C-T: 0.999  G-T: 1.000
Base frequencies:   A: 0.221  C: 0.282  G: 0.280  T: 0.217
Gamma shape alpha: 6.939
Parameters optimization took 1 rounds (0.004 sec)
BEST SCORE FOUND : -1893.731

Testing tree branches by SH-like aLRT with 1000 replicates...
CPU Time used:  0.104 sec.
Total tree length: 1.110

Total number of iterations: 101
CPU time used for tree search: 1.628 sec (0h:0m:1s)
Wall-clock time used for tree search: 1.626 sec (0h:0m:1s)
Total CPU time used: 1.772 sec (0h:0m:1s)
Total wall-clock time used: 1.775 sec (0h:0m:1s)

Analysis results written to: 
  IQ-TREE report:                ../simulations/data_D1T2L3I5T4//S/199_pruned.fasta.iqtree
  Maximum-likelihood tree:       ../simulations/data_D1T2L3I5T4//S/199_pruned.fasta.treefile
  Likelihood distances:          ../simulations/data_D1T2L3I5T4//S/199_pruned.fasta.mldist
  Screen log file:               ../simulations/data_D1T2L3I5T4//S/199_pruned.fasta.log

Date and Time: Fri May 25 14:27:37 2018
