IQ-TREE version 1.4.2 for Linux 64-bit built Apr 15 2016
Copyright (c) 2011-2015 Nguyen Lam Tung, Olga Chernomor, Arndt von Haeseler and Bui Quang Minh.

Host:    meduse (AVX2, FMA3, 7 GB RAM)
Command: /home/tannier/programs/iqtree/iqtree-1.4.2-Linux/bin//iqtree -s ../simulations/data_D1T2L3I5T4//S/213_pruned.fasta -m GTR+G -alrt 1000 -redo
Seed:    12220 (Using SPRNG - Scalable Parallel Random Number Generator)
Time:    Fri May 25 14:28:33 2018
Kernel:  AVX

NOTE: Consider using the multicore version because your CPU has 4 cores!

Reading alignment file ../simulations/data_D1T2L3I5T4//S/213_pruned.fasta ... Fasta format detected
Alignment most likely contains DNA/RNA sequences
Alignment has 26 sequences with 300 columns and 178 patterns (155 informative sites)
          Gap/Ambiguity  Composition  p-value
   1  n294_297    0.00%    passed     94.83%
   2  n251_254    0.00%    passed     61.62%
   3  n298_301    0.00%    passed     94.04%
   4  n277_280    0.00%    passed     88.14%
   5  n286_289    0.00%    passed     89.39%
   6  n274_277    0.00%    passed     87.21%
   7  n287_290    0.00%    passed     95.52%
   8  n236_239    0.00%    passed     82.50%
   9  n200_203    0.00%    passed     99.40%
  10  n296_299    0.00%    passed     93.26%
  11  n275_278    0.00%    passed     98.74%
  12  n266_269    0.00%    passed     44.65%
  13  n244_247    0.00%    passed     90.97%
  14  n295_298    0.00%    passed     89.53%
  15  n285_288    0.00%    passed     92.70%
  16  n299_302    0.00%    passed     89.73%
  17  n290_293    0.00%    passed     90.43%
  18  n280_283    0.00%    passed     89.18%
  19  n292_295    0.00%    passed     89.73%
  20  n289_292    0.00%    passed     89.53%
  21  n297_300    0.00%    passed     98.21%
  22  n255_258    0.00%    passed     61.02%
  23  n265_268    0.00%    passed     49.08%
  24  n300_303    0.00%    passed     89.73%
  25  n278_281    0.00%    passed     95.03%
  26  n293_296    0.00%    passed     95.40%
****  TOTAL       0.00%  0 sequences failed composition chi2 test (p-value<5%; df=3)
NOTE: 2 identical sequences (see below) will be ignored for subsequent analysis
NOTE: n292_295 (identical to n299_302) is ignored but added at the end
NOTE: n300_303 (identical to n299_302) is ignored but added at the end

Create initial parsimony tree by phylogenetic likelihood library (PLL)... 0.001 seconds

NOTE: 0 MB RAM is required!
Estimate model parameters (epsilon = 0.100)
1. Initial log-likelihood: -2063.989
2. Current log-likelihood: -2008.496
3. Current log-likelihood: -2008.045
Optimal log-likelihood: -2008.027
Rate parameters:  A-C: 0.967  A-G: 0.833  A-T: 0.661  C-G: 0.690  C-T: 0.770  G-T: 1.000
Base frequencies:   A: 0.216  C: 0.282  G: 0.253  T: 0.250
Gamma shape alpha: 998.278
Parameters optimization took 3 rounds (0.019 sec)
--------------------------------------------------------------------
|             INITIALIZING CANDIDATE TREE SET                      |
--------------------------------------------------------------------
Computing ML distances based on estimated model parameters... 0.000 sec
Computing BIONJ tree...
0.001 seconds
Log-likelihood of BIONJ tree: -2008.026
Generating 98 parsimony trees... 0.095 seconds 85 distinct starting trees
Computing log-likelihood of 85 initial trees ... 0.168 seconds
Optimizing top 20 initial trees with NNI...
Iteration 1 / LogL: -2008.026 / Time: 0h:0m:0s
Estimate model parameters (epsilon = 0.100)
BETTER SCORE FOUND at iteration 1: -2008.018
Iteration 2 / LogL: -2008.020 / Time: 0h:0m:0s
Iteration 3 / LogL: -2008.020 / Time: 0h:0m:0s
Iteration 4 / LogL: -2008.020 / Time: 0h:0m:0s
Iteration 5 / LogL: -2008.020 / Time: 0h:0m:0s
Iteration 6 / LogL: -2008.020 / Time: 0h:0m:0s
Iteration 7 / LogL: -2008.020 / Time: 0h:0m:0s
Iteration 8 / LogL: -2008.020 / Time: 0h:0m:0s
Iteration 9 / LogL: -2008.020 / Time: 0h:0m:0s
Iteration 10 / LogL: -2008.020 / Time: 0h:0m:0s
Iteration 11 / LogL: -2008.020 / Time: 0h:0m:0s
Iteration 12 / LogL: -2008.020 / Time: 0h:0m:0s
Iteration 13 / LogL: -2008.020 / Time: 0h:0m:0s
Iteration 14 / LogL: -2008.020 / Time: 0h:0m:0s
Iteration 15 / LogL: -2008.020 / Time: 0h:0m:0s
Iteration 16 / LogL: -2008.020 / Time: 0h:0m:0s
Iteration 17 / LogL: -2008.020 / Time: 0h:0m:0s
Iteration 18 / LogL: -2008.020 / Time: 0h:0m:0s
Iteration 19 / LogL: -2008.020 / Time: 0h:0m:0s
Iteration 20 / LogL: -2008.020 / Time: 0h:0m:0s
Average CPU time for 1 NNI search: 0.005
Finish initializing candidate tree set. Number of distinct locally optimal trees: 20
Current best tree score: -2008.018 / CPU time: 0.368
--------------------------------------------------------------------
|               OPTIMIZING CANDIDATE TREE SET                      |
--------------------------------------------------------------------
Iteration 30 / LogL: -2008.019 / Time: 0h:0m:0s (0h:0m:1s left)
Iteration 40 / LogL: -2192.574 / Time: 0h:0m:0s (0h:0m:1s left)
Iteration 50 / LogL: -2017.147 / Time: 0h:0m:0s (0h:0m:0s left)
Iteration 60 / LogL: -2008.018 / Time: 0h:0m:1s (0h:0m:0s left)
Iteration 70 / LogL: -2008.019 / Time: 0h:0m:1s (0h:0m:0s left)
Iteration 80 / LogL: -2014.404 / Time: 0h:0m:1s (0h:0m:0s left)
Iteration 90 / LogL: -2022.213 / Time: 0h:0m:1s (0h:0m:0s left)
Iteration 100 / LogL: -2008.018 / Time: 0h:0m:1s (0h:0m:0s left)
TREE SEARCH COMPLETED AFTER 101 ITERATIONS / Time: 0h:0m:1s

--------------------------------------------------------------------
|                    FINALIZING TREE SEARCH                        |
--------------------------------------------------------------------
Performs final model parameters optimization
Estimate model parameters (epsilon = 0.010)
1. Initial log-likelihood: -2008.018
Optimal log-likelihood: -2008.014
Rate parameters:  A-C: 0.979  A-G: 0.840  A-T: 0.668  C-G: 0.699  C-T: 0.782  G-T: 1.000
Base frequencies:   A: 0.216  C: 0.282  G: 0.253  T: 0.250
Gamma shape alpha: 998.278
Parameters optimization took 1 rounds (0.006 sec)
BEST SCORE FOUND : -2008.014

Testing tree branches by SH-like aLRT with 1000 replicates...
CPU Time used:  0.108 sec.
Total tree length: 1.171

Total number of iterations: 101
CPU time used for tree search: 1.548 sec (0h:0m:1s)
Wall-clock time used for tree search: 1.546 sec (0h:0m:1s)
Total CPU time used: 1.696 sec (0h:0m:1s)
Total wall-clock time used: 1.696 sec (0h:0m:1s)

Analysis results written to: 
  IQ-TREE report:                ../simulations/data_D1T2L3I5T4//S/213_pruned.fasta.iqtree
  Maximum-likelihood tree:       ../simulations/data_D1T2L3I5T4//S/213_pruned.fasta.treefile
  Likelihood distances:          ../simulations/data_D1T2L3I5T4//S/213_pruned.fasta.mldist
  Screen log file:               ../simulations/data_D1T2L3I5T4//S/213_pruned.fasta.log

Date and Time: Fri May 25 14:28:34 2018
