IQ-TREE version 1.4.2 for Linux 64-bit built Apr 15 2016
Copyright (c) 2011-2015 Nguyen Lam Tung, Olga Chernomor, Arndt von Haeseler and Bui Quang Minh.

Host:    meduse (AVX2, FMA3, 7 GB RAM)
Command: /home/tannier/programs/iqtree/iqtree-1.4.2-Linux/bin//iqtree -s ../simulations/data_D1T2L3I5T4//S/216_pruned.fasta -m GTR+G -alrt 1000 -redo
Seed:    375402 (Using SPRNG - Scalable Parallel Random Number Generator)
Time:    Fri May 25 14:19:08 2018
Kernel:  AVX

NOTE: Consider using the multicore version because your CPU has 4 cores!

Reading alignment file ../simulations/data_D1T2L3I5T4//S/216_pruned.fasta ... Fasta format detected
Alignment most likely contains DNA/RNA sequences
Alignment has 26 sequences with 300 columns and 191 patterns (158 informative sites)
          Gap/Ambiguity  Composition  p-value
   1  n236_237    0.00%    passed     92.39%
   2  n266_267    0.00%    passed     81.86%
   3  n296_297    0.00%    passed     92.37%
   4  n277_278    0.00%    passed     94.63%
   5  n290_291    0.00%    passed     92.37%
   6  n255_256    0.00%    passed     71.86%
   7  n295_296    0.00%    passed     88.97%
   8  n286_287    0.00%    passed     99.33%
   9  n298_299    0.00%    passed     99.42%
  10  n299_300    0.00%    passed     92.20%
  11  n287_288    0.00%    passed     89.41%
  12  n278_279    0.00%    passed     94.46%
  13  n292_293    0.00%    passed     92.20%
  14  n265_266    0.00%    passed     94.27%
  15  n289_290    0.00%    passed     92.37%
  16  n293_294    0.00%    passed     73.49%
  17  n280_281    0.00%    passed     84.80%
  18  n274_275    0.00%    passed     90.53%
  19  n275_276    0.00%    passed     91.53%
  20  n285_286    0.00%    passed     96.55%
  21  n294_295    0.00%    passed     73.49%
  22  n297_298    0.00%    passed     99.42%
  23  n244_245    0.00%    passed     81.31%
  24  n251_252    0.00%    passed     49.80%
  25  n200_201    0.00%    passed     73.57%
  26  n300_301    0.00%    passed     93.24%
****  TOTAL       0.00%  0 sequences failed composition chi2 test (p-value<5%; df=3)
NOTE: 1 identical sequences (see below) will be ignored for subsequent analysis
NOTE: n297_298 (identical to n298_299) is ignored but added at the end

Create initial parsimony tree by phylogenetic likelihood library (PLL)... 0.001 seconds

NOTE: 0 MB RAM is required!
Estimate model parameters (epsilon = 0.100)
1. Initial log-likelihood: -2192.568
2. Current log-likelihood: -2147.848
3. Current log-likelihood: -2146.946
Optimal log-likelihood: -2146.888
Rate parameters:  A-C: 1.239  A-G: 0.906  A-T: 1.091  C-G: 0.938  C-T: 1.660  G-T: 1.000
Base frequencies:   A: 0.267  C: 0.263  G: 0.258  T: 0.212
Gamma shape alpha: 14.499
Parameters optimization took 3 rounds (0.030 sec)
--------------------------------------------------------------------
|             INITIALIZING CANDIDATE TREE SET                      |
--------------------------------------------------------------------
Computing ML distances based on estimated model parameters... 0.004 sec
Computing BIONJ tree...
0.000 seconds
Log-likelihood of BIONJ tree: -2146.888
Generating 98 parsimony trees... 0.097 seconds 12 distinct starting trees
Computing log-likelihood of 12 initial trees ... 0.023 seconds
Optimizing top 12 initial trees with NNI...
Iteration 1 / LogL: -2146.888 / Time: 0h:0m:0s
Estimate model parameters (epsilon = 0.100)
BETTER SCORE FOUND at iteration 1: -2146.877
Iteration 2 / LogL: -2146.878 / Time: 0h:0m:0s
Iteration 3 / LogL: -2146.879 / Time: 0h:0m:0s
Iteration 4 / LogL: -2146.879 / Time: 0h:0m:0s
Iteration 5 / LogL: -2146.879 / Time: 0h:0m:0s
Iteration 6 / LogL: -2146.879 / Time: 0h:0m:0s
Iteration 7 / LogL: -2146.879 / Time: 0h:0m:0s
Iteration 8 / LogL: -2146.879 / Time: 0h:0m:0s
Iteration 9 / LogL: -2146.879 / Time: 0h:0m:0s
Iteration 10 / LogL: -2146.879 / Time: 0h:0m:0s
Iteration 11 / LogL: -2146.879 / Time: 0h:0m:0s
Iteration 12 / LogL: -2146.879 / Time: 0h:0m:0s
Average CPU time for 1 NNI search: 0.006
Finish initializing candidate tree set. Number of distinct locally optimal trees: 12
Current best tree score: -2146.877 / CPU time: 0.196
--------------------------------------------------------------------
|               OPTIMIZING CANDIDATE TREE SET                      |
--------------------------------------------------------------------
Iteration 20 / LogL: -2147.123 / Time: 0h:0m:0s (0h:0m:1s left)
Iteration 30 / LogL: -2146.972 / Time: 0h:0m:0s (0h:0m:1s left)
Iteration 40 / LogL: -2147.350 / Time: 0h:0m:0s (0h:0m:1s left)
Iteration 50 / LogL: -2149.309 / Time: 0h:0m:0s (0h:0m:0s left)
Iteration 60 / LogL: -2149.302 / Time: 0h:0m:1s (0h:0m:0s left)
Iteration 70 / LogL: -2147.144 / Time: 0h:0m:1s (0h:0m:0s left)
Iteration 80 / LogL: -2146.885 / Time: 0h:0m:1s (0h:0m:0s left)
Iteration 90 / LogL: -2146.887 / Time: 0h:0m:1s (0h:0m:0s left)
Iteration 100 / LogL: -2146.882 / Time: 0h:0m:1s (0h:0m:0s left)
TREE SEARCH COMPLETED AFTER 101 ITERATIONS / Time: 0h:0m:1s

--------------------------------------------------------------------
|                    FINALIZING TREE SEARCH                        |
--------------------------------------------------------------------
Performs final model parameters optimization
Estimate model parameters (epsilon = 0.010)
1. Initial log-likelihood: -2146.877
2. Current log-likelihood: -2146.853
Optimal log-likelihood: -2146.849
Rate parameters:  A-C: 1.286  A-G: 0.922  A-T: 1.133  C-G: 0.983  C-T: 1.729  G-T: 1.000
Base frequencies:   A: 0.267  C: 0.263  G: 0.258  T: 0.212
Gamma shape alpha: 14.504
Parameters optimization took 2 rounds (0.009 sec)
BEST SCORE FOUND : -2146.849

Testing tree branches by SH-like aLRT with 1000 replicates...
CPU Time used:  0.116 sec.
Total tree length: 1.308

Total number of iterations: 101
CPU time used for tree search: 1.732 sec (0h:0m:1s)
Wall-clock time used for tree search: 1.734 sec (0h:0m:1s)
Total CPU time used: 1.908 sec (0h:0m:1s)
Total wall-clock time used: 1.908 sec (0h:0m:1s)

Analysis results written to: 
  IQ-TREE report:                ../simulations/data_D1T2L3I5T4//S/216_pruned.fasta.iqtree
  Maximum-likelihood tree:       ../simulations/data_D1T2L3I5T4//S/216_pruned.fasta.treefile
  Likelihood distances:          ../simulations/data_D1T2L3I5T4//S/216_pruned.fasta.mldist
  Screen log file:               ../simulations/data_D1T2L3I5T4//S/216_pruned.fasta.log

Date and Time: Fri May 25 14:19:10 2018
