IQ-TREE version 1.4.2 for Linux 64-bit built Apr 15 2016
Copyright (c) 2011-2015 Nguyen Lam Tung, Olga Chernomor, Arndt von Haeseler and Bui Quang Minh.

Host:    meduse (AVX2, FMA3, 7 GB RAM)
Command: /home/tannier/programs/iqtree/iqtree-1.4.2-Linux/bin//iqtree -s ../simulations/data_D1T2L3I5T4//S/226_pruned.fasta -m GTR+G -alrt 1000 -redo
Seed:    794018 (Using SPRNG - Scalable Parallel Random Number Generator)
Time:    Fri May 25 14:22:40 2018
Kernel:  AVX

NOTE: Consider using the multicore version because your CPU has 4 cores!

Reading alignment file ../simulations/data_D1T2L3I5T4//S/226_pruned.fasta ... Fasta format detected
Alignment most likely contains DNA/RNA sequences
Alignment has 26 sequences with 300 columns and 184 patterns (168 informative sites)
          Gap/Ambiguity  Composition  p-value
   1  n236_237    0.00%    passed     96.78%
   2  n266_267    0.00%    passed     99.72%
   3  n296_297    0.00%    passed     99.71%
   4  n277_278    0.00%    passed     91.14%
   5  n290_291    0.00%    passed     90.52%
   6  n255_256    0.00%    passed     75.66%
   7  n295_296    0.00%    passed     99.79%
   8  n286_287    0.00%    passed     45.57%
   9  n298_299    0.00%    passed     87.76%
  10  n299_300    0.00%    passed     78.42%
  11  n287_288    0.00%    passed     94.17%
  12  n278_279    0.00%    passed     98.84%
  13  n292_293    0.00%    passed     76.95%
  14  n265_266    0.00%    passed     96.42%
  15  n289_290    0.00%    passed     95.26%
  16  n293_294    0.00%    passed     96.32%
  17  n280_281    0.00%    passed     58.08%
  18  n274_275    0.00%    passed     66.21%
  19  n275_276    0.00%    passed     94.62%
  20  n285_286    0.00%    passed     54.26%
  21  n294_295    0.00%    passed     96.81%
  22  n297_298    0.00%    passed     92.71%
  23  n244_245    0.00%    passed     64.97%
  24  n251_252    0.00%    passed     96.31%
  25  n200_201    0.00%    passed     87.59%
  26  n300_301    0.00%    passed     78.42%
****  TOTAL       0.00%  0 sequences failed composition chi2 test (p-value<5%; df=3)
NOTE: 1 identical sequences (see below) will be ignored for subsequent analysis
NOTE: n300_301 (identical to n299_300) is ignored but added at the end

Create initial parsimony tree by phylogenetic likelihood library (PLL)... 0.001 seconds

NOTE: 0 MB RAM is required!
Estimate model parameters (epsilon = 0.100)
1. Initial log-likelihood: -2117.801
2. Current log-likelihood: -2090.610
3. Current log-likelihood: -2090.378
Optimal log-likelihood: -2090.373
Rate parameters:  A-C: 0.948  A-G: 1.172  A-T: 1.141  C-G: 0.979  C-T: 1.145  G-T: 1.000
Base frequencies:   A: 0.238  C: 0.241  G: 0.269  T: 0.253
Gamma shape alpha: 4.580
Parameters optimization took 3 rounds (0.023 sec)
--------------------------------------------------------------------
|             INITIALIZING CANDIDATE TREE SET                      |
--------------------------------------------------------------------
Computing ML distances based on estimated model parameters... 0.004 sec
Computing BIONJ tree...
0.001 seconds
Log-likelihood of BIONJ tree: -2090.373
Generating 99 parsimony trees... 0.087 seconds 1 distinct starting trees
Computing log-likelihood of 1 initial trees ... 0.000 seconds
Optimizing top 1 initial trees with NNI...
Iteration 1 / LogL: -2090.373 / Time: 0h:0m:0s
Estimate model parameters (epsilon = 0.100)
BETTER SCORE FOUND at iteration 1: -2090.352
Average CPU time for 1 NNI search: 0.012
Finish initializing candidate tree set. Number of distinct locally optimal trees: 1
Current best tree score: -2090.352 / CPU time: 0.100
--------------------------------------------------------------------
|               OPTIMIZING CANDIDATE TREE SET                      |
--------------------------------------------------------------------
Iteration 10 / LogL: -2090.363 / Time: 0h:0m:0s
Iteration 20 / LogL: -2090.374 / Time: 0h:0m:0s (0h:0m:1s left)
Iteration 30 / LogL: -2090.353 / Time: 0h:0m:0s (0h:0m:1s left)
Iteration 40 / LogL: -2090.369 / Time: 0h:0m:0s (0h:0m:1s left)
Iteration 50 / LogL: -2155.500 / Time: 0h:0m:0s (0h:0m:0s left)
Iteration 60 / LogL: -2090.383 / Time: 0h:0m:1s (0h:0m:0s left)
Iteration 70 / LogL: -2090.352 / Time: 0h:0m:1s (0h:0m:0s left)
Iteration 80 / LogL: -2090.353 / Time: 0h:0m:1s (0h:0m:0s left)
Iteration 90 / LogL: -2090.478 / Time: 0h:0m:1s (0h:0m:0s left)
Iteration 100 / LogL: -2091.142 / Time: 0h:0m:1s (0h:0m:0s left)
TREE SEARCH COMPLETED AFTER 101 ITERATIONS / Time: 0h:0m:1s

--------------------------------------------------------------------
|                    FINALIZING TREE SEARCH                        |
--------------------------------------------------------------------
Performs final model parameters optimization
Estimate model parameters (epsilon = 0.010)
1. Initial log-likelihood: -2090.352
Optimal log-likelihood: -2090.350
Rate parameters:  A-C: 0.950  A-G: 1.188  A-T: 1.156  C-G: 0.958  C-T: 1.150  G-T: 1.000
Base frequencies:   A: 0.238  C: 0.241  G: 0.269  T: 0.253
Gamma shape alpha: 4.604
Parameters optimization took 1 rounds (0.006 sec)
BEST SCORE FOUND : -2090.350

Testing tree branches by SH-like aLRT with 1000 replicates...
CPU Time used:  0.108 sec.
Total tree length: 1.219

Total number of iterations: 101
CPU time used for tree search: 1.832 sec (0h:0m:1s)
Wall-clock time used for tree search: 1.831 sec (0h:0m:1s)
Total CPU time used: 1.984 sec (0h:0m:1s)
Total wall-clock time used: 1.990 sec (0h:0m:1s)

Analysis results written to: 
  IQ-TREE report:                ../simulations/data_D1T2L3I5T4//S/226_pruned.fasta.iqtree
  Maximum-likelihood tree:       ../simulations/data_D1T2L3I5T4//S/226_pruned.fasta.treefile
  Likelihood distances:          ../simulations/data_D1T2L3I5T4//S/226_pruned.fasta.mldist
  Screen log file:               ../simulations/data_D1T2L3I5T4//S/226_pruned.fasta.log

Date and Time: Fri May 25 14:22:42 2018
