IQ-TREE version 1.4.2 for Linux 64-bit built Apr 15 2016
Copyright (c) 2011-2015 Nguyen Lam Tung, Olga Chernomor, Arndt von Haeseler and Bui Quang Minh.

Host:    meduse (AVX2, FMA3, 7 GB RAM)
Command: /home/tannier/programs/iqtree/iqtree-1.4.2-Linux/bin//iqtree -s ../simulations/data_D1T2L3I5T4//S/232_pruned.fasta -m GTR+G -alrt 1000 -redo
Seed:    540673 (Using SPRNG - Scalable Parallel Random Number Generator)
Time:    Fri May 25 14:18:50 2018
Kernel:  AVX

NOTE: Consider using the multicore version because your CPU has 4 cores!

Reading alignment file ../simulations/data_D1T2L3I5T4//S/232_pruned.fasta ... Fasta format detected
Alignment most likely contains DNA/RNA sequences
Alignment has 26 sequences with 300 columns and 177 patterns (163 informative sites)
          Gap/Ambiguity  Composition  p-value
   1  n236_237    0.00%    passed     86.69%
   2  n266_267    0.00%    passed     57.25%
   3  n296_297    0.00%    passed     98.21%
   4  n277_278    0.00%    passed     91.92%
   5  n290_291    0.00%    passed     99.84%
   6  n255_256    0.00%    passed     94.88%
   7  n295_296    0.00%    passed     98.21%
   8  n286_287    0.00%    passed     87.76%
   9  n298_299    0.00%    passed     99.49%
  10  n299_300    0.00%    passed     80.45%
  11  n287_288    0.00%    passed     99.59%
  12  n278_279    0.00%    passed     88.50%
  13  n292_293    0.00%    passed     88.68%
  14  n265_266    0.00%    passed     69.84%
  15  n289_290    0.00%    passed     99.59%
  16  n293_294    0.00%    passed     97.17%
  17  n280_281    0.00%    passed     80.51%
  18  n274_275    0.00%    passed     79.12%
  19  n275_276    0.00%    passed     99.59%
  20  n285_286    0.00%    passed     83.45%
  21  n294_295    0.00%    passed     98.68%
  22  n297_298    0.00%    passed     98.99%
  23  n244_245    0.00%    passed     67.85%
  24  n251_252    0.00%    passed     73.24%
  25  n200_201    0.00%    passed     90.26%
  26  n300_301    0.00%    passed     82.17%
****  TOTAL       0.00%  0 sequences failed composition chi2 test (p-value<5%; df=3)
NOTE: 2 identical sequences (see below) will be ignored for subsequent analysis
NOTE: n295_296 (identical to n296_297) is ignored but added at the end
NOTE: n289_290 (identical to n287_288) is ignored but added at the end

Create initial parsimony tree by phylogenetic likelihood library (PLL)... 0.001 seconds

NOTE: 0 MB RAM is required!
Estimate model parameters (epsilon = 0.100)
1. Initial log-likelihood: -1998.429
2. Current log-likelihood: -1970.049
3. Current log-likelihood: -1969.683
Optimal log-likelihood: -1969.681
Rate parameters:  A-C: 1.257  A-G: 1.188  A-T: 1.218  C-G: 1.151  C-T: 1.102  G-T: 1.000
Base frequencies:   A: 0.218  C: 0.288  G: 0.231  T: 0.263
Gamma shape alpha: 3.806
Parameters optimization took 3 rounds (0.022 sec)
--------------------------------------------------------------------
|             INITIALIZING CANDIDATE TREE SET                      |
--------------------------------------------------------------------
Computing ML distances based on estimated model parameters... 0.004 sec
Computing BIONJ tree...
0.001 seconds
Log-likelihood of BIONJ tree: -1969.680
Generating 98 parsimony trees... 0.085 seconds 30 distinct starting trees
Computing log-likelihood of 30 initial trees ... 0.061 seconds
Optimizing top 20 initial trees with NNI...
Iteration 1 / LogL: -1969.681 / Time: 0h:0m:0s
Estimate model parameters (epsilon = 0.100)
BETTER SCORE FOUND at iteration 1: -1969.680
Iteration 2 / LogL: -1969.681 / Time: 0h:0m:0s
Iteration 3 / LogL: -1969.772 / Time: 0h:0m:0s
Iteration 4 / LogL: -1969.772 / Time: 0h:0m:0s
Iteration 5 / LogL: -1969.772 / Time: 0h:0m:0s
Iteration 6 / LogL: -1969.772 / Time: 0h:0m:0s
Iteration 7 / LogL: -1969.772 / Time: 0h:0m:0s
Iteration 8 / LogL: -1969.772 / Time: 0h:0m:0s
Iteration 9 / LogL: -1969.772 / Time: 0h:0m:0s
Iteration 10 / LogL: -1969.772 / Time: 0h:0m:0s
Iteration 11 / LogL: -1969.772 / Time: 0h:0m:0s
Iteration 12 / LogL: -1969.772 / Time: 0h:0m:0s
Iteration 13 / LogL: -1969.772 / Time: 0h:0m:0s
Iteration 14 / LogL: -1969.772 / Time: 0h:0m:0s
Iteration 15 / LogL: -1969.772 / Time: 0h:0m:0s
Iteration 16 / LogL: -1969.772 / Time: 0h:0m:0s
Iteration 17 / LogL: -1969.772 / Time: 0h:0m:0s
Iteration 18 / LogL: -1969.772 / Time: 0h:0m:0s
Iteration 19 / LogL: -1969.772 / Time: 0h:0m:0s
Iteration 20 / LogL: -1969.772 / Time: 0h:0m:0s
Average CPU time for 1 NNI search: 0.005
Finish initializing candidate tree set. Number of distinct locally optimal trees: 20
Current best tree score: -1969.680 / CPU time: 0.256
--------------------------------------------------------------------
|               OPTIMIZING CANDIDATE TREE SET                      |
--------------------------------------------------------------------
Iteration 30 / LogL: -1978.769 / Time: 0h:0m:0s (0h:0m:1s left)
Iteration 40 / LogL: -1969.683 / Time: 0h:0m:0s (0h:0m:0s left)
Iteration 50 / LogL: -1969.707 / Time: 0h:0m:0s (0h:0m:0s left)
Iteration 60 / LogL: -1974.419 / Time: 0h:0m:0s (0h:0m:0s left)
Iteration 70 / LogL: -1969.681 / Time: 0h:0m:1s (0h:0m:0s left)
Iteration 80 / LogL: -1969.681 / Time: 0h:0m:1s (0h:0m:0s left)
Iteration 90 / LogL: -1969.756 / Time: 0h:0m:1s (0h:0m:0s left)
Iteration 100 / LogL: -1969.713 / Time: 0h:0m:1s (0h:0m:0s left)
TREE SEARCH COMPLETED AFTER 101 ITERATIONS / Time: 0h:0m:1s

--------------------------------------------------------------------
|                    FINALIZING TREE SEARCH                        |
--------------------------------------------------------------------
Performs final model parameters optimization
Estimate model parameters (epsilon = 0.010)
1. Initial log-likelihood: -1969.680
Optimal log-likelihood: -1969.679
Rate parameters:  A-C: 1.254  A-G: 1.187  A-T: 1.215  C-G: 1.149  C-T: 1.099  G-T: 1.000
Base frequencies:   A: 0.218  C: 0.288  G: 0.231  T: 0.263
Gamma shape alpha: 3.806
Parameters optimization took 1 rounds (0.005 sec)
BEST SCORE FOUND : -1969.679

Testing tree branches by SH-like aLRT with 1000 replicates...
CPU Time used:  0.112 sec.
Total tree length: 1.174

Total number of iterations: 101
CPU time used for tree search: 1.440 sec (0h:0m:1s)
Wall-clock time used for tree search: 1.439 sec (0h:0m:1s)
Total CPU time used: 1.596 sec (0h:0m:1s)
Total wall-clock time used: 1.597 sec (0h:0m:1s)

Analysis results written to: 
  IQ-TREE report:                ../simulations/data_D1T2L3I5T4//S/232_pruned.fasta.iqtree
  Maximum-likelihood tree:       ../simulations/data_D1T2L3I5T4//S/232_pruned.fasta.treefile
  Likelihood distances:          ../simulations/data_D1T2L3I5T4//S/232_pruned.fasta.mldist
  Screen log file:               ../simulations/data_D1T2L3I5T4//S/232_pruned.fasta.log

Date and Time: Fri May 25 14:18:52 2018
