IQ-TREE version 1.4.2 for Linux 64-bit built Apr 15 2016
Copyright (c) 2011-2015 Nguyen Lam Tung, Olga Chernomor, Arndt von Haeseler and Bui Quang Minh.

Host:    meduse (AVX2, FMA3, 7 GB RAM)
Command: /home/tannier/programs/iqtree/iqtree-1.4.2-Linux/bin//iqtree -s ../simulations/data_D1T2L3I5T4//S/233_pruned.fasta -m GTR+G -alrt 1000 -redo
Seed:    626025 (Using SPRNG - Scalable Parallel Random Number Generator)
Time:    Fri May 25 14:18:58 2018
Kernel:  AVX

NOTE: Consider using the multicore version because your CPU has 4 cores!

Reading alignment file ../simulations/data_D1T2L3I5T4//S/233_pruned.fasta ... Fasta format detected
Alignment most likely contains DNA/RNA sequences
Alignment has 26 sequences with 300 columns and 151 patterns (138 informative sites)
          Gap/Ambiguity  Composition  p-value
   1  n236_237    0.00%    passed     96.37%
   2  n298_301    0.00%    passed     99.04%
   3  n277_280    0.00%    passed     99.05%
   4  n286_289    0.00%    passed     68.80%
   5  n280_283    0.00%    passed     98.47%
   6  n251_254    0.00%    passed     96.94%
   7  n287_290    0.00%    passed     97.21%
   8  n296_299    0.00%    passed    100.00%
   9  n292_295    0.00%    passed     96.91%
  10  n275_278    0.00%    passed     99.04%
  11  n266_269    0.00%    passed     97.12%
  12  n255_258    0.00%    passed     93.17%
  13  n295_298    0.00%    passed    100.00%
  14  n285_288    0.00%    passed     72.84%
  15  n299_302    0.00%    passed     93.57%
  16  n200_248    0.00%    passed     99.14%
  17  n290_293    0.00%    passed     99.22%
  18  n289_292    0.00%    passed     95.02%
  19  n244_245    0.00%    passed     88.13%
  20  n297_300    0.00%    passed     99.04%
  21  n265_268    0.00%    passed     94.92%
  22  n274_277    0.00%    passed     88.63%
  23  n300_303    0.00%    passed     94.04%
  24  n278_281    0.00%    passed     99.36%
  25  n294_297    0.00%    passed     99.81%
  26  n293_296    0.00%    passed     99.81%
****  TOTAL       0.00%  0 sequences failed composition chi2 test (p-value<5%; df=3)
NOTE: 3 identical sequences (see below) will be ignored for subsequent analysis
NOTE: n297_300 (identical to n298_301) is ignored but added at the end
NOTE: n295_298 (identical to n296_299) is ignored but added at the end
NOTE: n293_296 (identical to n294_297) is ignored but added at the end

Create initial parsimony tree by phylogenetic likelihood library (PLL)... 0.001 seconds

NOTE: 0 MB RAM is required!
Estimate model parameters (epsilon = 0.100)
1. Initial log-likelihood: -1812.613
2. Current log-likelihood: -1780.557
3. Current log-likelihood: -1780.334
Optimal log-likelihood: -1780.306
Rate parameters:  A-C: 0.955  A-G: 0.878  A-T: 0.852  C-G: 0.697  C-T: 0.980  G-T: 1.000
Base frequencies:   A: 0.210  C: 0.257  G: 0.303  T: 0.230
Gamma shape alpha: 3.013
Parameters optimization took 3 rounds (0.017 sec)
--------------------------------------------------------------------
|             INITIALIZING CANDIDATE TREE SET                      |
--------------------------------------------------------------------
Computing ML distances based on estimated model parameters... 0.000 sec
Computing BIONJ tree...
0.000 seconds
Log-likelihood of BIONJ tree: -1780.306
Generating 98 parsimony trees... 0.078 seconds 38 distinct starting trees
Computing log-likelihood of 38 initial trees ... 0.067 seconds
Optimizing top 20 initial trees with NNI...
Iteration 1 / LogL: -1780.306 / Time: 0h:0m:0s
Estimate model parameters (epsilon = 0.100)
BETTER SCORE FOUND at iteration 1: -1780.292
Iteration 2 / LogL: -1780.293 / Time: 0h:0m:0s
Iteration 3 / LogL: -1780.295 / Time: 0h:0m:0s
Iteration 4 / LogL: -1780.295 / Time: 0h:0m:0s
Iteration 5 / LogL: -1780.295 / Time: 0h:0m:0s
Iteration 6 / LogL: -1780.295 / Time: 0h:0m:0s
Iteration 7 / LogL: -1780.295 / Time: 0h:0m:0s
Iteration 8 / LogL: -1780.295 / Time: 0h:0m:0s
Iteration 9 / LogL: -1780.295 / Time: 0h:0m:0s
Iteration 10 / LogL: -1780.295 / Time: 0h:0m:0s
Iteration 11 / LogL: -1780.295 / Time: 0h:0m:0s
Iteration 12 / LogL: -1780.295 / Time: 0h:0m:0s
Iteration 13 / LogL: -1780.295 / Time: 0h:0m:0s
Iteration 14 / LogL: -1780.295 / Time: 0h:0m:0s
Iteration 15 / LogL: -1780.295 / Time: 0h:0m:0s
Iteration 16 / LogL: -1780.295 / Time: 0h:0m:0s
Iteration 17 / LogL: -1780.295 / Time: 0h:0m:0s
Iteration 18 / LogL: -1780.295 / Time: 0h:0m:0s
Iteration 19 / LogL: -1780.295 / Time: 0h:0m:0s
Iteration 20 / LogL: -1780.295 / Time: 0h:0m:0s
Average CPU time for 1 NNI search: 0.004
Finish initializing candidate tree set. Number of distinct locally optimal trees: 20
Current best tree score: -1780.292 / CPU time: 0.236
--------------------------------------------------------------------
|               OPTIMIZING CANDIDATE TREE SET                      |
--------------------------------------------------------------------
Iteration 30 / LogL: -1780.313 / Time: 0h:0m:0s (0h:0m:0s left)
Iteration 40 / LogL: -1780.318 / Time: 0h:0m:0s (0h:0m:0s left)
Iteration 50 / LogL: -1780.300 / Time: 0h:0m:0s (0h:0m:0s left)
Iteration 60 / LogL: -2159.460 / Time: 0h:0m:0s (0h:0m:0s left)
Iteration 70 / LogL: -1780.299 / Time: 0h:0m:0s (0h:0m:0s left)
Iteration 80 / LogL: -1780.296 / Time: 0h:0m:1s (0h:0m:0s left)
Iteration 90 / LogL: -1780.318 / Time: 0h:0m:1s (0h:0m:0s left)
Iteration 100 / LogL: -1780.292 / Time: 0h:0m:1s (0h:0m:0s left)
TREE SEARCH COMPLETED AFTER 101 ITERATIONS / Time: 0h:0m:1s

--------------------------------------------------------------------
|                    FINALIZING TREE SEARCH                        |
--------------------------------------------------------------------
Performs final model parameters optimization
Estimate model parameters (epsilon = 0.010)
1. Initial log-likelihood: -1780.292
Optimal log-likelihood: -1780.284
Rate parameters:  A-C: 0.972  A-G: 0.889  A-T: 0.867  C-G: 0.712  C-T: 0.997  G-T: 1.000
Base frequencies:   A: 0.210  C: 0.257  G: 0.303  T: 0.230
Gamma shape alpha: 3.013
Parameters optimization took 1 rounds (0.005 sec)
BEST SCORE FOUND : -1780.284

Testing tree branches by SH-like aLRT with 1000 replicates...
CPU Time used:  0.096 sec.
Total tree length: 1.021

Total number of iterations: 101
CPU time used for tree search: 1.316 sec (0h:0m:1s)
Wall-clock time used for tree search: 1.316 sec (0h:0m:1s)
Total CPU time used: 1.448 sec (0h:0m:1s)
Total wall-clock time used: 1.455 sec (0h:0m:1s)

Analysis results written to: 
  IQ-TREE report:                ../simulations/data_D1T2L3I5T4//S/233_pruned.fasta.iqtree
  Maximum-likelihood tree:       ../simulations/data_D1T2L3I5T4//S/233_pruned.fasta.treefile
  Likelihood distances:          ../simulations/data_D1T2L3I5T4//S/233_pruned.fasta.mldist
  Screen log file:               ../simulations/data_D1T2L3I5T4//S/233_pruned.fasta.log

Date and Time: Fri May 25 14:19:00 2018
