IQ-TREE version 1.4.2 for Linux 64-bit built Apr 15 2016
Copyright (c) 2011-2015 Nguyen Lam Tung, Olga Chernomor, Arndt von Haeseler and Bui Quang Minh.

Host:    meduse (AVX2, FMA3, 7 GB RAM)
Command: /home/tannier/programs/iqtree/iqtree-1.4.2-Linux/bin//iqtree -s ../simulations/data_D1T2L3I5T4//S/236_pruned.fasta -m GTR+G -alrt 1000 -redo
Seed:    390280 (Using SPRNG - Scalable Parallel Random Number Generator)
Time:    Fri May 25 14:15:57 2018
Kernel:  AVX

NOTE: Consider using the multicore version because your CPU has 4 cores!

Reading alignment file ../simulations/data_D1T2L3I5T4//S/236_pruned.fasta ... Fasta format detected
Alignment most likely contains DNA/RNA sequences
Alignment has 26 sequences with 300 columns and 170 patterns (151 informative sites)
          Gap/Ambiguity  Composition  p-value
   1  n236_237    0.00%    passed     96.53%
   2  n266_267    0.00%    passed     81.15%
   3  n296_297    0.00%    passed     94.22%
   4  n277_278    0.00%    passed     92.38%
   5  n290_291    0.00%    passed     72.00%
   6  n255_256    0.00%    passed     69.93%
   7  n295_296    0.00%    passed     99.20%
   8  n286_287    0.00%    passed     99.88%
   9  n298_299    0.00%    passed     93.47%
  10  n299_300    0.00%    passed     82.92%
  11  n287_288    0.00%    passed     78.40%
  12  n278_279    0.00%    passed     89.72%
  13  n292_293    0.00%    passed     91.90%
  14  n265_266    0.00%    passed     78.58%
  15  n289_290    0.00%    passed     63.71%
  16  n293_294    0.00%    passed     98.00%
  17  n280_281    0.00%    passed     94.73%
  18  n274_275    0.00%    passed     94.11%
  19  n275_276    0.00%    passed     96.92%
  20  n285_286    0.00%    passed     99.33%
  21  n294_295    0.00%    passed     96.81%
  22  n297_298    0.00%    passed     95.81%
  23  n244_245    0.00%    passed     84.03%
  24  n251_252    0.00%    passed     78.29%
  25  n200_201    0.00%    passed     93.33%
  26  n300_301    0.00%    passed     82.92%
****  TOTAL       0.00%  0 sequences failed composition chi2 test (p-value<5%; df=3)

Create initial parsimony tree by phylogenetic likelihood library (PLL)... 0.001 seconds

NOTE: 0 MB RAM is required!
Estimate model parameters (epsilon = 0.100)
1. Initial log-likelihood: -2027.395
2. Current log-likelihood: -1981.327
3. Current log-likelihood: -1980.856
Optimal log-likelihood: -1980.815
Rate parameters:  A-C: 2.137  A-G: 1.936  A-T: 1.882  C-G: 1.913  C-T: 1.523  G-T: 1.000
Base frequencies:   A: 0.252  C: 0.283  G: 0.243  T: 0.222
Gamma shape alpha: 7.465
Parameters optimization took 3 rounds (0.026 sec)
--------------------------------------------------------------------
|             INITIALIZING CANDIDATE TREE SET                      |
--------------------------------------------------------------------
Computing ML distances based on estimated model parameters... 0.004 sec
Computing BIONJ tree...
0.001 seconds
Log-likelihood of BIONJ tree: -1980.814
Generating 98 parsimony trees... 0.105 seconds 82 distinct starting trees
Computing log-likelihood of 82 initial trees ... 0.171 seconds
Optimizing top 20 initial trees with NNI...
Iteration 1 / LogL: -1980.815 / Time: 0h:0m:0s
Estimate model parameters (epsilon = 0.100)
BETTER SCORE FOUND at iteration 1: -1980.779
Iteration 2 / LogL: -1980.781 / Time: 0h:0m:0s
Iteration 3 / LogL: -1980.782 / Time: 0h:0m:0s
Iteration 4 / LogL: -1980.782 / Time: 0h:0m:0s
Iteration 5 / LogL: -1980.782 / Time: 0h:0m:0s
Iteration 6 / LogL: -1980.782 / Time: 0h:0m:0s
Iteration 7 / LogL: -1980.782 / Time: 0h:0m:0s
Iteration 8 / LogL: -1980.782 / Time: 0h:0m:0s
Iteration 9 / LogL: -1980.782 / Time: 0h:0m:0s
Iteration 10 / LogL: -1980.782 / Time: 0h:0m:0s
Iteration 11 / LogL: -1980.782 / Time: 0h:0m:0s
Iteration 12 / LogL: -1980.782 / Time: 0h:0m:0s
Iteration 13 / LogL: -1980.782 / Time: 0h:0m:0s
Iteration 14 / LogL: -1980.782 / Time: 0h:0m:0s
Iteration 15 / LogL: -1980.782 / Time: 0h:0m:0s
Iteration 16 / LogL: -1980.782 / Time: 0h:0m:0s
Iteration 17 / LogL: -1980.782 / Time: 0h:0m:0s
Iteration 18 / LogL: -1980.782 / Time: 0h:0m:0s
Iteration 19 / LogL: -1980.782 / Time: 0h:0m:0s
Iteration 20 / LogL: -1980.782 / Time: 0h:0m:0s
Average CPU time for 1 NNI search: 0.005
Finish initializing candidate tree set. Number of distinct locally optimal trees: 20
Current best tree score: -1980.779 / CPU time: 0.380
--------------------------------------------------------------------
|               OPTIMIZING CANDIDATE TREE SET                      |
--------------------------------------------------------------------
Iteration 30 / LogL: -1980.781 / Time: 0h:0m:0s (0h:0m:1s left)
Iteration 40 / LogL: -1980.792 / Time: 0h:0m:0s (0h:0m:1s left)
Iteration 50 / LogL: -1980.779 / Time: 0h:0m:0s (0h:0m:0s left)
Iteration 60 / LogL: -2001.287 / Time: 0h:0m:1s (0h:0m:0s left)
Iteration 70 / LogL: -1986.033 / Time: 0h:0m:1s (0h:0m:0s left)
Iteration 80 / LogL: -1990.348 / Time: 0h:0m:1s (0h:0m:0s left)
Iteration 90 / LogL: -2002.507 / Time: 0h:0m:1s (0h:0m:0s left)
Iteration 100 / LogL: -1980.779 / Time: 0h:0m:1s (0h:0m:0s left)
TREE SEARCH COMPLETED AFTER 101 ITERATIONS / Time: 0h:0m:1s

--------------------------------------------------------------------
|                    FINALIZING TREE SEARCH                        |
--------------------------------------------------------------------
Performs final model parameters optimization
Estimate model parameters (epsilon = 0.010)
1. Initial log-likelihood: -1980.779
2. Current log-likelihood: -1980.757
3. Current log-likelihood: -1980.741
4. Current log-likelihood: -1980.728
Optimal log-likelihood: -1980.719
Rate parameters:  A-C: 2.011  A-G: 1.828  A-T: 1.771  C-G: 1.790  C-T: 1.470  G-T: 1.000
Base frequencies:   A: 0.252  C: 0.283  G: 0.243  T: 0.222
Gamma shape alpha: 7.552
Parameters optimization took 4 rounds (0.018 sec)
BEST SCORE FOUND : -1980.719

Testing tree branches by SH-like aLRT with 1000 replicates...
CPU Time used:  0.116 sec.
Total tree length: 1.157

Total number of iterations: 101
CPU time used for tree search: 1.668 sec (0h:0m:1s)
Wall-clock time used for tree search: 1.674 sec (0h:0m:1s)
Total CPU time used: 1.848 sec (0h:0m:1s)
Total wall-clock time used: 1.853 sec (0h:0m:1s)

Analysis results written to: 
  IQ-TREE report:                ../simulations/data_D1T2L3I5T4//S/236_pruned.fasta.iqtree
  Maximum-likelihood tree:       ../simulations/data_D1T2L3I5T4//S/236_pruned.fasta.treefile
  Likelihood distances:          ../simulations/data_D1T2L3I5T4//S/236_pruned.fasta.mldist
  Screen log file:               ../simulations/data_D1T2L3I5T4//S/236_pruned.fasta.log

Date and Time: Fri May 25 14:15:59 2018
