IQ-TREE version 1.4.2 for Linux 64-bit built Apr 15 2016
Copyright (c) 2011-2015 Nguyen Lam Tung, Olga Chernomor, Arndt von Haeseler and Bui Quang Minh.

Host:    meduse (AVX2, FMA3, 7 GB RAM)
Command: /home/tannier/programs/iqtree/iqtree-1.4.2-Linux/bin//iqtree -s ../simulations/data_D1T2L3I5T4//S/237_pruned.fasta -m GTR+G -alrt 1000 -redo
Seed:    14247 (Using SPRNG - Scalable Parallel Random Number Generator)
Time:    Fri May 25 14:35:52 2018
Kernel:  AVX

NOTE: Consider using the multicore version because your CPU has 4 cores!

Reading alignment file ../simulations/data_D1T2L3I5T4//S/237_pruned.fasta ... Fasta format detected
Alignment most likely contains DNA/RNA sequences
Alignment has 26 sequences with 300 columns and 177 patterns (149 informative sites)
          Gap/Ambiguity  Composition  p-value
   1  n236_237    0.00%    passed     93.14%
   2  n266_267    0.00%    passed     46.76%
   3  n296_297    0.00%    passed     84.59%
   4  n277_278    0.00%    passed     98.50%
   5  n290_291    0.00%    passed     78.12%
   6  n255_256    0.00%    passed     86.56%
   7  n295_296    0.00%    passed     89.36%
   8  n286_287    0.00%    passed     37.49%
   9  n298_299    0.00%    passed     84.27%
  10  n299_300    0.00%    passed     99.70%
  11  n287_288    0.00%    passed     78.62%
  12  n278_279    0.00%    passed     99.73%
  13  n292_293    0.00%    passed     98.24%
  14  n265_266    0.00%    passed     62.03%
  15  n289_290    0.00%    passed     75.08%
  16  n293_294    0.00%    passed     84.21%
  17  n280_281    0.00%    passed     99.11%
  18  n274_275    0.00%    passed     99.59%
  19  n275_276    0.00%    passed     88.02%
  20  n285_286    0.00%    passed     33.37%
  21  n294_295    0.00%    passed     83.37%
  22  n297_298    0.00%    passed     87.47%
  23  n244_245    0.00%    passed     56.02%
  24  n251_252    0.00%    passed     85.12%
  25  n200_201    0.00%    passed     99.93%
  26  n300_301    0.00%    passed     98.77%
****  TOTAL       0.00%  0 sequences failed composition chi2 test (p-value<5%; df=3)

Create initial parsimony tree by phylogenetic likelihood library (PLL)... 0.001 seconds

NOTE: 0 MB RAM is required!
Estimate model parameters (epsilon = 0.100)
1. Initial log-likelihood: -2067.125
2. Current log-likelihood: -2016.771
3. Current log-likelihood: -2016.357
Optimal log-likelihood: -2016.329
Rate parameters:  A-C: 1.063  A-G: 1.170  A-T: 1.606  C-G: 0.890  C-T: 1.414  G-T: 1.000
Base frequencies:   A: 0.233  C: 0.298  G: 0.235  T: 0.234
Gamma shape alpha: 24.466
Parameters optimization took 3 rounds (0.024 sec)
--------------------------------------------------------------------
|             INITIALIZING CANDIDATE TREE SET                      |
--------------------------------------------------------------------
Computing ML distances based on estimated model parameters... 0.000 sec
Computing BIONJ tree...
0.001 seconds
Log-likelihood of BIONJ tree: -2017.396
Generating 98 parsimony trees... 0.129 seconds 51 distinct starting trees
Computing log-likelihood of 51 initial trees ... 0.110 seconds
Optimizing top 20 initial trees with NNI...
Iteration 1 / LogL: -2016.329 / Time: 0h:0m:0s
Estimate model parameters (epsilon = 0.100)
BETTER SCORE FOUND at iteration 1: -2016.310
Iteration 2 / LogL: -2016.313 / Time: 0h:0m:0s
Iteration 3 / LogL: -2016.313 / Time: 0h:0m:0s
Iteration 4 / LogL: -2016.313 / Time: 0h:0m:0s
Iteration 5 / LogL: -2016.313 / Time: 0h:0m:0s
Iteration 6 / LogL: -2016.313 / Time: 0h:0m:0s
Iteration 7 / LogL: -2016.313 / Time: 0h:0m:0s
Iteration 8 / LogL: -2016.313 / Time: 0h:0m:0s
Iteration 9 / LogL: -2016.313 / Time: 0h:0m:0s
Iteration 10 / LogL: -2016.313 / Time: 0h:0m:0s
Iteration 11 / LogL: -2016.313 / Time: 0h:0m:0s
Iteration 12 / LogL: -2016.313 / Time: 0h:0m:0s
Iteration 13 / LogL: -2016.313 / Time: 0h:0m:0s
Iteration 14 / LogL: -2016.313 / Time: 0h:0m:0s
Iteration 15 / LogL: -2016.313 / Time: 0h:0m:0s
Iteration 16 / LogL: -2016.313 / Time: 0h:0m:0s
Iteration 17 / LogL: -2016.313 / Time: 0h:0m:0s
Iteration 18 / LogL: -2016.313 / Time: 0h:0m:0s
Iteration 19 / LogL: -2016.313 / Time: 0h:0m:0s
Iteration 20 / LogL: -2016.313 / Time: 0h:0m:0s
Average CPU time for 1 NNI search: 0.006
Finish initializing candidate tree set. Number of distinct locally optimal trees: 20
Current best tree score: -2016.310 / CPU time: 0.348
--------------------------------------------------------------------
|               OPTIMIZING CANDIDATE TREE SET                      |
--------------------------------------------------------------------
Iteration 30 / LogL: -2202.444 / Time: 0h:0m:0s (0h:0m:1s left)
Iteration 40 / LogL: -2148.556 / Time: 0h:0m:0s (0h:0m:1s left)
Iteration 50 / LogL: -2016.310 / Time: 0h:0m:0s (0h:0m:0s left)
Iteration 60 / LogL: -2016.311 / Time: 0h:0m:1s (0h:0m:0s left)
Iteration 70 / LogL: -2258.340 / Time: 0h:0m:1s (0h:0m:0s left)
Iteration 80 / LogL: -2016.310 / Time: 0h:0m:1s (0h:0m:0s left)
Iteration 90 / LogL: -2016.311 / Time: 0h:0m:1s (0h:0m:0s left)
Iteration 100 / LogL: -2016.310 / Time: 0h:0m:1s (0h:0m:0s left)
TREE SEARCH COMPLETED AFTER 101 ITERATIONS / Time: 0h:0m:1s

--------------------------------------------------------------------
|                    FINALIZING TREE SEARCH                        |
--------------------------------------------------------------------
Performs final model parameters optimization
Estimate model parameters (epsilon = 0.010)
1. Initial log-likelihood: -2016.310
2. Current log-likelihood: -2016.297
Optimal log-likelihood: -2016.287
Rate parameters:  A-C: 1.044  A-G: 1.144  A-T: 1.566  C-G: 0.846  C-T: 1.382  G-T: 1.000
Base frequencies:   A: 0.233  C: 0.298  G: 0.235  T: 0.234
Gamma shape alpha: 24.785
Parameters optimization took 2 rounds (0.009 sec)
BEST SCORE FOUND : -2016.287

Testing tree branches by SH-like aLRT with 1000 replicates...
CPU Time used:  0.112 sec.
Total tree length: 1.169

Total number of iterations: 101
CPU time used for tree search: 1.632 sec (0h:0m:1s)
Wall-clock time used for tree search: 1.632 sec (0h:0m:1s)
Total CPU time used: 1.788 sec (0h:0m:1s)
Total wall-clock time used: 1.798 sec (0h:0m:1s)

Analysis results written to: 
  IQ-TREE report:                ../simulations/data_D1T2L3I5T4//S/237_pruned.fasta.iqtree
  Maximum-likelihood tree:       ../simulations/data_D1T2L3I5T4//S/237_pruned.fasta.treefile
  Likelihood distances:          ../simulations/data_D1T2L3I5T4//S/237_pruned.fasta.mldist
  Screen log file:               ../simulations/data_D1T2L3I5T4//S/237_pruned.fasta.log

Date and Time: Fri May 25 14:35:53 2018
