IQ-TREE version 1.4.2 for Linux 64-bit built Apr 15 2016
Copyright (c) 2011-2015 Nguyen Lam Tung, Olga Chernomor, Arndt von Haeseler and Bui Quang Minh.

Host:    meduse (AVX2, FMA3, 7 GB RAM)
Command: /home/tannier/programs/iqtree/iqtree-1.4.2-Linux/bin//iqtree -s ../simulations/data_D1T2L3I5T4//S/241_pruned.fasta -m GTR+G -alrt 1000 -redo
Seed:    210583 (Using SPRNG - Scalable Parallel Random Number Generator)
Time:    Fri May 25 14:19:54 2018
Kernel:  AVX

NOTE: Consider using the multicore version because your CPU has 4 cores!

Reading alignment file ../simulations/data_D1T2L3I5T4//S/241_pruned.fasta ... Fasta format detected
Alignment most likely contains DNA/RNA sequences
Alignment has 26 sequences with 300 columns and 179 patterns (154 informative sites)
          Gap/Ambiguity  Composition  p-value
   1  n236_237    0.00%    passed     78.11%
   2  n266_267    0.00%    passed     93.96%
   3  n298_301    0.00%    passed     47.52%
   4  n277_278    0.00%    passed     36.65%
   5  n200_201    0.00%    passed     92.25%
   6  n255_256    0.00%    passed     85.86%
   7  n286_287    0.00%    passed     48.28%
   8  n278_279    0.00%    passed     43.38%
   9  n289_292    0.00%    passed     73.57%
  10  n287_290    0.00%    passed     86.10%
  11  n296_299    0.00%    passed     68.01%
  12  n292_295    0.00%    passed     25.54%
  13  n293_296    0.00%    passed     60.57%
  14  n299_302    0.00%    passed     30.43%
  15  n265_266    0.00%    passed     73.91%
  16  n295_298    0.00%    passed     64.03%
  17  n290_293    0.00%    passed     84.81%
  18  n280_281    0.00%    passed     27.84%
  19  n274_275    0.00%    passed     27.84%
  20  n275_276    0.00%    passed     59.32%
  21  n285_286    0.00%    passed     42.12%
  22  n244_245    0.00%    passed     95.34%
  23  n297_300    0.00%    passed     57.82%
  24  n251_252    0.00%    passed     73.27%
  25  n300_303    0.00%    passed     25.54%
  26  n294_297    0.00%    passed     60.57%
****  TOTAL       0.00%  0 sequences failed composition chi2 test (p-value<5%; df=3)
NOTE: 2 identical sequences (see below) will be ignored for subsequent analysis
NOTE: n294_297 (identical to n293_296) is ignored but added at the end
NOTE: n274_275 (identical to n280_281) is ignored but added at the end

Create initial parsimony tree by phylogenetic likelihood library (PLL)... 0.001 seconds

NOTE: 0 MB RAM is required!
Estimate model parameters (epsilon = 0.100)
1. Initial log-likelihood: -2039.663
2. Current log-likelihood: -2000.010
3. Current log-likelihood: -1999.615
Optimal log-likelihood: -1999.600
Rate parameters:  A-C: 1.126  A-G: 1.054  A-T: 0.930  C-G: 0.972  C-T: 0.997  G-T: 1.000
Base frequencies:   A: 0.226  C: 0.271  G: 0.244  T: 0.259
Gamma shape alpha: 72.857
Parameters optimization took 3 rounds (0.030 sec)
--------------------------------------------------------------------
|             INITIALIZING CANDIDATE TREE SET                      |
--------------------------------------------------------------------
Computing ML distances based on estimated model parameters... 0.004 sec
Computing BIONJ tree...
0.000 seconds
Log-likelihood of BIONJ tree: -1999.599
Generating 98 parsimony trees... 0.105 seconds 3 distinct starting trees
Computing log-likelihood of 3 initial trees ... 0.002 seconds
Optimizing top 3 initial trees with NNI...
Iteration 1 / LogL: -1999.599 / Time: 0h:0m:0s
Estimate model parameters (epsilon = 0.100)
BETTER SCORE FOUND at iteration 1: -1999.586
Iteration 2 / LogL: -1999.587 / Time: 0h:0m:0s
Iteration 3 / LogL: -1999.587 / Time: 0h:0m:0s
Average CPU time for 1 NNI search: 0.007
Finish initializing candidate tree set. Number of distinct locally optimal trees: 3
Current best tree score: -1999.586 / CPU time: 0.124
--------------------------------------------------------------------
|               OPTIMIZING CANDIDATE TREE SET                      |
--------------------------------------------------------------------
Iteration 10 / LogL: -1999.611 / Time: 0h:0m:0s
Iteration 20 / LogL: -2004.612 / Time: 0h:0m:0s (0h:0m:1s left)
Iteration 30 / LogL: -1999.606 / Time: 0h:0m:0s (0h:0m:1s left)
Iteration 40 / LogL: -1999.657 / Time: 0h:0m:0s (0h:0m:1s left)
Iteration 50 / LogL: -1999.590 / Time: 0h:0m:0s (0h:0m:0s left)
Iteration 60 / LogL: -1999.748 / Time: 0h:0m:1s (0h:0m:0s left)
Iteration 70 / LogL: -1999.587 / Time: 0h:0m:1s (0h:0m:0s left)
Iteration 80 / LogL: -1999.588 / Time: 0h:0m:1s (0h:0m:0s left)
Iteration 90 / LogL: -1999.749 / Time: 0h:0m:1s (0h:0m:0s left)
Iteration 100 / LogL: -1999.597 / Time: 0h:0m:1s (0h:0m:0s left)
TREE SEARCH COMPLETED AFTER 101 ITERATIONS / Time: 0h:0m:1s

--------------------------------------------------------------------
|                    FINALIZING TREE SEARCH                        |
--------------------------------------------------------------------
Performs final model parameters optimization
Estimate model parameters (epsilon = 0.010)
1. Initial log-likelihood: -1999.586
Optimal log-likelihood: -1999.585
Rate parameters:  A-C: 1.105  A-G: 1.055  A-T: 0.932  C-G: 0.955  C-T: 0.984  G-T: 1.000
Base frequencies:   A: 0.226  C: 0.271  G: 0.244  T: 0.259
Gamma shape alpha: 72.807
Parameters optimization took 1 rounds (0.005 sec)
BEST SCORE FOUND : -1999.585

Testing tree branches by SH-like aLRT with 1000 replicates...
CPU Time used:  0.104 sec.
Total tree length: 1.133

Total number of iterations: 101
CPU time used for tree search: 1.664 sec (0h:0m:1s)
Wall-clock time used for tree search: 1.670 sec (0h:0m:1s)
Total CPU time used: 1.824 sec (0h:0m:1s)
Total wall-clock time used: 1.828 sec (0h:0m:1s)

Analysis results written to: 
  IQ-TREE report:                ../simulations/data_D1T2L3I5T4//S/241_pruned.fasta.iqtree
  Maximum-likelihood tree:       ../simulations/data_D1T2L3I5T4//S/241_pruned.fasta.treefile
  Likelihood distances:          ../simulations/data_D1T2L3I5T4//S/241_pruned.fasta.mldist
  Screen log file:               ../simulations/data_D1T2L3I5T4//S/241_pruned.fasta.log

Date and Time: Fri May 25 14:19:56 2018
