IQ-TREE version 1.4.2 for Linux 64-bit built Apr 15 2016
Copyright (c) 2011-2015 Nguyen Lam Tung, Olga Chernomor, Arndt von Haeseler and Bui Quang Minh.

Host:    meduse (AVX2, FMA3, 7 GB RAM)
Command: /home/tannier/programs/iqtree/iqtree-1.4.2-Linux/bin//iqtree -s ../simulations/data_D1T2L3I5T4//S/252_pruned.fasta -m GTR+G -alrt 1000 -redo
Seed:    77198 (Using SPRNG - Scalable Parallel Random Number Generator)
Time:    Fri May 25 14:36:59 2018
Kernel:  AVX

NOTE: Consider using the multicore version because your CPU has 4 cores!

Reading alignment file ../simulations/data_D1T2L3I5T4//S/252_pruned.fasta ... Fasta format detected
Alignment most likely contains DNA/RNA sequences
Alignment has 26 sequences with 300 columns and 182 patterns (148 informative sites)
          Gap/Ambiguity  Composition  p-value
   1  n287_292    0.00%    passed     85.75%
   2  n277_282    0.00%    passed     98.22%
   3  n292_297    0.00%    passed     69.55%
   4  n290_295    0.00%    passed     82.36%
   5  n295_300    0.00%    passed     90.98%
   6  n285_290    0.00%    passed     78.48%
   7  n296_301    0.00%    passed     85.68%
   8  n265_270    0.00%    passed     64.13%
   9  n300_305    0.00%    passed     75.55%
  10  n293_298    0.00%    passed     90.40%
  11  n289_294    0.00%    passed     85.75%
  12  n200_205    0.00%    passed     75.08%
  13  n299_304    0.00%    passed     78.00%
  14  n255_260    0.00%    passed     89.59%
  15  n251_256    0.00%    passed     72.04%
  16  n294_299    0.00%    passed     92.83%
  17  n244_249    0.00%    passed     73.17%
  18  n278_283    0.00%    passed     93.46%
  19  n236_241    0.00%    passed     89.79%
  20  n280_285    0.00%    passed     92.79%
  21  n298_303    0.00%    passed     91.05%
  22  n266_271    0.00%    passed     71.88%
  23  n297_302    0.00%    passed     95.16%
  24  n274_279    0.00%    passed     83.64%
  25  n286_291    0.00%    passed     97.33%
  26  n275_280    0.00%    passed     92.83%
****  TOTAL       0.00%  0 sequences failed composition chi2 test (p-value<5%; df=3)
NOTE: 1 identical sequences (see below) will be ignored for subsequent analysis
NOTE: n289_294 (identical to n287_292) is ignored but added at the end

Create initial parsimony tree by phylogenetic likelihood library (PLL)... 0.001 seconds

NOTE: 0 MB RAM is required!
Estimate model parameters (epsilon = 0.100)
1. Initial log-likelihood: -2100.096
2. Current log-likelihood: -2051.574
3. Current log-likelihood: -2051.092
Optimal log-likelihood: -2051.072
Rate parameters:  A-C: 1.027  A-G: 1.011  A-T: 1.174  C-G: 0.982  C-T: 1.378  G-T: 1.000
Base frequencies:   A: 0.257  C: 0.219  G: 0.282  T: 0.242
Gamma shape alpha: 9.886
Parameters optimization took 3 rounds (0.027 sec)
--------------------------------------------------------------------
|             INITIALIZING CANDIDATE TREE SET                      |
--------------------------------------------------------------------
Computing ML distances based on estimated model parameters... 0.000 sec
Computing BIONJ tree...
0.001 seconds
Log-likelihood of BIONJ tree: -2054.720
Generating 98 parsimony trees... 0.105 seconds 10 distinct starting trees
Computing log-likelihood of 10 initial trees ... 0.018 seconds
Optimizing top 10 initial trees with NNI...
Iteration 1 / LogL: -2051.073 / Time: 0h:0m:0s
Estimate model parameters (epsilon = 0.100)
BETTER SCORE FOUND at iteration 1: -2051.070
Iteration 2 / LogL: -2051.072 / Time: 0h:0m:0s
Iteration 3 / LogL: -2051.072 / Time: 0h:0m:0s
Iteration 4 / LogL: -2051.072 / Time: 0h:0m:0s
Iteration 5 / LogL: -2051.072 / Time: 0h:0m:0s
Iteration 6 / LogL: -2051.072 / Time: 0h:0m:0s
Iteration 7 / LogL: -2051.072 / Time: 0h:0m:0s
Iteration 8 / LogL: -2051.072 / Time: 0h:0m:0s
Iteration 9 / LogL: -2051.072 / Time: 0h:0m:0s
Iteration 10 / LogL: -2051.070 / Time: 0h:0m:0s
Average CPU time for 1 NNI search: 0.006
Finish initializing candidate tree set. Number of distinct locally optimal trees: 9
Current best tree score: -2051.070 / CPU time: 0.188
--------------------------------------------------------------------
|               OPTIMIZING CANDIDATE TREE SET                      |
--------------------------------------------------------------------
Iteration 20 / LogL: -2051.172 / Time: 0h:0m:0s (0h:0m:1s left)
Iteration 30 / LogL: -2051.218 / Time: 0h:0m:0s (0h:0m:1s left)
Iteration 40 / LogL: -2051.418 / Time: 0h:0m:0s (0h:0m:1s left)
Iteration 50 / LogL: -2051.216 / Time: 0h:0m:0s (0h:0m:0s left)
Iteration 60 / LogL: -2051.080 / Time: 0h:0m:1s (0h:0m:0s left)
Iteration 70 / LogL: -2051.075 / Time: 0h:0m:1s (0h:0m:0s left)
Iteration 80 / LogL: -2051.074 / Time: 0h:0m:1s (0h:0m:0s left)
Iteration 90 / LogL: -2062.122 / Time: 0h:0m:1s (0h:0m:0s left)
Iteration 100 / LogL: -2051.124 / Time: 0h:0m:1s (0h:0m:0s left)
TREE SEARCH COMPLETED AFTER 101 ITERATIONS / Time: 0h:0m:1s

--------------------------------------------------------------------
|                    FINALIZING TREE SEARCH                        |
--------------------------------------------------------------------
Performs final model parameters optimization
Estimate model parameters (epsilon = 0.010)
1. Initial log-likelihood: -2051.070
Optimal log-likelihood: -2051.070
Rate parameters:  A-C: 1.026  A-G: 1.012  A-T: 1.172  C-G: 0.979  C-T: 1.368  G-T: 1.000
Base frequencies:   A: 0.257  C: 0.219  G: 0.282  T: 0.242
Gamma shape alpha: 9.936
Parameters optimization took 1 rounds (0.004 sec)
BEST SCORE FOUND : -2051.070

Testing tree branches by SH-like aLRT with 1000 replicates...
CPU Time used:  0.108 sec.
Total tree length: 1.189

Total number of iterations: 101
CPU time used for tree search: 1.592 sec (0h:0m:1s)
Wall-clock time used for tree search: 1.592 sec (0h:0m:1s)
Total CPU time used: 1.752 sec (0h:0m:1s)
Total wall-clock time used: 1.753 sec (0h:0m:1s)

Analysis results written to: 
  IQ-TREE report:                ../simulations/data_D1T2L3I5T4//S/252_pruned.fasta.iqtree
  Maximum-likelihood tree:       ../simulations/data_D1T2L3I5T4//S/252_pruned.fasta.treefile
  Likelihood distances:          ../simulations/data_D1T2L3I5T4//S/252_pruned.fasta.mldist
  Screen log file:               ../simulations/data_D1T2L3I5T4//S/252_pruned.fasta.log

Date and Time: Fri May 25 14:37:00 2018
