IQ-TREE version 1.4.2 for Linux 64-bit built Apr 15 2016
Copyright (c) 2011-2015 Nguyen Lam Tung, Olga Chernomor, Arndt von Haeseler and Bui Quang Minh.

Host:    meduse (AVX2, FMA3, 7 GB RAM)
Command: /home/tannier/programs/iqtree/iqtree-1.4.2-Linux/bin//iqtree -s ../simulations/data_D1T2L3I5T4//S/257_pruned.fasta -m GTR+G -alrt 1000 -redo
Seed:    100763 (Using SPRNG - Scalable Parallel Random Number Generator)
Time:    Fri May 25 14:21:14 2018
Kernel:  AVX

NOTE: Consider using the multicore version because your CPU has 4 cores!

Reading alignment file ../simulations/data_D1T2L3I5T4//S/257_pruned.fasta ... Fasta format detected
Alignment most likely contains DNA/RNA sequences
Alignment has 26 sequences with 300 columns and 191 patterns (170 informative sites)
          Gap/Ambiguity  Composition  p-value
   1  n236_237    0.00%    passed     90.12%
   2  n266_267    0.00%    passed     94.91%
   3  n296_297    0.00%    passed     81.32%
   4  n277_278    0.00%    passed     65.66%
   5  n290_291    0.00%    passed     95.43%
   6  n255_256    0.00%    passed     90.31%
   7  n295_296    0.00%    passed     85.13%
   8  n286_287    0.00%    passed     73.22%
   9  n298_299    0.00%    passed     96.79%
  10  n299_300    0.00%    passed     73.21%
  11  n287_288    0.00%    passed     96.73%
  12  n278_279    0.00%    passed     56.85%
  13  n292_293    0.00%    passed     68.85%
  14  n265_266    0.00%    passed     94.75%
  15  n289_290    0.00%    passed     96.73%
  16  n293_294    0.00%    passed     99.02%
  17  n280_281    0.00%    passed     88.49%
  18  n274_275    0.00%    passed     76.30%
  19  n275_276    0.00%    passed     96.26%
  20  n285_286    0.00%    passed     69.03%
  21  n294_295    0.00%    passed     97.37%
  22  n297_298    0.00%    passed     96.79%
  23  n244_245    0.00%    passed     78.70%
  24  n251_252    0.00%    passed     72.19%
  25  n200_201    0.00%    passed     88.44%
  26  n300_301    0.00%    passed     73.21%
****  TOTAL       0.00%  0 sequences failed composition chi2 test (p-value<5%; df=3)
NOTE: 3 identical sequences (see below) will be ignored for subsequent analysis
NOTE: n297_298 (identical to n298_299) is ignored but added at the end
NOTE: n300_301 (identical to n299_300) is ignored but added at the end
NOTE: n289_290 (identical to n287_288) is ignored but added at the end

Create initial parsimony tree by phylogenetic likelihood library (PLL)... 0.001 seconds

NOTE: 0 MB RAM is required!
Estimate model parameters (epsilon = 0.100)
1. Initial log-likelihood: -2170.738
2. Current log-likelihood: -2117.278
3. Current log-likelihood: -2116.494
Optimal log-likelihood: -2116.412
Rate parameters:  A-C: 1.217  A-G: 1.003  A-T: 0.700  C-G: 0.908  C-T: 1.222  G-T: 1.000
Base frequencies:   A: 0.221  C: 0.257  G: 0.256  T: 0.267
Gamma shape alpha: 94.542
Parameters optimization took 3 rounds (0.023 sec)
--------------------------------------------------------------------
|             INITIALIZING CANDIDATE TREE SET                      |
--------------------------------------------------------------------
Computing ML distances based on estimated model parameters... 0.000 sec
Computing BIONJ tree...
0.000 seconds
Log-likelihood of BIONJ tree: -2116.412
Generating 98 parsimony trees... 0.093 seconds 3 distinct starting trees
Computing log-likelihood of 3 initial trees ... 0.002 seconds
Optimizing top 3 initial trees with NNI...
Iteration 1 / LogL: -2116.412 / Time: 0h:0m:0s
Estimate model parameters (epsilon = 0.100)
BETTER SCORE FOUND at iteration 1: -2116.371
Iteration 2 / LogL: -2116.372 / Time: 0h:0m:0s
Iteration 3 / LogL: -2116.373 / Time: 0h:0m:0s
Average CPU time for 1 NNI search: 0.007
Finish initializing candidate tree set. Number of distinct locally optimal trees: 3
Current best tree score: -2116.371 / CPU time: 0.116
--------------------------------------------------------------------
|               OPTIMIZING CANDIDATE TREE SET                      |
--------------------------------------------------------------------
Iteration 10 / LogL: -2116.408 / Time: 0h:0m:0s
Iteration 20 / LogL: -2116.407 / Time: 0h:0m:0s (0h:0m:1s left)
Iteration 30 / LogL: -2116.388 / Time: 0h:0m:0s (0h:0m:1s left)
Iteration 40 / LogL: -2116.430 / Time: 0h:0m:0s (0h:0m:1s left)
Iteration 50 / LogL: -2116.375 / Time: 0h:0m:0s (0h:0m:0s left)
Iteration 60 / LogL: -2116.373 / Time: 0h:0m:1s (0h:0m:0s left)
Iteration 70 / LogL: -2116.376 / Time: 0h:0m:1s (0h:0m:0s left)
Iteration 80 / LogL: -2125.097 / Time: 0h:0m:1s (0h:0m:0s left)
Iteration 90 / LogL: -2125.096 / Time: 0h:0m:1s (0h:0m:0s left)
Iteration 100 / LogL: -2116.433 / Time: 0h:0m:1s (0h:0m:0s left)
TREE SEARCH COMPLETED AFTER 101 ITERATIONS / Time: 0h:0m:1s

--------------------------------------------------------------------
|                    FINALIZING TREE SEARCH                        |
--------------------------------------------------------------------
Performs final model parameters optimization
Estimate model parameters (epsilon = 0.010)
1. Initial log-likelihood: -2116.371
2. Current log-likelihood: -2116.350
3. Current log-likelihood: -2116.337
Optimal log-likelihood: -2116.330
Rate parameters:  A-C: 1.264  A-G: 1.043  A-T: 0.719  C-G: 0.959  C-T: 1.261  G-T: 1.000
Base frequencies:   A: 0.221  C: 0.257  G: 0.256  T: 0.267
Gamma shape alpha: 105.086
Parameters optimization took 3 rounds (0.015 sec)
BEST SCORE FOUND : -2116.330

Testing tree branches by SH-like aLRT with 1000 replicates...
CPU Time used:  0.112 sec.
Total tree length: 1.314

Total number of iterations: 101
CPU time used for tree search: 1.696 sec (0h:0m:1s)
Wall-clock time used for tree search: 1.695 sec (0h:0m:1s)
Total CPU time used: 1.864 sec (0h:0m:1s)
Total wall-clock time used: 1.866 sec (0h:0m:1s)

Analysis results written to: 
  IQ-TREE report:                ../simulations/data_D1T2L3I5T4//S/257_pruned.fasta.iqtree
  Maximum-likelihood tree:       ../simulations/data_D1T2L3I5T4//S/257_pruned.fasta.treefile
  Likelihood distances:          ../simulations/data_D1T2L3I5T4//S/257_pruned.fasta.mldist
  Screen log file:               ../simulations/data_D1T2L3I5T4//S/257_pruned.fasta.log

Date and Time: Fri May 25 14:21:15 2018
