IQ-TREE version 1.4.2 for Linux 64-bit built Apr 15 2016
Copyright (c) 2011-2015 Nguyen Lam Tung, Olga Chernomor, Arndt von Haeseler and Bui Quang Minh.

Host:    meduse (AVX2, FMA3, 7 GB RAM)
Command: /home/tannier/programs/iqtree/iqtree-1.4.2-Linux/bin//iqtree -s ../simulations/data_D1T2L3I5T4//S/259_pruned.fasta -m GTR+G -alrt 1000 -redo
Seed:    264175 (Using SPRNG - Scalable Parallel Random Number Generator)
Time:    Fri May 25 14:30:32 2018
Kernel:  AVX

NOTE: Consider using the multicore version because your CPU has 4 cores!

Reading alignment file ../simulations/data_D1T2L3I5T4//S/259_pruned.fasta ... Fasta format detected
Alignment most likely contains DNA/RNA sequences
Alignment has 26 sequences with 300 columns and 155 patterns (146 informative sites)
          Gap/Ambiguity  Composition  p-value
   1  n292_301    0.00%    passed     96.15%
   2  n295_304    0.00%    passed     86.47%
   3  n274_283    0.00%    passed     92.56%
   4  n251_260    0.00%    passed     88.21%
   5  n299_308    0.00%    passed     93.59%
   6  n298_307    0.00%    passed     88.49%
   7  n265_274    0.00%    passed     85.60%
   8  n293_302    0.00%    passed     93.21%
   9  n289_298    0.00%    passed     74.12%
  10  n278_287    0.00%    passed     66.19%
  11  n287_296    0.00%    passed     65.54%
  12  n275_284    0.00%    passed     92.01%
  13  n285_294    0.00%    passed     81.99%
  14  n200_209    0.00%    passed     97.88%
  15  n244_253    0.00%    passed     29.27%
  16  n236_245    0.00%    passed     99.93%
  17  n280_289    0.00%    passed     95.55%
  18  n255_264    0.00%    passed     96.19%
  19  n266_275    0.00%    passed     94.28%
  20  n277_286    0.00%    passed     67.64%
  21  n296_305    0.00%    passed     84.84%
  22  n294_303    0.00%    passed     97.12%
  23  n290_299    0.00%    passed     75.07%
  24  n286_295    0.00%    passed     88.37%
  25  n300_309    0.00%    passed     93.59%
  26  n297_306    0.00%    passed     90.02%
****  TOTAL       0.00%  0 sequences failed composition chi2 test (p-value<5%; df=3)
NOTE: 1 identical sequences (see below) will be ignored for subsequent analysis
NOTE: n300_309 (identical to n299_308) is ignored but added at the end

Create initial parsimony tree by phylogenetic likelihood library (PLL)... 0.002 seconds

NOTE: 0 MB RAM is required!
Estimate model parameters (epsilon = 0.100)
1. Initial log-likelihood: -1960.406
2. Current log-likelihood: -1930.050
3. Current log-likelihood: -1929.794
Optimal log-likelihood: -1929.782
Rate parameters:  A-C: 1.130  A-G: 1.297  A-T: 1.031  C-G: 1.232  C-T: 1.386  G-T: 1.000
Base frequencies:   A: 0.244  C: 0.288  G: 0.229  T: 0.239
Gamma shape alpha: 3.185
Parameters optimization took 3 rounds (0.025 sec)
--------------------------------------------------------------------
|             INITIALIZING CANDIDATE TREE SET                      |
--------------------------------------------------------------------
Computing ML distances based on estimated model parameters... 0.004 sec
Computing BIONJ tree...
0.000 seconds
Log-likelihood of BIONJ tree: -1929.774
Generating 98 parsimony trees... 0.096 seconds 76 distinct starting trees
Computing log-likelihood of 76 initial trees ... 0.152 seconds
Optimizing top 20 initial trees with NNI...
Iteration 1 / LogL: -1929.774 / Time: 0h:0m:0s
Estimate model parameters (epsilon = 0.100)
BETTER SCORE FOUND at iteration 1: -1929.765
Iteration 2 / LogL: -1929.774 / Time: 0h:0m:0s
Iteration 3 / LogL: -1929.774 / Time: 0h:0m:0s
Iteration 4 / LogL: -1929.774 / Time: 0h:0m:0s
Iteration 5 / LogL: -1929.774 / Time: 0h:0m:0s
Iteration 6 / LogL: -1929.774 / Time: 0h:0m:0s
Iteration 7 / LogL: -1929.774 / Time: 0h:0m:0s
Iteration 8 / LogL: -1929.774 / Time: 0h:0m:0s
Iteration 9 / LogL: -1929.767 / Time: 0h:0m:0s
Iteration 10 / LogL: -1929.767 / Time: 0h:0m:0s
Iteration 11 / LogL: -1929.767 / Time: 0h:0m:0s
Iteration 12 / LogL: -1929.767 / Time: 0h:0m:0s
Iteration 13 / LogL: -1929.767 / Time: 0h:0m:0s
Iteration 14 / LogL: -1929.767 / Time: 0h:0m:0s
Iteration 15 / LogL: -1929.767 / Time: 0h:0m:0s
Iteration 16 / LogL: -1929.767 / Time: 0h:0m:0s
Iteration 17 / LogL: -1929.767 / Time: 0h:0m:0s
Iteration 18 / LogL: -1929.767 / Time: 0h:0m:0s
Iteration 19 / LogL: -1929.767 / Time: 0h:0m:0s
Iteration 20 / LogL: -1929.767 / Time: 0h:0m:0s
Average CPU time for 1 NNI search: 0.006
Finish initializing candidate tree set. Number of distinct locally optimal trees: 15
Current best tree score: -1929.765 / CPU time: 0.368
--------------------------------------------------------------------
|               OPTIMIZING CANDIDATE TREE SET                      |
--------------------------------------------------------------------
Iteration 30 / LogL: -1929.786 / Time: 0h:0m:0s (0h:0m:1s left)
Iteration 40 / LogL: -1929.776 / Time: 0h:0m:0s (0h:0m:1s left)
Iteration 50 / LogL: -1929.775 / Time: 0h:0m:0s (0h:0m:0s left)
Iteration 60 / LogL: -1956.104 / Time: 0h:0m:1s (0h:0m:0s left)
Iteration 70 / LogL: -1929.959 / Time: 0h:0m:1s (0h:0m:0s left)
Iteration 80 / LogL: -1929.769 / Time: 0h:0m:1s (0h:0m:0s left)
Iteration 90 / LogL: -1929.769 / Time: 0h:0m:1s (0h:0m:0s left)
Iteration 100 / LogL: -1929.767 / Time: 0h:0m:1s (0h:0m:0s left)
TREE SEARCH COMPLETED AFTER 101 ITERATIONS / Time: 0h:0m:1s

--------------------------------------------------------------------
|                    FINALIZING TREE SEARCH                        |
--------------------------------------------------------------------
Performs final model parameters optimization
Estimate model parameters (epsilon = 0.010)
1. Initial log-likelihood: -1929.765
Optimal log-likelihood: -1929.764
Rate parameters:  A-C: 1.144  A-G: 1.294  A-T: 1.052  C-G: 1.243  C-T: 1.398  G-T: 1.000
Base frequencies:   A: 0.244  C: 0.288  G: 0.229  T: 0.239
Gamma shape alpha: 3.198
Parameters optimization took 1 rounds (0.005 sec)
BEST SCORE FOUND : -1929.764

Testing tree branches by SH-like aLRT with 1000 replicates...
CPU Time used:  0.108 sec.
Total tree length: 1.109

Total number of iterations: 101
CPU time used for tree search: 1.648 sec (0h:0m:1s)
Wall-clock time used for tree search: 1.648 sec (0h:0m:1s)
Total CPU time used: 1.800 sec (0h:0m:1s)
Total wall-clock time used: 1.803 sec (0h:0m:1s)

Analysis results written to: 
  IQ-TREE report:                ../simulations/data_D1T2L3I5T4//S/259_pruned.fasta.iqtree
  Maximum-likelihood tree:       ../simulations/data_D1T2L3I5T4//S/259_pruned.fasta.treefile
  Likelihood distances:          ../simulations/data_D1T2L3I5T4//S/259_pruned.fasta.mldist
  Screen log file:               ../simulations/data_D1T2L3I5T4//S/259_pruned.fasta.log

Date and Time: Fri May 25 14:30:34 2018
