IQ-TREE version 1.4.2 for Linux 64-bit built Apr 15 2016
Copyright (c) 2011-2015 Nguyen Lam Tung, Olga Chernomor, Arndt von Haeseler and Bui Quang Minh.

Host:    meduse (AVX2, FMA3, 7 GB RAM)
Command: /home/tannier/programs/iqtree/iqtree-1.4.2-Linux/bin//iqtree -s ../simulations/data_D1T2L3I5T4//S/260_pruned.fasta -m GTR+G -alrt 1000 -redo
Seed:    694129 (Using SPRNG - Scalable Parallel Random Number Generator)
Time:    Fri May 25 14:12:40 2018
Kernel:  AVX

NOTE: Consider using the multicore version because your CPU has 4 cores!

Reading alignment file ../simulations/data_D1T2L3I5T4//S/260_pruned.fasta ... Fasta format detected
Alignment most likely contains DNA/RNA sequences
Alignment has 26 sequences with 300 columns and 177 patterns (154 informative sites)
          Gap/Ambiguity  Composition  p-value
   1  n236_237    0.00%    passed     63.40%
   2  n266_267    0.00%    passed     30.08%
   3  n296_297    0.00%    passed     86.45%
   4  n277_278    0.00%    passed     81.84%
   5  n290_291    0.00%    passed     70.60%
   6  n255_256    0.00%    passed     87.57%
   7  n295_296    0.00%    passed     84.63%
   8  n286_287    0.00%    passed     45.94%
   9  n298_299    0.00%    passed     70.93%
  10  n299_300    0.00%    passed     83.16%
  11  n287_288    0.00%    passed     73.89%
  12  n278_279    0.00%    passed     70.14%
  13  n292_293    0.00%    passed     80.79%
  14  n265_266    0.00%    passed     46.13%
  15  n289_290    0.00%    passed     70.60%
  16  n293_294    0.00%    passed     70.73%
  17  n280_281    0.00%    passed     72.26%
  18  n274_275    0.00%    passed     82.64%
  19  n275_276    0.00%    passed     62.26%
  20  n285_286    0.00%    passed     45.94%
  21  n294_295    0.00%    passed     62.07%
  22  n297_298    0.00%    passed     63.94%
  23  n244_245    0.00%    passed     56.76%
  24  n251_252    0.00%    passed     88.08%
  25  n200_201    0.00%    passed     90.78%
  26  n300_301    0.00%    passed     80.01%
****  TOTAL       0.00%  0 sequences failed composition chi2 test (p-value<5%; df=3)
NOTE: 2 identical sequences (see below) will be ignored for subsequent analysis
NOTE: n289_290 (identical to n290_291) is ignored but added at the end
NOTE: n285_286 (identical to n286_287) is ignored but added at the end

Create initial parsimony tree by phylogenetic likelihood library (PLL)... 0.001 seconds

NOTE: 0 MB RAM is required!
Estimate model parameters (epsilon = 0.100)
1. Initial log-likelihood: -2084.907
2. Current log-likelihood: -2046.897
3. Current log-likelihood: -2046.524
4. Current log-likelihood: -2046.410
Optimal log-likelihood: -2046.336
Rate parameters:  A-C: 1.357  A-G: 1.610  A-T: 0.908  C-G: 1.298  C-T: 1.391  G-T: 1.000
Base frequencies:   A: 0.257  C: 0.246  G: 0.248  T: 0.248
Gamma shape alpha: 5.143
Parameters optimization took 4 rounds (0.027 sec)
--------------------------------------------------------------------
|             INITIALIZING CANDIDATE TREE SET                      |
--------------------------------------------------------------------
Computing ML distances based on estimated model parameters... 0.004 sec
Computing BIONJ tree...
0.000 seconds
Log-likelihood of BIONJ tree: -2046.336
Generating 98 parsimony trees... 0.086 seconds 29 distinct starting trees
Computing log-likelihood of 29 initial trees ... 0.060 seconds
Optimizing top 20 initial trees with NNI...
Iteration 1 / LogL: -2046.336 / Time: 0h:0m:0s
Estimate model parameters (epsilon = 0.100)
BETTER SCORE FOUND at iteration 1: -2046.280
Iteration 2 / LogL: -2046.282 / Time: 0h:0m:0s
Iteration 3 / LogL: -2046.284 / Time: 0h:0m:0s
Iteration 4 / LogL: -2046.284 / Time: 0h:0m:0s
Iteration 5 / LogL: -2046.284 / Time: 0h:0m:0s
Iteration 6 / LogL: -2046.284 / Time: 0h:0m:0s
Iteration 7 / LogL: -2046.284 / Time: 0h:0m:0s
Iteration 8 / LogL: -2046.284 / Time: 0h:0m:0s
Iteration 9 / LogL: -2046.284 / Time: 0h:0m:0s
Iteration 10 / LogL: -2046.284 / Time: 0h:0m:0s
Iteration 11 / LogL: -2046.284 / Time: 0h:0m:0s
Iteration 12 / LogL: -2046.284 / Time: 0h:0m:0s
Iteration 13 / LogL: -2046.284 / Time: 0h:0m:0s
Iteration 14 / LogL: -2046.284 / Time: 0h:0m:0s
Iteration 15 / LogL: -2046.284 / Time: 0h:0m:0s
Iteration 16 / LogL: -2046.284 / Time: 0h:0m:0s
Iteration 17 / LogL: -2046.284 / Time: 0h:0m:0s
Iteration 18 / LogL: -2046.284 / Time: 0h:0m:0s
Iteration 19 / LogL: -2046.284 / Time: 0h:0m:0s
Iteration 20 / LogL: -2046.284 / Time: 0h:0m:0s
Average CPU time for 1 NNI search: 0.005
Finish initializing candidate tree set. Number of distinct locally optimal trees: 20
Current best tree score: -2046.280 / CPU time: 0.248
--------------------------------------------------------------------
|               OPTIMIZING CANDIDATE TREE SET                      |
--------------------------------------------------------------------
Iteration 30 / LogL: -2046.280 / Time: 0h:0m:0s (0h:0m:1s left)
Iteration 40 / LogL: -2046.281 / Time: 0h:0m:0s (0h:0m:0s left)
Iteration 50 / LogL: -2046.359 / Time: 0h:0m:0s (0h:0m:0s left)
Iteration 60 / LogL: -2046.322 / Time: 0h:0m:0s (0h:0m:0s left)
Iteration 70 / LogL: -2054.427 / Time: 0h:0m:1s (0h:0m:0s left)
Iteration 80 / LogL: -2072.017 / Time: 0h:0m:1s (0h:0m:0s left)
Iteration 90 / LogL: -2046.315 / Time: 0h:0m:1s (0h:0m:0s left)
Iteration 100 / LogL: -2046.294 / Time: 0h:0m:1s (0h:0m:0s left)
TREE SEARCH COMPLETED AFTER 101 ITERATIONS / Time: 0h:0m:1s

--------------------------------------------------------------------
|                    FINALIZING TREE SEARCH                        |
--------------------------------------------------------------------
Performs final model parameters optimization
Estimate model parameters (epsilon = 0.010)
1. Initial log-likelihood: -2046.280
2. Current log-likelihood: -2046.244
3. Current log-likelihood: -2046.218
Optimal log-likelihood: -2046.215
Rate parameters:  A-C: 1.438  A-G: 1.709  A-T: 0.971  C-G: 1.376  C-T: 1.476  G-T: 1.000
Base frequencies:   A: 0.257  C: 0.246  G: 0.248  T: 0.248
Gamma shape alpha: 5.134
Parameters optimization took 3 rounds (0.014 sec)
BEST SCORE FOUND : -2046.215

Testing tree branches by SH-like aLRT with 1000 replicates...
CPU Time used:  0.104 sec.
Total tree length: 1.223

Total number of iterations: 101
CPU time used for tree search: 1.468 sec (0h:0m:1s)
Wall-clock time used for tree search: 1.475 sec (0h:0m:1s)
Total CPU time used: 1.624 sec (0h:0m:1s)
Total wall-clock time used: 1.637 sec (0h:0m:1s)

Analysis results written to: 
  IQ-TREE report:                ../simulations/data_D1T2L3I5T4//S/260_pruned.fasta.iqtree
  Maximum-likelihood tree:       ../simulations/data_D1T2L3I5T4//S/260_pruned.fasta.treefile
  Likelihood distances:          ../simulations/data_D1T2L3I5T4//S/260_pruned.fasta.mldist
  Screen log file:               ../simulations/data_D1T2L3I5T4//S/260_pruned.fasta.log

Date and Time: Fri May 25 14:12:42 2018
