IQ-TREE version 1.4.2 for Linux 64-bit built Apr 15 2016
Copyright (c) 2011-2015 Nguyen Lam Tung, Olga Chernomor, Arndt von Haeseler and Bui Quang Minh.

Host:    meduse (AVX2, FMA3, 7 GB RAM)
Command: /home/tannier/programs/iqtree/iqtree-1.4.2-Linux/bin//iqtree -s ../simulations/data_D1T2L3I5T4//S/262_pruned.fasta -m GTR+G -alrt 1000 -redo
Seed:    547879 (Using SPRNG - Scalable Parallel Random Number Generator)
Time:    Fri May 25 14:14:10 2018
Kernel:  AVX

NOTE: Consider using the multicore version because your CPU has 4 cores!

Reading alignment file ../simulations/data_D1T2L3I5T4//S/262_pruned.fasta ... Fasta format detected
Alignment most likely contains DNA/RNA sequences
Alignment has 26 sequences with 300 columns and 184 patterns (164 informative sites)
          Gap/Ambiguity  Composition  p-value
   1  n251_254    0.00%    passed     52.68%
   2  n277_280    0.00%    passed     99.08%
   3  n294_297    0.00%    passed     99.00%
   4  n286_289    0.00%    passed     96.28%
   5  n278_281    0.00%    passed     95.71%
   6  n274_277    0.00%    passed     96.07%
   7  n287_290    0.00%    passed     99.59%
   8  n236_239    0.00%    passed     54.61%
   9  n200_203    0.00%    passed     91.69%
  10  n296_299    0.00%    passed     99.43%
  11  n295_298    0.00%    passed     96.85%
  12  n275_278    0.00%    passed     98.41%
  13  n266_269    0.00%    passed     35.47%
  14  n244_247    0.00%    passed     41.49%
  15  n285_288    0.00%    passed     95.31%
  16  n299_302    0.00%    passed     98.75%
  17  n290_293    0.00%    passed     99.19%
  18  n280_283    0.00%    passed     99.22%
  19  n298_301    0.00%    passed     98.11%
  20  n292_295    0.00%    passed     98.75%
  21  n289_292    0.00%    passed     99.59%
  22  n297_300    0.00%    passed     97.40%
  23  n255_258    0.00%    passed     30.79%
  24  n265_268    0.00%    passed     22.86%
  25  n300_303    0.00%    passed     98.75%
  26  n293_296    0.00%    passed     98.87%
****  TOTAL       0.00%  0 sequences failed composition chi2 test (p-value<5%; df=3)
NOTE: 3 identical sequences (see below) will be ignored for subsequent analysis
NOTE: n289_292 (identical to n287_290) is ignored but added at the end
NOTE: n292_295 (identical to n299_302) is ignored but added at the end
NOTE: n300_303 (identical to n299_302) is ignored but added at the end

Create initial parsimony tree by phylogenetic likelihood library (PLL)... 0.001 seconds

NOTE: 0 MB RAM is required!
Estimate model parameters (epsilon = 0.100)
1. Initial log-likelihood: -2131.623
2. Current log-likelihood: -2093.442
3. Current log-likelihood: -2092.595
Optimal log-likelihood: -2092.588
Rate parameters:  A-C: 1.457  A-G: 1.401  A-T: 1.387  C-G: 1.277  C-T: 1.615  G-T: 1.000
Base frequencies:   A: 0.241  C: 0.249  G: 0.259  T: 0.251
Gamma shape alpha: 17.247
Parameters optimization took 3 rounds (0.021 sec)
--------------------------------------------------------------------
|             INITIALIZING CANDIDATE TREE SET                      |
--------------------------------------------------------------------
Computing ML distances based on estimated model parameters... 0.004 sec
Computing BIONJ tree...
0.000 seconds
Log-likelihood of BIONJ tree: -2092.588
Generating 99 parsimony trees... 0.098 seconds 1 distinct starting trees
Computing log-likelihood of 1 initial trees ... 0.000 seconds
Optimizing top 1 initial trees with NNI...
Iteration 1 / LogL: -2092.588 / Time: 0h:0m:0s
Estimate model parameters (epsilon = 0.100)
BETTER SCORE FOUND at iteration 1: -2092.587
Average CPU time for 1 NNI search: 0.008
Finish initializing candidate tree set. Number of distinct locally optimal trees: 1
Current best tree score: -2092.587 / CPU time: 0.104
--------------------------------------------------------------------
|               OPTIMIZING CANDIDATE TREE SET                      |
--------------------------------------------------------------------
Iteration 10 / LogL: -2092.608 / Time: 0h:0m:0s
Iteration 20 / LogL: -2131.778 / Time: 0h:0m:0s (0h:0m:1s left)
Iteration 30 / LogL: -2092.587 / Time: 0h:0m:0s (0h:0m:1s left)
Iteration 40 / LogL: -2119.029 / Time: 0h:0m:0s (0h:0m:1s left)
Iteration 50 / LogL: -2092.587 / Time: 0h:0m:0s (0h:0m:0s left)
Iteration 60 / LogL: -2092.588 / Time: 0h:0m:1s (0h:0m:0s left)
Iteration 70 / LogL: -2092.604 / Time: 0h:0m:1s (0h:0m:0s left)
Iteration 80 / LogL: -2092.627 / Time: 0h:0m:1s (0h:0m:0s left)
Iteration 90 / LogL: -2131.299 / Time: 0h:0m:1s (0h:0m:0s left)
Iteration 100 / LogL: -2092.795 / Time: 0h:0m:1s (0h:0m:0s left)
TREE SEARCH COMPLETED AFTER 101 ITERATIONS / Time: 0h:0m:1s

--------------------------------------------------------------------
|                    FINALIZING TREE SEARCH                        |
--------------------------------------------------------------------
Performs final model parameters optimization
Estimate model parameters (epsilon = 0.010)
1. Initial log-likelihood: -2092.587
Optimal log-likelihood: -2092.587
Rate parameters:  A-C: 1.453  A-G: 1.398  A-T: 1.384  C-G: 1.271  C-T: 1.610  G-T: 1.000
Base frequencies:   A: 0.241  C: 0.249  G: 0.259  T: 0.251
Gamma shape alpha: 17.247
Parameters optimization took 1 rounds (0.004 sec)
BEST SCORE FOUND : -2092.587

Testing tree branches by SH-like aLRT with 1000 replicates...
CPU Time used:  0.100 sec.
Total tree length: 1.215

Total number of iterations: 101
CPU time used for tree search: 1.700 sec (0h:0m:1s)
Wall-clock time used for tree search: 1.701 sec (0h:0m:1s)
Total CPU time used: 1.844 sec (0h:0m:1s)
Total wall-clock time used: 1.845 sec (0h:0m:1s)

Analysis results written to: 
  IQ-TREE report:                ../simulations/data_D1T2L3I5T4//S/262_pruned.fasta.iqtree
  Maximum-likelihood tree:       ../simulations/data_D1T2L3I5T4//S/262_pruned.fasta.treefile
  Likelihood distances:          ../simulations/data_D1T2L3I5T4//S/262_pruned.fasta.mldist
  Screen log file:               ../simulations/data_D1T2L3I5T4//S/262_pruned.fasta.log

Date and Time: Fri May 25 14:14:12 2018
