IQ-TREE version 1.4.2 for Linux 64-bit built Apr 15 2016
Copyright (c) 2011-2015 Nguyen Lam Tung, Olga Chernomor, Arndt von Haeseler and Bui Quang Minh.

Host:    meduse (AVX2, FMA3, 7 GB RAM)
Command: /home/tannier/programs/iqtree/iqtree-1.4.2-Linux/bin//iqtree -s ../simulations/data_D1T2L3I5T4//S/264_pruned.fasta -m GTR+G -alrt 1000 -redo
Seed:    788431 (Using SPRNG - Scalable Parallel Random Number Generator)
Time:    Fri May 25 14:35:02 2018
Kernel:  AVX

NOTE: Consider using the multicore version because your CPU has 4 cores!

Reading alignment file ../simulations/data_D1T2L3I5T4//S/264_pruned.fasta ... Fasta format detected
Alignment most likely contains DNA/RNA sequences
Alignment has 26 sequences with 300 columns and 172 patterns (163 informative sites)
          Gap/Ambiguity  Composition  p-value
   1  n251_254    0.00%    passed     96.24%
   2  n298_301    0.00%    passed     87.65%
   3  n277_280    0.00%    passed     33.32%
   4  n294_297    0.00%    passed     87.57%
   5  n286_289    0.00%    passed     54.52%
   6  n289_292    0.00%    passed     74.03%
   7  n274_277    0.00%    passed     89.08%
   8  n287_290    0.00%    passed     74.03%
   9  n236_239    0.00%    passed     95.33%
  10  n200_203    0.00%    passed     83.13%
  11  n296_299    0.00%    passed     79.20%
  12  n292_295    0.00%    passed     94.80%
  13  n275_278    0.00%    passed     85.83%
  14  n266_269    0.00%    passed     89.79%
  15  n244_247    0.00%    passed     44.85%
  16  n295_298    0.00%    passed     79.20%
  17  n285_288    0.00%    passed     43.99%
  18  n280_283    0.00%    passed     92.27%
  19  n299_302    0.00%    passed     97.41%
  20  n290_293    0.00%    passed     72.11%
  21  n255_258    0.00%    passed     98.29%
  22  n297_300    0.00%    passed     80.99%
  23  n300_303    0.00%    passed     94.80%
  24  n278_281    0.00%    passed     33.78%
  25  n293_296    0.00%    passed     87.57%
  26  n265_268    0.00%    passed     94.18%
****  TOTAL       0.00%  0 sequences failed composition chi2 test (p-value<5%; df=3)
NOTE: 2 identical sequences (see below) will be ignored for subsequent analysis
NOTE: n293_296 (identical to n294_297) is ignored but added at the end
NOTE: n295_298 (identical to n296_299) is ignored but added at the end

Create initial parsimony tree by phylogenetic likelihood library (PLL)... 0.001 seconds

NOTE: 0 MB RAM is required!
Estimate model parameters (epsilon = 0.100)
1. Initial log-likelihood: -1993.167
2. Current log-likelihood: -1937.734
3. Current log-likelihood: -1937.251
Optimal log-likelihood: -1937.207
Rate parameters:  A-C: 1.068  A-G: 1.717  A-T: 1.159  C-G: 0.805  C-T: 1.856  G-T: 1.000
Base frequencies:   A: 0.243  C: 0.285  G: 0.256  T: 0.216
Gamma shape alpha: 18.250
Parameters optimization took 3 rounds (0.024 sec)
--------------------------------------------------------------------
|             INITIALIZING CANDIDATE TREE SET                      |
--------------------------------------------------------------------
Computing ML distances based on estimated model parameters... 0.000 sec
Computing BIONJ tree...
0.000 seconds
Log-likelihood of BIONJ tree: -1937.207
Generating 98 parsimony trees... 0.079 seconds 15 distinct starting trees
Computing log-likelihood of 15 initial trees ... 0.027 seconds
Optimizing top 15 initial trees with NNI...
Iteration 1 / LogL: -1937.170 / Time: 0h:0m:0s
Estimate model parameters (epsilon = 0.100)
BETTER SCORE FOUND at iteration 1: -1937.154
Iteration 2 / LogL: -1937.156 / Time: 0h:0m:0s
Iteration 3 / LogL: -1937.156 / Time: 0h:0m:0s
Iteration 4 / LogL: -1937.155 / Time: 0h:0m:0s
Iteration 5 / LogL: -1937.155 / Time: 0h:0m:0s
Iteration 6 / LogL: -1937.154 / Time: 0h:0m:0s
Iteration 7 / LogL: -1937.163 / Time: 0h:0m:0s
Iteration 8 / LogL: -1937.163 / Time: 0h:0m:0s
Iteration 9 / LogL: -1937.163 / Time: 0h:0m:0s
Iteration 10 / LogL: -1937.163 / Time: 0h:0m:0s
Iteration 11 / LogL: -1937.163 / Time: 0h:0m:0s
Iteration 12 / LogL: -1937.156 / Time: 0h:0m:0s
Iteration 13 / LogL: -1937.156 / Time: 0h:0m:0s
Iteration 14 / LogL: -1937.156 / Time: 0h:0m:0s
Iteration 15 / LogL: -1937.156 / Time: 0h:0m:0s
Average CPU time for 1 NNI search: 0.007
Finish initializing candidate tree set. Number of distinct locally optimal trees: 3
Current best tree score: -1937.154 / CPU time: 0.216
--------------------------------------------------------------------
|               OPTIMIZING CANDIDATE TREE SET                      |
--------------------------------------------------------------------
Iteration 20 / LogL: -1937.166 / Time: 0h:0m:0s (0h:0m:1s left)
Iteration 30 / LogL: -1937.203 / Time: 0h:0m:0s (0h:0m:1s left)
Iteration 40 / LogL: -1937.157 / Time: 0h:0m:0s (0h:0m:1s left)
Iteration 50 / LogL: -1937.154 / Time: 0h:0m:0s (0h:0m:0s left)
Iteration 60 / LogL: -1937.175 / Time: 0h:0m:1s (0h:0m:0s left)
Iteration 70 / LogL: -1937.155 / Time: 0h:0m:1s (0h:0m:0s left)
Iteration 80 / LogL: -1937.212 / Time: 0h:0m:1s (0h:0m:0s left)
Iteration 90 / LogL: -1937.157 / Time: 0h:0m:1s (0h:0m:0s left)
Iteration 100 / LogL: -1937.223 / Time: 0h:0m:1s (0h:0m:0s left)
TREE SEARCH COMPLETED AFTER 101 ITERATIONS / Time: 0h:0m:1s

--------------------------------------------------------------------
|                    FINALIZING TREE SEARCH                        |
--------------------------------------------------------------------
Performs final model parameters optimization
Estimate model parameters (epsilon = 0.010)
1. Initial log-likelihood: -1937.154
Optimal log-likelihood: -1937.151
Rate parameters:  A-C: 1.052  A-G: 1.694  A-T: 1.150  C-G: 0.810  C-T: 1.869  G-T: 1.000
Base frequencies:   A: 0.243  C: 0.285  G: 0.256  T: 0.216
Gamma shape alpha: 18.355
Parameters optimization took 1 rounds (0.005 sec)
BEST SCORE FOUND : -1937.151

Testing tree branches by SH-like aLRT with 1000 replicates...
CPU Time used:  0.112 sec.
Total tree length: 1.097

Total number of iterations: 101
CPU time used for tree search: 1.596 sec (0h:0m:1s)
Wall-clock time used for tree search: 1.599 sec (0h:0m:1s)
Total CPU time used: 1.752 sec (0h:0m:1s)
Total wall-clock time used: 1.758 sec (0h:0m:1s)

Analysis results written to: 
  IQ-TREE report:                ../simulations/data_D1T2L3I5T4//S/264_pruned.fasta.iqtree
  Maximum-likelihood tree:       ../simulations/data_D1T2L3I5T4//S/264_pruned.fasta.treefile
  Likelihood distances:          ../simulations/data_D1T2L3I5T4//S/264_pruned.fasta.mldist
  Screen log file:               ../simulations/data_D1T2L3I5T4//S/264_pruned.fasta.log

Date and Time: Fri May 25 14:35:04 2018
