IQ-TREE version 1.4.2 for Linux 64-bit built Apr 15 2016
Copyright (c) 2011-2015 Nguyen Lam Tung, Olga Chernomor, Arndt von Haeseler and Bui Quang Minh.

Host:    meduse (AVX2, FMA3, 7 GB RAM)
Command: /home/tannier/programs/iqtree/iqtree-1.4.2-Linux/bin//iqtree -s ../simulations/data_D1T2L3I5T4//S/272_pruned.fasta -m GTR+G -alrt 1000 -redo
Seed:    838754 (Using SPRNG - Scalable Parallel Random Number Generator)
Time:    Fri May 25 14:14:27 2018
Kernel:  AVX

NOTE: Consider using the multicore version because your CPU has 4 cores!

Reading alignment file ../simulations/data_D1T2L3I5T4//S/272_pruned.fasta ... Fasta format detected
Alignment most likely contains DNA/RNA sequences
Alignment has 26 sequences with 300 columns and 178 patterns (159 informative sites)
          Gap/Ambiguity  Composition  p-value
   1  n236_237    0.00%    passed     99.47%
   2  n266_267    0.00%    passed     58.67%
   3  n296_297    0.00%    passed     95.31%
   4  n277_278    0.00%    passed     91.32%
   5  n290_291    0.00%    passed     98.01%
   6  n255_256    0.00%    passed     84.69%
   7  n295_296    0.00%    passed     95.31%
   8  n286_287    0.00%    passed     94.05%
   9  n298_299    0.00%    passed     97.25%
  10  n299_300    0.00%    passed     97.62%
  11  n287_288    0.00%    passed     98.70%
  12  n278_279    0.00%    passed     93.43%
  13  n292_293    0.00%    passed     99.59%
  14  n265_266    0.00%    passed     62.64%
  15  n289_290    0.00%    passed     95.21%
  16  n293_294    0.00%    passed     97.40%
  17  n280_281    0.00%    passed     99.59%
  18  n274_275    0.00%    passed     96.35%
  19  n275_276    0.00%    passed     99.40%
  20  n285_286    0.00%    passed     95.08%
  21  n294_295    0.00%    passed     94.44%
  22  n297_298    0.00%    passed     97.25%
  23  n244_245    0.00%    passed     77.77%
  24  n251_252    0.00%    passed     55.18%
  25  n200_201    0.00%    passed     89.71%
  26  n300_301    0.00%    passed     97.62%
****  TOTAL       0.00%  0 sequences failed composition chi2 test (p-value<5%; df=3)
NOTE: 3 identical sequences (see below) will be ignored for subsequent analysis
NOTE: n295_296 (identical to n296_297) is ignored but added at the end
NOTE: n297_298 (identical to n298_299) is ignored but added at the end
NOTE: n300_301 (identical to n299_300) is ignored but added at the end

Create initial parsimony tree by phylogenetic likelihood library (PLL)... 0.001 seconds

NOTE: 0 MB RAM is required!
Estimate model parameters (epsilon = 0.100)
1. Initial log-likelihood: -2052.229
2. Current log-likelihood: -2012.899
3. Current log-likelihood: -2012.370
Optimal log-likelihood: -2012.352
Rate parameters:  A-C: 1.509  A-G: 1.378  A-T: 1.520  C-G: 1.307  C-T: 1.235  G-T: 1.000
Base frequencies:   A: 0.233  C: 0.239  G: 0.284  T: 0.244
Gamma shape alpha: 7.837
Parameters optimization took 3 rounds (0.019 sec)
--------------------------------------------------------------------
|             INITIALIZING CANDIDATE TREE SET                      |
--------------------------------------------------------------------
Computing ML distances based on estimated model parameters... 0.004 sec
Computing BIONJ tree...
0.000 seconds
Log-likelihood of BIONJ tree: -2018.913
Generating 98 parsimony trees... 0.083 seconds 10 distinct starting trees
Computing log-likelihood of 10 initial trees ... 0.016 seconds
Optimizing top 10 initial trees with NNI...
Iteration 1 / LogL: -2012.352 / Time: 0h:0m:0s
Estimate model parameters (epsilon = 0.100)
BETTER SCORE FOUND at iteration 1: -2012.340
Iteration 2 / LogL: -2012.342 / Time: 0h:0m:0s
Iteration 3 / LogL: -2012.342 / Time: 0h:0m:0s
Iteration 4 / LogL: -2012.342 / Time: 0h:0m:0s
Iteration 5 / LogL: -2012.342 / Time: 0h:0m:0s
Iteration 6 / LogL: -2012.342 / Time: 0h:0m:0s
Iteration 7 / LogL: -2012.342 / Time: 0h:0m:0s
Iteration 8 / LogL: -2012.342 / Time: 0h:0m:0s
Iteration 9 / LogL: -2012.342 / Time: 0h:0m:0s
Iteration 10 / LogL: -2012.350 / Time: 0h:0m:0s
Average CPU time for 1 NNI search: 0.006
Finish initializing candidate tree set. Number of distinct locally optimal trees: 9
Current best tree score: -2012.340 / CPU time: 0.156
--------------------------------------------------------------------
|               OPTIMIZING CANDIDATE TREE SET                      |
--------------------------------------------------------------------
Iteration 20 / LogL: -2012.411 / Time: 0h:0m:0s (0h:0m:1s left)
Iteration 30 / LogL: -2012.344 / Time: 0h:0m:0s (0h:0m:1s left)
Iteration 40 / LogL: -2012.342 / Time: 0h:0m:0s (0h:0m:0s left)
Iteration 50 / LogL: -2012.368 / Time: 0h:0m:0s (0h:0m:0s left)
Iteration 60 / LogL: -2012.341 / Time: 0h:0m:0s (0h:0m:0s left)
Iteration 70 / LogL: -2012.382 / Time: 0h:0m:1s (0h:0m:0s left)
Iteration 80 / LogL: -2012.350 / Time: 0h:0m:1s (0h:0m:0s left)
Iteration 90 / LogL: -2012.341 / Time: 0h:0m:1s (0h:0m:0s left)
Iteration 100 / LogL: -2012.344 / Time: 0h:0m:1s (0h:0m:0s left)
TREE SEARCH COMPLETED AFTER 101 ITERATIONS / Time: 0h:0m:1s

--------------------------------------------------------------------
|                    FINALIZING TREE SEARCH                        |
--------------------------------------------------------------------
Performs final model parameters optimization
Estimate model parameters (epsilon = 0.010)
1. Initial log-likelihood: -2012.340
Optimal log-likelihood: -2012.336
Rate parameters:  A-C: 1.540  A-G: 1.410  A-T: 1.534  C-G: 1.314  C-T: 1.244  G-T: 1.000
Base frequencies:   A: 0.233  C: 0.239  G: 0.284  T: 0.244
Gamma shape alpha: 7.860
Parameters optimization took 1 rounds (0.005 sec)
BEST SCORE FOUND : -2012.336

Testing tree branches by SH-like aLRT with 1000 replicates...
CPU Time used:  0.100 sec.
Total tree length: 1.204

Total number of iterations: 101
CPU time used for tree search: 1.440 sec (0h:0m:1s)
Wall-clock time used for tree search: 1.440 sec (0h:0m:1s)
Total CPU time used: 1.580 sec (0h:0m:1s)
Total wall-clock time used: 1.583 sec (0h:0m:1s)

Analysis results written to: 
  IQ-TREE report:                ../simulations/data_D1T2L3I5T4//S/272_pruned.fasta.iqtree
  Maximum-likelihood tree:       ../simulations/data_D1T2L3I5T4//S/272_pruned.fasta.treefile
  Likelihood distances:          ../simulations/data_D1T2L3I5T4//S/272_pruned.fasta.mldist
  Screen log file:               ../simulations/data_D1T2L3I5T4//S/272_pruned.fasta.log

Date and Time: Fri May 25 14:14:29 2018
