IQ-TREE version 1.4.2 for Linux 64-bit built Apr 15 2016
Copyright (c) 2011-2015 Nguyen Lam Tung, Olga Chernomor, Arndt von Haeseler and Bui Quang Minh.

Host:    meduse (AVX2, FMA3, 7 GB RAM)
Command: /home/tannier/programs/iqtree/iqtree-1.4.2-Linux/bin//iqtree -s ../simulations/data_D1T2L3I5T4//S/274_pruned.fasta -m GTR+G -alrt 1000 -redo
Seed:    991250 (Using SPRNG - Scalable Parallel Random Number Generator)
Time:    Fri May 25 14:22:13 2018
Kernel:  AVX

NOTE: Consider using the multicore version because your CPU has 4 cores!

Reading alignment file ../simulations/data_D1T2L3I5T4//S/274_pruned.fasta ... Fasta format detected
Alignment most likely contains DNA/RNA sequences
Alignment has 26 sequences with 300 columns and 156 patterns (137 informative sites)
          Gap/Ambiguity  Composition  p-value
   1  n298_301    0.00%    passed     97.74%
   2  n296_299    0.00%    passed     99.47%
   3  n200_201    0.00%    passed     82.32%
   4  n251_254    0.00%    passed     93.55%
   5  n277_280    0.00%    passed     93.33%
   6  n286_289    0.00%    passed     98.19%
   7  n280_283    0.00%    passed     99.71%
   8  n289_292    0.00%    passed     98.49%
   9  n287_290    0.00%    passed     93.71%
  10  n236_239    0.00%    passed     80.88%
  11  n292_295    0.00%    passed     99.18%
  12  n275_278    0.00%    passed     99.85%
  13  n266_269    0.00%    passed     98.82%
  14  n255_258    0.00%    passed     99.77%
  15  n244_247    0.00%    passed     90.54%
  16  n285_288    0.00%    passed     97.76%
  17  n299_302    0.00%    passed     99.52%
  18  n290_293    0.00%    passed     98.49%
  19  n295_298    0.00%    passed     99.47%
  20  n294_297    0.00%    passed     99.06%
  21  n297_300    0.00%    passed     99.07%
  22  n265_268    0.00%    passed     94.68%
  23  n274_277    0.00%    passed     98.23%
  24  n300_303    0.00%    passed     99.52%
  25  n278_281    0.00%    passed     95.96%
  26  n293_296    0.00%    passed     98.14%
****  TOTAL       0.00%  0 sequences failed composition chi2 test (p-value<5%; df=3)
NOTE: 3 identical sequences (see below) will be ignored for subsequent analysis
NOTE: n295_298 (identical to n296_299) is ignored but added at the end
NOTE: n290_293 (identical to n289_292) is ignored but added at the end
NOTE: n300_303 (identical to n299_302) is ignored but added at the end

Create initial parsimony tree by phylogenetic likelihood library (PLL)... 0.001 seconds

NOTE: 0 MB RAM is required!
Estimate model parameters (epsilon = 0.100)
1. Initial log-likelihood: -1915.972
2. Current log-likelihood: -1883.971
3. Current log-likelihood: -1883.739
Optimal log-likelihood: -1883.713
Rate parameters:  A-C: 1.063  A-G: 1.114  A-T: 0.808  C-G: 0.947  C-T: 1.469  G-T: 1.000
Base frequencies:   A: 0.238  C: 0.239  G: 0.270  T: 0.252
Gamma shape alpha: 3.374
Parameters optimization took 3 rounds (0.019 sec)
--------------------------------------------------------------------
|             INITIALIZING CANDIDATE TREE SET                      |
--------------------------------------------------------------------
Computing ML distances based on estimated model parameters... 0.000 sec
Computing BIONJ tree...
0.001 seconds
Log-likelihood of BIONJ tree: -1883.475
Generating 98 parsimony trees... 0.094 seconds 10 distinct starting trees
Computing log-likelihood of 10 initial trees ... 0.015 seconds
Optimizing top 10 initial trees with NNI...
Iteration 1 / LogL: -1883.476 / Time: 0h:0m:0s
Estimate model parameters (epsilon = 0.100)
BETTER SCORE FOUND at iteration 1: -1883.455
Iteration 2 / LogL: -1883.455 / Time: 0h:0m:0s
Iteration 3 / LogL: -1883.455 / Time: 0h:0m:0s
Iteration 4 / LogL: -1883.455 / Time: 0h:0m:0s
Iteration 5 / LogL: -1883.455 / Time: 0h:0m:0s
Iteration 6 / LogL: -1883.455 / Time: 0h:0m:0s
Iteration 7 / LogL: -1883.455 / Time: 0h:0m:0s
Iteration 8 / LogL: -1883.455 / Time: 0h:0m:0s
Iteration 9 / LogL: -1883.455 / Time: 0h:0m:0s
Iteration 10 / LogL: -1883.455 / Time: 0h:0m:0s
Average CPU time for 1 NNI search: 0.008
Finish initializing candidate tree set. Number of distinct locally optimal trees: 9
Current best tree score: -1883.455 / CPU time: 0.184
--------------------------------------------------------------------
|               OPTIMIZING CANDIDATE TREE SET                      |
--------------------------------------------------------------------
Iteration 20 / LogL: -1887.044 / Time: 0h:0m:0s (0h:0m:1s left)
Iteration 30 / LogL: -1883.455 / Time: 0h:0m:0s (0h:0m:1s left)
Iteration 40 / LogL: -1889.923 / Time: 0h:0m:0s (0h:0m:0s left)
Iteration 50 / LogL: -1883.545 / Time: 0h:0m:0s (0h:0m:0s left)
Iteration 60 / LogL: -1883.455 / Time: 0h:0m:0s (0h:0m:0s left)
Iteration 70 / LogL: -1883.465 / Time: 0h:0m:1s (0h:0m:0s left)
Iteration 80 / LogL: -1883.529 / Time: 0h:0m:1s (0h:0m:0s left)
Iteration 90 / LogL: -1883.466 / Time: 0h:0m:1s (0h:0m:0s left)
Iteration 100 / LogL: -1883.455 / Time: 0h:0m:1s (0h:0m:0s left)
TREE SEARCH COMPLETED AFTER 101 ITERATIONS / Time: 0h:0m:1s

--------------------------------------------------------------------
|                    FINALIZING TREE SEARCH                        |
--------------------------------------------------------------------
Performs final model parameters optimization
Estimate model parameters (epsilon = 0.010)
1. Initial log-likelihood: -1883.454
Optimal log-likelihood: -1883.453
Rate parameters:  A-C: 1.079  A-G: 1.140  A-T: 0.839  C-G: 0.964  C-T: 1.516  G-T: 1.000
Base frequencies:   A: 0.238  C: 0.239  G: 0.270  T: 0.252
Gamma shape alpha: 3.254
Parameters optimization took 1 rounds (0.004 sec)
BEST SCORE FOUND : -1883.453

Testing tree branches by SH-like aLRT with 1000 replicates...
CPU Time used:  0.096 sec.
Total tree length: 1.084

Total number of iterations: 101
CPU time used for tree search: 1.408 sec (0h:0m:1s)
Wall-clock time used for tree search: 1.414 sec (0h:0m:1s)
Total CPU time used: 1.548 sec (0h:0m:1s)
Total wall-clock time used: 1.552 sec (0h:0m:1s)

Analysis results written to: 
  IQ-TREE report:                ../simulations/data_D1T2L3I5T4//S/274_pruned.fasta.iqtree
  Maximum-likelihood tree:       ../simulations/data_D1T2L3I5T4//S/274_pruned.fasta.treefile
  Likelihood distances:          ../simulations/data_D1T2L3I5T4//S/274_pruned.fasta.mldist
  Screen log file:               ../simulations/data_D1T2L3I5T4//S/274_pruned.fasta.log

Date and Time: Fri May 25 14:22:15 2018
