IQ-TREE version 1.4.2 for Linux 64-bit built Apr 15 2016
Copyright (c) 2011-2015 Nguyen Lam Tung, Olga Chernomor, Arndt von Haeseler and Bui Quang Minh.

Host:    meduse (AVX2, FMA3, 7 GB RAM)
Command: /home/tannier/programs/iqtree/iqtree-1.4.2-Linux/bin//iqtree -s ../simulations/data_D1T2L3I5T4//S/282_pruned.fasta -m GTR+G -alrt 1000 -redo
Seed:    181154 (Using SPRNG - Scalable Parallel Random Number Generator)
Time:    Fri May 25 14:23:03 2018
Kernel:  AVX

NOTE: Consider using the multicore version because your CPU has 4 cores!

Reading alignment file ../simulations/data_D1T2L3I5T4//S/282_pruned.fasta ... Fasta format detected
Alignment most likely contains DNA/RNA sequences
Alignment has 26 sequences with 300 columns and 191 patterns (157 informative sites)
          Gap/Ambiguity  Composition  p-value
   1  n236_237    0.00%    passed     87.85%
   2  n266_267    0.00%    passed     82.04%
   3  n296_297    0.00%    passed     87.83%
   4  n277_278    0.00%    passed     85.21%
   5  n290_291    0.00%    passed     93.98%
   6  n255_256    0.00%    passed     80.80%
   7  n295_296    0.00%    passed     84.27%
   8  n286_287    0.00%    passed     69.09%
   9  n298_299    0.00%    passed     88.64%
  10  n299_300    0.00%    passed     86.56%
  11  n287_288    0.00%    passed     93.98%
  12  n278_279    0.00%    passed     88.72%
  13  n292_293    0.00%    passed     84.00%
  14  n265_266    0.00%    passed     79.31%
  15  n289_290    0.00%    passed     91.49%
  16  n293_294    0.00%    passed     85.63%
  17  n280_281    0.00%    passed     94.76%
  18  n274_275    0.00%    passed     90.12%
  19  n275_276    0.00%    passed     83.55%
  20  n285_286    0.00%    passed     68.09%
  21  n294_295    0.00%    passed     87.89%
  22  n297_298    0.00%    passed     80.10%
  23  n244_245    0.00%    passed     64.07%
  24  n251_252    0.00%    passed     62.57%
  25  n200_201    0.00%    passed     98.84%
  26  n300_301    0.00%    passed     84.00%
****  TOTAL       0.00%  0 sequences failed composition chi2 test (p-value<5%; df=3)
NOTE: 2 identical sequences (see below) will be ignored for subsequent analysis
NOTE: n287_288 (identical to n290_291) is ignored but added at the end
NOTE: n300_301 (identical to n292_293) is ignored but added at the end

Create initial parsimony tree by phylogenetic likelihood library (PLL)... 0.001 seconds

NOTE: 0 MB RAM is required!
Estimate model parameters (epsilon = 0.100)
1. Initial log-likelihood: -2122.622
2. Current log-likelihood: -2077.488
3. Current log-likelihood: -2077.050
Optimal log-likelihood: -2077.012
Rate parameters:  A-C: 1.254  A-G: 0.962  A-T: 0.916  C-G: 0.721  C-T: 1.310  G-T: 1.000
Base frequencies:   A: 0.231  C: 0.244  G: 0.256  T: 0.268
Gamma shape alpha: 21.865
Parameters optimization took 3 rounds (0.027 sec)
--------------------------------------------------------------------
|             INITIALIZING CANDIDATE TREE SET                      |
--------------------------------------------------------------------
Computing ML distances based on estimated model parameters... 0.004 sec
Computing BIONJ tree...
0.000 seconds
Log-likelihood of BIONJ tree: -2077.012
Generating 98 parsimony trees... 0.079 seconds 14 distinct starting trees
Computing log-likelihood of 14 initial trees ... 0.026 seconds
Optimizing top 14 initial trees with NNI...
Iteration 1 / LogL: -2077.012 / Time: 0h:0m:0s
Estimate model parameters (epsilon = 0.100)
BETTER SCORE FOUND at iteration 1: -2076.990
Iteration 2 / LogL: -2076.991 / Time: 0h:0m:0s
Iteration 3 / LogL: -2076.994 / Time: 0h:0m:0s
Iteration 4 / LogL: -2076.994 / Time: 0h:0m:0s
Iteration 5 / LogL: -2076.994 / Time: 0h:0m:0s
Iteration 6 / LogL: -2076.994 / Time: 0h:0m:0s
Iteration 7 / LogL: -2076.995 / Time: 0h:0m:0s
Iteration 8 / LogL: -2076.995 / Time: 0h:0m:0s
Iteration 9 / LogL: -2076.995 / Time: 0h:0m:0s
Iteration 10 / LogL: -2076.994 / Time: 0h:0m:0s
Iteration 11 / LogL: -2076.994 / Time: 0h:0m:0s
Iteration 12 / LogL: -2076.994 / Time: 0h:0m:0s
Iteration 13 / LogL: -2076.994 / Time: 0h:0m:0s
Iteration 14 / LogL: -2076.994 / Time: 0h:0m:0s
Average CPU time for 1 NNI search: 0.007
Finish initializing candidate tree set. Number of distinct locally optimal trees: 9
Current best tree score: -2076.990 / CPU time: 0.208
--------------------------------------------------------------------
|               OPTIMIZING CANDIDATE TREE SET                      |
--------------------------------------------------------------------
Iteration 20 / LogL: -2082.422 / Time: 0h:0m:0s (0h:0m:1s left)
Iteration 30 / LogL: -2076.999 / Time: 0h:0m:0s (0h:0m:1s left)
Iteration 40 / LogL: -2076.999 / Time: 0h:0m:0s (0h:0m:1s left)
Iteration 50 / LogL: -2092.875 / Time: 0h:0m:0s (0h:0m:0s left)
Iteration 60 / LogL: -2092.894 / Time: 0h:0m:0s (0h:0m:0s left)
Iteration 70 / LogL: -2076.990 / Time: 0h:0m:1s (0h:0m:0s left)
Iteration 80 / LogL: -2076.997 / Time: 0h:0m:1s (0h:0m:0s left)
Iteration 90 / LogL: -2077.018 / Time: 0h:0m:1s (0h:0m:0s left)
Iteration 100 / LogL: -2076.990 / Time: 0h:0m:1s (0h:0m:0s left)
TREE SEARCH COMPLETED AFTER 101 ITERATIONS / Time: 0h:0m:1s

--------------------------------------------------------------------
|                    FINALIZING TREE SEARCH                        |
--------------------------------------------------------------------
Performs final model parameters optimization
Estimate model parameters (epsilon = 0.010)
1. Initial log-likelihood: -2076.990
2. Current log-likelihood: -2076.977
Optimal log-likelihood: -2076.969
Rate parameters:  A-C: 1.283  A-G: 0.978  A-T: 0.936  C-G: 0.758  C-T: 1.340  G-T: 1.000
Base frequencies:   A: 0.231  C: 0.244  G: 0.256  T: 0.268
Gamma shape alpha: 22.078
Parameters optimization took 2 rounds (0.010 sec)
BEST SCORE FOUND : -2076.969

Testing tree branches by SH-like aLRT with 1000 replicates...
CPU Time used:  0.108 sec.
Total tree length: 1.228

Total number of iterations: 101
CPU time used for tree search: 1.608 sec (0h:0m:1s)
Wall-clock time used for tree search: 1.609 sec (0h:0m:1s)
Total CPU time used: 1.768 sec (0h:0m:1s)
Total wall-clock time used: 1.771 sec (0h:0m:1s)

Analysis results written to: 
  IQ-TREE report:                ../simulations/data_D1T2L3I5T4//S/282_pruned.fasta.iqtree
  Maximum-likelihood tree:       ../simulations/data_D1T2L3I5T4//S/282_pruned.fasta.treefile
  Likelihood distances:          ../simulations/data_D1T2L3I5T4//S/282_pruned.fasta.mldist
  Screen log file:               ../simulations/data_D1T2L3I5T4//S/282_pruned.fasta.log

Date and Time: Fri May 25 14:23:04 2018
