IQ-TREE version 1.4.2 for Linux 64-bit built Apr 15 2016
Copyright (c) 2011-2015 Nguyen Lam Tung, Olga Chernomor, Arndt von Haeseler and Bui Quang Minh.

Host:    meduse (AVX2, FMA3, 7 GB RAM)
Command: /home/tannier/programs/iqtree/iqtree-1.4.2-Linux/bin//iqtree -s ../simulations/data_D1T2L3I5T4//S/289_pruned.fasta -m GTR+G -alrt 1000 -redo
Seed:    375939 (Using SPRNG - Scalable Parallel Random Number Generator)
Time:    Fri May 25 14:13:03 2018
Kernel:  AVX

NOTE: Consider using the multicore version because your CPU has 4 cores!

Reading alignment file ../simulations/data_D1T2L3I5T4//S/289_pruned.fasta ... Fasta format detected
Alignment most likely contains DNA/RNA sequences
Alignment has 26 sequences with 300 columns and 164 patterns (142 informative sites)
          Gap/Ambiguity  Composition  p-value
   1  n236_237    0.00%    passed     98.16%
   2  n266_267    0.00%    passed     97.21%
   3  n296_297    0.00%    passed     88.65%
   4  n277_278    0.00%    passed     81.63%
   5  n290_291    0.00%    passed     93.94%
   6  n255_256    0.00%    passed     48.90%
   7  n295_296    0.00%    passed     97.31%
   8  n286_287    0.00%    passed     55.65%
   9  n298_299    0.00%    passed     93.89%
  10  n299_300    0.00%    passed     78.71%
  11  n287_288    0.00%    passed     90.04%
  12  n278_279    0.00%    passed     83.54%
  13  n292_293    0.00%    passed     85.71%
  14  n265_266    0.00%    passed     99.78%
  15  n289_290    0.00%    passed     89.06%
  16  n293_294    0.00%    passed     91.06%
  17  n280_281    0.00%    passed     92.32%
  18  n274_275    0.00%    passed     94.18%
  19  n275_276    0.00%    passed     95.38%
  20  n285_286    0.00%    passed     50.99%
  21  n294_295    0.00%    passed     94.63%
  22  n297_298    0.00%    passed     90.20%
  23  n244_245    0.00%    passed     19.88%
  24  n251_252    0.00%    passed     43.85%
  25  n200_201    0.00%    passed     78.02%
  26  n300_301    0.00%    passed     82.04%
****  TOTAL       0.00%  0 sequences failed composition chi2 test (p-value<5%; df=3)

Create initial parsimony tree by phylogenetic likelihood library (PLL)... 0.001 seconds

NOTE: 0 MB RAM is required!
Estimate model parameters (epsilon = 0.100)
1. Initial log-likelihood: -1988.013
2. Current log-likelihood: -1962.600
3. Current log-likelihood: -1962.458
Optimal log-likelihood: -1962.430
Rate parameters:  A-C: 0.884  A-G: 0.845  A-T: 0.830  C-G: 1.082  C-T: 0.903  G-T: 1.000
Base frequencies:   A: 0.210  C: 0.268  G: 0.256  T: 0.266
Gamma shape alpha: 2.248
Parameters optimization took 3 rounds (0.017 sec)
--------------------------------------------------------------------
|             INITIALIZING CANDIDATE TREE SET                      |
--------------------------------------------------------------------
Computing ML distances based on estimated model parameters... 0.004 sec
Computing BIONJ tree...
0.001 seconds
Log-likelihood of BIONJ tree: -1964.868
Generating 98 parsimony trees... 0.116 seconds 46 distinct starting trees
Computing log-likelihood of 46 initial trees ... 0.095 seconds
Optimizing top 20 initial trees with NNI...
Iteration 1 / LogL: -1962.415 / Time: 0h:0m:0s
Estimate model parameters (epsilon = 0.100)
BETTER SCORE FOUND at iteration 1: -1962.395
Iteration 2 / LogL: -1962.399 / Time: 0h:0m:0s
Iteration 3 / LogL: -1962.399 / Time: 0h:0m:0s
Iteration 4 / LogL: -1962.399 / Time: 0h:0m:0s
Iteration 5 / LogL: -1962.399 / Time: 0h:0m:0s
Iteration 6 / LogL: -1962.399 / Time: 0h:0m:0s
Iteration 7 / LogL: -1962.399 / Time: 0h:0m:0s
Iteration 8 / LogL: -1962.399 / Time: 0h:0m:0s
Iteration 9 / LogL: -1962.399 / Time: 0h:0m:0s
Iteration 10 / LogL: -1962.399 / Time: 0h:0m:0s
Iteration 11 / LogL: -1962.399 / Time: 0h:0m:0s
Iteration 12 / LogL: -1962.399 / Time: 0h:0m:0s
Iteration 13 / LogL: -1962.399 / Time: 0h:0m:0s
Iteration 14 / LogL: -1962.399 / Time: 0h:0m:0s
Iteration 15 / LogL: -1962.399 / Time: 0h:0m:0s
Iteration 16 / LogL: -1962.400 / Time: 0h:0m:0s
Iteration 17 / LogL: -1962.400 / Time: 0h:0m:0s
Iteration 18 / LogL: -1962.400 / Time: 0h:0m:0s
Iteration 19 / LogL: -1962.400 / Time: 0h:0m:0s
Iteration 20 / LogL: -1962.400 / Time: 0h:0m:0s
Average CPU time for 1 NNI search: 0.005
Finish initializing candidate tree set. Number of distinct locally optimal trees: 20
Current best tree score: -1962.395 / CPU time: 0.316
--------------------------------------------------------------------
|               OPTIMIZING CANDIDATE TREE SET                      |
--------------------------------------------------------------------
Iteration 30 / LogL: -1981.274 / Time: 0h:0m:0s (0h:0m:1s left)
Iteration 40 / LogL: -1962.397 / Time: 0h:0m:0s (0h:0m:1s left)
Iteration 50 / LogL: -1974.995 / Time: 0h:0m:0s (0h:0m:0s left)
Iteration 60 / LogL: -1962.398 / Time: 0h:0m:1s (0h:0m:0s left)
Iteration 70 / LogL: -1962.395 / Time: 0h:0m:1s (0h:0m:0s left)
Iteration 80 / LogL: -1966.060 / Time: 0h:0m:1s (0h:0m:0s left)
Iteration 90 / LogL: -1962.396 / Time: 0h:0m:1s (0h:0m:0s left)
Iteration 100 / LogL: -1962.403 / Time: 0h:0m:1s (0h:0m:0s left)
TREE SEARCH COMPLETED AFTER 101 ITERATIONS / Time: 0h:0m:1s

--------------------------------------------------------------------
|                    FINALIZING TREE SEARCH                        |
--------------------------------------------------------------------
Performs final model parameters optimization
Estimate model parameters (epsilon = 0.010)
1. Initial log-likelihood: -1962.395
Optimal log-likelihood: -1962.388
Rate parameters:  A-C: 0.906  A-G: 0.864  A-T: 0.844  C-G: 1.098  C-T: 0.921  G-T: 1.000
Base frequencies:   A: 0.210  C: 0.268  G: 0.256  T: 0.266
Gamma shape alpha: 2.254
Parameters optimization took 1 rounds (0.005 sec)
BEST SCORE FOUND : -1962.388

Testing tree branches by SH-like aLRT with 1000 replicates...
CPU Time used:  0.116 sec.
Total tree length: 1.158

Total number of iterations: 101
CPU time used for tree search: 1.700 sec (0h:0m:1s)
Wall-clock time used for tree search: 1.703 sec (0h:0m:1s)
Total CPU time used: 1.860 sec (0h:0m:1s)
Total wall-clock time used: 1.862 sec (0h:0m:1s)

Analysis results written to: 
  IQ-TREE report:                ../simulations/data_D1T2L3I5T4//S/289_pruned.fasta.iqtree
  Maximum-likelihood tree:       ../simulations/data_D1T2L3I5T4//S/289_pruned.fasta.treefile
  Likelihood distances:          ../simulations/data_D1T2L3I5T4//S/289_pruned.fasta.mldist
  Screen log file:               ../simulations/data_D1T2L3I5T4//S/289_pruned.fasta.log

Date and Time: Fri May 25 14:13:05 2018
