IQ-TREE version 1.4.2 for Linux 64-bit built Apr 15 2016
Copyright (c) 2011-2015 Nguyen Lam Tung, Olga Chernomor, Arndt von Haeseler and Bui Quang Minh.

Host:    meduse (AVX2, FMA3, 7 GB RAM)
Command: /home/tannier/programs/iqtree/iqtree-1.4.2-Linux/bin//iqtree -s ../simulations/data_D1T2L3I5T4//S/2_pruned.fasta -m GTR+G -alrt 1000 -redo
Seed:    395750 (Using SPRNG - Scalable Parallel Random Number Generator)
Time:    Fri May 25 14:28:36 2018
Kernel:  AVX

NOTE: Consider using the multicore version because your CPU has 4 cores!

Reading alignment file ../simulations/data_D1T2L3I5T4//S/2_pruned.fasta ... Fasta format detected
Alignment most likely contains DNA/RNA sequences
Alignment has 19 sequences with 300 columns and 139 patterns (133 informative sites)
          Gap/Ambiguity  Composition  p-value
   1  n293_268    0.00%    passed     99.13%
   2  n244_237    0.00%    passed     33.98%
   3  n200_201    0.00%    passed     93.69%
   4  n236_229    0.00%    passed     87.62%
   5  n255_246    0.00%    passed     54.11%
   6  n265_252    0.00%    passed     95.89%
   7  n294_269    0.00%    passed     99.56%
   8  n295_270    0.00%    passed     97.49%
   9  n286_263    0.00%    passed     97.62%
  10  n290_267    0.00%    passed     95.86%
  11  n251_244    0.00%    passed     81.62%
  12  n275_258    0.00%    passed     99.13%
  13  n289_266    0.00%    passed     99.50%
  14  n266_253    0.00%    passed     95.89%
  15  n296_271    0.00%    passed     97.49%
  16  n285_262    0.00%    passed     91.83%
  17  n297_272    0.00%    passed     99.38%
  18  n298_273    0.00%    passed     99.55%
  19  n287_264    0.00%    passed     99.50%
****  TOTAL       0.00%  0 sequences failed composition chi2 test (p-value<5%; df=3)
NOTE: 2 identical sequences (see below) will be ignored for subsequent analysis
NOTE: n296_271 (identical to n295_270) is ignored but added at the end
NOTE: n287_264 (identical to n289_266) is ignored but added at the end

Create initial parsimony tree by phylogenetic likelihood library (PLL)... 0.000 seconds

NOTE: 0 MB RAM is required!
Estimate model parameters (epsilon = 0.100)
1. Initial log-likelihood: -1690.680
2. Current log-likelihood: -1661.059
3. Current log-likelihood: -1660.622
Optimal log-likelihood: -1660.608
Rate parameters:  A-C: 0.982  A-G: 0.980  A-T: 1.076  C-G: 0.801  C-T: 1.340  G-T: 1.000
Base frequencies:   A: 0.231  C: 0.266  G: 0.279  T: 0.224
Gamma shape alpha: 3.019
Parameters optimization took 3 rounds (0.014 sec)
--------------------------------------------------------------------
|             INITIALIZING CANDIDATE TREE SET                      |
--------------------------------------------------------------------
Computing ML distances based on estimated model parameters... 0.000 sec
Computing BIONJ tree...
0.000 seconds
Log-likelihood of BIONJ tree: -1660.608
Generating 98 parsimony trees... 0.051 seconds 9 distinct starting trees
Computing log-likelihood of 9 initial trees ... 0.009 seconds
Optimizing top 9 initial trees with NNI...
Iteration 1 / LogL: -1660.608 / Time: 0h:0m:0s
Estimate model parameters (epsilon = 0.100)
BETTER SCORE FOUND at iteration 1: -1660.604
Iteration 2 / LogL: -1660.605 / Time: 0h:0m:0s
Iteration 3 / LogL: -1660.608 / Time: 0h:0m:0s
Iteration 4 / LogL: -1660.608 / Time: 0h:0m:0s
Iteration 5 / LogL: -1660.608 / Time: 0h:0m:0s
Iteration 6 / LogL: -1660.608 / Time: 0h:0m:0s
Iteration 7 / LogL: -1660.608 / Time: 0h:0m:0s
Iteration 8 / LogL: -1660.608 / Time: 0h:0m:0s
Iteration 9 / LogL: -1660.608 / Time: 0h:0m:0s
Average CPU time for 1 NNI search: 0.003
Finish initializing candidate tree set. Number of distinct locally optimal trees: 9
Current best tree score: -1660.604 / CPU time: 0.088
--------------------------------------------------------------------
|               OPTIMIZING CANDIDATE TREE SET                      |
--------------------------------------------------------------------
Iteration 10 / LogL: -1660.605 / Time: 0h:0m:0s
Iteration 20 / LogL: -1660.605 / Time: 0h:0m:0s (0h:0m:0s left)
Iteration 30 / LogL: -1660.606 / Time: 0h:0m:0s (0h:0m:0s left)
Iteration 40 / LogL: -1660.798 / Time: 0h:0m:0s (0h:0m:0s left)
Iteration 50 / LogL: -1681.026 / Time: 0h:0m:0s (0h:0m:0s left)
Iteration 60 / LogL: -1662.573 / Time: 0h:0m:0s (0h:0m:0s left)
Iteration 70 / LogL: -1660.609 / Time: 0h:0m:0s (0h:0m:0s left)
Iteration 80 / LogL: -2036.018 / Time: 0h:0m:0s (0h:0m:0s left)
Iteration 90 / LogL: -1660.665 / Time: 0h:0m:0s (0h:0m:0s left)
Iteration 100 / LogL: -1660.605 / Time: 0h:0m:0s (0h:0m:0s left)
TREE SEARCH COMPLETED AFTER 101 ITERATIONS / Time: 0h:0m:0s

--------------------------------------------------------------------
|                    FINALIZING TREE SEARCH                        |
--------------------------------------------------------------------
Performs final model parameters optimization
Estimate model parameters (epsilon = 0.010)
1. Initial log-likelihood: -1660.604
Optimal log-likelihood: -1660.602
Rate parameters:  A-C: 0.992  A-G: 0.990  A-T: 1.086  C-G: 0.809  C-T: 1.350  G-T: 1.000
Base frequencies:   A: 0.231  C: 0.266  G: 0.279  T: 0.224
Gamma shape alpha: 3.029
Parameters optimization took 1 rounds (0.003 sec)
BEST SCORE FOUND : -1660.602

Testing tree branches by SH-like aLRT with 1000 replicates...
CPU Time used:  0.068 sec.
Total tree length: 1.044

Total number of iterations: 101
CPU time used for tree search: 0.760 sec (0h:0m:0s)
Wall-clock time used for tree search: 0.767 sec (0h:0m:0s)
Total CPU time used: 0.860 sec (0h:0m:0s)
Total wall-clock time used: 0.869 sec (0h:0m:0s)

Analysis results written to: 
  IQ-TREE report:                ../simulations/data_D1T2L3I5T4//S/2_pruned.fasta.iqtree
  Maximum-likelihood tree:       ../simulations/data_D1T2L3I5T4//S/2_pruned.fasta.treefile
  Likelihood distances:          ../simulations/data_D1T2L3I5T4//S/2_pruned.fasta.mldist
  Screen log file:               ../simulations/data_D1T2L3I5T4//S/2_pruned.fasta.log

Date and Time: Fri May 25 14:28:37 2018
