IQ-TREE version 1.4.2 for Linux 64-bit built Apr 15 2016
Copyright (c) 2011-2015 Nguyen Lam Tung, Olga Chernomor, Arndt von Haeseler and Bui Quang Minh.

Host:    meduse (AVX2, FMA3, 7 GB RAM)
Command: /home/tannier/programs/iqtree/iqtree-1.4.2-Linux/bin//iqtree -s ../simulations/data_D1T2L3I5T4//S/300_pruned.fasta -m GTR+G -alrt 1000 -redo
Seed:    499925 (Using SPRNG - Scalable Parallel Random Number Generator)
Time:    Fri May 25 14:11:23 2018
Kernel:  AVX

NOTE: Consider using the multicore version because your CPU has 4 cores!

Reading alignment file ../simulations/data_D1T2L3I5T4//S/300_pruned.fasta ... Fasta format detected
Alignment most likely contains DNA/RNA sequences
Alignment has 26 sequences with 300 columns and 177 patterns (157 informative sites)
          Gap/Ambiguity  Composition  p-value
   1  n265_262    0.00%    passed     74.71%
   2  n275_272    0.00%    passed     75.04%
   3  n299_296    0.00%    passed     91.91%
   4  n236_233    0.00%    passed     99.51%
   5  n289_286    0.00%    passed     94.82%
   6  n244_241    0.00%    passed     90.54%
   7  n277_274    0.00%    passed     82.74%
   8  n290_287    0.00%    passed     87.99%
   9  n300_297    0.00%    passed     91.91%
  10  n293_290    0.00%    passed     92.18%
  11  n274_271    0.00%    passed     87.31%
  12  n287_284    0.00%    passed     96.05%
  13  n278_275    0.00%    passed     81.87%
  14  n200_197    0.00%    passed     93.09%
  15  n280_277    0.00%    passed     95.25%
  16  n296_293    0.00%    passed     97.27%
  17  n297_294    0.00%    passed     77.92%
  18  n266_263    0.00%    passed     79.53%
  19  n295_292    0.00%    passed     97.27%
  20  n292_289    0.00%    passed     88.15%
  21  n255_252    0.00%    passed     82.78%
  22  n286_283    0.00%    passed     96.02%
  23  n251_248    0.00%    passed     81.37%
  24  n285_282    0.00%    passed     96.59%
  25  n294_291    0.00%    passed     94.68%
  26  n298_295    0.00%    passed     82.12%
****  TOTAL       0.00%  0 sequences failed composition chi2 test (p-value<5%; df=3)
NOTE: 2 identical sequences (see below) will be ignored for subsequent analysis
NOTE: n300_297 (identical to n299_296) is ignored but added at the end
NOTE: n295_292 (identical to n296_293) is ignored but added at the end

Create initial parsimony tree by phylogenetic likelihood library (PLL)... 0.001 seconds

NOTE: 0 MB RAM is required!
Estimate model parameters (epsilon = 0.100)
1. Initial log-likelihood: -2083.927
2. Current log-likelihood: -2030.053
3. Current log-likelihood: -2029.262
4. Current log-likelihood: -2029.159
Optimal log-likelihood: -2029.102
Rate parameters:  A-C: 1.475  A-G: 1.254  A-T: 1.169  C-G: 0.956  C-T: 1.372  G-T: 1.000
Base frequencies:   A: 0.203  C: 0.259  G: 0.281  T: 0.256
Gamma shape alpha: 93.973
Parameters optimization took 4 rounds (0.037 sec)
--------------------------------------------------------------------
|             INITIALIZING CANDIDATE TREE SET                      |
--------------------------------------------------------------------
Computing ML distances based on estimated model parameters... 0.000 sec
Computing BIONJ tree...
0.000 seconds
Log-likelihood of BIONJ tree: -2032.143
Generating 98 parsimony trees... 0.096 seconds 74 distinct starting trees
Computing log-likelihood of 74 initial trees ... 0.145 seconds
Optimizing top 20 initial trees with NNI...
Iteration 1 / LogL: -2029.102 / Time: 0h:0m:0s
Estimate model parameters (epsilon = 0.100)
BETTER SCORE FOUND at iteration 1: -2029.064
Iteration 2 / LogL: -2029.066 / Time: 0h:0m:0s
Iteration 3 / LogL: -2029.066 / Time: 0h:0m:0s
Iteration 4 / LogL: -2029.066 / Time: 0h:0m:0s
Iteration 5 / LogL: -2029.066 / Time: 0h:0m:0s
Iteration 6 / LogL: -2029.066 / Time: 0h:0m:0s
Iteration 7 / LogL: -2029.066 / Time: 0h:0m:0s
Iteration 8 / LogL: -2029.066 / Time: 0h:0m:0s
Iteration 9 / LogL: -2029.066 / Time: 0h:0m:0s
Iteration 10 / LogL: -2029.066 / Time: 0h:0m:0s
Iteration 11 / LogL: -2029.066 / Time: 0h:0m:0s
Iteration 12 / LogL: -2029.066 / Time: 0h:0m:0s
Iteration 13 / LogL: -2029.064 / Time: 0h:0m:0s
Iteration 14 / LogL: -2029.064 / Time: 0h:0m:0s
Iteration 15 / LogL: -2029.064 / Time: 0h:0m:0s
Iteration 16 / LogL: -2029.064 / Time: 0h:0m:0s
Iteration 17 / LogL: -2029.064 / Time: 0h:0m:0s
Iteration 18 / LogL: -2029.064 / Time: 0h:0m:0s
Iteration 19 / LogL: -2029.064 / Time: 0h:0m:0s
Iteration 20 / LogL: -2029.064 / Time: 0h:0m:0s
Average CPU time for 1 NNI search: 0.005
Finish initializing candidate tree set. Number of distinct locally optimal trees: 18
Current best tree score: -2029.064 / CPU time: 0.348
--------------------------------------------------------------------
|               OPTIMIZING CANDIDATE TREE SET                      |
--------------------------------------------------------------------
Iteration 30 / LogL: -2029.064 / Time: 0h:0m:0s (0h:0m:1s left)
Iteration 40 / LogL: -2029.068 / Time: 0h:0m:0s (0h:0m:1s left)
Iteration 50 / LogL: -2249.485 / Time: 0h:0m:0s (0h:0m:0s left)
Iteration 60 / LogL: -2098.602 / Time: 0h:0m:1s (0h:0m:0s left)
Iteration 70 / LogL: -2032.359 / Time: 0h:0m:1s (0h:0m:0s left)
Iteration 80 / LogL: -2029.063 / Time: 0h:0m:1s (0h:0m:0s left)
Iteration 90 / LogL: -2029.065 / Time: 0h:0m:1s (0h:0m:0s left)
Iteration 100 / LogL: -2029.070 / Time: 0h:0m:1s (0h:0m:0s left)
TREE SEARCH COMPLETED AFTER 101 ITERATIONS / Time: 0h:0m:1s

--------------------------------------------------------------------
|                    FINALIZING TREE SEARCH                        |
--------------------------------------------------------------------
Performs final model parameters optimization
Estimate model parameters (epsilon = 0.010)
1. Initial log-likelihood: -2029.063
2. Current log-likelihood: -2029.039
3. Current log-likelihood: -2029.023
4. Current log-likelihood: -2029.013
Optimal log-likelihood: -2029.006
Rate parameters:  A-C: 1.404  A-G: 1.198  A-T: 1.118  C-G: 0.886  C-T: 1.314  G-T: 1.000
Base frequencies:   A: 0.203  C: 0.259  G: 0.281  T: 0.256
Gamma shape alpha: 117.622
Parameters optimization took 4 rounds (0.024 sec)
BEST SCORE FOUND : -2029.006

Testing tree branches by SH-like aLRT with 1000 replicates...
Alternative NNI shows better log-likelihood -2028.999 > -2029.006
CPU Time used:  0.112 sec.
Total tree length: 1.160

Total number of iterations: 101
CPU time used for tree search: 1.604 sec (0h:0m:1s)
Wall-clock time used for tree search: 1.605 sec (0h:0m:1s)
Total CPU time used: 1.788 sec (0h:0m:1s)
Total wall-clock time used: 1.791 sec (0h:0m:1s)

Analysis results written to: 
  IQ-TREE report:                ../simulations/data_D1T2L3I5T4//S/300_pruned.fasta.iqtree
  Maximum-likelihood tree:       ../simulations/data_D1T2L3I5T4//S/300_pruned.fasta.treefile
  Likelihood distances:          ../simulations/data_D1T2L3I5T4//S/300_pruned.fasta.mldist
  Screen log file:               ../simulations/data_D1T2L3I5T4//S/300_pruned.fasta.log

Date and Time: Fri May 25 14:11:25 2018
