IQ-TREE version 1.4.2 for Linux 64-bit built Apr 15 2016
Copyright (c) 2011-2015 Nguyen Lam Tung, Olga Chernomor, Arndt von Haeseler and Bui Quang Minh.

Host:    meduse (AVX2, FMA3, 7 GB RAM)
Command: /home/tannier/programs/iqtree/iqtree-1.4.2-Linux/bin//iqtree -s ../simulations/data_D1T2L3I5T4//S/309_pruned.fasta -m GTR+G -alrt 1000 -redo
Seed:    824991 (Using SPRNG - Scalable Parallel Random Number Generator)
Time:    Fri May 25 14:21:25 2018
Kernel:  AVX

NOTE: Consider using the multicore version because your CPU has 4 cores!

Reading alignment file ../simulations/data_D1T2L3I5T4//S/309_pruned.fasta ... Fasta format detected
Alignment most likely contains DNA/RNA sequences
Alignment has 26 sequences with 300 columns and 174 patterns (144 informative sites)
          Gap/Ambiguity  Composition  p-value
   1  n286_283    0.00%    passed     89.92%
   2  n300_297    0.00%    passed     98.36%
   3  n274_271    0.00%    passed     95.92%
   4  n265_262    0.00%    passed     70.61%
   5  n289_286    0.00%    passed     94.18%
   6  n244_241    0.00%    passed     91.82%
   7  n277_274    0.00%    passed     98.90%
   8  n293_290    0.00%    passed     99.90%
   9  n287_284    0.00%    passed     89.52%
  10  n278_275    0.00%    passed     97.64%
  11  n236_233    0.00%    passed     97.01%
  12  n275_272    0.00%    passed    100.00%
  13  n297_294    0.00%    passed     98.55%
  14  n251_248    0.00%    passed     85.23%
  15  n280_277    0.00%    passed     90.19%
  16  n266_263    0.00%    passed     75.53%
  17  n295_292    0.00%    passed     93.83%
  18  n296_293    0.00%    passed     93.10%
  19  n285_282    0.00%    passed     85.19%
  20  n298_295    0.00%    passed     98.46%
  21  n255_252    0.00%    passed     51.19%
  22  n292_289    0.00%    passed     98.36%
  23  n290_287    0.00%    passed     91.76%
  24  n299_296    0.00%    passed     98.36%
  25  n200_199    0.00%    passed     94.79%
  26  n294_291    0.00%    passed     99.90%
****  TOTAL       0.00%  0 sequences failed composition chi2 test (p-value<5%; df=3)
NOTE: 2 identical sequences (see below) will be ignored for subsequent analysis
NOTE: n299_296 (identical to n300_297) is ignored but added at the end
NOTE: n294_291 (identical to n293_290) is ignored but added at the end

Create initial parsimony tree by phylogenetic likelihood library (PLL)... 0.001 seconds

NOTE: 0 MB RAM is required!
Estimate model parameters (epsilon = 0.100)
1. Initial log-likelihood: -2083.256
2. Current log-likelihood: -2038.254
3. Current log-likelihood: -2037.754
Optimal log-likelihood: -2037.730
Rate parameters:  A-C: 1.267  A-G: 1.289  A-T: 1.076  C-G: 1.189  C-T: 1.363  G-T: 1.000
Base frequencies:   A: 0.258  C: 0.257  G: 0.252  T: 0.233
Gamma shape alpha: 4.503
Parameters optimization took 3 rounds (0.022 sec)
--------------------------------------------------------------------
|             INITIALIZING CANDIDATE TREE SET                      |
--------------------------------------------------------------------
Computing ML distances based on estimated model parameters... 0.004 sec
Computing BIONJ tree...
0.001 seconds
Log-likelihood of BIONJ tree: -2037.716
Generating 98 parsimony trees... 0.113 seconds 10 distinct starting trees
Computing log-likelihood of 10 initial trees ... 0.017 seconds
Optimizing top 10 initial trees with NNI...
Iteration 1 / LogL: -2037.716 / Time: 0h:0m:0s
Estimate model parameters (epsilon = 0.100)
BETTER SCORE FOUND at iteration 1: -2037.697
Iteration 2 / LogL: -2037.697 / Time: 0h:0m:0s
Iteration 3 / LogL: -2037.697 / Time: 0h:0m:0s
Iteration 4 / LogL: -2037.697 / Time: 0h:0m:0s
Iteration 5 / LogL: -2037.697 / Time: 0h:0m:0s
Iteration 6 / LogL: -2037.697 / Time: 0h:0m:0s
Iteration 7 / LogL: -2037.697 / Time: 0h:0m:0s
Iteration 8 / LogL: -2037.697 / Time: 0h:0m:0s
Iteration 9 / LogL: -2037.697 / Time: 0h:0m:0s
Iteration 10 / LogL: -2037.697 / Time: 0h:0m:0s
Average CPU time for 1 NNI search: 0.006
Finish initializing candidate tree set. Number of distinct locally optimal trees: 9
Current best tree score: -2037.697 / CPU time: 0.188
--------------------------------------------------------------------
|               OPTIMIZING CANDIDATE TREE SET                      |
--------------------------------------------------------------------
Iteration 20 / LogL: -2037.708 / Time: 0h:0m:0s (0h:0m:1s left)
Iteration 30 / LogL: -2044.519 / Time: 0h:0m:0s (0h:0m:1s left)
Iteration 40 / LogL: -2037.697 / Time: 0h:0m:0s (0h:0m:1s left)
Iteration 50 / LogL: -2037.704 / Time: 0h:0m:0s (0h:0m:0s left)
Iteration 60 / LogL: -2046.102 / Time: 0h:0m:1s (0h:0m:0s left)
Iteration 70 / LogL: -2037.697 / Time: 0h:0m:1s (0h:0m:0s left)
Iteration 80 / LogL: -2037.697 / Time: 0h:0m:1s (0h:0m:0s left)
Iteration 90 / LogL: -2037.697 / Time: 0h:0m:1s (0h:0m:0s left)
Iteration 100 / LogL: -2037.698 / Time: 0h:0m:1s (0h:0m:0s left)
TREE SEARCH COMPLETED AFTER 101 ITERATIONS / Time: 0h:0m:1s

--------------------------------------------------------------------
|                    FINALIZING TREE SEARCH                        |
--------------------------------------------------------------------
Performs final model parameters optimization
Estimate model parameters (epsilon = 0.010)
1. Initial log-likelihood: -2037.697
Optimal log-likelihood: -2037.694
Rate parameters:  A-C: 1.301  A-G: 1.300  A-T: 1.104  C-G: 1.192  C-T: 1.367  G-T: 1.000
Base frequencies:   A: 0.258  C: 0.257  G: 0.252  T: 0.233
Gamma shape alpha: 4.526
Parameters optimization took 1 rounds (0.005 sec)
BEST SCORE FOUND : -2037.694

Testing tree branches by SH-like aLRT with 1000 replicates...
CPU Time used:  0.108 sec.
Total tree length: 1.247

Total number of iterations: 101
CPU time used for tree search: 1.604 sec (0h:0m:1s)
Wall-clock time used for tree search: 1.606 sec (0h:0m:1s)
Total CPU time used: 1.756 sec (0h:0m:1s)
Total wall-clock time used: 1.760 sec (0h:0m:1s)

Analysis results written to: 
  IQ-TREE report:                ../simulations/data_D1T2L3I5T4//S/309_pruned.fasta.iqtree
  Maximum-likelihood tree:       ../simulations/data_D1T2L3I5T4//S/309_pruned.fasta.treefile
  Likelihood distances:          ../simulations/data_D1T2L3I5T4//S/309_pruned.fasta.mldist
  Screen log file:               ../simulations/data_D1T2L3I5T4//S/309_pruned.fasta.log

Date and Time: Fri May 25 14:21:27 2018
