IQ-TREE version 1.4.2 for Linux 64-bit built Apr 15 2016
Copyright (c) 2011-2015 Nguyen Lam Tung, Olga Chernomor, Arndt von Haeseler and Bui Quang Minh.

Host:    meduse (AVX2, FMA3, 7 GB RAM)
Command: /home/tannier/programs/iqtree/iqtree-1.4.2-Linux/bin//iqtree -s ../simulations/data_D1T2L3I5T4//S/30_pruned.fasta -m GTR+G -alrt 1000 -redo
Seed:    887664 (Using SPRNG - Scalable Parallel Random Number Generator)
Time:    Fri May 25 14:20:23 2018
Kernel:  AVX

NOTE: Consider using the multicore version because your CPU has 4 cores!

Reading alignment file ../simulations/data_D1T2L3I5T4//S/30_pruned.fasta ... Fasta format detected
Alignment most likely contains DNA/RNA sequences
Alignment has 26 sequences with 300 columns and 171 patterns (151 informative sites)
          Gap/Ambiguity  Composition  p-value
   1  n298_301    0.00%    passed     93.57%
   2  n296_299    0.00%    passed     90.09%
   3  n251_254    0.00%    passed     42.26%
   4  n277_280    0.00%    passed     98.01%
   5  n286_289    0.00%    passed     94.42%
   6  n280_283    0.00%    passed     78.55%
   7  n289_292    0.00%    passed     95.41%
   8  n274_277    0.00%    passed     75.34%
   9  n287_290    0.00%    passed     92.83%
  10  n236_239    0.00%    passed     89.10%
  11  n200_203    0.00%    passed     79.70%
  12  n292_295    0.00%    passed     83.48%
  13  n275_278    0.00%    passed     88.06%
  14  n266_269    0.00%    passed     86.70%
  15  n255_258    0.00%    passed     52.13%
  16  n244_247    0.00%    passed     88.80%
  17  n285_288    0.00%    passed     93.97%
  18  n299_302    0.00%    passed     83.21%
  19  n290_293    0.00%    passed     88.06%
  20  n295_298    0.00%    passed     95.35%
  21  n294_297    0.00%    passed     92.07%
  22  n297_300    0.00%    passed     89.49%
  23  n265_268    0.00%    passed     94.96%
  24  n300_303    0.00%    passed     83.48%
  25  n278_281    0.00%    passed     99.24%
  26  n293_296    0.00%    passed     92.83%
****  TOTAL       0.00%  0 sequences failed composition chi2 test (p-value<5%; df=3)

Create initial parsimony tree by phylogenetic likelihood library (PLL)... 0.001 seconds

NOTE: 0 MB RAM is required!
Estimate model parameters (epsilon = 0.100)
1. Initial log-likelihood: -2035.850
2. Current log-likelihood: -1997.754
3. Current log-likelihood: -1997.396
Optimal log-likelihood: -1997.390
Rate parameters:  A-C: 1.275  A-G: 1.340  A-T: 0.777  C-G: 1.114  C-T: 1.427  G-T: 1.000
Base frequencies:   A: 0.247  C: 0.250  G: 0.259  T: 0.244
Gamma shape alpha: 4.041
Parameters optimization took 3 rounds (0.030 sec)
--------------------------------------------------------------------
|             INITIALIZING CANDIDATE TREE SET                      |
--------------------------------------------------------------------
Computing ML distances based on estimated model parameters... 0.004 sec
Computing BIONJ tree...
0.000 seconds
Log-likelihood of BIONJ tree: -1997.390
Generating 98 parsimony trees... 0.098 seconds 27 distinct starting trees
Computing log-likelihood of 27 initial trees ... 0.058 seconds
Optimizing top 20 initial trees with NNI...
Iteration 1 / LogL: -1997.390 / Time: 0h:0m:0s
Estimate model parameters (epsilon = 0.100)
BETTER SCORE FOUND at iteration 1: -1997.343
Iteration 2 / LogL: -1997.345 / Time: 0h:0m:0s
Iteration 3 / LogL: -1997.344 / Time: 0h:0m:0s
Iteration 4 / LogL: -1997.344 / Time: 0h:0m:0s
Iteration 5 / LogL: -1997.344 / Time: 0h:0m:0s
Iteration 6 / LogL: -1997.344 / Time: 0h:0m:0s
Iteration 7 / LogL: -1997.344 / Time: 0h:0m:0s
Iteration 8 / LogL: -1997.344 / Time: 0h:0m:0s
Iteration 9 / LogL: -1997.344 / Time: 0h:0m:0s
Iteration 10 / LogL: -1997.344 / Time: 0h:0m:0s
Iteration 11 / LogL: -1997.344 / Time: 0h:0m:0s
Iteration 12 / LogL: -1997.344 / Time: 0h:0m:0s
Iteration 13 / LogL: -1997.344 / Time: 0h:0m:0s
Iteration 14 / LogL: -1997.344 / Time: 0h:0m:0s
Iteration 15 / LogL: -1997.344 / Time: 0h:0m:0s
Iteration 16 / LogL: -1997.344 / Time: 0h:0m:0s
Iteration 17 / LogL: -1997.344 / Time: 0h:0m:0s
Iteration 18 / LogL: -1997.344 / Time: 0h:0m:0s
Iteration 19 / LogL: -1997.344 / Time: 0h:0m:0s
Iteration 20 / LogL: -1997.344 / Time: 0h:0m:0s
Average CPU time for 1 NNI search: 0.006
Finish initializing candidate tree set. Number of distinct locally optimal trees: 20
Current best tree score: -1997.343 / CPU time: 0.284
--------------------------------------------------------------------
|               OPTIMIZING CANDIDATE TREE SET                      |
--------------------------------------------------------------------
Iteration 30 / LogL: -2006.905 / Time: 0h:0m:0s (0h:0m:1s left)
Iteration 40 / LogL: -1997.344 / Time: 0h:0m:0s (0h:0m:1s left)
Iteration 50 / LogL: -1997.344 / Time: 0h:0m:0s (0h:0m:0s left)
Iteration 60 / LogL: -1997.344 / Time: 0h:0m:1s (0h:0m:0s left)
Iteration 70 / LogL: -1997.344 / Time: 0h:0m:1s (0h:0m:0s left)
Iteration 80 / LogL: -1997.344 / Time: 0h:0m:1s (0h:0m:0s left)
Iteration 90 / LogL: -1997.343 / Time: 0h:0m:1s (0h:0m:0s left)
Iteration 100 / LogL: -1997.344 / Time: 0h:0m:1s (0h:0m:0s left)
TREE SEARCH COMPLETED AFTER 101 ITERATIONS / Time: 0h:0m:1s

--------------------------------------------------------------------
|                    FINALIZING TREE SEARCH                        |
--------------------------------------------------------------------
Performs final model parameters optimization
Estimate model parameters (epsilon = 0.010)
1. Initial log-likelihood: -1997.343
Optimal log-likelihood: -1997.338
Rate parameters:  A-C: 1.243  A-G: 1.289  A-T: 0.785  C-G: 1.100  C-T: 1.416  G-T: 1.000
Base frequencies:   A: 0.247  C: 0.250  G: 0.259  T: 0.244
Gamma shape alpha: 4.044
Parameters optimization took 1 rounds (0.005 sec)
BEST SCORE FOUND : -1997.338

Testing tree branches by SH-like aLRT with 1000 replicates...
CPU Time used:  0.116 sec.
Total tree length: 1.189

Total number of iterations: 101
CPU time used for tree search: 1.768 sec (0h:0m:1s)
Wall-clock time used for tree search: 1.767 sec (0h:0m:1s)
Total CPU time used: 1.936 sec (0h:0m:1s)
Total wall-clock time used: 1.937 sec (0h:0m:1s)

Analysis results written to: 
  IQ-TREE report:                ../simulations/data_D1T2L3I5T4//S/30_pruned.fasta.iqtree
  Maximum-likelihood tree:       ../simulations/data_D1T2L3I5T4//S/30_pruned.fasta.treefile
  Likelihood distances:          ../simulations/data_D1T2L3I5T4//S/30_pruned.fasta.mldist
  Screen log file:               ../simulations/data_D1T2L3I5T4//S/30_pruned.fasta.log

Date and Time: Fri May 25 14:20:25 2018
