IQ-TREE version 1.4.2 for Linux 64-bit built Apr 15 2016
Copyright (c) 2011-2015 Nguyen Lam Tung, Olga Chernomor, Arndt von Haeseler and Bui Quang Minh.

Host:    meduse (AVX2, FMA3, 7 GB RAM)
Command: /home/tannier/programs/iqtree/iqtree-1.4.2-Linux/bin//iqtree -s ../simulations/data_D1T2L3I5T4//S/315_pruned.fasta -m GTR+G -alrt 1000 -redo
Seed:    612879 (Using SPRNG - Scalable Parallel Random Number Generator)
Time:    Fri May 25 14:18:28 2018
Kernel:  AVX

NOTE: Consider using the multicore version because your CPU has 4 cores!

Reading alignment file ../simulations/data_D1T2L3I5T4//S/315_pruned.fasta ... Fasta format detected
Alignment most likely contains DNA/RNA sequences
Alignment has 26 sequences with 300 columns and 174 patterns (144 informative sites)
          Gap/Ambiguity  Composition  p-value
   1  n236_237    0.00%    passed     83.46%
   2  n266_267    0.00%    passed     85.64%
   3  n296_297    0.00%    passed     88.22%
   4  n277_278    0.00%    passed     67.02%
   5  n290_291    0.00%    passed     94.12%
   6  n255_256    0.00%    passed     54.06%
   7  n295_296    0.00%    passed     87.11%
   8  n286_287    0.00%    passed     84.72%
   9  n298_299    0.00%    passed     70.86%
  10  n299_300    0.00%    passed     76.01%
  11  n287_288    0.00%    passed     88.83%
  12  n278_279    0.00%    passed     71.27%
  13  n292_293    0.00%    passed     76.01%
  14  n265_266    0.00%    passed     71.08%
  15  n289_290    0.00%    passed     94.12%
  16  n293_294    0.00%    passed     93.07%
  17  n280_281    0.00%    passed     93.62%
  18  n274_275    0.00%    passed     73.91%
  19  n275_276    0.00%    passed     83.03%
  20  n285_286    0.00%    passed     83.52%
  21  n294_295    0.00%    passed     88.83%
  22  n297_298    0.00%    passed     76.32%
  23  n244_245    0.00%    passed     97.98%
  24  n251_252    0.00%    passed     65.14%
  25  n200_201    0.00%    passed     96.54%
  26  n300_301    0.00%    passed     81.50%
****  TOTAL       0.00%  0 sequences failed composition chi2 test (p-value<5%; df=3)
NOTE: 1 identical sequences (see below) will be ignored for subsequent analysis
NOTE: n289_290 (identical to n290_291) is ignored but added at the end

Create initial parsimony tree by phylogenetic likelihood library (PLL)... 0.001 seconds

NOTE: 0 MB RAM is required!
Estimate model parameters (epsilon = 0.100)
1. Initial log-likelihood: -2000.185
2. Current log-likelihood: -1949.662
3. Current log-likelihood: -1949.131
Optimal log-likelihood: -1949.113
Rate parameters:  A-C: 1.133  A-G: 1.052  A-T: 0.647  C-G: 0.986  C-T: 1.122  G-T: 1.000
Base frequencies:   A: 0.274  C: 0.257  G: 0.234  T: 0.235
Gamma shape alpha: 21.578
Parameters optimization took 3 rounds (0.026 sec)
--------------------------------------------------------------------
|             INITIALIZING CANDIDATE TREE SET                      |
--------------------------------------------------------------------
Computing ML distances based on estimated model parameters... 0.004 sec
Computing BIONJ tree...
0.001 seconds
Log-likelihood of BIONJ tree: -1949.113
Generating 98 parsimony trees... 0.081 seconds 27 distinct starting trees
Computing log-likelihood of 27 initial trees ... 0.055 seconds
Optimizing top 20 initial trees with NNI...
Iteration 1 / LogL: -1949.114 / Time: 0h:0m:0s
Estimate model parameters (epsilon = 0.100)
BETTER SCORE FOUND at iteration 1: -1949.103
Iteration 2 / LogL: -1949.104 / Time: 0h:0m:0s
Iteration 3 / LogL: -1949.106 / Time: 0h:0m:0s
Iteration 4 / LogL: -1949.106 / Time: 0h:0m:0s
Iteration 5 / LogL: -1949.106 / Time: 0h:0m:0s
Iteration 6 / LogL: -1949.106 / Time: 0h:0m:0s
Iteration 7 / LogL: -1949.106 / Time: 0h:0m:0s
Iteration 8 / LogL: -1949.106 / Time: 0h:0m:0s
Iteration 9 / LogL: -1949.106 / Time: 0h:0m:0s
Iteration 10 / LogL: -1949.106 / Time: 0h:0m:0s
Iteration 11 / LogL: -1949.106 / Time: 0h:0m:0s
Iteration 12 / LogL: -1949.106 / Time: 0h:0m:0s
Iteration 13 / LogL: -1949.106 / Time: 0h:0m:0s
Iteration 14 / LogL: -1949.107 / Time: 0h:0m:0s
Iteration 15 / LogL: -1949.107 / Time: 0h:0m:0s
Iteration 16 / LogL: -1949.107 / Time: 0h:0m:0s
Iteration 17 / LogL: -1949.107 / Time: 0h:0m:0s
Iteration 18 / LogL: -1949.107 / Time: 0h:0m:0s
Iteration 19 / LogL: -1949.107 / Time: 0h:0m:0s
Iteration 20 / LogL: -1949.107 / Time: 0h:0m:0s
Average CPU time for 1 NNI search: 0.006
Finish initializing candidate tree set. Number of distinct locally optimal trees: 20
Current best tree score: -1949.103 / CPU time: 0.260
--------------------------------------------------------------------
|               OPTIMIZING CANDIDATE TREE SET                      |
--------------------------------------------------------------------
Iteration 30 / LogL: -1949.117 / Time: 0h:0m:0s (0h:0m:1s left)
Iteration 40 / LogL: -1949.103 / Time: 0h:0m:0s (0h:0m:0s left)
Iteration 50 / LogL: -1949.117 / Time: 0h:0m:0s (0h:0m:0s left)
Iteration 60 / LogL: -1949.103 / Time: 0h:0m:0s (0h:0m:0s left)
Iteration 70 / LogL: -1970.077 / Time: 0h:0m:1s (0h:0m:0s left)
Iteration 80 / LogL: -1949.219 / Time: 0h:0m:1s (0h:0m:0s left)
Iteration 90 / LogL: -1949.141 / Time: 0h:0m:1s (0h:0m:0s left)
Iteration 100 / LogL: -1949.116 / Time: 0h:0m:1s (0h:0m:0s left)
TREE SEARCH COMPLETED AFTER 101 ITERATIONS / Time: 0h:0m:1s

--------------------------------------------------------------------
|                    FINALIZING TREE SEARCH                        |
--------------------------------------------------------------------
Performs final model parameters optimization
Estimate model parameters (epsilon = 0.010)
1. Initial log-likelihood: -1949.103
Optimal log-likelihood: -1949.096
Rate parameters:  A-C: 1.147  A-G: 1.065  A-T: 0.658  C-G: 0.999  C-T: 1.137  G-T: 1.000
Base frequencies:   A: 0.274  C: 0.257  G: 0.234  T: 0.235
Gamma shape alpha: 21.831
Parameters optimization took 1 rounds (0.005 sec)
BEST SCORE FOUND : -1949.096

Testing tree branches by SH-like aLRT with 1000 replicates...
CPU Time used:  0.108 sec.
Total tree length: 1.111

Total number of iterations: 101
CPU time used for tree search: 1.508 sec (0h:0m:1s)
Wall-clock time used for tree search: 1.513 sec (0h:0m:1s)
Total CPU time used: 1.664 sec (0h:0m:1s)
Total wall-clock time used: 1.669 sec (0h:0m:1s)

Analysis results written to: 
  IQ-TREE report:                ../simulations/data_D1T2L3I5T4//S/315_pruned.fasta.iqtree
  Maximum-likelihood tree:       ../simulations/data_D1T2L3I5T4//S/315_pruned.fasta.treefile
  Likelihood distances:          ../simulations/data_D1T2L3I5T4//S/315_pruned.fasta.mldist
  Screen log file:               ../simulations/data_D1T2L3I5T4//S/315_pruned.fasta.log

Date and Time: Fri May 25 14:18:30 2018
