IQ-TREE version 1.4.2 for Linux 64-bit built Apr 15 2016
Copyright (c) 2011-2015 Nguyen Lam Tung, Olga Chernomor, Arndt von Haeseler and Bui Quang Minh.

Host:    meduse (AVX2, FMA3, 7 GB RAM)
Command: /home/tannier/programs/iqtree/iqtree-1.4.2-Linux/bin//iqtree -s ../simulations/data_D1T2L3I5T4//S/316_pruned.fasta -m GTR+G -alrt 1000 -redo
Seed:    926865 (Using SPRNG - Scalable Parallel Random Number Generator)
Time:    Fri May 25 14:17:47 2018
Kernel:  AVX

NOTE: Consider using the multicore version because your CPU has 4 cores!

Reading alignment file ../simulations/data_D1T2L3I5T4//S/316_pruned.fasta ... Fasta format detected
Alignment most likely contains DNA/RNA sequences
Alignment has 26 sequences with 300 columns and 172 patterns (156 informative sites)
          Gap/Ambiguity  Composition  p-value
   1  n236_237    0.00%    passed     90.19%
   2  n266_267    0.00%    passed     82.81%
   3  n296_297    0.00%    passed     98.68%
   4  n277_278    0.00%    passed     89.36%
   5  n290_291    0.00%    passed     97.01%
   6  n255_256    0.00%    passed     59.43%
   7  n295_296    0.00%    passed     98.68%
   8  n286_287    0.00%    passed     94.08%
   9  n298_299    0.00%    passed     97.01%
  10  n299_300    0.00%    passed     84.08%
  11  n287_288    0.00%    passed     97.22%
  12  n278_279    0.00%    passed     92.81%
  13  n292_293    0.00%    passed     83.36%
  14  n265_266    0.00%    passed     66.26%
  15  n289_290    0.00%    passed     97.22%
  16  n293_294    0.00%    passed     88.60%
  17  n280_281    0.00%    passed     85.78%
  18  n274_275    0.00%    passed     78.77%
  19  n275_276    0.00%    passed     95.81%
  20  n285_286    0.00%    passed     94.87%
  21  n294_295    0.00%    passed     89.58%
  22  n297_298    0.00%    passed     94.77%
  23  n244_245    0.00%    passed     42.52%
  24  n251_252    0.00%    passed     80.98%
  25  n200_201    0.00%    passed     86.77%
  26  n300_301    0.00%    passed     84.08%
****  TOTAL       0.00%  0 sequences failed composition chi2 test (p-value<5%; df=3)
NOTE: 3 identical sequences (see below) will be ignored for subsequent analysis
NOTE: n295_296 (identical to n296_297) is ignored but added at the end
NOTE: n300_301 (identical to n299_300) is ignored but added at the end
NOTE: n289_290 (identical to n287_288) is ignored but added at the end

Create initial parsimony tree by phylogenetic likelihood library (PLL)... 0.001 seconds

NOTE: 0 MB RAM is required!
Estimate model parameters (epsilon = 0.100)
1. Initial log-likelihood: -2058.680
2. Current log-likelihood: -2020.193
3. Current log-likelihood: -2019.996
Optimal log-likelihood: -2019.992
Rate parameters:  A-C: 0.859  A-G: 1.202  A-T: 1.123  C-G: 0.892  C-T: 1.168  G-T: 1.000
Base frequencies:   A: 0.250  C: 0.240  G: 0.245  T: 0.265
Gamma shape alpha: 8.850
Parameters optimization took 3 rounds (0.023 sec)
--------------------------------------------------------------------
|             INITIALIZING CANDIDATE TREE SET                      |
--------------------------------------------------------------------
Computing ML distances based on estimated model parameters... 0.004 sec
Computing BIONJ tree...
0.000 seconds
Log-likelihood of BIONJ tree: -2023.989
Generating 98 parsimony trees... 0.088 seconds 2 distinct starting trees
Computing log-likelihood of 2 initial trees ... 0.000 seconds
Optimizing top 2 initial trees with NNI...
Iteration 1 / LogL: -2019.992 / Time: 0h:0m:0s
Estimate model parameters (epsilon = 0.100)
BETTER SCORE FOUND at iteration 1: -2019.987
Iteration 2 / LogL: -2019.987 / Time: 0h:0m:0s
Average CPU time for 1 NNI search: 0.006
Finish initializing candidate tree set. Number of distinct locally optimal trees: 1
Current best tree score: -2019.987 / CPU time: 0.104
--------------------------------------------------------------------
|               OPTIMIZING CANDIDATE TREE SET                      |
--------------------------------------------------------------------
Iteration 10 / LogL: -2019.995 / Time: 0h:0m:0s
Iteration 20 / LogL: -2019.991 / Time: 0h:0m:0s (0h:0m:1s left)
Iteration 30 / LogL: -2020.095 / Time: 0h:0m:0s (0h:0m:1s left)
Iteration 40 / LogL: -2019.991 / Time: 0h:0m:0s (0h:0m:1s left)
Iteration 50 / LogL: -2019.989 / Time: 0h:0m:0s (0h:0m:0s left)
Iteration 60 / LogL: -2019.996 / Time: 0h:0m:0s (0h:0m:0s left)
Iteration 70 / LogL: -2020.138 / Time: 0h:0m:1s (0h:0m:0s left)
Iteration 80 / LogL: -2020.000 / Time: 0h:0m:1s (0h:0m:0s left)
Iteration 90 / LogL: -2019.992 / Time: 0h:0m:1s (0h:0m:0s left)
Iteration 100 / LogL: -2019.989 / Time: 0h:0m:1s (0h:0m:0s left)
TREE SEARCH COMPLETED AFTER 101 ITERATIONS / Time: 0h:0m:1s

--------------------------------------------------------------------
|                    FINALIZING TREE SEARCH                        |
--------------------------------------------------------------------
Performs final model parameters optimization
Estimate model parameters (epsilon = 0.010)
1. Initial log-likelihood: -2019.987
Optimal log-likelihood: -2019.987
Rate parameters:  A-C: 0.858  A-G: 1.214  A-T: 1.131  C-G: 0.901  C-T: 1.165  G-T: 1.000
Base frequencies:   A: 0.250  C: 0.240  G: 0.245  T: 0.265
Gamma shape alpha: 8.841
Parameters optimization took 1 rounds (0.005 sec)
BEST SCORE FOUND : -2019.987

Testing tree branches by SH-like aLRT with 1000 replicates...
CPU Time used:  0.104 sec.
Total tree length: 1.176

Total number of iterations: 101
CPU time used for tree search: 1.524 sec (0h:0m:1s)
Wall-clock time used for tree search: 1.522 sec (0h:0m:1s)
Total CPU time used: 1.668 sec (0h:0m:1s)
Total wall-clock time used: 1.670 sec (0h:0m:1s)

Analysis results written to: 
  IQ-TREE report:                ../simulations/data_D1T2L3I5T4//S/316_pruned.fasta.iqtree
  Maximum-likelihood tree:       ../simulations/data_D1T2L3I5T4//S/316_pruned.fasta.treefile
  Likelihood distances:          ../simulations/data_D1T2L3I5T4//S/316_pruned.fasta.mldist
  Screen log file:               ../simulations/data_D1T2L3I5T4//S/316_pruned.fasta.log

Date and Time: Fri May 25 14:17:49 2018
