IQ-TREE version 1.4.2 for Linux 64-bit built Apr 15 2016
Copyright (c) 2011-2015 Nguyen Lam Tung, Olga Chernomor, Arndt von Haeseler and Bui Quang Minh.

Host:    meduse (AVX2, FMA3, 7 GB RAM)
Command: /home/tannier/programs/iqtree/iqtree-1.4.2-Linux/bin//iqtree -s ../simulations/data_D1T2L3I5T4//S/320_pruned.fasta -m GTR+G -alrt 1000 -redo
Seed:    807469 (Using SPRNG - Scalable Parallel Random Number Generator)
Time:    Fri May 25 14:20:28 2018
Kernel:  AVX

NOTE: Consider using the multicore version because your CPU has 4 cores!

Reading alignment file ../simulations/data_D1T2L3I5T4//S/320_pruned.fasta ... Fasta format detected
Alignment most likely contains DNA/RNA sequences
Alignment has 26 sequences with 300 columns and 181 patterns (154 informative sites)
          Gap/Ambiguity  Composition  p-value
   1  n236_237    0.00%    passed     98.78%
   2  n266_267    0.00%    passed     99.16%
   3  n296_297    0.00%    passed     98.85%
   4  n277_278    0.00%    passed     58.44%
   5  n290_291    0.00%    passed     91.55%
   6  n255_256    0.00%    passed     64.00%
   7  n295_296    0.00%    passed     97.40%
   8  n286_287    0.00%    passed     95.54%
   9  n298_299    0.00%    passed     98.63%
  10  n299_300    0.00%    passed     71.10%
  11  n287_288    0.00%    passed     95.85%
  12  n278_279    0.00%    passed     67.53%
  13  n292_293    0.00%    passed     71.10%
  14  n265_266    0.00%    passed     92.29%
  15  n289_290    0.00%    passed     91.55%
  16  n293_294    0.00%    passed     93.47%
  17  n280_281    0.00%    passed     81.55%
  18  n274_275    0.00%    passed     82.34%
  19  n275_276    0.00%    passed     90.10%
  20  n285_286    0.00%    passed     94.40%
  21  n294_295    0.00%    passed     96.15%
  22  n297_298    0.00%    passed     95.85%
  23  n244_245    0.00%    passed     51.53%
  24  n251_252    0.00%    passed     81.71%
  25  n200_201    0.00%    passed     71.24%
  26  n300_301    0.00%    passed     71.10%
****  TOTAL       0.00%  0 sequences failed composition chi2 test (p-value<5%; df=3)
NOTE: 3 identical sequences (see below) will be ignored for subsequent analysis
NOTE: n289_290 (identical to n290_291) is ignored but added at the end
NOTE: n292_293 (identical to n299_300) is ignored but added at the end
NOTE: n300_301 (identical to n299_300) is ignored but added at the end

Create initial parsimony tree by phylogenetic likelihood library (PLL)... 0.001 seconds

NOTE: 0 MB RAM is required!
Estimate model parameters (epsilon = 0.100)
1. Initial log-likelihood: -2105.559
2. Current log-likelihood: -2058.935
3. Current log-likelihood: -2058.675
Optimal log-likelihood: -2058.665
Rate parameters:  A-C: 0.788  A-G: 0.934  A-T: 0.800  C-G: 0.578  C-T: 0.953  G-T: 1.000
Base frequencies:   A: 0.236  C: 0.296  G: 0.229  T: 0.239
Gamma shape alpha: 7.106
Parameters optimization took 3 rounds (0.028 sec)
--------------------------------------------------------------------
|             INITIALIZING CANDIDATE TREE SET                      |
--------------------------------------------------------------------
Computing ML distances based on estimated model parameters... 0.000 sec
Computing BIONJ tree...
0.000 seconds
Log-likelihood of BIONJ tree: -2058.833
Generating 98 parsimony trees... 0.096 seconds 10 distinct starting trees
Computing log-likelihood of 10 initial trees ... 0.017 seconds
Optimizing top 10 initial trees with NNI...
Iteration 1 / LogL: -2058.666 / Time: 0h:0m:0s
Estimate model parameters (epsilon = 0.100)
BETTER SCORE FOUND at iteration 1: -2058.658
Iteration 2 / LogL: -2058.658 / Time: 0h:0m:0s
Iteration 3 / LogL: -2058.658 / Time: 0h:0m:0s
Iteration 4 / LogL: -2058.658 / Time: 0h:0m:0s
Iteration 5 / LogL: -2058.658 / Time: 0h:0m:0s
Iteration 6 / LogL: -2058.658 / Time: 0h:0m:0s
Iteration 7 / LogL: -2058.658 / Time: 0h:0m:0s
Iteration 8 / LogL: -2058.658 / Time: 0h:0m:0s
Iteration 9 / LogL: -2058.658 / Time: 0h:0m:0s
Iteration 10 / LogL: -2058.659 / Time: 0h:0m:0s
Average CPU time for 1 NNI search: 0.006
Finish initializing candidate tree set. Number of distinct locally optimal trees: 7
Current best tree score: -2058.658 / CPU time: 0.172
--------------------------------------------------------------------
|               OPTIMIZING CANDIDATE TREE SET                      |
--------------------------------------------------------------------
Iteration 20 / LogL: -2058.665 / Time: 0h:0m:0s (0h:0m:1s left)
Iteration 30 / LogL: -2061.499 / Time: 0h:0m:0s (0h:0m:1s left)
Iteration 40 / LogL: -2058.663 / Time: 0h:0m:0s (0h:0m:1s left)
Iteration 50 / LogL: -2058.658 / Time: 0h:0m:0s (0h:0m:0s left)
Iteration 60 / LogL: -2058.658 / Time: 0h:0m:1s (0h:0m:0s left)
Iteration 70 / LogL: -2058.658 / Time: 0h:0m:1s (0h:0m:0s left)
Iteration 80 / LogL: -2058.659 / Time: 0h:0m:1s (0h:0m:0s left)
Iteration 90 / LogL: -2058.669 / Time: 0h:0m:1s (0h:0m:0s left)
Iteration 100 / LogL: -2161.493 / Time: 0h:0m:1s (0h:0m:0s left)
TREE SEARCH COMPLETED AFTER 101 ITERATIONS / Time: 0h:0m:1s

--------------------------------------------------------------------
|                    FINALIZING TREE SEARCH                        |
--------------------------------------------------------------------
Performs final model parameters optimization
Estimate model parameters (epsilon = 0.010)
1. Initial log-likelihood: -2058.658
Optimal log-likelihood: -2058.654
Rate parameters:  A-C: 0.779  A-G: 0.925  A-T: 0.791  C-G: 0.576  C-T: 0.942  G-T: 1.000
Base frequencies:   A: 0.236  C: 0.296  G: 0.229  T: 0.239
Gamma shape alpha: 7.118
Parameters optimization took 1 rounds (0.005 sec)
BEST SCORE FOUND : -2058.654

Testing tree branches by SH-like aLRT with 1000 replicates...
CPU Time used:  0.104 sec.
Total tree length: 1.233

Total number of iterations: 101
CPU time used for tree search: 1.720 sec (0h:0m:1s)
Wall-clock time used for tree search: 1.724 sec (0h:0m:1s)
Total CPU time used: 1.872 sec (0h:0m:1s)
Total wall-clock time used: 1.880 sec (0h:0m:1s)

Analysis results written to: 
  IQ-TREE report:                ../simulations/data_D1T2L3I5T4//S/320_pruned.fasta.iqtree
  Maximum-likelihood tree:       ../simulations/data_D1T2L3I5T4//S/320_pruned.fasta.treefile
  Likelihood distances:          ../simulations/data_D1T2L3I5T4//S/320_pruned.fasta.mldist
  Screen log file:               ../simulations/data_D1T2L3I5T4//S/320_pruned.fasta.log

Date and Time: Fri May 25 14:20:30 2018
