IQ-TREE version 1.4.2 for Linux 64-bit built Apr 15 2016
Copyright (c) 2011-2015 Nguyen Lam Tung, Olga Chernomor, Arndt von Haeseler and Bui Quang Minh.

Host:    meduse (AVX2, FMA3, 7 GB RAM)
Command: /home/tannier/programs/iqtree/iqtree-1.4.2-Linux/bin//iqtree -s ../simulations/data_D1T2L3I5T4//S/327_pruned.fasta -m GTR+G -alrt 1000 -redo
Seed:    956470 (Using SPRNG - Scalable Parallel Random Number Generator)
Time:    Fri May 25 14:12:09 2018
Kernel:  AVX

NOTE: Consider using the multicore version because your CPU has 4 cores!

Reading alignment file ../simulations/data_D1T2L3I5T4//S/327_pruned.fasta ... Fasta format detected
Alignment most likely contains DNA/RNA sequences
Alignment has 26 sequences with 300 columns and 177 patterns (160 informative sites)
          Gap/Ambiguity  Composition  p-value
   1  n287_282    0.00%    passed     96.42%
   2  n290_285    0.00%    passed     89.29%
   3  n285_280    0.00%    passed     54.37%
   4  n294_289    0.00%    passed     98.06%
   5  n289_284    0.00%    passed     97.25%
   6  n292_287    0.00%    passed     99.95%
   7  n255_250    0.00%    passed     98.94%
   8  n275_270    0.00%    passed     98.68%
   9  n295_290    0.00%    passed     99.74%
  10  n277_272    0.00%    passed     87.24%
  11  n298_293    0.00%    passed     96.42%
  12  n286_281    0.00%    passed     53.85%
  13  n297_292    0.00%    passed     95.91%
  14  n278_273    0.00%    passed     85.30%
  15  n293_288    0.00%    passed     99.75%
  16  n265_260    0.00%    passed     46.56%
  17  n274_269    0.00%    passed     99.15%
  18  n300_295    0.00%    passed     99.95%
  19  n244_239    0.00%    passed     91.65%
  20  n251_246    0.00%    passed     91.57%
  21  n266_261    0.00%    passed     61.92%
  22  n299_294    0.00%    passed     99.95%
  23  n280_275    0.00%    passed     98.39%
  24  n236_233    0.00%    passed     77.03%
  25  n296_291    0.00%    passed     99.05%
  26  n200_199    0.00%    passed     49.51%
****  TOTAL       0.00%  0 sequences failed composition chi2 test (p-value<5%; df=3)
NOTE: 2 identical sequences (see below) will be ignored for subsequent analysis
NOTE: n300_295 (identical to n292_287) is ignored but added at the end
NOTE: n299_294 (identical to n292_287) is ignored but added at the end

Create initial parsimony tree by phylogenetic likelihood library (PLL)... 0.001 seconds

NOTE: 0 MB RAM is required!
Estimate model parameters (epsilon = 0.100)
1. Initial log-likelihood: -2026.875
2. Current log-likelihood: -1969.823
3. Current log-likelihood: -1969.398
Optimal log-likelihood: -1969.385
Rate parameters:  A-C: 1.100  A-G: 1.374  A-T: 1.377  C-G: 1.030  C-T: 1.004  G-T: 1.000
Base frequencies:   A: 0.257  C: 0.291  G: 0.213  T: 0.239
Gamma shape alpha: 11.612
Parameters optimization took 3 rounds (0.022 sec)
--------------------------------------------------------------------
|             INITIALIZING CANDIDATE TREE SET                      |
--------------------------------------------------------------------
Computing ML distances based on estimated model parameters... 0.004 sec
Computing BIONJ tree...
0.001 seconds
Log-likelihood of BIONJ tree: -1969.385
Generating 98 parsimony trees... 0.084 seconds 63 distinct starting trees
Computing log-likelihood of 63 initial trees ... 0.128 seconds
Optimizing top 20 initial trees with NNI...
Iteration 1 / LogL: -1969.385 / Time: 0h:0m:0s
Estimate model parameters (epsilon = 0.100)
BETTER SCORE FOUND at iteration 1: -1969.376
Iteration 2 / LogL: -1969.378 / Time: 0h:0m:0s
Iteration 3 / LogL: -1969.379 / Time: 0h:0m:0s
Iteration 4 / LogL: -1969.379 / Time: 0h:0m:0s
Iteration 5 / LogL: -1969.379 / Time: 0h:0m:0s
Iteration 6 / LogL: -1969.379 / Time: 0h:0m:0s
Iteration 7 / LogL: -1969.379 / Time: 0h:0m:0s
Iteration 8 / LogL: -1969.379 / Time: 0h:0m:0s
Iteration 9 / LogL: -1969.379 / Time: 0h:0m:0s
Iteration 10 / LogL: -1969.379 / Time: 0h:0m:0s
Iteration 11 / LogL: -1969.379 / Time: 0h:0m:0s
Iteration 12 / LogL: -1969.379 / Time: 0h:0m:0s
Iteration 13 / LogL: -1969.379 / Time: 0h:0m:0s
Iteration 14 / LogL: -1969.379 / Time: 0h:0m:0s
Iteration 15 / LogL: -1969.379 / Time: 0h:0m:0s
Iteration 16 / LogL: -1969.379 / Time: 0h:0m:0s
Iteration 17 / LogL: -1969.379 / Time: 0h:0m:0s
Iteration 18 / LogL: -1969.379 / Time: 0h:0m:0s
Iteration 19 / LogL: -1969.379 / Time: 0h:0m:0s
Iteration 20 / LogL: -1969.379 / Time: 0h:0m:0s
Average CPU time for 1 NNI search: 0.005
Finish initializing candidate tree set. Number of distinct locally optimal trees: 20
Current best tree score: -1969.376 / CPU time: 0.312
--------------------------------------------------------------------
|               OPTIMIZING CANDIDATE TREE SET                      |
--------------------------------------------------------------------
Iteration 30 / LogL: -1969.382 / Time: 0h:0m:0s (0h:0m:1s left)
Iteration 40 / LogL: -1969.377 / Time: 0h:0m:0s (0h:0m:0s left)
Iteration 50 / LogL: -1969.378 / Time: 0h:0m:0s (0h:0m:0s left)
Iteration 60 / LogL: -1969.376 / Time: 0h:0m:0s (0h:0m:0s left)
Iteration 70 / LogL: -1969.381 / Time: 0h:0m:1s (0h:0m:0s left)
Iteration 80 / LogL: -1969.376 / Time: 0h:0m:1s (0h:0m:0s left)
Iteration 90 / LogL: -1976.010 / Time: 0h:0m:1s (0h:0m:0s left)
Iteration 100 / LogL: -1976.008 / Time: 0h:0m:1s (0h:0m:0s left)
TREE SEARCH COMPLETED AFTER 101 ITERATIONS / Time: 0h:0m:1s

--------------------------------------------------------------------
|                    FINALIZING TREE SEARCH                        |
--------------------------------------------------------------------
Performs final model parameters optimization
Estimate model parameters (epsilon = 0.010)
1. Initial log-likelihood: -1969.376
Optimal log-likelihood: -1969.371
Rate parameters:  A-C: 1.085  A-G: 1.355  A-T: 1.358  C-G: 1.019  C-T: 0.992  G-T: 1.000
Base frequencies:   A: 0.257  C: 0.291  G: 0.213  T: 0.239
Gamma shape alpha: 11.574
Parameters optimization took 1 rounds (0.004 sec)
BEST SCORE FOUND : -1969.371

Testing tree branches by SH-like aLRT with 1000 replicates...
CPU Time used:  0.104 sec.
Total tree length: 1.129

Total number of iterations: 101
CPU time used for tree search: 1.476 sec (0h:0m:1s)
Wall-clock time used for tree search: 1.476 sec (0h:0m:1s)
Total CPU time used: 1.620 sec (0h:0m:1s)
Total wall-clock time used: 1.623 sec (0h:0m:1s)

Analysis results written to: 
  IQ-TREE report:                ../simulations/data_D1T2L3I5T4//S/327_pruned.fasta.iqtree
  Maximum-likelihood tree:       ../simulations/data_D1T2L3I5T4//S/327_pruned.fasta.treefile
  Likelihood distances:          ../simulations/data_D1T2L3I5T4//S/327_pruned.fasta.mldist
  Screen log file:               ../simulations/data_D1T2L3I5T4//S/327_pruned.fasta.log

Date and Time: Fri May 25 14:12:11 2018
