IQ-TREE version 1.4.2 for Linux 64-bit built Apr 15 2016
Copyright (c) 2011-2015 Nguyen Lam Tung, Olga Chernomor, Arndt von Haeseler and Bui Quang Minh.

Host:    meduse (AVX2, FMA3, 7 GB RAM)
Command: /home/tannier/programs/iqtree/iqtree-1.4.2-Linux/bin//iqtree -s ../simulations/data_D1T2L3I5T4//S/32_pruned.fasta -m GTR+G -alrt 1000 -redo
Seed:    219410 (Using SPRNG - Scalable Parallel Random Number Generator)
Time:    Fri May 25 14:30:03 2018
Kernel:  AVX

NOTE: Consider using the multicore version because your CPU has 4 cores!

Reading alignment file ../simulations/data_D1T2L3I5T4//S/32_pruned.fasta ... Fasta format detected
Alignment most likely contains DNA/RNA sequences
Alignment has 26 sequences with 300 columns and 182 patterns (158 informative sites)
          Gap/Ambiguity  Composition  p-value
   1  n287_292    0.00%    passed     93.47%
   2  n277_282    0.00%    passed     66.79%
   3  n292_297    0.00%    passed     76.51%
   4  n296_301    0.00%    passed     97.42%
   5  n255_260    0.00%    passed     93.15%
   6  n295_300    0.00%    passed     94.98%
   7  n285_290    0.00%    passed     97.67%
   8  n274_279    0.00%    passed     77.25%
   9  n265_270    0.00%    passed     99.94%
  10  n300_305    0.00%    passed     76.51%
  11  n293_298    0.00%    passed     93.79%
  12  n200_205    0.00%    passed     96.95%
  13  n290_295    0.00%    passed     97.53%
  14  n251_256    0.00%    passed     99.47%
  15  n299_304    0.00%    passed     85.34%
  16  n236_241    0.00%    passed     85.19%
  17  n289_294    0.00%    passed     96.71%
  18  n294_299    0.00%    passed     89.44%
  19  n244_249    0.00%    passed     95.15%
  20  n278_283    0.00%    passed     74.71%
  21  n280_285    0.00%    passed     75.06%
  22  n298_303    0.00%    passed     83.42%
  23  n266_271    0.00%    passed     99.73%
  24  n297_302    0.00%    passed     83.42%
  25  n286_291    0.00%    passed     98.68%
  26  n275_280    0.00%    passed     97.67%
****  TOTAL       0.00%  0 sequences failed composition chi2 test (p-value<5%; df=3)
NOTE: 2 identical sequences (see below) will be ignored for subsequent analysis
NOTE: n300_305 (identical to n292_297) is ignored but added at the end
NOTE: n297_302 (identical to n298_303) is ignored but added at the end

Create initial parsimony tree by phylogenetic likelihood library (PLL)... 0.001 seconds

NOTE: 0 MB RAM is required!
Estimate model parameters (epsilon = 0.100)
1. Initial log-likelihood: -2063.576
2. Current log-likelihood: -2000.867
3. Current log-likelihood: -2000.411
Optimal log-likelihood: -2000.400
Rate parameters:  A-C: 1.096  A-G: 1.178  A-T: 0.778  C-G: 1.120  C-T: 1.216  G-T: 1.000
Base frequencies:   A: 0.260  C: 0.266  G: 0.207  T: 0.267
Gamma shape alpha: 71.702
Parameters optimization took 3 rounds (0.030 sec)
--------------------------------------------------------------------
|             INITIALIZING CANDIDATE TREE SET                      |
--------------------------------------------------------------------
Computing ML distances based on estimated model parameters... 0.004 sec
Computing BIONJ tree...
0.000 seconds
Log-likelihood of BIONJ tree: -2000.400
Generating 98 parsimony trees... 0.083 seconds 67 distinct starting trees
Computing log-likelihood of 67 initial trees ... 0.136 seconds
Optimizing top 20 initial trees with NNI...
Iteration 1 / LogL: -2000.400 / Time: 0h:0m:0s
Estimate model parameters (epsilon = 0.100)
BETTER SCORE FOUND at iteration 1: -2000.393
Iteration 2 / LogL: -2000.394 / Time: 0h:0m:0s
Iteration 3 / LogL: -2000.395 / Time: 0h:0m:0s
Iteration 4 / LogL: -2000.395 / Time: 0h:0m:0s
Iteration 5 / LogL: -2000.395 / Time: 0h:0m:0s
Iteration 6 / LogL: -2000.395 / Time: 0h:0m:0s
Iteration 7 / LogL: -2000.395 / Time: 0h:0m:0s
Iteration 8 / LogL: -2000.395 / Time: 0h:0m:0s
Iteration 9 / LogL: -2000.395 / Time: 0h:0m:0s
Iteration 10 / LogL: -2000.395 / Time: 0h:0m:0s
Iteration 11 / LogL: -2000.395 / Time: 0h:0m:0s
Iteration 12 / LogL: -2000.395 / Time: 0h:0m:0s
Iteration 13 / LogL: -2000.395 / Time: 0h:0m:0s
Iteration 14 / LogL: -2000.395 / Time: 0h:0m:0s
Iteration 15 / LogL: -2000.395 / Time: 0h:0m:0s
Iteration 16 / LogL: -2000.395 / Time: 0h:0m:0s
Iteration 17 / LogL: -2000.395 / Time: 0h:0m:0s
Iteration 18 / LogL: -2000.395 / Time: 0h:0m:0s
Iteration 19 / LogL: -2000.395 / Time: 0h:0m:0s
Iteration 20 / LogL: -2000.395 / Time: 0h:0m:0s
Average CPU time for 1 NNI search: 0.005
Finish initializing candidate tree set. Number of distinct locally optimal trees: 20
Current best tree score: -2000.393 / CPU time: 0.320
--------------------------------------------------------------------
|               OPTIMIZING CANDIDATE TREE SET                      |
--------------------------------------------------------------------
Iteration 30 / LogL: -2015.380 / Time: 0h:0m:0s (0h:0m:1s left)
Iteration 40 / LogL: -2000.397 / Time: 0h:0m:0s (0h:0m:1s left)
Iteration 50 / LogL: -2000.629 / Time: 0h:0m:0s (0h:0m:0s left)
Iteration 60 / LogL: -2027.443 / Time: 0h:0m:0s (0h:0m:0s left)
Iteration 70 / LogL: -2000.461 / Time: 0h:0m:1s (0h:0m:0s left)
Iteration 80 / LogL: -2000.394 / Time: 0h:0m:1s (0h:0m:0s left)
Iteration 90 / LogL: -2000.393 / Time: 0h:0m:1s (0h:0m:0s left)
Iteration 100 / LogL: -2000.396 / Time: 0h:0m:1s (0h:0m:0s left)
TREE SEARCH COMPLETED AFTER 101 ITERATIONS / Time: 0h:0m:1s

--------------------------------------------------------------------
|                    FINALIZING TREE SEARCH                        |
--------------------------------------------------------------------
Performs final model parameters optimization
Estimate model parameters (epsilon = 0.010)
1. Initial log-likelihood: -2000.393
Optimal log-likelihood: -2000.389
Rate parameters:  A-C: 1.112  A-G: 1.190  A-T: 0.784  C-G: 1.128  C-T: 1.225  G-T: 1.000
Base frequencies:   A: 0.260  C: 0.266  G: 0.207  T: 0.267
Gamma shape alpha: 72.031
Parameters optimization took 1 rounds (0.005 sec)
BEST SCORE FOUND : -2000.389

Testing tree branches by SH-like aLRT with 1000 replicates...
CPU Time used:  0.104 sec.
Total tree length: 1.184

Total number of iterations: 101
CPU time used for tree search: 1.512 sec (0h:0m:1s)
Wall-clock time used for tree search: 1.512 sec (0h:0m:1s)
Total CPU time used: 1.668 sec (0h:0m:1s)
Total wall-clock time used: 1.668 sec (0h:0m:1s)

Analysis results written to: 
  IQ-TREE report:                ../simulations/data_D1T2L3I5T4//S/32_pruned.fasta.iqtree
  Maximum-likelihood tree:       ../simulations/data_D1T2L3I5T4//S/32_pruned.fasta.treefile
  Likelihood distances:          ../simulations/data_D1T2L3I5T4//S/32_pruned.fasta.mldist
  Screen log file:               ../simulations/data_D1T2L3I5T4//S/32_pruned.fasta.log

Date and Time: Fri May 25 14:30:04 2018
