IQ-TREE version 1.4.2 for Linux 64-bit built Apr 15 2016
Copyright (c) 2011-2015 Nguyen Lam Tung, Olga Chernomor, Arndt von Haeseler and Bui Quang Minh.

Host:    meduse (AVX2, FMA3, 7 GB RAM)
Command: /home/tannier/programs/iqtree/iqtree-1.4.2-Linux/bin//iqtree -s ../simulations/data_D1T2L3I5T4//S/330_pruned.fasta -m GTR+G -alrt 1000 -redo
Seed:    812707 (Using SPRNG - Scalable Parallel Random Number Generator)
Time:    Fri May 25 14:34:26 2018
Kernel:  AVX

NOTE: Consider using the multicore version because your CPU has 4 cores!

Reading alignment file ../simulations/data_D1T2L3I5T4//S/330_pruned.fasta ... Fasta format detected
Alignment most likely contains DNA/RNA sequences
Alignment has 26 sequences with 300 columns and 176 patterns (155 informative sites)
          Gap/Ambiguity  Composition  p-value
   1  n236_237    0.00%    passed     96.00%
   2  n266_267    0.00%    passed     99.29%
   3  n296_297    0.00%    passed     99.97%
   4  n277_278    0.00%    passed     99.06%
   5  n290_291    0.00%    passed     99.55%
   6  n255_256    0.00%    passed     91.23%
   7  n295_296    0.00%    passed     96.21%
   8  n286_287    0.00%    passed     93.03%
   9  n298_299    0.00%    passed     97.12%
  10  n299_300    0.00%    passed     81.77%
  11  n287_288    0.00%    passed     99.83%
  12  n278_279    0.00%    passed     97.52%
  13  n292_293    0.00%    passed     85.43%
  14  n265_266    0.00%    passed     96.04%
  15  n289_290    0.00%    passed     99.97%
  16  n293_294    0.00%    passed     97.12%
  17  n280_281    0.00%    passed     80.05%
  18  n274_275    0.00%    passed     82.70%
  19  n275_276    0.00%    passed     94.70%
  20  n285_286    0.00%    passed     92.01%
  21  n294_295    0.00%    passed     97.12%
  22  n297_298    0.00%    passed     93.72%
  23  n244_245    0.00%    passed     49.46%
  24  n251_252    0.00%    passed     58.62%
  25  n200_201    0.00%    passed     82.47%
  26  n300_301    0.00%    passed     78.39%
****  TOTAL       0.00%  0 sequences failed composition chi2 test (p-value<5%; df=3)
NOTE: 1 identical sequences (see below) will be ignored for subsequent analysis
NOTE: n294_295 (identical to n293_294) is ignored but added at the end

Create initial parsimony tree by phylogenetic likelihood library (PLL)... 0.001 seconds

NOTE: 0 MB RAM is required!
Estimate model parameters (epsilon = 0.100)
1. Initial log-likelihood: -2025.061
2. Current log-likelihood: -1991.477
3. Current log-likelihood: -1991.117
Optimal log-likelihood: -1991.065
Rate parameters:  A-C: 0.673  A-G: 0.940  A-T: 1.111  C-G: 1.004  C-T: 0.960  G-T: 1.000
Base frequencies:   A: 0.250  C: 0.269  G: 0.226  T: 0.255
Gamma shape alpha: 4.261
Parameters optimization took 3 rounds (0.022 sec)
--------------------------------------------------------------------
|             INITIALIZING CANDIDATE TREE SET                      |
--------------------------------------------------------------------
Computing ML distances based on estimated model parameters... 0.004 sec
Computing BIONJ tree...
0.001 seconds
Log-likelihood of BIONJ tree: -1996.967
Generating 98 parsimony trees... 0.096 seconds 90 distinct starting trees
Computing log-likelihood of 90 initial trees ... 0.182 seconds
Optimizing top 20 initial trees with NNI...
Iteration 1 / LogL: -1991.066 / Time: 0h:0m:0s
Estimate model parameters (epsilon = 0.100)
BETTER SCORE FOUND at iteration 1: -1991.034
Iteration 2 / LogL: -1991.038 / Time: 0h:0m:0s
Iteration 3 / LogL: -1991.038 / Time: 0h:0m:0s
Iteration 4 / LogL: -1991.038 / Time: 0h:0m:0s
Iteration 5 / LogL: -1991.038 / Time: 0h:0m:0s
Iteration 6 / LogL: -1991.038 / Time: 0h:0m:0s
Iteration 7 / LogL: -1991.038 / Time: 0h:0m:0s
Iteration 8 / LogL: -1991.038 / Time: 0h:0m:0s
Iteration 9 / LogL: -1991.038 / Time: 0h:0m:0s
Iteration 10 / LogL: -1991.038 / Time: 0h:0m:0s
Iteration 11 / LogL: -1991.038 / Time: 0h:0m:0s
Iteration 12 / LogL: -1991.038 / Time: 0h:0m:0s
Iteration 13 / LogL: -1991.038 / Time: 0h:0m:0s
Iteration 14 / LogL: -1991.038 / Time: 0h:0m:0s
Iteration 15 / LogL: -1991.038 / Time: 0h:0m:0s
Iteration 16 / LogL: -1991.038 / Time: 0h:0m:0s
Iteration 17 / LogL: -1991.038 / Time: 0h:0m:0s
Iteration 18 / LogL: -1991.038 / Time: 0h:0m:0s
Iteration 19 / LogL: -1991.038 / Time: 0h:0m:0s
Iteration 20 / LogL: -1991.038 / Time: 0h:0m:0s
Average CPU time for 1 NNI search: 0.005
Finish initializing candidate tree set. Number of distinct locally optimal trees: 20
Current best tree score: -1991.034 / CPU time: 0.384
--------------------------------------------------------------------
|               OPTIMIZING CANDIDATE TREE SET                      |
--------------------------------------------------------------------
Iteration 30 / LogL: -1991.035 / Time: 0h:0m:0s (0h:0m:1s left)
Iteration 40 / LogL: -1991.034 / Time: 0h:0m:0s (0h:0m:1s left)
Iteration 50 / LogL: -1991.036 / Time: 0h:0m:0s (0h:0m:0s left)
Iteration 60 / LogL: -1991.034 / Time: 0h:0m:1s (0h:0m:0s left)
Iteration 70 / LogL: -1991.035 / Time: 0h:0m:1s (0h:0m:0s left)
Iteration 80 / LogL: -1991.035 / Time: 0h:0m:1s (0h:0m:0s left)
Iteration 90 / LogL: -1991.034 / Time: 0h:0m:1s (0h:0m:0s left)
Iteration 100 / LogL: -1991.047 / Time: 0h:0m:1s (0h:0m:0s left)
TREE SEARCH COMPLETED AFTER 101 ITERATIONS / Time: 0h:0m:1s

--------------------------------------------------------------------
|                    FINALIZING TREE SEARCH                        |
--------------------------------------------------------------------
Performs final model parameters optimization
Estimate model parameters (epsilon = 0.010)
1. Initial log-likelihood: -1991.034
2. Current log-likelihood: -1991.014
3. Current log-likelihood: -1991.003
Optimal log-likelihood: -1990.998
Rate parameters:  A-C: 0.683  A-G: 0.974  A-T: 1.160  C-G: 1.047  C-T: 0.999  G-T: 1.000
Base frequencies:   A: 0.250  C: 0.269  G: 0.226  T: 0.255
Gamma shape alpha: 4.269
Parameters optimization took 3 rounds (0.014 sec)
BEST SCORE FOUND : -1990.998

Testing tree branches by SH-like aLRT with 1000 replicates...
CPU Time used:  0.116 sec.
Total tree length: 1.177

Total number of iterations: 101
CPU time used for tree search: 1.668 sec (0h:0m:1s)
Wall-clock time used for tree search: 1.669 sec (0h:0m:1s)
Total CPU time used: 1.840 sec (0h:0m:1s)
Total wall-clock time used: 1.839 sec (0h:0m:1s)

Analysis results written to: 
  IQ-TREE report:                ../simulations/data_D1T2L3I5T4//S/330_pruned.fasta.iqtree
  Maximum-likelihood tree:       ../simulations/data_D1T2L3I5T4//S/330_pruned.fasta.treefile
  Likelihood distances:          ../simulations/data_D1T2L3I5T4//S/330_pruned.fasta.mldist
  Screen log file:               ../simulations/data_D1T2L3I5T4//S/330_pruned.fasta.log

Date and Time: Fri May 25 14:34:28 2018
