IQ-TREE version 1.4.2 for Linux 64-bit built Apr 15 2016
Copyright (c) 2011-2015 Nguyen Lam Tung, Olga Chernomor, Arndt von Haeseler and Bui Quang Minh.

Host:    meduse (AVX2, FMA3, 7 GB RAM)
Command: /home/tannier/programs/iqtree/iqtree-1.4.2-Linux/bin//iqtree -s ../simulations/data_D1T2L3I5T4//S/332_pruned.fasta -m GTR+G -alrt 1000 -redo
Seed:    355062 (Using SPRNG - Scalable Parallel Random Number Generator)
Time:    Fri May 25 14:29:20 2018
Kernel:  AVX

NOTE: Consider using the multicore version because your CPU has 4 cores!

Reading alignment file ../simulations/data_D1T2L3I5T4//S/332_pruned.fasta ... Fasta format detected
Alignment most likely contains DNA/RNA sequences
Alignment has 25 sequences with 300 columns and 151 patterns (156 informative sites)
          Gap/Ambiguity  Composition  p-value
   1  n299_286    0.00%    passed     98.69%
   2  n294_281    0.00%    passed     88.91%
   3  n289_276    0.00%    passed     96.63%
   4  n275_262    0.00%    passed     93.35%
   5  n298_285    0.00%    passed     94.52%
   6  n287_274    0.00%    passed     97.45%
   7  n290_277    0.00%    passed     96.63%
   8  n251_238    0.00%    passed     48.17%
   9  n280_267    0.00%    passed     98.22%
  10  n297_284    0.00%    passed     92.44%
  11  n265_252    0.00%    passed     93.12%
  12  n292_279    0.00%    passed     98.08%
  13  n255_242    0.00%    passed     18.67%
  14  n300_287    0.00%    passed     98.49%
  15  n295_282    0.00%    passed     97.58%
  16  n293_280    0.00%    passed     82.70%
  17  n274_261    0.00%    passed     97.92%
  18  n266_253    0.00%    passed     90.09%
  19  n286_273    0.00%    passed     93.31%
  20  n277_264    0.00%    passed     98.77%
  21  n200_193    0.00%    passed     98.75%
  22  n296_283    0.00%    passed     97.58%
  23  n278_265    0.00%    passed     99.76%
  24  n236_225    0.00%    passed     93.06%
  25  n285_272    0.00%    passed     96.76%
****  TOTAL       0.00%  0 sequences failed composition chi2 test (p-value<5%; df=3)
NOTE: 1 identical sequences (see below) will be ignored for subsequent analysis
NOTE: n290_277 (identical to n289_276) is ignored but added at the end

Create initial parsimony tree by phylogenetic likelihood library (PLL)... 0.001 seconds

NOTE: 0 MB RAM is required!
Estimate model parameters (epsilon = 0.100)
1. Initial log-likelihood: -1799.254
2. Current log-likelihood: -1768.310
3. Current log-likelihood: -1767.590
Optimal log-likelihood: -1767.586
Rate parameters:  A-C: 1.326  A-G: 0.993  A-T: 1.101  C-G: 1.068  C-T: 0.868  G-T: 1.000
Base frequencies:   A: 0.228  C: 0.287  G: 0.259  T: 0.226
Gamma shape alpha: 7.196
Parameters optimization took 3 rounds (0.040 sec)
--------------------------------------------------------------------
|             INITIALIZING CANDIDATE TREE SET                      |
--------------------------------------------------------------------
Computing ML distances based on estimated model parameters... 0.004 sec
Computing BIONJ tree...
0.000 seconds
Log-likelihood of BIONJ tree: -1767.586
Generating 99 parsimony trees... 0.106 seconds 2 distinct starting trees
Computing log-likelihood of 2 initial trees ... 0.002 seconds
Optimizing top 2 initial trees with NNI...
Iteration 1 / LogL: -1767.436 / Time: 0h:0m:0s
Estimate model parameters (epsilon = 0.100)
BETTER SCORE FOUND at iteration 1: -1767.421
Iteration 2 / LogL: -1767.424 / Time: 0h:0m:0s
Average CPU time for 1 NNI search: 0.006
Finish initializing candidate tree set. Number of distinct locally optimal trees: 1
Current best tree score: -1767.421 / CPU time: 0.124
--------------------------------------------------------------------
|               OPTIMIZING CANDIDATE TREE SET                      |
--------------------------------------------------------------------
Iteration 10 / LogL: -1767.428 / Time: 0h:0m:0s
Iteration 20 / LogL: -1778.561 / Time: 0h:0m:0s (0h:0m:1s left)
Iteration 30 / LogL: -1767.423 / Time: 0h:0m:0s (0h:0m:1s left)
Iteration 40 / LogL: -1767.436 / Time: 0h:0m:0s (0h:0m:1s left)
Iteration 50 / LogL: -1778.561 / Time: 0h:0m:0s (0h:0m:0s left)
Iteration 60 / LogL: -1767.540 / Time: 0h:0m:1s (0h:0m:0s left)
Iteration 70 / LogL: -1767.607 / Time: 0h:0m:1s (0h:0m:0s left)
Iteration 80 / LogL: -1767.428 / Time: 0h:0m:1s (0h:0m:0s left)
Iteration 90 / LogL: -1767.424 / Time: 0h:0m:1s (0h:0m:0s left)
Iteration 100 / LogL: -1767.436 / Time: 0h:0m:1s (0h:0m:0s left)
TREE SEARCH COMPLETED AFTER 101 ITERATIONS / Time: 0h:0m:1s

--------------------------------------------------------------------
|                    FINALIZING TREE SEARCH                        |
--------------------------------------------------------------------
Performs final model parameters optimization
Estimate model parameters (epsilon = 0.010)
1. Initial log-likelihood: -1767.421
Optimal log-likelihood: -1767.421
Rate parameters:  A-C: 1.304  A-G: 1.004  A-T: 1.101  C-G: 1.066  C-T: 0.877  G-T: 1.000
Base frequencies:   A: 0.228  C: 0.287  G: 0.259  T: 0.226
Gamma shape alpha: 7.288
Parameters optimization took 1 rounds (0.004 sec)
BEST SCORE FOUND : -1767.421

Testing tree branches by SH-like aLRT with 1000 replicates...
CPU Time used:  0.100 sec.
Total tree length: 1.023

Total number of iterations: 101
CPU time used for tree search: 1.700 sec (0h:0m:1s)
Wall-clock time used for tree search: 1.701 sec (0h:0m:1s)
Total CPU time used: 1.860 sec (0h:0m:1s)
Total wall-clock time used: 1.865 sec (0h:0m:1s)

Analysis results written to: 
  IQ-TREE report:                ../simulations/data_D1T2L3I5T4//S/332_pruned.fasta.iqtree
  Maximum-likelihood tree:       ../simulations/data_D1T2L3I5T4//S/332_pruned.fasta.treefile
  Likelihood distances:          ../simulations/data_D1T2L3I5T4//S/332_pruned.fasta.mldist
  Screen log file:               ../simulations/data_D1T2L3I5T4//S/332_pruned.fasta.log

Date and Time: Fri May 25 14:29:22 2018
