IQ-TREE version 1.4.2 for Linux 64-bit built Apr 15 2016
Copyright (c) 2011-2015 Nguyen Lam Tung, Olga Chernomor, Arndt von Haeseler and Bui Quang Minh.

Host:    meduse (AVX2, FMA3, 7 GB RAM)
Command: /home/tannier/programs/iqtree/iqtree-1.4.2-Linux/bin//iqtree -s ../simulations/data_D1T2L3I5T4//S/344_pruned.fasta -m GTR+G -alrt 1000 -redo
Seed:    153802 (Using SPRNG - Scalable Parallel Random Number Generator)
Time:    Fri May 25 14:13:33 2018
Kernel:  AVX

NOTE: Consider using the multicore version because your CPU has 4 cores!

Reading alignment file ../simulations/data_D1T2L3I5T4//S/344_pruned.fasta ... Fasta format detected
Alignment most likely contains DNA/RNA sequences
Alignment has 26 sequences with 300 columns and 177 patterns (161 informative sites)
          Gap/Ambiguity  Composition  p-value
   1  n236_237    0.00%    passed     97.67%
   2  n266_267    0.00%    passed     97.04%
   3  n296_297    0.00%    passed     86.59%
   4  n277_278    0.00%    passed     64.87%
   5  n290_291    0.00%    passed     85.30%
   6  n255_256    0.00%    passed     66.53%
   7  n295_296    0.00%    passed     86.59%
   8  n286_287    0.00%    passed     94.38%
   9  n298_299    0.00%    passed     93.49%
  10  n299_300    0.00%    passed     85.74%
  11  n287_288    0.00%    passed     86.59%
  12  n278_279    0.00%    passed     83.87%
  13  n292_293    0.00%    passed     89.92%
  14  n265_266    0.00%    passed     98.38%
  15  n289_290    0.00%    passed     86.59%
  16  n293_294    0.00%    passed     93.04%
  17  n280_281    0.00%    passed     81.95%
  18  n274_275    0.00%    passed     85.74%
  19  n275_276    0.00%    passed     93.49%
  20  n285_286    0.00%    passed     87.95%
  21  n294_295    0.00%    passed     95.53%
  22  n297_298    0.00%    passed     93.49%
  23  n244_245    0.00%    passed     47.78%
  24  n251_252    0.00%    passed     68.74%
  25  n200_201    0.00%    passed     99.33%
  26  n300_301    0.00%    passed     85.74%
****  TOTAL       0.00%  0 sequences failed composition chi2 test (p-value<5%; df=3)
NOTE: 4 identical sequences (see below) will be ignored for subsequent analysis
NOTE: n295_296 (identical to n296_297) is ignored but added at the end
NOTE: n287_288 (identical to n296_297) is ignored but added at the end
NOTE: n297_298 (identical to n298_299) is ignored but added at the end
NOTE: n300_301 (identical to n299_300) is ignored but added at the end

Create initial parsimony tree by phylogenetic likelihood library (PLL)... 0.001 seconds

NOTE: 0 MB RAM is required!
Estimate model parameters (epsilon = 0.100)
1. Initial log-likelihood: -1949.016
2. Current log-likelihood: -1908.510
3. Current log-likelihood: -1908.121
Optimal log-likelihood: -1908.118
Rate parameters:  A-C: 0.765  A-G: 1.240  A-T: 1.031  C-G: 0.994  C-T: 1.219  G-T: 1.000
Base frequencies:   A: 0.266  C: 0.237  G: 0.264  T: 0.233
Gamma shape alpha: 37.726
Parameters optimization took 3 rounds (0.018 sec)
--------------------------------------------------------------------
|             INITIALIZING CANDIDATE TREE SET                      |
--------------------------------------------------------------------
Computing ML distances based on estimated model parameters... 0.004 sec
Computing BIONJ tree...
0.000 seconds
Log-likelihood of BIONJ tree: -1908.117
Generating 98 parsimony trees... 0.073 seconds 16 distinct starting trees
Computing log-likelihood of 16 initial trees ... 0.026 seconds
Optimizing top 16 initial trees with NNI...
Iteration 1 / LogL: -1908.118 / Time: 0h:0m:0s
Estimate model parameters (epsilon = 0.100)
BETTER SCORE FOUND at iteration 1: -1908.072
Iteration 2 / LogL: -1908.074 / Time: 0h:0m:0s
Iteration 3 / LogL: -1908.075 / Time: 0h:0m:0s
Iteration 4 / LogL: -1908.075 / Time: 0h:0m:0s
Iteration 5 / LogL: -1908.075 / Time: 0h:0m:0s
Iteration 6 / LogL: -1908.075 / Time: 0h:0m:0s
Iteration 7 / LogL: -1908.075 / Time: 0h:0m:0s
Iteration 8 / LogL: -1908.075 / Time: 0h:0m:0s
Iteration 9 / LogL: -1908.075 / Time: 0h:0m:0s
Iteration 10 / LogL: -1908.073 / Time: 0h:0m:0s
Iteration 11 / LogL: -1908.073 / Time: 0h:0m:0s
Iteration 12 / LogL: -1908.073 / Time: 0h:0m:0s
Iteration 13 / LogL: -1908.073 / Time: 0h:0m:0s
Iteration 14 / LogL: -1908.073 / Time: 0h:0m:0s
Iteration 15 / LogL: -1908.073 / Time: 0h:0m:0s
Iteration 16 / LogL: -1908.073 / Time: 0h:0m:0s
Average CPU time for 1 NNI search: 0.006
Finish initializing candidate tree set. Number of distinct locally optimal trees: 9
Current best tree score: -1908.072 / CPU time: 0.204
--------------------------------------------------------------------
|               OPTIMIZING CANDIDATE TREE SET                      |
--------------------------------------------------------------------
Iteration 20 / LogL: -1908.074 / Time: 0h:0m:0s (0h:0m:1s left)
Iteration 30 / LogL: -1908.091 / Time: 0h:0m:0s (0h:0m:1s left)
Iteration 40 / LogL: -1914.204 / Time: 0h:0m:0s (0h:0m:0s left)
Iteration 50 / LogL: -1908.078 / Time: 0h:0m:0s (0h:0m:0s left)
Iteration 60 / LogL: -1908.074 / Time: 0h:0m:0s (0h:0m:0s left)
Iteration 70 / LogL: -1908.085 / Time: 0h:0m:0s (0h:0m:0s left)
Iteration 80 / LogL: -1908.128 / Time: 0h:0m:1s (0h:0m:0s left)
Iteration 90 / LogL: -1908.079 / Time: 0h:0m:1s (0h:0m:0s left)
Iteration 100 / LogL: -1908.090 / Time: 0h:0m:1s (0h:0m:0s left)
TREE SEARCH COMPLETED AFTER 101 ITERATIONS / Time: 0h:0m:1s

--------------------------------------------------------------------
|                    FINALIZING TREE SEARCH                        |
--------------------------------------------------------------------
Performs final model parameters optimization
Estimate model parameters (epsilon = 0.010)
1. Initial log-likelihood: -1908.072
Optimal log-likelihood: -1908.068
Rate parameters:  A-C: 0.764  A-G: 1.222  A-T: 1.058  C-G: 0.968  C-T: 1.198  G-T: 1.000
Base frequencies:   A: 0.266  C: 0.237  G: 0.264  T: 0.233
Gamma shape alpha: 39.658
Parameters optimization took 1 rounds (0.004 sec)
BEST SCORE FOUND : -1908.068

Testing tree branches by SH-like aLRT with 1000 replicates...
CPU Time used:  0.108 sec.
Total tree length: 1.122

Total number of iterations: 101
CPU time used for tree search: 1.316 sec (0h:0m:1s)
Wall-clock time used for tree search: 1.315 sec (0h:0m:1s)
Total CPU time used: 1.460 sec (0h:0m:1s)
Total wall-clock time used: 1.462 sec (0h:0m:1s)

Analysis results written to: 
  IQ-TREE report:                ../simulations/data_D1T2L3I5T4//S/344_pruned.fasta.iqtree
  Maximum-likelihood tree:       ../simulations/data_D1T2L3I5T4//S/344_pruned.fasta.treefile
  Likelihood distances:          ../simulations/data_D1T2L3I5T4//S/344_pruned.fasta.mldist
  Screen log file:               ../simulations/data_D1T2L3I5T4//S/344_pruned.fasta.log

Date and Time: Fri May 25 14:13:34 2018
