IQ-TREE version 1.4.2 for Linux 64-bit built Apr 15 2016
Copyright (c) 2011-2015 Nguyen Lam Tung, Olga Chernomor, Arndt von Haeseler and Bui Quang Minh.

Host:    meduse (AVX2, FMA3, 7 GB RAM)
Command: /home/tannier/programs/iqtree/iqtree-1.4.2-Linux/bin//iqtree -s ../simulations/data_D1T2L3I5T4//S/350_pruned.fasta -m GTR+G -alrt 1000 -redo
Seed:    328749 (Using SPRNG - Scalable Parallel Random Number Generator)
Time:    Fri May 25 14:34:30 2018
Kernel:  AVX

NOTE: Consider using the multicore version because your CPU has 4 cores!

Reading alignment file ../simulations/data_D1T2L3I5T4//S/350_pruned.fasta ... Fasta format detected
Alignment most likely contains DNA/RNA sequences
Alignment has 26 sequences with 300 columns and 179 patterns (156 informative sites)
          Gap/Ambiguity  Composition  p-value
   1  n265_272    0.00%    passed     80.04%
   2  n285_292    0.00%    passed     44.01%
   3  n286_293    0.00%    passed     48.79%
   4  n266_273    0.00%    passed     78.54%
   5  n300_307    0.00%    passed     80.29%
   6  n299_306    0.00%    passed     80.29%
   7  n298_305    0.00%    passed     89.59%
   8  n200_207    0.00%    passed     97.58%
   9  n275_282    0.00%    passed     87.38%
  10  n251_258    0.00%    passed     78.91%
  11  n278_285    0.00%    passed     83.11%
  12  n297_304    0.00%    passed     92.32%
  13  n292_299    0.00%    passed     84.93%
  14  n296_303    0.00%    passed     79.96%
  15  n280_287    0.00%    passed     72.22%
  16  n244_251    0.00%    passed     89.41%
  17  n255_262    0.00%    passed     80.92%
  18  n290_297    0.00%    passed     94.98%
  19  n295_302    0.00%    passed     79.96%
  20  n287_294    0.00%    passed     93.12%
  21  n293_300    0.00%    passed     88.36%
  22  n289_296    0.00%    passed     93.09%
  23  n236_243    0.00%    passed     84.54%
  24  n274_281    0.00%    passed     88.50%
  25  n277_284    0.00%    passed     82.44%
  26  n294_301    0.00%    passed     88.36%
****  TOTAL       0.00%  0 sequences failed composition chi2 test (p-value<5%; df=3)
NOTE: 3 identical sequences (see below) will be ignored for subsequent analysis
NOTE: n299_306 (identical to n300_307) is ignored but added at the end
NOTE: n295_302 (identical to n296_303) is ignored but added at the end
NOTE: n294_301 (identical to n293_300) is ignored but added at the end

Create initial parsimony tree by phylogenetic likelihood library (PLL)... 0.001 seconds

NOTE: 0 MB RAM is required!
Estimate model parameters (epsilon = 0.100)
1. Initial log-likelihood: -2144.274
2. Current log-likelihood: -2106.189
3. Current log-likelihood: -2105.902
Optimal log-likelihood: -2105.858
Rate parameters:  A-C: 0.945  A-G: 0.858  A-T: 1.325  C-G: 0.863  C-T: 1.084  G-T: 1.000
Base frequencies:   A: 0.221  C: 0.306  G: 0.259  T: 0.214
Gamma shape alpha: 4.350
Parameters optimization took 3 rounds (0.024 sec)
--------------------------------------------------------------------
|             INITIALIZING CANDIDATE TREE SET                      |
--------------------------------------------------------------------
Computing ML distances based on estimated model parameters... 0.004 sec
Computing BIONJ tree...
0.001 seconds
Log-likelihood of BIONJ tree: -2105.858
Generating 99 parsimony trees... 0.080 seconds 6 distinct starting trees
Computing log-likelihood of 6 initial trees ... 0.009 seconds
Optimizing top 6 initial trees with NNI...
Iteration 1 / LogL: -2105.859 / Time: 0h:0m:0s
Estimate model parameters (epsilon = 0.100)
BETTER SCORE FOUND at iteration 1: -2105.839
Iteration 2 / LogL: -2105.841 / Time: 0h:0m:0s
Iteration 3 / LogL: -2105.841 / Time: 0h:0m:0s
Iteration 4 / LogL: -2105.839 / Time: 0h:0m:0s
Iteration 5 / LogL: -2105.839 / Time: 0h:0m:0s
Iteration 6 / LogL: -2105.839 / Time: 0h:0m:0s
Average CPU time for 1 NNI search: 0.007
Finish initializing candidate tree set. Number of distinct locally optimal trees: 3
Current best tree score: -2105.839 / CPU time: 0.132
--------------------------------------------------------------------
|               OPTIMIZING CANDIDATE TREE SET                      |
--------------------------------------------------------------------
Iteration 10 / LogL: -2105.921 / Time: 0h:0m:0s
Iteration 20 / LogL: -2106.009 / Time: 0h:0m:0s (0h:0m:1s left)
Iteration 30 / LogL: -2105.853 / Time: 0h:0m:0s (0h:0m:1s left)
Iteration 40 / LogL: -2105.839 / Time: 0h:0m:0s (0h:0m:1s left)
Iteration 50 / LogL: -2105.851 / Time: 0h:0m:0s (0h:0m:0s left)
Iteration 60 / LogL: -2105.845 / Time: 0h:0m:0s (0h:0m:0s left)
Iteration 70 / LogL: -2105.981 / Time: 0h:0m:1s (0h:0m:0s left)
Iteration 80 / LogL: -2105.839 / Time: 0h:0m:1s (0h:0m:0s left)
Iteration 90 / LogL: -2105.846 / Time: 0h:0m:1s (0h:0m:0s left)
Iteration 100 / LogL: -2105.848 / Time: 0h:0m:1s (0h:0m:0s left)
TREE SEARCH COMPLETED AFTER 101 ITERATIONS / Time: 0h:0m:1s

--------------------------------------------------------------------
|                    FINALIZING TREE SEARCH                        |
--------------------------------------------------------------------
Performs final model parameters optimization
Estimate model parameters (epsilon = 0.010)
1. Initial log-likelihood: -2105.839
2. Current log-likelihood: -2105.827
Optimal log-likelihood: -2105.820
Rate parameters:  A-C: 0.912  A-G: 0.844  A-T: 1.290  C-G: 0.856  C-T: 1.056  G-T: 1.000
Base frequencies:   A: 0.221  C: 0.306  G: 0.259  T: 0.214
Gamma shape alpha: 4.341
Parameters optimization took 2 rounds (0.010 sec)
BEST SCORE FOUND : -2105.820

Testing tree branches by SH-like aLRT with 1000 replicates...
CPU Time used:  0.104 sec.
Total tree length: 1.258

Total number of iterations: 101
CPU time used for tree search: 1.556 sec (0h:0m:1s)
Wall-clock time used for tree search: 1.556 sec (0h:0m:1s)
Total CPU time used: 1.712 sec (0h:0m:1s)
Total wall-clock time used: 1.711 sec (0h:0m:1s)

Analysis results written to: 
  IQ-TREE report:                ../simulations/data_D1T2L3I5T4//S/350_pruned.fasta.iqtree
  Maximum-likelihood tree:       ../simulations/data_D1T2L3I5T4//S/350_pruned.fasta.treefile
  Likelihood distances:          ../simulations/data_D1T2L3I5T4//S/350_pruned.fasta.mldist
  Screen log file:               ../simulations/data_D1T2L3I5T4//S/350_pruned.fasta.log

Date and Time: Fri May 25 14:34:32 2018
