IQ-TREE version 1.4.2 for Linux 64-bit built Apr 15 2016
Copyright (c) 2011-2015 Nguyen Lam Tung, Olga Chernomor, Arndt von Haeseler and Bui Quang Minh.

Host:    meduse (AVX2, FMA3, 7 GB RAM)
Command: /home/tannier/programs/iqtree/iqtree-1.4.2-Linux/bin//iqtree -s ../simulations/data_D1T2L3I5T4//S/351_pruned.fasta -m GTR+G -alrt 1000 -redo
Seed:    673550 (Using SPRNG - Scalable Parallel Random Number Generator)
Time:    Fri May 25 14:35:06 2018
Kernel:  AVX

NOTE: Consider using the multicore version because your CPU has 4 cores!

Reading alignment file ../simulations/data_D1T2L3I5T4//S/351_pruned.fasta ... Fasta format detected
Alignment most likely contains DNA/RNA sequences
Alignment has 26 sequences with 300 columns and 174 patterns (158 informative sites)
          Gap/Ambiguity  Composition  p-value
   1  n236_237    0.00%    passed     93.59%
   2  n266_267    0.00%    passed     77.28%
   3  n296_297    0.00%    passed     55.95%
   4  n277_278    0.00%    passed     66.90%
   5  n290_291    0.00%    passed     60.48%
   6  n255_256    0.00%    passed     94.37%
   7  n295_296    0.00%    passed     51.69%
   8  n286_287    0.00%    passed     53.68%
   9  n298_299    0.00%    passed     74.13%
  10  n299_300    0.00%    passed     70.20%
  11  n287_288    0.00%    passed     47.15%
  12  n278_279    0.00%    passed     49.61%
  13  n292_293    0.00%    passed     66.35%
  14  n265_266    0.00%    passed     74.54%
  15  n289_290    0.00%    passed     64.10%
  16  n293_294    0.00%    passed     56.32%
  17  n280_281    0.00%    passed     61.20%
  18  n274_275    0.00%    passed     44.44%
  19  n275_276    0.00%    passed     82.72%
  20  n285_286    0.00%    passed     54.91%
  21  n294_295    0.00%    passed     61.19%
  22  n297_298    0.00%    passed     74.13%
  23  n244_245    0.00%    passed     85.16%
  24  n251_252    0.00%    passed     96.99%
  25  n200_201    0.00%    passed     98.87%
  26  n300_301    0.00%    passed     67.93%
****  TOTAL       0.00%  0 sequences failed composition chi2 test (p-value<5%; df=3)
NOTE: 1 identical sequences (see below) will be ignored for subsequent analysis
NOTE: n297_298 (identical to n298_299) is ignored but added at the end

Create initial parsimony tree by phylogenetic likelihood library (PLL)... 0.001 seconds

NOTE: 0 MB RAM is required!
Estimate model parameters (epsilon = 0.100)
1. Initial log-likelihood: -2097.374
2. Current log-likelihood: -2063.137
3. Current log-likelihood: -2062.932
Optimal log-likelihood: -2062.897
Rate parameters:  A-C: 1.411  A-G: 1.393  A-T: 1.165  C-G: 1.578  C-T: 1.441  G-T: 1.000
Base frequencies:   A: 0.214  C: 0.261  G: 0.263  T: 0.262
Gamma shape alpha: 2.930
Parameters optimization took 3 rounds (0.032 sec)
--------------------------------------------------------------------
|             INITIALIZING CANDIDATE TREE SET                      |
--------------------------------------------------------------------
Computing ML distances based on estimated model parameters... 0.000 sec
Computing BIONJ tree...
0.000 seconds
Log-likelihood of BIONJ tree: -2062.896
Generating 98 parsimony trees... 0.093 seconds 75 distinct starting trees
Computing log-likelihood of 75 initial trees ... 0.154 seconds
Optimizing top 20 initial trees with NNI...
Iteration 1 / LogL: -2062.743 / Time: 0h:0m:0s
Estimate model parameters (epsilon = 0.100)
BETTER SCORE FOUND at iteration 1: -2062.697
Iteration 2 / LogL: -2062.700 / Time: 0h:0m:0s
Iteration 3 / LogL: -2062.700 / Time: 0h:0m:0s
Iteration 4 / LogL: -2062.700 / Time: 0h:0m:0s
Iteration 5 / LogL: -2062.700 / Time: 0h:0m:0s
Iteration 6 / LogL: -2062.700 / Time: 0h:0m:0s
Iteration 7 / LogL: -2062.700 / Time: 0h:0m:0s
Iteration 8 / LogL: -2062.700 / Time: 0h:0m:0s
Iteration 9 / LogL: -2062.700 / Time: 0h:0m:0s
Iteration 10 / LogL: -2062.700 / Time: 0h:0m:0s
Iteration 11 / LogL: -2062.700 / Time: 0h:0m:0s
Iteration 12 / LogL: -2062.700 / Time: 0h:0m:0s
Iteration 13 / LogL: -2062.700 / Time: 0h:0m:0s
Iteration 14 / LogL: -2062.700 / Time: 0h:0m:0s
Iteration 15 / LogL: -2062.700 / Time: 0h:0m:0s
Iteration 16 / LogL: -2062.700 / Time: 0h:0m:0s
Iteration 17 / LogL: -2062.700 / Time: 0h:0m:0s
Iteration 18 / LogL: -2062.700 / Time: 0h:0m:0s
Iteration 19 / LogL: -2062.700 / Time: 0h:0m:0s
Iteration 20 / LogL: -2062.700 / Time: 0h:0m:0s
Average CPU time for 1 NNI search: 0.005
Finish initializing candidate tree set. Number of distinct locally optimal trees: 20
Current best tree score: -2062.697 / CPU time: 0.348
--------------------------------------------------------------------
|               OPTIMIZING CANDIDATE TREE SET                      |
--------------------------------------------------------------------
Iteration 30 / LogL: -2062.703 / Time: 0h:0m:0s (0h:0m:1s left)
Iteration 40 / LogL: -2062.703 / Time: 0h:0m:0s (0h:0m:1s left)
Iteration 50 / LogL: -2062.700 / Time: 0h:0m:0s (0h:0m:0s left)
Iteration 60 / LogL: -2082.474 / Time: 0h:0m:1s (0h:0m:0s left)
Iteration 70 / LogL: -2062.699 / Time: 0h:0m:1s (0h:0m:0s left)
Iteration 80 / LogL: -2062.698 / Time: 0h:0m:1s (0h:0m:0s left)
Iteration 90 / LogL: -2062.769 / Time: 0h:0m:1s (0h:0m:0s left)
Iteration 100 / LogL: -2062.739 / Time: 0h:0m:1s (0h:0m:0s left)
TREE SEARCH COMPLETED AFTER 101 ITERATIONS / Time: 0h:0m:1s

--------------------------------------------------------------------
|                    FINALIZING TREE SEARCH                        |
--------------------------------------------------------------------
Performs final model parameters optimization
Estimate model parameters (epsilon = 0.010)
1. Initial log-likelihood: -2062.697
2. Current log-likelihood: -2062.684
Optimal log-likelihood: -2062.683
Rate parameters:  A-C: 1.337  A-G: 1.368  A-T: 1.079  C-G: 1.555  C-T: 1.420  G-T: 1.000
Base frequencies:   A: 0.214  C: 0.261  G: 0.263  T: 0.262
Gamma shape alpha: 2.887
Parameters optimization took 2 rounds (0.009 sec)
BEST SCORE FOUND : -2062.683

Testing tree branches by SH-like aLRT with 1000 replicates...
CPU Time used:  0.108 sec.
Total tree length: 1.240

Total number of iterations: 101
CPU time used for tree search: 1.668 sec (0h:0m:1s)
Wall-clock time used for tree search: 1.674 sec (0h:0m:1s)
Total CPU time used: 1.832 sec (0h:0m:1s)
Total wall-clock time used: 1.840 sec (0h:0m:1s)

Analysis results written to: 
  IQ-TREE report:                ../simulations/data_D1T2L3I5T4//S/351_pruned.fasta.iqtree
  Maximum-likelihood tree:       ../simulations/data_D1T2L3I5T4//S/351_pruned.fasta.treefile
  Likelihood distances:          ../simulations/data_D1T2L3I5T4//S/351_pruned.fasta.mldist
  Screen log file:               ../simulations/data_D1T2L3I5T4//S/351_pruned.fasta.log

Date and Time: Fri May 25 14:35:08 2018
