IQ-TREE version 1.4.2 for Linux 64-bit built Apr 15 2016
Copyright (c) 2011-2015 Nguyen Lam Tung, Olga Chernomor, Arndt von Haeseler and Bui Quang Minh.

Host:    meduse (AVX2, FMA3, 7 GB RAM)
Command: /home/tannier/programs/iqtree/iqtree-1.4.2-Linux/bin//iqtree -s ../simulations/data_D1T2L3I5T4//S/353_pruned.fasta -m GTR+G -alrt 1000 -redo
Seed:    675493 (Using SPRNG - Scalable Parallel Random Number Generator)
Time:    Fri May 25 14:13:39 2018
Kernel:  AVX

NOTE: Consider using the multicore version because your CPU has 4 cores!

Reading alignment file ../simulations/data_D1T2L3I5T4//S/353_pruned.fasta ... Fasta format detected
Alignment most likely contains DNA/RNA sequences
Alignment has 26 sequences with 300 columns and 181 patterns (160 informative sites)
          Gap/Ambiguity  Composition  p-value
   1  n236_237    0.00%    passed     66.83%
   2  n266_267    0.00%    passed     22.22%
   3  n296_297    0.00%    passed     94.07%
   4  n277_278    0.00%    passed     87.87%
   5  n290_291    0.00%    passed     90.37%
   6  n255_256    0.00%    passed     39.68%
   7  n295_296    0.00%    passed     90.37%
   8  n286_287    0.00%    passed     48.86%
   9  n298_299    0.00%    passed     95.22%
  10  n299_300    0.00%    passed     96.75%
  11  n287_288    0.00%    passed     95.00%
  12  n278_279    0.00%    passed     89.93%
  13  n292_293    0.00%    passed     95.44%
  14  n265_266    0.00%    passed     29.07%
  15  n289_290    0.00%    passed     94.54%
  16  n293_294    0.00%    passed     99.54%
  17  n280_281    0.00%    passed     96.75%
  18  n274_275    0.00%    passed     94.24%
  19  n275_276    0.00%    passed     97.66%
  20  n285_286    0.00%    passed     63.64%
  21  n294_295    0.00%    passed     99.54%
  22  n297_298    0.00%    passed     95.22%
  23  n244_245    0.00%    passed     27.65%
  24  n251_252    0.00%    passed     18.05%
  25  n200_201    0.00%    passed     98.84%
  26  n300_301    0.00%    passed     96.27%
****  TOTAL       0.00%  0 sequences failed composition chi2 test (p-value<5%; df=3)
NOTE: 2 identical sequences (see below) will be ignored for subsequent analysis
NOTE: n297_298 (identical to n298_299) is ignored but added at the end
NOTE: n294_295 (identical to n293_294) is ignored but added at the end

Create initial parsimony tree by phylogenetic likelihood library (PLL)... 0.001 seconds

NOTE: 0 MB RAM is required!
Estimate model parameters (epsilon = 0.100)
1. Initial log-likelihood: -2086.671
2. Current log-likelihood: -2044.910
3. Current log-likelihood: -2044.537
Optimal log-likelihood: -2044.530
Rate parameters:  A-C: 1.263  A-G: 1.189  A-T: 1.052  C-G: 1.383  C-T: 1.684  G-T: 1.000
Base frequencies:   A: 0.273  C: 0.215  G: 0.259  T: 0.254
Gamma shape alpha: 8.200
Parameters optimization took 3 rounds (0.028 sec)
--------------------------------------------------------------------
|             INITIALIZING CANDIDATE TREE SET                      |
--------------------------------------------------------------------
Computing ML distances based on estimated model parameters... 0.000 sec
Computing BIONJ tree...
0.001 seconds
Log-likelihood of BIONJ tree: -2044.530
Generating 98 parsimony trees... 0.088 seconds 9 distinct starting trees
Computing log-likelihood of 9 initial trees ... 0.016 seconds
Optimizing top 9 initial trees with NNI...
Iteration 1 / LogL: -2044.531 / Time: 0h:0m:0s
Estimate model parameters (epsilon = 0.100)
BETTER SCORE FOUND at iteration 1: -2044.529
Iteration 2 / LogL: -2044.530 / Time: 0h:0m:0s
Iteration 3 / LogL: -2044.533 / Time: 0h:0m:0s
Iteration 4 / LogL: -2044.533 / Time: 0h:0m:0s
Iteration 5 / LogL: -2044.533 / Time: 0h:0m:0s
Iteration 6 / LogL: -2044.533 / Time: 0h:0m:0s
Iteration 7 / LogL: -2044.533 / Time: 0h:0m:0s
Iteration 8 / LogL: -2044.533 / Time: 0h:0m:0s
Iteration 9 / LogL: -2044.533 / Time: 0h:0m:0s
Average CPU time for 1 NNI search: 0.008
Finish initializing candidate tree set. Number of distinct locally optimal trees: 9
Current best tree score: -2044.529 / CPU time: 0.172
--------------------------------------------------------------------
|               OPTIMIZING CANDIDATE TREE SET                      |
--------------------------------------------------------------------
Iteration 10 / LogL: -2044.540 / Time: 0h:0m:0s
Iteration 20 / LogL: -2044.540 / Time: 0h:0m:0s (0h:0m:1s left)
Iteration 30 / LogL: -2044.539 / Time: 0h:0m:0s (0h:0m:1s left)
Iteration 40 / LogL: -2044.530 / Time: 0h:0m:0s (0h:0m:1s left)
Iteration 50 / LogL: -2044.534 / Time: 0h:0m:0s (0h:0m:0s left)
Iteration 60 / LogL: -2044.531 / Time: 0h:0m:1s (0h:0m:0s left)
Iteration 70 / LogL: -2044.539 / Time: 0h:0m:1s (0h:0m:0s left)
Iteration 80 / LogL: -2044.531 / Time: 0h:0m:1s (0h:0m:0s left)
Iteration 90 / LogL: -2048.363 / Time: 0h:0m:1s (0h:0m:0s left)
Iteration 100 / LogL: -2044.530 / Time: 0h:0m:1s (0h:0m:0s left)
TREE SEARCH COMPLETED AFTER 101 ITERATIONS / Time: 0h:0m:1s

--------------------------------------------------------------------
|                    FINALIZING TREE SEARCH                        |
--------------------------------------------------------------------
Performs final model parameters optimization
Estimate model parameters (epsilon = 0.010)
1. Initial log-likelihood: -2044.529
Optimal log-likelihood: -2044.529
Rate parameters:  A-C: 1.261  A-G: 1.188  A-T: 1.053  C-G: 1.380  C-T: 1.687  G-T: 1.000
Base frequencies:   A: 0.273  C: 0.215  G: 0.259  T: 0.254
Gamma shape alpha: 8.200
Parameters optimization took 1 rounds (0.005 sec)
BEST SCORE FOUND : -2044.529

Testing tree branches by SH-like aLRT with 1000 replicates...
CPU Time used:  0.108 sec.
Total tree length: 1.218

Total number of iterations: 101
CPU time used for tree search: 1.616 sec (0h:0m:1s)
Wall-clock time used for tree search: 1.616 sec (0h:0m:1s)
Total CPU time used: 1.776 sec (0h:0m:1s)
Total wall-clock time used: 1.775 sec (0h:0m:1s)

Analysis results written to: 
  IQ-TREE report:                ../simulations/data_D1T2L3I5T4//S/353_pruned.fasta.iqtree
  Maximum-likelihood tree:       ../simulations/data_D1T2L3I5T4//S/353_pruned.fasta.treefile
  Likelihood distances:          ../simulations/data_D1T2L3I5T4//S/353_pruned.fasta.mldist
  Screen log file:               ../simulations/data_D1T2L3I5T4//S/353_pruned.fasta.log

Date and Time: Fri May 25 14:13:41 2018
