IQ-TREE version 1.4.2 for Linux 64-bit built Apr 15 2016
Copyright (c) 2011-2015 Nguyen Lam Tung, Olga Chernomor, Arndt von Haeseler and Bui Quang Minh.

Host:    meduse (AVX2, FMA3, 7 GB RAM)
Command: /home/tannier/programs/iqtree/iqtree-1.4.2-Linux/bin//iqtree -s ../simulations/data_D1T2L3I5T4//S/363_pruned.fasta -m GTR+G -alrt 1000 -redo
Seed:    171317 (Using SPRNG - Scalable Parallel Random Number Generator)
Time:    Fri May 25 14:36:04 2018
Kernel:  AVX

NOTE: Consider using the multicore version because your CPU has 4 cores!

Reading alignment file ../simulations/data_D1T2L3I5T4//S/363_pruned.fasta ... Fasta format detected
Alignment most likely contains DNA/RNA sequences
Alignment has 26 sequences with 300 columns and 183 patterns (157 informative sites)
          Gap/Ambiguity  Composition  p-value
   1  n287_292    0.00%    passed     96.19%
   2  n277_282    0.00%    passed     82.17%
   3  n299_304    0.00%    passed     92.51%
   4  n292_297    0.00%    passed     92.51%
   5  n290_295    0.00%    passed     96.19%
   6  n285_290    0.00%    passed     66.62%
   7  n295_300    0.00%    passed     88.98%
   8  n296_301    0.00%    passed     90.01%
   9  n274_279    0.00%    passed     80.55%
  10  n265_270    0.00%    passed     95.64%
  11  n300_305    0.00%    passed     95.44%
  12  n293_298    0.00%    passed     97.08%
  13  n289_294    0.00%    passed     98.88%
  14  n200_205    0.00%    passed     89.01%
  15  n255_260    0.00%    passed     59.10%
  16  n251_256    0.00%    passed     26.41%
  17  n294_299    0.00%    passed     97.08%
  18  n244_249    0.00%    passed     83.94%
  19  n278_283    0.00%    passed     65.58%
  20  n236_241    0.00%    passed     83.36%
  21  n280_285    0.00%    passed     90.47%
  22  n298_303    0.00%    passed     96.98%
  23  n266_271    0.00%    passed     97.63%
  24  n297_302    0.00%    passed     97.08%
  25  n286_291    0.00%    passed     82.04%
  26  n275_280    0.00%    passed     96.67%
****  TOTAL       0.00%  0 sequences failed composition chi2 test (p-value<5%; df=3)
NOTE: 2 identical sequences (see below) will be ignored for subsequent analysis
NOTE: n290_295 (identical to n287_292) is ignored but added at the end
NOTE: n294_299 (identical to n293_298) is ignored but added at the end

Create initial parsimony tree by phylogenetic likelihood library (PLL)... 0.001 seconds

NOTE: 0 MB RAM is required!
Estimate model parameters (epsilon = 0.100)
1. Initial log-likelihood: -2145.392
2. Current log-likelihood: -2101.473
3. Current log-likelihood: -2101.058
Optimal log-likelihood: -2101.052
Rate parameters:  A-C: 1.153  A-G: 1.259  A-T: 1.019  C-G: 0.950  C-T: 1.386  G-T: 1.000
Base frequencies:   A: 0.229  C: 0.270  G: 0.246  T: 0.255
Gamma shape alpha: 13.942
Parameters optimization took 3 rounds (0.021 sec)
--------------------------------------------------------------------
|             INITIALIZING CANDIDATE TREE SET                      |
--------------------------------------------------------------------
Computing ML distances based on estimated model parameters... 0.004 sec
Computing BIONJ tree...
0.000 seconds
Log-likelihood of BIONJ tree: -2101.052
Generating 98 parsimony trees... 0.087 seconds 3 distinct starting trees
Computing log-likelihood of 3 initial trees ... 0.002 seconds
Optimizing top 3 initial trees with NNI...
Iteration 1 / LogL: -2101.053 / Time: 0h:0m:0s
Estimate model parameters (epsilon = 0.100)
BETTER SCORE FOUND at iteration 1: -2101.035
Iteration 2 / LogL: -2101.036 / Time: 0h:0m:0s
Iteration 3 / LogL: -2101.037 / Time: 0h:0m:0s
Average CPU time for 1 NNI search: 0.008
Finish initializing candidate tree set. Number of distinct locally optimal trees: 3
Current best tree score: -2101.035 / CPU time: 0.112
--------------------------------------------------------------------
|               OPTIMIZING CANDIDATE TREE SET                      |
--------------------------------------------------------------------
Iteration 10 / LogL: -2164.395 / Time: 0h:0m:0s
Iteration 20 / LogL: -2101.063 / Time: 0h:0m:0s (0h:0m:1s left)
Iteration 30 / LogL: -2101.036 / Time: 0h:0m:0s (0h:0m:1s left)
Iteration 40 / LogL: -2101.035 / Time: 0h:0m:0s (0h:0m:1s left)
Iteration 50 / LogL: -2101.290 / Time: 0h:0m:0s (0h:0m:0s left)
Iteration 60 / LogL: -2379.821 / Time: 0h:0m:1s (0h:0m:0s left)
Iteration 70 / LogL: -2101.036 / Time: 0h:0m:1s (0h:0m:0s left)
Iteration 80 / LogL: -2101.036 / Time: 0h:0m:1s (0h:0m:0s left)
Iteration 90 / LogL: -2101.035 / Time: 0h:0m:1s (0h:0m:0s left)
Iteration 100 / LogL: -2101.036 / Time: 0h:0m:1s (0h:0m:0s left)
TREE SEARCH COMPLETED AFTER 101 ITERATIONS / Time: 0h:0m:1s

--------------------------------------------------------------------
|                    FINALIZING TREE SEARCH                        |
--------------------------------------------------------------------
Performs final model parameters optimization
Estimate model parameters (epsilon = 0.010)
1. Initial log-likelihood: -2101.035
Optimal log-likelihood: -2101.033
Rate parameters:  A-C: 1.164  A-G: 1.258  A-T: 1.019  C-G: 0.976  C-T: 1.406  G-T: 1.000
Base frequencies:   A: 0.229  C: 0.270  G: 0.246  T: 0.255
Gamma shape alpha: 13.934
Parameters optimization took 1 rounds (0.005 sec)
BEST SCORE FOUND : -2101.033

Testing tree branches by SH-like aLRT with 1000 replicates...
CPU Time used:  0.108 sec.
Total tree length: 1.227

Total number of iterations: 101
CPU time used for tree search: 1.716 sec (0h:0m:1s)
Wall-clock time used for tree search: 1.717 sec (0h:0m:1s)
Total CPU time used: 1.868 sec (0h:0m:1s)
Total wall-clock time used: 1.867 sec (0h:0m:1s)

Analysis results written to: 
  IQ-TREE report:                ../simulations/data_D1T2L3I5T4//S/363_pruned.fasta.iqtree
  Maximum-likelihood tree:       ../simulations/data_D1T2L3I5T4//S/363_pruned.fasta.treefile
  Likelihood distances:          ../simulations/data_D1T2L3I5T4//S/363_pruned.fasta.mldist
  Screen log file:               ../simulations/data_D1T2L3I5T4//S/363_pruned.fasta.log

Date and Time: Fri May 25 14:36:06 2018
