IQ-TREE version 1.4.2 for Linux 64-bit built Apr 15 2016
Copyright (c) 2011-2015 Nguyen Lam Tung, Olga Chernomor, Arndt von Haeseler and Bui Quang Minh.

Host:    meduse (AVX2, FMA3, 7 GB RAM)
Command: /home/tannier/programs/iqtree/iqtree-1.4.2-Linux/bin//iqtree -s ../simulations/data_D1T2L3I5T4//S/376_pruned.fasta -m GTR+G -alrt 1000 -redo
Seed:    363120 (Using SPRNG - Scalable Parallel Random Number Generator)
Time:    Fri May 25 14:32:18 2018
Kernel:  AVX

NOTE: Consider using the multicore version because your CPU has 4 cores!

Reading alignment file ../simulations/data_D1T2L3I5T4//S/376_pruned.fasta ... Fasta format detected
Alignment most likely contains DNA/RNA sequences
Alignment has 26 sequences with 300 columns and 174 patterns (149 informative sites)
          Gap/Ambiguity  Composition  p-value
   1  n236_237    0.00%    passed     98.36%
   2  n266_267    0.00%    passed     32.56%
   3  n296_297    0.00%    passed     91.37%
   4  n277_278    0.00%    passed     91.78%
   5  n290_291    0.00%    passed     89.03%
   6  n255_256    0.00%    passed     70.75%
   7  n295_296    0.00%    passed     91.78%
   8  n286_287    0.00%    passed     45.16%
   9  n298_299    0.00%    passed     90.55%
  10  n299_300    0.00%    passed     80.16%
  11  n287_288    0.00%    passed     89.03%
  12  n278_279    0.00%    passed     83.14%
  13  n292_293    0.00%    passed     80.16%
  14  n265_266    0.00%    passed     22.73%
  15  n289_290    0.00%    passed     90.28%
  16  n293_294    0.00%    passed     99.62%
  17  n280_281    0.00%    passed     86.61%
  18  n274_275    0.00%    passed     91.78%
  19  n275_276    0.00%    passed     97.62%
  20  n285_286    0.00%    passed     47.51%
  21  n294_295    0.00%    passed     99.21%
  22  n297_298    0.00%    passed     90.55%
  23  n244_245    0.00%    passed     40.49%
  24  n251_252    0.00%    passed     83.77%
  25  n200_201    0.00%    passed     83.93%
  26  n300_301    0.00%    passed     80.16%
****  TOTAL       0.00%  0 sequences failed composition chi2 test (p-value<5%; df=3)
NOTE: 4 identical sequences (see below) will be ignored for subsequent analysis
NOTE: n287_288 (identical to n290_291) is ignored but added at the end
NOTE: n297_298 (identical to n298_299) is ignored but added at the end
NOTE: n292_293 (identical to n299_300) is ignored but added at the end
NOTE: n300_301 (identical to n299_300) is ignored but added at the end

Create initial parsimony tree by phylogenetic likelihood library (PLL)... 0.001 seconds

NOTE: 0 MB RAM is required!
Estimate model parameters (epsilon = 0.100)
1. Initial log-likelihood: -2025.225
2. Current log-likelihood: -1973.427
3. Current log-likelihood: -1973.038
Optimal log-likelihood: -1973.032
Rate parameters:  A-C: 1.390  A-G: 1.066  A-T: 0.940  C-G: 0.992  C-T: 1.466  G-T: 1.000
Base frequencies:   A: 0.243  C: 0.263  G: 0.263  T: 0.231
Gamma shape alpha: 998.565
Parameters optimization took 3 rounds (0.019 sec)
--------------------------------------------------------------------
|             INITIALIZING CANDIDATE TREE SET                      |
--------------------------------------------------------------------
Computing ML distances based on estimated model parameters... 0.004 sec
Computing BIONJ tree...
0.001 seconds
Log-likelihood of BIONJ tree: -1973.032
Generating 98 parsimony trees... 0.095 seconds 9 distinct starting trees
Computing log-likelihood of 9 initial trees ... 0.013 seconds
Optimizing top 9 initial trees with NNI...
Iteration 1 / LogL: -1973.032 / Time: 0h:0m:0s
Estimate model parameters (epsilon = 0.100)
BETTER SCORE FOUND at iteration 1: -1973.028
Iteration 2 / LogL: -1973.029 / Time: 0h:0m:0s
Iteration 3 / LogL: -1973.029 / Time: 0h:0m:0s
Iteration 4 / LogL: -1973.029 / Time: 0h:0m:0s
Iteration 5 / LogL: -1973.029 / Time: 0h:0m:0s
Iteration 6 / LogL: -1973.029 / Time: 0h:0m:0s
Iteration 7 / LogL: -1973.029 / Time: 0h:0m:0s
Iteration 8 / LogL: -1973.029 / Time: 0h:0m:0s
Iteration 9 / LogL: -1973.029 / Time: 0h:0m:0s
Average CPU time for 1 NNI search: 0.005
Finish initializing candidate tree set. Number of distinct locally optimal trees: 9
Current best tree score: -1973.028 / CPU time: 0.152
--------------------------------------------------------------------
|               OPTIMIZING CANDIDATE TREE SET                      |
--------------------------------------------------------------------
Iteration 10 / LogL: -1973.074 / Time: 0h:0m:0s
Iteration 20 / LogL: -1973.048 / Time: 0h:0m:0s (0h:0m:1s left)
Iteration 30 / LogL: -1973.066 / Time: 0h:0m:0s (0h:0m:1s left)
Iteration 40 / LogL: -1973.029 / Time: 0h:0m:0s (0h:0m:0s left)
Iteration 50 / LogL: -1997.016 / Time: 0h:0m:0s (0h:0m:0s left)
Iteration 60 / LogL: -1973.036 / Time: 0h:0m:0s (0h:0m:0s left)
Iteration 70 / LogL: -1973.033 / Time: 0h:0m:0s (0h:0m:0s left)
Iteration 80 / LogL: -1973.037 / Time: 0h:0m:1s (0h:0m:0s left)
Iteration 90 / LogL: -1973.029 / Time: 0h:0m:1s (0h:0m:0s left)
Iteration 100 / LogL: -1973.062 / Time: 0h:0m:1s (0h:0m:0s left)
TREE SEARCH COMPLETED AFTER 101 ITERATIONS / Time: 0h:0m:1s

--------------------------------------------------------------------
|                    FINALIZING TREE SEARCH                        |
--------------------------------------------------------------------
Performs final model parameters optimization
Estimate model parameters (epsilon = 0.010)
1. Initial log-likelihood: -1973.028
Optimal log-likelihood: -1973.026
Rate parameters:  A-C: 1.378  A-G: 1.060  A-T: 0.933  C-G: 0.983  C-T: 1.455  G-T: 1.000
Base frequencies:   A: 0.243  C: 0.263  G: 0.263  T: 0.231
Gamma shape alpha: 998.565
Parameters optimization took 1 rounds (0.005 sec)
BEST SCORE FOUND : -1973.026

Testing tree branches by SH-like aLRT with 1000 replicates...
CPU Time used:  0.096 sec.
Total tree length: 1.141

Total number of iterations: 101
CPU time used for tree search: 1.372 sec (0h:0m:1s)
Wall-clock time used for tree search: 1.374 sec (0h:0m:1s)
Total CPU time used: 1.504 sec (0h:0m:1s)
Total wall-clock time used: 1.511 sec (0h:0m:1s)

Analysis results written to: 
  IQ-TREE report:                ../simulations/data_D1T2L3I5T4//S/376_pruned.fasta.iqtree
  Maximum-likelihood tree:       ../simulations/data_D1T2L3I5T4//S/376_pruned.fasta.treefile
  Likelihood distances:          ../simulations/data_D1T2L3I5T4//S/376_pruned.fasta.mldist
  Screen log file:               ../simulations/data_D1T2L3I5T4//S/376_pruned.fasta.log

Date and Time: Fri May 25 14:32:19 2018
