IQ-TREE version 1.4.2 for Linux 64-bit built Apr 15 2016
Copyright (c) 2011-2015 Nguyen Lam Tung, Olga Chernomor, Arndt von Haeseler and Bui Quang Minh.

Host:    meduse (AVX2, FMA3, 7 GB RAM)
Command: /home/tannier/programs/iqtree/iqtree-1.4.2-Linux/bin//iqtree -s ../simulations/data_D1T2L3I5T4//S/377_pruned.fasta -m GTR+G -alrt 1000 -redo
Seed:    430403 (Using SPRNG - Scalable Parallel Random Number Generator)
Time:    Fri May 25 14:20:27 2018
Kernel:  AVX

NOTE: Consider using the multicore version because your CPU has 4 cores!

Reading alignment file ../simulations/data_D1T2L3I5T4//S/377_pruned.fasta ... Fasta format detected
Alignment most likely contains DNA/RNA sequences
Alignment has 26 sequences with 300 columns and 167 patterns (154 informative sites)
          Gap/Ambiguity  Composition  p-value
   1  n236_237    0.00%    passed     96.52%
   2  n266_267    0.00%    passed     95.80%
   3  n296_297    0.00%    passed     98.56%
   4  n277_278    0.00%    passed     98.08%
   5  n290_291    0.00%    passed     98.52%
   6  n255_256    0.00%    passed     76.81%
   7  n295_296    0.00%    passed     98.19%
   8  n286_287    0.00%    passed     96.13%
   9  n298_299    0.00%    passed     98.54%
  10  n299_300    0.00%    passed     99.51%
  11  n287_288    0.00%    passed     98.52%
  12  n278_279    0.00%    passed     95.84%
  13  n292_293    0.00%    passed     98.28%
  14  n265_266    0.00%    passed     97.59%
  15  n289_290    0.00%    passed     98.52%
  16  n293_294    0.00%    passed     99.52%
  17  n280_281    0.00%    passed     99.09%
  18  n274_275    0.00%    passed     98.44%
  19  n275_276    0.00%    passed     99.68%
  20  n285_286    0.00%    passed     95.24%
  21  n294_295    0.00%    passed     97.77%
  22  n297_298    0.00%    passed     99.39%
  23  n244_245    0.00%    passed     88.96%
  24  n251_252    0.00%    passed     79.51%
  25  n200_201    0.00%    passed     95.94%
  26  n300_301    0.00%    passed     99.51%
****  TOTAL       0.00%  0 sequences failed composition chi2 test (p-value<5%; df=3)
NOTE: 3 identical sequences (see below) will be ignored for subsequent analysis
NOTE: n287_288 (identical to n290_291) is ignored but added at the end
NOTE: n289_290 (identical to n290_291) is ignored but added at the end
NOTE: n300_301 (identical to n299_300) is ignored but added at the end

Create initial parsimony tree by phylogenetic likelihood library (PLL)... 0.001 seconds

NOTE: 0 MB RAM is required!
Estimate model parameters (epsilon = 0.100)
1. Initial log-likelihood: -1968.300
2. Current log-likelihood: -1927.932
3. Current log-likelihood: -1927.628
Optimal log-likelihood: -1927.592
Rate parameters:  A-C: 0.957  A-G: 0.836  A-T: 1.064  C-G: 0.974  C-T: 1.020  G-T: 1.000
Base frequencies:   A: 0.222  C: 0.265  G: 0.286  T: 0.226
Gamma shape alpha: 7.532
Parameters optimization took 3 rounds (0.018 sec)
--------------------------------------------------------------------
|             INITIALIZING CANDIDATE TREE SET                      |
--------------------------------------------------------------------
Computing ML distances based on estimated model parameters... 0.004 sec
Computing BIONJ tree...
0.000 seconds
Log-likelihood of BIONJ tree: -1927.592
Generating 98 parsimony trees... 0.074 seconds 12 distinct starting trees
Computing log-likelihood of 12 initial trees ... 0.019 seconds
Optimizing top 12 initial trees with NNI...
Iteration 1 / LogL: -1927.592 / Time: 0h:0m:0s
Estimate model parameters (epsilon = 0.100)
BETTER SCORE FOUND at iteration 1: -1927.574
Iteration 2 / LogL: -1927.575 / Time: 0h:0m:0s
Iteration 3 / LogL: -1927.576 / Time: 0h:0m:0s
Iteration 4 / LogL: -1927.576 / Time: 0h:0m:0s
Iteration 5 / LogL: -1927.576 / Time: 0h:0m:0s
Iteration 6 / LogL: -1927.576 / Time: 0h:0m:0s
Iteration 7 / LogL: -1927.576 / Time: 0h:0m:0s
Iteration 8 / LogL: -1927.576 / Time: 0h:0m:0s
Iteration 9 / LogL: -1927.576 / Time: 0h:0m:0s
Iteration 10 / LogL: -1927.576 / Time: 0h:0m:0s
Iteration 11 / LogL: -1927.576 / Time: 0h:0m:0s
Iteration 12 / LogL: -1927.576 / Time: 0h:0m:0s
Average CPU time for 1 NNI search: 0.005
Finish initializing candidate tree set. Number of distinct locally optimal trees: 12
Current best tree score: -1927.574 / CPU time: 0.148
--------------------------------------------------------------------
|               OPTIMIZING CANDIDATE TREE SET                      |
--------------------------------------------------------------------
Iteration 20 / LogL: -1932.857 / Time: 0h:0m:0s (0h:0m:1s left)
Iteration 30 / LogL: -1927.576 / Time: 0h:0m:0s (0h:0m:0s left)
Iteration 40 / LogL: -1932.870 / Time: 0h:0m:0s (0h:0m:0s left)
Iteration 50 / LogL: -1927.596 / Time: 0h:0m:0s (0h:0m:0s left)
Iteration 60 / LogL: -1927.574 / Time: 0h:0m:0s (0h:0m:0s left)
Iteration 70 / LogL: -1927.680 / Time: 0h:0m:0s (0h:0m:0s left)
Iteration 80 / LogL: -1927.573 / Time: 0h:0m:1s (0h:0m:0s left)
Iteration 90 / LogL: -1927.604 / Time: 0h:0m:1s (0h:0m:0s left)
Iteration 100 / LogL: -1927.574 / Time: 0h:0m:1s (0h:0m:0s left)
TREE SEARCH COMPLETED AFTER 101 ITERATIONS / Time: 0h:0m:1s

--------------------------------------------------------------------
|                    FINALIZING TREE SEARCH                        |
--------------------------------------------------------------------
Performs final model parameters optimization
Estimate model parameters (epsilon = 0.010)
1. Initial log-likelihood: -1927.573
Optimal log-likelihood: -1927.565
Rate parameters:  A-C: 0.977  A-G: 0.852  A-T: 1.083  C-G: 0.998  C-T: 1.030  G-T: 1.000
Base frequencies:   A: 0.222  C: 0.265  G: 0.286  T: 0.226
Gamma shape alpha: 7.604
Parameters optimization took 1 rounds (0.004 sec)
BEST SCORE FOUND : -1927.565

Testing tree branches by SH-like aLRT with 1000 replicates...
CPU Time used:  0.100 sec.
Total tree length: 1.111

Total number of iterations: 101
CPU time used for tree search: 1.228 sec (0h:0m:1s)
Wall-clock time used for tree search: 1.232 sec (0h:0m:1s)
Total CPU time used: 1.368 sec (0h:0m:1s)
Total wall-clock time used: 1.371 sec (0h:0m:1s)

Analysis results written to: 
  IQ-TREE report:                ../simulations/data_D1T2L3I5T4//S/377_pruned.fasta.iqtree
  Maximum-likelihood tree:       ../simulations/data_D1T2L3I5T4//S/377_pruned.fasta.treefile
  Likelihood distances:          ../simulations/data_D1T2L3I5T4//S/377_pruned.fasta.mldist
  Screen log file:               ../simulations/data_D1T2L3I5T4//S/377_pruned.fasta.log

Date and Time: Fri May 25 14:20:28 2018
