IQ-TREE version 1.4.2 for Linux 64-bit built Apr 15 2016
Copyright (c) 2011-2015 Nguyen Lam Tung, Olga Chernomor, Arndt von Haeseler and Bui Quang Minh.

Host:    meduse (AVX2, FMA3, 7 GB RAM)
Command: /home/tannier/programs/iqtree/iqtree-1.4.2-Linux/bin//iqtree -s ../simulations/data_D1T2L3I5T4//S/387_pruned.fasta -m GTR+G -alrt 1000 -redo
Seed:    585055 (Using SPRNG - Scalable Parallel Random Number Generator)
Time:    Fri May 25 14:17:28 2018
Kernel:  AVX

NOTE: Consider using the multicore version because your CPU has 4 cores!

Reading alignment file ../simulations/data_D1T2L3I5T4//S/387_pruned.fasta ... Fasta format detected
Alignment most likely contains DNA/RNA sequences
Alignment has 26 sequences with 300 columns and 176 patterns (156 informative sites)
          Gap/Ambiguity  Composition  p-value
   1  n236_237    0.00%    passed     95.42%
   2  n266_267    0.00%    passed     51.56%
   3  n296_297    0.00%    passed     96.22%
   4  n277_278    0.00%    passed     67.87%
   5  n290_291    0.00%    passed     89.73%
   6  n255_256    0.00%    passed     81.39%
   7  n295_296    0.00%    passed     96.67%
   8  n286_287    0.00%    passed     88.13%
   9  n298_299    0.00%    passed     98.09%
  10  n299_300    0.00%    passed     96.40%
  11  n287_288    0.00%    passed     92.73%
  12  n278_279    0.00%    passed     73.35%
  13  n292_293    0.00%    passed     95.90%
  14  n265_266    0.00%    passed     66.28%
  15  n289_290    0.00%    passed     89.73%
  16  n293_294    0.00%    passed     90.17%
  17  n280_281    0.00%    passed     95.94%
  18  n274_275    0.00%    passed     90.41%
  19  n275_276    0.00%    passed     94.65%
  20  n285_286    0.00%    passed     88.13%
  21  n294_295    0.00%    passed     95.64%
  22  n297_298    0.00%    passed     99.38%
  23  n244_245    0.00%    passed     95.00%
  24  n251_252    0.00%    passed     97.96%
  25  n200_201    0.00%    passed     99.37%
  26  n300_301    0.00%    passed     96.40%
****  TOTAL       0.00%  0 sequences failed composition chi2 test (p-value<5%; df=3)
NOTE: 2 identical sequences (see below) will be ignored for subsequent analysis
NOTE: n289_290 (identical to n290_291) is ignored but added at the end
NOTE: n300_301 (identical to n299_300) is ignored but added at the end

Create initial parsimony tree by phylogenetic likelihood library (PLL)... 0.001 seconds

NOTE: 0 MB RAM is required!
Estimate model parameters (epsilon = 0.100)
1. Initial log-likelihood: -2110.283
2. Current log-likelihood: -2072.775
3. Current log-likelihood: -2072.560
Optimal log-likelihood: -2072.549
Rate parameters:  A-C: 1.068  A-G: 1.222  A-T: 1.218  C-G: 1.245  C-T: 1.127  G-T: 1.000
Base frequencies:   A: 0.247  C: 0.270  G: 0.243  T: 0.240
Gamma shape alpha: 4.555
Parameters optimization took 3 rounds (0.021 sec)
--------------------------------------------------------------------
|             INITIALIZING CANDIDATE TREE SET                      |
--------------------------------------------------------------------
Computing ML distances based on estimated model parameters... 0.004 sec
Computing BIONJ tree...
0.000 seconds
Log-likelihood of BIONJ tree: -2072.549
Generating 98 parsimony trees... 0.081 seconds 12 distinct starting trees
Computing log-likelihood of 12 initial trees ... 0.021 seconds
Optimizing top 12 initial trees with NNI...
Iteration 1 / LogL: -2072.550 / Time: 0h:0m:0s
Estimate model parameters (epsilon = 0.100)
BETTER SCORE FOUND at iteration 1: -2072.540
Iteration 2 / LogL: -2072.541 / Time: 0h:0m:0s
Iteration 3 / LogL: -2072.543 / Time: 0h:0m:0s
Iteration 4 / LogL: -2072.543 / Time: 0h:0m:0s
Iteration 5 / LogL: -2072.543 / Time: 0h:0m:0s
Iteration 6 / LogL: -2072.543 / Time: 0h:0m:0s
Iteration 7 / LogL: -2072.543 / Time: 0h:0m:0s
Iteration 8 / LogL: -2072.543 / Time: 0h:0m:0s
Iteration 9 / LogL: -2072.543 / Time: 0h:0m:0s
Iteration 10 / LogL: -2072.543 / Time: 0h:0m:0s
Iteration 11 / LogL: -2072.543 / Time: 0h:0m:0s
Iteration 12 / LogL: -2072.543 / Time: 0h:0m:0s
Average CPU time for 1 NNI search: 0.006
Finish initializing candidate tree set. Number of distinct locally optimal trees: 12
Current best tree score: -2072.540 / CPU time: 0.168
--------------------------------------------------------------------
|               OPTIMIZING CANDIDATE TREE SET                      |
--------------------------------------------------------------------
Iteration 20 / LogL: -2072.541 / Time: 0h:0m:0s (0h:0m:1s left)
Iteration 30 / LogL: -2072.542 / Time: 0h:0m:0s (0h:0m:1s left)
Iteration 40 / LogL: -2072.540 / Time: 0h:0m:0s (0h:0m:0s left)
Iteration 50 / LogL: -2072.550 / Time: 0h:0m:0s (0h:0m:0s left)
Iteration 60 / LogL: -2092.022 / Time: 0h:0m:0s (0h:0m:0s left)
Iteration 70 / LogL: -2072.544 / Time: 0h:0m:1s (0h:0m:0s left)
Iteration 80 / LogL: -2072.567 / Time: 0h:0m:1s (0h:0m:0s left)
Iteration 90 / LogL: -2084.890 / Time: 0h:0m:1s (0h:0m:0s left)
Iteration 100 / LogL: -2072.610 / Time: 0h:0m:1s (0h:0m:0s left)
TREE SEARCH COMPLETED AFTER 101 ITERATIONS / Time: 0h:0m:1s

--------------------------------------------------------------------
|                    FINALIZING TREE SEARCH                        |
--------------------------------------------------------------------
Performs final model parameters optimization
Estimate model parameters (epsilon = 0.010)
1. Initial log-likelihood: -2072.540
Optimal log-likelihood: -2072.537
Rate parameters:  A-C: 1.090  A-G: 1.237  A-T: 1.236  C-G: 1.260  C-T: 1.134  G-T: 1.000
Base frequencies:   A: 0.247  C: 0.270  G: 0.243  T: 0.240
Gamma shape alpha: 4.563
Parameters optimization took 1 rounds (0.005 sec)
BEST SCORE FOUND : -2072.537

Testing tree branches by SH-like aLRT with 1000 replicates...
CPU Time used:  0.104 sec.
Total tree length: 1.241

Total number of iterations: 101
CPU time used for tree search: 1.464 sec (0h:0m:1s)
Wall-clock time used for tree search: 1.468 sec (0h:0m:1s)
Total CPU time used: 1.612 sec (0h:0m:1s)
Total wall-clock time used: 1.618 sec (0h:0m:1s)

Analysis results written to: 
  IQ-TREE report:                ../simulations/data_D1T2L3I5T4//S/387_pruned.fasta.iqtree
  Maximum-likelihood tree:       ../simulations/data_D1T2L3I5T4//S/387_pruned.fasta.treefile
  Likelihood distances:          ../simulations/data_D1T2L3I5T4//S/387_pruned.fasta.mldist
  Screen log file:               ../simulations/data_D1T2L3I5T4//S/387_pruned.fasta.log

Date and Time: Fri May 25 14:17:30 2018
