IQ-TREE version 1.4.2 for Linux 64-bit built Apr 15 2016
Copyright (c) 2011-2015 Nguyen Lam Tung, Olga Chernomor, Arndt von Haeseler and Bui Quang Minh.

Host:    meduse (AVX2, FMA3, 7 GB RAM)
Command: /home/tannier/programs/iqtree/iqtree-1.4.2-Linux/bin//iqtree -s ../simulations/data_D1T2L3I5T4//S/38_pruned.fasta -m GTR+G -alrt 1000 -redo
Seed:    72495 (Using SPRNG - Scalable Parallel Random Number Generator)
Time:    Fri May 25 14:14:21 2018
Kernel:  AVX

NOTE: Consider using the multicore version because your CPU has 4 cores!

Reading alignment file ../simulations/data_D1T2L3I5T4//S/38_pruned.fasta ... Fasta format detected
Alignment most likely contains DNA/RNA sequences
Alignment has 27 sequences with 300 columns and 181 patterns (156 informative sites)
          Gap/Ambiguity  Composition  p-value
   1  n295_304    0.00%    passed     75.58%
   2  n274_283    0.00%    passed     89.51%
   3  n298_307    0.00%    passed     82.69%
   4  n293_302    0.00%    passed     59.97%
   5  n200_205    0.00%    passed     83.62%
   6  n278_287    0.00%    passed     63.89%
   7  n287_296    0.00%    passed     68.02%
   8  n275_284    0.00%    passed     70.77%
   9  n285_294    0.00%    passed     91.86%
  10  n236_245    0.00%    passed     93.30%
  11  n265_274    0.00%    passed     98.68%
  12  n244_253    0.00%    passed     36.19%
  13  n289_298    0.00%    passed     59.39%
  14  n200_207    0.00%    passed      9.04%
  15  n280_289    0.00%    passed     93.66%
  16  n299_308    0.00%    passed     91.00%
  17  n255_264    0.00%    passed     60.09%
  18  n266_275    0.00%    passed     86.43%
  19  n277_286    0.00%    passed     69.65%
  20  n296_305    0.00%    passed     79.21%
  21  n294_303    0.00%    passed     65.96%
  22  n292_301    0.00%    passed     84.18%
  23  n290_299    0.00%    passed     56.06%
  24  n286_295    0.00%    passed     92.90%
  25  n251_260    0.00%    passed     39.52%
  26  n300_309    0.00%    passed     84.18%
  27  n297_306    0.00%    passed     82.69%
****  TOTAL       0.00%  0 sequences failed composition chi2 test (p-value<5%; df=3)
NOTE: 2 identical sequences (see below) will be ignored for subsequent analysis
NOTE: n297_306 (identical to n298_307) is ignored but added at the end
NOTE: n300_309 (identical to n292_301) is ignored but added at the end

Create initial parsimony tree by phylogenetic likelihood library (PLL)... 0.001 seconds

NOTE: 0 MB RAM is required!
Estimate model parameters (epsilon = 0.100)
1. Initial log-likelihood: -2089.810
2. Current log-likelihood: -2043.292
3. Current log-likelihood: -2042.791
Optimal log-likelihood: -2042.767
Rate parameters:  A-C: 1.170  A-G: 1.272  A-T: 0.911  C-G: 1.265  C-T: 1.343  G-T: 1.000
Base frequencies:   A: 0.246  C: 0.253  G: 0.224  T: 0.277
Gamma shape alpha: 133.621
Parameters optimization took 3 rounds (0.022 sec)
--------------------------------------------------------------------
|             INITIALIZING CANDIDATE TREE SET                      |
--------------------------------------------------------------------
Computing ML distances based on estimated model parameters... 0.004 sec
Computing BIONJ tree...
0.001 seconds
Log-likelihood of BIONJ tree: -2042.767
Generating 98 parsimony trees... 0.085 seconds 9 distinct starting trees
Computing log-likelihood of 9 initial trees ... 0.016 seconds
Optimizing top 9 initial trees with NNI...
Iteration 1 / LogL: -2042.767 / Time: 0h:0m:0s
Estimate model parameters (epsilon = 0.100)
BETTER SCORE FOUND at iteration 1: -2042.765
Iteration 2 / LogL: -2042.766 / Time: 0h:0m:0s
Iteration 3 / LogL: -2042.767 / Time: 0h:0m:0s
Iteration 4 / LogL: -2042.767 / Time: 0h:0m:0s
Iteration 5 / LogL: -2042.767 / Time: 0h:0m:0s
Iteration 6 / LogL: -2042.767 / Time: 0h:0m:0s
Iteration 7 / LogL: -2042.767 / Time: 0h:0m:0s
Iteration 8 / LogL: -2042.767 / Time: 0h:0m:0s
Iteration 9 / LogL: -2042.767 / Time: 0h:0m:0s
Average CPU time for 1 NNI search: 0.006
Finish initializing candidate tree set. Number of distinct locally optimal trees: 9
Current best tree score: -2042.765 / CPU time: 0.152
--------------------------------------------------------------------
|               OPTIMIZING CANDIDATE TREE SET                      |
--------------------------------------------------------------------
Iteration 10 / LogL: -2125.451 / Time: 0h:0m:0s
Iteration 20 / LogL: -2042.765 / Time: 0h:0m:0s (0h:0m:1s left)
Iteration 30 / LogL: -2042.766 / Time: 0h:0m:0s (0h:0m:1s left)
Iteration 40 / LogL: -2042.790 / Time: 0h:0m:0s (0h:0m:1s left)
Iteration 50 / LogL: -2042.765 / Time: 0h:0m:0s (0h:0m:0s left)
Iteration 60 / LogL: -2042.771 / Time: 0h:0m:0s (0h:0m:0s left)
Iteration 70 / LogL: -2042.765 / Time: 0h:0m:1s (0h:0m:0s left)
Iteration 80 / LogL: -2042.765 / Time: 0h:0m:1s (0h:0m:0s left)
Iteration 90 / LogL: -2042.765 / Time: 0h:0m:1s (0h:0m:0s left)
Iteration 100 / LogL: -2042.765 / Time: 0h:0m:1s (0h:0m:0s left)
TREE SEARCH COMPLETED AFTER 101 ITERATIONS / Time: 0h:0m:1s

--------------------------------------------------------------------
|                    FINALIZING TREE SEARCH                        |
--------------------------------------------------------------------
Performs final model parameters optimization
Estimate model parameters (epsilon = 0.010)
1. Initial log-likelihood: -2042.765
Optimal log-likelihood: -2042.765
Rate parameters:  A-C: 1.170  A-G: 1.269  A-T: 0.915  C-G: 1.258  C-T: 1.342  G-T: 1.000
Base frequencies:   A: 0.246  C: 0.253  G: 0.224  T: 0.277
Gamma shape alpha: 139.458
Parameters optimization took 1 rounds (0.005 sec)
BEST SCORE FOUND : -2042.765

Testing tree branches by SH-like aLRT with 1000 replicates...
CPU Time used:  0.108 sec.
Total tree length: 1.129

Total number of iterations: 101
CPU time used for tree search: 1.544 sec (0h:0m:1s)
Wall-clock time used for tree search: 1.546 sec (0h:0m:1s)
Total CPU time used: 1.700 sec (0h:0m:1s)
Total wall-clock time used: 1.701 sec (0h:0m:1s)

Analysis results written to: 
  IQ-TREE report:                ../simulations/data_D1T2L3I5T4//S/38_pruned.fasta.iqtree
  Maximum-likelihood tree:       ../simulations/data_D1T2L3I5T4//S/38_pruned.fasta.treefile
  Likelihood distances:          ../simulations/data_D1T2L3I5T4//S/38_pruned.fasta.mldist
  Screen log file:               ../simulations/data_D1T2L3I5T4//S/38_pruned.fasta.log

Date and Time: Fri May 25 14:14:22 2018
