IQ-TREE version 1.4.2 for Linux 64-bit built Apr 15 2016
Copyright (c) 2011-2015 Nguyen Lam Tung, Olga Chernomor, Arndt von Haeseler and Bui Quang Minh.

Host:    meduse (AVX2, FMA3, 7 GB RAM)
Command: /home/tannier/programs/iqtree/iqtree-1.4.2-Linux/bin//iqtree -s ../simulations/data_D1T2L3I5T4//S/406_pruned.fasta -m GTR+G -alrt 1000 -redo
Seed:    180695 (Using SPRNG - Scalable Parallel Random Number Generator)
Time:    Fri May 25 14:12:20 2018
Kernel:  AVX

NOTE: Consider using the multicore version because your CPU has 4 cores!

Reading alignment file ../simulations/data_D1T2L3I5T4//S/406_pruned.fasta ... Fasta format detected
Alignment most likely contains DNA/RNA sequences
Alignment has 26 sequences with 300 columns and 175 patterns (145 informative sites)
          Gap/Ambiguity  Composition  p-value
   1  n236_237    0.00%    passed     97.34%
   2  n266_267    0.00%    passed     88.71%
   3  n296_297    0.00%    passed     82.08%
   4  n277_278    0.00%    passed     77.96%
   5  n290_291    0.00%    passed     89.52%
   6  n255_256    0.00%    passed     38.30%
   7  n295_296    0.00%    passed     84.12%
   8  n286_287    0.00%    passed     97.35%
   9  n298_299    0.00%    passed     84.83%
  10  n299_300    0.00%    passed     77.96%
  11  n287_288    0.00%    passed     88.16%
  12  n278_279    0.00%    passed     81.04%
  13  n292_293    0.00%    passed     75.09%
  14  n265_266    0.00%    passed     87.92%
  15  n289_290    0.00%    passed     79.43%
  16  n293_294    0.00%    passed     73.15%
  17  n280_281    0.00%    passed     80.77%
  18  n274_275    0.00%    passed     64.31%
  19  n275_276    0.00%    passed     73.15%
  20  n285_286    0.00%    passed     95.64%
  21  n294_295    0.00%    passed     81.05%
  22  n297_298    0.00%    passed     83.71%
  23  n244_245    0.00%    passed     32.89%
  24  n251_252    0.00%    passed     31.41%
  25  n200_201    0.00%    passed     99.10%
  26  n300_301    0.00%    passed     77.96%
****  TOTAL       0.00%  0 sequences failed composition chi2 test (p-value<5%; df=3)
NOTE: 1 identical sequences (see below) will be ignored for subsequent analysis
NOTE: n300_301 (identical to n299_300) is ignored but added at the end

Create initial parsimony tree by phylogenetic likelihood library (PLL)... 0.001 seconds

NOTE: 0 MB RAM is required!
Estimate model parameters (epsilon = 0.100)
1. Initial log-likelihood: -2000.173
2. Current log-likelihood: -1954.687
3. Current log-likelihood: -1954.515
Optimal log-likelihood: -1954.514
Rate parameters:  A-C: 0.835  A-G: 0.849  A-T: 1.038  C-G: 1.110  C-T: 1.541  G-T: 1.000
Base frequencies:   A: 0.260  C: 0.226  G: 0.256  T: 0.258
Gamma shape alpha: 6.519
Parameters optimization took 3 rounds (0.026 sec)
--------------------------------------------------------------------
|             INITIALIZING CANDIDATE TREE SET                      |
--------------------------------------------------------------------
Computing ML distances based on estimated model parameters... 0.004 sec
Computing BIONJ tree...
0.001 seconds
Log-likelihood of BIONJ tree: -1953.128
Generating 98 parsimony trees... 0.087 seconds 78 distinct starting trees
Computing log-likelihood of 78 initial trees ... 0.161 seconds
Optimizing top 20 initial trees with NNI...
Iteration 1 / LogL: -1953.129 / Time: 0h:0m:0s
Estimate model parameters (epsilon = 0.100)
BETTER SCORE FOUND at iteration 1: -1953.085
Iteration 2 / LogL: -1953.089 / Time: 0h:0m:0s
Iteration 3 / LogL: -1953.089 / Time: 0h:0m:0s
Iteration 4 / LogL: -1953.089 / Time: 0h:0m:0s
Iteration 5 / LogL: -1953.089 / Time: 0h:0m:0s
Iteration 6 / LogL: -1953.089 / Time: 0h:0m:0s
Iteration 7 / LogL: -1953.089 / Time: 0h:0m:0s
Iteration 8 / LogL: -1953.089 / Time: 0h:0m:0s
Iteration 9 / LogL: -1953.089 / Time: 0h:0m:0s
Iteration 10 / LogL: -1953.089 / Time: 0h:0m:0s
Iteration 11 / LogL: -1953.089 / Time: 0h:0m:0s
Iteration 12 / LogL: -1953.089 / Time: 0h:0m:0s
Iteration 13 / LogL: -1953.090 / Time: 0h:0m:0s
Iteration 14 / LogL: -1953.090 / Time: 0h:0m:0s
Iteration 15 / LogL: -1953.090 / Time: 0h:0m:0s
Iteration 16 / LogL: -1953.090 / Time: 0h:0m:0s
Iteration 17 / LogL: -1953.090 / Time: 0h:0m:0s
Iteration 18 / LogL: -1953.090 / Time: 0h:0m:0s
Iteration 19 / LogL: -1953.090 / Time: 0h:0m:0s
Iteration 20 / LogL: -1953.090 / Time: 0h:0m:0s
Average CPU time for 1 NNI search: 0.005
Finish initializing candidate tree set. Number of distinct locally optimal trees: 20
Current best tree score: -1953.085 / CPU time: 0.352
--------------------------------------------------------------------
|               OPTIMIZING CANDIDATE TREE SET                      |
--------------------------------------------------------------------
Iteration 30 / LogL: -1960.554 / Time: 0h:0m:0s (0h:0m:1s left)
Iteration 40 / LogL: -1990.288 / Time: 0h:0m:0s (0h:0m:1s left)
Iteration 50 / LogL: -1953.085 / Time: 0h:0m:0s (0h:0m:0s left)
Iteration 60 / LogL: -1953.085 / Time: 0h:0m:1s (0h:0m:0s left)
Iteration 70 / LogL: -1953.088 / Time: 0h:0m:1s (0h:0m:0s left)
Iteration 80 / LogL: -1957.464 / Time: 0h:0m:1s (0h:0m:0s left)
Iteration 90 / LogL: -1953.096 / Time: 0h:0m:1s (0h:0m:0s left)
Iteration 100 / LogL: -1953.088 / Time: 0h:0m:1s (0h:0m:0s left)
TREE SEARCH COMPLETED AFTER 101 ITERATIONS / Time: 0h:0m:1s

--------------------------------------------------------------------
|                    FINALIZING TREE SEARCH                        |
--------------------------------------------------------------------
Performs final model parameters optimization
Estimate model parameters (epsilon = 0.010)
1. Initial log-likelihood: -1953.085
Optimal log-likelihood: -1953.083
Rate parameters:  A-C: 0.799  A-G: 0.845  A-T: 1.030  C-G: 1.123  C-T: 1.566  G-T: 1.000
Base frequencies:   A: 0.260  C: 0.226  G: 0.256  T: 0.258
Gamma shape alpha: 6.429
Parameters optimization took 1 rounds (0.005 sec)
BEST SCORE FOUND : -1953.083

Testing tree branches by SH-like aLRT with 1000 replicates...
CPU Time used:  0.116 sec.
Total tree length: 1.155

Total number of iterations: 101
CPU time used for tree search: 1.564 sec (0h:0m:1s)
Wall-clock time used for tree search: 1.565 sec (0h:0m:1s)
Total CPU time used: 1.728 sec (0h:0m:1s)
Total wall-clock time used: 1.727 sec (0h:0m:1s)

Analysis results written to: 
  IQ-TREE report:                ../simulations/data_D1T2L3I5T4//S/406_pruned.fasta.iqtree
  Maximum-likelihood tree:       ../simulations/data_D1T2L3I5T4//S/406_pruned.fasta.treefile
  Likelihood distances:          ../simulations/data_D1T2L3I5T4//S/406_pruned.fasta.mldist
  Screen log file:               ../simulations/data_D1T2L3I5T4//S/406_pruned.fasta.log

Date and Time: Fri May 25 14:12:21 2018
