IQ-TREE version 1.4.2 for Linux 64-bit built Apr 15 2016
Copyright (c) 2011-2015 Nguyen Lam Tung, Olga Chernomor, Arndt von Haeseler and Bui Quang Minh.

Host:    meduse (AVX2, FMA3, 7 GB RAM)
Command: /home/tannier/programs/iqtree/iqtree-1.4.2-Linux/bin//iqtree -s ../simulations/data_D1T2L3I5T4//S/40_pruned.fasta -m GTR+G -alrt 1000 -redo
Seed:    316683 (Using SPRNG - Scalable Parallel Random Number Generator)
Time:    Fri May 25 14:13:24 2018
Kernel:  AVX

NOTE: Consider using the multicore version because your CPU has 4 cores!

Reading alignment file ../simulations/data_D1T2L3I5T4//S/40_pruned.fasta ... Fasta format detected
Alignment most likely contains DNA/RNA sequences
Alignment has 26 sequences with 300 columns and 176 patterns (163 informative sites)
          Gap/Ambiguity  Composition  p-value
   1  n236_237    0.00%    passed     92.44%
   2  n298_301    0.00%    passed     80.74%
   3  n200_201    0.00%    passed     97.62%
   4  n255_256    0.00%    passed     41.77%
   5  n286_289    0.00%    passed     75.63%
   6  n280_283    0.00%    passed     78.31%
   7  n289_292    0.00%    passed     97.07%
   8  n287_290    0.00%    passed     96.48%
   9  n296_299    0.00%    passed     81.05%
  10  n292_295    0.00%    passed     78.31%
  11  n275_278    0.00%    passed     77.75%
  12  n266_269    0.00%    passed     54.48%
  13  n299_302    0.00%    passed     78.31%
  14  n295_298    0.00%    passed     91.51%
  15  n285_288    0.00%    passed     79.37%
  16  n290_293    0.00%    passed     97.07%
  17  n277_280    0.00%    passed     67.62%
  18  n244_245    0.00%    passed     82.68%
  19  n297_300    0.00%    passed     78.23%
  20  n251_252    0.00%    passed     39.13%
  21  n265_268    0.00%    passed     56.69%
  22  n274_277    0.00%    passed     73.16%
  23  n300_303    0.00%    passed     76.67%
  24  n278_281    0.00%    passed     81.25%
  25  n294_297    0.00%    passed     82.55%
  26  n293_296    0.00%    passed     82.55%
****  TOTAL       0.00%  0 sequences failed composition chi2 test (p-value<5%; df=3)
NOTE: 4 identical sequences (see below) will be ignored for subsequent analysis
NOTE: n292_295 (identical to n280_283) is ignored but added at the end
NOTE: n299_302 (identical to n280_283) is ignored but added at the end
NOTE: n290_293 (identical to n289_292) is ignored but added at the end
NOTE: n293_296 (identical to n294_297) is ignored but added at the end

Create initial parsimony tree by phylogenetic likelihood library (PLL)... 0.001 seconds

NOTE: 0 MB RAM is required!
Estimate model parameters (epsilon = 0.100)
1. Initial log-likelihood: -2021.838
2. Current log-likelihood: -1982.352
3. Current log-likelihood: -1981.839
Optimal log-likelihood: -1981.765
Rate parameters:  A-C: 1.811  A-G: 1.770  A-T: 1.221  C-G: 1.432  C-T: 1.917  G-T: 1.000
Base frequencies:   A: 0.218  C: 0.239  G: 0.261  T: 0.282
Gamma shape alpha: 10.823
Parameters optimization took 3 rounds (0.023 sec)
--------------------------------------------------------------------
|             INITIALIZING CANDIDATE TREE SET                      |
--------------------------------------------------------------------
Computing ML distances based on estimated model parameters... 0.004 sec
Computing BIONJ tree...
0.001 seconds
Log-likelihood of BIONJ tree: -1981.331
Generating 98 parsimony trees... 0.073 seconds 21 distinct starting trees
Computing log-likelihood of 21 initial trees ... 0.037 seconds
Optimizing top 20 initial trees with NNI...
Iteration 1 / LogL: -1981.331 / Time: 0h:0m:0s
Estimate model parameters (epsilon = 0.100)
BETTER SCORE FOUND at iteration 1: -1981.287
Iteration 2 / LogL: -1981.290 / Time: 0h:0m:0s
Iteration 3 / LogL: -1981.290 / Time: 0h:0m:0s
Iteration 4 / LogL: -1981.290 / Time: 0h:0m:0s
Iteration 5 / LogL: -1981.290 / Time: 0h:0m:0s
Iteration 6 / LogL: -1981.290 / Time: 0h:0m:0s
Iteration 7 / LogL: -1981.290 / Time: 0h:0m:0s
Iteration 8 / LogL: -1981.290 / Time: 0h:0m:0s
Iteration 9 / LogL: -1981.291 / Time: 0h:0m:0s
Iteration 10 / LogL: -1981.287 / Time: 0h:0m:0s
Iteration 11 / LogL: -1981.288 / Time: 0h:0m:0s
Iteration 12 / LogL: -1981.288 / Time: 0h:0m:0s
Iteration 13 / LogL: -1981.288 / Time: 0h:0m:0s
Iteration 14 / LogL: -1981.288 / Time: 0h:0m:0s
Iteration 15 / LogL: -1981.288 / Time: 0h:0m:0s
Iteration 16 / LogL: -1981.288 / Time: 0h:0m:0s
Iteration 17 / LogL: -1981.288 / Time: 0h:0m:0s
Iteration 18 / LogL: -1981.291 / Time: 0h:0m:0s
Iteration 19 / LogL: -1981.291 / Time: 0h:0m:0s
Iteration 20 / LogL: -1981.291 / Time: 0h:0m:0s
Average CPU time for 1 NNI search: 0.007
Finish initializing candidate tree set. Number of distinct locally optimal trees: 9
Current best tree score: -1981.287 / CPU time: 0.248
--------------------------------------------------------------------
|               OPTIMIZING CANDIDATE TREE SET                      |
--------------------------------------------------------------------
Iteration 30 / LogL: -1981.288 / Time: 0h:0m:0s (0h:0m:1s left)
Iteration 40 / LogL: -1981.344 / Time: 0h:0m:0s (0h:0m:0s left)
Iteration 50 / LogL: -1981.326 / Time: 0h:0m:0s (0h:0m:0s left)
Iteration 60 / LogL: -1981.371 / Time: 0h:0m:0s (0h:0m:0s left)
Iteration 70 / LogL: -1981.316 / Time: 0h:0m:0s (0h:0m:0s left)
Iteration 80 / LogL: -2280.261 / Time: 0h:0m:1s (0h:0m:0s left)
Iteration 90 / LogL: -2000.279 / Time: 0h:0m:1s (0h:0m:0s left)
Iteration 100 / LogL: -2000.468 / Time: 0h:0m:1s (0h:0m:0s left)
TREE SEARCH COMPLETED AFTER 101 ITERATIONS / Time: 0h:0m:1s

--------------------------------------------------------------------
|                    FINALIZING TREE SEARCH                        |
--------------------------------------------------------------------
Performs final model parameters optimization
Estimate model parameters (epsilon = 0.010)
1. Initial log-likelihood: -1981.287
2. Current log-likelihood: -1981.270
Optimal log-likelihood: -1981.262
Rate parameters:  A-C: 1.740  A-G: 1.799  A-T: 1.203  C-G: 1.398  C-T: 1.820  G-T: 1.000
Base frequencies:   A: 0.218  C: 0.239  G: 0.261  T: 0.282
Gamma shape alpha: 10.833
Parameters optimization took 2 rounds (0.008 sec)
BEST SCORE FOUND : -1981.262

Testing tree branches by SH-like aLRT with 1000 replicates...
CPU Time used:  0.100 sec.
Total tree length: 1.204

Total number of iterations: 101
CPU time used for tree search: 1.348 sec (0h:0m:1s)
Wall-clock time used for tree search: 1.366 sec (0h:0m:1s)
Total CPU time used: 1.496 sec (0h:0m:1s)
Total wall-clock time used: 1.515 sec (0h:0m:1s)

Analysis results written to: 
  IQ-TREE report:                ../simulations/data_D1T2L3I5T4//S/40_pruned.fasta.iqtree
  Maximum-likelihood tree:       ../simulations/data_D1T2L3I5T4//S/40_pruned.fasta.treefile
  Likelihood distances:          ../simulations/data_D1T2L3I5T4//S/40_pruned.fasta.mldist
  Screen log file:               ../simulations/data_D1T2L3I5T4//S/40_pruned.fasta.log

Date and Time: Fri May 25 14:13:25 2018
