IQ-TREE version 1.4.2 for Linux 64-bit built Apr 15 2016
Copyright (c) 2011-2015 Nguyen Lam Tung, Olga Chernomor, Arndt von Haeseler and Bui Quang Minh.

Host:    meduse (AVX2, FMA3, 7 GB RAM)
Command: /home/tannier/programs/iqtree/iqtree-1.4.2-Linux/bin//iqtree -s ../simulations/data_D1T2L3I5T4//S/410_pruned.fasta -m GTR+G -alrt 1000 -redo
Seed:    428858 (Using SPRNG - Scalable Parallel Random Number Generator)
Time:    Fri May 25 14:13:31 2018
Kernel:  AVX

NOTE: Consider using the multicore version because your CPU has 4 cores!

Reading alignment file ../simulations/data_D1T2L3I5T4//S/410_pruned.fasta ... Fasta format detected
Alignment most likely contains DNA/RNA sequences
Alignment has 25 sequences with 300 columns and 179 patterns (169 informative sites)
          Gap/Ambiguity  Composition  p-value
   1  n244_243    0.00%    passed     78.70%
   2  n255_254    0.00%    passed     60.26%
   3  n292_291    0.00%    passed     56.48%
   4  n294_293    0.00%    passed     84.50%
   5  n296_295    0.00%    passed     97.93%
   6  n200_201    0.00%    passed     67.79%
   7  n297_296    0.00%    passed     81.65%
   8  n265_264    0.00%    passed     96.06%
   9  n277_276    0.00%    passed     51.22%
  10  n251_250    0.00%    passed     45.01%
  11  n286_285    0.00%    passed     40.65%
  12  n289_288    0.00%    passed     98.68%
  13  n280_279    0.00%    passed     58.51%
  14  n295_294    0.00%    passed     96.83%
  15  n278_277    0.00%    passed     42.69%
  16  n285_284    0.00%    passed     46.28%
  17  n300_299    0.00%    passed     53.54%
  18  n293_292    0.00%    passed     92.37%
  19  n274_273    0.00%    passed     59.76%
  20  n299_298    0.00%    passed     53.00%
  21  n275_274    0.00%    passed     88.29%
  22  n266_265    0.00%    passed     98.21%
  23  n290_289    0.00%    passed     99.57%
  24  n287_286    0.00%    passed     99.97%
  25  n298_297    0.00%    passed     81.65%
****  TOTAL       0.00%  0 sequences failed composition chi2 test (p-value<5%; df=3)
NOTE: 1 identical sequences (see below) will be ignored for subsequent analysis
NOTE: n298_297 (identical to n297_296) is ignored but added at the end

Create initial parsimony tree by phylogenetic likelihood library (PLL)... 0.001 seconds

NOTE: 0 MB RAM is required!
Estimate model parameters (epsilon = 0.100)
1. Initial log-likelihood: -2114.599
2. Current log-likelihood: -2072.187
3. Current log-likelihood: -2071.665
Optimal log-likelihood: -2071.600
Rate parameters:  A-C: 1.091  A-G: 1.172  A-T: 0.995  C-G: 0.733  C-T: 1.014  G-T: 1.000
Base frequencies:   A: 0.204  C: 0.272  G: 0.274  T: 0.250
Gamma shape alpha: 7.495
Parameters optimization took 3 rounds (0.024 sec)
--------------------------------------------------------------------
|             INITIALIZING CANDIDATE TREE SET                      |
--------------------------------------------------------------------
Computing ML distances based on estimated model parameters... 0.000 sec
Computing BIONJ tree...
0.000 seconds
Log-likelihood of BIONJ tree: -2071.600
Generating 99 parsimony trees... 0.087 seconds 16 distinct starting trees
Computing log-likelihood of 16 initial trees ... 0.030 seconds
Optimizing top 16 initial trees with NNI...
Iteration 1 / LogL: -2071.601 / Time: 0h:0m:0s
Estimate model parameters (epsilon = 0.100)
BETTER SCORE FOUND at iteration 1: -2071.562
Iteration 2 / LogL: -2071.564 / Time: 0h:0m:0s
Iteration 3 / LogL: -2071.564 / Time: 0h:0m:0s
Iteration 4 / LogL: -2071.564 / Time: 0h:0m:0s
Iteration 5 / LogL: -2071.564 / Time: 0h:0m:0s
Iteration 6 / LogL: -2071.564 / Time: 0h:0m:0s
Iteration 7 / LogL: -2071.564 / Time: 0h:0m:0s
Iteration 8 / LogL: -2071.564 / Time: 0h:0m:0s
Iteration 9 / LogL: -2071.564 / Time: 0h:0m:0s
Iteration 10 / LogL: -2071.563 / Time: 0h:0m:0s
Iteration 11 / LogL: -2071.563 / Time: 0h:0m:0s
Iteration 12 / LogL: -2071.563 / Time: 0h:0m:0s
Iteration 13 / LogL: -2071.965 / Time: 0h:0m:0s
Iteration 14 / LogL: -2071.965 / Time: 0h:0m:0s
Iteration 15 / LogL: -2071.965 / Time: 0h:0m:0s
Iteration 16 / LogL: -2071.965 / Time: 0h:0m:0s
Average CPU time for 1 NNI search: 0.006
Finish initializing candidate tree set. Number of distinct locally optimal trees: 13
Current best tree score: -2071.562 / CPU time: 0.212
--------------------------------------------------------------------
|               OPTIMIZING CANDIDATE TREE SET                      |
--------------------------------------------------------------------
Iteration 20 / LogL: -2071.563 / Time: 0h:0m:0s (0h:0m:1s left)
Iteration 30 / LogL: -2071.748 / Time: 0h:0m:0s (0h:0m:1s left)
Iteration 40 / LogL: -2071.672 / Time: 0h:0m:0s (0h:0m:1s left)
Iteration 50 / LogL: -2085.008 / Time: 0h:0m:0s (0h:0m:0s left)
Iteration 60 / LogL: -2071.562 / Time: 0h:0m:0s (0h:0m:0s left)
Iteration 70 / LogL: -2071.564 / Time: 0h:0m:1s (0h:0m:0s left)
Iteration 80 / LogL: -2071.977 / Time: 0h:0m:1s (0h:0m:0s left)
Iteration 90 / LogL: -2071.964 / Time: 0h:0m:1s (0h:0m:0s left)
Iteration 100 / LogL: -2071.577 / Time: 0h:0m:1s (0h:0m:0s left)
TREE SEARCH COMPLETED AFTER 101 ITERATIONS / Time: 0h:0m:1s

--------------------------------------------------------------------
|                    FINALIZING TREE SEARCH                        |
--------------------------------------------------------------------
Performs final model parameters optimization
Estimate model parameters (epsilon = 0.010)
1. Initial log-likelihood: -2071.562
2. Current log-likelihood: -2071.538
3. Current log-likelihood: -2071.526
Optimal log-likelihood: -2071.517
Rate parameters:  A-C: 1.138  A-G: 1.223  A-T: 1.038  C-G: 0.768  C-T: 1.053  G-T: 1.000
Base frequencies:   A: 0.204  C: 0.272  G: 0.274  T: 0.250
Gamma shape alpha: 7.528
Parameters optimization took 3 rounds (0.015 sec)
BEST SCORE FOUND : -2071.517

Testing tree branches by SH-like aLRT with 1000 replicates...
CPU Time used:  0.104 sec.
Total tree length: 1.239

Total number of iterations: 101
CPU time used for tree search: 1.556 sec (0h:0m:1s)
Wall-clock time used for tree search: 1.554 sec (0h:0m:1s)
Total CPU time used: 1.716 sec (0h:0m:1s)
Total wall-clock time used: 1.718 sec (0h:0m:1s)

Analysis results written to: 
  IQ-TREE report:                ../simulations/data_D1T2L3I5T4//S/410_pruned.fasta.iqtree
  Maximum-likelihood tree:       ../simulations/data_D1T2L3I5T4//S/410_pruned.fasta.treefile
  Likelihood distances:          ../simulations/data_D1T2L3I5T4//S/410_pruned.fasta.mldist
  Screen log file:               ../simulations/data_D1T2L3I5T4//S/410_pruned.fasta.log

Date and Time: Fri May 25 14:13:33 2018
