IQ-TREE version 1.4.2 for Linux 64-bit built Apr 15 2016
Copyright (c) 2011-2015 Nguyen Lam Tung, Olga Chernomor, Arndt von Haeseler and Bui Quang Minh.

Host:    meduse (AVX2, FMA3, 7 GB RAM)
Command: /home/tannier/programs/iqtree/iqtree-1.4.2-Linux/bin//iqtree -s ../simulations/data_D1T2L3I5T4//S/42_pruned.fasta -m GTR+G -alrt 1000 -redo
Seed:    446364 (Using SPRNG - Scalable Parallel Random Number Generator)
Time:    Fri May 25 14:23:14 2018
Kernel:  AVX

NOTE: Consider using the multicore version because your CPU has 4 cores!

Reading alignment file ../simulations/data_D1T2L3I5T4//S/42_pruned.fasta ... Fasta format detected
Alignment most likely contains DNA/RNA sequences
Alignment has 26 sequences with 300 columns and 183 patterns (159 informative sites)
          Gap/Ambiguity  Composition  p-value
   1  n236_237    0.00%    passed     95.65%
   2  n266_267    0.00%    passed     97.13%
   3  n296_297    0.00%    passed     99.73%
   4  n277_278    0.00%    passed     93.60%
   5  n290_291    0.00%    passed     97.94%
   6  n255_256    0.00%    passed     33.55%
   7  n295_296    0.00%    passed     98.59%
   8  n286_287    0.00%    passed     92.05%
   9  n298_299    0.00%    passed     99.99%
  10  n299_300    0.00%    passed     90.53%
  11  n287_288    0.00%    passed     97.86%
  12  n278_279    0.00%    passed     87.31%
  13  n292_293    0.00%    passed     83.39%
  14  n265_266    0.00%    passed     96.62%
  15  n289_290    0.00%    passed     99.28%
  16  n293_294    0.00%    passed     99.02%
  17  n280_281    0.00%    passed     91.97%
  18  n274_275    0.00%    passed     88.82%
  19  n275_276    0.00%    passed     99.77%
  20  n285_286    0.00%    passed     91.92%
  21  n294_295    0.00%    passed     98.64%
  22  n297_298    0.00%    passed     99.97%
  23  n244_245    0.00%    passed     92.94%
  24  n251_252    0.00%    passed     65.79%
  25  n200_201    0.00%    passed     93.56%
  26  n300_301    0.00%    passed     91.97%
****  TOTAL       0.00%  0 sequences failed composition chi2 test (p-value<5%; df=3)

Create initial parsimony tree by phylogenetic likelihood library (PLL)... 0.001 seconds

NOTE: 0 MB RAM is required!
Estimate model parameters (epsilon = 0.100)
1. Initial log-likelihood: -2063.036
2. Current log-likelihood: -2012.424
3. Current log-likelihood: -2011.931
Optimal log-likelihood: -2011.914
Rate parameters:  A-C: 0.953  A-G: 0.947  A-T: 1.110  C-G: 1.089  C-T: 1.655  G-T: 1.000
Base frequencies:   A: 0.288  C: 0.254  G: 0.271  T: 0.187
Gamma shape alpha: 14.688
Parameters optimization took 3 rounds (0.025 sec)
--------------------------------------------------------------------
|             INITIALIZING CANDIDATE TREE SET                      |
--------------------------------------------------------------------
Computing ML distances based on estimated model parameters... 0.004 sec
Computing BIONJ tree...
0.001 seconds
Log-likelihood of BIONJ tree: -2011.087
Generating 98 parsimony trees... 0.103 seconds 74 distinct starting trees
Computing log-likelihood of 74 initial trees ... 0.158 seconds
Optimizing top 20 initial trees with NNI...
Iteration 1 / LogL: -2011.087 / Time: 0h:0m:0s
Estimate model parameters (epsilon = 0.100)
BETTER SCORE FOUND at iteration 1: -2011.069
Iteration 2 / LogL: -2011.072 / Time: 0h:0m:0s
Iteration 3 / LogL: -2011.072 / Time: 0h:0m:0s
Iteration 4 / LogL: -2011.072 / Time: 0h:0m:0s
Iteration 5 / LogL: -2011.072 / Time: 0h:0m:0s
Iteration 6 / LogL: -2011.072 / Time: 0h:0m:0s
Iteration 7 / LogL: -2011.072 / Time: 0h:0m:0s
Iteration 8 / LogL: -2011.072 / Time: 0h:0m:0s
Iteration 9 / LogL: -2011.072 / Time: 0h:0m:0s
Iteration 10 / LogL: -2011.072 / Time: 0h:0m:0s
Iteration 11 / LogL: -2011.072 / Time: 0h:0m:0s
Iteration 12 / LogL: -2011.072 / Time: 0h:0m:0s
Iteration 13 / LogL: -2011.072 / Time: 0h:0m:0s
Iteration 14 / LogL: -2011.072 / Time: 0h:0m:0s
Iteration 15 / LogL: -2011.072 / Time: 0h:0m:0s
Iteration 16 / LogL: -2011.072 / Time: 0h:0m:0s
Iteration 17 / LogL: -2011.072 / Time: 0h:0m:0s
Iteration 18 / LogL: -2011.072 / Time: 0h:0m:0s
Iteration 19 / LogL: -2011.072 / Time: 0h:0m:0s
Iteration 20 / LogL: -2011.072 / Time: 0h:0m:0s
Average CPU time for 1 NNI search: 0.006
Finish initializing candidate tree set. Number of distinct locally optimal trees: 20
Current best tree score: -2011.069 / CPU time: 0.364
--------------------------------------------------------------------
|               OPTIMIZING CANDIDATE TREE SET                      |
--------------------------------------------------------------------
Iteration 30 / LogL: -2011.071 / Time: 0h:0m:0s (0h:0m:1s left)
Iteration 40 / LogL: -2011.069 / Time: 0h:0m:0s (0h:0m:1s left)
Iteration 50 / LogL: -2011.091 / Time: 0h:0m:0s (0h:0m:0s left)
Iteration 60 / LogL: -2011.069 / Time: 0h:0m:1s (0h:0m:0s left)
Iteration 70 / LogL: -2011.070 / Time: 0h:0m:1s (0h:0m:0s left)
Iteration 80 / LogL: -2011.083 / Time: 0h:0m:1s (0h:0m:0s left)
Iteration 90 / LogL: -2231.163 / Time: 0h:0m:1s (0h:0m:0s left)
Iteration 100 / LogL: -2024.178 / Time: 0h:0m:1s (0h:0m:0s left)
TREE SEARCH COMPLETED AFTER 101 ITERATIONS / Time: 0h:0m:1s

--------------------------------------------------------------------
|                    FINALIZING TREE SEARCH                        |
--------------------------------------------------------------------
Performs final model parameters optimization
Estimate model parameters (epsilon = 0.010)
1. Initial log-likelihood: -2011.068
Optimal log-likelihood: -2011.061
Rate parameters:  A-C: 0.949  A-G: 0.928  A-T: 1.100  C-G: 1.089  C-T: 1.630  G-T: 1.000
Base frequencies:   A: 0.288  C: 0.254  G: 0.271  T: 0.187
Gamma shape alpha: 14.423
Parameters optimization took 1 rounds (0.005 sec)
BEST SCORE FOUND : -2011.061

Testing tree branches by SH-like aLRT with 1000 replicates...
CPU Time used:  0.116 sec.
Total tree length: 1.202

Total number of iterations: 101
CPU time used for tree search: 1.700 sec (0h:0m:1s)
Wall-clock time used for tree search: 1.707 sec (0h:0m:1s)
Total CPU time used: 1.860 sec (0h:0m:1s)
Total wall-clock time used: 1.871 sec (0h:0m:1s)

Analysis results written to: 
  IQ-TREE report:                ../simulations/data_D1T2L3I5T4//S/42_pruned.fasta.iqtree
  Maximum-likelihood tree:       ../simulations/data_D1T2L3I5T4//S/42_pruned.fasta.treefile
  Likelihood distances:          ../simulations/data_D1T2L3I5T4//S/42_pruned.fasta.mldist
  Screen log file:               ../simulations/data_D1T2L3I5T4//S/42_pruned.fasta.log

Date and Time: Fri May 25 14:23:16 2018
