IQ-TREE version 1.4.2 for Linux 64-bit built Apr 15 2016
Copyright (c) 2011-2015 Nguyen Lam Tung, Olga Chernomor, Arndt von Haeseler and Bui Quang Minh.

Host:    meduse (AVX2, FMA3, 7 GB RAM)
Command: /home/tannier/programs/iqtree/iqtree-1.4.2-Linux/bin//iqtree -s ../simulations/data_D1T2L3I5T4//S/432_pruned.fasta -m GTR+G -alrt 1000 -redo
Seed:    689273 (Using SPRNG - Scalable Parallel Random Number Generator)
Time:    Fri May 25 14:21:50 2018
Kernel:  AVX

NOTE: Consider using the multicore version because your CPU has 4 cores!

Reading alignment file ../simulations/data_D1T2L3I5T4//S/432_pruned.fasta ... Fasta format detected
Alignment most likely contains DNA/RNA sequences
Alignment has 26 sequences with 300 columns and 181 patterns (157 informative sites)
          Gap/Ambiguity  Composition  p-value
   1  n236_237    0.00%    passed     98.43%
   2  n266_267    0.00%    passed     86.82%
   3  n296_297    0.00%    passed     94.93%
   4  n277_278    0.00%    passed     76.86%
   5  n290_291    0.00%    passed     94.91%
   6  n255_256    0.00%    passed     52.80%
   7  n295_296    0.00%    passed     94.93%
   8  n286_287    0.00%    passed     77.95%
   9  n298_299    0.00%    passed     95.40%
  10  n299_300    0.00%    passed     99.61%
  11  n287_288    0.00%    passed     94.91%
  12  n278_279    0.00%    passed     95.77%
  13  n292_293    0.00%    passed     99.79%
  14  n265_266    0.00%    passed     88.14%
  15  n289_290    0.00%    passed     94.91%
  16  n293_294    0.00%    passed     99.40%
  17  n280_281    0.00%    passed     98.83%
  18  n274_275    0.00%    passed     99.52%
  19  n275_276    0.00%    passed     90.24%
  20  n285_286    0.00%    passed     77.95%
  21  n294_295    0.00%    passed     99.40%
  22  n297_298    0.00%    passed     94.52%
  23  n244_245    0.00%    passed     45.47%
  24  n251_252    0.00%    passed     79.74%
  25  n200_201    0.00%    passed     96.33%
  26  n300_301    0.00%    passed     99.61%
****  TOTAL       0.00%  0 sequences failed composition chi2 test (p-value<5%; df=3)
NOTE: 6 identical sequences (see below) will be ignored for subsequent analysis
NOTE: n295_296 (identical to n296_297) is ignored but added at the end
NOTE: n287_288 (identical to n290_291) is ignored but added at the end
NOTE: n289_290 (identical to n290_291) is ignored but added at the end
NOTE: n285_286 (identical to n286_287) is ignored but added at the end
NOTE: n300_301 (identical to n299_300) is ignored but added at the end
NOTE: n294_295 (identical to n293_294) is ignored but added at the end

Create initial parsimony tree by phylogenetic likelihood library (PLL)... 0.001 seconds

NOTE: 0 MB RAM is required!
Estimate model parameters (epsilon = 0.100)
1. Initial log-likelihood: -2003.336
2. Current log-likelihood: -1953.222
3. Current log-likelihood: -1952.821
Optimal log-likelihood: -1952.811
Rate parameters:  A-C: 0.908  A-G: 0.883  A-T: 0.963  C-G: 0.650  C-T: 1.027  G-T: 1.000
Base frequencies:   A: 0.244  C: 0.245  G: 0.263  T: 0.248
Gamma shape alpha: 998.418
Parameters optimization took 3 rounds (0.018 sec)
--------------------------------------------------------------------
|             INITIALIZING CANDIDATE TREE SET                      |
--------------------------------------------------------------------
Computing ML distances based on estimated model parameters... 0.000 sec
Computing BIONJ tree...
0.000 seconds
Log-likelihood of BIONJ tree: -1952.811
Generating 99 parsimony trees... 0.075 seconds 1 distinct starting trees
Computing log-likelihood of 1 initial trees ... 0.000 seconds
Optimizing top 1 initial trees with NNI...
Iteration 1 / LogL: -1952.811 / Time: 0h:0m:0s
Estimate model parameters (epsilon = 0.100)
BETTER SCORE FOUND at iteration 1: -1952.807
Average CPU time for 1 NNI search: 0.008
Finish initializing candidate tree set. Number of distinct locally optimal trees: 1
Current best tree score: -1952.807 / CPU time: 0.084
--------------------------------------------------------------------
|               OPTIMIZING CANDIDATE TREE SET                      |
--------------------------------------------------------------------
Iteration 10 / LogL: -1952.808 / Time: 0h:0m:0s
Iteration 20 / LogL: -1966.925 / Time: 0h:0m:0s (0h:0m:1s left)
Iteration 30 / LogL: -1952.899 / Time: 0h:0m:0s (0h:0m:1s left)
Iteration 40 / LogL: -1952.808 / Time: 0h:0m:0s (0h:0m:0s left)
Iteration 50 / LogL: -1952.809 / Time: 0h:0m:0s (0h:0m:0s left)
Iteration 60 / LogL: -1952.837 / Time: 0h:0m:0s (0h:0m:0s left)
Iteration 70 / LogL: -1952.841 / Time: 0h:0m:1s (0h:0m:0s left)
Iteration 80 / LogL: -2017.787 / Time: 0h:0m:1s (0h:0m:0s left)
Iteration 90 / LogL: -1952.811 / Time: 0h:0m:1s (0h:0m:0s left)
Iteration 100 / LogL: -1952.819 / Time: 0h:0m:1s (0h:0m:0s left)
TREE SEARCH COMPLETED AFTER 101 ITERATIONS / Time: 0h:0m:1s

--------------------------------------------------------------------
|                    FINALIZING TREE SEARCH                        |
--------------------------------------------------------------------
Performs final model parameters optimization
Estimate model parameters (epsilon = 0.010)
1. Initial log-likelihood: -1952.807
Optimal log-likelihood: -1952.804
Rate parameters:  A-C: 0.900  A-G: 0.874  A-T: 0.954  C-G: 0.647  C-T: 1.018  G-T: 1.000
Base frequencies:   A: 0.244  C: 0.245  G: 0.263  T: 0.248
Gamma shape alpha: 998.418
Parameters optimization took 1 rounds (0.005 sec)
BEST SCORE FOUND : -1952.804

Testing tree branches by SH-like aLRT with 1000 replicates...
CPU Time used:  0.084 sec.
Total tree length: 1.124

Total number of iterations: 101
CPU time used for tree search: 1.352 sec (0h:0m:1s)
Wall-clock time used for tree search: 1.350 sec (0h:0m:1s)
Total CPU time used: 1.472 sec (0h:0m:1s)
Total wall-clock time used: 1.474 sec (0h:0m:1s)

Analysis results written to: 
  IQ-TREE report:                ../simulations/data_D1T2L3I5T4//S/432_pruned.fasta.iqtree
  Maximum-likelihood tree:       ../simulations/data_D1T2L3I5T4//S/432_pruned.fasta.treefile
  Likelihood distances:          ../simulations/data_D1T2L3I5T4//S/432_pruned.fasta.mldist
  Screen log file:               ../simulations/data_D1T2L3I5T4//S/432_pruned.fasta.log

Date and Time: Fri May 25 14:21:52 2018
