IQ-TREE version 1.4.2 for Linux 64-bit built Apr 15 2016
Copyright (c) 2011-2015 Nguyen Lam Tung, Olga Chernomor, Arndt von Haeseler and Bui Quang Minh.

Host:    meduse (AVX2, FMA3, 7 GB RAM)
Command: /home/tannier/programs/iqtree/iqtree-1.4.2-Linux/bin//iqtree -s ../simulations/data_D1T2L3I5T4//S/437_pruned.fasta -m GTR+G -alrt 1000 -redo
Seed:    279303 (Using SPRNG - Scalable Parallel Random Number Generator)
Time:    Fri May 25 14:08:10 2018
Kernel:  AVX

NOTE: Consider using the multicore version because your CPU has 4 cores!

Reading alignment file ../simulations/data_D1T2L3I5T4//S/437_pruned.fasta ... Fasta format detected
Alignment most likely contains DNA/RNA sequences
Alignment has 26 sequences with 300 columns and 167 patterns (160 informative sites)
          Gap/Ambiguity  Composition  p-value
   1  n236_237    0.00%    passed     93.05%
   2  n266_267    0.00%    passed     68.31%
   3  n296_297    0.00%    passed     97.00%
   4  n277_278    0.00%    passed     54.73%
   5  n290_291    0.00%    passed     93.54%
   6  n255_256    0.00%    passed     76.57%
   7  n295_296    0.00%    passed     99.08%
   8  n286_287    0.00%    passed     82.01%
   9  n298_299    0.00%    passed     90.66%
  10  n299_300    0.00%    passed     80.89%
  11  n287_288    0.00%    passed     96.84%
  12  n278_279    0.00%    passed     47.62%
  13  n292_293    0.00%    passed     77.45%
  14  n265_266    0.00%    passed     75.68%
  15  n289_290    0.00%    passed     93.54%
  16  n293_294    0.00%    passed     94.79%
  17  n280_281    0.00%    passed     69.91%
  18  n274_275    0.00%    passed     75.84%
  19  n275_276    0.00%    passed     96.35%
  20  n285_286    0.00%    passed     82.01%
  21  n294_295    0.00%    passed     94.79%
  22  n297_298    0.00%    passed     90.66%
  23  n244_245    0.00%    passed     79.02%
  24  n251_252    0.00%    passed     71.27%
  25  n200_201    0.00%    passed     99.42%
  26  n300_301    0.00%    passed     80.89%
****  TOTAL       0.00%  0 sequences failed composition chi2 test (p-value<5%; df=3)
NOTE: 3 identical sequences (see below) will be ignored for subsequent analysis
NOTE: n297_298 (identical to n298_299) is ignored but added at the end
NOTE: n300_301 (identical to n299_300) is ignored but added at the end
NOTE: n294_295 (identical to n293_294) is ignored but added at the end

Create initial parsimony tree by phylogenetic likelihood library (PLL)... 0.001 seconds

NOTE: 0 MB RAM is required!
Estimate model parameters (epsilon = 0.100)
1. Initial log-likelihood: -1919.617
2. Current log-likelihood: -1879.349
3. Current log-likelihood: -1879.070
Optimal log-likelihood: -1879.066
Rate parameters:  A-C: 0.808  A-G: 1.414  A-T: 0.995  C-G: 0.854  C-T: 1.021  G-T: 1.000
Base frequencies:   A: 0.269  C: 0.278  G: 0.219  T: 0.233
Gamma shape alpha: 19.973
Parameters optimization took 3 rounds (0.025 sec)
--------------------------------------------------------------------
|             INITIALIZING CANDIDATE TREE SET                      |
--------------------------------------------------------------------
Computing ML distances based on estimated model parameters... 0.000 sec
Computing BIONJ tree...
0.000 seconds
Log-likelihood of BIONJ tree: -1879.066
Generating 98 parsimony trees... 0.085 seconds 26 distinct starting trees
Computing log-likelihood of 26 initial trees ... 0.047 seconds
Optimizing top 20 initial trees with NNI...
Iteration 1 / LogL: -1879.067 / Time: 0h:0m:0s
Estimate model parameters (epsilon = 0.100)
BETTER SCORE FOUND at iteration 1: -1879.065
Iteration 2 / LogL: -1879.067 / Time: 0h:0m:0s
Iteration 3 / LogL: -1879.068 / Time: 0h:0m:0s
Iteration 4 / LogL: -1879.068 / Time: 0h:0m:0s
Iteration 5 / LogL: -1879.068 / Time: 0h:0m:0s
Iteration 6 / LogL: -1879.068 / Time: 0h:0m:0s
Iteration 7 / LogL: -1879.068 / Time: 0h:0m:0s
Iteration 8 / LogL: -1879.068 / Time: 0h:0m:0s
Iteration 9 / LogL: -1879.068 / Time: 0h:0m:0s
Iteration 10 / LogL: -1879.068 / Time: 0h:0m:0s
Iteration 11 / LogL: -1879.068 / Time: 0h:0m:0s
Iteration 12 / LogL: -1879.068 / Time: 0h:0m:0s
Iteration 13 / LogL: -1879.068 / Time: 0h:0m:0s
Iteration 14 / LogL: -1879.068 / Time: 0h:0m:0s
Iteration 15 / LogL: -1879.068 / Time: 0h:0m:0s
Iteration 16 / LogL: -1879.068 / Time: 0h:0m:0s
Iteration 17 / LogL: -1879.068 / Time: 0h:0m:0s
Iteration 18 / LogL: -1879.068 / Time: 0h:0m:0s
Iteration 19 / LogL: -1879.068 / Time: 0h:0m:0s
Iteration 20 / LogL: -1879.068 / Time: 0h:0m:0s
Average CPU time for 1 NNI search: 0.005
Finish initializing candidate tree set. Number of distinct locally optimal trees: 20
Current best tree score: -1879.065 / CPU time: 0.224
--------------------------------------------------------------------
|               OPTIMIZING CANDIDATE TREE SET                      |
--------------------------------------------------------------------
Iteration 30 / LogL: -1879.107 / Time: 0h:0m:0s (0h:0m:1s left)
Iteration 40 / LogL: -1879.066 / Time: 0h:0m:0s (0h:0m:0s left)
Iteration 50 / LogL: -1879.065 / Time: 0h:0m:0s (0h:0m:0s left)
Iteration 60 / LogL: -1879.065 / Time: 0h:0m:0s (0h:0m:0s left)
Iteration 70 / LogL: -1879.065 / Time: 0h:0m:1s (0h:0m:0s left)
Iteration 80 / LogL: -1879.065 / Time: 0h:0m:1s (0h:0m:0s left)
Iteration 90 / LogL: -1880.143 / Time: 0h:0m:1s (0h:0m:0s left)
Iteration 100 / LogL: -1880.129 / Time: 0h:0m:1s (0h:0m:0s left)
TREE SEARCH COMPLETED AFTER 101 ITERATIONS / Time: 0h:0m:1s

--------------------------------------------------------------------
|                    FINALIZING TREE SEARCH                        |
--------------------------------------------------------------------
Performs final model parameters optimization
Estimate model parameters (epsilon = 0.010)
1. Initial log-likelihood: -1879.065
Optimal log-likelihood: -1879.065
Rate parameters:  A-C: 0.810  A-G: 1.414  A-T: 0.998  C-G: 0.855  C-T: 1.022  G-T: 1.000
Base frequencies:   A: 0.269  C: 0.278  G: 0.219  T: 0.233
Gamma shape alpha: 20.025
Parameters optimization took 1 rounds (0.005 sec)
BEST SCORE FOUND : -1879.065

Testing tree branches by SH-like aLRT with 1000 replicates...
CPU Time used:  0.104 sec.
Total tree length: 1.094

Total number of iterations: 101
CPU time used for tree search: 1.424 sec (0h:0m:1s)
Wall-clock time used for tree search: 1.422 sec (0h:0m:1s)
Total CPU time used: 1.572 sec (0h:0m:1s)
Total wall-clock time used: 1.571 sec (0h:0m:1s)

Analysis results written to: 
  IQ-TREE report:                ../simulations/data_D1T2L3I5T4//S/437_pruned.fasta.iqtree
  Maximum-likelihood tree:       ../simulations/data_D1T2L3I5T4//S/437_pruned.fasta.treefile
  Likelihood distances:          ../simulations/data_D1T2L3I5T4//S/437_pruned.fasta.mldist
  Screen log file:               ../simulations/data_D1T2L3I5T4//S/437_pruned.fasta.log

Date and Time: Fri May 25 14:08:11 2018
