IQ-TREE version 1.4.2 for Linux 64-bit built Apr 15 2016
Copyright (c) 2011-2015 Nguyen Lam Tung, Olga Chernomor, Arndt von Haeseler and Bui Quang Minh.

Host:    meduse (AVX2, FMA3, 7 GB RAM)
Command: /home/tannier/programs/iqtree/iqtree-1.4.2-Linux/bin//iqtree -s ../simulations/data_D1T2L3I5T4//S/440_pruned.fasta -m GTR+G -alrt 1000 -redo
Seed:    356143 (Using SPRNG - Scalable Parallel Random Number Generator)
Time:    Fri May 25 14:27:32 2018
Kernel:  AVX

NOTE: Consider using the multicore version because your CPU has 4 cores!

Reading alignment file ../simulations/data_D1T2L3I5T4//S/440_pruned.fasta ... Fasta format detected
Alignment most likely contains DNA/RNA sequences
Alignment has 26 sequences with 300 columns and 172 patterns (152 informative sites)
          Gap/Ambiguity  Composition  p-value
   1  n298_301    0.00%    passed     98.12%
   2  n251_254    0.00%    passed     23.24%
   3  n277_280    0.00%    passed     86.20%
   4  n294_297    0.00%    passed     95.15%
   5  n286_289    0.00%    passed     90.39%
   6  n274_277    0.00%    passed     93.89%
   7  n287_290    0.00%    passed     92.61%
   8  n236_239    0.00%    passed     92.56%
   9  n200_203    0.00%    passed     81.49%
  10  n296_299    0.00%    passed     86.03%
  11  n292_295    0.00%    passed     97.67%
  12  n275_278    0.00%    passed     99.39%
  13  n266_269    0.00%    passed     83.50%
  14  n255_258    0.00%    passed     25.51%
  15  n299_302    0.00%    passed     95.31%
  16  n244_247    0.00%    passed     25.50%
  17  n285_288    0.00%    passed     88.88%
  18  n280_283    0.00%    passed     97.07%
  19  n290_293    0.00%    passed     91.05%
  20  n289_292    0.00%    passed     91.05%
  21  n295_298    0.00%    passed     90.43%
  22  n297_300    0.00%    passed     98.12%
  23  n300_303    0.00%    passed     96.34%
  24  n278_281    0.00%    passed     89.43%
  25  n293_296    0.00%    passed     96.49%
  26  n265_268    0.00%    passed     88.00%
****  TOTAL       0.00%  0 sequences failed composition chi2 test (p-value<5%; df=3)
NOTE: 2 identical sequences (see below) will be ignored for subsequent analysis
NOTE: n297_300 (identical to n298_301) is ignored but added at the end
NOTE: n289_292 (identical to n290_293) is ignored but added at the end

Create initial parsimony tree by phylogenetic likelihood library (PLL)... 0.001 seconds

NOTE: 0 MB RAM is required!
Estimate model parameters (epsilon = 0.100)
1. Initial log-likelihood: -2041.504
2. Current log-likelihood: -1997.383
3. Current log-likelihood: -1996.527
Optimal log-likelihood: -1996.493
Rate parameters:  A-C: 0.999  A-G: 1.230  A-T: 1.156  C-G: 0.832  C-T: 1.200  G-T: 1.000
Base frequencies:   A: 0.262  C: 0.269  G: 0.236  T: 0.233
Gamma shape alpha: 6.703
Parameters optimization took 3 rounds (0.025 sec)
--------------------------------------------------------------------
|             INITIALIZING CANDIDATE TREE SET                      |
--------------------------------------------------------------------
Computing ML distances based on estimated model parameters... 0.004 sec
Computing BIONJ tree...
0.001 seconds
Log-likelihood of BIONJ tree: -1996.688
Generating 98 parsimony trees... 0.087 seconds 14 distinct starting trees
Computing log-likelihood of 14 initial trees ... 0.024 seconds
Optimizing top 14 initial trees with NNI...
Iteration 1 / LogL: -1996.491 / Time: 0h:0m:0s
Estimate model parameters (epsilon = 0.100)
BETTER TREE FOUND at iteration 1: -1996.488
Iteration 2 / LogL: -1996.492 / Time: 0h:0m:0s
Iteration 3 / LogL: -1996.492 / Time: 0h:0m:0s
Iteration 4 / LogL: -1996.488 / Time: 0h:0m:0s
Iteration 5 / LogL: -1996.488 / Time: 0h:0m:0s
Iteration 6 / LogL: -1996.488 / Time: 0h:0m:0s
Iteration 7 / LogL: -1996.488 / Time: 0h:0m:0s
Iteration 8 / LogL: -1996.488 / Time: 0h:0m:0s
Iteration 9 / LogL: -1996.489 / Time: 0h:0m:0s
Iteration 10 / LogL: -1996.489 / Time: 0h:0m:0s
Iteration 11 / LogL: -1996.489 / Time: 0h:0m:0s
Iteration 12 / LogL: -1996.489 / Time: 0h:0m:0s
Iteration 13 / LogL: -1996.489 / Time: 0h:0m:0s
Iteration 14 / LogL: -1996.489 / Time: 0h:0m:0s
Average CPU time for 1 NNI search: 0.007
Finish initializing candidate tree set. Number of distinct locally optimal trees: 6
Current best tree score: -1996.488 / CPU time: 0.200
--------------------------------------------------------------------
|               OPTIMIZING CANDIDATE TREE SET                      |
--------------------------------------------------------------------
Iteration 20 / LogL: -1996.491 / Time: 0h:0m:0s (0h:0m:1s left)
Iteration 30 / LogL: -1996.491 / Time: 0h:0m:0s (0h:0m:1s left)
Iteration 40 / LogL: -2121.921 / Time: 0h:0m:0s (0h:0m:1s left)
Iteration 50 / LogL: -2013.502 / Time: 0h:0m:0s (0h:0m:0s left)
Iteration 60 / LogL: -1996.493 / Time: 0h:0m:0s (0h:0m:0s left)
Iteration 70 / LogL: -1996.489 / Time: 0h:0m:1s (0h:0m:0s left)
Iteration 80 / LogL: -2047.985 / Time: 0h:0m:1s (0h:0m:0s left)
Iteration 90 / LogL: -1996.490 / Time: 0h:0m:1s (0h:0m:0s left)
Iteration 100 / LogL: -1996.489 / Time: 0h:0m:1s (0h:0m:0s left)
TREE SEARCH COMPLETED AFTER 101 ITERATIONS / Time: 0h:0m:1s

--------------------------------------------------------------------
|                    FINALIZING TREE SEARCH                        |
--------------------------------------------------------------------
Performs final model parameters optimization
Estimate model parameters (epsilon = 0.010)
1. Initial log-likelihood: -1996.488
Optimal log-likelihood: -1996.487
Rate parameters:  A-C: 1.007  A-G: 1.240  A-T: 1.163  C-G: 0.838  C-T: 1.212  G-T: 1.000
Base frequencies:   A: 0.262  C: 0.269  G: 0.236  T: 0.233
Gamma shape alpha: 6.723
Parameters optimization took 1 rounds (0.005 sec)
BEST SCORE FOUND : -1996.487

Testing tree branches by SH-like aLRT with 1000 replicates...
CPU Time used:  0.104 sec.
Total tree length: 1.168

Total number of iterations: 101
CPU time used for tree search: 1.552 sec (0h:0m:1s)
Wall-clock time used for tree search: 1.558 sec (0h:0m:1s)
Total CPU time used: 1.700 sec (0h:0m:1s)
Total wall-clock time used: 1.707 sec (0h:0m:1s)

Analysis results written to: 
  IQ-TREE report:                ../simulations/data_D1T2L3I5T4//S/440_pruned.fasta.iqtree
  Maximum-likelihood tree:       ../simulations/data_D1T2L3I5T4//S/440_pruned.fasta.treefile
  Likelihood distances:          ../simulations/data_D1T2L3I5T4//S/440_pruned.fasta.mldist
  Screen log file:               ../simulations/data_D1T2L3I5T4//S/440_pruned.fasta.log

Date and Time: Fri May 25 14:27:34 2018
