IQ-TREE version 1.4.2 for Linux 64-bit built Apr 15 2016
Copyright (c) 2011-2015 Nguyen Lam Tung, Olga Chernomor, Arndt von Haeseler and Bui Quang Minh.

Host:    meduse (AVX2, FMA3, 7 GB RAM)
Command: /home/tannier/programs/iqtree/iqtree-1.4.2-Linux/bin//iqtree -s ../simulations/data_D1T2L3I5T4//S/447_pruned.fasta -m GTR+G -alrt 1000 -redo
Seed:    129532 (Using SPRNG - Scalable Parallel Random Number Generator)
Time:    Fri May 25 14:28:31 2018
Kernel:  AVX

NOTE: Consider using the multicore version because your CPU has 4 cores!

Reading alignment file ../simulations/data_D1T2L3I5T4//S/447_pruned.fasta ... Fasta format detected
Alignment most likely contains DNA/RNA sequences
Alignment has 26 sequences with 300 columns and 179 patterns (155 informative sites)
          Gap/Ambiguity  Composition  p-value
   1  n236_237    0.00%    passed     97.74%
   2  n266_267    0.00%    passed     76.80%
   3  n296_297    0.00%    passed     81.42%
   4  n277_278    0.00%    passed     79.62%
   5  n290_291    0.00%    passed     78.92%
   6  n255_256    0.00%    passed     42.12%
   7  n295_296    0.00%    passed     86.12%
   8  n286_287    0.00%    passed     92.93%
   9  n298_299    0.00%    passed     95.88%
  10  n299_300    0.00%    passed     85.37%
  11  n287_288    0.00%    passed     74.05%
  12  n278_279    0.00%    passed     74.69%
  13  n292_293    0.00%    passed     83.69%
  14  n265_266    0.00%    passed     81.39%
  15  n289_290    0.00%    passed     76.32%
  16  n293_294    0.00%    passed     93.20%
  17  n280_281    0.00%    passed     78.40%
  18  n274_275    0.00%    passed     85.62%
  19  n275_276    0.00%    passed     93.67%
  20  n285_286    0.00%    passed     76.89%
  21  n294_295    0.00%    passed     90.92%
  22  n297_298    0.00%    passed     94.79%
  23  n244_245    0.00%    passed     98.09%
  24  n251_252    0.00%    passed     60.57%
  25  n200_201    0.00%    passed     82.71%
  26  n300_301    0.00%    passed     78.40%
****  TOTAL       0.00%  0 sequences failed composition chi2 test (p-value<5%; df=3)

Create initial parsimony tree by phylogenetic likelihood library (PLL)... 0.001 seconds

NOTE: 0 MB RAM is required!
Estimate model parameters (epsilon = 0.100)
1. Initial log-likelihood: -2068.918
2. Current log-likelihood: -2027.523
3. Current log-likelihood: -2027.147
Optimal log-likelihood: -2027.139
Rate parameters:  A-C: 0.876  A-G: 0.948  A-T: 0.755  C-G: 0.776  C-T: 1.093  G-T: 1.000
Base frequencies:   A: 0.240  C: 0.259  G: 0.239  T: 0.262
Gamma shape alpha: 8.358
Parameters optimization took 3 rounds (0.026 sec)
--------------------------------------------------------------------
|             INITIALIZING CANDIDATE TREE SET                      |
--------------------------------------------------------------------
Computing ML distances based on estimated model parameters... 0.004 sec
Computing BIONJ tree...
0.000 seconds
Log-likelihood of BIONJ tree: -2027.139
Generating 98 parsimony trees... 0.107 seconds 96 distinct starting trees
Computing log-likelihood of 96 initial trees ... 0.208 seconds
Optimizing top 20 initial trees with NNI...
Iteration 1 / LogL: -2027.139 / Time: 0h:0m:0s
Estimate model parameters (epsilon = 0.100)
BETTER SCORE FOUND at iteration 1: -2027.138
Iteration 2 / LogL: -2027.139 / Time: 0h:0m:0s
Iteration 3 / LogL: -2027.140 / Time: 0h:0m:0s
Iteration 4 / LogL: -2027.140 / Time: 0h:0m:0s
Iteration 5 / LogL: -2027.140 / Time: 0h:0m:0s
Iteration 6 / LogL: -2027.140 / Time: 0h:0m:0s
Iteration 7 / LogL: -2027.140 / Time: 0h:0m:0s
Iteration 8 / LogL: -2027.140 / Time: 0h:0m:0s
Iteration 9 / LogL: -2027.140 / Time: 0h:0m:0s
Iteration 10 / LogL: -2027.140 / Time: 0h:0m:0s
Iteration 11 / LogL: -2027.140 / Time: 0h:0m:0s
Iteration 12 / LogL: -2027.140 / Time: 0h:0m:0s
Iteration 13 / LogL: -2027.140 / Time: 0h:0m:0s
Iteration 14 / LogL: -2027.140 / Time: 0h:0m:0s
Iteration 15 / LogL: -2027.140 / Time: 0h:0m:0s
Iteration 16 / LogL: -2027.140 / Time: 0h:0m:0s
Iteration 17 / LogL: -2027.140 / Time: 0h:0m:0s
Iteration 18 / LogL: -2027.140 / Time: 0h:0m:0s
Iteration 19 / LogL: -2027.140 / Time: 0h:0m:0s
Iteration 20 / LogL: -2027.140 / Time: 0h:0m:0s
Average CPU time for 1 NNI search: 0.005
Finish initializing candidate tree set. Number of distinct locally optimal trees: 20
Current best tree score: -2027.138 / CPU time: 0.420
--------------------------------------------------------------------
|               OPTIMIZING CANDIDATE TREE SET                      |
--------------------------------------------------------------------
Iteration 30 / LogL: -2027.138 / Time: 0h:0m:0s (0h:0m:1s left)
Iteration 40 / LogL: -2027.138 / Time: 0h:0m:0s (0h:0m:1s left)
Iteration 50 / LogL: -2037.151 / Time: 0h:0m:0s (0h:0m:0s left)
Iteration 60 / LogL: -2027.159 / Time: 0h:0m:1s (0h:0m:0s left)
Iteration 70 / LogL: -2027.138 / Time: 0h:0m:1s (0h:0m:0s left)
Iteration 80 / LogL: -2027.149 / Time: 0h:0m:1s (0h:0m:0s left)
Iteration 90 / LogL: -2027.142 / Time: 0h:0m:1s (0h:0m:0s left)
Iteration 100 / LogL: -2027.158 / Time: 0h:0m:1s (0h:0m:0s left)
TREE SEARCH COMPLETED AFTER 101 ITERATIONS / Time: 0h:0m:1s

--------------------------------------------------------------------
|                    FINALIZING TREE SEARCH                        |
--------------------------------------------------------------------
Performs final model parameters optimization
Estimate model parameters (epsilon = 0.010)
1. Initial log-likelihood: -2027.138
Optimal log-likelihood: -2027.138
Rate parameters:  A-C: 0.874  A-G: 0.947  A-T: 0.754  C-G: 0.775  C-T: 1.091  G-T: 1.000
Base frequencies:   A: 0.240  C: 0.259  G: 0.239  T: 0.262
Gamma shape alpha: 8.358
Parameters optimization took 1 rounds (0.005 sec)
BEST SCORE FOUND : -2027.138

Testing tree branches by SH-like aLRT with 1000 replicates...
CPU Time used:  0.116 sec.
Total tree length: 1.146

Total number of iterations: 101
CPU time used for tree search: 1.712 sec (0h:0m:1s)
Wall-clock time used for tree search: 1.716 sec (0h:0m:1s)
Total CPU time used: 1.876 sec (0h:0m:1s)
Total wall-clock time used: 1.879 sec (0h:0m:1s)

Analysis results written to: 
  IQ-TREE report:                ../simulations/data_D1T2L3I5T4//S/447_pruned.fasta.iqtree
  Maximum-likelihood tree:       ../simulations/data_D1T2L3I5T4//S/447_pruned.fasta.treefile
  Likelihood distances:          ../simulations/data_D1T2L3I5T4//S/447_pruned.fasta.mldist
  Screen log file:               ../simulations/data_D1T2L3I5T4//S/447_pruned.fasta.log

Date and Time: Fri May 25 14:28:33 2018
