IQ-TREE version 1.4.2 for Linux 64-bit built Apr 15 2016
Copyright (c) 2011-2015 Nguyen Lam Tung, Olga Chernomor, Arndt von Haeseler and Bui Quang Minh.

Host:    meduse (AVX2, FMA3, 7 GB RAM)
Command: /home/tannier/programs/iqtree/iqtree-1.4.2-Linux/bin//iqtree -s ../simulations/data_D1T2L3I5T4//S/474_pruned.fasta -m GTR+G -alrt 1000 -redo
Seed:    373318 (Using SPRNG - Scalable Parallel Random Number Generator)
Time:    Fri May 25 14:11:38 2018
Kernel:  AVX

NOTE: Consider using the multicore version because your CPU has 4 cores!

Reading alignment file ../simulations/data_D1T2L3I5T4//S/474_pruned.fasta ... Fasta format detected
Alignment most likely contains DNA/RNA sequences
Alignment has 26 sequences with 300 columns and 170 patterns (149 informative sites)
          Gap/Ambiguity  Composition  p-value
   1  n236_237    0.00%    passed     92.55%
   2  n266_267    0.00%    passed     93.99%
   3  n296_297    0.00%    passed     86.88%
   4  n277_278    0.00%    passed     88.11%
   5  n290_291    0.00%    passed     86.45%
   6  n255_256    0.00%    passed     31.46%
   7  n295_296    0.00%    passed     86.88%
   8  n286_287    0.00%    passed     80.63%
   9  n298_299    0.00%    passed     82.22%
  10  n299_300    0.00%    passed     95.22%
  11  n287_288    0.00%    passed     87.94%
  12  n278_279    0.00%    passed     92.82%
  13  n292_293    0.00%    passed     93.50%
  14  n265_266    0.00%    passed     99.92%
  15  n289_290    0.00%    passed     87.95%
  16  n293_294    0.00%    passed     79.32%
  17  n280_281    0.00%    passed     91.94%
  18  n274_275    0.00%    passed     92.07%
  19  n275_276    0.00%    passed     93.70%
  20  n285_286    0.00%    passed     79.25%
  21  n294_295    0.00%    passed     86.00%
  22  n297_298    0.00%    passed     82.22%
  23  n244_245    0.00%    passed     22.70%
  24  n251_252    0.00%    passed     20.26%
  25  n200_201    0.00%    passed     92.07%
  26  n300_301    0.00%    passed     95.22%
****  TOTAL       0.00%  0 sequences failed composition chi2 test (p-value<5%; df=3)
NOTE: 3 identical sequences (see below) will be ignored for subsequent analysis
NOTE: n295_296 (identical to n296_297) is ignored but added at the end
NOTE: n297_298 (identical to n298_299) is ignored but added at the end
NOTE: n300_301 (identical to n299_300) is ignored but added at the end

Create initial parsimony tree by phylogenetic likelihood library (PLL)... 0.001 seconds

NOTE: 0 MB RAM is required!
Estimate model parameters (epsilon = 0.100)
1. Initial log-likelihood: -2048.386
2. Current log-likelihood: -2009.268
3. Current log-likelihood: -2008.899
Optimal log-likelihood: -2008.876
Rate parameters:  A-C: 1.131  A-G: 0.986  A-T: 0.923  C-G: 0.773  C-T: 0.959  G-T: 1.000
Base frequencies:   A: 0.251  C: 0.257  G: 0.253  T: 0.239
Gamma shape alpha: 5.369
Parameters optimization took 3 rounds (0.024 sec)
--------------------------------------------------------------------
|             INITIALIZING CANDIDATE TREE SET                      |
--------------------------------------------------------------------
Computing ML distances based on estimated model parameters... 0.000 sec
Computing BIONJ tree...
0.000 seconds
Log-likelihood of BIONJ tree: -2008.877
Generating 98 parsimony trees... 0.089 seconds 34 distinct starting trees
Computing log-likelihood of 34 initial trees ... 0.064 seconds
Optimizing top 20 initial trees with NNI...
Iteration 1 / LogL: -2008.877 / Time: 0h:0m:0s
Estimate model parameters (epsilon = 0.100)
BETTER SCORE FOUND at iteration 1: -2008.864
Iteration 2 / LogL: -2008.865 / Time: 0h:0m:0s
Iteration 3 / LogL: -2008.863 / Time: 0h:0m:0s
Iteration 4 / LogL: -2008.863 / Time: 0h:0m:0s
Iteration 5 / LogL: -2008.863 / Time: 0h:0m:0s
Iteration 6 / LogL: -2008.863 / Time: 0h:0m:0s
Iteration 7 / LogL: -2008.863 / Time: 0h:0m:0s
Iteration 8 / LogL: -2008.863 / Time: 0h:0m:0s
Iteration 9 / LogL: -2008.863 / Time: 0h:0m:0s
Iteration 10 / LogL: -2008.863 / Time: 0h:0m:0s
Iteration 11 / LogL: -2008.863 / Time: 0h:0m:0s
Iteration 12 / LogL: -2008.863 / Time: 0h:0m:0s
Iteration 13 / LogL: -2008.863 / Time: 0h:0m:0s
Iteration 14 / LogL: -2008.863 / Time: 0h:0m:0s
Iteration 15 / LogL: -2008.863 / Time: 0h:0m:0s
Iteration 16 / LogL: -2008.863 / Time: 0h:0m:0s
Iteration 17 / LogL: -2008.863 / Time: 0h:0m:0s
Iteration 18 / LogL: -2008.863 / Time: 0h:0m:0s
Iteration 19 / LogL: -2008.864 / Time: 0h:0m:0s
Iteration 20 / LogL: -2008.864 / Time: 0h:0m:0s
Average CPU time for 1 NNI search: 0.006
Finish initializing candidate tree set. Number of distinct locally optimal trees: 13
Current best tree score: -2008.863 / CPU time: 0.268
--------------------------------------------------------------------
|               OPTIMIZING CANDIDATE TREE SET                      |
--------------------------------------------------------------------
Iteration 30 / LogL: -2008.865 / Time: 0h:0m:0s (0h:0m:1s left)
Iteration 40 / LogL: -2014.751 / Time: 0h:0m:0s (0h:0m:0s left)
Iteration 50 / LogL: -2008.865 / Time: 0h:0m:0s (0h:0m:0s left)
Iteration 60 / LogL: -2008.864 / Time: 0h:0m:0s (0h:0m:0s left)
Iteration 70 / LogL: -2026.089 / Time: 0h:0m:1s (0h:0m:0s left)
Iteration 80 / LogL: -2008.864 / Time: 0h:0m:1s (0h:0m:0s left)
Iteration 90 / LogL: -2008.868 / Time: 0h:0m:1s (0h:0m:0s left)
Iteration 100 / LogL: -2026.092 / Time: 0h:0m:1s (0h:0m:0s left)
TREE SEARCH COMPLETED AFTER 101 ITERATIONS / Time: 0h:0m:1s

--------------------------------------------------------------------
|                    FINALIZING TREE SEARCH                        |
--------------------------------------------------------------------
Performs final model parameters optimization
Estimate model parameters (epsilon = 0.010)
1. Initial log-likelihood: -2008.863
Optimal log-likelihood: -2008.863
Rate parameters:  A-C: 1.122  A-G: 0.966  A-T: 0.914  C-G: 0.769  C-T: 0.962  G-T: 1.000
Base frequencies:   A: 0.251  C: 0.257  G: 0.253  T: 0.239
Gamma shape alpha: 5.369
Parameters optimization took 1 rounds (0.005 sec)
BEST SCORE FOUND : -2008.863

Testing tree branches by SH-like aLRT with 1000 replicates...
CPU Time used:  0.100 sec.
Total tree length: 1.201

Total number of iterations: 101
CPU time used for tree search: 1.464 sec (0h:0m:1s)
Wall-clock time used for tree search: 1.463 sec (0h:0m:1s)
Total CPU time used: 1.608 sec (0h:0m:1s)
Total wall-clock time used: 1.608 sec (0h:0m:1s)

Analysis results written to: 
  IQ-TREE report:                ../simulations/data_D1T2L3I5T4//S/474_pruned.fasta.iqtree
  Maximum-likelihood tree:       ../simulations/data_D1T2L3I5T4//S/474_pruned.fasta.treefile
  Likelihood distances:          ../simulations/data_D1T2L3I5T4//S/474_pruned.fasta.mldist
  Screen log file:               ../simulations/data_D1T2L3I5T4//S/474_pruned.fasta.log

Date and Time: Fri May 25 14:11:39 2018
