IQ-TREE version 1.4.2 for Linux 64-bit built Apr 15 2016
Copyright (c) 2011-2015 Nguyen Lam Tung, Olga Chernomor, Arndt von Haeseler and Bui Quang Minh.

Host:    meduse (AVX2, FMA3, 7 GB RAM)
Command: /home/tannier/programs/iqtree/iqtree-1.4.2-Linux/bin//iqtree -s ../simulations/data_D1T2L3I5T4//S/475_pruned.fasta -m GTR+G -alrt 1000 -redo
Seed:    437227 (Using SPRNG - Scalable Parallel Random Number Generator)
Time:    Fri May 25 14:27:12 2018
Kernel:  AVX

NOTE: Consider using the multicore version because your CPU has 4 cores!

Reading alignment file ../simulations/data_D1T2L3I5T4//S/475_pruned.fasta ... Fasta format detected
Alignment most likely contains DNA/RNA sequences
Alignment has 26 sequences with 300 columns and 167 patterns (153 informative sites)
          Gap/Ambiguity  Composition  p-value
   1  n236_237    0.00%    passed     81.42%
   2  n266_267    0.00%    passed     39.23%
   3  n296_297    0.00%    passed     92.53%
   4  n277_278    0.00%    passed     84.06%
   5  n290_291    0.00%    passed     74.99%
   6  n255_256    0.00%    passed     37.74%
   7  n295_296    0.00%    passed     91.48%
   8  n286_287    0.00%    passed     83.70%
   9  n298_299    0.00%    passed     96.07%
  10  n299_300    0.00%    passed     98.41%
  11  n287_288    0.00%    passed     74.99%
  12  n278_279    0.00%    passed     97.00%
  13  n292_293    0.00%    passed     98.41%
  14  n265_266    0.00%    passed     33.52%
  15  n289_290    0.00%    passed     63.69%
  16  n293_294    0.00%    passed     89.16%
  17  n280_281    0.00%    passed     98.41%
  18  n274_275    0.00%    passed     98.41%
  19  n275_276    0.00%    passed     87.90%
  20  n285_286    0.00%    passed     76.12%
  21  n294_295    0.00%    passed     93.14%
  22  n297_298    0.00%    passed     96.07%
  23  n244_245    0.00%    passed     25.78%
  24  n251_252    0.00%    passed     44.68%
  25  n200_201    0.00%    passed     78.20%
  26  n300_301    0.00%    passed     98.41%
****  TOTAL       0.00%  0 sequences failed composition chi2 test (p-value<5%; df=3)
NOTE: 5 identical sequences (see below) will be ignored for subsequent analysis
NOTE: n297_298 (identical to n298_299) is ignored but added at the end
NOTE: n292_293 (identical to n299_300) is ignored but added at the end
NOTE: n280_281 (identical to n299_300) is ignored but added at the end
NOTE: n274_275 (identical to n299_300) is ignored but added at the end
NOTE: n300_301 (identical to n299_300) is ignored but added at the end

Create initial parsimony tree by phylogenetic likelihood library (PLL)... 0.001 seconds

NOTE: 0 MB RAM is required!
Estimate model parameters (epsilon = 0.100)
1. Initial log-likelihood: -1937.682
2. Current log-likelihood: -1898.104
3. Current log-likelihood: -1897.552
Optimal log-likelihood: -1897.544
Rate parameters:  A-C: 1.427  A-G: 1.445  A-T: 1.332  C-G: 1.175  C-T: 1.806  G-T: 1.000
Base frequencies:   A: 0.269  C: 0.247  G: 0.247  T: 0.238
Gamma shape alpha: 22.586
Parameters optimization took 3 rounds (0.022 sec)
--------------------------------------------------------------------
|             INITIALIZING CANDIDATE TREE SET                      |
--------------------------------------------------------------------
Computing ML distances based on estimated model parameters... 0.004 sec
Computing BIONJ tree...
0.001 seconds
Log-likelihood of BIONJ tree: -1897.544
Generating 99 parsimony trees... 0.072 seconds 3 distinct starting trees
Computing log-likelihood of 3 initial trees ... 0.003 seconds
Optimizing top 3 initial trees with NNI...
Iteration 1 / LogL: -1897.544 / Time: 0h:0m:0s
Estimate model parameters (epsilon = 0.100)
BETTER SCORE FOUND at iteration 1: -1897.540
Iteration 2 / LogL: -1897.557 / Time: 0h:0m:0s
Iteration 3 / LogL: -1897.557 / Time: 0h:0m:0s
Average CPU time for 1 NNI search: 0.005
Finish initializing candidate tree set. Number of distinct locally optimal trees: 3
Current best tree score: -1897.540 / CPU time: 0.092
--------------------------------------------------------------------
|               OPTIMIZING CANDIDATE TREE SET                      |
--------------------------------------------------------------------
Iteration 10 / LogL: -1897.598 / Time: 0h:0m:0s
Iteration 20 / LogL: -1897.544 / Time: 0h:0m:0s (0h:0m:1s left)
Iteration 30 / LogL: -1897.571 / Time: 0h:0m:0s (0h:0m:1s left)
Iteration 40 / LogL: -1897.542 / Time: 0h:0m:0s (0h:0m:0s left)
Iteration 50 / LogL: -1897.542 / Time: 0h:0m:0s (0h:0m:0s left)
Iteration 60 / LogL: -1897.543 / Time: 0h:0m:0s (0h:0m:0s left)
Iteration 70 / LogL: -1897.550 / Time: 0h:0m:0s (0h:0m:0s left)
Iteration 80 / LogL: -1897.572 / Time: 0h:0m:1s (0h:0m:0s left)
Iteration 90 / LogL: -1897.541 / Time: 0h:0m:1s (0h:0m:0s left)
Iteration 100 / LogL: -1897.550 / Time: 0h:0m:1s (0h:0m:0s left)
TREE SEARCH COMPLETED AFTER 101 ITERATIONS / Time: 0h:0m:1s

--------------------------------------------------------------------
|                    FINALIZING TREE SEARCH                        |
--------------------------------------------------------------------
Performs final model parameters optimization
Estimate model parameters (epsilon = 0.010)
1. Initial log-likelihood: -1897.540
Optimal log-likelihood: -1897.537
Rate parameters:  A-C: 1.419  A-G: 1.433  A-T: 1.327  C-G: 1.163  C-T: 1.783  G-T: 1.000
Base frequencies:   A: 0.269  C: 0.247  G: 0.247  T: 0.238
Gamma shape alpha: 22.816
Parameters optimization took 1 rounds (0.004 sec)
BEST SCORE FOUND : -1897.537

Testing tree branches by SH-like aLRT with 1000 replicates...
CPU Time used:  0.092 sec.
Total tree length: 1.087

Total number of iterations: 101
CPU time used for tree search: 1.288 sec (0h:0m:1s)
Wall-clock time used for tree search: 1.287 sec (0h:0m:1s)
Total CPU time used: 1.424 sec (0h:0m:1s)
Total wall-clock time used: 1.423 sec (0h:0m:1s)

Analysis results written to: 
  IQ-TREE report:                ../simulations/data_D1T2L3I5T4//S/475_pruned.fasta.iqtree
  Maximum-likelihood tree:       ../simulations/data_D1T2L3I5T4//S/475_pruned.fasta.treefile
  Likelihood distances:          ../simulations/data_D1T2L3I5T4//S/475_pruned.fasta.mldist
  Screen log file:               ../simulations/data_D1T2L3I5T4//S/475_pruned.fasta.log

Date and Time: Fri May 25 14:27:13 2018
