IQ-TREE version 1.4.2 for Linux 64-bit built Apr 15 2016
Copyright (c) 2011-2015 Nguyen Lam Tung, Olga Chernomor, Arndt von Haeseler and Bui Quang Minh.

Host:    meduse (AVX2, FMA3, 7 GB RAM)
Command: /home/tannier/programs/iqtree/iqtree-1.4.2-Linux/bin//iqtree -s ../simulations/data_D1T2L3I5T4//S/476_pruned.fasta -m GTR+G -alrt 1000 -redo
Seed:    447325 (Using SPRNG - Scalable Parallel Random Number Generator)
Time:    Fri May 25 14:30:01 2018
Kernel:  AVX

NOTE: Consider using the multicore version because your CPU has 4 cores!

Reading alignment file ../simulations/data_D1T2L3I5T4//S/476_pruned.fasta ... Fasta format detected
Alignment most likely contains DNA/RNA sequences
Alignment has 26 sequences with 300 columns and 179 patterns (149 informative sites)
          Gap/Ambiguity  Composition  p-value
   1  n236_237    0.00%    passed     83.86%
   2  n266_267    0.00%    passed     85.16%
   3  n296_297    0.00%    passed     95.33%
   4  n277_278    0.00%    passed     81.80%
   5  n290_291    0.00%    passed     96.79%
   6  n255_256    0.00%    passed     55.24%
   7  n295_296    0.00%    passed     97.01%
   8  n286_287    0.00%    passed     95.52%
   9  n298_299    0.00%    passed     84.37%
  10  n299_300    0.00%    passed     92.39%
  11  n287_288    0.00%    passed     92.57%
  12  n278_279    0.00%    passed     90.17%
  13  n292_293    0.00%    passed     90.33%
  14  n265_266    0.00%    passed     89.75%
  15  n289_290    0.00%    passed     94.54%
  16  n293_294    0.00%    passed     94.91%
  17  n280_281    0.00%    passed     90.19%
  18  n274_275    0.00%    passed     79.91%
  19  n275_276    0.00%    passed     99.11%
  20  n285_286    0.00%    passed     98.33%
  21  n294_295    0.00%    passed     95.75%
  22  n297_298    0.00%    passed     76.92%
  23  n244_245    0.00%    passed     53.81%
  24  n251_252    0.00%    passed     46.87%
  25  n200_201    0.00%    passed     92.29%
  26  n300_301    0.00%    passed     87.57%
****  TOTAL       0.00%  0 sequences failed composition chi2 test (p-value<5%; df=3)

Create initial parsimony tree by phylogenetic likelihood library (PLL)... 0.001 seconds

NOTE: 0 MB RAM is required!
Estimate model parameters (epsilon = 0.100)
1. Initial log-likelihood: -2085.797
2. Current log-likelihood: -2032.676
3. Current log-likelihood: -2031.953
Optimal log-likelihood: -2031.915
Rate parameters:  A-C: 0.908  A-G: 1.050  A-T: 1.105  C-G: 1.141  C-T: 1.253  G-T: 1.000
Base frequencies:   A: 0.226  C: 0.293  G: 0.251  T: 0.231
Gamma shape alpha: 86.737
Parameters optimization took 3 rounds (0.029 sec)
--------------------------------------------------------------------
|             INITIALIZING CANDIDATE TREE SET                      |
--------------------------------------------------------------------
Computing ML distances based on estimated model parameters... 0.004 sec
Computing BIONJ tree...
0.000 seconds
Log-likelihood of BIONJ tree: -2031.915
Generating 98 parsimony trees... 0.095 seconds 16 distinct starting trees
Computing log-likelihood of 16 initial trees ... 0.032 seconds
Optimizing top 16 initial trees with NNI...
Iteration 1 / LogL: -2031.911 / Time: 0h:0m:0s
Estimate model parameters (epsilon = 0.100)
BETTER SCORE FOUND at iteration 1: -2031.894
Iteration 2 / LogL: -2031.896 / Time: 0h:0m:0s
Iteration 3 / LogL: -2031.896 / Time: 0h:0m:0s
Iteration 4 / LogL: -2031.896 / Time: 0h:0m:0s
Iteration 5 / LogL: -2031.896 / Time: 0h:0m:0s
Iteration 6 / LogL: -2031.896 / Time: 0h:0m:0s
Iteration 7 / LogL: -2031.896 / Time: 0h:0m:0s
Iteration 8 / LogL: -2031.896 / Time: 0h:0m:0s
Iteration 9 / LogL: -2031.893 / Time: 0h:0m:0s
Iteration 10 / LogL: -2031.894 / Time: 0h:0m:0s
Iteration 11 / LogL: -2031.894 / Time: 0h:0m:0s
Iteration 12 / LogL: -2031.894 / Time: 0h:0m:0s
Iteration 13 / LogL: -2031.894 / Time: 0h:0m:0s
Iteration 14 / LogL: -2031.894 / Time: 0h:0m:0s
Iteration 15 / LogL: -2031.894 / Time: 0h:0m:0s
Iteration 16 / LogL: -2031.894 / Time: 0h:0m:0s
Average CPU time for 1 NNI search: 0.007
Finish initializing candidate tree set. Number of distinct locally optimal trees: 8
Current best tree score: -2031.893 / CPU time: 0.228
--------------------------------------------------------------------
|               OPTIMIZING CANDIDATE TREE SET                      |
--------------------------------------------------------------------
Iteration 20 / LogL: -2031.899 / Time: 0h:0m:0s (0h:0m:1s left)
Iteration 30 / LogL: -2031.899 / Time: 0h:0m:0s (0h:0m:1s left)
Iteration 40 / LogL: -2031.894 / Time: 0h:0m:0s (0h:0m:0s left)
Iteration 50 / LogL: -2031.919 / Time: 0h:0m:0s (0h:0m:0s left)
Iteration 60 / LogL: -2031.901 / Time: 0h:0m:0s (0h:0m:0s left)
Iteration 70 / LogL: -2031.935 / Time: 0h:0m:1s (0h:0m:0s left)
Iteration 80 / LogL: -2042.724 / Time: 0h:0m:1s (0h:0m:0s left)
Iteration 90 / LogL: -2031.924 / Time: 0h:0m:1s (0h:0m:0s left)
Iteration 100 / LogL: -2031.893 / Time: 0h:0m:1s (0h:0m:0s left)
TREE SEARCH COMPLETED AFTER 101 ITERATIONS / Time: 0h:0m:1s

--------------------------------------------------------------------
|                    FINALIZING TREE SEARCH                        |
--------------------------------------------------------------------
Performs final model parameters optimization
Estimate model parameters (epsilon = 0.010)
1. Initial log-likelihood: -2031.893
Optimal log-likelihood: -2031.893
Rate parameters:  A-C: 0.903  A-G: 1.052  A-T: 1.105  C-G: 1.121  C-T: 1.271  G-T: 1.000
Base frequencies:   A: 0.226  C: 0.293  G: 0.251  T: 0.231
Gamma shape alpha: 80.721
Parameters optimization took 1 rounds (0.005 sec)
BEST SCORE FOUND : -2031.893

Testing tree branches by SH-like aLRT with 1000 replicates...
CPU Time used:  0.116 sec.
Total tree length: 1.172

Total number of iterations: 101
CPU time used for tree search: 1.592 sec (0h:0m:1s)
Wall-clock time used for tree search: 1.601 sec (0h:0m:1s)
Total CPU time used: 1.760 sec (0h:0m:1s)
Total wall-clock time used: 1.768 sec (0h:0m:1s)

Analysis results written to: 
  IQ-TREE report:                ../simulations/data_D1T2L3I5T4//S/476_pruned.fasta.iqtree
  Maximum-likelihood tree:       ../simulations/data_D1T2L3I5T4//S/476_pruned.fasta.treefile
  Likelihood distances:          ../simulations/data_D1T2L3I5T4//S/476_pruned.fasta.mldist
  Screen log file:               ../simulations/data_D1T2L3I5T4//S/476_pruned.fasta.log

Date and Time: Fri May 25 14:30:03 2018
