IQ-TREE version 1.4.2 for Linux 64-bit built Apr 15 2016
Copyright (c) 2011-2015 Nguyen Lam Tung, Olga Chernomor, Arndt von Haeseler and Bui Quang Minh.

Host:    meduse (AVX2, FMA3, 7 GB RAM)
Command: /home/tannier/programs/iqtree/iqtree-1.4.2-Linux/bin//iqtree -s ../simulations/data_D1T2L3I5T4//S/47_pruned.fasta -m GTR+G -alrt 1000 -redo
Seed:    535469 (Using SPRNG - Scalable Parallel Random Number Generator)
Time:    Fri May 25 14:16:56 2018
Kernel:  AVX

NOTE: Consider using the multicore version because your CPU has 4 cores!

Reading alignment file ../simulations/data_D1T2L3I5T4//S/47_pruned.fasta ... Fasta format detected
Alignment most likely contains DNA/RNA sequences
Alignment has 26 sequences with 300 columns and 177 patterns (152 informative sites)
          Gap/Ambiguity  Composition  p-value
   1  n287_292    0.00%    passed     99.71%
   2  n277_282    0.00%    passed     78.85%
   3  n292_297    0.00%    passed     84.23%
   4  n296_301    0.00%    passed     98.91%
   5  n295_300    0.00%    passed     99.03%
   6  n285_290    0.00%    passed     90.76%
   7  n200_205    0.00%    passed     69.87%
   8  n274_279    0.00%    passed     87.89%
   9  n265_270    0.00%    passed     91.34%
  10  n300_305    0.00%    passed     84.23%
  11  n293_298    0.00%    passed     96.48%
  12  n290_295    0.00%    passed     99.77%
  13  n251_256    0.00%    passed     69.01%
  14  n299_304    0.00%    passed     84.23%
  15  n255_260    0.00%    passed     69.01%
  16  n236_241    0.00%    passed     92.32%
  17  n289_294    0.00%    passed     99.01%
  18  n294_299    0.00%    passed     98.50%
  19  n244_249    0.00%    passed     85.39%
  20  n278_283    0.00%    passed     75.79%
  21  n280_285    0.00%    passed     79.22%
  22  n298_303    0.00%    passed     97.17%
  23  n266_271    0.00%    passed     99.20%
  24  n297_302    0.00%    passed     97.17%
  25  n286_291    0.00%    passed     88.08%
  26  n275_280    0.00%    passed     94.32%
****  TOTAL       0.00%  0 sequences failed composition chi2 test (p-value<5%; df=3)
NOTE: 3 identical sequences (see below) will be ignored for subsequent analysis
NOTE: n300_305 (identical to n292_297) is ignored but added at the end
NOTE: n299_304 (identical to n292_297) is ignored but added at the end
NOTE: n297_302 (identical to n298_303) is ignored but added at the end

Create initial parsimony tree by phylogenetic likelihood library (PLL)... 0.001 seconds

NOTE: 0 MB RAM is required!
Estimate model parameters (epsilon = 0.100)
1. Initial log-likelihood: -2028.871
2. Current log-likelihood: -1986.459
3. Current log-likelihood: -1986.113
Optimal log-likelihood: -1986.047
Rate parameters:  A-C: 0.980  A-G: 1.459  A-T: 1.287  C-G: 1.092  C-T: 1.269  G-T: 1.000
Base frequencies:   A: 0.207  C: 0.289  G: 0.263  T: 0.241
Gamma shape alpha: 7.081
Parameters optimization took 3 rounds (0.022 sec)
--------------------------------------------------------------------
|             INITIALIZING CANDIDATE TREE SET                      |
--------------------------------------------------------------------
Computing ML distances based on estimated model parameters... 0.004 sec
Computing BIONJ tree...
0.001 seconds
Log-likelihood of BIONJ tree: -1986.047
Generating 98 parsimony trees... 0.080 seconds 9 distinct starting trees
Computing log-likelihood of 9 initial trees ... 0.014 seconds
Optimizing top 9 initial trees with NNI...
Iteration 1 / LogL: -1986.047 / Time: 0h:0m:0s
Estimate model parameters (epsilon = 0.100)
BETTER SCORE FOUND at iteration 1: -1986.002
Iteration 2 / LogL: -1986.003 / Time: 0h:0m:0s
Iteration 3 / LogL: -1986.004 / Time: 0h:0m:0s
Iteration 4 / LogL: -1986.004 / Time: 0h:0m:0s
Iteration 5 / LogL: -1986.004 / Time: 0h:0m:0s
Iteration 6 / LogL: -1986.004 / Time: 0h:0m:0s
Iteration 7 / LogL: -1986.004 / Time: 0h:0m:0s
Iteration 8 / LogL: -1986.004 / Time: 0h:0m:0s
Iteration 9 / LogL: -1986.004 / Time: 0h:0m:0s
Average CPU time for 1 NNI search: 0.005
Finish initializing candidate tree set. Number of distinct locally optimal trees: 9
Current best tree score: -1986.002 / CPU time: 0.140
--------------------------------------------------------------------
|               OPTIMIZING CANDIDATE TREE SET                      |
--------------------------------------------------------------------
Iteration 10 / LogL: -1986.040 / Time: 0h:0m:0s
Iteration 20 / LogL: -1986.002 / Time: 0h:0m:0s (0h:0m:1s left)
Iteration 30 / LogL: -1986.088 / Time: 0h:0m:0s (0h:0m:1s left)
Iteration 40 / LogL: -1990.577 / Time: 0h:0m:0s (0h:0m:0s left)
Iteration 50 / LogL: -1986.002 / Time: 0h:0m:0s (0h:0m:0s left)
Iteration 60 / LogL: -1986.002 / Time: 0h:0m:0s (0h:0m:0s left)
Iteration 70 / LogL: -1990.585 / Time: 0h:0m:1s (0h:0m:0s left)
Iteration 80 / LogL: -1986.004 / Time: 0h:0m:1s (0h:0m:0s left)
Iteration 90 / LogL: -2281.690 / Time: 0h:0m:1s (0h:0m:0s left)
Iteration 100 / LogL: -1994.417 / Time: 0h:0m:1s (0h:0m:0s left)
TREE SEARCH COMPLETED AFTER 101 ITERATIONS / Time: 0h:0m:1s

--------------------------------------------------------------------
|                    FINALIZING TREE SEARCH                        |
--------------------------------------------------------------------
Performs final model parameters optimization
Estimate model parameters (epsilon = 0.010)
1. Initial log-likelihood: -1986.002
2. Current log-likelihood: -1985.988
3. Current log-likelihood: -1985.970
Optimal log-likelihood: -1985.964
Rate parameters:  A-C: 0.918  A-G: 1.387  A-T: 1.231  C-G: 1.072  C-T: 1.215  G-T: 1.000
Base frequencies:   A: 0.207  C: 0.289  G: 0.263  T: 0.241
Gamma shape alpha: 7.288
Parameters optimization took 3 rounds (0.013 sec)
BEST SCORE FOUND : -1985.964

Testing tree branches by SH-like aLRT with 1000 replicates...
CPU Time used:  0.108 sec.
Total tree length: 1.167

Total number of iterations: 101
CPU time used for tree search: 1.440 sec (0h:0m:1s)
Wall-clock time used for tree search: 1.439 sec (0h:0m:1s)
Total CPU time used: 1.600 sec (0h:0m:1s)
Total wall-clock time used: 1.599 sec (0h:0m:1s)

Analysis results written to: 
  IQ-TREE report:                ../simulations/data_D1T2L3I5T4//S/47_pruned.fasta.iqtree
  Maximum-likelihood tree:       ../simulations/data_D1T2L3I5T4//S/47_pruned.fasta.treefile
  Likelihood distances:          ../simulations/data_D1T2L3I5T4//S/47_pruned.fasta.mldist
  Screen log file:               ../simulations/data_D1T2L3I5T4//S/47_pruned.fasta.log

Date and Time: Fri May 25 14:16:58 2018
