IQ-TREE version 1.4.2 for Linux 64-bit built Apr 15 2016
Copyright (c) 2011-2015 Nguyen Lam Tung, Olga Chernomor, Arndt von Haeseler and Bui Quang Minh.

Host:    meduse (AVX2, FMA3, 7 GB RAM)
Command: /home/tannier/programs/iqtree/iqtree-1.4.2-Linux/bin//iqtree -s ../simulations/data_D1T2L3I5T4//S/481_pruned.fasta -m GTR+G -alrt 1000 -redo
Seed:    171367 (Using SPRNG - Scalable Parallel Random Number Generator)
Time:    Fri May 25 14:12:37 2018
Kernel:  AVX

NOTE: Consider using the multicore version because your CPU has 4 cores!

Reading alignment file ../simulations/data_D1T2L3I5T4//S/481_pruned.fasta ... Fasta format detected
Alignment most likely contains DNA/RNA sequences
Alignment has 26 sequences with 300 columns and 173 patterns (160 informative sites)
          Gap/Ambiguity  Composition  p-value
   1  n244_243    0.00%    passed     24.07%
   2  n255_254    0.00%    passed     61.88%
   3  n292_291    0.00%    passed     99.13%
   4  n251_250    0.00%    passed     72.50%
   5  n294_293    0.00%    passed     92.67%
   6  n296_295    0.00%    passed     85.14%
   7  n290_289    0.00%    passed     85.44%
   8  n297_296    0.00%    passed     88.24%
   9  n265_264    0.00%    passed     90.48%
  10  n274_273    0.00%    passed     84.02%
  11  n236_235    0.00%    passed     82.71%
  12  n298_297    0.00%    passed     87.20%
  13  n286_285    0.00%    passed     89.61%
  14  n280_279    0.00%    passed     99.59%
  15  n295_294    0.00%    passed     87.38%
  16  n299_298    0.00%    passed     99.86%
  17  n285_284    0.00%    passed     93.52%
  18  n300_299    0.00%    passed     99.86%
  19  n293_292    0.00%    passed     88.18%
  20  n266_265    0.00%    passed     89.61%
  21  n277_276    0.00%    passed     85.87%
  22  n289_288    0.00%    passed     82.15%
  23  n287_286    0.00%    passed     82.47%
  24  n278_277    0.00%    passed     91.84%
  25  n200_199    0.00%    passed     87.60%
  26  n275_274    0.00%    passed     92.27%
****  TOTAL       0.00%  0 sequences failed composition chi2 test (p-value<5%; df=3)
NOTE: 1 identical sequences (see below) will be ignored for subsequent analysis
NOTE: n300_299 (identical to n299_298) is ignored but added at the end

Create initial parsimony tree by phylogenetic likelihood library (PLL)... 0.001 seconds

NOTE: 0 MB RAM is required!
Estimate model parameters (epsilon = 0.100)
1. Initial log-likelihood: -2020.352
2. Current log-likelihood: -1966.246
3. Current log-likelihood: -1965.565
Optimal log-likelihood: -1965.541
Rate parameters:  A-C: 0.784  A-G: 0.623  A-T: 1.028  C-G: 0.827  C-T: 0.947  G-T: 1.000
Base frequencies:   A: 0.256  C: 0.282  G: 0.233  T: 0.229
Gamma shape alpha: 39.316
Parameters optimization took 3 rounds (0.042 sec)
--------------------------------------------------------------------
|             INITIALIZING CANDIDATE TREE SET                      |
--------------------------------------------------------------------
Computing ML distances based on estimated model parameters... 0.004 sec
Computing BIONJ tree...
0.000 seconds
Log-likelihood of BIONJ tree: -1965.540
Generating 98 parsimony trees... 0.114 seconds 83 distinct starting trees
Computing log-likelihood of 83 initial trees ... 0.169 seconds
Optimizing top 20 initial trees with NNI...
Iteration 1 / LogL: -1965.541 / Time: 0h:0m:0s
Estimate model parameters (epsilon = 0.100)
BETTER SCORE FOUND at iteration 1: -1965.529
Iteration 2 / LogL: -1965.532 / Time: 0h:0m:0s
Iteration 3 / LogL: -1965.533 / Time: 0h:0m:0s
Iteration 4 / LogL: -1965.533 / Time: 0h:0m:0s
Iteration 5 / LogL: -1965.533 / Time: 0h:0m:0s
Iteration 6 / LogL: -1965.533 / Time: 0h:0m:0s
Iteration 7 / LogL: -1965.533 / Time: 0h:0m:0s
Iteration 8 / LogL: -1965.533 / Time: 0h:0m:0s
Iteration 9 / LogL: -1965.533 / Time: 0h:0m:0s
Iteration 10 / LogL: -1965.533 / Time: 0h:0m:0s
Iteration 11 / LogL: -1965.533 / Time: 0h:0m:0s
Iteration 12 / LogL: -1965.533 / Time: 0h:0m:0s
Iteration 13 / LogL: -1965.533 / Time: 0h:0m:0s
Iteration 14 / LogL: -1965.533 / Time: 0h:0m:0s
Iteration 15 / LogL: -1965.533 / Time: 0h:0m:0s
Iteration 16 / LogL: -1965.533 / Time: 0h:0m:0s
Iteration 17 / LogL: -1965.533 / Time: 0h:0m:0s
Iteration 18 / LogL: -1965.533 / Time: 0h:0m:0s
Iteration 19 / LogL: -1965.533 / Time: 0h:0m:0s
Iteration 20 / LogL: -1965.533 / Time: 0h:0m:0s
Average CPU time for 1 NNI search: 0.006
Finish initializing candidate tree set. Number of distinct locally optimal trees: 20
Current best tree score: -1965.529 / CPU time: 0.404
--------------------------------------------------------------------
|               OPTIMIZING CANDIDATE TREE SET                      |
--------------------------------------------------------------------
Iteration 30 / LogL: -1971.153 / Time: 0h:0m:0s (0h:0m:1s left)
Iteration 40 / LogL: -1971.980 / Time: 0h:0m:0s (0h:0m:1s left)
Iteration 50 / LogL: -1970.131 / Time: 0h:0m:0s (0h:0m:0s left)
Iteration 60 / LogL: -1965.530 / Time: 0h:0m:1s (0h:0m:0s left)
Iteration 70 / LogL: -1965.532 / Time: 0h:0m:1s (0h:0m:0s left)
Iteration 80 / LogL: -1977.119 / Time: 0h:0m:1s (0h:0m:0s left)
Iteration 90 / LogL: -2413.257 / Time: 0h:0m:1s (0h:0m:0s left)
Iteration 100 / LogL: -1965.610 / Time: 0h:0m:1s (0h:0m:0s left)
TREE SEARCH COMPLETED AFTER 101 ITERATIONS / Time: 0h:0m:1s

--------------------------------------------------------------------
|                    FINALIZING TREE SEARCH                        |
--------------------------------------------------------------------
Performs final model parameters optimization
Estimate model parameters (epsilon = 0.010)
1. Initial log-likelihood: -1965.529
Optimal log-likelihood: -1965.524
Rate parameters:  A-C: 0.798  A-G: 0.628  A-T: 1.044  C-G: 0.840  C-T: 0.955  G-T: 1.000
Base frequencies:   A: 0.256  C: 0.282  G: 0.233  T: 0.229
Gamma shape alpha: 40.720
Parameters optimization took 1 rounds (0.005 sec)
BEST SCORE FOUND : -1965.524

Testing tree branches by SH-like aLRT with 1000 replicates...
CPU Time used:  0.120 sec.
Total tree length: 1.168

Total number of iterations: 101
CPU time used for tree search: 1.664 sec (0h:0m:1s)
Wall-clock time used for tree search: 1.674 sec (0h:0m:1s)
Total CPU time used: 1.848 sec (0h:0m:1s)
Total wall-clock time used: 1.859 sec (0h:0m:1s)

Analysis results written to: 
  IQ-TREE report:                ../simulations/data_D1T2L3I5T4//S/481_pruned.fasta.iqtree
  Maximum-likelihood tree:       ../simulations/data_D1T2L3I5T4//S/481_pruned.fasta.treefile
  Likelihood distances:          ../simulations/data_D1T2L3I5T4//S/481_pruned.fasta.mldist
  Screen log file:               ../simulations/data_D1T2L3I5T4//S/481_pruned.fasta.log

Date and Time: Fri May 25 14:12:39 2018
