IQ-TREE version 1.4.2 for Linux 64-bit built Apr 15 2016
Copyright (c) 2011-2015 Nguyen Lam Tung, Olga Chernomor, Arndt von Haeseler and Bui Quang Minh.

Host:    meduse (AVX2, FMA3, 7 GB RAM)
Command: /home/tannier/programs/iqtree/iqtree-1.4.2-Linux/bin//iqtree -s ../simulations/data_D1T2L3I5T4//S/494_pruned.fasta -m GTR+G -alrt 1000 -redo
Seed:    661022 (Using SPRNG - Scalable Parallel Random Number Generator)
Time:    Fri May 25 14:24:51 2018
Kernel:  AVX

NOTE: Consider using the multicore version because your CPU has 4 cores!

Reading alignment file ../simulations/data_D1T2L3I5T4//S/494_pruned.fasta ... Fasta format detected
Alignment most likely contains DNA/RNA sequences
Alignment has 26 sequences with 300 columns and 184 patterns (156 informative sites)
          Gap/Ambiguity  Composition  p-value
   1  n236_237    0.00%    passed     98.67%
   2  n266_267    0.00%    passed     34.11%
   3  n296_297    0.00%    passed     73.90%
   4  n277_278    0.00%    passed     75.43%
   5  n290_291    0.00%    passed     83.99%
   6  n255_256    0.00%    passed     81.76%
   7  n295_296    0.00%    passed     67.55%
   8  n286_287    0.00%    passed     40.36%
   9  n298_299    0.00%    passed     79.11%
  10  n299_300    0.00%    passed     85.40%
  11  n287_288    0.00%    passed     78.05%
  12  n278_279    0.00%    passed     84.31%
  13  n292_293    0.00%    passed     85.40%
  14  n265_266    0.00%    passed     35.07%
  15  n289_290    0.00%    passed     78.05%
  16  n293_294    0.00%    passed     76.67%
  17  n280_281    0.00%    passed     76.91%
  18  n274_275    0.00%    passed     80.42%
  19  n275_276    0.00%    passed     76.11%
  20  n285_286    0.00%    passed     28.54%
  21  n294_295    0.00%    passed     83.99%
  22  n297_298    0.00%    passed     88.52%
  23  n244_245    0.00%    passed     95.81%
  24  n251_252    0.00%    passed     91.25%
  25  n200_201    0.00%    passed     71.87%
  26  n300_301    0.00%    passed     85.40%
****  TOTAL       0.00%  0 sequences failed composition chi2 test (p-value<5%; df=3)
NOTE: 2 identical sequences (see below) will be ignored for subsequent analysis
NOTE: n292_293 (identical to n299_300) is ignored but added at the end
NOTE: n300_301 (identical to n299_300) is ignored but added at the end

Create initial parsimony tree by phylogenetic likelihood library (PLL)... 0.001 seconds

NOTE: 0 MB RAM is required!
Estimate model parameters (epsilon = 0.100)
1. Initial log-likelihood: -2066.051
2. Current log-likelihood: -2022.834
3. Current log-likelihood: -2022.423
Optimal log-likelihood: -2022.403
Rate parameters:  A-C: 1.030  A-G: 0.990  A-T: 0.959  C-G: 1.079  C-T: 1.140  G-T: 1.000
Base frequencies:   A: 0.256  C: 0.251  G: 0.238  T: 0.254
Gamma shape alpha: 15.236
Parameters optimization took 3 rounds (0.022 sec)
--------------------------------------------------------------------
|             INITIALIZING CANDIDATE TREE SET                      |
--------------------------------------------------------------------
Computing ML distances based on estimated model parameters... 0.004 sec
Computing BIONJ tree...
0.000 seconds
Log-likelihood of BIONJ tree: -2022.403
Generating 98 parsimony trees... 0.094 seconds 13 distinct starting trees
Computing log-likelihood of 13 initial trees ... 0.023 seconds
Optimizing top 13 initial trees with NNI...
Iteration 1 / LogL: -2022.403 / Time: 0h:0m:0s
Estimate model parameters (epsilon = 0.100)
BETTER SCORE FOUND at iteration 1: -2022.393
Iteration 2 / LogL: -2022.394 / Time: 0h:0m:0s
Iteration 3 / LogL: -2022.397 / Time: 0h:0m:0s
Iteration 4 / LogL: -2022.397 / Time: 0h:0m:0s
Iteration 5 / LogL: -2022.397 / Time: 0h:0m:0s
Iteration 6 / LogL: -2022.397 / Time: 0h:0m:0s
Iteration 7 / LogL: -2022.397 / Time: 0h:0m:0s
Iteration 8 / LogL: -2022.397 / Time: 0h:0m:0s
Iteration 9 / LogL: -2022.397 / Time: 0h:0m:0s
Iteration 10 / LogL: -2024.408 / Time: 0h:0m:0s
Iteration 11 / LogL: -2026.444 / Time: 0h:0m:0s
Iteration 12 / LogL: -2026.444 / Time: 0h:0m:0s
Iteration 13 / LogL: -2026.447 / Time: 0h:0m:0s
Average CPU time for 1 NNI search: 0.006
Finish initializing candidate tree set. Number of distinct locally optimal trees: 13
Current best tree score: -2022.393 / CPU time: 0.192
--------------------------------------------------------------------
|               OPTIMIZING CANDIDATE TREE SET                      |
--------------------------------------------------------------------
Iteration 20 / LogL: -2022.500 / Time: 0h:0m:0s (0h:0m:1s left)
Iteration 30 / LogL: -2022.498 / Time: 0h:0m:0s (0h:0m:1s left)
Iteration 40 / LogL: -2022.409 / Time: 0h:0m:0s (0h:0m:0s left)
Iteration 50 / LogL: -2022.604 / Time: 0h:0m:0s (0h:0m:0s left)
Iteration 60 / LogL: -2022.414 / Time: 0h:0m:0s (0h:0m:0s left)
Iteration 70 / LogL: -2022.393 / Time: 0h:0m:1s (0h:0m:0s left)
Iteration 80 / LogL: -2022.394 / Time: 0h:0m:1s (0h:0m:0s left)
Iteration 90 / LogL: -2053.908 / Time: 0h:0m:1s (0h:0m:0s left)
Iteration 100 / LogL: -2022.440 / Time: 0h:0m:1s (0h:0m:0s left)
TREE SEARCH COMPLETED AFTER 101 ITERATIONS / Time: 0h:0m:1s

--------------------------------------------------------------------
|                    FINALIZING TREE SEARCH                        |
--------------------------------------------------------------------
Performs final model parameters optimization
Estimate model parameters (epsilon = 0.010)
1. Initial log-likelihood: -2022.393
Optimal log-likelihood: -2022.388
Rate parameters:  A-C: 1.013  A-G: 0.974  A-T: 0.949  C-G: 1.061  C-T: 1.130  G-T: 1.000
Base frequencies:   A: 0.256  C: 0.251  G: 0.238  T: 0.254
Gamma shape alpha: 15.347
Parameters optimization took 1 rounds (0.005 sec)
BEST SCORE FOUND : -2022.388

Testing tree branches by SH-like aLRT with 1000 replicates...
CPU Time used:  0.108 sec.
Total tree length: 1.149

Total number of iterations: 101
CPU time used for tree search: 1.536 sec (0h:0m:1s)
Wall-clock time used for tree search: 1.539 sec (0h:0m:1s)
Total CPU time used: 1.688 sec (0h:0m:1s)
Total wall-clock time used: 1.692 sec (0h:0m:1s)

Analysis results written to: 
  IQ-TREE report:                ../simulations/data_D1T2L3I5T4//S/494_pruned.fasta.iqtree
  Maximum-likelihood tree:       ../simulations/data_D1T2L3I5T4//S/494_pruned.fasta.treefile
  Likelihood distances:          ../simulations/data_D1T2L3I5T4//S/494_pruned.fasta.mldist
  Screen log file:               ../simulations/data_D1T2L3I5T4//S/494_pruned.fasta.log

Date and Time: Fri May 25 14:24:53 2018
