IQ-TREE version 1.4.2 for Linux 64-bit built Apr 15 2016
Copyright (c) 2011-2015 Nguyen Lam Tung, Olga Chernomor, Arndt von Haeseler and Bui Quang Minh.

Host:    meduse (AVX2, FMA3, 7 GB RAM)
Command: /home/tannier/programs/iqtree/iqtree-1.4.2-Linux/bin//iqtree -s ../simulations/data_D1T2L3I5T4//S/498_pruned.fasta -m GTR+G -alrt 1000 -redo
Seed:    131195 (Using SPRNG - Scalable Parallel Random Number Generator)
Time:    Fri May 25 14:15:34 2018
Kernel:  AVX

NOTE: Consider using the multicore version because your CPU has 4 cores!

Reading alignment file ../simulations/data_D1T2L3I5T4//S/498_pruned.fasta ... Fasta format detected
Alignment most likely contains DNA/RNA sequences
Alignment has 26 sequences with 300 columns and 184 patterns (161 informative sites)
          Gap/Ambiguity  Composition  p-value
   1  n244_243    0.00%    passed     93.25%
   2  n255_254    0.00%    passed     48.22%
   3  n292_291    0.00%    passed     99.50%
   4  n294_293    0.00%    passed     95.42%
   5  n296_295    0.00%    passed     96.97%
   6  n200_201    0.00%    passed     58.74%
   7  n297_296    0.00%    passed     78.85%
   8  n265_264    0.00%    passed     90.18%
   9  n236_235    0.00%    passed     84.50%
  10  n277_276    0.00%    passed     97.89%
  11  n286_285    0.00%    passed     95.10%
  12  n280_279    0.00%    passed     96.56%
  13  n295_294    0.00%    passed     96.95%
  14  n299_298    0.00%    passed     98.92%
  15  n278_277    0.00%    passed     94.96%
  16  n285_284    0.00%    passed     89.28%
  17  n300_299    0.00%    passed     98.56%
  18  n293_292    0.00%    passed     99.41%
  19  n274_273    0.00%    passed     99.20%
  20  n275_274    0.00%    passed     96.01%
  21  n266_265    0.00%    passed     95.07%
  22  n290_289    0.00%    passed     85.38%
  23  n289_288    0.00%    passed     88.42%
  24  n287_286    0.00%    passed     91.56%
  25  n298_297    0.00%    passed     87.17%
  26  n251_250    0.00%    passed     54.15%
****  TOTAL       0.00%  0 sequences failed composition chi2 test (p-value<5%; df=3)

Create initial parsimony tree by phylogenetic likelihood library (PLL)... 0.001 seconds

NOTE: 0 MB RAM is required!
Estimate model parameters (epsilon = 0.100)
1. Initial log-likelihood: -2123.930
2. Current log-likelihood: -2072.932
3. Current log-likelihood: -2072.357
Optimal log-likelihood: -2072.323
Rate parameters:  A-C: 0.673  A-G: 0.842  A-T: 0.762  C-G: 0.789  C-T: 0.579  G-T: 1.000
Base frequencies:   A: 0.256  C: 0.266  G: 0.236  T: 0.242
Gamma shape alpha: 146.557
Parameters optimization took 3 rounds (0.037 sec)
--------------------------------------------------------------------
|             INITIALIZING CANDIDATE TREE SET                      |
--------------------------------------------------------------------
Computing ML distances based on estimated model parameters... 0.004 sec
Computing BIONJ tree...
0.000 seconds
Log-likelihood of BIONJ tree: -2075.235
Generating 98 parsimony trees... 0.107 seconds 39 distinct starting trees
Computing log-likelihood of 39 initial trees ... 0.092 seconds
Optimizing top 20 initial trees with NNI...
Iteration 1 / LogL: -2072.324 / Time: 0h:0m:0s
Estimate model parameters (epsilon = 0.100)
BETTER SCORE FOUND at iteration 1: -2072.308
Iteration 2 / LogL: -2072.311 / Time: 0h:0m:0s
Iteration 3 / LogL: -2072.311 / Time: 0h:0m:0s
Iteration 4 / LogL: -2072.311 / Time: 0h:0m:0s
Iteration 5 / LogL: -2072.311 / Time: 0h:0m:0s
Iteration 6 / LogL: -2072.311 / Time: 0h:0m:0s
Iteration 7 / LogL: -2072.311 / Time: 0h:0m:0s
Iteration 8 / LogL: -2072.311 / Time: 0h:0m:0s
Iteration 9 / LogL: -2072.311 / Time: 0h:0m:0s
Iteration 10 / LogL: -2072.311 / Time: 0h:0m:0s
Iteration 11 / LogL: -2072.311 / Time: 0h:0m:0s
Iteration 12 / LogL: -2072.311 / Time: 0h:0m:0s
Iteration 13 / LogL: -2072.311 / Time: 0h:0m:0s
Iteration 14 / LogL: -2072.311 / Time: 0h:0m:0s
Iteration 15 / LogL: -2072.311 / Time: 0h:0m:0s
Iteration 16 / LogL: -2072.311 / Time: 0h:0m:0s
Iteration 17 / LogL: -2072.311 / Time: 0h:0m:0s
Iteration 18 / LogL: -2072.311 / Time: 0h:0m:0s
Iteration 19 / LogL: -2072.311 / Time: 0h:0m:0s
Iteration 20 / LogL: -2072.311 / Time: 0h:0m:0s
Average CPU time for 1 NNI search: 0.006
Finish initializing candidate tree set. Number of distinct locally optimal trees: 20
Current best tree score: -2072.308 / CPU time: 0.324
--------------------------------------------------------------------
|               OPTIMIZING CANDIDATE TREE SET                      |
--------------------------------------------------------------------
Iteration 30 / LogL: -2072.308 / Time: 0h:0m:0s (0h:0m:1s left)
Iteration 40 / LogL: -2075.076 / Time: 0h:0m:0s (0h:0m:1s left)
Iteration 50 / LogL: -2072.472 / Time: 0h:0m:0s (0h:0m:0s left)
Iteration 60 / LogL: -2072.323 / Time: 0h:0m:1s (0h:0m:0s left)
Iteration 70 / LogL: -2072.312 / Time: 0h:0m:1s (0h:0m:0s left)
Iteration 80 / LogL: -2072.311 / Time: 0h:0m:1s (0h:0m:0s left)
Iteration 90 / LogL: -2072.308 / Time: 0h:0m:1s (0h:0m:0s left)
Iteration 100 / LogL: -2072.308 / Time: 0h:0m:1s (0h:0m:0s left)
TREE SEARCH COMPLETED AFTER 101 ITERATIONS / Time: 0h:0m:1s

--------------------------------------------------------------------
|                    FINALIZING TREE SEARCH                        |
--------------------------------------------------------------------
Performs final model parameters optimization
Estimate model parameters (epsilon = 0.010)
1. Initial log-likelihood: -2072.308
Optimal log-likelihood: -2072.301
Rate parameters:  A-C: 0.685  A-G: 0.854  A-T: 0.780  C-G: 0.795  C-T: 0.585  G-T: 1.000
Base frequencies:   A: 0.256  C: 0.266  G: 0.236  T: 0.242
Gamma shape alpha: 169.570
Parameters optimization took 1 rounds (0.007 sec)
BEST SCORE FOUND : -2072.301

Testing tree branches by SH-like aLRT with 1000 replicates...
CPU Time used:  0.116 sec.
Total tree length: 1.218

Total number of iterations: 101
CPU time used for tree search: 1.628 sec (0h:0m:1s)
Wall-clock time used for tree search: 1.634 sec (0h:0m:1s)
Total CPU time used: 1.808 sec (0h:0m:1s)
Total wall-clock time used: 1.813 sec (0h:0m:1s)

Analysis results written to: 
  IQ-TREE report:                ../simulations/data_D1T2L3I5T4//S/498_pruned.fasta.iqtree
  Maximum-likelihood tree:       ../simulations/data_D1T2L3I5T4//S/498_pruned.fasta.treefile
  Likelihood distances:          ../simulations/data_D1T2L3I5T4//S/498_pruned.fasta.mldist
  Screen log file:               ../simulations/data_D1T2L3I5T4//S/498_pruned.fasta.log

Date and Time: Fri May 25 14:15:35 2018
