IQ-TREE version 1.4.2 for Linux 64-bit built Apr 15 2016
Copyright (c) 2011-2015 Nguyen Lam Tung, Olga Chernomor, Arndt von Haeseler and Bui Quang Minh.

Host:    meduse (AVX2, FMA3, 7 GB RAM)
Command: /home/tannier/programs/iqtree/iqtree-1.4.2-Linux/bin//iqtree -s ../simulations/data_D1T2L3I5T4//S/50_pruned.fasta -m GTR+G -alrt 1000 -redo
Seed:    59155 (Using SPRNG - Scalable Parallel Random Number Generator)
Time:    Fri May 25 14:16:17 2018
Kernel:  AVX

NOTE: Consider using the multicore version because your CPU has 4 cores!

Reading alignment file ../simulations/data_D1T2L3I5T4//S/50_pruned.fasta ... Fasta format detected
Alignment most likely contains DNA/RNA sequences
Alignment has 26 sequences with 300 columns and 171 patterns (156 informative sites)
          Gap/Ambiguity  Composition  p-value
   1  n236_237    0.00%    passed     70.45%
   2  n266_267    0.00%    passed     91.88%
   3  n296_297    0.00%    passed     99.80%
   4  n277_278    0.00%    passed     93.10%
   5  n290_291    0.00%    passed     99.72%
   6  n255_256    0.00%    passed     95.93%
   7  n295_296    0.00%    passed     99.80%
   8  n286_287    0.00%    passed     74.54%
   9  n298_299    0.00%    passed     89.78%
  10  n299_300    0.00%    passed     94.28%
  11  n287_288    0.00%    passed     99.24%
  12  n278_279    0.00%    passed     92.71%
  13  n292_293    0.00%    passed     95.43%
  14  n265_266    0.00%    passed     93.37%
  15  n289_290    0.00%    passed     99.94%
  16  n293_294    0.00%    passed     94.78%
  17  n280_281    0.00%    passed     98.65%
  18  n274_275    0.00%    passed     98.46%
  19  n275_276    0.00%    passed     90.72%
  20  n285_286    0.00%    passed     79.95%
  21  n294_295    0.00%    passed     94.53%
  22  n297_298    0.00%    passed     89.44%
  23  n244_245    0.00%    passed     41.12%
  24  n251_252    0.00%    passed     96.72%
  25  n200_201    0.00%    passed     98.39%
  26  n300_301    0.00%    passed     94.28%
****  TOTAL       0.00%  0 sequences failed composition chi2 test (p-value<5%; df=3)
NOTE: 2 identical sequences (see below) will be ignored for subsequent analysis
NOTE: n295_296 (identical to n296_297) is ignored but added at the end
NOTE: n300_301 (identical to n299_300) is ignored but added at the end

Create initial parsimony tree by phylogenetic likelihood library (PLL)... 0.001 seconds

NOTE: 0 MB RAM is required!
Estimate model parameters (epsilon = 0.100)
1. Initial log-likelihood: -1961.686
2. Current log-likelihood: -1927.375
3. Current log-likelihood: -1927.146
Optimal log-likelihood: -1927.123
Rate parameters:  A-C: 1.010  A-G: 1.204  A-T: 0.631  C-G: 0.847  C-T: 1.040  G-T: 1.000
Base frequencies:   A: 0.247  C: 0.249  G: 0.221  T: 0.283
Gamma shape alpha: 5.212
Parameters optimization took 3 rounds (0.021 sec)
--------------------------------------------------------------------
|             INITIALIZING CANDIDATE TREE SET                      |
--------------------------------------------------------------------
Computing ML distances based on estimated model parameters... 0.004 sec
Computing BIONJ tree...
0.001 seconds
Log-likelihood of BIONJ tree: -1927.123
Generating 98 parsimony trees... 0.086 seconds 9 distinct starting trees
Computing log-likelihood of 9 initial trees ... 0.014 seconds
Optimizing top 9 initial trees with NNI...
Iteration 1 / LogL: -1927.123 / Time: 0h:0m:0s
Estimate model parameters (epsilon = 0.100)
BETTER SCORE FOUND at iteration 1: -1927.112
Iteration 2 / LogL: -1927.113 / Time: 0h:0m:0s
Iteration 3 / LogL: -1927.114 / Time: 0h:0m:0s
Iteration 4 / LogL: -1927.114 / Time: 0h:0m:0s
Iteration 5 / LogL: -1927.114 / Time: 0h:0m:0s
Iteration 6 / LogL: -1927.114 / Time: 0h:0m:0s
Iteration 7 / LogL: -1927.114 / Time: 0h:0m:0s
Iteration 8 / LogL: -1927.114 / Time: 0h:0m:0s
Iteration 9 / LogL: -1927.114 / Time: 0h:0m:0s
Average CPU time for 1 NNI search: 0.005
Finish initializing candidate tree set. Number of distinct locally optimal trees: 9
Current best tree score: -1927.112 / CPU time: 0.144
--------------------------------------------------------------------
|               OPTIMIZING CANDIDATE TREE SET                      |
--------------------------------------------------------------------
Iteration 10 / LogL: -1927.328 / Time: 0h:0m:0s
Iteration 20 / LogL: -1927.326 / Time: 0h:0m:0s (0h:0m:1s left)
Iteration 30 / LogL: -1927.292 / Time: 0h:0m:0s (0h:0m:1s left)
Iteration 40 / LogL: -1927.114 / Time: 0h:0m:0s (0h:0m:1s left)
Iteration 50 / LogL: -1942.235 / Time: 0h:0m:0s (0h:0m:0s left)
Iteration 60 / LogL: -1927.113 / Time: 0h:0m:0s (0h:0m:0s left)
Iteration 70 / LogL: -1927.119 / Time: 0h:0m:1s (0h:0m:0s left)
Iteration 80 / LogL: -1942.168 / Time: 0h:0m:1s (0h:0m:0s left)
Iteration 90 / LogL: -1927.112 / Time: 0h:0m:1s (0h:0m:0s left)
Iteration 100 / LogL: -1927.112 / Time: 0h:0m:1s (0h:0m:0s left)
TREE SEARCH COMPLETED AFTER 101 ITERATIONS / Time: 0h:0m:1s

--------------------------------------------------------------------
|                    FINALIZING TREE SEARCH                        |
--------------------------------------------------------------------
Performs final model parameters optimization
Estimate model parameters (epsilon = 0.010)
1. Initial log-likelihood: -1927.112
Optimal log-likelihood: -1927.107
Rate parameters:  A-C: 1.016  A-G: 1.218  A-T: 0.638  C-G: 0.856  C-T: 1.060  G-T: 1.000
Base frequencies:   A: 0.247  C: 0.249  G: 0.221  T: 0.283
Gamma shape alpha: 5.217
Parameters optimization took 1 rounds (0.005 sec)
BEST SCORE FOUND : -1927.107

Testing tree branches by SH-like aLRT with 1000 replicates...
CPU Time used:  0.108 sec.
Total tree length: 1.127

Total number of iterations: 101
CPU time used for tree search: 1.496 sec (0h:0m:1s)
Wall-clock time used for tree search: 1.503 sec (0h:0m:1s)
Total CPU time used: 1.652 sec (0h:0m:1s)
Total wall-clock time used: 1.657 sec (0h:0m:1s)

Analysis results written to: 
  IQ-TREE report:                ../simulations/data_D1T2L3I5T4//S/50_pruned.fasta.iqtree
  Maximum-likelihood tree:       ../simulations/data_D1T2L3I5T4//S/50_pruned.fasta.treefile
  Likelihood distances:          ../simulations/data_D1T2L3I5T4//S/50_pruned.fasta.mldist
  Screen log file:               ../simulations/data_D1T2L3I5T4//S/50_pruned.fasta.log

Date and Time: Fri May 25 14:16:18 2018
