IQ-TREE version 1.4.2 for Linux 64-bit built Apr 15 2016
Copyright (c) 2011-2015 Nguyen Lam Tung, Olga Chernomor, Arndt von Haeseler and Bui Quang Minh.

Host:    meduse (AVX2, FMA3, 7 GB RAM)
Command: /home/tannier/programs/iqtree/iqtree-1.4.2-Linux/bin//iqtree -s ../simulations/data_D1T2L3I5T4//S/522_pruned.fasta -m GTR+G -alrt 1000 -redo
Seed:    394218 (Using SPRNG - Scalable Parallel Random Number Generator)
Time:    Fri May 25 14:22:30 2018
Kernel:  AVX

NOTE: Consider using the multicore version because your CPU has 4 cores!

Reading alignment file ../simulations/data_D1T2L3I5T4//S/522_pruned.fasta ... Fasta format detected
Alignment most likely contains DNA/RNA sequences
Alignment has 26 sequences with 300 columns and 156 patterns (135 informative sites)
          Gap/Ambiguity  Composition  p-value
   1  n251_254    0.00%    passed     45.09%
   2  n277_280    0.00%    passed     64.34%
   3  n294_297    0.00%    passed     94.44%
   4  n286_289    0.00%    passed     83.22%
   5  n274_277    0.00%    passed     84.77%
   6  n287_290    0.00%    passed     92.43%
   7  n236_239    0.00%    passed     95.33%
   8  n200_203    0.00%    passed     90.46%
   9  n296_299    0.00%    passed     99.24%
  10  n292_295    0.00%    passed     79.43%
  11  n275_278    0.00%    passed     96.13%
  12  n266_269    0.00%    passed     93.37%
  13  n255_258    0.00%    passed     83.89%
  14  n299_302    0.00%    passed     85.47%
  15  n244_247    0.00%    passed     97.64%
  16  n285_288    0.00%    passed     85.78%
  17  n280_283    0.00%    passed     94.92%
  18  n290_293    0.00%    passed     94.10%
  19  n298_301    0.00%    passed     89.33%
  20  n289_292    0.00%    passed     93.66%
  21  n295_298    0.00%    passed     96.95%
  22  n297_300    0.00%    passed     89.33%
  23  n300_303    0.00%    passed     85.47%
  24  n278_281    0.00%    passed     87.82%
  25  n293_296    0.00%    passed     96.55%
  26  n265_268    0.00%    passed     92.41%
****  TOTAL       0.00%  0 sequences failed composition chi2 test (p-value<5%; df=3)
NOTE: 2 identical sequences (see below) will be ignored for subsequent analysis
NOTE: n300_303 (identical to n299_302) is ignored but added at the end
NOTE: n297_300 (identical to n298_301) is ignored but added at the end

Create initial parsimony tree by phylogenetic likelihood library (PLL)... 0.001 seconds

NOTE: 0 MB RAM is required!
Estimate model parameters (epsilon = 0.100)
1. Initial log-likelihood: -1888.542
2. Current log-likelihood: -1849.644
3. Current log-likelihood: -1849.425
Optimal log-likelihood: -1849.420
Rate parameters:  A-C: 1.028  A-G: 1.187  A-T: 1.170  C-G: 1.028  C-T: 1.423  G-T: 1.000
Base frequencies:   A: 0.224  C: 0.293  G: 0.268  T: 0.215
Gamma shape alpha: 3.000
Parameters optimization took 3 rounds (0.023 sec)
--------------------------------------------------------------------
|             INITIALIZING CANDIDATE TREE SET                      |
--------------------------------------------------------------------
Computing ML distances based on estimated model parameters... 0.004 sec
Computing BIONJ tree...
0.001 seconds
Log-likelihood of BIONJ tree: -1849.371
Generating 98 parsimony trees... 0.091 seconds 59 distinct starting trees
Computing log-likelihood of 59 initial trees ... 0.107 seconds
Optimizing top 20 initial trees with NNI...
Iteration 1 / LogL: -1849.371 / Time: 0h:0m:0s
Estimate model parameters (epsilon = 0.100)
BETTER SCORE FOUND at iteration 1: -1849.346
Iteration 2 / LogL: -1849.361 / Time: 0h:0m:0s
Iteration 3 / LogL: -1849.361 / Time: 0h:0m:0s
Iteration 4 / LogL: -1849.361 / Time: 0h:0m:0s
Iteration 5 / LogL: -1849.362 / Time: 0h:0m:0s
Iteration 6 / LogL: -1849.362 / Time: 0h:0m:0s
Iteration 7 / LogL: -1849.362 / Time: 0h:0m:0s
Iteration 8 / LogL: -1849.362 / Time: 0h:0m:0s
Iteration 9 / LogL: -1849.362 / Time: 0h:0m:0s
Iteration 10 / LogL: -1849.362 / Time: 0h:0m:0s
Iteration 11 / LogL: -1849.362 / Time: 0h:0m:0s
Iteration 12 / LogL: -1849.362 / Time: 0h:0m:0s
Iteration 13 / LogL: -1849.362 / Time: 0h:0m:0s
Iteration 14 / LogL: -1849.365 / Time: 0h:0m:0s
Iteration 15 / LogL: -1849.365 / Time: 0h:0m:0s
Iteration 16 / LogL: -1849.365 / Time: 0h:0m:0s
Iteration 17 / LogL: -1849.365 / Time: 0h:0m:0s
Iteration 18 / LogL: -1849.347 / Time: 0h:0m:0s
Iteration 19 / LogL: -1849.357 / Time: 0h:0m:0s
Iteration 20 / LogL: -1849.357 / Time: 0h:0m:0s
Average CPU time for 1 NNI search: 0.005
Finish initializing candidate tree set. Number of distinct locally optimal trees: 19
Current best tree score: -1849.346 / CPU time: 0.296
--------------------------------------------------------------------
|               OPTIMIZING CANDIDATE TREE SET                      |
--------------------------------------------------------------------
Iteration 30 / LogL: -1849.352 / Time: 0h:0m:0s (0h:0m:1s left)
Iteration 40 / LogL: -1912.511 / Time: 0h:0m:0s (0h:0m:0s left)
Iteration 50 / LogL: -1849.346 / Time: 0h:0m:0s (0h:0m:0s left)
Iteration 60 / LogL: -1849.349 / Time: 0h:0m:0s (0h:0m:0s left)
Iteration 70 / LogL: -1849.348 / Time: 0h:0m:1s (0h:0m:0s left)
Iteration 80 / LogL: -1849.346 / Time: 0h:0m:1s (0h:0m:0s left)
Iteration 90 / LogL: -1849.346 / Time: 0h:0m:1s (0h:0m:0s left)
Iteration 100 / LogL: -1849.359 / Time: 0h:0m:1s (0h:0m:0s left)
TREE SEARCH COMPLETED AFTER 101 ITERATIONS / Time: 0h:0m:1s

--------------------------------------------------------------------
|                    FINALIZING TREE SEARCH                        |
--------------------------------------------------------------------
Performs final model parameters optimization
Estimate model parameters (epsilon = 0.010)
1. Initial log-likelihood: -1849.345
Optimal log-likelihood: -1849.337
Rate parameters:  A-C: 1.003  A-G: 1.173  A-T: 1.163  C-G: 0.995  C-T: 1.418  G-T: 1.000
Base frequencies:   A: 0.224  C: 0.293  G: 0.268  T: 0.215
Gamma shape alpha: 3.005
Parameters optimization took 1 rounds (0.005 sec)
BEST SCORE FOUND : -1849.337

Testing tree branches by SH-like aLRT with 1000 replicates...
CPU Time used:  0.104 sec.
Total tree length: 1.015

Total number of iterations: 101
CPU time used for tree search: 1.420 sec (0h:0m:1s)
Wall-clock time used for tree search: 1.418 sec (0h:0m:1s)
Total CPU time used: 1.568 sec (0h:0m:1s)
Total wall-clock time used: 1.567 sec (0h:0m:1s)

Analysis results written to: 
  IQ-TREE report:                ../simulations/data_D1T2L3I5T4//S/522_pruned.fasta.iqtree
  Maximum-likelihood tree:       ../simulations/data_D1T2L3I5T4//S/522_pruned.fasta.treefile
  Likelihood distances:          ../simulations/data_D1T2L3I5T4//S/522_pruned.fasta.mldist
  Screen log file:               ../simulations/data_D1T2L3I5T4//S/522_pruned.fasta.log

Date and Time: Fri May 25 14:22:31 2018
