IQ-TREE version 1.4.2 for Linux 64-bit built Apr 15 2016
Copyright (c) 2011-2015 Nguyen Lam Tung, Olga Chernomor, Arndt von Haeseler and Bui Quang Minh.

Host:    meduse (AVX2, FMA3, 7 GB RAM)
Command: /home/tannier/programs/iqtree/iqtree-1.4.2-Linux/bin//iqtree -s ../simulations/data_D1T2L3I5T4//S/524_pruned.fasta -m GTR+G -alrt 1000 -redo
Seed:    37476 (Using SPRNG - Scalable Parallel Random Number Generator)
Time:    Fri May 25 14:35:47 2018
Kernel:  AVX

NOTE: Consider using the multicore version because your CPU has 4 cores!

Reading alignment file ../simulations/data_D1T2L3I5T4//S/524_pruned.fasta ... Fasta format detected
Alignment most likely contains DNA/RNA sequences
Alignment has 26 sequences with 300 columns and 172 patterns (156 informative sites)
          Gap/Ambiguity  Composition  p-value
   1  n236_237    0.00%    passed     80.44%
   2  n266_267    0.00%    passed     59.86%
   3  n296_297    0.00%    passed     85.51%
   4  n277_278    0.00%    passed     69.35%
   5  n290_291    0.00%    passed     97.00%
   6  n255_256    0.00%    passed     57.17%
   7  n295_296    0.00%    passed     72.87%
   8  n286_287    0.00%    passed     88.79%
   9  n298_299    0.00%    passed     92.04%
  10  n299_300    0.00%    passed     98.83%
  11  n287_288    0.00%    passed     96.48%
  12  n278_279    0.00%    passed     70.81%
  13  n292_293    0.00%    passed     97.57%
  14  n265_266    0.00%    passed     48.91%
  15  n289_290    0.00%    passed     96.32%
  16  n293_294    0.00%    passed     93.94%
  17  n280_281    0.00%    passed     95.29%
  18  n274_275    0.00%    passed     99.00%
  19  n275_276    0.00%    passed     90.88%
  20  n285_286    0.00%    passed     84.39%
  21  n294_295    0.00%    passed     93.65%
  22  n297_298    0.00%    passed     92.04%
  23  n244_245    0.00%    passed     81.31%
  24  n251_252    0.00%    passed     65.85%
  25  n200_201    0.00%    passed     82.90%
  26  n300_301    0.00%    passed     97.58%
****  TOTAL       0.00%  0 sequences failed composition chi2 test (p-value<5%; df=3)
NOTE: 1 identical sequences (see below) will be ignored for subsequent analysis
NOTE: n297_298 (identical to n298_299) is ignored but added at the end

Create initial parsimony tree by phylogenetic likelihood library (PLL)... 0.001 seconds

NOTE: 0 MB RAM is required!
Estimate model parameters (epsilon = 0.100)
1. Initial log-likelihood: -2010.459
2. Current log-likelihood: -1960.575
3. Current log-likelihood: -1959.852
Optimal log-likelihood: -1959.834
Rate parameters:  A-C: 1.034  A-G: 1.239  A-T: 1.003  C-G: 1.178  C-T: 0.782  G-T: 1.000
Base frequencies:   A: 0.225  C: 0.298  G: 0.203  T: 0.273
Gamma shape alpha: 25.553
Parameters optimization took 3 rounds (0.032 sec)
--------------------------------------------------------------------
|             INITIALIZING CANDIDATE TREE SET                      |
--------------------------------------------------------------------
Computing ML distances based on estimated model parameters... 0.004 sec
Computing BIONJ tree...
0.000 seconds
Log-likelihood of BIONJ tree: -1959.833
Generating 98 parsimony trees... 0.093 seconds 88 distinct starting trees
Computing log-likelihood of 88 initial trees ... 0.177 seconds
Optimizing top 20 initial trees with NNI...
Iteration 1 / LogL: -1959.834 / Time: 0h:0m:0s
Estimate model parameters (epsilon = 0.100)
BETTER SCORE FOUND at iteration 1: -1959.829
Iteration 2 / LogL: -1959.831 / Time: 0h:0m:0s
Iteration 3 / LogL: -1959.831 / Time: 0h:0m:0s
Iteration 4 / LogL: -1959.831 / Time: 0h:0m:0s
Iteration 5 / LogL: -1959.831 / Time: 0h:0m:0s
Iteration 6 / LogL: -1959.831 / Time: 0h:0m:0s
Iteration 7 / LogL: -1959.831 / Time: 0h:0m:0s
Iteration 8 / LogL: -1959.831 / Time: 0h:0m:0s
Iteration 9 / LogL: -1959.831 / Time: 0h:0m:0s
Iteration 10 / LogL: -1959.831 / Time: 0h:0m:0s
Iteration 11 / LogL: -1959.831 / Time: 0h:0m:0s
Iteration 12 / LogL: -1959.831 / Time: 0h:0m:0s
Iteration 13 / LogL: -1959.831 / Time: 0h:0m:0s
Iteration 14 / LogL: -1959.831 / Time: 0h:0m:0s
Iteration 15 / LogL: -1959.831 / Time: 0h:0m:0s
Iteration 16 / LogL: -1959.831 / Time: 0h:0m:0s
Iteration 17 / LogL: -1959.831 / Time: 0h:0m:0s
Iteration 18 / LogL: -1959.831 / Time: 0h:0m:0s
Iteration 19 / LogL: -1959.831 / Time: 0h:0m:0s
Iteration 20 / LogL: -1959.831 / Time: 0h:0m:0s
Average CPU time for 1 NNI search: 0.005
Finish initializing candidate tree set. Number of distinct locally optimal trees: 20
Current best tree score: -1959.829 / CPU time: 0.376
--------------------------------------------------------------------
|               OPTIMIZING CANDIDATE TREE SET                      |
--------------------------------------------------------------------
Iteration 30 / LogL: -1961.296 / Time: 0h:0m:0s (0h:0m:1s left)
Iteration 40 / LogL: -1959.830 / Time: 0h:0m:0s (0h:0m:1s left)
Iteration 50 / LogL: -1959.830 / Time: 0h:0m:0s (0h:0m:0s left)
Iteration 60 / LogL: -1960.187 / Time: 0h:0m:1s (0h:0m:0s left)
Iteration 70 / LogL: -1959.829 / Time: 0h:0m:1s (0h:0m:0s left)
Iteration 80 / LogL: -1960.188 / Time: 0h:0m:1s (0h:0m:0s left)
Iteration 90 / LogL: -1964.850 / Time: 0h:0m:1s (0h:0m:0s left)
Iteration 100 / LogL: -1959.829 / Time: 0h:0m:1s (0h:0m:0s left)
TREE SEARCH COMPLETED AFTER 101 ITERATIONS / Time: 0h:0m:1s

--------------------------------------------------------------------
|                    FINALIZING TREE SEARCH                        |
--------------------------------------------------------------------
Performs final model parameters optimization
Estimate model parameters (epsilon = 0.010)
1. Initial log-likelihood: -1959.829
Optimal log-likelihood: -1959.828
Rate parameters:  A-C: 1.037  A-G: 1.253  A-T: 1.007  C-G: 1.179  C-T: 0.782  G-T: 1.000
Base frequencies:   A: 0.225  C: 0.298  G: 0.203  T: 0.273
Gamma shape alpha: 25.966
Parameters optimization took 1 rounds (0.005 sec)
BEST SCORE FOUND : -1959.828

Testing tree branches by SH-like aLRT with 1000 replicates...
CPU Time used:  0.108 sec.
Total tree length: 1.159

Total number of iterations: 101
CPU time used for tree search: 1.612 sec (0h:0m:1s)
Wall-clock time used for tree search: 1.612 sec (0h:0m:1s)
Total CPU time used: 1.776 sec (0h:0m:1s)
Total wall-clock time used: 1.774 sec (0h:0m:1s)

Analysis results written to: 
  IQ-TREE report:                ../simulations/data_D1T2L3I5T4//S/524_pruned.fasta.iqtree
  Maximum-likelihood tree:       ../simulations/data_D1T2L3I5T4//S/524_pruned.fasta.treefile
  Likelihood distances:          ../simulations/data_D1T2L3I5T4//S/524_pruned.fasta.mldist
  Screen log file:               ../simulations/data_D1T2L3I5T4//S/524_pruned.fasta.log

Date and Time: Fri May 25 14:35:48 2018
