IQ-TREE version 1.4.2 for Linux 64-bit built Apr 15 2016
Copyright (c) 2011-2015 Nguyen Lam Tung, Olga Chernomor, Arndt von Haeseler and Bui Quang Minh.

Host:    meduse (AVX2, FMA3, 7 GB RAM)
Command: /home/tannier/programs/iqtree/iqtree-1.4.2-Linux/bin//iqtree -s ../simulations/data_D1T2L3I5T4//S/528_pruned.fasta -m GTR+G -alrt 1000 -redo
Seed:    345415 (Using SPRNG - Scalable Parallel Random Number Generator)
Time:    Fri May 25 14:27:09 2018
Kernel:  AVX

NOTE: Consider using the multicore version because your CPU has 4 cores!

Reading alignment file ../simulations/data_D1T2L3I5T4//S/528_pruned.fasta ... Fasta format detected
Alignment most likely contains DNA/RNA sequences
Alignment has 37 sequences with 300 columns and 209 patterns (212 informative sites)
          Gap/Ambiguity  Composition  p-value
   1  n299_396    0.00%    passed     99.53%
   2  n265_348    0.00%    passed     55.51%
   3  n236_305    0.00%    passed     86.77%
   4  n255_330    0.00%    passed     93.34%
   5  n200_253    0.00%    passed     95.03%
   6  n299_398    0.00%    passed     94.19%
   7  n289_384    0.00%    passed     99.51%
   8  n287_382    0.00%    passed     98.75%
   9  n280_371    0.00%    passed     94.34%
  10  n266_349    0.00%    passed     42.35%
  11  n286_381    0.00%    passed     97.23%
  12  n274_361    0.00%    passed     94.34%
  13  n244_313    0.00%    passed     65.47%
  14  n280_369    0.00%    passed     98.78%
  15  n275_362    0.00%    passed     93.51%
  16  n278_367    0.00%    passed     83.12%
  17  n285_378    0.00%    passed     83.15%
  18  n295_392    0.00%    passed     87.87%
  19  n251_324    0.00%    passed     99.53%
  20  n277_366    0.00%    passed     91.80%
  21  n293_390    0.00%    passed     93.04%
  22  n285_380    0.00%    passed     97.29%
  23  n292_387    0.00%    passed     99.90%
  24  n296_393    0.00%    passed     81.42%
  25  n300_399    0.00%    passed     96.44%
  26  n278_365    0.00%    passed     91.25%
  27  n286_379    0.00%    passed     76.26%
  28  n265_346    0.00%    passed     85.08%
  29  n266_347    0.00%    passed     79.88%
  30  n292_389    0.00%    passed     94.19%
  31  n290_385    0.00%    passed     98.37%
  32  n300_397    0.00%    passed     99.53%
  33  n274_359    0.00%    passed     98.78%
  34  n277_364    0.00%    passed     90.15%
  35  n297_394    0.00%    passed     99.51%
  36  n294_391    0.00%    passed     88.14%
  37  n298_395    0.00%    passed     99.51%
****  TOTAL       0.00%  0 sequences failed composition chi2 test (p-value<5%; df=3)
NOTE: 2 identical sequences (see below) will be ignored for subsequent analysis
NOTE: n300_397 (identical to n299_396) is ignored but added at the end
NOTE: n298_395 (identical to n297_394) is ignored but added at the end

Create initial parsimony tree by phylogenetic likelihood library (PLL)... 0.001 seconds

NOTE: 1 MB RAM is required!
Estimate model parameters (epsilon = 0.100)
1. Initial log-likelihood: -2608.997
2. Current log-likelihood: -2557.068
3. Current log-likelihood: -2556.622
Optimal log-likelihood: -2556.603
Rate parameters:  A-C: 0.752  A-G: 0.953  A-T: 0.634  C-G: 1.134  C-T: 1.274  G-T: 1.000
Base frequencies:   A: 0.258  C: 0.252  G: 0.227  T: 0.264
Gamma shape alpha: 27.742
Parameters optimization took 3 rounds (0.042 sec)
--------------------------------------------------------------------
|             INITIALIZING CANDIDATE TREE SET                      |
--------------------------------------------------------------------
Computing ML distances based on estimated model parameters... 0.004 sec
Computing BIONJ tree...
0.001 seconds
Log-likelihood of BIONJ tree: -2556.614
Generating 98 parsimony trees... 0.167 seconds 49 distinct starting trees
Computing log-likelihood of 49 initial trees ... 0.160 seconds
Optimizing top 20 initial trees with NNI...
Iteration 1 / LogL: -2556.604 / Time: 0h:0m:0s
Estimate model parameters (epsilon = 0.100)
BETTER SCORE FOUND at iteration 1: -2556.592
Iteration 2 / LogL: -2556.594 / Time: 0h:0m:0s
Iteration 3 / LogL: -2556.594 / Time: 0h:0m:0s
Iteration 4 / LogL: -2556.594 / Time: 0h:0m:0s
Iteration 5 / LogL: -2556.594 / Time: 0h:0m:0s
Iteration 6 / LogL: -2556.594 / Time: 0h:0m:0s
Iteration 7 / LogL: -2556.594 / Time: 0h:0m:0s
Iteration 8 / LogL: -2556.594 / Time: 0h:0m:0s
Iteration 9 / LogL: -2556.594 / Time: 0h:0m:0s
Iteration 10 / LogL: -2556.594 / Time: 0h:0m:0s
Iteration 11 / LogL: -2556.594 / Time: 0h:0m:0s
Iteration 12 / LogL: -2556.594 / Time: 0h:0m:0s
Iteration 13 / LogL: -2556.594 / Time: 0h:0m:0s
Iteration 14 / LogL: -2556.594 / Time: 0h:0m:0s
Iteration 15 / LogL: -2556.594 / Time: 0h:0m:0s
Iteration 16 / LogL: -2556.594 / Time: 0h:0m:0s
Iteration 17 / LogL: -2556.594 / Time: 0h:0m:0s
Iteration 18 / LogL: -2556.594 / Time: 0h:0m:0s
Iteration 19 / LogL: -2556.594 / Time: 0h:0m:0s
Iteration 20 / LogL: -2556.594 / Time: 0h:0m:0s
Average CPU time for 1 NNI search: 0.009
Finish initializing candidate tree set. Number of distinct locally optimal trees: 20
Current best tree score: -2556.592 / CPU time: 0.508
--------------------------------------------------------------------
|               OPTIMIZING CANDIDATE TREE SET                      |
--------------------------------------------------------------------
Iteration 30 / LogL: -2557.941 / Time: 0h:0m:0s (0h:0m:2s left)
Iteration 40 / LogL: -2556.592 / Time: 0h:0m:1s (0h:0m:1s left)
Iteration 50 / LogL: -2556.595 / Time: 0h:0m:1s (0h:0m:1s left)
Iteration 60 / LogL: -2556.593 / Time: 0h:0m:1s (0h:0m:1s left)
Iteration 70 / LogL: -2556.592 / Time: 0h:0m:1s (0h:0m:0s left)
Iteration 80 / LogL: -2556.602 / Time: 0h:0m:2s (0h:0m:0s left)
Iteration 90 / LogL: -2556.602 / Time: 0h:0m:2s (0h:0m:0s left)
Iteration 100 / LogL: -2556.592 / Time: 0h:0m:2s (0h:0m:0s left)
TREE SEARCH COMPLETED AFTER 101 ITERATIONS / Time: 0h:0m:2s

--------------------------------------------------------------------
|                    FINALIZING TREE SEARCH                        |
--------------------------------------------------------------------
Performs final model parameters optimization
Estimate model parameters (epsilon = 0.010)
1. Initial log-likelihood: -2556.592
Optimal log-likelihood: -2556.585
Rate parameters:  A-C: 0.745  A-G: 0.942  A-T: 0.625  C-G: 1.122  C-T: 1.261  G-T: 1.000
Base frequencies:   A: 0.258  C: 0.252  G: 0.227  T: 0.264
Gamma shape alpha: 27.766
Parameters optimization took 1 rounds (0.007 sec)
BEST SCORE FOUND : -2556.585

Testing tree branches by SH-like aLRT with 1000 replicates...
CPU Time used:  0.172 sec.
Total tree length: 1.490

Total number of iterations: 101
CPU time used for tree search: 2.844 sec (0h:0m:2s)
Wall-clock time used for tree search: 2.844 sec (0h:0m:2s)
Total CPU time used: 3.084 sec (0h:0m:3s)
Total wall-clock time used: 3.086 sec (0h:0m:3s)

Analysis results written to: 
  IQ-TREE report:                ../simulations/data_D1T2L3I5T4//S/528_pruned.fasta.iqtree
  Maximum-likelihood tree:       ../simulations/data_D1T2L3I5T4//S/528_pruned.fasta.treefile
  Likelihood distances:          ../simulations/data_D1T2L3I5T4//S/528_pruned.fasta.mldist
  Screen log file:               ../simulations/data_D1T2L3I5T4//S/528_pruned.fasta.log

Date and Time: Fri May 25 14:27:12 2018
