IQ-TREE version 1.4.2 for Linux 64-bit built Apr 15 2016
Copyright (c) 2011-2015 Nguyen Lam Tung, Olga Chernomor, Arndt von Haeseler and Bui Quang Minh.

Host:    meduse (AVX2, FMA3, 7 GB RAM)
Command: /home/tannier/programs/iqtree/iqtree-1.4.2-Linux/bin//iqtree -s ../simulations/data_D1T2L3I5T4//S/54_pruned.fasta -m GTR+G -alrt 1000 -redo
Seed:    198577 (Using SPRNG - Scalable Parallel Random Number Generator)
Time:    Fri May 25 14:14:51 2018
Kernel:  AVX

NOTE: Consider using the multicore version because your CPU has 4 cores!

Reading alignment file ../simulations/data_D1T2L3I5T4//S/54_pruned.fasta ... Fasta format detected
Alignment most likely contains DNA/RNA sequences
Alignment has 26 sequences with 300 columns and 189 patterns (172 informative sites)
          Gap/Ambiguity  Composition  p-value
   1  n236_237    0.00%    passed     86.64%
   2  n266_267    0.00%    passed     81.00%
   3  n296_297    0.00%    passed     99.40%
   4  n277_278    0.00%    passed     99.07%
   5  n290_291    0.00%    passed     96.14%
   6  n255_256    0.00%    passed     91.45%
   7  n295_296    0.00%    passed     99.56%
   8  n286_287    0.00%    passed     99.42%
   9  n298_299    0.00%    passed     99.40%
  10  n299_300    0.00%    passed     97.85%
  11  n287_288    0.00%    passed     95.29%
  12  n278_279    0.00%    passed     99.94%
  13  n292_293    0.00%    passed     96.18%
  14  n265_266    0.00%    passed     87.03%
  15  n289_290    0.00%    passed     98.05%
  16  n293_294    0.00%    passed     99.28%
  17  n280_281    0.00%    passed     96.18%
  18  n274_275    0.00%    passed     90.11%
  19  n275_276    0.00%    passed     99.56%
  20  n285_286    0.00%    passed     99.42%
  21  n294_295    0.00%    passed     99.74%
  22  n297_298    0.00%    passed     98.67%
  23  n244_245    0.00%    passed     57.77%
  24  n251_252    0.00%    passed     46.63%
  25  n200_201    0.00%    passed     99.94%
  26  n300_301    0.00%    passed     97.85%
****  TOTAL       0.00%  0 sequences failed composition chi2 test (p-value<5%; df=3)
NOTE: 1 identical sequences (see below) will be ignored for subsequent analysis
NOTE: n300_301 (identical to n299_300) is ignored but added at the end

Create initial parsimony tree by phylogenetic likelihood library (PLL)... 0.001 seconds

NOTE: 0 MB RAM is required!
Estimate model parameters (epsilon = 0.100)
1. Initial log-likelihood: -2171.762
2. Current log-likelihood: -2138.500
3. Current log-likelihood: -2138.048
Optimal log-likelihood: -2138.047
Rate parameters:  A-C: 0.935  A-G: 1.075  A-T: 0.919  C-G: 0.923  C-T: 1.292  G-T: 1.000
Base frequencies:   A: 0.235  C: 0.264  G: 0.270  T: 0.231
Gamma shape alpha: 6.404
Parameters optimization took 3 rounds (0.033 sec)
--------------------------------------------------------------------
|             INITIALIZING CANDIDATE TREE SET                      |
--------------------------------------------------------------------
Computing ML distances based on estimated model parameters... 0.004 sec
Computing BIONJ tree...
0.000 seconds
Log-likelihood of BIONJ tree: -2138.036
Generating 98 parsimony trees... 0.094 seconds 71 distinct starting trees
Computing log-likelihood of 71 initial trees ... 0.152 seconds
Optimizing top 20 initial trees with NNI...
Iteration 1 / LogL: -2138.036 / Time: 0h:0m:0s
Estimate model parameters (epsilon = 0.100)
BETTER SCORE FOUND at iteration 1: -2138.034
Iteration 2 / LogL: -2138.036 / Time: 0h:0m:0s
Iteration 3 / LogL: -2138.036 / Time: 0h:0m:0s
Iteration 4 / LogL: -2138.036 / Time: 0h:0m:0s
Iteration 5 / LogL: -2138.036 / Time: 0h:0m:0s
Iteration 6 / LogL: -2138.036 / Time: 0h:0m:0s
Iteration 7 / LogL: -2138.036 / Time: 0h:0m:0s
Iteration 8 / LogL: -2138.036 / Time: 0h:0m:0s
Iteration 9 / LogL: -2138.036 / Time: 0h:0m:0s
Iteration 10 / LogL: -2138.036 / Time: 0h:0m:0s
Iteration 11 / LogL: -2138.036 / Time: 0h:0m:0s
Iteration 12 / LogL: -2138.036 / Time: 0h:0m:0s
Iteration 13 / LogL: -2138.036 / Time: 0h:0m:0s
Iteration 14 / LogL: -2138.036 / Time: 0h:0m:0s
Iteration 15 / LogL: -2138.036 / Time: 0h:0m:0s
Iteration 16 / LogL: -2138.048 / Time: 0h:0m:0s
Iteration 17 / LogL: -2138.040 / Time: 0h:0m:0s
Iteration 18 / LogL: -2138.040 / Time: 0h:0m:0s
Iteration 19 / LogL: -2138.040 / Time: 0h:0m:0s
Iteration 20 / LogL: -2138.040 / Time: 0h:0m:0s
Average CPU time for 1 NNI search: 0.007
Finish initializing candidate tree set. Number of distinct locally optimal trees: 14
Current best tree score: -2138.034 / CPU time: 0.388
--------------------------------------------------------------------
|               OPTIMIZING CANDIDATE TREE SET                      |
--------------------------------------------------------------------
Iteration 30 / LogL: -2138.040 / Time: 0h:0m:0s (0h:0m:1s left)
Iteration 40 / LogL: -2138.040 / Time: 0h:0m:0s (0h:0m:1s left)
Iteration 50 / LogL: -2138.040 / Time: 0h:0m:0s (0h:0m:1s left)
Iteration 60 / LogL: -2138.034 / Time: 0h:0m:1s (0h:0m:0s left)
Iteration 70 / LogL: -2138.036 / Time: 0h:0m:1s (0h:0m:0s left)
Iteration 80 / LogL: -2138.037 / Time: 0h:0m:1s (0h:0m:0s left)
Iteration 90 / LogL: -2138.034 / Time: 0h:0m:1s (0h:0m:0s left)
Iteration 100 / LogL: -2138.037 / Time: 0h:0m:1s (0h:0m:0s left)
TREE SEARCH COMPLETED AFTER 101 ITERATIONS / Time: 0h:0m:1s

--------------------------------------------------------------------
|                    FINALIZING TREE SEARCH                        |
--------------------------------------------------------------------
Performs final model parameters optimization
Estimate model parameters (epsilon = 0.010)
1. Initial log-likelihood: -2138.034
Optimal log-likelihood: -2138.033
Rate parameters:  A-C: 0.941  A-G: 1.082  A-T: 0.924  C-G: 0.930  C-T: 1.298  G-T: 1.000
Base frequencies:   A: 0.235  C: 0.264  G: 0.270  T: 0.231
Gamma shape alpha: 6.404
Parameters optimization took 1 rounds (0.005 sec)
BEST SCORE FOUND : -2138.033

Testing tree branches by SH-like aLRT with 1000 replicates...
CPU Time used:  0.112 sec.
Total tree length: 1.319

Total number of iterations: 101
CPU time used for tree search: 1.820 sec (0h:0m:1s)
Wall-clock time used for tree search: 1.824 sec (0h:0m:1s)
Total CPU time used: 1.984 sec (0h:0m:1s)
Total wall-clock time used: 1.988 sec (0h:0m:1s)

Analysis results written to: 
  IQ-TREE report:                ../simulations/data_D1T2L3I5T4//S/54_pruned.fasta.iqtree
  Maximum-likelihood tree:       ../simulations/data_D1T2L3I5T4//S/54_pruned.fasta.treefile
  Likelihood distances:          ../simulations/data_D1T2L3I5T4//S/54_pruned.fasta.mldist
  Screen log file:               ../simulations/data_D1T2L3I5T4//S/54_pruned.fasta.log

Date and Time: Fri May 25 14:14:53 2018
