IQ-TREE version 1.4.2 for Linux 64-bit built Apr 15 2016
Copyright (c) 2011-2015 Nguyen Lam Tung, Olga Chernomor, Arndt von Haeseler and Bui Quang Minh.

Host:    meduse (AVX2, FMA3, 7 GB RAM)
Command: /home/tannier/programs/iqtree/iqtree-1.4.2-Linux/bin//iqtree -s ../simulations/data_D1T2L3I5T4//S/557_pruned.fasta -m GTR+G -alrt 1000 -redo
Seed:    777927 (Using SPRNG - Scalable Parallel Random Number Generator)
Time:    Fri May 25 14:22:52 2018
Kernel:  AVX

NOTE: Consider using the multicore version because your CPU has 4 cores!

Reading alignment file ../simulations/data_D1T2L3I5T4//S/557_pruned.fasta ... Fasta format detected
Alignment most likely contains DNA/RNA sequences
Alignment has 26 sequences with 300 columns and 173 patterns (143 informative sites)
          Gap/Ambiguity  Composition  p-value
   1  n287_282    0.00%    passed     85.17%
   2  n290_285    0.00%    passed     93.64%
   3  n285_280    0.00%    passed     86.94%
   4  n294_289    0.00%    passed     94.97%
   5  n289_284    0.00%    passed     93.92%
   6  n292_287    0.00%    passed     98.63%
   7  n255_250    0.00%    passed     94.20%
   8  n275_270    0.00%    passed     92.66%
   9  n295_290    0.00%    passed     80.84%
  10  n277_272    0.00%    passed     87.39%
  11  n298_293    0.00%    passed     93.73%
  12  n286_281    0.00%    passed     84.62%
  13  n297_292    0.00%    passed     91.26%
  14  n278_273    0.00%    passed     83.55%
  15  n293_288    0.00%    passed     88.16%
  16  n265_260    0.00%    passed     76.80%
  17  n274_269    0.00%    passed     91.60%
  18  n300_295    0.00%    passed     97.14%
  19  n244_239    0.00%    passed     87.63%
  20  n251_246    0.00%    passed     87.97%
  21  n266_261    0.00%    passed     78.43%
  22  n299_294    0.00%    passed     97.14%
  23  n280_275    0.00%    passed     94.33%
  24  n236_233    0.00%    passed     96.12%
  25  n296_291    0.00%    passed     82.29%
  26  n200_199    0.00%    passed     90.57%
****  TOTAL       0.00%  0 sequences failed composition chi2 test (p-value<5%; df=3)
NOTE: 1 identical sequences (see below) will be ignored for subsequent analysis
NOTE: n299_294 (identical to n300_295) is ignored but added at the end

Create initial parsimony tree by phylogenetic likelihood library (PLL)... 0.001 seconds

NOTE: 0 MB RAM is required!
Estimate model parameters (epsilon = 0.100)
1. Initial log-likelihood: -2034.017
2. Current log-likelihood: -1996.549
3. Current log-likelihood: -1996.318
Optimal log-likelihood: -1996.310
Rate parameters:  A-C: 1.178  A-G: 1.659  A-T: 1.230  C-G: 1.321  C-T: 1.491  G-T: 1.000
Base frequencies:   A: 0.224  C: 0.278  G: 0.254  T: 0.243
Gamma shape alpha: 4.566
Parameters optimization took 3 rounds (0.029 sec)
--------------------------------------------------------------------
|             INITIALIZING CANDIDATE TREE SET                      |
--------------------------------------------------------------------
Computing ML distances based on estimated model parameters... 0.004 sec
Computing BIONJ tree...
0.001 seconds
Log-likelihood of BIONJ tree: -1996.310
Generating 99 parsimony trees... 0.106 seconds 2 distinct starting trees
Computing log-likelihood of 2 initial trees ... 0.002 seconds
Optimizing top 2 initial trees with NNI...
Iteration 1 / LogL: -1996.311 / Time: 0h:0m:0s
Estimate model parameters (epsilon = 0.100)
BETTER SCORE FOUND at iteration 1: -1996.304
Iteration 2 / LogL: -1996.304 / Time: 0h:0m:0s
Average CPU time for 1 NNI search: 0.008
Finish initializing candidate tree set. Number of distinct locally optimal trees: 1
Current best tree score: -1996.304 / CPU time: 0.124
--------------------------------------------------------------------
|               OPTIMIZING CANDIDATE TREE SET                      |
--------------------------------------------------------------------
Iteration 10 / LogL: -1996.306 / Time: 0h:0m:0s
Iteration 20 / LogL: -2363.384 / Time: 0h:0m:0s (0h:0m:1s left)
Iteration 30 / LogL: -1996.325 / Time: 0h:0m:0s (0h:0m:1s left)
Iteration 40 / LogL: -1996.304 / Time: 0h:0m:0s (0h:0m:1s left)
Iteration 50 / LogL: -1996.306 / Time: 0h:0m:1s (0h:0m:1s left)
Iteration 60 / LogL: -1996.331 / Time: 0h:0m:1s (0h:0m:0s left)
Iteration 70 / LogL: -1996.307 / Time: 0h:0m:1s (0h:0m:0s left)
Iteration 80 / LogL: -1996.307 / Time: 0h:0m:1s (0h:0m:0s left)
Iteration 90 / LogL: -2060.638 / Time: 0h:0m:1s (0h:0m:0s left)
Iteration 100 / LogL: -1996.310 / Time: 0h:0m:2s (0h:0m:0s left)
TREE SEARCH COMPLETED AFTER 101 ITERATIONS / Time: 0h:0m:2s

--------------------------------------------------------------------
|                    FINALIZING TREE SEARCH                        |
--------------------------------------------------------------------
Performs final model parameters optimization
Estimate model parameters (epsilon = 0.010)
1. Initial log-likelihood: -1996.304
Optimal log-likelihood: -1996.301
Rate parameters:  A-C: 1.173  A-G: 1.643  A-T: 1.214  C-G: 1.304  C-T: 1.475  G-T: 1.000
Base frequencies:   A: 0.224  C: 0.278  G: 0.254  T: 0.243
Gamma shape alpha: 4.571
Parameters optimization took 1 rounds (0.005 sec)
BEST SCORE FOUND : -1996.301

Testing tree branches by SH-like aLRT with 1000 replicates...
CPU Time used:  0.108 sec.
Total tree length: 1.132

Total number of iterations: 101
CPU time used for tree search: 2.040 sec (0h:0m:2s)
Wall-clock time used for tree search: 2.040 sec (0h:0m:2s)
Total CPU time used: 2.196 sec (0h:0m:2s)
Total wall-clock time used: 2.199 sec (0h:0m:2s)

Analysis results written to: 
  IQ-TREE report:                ../simulations/data_D1T2L3I5T4//S/557_pruned.fasta.iqtree
  Maximum-likelihood tree:       ../simulations/data_D1T2L3I5T4//S/557_pruned.fasta.treefile
  Likelihood distances:          ../simulations/data_D1T2L3I5T4//S/557_pruned.fasta.mldist
  Screen log file:               ../simulations/data_D1T2L3I5T4//S/557_pruned.fasta.log

Date and Time: Fri May 25 14:22:54 2018
