IQ-TREE version 1.4.2 for Linux 64-bit built Apr 15 2016
Copyright (c) 2011-2015 Nguyen Lam Tung, Olga Chernomor, Arndt von Haeseler and Bui Quang Minh.

Host:    meduse (AVX2, FMA3, 7 GB RAM)
Command: /home/tannier/programs/iqtree/iqtree-1.4.2-Linux/bin//iqtree -s ../simulations/data_D1T2L3I5T4//S/55_pruned.fasta -m GTR+G -alrt 1000 -redo
Seed:    24275 (Using SPRNG - Scalable Parallel Random Number Generator)
Time:    Fri May 25 14:27:48 2018
Kernel:  AVX

NOTE: Consider using the multicore version because your CPU has 4 cores!

Reading alignment file ../simulations/data_D1T2L3I5T4//S/55_pruned.fasta ... Fasta format detected
Alignment most likely contains DNA/RNA sequences
Alignment has 26 sequences with 300 columns and 183 patterns (160 informative sites)
          Gap/Ambiguity  Composition  p-value
   1  n236_237    0.00%    passed     66.24%
   2  n266_267    0.00%    passed     77.89%
   3  n296_297    0.00%    passed     98.11%
   4  n277_278    0.00%    passed     99.28%
   5  n290_291    0.00%    passed     98.46%
   6  n255_256    0.00%    passed     90.51%
   7  n295_296    0.00%    passed     98.11%
   8  n286_287    0.00%    passed     69.81%
   9  n298_299    0.00%    passed     97.33%
  10  n299_300    0.00%    passed     99.64%
  11  n287_288    0.00%    passed     99.95%
  12  n278_279    0.00%    passed     99.09%
  13  n292_293    0.00%    passed     99.64%
  14  n265_266    0.00%    passed     69.80%
  15  n289_290    0.00%    passed     99.95%
  16  n293_294    0.00%    passed     97.13%
  17  n280_281    0.00%    passed     99.07%
  18  n274_275    0.00%    passed     93.94%
  19  n275_276    0.00%    passed     99.59%
  20  n285_286    0.00%    passed     68.68%
  21  n294_295    0.00%    passed     98.38%
  22  n297_298    0.00%    passed     95.96%
  23  n244_245    0.00%    passed     74.00%
  24  n251_252    0.00%    passed     83.12%
  25  n200_201    0.00%    passed     83.82%
  26  n300_301    0.00%    passed     98.54%
****  TOTAL       0.00%  0 sequences failed composition chi2 test (p-value<5%; df=3)
NOTE: 2 identical sequences (see below) will be ignored for subsequent analysis
NOTE: n295_296 (identical to n296_297) is ignored but added at the end
NOTE: n292_293 (identical to n299_300) is ignored but added at the end

Create initial parsimony tree by phylogenetic likelihood library (PLL)... 0.001 seconds

NOTE: 0 MB RAM is required!
Estimate model parameters (epsilon = 0.100)
1. Initial log-likelihood: -2171.837
2. Current log-likelihood: -2084.695
3. Current log-likelihood: -2084.230
Optimal log-likelihood: -2084.180
Rate parameters:  A-C: 1.416  A-G: 1.598  A-T: 1.021  C-G: 1.171  C-T: 1.396  G-T: 1.000
Base frequencies:   A: 0.213  C: 0.277  G: 0.235  T: 0.275
Gamma shape alpha: 998.324
Parameters optimization took 3 rounds (0.022 sec)
--------------------------------------------------------------------
|             INITIALIZING CANDIDATE TREE SET                      |
--------------------------------------------------------------------
Computing ML distances based on estimated model parameters... 0.004 sec
Computing BIONJ tree...
0.001 seconds
Log-likelihood of BIONJ tree: -2084.664
Generating 98 parsimony trees... 0.090 seconds 15 distinct starting trees
Computing log-likelihood of 15 initial trees ... 0.028 seconds
Optimizing top 15 initial trees with NNI...
Iteration 1 / LogL: -2084.181 / Time: 0h:0m:0s
Estimate model parameters (epsilon = 0.100)
BETTER SCORE FOUND at iteration 1: -2084.177
Iteration 2 / LogL: -2084.185 / Time: 0h:0m:0s
Iteration 3 / LogL: -2084.185 / Time: 0h:0m:0s
Iteration 4 / LogL: -2084.185 / Time: 0h:0m:0s
Iteration 5 / LogL: -2084.185 / Time: 0h:0m:0s
Iteration 6 / LogL: -2084.185 / Time: 0h:0m:0s
Iteration 7 / LogL: -2084.185 / Time: 0h:0m:0s
Iteration 8 / LogL: -2084.185 / Time: 0h:0m:0s
Iteration 9 / LogL: -2084.185 / Time: 0h:0m:0s
Iteration 10 / LogL: -2084.185 / Time: 0h:0m:0s
Iteration 11 / LogL: -2084.185 / Time: 0h:0m:0s
Iteration 12 / LogL: -2084.185 / Time: 0h:0m:0s
Iteration 13 / LogL: -2084.185 / Time: 0h:0m:0s
Iteration 14 / LogL: -2084.185 / Time: 0h:0m:0s
Iteration 15 / LogL: -2084.177 / Time: 0h:0m:0s
Average CPU time for 1 NNI search: 0.006
Finish initializing candidate tree set. Number of distinct locally optimal trees: 14
Current best tree score: -2084.177 / CPU time: 0.204
--------------------------------------------------------------------
|               OPTIMIZING CANDIDATE TREE SET                      |
--------------------------------------------------------------------
Iteration 20 / LogL: -2084.177 / Time: 0h:0m:0s (0h:0m:1s left)
Iteration 30 / LogL: -2084.184 / Time: 0h:0m:0s (0h:0m:1s left)
Iteration 40 / LogL: -2084.178 / Time: 0h:0m:0s (0h:0m:0s left)
Iteration 50 / LogL: -2084.184 / Time: 0h:0m:0s (0h:0m:0s left)
Iteration 60 / LogL: -2084.225 / Time: 0h:0m:0s (0h:0m:0s left)
Iteration 70 / LogL: -2084.262 / Time: 0h:0m:1s (0h:0m:0s left)
Iteration 80 / LogL: -2084.177 / Time: 0h:0m:1s (0h:0m:0s left)
Iteration 90 / LogL: -2084.199 / Time: 0h:0m:1s (0h:0m:0s left)
Iteration 100 / LogL: -2084.533 / Time: 0h:0m:1s (0h:0m:0s left)
TREE SEARCH COMPLETED AFTER 101 ITERATIONS / Time: 0h:0m:1s

--------------------------------------------------------------------
|                    FINALIZING TREE SEARCH                        |
--------------------------------------------------------------------
Performs final model parameters optimization
Estimate model parameters (epsilon = 0.010)
1. Initial log-likelihood: -2084.177
2. Current log-likelihood: -2084.114
Optimal log-likelihood: -2084.107
Rate parameters:  A-C: 1.351  A-G: 1.520  A-T: 0.994  C-G: 1.085  C-T: 1.349  G-T: 1.000
Base frequencies:   A: 0.213  C: 0.277  G: 0.235  T: 0.275
Gamma shape alpha: 998.324
Parameters optimization took 2 rounds (0.010 sec)
BEST SCORE FOUND : -2084.107

Testing tree branches by SH-like aLRT with 1000 replicates...
CPU Time used:  0.108 sec.
Total tree length: 1.230

Total number of iterations: 101
CPU time used for tree search: 1.460 sec (0h:0m:1s)
Wall-clock time used for tree search: 1.460 sec (0h:0m:1s)
Total CPU time used: 1.620 sec (0h:0m:1s)
Total wall-clock time used: 1.620 sec (0h:0m:1s)

Analysis results written to: 
  IQ-TREE report:                ../simulations/data_D1T2L3I5T4//S/55_pruned.fasta.iqtree
  Maximum-likelihood tree:       ../simulations/data_D1T2L3I5T4//S/55_pruned.fasta.treefile
  Likelihood distances:          ../simulations/data_D1T2L3I5T4//S/55_pruned.fasta.mldist
  Screen log file:               ../simulations/data_D1T2L3I5T4//S/55_pruned.fasta.log

Date and Time: Fri May 25 14:27:49 2018
