IQ-TREE version 1.4.2 for Linux 64-bit built Apr 15 2016
Copyright (c) 2011-2015 Nguyen Lam Tung, Olga Chernomor, Arndt von Haeseler and Bui Quang Minh.

Host:    meduse (AVX2, FMA3, 7 GB RAM)
Command: /home/tannier/programs/iqtree/iqtree-1.4.2-Linux/bin//iqtree -s ../simulations/data_D1T2L3I5T4//S/560_pruned.fasta -m GTR+G -alrt 1000 -redo
Seed:    567031 (Using SPRNG - Scalable Parallel Random Number Generator)
Time:    Fri May 25 14:26:02 2018
Kernel:  AVX

NOTE: Consider using the multicore version because your CPU has 4 cores!

Reading alignment file ../simulations/data_D1T2L3I5T4//S/560_pruned.fasta ... Fasta format detected
Alignment most likely contains DNA/RNA sequences
Alignment has 26 sequences with 300 columns and 175 patterns (156 informative sites)
          Gap/Ambiguity  Composition  p-value
   1  n236_237    0.00%    passed     49.64%
   2  n266_267    0.00%    passed     91.84%
   3  n296_297    0.00%    passed     95.97%
   4  n277_278    0.00%    passed     97.13%
   5  n290_291    0.00%    passed     99.17%
   6  n255_256    0.00%    passed     76.02%
   7  n295_296    0.00%    passed     92.76%
   8  n286_287    0.00%    passed     71.81%
   9  n298_299    0.00%    passed     94.53%
  10  n299_300    0.00%    passed     92.16%
  11  n287_288    0.00%    passed     99.90%
  12  n278_279    0.00%    passed     97.69%
  13  n292_293    0.00%    passed     92.16%
  14  n265_266    0.00%    passed     97.99%
  15  n289_290    0.00%    passed     99.90%
  16  n293_294    0.00%    passed     95.15%
  17  n280_281    0.00%    passed     94.95%
  18  n274_275    0.00%    passed     83.20%
  19  n275_276    0.00%    passed     90.78%
  20  n285_286    0.00%    passed     76.95%
  21  n294_295    0.00%    passed     92.24%
  22  n297_298    0.00%    passed     95.55%
  23  n244_245    0.00%    passed     93.62%
  24  n251_252    0.00%    passed     88.36%
  25  n200_201    0.00%    passed     60.46%
  26  n300_301    0.00%    passed     92.16%
****  TOTAL       0.00%  0 sequences failed composition chi2 test (p-value<5%; df=3)
NOTE: 3 identical sequences (see below) will be ignored for subsequent analysis
NOTE: n292_293 (identical to n299_300) is ignored but added at the end
NOTE: n300_301 (identical to n299_300) is ignored but added at the end
NOTE: n289_290 (identical to n287_288) is ignored but added at the end

Create initial parsimony tree by phylogenetic likelihood library (PLL)... 0.001 seconds

NOTE: 0 MB RAM is required!
Estimate model parameters (epsilon = 0.100)
1. Initial log-likelihood: -2076.953
2. Current log-likelihood: -2051.603
3. Current log-likelihood: -2051.450
Optimal log-likelihood: -2051.447
Rate parameters:  A-C: 1.134  A-G: 1.251  A-T: 1.016  C-G: 0.829  C-T: 1.232  G-T: 1.000
Base frequencies:   A: 0.230  C: 0.267  G: 0.254  T: 0.249
Gamma shape alpha: 3.783
Parameters optimization took 3 rounds (0.017 sec)
--------------------------------------------------------------------
|             INITIALIZING CANDIDATE TREE SET                      |
--------------------------------------------------------------------
Computing ML distances based on estimated model parameters... 0.004 sec
Computing BIONJ tree...
0.001 seconds
Log-likelihood of BIONJ tree: -2055.765
Generating 98 parsimony trees... 0.082 seconds 14 distinct starting trees
Computing log-likelihood of 14 initial trees ... 0.024 seconds
Optimizing top 14 initial trees with NNI...
Iteration 1 / LogL: -2051.312 / Time: 0h:0m:0s
Estimate model parameters (epsilon = 0.100)
BETTER SCORE FOUND at iteration 1: -2051.311
Iteration 2 / LogL: -2051.312 / Time: 0h:0m:0s
Iteration 3 / LogL: -2051.312 / Time: 0h:0m:0s
Iteration 4 / LogL: -2051.312 / Time: 0h:0m:0s
Iteration 5 / LogL: -2051.312 / Time: 0h:0m:0s
Iteration 6 / LogL: -2051.312 / Time: 0h:0m:0s
Iteration 7 / LogL: -2051.311 / Time: 0h:0m:0s
Iteration 8 / LogL: -2051.448 / Time: 0h:0m:0s
Iteration 9 / LogL: -2051.448 / Time: 0h:0m:0s
Iteration 10 / LogL: -2051.448 / Time: 0h:0m:0s
Iteration 11 / LogL: -2051.449 / Time: 0h:0m:0s
Iteration 12 / LogL: -2051.449 / Time: 0h:0m:0s
Iteration 13 / LogL: -2051.449 / Time: 0h:0m:0s
Iteration 14 / LogL: -2051.324 / Time: 0h:0m:0s
Average CPU time for 1 NNI search: 0.007
Finish initializing candidate tree set. Number of distinct locally optimal trees: 13
Current best tree score: -2051.311 / CPU time: 0.208
--------------------------------------------------------------------
|               OPTIMIZING CANDIDATE TREE SET                      |
--------------------------------------------------------------------
Iteration 20 / LogL: -2051.311 / Time: 0h:0m:0s (0h:0m:1s left)
Iteration 30 / LogL: -2051.312 / Time: 0h:0m:0s (0h:0m:1s left)
Iteration 40 / LogL: -2064.210 / Time: 0h:0m:0s (0h:0m:1s left)
Iteration 50 / LogL: -2051.316 / Time: 0h:0m:0s (0h:0m:0s left)
Iteration 60 / LogL: -2051.449 / Time: 0h:0m:0s (0h:0m:0s left)
Iteration 70 / LogL: -2061.693 / Time: 0h:0m:1s (0h:0m:0s left)
Iteration 80 / LogL: -2051.313 / Time: 0h:0m:1s (0h:0m:0s left)
Iteration 90 / LogL: -2051.311 / Time: 0h:0m:1s (0h:0m:0s left)
Iteration 100 / LogL: -2051.824 / Time: 0h:0m:1s (0h:0m:0s left)
TREE SEARCH COMPLETED AFTER 101 ITERATIONS / Time: 0h:0m:1s

--------------------------------------------------------------------
|                    FINALIZING TREE SEARCH                        |
--------------------------------------------------------------------
Performs final model parameters optimization
Estimate model parameters (epsilon = 0.010)
1. Initial log-likelihood: -2051.310
Optimal log-likelihood: -2051.308
Rate parameters:  A-C: 1.127  A-G: 1.244  A-T: 1.009  C-G: 0.823  C-T: 1.222  G-T: 1.000
Base frequencies:   A: 0.230  C: 0.267  G: 0.254  T: 0.249
Gamma shape alpha: 3.765
Parameters optimization took 1 rounds (0.005 sec)
BEST SCORE FOUND : -2051.308

Testing tree branches by SH-like aLRT with 1000 replicates...
CPU Time used:  0.100 sec.
Total tree length: 1.186

Total number of iterations: 101
CPU time used for tree search: 1.500 sec (0h:0m:1s)
Wall-clock time used for tree search: 1.498 sec (0h:0m:1s)
Total CPU time used: 1.636 sec (0h:0m:1s)
Total wall-clock time used: 1.640 sec (0h:0m:1s)

Analysis results written to: 
  IQ-TREE report:                ../simulations/data_D1T2L3I5T4//S/560_pruned.fasta.iqtree
  Maximum-likelihood tree:       ../simulations/data_D1T2L3I5T4//S/560_pruned.fasta.treefile
  Likelihood distances:          ../simulations/data_D1T2L3I5T4//S/560_pruned.fasta.mldist
  Screen log file:               ../simulations/data_D1T2L3I5T4//S/560_pruned.fasta.log

Date and Time: Fri May 25 14:26:04 2018
