IQ-TREE version 1.4.2 for Linux 64-bit built Apr 15 2016
Copyright (c) 2011-2015 Nguyen Lam Tung, Olga Chernomor, Arndt von Haeseler and Bui Quang Minh.

Host:    meduse (AVX2, FMA3, 7 GB RAM)
Command: /home/tannier/programs/iqtree/iqtree-1.4.2-Linux/bin//iqtree -s ../simulations/data_D1T2L3I5T4//S/563_pruned.fasta -m GTR+G -alrt 1000 -redo
Seed:    21938 (Using SPRNG - Scalable Parallel Random Number Generator)
Time:    Fri May 25 14:27:41 2018
Kernel:  AVX

NOTE: Consider using the multicore version because your CPU has 4 cores!

Reading alignment file ../simulations/data_D1T2L3I5T4//S/563_pruned.fasta ... Fasta format detected
Alignment most likely contains DNA/RNA sequences
Alignment has 28 sequences with 300 columns and 194 patterns (162 informative sites)
          Gap/Ambiguity  Composition  p-value
   1  n287_298    0.00%    passed     84.55%
   2  n296_307    0.00%    passed     83.07%
   3  n200_201    0.00%    passed     70.80%
   4  n299_310    0.00%    passed     93.79%
   5  n290_301    0.00%    passed     85.85%
   6  n285_296    0.00%    passed     86.86%
   7  n293_304    0.00%    passed     96.32%
   8  n295_306    0.00%    passed     91.09%
   9  n266_277    0.00%    passed     80.77%
  10  n251_258    0.00%    passed     70.32%
  11  n277_288    0.00%    passed     83.58%
  12  n265_276    0.00%    passed     61.25%
  13  n278_289    0.00%    passed     79.90%
  14  n236_241    0.00%    passed     90.71%
  15  n275_286    0.00%    passed     96.55%
  16  n289_300    0.00%    passed     88.66%
  17  n294_305    0.00%    passed     97.60%
  18  n255_266    0.00%    passed     89.14%
  19  n255_264    0.00%    passed     95.49%
  20  n297_308    0.00%    passed     96.29%
  21  n300_311    0.00%    passed     93.79%
  22  n280_291    0.00%    passed     98.88%
  23  n274_285    0.00%    passed     98.93%
  24  n292_303    0.00%    passed     94.95%
  25  n244_251    0.00%    passed     92.40%
  26  n298_309    0.00%    passed     96.29%
  27  n251_260    0.00%    passed     99.66%
  28  n286_297    0.00%    passed     87.11%
****  TOTAL       0.00%  0 sequences failed composition chi2 test (p-value<5%; df=3)
NOTE: 2 identical sequences (see below) will be ignored for subsequent analysis
NOTE: n300_311 (identical to n299_310) is ignored but added at the end
NOTE: n298_309 (identical to n297_308) is ignored but added at the end

Create initial parsimony tree by phylogenetic likelihood library (PLL)... 0.001 seconds

NOTE: 0 MB RAM is required!
Estimate model parameters (epsilon = 0.100)
1. Initial log-likelihood: -2279.040
2. Current log-likelihood: -2213.489
3. Current log-likelihood: -2212.401
Optimal log-likelihood: -2212.353
Rate parameters:  A-C: 1.166  A-G: 1.315  A-T: 1.049  C-G: 1.294  C-T: 1.447  G-T: 1.000
Base frequencies:   A: 0.224  C: 0.242  G: 0.257  T: 0.278
Gamma shape alpha: 7.475
Parameters optimization took 3 rounds (0.027 sec)
--------------------------------------------------------------------
|             INITIALIZING CANDIDATE TREE SET                      |
--------------------------------------------------------------------
Computing ML distances based on estimated model parameters... 0.000 sec
Computing BIONJ tree...
0.000 seconds
Log-likelihood of BIONJ tree: -2213.964
Generating 98 parsimony trees... 0.100 seconds 19 distinct starting trees
Computing log-likelihood of 19 initial trees ... 0.045 seconds
Optimizing top 19 initial trees with NNI...
Iteration 1 / LogL: -2212.113 / Time: 0h:0m:0s
Estimate model parameters (epsilon = 0.100)
BETTER SCORE FOUND at iteration 1: -2212.106
Iteration 2 / LogL: -2212.108 / Time: 0h:0m:0s
Iteration 3 / LogL: -2212.108 / Time: 0h:0m:0s
Iteration 4 / LogL: -2212.108 / Time: 0h:0m:0s
Iteration 5 / LogL: -2212.108 / Time: 0h:0m:0s
Iteration 6 / LogL: -2212.108 / Time: 0h:0m:0s
Iteration 7 / LogL: -2212.108 / Time: 0h:0m:0s
Iteration 8 / LogL: -2212.108 / Time: 0h:0m:0s
Iteration 9 / LogL: -2212.108 / Time: 0h:0m:0s
Iteration 10 / LogL: -2212.106 / Time: 0h:0m:0s
Iteration 11 / LogL: -2212.106 / Time: 0h:0m:0s
Iteration 12 / LogL: -2212.106 / Time: 0h:0m:0s
Iteration 13 / LogL: -2212.106 / Time: 0h:0m:0s
Iteration 14 / LogL: -2212.106 / Time: 0h:0m:0s
Iteration 15 / LogL: -2212.106 / Time: 0h:0m:0s
Iteration 16 / LogL: -2212.106 / Time: 0h:0m:0s
Iteration 17 / LogL: -2212.106 / Time: 0h:0m:0s
Iteration 18 / LogL: -2212.106 / Time: 0h:0m:0s
Iteration 19 / LogL: -2213.960 / Time: 0h:0m:0s
Average CPU time for 1 NNI search: 0.007
Finish initializing candidate tree set. Number of distinct locally optimal trees: 10
Current best tree score: -2212.106 / CPU time: 0.284
--------------------------------------------------------------------
|               OPTIMIZING CANDIDATE TREE SET                      |
--------------------------------------------------------------------
Iteration 20 / LogL: -2212.152 / Time: 0h:0m:0s (0h:0m:1s left)
Iteration 30 / LogL: -2212.106 / Time: 0h:0m:0s (0h:0m:1s left)
Iteration 40 / LogL: -2389.957 / Time: 0h:0m:0s (0h:0m:1s left)
Iteration 50 / LogL: -2217.538 / Time: 0h:0m:0s (0h:0m:0s left)
Iteration 60 / LogL: -2212.107 / Time: 0h:0m:1s (0h:0m:0s left)
Iteration 70 / LogL: -2212.106 / Time: 0h:0m:1s (0h:0m:0s left)
Iteration 80 / LogL: -2212.107 / Time: 0h:0m:1s (0h:0m:0s left)
Iteration 90 / LogL: -2212.110 / Time: 0h:0m:1s (0h:0m:0s left)
Iteration 100 / LogL: -2212.358 / Time: 0h:0m:1s (0h:0m:0s left)
TREE SEARCH COMPLETED AFTER 101 ITERATIONS / Time: 0h:0m:1s

--------------------------------------------------------------------
|                    FINALIZING TREE SEARCH                        |
--------------------------------------------------------------------
Performs final model parameters optimization
Estimate model parameters (epsilon = 0.010)
1. Initial log-likelihood: -2212.106
Optimal log-likelihood: -2212.106
Rate parameters:  A-C: 1.171  A-G: 1.327  A-T: 1.047  C-G: 1.301  C-T: 1.455  G-T: 1.000
Base frequencies:   A: 0.224  C: 0.242  G: 0.257  T: 0.278
Gamma shape alpha: 7.795
Parameters optimization took 1 rounds (0.006 sec)
BEST SCORE FOUND : -2212.106

Testing tree branches by SH-like aLRT with 1000 replicates...
CPU Time used:  0.124 sec.
Total tree length: 1.284

Total number of iterations: 101
CPU time used for tree search: 1.668 sec (0h:0m:1s)
Wall-clock time used for tree search: 1.672 sec (0h:0m:1s)
Total CPU time used: 1.836 sec (0h:0m:1s)
Total wall-clock time used: 1.847 sec (0h:0m:1s)

Analysis results written to: 
  IQ-TREE report:                ../simulations/data_D1T2L3I5T4//S/563_pruned.fasta.iqtree
  Maximum-likelihood tree:       ../simulations/data_D1T2L3I5T4//S/563_pruned.fasta.treefile
  Likelihood distances:          ../simulations/data_D1T2L3I5T4//S/563_pruned.fasta.mldist
  Screen log file:               ../simulations/data_D1T2L3I5T4//S/563_pruned.fasta.log

Date and Time: Fri May 25 14:27:42 2018
