IQ-TREE version 1.4.2 for Linux 64-bit built Apr 15 2016
Copyright (c) 2011-2015 Nguyen Lam Tung, Olga Chernomor, Arndt von Haeseler and Bui Quang Minh.

Host:    meduse (AVX2, FMA3, 7 GB RAM)
Command: /home/tannier/programs/iqtree/iqtree-1.4.2-Linux/bin//iqtree -s ../simulations/data_D1T2L3I5T4//S/568_pruned.fasta -m GTR+G -alrt 1000 -redo
Seed:    561543 (Using SPRNG - Scalable Parallel Random Number Generator)
Time:    Fri May 25 14:18:35 2018
Kernel:  AVX

NOTE: Consider using the multicore version because your CPU has 4 cores!

Reading alignment file ../simulations/data_D1T2L3I5T4//S/568_pruned.fasta ... Fasta format detected
Alignment most likely contains DNA/RNA sequences
Alignment has 26 sequences with 300 columns and 184 patterns (165 informative sites)
          Gap/Ambiguity  Composition  p-value
   1  n236_237    0.00%    passed     92.78%
   2  n266_267    0.00%    passed     91.94%
   3  n296_297    0.00%    passed     72.98%
   4  n277_278    0.00%    passed     87.51%
   5  n290_291    0.00%    passed     94.38%
   6  n255_256    0.00%    passed     90.84%
   7  n295_296    0.00%    passed     72.98%
   8  n286_287    0.00%    passed     98.74%
   9  n298_299    0.00%    passed     97.92%
  10  n299_300    0.00%    passed     94.74%
  11  n287_288    0.00%    passed     87.45%
  12  n278_279    0.00%    passed     78.52%
  13  n292_293    0.00%    passed     91.88%
  14  n265_266    0.00%    passed     98.41%
  15  n289_290    0.00%    passed     87.32%
  16  n293_294    0.00%    passed     98.83%
  17  n280_281    0.00%    passed     93.73%
  18  n274_275    0.00%    passed     92.04%
  19  n275_276    0.00%    passed     90.93%
  20  n285_286    0.00%    passed     98.62%
  21  n294_295    0.00%    passed     98.83%
  22  n297_298    0.00%    passed     98.83%
  23  n244_245    0.00%    passed     96.72%
  24  n251_252    0.00%    passed     80.44%
  25  n200_201    0.00%    passed     78.83%
  26  n300_301    0.00%    passed     93.39%
****  TOTAL       0.00%  0 sequences failed composition chi2 test (p-value<5%; df=3)
NOTE: 2 identical sequences (see below) will be ignored for subsequent analysis
NOTE: n295_296 (identical to n296_297) is ignored but added at the end
NOTE: n294_295 (identical to n293_294) is ignored but added at the end

Create initial parsimony tree by phylogenetic likelihood library (PLL)... 0.001 seconds

NOTE: 0 MB RAM is required!
Estimate model parameters (epsilon = 0.100)
1. Initial log-likelihood: -2143.882
2. Current log-likelihood: -2106.552
3. Current log-likelihood: -2106.269
Optimal log-likelihood: -2106.256
Rate parameters:  A-C: 1.308  A-G: 1.774  A-T: 1.035  C-G: 1.422  C-T: 1.162  G-T: 1.000
Base frequencies:   A: 0.235  C: 0.270  G: 0.245  T: 0.250
Gamma shape alpha: 10.975
Parameters optimization took 3 rounds (0.021 sec)
--------------------------------------------------------------------
|             INITIALIZING CANDIDATE TREE SET                      |
--------------------------------------------------------------------
Computing ML distances based on estimated model parameters... 0.004 sec
Computing BIONJ tree...
0.000 seconds
Log-likelihood of BIONJ tree: -2106.130
Generating 98 parsimony trees... 0.103 seconds 10 distinct starting trees
Computing log-likelihood of 10 initial trees ... 0.017 seconds
Optimizing top 10 initial trees with NNI...
Iteration 1 / LogL: -2106.131 / Time: 0h:0m:0s
Estimate model parameters (epsilon = 0.100)
BETTER SCORE FOUND at iteration 1: -2106.116
Iteration 2 / LogL: -2106.124 / Time: 0h:0m:0s
Iteration 3 / LogL: -2106.124 / Time: 0h:0m:0s
Iteration 4 / LogL: -2106.124 / Time: 0h:0m:0s
Iteration 5 / LogL: -2106.124 / Time: 0h:0m:0s
Iteration 6 / LogL: -2106.124 / Time: 0h:0m:0s
Iteration 7 / LogL: -2106.124 / Time: 0h:0m:0s
Iteration 8 / LogL: -2106.124 / Time: 0h:0m:0s
Iteration 9 / LogL: -2106.124 / Time: 0h:0m:0s
Iteration 10 / LogL: -2106.124 / Time: 0h:0m:0s
Average CPU time for 1 NNI search: 0.010
Finish initializing candidate tree set. Number of distinct locally optimal trees: 9
Current best tree score: -2106.116 / CPU time: 0.224
--------------------------------------------------------------------
|               OPTIMIZING CANDIDATE TREE SET                      |
--------------------------------------------------------------------
Iteration 20 / LogL: -2106.156 / Time: 0h:0m:0s (0h:0m:1s left)
Iteration 30 / LogL: -2106.197 / Time: 0h:0m:0s (0h:0m:1s left)
Iteration 40 / LogL: -2116.408 / Time: 0h:0m:0s (0h:0m:1s left)
Iteration 50 / LogL: -2106.267 / Time: 0h:0m:0s (0h:0m:0s left)
Iteration 60 / LogL: -2106.254 / Time: 0h:0m:1s (0h:0m:0s left)
Iteration 70 / LogL: -2106.248 / Time: 0h:0m:1s (0h:0m:0s left)
Iteration 80 / LogL: -2106.124 / Time: 0h:0m:1s (0h:0m:0s left)
Iteration 90 / LogL: -2106.124 / Time: 0h:0m:1s (0h:0m:0s left)
Iteration 100 / LogL: -2106.118 / Time: 0h:0m:1s (0h:0m:0s left)
TREE SEARCH COMPLETED AFTER 101 ITERATIONS / Time: 0h:0m:1s

--------------------------------------------------------------------
|                    FINALIZING TREE SEARCH                        |
--------------------------------------------------------------------
Performs final model parameters optimization
Estimate model parameters (epsilon = 0.010)
1. Initial log-likelihood: -2106.116
Optimal log-likelihood: -2106.111
Rate parameters:  A-C: 1.302  A-G: 1.737  A-T: 1.025  C-G: 1.398  C-T: 1.148  G-T: 1.000
Base frequencies:   A: 0.235  C: 0.270  G: 0.245  T: 0.250
Gamma shape alpha: 12.027
Parameters optimization took 1 rounds (0.005 sec)
BEST SCORE FOUND : -2106.111

Testing tree branches by SH-like aLRT with 1000 replicates...
CPU Time used:  0.104 sec.
Total tree length: 1.257

Total number of iterations: 101
CPU time used for tree search: 1.672 sec (0h:0m:1s)
Wall-clock time used for tree search: 1.678 sec (0h:0m:1s)
Total CPU time used: 1.824 sec (0h:0m:1s)
Total wall-clock time used: 1.830 sec (0h:0m:1s)

Analysis results written to: 
  IQ-TREE report:                ../simulations/data_D1T2L3I5T4//S/568_pruned.fasta.iqtree
  Maximum-likelihood tree:       ../simulations/data_D1T2L3I5T4//S/568_pruned.fasta.treefile
  Likelihood distances:          ../simulations/data_D1T2L3I5T4//S/568_pruned.fasta.mldist
  Screen log file:               ../simulations/data_D1T2L3I5T4//S/568_pruned.fasta.log

Date and Time: Fri May 25 14:18:37 2018
