IQ-TREE version 1.4.2 for Linux 64-bit built Apr 15 2016
Copyright (c) 2011-2015 Nguyen Lam Tung, Olga Chernomor, Arndt von Haeseler and Bui Quang Minh.

Host:    meduse (AVX2, FMA3, 7 GB RAM)
Command: /home/tannier/programs/iqtree/iqtree-1.4.2-Linux/bin//iqtree -s ../simulations/data_D1T2L3I5T4//S/56_pruned.fasta -m GTR+G -alrt 1000 -redo
Seed:    488647 (Using SPRNG - Scalable Parallel Random Number Generator)
Time:    Fri May 25 14:24:56 2018
Kernel:  AVX

NOTE: Consider using the multicore version because your CPU has 4 cores!

Reading alignment file ../simulations/data_D1T2L3I5T4//S/56_pruned.fasta ... Fasta format detected
Alignment most likely contains DNA/RNA sequences
Alignment has 26 sequences with 300 columns and 187 patterns (156 informative sites)
          Gap/Ambiguity  Composition  p-value
   1  n236_237    0.00%    passed     90.15%
   2  n266_267    0.00%    passed     98.89%
   3  n296_297    0.00%    passed    100.00%
   4  n277_278    0.00%    passed     90.19%
   5  n290_291    0.00%    passed     99.30%
   6  n255_256    0.00%    passed     85.33%
   7  n295_296    0.00%    passed    100.00%
   8  n286_287    0.00%    passed     97.96%
   9  n298_299    0.00%    passed     99.42%
  10  n299_300    0.00%    passed     99.28%
  11  n287_288    0.00%    passed     98.28%
  12  n278_279    0.00%    passed     84.21%
  13  n292_293    0.00%    passed     99.38%
  14  n265_266    0.00%    passed     99.83%
  15  n289_290    0.00%    passed     99.91%
  16  n293_294    0.00%    passed     95.18%
  17  n280_281    0.00%    passed     99.38%
  18  n274_275    0.00%    passed     99.21%
  19  n275_276    0.00%    passed     97.29%
  20  n285_286    0.00%    passed     93.51%
  21  n294_295    0.00%    passed     90.68%
  22  n297_298    0.00%    passed     99.42%
  23  n244_245    0.00%    passed     95.89%
  24  n251_252    0.00%    passed     90.74%
  25  n200_201    0.00%    passed     26.55%
  26  n300_301    0.00%    passed     99.28%
****  TOTAL       0.00%  0 sequences failed composition chi2 test (p-value<5%; df=3)
NOTE: 2 identical sequences (see below) will be ignored for subsequent analysis
NOTE: n297_298 (identical to n298_299) is ignored but added at the end
NOTE: n300_301 (identical to n299_300) is ignored but added at the end

Create initial parsimony tree by phylogenetic likelihood library (PLL)... 0.001 seconds

NOTE: 0 MB RAM is required!
Estimate model parameters (epsilon = 0.100)
1. Initial log-likelihood: -2138.081
2. Current log-likelihood: -2082.869
3. Current log-likelihood: -2082.256
4. Current log-likelihood: -2082.059
Optimal log-likelihood: -2082.022
Rate parameters:  A-C: 0.916  A-G: 1.016  A-T: 0.720  C-G: 0.892  C-T: 0.992  G-T: 1.000
Base frequencies:   A: 0.242  C: 0.258  G: 0.254  T: 0.246
Gamma shape alpha: 998.997
Parameters optimization took 4 rounds (0.027 sec)
--------------------------------------------------------------------
|             INITIALIZING CANDIDATE TREE SET                      |
--------------------------------------------------------------------
Computing ML distances based on estimated model parameters... 0.000 sec
Computing BIONJ tree...
0.000 seconds
Log-likelihood of BIONJ tree: -2082.022
Generating 98 parsimony trees... 0.082 seconds 3 distinct starting trees
Computing log-likelihood of 3 initial trees ... 0.002 seconds
Optimizing top 3 initial trees with NNI...
Iteration 1 / LogL: -2082.022 / Time: 0h:0m:0s
Estimate model parameters (epsilon = 0.100)
BETTER SCORE FOUND at iteration 1: -2082.019
Iteration 2 / LogL: -2082.020 / Time: 0h:0m:0s
Iteration 3 / LogL: -2082.023 / Time: 0h:0m:0s
Average CPU time for 1 NNI search: 0.007
Finish initializing candidate tree set. Number of distinct locally optimal trees: 3
Current best tree score: -2082.019 / CPU time: 0.104
--------------------------------------------------------------------
|               OPTIMIZING CANDIDATE TREE SET                      |
--------------------------------------------------------------------
Iteration 10 / LogL: -2082.257 / Time: 0h:0m:0s
Iteration 20 / LogL: -2082.023 / Time: 0h:0m:0s (0h:0m:1s left)
Iteration 30 / LogL: -2082.053 / Time: 0h:0m:0s (0h:0m:1s left)
Iteration 40 / LogL: -2082.019 / Time: 0h:0m:0s (0h:0m:1s left)
Iteration 50 / LogL: -2087.841 / Time: 0h:0m:0s (0h:0m:0s left)
Iteration 60 / LogL: -2082.019 / Time: 0h:0m:1s (0h:0m:0s left)
Iteration 70 / LogL: -2082.023 / Time: 0h:0m:1s (0h:0m:0s left)
Iteration 80 / LogL: -2107.503 / Time: 0h:0m:1s (0h:0m:0s left)
Iteration 90 / LogL: -2082.022 / Time: 0h:0m:1s (0h:0m:0s left)
Iteration 100 / LogL: -2082.024 / Time: 0h:0m:1s (0h:0m:0s left)
TREE SEARCH COMPLETED AFTER 101 ITERATIONS / Time: 0h:0m:1s

--------------------------------------------------------------------
|                    FINALIZING TREE SEARCH                        |
--------------------------------------------------------------------
Performs final model parameters optimization
Estimate model parameters (epsilon = 0.010)
1. Initial log-likelihood: -2082.019
Optimal log-likelihood: -2082.018
Rate parameters:  A-C: 0.911  A-G: 1.007  A-T: 0.715  C-G: 0.886  C-T: 0.987  G-T: 1.000
Base frequencies:   A: 0.242  C: 0.258  G: 0.254  T: 0.246
Gamma shape alpha: 998.997
Parameters optimization took 1 rounds (0.006 sec)
BEST SCORE FOUND : -2082.018

Testing tree branches by SH-like aLRT with 1000 replicates...
CPU Time used:  0.108 sec.
Total tree length: 1.220

Total number of iterations: 101
CPU time used for tree search: 1.584 sec (0h:0m:1s)
Wall-clock time used for tree search: 1.584 sec (0h:0m:1s)
Total CPU time used: 1.740 sec (0h:0m:1s)
Total wall-clock time used: 1.743 sec (0h:0m:1s)

Analysis results written to: 
  IQ-TREE report:                ../simulations/data_D1T2L3I5T4//S/56_pruned.fasta.iqtree
  Maximum-likelihood tree:       ../simulations/data_D1T2L3I5T4//S/56_pruned.fasta.treefile
  Likelihood distances:          ../simulations/data_D1T2L3I5T4//S/56_pruned.fasta.mldist
  Screen log file:               ../simulations/data_D1T2L3I5T4//S/56_pruned.fasta.log

Date and Time: Fri May 25 14:24:58 2018
