IQ-TREE version 1.4.2 for Linux 64-bit built Apr 15 2016
Copyright (c) 2011-2015 Nguyen Lam Tung, Olga Chernomor, Arndt von Haeseler and Bui Quang Minh.

Host:    meduse (AVX2, FMA3, 7 GB RAM)
Command: /home/tannier/programs/iqtree/iqtree-1.4.2-Linux/bin//iqtree -s ../simulations/data_D1T2L3I5T4//S/581_pruned.fasta -m GTR+G -alrt 1000 -redo
Seed:    80408 (Using SPRNG - Scalable Parallel Random Number Generator)
Time:    Fri May 25 14:08:48 2018
Kernel:  AVX

NOTE: Consider using the multicore version because your CPU has 4 cores!

Reading alignment file ../simulations/data_D1T2L3I5T4//S/581_pruned.fasta ... Fasta format detected
Alignment most likely contains DNA/RNA sequences
Alignment has 26 sequences with 300 columns and 177 patterns (135 informative sites)
          Gap/Ambiguity  Composition  p-value
   1  n236_237    0.00%    passed     74.71%
   2  n298_301    0.00%    passed     96.50%
   3  n200_201    0.00%    passed     75.10%
   4  n255_256    0.00%    passed     67.26%
   5  n277_280    0.00%    passed     95.54%
   6  n286_289    0.00%    passed     94.05%
   7  n280_283    0.00%    passed     92.64%
   8  n289_292    0.00%    passed     95.56%
   9  n287_290    0.00%    passed     95.56%
  10  n296_299    0.00%    passed     92.84%
  11  n292_295    0.00%    passed     93.86%
  12  n251_261    0.00%    passed     98.29%
  13  n275_278    0.00%    passed     97.39%
  14  n266_269    0.00%    passed     97.84%
  15  n299_302    0.00%    passed     93.86%
  16  n295_298    0.00%    passed     93.26%
  17  n285_288    0.00%    passed     92.66%
  18  n290_293    0.00%    passed     95.56%
  19  n244_245    0.00%    passed     96.01%
  20  n297_300    0.00%    passed     95.97%
  21  n265_268    0.00%    passed     91.42%
  22  n274_277    0.00%    passed     87.95%
  23  n300_303    0.00%    passed     93.86%
  24  n278_281    0.00%    passed     90.28%
  25  n294_297    0.00%    passed     91.10%
  26  n293_296    0.00%    passed     88.78%
****  TOTAL       0.00%  0 sequences failed composition chi2 test (p-value<5%; df=3)
NOTE: 4 identical sequences (see below) will be ignored for subsequent analysis
NOTE: n287_290 (identical to n289_292) is ignored but added at the end
NOTE: n290_293 (identical to n289_292) is ignored but added at the end
NOTE: n299_302 (identical to n292_295) is ignored but added at the end
NOTE: n300_303 (identical to n292_295) is ignored but added at the end

Create initial parsimony tree by phylogenetic likelihood library (PLL)... 0.001 seconds

NOTE: 0 MB RAM is required!
Estimate model parameters (epsilon = 0.100)
1. Initial log-likelihood: -2121.063
2. Current log-likelihood: -2080.585
3. Current log-likelihood: -2080.243
Optimal log-likelihood: -2080.189
Rate parameters:  A-C: 0.906  A-G: 0.774  A-T: 1.358  C-G: 0.994  C-T: 1.205  G-T: 1.000
Base frequencies:   A: 0.247  C: 0.263  G: 0.265  T: 0.224
Gamma shape alpha: 3.635
Parameters optimization took 3 rounds (0.027 sec)
--------------------------------------------------------------------
|             INITIALIZING CANDIDATE TREE SET                      |
--------------------------------------------------------------------
Computing ML distances based on estimated model parameters... 0.000 sec
Computing BIONJ tree...
0.000 seconds
Log-likelihood of BIONJ tree: -2080.189
Generating 99 parsimony trees... 0.073 seconds 1 distinct starting trees
Computing log-likelihood of 1 initial trees ... 0.000 seconds
Optimizing top 1 initial trees with NNI...
Iteration 1 / LogL: -2080.189 / Time: 0h:0m:0s
Estimate model parameters (epsilon = 0.100)
BETTER SCORE FOUND at iteration 1: -2080.157
Average CPU time for 1 NNI search: 0.008
Finish initializing candidate tree set. Number of distinct locally optimal trees: 1
Current best tree score: -2080.157 / CPU time: 0.080
--------------------------------------------------------------------
|               OPTIMIZING CANDIDATE TREE SET                      |
--------------------------------------------------------------------
Iteration 10 / LogL: -2080.161 / Time: 0h:0m:0s
Iteration 20 / LogL: -2080.208 / Time: 0h:0m:0s (0h:0m:1s left)
Iteration 30 / LogL: -2080.158 / Time: 0h:0m:0s (0h:0m:1s left)
Iteration 40 / LogL: -2080.166 / Time: 0h:0m:0s (0h:0m:1s left)
Iteration 50 / LogL: -2080.328 / Time: 0h:0m:0s (0h:0m:0s left)
Iteration 60 / LogL: -2080.168 / Time: 0h:0m:1s (0h:0m:0s left)
Iteration 70 / LogL: -2080.194 / Time: 0h:0m:1s (0h:0m:0s left)
Iteration 80 / LogL: -2101.854 / Time: 0h:0m:1s (0h:0m:0s left)
Iteration 90 / LogL: -2080.298 / Time: 0h:0m:1s (0h:0m:0s left)
Iteration 100 / LogL: -2080.160 / Time: 0h:0m:1s (0h:0m:0s left)
TREE SEARCH COMPLETED AFTER 101 ITERATIONS / Time: 0h:0m:1s

--------------------------------------------------------------------
|                    FINALIZING TREE SEARCH                        |
--------------------------------------------------------------------
Performs final model parameters optimization
Estimate model parameters (epsilon = 0.010)
1. Initial log-likelihood: -2080.157
2. Current log-likelihood: -2080.138
3. Current log-likelihood: -2080.126
Optimal log-likelihood: -2080.119
Rate parameters:  A-C: 0.879  A-G: 0.743  A-T: 1.308  C-G: 0.945  C-T: 1.162  G-T: 1.000
Base frequencies:   A: 0.247  C: 0.263  G: 0.265  T: 0.224
Gamma shape alpha: 3.663
Parameters optimization took 3 rounds (0.012 sec)
BEST SCORE FOUND : -2080.119

Testing tree branches by SH-like aLRT with 1000 replicates...
CPU Time used:  0.100 sec.
Total tree length: 1.275

Total number of iterations: 101
CPU time used for tree search: 1.632 sec (0h:0m:1s)
Wall-clock time used for tree search: 1.631 sec (0h:0m:1s)
Total CPU time used: 1.788 sec (0h:0m:1s)
Total wall-clock time used: 1.787 sec (0h:0m:1s)

Analysis results written to: 
  IQ-TREE report:                ../simulations/data_D1T2L3I5T4//S/581_pruned.fasta.iqtree
  Maximum-likelihood tree:       ../simulations/data_D1T2L3I5T4//S/581_pruned.fasta.treefile
  Likelihood distances:          ../simulations/data_D1T2L3I5T4//S/581_pruned.fasta.mldist
  Screen log file:               ../simulations/data_D1T2L3I5T4//S/581_pruned.fasta.log

Date and Time: Fri May 25 14:08:49 2018
