IQ-TREE version 1.4.2 for Linux 64-bit built Apr 15 2016
Copyright (c) 2011-2015 Nguyen Lam Tung, Olga Chernomor, Arndt von Haeseler and Bui Quang Minh.

Host:    meduse (AVX2, FMA3, 7 GB RAM)
Command: /home/tannier/programs/iqtree/iqtree-1.4.2-Linux/bin//iqtree -s ../simulations/data_D1T2L3I5T4//S/582_pruned.fasta -m GTR+G -alrt 1000 -redo
Seed:    106192 (Using SPRNG - Scalable Parallel Random Number Generator)
Time:    Fri May 25 14:29:51 2018
Kernel:  AVX

NOTE: Consider using the multicore version because your CPU has 4 cores!

Reading alignment file ../simulations/data_D1T2L3I5T4//S/582_pruned.fasta ... Fasta format detected
Alignment most likely contains DNA/RNA sequences
Alignment has 26 sequences with 300 columns and 167 patterns (149 informative sites)
          Gap/Ambiguity  Composition  p-value
   1  n236_237    0.00%    passed     92.34%
   2  n266_267    0.00%    passed     88.01%
   3  n296_297    0.00%    passed     99.64%
   4  n277_278    0.00%    passed     93.67%
   5  n290_291    0.00%    passed     99.85%
   6  n255_256    0.00%    passed     57.01%
   7  n295_296    0.00%    passed     99.00%
   8  n286_287    0.00%    passed     88.29%
   9  n298_299    0.00%    passed     98.77%
  10  n299_300    0.00%    passed     96.53%
  11  n287_288    0.00%    passed     99.64%
  12  n278_279    0.00%    passed     88.98%
  13  n292_293    0.00%    passed     97.49%
  14  n265_266    0.00%    passed     97.18%
  15  n289_290    0.00%    passed     99.85%
  16  n293_294    0.00%    passed     97.60%
  17  n280_281    0.00%    passed     98.70%
  18  n274_275    0.00%    passed     99.79%
  19  n275_276    0.00%    passed     98.85%
  20  n285_286    0.00%    passed     91.56%
  21  n294_295    0.00%    passed     94.63%
  22  n297_298    0.00%    passed     99.64%
  23  n244_245    0.00%    passed      8.77%
  24  n251_252    0.00%    passed     56.40%
  25  n200_201    0.00%    passed     84.89%
  26  n300_301    0.00%    passed     98.70%
****  TOTAL       0.00%  0 sequences failed composition chi2 test (p-value<5%; df=3)
NOTE: 2 identical sequences (see below) will be ignored for subsequent analysis
NOTE: n289_290 (identical to n290_291) is ignored but added at the end
NOTE: n300_301 (identical to n280_281) is ignored but added at the end

Create initial parsimony tree by phylogenetic likelihood library (PLL)... 0.001 seconds

NOTE: 0 MB RAM is required!
Estimate model parameters (epsilon = 0.100)
1. Initial log-likelihood: -1970.828
2. Current log-likelihood: -1938.767
3. Current log-likelihood: -1938.500
Optimal log-likelihood: -1938.496
Rate parameters:  A-C: 0.681  A-G: 0.843  A-T: 1.006  C-G: 0.610  C-T: 0.772  G-T: 1.000
Base frequencies:   A: 0.248  C: 0.281  G: 0.259  T: 0.212
Gamma shape alpha: 3.407
Parameters optimization took 3 rounds (0.025 sec)
--------------------------------------------------------------------
|             INITIALIZING CANDIDATE TREE SET                      |
--------------------------------------------------------------------
Computing ML distances based on estimated model parameters... 0.004 sec
Computing BIONJ tree...
0.000 seconds
Log-likelihood of BIONJ tree: -1939.011
Generating 98 parsimony trees... 0.086 seconds 10 distinct starting trees
Computing log-likelihood of 10 initial trees ... 0.016 seconds
Optimizing top 10 initial trees with NNI...
Iteration 1 / LogL: -1938.497 / Time: 0h:0m:0s
Estimate model parameters (epsilon = 0.100)
BETTER SCORE FOUND at iteration 1: -1938.494
Iteration 2 / LogL: -1938.497 / Time: 0h:0m:0s
Iteration 3 / LogL: -1938.497 / Time: 0h:0m:0s
Iteration 4 / LogL: -1938.497 / Time: 0h:0m:0s
Iteration 5 / LogL: -1938.497 / Time: 0h:0m:0s
Iteration 6 / LogL: -1938.497 / Time: 0h:0m:0s
Iteration 7 / LogL: -1938.497 / Time: 0h:0m:0s
Iteration 8 / LogL: -1938.497 / Time: 0h:0m:0s
Iteration 9 / LogL: -1938.497 / Time: 0h:0m:0s
Iteration 10 / LogL: -1938.494 / Time: 0h:0m:0s
Average CPU time for 1 NNI search: 0.006
Finish initializing candidate tree set. Number of distinct locally optimal trees: 9
Current best tree score: -1938.494 / CPU time: 0.160
--------------------------------------------------------------------
|               OPTIMIZING CANDIDATE TREE SET                      |
--------------------------------------------------------------------
Iteration 20 / LogL: -1961.143 / Time: 0h:0m:0s (0h:0m:1s left)
Iteration 30 / LogL: -1944.422 / Time: 0h:0m:0s (0h:0m:1s left)
Iteration 40 / LogL: -1938.504 / Time: 0h:0m:0s (0h:0m:1s left)
Iteration 50 / LogL: -1938.553 / Time: 0h:0m:0s (0h:0m:0s left)
Iteration 60 / LogL: -1938.495 / Time: 0h:0m:0s (0h:0m:0s left)
Iteration 70 / LogL: -1944.284 / Time: 0h:0m:1s (0h:0m:0s left)
Iteration 80 / LogL: -1938.544 / Time: 0h:0m:1s (0h:0m:0s left)
Iteration 90 / LogL: -1938.498 / Time: 0h:0m:1s (0h:0m:0s left)
Iteration 100 / LogL: -1938.495 / Time: 0h:0m:1s (0h:0m:0s left)
TREE SEARCH COMPLETED AFTER 101 ITERATIONS / Time: 0h:0m:1s

--------------------------------------------------------------------
|                    FINALIZING TREE SEARCH                        |
--------------------------------------------------------------------
Performs final model parameters optimization
Estimate model parameters (epsilon = 0.010)
1. Initial log-likelihood: -1938.494
Optimal log-likelihood: -1938.493
Rate parameters:  A-C: 0.684  A-G: 0.847  A-T: 1.011  C-G: 0.613  C-T: 0.775  G-T: 1.000
Base frequencies:   A: 0.248  C: 0.281  G: 0.259  T: 0.212
Gamma shape alpha: 3.412
Parameters optimization took 1 rounds (0.006 sec)
BEST SCORE FOUND : -1938.493

Testing tree branches by SH-like aLRT with 1000 replicates...
CPU Time used:  0.108 sec.
Total tree length: 1.131

Total number of iterations: 101
CPU time used for tree search: 1.540 sec (0h:0m:1s)
Wall-clock time used for tree search: 1.540 sec (0h:0m:1s)
Total CPU time used: 1.696 sec (0h:0m:1s)
Total wall-clock time used: 1.694 sec (0h:0m:1s)

Analysis results written to: 
  IQ-TREE report:                ../simulations/data_D1T2L3I5T4//S/582_pruned.fasta.iqtree
  Maximum-likelihood tree:       ../simulations/data_D1T2L3I5T4//S/582_pruned.fasta.treefile
  Likelihood distances:          ../simulations/data_D1T2L3I5T4//S/582_pruned.fasta.mldist
  Screen log file:               ../simulations/data_D1T2L3I5T4//S/582_pruned.fasta.log

Date and Time: Fri May 25 14:29:52 2018
