IQ-TREE version 1.4.2 for Linux 64-bit built Apr 15 2016
Copyright (c) 2011-2015 Nguyen Lam Tung, Olga Chernomor, Arndt von Haeseler and Bui Quang Minh.

Host:    meduse (AVX2, FMA3, 7 GB RAM)
Command: /home/tannier/programs/iqtree/iqtree-1.4.2-Linux/bin//iqtree -s ../simulations/data_D1T2L3I5T4//S/593_pruned.fasta -m GTR+G -alrt 1000 -redo
Seed:    425512 (Using SPRNG - Scalable Parallel Random Number Generator)
Time:    Fri May 25 14:15:43 2018
Kernel:  AVX

NOTE: Consider using the multicore version because your CPU has 4 cores!

Reading alignment file ../simulations/data_D1T2L3I5T4//S/593_pruned.fasta ... Fasta format detected
Alignment most likely contains DNA/RNA sequences
Alignment has 26 sequences with 300 columns and 186 patterns (158 informative sites)
          Gap/Ambiguity  Composition  p-value
   1  n236_237    0.00%    passed     93.13%
   2  n266_267    0.00%    passed     66.11%
   3  n296_297    0.00%    passed     97.92%
   4  n277_278    0.00%    passed     99.21%
   5  n290_291    0.00%    passed     85.68%
   6  n255_256    0.00%    passed     78.99%
   7  n295_296    0.00%    passed     97.83%
   8  n286_287    0.00%    passed     51.43%
   9  n298_299    0.00%    passed     95.47%
  10  n299_300    0.00%    passed     90.13%
  11  n287_288    0.00%    passed     87.55%
  12  n278_279    0.00%    passed     92.87%
  13  n292_293    0.00%    passed     93.61%
  14  n265_266    0.00%    passed     74.33%
  15  n289_290    0.00%    passed     87.55%
  16  n293_294    0.00%    passed     90.70%
  17  n280_281    0.00%    passed     91.34%
  18  n274_275    0.00%    passed     95.39%
  19  n275_276    0.00%    passed     99.10%
  20  n285_286    0.00%    passed     52.89%
  21  n294_295    0.00%    passed     94.84%
  22  n297_298    0.00%    passed     94.72%
  23  n244_245    0.00%    passed     62.23%
  24  n251_252    0.00%    passed     96.33%
  25  n200_201    0.00%    passed     93.97%
  26  n300_301    0.00%    passed     91.00%
****  TOTAL       0.00%  0 sequences failed composition chi2 test (p-value<5%; df=3)
NOTE: 1 identical sequences (see below) will be ignored for subsequent analysis
NOTE: n289_290 (identical to n287_288) is ignored but added at the end

Create initial parsimony tree by phylogenetic likelihood library (PLL)... 0.001 seconds

NOTE: 0 MB RAM is required!
Estimate model parameters (epsilon = 0.100)
1. Initial log-likelihood: -2170.290
2. Current log-likelihood: -2124.876
3. Current log-likelihood: -2124.509
Optimal log-likelihood: -2124.447
Rate parameters:  A-C: 0.891  A-G: 1.028  A-T: 0.729  C-G: 0.867  C-T: 1.024  G-T: 1.000
Base frequencies:   A: 0.224  C: 0.272  G: 0.249  T: 0.254
Gamma shape alpha: 6.451
Parameters optimization took 3 rounds (0.023 sec)
--------------------------------------------------------------------
|             INITIALIZING CANDIDATE TREE SET                      |
--------------------------------------------------------------------
Computing ML distances based on estimated model parameters... 0.004 sec
Computing BIONJ tree...
0.001 seconds
Log-likelihood of BIONJ tree: -2125.195
Generating 98 parsimony trees... 0.091 seconds 4 distinct starting trees
Computing log-likelihood of 4 initial trees ... 0.005 seconds
Optimizing top 4 initial trees with NNI...
Iteration 1 / LogL: -2124.447 / Time: 0h:0m:0s
Estimate model parameters (epsilon = 0.100)
BETTER SCORE FOUND at iteration 1: -2124.419
Iteration 2 / LogL: -2124.421 / Time: 0h:0m:0s
Iteration 3 / LogL: -2124.421 / Time: 0h:0m:0s
Iteration 4 / LogL: -2124.422 / Time: 0h:0m:0s
Average CPU time for 1 NNI search: 0.007
Finish initializing candidate tree set. Number of distinct locally optimal trees: 3
Current best tree score: -2124.419 / CPU time: 0.116
--------------------------------------------------------------------
|               OPTIMIZING CANDIDATE TREE SET                      |
--------------------------------------------------------------------
Iteration 10 / LogL: -2127.020 / Time: 0h:0m:0s
Iteration 20 / LogL: -2124.421 / Time: 0h:0m:0s (0h:0m:1s left)
Iteration 30 / LogL: -2143.822 / Time: 0h:0m:0s (0h:0m:1s left)
Iteration 40 / LogL: -2124.428 / Time: 0h:0m:0s (0h:0m:1s left)
Iteration 50 / LogL: -2124.426 / Time: 0h:0m:0s (0h:0m:0s left)
Iteration 60 / LogL: -2144.269 / Time: 0h:0m:1s (0h:0m:0s left)
Iteration 70 / LogL: -2124.420 / Time: 0h:0m:1s (0h:0m:0s left)
Iteration 80 / LogL: -2127.337 / Time: 0h:0m:1s (0h:0m:0s left)
Iteration 90 / LogL: -2124.420 / Time: 0h:0m:1s (0h:0m:0s left)
Iteration 100 / LogL: -2124.434 / Time: 0h:0m:1s (0h:0m:0s left)
TREE SEARCH COMPLETED AFTER 101 ITERATIONS / Time: 0h:0m:1s

--------------------------------------------------------------------
|                    FINALIZING TREE SEARCH                        |
--------------------------------------------------------------------
Performs final model parameters optimization
Estimate model parameters (epsilon = 0.010)
1. Initial log-likelihood: -2124.419
2. Current log-likelihood: -2124.405
Optimal log-likelihood: -2124.399
Rate parameters:  A-C: 0.916  A-G: 1.055  A-T: 0.738  C-G: 0.888  C-T: 1.073  G-T: 1.000
Base frequencies:   A: 0.224  C: 0.272  G: 0.249  T: 0.254
Gamma shape alpha: 6.477
Parameters optimization took 2 rounds (0.010 sec)
BEST SCORE FOUND : -2124.399

Testing tree branches by SH-like aLRT with 1000 replicates...
CPU Time used:  0.112 sec.
Total tree length: 1.264

Total number of iterations: 101
CPU time used for tree search: 1.788 sec (0h:0m:1s)
Wall-clock time used for tree search: 1.797 sec (0h:0m:1s)
Total CPU time used: 1.952 sec (0h:0m:1s)
Total wall-clock time used: 1.958 sec (0h:0m:1s)

Analysis results written to: 
  IQ-TREE report:                ../simulations/data_D1T2L3I5T4//S/593_pruned.fasta.iqtree
  Maximum-likelihood tree:       ../simulations/data_D1T2L3I5T4//S/593_pruned.fasta.treefile
  Likelihood distances:          ../simulations/data_D1T2L3I5T4//S/593_pruned.fasta.mldist
  Screen log file:               ../simulations/data_D1T2L3I5T4//S/593_pruned.fasta.log

Date and Time: Fri May 25 14:15:45 2018
