IQ-TREE version 1.4.2 for Linux 64-bit built Apr 15 2016
Copyright (c) 2011-2015 Nguyen Lam Tung, Olga Chernomor, Arndt von Haeseler and Bui Quang Minh.

Host:    meduse (AVX2, FMA3, 7 GB RAM)
Command: /home/tannier/programs/iqtree/iqtree-1.4.2-Linux/bin//iqtree -s ../simulations/data_D1T2L3I5T4//S/598_pruned.fasta -m GTR+G -alrt 1000 -redo
Seed:    246964 (Using SPRNG - Scalable Parallel Random Number Generator)
Time:    Fri May 25 14:24:34 2018
Kernel:  AVX

NOTE: Consider using the multicore version because your CPU has 4 cores!

Reading alignment file ../simulations/data_D1T2L3I5T4//S/598_pruned.fasta ... Fasta format detected
Alignment most likely contains DNA/RNA sequences
Alignment has 26 sequences with 300 columns and 177 patterns (155 informative sites)
          Gap/Ambiguity  Composition  p-value
   1  n236_237    0.00%    passed     98.52%
   2  n266_267    0.00%    passed     95.00%
   3  n296_297    0.00%    passed     98.37%
   4  n277_278    0.00%    passed     96.63%
   5  n290_291    0.00%    passed     98.06%
   6  n255_256    0.00%    passed     95.25%
   7  n295_296    0.00%    passed     93.18%
   8  n286_287    0.00%    passed     91.01%
   9  n298_299    0.00%    passed     97.15%
  10  n299_300    0.00%    passed     91.17%
  11  n287_288    0.00%    passed     98.92%
  12  n278_279    0.00%    passed     96.49%
  13  n292_293    0.00%    passed     91.17%
  14  n265_266    0.00%    passed     98.09%
  15  n289_290    0.00%    passed     90.74%
  16  n293_294    0.00%    passed     98.01%
  17  n280_281    0.00%    passed     87.45%
  18  n274_275    0.00%    passed     98.60%
  19  n275_276    0.00%    passed     99.97%
  20  n285_286    0.00%    passed     91.01%
  21  n294_295    0.00%    passed     98.82%
  22  n297_298    0.00%    passed     97.15%
  23  n244_245    0.00%    passed     68.27%
  24  n251_252    0.00%    passed     98.55%
  25  n200_201    0.00%    passed     99.65%
  26  n300_301    0.00%    passed     91.17%
****  TOTAL       0.00%  0 sequences failed composition chi2 test (p-value<5%; df=3)
NOTE: 4 identical sequences (see below) will be ignored for subsequent analysis
NOTE: n285_286 (identical to n286_287) is ignored but added at the end
NOTE: n297_298 (identical to n298_299) is ignored but added at the end
NOTE: n292_293 (identical to n299_300) is ignored but added at the end
NOTE: n300_301 (identical to n299_300) is ignored but added at the end

Create initial parsimony tree by phylogenetic likelihood library (PLL)... 0.001 seconds

NOTE: 0 MB RAM is required!
Estimate model parameters (epsilon = 0.100)
1. Initial log-likelihood: -2049.500
2. Current log-likelihood: -2005.933
3. Current log-likelihood: -2005.359
Optimal log-likelihood: -2005.339
Rate parameters:  A-C: 1.202  A-G: 1.259  A-T: 0.891  C-G: 1.059  C-T: 1.377  G-T: 1.000
Base frequencies:   A: 0.242  C: 0.262  G: 0.290  T: 0.206
Gamma shape alpha: 6.748
Parameters optimization took 3 rounds (0.019 sec)
--------------------------------------------------------------------
|             INITIALIZING CANDIDATE TREE SET                      |
--------------------------------------------------------------------
Computing ML distances based on estimated model parameters... 0.004 sec
Computing BIONJ tree...
0.000 seconds
Log-likelihood of BIONJ tree: -2005.338
Generating 98 parsimony trees... 0.077 seconds 27 distinct starting trees
Computing log-likelihood of 27 initial trees ... 0.051 seconds
Optimizing top 20 initial trees with NNI...
Iteration 1 / LogL: -2005.339 / Time: 0h:0m:0s
Estimate model parameters (epsilon = 0.100)
BETTER SCORE FOUND at iteration 1: -2005.334
Iteration 2 / LogL: -2005.336 / Time: 0h:0m:0s
Iteration 3 / LogL: -2005.337 / Time: 0h:0m:0s
Iteration 4 / LogL: -2005.337 / Time: 0h:0m:0s
Iteration 5 / LogL: -2005.337 / Time: 0h:0m:0s
Iteration 6 / LogL: -2005.337 / Time: 0h:0m:0s
Iteration 7 / LogL: -2005.337 / Time: 0h:0m:0s
Iteration 8 / LogL: -2005.337 / Time: 0h:0m:0s
Iteration 9 / LogL: -2005.337 / Time: 0h:0m:0s
Iteration 10 / LogL: -2005.337 / Time: 0h:0m:0s
Iteration 11 / LogL: -2005.337 / Time: 0h:0m:0s
Iteration 12 / LogL: -2005.337 / Time: 0h:0m:0s
Iteration 13 / LogL: -2005.337 / Time: 0h:0m:0s
Iteration 14 / LogL: -2005.337 / Time: 0h:0m:0s
Iteration 15 / LogL: -2005.337 / Time: 0h:0m:0s
Iteration 16 / LogL: -2005.337 / Time: 0h:0m:0s
Iteration 17 / LogL: -2005.337 / Time: 0h:0m:0s
Iteration 18 / LogL: -2005.337 / Time: 0h:0m:0s
Iteration 19 / LogL: -2005.337 / Time: 0h:0m:0s
Iteration 20 / LogL: -2005.337 / Time: 0h:0m:0s
Average CPU time for 1 NNI search: 0.005
Finish initializing candidate tree set. Number of distinct locally optimal trees: 20
Current best tree score: -2005.334 / CPU time: 0.220
--------------------------------------------------------------------
|               OPTIMIZING CANDIDATE TREE SET                      |
--------------------------------------------------------------------
Iteration 30 / LogL: -2005.379 / Time: 0h:0m:0s (0h:0m:0s left)
Iteration 40 / LogL: -2005.350 / Time: 0h:0m:0s (0h:0m:0s left)
Iteration 50 / LogL: -2005.334 / Time: 0h:0m:0s (0h:0m:0s left)
Iteration 60 / LogL: -2005.335 / Time: 0h:0m:0s (0h:0m:0s left)
Iteration 70 / LogL: -2005.336 / Time: 0h:0m:0s (0h:0m:0s left)
Iteration 80 / LogL: -2005.360 / Time: 0h:0m:1s (0h:0m:0s left)
Iteration 90 / LogL: -2005.334 / Time: 0h:0m:1s (0h:0m:0s left)
Iteration 100 / LogL: -2005.335 / Time: 0h:0m:1s (0h:0m:0s left)
TREE SEARCH COMPLETED AFTER 101 ITERATIONS / Time: 0h:0m:1s

--------------------------------------------------------------------
|                    FINALIZING TREE SEARCH                        |
--------------------------------------------------------------------
Performs final model parameters optimization
Estimate model parameters (epsilon = 0.010)
1. Initial log-likelihood: -2005.334
Optimal log-likelihood: -2005.333
Rate parameters:  A-C: 1.191  A-G: 1.246  A-T: 0.883  C-G: 1.049  C-T: 1.360  G-T: 1.000
Base frequencies:   A: 0.242  C: 0.262  G: 0.290  T: 0.206
Gamma shape alpha: 6.751
Parameters optimization took 1 rounds (0.004 sec)
BEST SCORE FOUND : -2005.333

Testing tree branches by SH-like aLRT with 1000 replicates...
CPU Time used:  0.096 sec.
Total tree length: 1.252

Total number of iterations: 101
CPU time used for tree search: 1.324 sec (0h:0m:1s)
Wall-clock time used for tree search: 1.327 sec (0h:0m:1s)
Total CPU time used: 1.460 sec (0h:0m:1s)
Total wall-clock time used: 1.464 sec (0h:0m:1s)

Analysis results written to: 
  IQ-TREE report:                ../simulations/data_D1T2L3I5T4//S/598_pruned.fasta.iqtree
  Maximum-likelihood tree:       ../simulations/data_D1T2L3I5T4//S/598_pruned.fasta.treefile
  Likelihood distances:          ../simulations/data_D1T2L3I5T4//S/598_pruned.fasta.mldist
  Screen log file:               ../simulations/data_D1T2L3I5T4//S/598_pruned.fasta.log

Date and Time: Fri May 25 14:24:35 2018
