IQ-TREE version 1.4.2 for Linux 64-bit built Apr 15 2016
Copyright (c) 2011-2015 Nguyen Lam Tung, Olga Chernomor, Arndt von Haeseler and Bui Quang Minh.

Host:    meduse (AVX2, FMA3, 7 GB RAM)
Command: /home/tannier/programs/iqtree/iqtree-1.4.2-Linux/bin//iqtree -s ../simulations/data_D1T2L3I5T4//S/600_pruned.fasta -m GTR+G -alrt 1000 -redo
Seed:    405732 (Using SPRNG - Scalable Parallel Random Number Generator)
Time:    Fri May 25 14:19:37 2018
Kernel:  AVX

NOTE: Consider using the multicore version because your CPU has 4 cores!

Reading alignment file ../simulations/data_D1T2L3I5T4//S/600_pruned.fasta ... Fasta format detected
Alignment most likely contains DNA/RNA sequences
Alignment has 21 sequences with 300 columns and 156 patterns (148 informative sites)
          Gap/Ambiguity  Composition  p-value
   1  n236_237    0.00%    passed     81.18%
   2  n266_267    0.00%    passed     97.16%
   3  n290_285    0.00%    passed     95.35%
   4  n285_280    0.00%    passed     74.23%
   5  n287_282    0.00%    passed     95.13%
   6  n289_284    0.00%    passed     94.83%
   7  n200_201    0.00%    passed     99.21%
   8  n255_256    0.00%    passed     90.36%
   9  n296_289    0.00%    passed     97.22%
  10  n286_281    0.00%    passed     76.53%
  11  n278_277    0.00%    passed     52.24%
  12  n265_266    0.00%    passed     99.62%
  13  n294_287    0.00%    passed     87.09%
  14  n298_291    0.00%    passed     92.57%
  15  n275_274    0.00%    passed     88.17%
  16  n293_286    0.00%    passed     88.25%
  17  n297_290    0.00%    passed     92.57%
  18  n244_245    0.00%    passed     28.06%
  19  n251_252    0.00%    passed     90.32%
  20  n277_276    0.00%    passed     67.47%
  21  n295_288    0.00%    passed     93.50%
****  TOTAL       0.00%  0 sequences failed composition chi2 test (p-value<5%; df=3)

Create initial parsimony tree by phylogenetic likelihood library (PLL)... 0.001 seconds

NOTE: 0 MB RAM is required!
Estimate model parameters (epsilon = 0.100)
1. Initial log-likelihood: -1817.270
2. Current log-likelihood: -1774.580
3. Current log-likelihood: -1774.258
Optimal log-likelihood: -1774.256
Rate parameters:  A-C: 1.569  A-G: 2.036  A-T: 1.803  C-G: 1.458  C-T: 2.029  G-T: 1.000
Base frequencies:   A: 0.201  C: 0.240  G: 0.295  T: 0.263
Gamma shape alpha: 183.094
Parameters optimization took 3 rounds (0.020 sec)
--------------------------------------------------------------------
|             INITIALIZING CANDIDATE TREE SET                      |
--------------------------------------------------------------------
Computing ML distances based on estimated model parameters... 0.004 sec
Computing BIONJ tree...
0.000 seconds
Log-likelihood of BIONJ tree: -1774.256
Generating 98 parsimony trees... 0.069 seconds 23 distinct starting trees
Computing log-likelihood of 23 initial trees ... 0.035 seconds
Optimizing top 20 initial trees with NNI...
Iteration 1 / LogL: -1774.256 / Time: 0h:0m:0s
Estimate model parameters (epsilon = 0.100)
BETTER SCORE FOUND at iteration 1: -1774.254
Iteration 2 / LogL: -1774.255 / Time: 0h:0m:0s
Iteration 3 / LogL: -1774.256 / Time: 0h:0m:0s
Iteration 4 / LogL: -1774.256 / Time: 0h:0m:0s
Iteration 5 / LogL: -1774.256 / Time: 0h:0m:0s
Iteration 6 / LogL: -1774.256 / Time: 0h:0m:0s
Iteration 7 / LogL: -1774.256 / Time: 0h:0m:0s
Iteration 8 / LogL: -1774.256 / Time: 0h:0m:0s
Iteration 9 / LogL: -1774.256 / Time: 0h:0m:0s
Iteration 10 / LogL: -1774.256 / Time: 0h:0m:0s
Iteration 11 / LogL: -1774.256 / Time: 0h:0m:0s
Iteration 12 / LogL: -1774.256 / Time: 0h:0m:0s
Iteration 13 / LogL: -1774.256 / Time: 0h:0m:0s
Iteration 14 / LogL: -1774.256 / Time: 0h:0m:0s
Iteration 15 / LogL: -1774.256 / Time: 0h:0m:0s
Iteration 16 / LogL: -1774.256 / Time: 0h:0m:0s
Iteration 17 / LogL: -1774.256 / Time: 0h:0m:0s
Iteration 18 / LogL: -1774.256 / Time: 0h:0m:0s
Iteration 19 / LogL: -1774.256 / Time: 0h:0m:0s
Iteration 20 / LogL: -1774.256 / Time: 0h:0m:0s
Average CPU time for 1 NNI search: 0.004
Finish initializing candidate tree set. Number of distinct locally optimal trees: 20
Current best tree score: -1774.254 / CPU time: 0.184
--------------------------------------------------------------------
|               OPTIMIZING CANDIDATE TREE SET                      |
--------------------------------------------------------------------
Iteration 30 / LogL: -1774.291 / Time: 0h:0m:0s (0h:0m:0s left)
Iteration 40 / LogL: -1774.308 / Time: 0h:0m:0s (0h:0m:0s left)
Iteration 50 / LogL: -1774.262 / Time: 0h:0m:0s (0h:0m:0s left)
Iteration 60 / LogL: -1774.254 / Time: 0h:0m:0s (0h:0m:0s left)
Iteration 70 / LogL: -1774.278 / Time: 0h:0m:0s (0h:0m:0s left)
Iteration 80 / LogL: -1774.254 / Time: 0h:0m:0s (0h:0m:0s left)
Iteration 90 / LogL: -1774.308 / Time: 0h:0m:0s (0h:0m:0s left)
Iteration 100 / LogL: -1774.259 / Time: 0h:0m:1s (0h:0m:0s left)
TREE SEARCH COMPLETED AFTER 101 ITERATIONS / Time: 0h:0m:1s

--------------------------------------------------------------------
|                    FINALIZING TREE SEARCH                        |
--------------------------------------------------------------------
Performs final model parameters optimization
Estimate model parameters (epsilon = 0.010)
1. Initial log-likelihood: -1774.254
Optimal log-likelihood: -1774.253
Rate parameters:  A-C: 1.558  A-G: 2.025  A-T: 1.796  C-G: 1.450  C-T: 2.019  G-T: 1.000
Base frequencies:   A: 0.201  C: 0.240  G: 0.295  T: 0.263
Gamma shape alpha: 189.843
Parameters optimization took 1 rounds (0.004 sec)
BEST SCORE FOUND : -1774.253

Testing tree branches by SH-like aLRT with 1000 replicates...
CPU Time used:  0.092 sec.
Total tree length: 0.995

Total number of iterations: 101
CPU time used for tree search: 1.040 sec (0h:0m:1s)
Wall-clock time used for tree search: 1.041 sec (0h:0m:1s)
Total CPU time used: 1.172 sec (0h:0m:1s)
Total wall-clock time used: 1.172 sec (0h:0m:1s)

Analysis results written to: 
  IQ-TREE report:                ../simulations/data_D1T2L3I5T4//S/600_pruned.fasta.iqtree
  Maximum-likelihood tree:       ../simulations/data_D1T2L3I5T4//S/600_pruned.fasta.treefile
  Likelihood distances:          ../simulations/data_D1T2L3I5T4//S/600_pruned.fasta.mldist
  Screen log file:               ../simulations/data_D1T2L3I5T4//S/600_pruned.fasta.log

Date and Time: Fri May 25 14:19:38 2018
