IQ-TREE version 1.4.2 for Linux 64-bit built Apr 15 2016
Copyright (c) 2011-2015 Nguyen Lam Tung, Olga Chernomor, Arndt von Haeseler and Bui Quang Minh.

Host:    meduse (AVX2, FMA3, 7 GB RAM)
Command: /home/tannier/programs/iqtree/iqtree-1.4.2-Linux/bin//iqtree -s ../simulations/data_D1T2L3I5T4//S/605_pruned.fasta -m GTR+G -alrt 1000 -redo
Seed:    360474 (Using SPRNG - Scalable Parallel Random Number Generator)
Time:    Fri May 25 14:23:39 2018
Kernel:  AVX

NOTE: Consider using the multicore version because your CPU has 4 cores!

Reading alignment file ../simulations/data_D1T2L3I5T4//S/605_pruned.fasta ... Fasta format detected
Alignment most likely contains DNA/RNA sequences
Alignment has 26 sequences with 300 columns and 180 patterns (166 informative sites)
          Gap/Ambiguity  Composition  p-value
   1  n236_237    0.00%    passed     85.58%
   2  n266_267    0.00%    passed     88.79%
   3  n296_297    0.00%    passed     99.11%
   4  n277_278    0.00%    passed     93.77%
   5  n290_291    0.00%    passed     98.94%
   6  n255_256    0.00%    passed     68.38%
   7  n295_296    0.00%    passed     99.21%
   8  n286_287    0.00%    passed     66.23%
   9  n298_299    0.00%    passed     95.29%
  10  n299_300    0.00%    passed     95.95%
  11  n287_288    0.00%    passed     99.27%
  12  n278_279    0.00%    passed     96.76%
  13  n292_293    0.00%    passed     95.95%
  14  n265_266    0.00%    passed     96.08%
  15  n289_290    0.00%    passed     99.73%
  16  n293_294    0.00%    passed     99.20%
  17  n280_281    0.00%    passed     95.95%
  18  n274_275    0.00%    passed     84.47%
  19  n275_276    0.00%    passed     93.35%
  20  n285_286    0.00%    passed     67.19%
  21  n294_295    0.00%    passed     99.29%
  22  n297_298    0.00%    passed     97.98%
  23  n244_245    0.00%    passed     84.16%
  24  n251_252    0.00%    passed     87.91%
  25  n200_201    0.00%    passed     85.15%
  26  n300_301    0.00%    passed     92.53%
****  TOTAL       0.00%  0 sequences failed composition chi2 test (p-value<5%; df=3)
NOTE: 2 identical sequences (see below) will be ignored for subsequent analysis
NOTE: n292_293 (identical to n299_300) is ignored but added at the end
NOTE: n280_281 (identical to n299_300) is ignored but added at the end

Create initial parsimony tree by phylogenetic likelihood library (PLL)... 0.001 seconds

NOTE: 0 MB RAM is required!
Estimate model parameters (epsilon = 0.100)
1. Initial log-likelihood: -2108.031
2. Current log-likelihood: -2063.292
3. Current log-likelihood: -2062.870
Optimal log-likelihood: -2062.861
Rate parameters:  A-C: 0.771  A-G: 0.882  A-T: 0.702  C-G: 0.662  C-T: 0.896  G-T: 1.000
Base frequencies:   A: 0.236  C: 0.265  G: 0.281  T: 0.218
Gamma shape alpha: 9.134
Parameters optimization took 3 rounds (0.028 sec)
--------------------------------------------------------------------
|             INITIALIZING CANDIDATE TREE SET                      |
--------------------------------------------------------------------
Computing ML distances based on estimated model parameters... 0.000 sec
Computing BIONJ tree...
0.001 seconds
Log-likelihood of BIONJ tree: -2062.861
Generating 98 parsimony trees... 0.079 seconds 9 distinct starting trees
Computing log-likelihood of 9 initial trees ... 0.015 seconds
Optimizing top 9 initial trees with NNI...
Iteration 1 / LogL: -2062.861 / Time: 0h:0m:0s
Estimate model parameters (epsilon = 0.100)
BETTER SCORE FOUND at iteration 1: -2062.856
Iteration 2 / LogL: -2062.857 / Time: 0h:0m:0s
Iteration 3 / LogL: -2062.861 / Time: 0h:0m:0s
Iteration 4 / LogL: -2062.861 / Time: 0h:0m:0s
Iteration 5 / LogL: -2062.861 / Time: 0h:0m:0s
Iteration 6 / LogL: -2062.861 / Time: 0h:0m:0s
Iteration 7 / LogL: -2062.861 / Time: 0h:0m:0s
Iteration 8 / LogL: -2062.861 / Time: 0h:0m:0s
Iteration 9 / LogL: -2062.861 / Time: 0h:0m:0s
Average CPU time for 1 NNI search: 0.005
Finish initializing candidate tree set. Number of distinct locally optimal trees: 9
Current best tree score: -2062.856 / CPU time: 0.144
--------------------------------------------------------------------
|               OPTIMIZING CANDIDATE TREE SET                      |
--------------------------------------------------------------------
Iteration 10 / LogL: -2062.863 / Time: 0h:0m:0s
Iteration 20 / LogL: -2062.883 / Time: 0h:0m:0s (0h:0m:1s left)
Iteration 30 / LogL: -2062.899 / Time: 0h:0m:0s (0h:0m:1s left)
Iteration 40 / LogL: -2062.907 / Time: 0h:0m:0s (0h:0m:0s left)
Iteration 50 / LogL: -2063.071 / Time: 0h:0m:0s (0h:0m:0s left)
Iteration 60 / LogL: -2063.151 / Time: 0h:0m:0s (0h:0m:0s left)
Iteration 70 / LogL: -2072.233 / Time: 0h:0m:1s (0h:0m:0s left)
Iteration 80 / LogL: -2063.028 / Time: 0h:0m:1s (0h:0m:0s left)
Iteration 90 / LogL: -2062.859 / Time: 0h:0m:1s (0h:0m:0s left)
Iteration 100 / LogL: -2062.876 / Time: 0h:0m:1s (0h:0m:0s left)
TREE SEARCH COMPLETED AFTER 101 ITERATIONS / Time: 0h:0m:1s

--------------------------------------------------------------------
|                    FINALIZING TREE SEARCH                        |
--------------------------------------------------------------------
Performs final model parameters optimization
Estimate model parameters (epsilon = 0.010)
1. Initial log-likelihood: -2062.856
Optimal log-likelihood: -2062.854
Rate parameters:  A-C: 0.776  A-G: 0.888  A-T: 0.707  C-G: 0.669  C-T: 0.903  G-T: 1.000
Base frequencies:   A: 0.236  C: 0.265  G: 0.281  T: 0.218
Gamma shape alpha: 9.160
Parameters optimization took 1 rounds (0.005 sec)
BEST SCORE FOUND : -2062.854

Testing tree branches by SH-like aLRT with 1000 replicates...
CPU Time used:  0.108 sec.
Total tree length: 1.282

Total number of iterations: 101
CPU time used for tree search: 1.432 sec (0h:0m:1s)
Wall-clock time used for tree search: 1.431 sec (0h:0m:1s)
Total CPU time used: 1.588 sec (0h:0m:1s)
Total wall-clock time used: 1.588 sec (0h:0m:1s)

Analysis results written to: 
  IQ-TREE report:                ../simulations/data_D1T2L3I5T4//S/605_pruned.fasta.iqtree
  Maximum-likelihood tree:       ../simulations/data_D1T2L3I5T4//S/605_pruned.fasta.treefile
  Likelihood distances:          ../simulations/data_D1T2L3I5T4//S/605_pruned.fasta.mldist
  Screen log file:               ../simulations/data_D1T2L3I5T4//S/605_pruned.fasta.log

Date and Time: Fri May 25 14:23:40 2018
