IQ-TREE version 1.4.2 for Linux 64-bit built Apr 15 2016
Copyright (c) 2011-2015 Nguyen Lam Tung, Olga Chernomor, Arndt von Haeseler and Bui Quang Minh.

Host:    meduse (AVX2, FMA3, 7 GB RAM)
Command: /home/tannier/programs/iqtree/iqtree-1.4.2-Linux/bin//iqtree -s ../simulations/data_D1T2L3I5T4//S/614_pruned.fasta -m GTR+G -alrt 1000 -redo
Seed:    938941 (Using SPRNG - Scalable Parallel Random Number Generator)
Time:    Fri May 25 14:36:33 2018
Kernel:  AVX

NOTE: Consider using the multicore version because your CPU has 4 cores!

Reading alignment file ../simulations/data_D1T2L3I5T4//S/614_pruned.fasta ... Fasta format detected
Alignment most likely contains DNA/RNA sequences
Alignment has 26 sequences with 300 columns and 178 patterns (160 informative sites)
          Gap/Ambiguity  Composition  p-value
   1  n236_237    0.00%    passed     97.44%
   2  n266_267    0.00%    passed     64.90%
   3  n296_297    0.00%    passed     98.34%
   4  n277_278    0.00%    passed     93.39%
   5  n290_291    0.00%    passed     95.42%
   6  n255_256    0.00%    passed     88.37%
   7  n295_296    0.00%    passed     98.77%
   8  n286_287    0.00%    passed     78.41%
   9  n298_299    0.00%    passed     92.06%
  10  n299_300    0.00%    passed     99.43%
  11  n287_288    0.00%    passed     95.42%
  12  n278_279    0.00%    passed     98.74%
  13  n292_293    0.00%    passed     99.91%
  14  n265_266    0.00%    passed     78.61%
  15  n289_290    0.00%    passed     95.42%
  16  n293_294    0.00%    passed     87.59%
  17  n280_281    0.00%    passed     98.20%
  18  n274_275    0.00%    passed     89.53%
  19  n275_276    0.00%    passed     87.59%
  20  n285_286    0.00%    passed     73.40%
  21  n294_295    0.00%    passed     86.80%
  22  n297_298    0.00%    passed     93.30%
  23  n244_245    0.00%    passed     34.48%
  24  n251_252    0.00%    passed     70.02%
  25  n200_201    0.00%    passed     84.49%
  26  n300_301    0.00%    passed     98.20%
****  TOTAL       0.00%  0 sequences failed composition chi2 test (p-value<5%; df=3)
NOTE: 2 identical sequences (see below) will be ignored for subsequent analysis
NOTE: n287_288 (identical to n290_291) is ignored but added at the end
NOTE: n289_290 (identical to n290_291) is ignored but added at the end

Create initial parsimony tree by phylogenetic likelihood library (PLL)... 0.001 seconds

NOTE: 0 MB RAM is required!
Estimate model parameters (epsilon = 0.100)
1. Initial log-likelihood: -2100.045
2. Current log-likelihood: -2062.908
3. Current log-likelihood: -2062.635
Optimal log-likelihood: -2062.614
Rate parameters:  A-C: 1.051  A-G: 0.884  A-T: 0.551  C-G: 0.900  C-T: 0.730  G-T: 1.000
Base frequencies:   A: 0.235  C: 0.263  G: 0.259  T: 0.243
Gamma shape alpha: 3.632
Parameters optimization took 3 rounds (0.025 sec)
--------------------------------------------------------------------
|             INITIALIZING CANDIDATE TREE SET                      |
--------------------------------------------------------------------
Computing ML distances based on estimated model parameters... 0.004 sec
Computing BIONJ tree...
0.001 seconds
Log-likelihood of BIONJ tree: -2068.342
Generating 98 parsimony trees... 0.088 seconds 13 distinct starting trees
Computing log-likelihood of 13 initial trees ... 0.023 seconds
Optimizing top 13 initial trees with NNI...
Iteration 1 / LogL: -2062.614 / Time: 0h:0m:0s
Estimate model parameters (epsilon = 0.100)
BETTER SCORE FOUND at iteration 1: -2062.603
Iteration 2 / LogL: -2062.605 / Time: 0h:0m:0s
Iteration 3 / LogL: -2062.605 / Time: 0h:0m:0s
Iteration 4 / LogL: -2062.605 / Time: 0h:0m:0s
Iteration 5 / LogL: -2062.605 / Time: 0h:0m:0s
Iteration 6 / LogL: -2062.605 / Time: 0h:0m:0s
Iteration 7 / LogL: -2062.605 / Time: 0h:0m:0s
Iteration 8 / LogL: -2062.605 / Time: 0h:0m:0s
Iteration 9 / LogL: -2062.605 / Time: 0h:0m:0s
Iteration 10 / LogL: -2062.605 / Time: 0h:0m:0s
Iteration 11 / LogL: -2062.605 / Time: 0h:0m:0s
Iteration 12 / LogL: -2062.605 / Time: 0h:0m:0s
Iteration 13 / LogL: -2062.603 / Time: 0h:0m:0s
Average CPU time for 1 NNI search: 0.006
Finish initializing candidate tree set. Number of distinct locally optimal trees: 12
Current best tree score: -2062.603 / CPU time: 0.180
--------------------------------------------------------------------
|               OPTIMIZING CANDIDATE TREE SET                      |
--------------------------------------------------------------------
Iteration 20 / LogL: -2062.605 / Time: 0h:0m:0s (0h:0m:1s left)
Iteration 30 / LogL: -2062.655 / Time: 0h:0m:0s (0h:0m:1s left)
Iteration 40 / LogL: -2062.603 / Time: 0h:0m:0s (0h:0m:0s left)
Iteration 50 / LogL: -2067.126 / Time: 0h:0m:0s (0h:0m:0s left)
Iteration 60 / LogL: -2062.609 / Time: 0h:0m:0s (0h:0m:0s left)
Iteration 70 / LogL: -2062.603 / Time: 0h:0m:1s (0h:0m:0s left)
Iteration 80 / LogL: -2062.618 / Time: 0h:0m:1s (0h:0m:0s left)
Iteration 90 / LogL: -2062.616 / Time: 0h:0m:1s (0h:0m:0s left)
Iteration 100 / LogL: -2062.630 / Time: 0h:0m:1s (0h:0m:0s left)
TREE SEARCH COMPLETED AFTER 101 ITERATIONS / Time: 0h:0m:1s

--------------------------------------------------------------------
|                    FINALIZING TREE SEARCH                        |
--------------------------------------------------------------------
Performs final model parameters optimization
Estimate model parameters (epsilon = 0.010)
1. Initial log-likelihood: -2062.603
Optimal log-likelihood: -2062.597
Rate parameters:  A-C: 1.065  A-G: 0.895  A-T: 0.559  C-G: 0.911  C-T: 0.744  G-T: 1.000
Base frequencies:   A: 0.235  C: 0.263  G: 0.259  T: 0.243
Gamma shape alpha: 3.630
Parameters optimization took 1 rounds (0.005 sec)
BEST SCORE FOUND : -2062.597

Testing tree branches by SH-like aLRT with 1000 replicates...
CPU Time used:  0.108 sec.
Total tree length: 1.281

Total number of iterations: 101
CPU time used for tree search: 1.472 sec (0h:0m:1s)
Wall-clock time used for tree search: 1.476 sec (0h:0m:1s)
Total CPU time used: 1.624 sec (0h:0m:1s)
Total wall-clock time used: 1.630 sec (0h:0m:1s)

Analysis results written to: 
  IQ-TREE report:                ../simulations/data_D1T2L3I5T4//S/614_pruned.fasta.iqtree
  Maximum-likelihood tree:       ../simulations/data_D1T2L3I5T4//S/614_pruned.fasta.treefile
  Likelihood distances:          ../simulations/data_D1T2L3I5T4//S/614_pruned.fasta.mldist
  Screen log file:               ../simulations/data_D1T2L3I5T4//S/614_pruned.fasta.log

Date and Time: Fri May 25 14:36:35 2018
