IQ-TREE version 1.4.2 for Linux 64-bit built Apr 15 2016
Copyright (c) 2011-2015 Nguyen Lam Tung, Olga Chernomor, Arndt von Haeseler and Bui Quang Minh.

Host:    meduse (AVX2, FMA3, 7 GB RAM)
Command: /home/tannier/programs/iqtree/iqtree-1.4.2-Linux/bin//iqtree -s ../simulations/data_D1T2L3I5T4//S/617_pruned.fasta -m GTR+G -alrt 1000 -redo
Seed:    542637 (Using SPRNG - Scalable Parallel Random Number Generator)
Time:    Fri May 25 14:17:15 2018
Kernel:  AVX

NOTE: Consider using the multicore version because your CPU has 4 cores!

Reading alignment file ../simulations/data_D1T2L3I5T4//S/617_pruned.fasta ... Fasta format detected
Alignment most likely contains DNA/RNA sequences
Alignment has 25 sequences with 300 columns and 172 patterns (139 informative sites)
          Gap/Ambiguity  Composition  p-value
   1  n287_292    0.00%    passed     81.62%
   2  n277_282    0.00%    passed     99.15%
   3  n299_304    0.00%    passed     89.39%
   4  n292_297    0.00%    passed     89.39%
   5  n296_301    0.00%    passed     98.32%
   6  n285_290    0.00%    passed     94.27%
   7  n295_300    0.00%    passed     98.32%
   8  n200_205    0.00%    passed     97.60%
   9  n300_305    0.00%    passed     89.39%
  10  n293_298    0.00%    passed     98.06%
  11  n290_295    0.00%    passed     86.51%
  12  n251_256    0.00%    passed     78.12%
  13  n255_260    0.00%    passed     69.82%
  14  n236_241    0.00%    passed     94.79%
  15  n289_294    0.00%    passed     83.74%
  16  n294_299    0.00%    passed     98.56%
  17  n244_249    0.00%    passed     58.36%
  18  n278_283    0.00%    passed     96.85%
  19  n280_285    0.00%    passed     91.89%
  20  n298_303    0.00%    passed     98.06%
  21  n266_271    0.00%    passed     95.39%
  22  n297_302    0.00%    passed     98.56%
  23  n286_291    0.00%    passed     98.93%
  24  n274_279    0.00%    passed     88.73%
  25  n275_280    0.00%    passed     98.25%
****  TOTAL       0.00%  0 sequences failed composition chi2 test (p-value<5%; df=3)
NOTE: 3 identical sequences (see below) will be ignored for subsequent analysis
NOTE: n292_297 (identical to n299_304) is ignored but added at the end
NOTE: n300_305 (identical to n299_304) is ignored but added at the end
NOTE: n295_300 (identical to n296_301) is ignored but added at the end

Create initial parsimony tree by phylogenetic likelihood library (PLL)... 0.001 seconds

NOTE: 0 MB RAM is required!
Estimate model parameters (epsilon = 0.100)
1. Initial log-likelihood: -2025.162
2. Current log-likelihood: -1981.182
3. Current log-likelihood: -1980.739
Optimal log-likelihood: -1980.730
Rate parameters:  A-C: 1.230  A-G: 1.146  A-T: 1.286  C-G: 0.969  C-T: 1.166  G-T: 1.000
Base frequencies:   A: 0.207  C: 0.274  G: 0.289  T: 0.229
Gamma shape alpha: 4.777
Parameters optimization took 3 rounds (0.019 sec)
--------------------------------------------------------------------
|             INITIALIZING CANDIDATE TREE SET                      |
--------------------------------------------------------------------
Computing ML distances based on estimated model parameters... 0.000 sec
Computing BIONJ tree...
0.000 seconds
Log-likelihood of BIONJ tree: -1980.730
Generating 98 parsimony trees... 0.093 seconds 9 distinct starting trees
Computing log-likelihood of 9 initial trees ... 0.013 seconds
Optimizing top 9 initial trees with NNI...
Iteration 1 / LogL: -1980.730 / Time: 0h:0m:0s
Estimate model parameters (epsilon = 0.100)
BETTER SCORE FOUND at iteration 1: -1980.729
Iteration 2 / LogL: -1980.730 / Time: 0h:0m:0s
Iteration 3 / LogL: -1980.732 / Time: 0h:0m:0s
Iteration 4 / LogL: -1980.732 / Time: 0h:0m:0s
Iteration 5 / LogL: -1980.732 / Time: 0h:0m:0s
Iteration 6 / LogL: -1980.732 / Time: 0h:0m:0s
Iteration 7 / LogL: -1980.732 / Time: 0h:0m:0s
Iteration 8 / LogL: -1980.732 / Time: 0h:0m:0s
Iteration 9 / LogL: -1980.732 / Time: 0h:0m:0s
Average CPU time for 1 NNI search: 0.006
Finish initializing candidate tree set. Number of distinct locally optimal trees: 9
Current best tree score: -1980.729 / CPU time: 0.160
--------------------------------------------------------------------
|               OPTIMIZING CANDIDATE TREE SET                      |
--------------------------------------------------------------------
Iteration 10 / LogL: -1980.729 / Time: 0h:0m:0s
Iteration 20 / LogL: -1980.729 / Time: 0h:0m:0s (0h:0m:1s left)
Iteration 30 / LogL: -1980.803 / Time: 0h:0m:0s (0h:0m:1s left)
Iteration 40 / LogL: -1980.729 / Time: 0h:0m:0s (0h:0m:0s left)
Iteration 50 / LogL: -1980.729 / Time: 0h:0m:0s (0h:0m:0s left)
Iteration 60 / LogL: -1980.754 / Time: 0h:0m:0s (0h:0m:0s left)
Iteration 70 / LogL: -1980.729 / Time: 0h:0m:1s (0h:0m:0s left)
Iteration 80 / LogL: -1980.729 / Time: 0h:0m:1s (0h:0m:0s left)
Iteration 90 / LogL: -1980.779 / Time: 0h:0m:1s (0h:0m:0s left)
Iteration 100 / LogL: -1980.748 / Time: 0h:0m:1s (0h:0m:0s left)
TREE SEARCH COMPLETED AFTER 101 ITERATIONS / Time: 0h:0m:1s

--------------------------------------------------------------------
|                    FINALIZING TREE SEARCH                        |
--------------------------------------------------------------------
Performs final model parameters optimization
Estimate model parameters (epsilon = 0.010)
1. Initial log-likelihood: -1980.729
Optimal log-likelihood: -1980.729
Rate parameters:  A-C: 1.231  A-G: 1.146  A-T: 1.281  C-G: 0.972  C-T: 1.168  G-T: 1.000
Base frequencies:   A: 0.207  C: 0.274  G: 0.289  T: 0.229
Gamma shape alpha: 4.777
Parameters optimization took 1 rounds (0.005 sec)
BEST SCORE FOUND : -1980.729

Testing tree branches by SH-like aLRT with 1000 replicates...
CPU Time used:  0.100 sec.
Total tree length: 1.171

Total number of iterations: 101
CPU time used for tree search: 1.396 sec (0h:0m:1s)
Wall-clock time used for tree search: 1.396 sec (0h:0m:1s)
Total CPU time used: 1.532 sec (0h:0m:1s)
Total wall-clock time used: 1.536 sec (0h:0m:1s)

Analysis results written to: 
  IQ-TREE report:                ../simulations/data_D1T2L3I5T4//S/617_pruned.fasta.iqtree
  Maximum-likelihood tree:       ../simulations/data_D1T2L3I5T4//S/617_pruned.fasta.treefile
  Likelihood distances:          ../simulations/data_D1T2L3I5T4//S/617_pruned.fasta.mldist
  Screen log file:               ../simulations/data_D1T2L3I5T4//S/617_pruned.fasta.log

Date and Time: Fri May 25 14:17:17 2018
