IQ-TREE version 1.4.2 for Linux 64-bit built Apr 15 2016
Copyright (c) 2011-2015 Nguyen Lam Tung, Olga Chernomor, Arndt von Haeseler and Bui Quang Minh.

Host:    meduse (AVX2, FMA3, 7 GB RAM)
Command: /home/tannier/programs/iqtree/iqtree-1.4.2-Linux/bin//iqtree -s ../simulations/data_D1T2L3I5T4//S/623_pruned.fasta -m GTR+G -alrt 1000 -redo
Seed:    79787 (Using SPRNG - Scalable Parallel Random Number Generator)
Time:    Fri May 25 14:24:24 2018
Kernel:  AVX

NOTE: Consider using the multicore version because your CPU has 4 cores!

Reading alignment file ../simulations/data_D1T2L3I5T4//S/623_pruned.fasta ... Fasta format detected
Alignment most likely contains DNA/RNA sequences
Alignment has 26 sequences with 300 columns and 170 patterns (151 informative sites)
          Gap/Ambiguity  Composition  p-value
   1  n236_237    0.00%    passed     80.77%
   2  n266_267    0.00%    passed     84.59%
   3  n296_297    0.00%    passed     93.12%
   4  n277_278    0.00%    passed     94.62%
   5  n290_291    0.00%    passed     96.82%
   6  n255_256    0.00%    passed     83.59%
   7  n295_296    0.00%    passed     96.37%
   8  n286_287    0.00%    passed     95.71%
   9  n298_299    0.00%    passed     90.92%
  10  n299_300    0.00%    passed     66.09%
  11  n287_288    0.00%    passed     94.33%
  12  n278_279    0.00%    passed     94.62%
  13  n292_293    0.00%    passed     61.24%
  14  n265_266    0.00%    passed     70.28%
  15  n289_290    0.00%    passed     93.12%
  16  n293_294    0.00%    passed     93.11%
  17  n280_281    0.00%    passed     75.16%
  18  n274_275    0.00%    passed     65.49%
  19  n275_276    0.00%    passed     99.19%
  20  n285_286    0.00%    passed     91.58%
  21  n294_295    0.00%    passed     90.40%
  22  n297_298    0.00%    passed     95.35%
  23  n244_245    0.00%    passed     98.49%
  24  n251_252    0.00%    passed     70.77%
  25  n200_201    0.00%    passed     91.18%
  26  n300_301    0.00%    passed     66.09%
****  TOTAL       0.00%  0 sequences failed composition chi2 test (p-value<5%; df=3)
NOTE: 2 identical sequences (see below) will be ignored for subsequent analysis
NOTE: n278_279 (identical to n277_278) is ignored but added at the end
NOTE: n300_301 (identical to n299_300) is ignored but added at the end

Create initial parsimony tree by phylogenetic likelihood library (PLL)... 0.001 seconds

NOTE: 0 MB RAM is required!
Estimate model parameters (epsilon = 0.100)
1. Initial log-likelihood: -2002.472
2. Current log-likelihood: -1959.880
3. Current log-likelihood: -1959.560
Optimal log-likelihood: -1959.526
Rate parameters:  A-C: 1.288  A-G: 1.310  A-T: 1.498  C-G: 0.916  C-T: 1.720  G-T: 1.000
Base frequencies:   A: 0.228  C: 0.266  G: 0.281  T: 0.225
Gamma shape alpha: 5.704
Parameters optimization took 3 rounds (0.025 sec)
--------------------------------------------------------------------
|             INITIALIZING CANDIDATE TREE SET                      |
--------------------------------------------------------------------
Computing ML distances based on estimated model parameters... 0.004 sec
Computing BIONJ tree...
0.001 seconds
Log-likelihood of BIONJ tree: -1959.329
Generating 98 parsimony trees... 0.081 seconds 69 distinct starting trees
Computing log-likelihood of 69 initial trees ... 0.133 seconds
Optimizing top 20 initial trees with NNI...
Iteration 1 / LogL: -1959.329 / Time: 0h:0m:0s
Estimate model parameters (epsilon = 0.100)
BETTER SCORE FOUND at iteration 1: -1959.311
Iteration 2 / LogL: -1959.317 / Time: 0h:0m:0s
Iteration 3 / LogL: -1959.317 / Time: 0h:0m:0s
Iteration 4 / LogL: -1959.317 / Time: 0h:0m:0s
Iteration 5 / LogL: -1959.317 / Time: 0h:0m:0s
Iteration 6 / LogL: -1959.317 / Time: 0h:0m:0s
Iteration 7 / LogL: -1959.317 / Time: 0h:0m:0s
Iteration 8 / LogL: -1959.317 / Time: 0h:0m:0s
Iteration 9 / LogL: -1959.482 / Time: 0h:0m:0s
Iteration 10 / LogL: -1959.318 / Time: 0h:0m:0s
Iteration 11 / LogL: -1959.318 / Time: 0h:0m:0s
Iteration 12 / LogL: -1959.318 / Time: 0h:0m:0s
Iteration 13 / LogL: -1959.311 / Time: 0h:0m:0s
Iteration 14 / LogL: -1959.311 / Time: 0h:0m:0s
Iteration 15 / LogL: -1959.311 / Time: 0h:0m:0s
Iteration 16 / LogL: -1959.311 / Time: 0h:0m:0s
Iteration 17 / LogL: -1959.484 / Time: 0h:0m:0s
Iteration 18 / LogL: -1959.484 / Time: 0h:0m:0s
Iteration 19 / LogL: -1959.484 / Time: 0h:0m:0s
Iteration 20 / LogL: -1959.484 / Time: 0h:0m:0s
Average CPU time for 1 NNI search: 0.006
Finish initializing candidate tree set. Number of distinct locally optimal trees: 17
Current best tree score: -1959.311 / CPU time: 0.324
--------------------------------------------------------------------
|               OPTIMIZING CANDIDATE TREE SET                      |
--------------------------------------------------------------------
Iteration 30 / LogL: -1959.552 / Time: 0h:0m:0s (0h:0m:1s left)
Iteration 40 / LogL: -1959.313 / Time: 0h:0m:0s (0h:0m:1s left)
Iteration 50 / LogL: -1959.337 / Time: 0h:0m:0s (0h:0m:0s left)
Iteration 60 / LogL: -1959.336 / Time: 0h:0m:0s (0h:0m:0s left)
Iteration 70 / LogL: -1967.763 / Time: 0h:0m:1s (0h:0m:0s left)
Iteration 80 / LogL: -1959.311 / Time: 0h:0m:1s (0h:0m:0s left)
Iteration 90 / LogL: -1959.315 / Time: 0h:0m:1s (0h:0m:0s left)
Iteration 100 / LogL: -1959.311 / Time: 0h:0m:1s (0h:0m:0s left)
TREE SEARCH COMPLETED AFTER 101 ITERATIONS / Time: 0h:0m:1s

--------------------------------------------------------------------
|                    FINALIZING TREE SEARCH                        |
--------------------------------------------------------------------
Performs final model parameters optimization
Estimate model parameters (epsilon = 0.010)
1. Initial log-likelihood: -1959.311
2. Current log-likelihood: -1959.298
Optimal log-likelihood: -1959.295
Rate parameters:  A-C: 1.330  A-G: 1.353  A-T: 1.552  C-G: 0.959  C-T: 1.780  G-T: 1.000
Base frequencies:   A: 0.228  C: 0.266  G: 0.281  T: 0.225
Gamma shape alpha: 5.704
Parameters optimization took 2 rounds (0.009 sec)
BEST SCORE FOUND : -1959.295

Testing tree branches by SH-like aLRT with 1000 replicates...
CPU Time used:  0.104 sec.
Total tree length: 1.155

Total number of iterations: 101
CPU time used for tree search: 1.468 sec (0h:0m:1s)
Wall-clock time used for tree search: 1.470 sec (0h:0m:1s)
Total CPU time used: 1.620 sec (0h:0m:1s)
Total wall-clock time used: 1.625 sec (0h:0m:1s)

Analysis results written to: 
  IQ-TREE report:                ../simulations/data_D1T2L3I5T4//S/623_pruned.fasta.iqtree
  Maximum-likelihood tree:       ../simulations/data_D1T2L3I5T4//S/623_pruned.fasta.treefile
  Likelihood distances:          ../simulations/data_D1T2L3I5T4//S/623_pruned.fasta.mldist
  Screen log file:               ../simulations/data_D1T2L3I5T4//S/623_pruned.fasta.log

Date and Time: Fri May 25 14:24:25 2018
