IQ-TREE version 1.4.2 for Linux 64-bit built Apr 15 2016
Copyright (c) 2011-2015 Nguyen Lam Tung, Olga Chernomor, Arndt von Haeseler and Bui Quang Minh.

Host:    meduse (AVX2, FMA3, 7 GB RAM)
Command: /home/tannier/programs/iqtree/iqtree-1.4.2-Linux/bin//iqtree -s ../simulations/data_D1T2L3I5T4//S/644_pruned.fasta -m GTR+G -alrt 1000 -redo
Seed:    736015 (Using SPRNG - Scalable Parallel Random Number Generator)
Time:    Fri May 25 14:24:30 2018
Kernel:  AVX

NOTE: Consider using the multicore version because your CPU has 4 cores!

Reading alignment file ../simulations/data_D1T2L3I5T4//S/644_pruned.fasta ... Fasta format detected
Alignment most likely contains DNA/RNA sequences
Alignment has 26 sequences with 300 columns and 173 patterns (159 informative sites)
          Gap/Ambiguity  Composition  p-value
   1  n244_243    0.00%    passed     89.49%
   2  n255_254    0.00%    passed     80.83%
   3  n292_291    0.00%    passed     70.53%
   4  n294_293    0.00%    passed     95.03%
   5  n296_295    0.00%    passed     95.57%
   6  n200_201    0.00%    passed     98.85%
   7  n297_296    0.00%    passed     94.39%
   8  n265_264    0.00%    passed     44.80%
   9  n236_235    0.00%    passed     95.56%
  10  n277_276    0.00%    passed     97.26%
  11  n286_285    0.00%    passed     62.07%
  12  n280_279    0.00%    passed     57.26%
  13  n295_294    0.00%    passed     95.57%
  14  n278_277    0.00%    passed     96.19%
  15  n285_284    0.00%    passed     53.61%
  16  n300_299    0.00%    passed     70.53%
  17  n293_292    0.00%    passed     99.27%
  18  n274_273    0.00%    passed     81.86%
  19  n299_298    0.00%    passed     63.97%
  20  n275_274    0.00%    passed     88.19%
  21  n266_265    0.00%    passed     64.00%
  22  n290_289    0.00%    passed     97.39%
  23  n289_288    0.00%    passed     93.70%
  24  n287_286    0.00%    passed     98.30%
  25  n298_297    0.00%    passed     97.58%
  26  n251_250    0.00%    passed     86.34%
****  TOTAL       0.00%  0 sequences failed composition chi2 test (p-value<5%; df=3)
NOTE: 1 identical sequences (see below) will be ignored for subsequent analysis
NOTE: n295_294 (identical to n296_295) is ignored but added at the end

Create initial parsimony tree by phylogenetic likelihood library (PLL)... 0.001 seconds

NOTE: 0 MB RAM is required!
Estimate model parameters (epsilon = 0.100)
1. Initial log-likelihood: -2052.832
2. Current log-likelihood: -2015.255
3. Current log-likelihood: -2015.064
Optimal log-likelihood: -2015.060
Rate parameters:  A-C: 0.752  A-G: 1.121  A-T: 1.082  C-G: 0.745  C-T: 1.108  G-T: 1.000
Base frequencies:   A: 0.200  C: 0.306  G: 0.236  T: 0.259
Gamma shape alpha: 4.830
Parameters optimization took 3 rounds (0.021 sec)
--------------------------------------------------------------------
|             INITIALIZING CANDIDATE TREE SET                      |
--------------------------------------------------------------------
Computing ML distances based on estimated model parameters... 0.004 sec
Computing BIONJ tree...
0.000 seconds
Log-likelihood of BIONJ tree: -2015.060
Generating 98 parsimony trees... 0.117 seconds 10 distinct starting trees
Computing log-likelihood of 10 initial trees ... 0.017 seconds
Optimizing top 10 initial trees with NNI...
Iteration 1 / LogL: -2014.895 / Time: 0h:0m:0s
Estimate model parameters (epsilon = 0.100)
BETTER TREE FOUND at iteration 1: -2014.891
Iteration 2 / LogL: -2014.891 / Time: 0h:0m:0s
Iteration 3 / LogL: -2014.891 / Time: 0h:0m:0s
Iteration 4 / LogL: -2014.891 / Time: 0h:0m:0s
Iteration 5 / LogL: -2014.891 / Time: 0h:0m:0s
Iteration 6 / LogL: -2014.891 / Time: 0h:0m:0s
Iteration 7 / LogL: -2014.891 / Time: 0h:0m:0s
Iteration 8 / LogL: -2014.891 / Time: 0h:0m:0s
Iteration 9 / LogL: -2014.891 / Time: 0h:0m:0s
Iteration 10 / LogL: -2014.891 / Time: 0h:0m:0s
Average CPU time for 1 NNI search: 0.010
Finish initializing candidate tree set. Number of distinct locally optimal trees: 9
Current best tree score: -2014.891 / CPU time: 0.224
--------------------------------------------------------------------
|               OPTIMIZING CANDIDATE TREE SET                      |
--------------------------------------------------------------------
Iteration 20 / LogL: -2286.110 / Time: 0h:0m:0s (0h:0m:1s left)
Iteration 30 / LogL: -2014.891 / Time: 0h:0m:0s (0h:0m:1s left)
Iteration 40 / LogL: -2014.891 / Time: 0h:0m:0s (0h:0m:1s left)
Iteration 50 / LogL: -2014.891 / Time: 0h:0m:0s (0h:0m:0s left)
Iteration 60 / LogL: -2070.352 / Time: 0h:0m:1s (0h:0m:0s left)
Iteration 70 / LogL: -2014.891 / Time: 0h:0m:1s (0h:0m:0s left)
Iteration 80 / LogL: -2025.901 / Time: 0h:0m:1s (0h:0m:0s left)
Iteration 90 / LogL: -2014.891 / Time: 0h:0m:1s (0h:0m:0s left)
Iteration 100 / LogL: -2014.891 / Time: 0h:0m:1s (0h:0m:0s left)
TREE SEARCH COMPLETED AFTER 101 ITERATIONS / Time: 0h:0m:1s

--------------------------------------------------------------------
|                    FINALIZING TREE SEARCH                        |
--------------------------------------------------------------------
Performs final model parameters optimization
Estimate model parameters (epsilon = 0.010)
1. Initial log-likelihood: -2014.890
Optimal log-likelihood: -2014.889
Rate parameters:  A-C: 0.748  A-G: 1.111  A-T: 1.073  C-G: 0.743  C-T: 1.104  G-T: 1.000
Base frequencies:   A: 0.200  C: 0.306  G: 0.236  T: 0.259
Gamma shape alpha: 5.018
Parameters optimization took 1 rounds (0.005 sec)
BEST SCORE FOUND : -2014.889

Testing tree branches by SH-like aLRT with 1000 replicates...
CPU Time used:  0.108 sec.
Total tree length: 1.193

Total number of iterations: 101
CPU time used for tree search: 1.772 sec (0h:0m:1s)
Wall-clock time used for tree search: 1.782 sec (0h:0m:1s)
Total CPU time used: 1.928 sec (0h:0m:1s)
Total wall-clock time used: 1.935 sec (0h:0m:1s)

Analysis results written to: 
  IQ-TREE report:                ../simulations/data_D1T2L3I5T4//S/644_pruned.fasta.iqtree
  Maximum-likelihood tree:       ../simulations/data_D1T2L3I5T4//S/644_pruned.fasta.treefile
  Likelihood distances:          ../simulations/data_D1T2L3I5T4//S/644_pruned.fasta.mldist
  Screen log file:               ../simulations/data_D1T2L3I5T4//S/644_pruned.fasta.log

Date and Time: Fri May 25 14:24:32 2018
