IQ-TREE version 1.4.2 for Linux 64-bit built Apr 15 2016
Copyright (c) 2011-2015 Nguyen Lam Tung, Olga Chernomor, Arndt von Haeseler and Bui Quang Minh.

Host:    meduse (AVX2, FMA3, 7 GB RAM)
Command: /home/tannier/programs/iqtree/iqtree-1.4.2-Linux/bin//iqtree -s ../simulations/data_D1T2L3I5T4//S/64_pruned.fasta -m GTR+G -alrt 1000 -redo
Seed:    442041 (Using SPRNG - Scalable Parallel Random Number Generator)
Time:    Fri May 25 14:20:53 2018
Kernel:  AVX

NOTE: Consider using the multicore version because your CPU has 4 cores!

Reading alignment file ../simulations/data_D1T2L3I5T4//S/64_pruned.fasta ... Fasta format detected
Alignment most likely contains DNA/RNA sequences
Alignment has 26 sequences with 300 columns and 179 patterns (145 informative sites)
          Gap/Ambiguity  Composition  p-value
   1  n236_237    0.00%    passed     89.73%
   2  n266_267    0.00%    passed     74.36%
   3  n298_301    0.00%    passed     96.44%
   4  n200_201    0.00%    passed     85.57%
   5  n255_256    0.00%    passed     95.74%
   6  n286_289    0.00%    passed     97.32%
   7  n280_283    0.00%    passed     94.82%
   8  n289_292    0.00%    passed     98.92%
   9  n287_290    0.00%    passed     99.30%
  10  n296_299    0.00%    passed     95.17%
  11  n292_295    0.00%    passed     95.58%
  12  n275_278    0.00%    passed     98.64%
  13  n299_302    0.00%    passed     97.73%
  14  n265_266    0.00%    passed     61.17%
  15  n295_298    0.00%    passed     95.17%
  16  n285_288    0.00%    passed     96.07%
  17  n290_293    0.00%    passed     99.61%
  18  n277_280    0.00%    passed     96.03%
  19  n297_300    0.00%    passed     96.44%
  20  n244_245    0.00%    passed     69.16%
  21  n251_252    0.00%    passed     93.13%
  22  n274_277    0.00%    passed     99.17%
  23  n300_303    0.00%    passed     95.58%
  24  n278_281    0.00%    passed     99.61%
  25  n294_297    0.00%    passed     96.44%
  26  n293_296    0.00%    passed     98.71%
****  TOTAL       0.00%  0 sequences failed composition chi2 test (p-value<5%; df=3)
NOTE: 3 identical sequences (see below) will be ignored for subsequent analysis
NOTE: n297_300 (identical to n298_301) is ignored but added at the end
NOTE: n295_298 (identical to n296_299) is ignored but added at the end
NOTE: n300_303 (identical to n292_295) is ignored but added at the end

Create initial parsimony tree by phylogenetic likelihood library (PLL)... 0.001 seconds

NOTE: 0 MB RAM is required!
Estimate model parameters (epsilon = 0.100)
1. Initial log-likelihood: -1992.533
2. Current log-likelihood: -1943.114
3. Current log-likelihood: -1942.441
Optimal log-likelihood: -1942.430
Rate parameters:  A-C: 0.807  A-G: 0.873  A-T: 1.126  C-G: 0.945  C-T: 1.104  G-T: 1.000
Base frequencies:   A: 0.269  C: 0.295  G: 0.223  T: 0.212
Gamma shape alpha: 37.372
Parameters optimization took 3 rounds (0.029 sec)
--------------------------------------------------------------------
|             INITIALIZING CANDIDATE TREE SET                      |
--------------------------------------------------------------------
Computing ML distances based on estimated model parameters... 0.004 sec
Computing BIONJ tree...
0.001 seconds
Log-likelihood of BIONJ tree: -1942.430
Generating 98 parsimony trees... 0.080 seconds 12 distinct starting trees
Computing log-likelihood of 12 initial trees ... 0.020 seconds
Optimizing top 12 initial trees with NNI...
Iteration 1 / LogL: -1942.430 / Time: 0h:0m:0s
Estimate model parameters (epsilon = 0.100)
BETTER SCORE FOUND at iteration 1: -1942.429
Iteration 2 / LogL: -1942.430 / Time: 0h:0m:0s
Iteration 3 / LogL: -1942.430 / Time: 0h:0m:0s
Iteration 4 / LogL: -1942.430 / Time: 0h:0m:0s
Iteration 5 / LogL: -1942.430 / Time: 0h:0m:0s
Iteration 6 / LogL: -1942.430 / Time: 0h:0m:0s
Iteration 7 / LogL: -1942.430 / Time: 0h:0m:0s
Iteration 8 / LogL: -1942.430 / Time: 0h:0m:0s
Iteration 9 / LogL: -1942.430 / Time: 0h:0m:0s
Iteration 10 / LogL: -1942.430 / Time: 0h:0m:0s
Iteration 11 / LogL: -1942.430 / Time: 0h:0m:0s
Iteration 12 / LogL: -1942.430 / Time: 0h:0m:0s
Average CPU time for 1 NNI search: 0.005
Finish initializing candidate tree set. Number of distinct locally optimal trees: 12
Current best tree score: -1942.429 / CPU time: 0.164
--------------------------------------------------------------------
|               OPTIMIZING CANDIDATE TREE SET                      |
--------------------------------------------------------------------
Iteration 20 / LogL: -1942.453 / Time: 0h:0m:0s (0h:0m:1s left)
Iteration 30 / LogL: -1942.443 / Time: 0h:0m:0s (0h:0m:1s left)
Iteration 40 / LogL: -1942.429 / Time: 0h:0m:0s (0h:0m:0s left)
Iteration 50 / LogL: -1942.430 / Time: 0h:0m:0s (0h:0m:0s left)
Iteration 60 / LogL: -1942.429 / Time: 0h:0m:0s (0h:0m:0s left)
Iteration 70 / LogL: -1942.433 / Time: 0h:0m:0s (0h:0m:0s left)
Iteration 80 / LogL: -1942.431 / Time: 0h:0m:1s (0h:0m:0s left)
Iteration 90 / LogL: -1942.562 / Time: 0h:0m:1s (0h:0m:0s left)
Iteration 100 / LogL: -1942.490 / Time: 0h:0m:1s (0h:0m:0s left)
TREE SEARCH COMPLETED AFTER 101 ITERATIONS / Time: 0h:0m:1s

--------------------------------------------------------------------
|                    FINALIZING TREE SEARCH                        |
--------------------------------------------------------------------
Performs final model parameters optimization
Estimate model parameters (epsilon = 0.010)
1. Initial log-likelihood: -1942.429
Optimal log-likelihood: -1942.429
Rate parameters:  A-C: 0.808  A-G: 0.872  A-T: 1.120  C-G: 0.943  C-T: 1.105  G-T: 1.000
Base frequencies:   A: 0.269  C: 0.295  G: 0.223  T: 0.212
Gamma shape alpha: 37.641
Parameters optimization took 1 rounds (0.004 sec)
BEST SCORE FOUND : -1942.429

Testing tree branches by SH-like aLRT with 1000 replicates...
CPU Time used:  0.104 sec.
Total tree length: 1.126

Total number of iterations: 101
CPU time used for tree search: 1.532 sec (0h:0m:1s)
Wall-clock time used for tree search: 1.529 sec (0h:0m:1s)
Total CPU time used: 1.684 sec (0h:0m:1s)
Total wall-clock time used: 1.685 sec (0h:0m:1s)

Analysis results written to: 
  IQ-TREE report:                ../simulations/data_D1T2L3I5T4//S/64_pruned.fasta.iqtree
  Maximum-likelihood tree:       ../simulations/data_D1T2L3I5T4//S/64_pruned.fasta.treefile
  Likelihood distances:          ../simulations/data_D1T2L3I5T4//S/64_pruned.fasta.mldist
  Screen log file:               ../simulations/data_D1T2L3I5T4//S/64_pruned.fasta.log

Date and Time: Fri May 25 14:20:55 2018
