IQ-TREE version 1.4.2 for Linux 64-bit built Apr 15 2016
Copyright (c) 2011-2015 Nguyen Lam Tung, Olga Chernomor, Arndt von Haeseler and Bui Quang Minh.

Host:    meduse (AVX2, FMA3, 7 GB RAM)
Command: /home/tannier/programs/iqtree/iqtree-1.4.2-Linux/bin//iqtree -s ../simulations/data_D1T2L3I5T4//S/656_pruned.fasta -m GTR+G -alrt 1000 -redo
Seed:    597013 (Using SPRNG - Scalable Parallel Random Number Generator)
Time:    Fri May 25 14:12:51 2018
Kernel:  AVX

NOTE: Consider using the multicore version because your CPU has 4 cores!

Reading alignment file ../simulations/data_D1T2L3I5T4//S/656_pruned.fasta ... Fasta format detected
Alignment most likely contains DNA/RNA sequences
Alignment has 24 sequences with 300 columns and 169 patterns (152 informative sites)
          Gap/Ambiguity  Composition  p-value
   1  n236_237    0.00%    passed     76.94%
   2  n287_282    0.00%    passed     93.97%
   3  n290_285    0.00%    passed     98.25%
   4  n265_262    0.00%    passed     99.09%
   5  n294_289    0.00%    passed     95.80%
   6  n275_272    0.00%    passed     92.66%
   7  n289_284    0.00%    passed     96.94%
   8  n200_201    0.00%    passed     87.51%
   9  n292_287    0.00%    passed     96.93%
  10  n295_290    0.00%    passed     98.75%
  11  n277_274    0.00%    passed     96.96%
  12  n298_293    0.00%    passed     84.97%
  13  n297_292    0.00%    passed     84.26%
  14  n274_271    0.00%    passed     98.10%
  15  n266_263    0.00%    passed     99.82%
  16  n293_288    0.00%    passed     91.46%
  17  n300_295    0.00%    passed     94.23%
  18  n280_277    0.00%    passed     94.56%
  19  n278_275    0.00%    passed     98.69%
  20  n244_245    0.00%    passed     99.13%
  21  n299_294    0.00%    passed     96.93%
  22  n255_252    0.00%    passed      8.71%
  23  n251_248    0.00%    passed     19.02%
  24  n296_291    0.00%    passed     95.88%
****  TOTAL       0.00%  0 sequences failed composition chi2 test (p-value<5%; df=3)

Create initial parsimony tree by phylogenetic likelihood library (PLL)... 0.001 seconds

NOTE: 0 MB RAM is required!
Estimate model parameters (epsilon = 0.100)
1. Initial log-likelihood: -1967.108
2. Current log-likelihood: -1934.659
3. Current log-likelihood: -1934.417
Optimal log-likelihood: -1934.385
Rate parameters:  A-C: 1.490  A-G: 1.277  A-T: 1.193  C-G: 1.723  C-T: 1.326  G-T: 1.000
Base frequencies:   A: 0.232  C: 0.262  G: 0.224  T: 0.282
Gamma shape alpha: 4.397
Parameters optimization took 3 rounds (0.027 sec)
--------------------------------------------------------------------
|             INITIALIZING CANDIDATE TREE SET                      |
--------------------------------------------------------------------
Computing ML distances based on estimated model parameters... 0.004 sec
Computing BIONJ tree...
0.001 seconds
Log-likelihood of BIONJ tree: -1934.385
Generating 98 parsimony trees... 0.101 seconds 37 distinct starting trees
Computing log-likelihood of 37 initial trees ... 0.072 seconds
Optimizing top 20 initial trees with NNI...
Iteration 1 / LogL: -1934.385 / Time: 0h:0m:0s
Estimate model parameters (epsilon = 0.100)
BETTER SCORE FOUND at iteration 1: -1934.333
Iteration 2 / LogL: -1934.335 / Time: 0h:0m:0s
Iteration 3 / LogL: -1934.335 / Time: 0h:0m:0s
Iteration 4 / LogL: -1934.335 / Time: 0h:0m:0s
Iteration 5 / LogL: -1934.335 / Time: 0h:0m:0s
Iteration 6 / LogL: -1934.335 / Time: 0h:0m:0s
Iteration 7 / LogL: -1934.335 / Time: 0h:0m:0s
Iteration 8 / LogL: -1934.335 / Time: 0h:0m:0s
Iteration 9 / LogL: -1934.335 / Time: 0h:0m:0s
Iteration 10 / LogL: -1934.335 / Time: 0h:0m:0s
Iteration 11 / LogL: -1934.335 / Time: 0h:0m:0s
Iteration 12 / LogL: -1934.335 / Time: 0h:0m:0s
Iteration 13 / LogL: -1934.335 / Time: 0h:0m:0s
Iteration 14 / LogL: -1934.335 / Time: 0h:0m:0s
Iteration 15 / LogL: -1934.335 / Time: 0h:0m:0s
Iteration 16 / LogL: -1934.335 / Time: 0h:0m:0s
Iteration 17 / LogL: -1934.335 / Time: 0h:0m:0s
Iteration 18 / LogL: -1934.335 / Time: 0h:0m:0s
Iteration 19 / LogL: -1934.335 / Time: 0h:0m:0s
Iteration 20 / LogL: -1934.335 / Time: 0h:0m:0s
Average CPU time for 1 NNI search: 0.005
Finish initializing candidate tree set. Number of distinct locally optimal trees: 20
Current best tree score: -1934.333 / CPU time: 0.276
--------------------------------------------------------------------
|               OPTIMIZING CANDIDATE TREE SET                      |
--------------------------------------------------------------------
Iteration 30 / LogL: -1934.335 / Time: 0h:0m:0s (0h:0m:1s left)
Iteration 40 / LogL: -1934.333 / Time: 0h:0m:0s (0h:0m:0s left)
Iteration 50 / LogL: -2408.507 / Time: 0h:0m:0s (0h:0m:0s left)
Iteration 60 / LogL: -1934.333 / Time: 0h:0m:0s (0h:0m:0s left)
Iteration 70 / LogL: -1934.335 / Time: 0h:0m:1s (0h:0m:0s left)
Iteration 80 / LogL: -1934.334 / Time: 0h:0m:1s (0h:0m:0s left)
Iteration 90 / LogL: -1934.335 / Time: 0h:0m:1s (0h:0m:0s left)
Iteration 100 / LogL: -1946.235 / Time: 0h:0m:1s (0h:0m:0s left)
TREE SEARCH COMPLETED AFTER 101 ITERATIONS / Time: 0h:0m:1s

--------------------------------------------------------------------
|                    FINALIZING TREE SEARCH                        |
--------------------------------------------------------------------
Performs final model parameters optimization
Estimate model parameters (epsilon = 0.010)
1. Initial log-likelihood: -1934.333
2. Current log-likelihood: -1934.314
3. Current log-likelihood: -1934.299
Optimal log-likelihood: -1934.294
Rate parameters:  A-C: 1.565  A-G: 1.341  A-T: 1.221  C-G: 1.816  C-T: 1.420  G-T: 1.000
Base frequencies:   A: 0.232  C: 0.262  G: 0.224  T: 0.282
Gamma shape alpha: 4.392
Parameters optimization took 3 rounds (0.012 sec)
BEST SCORE FOUND : -1934.294

Testing tree branches by SH-like aLRT with 1000 replicates...
CPU Time used:  0.108 sec.
Total tree length: 1.148

Total number of iterations: 101
CPU time used for tree search: 1.564 sec (0h:0m:1s)
Wall-clock time used for tree search: 1.566 sec (0h:0m:1s)
Total CPU time used: 1.728 sec (0h:0m:1s)
Total wall-clock time used: 1.731 sec (0h:0m:1s)

Analysis results written to: 
  IQ-TREE report:                ../simulations/data_D1T2L3I5T4//S/656_pruned.fasta.iqtree
  Maximum-likelihood tree:       ../simulations/data_D1T2L3I5T4//S/656_pruned.fasta.treefile
  Likelihood distances:          ../simulations/data_D1T2L3I5T4//S/656_pruned.fasta.mldist
  Screen log file:               ../simulations/data_D1T2L3I5T4//S/656_pruned.fasta.log

Date and Time: Fri May 25 14:12:53 2018
