IQ-TREE version 1.4.2 for Linux 64-bit built Apr 15 2016
Copyright (c) 2011-2015 Nguyen Lam Tung, Olga Chernomor, Arndt von Haeseler and Bui Quang Minh.

Host:    meduse (AVX2, FMA3, 7 GB RAM)
Command: /home/tannier/programs/iqtree/iqtree-1.4.2-Linux/bin//iqtree -s ../simulations/data_D1T2L3I5T4//S/668_pruned.fasta -m GTR+G -alrt 1000 -redo
Seed:    930828 (Using SPRNG - Scalable Parallel Random Number Generator)
Time:    Fri May 25 14:11:26 2018
Kernel:  AVX

NOTE: Consider using the multicore version because your CPU has 4 cores!

Reading alignment file ../simulations/data_D1T2L3I5T4//S/668_pruned.fasta ... Fasta format detected
Alignment most likely contains DNA/RNA sequences
Alignment has 26 sequences with 300 columns and 176 patterns (154 informative sites)
          Gap/Ambiguity  Composition  p-value
   1  n236_237    0.00%    passed     99.89%
   2  n266_267    0.00%    passed     99.06%
   3  n296_297    0.00%    passed     99.45%
   4  n277_278    0.00%    passed     99.11%
   5  n290_291    0.00%    passed     99.88%
   6  n255_256    0.00%    passed     58.70%
   7  n295_296    0.00%    passed     99.45%
   8  n286_287    0.00%    passed     70.61%
   9  n298_299    0.00%    passed     94.15%
  10  n299_300    0.00%    passed     87.03%
  11  n287_288    0.00%    passed     99.11%
  12  n278_279    0.00%    passed     88.17%
  13  n292_293    0.00%    passed     85.22%
  14  n265_266    0.00%    passed     94.17%
  15  n289_290    0.00%    passed     99.79%
  16  n293_294    0.00%    passed     97.05%
  17  n280_281    0.00%    passed     92.93%
  18  n274_275    0.00%    passed     82.72%
  19  n275_276    0.00%    passed     95.65%
  20  n285_286    0.00%    passed     82.06%
  21  n294_295    0.00%    passed     95.65%
  22  n297_298    0.00%    passed     90.82%
  23  n244_245    0.00%    passed     95.21%
  24  n251_252    0.00%    passed     70.97%
  25  n200_201    0.00%    passed     92.65%
  26  n300_301    0.00%    passed     87.10%
****  TOTAL       0.00%  0 sequences failed composition chi2 test (p-value<5%; df=3)
NOTE: 1 identical sequences (see below) will be ignored for subsequent analysis
NOTE: n294_295 (identical to n275_276) is ignored but added at the end

Create initial parsimony tree by phylogenetic likelihood library (PLL)... 0.001 seconds

NOTE: 0 MB RAM is required!
Estimate model parameters (epsilon = 0.100)
1. Initial log-likelihood: -2006.115
2. Current log-likelihood: -1967.055
3. Current log-likelihood: -1966.594
Optimal log-likelihood: -1966.567
Rate parameters:  A-C: 1.561  A-G: 1.516  A-T: 0.863  C-G: 0.938  C-T: 1.389  G-T: 1.000
Base frequencies:   A: 0.227  C: 0.250  G: 0.260  T: 0.263
Gamma shape alpha: 6.340
Parameters optimization took 3 rounds (0.023 sec)
--------------------------------------------------------------------
|             INITIALIZING CANDIDATE TREE SET                      |
--------------------------------------------------------------------
Computing ML distances based on estimated model parameters... 0.000 sec
Computing BIONJ tree...
0.001 seconds
Log-likelihood of BIONJ tree: -1966.343
Generating 98 parsimony trees... 0.117 seconds 80 distinct starting trees
Computing log-likelihood of 80 initial trees ... 0.162 seconds
Optimizing top 20 initial trees with NNI...
Iteration 1 / LogL: -1966.343 / Time: 0h:0m:0s
Estimate model parameters (epsilon = 0.100)
BETTER SCORE FOUND at iteration 1: -1966.318
Iteration 2 / LogL: -1966.318 / Time: 0h:0m:0s
Iteration 3 / LogL: -1966.318 / Time: 0h:0m:0s
Iteration 4 / LogL: -1966.318 / Time: 0h:0m:0s
Iteration 5 / LogL: -1966.318 / Time: 0h:0m:0s
Iteration 6 / LogL: -1966.318 / Time: 0h:0m:0s
Iteration 7 / LogL: -1966.318 / Time: 0h:0m:0s
Iteration 8 / LogL: -1966.318 / Time: 0h:0m:0s
Iteration 9 / LogL: -1966.318 / Time: 0h:0m:0s
Iteration 10 / LogL: -1966.318 / Time: 0h:0m:0s
Iteration 11 / LogL: -1966.318 / Time: 0h:0m:0s
Iteration 12 / LogL: -1966.318 / Time: 0h:0m:0s
Iteration 13 / LogL: -1966.318 / Time: 0h:0m:0s
Iteration 14 / LogL: -1966.318 / Time: 0h:0m:0s
Iteration 15 / LogL: -1966.318 / Time: 0h:0m:0s
Iteration 16 / LogL: -1966.318 / Time: 0h:0m:0s
Iteration 17 / LogL: -1966.318 / Time: 0h:0m:0s
Iteration 18 / LogL: -1966.318 / Time: 0h:0m:0s
Iteration 19 / LogL: -1966.318 / Time: 0h:0m:0s
Iteration 20 / LogL: -1966.318 / Time: 0h:0m:0s
Average CPU time for 1 NNI search: 0.009
Finish initializing candidate tree set. Number of distinct locally optimal trees: 20
Current best tree score: -1966.318 / CPU time: 0.452
--------------------------------------------------------------------
|               OPTIMIZING CANDIDATE TREE SET                      |
--------------------------------------------------------------------
Iteration 30 / LogL: -1966.318 / Time: 0h:0m:0s (0h:0m:1s left)
Iteration 40 / LogL: -2005.350 / Time: 0h:0m:0s (0h:0m:1s left)
Iteration 50 / LogL: -1966.318 / Time: 0h:0m:0s (0h:0m:0s left)
Iteration 60 / LogL: -1966.318 / Time: 0h:0m:1s (0h:0m:0s left)
Iteration 70 / LogL: -1966.320 / Time: 0h:0m:1s (0h:0m:0s left)
Iteration 80 / LogL: -1966.318 / Time: 0h:0m:1s (0h:0m:0s left)
Iteration 90 / LogL: -1966.318 / Time: 0h:0m:1s (0h:0m:0s left)
Iteration 100 / LogL: -2005.350 / Time: 0h:0m:1s (0h:0m:0s left)
TREE SEARCH COMPLETED AFTER 101 ITERATIONS / Time: 0h:0m:1s

--------------------------------------------------------------------
|                    FINALIZING TREE SEARCH                        |
--------------------------------------------------------------------
Performs final model parameters optimization
Estimate model parameters (epsilon = 0.010)
1. Initial log-likelihood: -1966.318
2. Current log-likelihood: -1966.305
Optimal log-likelihood: -1966.298
Rate parameters:  A-C: 1.525  A-G: 1.489  A-T: 0.861  C-G: 0.889  C-T: 1.358  G-T: 1.000
Base frequencies:   A: 0.227  C: 0.250  G: 0.260  T: 0.263
Gamma shape alpha: 6.383
Parameters optimization took 2 rounds (0.010 sec)
BEST SCORE FOUND : -1966.298

Testing tree branches by SH-like aLRT with 1000 replicates...
CPU Time used:  0.112 sec.
Total tree length: 1.164

Total number of iterations: 101
CPU time used for tree search: 1.732 sec (0h:0m:1s)
Wall-clock time used for tree search: 1.730 sec (0h:0m:1s)
Total CPU time used: 1.892 sec (0h:0m:1s)
Total wall-clock time used: 1.893 sec (0h:0m:1s)

Analysis results written to: 
  IQ-TREE report:                ../simulations/data_D1T2L3I5T4//S/668_pruned.fasta.iqtree
  Maximum-likelihood tree:       ../simulations/data_D1T2L3I5T4//S/668_pruned.fasta.treefile
  Likelihood distances:          ../simulations/data_D1T2L3I5T4//S/668_pruned.fasta.mldist
  Screen log file:               ../simulations/data_D1T2L3I5T4//S/668_pruned.fasta.log

Date and Time: Fri May 25 14:11:28 2018
