IQ-TREE version 1.4.2 for Linux 64-bit built Apr 15 2016
Copyright (c) 2011-2015 Nguyen Lam Tung, Olga Chernomor, Arndt von Haeseler and Bui Quang Minh.

Host:    meduse (AVX2, FMA3, 7 GB RAM)
Command: /home/tannier/programs/iqtree/iqtree-1.4.2-Linux/bin//iqtree -s ../simulations/data_D1T2L3I5T4//S/674_pruned.fasta -m GTR+G -alrt 1000 -redo
Seed:    217570 (Using SPRNG - Scalable Parallel Random Number Generator)
Time:    Fri May 25 14:13:46 2018
Kernel:  AVX

NOTE: Consider using the multicore version because your CPU has 4 cores!

Reading alignment file ../simulations/data_D1T2L3I5T4//S/674_pruned.fasta ... Fasta format detected
Alignment most likely contains DNA/RNA sequences
Alignment has 26 sequences with 300 columns and 187 patterns (162 informative sites)
          Gap/Ambiguity  Composition  p-value
   1  n236_237    0.00%    passed     95.33%
   2  n266_267    0.00%    passed     95.34%
   3  n296_297    0.00%    passed     97.76%
   4  n277_278    0.00%    passed     93.87%
   5  n290_291    0.00%    passed     99.00%
   6  n255_256    0.00%    passed     45.64%
   7  n295_296    0.00%    passed     98.95%
   8  n286_287    0.00%    passed     91.94%
   9  n298_299    0.00%    passed     94.56%
  10  n299_300    0.00%    passed     91.14%
  11  n287_288    0.00%    passed     99.00%
  12  n278_279    0.00%    passed     98.00%
  13  n292_293    0.00%    passed     91.14%
  14  n265_266    0.00%    passed     91.06%
  15  n289_290    0.00%    passed     99.09%
  16  n293_294    0.00%    passed     98.49%
  17  n280_281    0.00%    passed     94.79%
  18  n274_275    0.00%    passed     96.27%
  19  n275_276    0.00%    passed     96.62%
  20  n285_286    0.00%    passed     94.07%
  21  n294_295    0.00%    passed     97.65%
  22  n297_298    0.00%    passed     96.62%
  23  n244_245    0.00%    passed     86.92%
  24  n251_252    0.00%    passed     72.84%
  25  n200_201    0.00%    passed     90.49%
  26  n300_301    0.00%    passed     91.14%
****  TOTAL       0.00%  0 sequences failed composition chi2 test (p-value<5%; df=3)
NOTE: 3 identical sequences (see below) will be ignored for subsequent analysis
NOTE: n287_288 (identical to n290_291) is ignored but added at the end
NOTE: n292_293 (identical to n299_300) is ignored but added at the end
NOTE: n300_301 (identical to n299_300) is ignored but added at the end

Create initial parsimony tree by phylogenetic likelihood library (PLL)... 0.001 seconds

NOTE: 0 MB RAM is required!
Estimate model parameters (epsilon = 0.100)
1. Initial log-likelihood: -2100.339
2. Current log-likelihood: -2054.675
3. Current log-likelihood: -2053.964
Optimal log-likelihood: -2053.956
Rate parameters:  A-C: 0.630  A-G: 0.790  A-T: 0.807  C-G: 0.689  C-T: 0.967  G-T: 1.000
Base frequencies:   A: 0.269  C: 0.294  G: 0.231  T: 0.205
Gamma shape alpha: 21.822
Parameters optimization took 3 rounds (0.029 sec)
--------------------------------------------------------------------
|             INITIALIZING CANDIDATE TREE SET                      |
--------------------------------------------------------------------
Computing ML distances based on estimated model parameters... 0.000 sec
Computing BIONJ tree...
0.000 seconds
Log-likelihood of BIONJ tree: -2053.956
Generating 98 parsimony trees... 0.087 seconds 9 distinct starting trees
Computing log-likelihood of 9 initial trees ... 0.014 seconds
Optimizing top 9 initial trees with NNI...
Iteration 1 / LogL: -2053.956 / Time: 0h:0m:0s
Estimate model parameters (epsilon = 0.100)
BETTER SCORE FOUND at iteration 1: -2053.952
Iteration 2 / LogL: -2053.954 / Time: 0h:0m:0s
Iteration 3 / LogL: -2053.955 / Time: 0h:0m:0s
Iteration 4 / LogL: -2053.955 / Time: 0h:0m:0s
Iteration 5 / LogL: -2053.955 / Time: 0h:0m:0s
Iteration 6 / LogL: -2053.955 / Time: 0h:0m:0s
Iteration 7 / LogL: -2053.955 / Time: 0h:0m:0s
Iteration 8 / LogL: -2053.955 / Time: 0h:0m:0s
Iteration 9 / LogL: -2053.955 / Time: 0h:0m:0s
Average CPU time for 1 NNI search: 0.005
Finish initializing candidate tree set. Number of distinct locally optimal trees: 9
Current best tree score: -2053.952 / CPU time: 0.152
--------------------------------------------------------------------
|               OPTIMIZING CANDIDATE TREE SET                      |
--------------------------------------------------------------------
Iteration 10 / LogL: -2053.952 / Time: 0h:0m:0s
Iteration 20 / LogL: -2053.955 / Time: 0h:0m:0s (0h:0m:1s left)
Iteration 30 / LogL: -2053.953 / Time: 0h:0m:0s (0h:0m:1s left)
Iteration 40 / LogL: -2053.952 / Time: 0h:0m:0s (0h:0m:1s left)
Iteration 50 / LogL: -2053.963 / Time: 0h:0m:0s (0h:0m:0s left)
Iteration 60 / LogL: -2053.952 / Time: 0h:0m:0s (0h:0m:0s left)
Iteration 70 / LogL: -2053.952 / Time: 0h:0m:1s (0h:0m:0s left)
Iteration 80 / LogL: -2054.521 / Time: 0h:0m:1s (0h:0m:0s left)
Iteration 90 / LogL: -2053.952 / Time: 0h:0m:1s (0h:0m:0s left)
Iteration 100 / LogL: -2062.915 / Time: 0h:0m:1s (0h:0m:0s left)
TREE SEARCH COMPLETED AFTER 101 ITERATIONS / Time: 0h:0m:1s

--------------------------------------------------------------------
|                    FINALIZING TREE SEARCH                        |
--------------------------------------------------------------------
Performs final model parameters optimization
Estimate model parameters (epsilon = 0.010)
1. Initial log-likelihood: -2053.952
Optimal log-likelihood: -2053.950
Rate parameters:  A-C: 0.636  A-G: 0.795  A-T: 0.812  C-G: 0.693  C-T: 0.974  G-T: 1.000
Base frequencies:   A: 0.269  C: 0.294  G: 0.231  T: 0.205
Gamma shape alpha: 22.025
Parameters optimization took 1 rounds (0.005 sec)
BEST SCORE FOUND : -2053.950

Testing tree branches by SH-like aLRT with 1000 replicates...
CPU Time used:  0.100 sec.
Total tree length: 1.215

Total number of iterations: 101
CPU time used for tree search: 1.560 sec (0h:0m:1s)
Wall-clock time used for tree search: 1.557 sec (0h:0m:1s)
Total CPU time used: 1.708 sec (0h:0m:1s)
Total wall-clock time used: 1.709 sec (0h:0m:1s)

Analysis results written to: 
  IQ-TREE report:                ../simulations/data_D1T2L3I5T4//S/674_pruned.fasta.iqtree
  Maximum-likelihood tree:       ../simulations/data_D1T2L3I5T4//S/674_pruned.fasta.treefile
  Likelihood distances:          ../simulations/data_D1T2L3I5T4//S/674_pruned.fasta.mldist
  Screen log file:               ../simulations/data_D1T2L3I5T4//S/674_pruned.fasta.log

Date and Time: Fri May 25 14:13:47 2018
