IQ-TREE version 1.4.2 for Linux 64-bit built Apr 15 2016
Copyright (c) 2011-2015 Nguyen Lam Tung, Olga Chernomor, Arndt von Haeseler and Bui Quang Minh.

Host:    meduse (AVX2, FMA3, 7 GB RAM)
Command: /home/tannier/programs/iqtree/iqtree-1.4.2-Linux/bin//iqtree -s ../simulations/data_D1T2L3I5T4//S/678_pruned.fasta -m GTR+G -alrt 1000 -redo
Seed:    789018 (Using SPRNG - Scalable Parallel Random Number Generator)
Time:    Fri May 25 14:29:59 2018
Kernel:  AVX

NOTE: Consider using the multicore version because your CPU has 4 cores!

Reading alignment file ../simulations/data_D1T2L3I5T4//S/678_pruned.fasta ... Fasta format detected
Alignment most likely contains DNA/RNA sequences
Alignment has 26 sequences with 300 columns and 176 patterns (147 informative sites)
          Gap/Ambiguity  Composition  p-value
   1  n236_237    0.00%    passed     90.34%
   2  n266_267    0.00%    passed     80.72%
   3  n296_297    0.00%    passed     99.10%
   4  n277_278    0.00%    passed     61.62%
   5  n290_291    0.00%    passed     97.65%
   6  n255_256    0.00%    passed     73.23%
   7  n295_296    0.00%    passed     99.42%
   8  n286_287    0.00%    passed     73.48%
   9  n298_299    0.00%    passed     98.34%
  10  n299_300    0.00%    passed     93.69%
  11  n287_288    0.00%    passed     97.65%
  12  n278_279    0.00%    passed     79.56%
  13  n292_293    0.00%    passed     94.74%
  14  n265_266    0.00%    passed     95.52%
  15  n289_290    0.00%    passed     97.65%
  16  n293_294    0.00%    passed     92.48%
  17  n280_281    0.00%    passed     97.68%
  18  n274_275    0.00%    passed     96.53%
  19  n275_276    0.00%    passed     93.43%
  20  n285_286    0.00%    passed     71.01%
  21  n294_295    0.00%    passed     93.62%
  22  n297_298    0.00%    passed     99.98%
  23  n244_245    0.00%    passed     17.68%
  24  n251_252    0.00%    passed     58.90%
  25  n200_201    0.00%    passed     96.87%
  26  n300_301    0.00%    passed     93.69%
****  TOTAL       0.00%  0 sequences failed composition chi2 test (p-value<5%; df=3)
NOTE: 3 identical sequences (see below) will be ignored for subsequent analysis
NOTE: n287_288 (identical to n290_291) is ignored but added at the end
NOTE: n289_290 (identical to n290_291) is ignored but added at the end
NOTE: n300_301 (identical to n299_300) is ignored but added at the end

Create initial parsimony tree by phylogenetic likelihood library (PLL)... 0.001 seconds

NOTE: 0 MB RAM is required!
Estimate model parameters (epsilon = 0.100)
1. Initial log-likelihood: -2054.747
2. Current log-likelihood: -1997.890
3. Current log-likelihood: -1997.557
Optimal log-likelihood: -1997.557
Rate parameters:  A-C: 1.528  A-G: 1.265  A-T: 1.199  C-G: 1.322  C-T: 1.483  G-T: 1.000
Base frequencies:   A: 0.253  C: 0.253  G: 0.265  T: 0.229
Gamma shape alpha: 34.608
Parameters optimization took 3 rounds (0.018 sec)
--------------------------------------------------------------------
|             INITIALIZING CANDIDATE TREE SET                      |
--------------------------------------------------------------------
Computing ML distances based on estimated model parameters... 0.000 sec
Computing BIONJ tree...
0.000 seconds
Log-likelihood of BIONJ tree: -1997.557
Generating 99 parsimony trees... 0.082 seconds 3 distinct starting trees
Computing log-likelihood of 3 initial trees ... 0.004 seconds
Optimizing top 3 initial trees with NNI...
Iteration 1 / LogL: -1996.908 / Time: 0h:0m:0s
Estimate model parameters (epsilon = 0.100)
BETTER TREE FOUND at iteration 1: -1996.900
Iteration 2 / LogL: -1996.901 / Time: 0h:0m:0s
Iteration 3 / LogL: -1996.901 / Time: 0h:0m:0s
Average CPU time for 1 NNI search: 0.008
Finish initializing candidate tree set. Number of distinct locally optimal trees: 3
Current best tree score: -1996.900 / CPU time: 0.112
--------------------------------------------------------------------
|               OPTIMIZING CANDIDATE TREE SET                      |
--------------------------------------------------------------------
Iteration 10 / LogL: -1997.005 / Time: 0h:0m:0s
Iteration 20 / LogL: -1996.903 / Time: 0h:0m:0s (0h:0m:1s left)
Iteration 30 / LogL: -1996.902 / Time: 0h:0m:0s (0h:0m:1s left)
Iteration 40 / LogL: -1996.903 / Time: 0h:0m:0s (0h:0m:1s left)
Iteration 50 / LogL: -1997.001 / Time: 0h:0m:0s (0h:0m:0s left)
Iteration 60 / LogL: -1997.001 / Time: 0h:0m:0s (0h:0m:0s left)
Iteration 70 / LogL: -1996.901 / Time: 0h:0m:1s (0h:0m:0s left)
Iteration 80 / LogL: -1999.531 / Time: 0h:0m:1s (0h:0m:0s left)
Iteration 90 / LogL: -1999.533 / Time: 0h:0m:1s (0h:0m:0s left)
Iteration 100 / LogL: -1999.532 / Time: 0h:0m:1s (0h:0m:0s left)
TREE SEARCH COMPLETED AFTER 101 ITERATIONS / Time: 0h:0m:1s

--------------------------------------------------------------------
|                    FINALIZING TREE SEARCH                        |
--------------------------------------------------------------------
Performs final model parameters optimization
Estimate model parameters (epsilon = 0.010)
1. Initial log-likelihood: -1996.900
Optimal log-likelihood: -1996.900
Rate parameters:  A-C: 1.522  A-G: 1.267  A-T: 1.214  C-G: 1.318  C-T: 1.479  G-T: 1.000
Base frequencies:   A: 0.253  C: 0.253  G: 0.265  T: 0.229
Gamma shape alpha: 27.031
Parameters optimization took 1 rounds (0.005 sec)
BEST SCORE FOUND : -1996.900

Testing tree branches by SH-like aLRT with 1000 replicates...
CPU Time used:  0.096 sec.
Total tree length: 1.177

Total number of iterations: 101
CPU time used for tree search: 1.512 sec (0h:0m:1s)
Wall-clock time used for tree search: 1.514 sec (0h:0m:1s)
Total CPU time used: 1.644 sec (0h:0m:1s)
Total wall-clock time used: 1.652 sec (0h:0m:1s)

Analysis results written to: 
  IQ-TREE report:                ../simulations/data_D1T2L3I5T4//S/678_pruned.fasta.iqtree
  Maximum-likelihood tree:       ../simulations/data_D1T2L3I5T4//S/678_pruned.fasta.treefile
  Likelihood distances:          ../simulations/data_D1T2L3I5T4//S/678_pruned.fasta.mldist
  Screen log file:               ../simulations/data_D1T2L3I5T4//S/678_pruned.fasta.log

Date and Time: Fri May 25 14:30:01 2018
