IQ-TREE version 1.4.2 for Linux 64-bit built Apr 15 2016
Copyright (c) 2011-2015 Nguyen Lam Tung, Olga Chernomor, Arndt von Haeseler and Bui Quang Minh.

Host:    meduse (AVX2, FMA3, 7 GB RAM)
Command: /home/tannier/programs/iqtree/iqtree-1.4.2-Linux/bin//iqtree -s ../simulations/data_D1T2L3I5T4//S/684_pruned.fasta -m GTR+G -alrt 1000 -redo
Seed:    956594 (Using SPRNG - Scalable Parallel Random Number Generator)
Time:    Fri May 25 14:23:04 2018
Kernel:  AVX

NOTE: Consider using the multicore version because your CPU has 4 cores!

Reading alignment file ../simulations/data_D1T2L3I5T4//S/684_pruned.fasta ... Fasta format detected
Alignment most likely contains DNA/RNA sequences
Alignment has 26 sequences with 300 columns and 187 patterns (174 informative sites)
          Gap/Ambiguity  Composition  p-value
   1  n236_237    0.00%    passed     89.44%
   2  n266_267    0.00%    passed     62.70%
   3  n296_297    0.00%    passed     87.05%
   4  n290_291    0.00%    passed     85.46%
   5  n255_256    0.00%    passed     95.68%
   6  n295_296    0.00%    passed     87.05%
   7  n286_287    0.00%    passed     97.36%
   8  n298_299    0.00%    passed     85.67%
   9  n287_288    0.00%    passed     85.43%
  10  n278_279    0.00%    passed     97.77%
  11  n292_293    0.00%    passed     73.54%
  12  n299_302    0.00%    passed     82.68%
  13  n265_266    0.00%    passed     72.39%
  14  n200_300    0.00%    passed     98.77%
  15  n289_290    0.00%    passed     89.66%
  16  n293_294    0.00%    passed     90.82%
  17  n280_281    0.00%    passed     59.63%
  18  n274_275    0.00%    passed     59.81%
  19  n275_276    0.00%    passed     66.55%
  20  n285_286    0.00%    passed     98.72%
  21  n294_295    0.00%    passed     93.13%
  22  n297_298    0.00%    passed     85.67%
  23  n244_245    0.00%    passed     96.14%
  24  n251_252    0.00%    passed     95.96%
  25  n277_301    0.00%    passed     98.17%
  26  n300_303    0.00%    passed     82.68%
****  TOTAL       0.00%  0 sequences failed composition chi2 test (p-value<5%; df=3)
NOTE: 3 identical sequences (see below) will be ignored for subsequent analysis
NOTE: n295_296 (identical to n296_297) is ignored but added at the end
NOTE: n297_298 (identical to n298_299) is ignored but added at the end
NOTE: n300_303 (identical to n299_302) is ignored but added at the end

Create initial parsimony tree by phylogenetic likelihood library (PLL)... 0.001 seconds

NOTE: 0 MB RAM is required!
Estimate model parameters (epsilon = 0.100)
1. Initial log-likelihood: -2143.232
2. Current log-likelihood: -2097.621
3. Current log-likelihood: -2097.300
Optimal log-likelihood: -2097.215
Rate parameters:  A-C: 0.879  A-G: 1.178  A-T: 1.089  C-G: 0.937  C-T: 1.022  G-T: 1.000
Base frequencies:   A: 0.226  C: 0.297  G: 0.238  T: 0.239
Gamma shape alpha: 9.782
Parameters optimization took 3 rounds (0.021 sec)
--------------------------------------------------------------------
|             INITIALIZING CANDIDATE TREE SET                      |
--------------------------------------------------------------------
Computing ML distances based on estimated model parameters... 0.004 sec
Computing BIONJ tree...
0.001 seconds
Log-likelihood of BIONJ tree: -2097.214
Generating 98 parsimony trees... 0.081 seconds 33 distinct starting trees
Computing log-likelihood of 33 initial trees ... 0.067 seconds
Optimizing top 20 initial trees with NNI...
Iteration 1 / LogL: -2096.034 / Time: 0h:0m:0s
Estimate model parameters (epsilon = 0.100)
BETTER SCORE FOUND at iteration 1: -2095.981
Iteration 2 / LogL: -2095.982 / Time: 0h:0m:0s
Iteration 3 / LogL: -2095.982 / Time: 0h:0m:0s
Iteration 4 / LogL: -2095.982 / Time: 0h:0m:0s
Iteration 5 / LogL: -2095.982 / Time: 0h:0m:0s
Iteration 6 / LogL: -2095.982 / Time: 0h:0m:0s
Iteration 7 / LogL: -2095.982 / Time: 0h:0m:0s
Iteration 8 / LogL: -2095.982 / Time: 0h:0m:0s
Iteration 9 / LogL: -2095.982 / Time: 0h:0m:0s
Iteration 10 / LogL: -2095.982 / Time: 0h:0m:0s
Iteration 11 / LogL: -2095.982 / Time: 0h:0m:0s
Iteration 12 / LogL: -2095.982 / Time: 0h:0m:0s
Iteration 13 / LogL: -2095.982 / Time: 0h:0m:0s
Iteration 14 / LogL: -2095.982 / Time: 0h:0m:0s
Iteration 15 / LogL: -2095.982 / Time: 0h:0m:0s
Iteration 16 / LogL: -2095.982 / Time: 0h:0m:0s
Iteration 17 / LogL: -2095.981 / Time: 0h:0m:0s
Iteration 18 / LogL: -2095.981 / Time: 0h:0m:0s
Iteration 19 / LogL: -2095.981 / Time: 0h:0m:0s
Iteration 20 / LogL: -2095.981 / Time: 0h:0m:0s
Average CPU time for 1 NNI search: 0.005
Finish initializing candidate tree set. Number of distinct locally optimal trees: 18
Current best tree score: -2095.981 / CPU time: 0.256
--------------------------------------------------------------------
|               OPTIMIZING CANDIDATE TREE SET                      |
--------------------------------------------------------------------
Iteration 30 / LogL: -2095.990 / Time: 0h:0m:0s (0h:0m:1s left)
Iteration 40 / LogL: -2095.991 / Time: 0h:0m:0s (0h:0m:0s left)
Iteration 50 / LogL: -2095.981 / Time: 0h:0m:0s (0h:0m:0s left)
Iteration 60 / LogL: -2095.981 / Time: 0h:0m:0s (0h:0m:0s left)
Iteration 70 / LogL: -2096.123 / Time: 0h:0m:1s (0h:0m:0s left)
Iteration 80 / LogL: -2095.983 / Time: 0h:0m:1s (0h:0m:0s left)
Iteration 90 / LogL: -2095.981 / Time: 0h:0m:1s (0h:0m:0s left)
Iteration 100 / LogL: -2095.981 / Time: 0h:0m:1s (0h:0m:0s left)
TREE SEARCH COMPLETED AFTER 101 ITERATIONS / Time: 0h:0m:1s

--------------------------------------------------------------------
|                    FINALIZING TREE SEARCH                        |
--------------------------------------------------------------------
Performs final model parameters optimization
Estimate model parameters (epsilon = 0.010)
1. Initial log-likelihood: -2095.981
2. Current log-likelihood: -2095.942
3. Current log-likelihood: -2095.919
Optimal log-likelihood: -2095.914
Rate parameters:  A-C: 0.816  A-G: 1.089  A-T: 1.014  C-G: 0.858  C-T: 0.951  G-T: 1.000
Base frequencies:   A: 0.226  C: 0.297  G: 0.238  T: 0.239
Gamma shape alpha: 9.748
Parameters optimization took 3 rounds (0.014 sec)
BEST SCORE FOUND : -2095.914

Testing tree branches by SH-like aLRT with 1000 replicates...
CPU Time used:  0.108 sec.
Total tree length: 1.238

Total number of iterations: 101
CPU time used for tree search: 1.484 sec (0h:0m:1s)
Wall-clock time used for tree search: 1.488 sec (0h:0m:1s)
Total CPU time used: 1.644 sec (0h:0m:1s)
Total wall-clock time used: 1.647 sec (0h:0m:1s)

Analysis results written to: 
  IQ-TREE report:                ../simulations/data_D1T2L3I5T4//S/684_pruned.fasta.iqtree
  Maximum-likelihood tree:       ../simulations/data_D1T2L3I5T4//S/684_pruned.fasta.treefile
  Likelihood distances:          ../simulations/data_D1T2L3I5T4//S/684_pruned.fasta.mldist
  Screen log file:               ../simulations/data_D1T2L3I5T4//S/684_pruned.fasta.log

Date and Time: Fri May 25 14:23:06 2018
