IQ-TREE version 1.4.2 for Linux 64-bit built Apr 15 2016
Copyright (c) 2011-2015 Nguyen Lam Tung, Olga Chernomor, Arndt von Haeseler and Bui Quang Minh.

Host:    meduse (AVX2, FMA3, 7 GB RAM)
Command: /home/tannier/programs/iqtree/iqtree-1.4.2-Linux/bin//iqtree -s ../simulations/data_D1T2L3I5T4//S/685_pruned.fasta -m GTR+G -alrt 1000 -redo
Seed:    869137 (Using SPRNG - Scalable Parallel Random Number Generator)
Time:    Fri May 25 14:15:17 2018
Kernel:  AVX

NOTE: Consider using the multicore version because your CPU has 4 cores!

Reading alignment file ../simulations/data_D1T2L3I5T4//S/685_pruned.fasta ... Fasta format detected
Alignment most likely contains DNA/RNA sequences
Alignment has 26 sequences with 300 columns and 167 patterns (150 informative sites)
          Gap/Ambiguity  Composition  p-value
   1  n236_237    0.00%    passed     98.27%
   2  n266_267    0.00%    passed     93.14%
   3  n296_297    0.00%    passed     96.34%
   4  n277_278    0.00%    passed     78.17%
   5  n290_291    0.00%    passed     97.94%
   6  n255_256    0.00%    passed     67.53%
   7  n295_296    0.00%    passed     96.34%
   8  n286_287    0.00%    passed     93.98%
   9  n298_299    0.00%    passed     95.38%
  10  n299_300    0.00%    passed     94.26%
  11  n287_288    0.00%    passed     97.94%
  12  n278_279    0.00%    passed     71.04%
  13  n292_293    0.00%    passed     90.84%
  14  n265_266    0.00%    passed     95.96%
  15  n289_290    0.00%    passed     97.94%
  16  n293_294    0.00%    passed     92.38%
  17  n280_281    0.00%    passed     98.63%
  18  n274_275    0.00%    passed     99.05%
  19  n275_276    0.00%    passed     97.79%
  20  n285_286    0.00%    passed     93.98%
  21  n294_295    0.00%    passed     94.63%
  22  n297_298    0.00%    passed     95.38%
  23  n244_245    0.00%    passed     58.19%
  24  n251_252    0.00%    passed     82.88%
  25  n200_201    0.00%    passed     88.34%
  26  n300_301    0.00%    passed     94.26%
****  TOTAL       0.00%  0 sequences failed composition chi2 test (p-value<5%; df=3)
NOTE: 6 identical sequences (see below) will be ignored for subsequent analysis
NOTE: n295_296 (identical to n296_297) is ignored but added at the end
NOTE: n287_288 (identical to n290_291) is ignored but added at the end
NOTE: n289_290 (identical to n290_291) is ignored but added at the end
NOTE: n285_286 (identical to n286_287) is ignored but added at the end
NOTE: n297_298 (identical to n298_299) is ignored but added at the end
NOTE: n300_301 (identical to n299_300) is ignored but added at the end

Create initial parsimony tree by phylogenetic likelihood library (PLL)... 0.001 seconds

NOTE: 0 MB RAM is required!
Estimate model parameters (epsilon = 0.100)
1. Initial log-likelihood: -2010.680
2. Current log-likelihood: -1974.668
3. Current log-likelihood: -1974.463
Optimal log-likelihood: -1974.413
Rate parameters:  A-C: 0.884  A-G: 0.972  A-T: 0.826  C-G: 0.840  C-T: 0.904  G-T: 1.000
Base frequencies:   A: 0.252  C: 0.260  G: 0.235  T: 0.252
Gamma shape alpha: 3.104
Parameters optimization took 3 rounds (0.018 sec)
--------------------------------------------------------------------
|             INITIALIZING CANDIDATE TREE SET                      |
--------------------------------------------------------------------
Computing ML distances based on estimated model parameters... 0.004 sec
Computing BIONJ tree...
0.001 seconds
Log-likelihood of BIONJ tree: -1974.412
Generating 98 parsimony trees... 0.067 seconds 37 distinct starting trees
Computing log-likelihood of 37 initial trees ... 0.061 seconds
Optimizing top 20 initial trees with NNI...
Iteration 1 / LogL: -1974.412 / Time: 0h:0m:0s
Estimate model parameters (epsilon = 0.100)
BETTER SCORE FOUND at iteration 1: -1974.407
Iteration 2 / LogL: -1974.409 / Time: 0h:0m:0s
Iteration 3 / LogL: -1974.411 / Time: 0h:0m:0s
Iteration 4 / LogL: -1974.411 / Time: 0h:0m:0s
Iteration 5 / LogL: -1974.411 / Time: 0h:0m:0s
Iteration 6 / LogL: -1974.411 / Time: 0h:0m:0s
Iteration 7 / LogL: -1974.411 / Time: 0h:0m:0s
Iteration 8 / LogL: -1974.411 / Time: 0h:0m:0s
Iteration 9 / LogL: -1974.411 / Time: 0h:0m:0s
Iteration 10 / LogL: -1974.411 / Time: 0h:0m:0s
Iteration 11 / LogL: -1974.411 / Time: 0h:0m:0s
Iteration 12 / LogL: -1974.411 / Time: 0h:0m:0s
Iteration 13 / LogL: -1974.411 / Time: 0h:0m:0s
Iteration 14 / LogL: -1974.411 / Time: 0h:0m:0s
Iteration 15 / LogL: -1974.411 / Time: 0h:0m:0s
Iteration 16 / LogL: -1974.411 / Time: 0h:0m:0s
Iteration 17 / LogL: -1974.411 / Time: 0h:0m:0s
Iteration 18 / LogL: -1974.411 / Time: 0h:0m:0s
Iteration 19 / LogL: -1974.411 / Time: 0h:0m:0s
Iteration 20 / LogL: -1974.411 / Time: 0h:0m:0s
Average CPU time for 1 NNI search: 0.004
Finish initializing candidate tree set. Number of distinct locally optimal trees: 20
Current best tree score: -1974.407 / CPU time: 0.204
--------------------------------------------------------------------
|               OPTIMIZING CANDIDATE TREE SET                      |
--------------------------------------------------------------------
Iteration 30 / LogL: -1974.429 / Time: 0h:0m:0s (0h:0m:0s left)
Iteration 40 / LogL: -1974.604 / Time: 0h:0m:0s (0h:0m:0s left)
Iteration 50 / LogL: -1974.616 / Time: 0h:0m:0s (0h:0m:0s left)
Iteration 60 / LogL: -1974.440 / Time: 0h:0m:0s (0h:0m:0s left)
Iteration 70 / LogL: -1974.408 / Time: 0h:0m:0s (0h:0m:0s left)
Iteration 80 / LogL: -1974.411 / Time: 0h:0m:0s (0h:0m:0s left)
Iteration 90 / LogL: -1974.422 / Time: 0h:0m:1s (0h:0m:0s left)
Iteration 100 / LogL: -2059.791 / Time: 0h:0m:1s (0h:0m:0s left)
TREE SEARCH COMPLETED AFTER 101 ITERATIONS / Time: 0h:0m:1s

--------------------------------------------------------------------
|                    FINALIZING TREE SEARCH                        |
--------------------------------------------------------------------
Performs final model parameters optimization
Estimate model parameters (epsilon = 0.010)
1. Initial log-likelihood: -1974.407
Optimal log-likelihood: -1974.407
Rate parameters:  A-C: 0.875  A-G: 0.964  A-T: 0.829  C-G: 0.833  C-T: 0.896  G-T: 1.000
Base frequencies:   A: 0.252  C: 0.260  G: 0.235  T: 0.252
Gamma shape alpha: 3.104
Parameters optimization took 1 rounds (0.004 sec)
BEST SCORE FOUND : -1974.407

Testing tree branches by SH-like aLRT with 1000 replicates...
CPU Time used:  0.088 sec.
Total tree length: 1.203

Total number of iterations: 101
CPU time used for tree search: 1.108 sec (0h:0m:1s)
Wall-clock time used for tree search: 1.111 sec (0h:0m:1s)
Total CPU time used: 1.232 sec (0h:0m:1s)
Total wall-clock time used: 1.238 sec (0h:0m:1s)

Analysis results written to: 
  IQ-TREE report:                ../simulations/data_D1T2L3I5T4//S/685_pruned.fasta.iqtree
  Maximum-likelihood tree:       ../simulations/data_D1T2L3I5T4//S/685_pruned.fasta.treefile
  Likelihood distances:          ../simulations/data_D1T2L3I5T4//S/685_pruned.fasta.mldist
  Screen log file:               ../simulations/data_D1T2L3I5T4//S/685_pruned.fasta.log

Date and Time: Fri May 25 14:15:19 2018
