IQ-TREE version 1.4.2 for Linux 64-bit built Apr 15 2016
Copyright (c) 2011-2015 Nguyen Lam Tung, Olga Chernomor, Arndt von Haeseler and Bui Quang Minh.

Host:    meduse (AVX2, FMA3, 7 GB RAM)
Command: /home/tannier/programs/iqtree/iqtree-1.4.2-Linux/bin//iqtree -s ../simulations/data_D1T2L3I5T4//S/691_pruned.fasta -m GTR+G -alrt 1000 -redo
Seed:    369244 (Using SPRNG - Scalable Parallel Random Number Generator)
Time:    Fri May 25 14:12:30 2018
Kernel:  AVX

NOTE: Consider using the multicore version because your CPU has 4 cores!

Reading alignment file ../simulations/data_D1T2L3I5T4//S/691_pruned.fasta ... Fasta format detected
Alignment most likely contains DNA/RNA sequences
Alignment has 26 sequences with 300 columns and 171 patterns (156 informative sites)
          Gap/Ambiguity  Composition  p-value
   1  n298_301    0.00%    passed     89.03%
   2  n296_299    0.00%    passed     96.95%
   3  n251_254    0.00%    passed     99.95%
   4  n277_280    0.00%    passed     88.57%
   5  n286_289    0.00%    passed     31.51%
   6  n280_283    0.00%    passed     91.75%
   7  n289_292    0.00%    passed     87.51%
   8  n274_277    0.00%    passed     99.77%
   9  n287_290    0.00%    passed     87.51%
  10  n236_239    0.00%    passed     89.31%
  11  n200_203    0.00%    passed     94.14%
  12  n292_295    0.00%    passed     85.98%
  13  n275_278    0.00%    passed     92.76%
  14  n266_269    0.00%    passed     91.66%
  15  n255_258    0.00%    passed     91.48%
  16  n244_247    0.00%    passed     56.69%
  17  n285_288    0.00%    passed     42.33%
  18  n299_302    0.00%    passed     82.29%
  19  n290_293    0.00%    passed     87.51%
  20  n295_298    0.00%    passed     93.90%
  21  n294_297    0.00%    passed     94.05%
  22  n297_300    0.00%    passed     90.97%
  23  n265_268    0.00%    passed     90.36%
  24  n300_303    0.00%    passed     85.98%
  25  n278_281    0.00%    passed     84.50%
  26  n293_296    0.00%    passed     91.41%
****  TOTAL       0.00%  0 sequences failed composition chi2 test (p-value<5%; df=3)
NOTE: 3 identical sequences (see below) will be ignored for subsequent analysis
NOTE: n287_290 (identical to n289_292) is ignored but added at the end
NOTE: n290_293 (identical to n289_292) is ignored but added at the end
NOTE: n300_303 (identical to n292_295) is ignored but added at the end

Create initial parsimony tree by phylogenetic likelihood library (PLL)... 0.001 seconds

NOTE: 0 MB RAM is required!
Estimate model parameters (epsilon = 0.100)
1. Initial log-likelihood: -2016.529
2. Current log-likelihood: -1986.383
3. Current log-likelihood: -1986.145
Optimal log-likelihood: -1986.092
Rate parameters:  A-C: 1.771  A-G: 1.223  A-T: 1.081  C-G: 1.191  C-T: 1.586  G-T: 1.000
Base frequencies:   A: 0.235  C: 0.240  G: 0.281  T: 0.244
Gamma shape alpha: 4.620
Parameters optimization took 3 rounds (0.026 sec)
--------------------------------------------------------------------
|             INITIALIZING CANDIDATE TREE SET                      |
--------------------------------------------------------------------
Computing ML distances based on estimated model parameters... 0.004 sec
Computing BIONJ tree...
0.001 seconds
Log-likelihood of BIONJ tree: -1986.092
Generating 99 parsimony trees... 0.078 seconds 1 distinct starting trees
Computing log-likelihood of 1 initial trees ... 0.000 seconds
Optimizing top 1 initial trees with NNI...
Iteration 1 / LogL: -1986.093 / Time: 0h:0m:0s
Estimate model parameters (epsilon = 0.100)
BETTER SCORE FOUND at iteration 1: -1986.088
Average CPU time for 1 NNI search: 0.008
Finish initializing candidate tree set. Number of distinct locally optimal trees: 1
Current best tree score: -1986.088 / CPU time: 0.084
--------------------------------------------------------------------
|               OPTIMIZING CANDIDATE TREE SET                      |
--------------------------------------------------------------------
Iteration 10 / LogL: -1986.134 / Time: 0h:0m:0s
Iteration 20 / LogL: -1986.125 / Time: 0h:0m:0s (0h:0m:1s left)
Iteration 30 / LogL: -1986.119 / Time: 0h:0m:0s (0h:0m:1s left)
Iteration 40 / LogL: -1986.122 / Time: 0h:0m:0s (0h:0m:1s left)
Iteration 50 / LogL: -1986.102 / Time: 0h:0m:0s (0h:0m:0s left)
Iteration 60 / LogL: -1986.145 / Time: 0h:0m:1s (0h:0m:0s left)
Iteration 70 / LogL: -1986.323 / Time: 0h:0m:1s (0h:0m:0s left)
Iteration 80 / LogL: -1986.116 / Time: 0h:0m:1s (0h:0m:0s left)
Iteration 90 / LogL: -1986.090 / Time: 0h:0m:1s (0h:0m:0s left)
Iteration 100 / LogL: -1986.094 / Time: 0h:0m:1s (0h:0m:0s left)
TREE SEARCH COMPLETED AFTER 101 ITERATIONS / Time: 0h:0m:1s

--------------------------------------------------------------------
|                    FINALIZING TREE SEARCH                        |
--------------------------------------------------------------------
Performs final model parameters optimization
Estimate model parameters (epsilon = 0.010)
1. Initial log-likelihood: -1986.088
Optimal log-likelihood: -1986.078
Rate parameters:  A-C: 1.751  A-G: 1.209  A-T: 1.058  C-G: 1.181  C-T: 1.558  G-T: 1.000
Base frequencies:   A: 0.235  C: 0.240  G: 0.281  T: 0.244
Gamma shape alpha: 4.631
Parameters optimization took 1 rounds (0.005 sec)
BEST SCORE FOUND : -1986.078

Testing tree branches by SH-like aLRT with 1000 replicates...
CPU Time used:  0.096 sec.
Total tree length: 1.159

Total number of iterations: 101
CPU time used for tree search: 1.580 sec (0h:0m:1s)
Wall-clock time used for tree search: 1.579 sec (0h:0m:1s)
Total CPU time used: 1.724 sec (0h:0m:1s)
Total wall-clock time used: 1.725 sec (0h:0m:1s)

Analysis results written to: 
  IQ-TREE report:                ../simulations/data_D1T2L3I5T4//S/691_pruned.fasta.iqtree
  Maximum-likelihood tree:       ../simulations/data_D1T2L3I5T4//S/691_pruned.fasta.treefile
  Likelihood distances:          ../simulations/data_D1T2L3I5T4//S/691_pruned.fasta.mldist
  Screen log file:               ../simulations/data_D1T2L3I5T4//S/691_pruned.fasta.log

Date and Time: Fri May 25 14:12:32 2018
