IQ-TREE version 1.4.2 for Linux 64-bit built Apr 15 2016
Copyright (c) 2011-2015 Nguyen Lam Tung, Olga Chernomor, Arndt von Haeseler and Bui Quang Minh.

Host:    meduse (AVX2, FMA3, 7 GB RAM)
Command: /home/tannier/programs/iqtree/iqtree-1.4.2-Linux/bin//iqtree -s ../simulations/data_D1T2L3I5T4//S/69_pruned.fasta -m GTR+G -alrt 1000 -redo
Seed:    404745 (Using SPRNG - Scalable Parallel Random Number Generator)
Time:    Fri May 25 14:27:51 2018
Kernel:  AVX

NOTE: Consider using the multicore version because your CPU has 4 cores!

Reading alignment file ../simulations/data_D1T2L3I5T4//S/69_pruned.fasta ... Fasta format detected
Alignment most likely contains DNA/RNA sequences
Alignment has 26 sequences with 300 columns and 176 patterns (151 informative sites)
          Gap/Ambiguity  Composition  p-value
   1  n287_292    0.00%    passed     97.76%
   2  n277_282    0.00%    passed     98.96%
   3  n299_304    0.00%    passed     99.81%
   4  n292_297    0.00%    passed     99.84%
   5  n296_301    0.00%    passed     99.86%
   6  n255_260    0.00%    passed     65.12%
   7  n295_300    0.00%    passed     99.92%
   8  n285_290    0.00%    passed     97.12%
   9  n274_279    0.00%    passed     99.84%
  10  n265_270    0.00%    passed     98.36%
  11  n300_305    0.00%    passed     99.81%
  12  n293_298    0.00%    passed     97.44%
  13  n200_205    0.00%    passed     69.03%
  14  n290_295    0.00%    passed     98.62%
  15  n251_256    0.00%    passed     94.90%
  16  n236_241    0.00%    passed     88.38%
  17  n289_294    0.00%    passed     97.76%
  18  n294_299    0.00%    passed     97.93%
  19  n244_249    0.00%    passed     36.51%
  20  n278_283    0.00%    passed     99.63%
  21  n280_285    0.00%    passed     97.79%
  22  n298_303    0.00%    passed     97.54%
  23  n266_271    0.00%    passed     99.40%
  24  n297_302    0.00%    passed     97.54%
  25  n286_291    0.00%    passed     98.96%
  26  n275_280    0.00%    passed     97.44%
****  TOTAL       0.00%  0 sequences failed composition chi2 test (p-value<5%; df=3)
NOTE: 3 identical sequences (see below) will be ignored for subsequent analysis
NOTE: n289_294 (identical to n287_292) is ignored but added at the end
NOTE: n300_305 (identical to n299_304) is ignored but added at the end
NOTE: n297_302 (identical to n298_303) is ignored but added at the end

Create initial parsimony tree by phylogenetic likelihood library (PLL)... 0.001 seconds

NOTE: 0 MB RAM is required!
Estimate model parameters (epsilon = 0.100)
1. Initial log-likelihood: -2098.292
2. Current log-likelihood: -2069.011
3. Current log-likelihood: -2068.793
Optimal log-likelihood: -2068.791
Rate parameters:  A-C: 0.758  A-G: 0.991  A-T: 0.612  C-G: 0.906  C-T: 0.891  G-T: 1.000
Base frequencies:   A: 0.256  C: 0.267  G: 0.221  T: 0.256
Gamma shape alpha: 3.564
Parameters optimization took 3 rounds (0.021 sec)
--------------------------------------------------------------------
|             INITIALIZING CANDIDATE TREE SET                      |
--------------------------------------------------------------------
Computing ML distances based on estimated model parameters... 0.004 sec
Computing BIONJ tree...
0.000 seconds
Log-likelihood of BIONJ tree: -2069.347
Generating 98 parsimony trees... 0.088 seconds 10 distinct starting trees
Computing log-likelihood of 10 initial trees ... 0.016 seconds
Optimizing top 10 initial trees with NNI...
Iteration 1 / LogL: -2068.791 / Time: 0h:0m:0s
Estimate model parameters (epsilon = 0.100)
BETTER SCORE FOUND at iteration 1: -2068.790
Iteration 2 / LogL: -2068.791 / Time: 0h:0m:0s
Iteration 3 / LogL: -2068.791 / Time: 0h:0m:0s
Iteration 4 / LogL: -2068.791 / Time: 0h:0m:0s
Iteration 5 / LogL: -2068.791 / Time: 0h:0m:0s
Iteration 6 / LogL: -2068.791 / Time: 0h:0m:0s
Iteration 7 / LogL: -2068.791 / Time: 0h:0m:0s
Iteration 8 / LogL: -2068.791 / Time: 0h:0m:0s
Iteration 9 / LogL: -2068.791 / Time: 0h:0m:0s
Iteration 10 / LogL: -2068.791 / Time: 0h:0m:0s
Average CPU time for 1 NNI search: 0.005
Finish initializing candidate tree set. Number of distinct locally optimal trees: 10
Current best tree score: -2068.790 / CPU time: 0.152
--------------------------------------------------------------------
|               OPTIMIZING CANDIDATE TREE SET                      |
--------------------------------------------------------------------
Iteration 20 / LogL: -2068.791 / Time: 0h:0m:0s (0h:0m:1s left)
Iteration 30 / LogL: -2068.790 / Time: 0h:0m:0s (0h:0m:1s left)
Iteration 40 / LogL: -2068.791 / Time: 0h:0m:0s (0h:0m:1s left)
Iteration 50 / LogL: -2068.791 / Time: 0h:0m:0s (0h:0m:0s left)
Iteration 60 / LogL: -2068.790 / Time: 0h:0m:0s (0h:0m:0s left)
Iteration 70 / LogL: -2068.790 / Time: 0h:0m:1s (0h:0m:0s left)
Iteration 80 / LogL: -2068.790 / Time: 0h:0m:1s (0h:0m:0s left)
Iteration 90 / LogL: -2068.790 / Time: 0h:0m:1s (0h:0m:0s left)
Iteration 100 / LogL: -2068.790 / Time: 0h:0m:1s (0h:0m:0s left)
TREE SEARCH COMPLETED AFTER 101 ITERATIONS / Time: 0h:0m:1s

--------------------------------------------------------------------
|                    FINALIZING TREE SEARCH                        |
--------------------------------------------------------------------
Performs final model parameters optimization
Estimate model parameters (epsilon = 0.010)
1. Initial log-likelihood: -2068.790
Optimal log-likelihood: -2068.789
Rate parameters:  A-C: 0.760  A-G: 0.994  A-T: 0.615  C-G: 0.909  C-T: 0.893  G-T: 1.000
Base frequencies:   A: 0.256  C: 0.267  G: 0.221  T: 0.256
Gamma shape alpha: 3.564
Parameters optimization took 1 rounds (0.004 sec)
BEST SCORE FOUND : -2068.789

Testing tree branches by SH-like aLRT with 1000 replicates...
CPU Time used:  0.096 sec.
Total tree length: 1.247

Total number of iterations: 101
CPU time used for tree search: 1.580 sec (0h:0m:1s)
Wall-clock time used for tree search: 1.580 sec (0h:0m:1s)
Total CPU time used: 1.716 sec (0h:0m:1s)
Total wall-clock time used: 1.722 sec (0h:0m:1s)

Analysis results written to: 
  IQ-TREE report:                ../simulations/data_D1T2L3I5T4//S/69_pruned.fasta.iqtree
  Maximum-likelihood tree:       ../simulations/data_D1T2L3I5T4//S/69_pruned.fasta.treefile
  Likelihood distances:          ../simulations/data_D1T2L3I5T4//S/69_pruned.fasta.mldist
  Screen log file:               ../simulations/data_D1T2L3I5T4//S/69_pruned.fasta.log

Date and Time: Fri May 25 14:27:53 2018
