IQ-TREE version 1.4.2 for Linux 64-bit built Apr 15 2016
Copyright (c) 2011-2015 Nguyen Lam Tung, Olga Chernomor, Arndt von Haeseler and Bui Quang Minh.

Host:    meduse (AVX2, FMA3, 7 GB RAM)
Command: /home/tannier/programs/iqtree/iqtree-1.4.2-Linux/bin//iqtree -s ../simulations/data_D1T2L3I5T4//S/710_pruned.fasta -m GTR+G -alrt 1000 -redo
Seed:    463116 (Using SPRNG - Scalable Parallel Random Number Generator)
Time:    Fri May 25 14:29:37 2018
Kernel:  AVX

NOTE: Consider using the multicore version because your CPU has 4 cores!

Reading alignment file ../simulations/data_D1T2L3I5T4//S/710_pruned.fasta ... Fasta format detected
Alignment most likely contains DNA/RNA sequences
Alignment has 15 sequences with 300 columns and 145 patterns (139 informative sites)
          Gap/Ambiguity  Composition  p-value
   1  n274_253    0.00%    passed     99.63%
   2  n266_249    0.00%    passed     86.54%
   3  n265_248    0.00%    passed     78.80%
   4  n280_257    0.00%    passed     99.38%
   5  n286_261    0.00%    passed     97.77%
   6  n200_189    0.00%    passed     41.81%
   7  n292_263    0.00%    passed     98.75%
   8  n285_260    0.00%    passed     95.36%
   9  n255_240    0.00%    passed     92.52%
  10  n277_254    0.00%    passed     99.20%
  11  n299_264    0.00%    passed     99.38%
  12  n244_229    0.00%    passed     94.31%
  13  n251_236    0.00%    passed     96.56%
  14  n278_255    0.00%    passed     98.36%
  15  n300_265    0.00%    passed     99.38%
****  TOTAL       0.00%  0 sequences failed composition chi2 test (p-value<5%; df=3)
NOTE: 1 identical sequences (see below) will be ignored for subsequent analysis
NOTE: n300_265 (identical to n299_264) is ignored but added at the end

Create initial parsimony tree by phylogenetic likelihood library (PLL)... 0.000 seconds

NOTE: 0 MB RAM is required!
Estimate model parameters (epsilon = 0.100)
1. Initial log-likelihood: -1713.650
2. Current log-likelihood: -1684.335
3. Current log-likelihood: -1683.959
Optimal log-likelihood: -1683.953
Rate parameters:  A-C: 0.910  A-G: 1.312  A-T: 1.113  C-G: 1.065  C-T: 1.639  G-T: 1.000
Base frequencies:   A: 0.223  C: 0.272  G: 0.284  T: 0.221
Gamma shape alpha: 3.811
Parameters optimization took 3 rounds (0.011 sec)
--------------------------------------------------------------------
|             INITIALIZING CANDIDATE TREE SET                      |
--------------------------------------------------------------------
Computing ML distances based on estimated model parameters... 0.000 sec
Computing BIONJ tree...
0.000 seconds
Log-likelihood of BIONJ tree: -1683.953
Generating 98 parsimony trees... 0.043 seconds 14 distinct starting trees
Computing log-likelihood of 14 initial trees ... 0.021 seconds
Optimizing top 14 initial trees with NNI...
Iteration 1 / LogL: -1683.953 / Time: 0h:0m:0s
Estimate model parameters (epsilon = 0.100)
BETTER SCORE FOUND at iteration 1: -1683.952
Iteration 2 / LogL: -1683.953 / Time: 0h:0m:0s
Iteration 3 / LogL: -1683.953 / Time: 0h:0m:0s
Iteration 4 / LogL: -1683.953 / Time: 0h:0m:0s
Iteration 5 / LogL: -1683.953 / Time: 0h:0m:0s
Iteration 6 / LogL: -1683.953 / Time: 0h:0m:0s
Iteration 7 / LogL: -1683.953 / Time: 0h:0m:0s
Iteration 8 / LogL: -1683.953 / Time: 0h:0m:0s
Iteration 9 / LogL: -1683.953 / Time: 0h:0m:0s
Iteration 10 / LogL: -1683.953 / Time: 0h:0m:0s
Iteration 11 / LogL: -1683.953 / Time: 0h:0m:0s
Iteration 12 / LogL: -1683.953 / Time: 0h:0m:0s
Iteration 13 / LogL: -1683.953 / Time: 0h:0m:0s
Iteration 14 / LogL: -1683.953 / Time: 0h:0m:0s
Average CPU time for 1 NNI search: 0.003
Finish initializing candidate tree set. Number of distinct locally optimal trees: 14
Current best tree score: -1683.952 / CPU time: 0.104
--------------------------------------------------------------------
|               OPTIMIZING CANDIDATE TREE SET                      |
--------------------------------------------------------------------
Iteration 20 / LogL: -1683.980 / Time: 0h:0m:0s (0h:0m:0s left)
Iteration 30 / LogL: -1684.088 / Time: 0h:0m:0s (0h:0m:0s left)
Iteration 40 / LogL: -1684.126 / Time: 0h:0m:0s (0h:0m:0s left)
Iteration 50 / LogL: -1683.984 / Time: 0h:0m:0s (0h:0m:0s left)
Iteration 60 / LogL: -1683.980 / Time: 0h:0m:0s (0h:0m:0s left)
Iteration 70 / LogL: -1683.976 / Time: 0h:0m:0s (0h:0m:0s left)
Iteration 80 / LogL: -1753.056 / Time: 0h:0m:0s (0h:0m:0s left)
Iteration 90 / LogL: -1683.964 / Time: 0h:0m:0s (0h:0m:0s left)
Iteration 100 / LogL: -1683.959 / Time: 0h:0m:0s (0h:0m:0s left)
TREE SEARCH COMPLETED AFTER 101 ITERATIONS / Time: 0h:0m:0s

--------------------------------------------------------------------
|                    FINALIZING TREE SEARCH                        |
--------------------------------------------------------------------
Performs final model parameters optimization
Estimate model parameters (epsilon = 0.010)
1. Initial log-likelihood: -1683.952
Optimal log-likelihood: -1683.952
Rate parameters:  A-C: 0.908  A-G: 1.313  A-T: 1.114  C-G: 1.065  C-T: 1.635  G-T: 1.000
Base frequencies:   A: 0.223  C: 0.272  G: 0.284  T: 0.221
Gamma shape alpha: 3.818
Parameters optimization took 1 rounds (0.002 sec)
BEST SCORE FOUND : -1683.952

Testing tree branches by SH-like aLRT with 1000 replicates...
CPU Time used:  0.056 sec.
Total tree length: 1.065

Total number of iterations: 101
CPU time used for tree search: 0.652 sec (0h:0m:0s)
Wall-clock time used for tree search: 0.654 sec (0h:0m:0s)
Total CPU time used: 0.736 sec (0h:0m:0s)
Total wall-clock time used: 0.738 sec (0h:0m:0s)

Analysis results written to: 
  IQ-TREE report:                ../simulations/data_D1T2L3I5T4//S/710_pruned.fasta.iqtree
  Maximum-likelihood tree:       ../simulations/data_D1T2L3I5T4//S/710_pruned.fasta.treefile
  Likelihood distances:          ../simulations/data_D1T2L3I5T4//S/710_pruned.fasta.mldist
  Screen log file:               ../simulations/data_D1T2L3I5T4//S/710_pruned.fasta.log

Date and Time: Fri May 25 14:29:38 2018
