IQ-TREE version 1.4.2 for Linux 64-bit built Apr 15 2016
Copyright (c) 2011-2015 Nguyen Lam Tung, Olga Chernomor, Arndt von Haeseler and Bui Quang Minh.

Host:    meduse (AVX2, FMA3, 7 GB RAM)
Command: /home/tannier/programs/iqtree/iqtree-1.4.2-Linux/bin//iqtree -s ../simulations/data_D1T2L3I5T4//S/713_pruned.fasta -m GTR+G -alrt 1000 -redo
Seed:    336689 (Using SPRNG - Scalable Parallel Random Number Generator)
Time:    Fri May 25 14:29:17 2018
Kernel:  AVX

NOTE: Consider using the multicore version because your CPU has 4 cores!

Reading alignment file ../simulations/data_D1T2L3I5T4//S/713_pruned.fasta ... Fasta format detected
Alignment most likely contains DNA/RNA sequences
Alignment has 26 sequences with 300 columns and 180 patterns (169 informative sites)
          Gap/Ambiguity  Composition  p-value
   1  n236_237    0.00%    passed     85.68%
   2  n266_267    0.00%    passed     96.69%
   3  n296_297    0.00%    passed     97.27%
   4  n277_278    0.00%    passed     91.10%
   5  n290_291    0.00%    passed     99.06%
   6  n255_256    0.00%    passed     58.59%
   7  n295_296    0.00%    passed     98.24%
   8  n286_287    0.00%    passed     97.85%
   9  n298_299    0.00%    passed     97.44%
  10  n299_300    0.00%    passed     95.14%
  11  n287_288    0.00%    passed     99.24%
  12  n278_279    0.00%    passed     82.00%
  13  n292_293    0.00%    passed     97.37%
  14  n265_266    0.00%    passed     95.28%
  15  n289_290    0.00%    passed     97.46%
  16  n293_294    0.00%    passed     99.86%
  17  n280_281    0.00%    passed     95.54%
  18  n274_275    0.00%    passed     95.64%
  19  n275_276    0.00%    passed     99.06%
  20  n285_286    0.00%    passed     85.09%
  21  n294_295    0.00%    passed     97.66%
  22  n297_298    0.00%    passed     98.75%
  23  n244_245    0.00%    passed     78.31%
  24  n251_252    0.00%    passed     80.40%
  25  n200_201    0.00%    passed     54.16%
  26  n300_301    0.00%    passed     95.14%
****  TOTAL       0.00%  0 sequences failed composition chi2 test (p-value<5%; df=3)
NOTE: 1 identical sequences (see below) will be ignored for subsequent analysis
NOTE: n300_301 (identical to n299_300) is ignored but added at the end

Create initial parsimony tree by phylogenetic likelihood library (PLL)... 0.001 seconds

NOTE: 0 MB RAM is required!
Estimate model parameters (epsilon = 0.100)
1. Initial log-likelihood: -2108.506
2. Current log-likelihood: -2061.569
3. Current log-likelihood: -2060.887
Optimal log-likelihood: -2060.853
Rate parameters:  A-C: 1.224  A-G: 1.210  A-T: 0.982  C-G: 0.970  C-T: 1.173  G-T: 1.000
Base frequencies:   A: 0.241  C: 0.246  G: 0.243  T: 0.271
Gamma shape alpha: 998.109
Parameters optimization took 3 rounds (0.024 sec)
--------------------------------------------------------------------
|             INITIALIZING CANDIDATE TREE SET                      |
--------------------------------------------------------------------
Computing ML distances based on estimated model parameters... 0.000 sec
Computing BIONJ tree...
0.001 seconds
Log-likelihood of BIONJ tree: -2060.853
Generating 98 parsimony trees... 0.102 seconds 54 distinct starting trees
Computing log-likelihood of 54 initial trees ... 0.112 seconds
Optimizing top 20 initial trees with NNI...
Iteration 1 / LogL: -2060.853 / Time: 0h:0m:0s
Estimate model parameters (epsilon = 0.100)
BETTER SCORE FOUND at iteration 1: -2060.809
Iteration 2 / LogL: -2060.811 / Time: 0h:0m:0s
Iteration 3 / LogL: -2060.813 / Time: 0h:0m:0s
Iteration 4 / LogL: -2060.813 / Time: 0h:0m:0s
Iteration 5 / LogL: -2060.813 / Time: 0h:0m:0s
Iteration 6 / LogL: -2060.813 / Time: 0h:0m:0s
Iteration 7 / LogL: -2060.813 / Time: 0h:0m:0s
Iteration 8 / LogL: -2060.813 / Time: 0h:0m:0s
Iteration 9 / LogL: -2060.813 / Time: 0h:0m:0s
Iteration 10 / LogL: -2060.813 / Time: 0h:0m:0s
Iteration 11 / LogL: -2060.813 / Time: 0h:0m:0s
Iteration 12 / LogL: -2060.813 / Time: 0h:0m:0s
Iteration 13 / LogL: -2060.813 / Time: 0h:0m:0s
Iteration 14 / LogL: -2060.813 / Time: 0h:0m:0s
Iteration 15 / LogL: -2060.813 / Time: 0h:0m:0s
Iteration 16 / LogL: -2060.813 / Time: 0h:0m:0s
Iteration 17 / LogL: -2060.813 / Time: 0h:0m:0s
Iteration 18 / LogL: -2060.813 / Time: 0h:0m:0s
Iteration 19 / LogL: -2060.813 / Time: 0h:0m:0s
Iteration 20 / LogL: -2060.813 / Time: 0h:0m:0s
Average CPU time for 1 NNI search: 0.006
Finish initializing candidate tree set. Number of distinct locally optimal trees: 20
Current best tree score: -2060.809 / CPU time: 0.336
--------------------------------------------------------------------
|               OPTIMIZING CANDIDATE TREE SET                      |
--------------------------------------------------------------------
Iteration 30 / LogL: -2060.810 / Time: 0h:0m:0s (0h:0m:1s left)
Iteration 40 / LogL: -2060.814 / Time: 0h:0m:0s (0h:0m:1s left)
Iteration 50 / LogL: -2146.562 / Time: 0h:0m:0s (0h:0m:0s left)
Iteration 60 / LogL: -2068.029 / Time: 0h:0m:1s (0h:0m:0s left)
Iteration 70 / LogL: -2060.809 / Time: 0h:0m:1s (0h:0m:0s left)
Iteration 80 / LogL: -2067.934 / Time: 0h:0m:1s (0h:0m:0s left)
Iteration 90 / LogL: -2060.819 / Time: 0h:0m:1s (0h:0m:0s left)
Iteration 100 / LogL: -2060.906 / Time: 0h:0m:1s (0h:0m:0s left)
TREE SEARCH COMPLETED AFTER 101 ITERATIONS / Time: 0h:0m:1s

--------------------------------------------------------------------
|                    FINALIZING TREE SEARCH                        |
--------------------------------------------------------------------
Performs final model parameters optimization
Estimate model parameters (epsilon = 0.010)
1. Initial log-likelihood: -2060.809
Optimal log-likelihood: -2060.801
Rate parameters:  A-C: 1.217  A-G: 1.180  A-T: 0.936  C-G: 0.971  C-T: 1.148  G-T: 1.000
Base frequencies:   A: 0.241  C: 0.246  G: 0.243  T: 0.271
Gamma shape alpha: 998.109
Parameters optimization took 1 rounds (0.005 sec)
BEST SCORE FOUND : -2060.801

Testing tree branches by SH-like aLRT with 1000 replicates...
CPU Time used:  0.112 sec.
Total tree length: 1.204

Total number of iterations: 101
CPU time used for tree search: 1.696 sec (0h:0m:1s)
Wall-clock time used for tree search: 1.697 sec (0h:0m:1s)
Total CPU time used: 1.852 sec (0h:0m:1s)
Total wall-clock time used: 1.855 sec (0h:0m:1s)

Analysis results written to: 
  IQ-TREE report:                ../simulations/data_D1T2L3I5T4//S/713_pruned.fasta.iqtree
  Maximum-likelihood tree:       ../simulations/data_D1T2L3I5T4//S/713_pruned.fasta.treefile
  Likelihood distances:          ../simulations/data_D1T2L3I5T4//S/713_pruned.fasta.mldist
  Screen log file:               ../simulations/data_D1T2L3I5T4//S/713_pruned.fasta.log

Date and Time: Fri May 25 14:29:19 2018
