IQ-TREE version 1.4.2 for Linux 64-bit built Apr 15 2016
Copyright (c) 2011-2015 Nguyen Lam Tung, Olga Chernomor, Arndt von Haeseler and Bui Quang Minh.

Host:    meduse (AVX2, FMA3, 7 GB RAM)
Command: /home/tannier/programs/iqtree/iqtree-1.4.2-Linux/bin//iqtree -s ../simulations/data_D1T2L3I5T4//S/719_pruned.fasta -m GTR+G -alrt 1000 -redo
Seed:    224033 (Using SPRNG - Scalable Parallel Random Number Generator)
Time:    Fri May 25 14:09:10 2018
Kernel:  AVX

NOTE: Consider using the multicore version because your CPU has 4 cores!

Reading alignment file ../simulations/data_D1T2L3I5T4//S/719_pruned.fasta ... Fasta format detected
Alignment most likely contains DNA/RNA sequences
Alignment has 26 sequences with 300 columns and 193 patterns (168 informative sites)
          Gap/Ambiguity  Composition  p-value
   1  n236_237    0.00%    passed     86.30%
   2  n266_267    0.00%    passed     82.58%
   3  n296_297    0.00%    passed     97.31%
   4  n277_278    0.00%    passed     88.39%
   5  n290_291    0.00%    passed     98.80%
   6  n255_256    0.00%    passed     91.68%
   7  n295_296    0.00%    passed     96.61%
   8  n286_287    0.00%    passed     85.46%
   9  n298_299    0.00%    passed     98.40%
  10  n299_300    0.00%    passed     99.47%
  11  n287_288    0.00%    passed     94.70%
  12  n278_279    0.00%    passed     96.23%
  13  n292_293    0.00%    passed     98.48%
  14  n265_266    0.00%    passed     67.53%
  15  n289_290    0.00%    passed     99.09%
  16  n293_294    0.00%    passed     98.73%
  17  n280_281    0.00%    passed     99.70%
  18  n274_275    0.00%    passed     99.11%
  19  n275_276    0.00%    passed     97.00%
  20  n285_286    0.00%    passed     92.22%
  21  n294_295    0.00%    passed     98.73%
  22  n297_298    0.00%    passed     98.90%
  23  n244_245    0.00%    passed     65.85%
  24  n251_252    0.00%    passed     79.72%
  25  n200_201    0.00%    passed     57.31%
  26  n300_301    0.00%    passed     99.47%
****  TOTAL       0.00%  0 sequences failed composition chi2 test (p-value<5%; df=3)
NOTE: 2 identical sequences (see below) will be ignored for subsequent analysis
NOTE: n300_301 (identical to n299_300) is ignored but added at the end
NOTE: n294_295 (identical to n293_294) is ignored but added at the end

Create initial parsimony tree by phylogenetic likelihood library (PLL)... 0.001 seconds

NOTE: 0 MB RAM is required!
Estimate model parameters (epsilon = 0.100)
1. Initial log-likelihood: -2121.731
2. Current log-likelihood: -2065.605
3. Current log-likelihood: -2064.703
4. Current log-likelihood: -2064.467
Optimal log-likelihood: -2064.439
Rate parameters:  A-C: 1.100  A-G: 1.090  A-T: 0.774  C-G: 0.888  C-T: 1.182  G-T: 1.000
Base frequencies:   A: 0.225  C: 0.263  G: 0.270  T: 0.242
Gamma shape alpha: 998.418
Parameters optimization took 4 rounds (0.033 sec)
--------------------------------------------------------------------
|             INITIALIZING CANDIDATE TREE SET                      |
--------------------------------------------------------------------
Computing ML distances based on estimated model parameters... 0.000 sec
Computing BIONJ tree...
0.000 seconds
Log-likelihood of BIONJ tree: -2067.488
Generating 98 parsimony trees... 0.106 seconds 37 distinct starting trees
Computing log-likelihood of 37 initial trees ... 0.078 seconds
Optimizing top 20 initial trees with NNI...
Iteration 1 / LogL: -2064.440 / Time: 0h:0m:0s
Estimate model parameters (epsilon = 0.100)
BETTER SCORE FOUND at iteration 1: -2064.438
Iteration 2 / LogL: -2064.441 / Time: 0h:0m:0s
Iteration 3 / LogL: -2064.441 / Time: 0h:0m:0s
Iteration 4 / LogL: -2064.441 / Time: 0h:0m:0s
Iteration 5 / LogL: -2064.441 / Time: 0h:0m:0s
Iteration 6 / LogL: -2064.441 / Time: 0h:0m:0s
Iteration 7 / LogL: -2064.441 / Time: 0h:0m:0s
Iteration 8 / LogL: -2064.441 / Time: 0h:0m:0s
Iteration 9 / LogL: -2064.441 / Time: 0h:0m:0s
Iteration 10 / LogL: -2064.441 / Time: 0h:0m:0s
Iteration 11 / LogL: -2064.441 / Time: 0h:0m:0s
Iteration 12 / LogL: -2064.441 / Time: 0h:0m:0s
Iteration 13 / LogL: -2064.441 / Time: 0h:0m:0s
Iteration 14 / LogL: -2064.441 / Time: 0h:0m:0s
Iteration 15 / LogL: -2064.441 / Time: 0h:0m:0s
Iteration 16 / LogL: -2064.441 / Time: 0h:0m:0s
Iteration 17 / LogL: -2064.441 / Time: 0h:0m:0s
Iteration 18 / LogL: -2064.441 / Time: 0h:0m:0s
Iteration 19 / LogL: -2064.441 / Time: 0h:0m:0s
Iteration 20 / LogL: -2064.441 / Time: 0h:0m:0s
Average CPU time for 1 NNI search: 0.006
Finish initializing candidate tree set. Number of distinct locally optimal trees: 20
Current best tree score: -2064.438 / CPU time: 0.296
--------------------------------------------------------------------
|               OPTIMIZING CANDIDATE TREE SET                      |
--------------------------------------------------------------------
Iteration 30 / LogL: -2064.448 / Time: 0h:0m:0s (0h:0m:1s left)
Iteration 40 / LogL: -2064.438 / Time: 0h:0m:0s (0h:0m:1s left)
Iteration 50 / LogL: -2064.440 / Time: 0h:0m:0s (0h:0m:0s left)
Iteration 60 / LogL: -2067.098 / Time: 0h:0m:1s (0h:0m:0s left)
Iteration 70 / LogL: -2064.463 / Time: 0h:0m:1s (0h:0m:0s left)
Iteration 80 / LogL: -2064.438 / Time: 0h:0m:1s (0h:0m:0s left)
Iteration 90 / LogL: -2064.446 / Time: 0h:0m:1s (0h:0m:0s left)
Iteration 100 / LogL: -2064.629 / Time: 0h:0m:1s (0h:0m:0s left)
TREE SEARCH COMPLETED AFTER 101 ITERATIONS / Time: 0h:0m:1s

--------------------------------------------------------------------
|                    FINALIZING TREE SEARCH                        |
--------------------------------------------------------------------
Performs final model parameters optimization
Estimate model parameters (epsilon = 0.010)
1. Initial log-likelihood: -2064.438
Optimal log-likelihood: -2064.428
Rate parameters:  A-C: 1.118  A-G: 1.113  A-T: 0.785  C-G: 0.901  C-T: 1.207  G-T: 1.000
Base frequencies:   A: 0.225  C: 0.263  G: 0.270  T: 0.242
Gamma shape alpha: 998.418
Parameters optimization took 1 rounds (0.006 sec)
BEST SCORE FOUND : -2064.428

Testing tree branches by SH-like aLRT with 1000 replicates...
CPU Time used:  0.104 sec.
Total tree length: 1.235

Total number of iterations: 101
CPU time used for tree search: 1.608 sec (0h:0m:1s)
Wall-clock time used for tree search: 1.608 sec (0h:0m:1s)
Total CPU time used: 1.768 sec (0h:0m:1s)
Total wall-clock time used: 1.769 sec (0h:0m:1s)

Analysis results written to: 
  IQ-TREE report:                ../simulations/data_D1T2L3I5T4//S/719_pruned.fasta.iqtree
  Maximum-likelihood tree:       ../simulations/data_D1T2L3I5T4//S/719_pruned.fasta.treefile
  Likelihood distances:          ../simulations/data_D1T2L3I5T4//S/719_pruned.fasta.mldist
  Screen log file:               ../simulations/data_D1T2L3I5T4//S/719_pruned.fasta.log

Date and Time: Fri May 25 14:09:11 2018
