IQ-TREE version 1.4.2 for Linux 64-bit built Apr 15 2016
Copyright (c) 2011-2015 Nguyen Lam Tung, Olga Chernomor, Arndt von Haeseler and Bui Quang Minh.

Host:    meduse (AVX2, FMA3, 7 GB RAM)
Command: /home/tannier/programs/iqtree/iqtree-1.4.2-Linux/bin//iqtree -s ../simulations/data_D1T2L3I5T4//S/726_pruned.fasta -m GTR+G -alrt 1000 -redo
Seed:    453225 (Using SPRNG - Scalable Parallel Random Number Generator)
Time:    Fri May 25 14:31:13 2018
Kernel:  AVX

NOTE: Consider using the multicore version because your CPU has 4 cores!

Reading alignment file ../simulations/data_D1T2L3I5T4//S/726_pruned.fasta ... Fasta format detected
Alignment most likely contains DNA/RNA sequences
Alignment has 26 sequences with 300 columns and 167 patterns (159 informative sites)
          Gap/Ambiguity  Composition  p-value
   1  n277_244    0.00%    passed     59.06%
   2  n255_222    0.00%    passed     93.05%
   3  n294_261    0.00%    passed     87.32%
   4  n292_259    0.00%    passed     64.65%
   5  n280_247    0.00%    passed     67.59%
   6  n293_260    0.00%    passed     87.32%
   7  n296_263    0.00%    passed     77.05%
   8  n300_267    0.00%    passed     60.64%
   9  n299_266    0.00%    passed     60.12%
  10  n297_264    0.00%    passed     94.93%
  11  n266_233    0.00%    passed     74.52%
  12  n290_257    0.00%    passed     71.87%
  13  n244_213    0.00%    passed     69.89%
  14  n289_256    0.00%    passed     75.23%
  15  n286_253    0.00%    passed     98.08%
  16  n265_232    0.00%    passed     90.49%
  17  n285_252    0.00%    passed     98.99%
  18  n251_218    0.00%    passed     86.35%
  19  n298_265    0.00%    passed     97.27%
  20  n278_245    0.00%    passed     89.14%
  21  n295_262    0.00%    passed     77.05%
  22  n236_207    0.00%    passed     77.37%
  23  n200_175    0.00%    passed     73.31%
  24  n275_242    0.00%    passed     85.27%
  25  n274_241    0.00%    passed     66.82%
  26  n287_254    0.00%    passed     71.57%
****  TOTAL       0.00%  0 sequences failed composition chi2 test (p-value<5%; df=3)
NOTE: 2 identical sequences (see below) will be ignored for subsequent analysis
NOTE: n293_260 (identical to n294_261) is ignored but added at the end
NOTE: n295_262 (identical to n296_263) is ignored but added at the end

Create initial parsimony tree by phylogenetic likelihood library (PLL)... 0.001 seconds

NOTE: 0 MB RAM is required!
Estimate model parameters (epsilon = 0.100)
1. Initial log-likelihood: -2014.298
2. Current log-likelihood: -1973.783
3. Current log-likelihood: -1973.450
Optimal log-likelihood: -1973.445
Rate parameters:  A-C: 1.582  A-G: 1.035  A-T: 0.984  C-G: 1.179  C-T: 0.974  G-T: 1.000
Base frequencies:   A: 0.207  C: 0.262  G: 0.253  T: 0.278
Gamma shape alpha: 10.664
Parameters optimization took 3 rounds (0.024 sec)
--------------------------------------------------------------------
|             INITIALIZING CANDIDATE TREE SET                      |
--------------------------------------------------------------------
Computing ML distances based on estimated model parameters... 0.004 sec
Computing BIONJ tree...
0.001 seconds
Log-likelihood of BIONJ tree: -1973.445
Generating 98 parsimony trees... 0.095 seconds 24 distinct starting trees
Computing log-likelihood of 24 initial trees ... 0.047 seconds
Optimizing top 20 initial trees with NNI...
Iteration 1 / LogL: -1973.445 / Time: 0h:0m:0s
Estimate model parameters (epsilon = 0.100)
BETTER SCORE FOUND at iteration 1: -1973.442
Iteration 2 / LogL: -1973.443 / Time: 0h:0m:0s
Iteration 3 / LogL: -1973.444 / Time: 0h:0m:0s
Iteration 4 / LogL: -1973.444 / Time: 0h:0m:0s
Iteration 5 / LogL: -1973.444 / Time: 0h:0m:0s
Iteration 6 / LogL: -1973.444 / Time: 0h:0m:0s
Iteration 7 / LogL: -1973.444 / Time: 0h:0m:0s
Iteration 8 / LogL: -1973.444 / Time: 0h:0m:0s
Iteration 9 / LogL: -1973.444 / Time: 0h:0m:0s
Iteration 10 / LogL: -1973.444 / Time: 0h:0m:0s
Iteration 11 / LogL: -1973.444 / Time: 0h:0m:0s
Iteration 12 / LogL: -1973.444 / Time: 0h:0m:0s
Iteration 13 / LogL: -1973.444 / Time: 0h:0m:0s
Iteration 14 / LogL: -1973.444 / Time: 0h:0m:0s
Iteration 15 / LogL: -1973.444 / Time: 0h:0m:0s
Iteration 16 / LogL: -1973.444 / Time: 0h:0m:0s
Iteration 17 / LogL: -1973.444 / Time: 0h:0m:0s
Iteration 18 / LogL: -1973.444 / Time: 0h:0m:0s
Iteration 19 / LogL: -1973.444 / Time: 0h:0m:0s
Iteration 20 / LogL: -1973.444 / Time: 0h:0m:0s
Average CPU time for 1 NNI search: 0.005
Finish initializing candidate tree set. Number of distinct locally optimal trees: 20
Current best tree score: -1973.442 / CPU time: 0.240
--------------------------------------------------------------------
|               OPTIMIZING CANDIDATE TREE SET                      |
--------------------------------------------------------------------
Iteration 30 / LogL: -1973.499 / Time: 0h:0m:0s (0h:0m:1s left)
Iteration 40 / LogL: -1988.888 / Time: 0h:0m:0s (0h:0m:0s left)
Iteration 50 / LogL: -1973.443 / Time: 0h:0m:0s (0h:0m:0s left)
Iteration 60 / LogL: -1973.443 / Time: 0h:0m:0s (0h:0m:0s left)
Iteration 70 / LogL: -1984.538 / Time: 0h:0m:1s (0h:0m:0s left)
Iteration 80 / LogL: -1973.570 / Time: 0h:0m:1s (0h:0m:0s left)
Iteration 90 / LogL: -1973.447 / Time: 0h:0m:1s (0h:0m:0s left)
Iteration 100 / LogL: -1973.442 / Time: 0h:0m:1s (0h:0m:0s left)
TREE SEARCH COMPLETED AFTER 101 ITERATIONS / Time: 0h:0m:1s

--------------------------------------------------------------------
|                    FINALIZING TREE SEARCH                        |
--------------------------------------------------------------------
Performs final model parameters optimization
Estimate model parameters (epsilon = 0.010)
1. Initial log-likelihood: -1973.442
Optimal log-likelihood: -1973.441
Rate parameters:  A-C: 1.572  A-G: 1.031  A-T: 0.978  C-G: 1.170  C-T: 0.970  G-T: 1.000
Base frequencies:   A: 0.207  C: 0.262  G: 0.253  T: 0.278
Gamma shape alpha: 10.694
Parameters optimization took 1 rounds (0.005 sec)
BEST SCORE FOUND : -1973.441

Testing tree branches by SH-like aLRT with 1000 replicates...
CPU Time used:  0.108 sec.
Total tree length: 1.137

Total number of iterations: 101
CPU time used for tree search: 1.376 sec (0h:0m:1s)
Wall-clock time used for tree search: 1.382 sec (0h:0m:1s)
Total CPU time used: 1.528 sec (0h:0m:1s)
Total wall-clock time used: 1.535 sec (0h:0m:1s)

Analysis results written to: 
  IQ-TREE report:                ../simulations/data_D1T2L3I5T4//S/726_pruned.fasta.iqtree
  Maximum-likelihood tree:       ../simulations/data_D1T2L3I5T4//S/726_pruned.fasta.treefile
  Likelihood distances:          ../simulations/data_D1T2L3I5T4//S/726_pruned.fasta.mldist
  Screen log file:               ../simulations/data_D1T2L3I5T4//S/726_pruned.fasta.log

Date and Time: Fri May 25 14:31:14 2018
