IQ-TREE version 1.4.2 for Linux 64-bit built Apr 15 2016
Copyright (c) 2011-2015 Nguyen Lam Tung, Olga Chernomor, Arndt von Haeseler and Bui Quang Minh.

Host:    meduse (AVX2, FMA3, 7 GB RAM)
Command: /home/tannier/programs/iqtree/iqtree-1.4.2-Linux/bin//iqtree -s ../simulations/data_D1T2L3I5T4//S/734_pruned.fasta -m GTR+G -alrt 1000 -redo
Seed:    56597 (Using SPRNG - Scalable Parallel Random Number Generator)
Time:    Fri May 25 14:36:11 2018
Kernel:  AVX

NOTE: Consider using the multicore version because your CPU has 4 cores!

Reading alignment file ../simulations/data_D1T2L3I5T4//S/734_pruned.fasta ... Fasta format detected
Alignment most likely contains DNA/RNA sequences
Alignment has 31 sequences with 300 columns and 196 patterns (164 informative sites)
          Gap/Ambiguity  Composition  p-value
   1  n236_237    0.00%    passed     96.03%
   2  n251_254    0.00%    passed     74.72%
   3  n285_292    0.00%    passed     64.74%
   4  n286_293    0.00%    passed     56.14%
   5  n295_304    0.00%    passed     96.30%
   6  n298_309    0.00%    passed     95.61%
   7  n299_310    0.00%    passed     59.88%
   8  n298_307    0.00%    passed     85.25%
   9  n293_302    0.00%    passed     78.36%
  10  n275_282    0.00%    passed     85.76%
  11  n278_285    0.00%    passed     44.72%
  12  n292_299    0.00%    passed     67.78%
  13  n266_269    0.00%    passed     87.27%
  14  n255_258    0.00%    passed     77.95%
  15  n287_294    0.00%    passed     88.63%
  16  n297_308    0.00%    passed     93.65%
  17  n289_296    0.00%    passed     93.22%
  18  n300_311    0.00%    passed     67.78%
  19  n244_245    0.00%    passed     98.21%
  20  n296_305    0.00%    passed     87.95%
  21  n294_303    0.00%    passed     85.05%
  22  n290_297    0.00%    passed     93.22%
  23  n265_268    0.00%    passed     95.23%
  24  n277_284    0.00%    passed     71.72%
  25  n200_201    0.00%    passed     97.19%
  26  n293_300    0.00%    passed     82.93%
  27  n294_301    0.00%    passed     78.18%
  28  n280_287    0.00%    passed     61.97%
  29  n274_279    0.00%    passed     75.28%
  30  n275_280    0.00%    passed     84.89%
  31  n297_306    0.00%    passed     79.70%
****  TOTAL       0.00%  0 sequences failed composition chi2 test (p-value<5%; df=3)
NOTE: 2 identical sequences (see below) will be ignored for subsequent analysis
NOTE: n300_311 (identical to n292_299) is ignored but added at the end
NOTE: n290_297 (identical to n289_296) is ignored but added at the end

Create initial parsimony tree by phylogenetic likelihood library (PLL)... 0.002 seconds

NOTE: 0 MB RAM is required!
Estimate model parameters (epsilon = 0.100)
1. Initial log-likelihood: -2292.575
2. Current log-likelihood: -2245.804
3. Current log-likelihood: -2245.448
Optimal log-likelihood: -2245.447
Rate parameters:  A-C: 1.329  A-G: 1.564  A-T: 0.924  C-G: 1.031  C-T: 1.247  G-T: 1.000
Base frequencies:   A: 0.264  C: 0.249  G: 0.235  T: 0.253
Gamma shape alpha: 9.541
Parameters optimization took 3 rounds (0.052 sec)
--------------------------------------------------------------------
|             INITIALIZING CANDIDATE TREE SET                      |
--------------------------------------------------------------------
Computing ML distances based on estimated model parameters... 0.008 sec
Computing BIONJ tree...
0.001 seconds
Log-likelihood of BIONJ tree: -2244.716
Generating 98 parsimony trees... 0.140 seconds 19 distinct starting trees
Computing log-likelihood of 19 initial trees ... 0.055 seconds
Optimizing top 19 initial trees with NNI...
Iteration 1 / LogL: -2244.716 / Time: 0h:0m:0s
Estimate model parameters (epsilon = 0.100)
BETTER SCORE FOUND at iteration 1: -2244.701
Iteration 2 / LogL: -2244.703 / Time: 0h:0m:0s
Iteration 3 / LogL: -2244.703 / Time: 0h:0m:0s
Iteration 4 / LogL: -2244.703 / Time: 0h:0m:0s
Iteration 5 / LogL: -2244.702 / Time: 0h:0m:0s
Iteration 6 / LogL: -2244.702 / Time: 0h:0m:0s
Iteration 7 / LogL: -2244.702 / Time: 0h:0m:0s
Iteration 8 / LogL: -2244.702 / Time: 0h:0m:0s
Iteration 9 / LogL: -2244.702 / Time: 0h:0m:0s
Iteration 10 / LogL: -2244.702 / Time: 0h:0m:0s
Iteration 11 / LogL: -2244.827 / Time: 0h:0m:0s
Iteration 12 / LogL: -2244.828 / Time: 0h:0m:0s
Iteration 13 / LogL: -2244.828 / Time: 0h:0m:0s
Iteration 14 / LogL: -2244.828 / Time: 0h:0m:0s
Iteration 15 / LogL: -2244.827 / Time: 0h:0m:0s
Iteration 16 / LogL: -2244.827 / Time: 0h:0m:0s
Iteration 17 / LogL: -2244.827 / Time: 0h:0m:0s
Iteration 18 / LogL: -2244.827 / Time: 0h:0m:0s
Iteration 19 / LogL: -2244.827 / Time: 0h:0m:0s
Average CPU time for 1 NNI search: 0.013
Finish initializing candidate tree set. Number of distinct locally optimal trees: 18
Current best tree score: -2244.701 / CPU time: 0.444
--------------------------------------------------------------------
|               OPTIMIZING CANDIDATE TREE SET                      |
--------------------------------------------------------------------
Iteration 20 / LogL: -2244.701 / Time: 0h:0m:0s (0h:0m:2s left)
Iteration 30 / LogL: -2244.701 / Time: 0h:0m:0s (0h:0m:1s left)
Iteration 40 / LogL: -2244.708 / Time: 0h:0m:1s (0h:0m:1s left)
Iteration 50 / LogL: -2244.706 / Time: 0h:0m:1s (0h:0m:1s left)
Iteration 60 / LogL: -2245.166 / Time: 0h:0m:1s (0h:0m:1s left)
Iteration 70 / LogL: -2244.701 / Time: 0h:0m:1s (0h:0m:0s left)
Iteration 80 / LogL: -2244.829 / Time: 0h:0m:1s (0h:0m:0s left)
Iteration 90 / LogL: -2244.832 / Time: 0h:0m:2s (0h:0m:0s left)
Iteration 100 / LogL: -2244.702 / Time: 0h:0m:2s (0h:0m:0s left)
TREE SEARCH COMPLETED AFTER 101 ITERATIONS / Time: 0h:0m:2s

--------------------------------------------------------------------
|                    FINALIZING TREE SEARCH                        |
--------------------------------------------------------------------
Performs final model parameters optimization
Estimate model parameters (epsilon = 0.010)
1. Initial log-likelihood: -2244.701
Optimal log-likelihood: -2244.700
Rate parameters:  A-C: 1.317  A-G: 1.581  A-T: 0.912  C-G: 1.039  C-T: 1.239  G-T: 1.000
Base frequencies:   A: 0.264  C: 0.249  G: 0.235  T: 0.253
Gamma shape alpha: 9.628
Parameters optimization took 1 rounds (0.010 sec)
BEST SCORE FOUND : -2244.700

Testing tree branches by SH-like aLRT with 1000 replicates...
CPU Time used:  0.136 sec.
Total tree length: 1.333

Total number of iterations: 101
CPU time used for tree search: 2.272 sec (0h:0m:2s)
Wall-clock time used for tree search: 2.277 sec (0h:0m:2s)
Total CPU time used: 2.496 sec (0h:0m:2s)
Total wall-clock time used: 2.500 sec (0h:0m:2s)

Analysis results written to: 
  IQ-TREE report:                ../simulations/data_D1T2L3I5T4//S/734_pruned.fasta.iqtree
  Maximum-likelihood tree:       ../simulations/data_D1T2L3I5T4//S/734_pruned.fasta.treefile
  Likelihood distances:          ../simulations/data_D1T2L3I5T4//S/734_pruned.fasta.mldist
  Screen log file:               ../simulations/data_D1T2L3I5T4//S/734_pruned.fasta.log

Date and Time: Fri May 25 14:36:13 2018
