IQ-TREE version 1.4.2 for Linux 64-bit built Apr 15 2016
Copyright (c) 2011-2015 Nguyen Lam Tung, Olga Chernomor, Arndt von Haeseler and Bui Quang Minh.

Host:    meduse (AVX2, FMA3, 7 GB RAM)
Command: /home/tannier/programs/iqtree/iqtree-1.4.2-Linux/bin//iqtree -s ../simulations/data_D1T2L3I5T4//S/735_pruned.fasta -m GTR+G -alrt 1000 -redo
Seed:    564231 (Using SPRNG - Scalable Parallel Random Number Generator)
Time:    Fri May 25 14:36:13 2018
Kernel:  AVX

NOTE: Consider using the multicore version because your CPU has 4 cores!

Reading alignment file ../simulations/data_D1T2L3I5T4//S/735_pruned.fasta ... Fasta format detected
Alignment most likely contains DNA/RNA sequences
Alignment has 49 sequences with 300 columns and 250 patterns (228 informative sites)
          Gap/Ambiguity  Composition  p-value
   1  n244_387    0.00%    passed     91.00%
   2  n274_441    0.00%    passed     77.52%
   3  n236_375    0.00%    passed     91.90%
   4  n298_489    0.00%    passed     65.14%
   5  n297_488    0.00%    passed     65.14%
   6  n294_481    0.00%    passed     68.29%
   7  n295_484    0.00%    passed     80.96%
   8  n280_455    0.00%    passed     48.38%
   9  n287_468    0.00%    passed     80.16%
  10  n255_406    0.00%    passed     65.35%
  11  n289_472    0.00%    passed     81.54%
  12  n286_465    0.00%    passed     88.46%
  13  n278_451    0.00%    passed     42.49%
  14  n236_373    0.00%    passed     91.00%
  15  n293_480    0.00%    passed     64.84%
  16  n265_424    0.00%    passed     92.37%
  17  n280_453    0.00%    passed     85.47%
  18  n278_449    0.00%    passed     94.56%
  19  n200_315    0.00%    passed     94.09%
  20  n277_448    0.00%    passed     98.62%
  21  n296_487    0.00%    passed     92.18%
  22  n275_444    0.00%    passed     67.27%
  23  n285_464    0.00%    passed     90.43%
  24  n285_466    0.00%    passed     72.54%
  25  n299_492    0.00%    passed     70.87%
  26  n287_470    0.00%    passed     92.99%
  27  n294_483    0.00%    passed     95.65%
  28  n265_426    0.00%    passed     49.96%
  29  n266_425    0.00%    passed     89.59%
  30  n274_443    0.00%    passed     63.22%
  31  n286_467    0.00%    passed     71.48%
  32  n275_446    0.00%    passed     92.26%
  33  n290_473    0.00%    passed     81.54%
  34  n266_427    0.00%    passed     48.54%
  35  n292_479    0.00%    passed     55.95%
  36  n300_493    0.00%    passed     70.87%
  37  n299_494    0.00%    passed     58.33%
  38  n298_491    0.00%    passed     91.30%
  39  n277_450    0.00%    passed     53.98%
  40  n251_400    0.00%    passed     87.61%
  41  n289_474    0.00%    passed     97.28%
  42  n297_490    0.00%    passed     90.49%
  43  n290_475    0.00%    passed     97.28%
  44  n300_495    0.00%    passed     50.52%
  45  n293_482    0.00%    passed     94.30%
  46  n295_486    0.00%    passed     93.78%
  47  n200_313    0.00%    passed     52.53%
  48  n292_477    0.00%    passed     73.06%
  49  n296_485    0.00%    passed     80.96%
****  TOTAL       0.00%  0 sequences failed composition chi2 test (p-value<5%; df=3)
NOTE: 5 identical sequences (see below) will be ignored for subsequent analysis
NOTE: n297_488 (identical to n298_489) is ignored but added at the end
NOTE: n296_485 (identical to n295_484) is ignored but added at the end
NOTE: n290_473 (identical to n289_472) is ignored but added at the end
NOTE: n300_493 (identical to n299_492) is ignored but added at the end
NOTE: n290_475 (identical to n289_474) is ignored but added at the end

Create initial parsimony tree by phylogenetic likelihood library (PLL)... 0.004 seconds

NOTE: 1 MB RAM is required!
Estimate model parameters (epsilon = 0.100)
1. Initial log-likelihood: -3357.078
2. Current log-likelihood: -3279.522
3. Current log-likelihood: -3278.260
Optimal log-likelihood: -3278.212
Rate parameters:  A-C: 1.036  A-G: 0.893  A-T: 0.877  C-G: 0.731  C-T: 1.043  G-T: 1.000
Base frequencies:   A: 0.253  C: 0.274  G: 0.267  T: 0.206
Gamma shape alpha: 22.347
Parameters optimization took 3 rounds (0.074 sec)
--------------------------------------------------------------------
|             INITIALIZING CANDIDATE TREE SET                      |
--------------------------------------------------------------------
Computing ML distances based on estimated model parameters... 0.016 sec
Computing BIONJ tree...
0.001 seconds
Log-likelihood of BIONJ tree: -3285.048
Generating 98 parsimony trees... 0.322 seconds 27 distinct starting trees
Computing log-likelihood of 27 initial trees ... 0.131 seconds
Optimizing top 20 initial trees with NNI...
Iteration 1 / LogL: -3278.213 / Time: 0h:0m:0s
Estimate model parameters (epsilon = 0.100)
BETTER SCORE FOUND at iteration 1: -3278.196
Iteration 2 / LogL: -3278.206 / Time: 0h:0m:0s
Iteration 3 / LogL: -3278.206 / Time: 0h:0m:0s
Iteration 4 / LogL: -3278.206 / Time: 0h:0m:0s
Iteration 5 / LogL: -3278.206 / Time: 0h:0m:0s
Iteration 6 / LogL: -3278.206 / Time: 0h:0m:0s
Iteration 7 / LogL: -3278.206 / Time: 0h:0m:0s
Iteration 8 / LogL: -3278.206 / Time: 0h:0m:0s
Iteration 9 / LogL: -3278.206 / Time: 0h:0m:0s
Iteration 10 / LogL: -3278.207 / Time: 0h:0m:0s
Iteration 11 / LogL: -3278.207 / Time: 0h:0m:0s
Iteration 12 / LogL: -3278.207 / Time: 0h:0m:0s
Iteration 13 / LogL: -3278.207 / Time: 0h:0m:0s
Iteration 14 / LogL: -3278.207 / Time: 0h:0m:0s
Iteration 15 / LogL: -3278.207 / Time: 0h:0m:0s
Iteration 16 / LogL: -3278.207 / Time: 0h:0m:0s
Iteration 17 / LogL: -3278.207 / Time: 0h:0m:0s
Iteration 18 / LogL: -3278.207 / Time: 0h:0m:0s
Iteration 19 / LogL: -3278.207 / Time: 0h:0m:0s
Iteration 20 / LogL: -3278.207 / Time: 0h:0m:0s
Average CPU time for 1 NNI search: 0.014
Finish initializing candidate tree set. Number of distinct locally optimal trees: 20
Current best tree score: -3278.196 / CPU time: 0.736
--------------------------------------------------------------------
|               OPTIMIZING CANDIDATE TREE SET                      |
--------------------------------------------------------------------
Iteration 30 / LogL: -3278.196 / Time: 0h:0m:1s (0h:0m:3s left)
Iteration 40 / LogL: -3300.212 / Time: 0h:0m:1s (0h:0m:2s left)
Iteration 50 / LogL: -3279.769 / Time: 0h:0m:2s (0h:0m:2s left)
Iteration 60 / LogL: -3278.196 / Time: 0h:0m:2s (0h:0m:1s left)
Iteration 70 / LogL: -3278.777 / Time: 0h:0m:3s (0h:0m:1s left)
Iteration 80 / LogL: -3278.199 / Time: 0h:0m:3s (0h:0m:0s left)
Iteration 90 / LogL: -3278.211 / Time: 0h:0m:3s (0h:0m:0s left)
Iteration 100 / LogL: -3279.769 / Time: 0h:0m:4s (0h:0m:0s left)
TREE SEARCH COMPLETED AFTER 101 ITERATIONS / Time: 0h:0m:4s

--------------------------------------------------------------------
|                    FINALIZING TREE SEARCH                        |
--------------------------------------------------------------------
Performs final model parameters optimization
Estimate model parameters (epsilon = 0.010)
1. Initial log-likelihood: -3278.195
Optimal log-likelihood: -3278.186
Rate parameters:  A-C: 1.048  A-G: 0.904  A-T: 0.888  C-G: 0.742  C-T: 1.056  G-T: 1.000
Base frequencies:   A: 0.253  C: 0.274  G: 0.267  T: 0.206
Gamma shape alpha: 22.379
Parameters optimization took 1 rounds (0.011 sec)
BEST SCORE FOUND : -3278.186

Testing tree branches by SH-like aLRT with 1000 replicates...
CPU Time used:  0.236 sec.
Total tree length: 2.046

Total number of iterations: 101
CPU time used for tree search: 4.192 sec (0h:0m:4s)
Wall-clock time used for tree search: 4.191 sec (0h:0m:4s)
Total CPU time used: 4.552 sec (0h:0m:4s)
Total wall-clock time used: 4.552 sec (0h:0m:4s)

Analysis results written to: 
  IQ-TREE report:                ../simulations/data_D1T2L3I5T4//S/735_pruned.fasta.iqtree
  Maximum-likelihood tree:       ../simulations/data_D1T2L3I5T4//S/735_pruned.fasta.treefile
  Likelihood distances:          ../simulations/data_D1T2L3I5T4//S/735_pruned.fasta.mldist
  Screen log file:               ../simulations/data_D1T2L3I5T4//S/735_pruned.fasta.log

Date and Time: Fri May 25 14:36:18 2018
