IQ-TREE version 1.4.2 for Linux 64-bit built Apr 15 2016
Copyright (c) 2011-2015 Nguyen Lam Tung, Olga Chernomor, Arndt von Haeseler and Bui Quang Minh.

Host:    meduse (AVX2, FMA3, 7 GB RAM)
Command: /home/tannier/programs/iqtree/iqtree-1.4.2-Linux/bin//iqtree -s ../simulations/data_D1T2L3I5T4//S/739_pruned.fasta -m GTR+G -alrt 1000 -redo
Seed:    402924 (Using SPRNG - Scalable Parallel Random Number Generator)
Time:    Fri May 25 14:27:15 2018
Kernel:  AVX

NOTE: Consider using the multicore version because your CPU has 4 cores!

Reading alignment file ../simulations/data_D1T2L3I5T4//S/739_pruned.fasta ... Fasta format detected
Alignment most likely contains DNA/RNA sequences
Alignment has 26 sequences with 300 columns and 174 patterns (155 informative sites)
          Gap/Ambiguity  Composition  p-value
   1  n251_254    0.00%    passed     59.10%
   2  n277_280    0.00%    passed     88.59%
   3  n286_289    0.00%    passed     93.47%
   4  n274_277    0.00%    passed     85.65%
   5  n287_290    0.00%    passed     83.89%
   6  n236_239    0.00%    passed     73.98%
   7  n200_203    0.00%    passed     96.38%
   8  n296_299    0.00%    passed     84.17%
   9  n292_295    0.00%    passed     91.75%
  10  n275_278    0.00%    passed     76.96%
  11  n266_269    0.00%    passed     56.01%
  12  n255_258    0.00%    passed     53.89%
  13  n244_247    0.00%    passed     94.48%
  14  n285_288    0.00%    passed     81.69%
  15  n280_283    0.00%    passed     86.38%
  16  n299_302    0.00%    passed     89.53%
  17  n290_293    0.00%    passed     83.89%
  18  n298_301    0.00%    passed     83.43%
  19  n289_292    0.00%    passed     85.75%
  20  n295_298    0.00%    passed     81.05%
  21  n297_300    0.00%    passed     83.43%
  22  n300_303    0.00%    passed     91.75%
  23  n278_281    0.00%    passed     84.00%
  24  n293_296    0.00%    passed     88.46%
  25  n265_268    0.00%    passed     56.69%
  26  n294_297    0.00%    passed     77.04%
****  TOTAL       0.00%  0 sequences failed composition chi2 test (p-value<5%; df=3)
NOTE: 2 identical sequences (see below) will be ignored for subsequent analysis
NOTE: n300_303 (identical to n292_295) is ignored but added at the end
NOTE: n297_300 (identical to n298_301) is ignored but added at the end

Create initial parsimony tree by phylogenetic likelihood library (PLL)... 0.001 seconds

NOTE: 0 MB RAM is required!
Estimate model parameters (epsilon = 0.100)
1. Initial log-likelihood: -2039.857
2. Current log-likelihood: -2001.854
3. Current log-likelihood: -2001.546
Optimal log-likelihood: -2001.497
Rate parameters:  A-C: 0.894  A-G: 1.177  A-T: 0.842  C-G: 0.665  C-T: 0.819  G-T: 1.000
Base frequencies:   A: 0.235  C: 0.277  G: 0.260  T: 0.228
Gamma shape alpha: 6.201
Parameters optimization took 3 rounds (0.023 sec)
--------------------------------------------------------------------
|             INITIALIZING CANDIDATE TREE SET                      |
--------------------------------------------------------------------
Computing ML distances based on estimated model parameters... 0.000 sec
Computing BIONJ tree...
0.000 seconds
Log-likelihood of BIONJ tree: -2001.497
Generating 98 parsimony trees... 0.087 seconds 9 distinct starting trees
Computing log-likelihood of 9 initial trees ... 0.015 seconds
Optimizing top 9 initial trees with NNI...
Iteration 1 / LogL: -2001.497 / Time: 0h:0m:0s
Estimate model parameters (epsilon = 0.100)
BETTER SCORE FOUND at iteration 1: -2001.464
Iteration 2 / LogL: -2001.465 / Time: 0h:0m:0s
Iteration 3 / LogL: -2001.465 / Time: 0h:0m:0s
Iteration 4 / LogL: -2001.465 / Time: 0h:0m:0s
Iteration 5 / LogL: -2001.465 / Time: 0h:0m:0s
Iteration 6 / LogL: -2001.465 / Time: 0h:0m:0s
Iteration 7 / LogL: -2001.465 / Time: 0h:0m:0s
Iteration 8 / LogL: -2001.465 / Time: 0h:0m:0s
Iteration 9 / LogL: -2001.465 / Time: 0h:0m:0s
Average CPU time for 1 NNI search: 0.005
Finish initializing candidate tree set. Number of distinct locally optimal trees: 9
Current best tree score: -2001.464 / CPU time: 0.152
--------------------------------------------------------------------
|               OPTIMIZING CANDIDATE TREE SET                      |
--------------------------------------------------------------------
Iteration 10 / LogL: -2001.571 / Time: 0h:0m:0s
Iteration 20 / LogL: -2001.466 / Time: 0h:0m:0s (0h:0m:1s left)
Iteration 30 / LogL: -2001.465 / Time: 0h:0m:0s (0h:0m:1s left)
Iteration 40 / LogL: -2001.466 / Time: 0h:0m:0s (0h:0m:1s left)
Iteration 50 / LogL: -2001.483 / Time: 0h:0m:0s (0h:0m:0s left)
Iteration 60 / LogL: -2001.499 / Time: 0h:0m:0s (0h:0m:0s left)
Iteration 70 / LogL: -2001.467 / Time: 0h:0m:1s (0h:0m:0s left)
Iteration 80 / LogL: -2010.689 / Time: 0h:0m:1s (0h:0m:0s left)
Iteration 90 / LogL: -2001.474 / Time: 0h:0m:1s (0h:0m:0s left)
Iteration 100 / LogL: -2010.496 / Time: 0h:0m:1s (0h:0m:0s left)
TREE SEARCH COMPLETED AFTER 101 ITERATIONS / Time: 0h:0m:1s

--------------------------------------------------------------------
|                    FINALIZING TREE SEARCH                        |
--------------------------------------------------------------------
Performs final model parameters optimization
Estimate model parameters (epsilon = 0.010)
1. Initial log-likelihood: -2001.464
2. Current log-likelihood: -2001.444
3. Current log-likelihood: -2001.432
Optimal log-likelihood: -2001.427
Rate parameters:  A-C: 0.930  A-G: 1.227  A-T: 0.877  C-G: 0.674  C-T: 0.851  G-T: 1.000
Base frequencies:   A: 0.235  C: 0.277  G: 0.260  T: 0.228
Gamma shape alpha: 6.250
Parameters optimization took 3 rounds (0.012 sec)
BEST SCORE FOUND : -2001.427

Testing tree branches by SH-like aLRT with 1000 replicates...
CPU Time used:  0.116 sec.
Total tree length: 1.193

Total number of iterations: 101
CPU time used for tree search: 1.556 sec (0h:0m:1s)
Wall-clock time used for tree search: 1.555 sec (0h:0m:1s)
Total CPU time used: 1.720 sec (0h:0m:1s)
Total wall-clock time used: 1.724 sec (0h:0m:1s)

Analysis results written to: 
  IQ-TREE report:                ../simulations/data_D1T2L3I5T4//S/739_pruned.fasta.iqtree
  Maximum-likelihood tree:       ../simulations/data_D1T2L3I5T4//S/739_pruned.fasta.treefile
  Likelihood distances:          ../simulations/data_D1T2L3I5T4//S/739_pruned.fasta.mldist
  Screen log file:               ../simulations/data_D1T2L3I5T4//S/739_pruned.fasta.log

Date and Time: Fri May 25 14:27:17 2018
