IQ-TREE version 1.4.2 for Linux 64-bit built Apr 15 2016
Copyright (c) 2011-2015 Nguyen Lam Tung, Olga Chernomor, Arndt von Haeseler and Bui Quang Minh.

Host:    meduse (AVX2, FMA3, 7 GB RAM)
Command: /home/tannier/programs/iqtree/iqtree-1.4.2-Linux/bin//iqtree -s ../simulations/data_D1T2L3I5T4//S/744_pruned.fasta -m GTR+G -alrt 1000 -redo
Seed:    925523 (Using SPRNG - Scalable Parallel Random Number Generator)
Time:    Fri May 25 14:29:23 2018
Kernel:  AVX

NOTE: Consider using the multicore version because your CPU has 4 cores!

Reading alignment file ../simulations/data_D1T2L3I5T4//S/744_pruned.fasta ... Fasta format detected
Alignment most likely contains DNA/RNA sequences
Alignment has 26 sequences with 300 columns and 169 patterns (152 informative sites)
          Gap/Ambiguity  Composition  p-value
   1  n251_254    0.00%    passed     85.83%
   2  n277_280    0.00%    passed     95.32%
   3  n286_289    0.00%    passed     92.29%
   4  n278_281    0.00%    passed     94.70%
   5  n274_277    0.00%    passed     89.30%
   6  n287_290    0.00%    passed     98.86%
   7  n236_239    0.00%    passed     98.11%
   8  n200_203    0.00%    passed     94.80%
   9  n296_299    0.00%    passed     95.86%
  10  n275_278    0.00%    passed     99.92%
  11  n266_269    0.00%    passed     56.94%
  12  n244_247    0.00%    passed     46.64%
  13  n295_298    0.00%    passed     92.15%
  14  n285_288    0.00%    passed     94.00%
  15  n299_302    0.00%    passed     96.16%
  16  n290_293    0.00%    passed     98.83%
  17  n280_283    0.00%    passed     89.36%
  18  n298_301    0.00%    passed     92.93%
  19  n292_295    0.00%    passed     96.49%
  20  n289_292    0.00%    passed     99.13%
  21  n255_258    0.00%    passed     75.15%
  22  n297_300    0.00%    passed     98.11%
  23  n265_268    0.00%    passed     62.95%
  24  n300_303    0.00%    passed     96.49%
  25  n293_296    0.00%    passed     99.44%
  26  n294_297    0.00%    passed    100.00%
****  TOTAL       0.00%  0 sequences failed composition chi2 test (p-value<5%; df=3)
NOTE: 1 identical sequences (see below) will be ignored for subsequent analysis
NOTE: n300_303 (identical to n292_295) is ignored but added at the end

Create initial parsimony tree by phylogenetic likelihood library (PLL)... 0.001 seconds

NOTE: 0 MB RAM is required!
Estimate model parameters (epsilon = 0.100)
1. Initial log-likelihood: -1973.162
2. Current log-likelihood: -1939.843
3. Current log-likelihood: -1939.670
Optimal log-likelihood: -1939.655
Rate parameters:  A-C: 1.333  A-G: 1.222  A-T: 1.240  C-G: 1.134  C-T: 1.766  G-T: 1.000
Base frequencies:   A: 0.276  C: 0.245  G: 0.237  T: 0.241
Gamma shape alpha: 5.482
Parameters optimization took 3 rounds (0.022 sec)
--------------------------------------------------------------------
|             INITIALIZING CANDIDATE TREE SET                      |
--------------------------------------------------------------------
Computing ML distances based on estimated model parameters... 0.004 sec
Computing BIONJ tree...
0.001 seconds
Log-likelihood of BIONJ tree: -1941.524
Generating 98 parsimony trees... 0.103 seconds 34 distinct starting trees
Computing log-likelihood of 34 initial trees ... 0.069 seconds
Optimizing top 20 initial trees with NNI...
Iteration 1 / LogL: -1939.655 / Time: 0h:0m:0s
Estimate model parameters (epsilon = 0.100)
BETTER SCORE FOUND at iteration 1: -1939.643
Iteration 2 / LogL: -1939.646 / Time: 0h:0m:0s
Iteration 3 / LogL: -1939.646 / Time: 0h:0m:0s
Iteration 4 / LogL: -1939.646 / Time: 0h:0m:0s
Iteration 5 / LogL: -1939.646 / Time: 0h:0m:0s
Iteration 6 / LogL: -1939.646 / Time: 0h:0m:0s
Iteration 7 / LogL: -1939.646 / Time: 0h:0m:0s
Iteration 8 / LogL: -1939.646 / Time: 0h:0m:0s
Iteration 9 / LogL: -1939.646 / Time: 0h:0m:0s
Iteration 10 / LogL: -1939.643 / Time: 0h:0m:0s
Iteration 11 / LogL: -1939.643 / Time: 0h:0m:0s
Iteration 12 / LogL: -1939.643 / Time: 0h:0m:0s
Iteration 13 / LogL: -1939.643 / Time: 0h:0m:0s
Iteration 14 / LogL: -1939.643 / Time: 0h:0m:0s
Iteration 15 / LogL: -1939.643 / Time: 0h:0m:0s
Iteration 16 / LogL: -1939.643 / Time: 0h:0m:0s
Iteration 17 / LogL: -1939.643 / Time: 0h:0m:0s
Iteration 18 / LogL: -1939.643 / Time: 0h:0m:0s
Iteration 19 / LogL: -1939.643 / Time: 0h:0m:0s
Iteration 20 / LogL: -1939.643 / Time: 0h:0m:0s
Average CPU time for 1 NNI search: 0.006
Finish initializing candidate tree set. Number of distinct locally optimal trees: 9
Current best tree score: -1939.643 / CPU time: 0.292
--------------------------------------------------------------------
|               OPTIMIZING CANDIDATE TREE SET                      |
--------------------------------------------------------------------
Iteration 30 / LogL: -1939.644 / Time: 0h:0m:0s (0h:0m:1s left)
Iteration 40 / LogL: -1942.516 / Time: 0h:0m:0s (0h:0m:1s left)
Iteration 50 / LogL: -1939.647 / Time: 0h:0m:0s (0h:0m:0s left)
Iteration 60 / LogL: -1953.959 / Time: 0h:0m:0s (0h:0m:0s left)
Iteration 70 / LogL: -1949.998 / Time: 0h:0m:1s (0h:0m:0s left)
Iteration 80 / LogL: -1939.644 / Time: 0h:0m:1s (0h:0m:0s left)
Iteration 90 / LogL: -1939.644 / Time: 0h:0m:1s (0h:0m:0s left)
Iteration 100 / LogL: -1939.644 / Time: 0h:0m:1s (0h:0m:0s left)
TREE SEARCH COMPLETED AFTER 101 ITERATIONS / Time: 0h:0m:1s

--------------------------------------------------------------------
|                    FINALIZING TREE SEARCH                        |
--------------------------------------------------------------------
Performs final model parameters optimization
Estimate model parameters (epsilon = 0.010)
1. Initial log-likelihood: -1939.643
Optimal log-likelihood: -1939.637
Rate parameters:  A-C: 1.312  A-G: 1.207  A-T: 1.228  C-G: 1.110  C-T: 1.737  G-T: 1.000
Base frequencies:   A: 0.276  C: 0.245  G: 0.237  T: 0.241
Gamma shape alpha: 5.494
Parameters optimization took 1 rounds (0.005 sec)
BEST SCORE FOUND : -1939.637

Testing tree branches by SH-like aLRT with 1000 replicates...
CPU Time used:  0.108 sec.
Total tree length: 1.097

Total number of iterations: 101
CPU time used for tree search: 1.600 sec (0h:0m:1s)
Wall-clock time used for tree search: 1.600 sec (0h:0m:1s)
Total CPU time used: 1.756 sec (0h:0m:1s)
Total wall-clock time used: 1.756 sec (0h:0m:1s)

Analysis results written to: 
  IQ-TREE report:                ../simulations/data_D1T2L3I5T4//S/744_pruned.fasta.iqtree
  Maximum-likelihood tree:       ../simulations/data_D1T2L3I5T4//S/744_pruned.fasta.treefile
  Likelihood distances:          ../simulations/data_D1T2L3I5T4//S/744_pruned.fasta.mldist
  Screen log file:               ../simulations/data_D1T2L3I5T4//S/744_pruned.fasta.log

Date and Time: Fri May 25 14:29:25 2018
