IQ-TREE version 1.4.2 for Linux 64-bit built Apr 15 2016
Copyright (c) 2011-2015 Nguyen Lam Tung, Olga Chernomor, Arndt von Haeseler and Bui Quang Minh.

Host:    meduse (AVX2, FMA3, 7 GB RAM)
Command: /home/tannier/programs/iqtree/iqtree-1.4.2-Linux/bin//iqtree -s ../simulations/data_D1T2L3I5T4//S/755_pruned.fasta -m GTR+G -alrt 1000 -redo
Seed:    360287 (Using SPRNG - Scalable Parallel Random Number Generator)
Time:    Fri May 25 14:21:29 2018
Kernel:  AVX

NOTE: Consider using the multicore version because your CPU has 4 cores!

Reading alignment file ../simulations/data_D1T2L3I5T4//S/755_pruned.fasta ... Fasta format detected
Alignment most likely contains DNA/RNA sequences
Alignment has 26 sequences with 300 columns and 161 patterns (137 informative sites)
          Gap/Ambiguity  Composition  p-value
   1  n236_237    0.00%    passed     83.11%
   2  n266_267    0.00%    passed     68.33%
   3  n296_297    0.00%    passed     91.26%
   4  n277_278    0.00%    passed     99.66%
   5  n290_291    0.00%    passed     96.92%
   6  n255_256    0.00%    passed     40.51%
   7  n295_296    0.00%    passed     80.26%
   8  n286_287    0.00%    passed     70.60%
   9  n298_299    0.00%    passed     88.15%
  10  n299_300    0.00%    passed     92.14%
  11  n287_288    0.00%    passed     94.31%
  12  n278_279    0.00%    passed     99.12%
  13  n292_293    0.00%    passed     94.37%
  14  n265_266    0.00%    passed     69.98%
  15  n289_290    0.00%    passed     94.31%
  16  n293_294    0.00%    passed     89.95%
  17  n280_281    0.00%    passed     97.56%
  18  n274_275    0.00%    passed     97.56%
  19  n275_276    0.00%    passed     87.20%
  20  n285_286    0.00%    passed     72.90%
  21  n294_295    0.00%    passed     83.26%
  22  n297_298    0.00%    passed     88.15%
  23  n244_245    0.00%    passed     35.49%
  24  n251_252    0.00%    passed     63.91%
  25  n200_201    0.00%    passed     69.24%
  26  n300_301    0.00%    passed     94.37%
****  TOTAL       0.00%  0 sequences failed composition chi2 test (p-value<5%; df=3)
NOTE: 2 identical sequences (see below) will be ignored for subsequent analysis
NOTE: n297_298 (identical to n298_299) is ignored but added at the end
NOTE: n300_301 (identical to n292_293) is ignored but added at the end

Create initial parsimony tree by phylogenetic likelihood library (PLL)... 0.001 seconds

NOTE: 0 MB RAM is required!
Estimate model parameters (epsilon = 0.100)
1. Initial log-likelihood: -1930.915
2. Current log-likelihood: -1888.816
3. Current log-likelihood: -1888.379
Optimal log-likelihood: -1888.317
Rate parameters:  A-C: 1.237  A-G: 2.291  A-T: 1.559  C-G: 1.709  C-T: 1.588  G-T: 1.000
Base frequencies:   A: 0.221  C: 0.233  G: 0.295  T: 0.251
Gamma shape alpha: 5.622
Parameters optimization took 3 rounds (0.033 sec)
--------------------------------------------------------------------
|             INITIALIZING CANDIDATE TREE SET                      |
--------------------------------------------------------------------
Computing ML distances based on estimated model parameters... 0.004 sec
Computing BIONJ tree...
0.000 seconds
Log-likelihood of BIONJ tree: -1888.372
Generating 98 parsimony trees... 0.089 seconds 19 distinct starting trees
Computing log-likelihood of 19 initial trees ... 0.038 seconds
Optimizing top 19 initial trees with NNI...
Iteration 1 / LogL: -1888.317 / Time: 0h:0m:0s
Estimate model parameters (epsilon = 0.100)
BETTER SCORE FOUND at iteration 1: -1888.298
Iteration 2 / LogL: -1888.300 / Time: 0h:0m:0s
Iteration 3 / LogL: -1888.300 / Time: 0h:0m:0s
Iteration 4 / LogL: -1888.300 / Time: 0h:0m:0s
Iteration 5 / LogL: -1888.300 / Time: 0h:0m:0s
Iteration 6 / LogL: -1888.300 / Time: 0h:0m:0s
Iteration 7 / LogL: -1888.300 / Time: 0h:0m:0s
Iteration 8 / LogL: -1888.300 / Time: 0h:0m:0s
Iteration 9 / LogL: -1888.300 / Time: 0h:0m:0s
Iteration 10 / LogL: -1888.298 / Time: 0h:0m:0s
Iteration 11 / LogL: -1888.298 / Time: 0h:0m:0s
Iteration 12 / LogL: -1888.298 / Time: 0h:0m:0s
Iteration 13 / LogL: -1888.298 / Time: 0h:0m:0s
Iteration 14 / LogL: -1888.298 / Time: 0h:0m:0s
Iteration 15 / LogL: -1888.298 / Time: 0h:0m:0s
Iteration 16 / LogL: -1888.298 / Time: 0h:0m:0s
Iteration 17 / LogL: -1888.298 / Time: 0h:0m:0s
Iteration 18 / LogL: -1888.298 / Time: 0h:0m:0s
Iteration 19 / LogL: -1888.298 / Time: 0h:0m:0s
Average CPU time for 1 NNI search: 0.006
Finish initializing candidate tree set. Number of distinct locally optimal trees: 9
Current best tree score: -1888.298 / CPU time: 0.236
--------------------------------------------------------------------
|               OPTIMIZING CANDIDATE TREE SET                      |
--------------------------------------------------------------------
Iteration 20 / LogL: -1888.298 / Time: 0h:0m:0s (0h:0m:1s left)
Iteration 30 / LogL: -1888.298 / Time: 0h:0m:0s (0h:0m:1s left)
Iteration 40 / LogL: -1888.301 / Time: 0h:0m:0s (0h:0m:0s left)
Iteration 50 / LogL: -1888.298 / Time: 0h:0m:0s (0h:0m:0s left)
Iteration 60 / LogL: -1888.298 / Time: 0h:0m:0s (0h:0m:0s left)
Iteration 70 / LogL: -1888.298 / Time: 0h:0m:1s (0h:0m:0s left)
Iteration 80 / LogL: -1888.298 / Time: 0h:0m:1s (0h:0m:0s left)
Iteration 90 / LogL: -1888.347 / Time: 0h:0m:1s (0h:0m:0s left)
Iteration 100 / LogL: -1888.298 / Time: 0h:0m:1s (0h:0m:0s left)
TREE SEARCH COMPLETED AFTER 101 ITERATIONS / Time: 0h:0m:1s

--------------------------------------------------------------------
|                    FINALIZING TREE SEARCH                        |
--------------------------------------------------------------------
Performs final model parameters optimization
Estimate model parameters (epsilon = 0.010)
1. Initial log-likelihood: -1888.298
2. Current log-likelihood: -1888.287
Optimal log-likelihood: -1888.281
Rate parameters:  A-C: 1.211  A-G: 2.213  A-T: 1.507  C-G: 1.663  C-T: 1.579  G-T: 1.000
Base frequencies:   A: 0.221  C: 0.233  G: 0.295  T: 0.251
Gamma shape alpha: 5.731
Parameters optimization took 2 rounds (0.009 sec)
BEST SCORE FOUND : -1888.281

Testing tree branches by SH-like aLRT with 1000 replicates...
CPU Time used:  0.104 sec.
Total tree length: 1.100

Total number of iterations: 101
CPU time used for tree search: 1.444 sec (0h:0m:1s)
Wall-clock time used for tree search: 1.443 sec (0h:0m:1s)
Total CPU time used: 1.604 sec (0h:0m:1s)
Total wall-clock time used: 1.605 sec (0h:0m:1s)

Analysis results written to: 
  IQ-TREE report:                ../simulations/data_D1T2L3I5T4//S/755_pruned.fasta.iqtree
  Maximum-likelihood tree:       ../simulations/data_D1T2L3I5T4//S/755_pruned.fasta.treefile
  Likelihood distances:          ../simulations/data_D1T2L3I5T4//S/755_pruned.fasta.mldist
  Screen log file:               ../simulations/data_D1T2L3I5T4//S/755_pruned.fasta.log

Date and Time: Fri May 25 14:21:30 2018
