IQ-TREE version 1.4.2 for Linux 64-bit built Apr 15 2016
Copyright (c) 2011-2015 Nguyen Lam Tung, Olga Chernomor, Arndt von Haeseler and Bui Quang Minh.

Host:    meduse (AVX2, FMA3, 7 GB RAM)
Command: /home/tannier/programs/iqtree/iqtree-1.4.2-Linux/bin//iqtree -s ../simulations/data_D1T2L3I5T4//S/756_pruned.fasta -m GTR+G -alrt 1000 -redo
Seed:    676522 (Using SPRNG - Scalable Parallel Random Number Generator)
Time:    Fri May 25 14:10:01 2018
Kernel:  AVX

NOTE: Consider using the multicore version because your CPU has 4 cores!

Reading alignment file ../simulations/data_D1T2L3I5T4//S/756_pruned.fasta ... Fasta format detected
Alignment most likely contains DNA/RNA sequences
Alignment has 26 sequences with 300 columns and 171 patterns (140 informative sites)
          Gap/Ambiguity  Composition  p-value
   1  n298_301    0.00%    passed     78.97%
   2  n251_254    0.00%    passed     66.17%
   3  n277_280    0.00%    passed     92.03%
   4  n286_289    0.00%    passed     89.89%
   5  n274_277    0.00%    passed     56.85%
   6  n287_290    0.00%    passed     96.34%
   7  n236_239    0.00%    passed     73.13%
   8  n200_203    0.00%    passed     93.23%
   9  n296_299    0.00%    passed     99.55%
  10  n294_297    0.00%    passed     82.73%
  11  n275_278    0.00%    passed     88.68%
  12  n266_269    0.00%    passed     54.50%
  13  n255_258    0.00%    passed     73.50%
  14  n299_302    0.00%    passed     66.60%
  15  n244_247    0.00%    passed     85.80%
  16  n285_288    0.00%    passed     99.64%
  17  n280_283    0.00%    passed     66.60%
  18  n290_293    0.00%    passed     98.37%
  19  n292_295    0.00%    passed     74.13%
  20  n289_292    0.00%    passed     97.02%
  21  n295_298    0.00%    passed     98.33%
  22  n297_300    0.00%    passed     72.35%
  23  n300_303    0.00%    passed     66.60%
  24  n278_281    0.00%    passed     96.02%
  25  n293_296    0.00%    passed     81.07%
  26  n265_268    0.00%    passed     60.09%
****  TOTAL       0.00%  0 sequences failed composition chi2 test (p-value<5%; df=3)
NOTE: 1 identical sequences (see below) will be ignored for subsequent analysis
NOTE: n300_303 (identical to n299_302) is ignored but added at the end

Create initial parsimony tree by phylogenetic likelihood library (PLL)... 0.002 seconds

NOTE: 0 MB RAM is required!
Estimate model parameters (epsilon = 0.100)
1. Initial log-likelihood: -2000.755
2. Current log-likelihood: -1951.217
3. Current log-likelihood: -1950.696
Optimal log-likelihood: -1950.684
Rate parameters:  A-C: 1.392  A-G: 1.450  A-T: 1.250  C-G: 1.440  C-T: 1.192  G-T: 1.000
Base frequencies:   A: 0.223  C: 0.265  G: 0.260  T: 0.252
Gamma shape alpha: 8.039
Parameters optimization took 3 rounds (0.024 sec)
--------------------------------------------------------------------
|             INITIALIZING CANDIDATE TREE SET                      |
--------------------------------------------------------------------
Computing ML distances based on estimated model parameters... 0.000 sec
Computing BIONJ tree...
0.000 seconds
Log-likelihood of BIONJ tree: -1950.684
Generating 98 parsimony trees... 0.089 seconds 48 distinct starting trees
Computing log-likelihood of 48 initial trees ... 0.099 seconds
Optimizing top 20 initial trees with NNI...
Iteration 1 / LogL: -1950.684 / Time: 0h:0m:0s
Estimate model parameters (epsilon = 0.100)
BETTER SCORE FOUND at iteration 1: -1950.673
Iteration 2 / LogL: -1950.675 / Time: 0h:0m:0s
Iteration 3 / LogL: -1950.679 / Time: 0h:0m:0s
Iteration 4 / LogL: -1950.679 / Time: 0h:0m:0s
Iteration 5 / LogL: -1950.679 / Time: 0h:0m:0s
Iteration 6 / LogL: -1950.679 / Time: 0h:0m:0s
Iteration 7 / LogL: -1950.679 / Time: 0h:0m:0s
Iteration 8 / LogL: -1950.679 / Time: 0h:0m:0s
Iteration 9 / LogL: -1950.679 / Time: 0h:0m:0s
Iteration 10 / LogL: -1950.679 / Time: 0h:0m:0s
Iteration 11 / LogL: -1950.679 / Time: 0h:0m:0s
Iteration 12 / LogL: -1950.679 / Time: 0h:0m:0s
Iteration 13 / LogL: -1950.679 / Time: 0h:0m:0s
Iteration 14 / LogL: -1950.679 / Time: 0h:0m:0s
Iteration 15 / LogL: -1950.679 / Time: 0h:0m:0s
Iteration 16 / LogL: -1950.679 / Time: 0h:0m:0s
Iteration 17 / LogL: -1950.679 / Time: 0h:0m:0s
Iteration 18 / LogL: -1950.679 / Time: 0h:0m:0s
Iteration 19 / LogL: -1950.679 / Time: 0h:0m:0s
Iteration 20 / LogL: -1950.679 / Time: 0h:0m:0s
Average CPU time for 1 NNI search: 0.005
Finish initializing candidate tree set. Number of distinct locally optimal trees: 20
Current best tree score: -1950.673 / CPU time: 0.284
--------------------------------------------------------------------
|               OPTIMIZING CANDIDATE TREE SET                      |
--------------------------------------------------------------------
Iteration 30 / LogL: -1950.674 / Time: 0h:0m:0s (0h:0m:1s left)
Iteration 40 / LogL: -1987.233 / Time: 0h:0m:0s (0h:0m:1s left)
Iteration 50 / LogL: -1950.674 / Time: 0h:0m:0s (0h:0m:0s left)
Iteration 60 / LogL: -1950.690 / Time: 0h:0m:0s (0h:0m:0s left)
Iteration 70 / LogL: -1950.673 / Time: 0h:0m:1s (0h:0m:0s left)
Iteration 80 / LogL: -1950.673 / Time: 0h:0m:1s (0h:0m:0s left)
Iteration 90 / LogL: -1950.674 / Time: 0h:0m:1s (0h:0m:0s left)
Iteration 100 / LogL: -1950.674 / Time: 0h:0m:1s (0h:0m:0s left)
TREE SEARCH COMPLETED AFTER 101 ITERATIONS / Time: 0h:0m:1s

--------------------------------------------------------------------
|                    FINALIZING TREE SEARCH                        |
--------------------------------------------------------------------
Performs final model parameters optimization
Estimate model parameters (epsilon = 0.010)
1. Initial log-likelihood: -1950.673
Optimal log-likelihood: -1950.669
Rate parameters:  A-C: 1.419  A-G: 1.467  A-T: 1.269  C-G: 1.466  C-T: 1.200  G-T: 1.000
Base frequencies:   A: 0.223  C: 0.265  G: 0.260  T: 0.252
Gamma shape alpha: 8.035
Parameters optimization took 1 rounds (0.005 sec)
BEST SCORE FOUND : -1950.669

Testing tree branches by SH-like aLRT with 1000 replicates...
CPU Time used:  0.108 sec.
Total tree length: 1.162

Total number of iterations: 101
CPU time used for tree search: 1.548 sec (0h:0m:1s)
Wall-clock time used for tree search: 1.553 sec (0h:0m:1s)
Total CPU time used: 1.696 sec (0h:0m:1s)
Total wall-clock time used: 1.707 sec (0h:0m:1s)

Analysis results written to: 
  IQ-TREE report:                ../simulations/data_D1T2L3I5T4//S/756_pruned.fasta.iqtree
  Maximum-likelihood tree:       ../simulations/data_D1T2L3I5T4//S/756_pruned.fasta.treefile
  Likelihood distances:          ../simulations/data_D1T2L3I5T4//S/756_pruned.fasta.mldist
  Screen log file:               ../simulations/data_D1T2L3I5T4//S/756_pruned.fasta.log

Date and Time: Fri May 25 14:10:03 2018
