IQ-TREE version 1.4.2 for Linux 64-bit built Apr 15 2016
Copyright (c) 2011-2015 Nguyen Lam Tung, Olga Chernomor, Arndt von Haeseler and Bui Quang Minh.

Host:    meduse (AVX2, FMA3, 7 GB RAM)
Command: /home/tannier/programs/iqtree/iqtree-1.4.2-Linux/bin//iqtree -s ../simulations/data_D1T2L3I5T4//S/760_pruned.fasta -m GTR+G -alrt 1000 -redo
Seed:    523768 (Using SPRNG - Scalable Parallel Random Number Generator)
Time:    Fri May 25 14:12:48 2018
Kernel:  AVX

NOTE: Consider using the multicore version because your CPU has 4 cores!

Reading alignment file ../simulations/data_D1T2L3I5T4//S/760_pruned.fasta ... Fasta format detected
Alignment most likely contains DNA/RNA sequences
Alignment has 38 sequences with 300 columns and 209 patterns (176 informative sites)
          Gap/Ambiguity  Composition  p-value
   1  n251_284    0.00%    passed     90.94%
   2  n289_336    0.00%    passed     99.42%
   3  n286_329    0.00%    passed     84.06%
   4  n297_350    0.00%    passed     94.35%
   5  n295_344    0.00%    passed     90.48%
   6  n200_225    0.00%    passed     67.52%
   7  n297_348    0.00%    passed     94.98%
   8  n265_300    0.00%    passed     86.37%
   9  n200_227    0.00%    passed     59.46%
  10  n293_340    0.00%    passed     97.51%
  11  n296_345    0.00%    passed     91.79%
  12  n295_346    0.00%    passed     98.78%
  13  n287_330    0.00%    passed     81.51%
  14  n266_301    0.00%    passed     73.85%
  15  n277_318    0.00%    passed     86.68%
  16  n275_314    0.00%    passed     94.67%
  17  n293_342    0.00%    passed     98.33%
  18  n255_288    0.00%    passed     86.96%
  19  n278_319    0.00%    passed     84.06%
  20  n294_343    0.00%    passed     98.05%
  21  n274_313    0.00%    passed     74.86%
  22  n290_335    0.00%    passed     91.99%
  23  n285_328    0.00%    passed     75.19%
  24  n280_321    0.00%    passed     77.51%
  25  n298_351    0.00%    passed     96.47%
  26  n287_332    0.00%    passed     99.93%
  27  n290_337    0.00%    passed     98.31%
  28  n299_352    0.00%    passed     83.49%
  29  n275_316    0.00%    passed     97.61%
  30  n294_341    0.00%    passed     97.51%
  31  n236_265    0.00%    passed     93.08%
  32  n300_353    0.00%    passed     83.49%
  33  n244_277    0.00%    passed     46.75%
  34  n292_339    0.00%    passed     78.94%
  35  n289_334    0.00%    passed     91.99%
  36  n298_349    0.00%    passed     97.64%
  37  n296_347    0.00%    passed     99.21%
  38  n236_267    0.00%    passed     95.52%
****  TOTAL       0.00%  0 sequences failed composition chi2 test (p-value<5%; df=3)
NOTE: 3 identical sequences (see below) will be ignored for subsequent analysis
NOTE: n294_341 (identical to n293_340) is ignored but added at the end
NOTE: n289_334 (identical to n290_335) is ignored but added at the end
NOTE: n300_353 (identical to n299_352) is ignored but added at the end

Create initial parsimony tree by phylogenetic likelihood library (PLL)... 0.001 seconds

NOTE: 1 MB RAM is required!
Estimate model parameters (epsilon = 0.100)
1. Initial log-likelihood: -2467.355
2. Current log-likelihood: -2411.197
3. Current log-likelihood: -2410.661
Optimal log-likelihood: -2410.581
Rate parameters:  A-C: 0.995  A-G: 1.155  A-T: 0.866  C-G: 1.147  C-T: 1.571  G-T: 1.000
Base frequencies:   A: 0.259  C: 0.261  G: 0.252  T: 0.228
Gamma shape alpha: 79.827
Parameters optimization took 3 rounds (0.038 sec)
--------------------------------------------------------------------
|             INITIALIZING CANDIDATE TREE SET                      |
--------------------------------------------------------------------
Computing ML distances based on estimated model parameters... 0.004 sec
Computing BIONJ tree...
0.001 seconds
Log-likelihood of BIONJ tree: -2410.581
Generating 98 parsimony trees... 0.156 seconds 92 distinct starting trees
Computing log-likelihood of 92 initial trees ... 0.296 seconds
Optimizing top 20 initial trees with NNI...
Iteration 1 / LogL: -2410.581 / Time: 0h:0m:0s
Estimate model parameters (epsilon = 0.100)
BETTER SCORE FOUND at iteration 1: -2410.496
Iteration 2 / LogL: -2410.497 / Time: 0h:0m:0s
Iteration 3 / LogL: -2410.571 / Time: 0h:0m:0s
Iteration 4 / LogL: -2410.571 / Time: 0h:0m:0s
Iteration 5 / LogL: -2410.571 / Time: 0h:0m:0s
Iteration 6 / LogL: -2410.571 / Time: 0h:0m:0s
Iteration 7 / LogL: -2410.571 / Time: 0h:0m:0s
Iteration 8 / LogL: -2410.571 / Time: 0h:0m:0s
Iteration 9 / LogL: -2410.571 / Time: 0h:0m:0s
Iteration 10 / LogL: -2410.571 / Time: 0h:0m:0s
Iteration 11 / LogL: -2410.571 / Time: 0h:0m:0s
Iteration 12 / LogL: -2410.571 / Time: 0h:0m:0s
Iteration 13 / LogL: -2410.571 / Time: 0h:0m:0s
Iteration 14 / LogL: -2410.571 / Time: 0h:0m:0s
Iteration 15 / LogL: -2410.571 / Time: 0h:0m:0s
Iteration 16 / LogL: -2410.571 / Time: 0h:0m:0s
Iteration 17 / LogL: -2410.571 / Time: 0h:0m:0s
Iteration 18 / LogL: -2410.571 / Time: 0h:0m:0s
Iteration 19 / LogL: -2410.571 / Time: 0h:0m:0s
Iteration 20 / LogL: -2410.571 / Time: 0h:0m:0s
Average CPU time for 1 NNI search: 0.009
Finish initializing candidate tree set. Number of distinct locally optimal trees: 20
Current best tree score: -2410.496 / CPU time: 0.632
--------------------------------------------------------------------
|               OPTIMIZING CANDIDATE TREE SET                      |
--------------------------------------------------------------------
Iteration 30 / LogL: -2410.496 / Time: 0h:0m:0s (0h:0m:2s left)
Iteration 40 / LogL: -2410.496 / Time: 0h:0m:1s (0h:0m:1s left)
Iteration 50 / LogL: -2410.496 / Time: 0h:0m:1s (0h:0m:1s left)
Iteration 60 / LogL: -2410.574 / Time: 0h:0m:1s (0h:0m:1s left)
Iteration 70 / LogL: -2410.660 / Time: 0h:0m:2s (0h:0m:0s left)
Iteration 80 / LogL: -2410.512 / Time: 0h:0m:2s (0h:0m:0s left)
Iteration 90 / LogL: -2410.616 / Time: 0h:0m:2s (0h:0m:0s left)
Iteration 100 / LogL: -2517.329 / Time: 0h:0m:2s (0h:0m:0s left)
TREE SEARCH COMPLETED AFTER 101 ITERATIONS / Time: 0h:0m:2s

--------------------------------------------------------------------
|                    FINALIZING TREE SEARCH                        |
--------------------------------------------------------------------
Performs final model parameters optimization
Estimate model parameters (epsilon = 0.010)
1. Initial log-likelihood: -2410.495
2. Current log-likelihood: -2410.473
Optimal log-likelihood: -2410.465
Rate parameters:  A-C: 1.000  A-G: 1.125  A-T: 0.807  C-G: 1.118  C-T: 1.509  G-T: 1.000
Base frequencies:   A: 0.259  C: 0.261  G: 0.252  T: 0.228
Gamma shape alpha: 84.036
Parameters optimization took 2 rounds (0.022 sec)
BEST SCORE FOUND : -2410.465

Testing tree branches by SH-like aLRT with 1000 replicates...
CPU Time used:  0.156 sec.
Total tree length: 1.386

Total number of iterations: 101
CPU time used for tree search: 2.820 sec (0h:0m:2s)
Wall-clock time used for tree search: 2.819 sec (0h:0m:2s)
Total CPU time used: 3.064 sec (0h:0m:3s)
Total wall-clock time used: 3.065 sec (0h:0m:3s)

Analysis results written to: 
  IQ-TREE report:                ../simulations/data_D1T2L3I5T4//S/760_pruned.fasta.iqtree
  Maximum-likelihood tree:       ../simulations/data_D1T2L3I5T4//S/760_pruned.fasta.treefile
  Likelihood distances:          ../simulations/data_D1T2L3I5T4//S/760_pruned.fasta.mldist
  Screen log file:               ../simulations/data_D1T2L3I5T4//S/760_pruned.fasta.log

Date and Time: Fri May 25 14:12:51 2018
