IQ-TREE version 1.4.2 for Linux 64-bit built Apr 15 2016
Copyright (c) 2011-2015 Nguyen Lam Tung, Olga Chernomor, Arndt von Haeseler and Bui Quang Minh.

Host:    meduse (AVX2, FMA3, 7 GB RAM)
Command: /home/tannier/programs/iqtree/iqtree-1.4.2-Linux/bin//iqtree -s ../simulations/data_D1T2L3I5T4//S/762_pruned.fasta -m GTR+G -alrt 1000 -redo
Seed:    550641 (Using SPRNG - Scalable Parallel Random Number Generator)
Time:    Fri May 25 14:22:15 2018
Kernel:  AVX

NOTE: Consider using the multicore version because your CPU has 4 cores!

Reading alignment file ../simulations/data_D1T2L3I5T4//S/762_pruned.fasta ... Fasta format detected
Alignment most likely contains DNA/RNA sequences
Alignment has 38 sequences with 300 columns and 214 patterns (177 informative sites)
          Gap/Ambiguity  Composition  p-value
   1  n251_284    0.00%    passed     41.03%
   2  n289_336    0.00%    passed     87.05%
   3  n286_329    0.00%    passed     66.21%
   4  n297_350    0.00%    passed     84.32%
   5  n295_344    0.00%    passed     95.99%
   6  n200_225    0.00%    passed     94.60%
   7  n293_342    0.00%    passed     86.98%
   8  n265_300    0.00%    passed     94.28%
   9  n277_318    0.00%    passed     69.80%
  10  n200_227    0.00%    passed     81.40%
  11  n293_340    0.00%    passed     87.60%
  12  n296_345    0.00%    passed     96.77%
  13  n295_346    0.00%    passed     89.27%
  14  n287_330    0.00%    passed     96.21%
  15  n266_301    0.00%    passed     96.57%
  16  n275_314    0.00%    passed     88.82%
  17  n297_348    0.00%    passed     92.75%
  18  n255_288    0.00%    passed     37.33%
  19  n236_265    0.00%    passed     99.96%
  20  n278_319    0.00%    passed     67.75%
  21  n294_343    0.00%    passed     86.98%
  22  n274_313    0.00%    passed     64.71%
  23  n290_335    0.00%    passed     96.82%
  24  n285_328    0.00%    passed     58.26%
  25  n280_321    0.00%    passed     90.12%
  26  n298_351    0.00%    passed     90.13%
  27  n289_334    0.00%    passed     96.82%
  28  n299_352    0.00%    passed     90.12%
  29  n275_316    0.00%    passed     86.98%
  30  n294_341    0.00%    passed     89.17%
  31  n300_353    0.00%    passed     90.12%
  32  n244_277    0.00%    passed     48.03%
  33  n292_339    0.00%    passed     90.12%
  34  n287_332    0.00%    passed     92.69%
  35  n298_349    0.00%    passed     93.57%
  36  n296_347    0.00%    passed     86.31%
  37  n290_337    0.00%    passed     90.54%
  38  n236_267    0.00%    passed     98.82%
****  TOTAL       0.00%  0 sequences failed composition chi2 test (p-value<5%; df=3)
NOTE: 5 identical sequences (see below) will be ignored for subsequent analysis
NOTE: n294_343 (identical to n293_342) is ignored but added at the end
NOTE: n289_334 (identical to n290_335) is ignored but added at the end
NOTE: n299_352 (identical to n280_321) is ignored but added at the end
NOTE: n300_353 (identical to n280_321) is ignored but added at the end
NOTE: n292_339 (identical to n280_321) is ignored but added at the end

Create initial parsimony tree by phylogenetic likelihood library (PLL)... 0.001 seconds

NOTE: 1 MB RAM is required!
Estimate model parameters (epsilon = 0.100)
1. Initial log-likelihood: -2628.249
2. Current log-likelihood: -2558.461
3. Current log-likelihood: -2557.457
Optimal log-likelihood: -2557.436
Rate parameters:  A-C: 1.235  A-G: 1.242  A-T: 0.939  C-G: 1.428  C-T: 1.437  G-T: 1.000
Base frequencies:   A: 0.238  C: 0.274  G: 0.229  T: 0.259
Gamma shape alpha: 41.020
Parameters optimization took 3 rounds (0.036 sec)
--------------------------------------------------------------------
|             INITIALIZING CANDIDATE TREE SET                      |
--------------------------------------------------------------------
Computing ML distances based on estimated model parameters... 0.004 sec
Computing BIONJ tree...
0.001 seconds
Log-likelihood of BIONJ tree: -2557.850
Generating 98 parsimony trees... 0.143 seconds 94 distinct starting trees
Computing log-likelihood of 94 initial trees ... 0.295 seconds
Optimizing top 20 initial trees with NNI...
Iteration 1 / LogL: -2556.764 / Time: 0h:0m:0s
Estimate model parameters (epsilon = 0.100)
BETTER SCORE FOUND at iteration 1: -2556.753
Iteration 2 / LogL: -2556.757 / Time: 0h:0m:0s
Iteration 3 / LogL: -2556.757 / Time: 0h:0m:0s
Iteration 4 / LogL: -2556.757 / Time: 0h:0m:0s
Iteration 5 / LogL: -2556.757 / Time: 0h:0m:0s
Iteration 6 / LogL: -2556.757 / Time: 0h:0m:0s
Iteration 7 / LogL: -2556.757 / Time: 0h:0m:0s
Iteration 8 / LogL: -2556.757 / Time: 0h:0m:0s
Iteration 9 / LogL: -2556.757 / Time: 0h:0m:0s
Iteration 10 / LogL: -2556.757 / Time: 0h:0m:0s
Iteration 11 / LogL: -2556.757 / Time: 0h:0m:0s
Iteration 12 / LogL: -2556.757 / Time: 0h:0m:0s
Iteration 13 / LogL: -2556.757 / Time: 0h:0m:0s
Iteration 14 / LogL: -2556.757 / Time: 0h:0m:0s
Iteration 15 / LogL: -2556.757 / Time: 0h:0m:0s
Iteration 16 / LogL: -2556.757 / Time: 0h:0m:0s
Iteration 17 / LogL: -2556.757 / Time: 0h:0m:0s
Iteration 18 / LogL: -2556.757 / Time: 0h:0m:0s
Iteration 19 / LogL: -2556.757 / Time: 0h:0m:0s
Iteration 20 / LogL: -2556.757 / Time: 0h:0m:0s
Average CPU time for 1 NNI search: 0.009
Finish initializing candidate tree set. Number of distinct locally optimal trees: 20
Current best tree score: -2556.753 / CPU time: 0.612
--------------------------------------------------------------------
|               OPTIMIZING CANDIDATE TREE SET                      |
--------------------------------------------------------------------
Iteration 30 / LogL: -2588.465 / Time: 0h:0m:0s (0h:0m:2s left)
Iteration 40 / LogL: -2556.754 / Time: 0h:0m:1s (0h:0m:1s left)
Iteration 50 / LogL: -2556.754 / Time: 0h:0m:1s (0h:0m:1s left)
Iteration 60 / LogL: -2556.754 / Time: 0h:0m:1s (0h:0m:1s left)
Iteration 70 / LogL: -2556.753 / Time: 0h:0m:1s (0h:0m:0s left)
Iteration 80 / LogL: -2556.753 / Time: 0h:0m:2s (0h:0m:0s left)
Iteration 90 / LogL: -2556.754 / Time: 0h:0m:2s (0h:0m:0s left)
Iteration 100 / LogL: -2556.791 / Time: 0h:0m:2s (0h:0m:0s left)
TREE SEARCH COMPLETED AFTER 101 ITERATIONS / Time: 0h:0m:2s

--------------------------------------------------------------------
|                    FINALIZING TREE SEARCH                        |
--------------------------------------------------------------------
Performs final model parameters optimization
Estimate model parameters (epsilon = 0.010)
1. Initial log-likelihood: -2556.753
Optimal log-likelihood: -2556.752
Rate parameters:  A-C: 1.252  A-G: 1.245  A-T: 0.946  C-G: 1.448  C-T: 1.458  G-T: 1.000
Base frequencies:   A: 0.238  C: 0.274  G: 0.229  T: 0.259
Gamma shape alpha: 44.240
Parameters optimization took 1 rounds (0.010 sec)
BEST SCORE FOUND : -2556.752

Testing tree branches by SH-like aLRT with 1000 replicates...
CPU Time used:  0.156 sec.
Total tree length: 1.594

Total number of iterations: 101
CPU time used for tree search: 2.660 sec (0h:0m:2s)
Wall-clock time used for tree search: 2.660 sec (0h:0m:2s)
Total CPU time used: 2.884 sec (0h:0m:2s)
Total wall-clock time used: 2.883 sec (0h:0m:2s)

Analysis results written to: 
  IQ-TREE report:                ../simulations/data_D1T2L3I5T4//S/762_pruned.fasta.iqtree
  Maximum-likelihood tree:       ../simulations/data_D1T2L3I5T4//S/762_pruned.fasta.treefile
  Likelihood distances:          ../simulations/data_D1T2L3I5T4//S/762_pruned.fasta.mldist
  Screen log file:               ../simulations/data_D1T2L3I5T4//S/762_pruned.fasta.log

Date and Time: Fri May 25 14:22:18 2018
