IQ-TREE version 1.4.2 for Linux 64-bit built Apr 15 2016
Copyright (c) 2011-2015 Nguyen Lam Tung, Olga Chernomor, Arndt von Haeseler and Bui Quang Minh.

Host:    meduse (AVX2, FMA3, 7 GB RAM)
Command: /home/tannier/programs/iqtree/iqtree-1.4.2-Linux/bin//iqtree -s ../simulations/data_D1T2L3I5T4//S/763_pruned.fasta -m GTR+G -alrt 1000 -redo
Seed:    87448 (Using SPRNG - Scalable Parallel Random Number Generator)
Time:    Fri May 25 14:28:48 2018
Kernel:  AVX

NOTE: Consider using the multicore version because your CPU has 4 cores!

Reading alignment file ../simulations/data_D1T2L3I5T4//S/763_pruned.fasta ... Fasta format detected
Alignment most likely contains DNA/RNA sequences
Alignment has 38 sequences with 300 columns and 203 patterns (172 informative sites)
          Gap/Ambiguity  Composition  p-value
   1  n251_284    0.00%    passed     86.82%
   2  n289_336    0.00%    passed     99.94%
   3  n286_329    0.00%    passed     79.10%
   4  n297_350    0.00%    passed     98.80%
   5  n295_344    0.00%    passed     92.44%
   6  n200_225    0.00%    passed     98.35%
   7  n293_342    0.00%    passed     98.84%
   8  n265_300    0.00%    passed     86.36%
   9  n277_318    0.00%    passed     98.61%
  10  n200_227    0.00%    passed     99.97%
  11  n293_340    0.00%    passed     94.49%
  12  n296_345    0.00%    passed     92.59%
  13  n295_346    0.00%    passed     99.94%
  14  n287_330    0.00%    passed     83.30%
  15  n266_301    0.00%    passed     88.61%
  16  n275_314    0.00%    passed     94.49%
  17  n297_348    0.00%    passed     91.31%
  18  n255_288    0.00%    passed     95.01%
  19  n236_265    0.00%    passed     97.80%
  20  n278_319    0.00%    passed     99.77%
  21  n294_343    0.00%    passed     99.77%
  22  n274_313    0.00%    passed     93.26%
  23  n290_335    0.00%    passed     84.45%
  24  n285_328    0.00%    passed     93.26%
  25  n280_321    0.00%    passed     93.20%
  26  n298_351    0.00%    passed     99.45%
  27  n289_334    0.00%    passed     87.84%
  28  n299_352    0.00%    passed     93.86%
  29  n275_316    0.00%    passed     99.96%
  30  n294_341    0.00%    passed     92.00%
  31  n300_353    0.00%    passed     93.86%
  32  n244_277    0.00%    passed     61.59%
  33  n292_339    0.00%    passed     93.86%
  34  n287_332    0.00%    passed     99.82%
  35  n298_349    0.00%    passed     91.31%
  36  n296_347    0.00%    passed     98.31%
  37  n290_337    0.00%    passed     99.02%
  38  n236_267    0.00%    passed     98.05%
****  TOTAL       0.00%  0 sequences failed composition chi2 test (p-value<5%; df=3)
NOTE: 5 identical sequences (see below) will be ignored for subsequent analysis
NOTE: n295_346 (identical to n289_336) is ignored but added at the end
NOTE: n275_314 (identical to n293_340) is ignored but added at the end
NOTE: n298_349 (identical to n297_348) is ignored but added at the end
NOTE: n300_353 (identical to n299_352) is ignored but added at the end
NOTE: n292_339 (identical to n299_352) is ignored but added at the end

Create initial parsimony tree by phylogenetic likelihood library (PLL)... 0.002 seconds

NOTE: 0 MB RAM is required!
Estimate model parameters (epsilon = 0.100)
1. Initial log-likelihood: -2422.185
2. Current log-likelihood: -2368.377
3. Current log-likelihood: -2367.978
Optimal log-likelihood: -2367.960
Rate parameters:  A-C: 1.282  A-G: 1.469  A-T: 1.492  C-G: 1.547  C-T: 1.792  G-T: 1.000
Base frequencies:   A: 0.251  C: 0.275  G: 0.212  T: 0.262
Gamma shape alpha: 7.832
Parameters optimization took 3 rounds (0.034 sec)
--------------------------------------------------------------------
|             INITIALIZING CANDIDATE TREE SET                      |
--------------------------------------------------------------------
Computing ML distances based on estimated model parameters... 0.004 sec
Computing BIONJ tree...
0.001 seconds
Log-likelihood of BIONJ tree: -2368.296
Generating 98 parsimony trees... 0.143 seconds 86 distinct starting trees
Computing log-likelihood of 86 initial trees ... 0.269 seconds
Optimizing top 20 initial trees with NNI...
Iteration 1 / LogL: -2367.576 / Time: 0h:0m:0s
Estimate model parameters (epsilon = 0.100)
BETTER SCORE FOUND at iteration 1: -2367.530
Iteration 2 / LogL: -2367.534 / Time: 0h:0m:0s
Iteration 3 / LogL: -2367.534 / Time: 0h:0m:0s
Iteration 4 / LogL: -2367.534 / Time: 0h:0m:0s
Iteration 5 / LogL: -2367.534 / Time: 0h:0m:0s
Iteration 6 / LogL: -2367.534 / Time: 0h:0m:0s
Iteration 7 / LogL: -2367.534 / Time: 0h:0m:0s
Iteration 8 / LogL: -2367.534 / Time: 0h:0m:0s
Iteration 9 / LogL: -2367.534 / Time: 0h:0m:0s
Iteration 10 / LogL: -2367.534 / Time: 0h:0m:0s
Iteration 11 / LogL: -2367.534 / Time: 0h:0m:0s
Iteration 12 / LogL: -2367.534 / Time: 0h:0m:0s
Iteration 13 / LogL: -2367.534 / Time: 0h:0m:0s
Iteration 14 / LogL: -2367.534 / Time: 0h:0m:0s
Iteration 15 / LogL: -2367.534 / Time: 0h:0m:0s
Iteration 16 / LogL: -2367.534 / Time: 0h:0m:0s
Iteration 17 / LogL: -2367.534 / Time: 0h:0m:0s
Iteration 18 / LogL: -2367.534 / Time: 0h:0m:0s
Iteration 19 / LogL: -2367.534 / Time: 0h:0m:0s
Iteration 20 / LogL: -2367.534 / Time: 0h:0m:0s
Average CPU time for 1 NNI search: 0.010
Finish initializing candidate tree set. Number of distinct locally optimal trees: 20
Current best tree score: -2367.530 / CPU time: 0.604
--------------------------------------------------------------------
|               OPTIMIZING CANDIDATE TREE SET                      |
--------------------------------------------------------------------
Iteration 30 / LogL: -2367.531 / Time: 0h:0m:0s (0h:0m:2s left)
Iteration 40 / LogL: -2367.533 / Time: 0h:0m:1s (0h:0m:1s left)
Iteration 50 / LogL: -2367.531 / Time: 0h:0m:1s (0h:0m:1s left)
Iteration 60 / LogL: -2368.271 / Time: 0h:0m:1s (0h:0m:1s left)
Iteration 70 / LogL: -2367.550 / Time: 0h:0m:2s (0h:0m:0s left)
Iteration 80 / LogL: -2367.533 / Time: 0h:0m:2s (0h:0m:0s left)
Iteration 90 / LogL: -2367.552 / Time: 0h:0m:2s (0h:0m:0s left)
Iteration 100 / LogL: -2377.673 / Time: 0h:0m:2s (0h:0m:0s left)
TREE SEARCH COMPLETED AFTER 101 ITERATIONS / Time: 0h:0m:2s

--------------------------------------------------------------------
|                    FINALIZING TREE SEARCH                        |
--------------------------------------------------------------------
Performs final model parameters optimization
Estimate model parameters (epsilon = 0.010)
1. Initial log-likelihood: -2367.530
2. Current log-likelihood: -2367.515
Optimal log-likelihood: -2367.506
Rate parameters:  A-C: 1.285  A-G: 1.448  A-T: 1.423  C-G: 1.515  C-T: 1.736  G-T: 1.000
Base frequencies:   A: 0.251  C: 0.275  G: 0.212  T: 0.262
Gamma shape alpha: 7.987
Parameters optimization took 2 rounds (0.021 sec)
BEST SCORE FOUND : -2367.506

Testing tree branches by SH-like aLRT with 1000 replicates...
CPU Time used:  0.152 sec.
Total tree length: 1.412

Total number of iterations: 101
CPU time used for tree search: 2.780 sec (0h:0m:2s)
Wall-clock time used for tree search: 2.788 sec (0h:0m:2s)
Total CPU time used: 3.012 sec (0h:0m:3s)
Total wall-clock time used: 3.018 sec (0h:0m:3s)

Analysis results written to: 
  IQ-TREE report:                ../simulations/data_D1T2L3I5T4//S/763_pruned.fasta.iqtree
  Maximum-likelihood tree:       ../simulations/data_D1T2L3I5T4//S/763_pruned.fasta.treefile
  Likelihood distances:          ../simulations/data_D1T2L3I5T4//S/763_pruned.fasta.mldist
  Screen log file:               ../simulations/data_D1T2L3I5T4//S/763_pruned.fasta.log

Date and Time: Fri May 25 14:28:51 2018
