IQ-TREE version 1.4.2 for Linux 64-bit built Apr 15 2016
Copyright (c) 2011-2015 Nguyen Lam Tung, Olga Chernomor, Arndt von Haeseler and Bui Quang Minh.

Host:    meduse (AVX2, FMA3, 7 GB RAM)
Command: /home/tannier/programs/iqtree/iqtree-1.4.2-Linux/bin//iqtree -s ../simulations/data_D1T2L3I5T4//S/768_pruned.fasta -m GTR+G -alrt 1000 -redo
Seed:    399442 (Using SPRNG - Scalable Parallel Random Number Generator)
Time:    Fri May 25 14:14:12 2018
Kernel:  AVX

NOTE: Consider using the multicore version because your CPU has 4 cores!

Reading alignment file ../simulations/data_D1T2L3I5T4//S/768_pruned.fasta ... Fasta format detected
Alignment most likely contains DNA/RNA sequences
Alignment has 26 sequences with 300 columns and 176 patterns (154 informative sites)
          Gap/Ambiguity  Composition  p-value
   1  n236_237    0.00%    passed     97.46%
   2  n266_267    0.00%    passed     88.94%
   3  n296_297    0.00%    passed     97.45%
   4  n277_278    0.00%    passed     86.83%
   5  n290_291    0.00%    passed     99.74%
   6  n255_256    0.00%    passed     41.28%
   7  n295_296    0.00%    passed     96.60%
   8  n286_287    0.00%    passed     86.65%
   9  n298_299    0.00%    passed     92.43%
  10  n299_300    0.00%    passed     75.98%
  11  n287_288    0.00%    passed     99.68%
  12  n278_279    0.00%    passed     83.49%
  13  n292_293    0.00%    passed     73.04%
  14  n265_266    0.00%    passed     71.77%
  15  n289_290    0.00%    passed     99.68%
  16  n293_294    0.00%    passed     89.57%
  17  n280_281    0.00%    passed     82.97%
  18  n274_275    0.00%    passed     91.00%
  19  n275_276    0.00%    passed     96.44%
  20  n285_286    0.00%    passed     89.65%
  21  n294_295    0.00%    passed     97.45%
  22  n297_298    0.00%    passed     96.44%
  23  n244_245    0.00%    passed     65.39%
  24  n251_252    0.00%    passed     32.23%
  25  n200_201    0.00%    passed     67.34%
  26  n300_301    0.00%    passed     69.74%
****  TOTAL       0.00%  0 sequences failed composition chi2 test (p-value<5%; df=3)
NOTE: 2 identical sequences (see below) will be ignored for subsequent analysis
NOTE: n289_290 (identical to n287_288) is ignored but added at the end
NOTE: n297_298 (identical to n275_276) is ignored but added at the end

Create initial parsimony tree by phylogenetic likelihood library (PLL)... 0.001 seconds

NOTE: 0 MB RAM is required!
Estimate model parameters (epsilon = 0.100)
1. Initial log-likelihood: -2053.721
2. Current log-likelihood: -1993.860
3. Current log-likelihood: -1993.370
Optimal log-likelihood: -1993.364
Rate parameters:  A-C: 1.300  A-G: 1.378  A-T: 1.374  C-G: 1.191  C-T: 1.346  G-T: 1.000
Base frequencies:   A: 0.223  C: 0.261  G: 0.254  T: 0.262
Gamma shape alpha: 319.574
Parameters optimization took 3 rounds (0.024 sec)
--------------------------------------------------------------------
|             INITIALIZING CANDIDATE TREE SET                      |
--------------------------------------------------------------------
Computing ML distances based on estimated model parameters... 0.000 sec
Computing BIONJ tree...
0.001 seconds
Log-likelihood of BIONJ tree: -1993.364
Generating 98 parsimony trees... 0.086 seconds 61 distinct starting trees
Computing log-likelihood of 61 initial trees ... 0.119 seconds
Optimizing top 20 initial trees with NNI...
Iteration 1 / LogL: -1993.364 / Time: 0h:0m:0s
Estimate model parameters (epsilon = 0.100)
BETTER SCORE FOUND at iteration 1: -1993.361
Iteration 2 / LogL: -1993.363 / Time: 0h:0m:0s
Iteration 3 / LogL: -1993.364 / Time: 0h:0m:0s
Iteration 4 / LogL: -1993.364 / Time: 0h:0m:0s
Iteration 5 / LogL: -1993.364 / Time: 0h:0m:0s
Iteration 6 / LogL: -1993.364 / Time: 0h:0m:0s
Iteration 7 / LogL: -1993.364 / Time: 0h:0m:0s
Iteration 8 / LogL: -1993.364 / Time: 0h:0m:0s
Iteration 9 / LogL: -1993.364 / Time: 0h:0m:0s
Iteration 10 / LogL: -1993.364 / Time: 0h:0m:0s
Iteration 11 / LogL: -1993.364 / Time: 0h:0m:0s
Iteration 12 / LogL: -1993.364 / Time: 0h:0m:0s
Iteration 13 / LogL: -1993.364 / Time: 0h:0m:0s
Iteration 14 / LogL: -1993.364 / Time: 0h:0m:0s
Iteration 15 / LogL: -1993.364 / Time: 0h:0m:0s
Iteration 16 / LogL: -1993.364 / Time: 0h:0m:0s
Iteration 17 / LogL: -1993.364 / Time: 0h:0m:0s
Iteration 18 / LogL: -1993.364 / Time: 0h:0m:0s
Iteration 19 / LogL: -1993.364 / Time: 0h:0m:0s
Iteration 20 / LogL: -1993.364 / Time: 0h:0m:0s
Average CPU time for 1 NNI search: 0.005
Finish initializing candidate tree set. Number of distinct locally optimal trees: 20
Current best tree score: -1993.361 / CPU time: 0.308
--------------------------------------------------------------------
|               OPTIMIZING CANDIDATE TREE SET                      |
--------------------------------------------------------------------
Iteration 30 / LogL: -1993.362 / Time: 0h:0m:0s (0h:0m:1s left)
Iteration 40 / LogL: -1999.358 / Time: 0h:0m:0s (0h:0m:0s left)
Iteration 50 / LogL: -2020.529 / Time: 0h:0m:0s (0h:0m:0s left)
Iteration 60 / LogL: -2003.232 / Time: 0h:0m:0s (0h:0m:0s left)
Iteration 70 / LogL: -1993.362 / Time: 0h:0m:1s (0h:0m:0s left)
Iteration 80 / LogL: -1993.377 / Time: 0h:0m:1s (0h:0m:0s left)
Iteration 90 / LogL: -2003.309 / Time: 0h:0m:1s (0h:0m:0s left)
Iteration 100 / LogL: -1993.362 / Time: 0h:0m:1s (0h:0m:0s left)
TREE SEARCH COMPLETED AFTER 101 ITERATIONS / Time: 0h:0m:1s

--------------------------------------------------------------------
|                    FINALIZING TREE SEARCH                        |
--------------------------------------------------------------------
Performs final model parameters optimization
Estimate model parameters (epsilon = 0.010)
1. Initial log-likelihood: -1993.361
Optimal log-likelihood: -1993.359
Rate parameters:  A-C: 1.287  A-G: 1.366  A-T: 1.363  C-G: 1.184  C-T: 1.333  G-T: 1.000
Base frequencies:   A: 0.223  C: 0.261  G: 0.254  T: 0.262
Gamma shape alpha: 348.397
Parameters optimization took 1 rounds (0.006 sec)
BEST SCORE FOUND : -1993.359

Testing tree branches by SH-like aLRT with 1000 replicates...
CPU Time used:  0.104 sec.
Total tree length: 1.190

Total number of iterations: 101
CPU time used for tree search: 1.464 sec (0h:0m:1s)
Wall-clock time used for tree search: 1.463 sec (0h:0m:1s)
Total CPU time used: 1.616 sec (0h:0m:1s)
Total wall-clock time used: 1.614 sec (0h:0m:1s)

Analysis results written to: 
  IQ-TREE report:                ../simulations/data_D1T2L3I5T4//S/768_pruned.fasta.iqtree
  Maximum-likelihood tree:       ../simulations/data_D1T2L3I5T4//S/768_pruned.fasta.treefile
  Likelihood distances:          ../simulations/data_D1T2L3I5T4//S/768_pruned.fasta.mldist
  Screen log file:               ../simulations/data_D1T2L3I5T4//S/768_pruned.fasta.log

Date and Time: Fri May 25 14:14:14 2018
