IQ-TREE version 1.4.2 for Linux 64-bit built Apr 15 2016
Copyright (c) 2011-2015 Nguyen Lam Tung, Olga Chernomor, Arndt von Haeseler and Bui Quang Minh.

Host:    meduse (AVX2, FMA3, 7 GB RAM)
Command: /home/tannier/programs/iqtree/iqtree-1.4.2-Linux/bin//iqtree -s ../simulations/data_D1T2L3I5T4//S/777_pruned.fasta -m GTR+G -alrt 1000 -redo
Seed:    207422 (Using SPRNG - Scalable Parallel Random Number Generator)
Time:    Fri May 25 14:35:19 2018
Kernel:  AVX

NOTE: Consider using the multicore version because your CPU has 4 cores!

Reading alignment file ../simulations/data_D1T2L3I5T4//S/777_pruned.fasta ... Fasta format detected
Alignment most likely contains DNA/RNA sequences
Alignment has 30 sequences with 300 columns and 189 patterns (174 informative sites)
          Gap/Ambiguity  Composition  p-value
   1  n289_336    0.00%    passed     88.23%
   2  n266_309    0.00%    passed     87.48%
   3  n300_347    0.00%    passed     82.25%
   4  n286_333    0.00%    passed     78.25%
   5  n292_339    0.00%    passed     80.91%
   6  n255_296    0.00%    passed     96.17%
   7  n274_319    0.00%    passed     75.86%
   8  n278_323    0.00%    passed     75.43%
   9  n285_332    0.00%    passed     80.58%
  10  n293_340    0.00%    passed     80.36%
  11  n200_231    0.00%    passed     77.40%
  12  n251_292    0.00%    passed     93.55%
  13  n275_320    0.00%    passed     87.40%
  14  n277_322    0.00%    passed     81.92%
  15  n236_273    0.00%    passed     98.11%
  16  n287_334    0.00%    passed     80.36%
  17  n296_343    0.00%    passed     84.08%
  18  n244_281    0.00%    passed     81.91%
  19  n265_308    0.00%    passed     96.01%
  20  n297_344    0.00%    passed     76.56%
  21  n295_342    0.00%    passed     84.08%
  22  n265_310    0.00%    passed     95.91%
  23  n266_311    0.00%    passed     89.39%
  24  n294_341    0.00%    passed     86.26%
  25  n280_325    0.00%    passed     82.25%
  26  n298_345    0.00%    passed     76.73%
  27  n285_330    0.00%    passed     84.49%
  28  n299_346    0.00%    passed     81.06%
  29  n286_331    0.00%    passed     88.20%
  30  n290_337    0.00%    passed     84.08%
****  TOTAL       0.00%  0 sequences failed composition chi2 test (p-value<5%; df=3)
NOTE: 3 identical sequences (see below) will be ignored for subsequent analysis
NOTE: n280_325 (identical to n300_347) is ignored but added at the end
NOTE: n295_342 (identical to n296_343) is ignored but added at the end
NOTE: n290_337 (identical to n296_343) is ignored but added at the end

Create initial parsimony tree by phylogenetic likelihood library (PLL)... 0.001 seconds

NOTE: 0 MB RAM is required!
Estimate model parameters (epsilon = 0.100)
1. Initial log-likelihood: -2251.275
2. Current log-likelihood: -2206.283
3. Current log-likelihood: -2205.952
Optimal log-likelihood: -2205.947
Rate parameters:  A-C: 1.661  A-G: 1.223  A-T: 1.604  C-G: 1.310  C-T: 1.567  G-T: 1.000
Base frequencies:   A: 0.215  C: 0.302  G: 0.241  T: 0.243
Gamma shape alpha: 20.440
Parameters optimization took 3 rounds (0.028 sec)
--------------------------------------------------------------------
|             INITIALIZING CANDIDATE TREE SET                      |
--------------------------------------------------------------------
Computing ML distances based on estimated model parameters... 0.000 sec
Computing BIONJ tree...
0.001 seconds
Log-likelihood of BIONJ tree: -2205.642
Generating 98 parsimony trees... 0.104 seconds 76 distinct starting trees
Computing log-likelihood of 76 initial trees ... 0.175 seconds
Optimizing top 20 initial trees with NNI...
Iteration 1 / LogL: -2205.366 / Time: 0h:0m:0s
Estimate model parameters (epsilon = 0.100)
BETTER SCORE FOUND at iteration 1: -2205.296
Iteration 2 / LogL: -2205.298 / Time: 0h:0m:0s
Iteration 3 / LogL: -2205.298 / Time: 0h:0m:0s
Iteration 4 / LogL: -2205.298 / Time: 0h:0m:0s
Iteration 5 / LogL: -2205.298 / Time: 0h:0m:0s
Iteration 6 / LogL: -2205.298 / Time: 0h:0m:0s
Iteration 7 / LogL: -2205.298 / Time: 0h:0m:0s
Iteration 8 / LogL: -2205.298 / Time: 0h:0m:0s
Iteration 9 / LogL: -2205.298 / Time: 0h:0m:0s
Iteration 10 / LogL: -2205.298 / Time: 0h:0m:0s
Iteration 11 / LogL: -2205.298 / Time: 0h:0m:0s
Iteration 12 / LogL: -2205.298 / Time: 0h:0m:0s
Iteration 13 / LogL: -2205.298 / Time: 0h:0m:0s
Iteration 14 / LogL: -2205.298 / Time: 0h:0m:0s
Iteration 15 / LogL: -2205.298 / Time: 0h:0m:0s
Iteration 16 / LogL: -2205.298 / Time: 0h:0m:0s
Iteration 17 / LogL: -2205.298 / Time: 0h:0m:0s
Iteration 18 / LogL: -2205.298 / Time: 0h:0m:0s
Iteration 19 / LogL: -2205.298 / Time: 0h:0m:0s
Iteration 20 / LogL: -2205.298 / Time: 0h:0m:0s
Average CPU time for 1 NNI search: 0.006
Finish initializing candidate tree set. Number of distinct locally optimal trees: 20
Current best tree score: -2205.296 / CPU time: 0.404
--------------------------------------------------------------------
|               OPTIMIZING CANDIDATE TREE SET                      |
--------------------------------------------------------------------
Iteration 30 / LogL: -2205.296 / Time: 0h:0m:0s (0h:0m:1s left)
Iteration 40 / LogL: -2205.297 / Time: 0h:0m:0s (0h:0m:1s left)
Iteration 50 / LogL: -2205.296 / Time: 0h:0m:0s (0h:0m:1s left)
Iteration 60 / LogL: -2207.487 / Time: 0h:0m:1s (0h:0m:0s left)
Iteration 70 / LogL: -2205.306 / Time: 0h:0m:1s (0h:0m:0s left)
Iteration 80 / LogL: -2205.298 / Time: 0h:0m:1s (0h:0m:0s left)
Iteration 90 / LogL: -2205.296 / Time: 0h:0m:1s (0h:0m:0s left)
Iteration 100 / LogL: -2235.418 / Time: 0h:0m:1s (0h:0m:0s left)
TREE SEARCH COMPLETED AFTER 101 ITERATIONS / Time: 0h:0m:1s

--------------------------------------------------------------------
|                    FINALIZING TREE SEARCH                        |
--------------------------------------------------------------------
Performs final model parameters optimization
Estimate model parameters (epsilon = 0.010)
1. Initial log-likelihood: -2205.296
Optimal log-likelihood: -2205.294
Rate parameters:  A-C: 1.607  A-G: 1.190  A-T: 1.616  C-G: 1.336  C-T: 1.561  G-T: 1.000
Base frequencies:   A: 0.215  C: 0.302  G: 0.241  T: 0.243
Gamma shape alpha: 31.513
Parameters optimization took 1 rounds (0.005 sec)
BEST SCORE FOUND : -2205.294

Testing tree branches by SH-like aLRT with 1000 replicates...
CPU Time used:  0.132 sec.
Total tree length: 1.330

Total number of iterations: 101
CPU time used for tree search: 1.808 sec (0h:0m:1s)
Wall-clock time used for tree search: 1.811 sec (0h:0m:1s)
Total CPU time used: 1.996 sec (0h:0m:1s)
Total wall-clock time used: 1.997 sec (0h:0m:1s)

Analysis results written to: 
  IQ-TREE report:                ../simulations/data_D1T2L3I5T4//S/777_pruned.fasta.iqtree
  Maximum-likelihood tree:       ../simulations/data_D1T2L3I5T4//S/777_pruned.fasta.treefile
  Likelihood distances:          ../simulations/data_D1T2L3I5T4//S/777_pruned.fasta.mldist
  Screen log file:               ../simulations/data_D1T2L3I5T4//S/777_pruned.fasta.log

Date and Time: Fri May 25 14:35:21 2018
