IQ-TREE version 1.4.2 for Linux 64-bit built Apr 15 2016
Copyright (c) 2011-2015 Nguyen Lam Tung, Olga Chernomor, Arndt von Haeseler and Bui Quang Minh.

Host:    meduse (AVX2, FMA3, 7 GB RAM)
Command: /home/tannier/programs/iqtree/iqtree-1.4.2-Linux/bin//iqtree -s ../simulations/data_D1T2L3I5T4//S/783_pruned.fasta -m GTR+G -alrt 1000 -redo
Seed:    275686 (Using SPRNG - Scalable Parallel Random Number Generator)
Time:    Fri May 25 14:20:40 2018
Kernel:  AVX

NOTE: Consider using the multicore version because your CPU has 4 cores!

Reading alignment file ../simulations/data_D1T2L3I5T4//S/783_pruned.fasta ... Fasta format detected
Alignment most likely contains DNA/RNA sequences
Alignment has 26 sequences with 300 columns and 184 patterns (157 informative sites)
          Gap/Ambiguity  Composition  p-value
   1  n236_237    0.00%    passed     95.41%
   2  n266_267    0.00%    passed     79.28%
   3  n296_297    0.00%    passed     96.52%
   4  n277_278    0.00%    passed     89.58%
   5  n290_291    0.00%    passed     98.11%
   6  n255_256    0.00%    passed     99.31%
   7  n295_296    0.00%    passed     98.01%
   8  n286_287    0.00%    passed     70.71%
   9  n298_299    0.00%    passed     98.15%
  10  n299_300    0.00%    passed     70.11%
  11  n287_288    0.00%    passed     96.85%
  12  n278_279    0.00%    passed     79.20%
  13  n292_293    0.00%    passed     70.11%
  14  n265_266    0.00%    passed     76.09%
  15  n289_290    0.00%    passed     97.28%
  16  n293_294    0.00%    passed     95.24%
  17  n280_281    0.00%    passed     75.54%
  18  n274_275    0.00%    passed     63.73%
  19  n275_276    0.00%    passed     98.63%
  20  n285_286    0.00%    passed     70.71%
  21  n294_295    0.00%    passed     96.66%
  22  n297_298    0.00%    passed     95.94%
  23  n244_245    0.00%    passed     68.74%
  24  n251_252    0.00%    passed     96.34%
  25  n200_201    0.00%    passed     94.05%
  26  n300_301    0.00%    passed     70.11%
****  TOTAL       0.00%  0 sequences failed composition chi2 test (p-value<5%; df=3)
NOTE: 1 identical sequences (see below) will be ignored for subsequent analysis
NOTE: n300_301 (identical to n299_300) is ignored but added at the end

Create initial parsimony tree by phylogenetic likelihood library (PLL)... 0.001 seconds

NOTE: 0 MB RAM is required!
Estimate model parameters (epsilon = 0.100)
1. Initial log-likelihood: -2150.414
2. Current log-likelihood: -2099.425
3. Current log-likelihood: -2099.072
Optimal log-likelihood: -2099.067
Rate parameters:  A-C: 0.896  A-G: 0.687  A-T: 0.655  C-G: 0.824  C-T: 0.966  G-T: 1.000
Base frequencies:   A: 0.288  C: 0.254  G: 0.229  T: 0.228
Gamma shape alpha: 10.684
Parameters optimization took 3 rounds (0.030 sec)
--------------------------------------------------------------------
|             INITIALIZING CANDIDATE TREE SET                      |
--------------------------------------------------------------------
Computing ML distances based on estimated model parameters... 0.004 sec
Computing BIONJ tree...
0.000 seconds
Log-likelihood of BIONJ tree: -2099.067
Generating 98 parsimony trees... 0.095 seconds 66 distinct starting trees
Computing log-likelihood of 66 initial trees ... 0.138 seconds
Optimizing top 20 initial trees with NNI...
Iteration 1 / LogL: -2099.002 / Time: 0h:0m:0s
Estimate model parameters (epsilon = 0.100)
BETTER TREE FOUND at iteration 1: -2098.989
Iteration 2 / LogL: -2098.989 / Time: 0h:0m:0s
Iteration 3 / LogL: -2098.994 / Time: 0h:0m:0s
Iteration 4 / LogL: -2098.994 / Time: 0h:0m:0s
Iteration 5 / LogL: -2098.994 / Time: 0h:0m:0s
Iteration 6 / LogL: -2098.994 / Time: 0h:0m:0s
Iteration 7 / LogL: -2098.994 / Time: 0h:0m:0s
Iteration 8 / LogL: -2098.989 / Time: 0h:0m:0s
Iteration 9 / LogL: -2098.989 / Time: 0h:0m:0s
Iteration 10 / LogL: -2098.989 / Time: 0h:0m:0s
Iteration 11 / LogL: -2098.989 / Time: 0h:0m:0s
Iteration 12 / LogL: -2098.989 / Time: 0h:0m:0s
Iteration 13 / LogL: -2098.989 / Time: 0h:0m:0s
Iteration 14 / LogL: -2098.989 / Time: 0h:0m:0s
Iteration 15 / LogL: -2098.989 / Time: 0h:0m:0s
Iteration 16 / LogL: -2098.989 / Time: 0h:0m:0s
Iteration 17 / LogL: -2098.989 / Time: 0h:0m:0s
Iteration 18 / LogL: -2098.989 / Time: 0h:0m:0s
Iteration 19 / LogL: -2098.989 / Time: 0h:0m:0s
Iteration 20 / LogL: -2098.989 / Time: 0h:0m:0s
Average CPU time for 1 NNI search: 0.006
Finish initializing candidate tree set. Number of distinct locally optimal trees: 16
Current best tree score: -2098.989 / CPU time: 0.356
--------------------------------------------------------------------
|               OPTIMIZING CANDIDATE TREE SET                      |
--------------------------------------------------------------------
Iteration 30 / LogL: -2098.989 / Time: 0h:0m:0s (0h:0m:1s left)
Iteration 40 / LogL: -2098.989 / Time: 0h:0m:0s (0h:0m:1s left)
Iteration 50 / LogL: -2098.993 / Time: 0h:0m:0s (0h:0m:0s left)
Iteration 60 / LogL: -2098.989 / Time: 0h:0m:1s (0h:0m:0s left)
Iteration 70 / LogL: -2098.996 / Time: 0h:0m:1s (0h:0m:0s left)
Iteration 80 / LogL: -2098.989 / Time: 0h:0m:1s (0h:0m:0s left)
Iteration 90 / LogL: -2104.140 / Time: 0h:0m:1s (0h:0m:0s left)
Iteration 100 / LogL: -2098.990 / Time: 0h:0m:1s (0h:0m:0s left)
TREE SEARCH COMPLETED AFTER 101 ITERATIONS / Time: 0h:0m:1s

--------------------------------------------------------------------
|                    FINALIZING TREE SEARCH                        |
--------------------------------------------------------------------
Performs final model parameters optimization
Estimate model parameters (epsilon = 0.010)
1. Initial log-likelihood: -2098.989
Optimal log-likelihood: -2098.987
Rate parameters:  A-C: 0.894  A-G: 0.686  A-T: 0.656  C-G: 0.827  C-T: 0.986  G-T: 1.000
Base frequencies:   A: 0.288  C: 0.254  G: 0.229  T: 0.228
Gamma shape alpha: 11.282
Parameters optimization took 1 rounds (0.006 sec)
BEST SCORE FOUND : -2098.987

Testing tree branches by SH-like aLRT with 1000 replicates...
CPU Time used:  0.112 sec.
Total tree length: 1.248

Total number of iterations: 101
CPU time used for tree search: 1.804 sec (0h:0m:1s)
Wall-clock time used for tree search: 1.808 sec (0h:0m:1s)
Total CPU time used: 1.972 sec (0h:0m:1s)
Total wall-clock time used: 1.974 sec (0h:0m:1s)

Analysis results written to: 
  IQ-TREE report:                ../simulations/data_D1T2L3I5T4//S/783_pruned.fasta.iqtree
  Maximum-likelihood tree:       ../simulations/data_D1T2L3I5T4//S/783_pruned.fasta.treefile
  Likelihood distances:          ../simulations/data_D1T2L3I5T4//S/783_pruned.fasta.mldist
  Screen log file:               ../simulations/data_D1T2L3I5T4//S/783_pruned.fasta.log

Date and Time: Fri May 25 14:20:42 2018
