IQ-TREE version 1.4.2 for Linux 64-bit built Apr 15 2016
Copyright (c) 2011-2015 Nguyen Lam Tung, Olga Chernomor, Arndt von Haeseler and Bui Quang Minh.

Host:    meduse (AVX2, FMA3, 7 GB RAM)
Command: /home/tannier/programs/iqtree/iqtree-1.4.2-Linux/bin//iqtree -s ../simulations/data_D1T2L3I5T4//S/785_pruned.fasta -m GTR+G -alrt 1000 -redo
Seed:    900118 (Using SPRNG - Scalable Parallel Random Number Generator)
Time:    Fri May 25 14:20:33 2018
Kernel:  AVX

NOTE: Consider using the multicore version because your CPU has 4 cores!

Reading alignment file ../simulations/data_D1T2L3I5T4//S/785_pruned.fasta ... Fasta format detected
Alignment most likely contains DNA/RNA sequences
Alignment has 26 sequences with 300 columns and 176 patterns (148 informative sites)
          Gap/Ambiguity  Composition  p-value
   1  n236_237    0.00%    passed     81.39%
   2  n266_267    0.00%    passed     46.33%
   3  n296_297    0.00%    passed     66.36%
   4  n277_278    0.00%    passed     74.22%
   5  n290_291    0.00%    passed     52.12%
   6  n255_256    0.00%    passed     62.03%
   7  n295_296    0.00%    passed     66.36%
   8  n286_287    0.00%    passed     97.22%
   9  n298_299    0.00%    passed     78.08%
  10  n299_300    0.00%    passed     54.43%
  11  n287_288    0.00%    passed     60.31%
  12  n278_279    0.00%    passed     68.99%
  13  n292_293    0.00%    passed     54.43%
  14  n265_266    0.00%    passed     40.16%
  15  n289_290    0.00%    passed     60.36%
  16  n293_294    0.00%    passed     80.47%
  17  n280_281    0.00%    passed     56.13%
  18  n274_275    0.00%    passed     68.64%
  19  n275_276    0.00%    passed     78.08%
  20  n285_286    0.00%    passed     97.22%
  21  n294_295    0.00%    passed     82.89%
  22  n297_298    0.00%    passed     71.88%
  23  n244_245    0.00%    passed     91.56%
  24  n251_252    0.00%    passed     93.38%
  25  n200_201    0.00%    passed     98.80%
  26  n300_301    0.00%    passed     52.12%
****  TOTAL       0.00%  0 sequences failed composition chi2 test (p-value<5%; df=3)
NOTE: 4 identical sequences (see below) will be ignored for subsequent analysis
NOTE: n295_296 (identical to n296_297) is ignored but added at the end
NOTE: n285_286 (identical to n286_287) is ignored but added at the end
NOTE: n275_276 (identical to n298_299) is ignored but added at the end
NOTE: n292_293 (identical to n299_300) is ignored but added at the end

Create initial parsimony tree by phylogenetic likelihood library (PLL)... 0.001 seconds

NOTE: 0 MB RAM is required!
Estimate model parameters (epsilon = 0.100)
1. Initial log-likelihood: -2006.576
2. Current log-likelihood: -1969.019
3. Current log-likelihood: -1968.518
4. Current log-likelihood: -1968.325
Optimal log-likelihood: -1968.306
Rate parameters:  A-C: 0.812  A-G: 1.049  A-T: 0.718  C-G: 1.240  C-T: 1.114  G-T: 1.000
Base frequencies:   A: 0.246  C: 0.242  G: 0.249  T: 0.264
Gamma shape alpha: 4.992
Parameters optimization took 4 rounds (0.027 sec)
--------------------------------------------------------------------
|             INITIALIZING CANDIDATE TREE SET                      |
--------------------------------------------------------------------
Computing ML distances based on estimated model parameters... 0.004 sec
Computing BIONJ tree...
0.000 seconds
Log-likelihood of BIONJ tree: -1968.306
Generating 98 parsimony trees... 0.081 seconds 26 distinct starting trees
Computing log-likelihood of 26 initial trees ... 0.055 seconds
Optimizing top 20 initial trees with NNI...
Iteration 1 / LogL: -1968.307 / Time: 0h:0m:0s
Estimate model parameters (epsilon = 0.100)
BETTER SCORE FOUND at iteration 1: -1968.303
Iteration 2 / LogL: -1968.305 / Time: 0h:0m:0s
Iteration 3 / LogL: -1968.308 / Time: 0h:0m:0s
Iteration 4 / LogL: -1968.308 / Time: 0h:0m:0s
Iteration 5 / LogL: -1968.308 / Time: 0h:0m:0s
Iteration 6 / LogL: -1968.308 / Time: 0h:0m:0s
Iteration 7 / LogL: -1968.308 / Time: 0h:0m:0s
Iteration 8 / LogL: -1968.308 / Time: 0h:0m:0s
Iteration 9 / LogL: -1968.308 / Time: 0h:0m:0s
Iteration 10 / LogL: -1968.308 / Time: 0h:0m:0s
Iteration 11 / LogL: -1968.308 / Time: 0h:0m:0s
Iteration 12 / LogL: -1968.308 / Time: 0h:0m:0s
Iteration 13 / LogL: -1968.308 / Time: 0h:0m:0s
Iteration 14 / LogL: -1968.308 / Time: 0h:0m:0s
Iteration 15 / LogL: -1968.308 / Time: 0h:0m:0s
Iteration 16 / LogL: -1968.308 / Time: 0h:0m:0s
Iteration 17 / LogL: -1968.308 / Time: 0h:0m:0s
Iteration 18 / LogL: -1968.308 / Time: 0h:0m:0s
Iteration 19 / LogL: -1968.308 / Time: 0h:0m:0s
Iteration 20 / LogL: -1968.308 / Time: 0h:0m:0s
Average CPU time for 1 NNI search: 0.006
Finish initializing candidate tree set. Number of distinct locally optimal trees: 20
Current best tree score: -1968.303 / CPU time: 0.256
--------------------------------------------------------------------
|               OPTIMIZING CANDIDATE TREE SET                      |
--------------------------------------------------------------------
Iteration 30 / LogL: -1968.305 / Time: 0h:0m:0s (0h:0m:1s left)
Iteration 40 / LogL: -1968.305 / Time: 0h:0m:0s (0h:0m:0s left)
Iteration 50 / LogL: -1968.319 / Time: 0h:0m:0s (0h:0m:0s left)
Iteration 60 / LogL: -1968.304 / Time: 0h:0m:0s (0h:0m:0s left)
Iteration 70 / LogL: -1971.165 / Time: 0h:0m:0s (0h:0m:0s left)
Iteration 80 / LogL: -1971.168 / Time: 0h:0m:1s (0h:0m:0s left)
Iteration 90 / LogL: -1968.310 / Time: 0h:0m:1s (0h:0m:0s left)
Iteration 100 / LogL: -1975.762 / Time: 0h:0m:1s (0h:0m:0s left)
TREE SEARCH COMPLETED AFTER 101 ITERATIONS / Time: 0h:0m:1s

--------------------------------------------------------------------
|                    FINALIZING TREE SEARCH                        |
--------------------------------------------------------------------
Performs final model parameters optimization
Estimate model parameters (epsilon = 0.010)
1. Initial log-likelihood: -1968.303
Optimal log-likelihood: -1968.302
Rate parameters:  A-C: 0.820  A-G: 1.056  A-T: 0.723  C-G: 1.249  C-T: 1.122  G-T: 1.000
Base frequencies:   A: 0.246  C: 0.242  G: 0.249  T: 0.264
Gamma shape alpha: 4.982
Parameters optimization took 1 rounds (0.005 sec)
BEST SCORE FOUND : -1968.302

Testing tree branches by SH-like aLRT with 1000 replicates...
CPU Time used:  0.096 sec.
Total tree length: 1.203

Total number of iterations: 101
CPU time used for tree search: 1.320 sec (0h:0m:1s)
Wall-clock time used for tree search: 1.322 sec (0h:0m:1s)
Total CPU time used: 1.456 sec (0h:0m:1s)
Total wall-clock time used: 1.464 sec (0h:0m:1s)

Analysis results written to: 
  IQ-TREE report:                ../simulations/data_D1T2L3I5T4//S/785_pruned.fasta.iqtree
  Maximum-likelihood tree:       ../simulations/data_D1T2L3I5T4//S/785_pruned.fasta.treefile
  Likelihood distances:          ../simulations/data_D1T2L3I5T4//S/785_pruned.fasta.mldist
  Screen log file:               ../simulations/data_D1T2L3I5T4//S/785_pruned.fasta.log

Date and Time: Fri May 25 14:20:35 2018
