IQ-TREE version 1.4.2 for Linux 64-bit built Apr 15 2016
Copyright (c) 2011-2015 Nguyen Lam Tung, Olga Chernomor, Arndt von Haeseler and Bui Quang Minh.

Host:    meduse (AVX2, FMA3, 7 GB RAM)
Command: /home/tannier/programs/iqtree/iqtree-1.4.2-Linux/bin//iqtree -s ../simulations/data_D1T2L3I5T4//S/788_pruned.fasta -m GTR+G -alrt 1000 -redo
Seed:    862867 (Using SPRNG - Scalable Parallel Random Number Generator)
Time:    Fri May 25 14:08:22 2018
Kernel:  AVX

NOTE: Consider using the multicore version because your CPU has 4 cores!

Reading alignment file ../simulations/data_D1T2L3I5T4//S/788_pruned.fasta ... Fasta format detected
Alignment most likely contains DNA/RNA sequences
Alignment has 26 sequences with 300 columns and 184 patterns (158 informative sites)
          Gap/Ambiguity  Composition  p-value
   1  n236_237    0.00%    passed     99.03%
   2  n266_267    0.00%    passed     95.29%
   3  n296_297    0.00%    passed     81.20%
   4  n277_278    0.00%    passed     88.54%
   5  n290_291    0.00%    passed     90.53%
   6  n255_256    0.00%    passed     55.36%
   7  n295_296    0.00%    passed     81.20%
   8  n286_287    0.00%    passed     94.84%
   9  n298_299    0.00%    passed     94.05%
  10  n299_300    0.00%    passed     98.90%
  11  n287_288    0.00%    passed     90.53%
  12  n278_279    0.00%    passed     91.54%
  13  n292_293    0.00%    passed     97.08%
  14  n265_266    0.00%    passed     86.51%
  15  n289_290    0.00%    passed     90.53%
  16  n293_294    0.00%    passed     96.72%
  17  n280_281    0.00%    passed     99.25%
  18  n274_275    0.00%    passed     99.16%
  19  n275_276    0.00%    passed     97.34%
  20  n285_286    0.00%    passed     85.84%
  21  n294_295    0.00%    passed     96.72%
  22  n297_298    0.00%    passed     94.70%
  23  n244_245    0.00%    passed     32.83%
  24  n251_252    0.00%    passed     74.67%
  25  n200_201    0.00%    passed     99.77%
  26  n300_301    0.00%    passed     96.69%
****  TOTAL       0.00%  0 sequences failed composition chi2 test (p-value<5%; df=3)
NOTE: 2 identical sequences (see below) will be ignored for subsequent analysis
NOTE: n295_296 (identical to n296_297) is ignored but added at the end
NOTE: n287_288 (identical to n290_291) is ignored but added at the end

Create initial parsimony tree by phylogenetic likelihood library (PLL)... 0.001 seconds

NOTE: 0 MB RAM is required!
Estimate model parameters (epsilon = 0.100)
1. Initial log-likelihood: -2077.140
2. Current log-likelihood: -2024.428
3. Current log-likelihood: -2024.014
Optimal log-likelihood: -2023.990
Rate parameters:  A-C: 1.030  A-G: 0.883  A-T: 1.242  C-G: 0.974  C-T: 1.522  G-T: 1.000
Base frequencies:   A: 0.230  C: 0.261  G: 0.291  T: 0.218
Gamma shape alpha: 74.916
Parameters optimization took 3 rounds (0.029 sec)
--------------------------------------------------------------------
|             INITIALIZING CANDIDATE TREE SET                      |
--------------------------------------------------------------------
Computing ML distances based on estimated model parameters... 0.004 sec
Computing BIONJ tree...
0.000 seconds
Log-likelihood of BIONJ tree: -2023.989
Generating 98 parsimony trees... 0.094 seconds 73 distinct starting trees
Computing log-likelihood of 73 initial trees ... 0.147 seconds
Optimizing top 20 initial trees with NNI...
Iteration 1 / LogL: -2023.990 / Time: 0h:0m:0s
Estimate model parameters (epsilon = 0.100)
BETTER SCORE FOUND at iteration 1: -2023.974
Iteration 2 / LogL: -2023.976 / Time: 0h:0m:0s
Iteration 3 / LogL: -2023.976 / Time: 0h:0m:0s
Iteration 4 / LogL: -2023.976 / Time: 0h:0m:0s
Iteration 5 / LogL: -2023.976 / Time: 0h:0m:0s
Iteration 6 / LogL: -2023.976 / Time: 0h:0m:0s
Iteration 7 / LogL: -2023.976 / Time: 0h:0m:0s
Iteration 8 / LogL: -2023.976 / Time: 0h:0m:0s
Iteration 9 / LogL: -2023.976 / Time: 0h:0m:0s
Iteration 10 / LogL: -2023.976 / Time: 0h:0m:0s
Iteration 11 / LogL: -2023.976 / Time: 0h:0m:0s
Iteration 12 / LogL: -2023.976 / Time: 0h:0m:0s
Iteration 13 / LogL: -2023.976 / Time: 0h:0m:0s
Iteration 14 / LogL: -2023.976 / Time: 0h:0m:0s
Iteration 15 / LogL: -2023.976 / Time: 0h:0m:0s
Iteration 16 / LogL: -2023.976 / Time: 0h:0m:0s
Iteration 17 / LogL: -2023.976 / Time: 0h:0m:0s
Iteration 18 / LogL: -2023.976 / Time: 0h:0m:0s
Iteration 19 / LogL: -2023.976 / Time: 0h:0m:0s
Iteration 20 / LogL: -2023.976 / Time: 0h:0m:0s
Average CPU time for 1 NNI search: 0.005
Finish initializing candidate tree set. Number of distinct locally optimal trees: 20
Current best tree score: -2023.974 / CPU time: 0.352
--------------------------------------------------------------------
|               OPTIMIZING CANDIDATE TREE SET                      |
--------------------------------------------------------------------
Iteration 30 / LogL: -2023.977 / Time: 0h:0m:0s (0h:0m:1s left)
Iteration 40 / LogL: -2023.975 / Time: 0h:0m:0s (0h:0m:1s left)
Iteration 50 / LogL: -2024.001 / Time: 0h:0m:0s (0h:0m:0s left)
Iteration 60 / LogL: -2023.977 / Time: 0h:0m:0s (0h:0m:0s left)
Iteration 70 / LogL: -2023.981 / Time: 0h:0m:1s (0h:0m:0s left)
Iteration 80 / LogL: -2024.062 / Time: 0h:0m:1s (0h:0m:0s left)
Iteration 90 / LogL: -2023.974 / Time: 0h:0m:1s (0h:0m:0s left)
Iteration 100 / LogL: -2023.976 / Time: 0h:0m:1s (0h:0m:0s left)
TREE SEARCH COMPLETED AFTER 101 ITERATIONS / Time: 0h:0m:1s

--------------------------------------------------------------------
|                    FINALIZING TREE SEARCH                        |
--------------------------------------------------------------------
Performs final model parameters optimization
Estimate model parameters (epsilon = 0.010)
1. Initial log-likelihood: -2023.974
Optimal log-likelihood: -2023.965
Rate parameters:  A-C: 1.045  A-G: 0.902  A-T: 1.261  C-G: 0.987  C-T: 1.545  G-T: 1.000
Base frequencies:   A: 0.230  C: 0.261  G: 0.291  T: 0.218
Gamma shape alpha: 76.349
Parameters optimization took 1 rounds (0.005 sec)
BEST SCORE FOUND : -2023.965

Testing tree branches by SH-like aLRT with 1000 replicates...
CPU Time used:  0.108 sec.
Total tree length: 1.166

Total number of iterations: 101
CPU time used for tree search: 1.456 sec (0h:0m:1s)
Wall-clock time used for tree search: 1.452 sec (0h:0m:1s)
Total CPU time used: 1.608 sec (0h:0m:1s)
Total wall-clock time used: 1.610 sec (0h:0m:1s)

Analysis results written to: 
  IQ-TREE report:                ../simulations/data_D1T2L3I5T4//S/788_pruned.fasta.iqtree
  Maximum-likelihood tree:       ../simulations/data_D1T2L3I5T4//S/788_pruned.fasta.treefile
  Likelihood distances:          ../simulations/data_D1T2L3I5T4//S/788_pruned.fasta.mldist
  Screen log file:               ../simulations/data_D1T2L3I5T4//S/788_pruned.fasta.log

Date and Time: Fri May 25 14:08:24 2018
