IQ-TREE version 1.4.2 for Linux 64-bit built Apr 15 2016
Copyright (c) 2011-2015 Nguyen Lam Tung, Olga Chernomor, Arndt von Haeseler and Bui Quang Minh.

Host:    meduse (AVX2, FMA3, 7 GB RAM)
Command: /home/tannier/programs/iqtree/iqtree-1.4.2-Linux/bin//iqtree -s ../simulations/data_D1T2L3I5T4//S/78_pruned.fasta -m GTR+G -alrt 1000 -redo
Seed:    638577 (Using SPRNG - Scalable Parallel Random Number Generator)
Time:    Fri May 25 14:20:46 2018
Kernel:  AVX

NOTE: Consider using the multicore version because your CPU has 4 cores!

Reading alignment file ../simulations/data_D1T2L3I5T4//S/78_pruned.fasta ... Fasta format detected
Alignment most likely contains DNA/RNA sequences
Alignment has 26 sequences with 300 columns and 177 patterns (157 informative sites)
          Gap/Ambiguity  Composition  p-value
   1  n251_254    0.00%    passed     53.85%
   2  n277_280    0.00%    passed     99.68%
   3  n286_289    0.00%    passed     99.39%
   4  n274_277    0.00%    passed     69.44%
   5  n287_290    0.00%    passed     80.44%
   6  n236_239    0.00%    passed     97.21%
   7  n200_203    0.00%    passed     97.05%
   8  n296_299    0.00%    passed     89.57%
   9  n295_298    0.00%    passed     89.57%
  10  n275_278    0.00%    passed     89.57%
  11  n266_269    0.00%    passed     76.71%
  12  n244_247    0.00%    passed     86.23%
  13  n285_288    0.00%    passed     99.76%
  14  n280_283    0.00%    passed     59.08%
  15  n299_302    0.00%    passed     65.39%
  16  n290_293    0.00%    passed     71.53%
  17  n298_301    0.00%    passed     91.45%
  18  n292_295    0.00%    passed     60.14%
  19  n289_292    0.00%    passed     71.53%
  20  n297_300    0.00%    passed     94.60%
  21  n255_258    0.00%    passed     25.76%
  22  n265_268    0.00%    passed     87.58%
  23  n300_303    0.00%    passed     60.14%
  24  n278_281    0.00%    passed     96.40%
  25  n293_296    0.00%    passed     86.80%
  26  n294_297    0.00%    passed     78.98%
****  TOTAL       0.00%  0 sequences failed composition chi2 test (p-value<5%; df=3)
NOTE: 3 identical sequences (see below) will be ignored for subsequent analysis
NOTE: n295_298 (identical to n296_299) is ignored but added at the end
NOTE: n289_292 (identical to n290_293) is ignored but added at the end
NOTE: n300_303 (identical to n292_295) is ignored but added at the end

Create initial parsimony tree by phylogenetic likelihood library (PLL)... 0.001 seconds

NOTE: 0 MB RAM is required!
Estimate model parameters (epsilon = 0.100)
1. Initial log-likelihood: -2040.337
2. Current log-likelihood: -1990.786
3. Current log-likelihood: -1990.161
Optimal log-likelihood: -1990.139
Rate parameters:  A-C: 1.398  A-G: 0.926  A-T: 0.867  C-G: 1.060  C-T: 1.482  G-T: 1.000
Base frequencies:   A: 0.241  C: 0.261  G: 0.264  T: 0.233
Gamma shape alpha: 49.631
Parameters optimization took 3 rounds (0.030 sec)
--------------------------------------------------------------------
|             INITIALIZING CANDIDATE TREE SET                      |
--------------------------------------------------------------------
Computing ML distances based on estimated model parameters... 0.000 sec
Computing BIONJ tree...
0.000 seconds
Log-likelihood of BIONJ tree: -1990.139
Generating 98 parsimony trees... 0.077 seconds 9 distinct starting trees
Computing log-likelihood of 9 initial trees ... 0.014 seconds
Optimizing top 9 initial trees with NNI...
Iteration 1 / LogL: -1990.139 / Time: 0h:0m:0s
Estimate model parameters (epsilon = 0.100)
BETTER SCORE FOUND at iteration 1: -1990.093
Iteration 2 / LogL: -1990.095 / Time: 0h:0m:0s
Iteration 3 / LogL: -1990.095 / Time: 0h:0m:0s
Iteration 4 / LogL: -1990.098 / Time: 0h:0m:0s
Iteration 5 / LogL: -1990.098 / Time: 0h:0m:0s
Iteration 6 / LogL: -1990.098 / Time: 0h:0m:0s
Iteration 7 / LogL: -1990.098 / Time: 0h:0m:0s
Iteration 8 / LogL: -1990.098 / Time: 0h:0m:0s
Iteration 9 / LogL: -1990.098 / Time: 0h:0m:0s
Average CPU time for 1 NNI search: 0.007
Finish initializing candidate tree set. Number of distinct locally optimal trees: 3
Current best tree score: -1990.093 / CPU time: 0.148
--------------------------------------------------------------------
|               OPTIMIZING CANDIDATE TREE SET                      |
--------------------------------------------------------------------
Iteration 10 / LogL: -1991.237 / Time: 0h:0m:0s
Iteration 20 / LogL: -1990.202 / Time: 0h:0m:0s (0h:0m:1s left)
Iteration 30 / LogL: -1990.450 / Time: 0h:0m:0s (0h:0m:1s left)
Iteration 40 / LogL: -2274.824 / Time: 0h:0m:0s (0h:0m:0s left)
Iteration 50 / LogL: -1990.138 / Time: 0h:0m:0s (0h:0m:0s left)
Iteration 60 / LogL: -2034.885 / Time: 0h:0m:0s (0h:0m:0s left)
Iteration 70 / LogL: -1990.094 / Time: 0h:0m:1s (0h:0m:0s left)
Iteration 80 / LogL: -1990.094 / Time: 0h:0m:1s (0h:0m:0s left)
Iteration 90 / LogL: -2073.583 / Time: 0h:0m:1s (0h:0m:0s left)
Iteration 100 / LogL: -1990.128 / Time: 0h:0m:1s (0h:0m:0s left)
TREE SEARCH COMPLETED AFTER 101 ITERATIONS / Time: 0h:0m:1s

--------------------------------------------------------------------
|                    FINALIZING TREE SEARCH                        |
--------------------------------------------------------------------
Performs final model parameters optimization
Estimate model parameters (epsilon = 0.010)
1. Initial log-likelihood: -1990.093
Optimal log-likelihood: -1990.088
Rate parameters:  A-C: 1.407  A-G: 0.918  A-T: 0.906  C-G: 1.061  C-T: 1.506  G-T: 1.000
Base frequencies:   A: 0.241  C: 0.261  G: 0.264  T: 0.233
Gamma shape alpha: 52.355
Parameters optimization took 1 rounds (0.004 sec)
BEST SCORE FOUND : -1990.088

Testing tree branches by SH-like aLRT with 1000 replicates...
CPU Time used:  0.096 sec.
Total tree length: 1.187

Total number of iterations: 101
CPU time used for tree search: 1.460 sec (0h:0m:1s)
Wall-clock time used for tree search: 1.465 sec (0h:0m:1s)
Total CPU time used: 1.604 sec (0h:0m:1s)
Total wall-clock time used: 1.614 sec (0h:0m:1s)

Analysis results written to: 
  IQ-TREE report:                ../simulations/data_D1T2L3I5T4//S/78_pruned.fasta.iqtree
  Maximum-likelihood tree:       ../simulations/data_D1T2L3I5T4//S/78_pruned.fasta.treefile
  Likelihood distances:          ../simulations/data_D1T2L3I5T4//S/78_pruned.fasta.mldist
  Screen log file:               ../simulations/data_D1T2L3I5T4//S/78_pruned.fasta.log

Date and Time: Fri May 25 14:20:48 2018
