IQ-TREE version 1.4.2 for Linux 64-bit built Apr 15 2016
Copyright (c) 2011-2015 Nguyen Lam Tung, Olga Chernomor, Arndt von Haeseler and Bui Quang Minh.

Host:    meduse (AVX2, FMA3, 7 GB RAM)
Command: /home/tannier/programs/iqtree/iqtree-1.4.2-Linux/bin//iqtree -s ../simulations/data_D1T2L3I5T4//S/790_pruned.fasta -m GTR+G -alrt 1000 -redo
Seed:    85864 (Using SPRNG - Scalable Parallel Random Number Generator)
Time:    Fri May 25 14:24:22 2018
Kernel:  AVX

NOTE: Consider using the multicore version because your CPU has 4 cores!

Reading alignment file ../simulations/data_D1T2L3I5T4//S/790_pruned.fasta ... Fasta format detected
Alignment most likely contains DNA/RNA sequences
Alignment has 27 sequences with 300 columns and 196 patterns (166 informative sites)
          Gap/Ambiguity  Composition  p-value
   1  n236_237    0.00%    passed     98.03%
   2  n287_292    0.00%    passed     86.45%
   3  n277_282    0.00%    passed     76.19%
   4  n251_254    0.00%    passed     69.19%
   5  n299_304    0.00%    passed     77.12%
   6  n292_297    0.00%    passed     78.09%
   7  n290_295    0.00%    passed     86.19%
   8  n200_201    0.00%    passed     69.76%
   9  n295_300    0.00%    passed     98.78%
  10  n285_290    0.00%    passed     88.52%
  11  n296_301    0.00%    passed     96.94%
  12  n265_270    0.00%    passed     86.05%
  13  n300_305    0.00%    passed     68.34%
  14  n293_298    0.00%    passed     68.32%
  15  n289_294    0.00%    passed     88.14%
  16  n251_256    0.00%    passed     90.87%
  17  n294_299    0.00%    passed     68.32%
  18  n298_303    0.00%    passed     78.48%
  19  n278_283    0.00%    passed     73.34%
  20  n266_271    0.00%    passed     93.39%
  21  n280_285    0.00%    passed     77.15%
  22  n244_245    0.00%    passed     94.34%
  23  n255_260    0.00%    passed     81.51%
  24  n297_302    0.00%    passed     85.93%
  25  n286_291    0.00%    passed     91.74%
  26  n274_279    0.00%    passed     71.87%
  27  n275_280    0.00%    passed     95.94%
****  TOTAL       0.00%  0 sequences failed composition chi2 test (p-value<5%; df=3)
NOTE: 1 identical sequences (see below) will be ignored for subsequent analysis
NOTE: n294_299 (identical to n293_298) is ignored but added at the end

Create initial parsimony tree by phylogenetic likelihood library (PLL)... 0.001 seconds

NOTE: 0 MB RAM is required!
Estimate model parameters (epsilon = 0.100)
1. Initial log-likelihood: -2198.744
2. Current log-likelihood: -2148.088
3. Current log-likelihood: -2147.119
Optimal log-likelihood: -2147.108
Rate parameters:  A-C: 0.929  A-G: 0.992  A-T: 1.156  C-G: 0.901  C-T: 1.152  G-T: 1.000
Base frequencies:   A: 0.228  C: 0.282  G: 0.260  T: 0.230
Gamma shape alpha: 998.198
Parameters optimization took 3 rounds (0.024 sec)
--------------------------------------------------------------------
|             INITIALIZING CANDIDATE TREE SET                      |
--------------------------------------------------------------------
Computing ML distances based on estimated model parameters... 0.000 sec
Computing BIONJ tree...
0.001 seconds
Log-likelihood of BIONJ tree: -2148.521
Generating 98 parsimony trees... 0.112 seconds 92 distinct starting trees
Computing log-likelihood of 92 initial trees ... 0.207 seconds
Optimizing top 20 initial trees with NNI...
Iteration 1 / LogL: -2146.896 / Time: 0h:0m:0s
Estimate model parameters (epsilon = 0.100)
BETTER SCORE FOUND at iteration 1: -2146.869
Iteration 2 / LogL: -2146.871 / Time: 0h:0m:0s
Iteration 3 / LogL: -2146.871 / Time: 0h:0m:0s
Iteration 4 / LogL: -2146.871 / Time: 0h:0m:0s
Iteration 5 / LogL: -2146.871 / Time: 0h:0m:0s
Iteration 6 / LogL: -2146.871 / Time: 0h:0m:0s
Iteration 7 / LogL: -2146.871 / Time: 0h:0m:0s
Iteration 8 / LogL: -2146.871 / Time: 0h:0m:0s
Iteration 9 / LogL: -2146.871 / Time: 0h:0m:0s
Iteration 10 / LogL: -2146.871 / Time: 0h:0m:0s
Iteration 11 / LogL: -2146.871 / Time: 0h:0m:0s
Iteration 12 / LogL: -2146.871 / Time: 0h:0m:0s
Iteration 13 / LogL: -2146.871 / Time: 0h:0m:0s
Iteration 14 / LogL: -2146.871 / Time: 0h:0m:0s
Iteration 15 / LogL: -2146.871 / Time: 0h:0m:0s
Iteration 16 / LogL: -2146.871 / Time: 0h:0m:0s
Iteration 17 / LogL: -2146.871 / Time: 0h:0m:0s
Iteration 18 / LogL: -2146.871 / Time: 0h:0m:0s
Iteration 19 / LogL: -2146.871 / Time: 0h:0m:0s
Iteration 20 / LogL: -2146.871 / Time: 0h:0m:0s
Average CPU time for 1 NNI search: 0.006
Finish initializing candidate tree set. Number of distinct locally optimal trees: 20
Current best tree score: -2146.869 / CPU time: 0.440
--------------------------------------------------------------------
|               OPTIMIZING CANDIDATE TREE SET                      |
--------------------------------------------------------------------
Iteration 30 / LogL: -2150.485 / Time: 0h:0m:0s (0h:0m:1s left)
Iteration 40 / LogL: -2146.877 / Time: 0h:0m:0s (0h:0m:1s left)
Iteration 50 / LogL: -2146.869 / Time: 0h:0m:0s (0h:0m:1s left)
Iteration 60 / LogL: -2146.868 / Time: 0h:0m:1s (0h:0m:0s left)
Iteration 70 / LogL: -2146.871 / Time: 0h:0m:1s (0h:0m:0s left)
Iteration 80 / LogL: -2146.872 / Time: 0h:0m:1s (0h:0m:0s left)
Iteration 90 / LogL: -2146.880 / Time: 0h:0m:1s (0h:0m:0s left)
Iteration 100 / LogL: -2146.869 / Time: 0h:0m:1s (0h:0m:0s left)
TREE SEARCH COMPLETED AFTER 101 ITERATIONS / Time: 0h:0m:1s

--------------------------------------------------------------------
|                    FINALIZING TREE SEARCH                        |
--------------------------------------------------------------------
Performs final model parameters optimization
Estimate model parameters (epsilon = 0.010)
1. Initial log-likelihood: -2146.868
Optimal log-likelihood: -2146.867
Rate parameters:  A-C: 0.953  A-G: 1.009  A-T: 1.167  C-G: 0.890  C-T: 1.154  G-T: 1.000
Base frequencies:   A: 0.228  C: 0.282  G: 0.260  T: 0.230
Gamma shape alpha: 998.198
Parameters optimization took 1 rounds (0.007 sec)
BEST SCORE FOUND : -2146.867

Testing tree branches by SH-like aLRT with 1000 replicates...
CPU Time used:  0.124 sec.
Total tree length: 1.298

Total number of iterations: 101
CPU time used for tree search: 1.816 sec (0h:0m:1s)
Wall-clock time used for tree search: 1.816 sec (0h:0m:1s)
Total CPU time used: 1.984 sec (0h:0m:1s)
Total wall-clock time used: 1.987 sec (0h:0m:1s)

Analysis results written to: 
  IQ-TREE report:                ../simulations/data_D1T2L3I5T4//S/790_pruned.fasta.iqtree
  Maximum-likelihood tree:       ../simulations/data_D1T2L3I5T4//S/790_pruned.fasta.treefile
  Likelihood distances:          ../simulations/data_D1T2L3I5T4//S/790_pruned.fasta.mldist
  Screen log file:               ../simulations/data_D1T2L3I5T4//S/790_pruned.fasta.log

Date and Time: Fri May 25 14:24:24 2018
