IQ-TREE version 1.4.2 for Linux 64-bit built Apr 15 2016
Copyright (c) 2011-2015 Nguyen Lam Tung, Olga Chernomor, Arndt von Haeseler and Bui Quang Minh.

Host:    meduse (AVX2, FMA3, 7 GB RAM)
Command: /home/tannier/programs/iqtree/iqtree-1.4.2-Linux/bin//iqtree -s ../simulations/data_D1T2L3I5T4//S/797_pruned.fasta -m GTR+G -alrt 1000 -redo
Seed:    55194 (Using SPRNG - Scalable Parallel Random Number Generator)
Time:    Fri May 25 14:24:44 2018
Kernel:  AVX

NOTE: Consider using the multicore version because your CPU has 4 cores!

Reading alignment file ../simulations/data_D1T2L3I5T4//S/797_pruned.fasta ... Fasta format detected
Alignment most likely contains DNA/RNA sequences
Alignment has 30 sequences with 300 columns and 188 patterns (169 informative sites)
          Gap/Ambiguity  Composition  p-value
   1  n266_309    0.00%    passed     99.05%
   2  n296_341    0.00%    passed     98.99%
   3  n200_229    0.00%    passed     92.31%
   4  n293_338    0.00%    passed     97.60%
   5  n278_321    0.00%    passed     94.85%
   6  n244_279    0.00%    passed     48.53%
   7  n298_343    0.00%    passed     99.33%
   8  n297_342    0.00%    passed     99.33%
   9  n300_345    0.00%    passed     97.48%
  10  n295_340    0.00%    passed     98.99%
  11  n236_271    0.00%    passed     87.34%
  12  n294_339    0.00%    passed     98.82%
  13  n275_318    0.00%    passed     97.73%
  14  n255_294    0.00%    passed     96.46%
  15  n251_290    0.00%    passed     91.62%
  16  n265_306    0.00%    passed     68.18%
  17  n287_332    0.00%    passed     99.54%
  18  n265_308    0.00%    passed     95.05%
  19  n277_320    0.00%    passed     97.62%
  20  n290_335    0.00%    passed     99.08%
  21  n285_328    0.00%    passed     98.61%
  22  n274_317    0.00%    passed     97.44%
  23  n299_344    0.00%    passed     96.61%
  24  n280_323    0.00%    passed     96.61%
  25  n289_334    0.00%    passed     99.91%
  26  n286_329    0.00%    passed     94.61%
  27  n285_330    0.00%    passed     98.61%
  28  n266_307    0.00%    passed     78.59%
  29  n286_331    0.00%    passed     96.37%
  30  n292_337    0.00%    passed     99.54%
****  TOTAL       0.00%  0 sequences failed composition chi2 test (p-value<5%; df=3)
NOTE: 2 identical sequences (see below) will be ignored for subsequent analysis
NOTE: n295_340 (identical to n296_341) is ignored but added at the end
NOTE: n297_342 (identical to n298_343) is ignored but added at the end

Create initial parsimony tree by phylogenetic likelihood library (PLL)... 0.002 seconds

NOTE: 0 MB RAM is required!
Estimate model parameters (epsilon = 0.100)
1. Initial log-likelihood: -2273.156
2. Current log-likelihood: -2240.679
3. Current log-likelihood: -2240.421
Optimal log-likelihood: -2240.343
Rate parameters:  A-C: 1.032  A-G: 0.887  A-T: 1.057  C-G: 0.763  C-T: 1.146  G-T: 1.000
Base frequencies:   A: 0.229  C: 0.269  G: 0.285  T: 0.217
Gamma shape alpha: 2.592
Parameters optimization took 3 rounds (0.030 sec)
--------------------------------------------------------------------
|             INITIALIZING CANDIDATE TREE SET                      |
--------------------------------------------------------------------
Computing ML distances based on estimated model parameters... 0.004 sec
Computing BIONJ tree...
0.001 seconds
Log-likelihood of BIONJ tree: -2238.160
Generating 98 parsimony trees... 0.103 seconds 18 distinct starting trees
Computing log-likelihood of 18 initial trees ... 0.045 seconds
Optimizing top 18 initial trees with NNI...
Iteration 1 / LogL: -2238.161 / Time: 0h:0m:0s
Estimate model parameters (epsilon = 0.100)
BETTER SCORE FOUND at iteration 1: -2238.068
Iteration 2 / LogL: -2238.078 / Time: 0h:0m:0s
Iteration 3 / LogL: -2238.078 / Time: 0h:0m:0s
Iteration 4 / LogL: -2238.068 / Time: 0h:0m:0s
Iteration 5 / LogL: -2238.068 / Time: 0h:0m:0s
Iteration 6 / LogL: -2238.472 / Time: 0h:0m:0s
Iteration 7 / LogL: -2238.472 / Time: 0h:0m:0s
Iteration 8 / LogL: -2238.472 / Time: 0h:0m:0s
Iteration 9 / LogL: -2238.472 / Time: 0h:0m:0s
Iteration 10 / LogL: -2238.472 / Time: 0h:0m:0s
Iteration 11 / LogL: -2238.472 / Time: 0h:0m:0s
Iteration 12 / LogL: -2238.068 / Time: 0h:0m:0s
Iteration 13 / LogL: -2238.162 / Time: 0h:0m:0s
Iteration 14 / LogL: -2238.163 / Time: 0h:0m:0s
Iteration 15 / LogL: -2238.163 / Time: 0h:0m:0s
Iteration 16 / LogL: -2238.163 / Time: 0h:0m:0s
Iteration 17 / LogL: -2238.163 / Time: 0h:0m:0s
Iteration 18 / LogL: -2238.163 / Time: 0h:0m:0s
Average CPU time for 1 NNI search: 0.008
Finish initializing candidate tree set. Number of distinct locally optimal trees: 9
Current best tree score: -2238.068 / CPU time: 0.284
--------------------------------------------------------------------
|               OPTIMIZING CANDIDATE TREE SET                      |
--------------------------------------------------------------------
Iteration 20 / LogL: -2237.447 / Time: 0h:0m:0s (0h:0m:1s left)
Estimate model parameters (epsilon = 0.010)
BETTER TREE FOUND at iteration 20: -2237.356
Iteration 30 / LogL: -2238.507 / Time: 0h:0m:0s (0h:0m:1s left)
Iteration 40 / LogL: -2237.357 / Time: 0h:0m:0s (0h:0m:1s left)
Iteration 50 / LogL: -2238.086 / Time: 0h:0m:1s (0h:0m:1s left)
Iteration 60 / LogL: -2237.358 / Time: 0h:0m:1s (0h:0m:1s left)
Iteration 70 / LogL: -2237.783 / Time: 0h:0m:1s (0h:0m:1s left)
Iteration 80 / LogL: -2237.443 / Time: 0h:0m:1s (0h:0m:0s left)
Iteration 90 / LogL: -2237.783 / Time: 0h:0m:1s (0h:0m:0s left)
Iteration 100 / LogL: -2237.410 / Time: 0h:0m:2s (0h:0m:0s left)
Iteration 110 / LogL: -2237.357 / Time: 0h:0m:2s (0h:0m:0s left)
Iteration 120 / LogL: -2275.753 / Time: 0h:0m:2s (0h:0m:0s left)
TREE SEARCH COMPLETED AFTER 120 ITERATIONS / Time: 0h:0m:2s

--------------------------------------------------------------------
|                    FINALIZING TREE SEARCH                        |
--------------------------------------------------------------------
Performs final model parameters optimization
Estimate model parameters (epsilon = 0.010)
1. Initial log-likelihood: -2237.356
Optimal log-likelihood: -2237.354
Rate parameters:  A-C: 0.966  A-G: 0.826  A-T: 0.953  C-G: 0.708  C-T: 1.071  G-T: 1.000
Base frequencies:   A: 0.229  C: 0.269  G: 0.285  T: 0.217
Gamma shape alpha: 2.467
Parameters optimization took 1 rounds (0.005 sec)
BEST SCORE FOUND : -2237.354

Testing tree branches by SH-like aLRT with 1000 replicates...
CPU Time used:  0.132 sec.
Total tree length: 1.366

Total number of iterations: 120
CPU time used for tree search: 2.392 sec (0h:0m:2s)
Wall-clock time used for tree search: 2.400 sec (0h:0m:2s)
Total CPU time used: 2.576 sec (0h:0m:2s)
Total wall-clock time used: 2.587 sec (0h:0m:2s)

Analysis results written to: 
  IQ-TREE report:                ../simulations/data_D1T2L3I5T4//S/797_pruned.fasta.iqtree
  Maximum-likelihood tree:       ../simulations/data_D1T2L3I5T4//S/797_pruned.fasta.treefile
  Likelihood distances:          ../simulations/data_D1T2L3I5T4//S/797_pruned.fasta.mldist
  Screen log file:               ../simulations/data_D1T2L3I5T4//S/797_pruned.fasta.log

Date and Time: Fri May 25 14:24:46 2018
