IQ-TREE version 1.4.2 for Linux 64-bit built Apr 15 2016
Copyright (c) 2011-2015 Nguyen Lam Tung, Olga Chernomor, Arndt von Haeseler and Bui Quang Minh.

Host:    meduse (AVX2, FMA3, 7 GB RAM)
Command: /home/tannier/programs/iqtree/iqtree-1.4.2-Linux/bin//iqtree -s ../simulations/data_D1T2L3I5T4//S/799_pruned.fasta -m GTR+G -alrt 1000 -redo
Seed:    320265 (Using SPRNG - Scalable Parallel Random Number Generator)
Time:    Fri May 25 14:23:47 2018
Kernel:  AVX

NOTE: Consider using the multicore version because your CPU has 4 cores!

Reading alignment file ../simulations/data_D1T2L3I5T4//S/799_pruned.fasta ... Fasta format detected
Alignment most likely contains DNA/RNA sequences
Alignment has 30 sequences with 300 columns and 186 patterns (173 informative sites)
          Gap/Ambiguity  Composition  p-value
   1  n274_323    0.00%    passed     83.89%
   2  n299_350    0.00%    passed     79.89%
   3  n278_327    0.00%    passed     78.48%
   4  n266_313    0.00%    passed     98.14%
   5  n244_285    0.00%    passed     32.53%
   6  n292_343    0.00%    passed     86.78%
   7  n297_348    0.00%    passed     84.91%
   8  n277_326    0.00%    passed     81.57%
   9  n289_340    0.00%    passed     68.54%
  10  n275_324    0.00%    passed     84.91%
  11  n236_277    0.00%    passed     87.86%
  12  n265_312    0.00%    passed     96.50%
  13  n200_235    0.00%    passed     62.91%
  14  n295_346    0.00%    passed     74.03%
  15  n280_329    0.00%    passed     94.42%
  16  n255_300    0.00%    passed     75.13%
  17  n266_315    0.00%    passed     88.32%
  18  n290_341    0.00%    passed     57.14%
  19  n287_338    0.00%    passed     68.54%
  20  n286_337    0.00%    passed     64.28%
  21  n294_345    0.00%    passed     86.12%
  22  n293_344    0.00%    passed     88.99%
  23  n265_314    0.00%    passed     98.92%
  24  n300_351    0.00%    passed     86.78%
  25  n285_336    0.00%    passed     66.65%
  26  n285_334    0.00%    passed     88.23%
  27  n286_335    0.00%    passed     88.23%
  28  n298_349    0.00%    passed     84.91%
  29  n296_347    0.00%    passed     75.24%
  30  n251_296    0.00%    passed     72.17%
****  TOTAL       0.00%  0 sequences failed composition chi2 test (p-value<5%; df=3)
NOTE: 4 identical sequences (see below) will be ignored for subsequent analysis
NOTE: n300_351 (identical to n292_343) is ignored but added at the end
NOTE: n298_349 (identical to n297_348) is ignored but added at the end
NOTE: n287_338 (identical to n289_340) is ignored but added at the end
NOTE: n286_335 (identical to n285_334) is ignored but added at the end

Create initial parsimony tree by phylogenetic likelihood library (PLL)... 0.001 seconds

NOTE: 0 MB RAM is required!
Estimate model parameters (epsilon = 0.100)
1. Initial log-likelihood: -2227.898
2. Current log-likelihood: -2185.142
3. Current log-likelihood: -2184.685
Optimal log-likelihood: -2184.680
Rate parameters:  A-C: 0.768  A-G: 0.944  A-T: 0.738  C-G: 0.920  C-T: 0.869  G-T: 1.000
Base frequencies:   A: 0.280  C: 0.298  G: 0.209  T: 0.212
Gamma shape alpha: 6.776
Parameters optimization took 3 rounds (0.032 sec)
--------------------------------------------------------------------
|             INITIALIZING CANDIDATE TREE SET                      |
--------------------------------------------------------------------
Computing ML distances based on estimated model parameters... 0.004 sec
Computing BIONJ tree...
0.000 seconds
Log-likelihood of BIONJ tree: -2184.680
Generating 98 parsimony trees... 0.104 seconds 25 distinct starting trees
Computing log-likelihood of 25 initial trees ... 0.057 seconds
Optimizing top 20 initial trees with NNI...
Iteration 1 / LogL: -2184.680 / Time: 0h:0m:0s
Estimate model parameters (epsilon = 0.100)
BETTER SCORE FOUND at iteration 1: -2184.678
Iteration 2 / LogL: -2184.679 / Time: 0h:0m:0s
Iteration 3 / LogL: -2184.680 / Time: 0h:0m:0s
Iteration 4 / LogL: -2184.680 / Time: 0h:0m:0s
Iteration 5 / LogL: -2184.680 / Time: 0h:0m:0s
Iteration 6 / LogL: -2184.681 / Time: 0h:0m:0s
Iteration 7 / LogL: -2184.681 / Time: 0h:0m:0s
Iteration 8 / LogL: -2184.681 / Time: 0h:0m:0s
Iteration 9 / LogL: -2184.681 / Time: 0h:0m:0s
Iteration 10 / LogL: -2184.681 / Time: 0h:0m:0s
Iteration 11 / LogL: -2184.681 / Time: 0h:0m:0s
Iteration 12 / LogL: -2184.681 / Time: 0h:0m:0s
Iteration 13 / LogL: -2184.681 / Time: 0h:0m:0s
Iteration 14 / LogL: -2184.681 / Time: 0h:0m:0s
Iteration 15 / LogL: -2184.681 / Time: 0h:0m:0s
Iteration 16 / LogL: -2184.681 / Time: 0h:0m:0s
Iteration 17 / LogL: -2184.681 / Time: 0h:0m:0s
Iteration 18 / LogL: -2184.681 / Time: 0h:0m:0s
Iteration 19 / LogL: -2184.681 / Time: 0h:0m:0s
Iteration 20 / LogL: -2184.681 / Time: 0h:0m:0s
Average CPU time for 1 NNI search: 0.006
Finish initializing candidate tree set. Number of distinct locally optimal trees: 20
Current best tree score: -2184.678 / CPU time: 0.280
--------------------------------------------------------------------
|               OPTIMIZING CANDIDATE TREE SET                      |
--------------------------------------------------------------------
Estimate model parameters (epsilon = 0.010)
BETTER TREE FOUND at iteration 21: -2184.029
Estimate model parameters (epsilon = 0.010)
BETTER TREE FOUND at iteration 23: -2183.962
Iteration 30 / LogL: -2183.963 / Time: 0h:0m:0s (0h:0m:1s left)
Iteration 40 / LogL: -2230.953 / Time: 0h:0m:0s (0h:0m:1s left)
Iteration 50 / LogL: -2183.974 / Time: 0h:0m:0s (0h:0m:1s left)
Iteration 60 / LogL: -2183.984 / Time: 0h:0m:1s (0h:0m:1s left)
Iteration 70 / LogL: -2183.963 / Time: 0h:0m:1s (0h:0m:1s left)
Iteration 80 / LogL: -2240.462 / Time: 0h:0m:1s (0h:0m:0s left)
Iteration 90 / LogL: -2219.960 / Time: 0h:0m:1s (0h:0m:0s left)
Iteration 100 / LogL: -2183.963 / Time: 0h:0m:1s (0h:0m:0s left)
Iteration 110 / LogL: -2183.962 / Time: 0h:0m:2s (0h:0m:0s left)
Iteration 120 / LogL: -2183.962 / Time: 0h:0m:2s (0h:0m:0s left)
TREE SEARCH COMPLETED AFTER 123 ITERATIONS / Time: 0h:0m:2s

--------------------------------------------------------------------
|                    FINALIZING TREE SEARCH                        |
--------------------------------------------------------------------
Performs final model parameters optimization
Estimate model parameters (epsilon = 0.010)
1. Initial log-likelihood: -2183.962
Optimal log-likelihood: -2183.960
Rate parameters:  A-C: 0.759  A-G: 0.903  A-T: 0.709  C-G: 0.894  C-T: 0.856  G-T: 1.000
Base frequencies:   A: 0.280  C: 0.298  G: 0.209  T: 0.212
Gamma shape alpha: 5.699
Parameters optimization took 1 rounds (0.005 sec)
BEST SCORE FOUND : -2183.960

Testing tree branches by SH-like aLRT with 1000 replicates...
CPU Time used:  0.116 sec.
Total tree length: 1.308

Total number of iterations: 123
CPU time used for tree search: 2.312 sec (0h:0m:2s)
Wall-clock time used for tree search: 2.317 sec (0h:0m:2s)
Total CPU time used: 2.484 sec (0h:0m:2s)
Total wall-clock time used: 2.490 sec (0h:0m:2s)

Analysis results written to: 
  IQ-TREE report:                ../simulations/data_D1T2L3I5T4//S/799_pruned.fasta.iqtree
  Maximum-likelihood tree:       ../simulations/data_D1T2L3I5T4//S/799_pruned.fasta.treefile
  Likelihood distances:          ../simulations/data_D1T2L3I5T4//S/799_pruned.fasta.mldist
  Screen log file:               ../simulations/data_D1T2L3I5T4//S/799_pruned.fasta.log

Date and Time: Fri May 25 14:23:49 2018
