IQ-TREE version 1.4.2 for Linux 64-bit built Apr 15 2016
Copyright (c) 2011-2015 Nguyen Lam Tung, Olga Chernomor, Arndt von Haeseler and Bui Quang Minh.

Host:    meduse (AVX2, FMA3, 7 GB RAM)
Command: /home/tannier/programs/iqtree/iqtree-1.4.2-Linux/bin//iqtree -s ../simulations/data_D1T2L3I5T4//S/810_pruned.fasta -m GTR+G -alrt 1000 -redo
Seed:    989927 (Using SPRNG - Scalable Parallel Random Number Generator)
Time:    Fri May 25 14:36:00 2018
Kernel:  AVX

NOTE: Consider using the multicore version because your CPU has 4 cores!

Reading alignment file ../simulations/data_D1T2L3I5T4//S/810_pruned.fasta ... Fasta format detected
Alignment most likely contains DNA/RNA sequences
Alignment has 26 sequences with 300 columns and 184 patterns (158 informative sites)
          Gap/Ambiguity  Composition  p-value
   1  n236_237    0.00%    passed     93.63%
   2  n266_267    0.00%    passed     59.00%
   3  n296_297    0.00%    passed     86.83%
   4  n277_278    0.00%    passed     82.17%
   5  n290_291    0.00%    passed     64.79%
   6  n255_256    0.00%    passed     85.14%
   7  n295_296    0.00%    passed     86.83%
   8  n286_287    0.00%    passed     54.03%
   9  n298_299    0.00%    passed     93.13%
  10  n299_300    0.00%    passed     74.60%
  11  n287_288    0.00%    passed     64.79%
  12  n278_279    0.00%    passed     83.03%
  13  n292_293    0.00%    passed     78.62%
  14  n265_266    0.00%    passed     39.74%
  15  n289_290    0.00%    passed     68.84%
  16  n293_294    0.00%    passed     93.13%
  17  n280_281    0.00%    passed     69.24%
  18  n274_275    0.00%    passed     66.96%
  19  n275_276    0.00%    passed     93.13%
  20  n285_286    0.00%    passed     52.99%
  21  n294_295    0.00%    passed     93.13%
  22  n297_298    0.00%    passed     93.13%
  23  n244_245    0.00%    passed     59.74%
  24  n251_252    0.00%    passed     50.50%
  25  n200_201    0.00%    passed     81.18%
  26  n300_301    0.00%    passed     79.15%
****  TOTAL       0.00%  0 sequences failed composition chi2 test (p-value<5%; df=3)
NOTE: 4 identical sequences (see below) will be ignored for subsequent analysis
NOTE: n295_296 (identical to n296_297) is ignored but added at the end
NOTE: n297_298 (identical to n298_299) is ignored but added at the end
NOTE: n275_276 (identical to n293_294) is ignored but added at the end
NOTE: n294_295 (identical to n293_294) is ignored but added at the end

Create initial parsimony tree by phylogenetic likelihood library (PLL)... 0.001 seconds

NOTE: 0 MB RAM is required!
Estimate model parameters (epsilon = 0.100)
1. Initial log-likelihood: -2107.624
2. Current log-likelihood: -2070.958
3. Current log-likelihood: -2070.684
Optimal log-likelihood: -2070.665
Rate parameters:  A-C: 0.856  A-G: 1.357  A-T: 1.517  C-G: 0.927  C-T: 1.383  G-T: 1.000
Base frequencies:   A: 0.212  C: 0.302  G: 0.258  T: 0.228
Gamma shape alpha: 3.621
Parameters optimization took 3 rounds (0.025 sec)
--------------------------------------------------------------------
|             INITIALIZING CANDIDATE TREE SET                      |
--------------------------------------------------------------------
Computing ML distances based on estimated model parameters... 0.000 sec
Computing BIONJ tree...
0.000 seconds
Log-likelihood of BIONJ tree: -2078.808
Generating 98 parsimony trees... 0.088 seconds 10 distinct starting trees
Computing log-likelihood of 10 initial trees ... 0.016 seconds
Optimizing top 10 initial trees with NNI...
Iteration 1 / LogL: -2070.666 / Time: 0h:0m:0s
Estimate model parameters (epsilon = 0.100)
BETTER SCORE FOUND at iteration 1: -2070.660
Iteration 2 / LogL: -2070.663 / Time: 0h:0m:0s
Iteration 3 / LogL: -2070.663 / Time: 0h:0m:0s
Iteration 4 / LogL: -2070.663 / Time: 0h:0m:0s
Iteration 5 / LogL: -2070.663 / Time: 0h:0m:0s
Iteration 6 / LogL: -2070.663 / Time: 0h:0m:0s
Iteration 7 / LogL: -2070.663 / Time: 0h:0m:0s
Iteration 8 / LogL: -2070.663 / Time: 0h:0m:0s
Iteration 9 / LogL: -2070.663 / Time: 0h:0m:0s
Iteration 10 / LogL: -2070.660 / Time: 0h:0m:0s
Average CPU time for 1 NNI search: 0.006
Finish initializing candidate tree set. Number of distinct locally optimal trees: 9
Current best tree score: -2070.660 / CPU time: 0.156
--------------------------------------------------------------------
|               OPTIMIZING CANDIDATE TREE SET                      |
--------------------------------------------------------------------
Iteration 20 / LogL: -2070.662 / Time: 0h:0m:0s (0h:0m:1s left)
Iteration 30 / LogL: -2085.772 / Time: 0h:0m:0s (0h:0m:1s left)
Iteration 40 / LogL: -2070.661 / Time: 0h:0m:0s (0h:0m:0s left)
Iteration 50 / LogL: -2070.660 / Time: 0h:0m:0s (0h:0m:0s left)
Iteration 60 / LogL: -2070.661 / Time: 0h:0m:0s (0h:0m:0s left)
Iteration 70 / LogL: -2070.661 / Time: 0h:0m:1s (0h:0m:0s left)
Iteration 80 / LogL: -2070.661 / Time: 0h:0m:1s (0h:0m:0s left)
Iteration 90 / LogL: -2070.660 / Time: 0h:0m:1s (0h:0m:0s left)
Iteration 100 / LogL: -2070.661 / Time: 0h:0m:1s (0h:0m:0s left)
TREE SEARCH COMPLETED AFTER 101 ITERATIONS / Time: 0h:0m:1s

--------------------------------------------------------------------
|                    FINALIZING TREE SEARCH                        |
--------------------------------------------------------------------
Performs final model parameters optimization
Estimate model parameters (epsilon = 0.010)
1. Initial log-likelihood: -2070.660
Optimal log-likelihood: -2070.658
Rate parameters:  A-C: 0.850  A-G: 1.352  A-T: 1.501  C-G: 0.923  C-T: 1.370  G-T: 1.000
Base frequencies:   A: 0.212  C: 0.302  G: 0.258  T: 0.228
Gamma shape alpha: 3.631
Parameters optimization took 1 rounds (0.004 sec)
BEST SCORE FOUND : -2070.658

Testing tree branches by SH-like aLRT with 1000 replicates...
CPU Time used:  0.100 sec.
Total tree length: 1.277

Total number of iterations: 101
CPU time used for tree search: 1.524 sec (0h:0m:1s)
Wall-clock time used for tree search: 1.538 sec (0h:0m:1s)
Total CPU time used: 1.668 sec (0h:0m:1s)
Total wall-clock time used: 1.682 sec (0h:0m:1s)

Analysis results written to: 
  IQ-TREE report:                ../simulations/data_D1T2L3I5T4//S/810_pruned.fasta.iqtree
  Maximum-likelihood tree:       ../simulations/data_D1T2L3I5T4//S/810_pruned.fasta.treefile
  Likelihood distances:          ../simulations/data_D1T2L3I5T4//S/810_pruned.fasta.mldist
  Screen log file:               ../simulations/data_D1T2L3I5T4//S/810_pruned.fasta.log

Date and Time: Fri May 25 14:36:02 2018
