IQ-TREE version 1.4.2 for Linux 64-bit built Apr 15 2016
Copyright (c) 2011-2015 Nguyen Lam Tung, Olga Chernomor, Arndt von Haeseler and Bui Quang Minh.

Host:    meduse (AVX2, FMA3, 7 GB RAM)
Command: /home/tannier/programs/iqtree/iqtree-1.4.2-Linux/bin//iqtree -s ../simulations/data_D1T2L3I5T4//S/816_pruned.fasta -m GTR+G -alrt 1000 -redo
Seed:    654194 (Using SPRNG - Scalable Parallel Random Number Generator)
Time:    Fri May 25 14:12:06 2018
Kernel:  AVX

NOTE: Consider using the multicore version because your CPU has 4 cores!

Reading alignment file ../simulations/data_D1T2L3I5T4//S/816_pruned.fasta ... Fasta format detected
Alignment most likely contains DNA/RNA sequences
Alignment has 24 sequences with 300 columns and 168 patterns (141 informative sites)
          Gap/Ambiguity  Composition  p-value
   1  n293_270    0.00%    passed     90.60%
   2  n295_272    0.00%    passed     94.02%
   3  n265_242    0.00%    passed     86.23%
   4  n278_255    0.00%    passed     72.93%
   5  n236_219    0.00%    passed     79.70%
   6  n280_257    0.00%    passed     58.06%
   7  n297_274    0.00%    passed     94.62%
   8  n286_263    0.00%    passed     14.34%
   9  n200_191    0.00%    passed     69.92%
  10  n274_251    0.00%    passed     58.06%
  11  n289_266    0.00%    passed     90.30%
  12  n277_254    0.00%    passed     65.55%
  13  n294_271    0.00%    passed     94.62%
  14  n275_252    0.00%    passed     93.13%
  15  n299_276    0.00%    passed     57.48%
  16  n292_269    0.00%    passed     50.17%
  17  n244_225    0.00%    passed     54.35%
  18  n266_243    0.00%    passed     91.20%
  19  n285_262    0.00%    passed     15.27%
  20  n296_273    0.00%    passed     95.33%
  21  n298_275    0.00%    passed     94.62%
  22  n290_267    0.00%    passed     89.72%
  23  n287_264    0.00%    passed     81.22%
  24  n300_277    0.00%    passed     49.13%
****  TOTAL       0.00%  0 sequences failed composition chi2 test (p-value<5%; df=3)

Create initial parsimony tree by phylogenetic likelihood library (PLL)... 0.001 seconds

NOTE: 0 MB RAM is required!
Estimate model parameters (epsilon = 0.100)
1. Initial log-likelihood: -1918.891
2. Current log-likelihood: -1868.391
3. Current log-likelihood: -1867.812
Optimal log-likelihood: -1867.766
Rate parameters:  A-C: 1.086  A-G: 0.996  A-T: 1.109  C-G: 0.951  C-T: 1.040  G-T: 1.000
Base frequencies:   A: 0.235  C: 0.269  G: 0.239  T: 0.257
Gamma shape alpha: 10.288
Parameters optimization took 3 rounds (0.020 sec)
--------------------------------------------------------------------
|             INITIALIZING CANDIDATE TREE SET                      |
--------------------------------------------------------------------
Computing ML distances based on estimated model parameters... 0.004 sec
Computing BIONJ tree...
0.000 seconds
Log-likelihood of BIONJ tree: -1867.729
Generating 98 parsimony trees... 0.085 seconds 100 distinct starting trees
Computing log-likelihood of 100 initial trees ... 0.189 seconds
Optimizing top 20 initial trees with NNI...
Iteration 1 / LogL: -1867.729 / Time: 0h:0m:0s
Estimate model parameters (epsilon = 0.100)
BETTER SCORE FOUND at iteration 1: -1867.674
Iteration 2 / LogL: -1867.706 / Time: 0h:0m:0s
Iteration 3 / LogL: -1867.706 / Time: 0h:0m:0s
Iteration 4 / LogL: -1867.706 / Time: 0h:0m:0s
Iteration 5 / LogL: -1867.706 / Time: 0h:0m:0s
Iteration 6 / LogL: -1867.706 / Time: 0h:0m:0s
Iteration 7 / LogL: -1867.706 / Time: 0h:0m:0s
Iteration 8 / LogL: -1867.706 / Time: 0h:0m:0s
Iteration 9 / LogL: -1867.706 / Time: 0h:0m:0s
Iteration 10 / LogL: -1867.706 / Time: 0h:0m:0s
Iteration 11 / LogL: -1867.706 / Time: 0h:0m:0s
Iteration 12 / LogL: -1867.706 / Time: 0h:0m:0s
Iteration 13 / LogL: -1867.706 / Time: 0h:0m:0s
Iteration 14 / LogL: -1867.706 / Time: 0h:0m:0s
Iteration 15 / LogL: -1867.706 / Time: 0h:0m:0s
Iteration 16 / LogL: -1867.706 / Time: 0h:0m:0s
Iteration 17 / LogL: -1867.706 / Time: 0h:0m:0s
Iteration 18 / LogL: -1867.706 / Time: 0h:0m:0s
Iteration 19 / LogL: -1867.706 / Time: 0h:0m:0s
Iteration 20 / LogL: -1867.706 / Time: 0h:0m:0s
Average CPU time for 1 NNI search: 0.006
Finish initializing candidate tree set. Number of distinct locally optimal trees: 20
Current best tree score: -1867.674 / CPU time: 0.396
--------------------------------------------------------------------
|               OPTIMIZING CANDIDATE TREE SET                      |
--------------------------------------------------------------------
Iteration 30 / LogL: -1867.668 / Time: 0h:0m:0s (0h:0m:1s left)
Iteration 40 / LogL: -1867.728 / Time: 0h:0m:0s (0h:0m:1s left)
Iteration 50 / LogL: -1867.674 / Time: 0h:0m:0s (0h:0m:0s left)
Iteration 60 / LogL: -1882.902 / Time: 0h:0m:0s (0h:0m:0s left)
Iteration 70 / LogL: -1867.670 / Time: 0h:0m:1s (0h:0m:0s left)
Iteration 80 / LogL: -1867.748 / Time: 0h:0m:1s (0h:0m:0s left)
Iteration 90 / LogL: -1872.627 / Time: 0h:0m:1s (0h:0m:0s left)
Iteration 100 / LogL: -1867.715 / Time: 0h:0m:1s (0h:0m:0s left)
TREE SEARCH COMPLETED AFTER 101 ITERATIONS / Time: 0h:0m:1s

--------------------------------------------------------------------
|                    FINALIZING TREE SEARCH                        |
--------------------------------------------------------------------
Performs final model parameters optimization
Estimate model parameters (epsilon = 0.010)
1. Initial log-likelihood: -1867.668
Optimal log-likelihood: -1867.668
Rate parameters:  A-C: 1.080  A-G: 1.045  A-T: 1.089  C-G: 0.926  C-T: 1.036  G-T: 1.000
Base frequencies:   A: 0.235  C: 0.269  G: 0.239  T: 0.257
Gamma shape alpha: 10.175
Parameters optimization took 1 rounds (0.005 sec)
BEST SCORE FOUND : -1867.668

Testing tree branches by SH-like aLRT with 1000 replicates...
CPU Time used:  0.108 sec.
Total tree length: 1.098

Total number of iterations: 101
CPU time used for tree search: 1.492 sec (0h:0m:1s)
Wall-clock time used for tree search: 1.502 sec (0h:0m:1s)
Total CPU time used: 1.640 sec (0h:0m:1s)
Total wall-clock time used: 1.647 sec (0h:0m:1s)

Analysis results written to: 
  IQ-TREE report:                ../simulations/data_D1T2L3I5T4//S/816_pruned.fasta.iqtree
  Maximum-likelihood tree:       ../simulations/data_D1T2L3I5T4//S/816_pruned.fasta.treefile
  Likelihood distances:          ../simulations/data_D1T2L3I5T4//S/816_pruned.fasta.mldist
  Screen log file:               ../simulations/data_D1T2L3I5T4//S/816_pruned.fasta.log

Date and Time: Fri May 25 14:12:08 2018
