IQ-TREE version 1.4.2 for Linux 64-bit built Apr 15 2016
Copyright (c) 2011-2015 Nguyen Lam Tung, Olga Chernomor, Arndt von Haeseler and Bui Quang Minh.

Host:    meduse (AVX2, FMA3, 7 GB RAM)
Command: /home/tannier/programs/iqtree/iqtree-1.4.2-Linux/bin//iqtree -s ../simulations/data_D1T2L3I5T4//S/823_pruned.fasta -m GTR+G -alrt 1000 -redo
Seed:    228414 (Using SPRNG - Scalable Parallel Random Number Generator)
Time:    Fri May 25 14:21:58 2018
Kernel:  AVX

NOTE: Consider using the multicore version because your CPU has 4 cores!

Reading alignment file ../simulations/data_D1T2L3I5T4//S/823_pruned.fasta ... Fasta format detected
Alignment most likely contains DNA/RNA sequences
Alignment has 26 sequences with 300 columns and 181 patterns (161 informative sites)
          Gap/Ambiguity  Composition  p-value
   1  n287_292    0.00%    passed     87.67%
   2  n277_282    0.00%    passed     84.21%
   3  n299_304    0.00%    passed     79.49%
   4  n292_297    0.00%    passed     77.09%
   5  n290_295    0.00%    passed     83.48%
   6  n285_290    0.00%    passed     76.31%
   7  n236_239    0.00%    passed     89.84%
   8  n200_203    0.00%    passed     78.78%
   9  n265_270    0.00%    passed     75.55%
  10  n300_305    0.00%    passed     77.08%
  11  n293_298    0.00%    passed     92.98%
  12  n244_247    0.00%    passed     89.97%
  13  n294_299    0.00%    passed     89.09%
  14  n251_256    0.00%    passed     66.50%
  15  n278_283    0.00%    passed     78.57%
  16  n289_294    0.00%    passed     81.70%
  17  n296_301    0.00%    passed     89.46%
  18  n280_285    0.00%    passed     90.52%
  19  n298_303    0.00%    passed     98.50%
  20  n255_260    0.00%    passed     48.32%
  21  n266_271    0.00%    passed     79.39%
  22  n297_302    0.00%    passed     98.50%
  23  n274_279    0.00%    passed     80.48%
  24  n295_300    0.00%    passed     92.55%
  25  n286_291    0.00%    passed     81.81%
  26  n275_280    0.00%    passed     93.78%
****  TOTAL       0.00%  0 sequences failed composition chi2 test (p-value<5%; df=3)
NOTE: 1 identical sequences (see below) will be ignored for subsequent analysis
NOTE: n297_302 (identical to n298_303) is ignored but added at the end

Create initial parsimony tree by phylogenetic likelihood library (PLL)... 0.001 seconds

NOTE: 0 MB RAM is required!
Estimate model parameters (epsilon = 0.100)
1. Initial log-likelihood: -2141.422
2. Current log-likelihood: -2101.524
3. Current log-likelihood: -2100.995
Optimal log-likelihood: -2100.904
Rate parameters:  A-C: 0.967  A-G: 1.167  A-T: 1.314  C-G: 0.881  C-T: 1.185  G-T: 1.000
Base frequencies:   A: 0.219  C: 0.245  G: 0.273  T: 0.263
Gamma shape alpha: 6.886
Parameters optimization took 3 rounds (0.028 sec)
--------------------------------------------------------------------
|             INITIALIZING CANDIDATE TREE SET                      |
--------------------------------------------------------------------
Computing ML distances based on estimated model parameters... 0.004 sec
Computing BIONJ tree...
0.000 seconds
Log-likelihood of BIONJ tree: -2100.559
Generating 98 parsimony trees... 0.089 seconds 40 distinct starting trees
Computing log-likelihood of 40 initial trees ... 0.087 seconds
Optimizing top 20 initial trees with NNI...
Iteration 1 / LogL: -2100.560 / Time: 0h:0m:0s
Estimate model parameters (epsilon = 0.100)
BETTER SCORE FOUND at iteration 1: -2100.498
Iteration 2 / LogL: -2100.506 / Time: 0h:0m:0s
Iteration 3 / LogL: -2100.506 / Time: 0h:0m:0s
Iteration 4 / LogL: -2100.506 / Time: 0h:0m:0s
Iteration 5 / LogL: -2100.506 / Time: 0h:0m:0s
Iteration 6 / LogL: -2100.506 / Time: 0h:0m:0s
Iteration 7 / LogL: -2100.506 / Time: 0h:0m:0s
Iteration 8 / LogL: -2100.506 / Time: 0h:0m:0s
Iteration 9 / LogL: -2100.498 / Time: 0h:0m:0s
Iteration 10 / LogL: -2100.498 / Time: 0h:0m:0s
Iteration 11 / LogL: -2100.498 / Time: 0h:0m:0s
Iteration 12 / LogL: -2100.498 / Time: 0h:0m:0s
Iteration 13 / LogL: -2100.498 / Time: 0h:0m:0s
Iteration 14 / LogL: -2100.498 / Time: 0h:0m:0s
Iteration 15 / LogL: -2100.498 / Time: 0h:0m:0s
Iteration 16 / LogL: -2100.498 / Time: 0h:0m:0s
Iteration 17 / LogL: -2100.508 / Time: 0h:0m:0s
Iteration 18 / LogL: -2100.507 / Time: 0h:0m:0s
Iteration 19 / LogL: -2100.507 / Time: 0h:0m:0s
Iteration 20 / LogL: -2100.507 / Time: 0h:0m:0s
Average CPU time for 1 NNI search: 0.007
Finish initializing candidate tree set. Number of distinct locally optimal trees: 13
Current best tree score: -2100.498 / CPU time: 0.312
--------------------------------------------------------------------
|               OPTIMIZING CANDIDATE TREE SET                      |
--------------------------------------------------------------------
Iteration 30 / LogL: -2100.498 / Time: 0h:0m:0s (0h:0m:1s left)
Iteration 40 / LogL: -2100.537 / Time: 0h:0m:0s (0h:0m:1s left)
Iteration 50 / LogL: -2100.517 / Time: 0h:0m:0s (0h:0m:0s left)
Iteration 60 / LogL: -2174.262 / Time: 0h:0m:1s (0h:0m:0s left)
Iteration 70 / LogL: -2100.499 / Time: 0h:0m:1s (0h:0m:0s left)
Iteration 80 / LogL: -2569.528 / Time: 0h:0m:1s (0h:0m:0s left)
Iteration 90 / LogL: -2112.128 / Time: 0h:0m:1s (0h:0m:0s left)
Iteration 100 / LogL: -2118.305 / Time: 0h:0m:1s (0h:0m:0s left)
TREE SEARCH COMPLETED AFTER 101 ITERATIONS / Time: 0h:0m:1s

--------------------------------------------------------------------
|                    FINALIZING TREE SEARCH                        |
--------------------------------------------------------------------
Performs final model parameters optimization
Estimate model parameters (epsilon = 0.010)
1. Initial log-likelihood: -2100.498
2. Current log-likelihood: -2100.470
3. Current log-likelihood: -2100.455
Optimal log-likelihood: -2100.446
Rate parameters:  A-C: 1.022  A-G: 1.227  A-T: 1.395  C-G: 0.912  C-T: 1.223  G-T: 1.000
Base frequencies:   A: 0.219  C: 0.245  G: 0.273  T: 0.263
Gamma shape alpha: 7.295
Parameters optimization took 3 rounds (0.015 sec)
BEST SCORE FOUND : -2100.446

Testing tree branches by SH-like aLRT with 1000 replicates...
CPU Time used:  0.112 sec.
Total tree length: 1.290

Total number of iterations: 101
CPU time used for tree search: 1.644 sec (0h:0m:1s)
Wall-clock time used for tree search: 1.651 sec (0h:0m:1s)
Total CPU time used: 1.820 sec (0h:0m:1s)
Total wall-clock time used: 1.823 sec (0h:0m:1s)

Analysis results written to: 
  IQ-TREE report:                ../simulations/data_D1T2L3I5T4//S/823_pruned.fasta.iqtree
  Maximum-likelihood tree:       ../simulations/data_D1T2L3I5T4//S/823_pruned.fasta.treefile
  Likelihood distances:          ../simulations/data_D1T2L3I5T4//S/823_pruned.fasta.mldist
  Screen log file:               ../simulations/data_D1T2L3I5T4//S/823_pruned.fasta.log

Date and Time: Fri May 25 14:22:00 2018
