IQ-TREE version 1.4.2 for Linux 64-bit built Apr 15 2016
Copyright (c) 2011-2015 Nguyen Lam Tung, Olga Chernomor, Arndt von Haeseler and Bui Quang Minh.

Host:    meduse (AVX2, FMA3, 7 GB RAM)
Command: /home/tannier/programs/iqtree/iqtree-1.4.2-Linux/bin//iqtree -s ../simulations/data_D1T2L3I5T4//S/825_pruned.fasta -m GTR+G -alrt 1000 -redo
Seed:    860916 (Using SPRNG - Scalable Parallel Random Number Generator)
Time:    Fri May 25 14:24:59 2018
Kernel:  AVX

NOTE: Consider using the multicore version because your CPU has 4 cores!

Reading alignment file ../simulations/data_D1T2L3I5T4//S/825_pruned.fasta ... Fasta format detected
Alignment most likely contains DNA/RNA sequences
Alignment has 26 sequences with 300 columns and 180 patterns (172 informative sites)
          Gap/Ambiguity  Composition  p-value
   1  n236_237    0.00%    passed     93.65%
   2  n266_267    0.00%    passed     94.50%
   3  n296_297    0.00%    passed     99.77%
   4  n277_278    0.00%    passed     94.65%
   5  n290_291    0.00%    passed     98.66%
   6  n255_256    0.00%    passed     99.92%
   7  n295_296    0.00%    passed     99.62%
   8  n286_287    0.00%    passed     90.78%
   9  n298_299    0.00%    passed     98.99%
  10  n299_300    0.00%    passed     97.86%
  11  n287_288    0.00%    passed     98.66%
  12  n278_279    0.00%    passed     95.76%
  13  n292_293    0.00%    passed     99.89%
  14  n265_266    0.00%    passed     93.92%
  15  n289_290    0.00%    passed     98.66%
  16  n293_294    0.00%    passed     99.77%
  17  n280_281    0.00%    passed     97.28%
  18  n274_275    0.00%    passed     96.58%
  19  n275_276    0.00%    passed     99.62%
  20  n285_286    0.00%    passed     92.85%
  21  n294_295    0.00%    passed     98.99%
  22  n297_298    0.00%    passed     99.77%
  23  n244_245    0.00%    passed     77.75%
  24  n251_252    0.00%    passed     99.95%
  25  n200_201    0.00%    passed     72.17%
  26  n300_301    0.00%    passed     99.65%
****  TOTAL       0.00%  0 sequences failed composition chi2 test (p-value<5%; df=3)
NOTE: 2 identical sequences (see below) will be ignored for subsequent analysis
NOTE: n287_288 (identical to n290_291) is ignored but added at the end
NOTE: n289_290 (identical to n290_291) is ignored but added at the end

Create initial parsimony tree by phylogenetic likelihood library (PLL)... 0.001 seconds

NOTE: 0 MB RAM is required!
Estimate model parameters (epsilon = 0.100)
1. Initial log-likelihood: -2162.028
2. Current log-likelihood: -2113.205
3. Current log-likelihood: -2112.278
4. Current log-likelihood: -2112.155
Optimal log-likelihood: -2112.103
Rate parameters:  A-C: 1.111  A-G: 0.843  A-T: 1.027  C-G: 1.199  C-T: 1.134  G-T: 1.000
Base frequencies:   A: 0.253  C: 0.279  G: 0.225  T: 0.242
Gamma shape alpha: 41.627
Parameters optimization took 4 rounds (0.030 sec)
--------------------------------------------------------------------
|             INITIALIZING CANDIDATE TREE SET                      |
--------------------------------------------------------------------
Computing ML distances based on estimated model parameters... 0.004 sec
Computing BIONJ tree...
0.000 seconds
Log-likelihood of BIONJ tree: -2112.103
Generating 99 parsimony trees... 0.090 seconds 31 distinct starting trees
Computing log-likelihood of 31 initial trees ... 0.065 seconds
Optimizing top 20 initial trees with NNI...
Iteration 1 / LogL: -2112.103 / Time: 0h:0m:0s
Estimate model parameters (epsilon = 0.100)
BETTER SCORE FOUND at iteration 1: -2112.072
Iteration 2 / LogL: -2112.074 / Time: 0h:0m:0s
Iteration 3 / LogL: -2112.074 / Time: 0h:0m:0s
Iteration 4 / LogL: -2112.074 / Time: 0h:0m:0s
Iteration 5 / LogL: -2112.074 / Time: 0h:0m:0s
Iteration 6 / LogL: -2112.074 / Time: 0h:0m:0s
Iteration 7 / LogL: -2112.074 / Time: 0h:0m:0s
Iteration 8 / LogL: -2112.074 / Time: 0h:0m:0s
Iteration 9 / LogL: -2112.074 / Time: 0h:0m:0s
Iteration 10 / LogL: -2112.074 / Time: 0h:0m:0s
Iteration 11 / LogL: -2112.074 / Time: 0h:0m:0s
Iteration 12 / LogL: -2112.074 / Time: 0h:0m:0s
Iteration 13 / LogL: -2112.074 / Time: 0h:0m:0s
Iteration 14 / LogL: -2112.074 / Time: 0h:0m:0s
Iteration 15 / LogL: -2112.074 / Time: 0h:0m:0s
Iteration 16 / LogL: -2112.074 / Time: 0h:0m:0s
Iteration 17 / LogL: -2112.074 / Time: 0h:0m:0s
Iteration 18 / LogL: -2112.074 / Time: 0h:0m:0s
Iteration 19 / LogL: -2112.074 / Time: 0h:0m:0s
Iteration 20 / LogL: -2112.074 / Time: 0h:0m:0s
Average CPU time for 1 NNI search: 0.005
Finish initializing candidate tree set. Number of distinct locally optimal trees: 20
Current best tree score: -2112.072 / CPU time: 0.260
--------------------------------------------------------------------
|               OPTIMIZING CANDIDATE TREE SET                      |
--------------------------------------------------------------------
Iteration 30 / LogL: -2112.072 / Time: 0h:0m:0s (0h:0m:1s left)
Iteration 40 / LogL: -2122.521 / Time: 0h:0m:0s (0h:0m:0s left)
Iteration 50 / LogL: -2112.090 / Time: 0h:0m:0s (0h:0m:0s left)
Iteration 60 / LogL: -2112.080 / Time: 0h:0m:0s (0h:0m:0s left)
Iteration 70 / LogL: -2112.101 / Time: 0h:0m:1s (0h:0m:0s left)
Iteration 80 / LogL: -2118.312 / Time: 0h:0m:1s (0h:0m:0s left)
Iteration 90 / LogL: -2112.091 / Time: 0h:0m:1s (0h:0m:0s left)
Iteration 100 / LogL: -2112.073 / Time: 0h:0m:1s (0h:0m:0s left)
TREE SEARCH COMPLETED AFTER 101 ITERATIONS / Time: 0h:0m:1s

--------------------------------------------------------------------
|                    FINALIZING TREE SEARCH                        |
--------------------------------------------------------------------
Performs final model parameters optimization
Estimate model parameters (epsilon = 0.010)
1. Initial log-likelihood: -2112.072
Optimal log-likelihood: -2112.070
Rate parameters:  A-C: 1.083  A-G: 0.839  A-T: 1.045  C-G: 1.188  C-T: 1.126  G-T: 1.000
Base frequencies:   A: 0.253  C: 0.279  G: 0.225  T: 0.242
Gamma shape alpha: 42.021
Parameters optimization took 1 rounds (0.005 sec)
BEST SCORE FOUND : -2112.070

Testing tree branches by SH-like aLRT with 1000 replicates...
CPU Time used:  0.112 sec.
Total tree length: 1.328

Total number of iterations: 101
CPU time used for tree search: 1.416 sec (0h:0m:1s)
Wall-clock time used for tree search: 1.416 sec (0h:0m:1s)
Total CPU time used: 1.576 sec (0h:0m:1s)
Total wall-clock time used: 1.578 sec (0h:0m:1s)

Analysis results written to: 
  IQ-TREE report:                ../simulations/data_D1T2L3I5T4//S/825_pruned.fasta.iqtree
  Maximum-likelihood tree:       ../simulations/data_D1T2L3I5T4//S/825_pruned.fasta.treefile
  Likelihood distances:          ../simulations/data_D1T2L3I5T4//S/825_pruned.fasta.mldist
  Screen log file:               ../simulations/data_D1T2L3I5T4//S/825_pruned.fasta.log

Date and Time: Fri May 25 14:25:01 2018
