IQ-TREE version 1.4.2 for Linux 64-bit built Apr 15 2016
Copyright (c) 2011-2015 Nguyen Lam Tung, Olga Chernomor, Arndt von Haeseler and Bui Quang Minh.

Host:    meduse (AVX2, FMA3, 7 GB RAM)
Command: /home/tannier/programs/iqtree/iqtree-1.4.2-Linux/bin//iqtree -s ../simulations/data_D1T2L3I5T4//S/826_pruned.fasta -m GTR+G -alrt 1000 -redo
Seed:    140166 (Using SPRNG - Scalable Parallel Random Number Generator)
Time:    Fri May 25 14:28:06 2018
Kernel:  AVX

NOTE: Consider using the multicore version because your CPU has 4 cores!

Reading alignment file ../simulations/data_D1T2L3I5T4//S/826_pruned.fasta ... Fasta format detected
Alignment most likely contains DNA/RNA sequences
Alignment has 37 sequences with 300 columns and 201 patterns (170 informative sites)
          Gap/Ambiguity  Composition  p-value
   1  n280_301    0.00%    passed     96.15%
   2  n289_316    0.00%    passed     95.62%
   3  n277_298    0.00%    passed     99.93%
   4  n299_332    0.00%    passed     96.15%
   5  n297_328    0.00%    passed     91.50%
   6  n296_325    0.00%    passed     93.47%
   7  n300_333    0.00%    passed     94.15%
   8  n297_330    0.00%    passed     84.14%
   9  n292_319    0.00%    passed     91.35%
  10  n275_296    0.00%    passed     89.25%
  11  n251_264    0.00%    passed     66.18%
  12  n275_294    0.00%    passed     82.31%
  13  n298_329    0.00%    passed     91.50%
  14  n295_324    0.00%    passed     93.10%
  15  n266_281    0.00%    passed     97.09%
  16  n255_268    0.00%    passed     33.62%
  17  n293_320    0.00%    passed     94.17%
  18  n296_327    0.00%    passed     98.18%
  19  n236_245    0.00%    passed     98.50%
  20  n294_323    0.00%    passed     84.87%
  21  n200_209    0.00%    passed     96.53%
  22  n298_331    0.00%    passed     84.14%
  23  n294_321    0.00%    passed     91.34%
  24  n285_308    0.00%    passed     77.11%
  25  n265_280    0.00%    passed     98.50%
  26  n289_314    0.00%    passed     64.59%
  27  n287_312    0.00%    passed     97.28%
  28  n287_310    0.00%    passed     40.30%
  29  n290_317    0.00%    passed     97.28%
  30  n293_322    0.00%    passed     84.87%
  31  n286_309    0.00%    passed     82.59%
  32  n274_293    0.00%    passed     96.53%
  33  n244_257    0.00%    passed     69.00%
  34  n295_326    0.00%    passed     98.35%
  35  n290_315    0.00%    passed     74.87%
  36  n236_247    0.00%    passed     90.39%
  37  n278_299    0.00%    passed     96.22%
****  TOTAL       0.00%  0 sequences failed composition chi2 test (p-value<5%; df=3)
NOTE: 3 identical sequences (see below) will be ignored for subsequent analysis
NOTE: n298_329 (identical to n297_328) is ignored but added at the end
NOTE: n298_331 (identical to n297_330) is ignored but added at the end
NOTE: n293_322 (identical to n294_323) is ignored but added at the end

Create initial parsimony tree by phylogenetic likelihood library (PLL)... 0.002 seconds

NOTE: 0 MB RAM is required!
Estimate model parameters (epsilon = 0.100)
1. Initial log-likelihood: -2383.043
2. Current log-likelihood: -2333.683
3. Current log-likelihood: -2333.054
Optimal log-likelihood: -2333.017
Rate parameters:  A-C: 0.889  A-G: 1.026  A-T: 0.770  C-G: 0.881  C-T: 1.026  G-T: 1.000
Base frequencies:   A: 0.264  C: 0.270  G: 0.250  T: 0.216
Gamma shape alpha: 11.841
Parameters optimization took 3 rounds (0.038 sec)
--------------------------------------------------------------------
|             INITIALIZING CANDIDATE TREE SET                      |
--------------------------------------------------------------------
Computing ML distances based on estimated model parameters... 0.004 sec
Computing BIONJ tree...
0.001 seconds
Log-likelihood of BIONJ tree: -2334.034
Generating 98 parsimony trees... 0.164 seconds 86 distinct starting trees
Computing log-likelihood of 86 initial trees ... 0.268 seconds
Optimizing top 20 initial trees with NNI...
Iteration 1 / LogL: -2333.018 / Time: 0h:0m:0s
Estimate model parameters (epsilon = 0.100)
BETTER SCORE FOUND at iteration 1: -2332.995
Iteration 2 / LogL: -2332.999 / Time: 0h:0m:0s
Iteration 3 / LogL: -2332.999 / Time: 0h:0m:0s
Iteration 4 / LogL: -2332.999 / Time: 0h:0m:0s
Iteration 5 / LogL: -2332.999 / Time: 0h:0m:0s
Iteration 6 / LogL: -2332.999 / Time: 0h:0m:0s
Iteration 7 / LogL: -2332.999 / Time: 0h:0m:0s
Iteration 8 / LogL: -2332.999 / Time: 0h:0m:0s
Iteration 9 / LogL: -2332.999 / Time: 0h:0m:0s
Iteration 10 / LogL: -2332.999 / Time: 0h:0m:0s
Iteration 11 / LogL: -2332.999 / Time: 0h:0m:0s
Iteration 12 / LogL: -2332.999 / Time: 0h:0m:0s
Iteration 13 / LogL: -2332.999 / Time: 0h:0m:0s
Iteration 14 / LogL: -2332.995 / Time: 0h:0m:0s
Iteration 15 / LogL: -2332.995 / Time: 0h:0m:0s
Iteration 16 / LogL: -2332.995 / Time: 0h:0m:0s
Iteration 17 / LogL: -2332.995 / Time: 0h:0m:0s
Iteration 18 / LogL: -2332.995 / Time: 0h:0m:0s
Iteration 19 / LogL: -2332.995 / Time: 0h:0m:0s
Iteration 20 / LogL: -2332.995 / Time: 0h:0m:0s
Average CPU time for 1 NNI search: 0.009
Finish initializing candidate tree set. Number of distinct locally optimal trees: 19
Current best tree score: -2332.995 / CPU time: 0.620
--------------------------------------------------------------------
|               OPTIMIZING CANDIDATE TREE SET                      |
--------------------------------------------------------------------
Iteration 30 / LogL: -2332.997 / Time: 0h:0m:0s (0h:0m:2s left)
Iteration 40 / LogL: -2333.086 / Time: 0h:0m:1s (0h:0m:1s left)
Iteration 50 / LogL: -2335.211 / Time: 0h:0m:1s (0h:0m:1s left)
Iteration 60 / LogL: -2333.012 / Time: 0h:0m:1s (0h:0m:1s left)
Iteration 70 / LogL: -2335.140 / Time: 0h:0m:1s (0h:0m:0s left)
Iteration 80 / LogL: -2332.995 / Time: 0h:0m:2s (0h:0m:0s left)
Iteration 90 / LogL: -2332.998 / Time: 0h:0m:2s (0h:0m:0s left)
Iteration 100 / LogL: -2336.231 / Time: 0h:0m:2s (0h:0m:0s left)
TREE SEARCH COMPLETED AFTER 101 ITERATIONS / Time: 0h:0m:2s

--------------------------------------------------------------------
|                    FINALIZING TREE SEARCH                        |
--------------------------------------------------------------------
Performs final model parameters optimization
Estimate model parameters (epsilon = 0.010)
1. Initial log-likelihood: -2332.995
Optimal log-likelihood: -2332.986
Rate parameters:  A-C: 0.871  A-G: 1.008  A-T: 0.763  C-G: 0.861  C-T: 1.029  G-T: 1.000
Base frequencies:   A: 0.264  C: 0.270  G: 0.250  T: 0.216
Gamma shape alpha: 11.744
Parameters optimization took 1 rounds (0.011 sec)
BEST SCORE FOUND : -2332.986

Testing tree branches by SH-like aLRT with 1000 replicates...
CPU Time used:  0.160 sec.
Total tree length: 1.322

Total number of iterations: 101
CPU time used for tree search: 2.728 sec (0h:0m:2s)
Wall-clock time used for tree search: 2.728 sec (0h:0m:2s)
Total CPU time used: 2.956 sec (0h:0m:2s)
Total wall-clock time used: 2.960 sec (0h:0m:2s)

Analysis results written to: 
  IQ-TREE report:                ../simulations/data_D1T2L3I5T4//S/826_pruned.fasta.iqtree
  Maximum-likelihood tree:       ../simulations/data_D1T2L3I5T4//S/826_pruned.fasta.treefile
  Likelihood distances:          ../simulations/data_D1T2L3I5T4//S/826_pruned.fasta.mldist
  Screen log file:               ../simulations/data_D1T2L3I5T4//S/826_pruned.fasta.log

Date and Time: Fri May 25 14:28:09 2018
