IQ-TREE version 1.4.2 for Linux 64-bit built Apr 15 2016
Copyright (c) 2011-2015 Nguyen Lam Tung, Olga Chernomor, Arndt von Haeseler and Bui Quang Minh.

Host:    meduse (AVX2, FMA3, 7 GB RAM)
Command: /home/tannier/programs/iqtree/iqtree-1.4.2-Linux/bin//iqtree -s ../simulations/data_D1T2L3I5T4//S/82_pruned.fasta -m GTR+G -alrt 1000 -redo
Seed:    792638 (Using SPRNG - Scalable Parallel Random Number Generator)
Time:    Fri May 25 14:32:27 2018
Kernel:  AVX

NOTE: Consider using the multicore version because your CPU has 4 cores!

Reading alignment file ../simulations/data_D1T2L3I5T4//S/82_pruned.fasta ... Fasta format detected
Alignment most likely contains DNA/RNA sequences
Alignment has 26 sequences with 300 columns and 177 patterns (156 informative sites)
          Gap/Ambiguity  Composition  p-value
   1  n236_237    0.00%    passed     90.63%
   2  n266_267    0.00%    passed     85.25%
   3  n296_297    0.00%    passed     99.72%
   4  n277_278    0.00%    passed     96.16%
   5  n290_291    0.00%    passed     96.25%
   6  n255_256    0.00%    passed     95.03%
   7  n295_296    0.00%    passed     99.72%
   8  n286_287    0.00%    passed     97.98%
   9  n298_299    0.00%    passed     94.01%
  10  n299_300    0.00%    passed     97.94%
  11  n287_288    0.00%    passed     96.09%
  12  n278_279    0.00%    passed     97.45%
  13  n292_293    0.00%    passed     98.04%
  14  n265_266    0.00%    passed     72.51%
  15  n289_290    0.00%    passed     98.68%
  16  n293_294    0.00%    passed     86.40%
  17  n280_281    0.00%    passed     98.32%
  18  n274_275    0.00%    passed     99.94%
  19  n275_276    0.00%    passed     98.23%
  20  n285_286    0.00%    passed     97.80%
  21  n294_295    0.00%    passed     90.26%
  22  n297_298    0.00%    passed     96.86%
  23  n244_245    0.00%    passed     41.21%
  24  n251_252    0.00%    passed     88.23%
  25  n200_201    0.00%    passed     94.92%
  26  n300_301    0.00%    passed     98.98%
****  TOTAL       0.00%  0 sequences failed composition chi2 test (p-value<5%; df=3)
NOTE: 1 identical sequences (see below) will be ignored for subsequent analysis
NOTE: n295_296 (identical to n296_297) is ignored but added at the end

Create initial parsimony tree by phylogenetic likelihood library (PLL)... 0.001 seconds

NOTE: 0 MB RAM is required!
Estimate model parameters (epsilon = 0.100)
1. Initial log-likelihood: -2082.451
2. Current log-likelihood: -2043.593
3. Current log-likelihood: -2043.282
Optimal log-likelihood: -2043.260
Rate parameters:  A-C: 1.152  A-G: 1.346  A-T: 0.883  C-G: 1.164  C-T: 1.406  G-T: 1.000
Base frequencies:   A: 0.237  C: 0.258  G: 0.264  T: 0.240
Gamma shape alpha: 6.458
Parameters optimization took 3 rounds (0.022 sec)
--------------------------------------------------------------------
|             INITIALIZING CANDIDATE TREE SET                      |
--------------------------------------------------------------------
Computing ML distances based on estimated model parameters... 0.004 sec
Computing BIONJ tree...
0.000 seconds
Log-likelihood of BIONJ tree: -2043.260
Generating 98 parsimony trees... 0.104 seconds 32 distinct starting trees
Computing log-likelihood of 32 initial trees ... 0.068 seconds
Optimizing top 20 initial trees with NNI...
Iteration 1 / LogL: -2043.260 / Time: 0h:0m:0s
Estimate model parameters (epsilon = 0.100)
BETTER SCORE FOUND at iteration 1: -2043.241
Iteration 2 / LogL: -2043.243 / Time: 0h:0m:0s
Iteration 3 / LogL: -2043.244 / Time: 0h:0m:0s
Iteration 4 / LogL: -2043.244 / Time: 0h:0m:0s
Iteration 5 / LogL: -2043.244 / Time: 0h:0m:0s
Iteration 6 / LogL: -2043.244 / Time: 0h:0m:0s
Iteration 7 / LogL: -2043.244 / Time: 0h:0m:0s
Iteration 8 / LogL: -2043.244 / Time: 0h:0m:0s
Iteration 9 / LogL: -2043.244 / Time: 0h:0m:0s
Iteration 10 / LogL: -2043.244 / Time: 0h:0m:0s
Iteration 11 / LogL: -2043.244 / Time: 0h:0m:0s
Iteration 12 / LogL: -2043.244 / Time: 0h:0m:0s
Iteration 13 / LogL: -2043.244 / Time: 0h:0m:0s
Iteration 14 / LogL: -2043.244 / Time: 0h:0m:0s
Iteration 15 / LogL: -2043.244 / Time: 0h:0m:0s
Iteration 16 / LogL: -2043.244 / Time: 0h:0m:0s
Iteration 17 / LogL: -2043.244 / Time: 0h:0m:0s
Iteration 18 / LogL: -2043.244 / Time: 0h:0m:0s
Iteration 19 / LogL: -2043.244 / Time: 0h:0m:0s
Iteration 20 / LogL: -2043.244 / Time: 0h:0m:0s
Average CPU time for 1 NNI search: 0.005
Finish initializing candidate tree set. Number of distinct locally optimal trees: 20
Current best tree score: -2043.241 / CPU time: 0.276
--------------------------------------------------------------------
|               OPTIMIZING CANDIDATE TREE SET                      |
--------------------------------------------------------------------
Iteration 30 / LogL: -2043.242 / Time: 0h:0m:0s (0h:0m:1s left)
Iteration 40 / LogL: -2043.243 / Time: 0h:0m:0s (0h:0m:0s left)
Iteration 50 / LogL: -2061.946 / Time: 0h:0m:0s (0h:0m:0s left)
Iteration 60 / LogL: -2043.247 / Time: 0h:0m:0s (0h:0m:0s left)
Iteration 70 / LogL: -2043.247 / Time: 0h:0m:1s (0h:0m:0s left)
Iteration 80 / LogL: -2043.245 / Time: 0h:0m:1s (0h:0m:0s left)
Iteration 90 / LogL: -2043.243 / Time: 0h:0m:1s (0h:0m:0s left)
Iteration 100 / LogL: -2043.242 / Time: 0h:0m:1s (0h:0m:0s left)
TREE SEARCH COMPLETED AFTER 101 ITERATIONS / Time: 0h:0m:1s

--------------------------------------------------------------------
|                    FINALIZING TREE SEARCH                        |
--------------------------------------------------------------------
Performs final model parameters optimization
Estimate model parameters (epsilon = 0.010)
1. Initial log-likelihood: -2043.241
Optimal log-likelihood: -2043.236
Rate parameters:  A-C: 1.174  A-G: 1.369  A-T: 0.911  C-G: 1.171  C-T: 1.426  G-T: 1.000
Base frequencies:   A: 0.237  C: 0.258  G: 0.264  T: 0.240
Gamma shape alpha: 6.473
Parameters optimization took 1 rounds (0.005 sec)
BEST SCORE FOUND : -2043.236

Testing tree branches by SH-like aLRT with 1000 replicates...
CPU Time used:  0.116 sec.
Total tree length: 1.207

Total number of iterations: 101
CPU time used for tree search: 1.556 sec (0h:0m:1s)
Wall-clock time used for tree search: 1.559 sec (0h:0m:1s)
Total CPU time used: 1.716 sec (0h:0m:1s)
Total wall-clock time used: 1.719 sec (0h:0m:1s)

Analysis results written to: 
  IQ-TREE report:                ../simulations/data_D1T2L3I5T4//S/82_pruned.fasta.iqtree
  Maximum-likelihood tree:       ../simulations/data_D1T2L3I5T4//S/82_pruned.fasta.treefile
  Likelihood distances:          ../simulations/data_D1T2L3I5T4//S/82_pruned.fasta.mldist
  Screen log file:               ../simulations/data_D1T2L3I5T4//S/82_pruned.fasta.log

Date and Time: Fri May 25 14:32:29 2018
