IQ-TREE version 1.4.2 for Linux 64-bit built Apr 15 2016
Copyright (c) 2011-2015 Nguyen Lam Tung, Olga Chernomor, Arndt von Haeseler and Bui Quang Minh.

Host:    meduse (AVX2, FMA3, 7 GB RAM)
Command: /home/tannier/programs/iqtree/iqtree-1.4.2-Linux/bin//iqtree -s ../simulations/data_D1T2L3I5T4//S/839_pruned.fasta -m GTR+G -alrt 1000 -redo
Seed:    550035 (Using SPRNG - Scalable Parallel Random Number Generator)
Time:    Fri May 25 14:13:58 2018
Kernel:  AVX

NOTE: Consider using the multicore version because your CPU has 4 cores!

Reading alignment file ../simulations/data_D1T2L3I5T4//S/839_pruned.fasta ... Fasta format detected
Alignment most likely contains DNA/RNA sequences
Alignment has 26 sequences with 300 columns and 184 patterns (159 informative sites)
          Gap/Ambiguity  Composition  p-value
   1  n236_237    0.00%    passed     84.77%
   2  n266_267    0.00%    passed     98.60%
   3  n296_297    0.00%    passed     98.82%
   4  n277_278    0.00%    passed     72.57%
   5  n290_291    0.00%    passed     98.06%
   6  n255_256    0.00%    passed     71.13%
   7  n295_296    0.00%    passed     98.96%
   8  n286_287    0.00%    passed     97.29%
   9  n298_299    0.00%    passed     74.46%
  10  n299_300    0.00%    passed     82.53%
  11  n287_288    0.00%    passed     98.06%
  12  n278_279    0.00%    passed     82.22%
  13  n292_293    0.00%    passed     79.27%
  14  n265_266    0.00%    passed     99.29%
  15  n289_290    0.00%    passed     99.48%
  16  n293_294    0.00%    passed     79.75%
  17  n280_281    0.00%    passed     81.32%
  18  n274_275    0.00%    passed     91.42%
  19  n275_276    0.00%    passed     82.13%
  20  n285_286    0.00%    passed     99.81%
  21  n294_295    0.00%    passed     80.33%
  22  n297_298    0.00%    passed     78.11%
  23  n244_245    0.00%    passed     69.29%
  24  n251_252    0.00%    passed     32.44%
  25  n200_201    0.00%    passed     77.36%
  26  n300_301    0.00%    passed     79.27%
****  TOTAL       0.00%  0 sequences failed composition chi2 test (p-value<5%; df=3)
NOTE: 1 identical sequences (see below) will be ignored for subsequent analysis
NOTE: n300_301 (identical to n292_293) is ignored but added at the end

Create initial parsimony tree by phylogenetic likelihood library (PLL)... 0.001 seconds

NOTE: 0 MB RAM is required!
Estimate model parameters (epsilon = 0.100)
1. Initial log-likelihood: -2100.115
2. Current log-likelihood: -2055.570
3. Current log-likelihood: -2054.992
Optimal log-likelihood: -2054.979
Rate parameters:  A-C: 1.011  A-G: 1.237  A-T: 0.956  C-G: 0.885  C-T: 1.071  G-T: 1.000
Base frequencies:   A: 0.226  C: 0.286  G: 0.264  T: 0.224
Gamma shape alpha: 18.581
Parameters optimization took 3 rounds (0.027 sec)
--------------------------------------------------------------------
|             INITIALIZING CANDIDATE TREE SET                      |
--------------------------------------------------------------------
Computing ML distances based on estimated model parameters... 0.004 sec
Computing BIONJ tree...
0.001 seconds
Log-likelihood of BIONJ tree: -2054.978
Generating 98 parsimony trees... 0.088 seconds 86 distinct starting trees
Computing log-likelihood of 86 initial trees ... 0.175 seconds
Optimizing top 20 initial trees with NNI...
Iteration 1 / LogL: -2054.978 / Time: 0h:0m:0s
Estimate model parameters (epsilon = 0.100)
BETTER SCORE FOUND at iteration 1: -2054.972
Iteration 2 / LogL: -2054.973 / Time: 0h:0m:0s
Iteration 3 / LogL: -2054.973 / Time: 0h:0m:0s
Iteration 4 / LogL: -2054.973 / Time: 0h:0m:0s
Iteration 5 / LogL: -2054.973 / Time: 0h:0m:0s
Iteration 6 / LogL: -2054.973 / Time: 0h:0m:0s
Iteration 7 / LogL: -2054.973 / Time: 0h:0m:0s
Iteration 8 / LogL: -2054.973 / Time: 0h:0m:0s
Iteration 9 / LogL: -2054.973 / Time: 0h:0m:0s
Iteration 10 / LogL: -2054.973 / Time: 0h:0m:0s
Iteration 11 / LogL: -2054.973 / Time: 0h:0m:0s
Iteration 12 / LogL: -2054.973 / Time: 0h:0m:0s
Iteration 13 / LogL: -2054.973 / Time: 0h:0m:0s
Iteration 14 / LogL: -2054.974 / Time: 0h:0m:0s
Iteration 15 / LogL: -2054.974 / Time: 0h:0m:0s
Iteration 16 / LogL: -2054.974 / Time: 0h:0m:0s
Iteration 17 / LogL: -2054.974 / Time: 0h:0m:0s
Iteration 18 / LogL: -2054.974 / Time: 0h:0m:0s
Iteration 19 / LogL: -2054.974 / Time: 0h:0m:0s
Iteration 20 / LogL: -2054.974 / Time: 0h:0m:0s
Average CPU time for 1 NNI search: 0.005
Finish initializing candidate tree set. Number of distinct locally optimal trees: 20
Current best tree score: -2054.972 / CPU time: 0.368
--------------------------------------------------------------------
|               OPTIMIZING CANDIDATE TREE SET                      |
--------------------------------------------------------------------
Iteration 30 / LogL: -2073.017 / Time: 0h:0m:0s (0h:0m:1s left)
Iteration 40 / LogL: -2054.972 / Time: 0h:0m:0s (0h:0m:1s left)
Iteration 50 / LogL: -2054.972 / Time: 0h:0m:0s (0h:0m:0s left)
Iteration 60 / LogL: -2059.459 / Time: 0h:0m:1s (0h:0m:0s left)
Iteration 70 / LogL: -2054.987 / Time: 0h:0m:1s (0h:0m:0s left)
Iteration 80 / LogL: -2054.972 / Time: 0h:0m:1s (0h:0m:0s left)
Iteration 90 / LogL: -2054.972 / Time: 0h:0m:1s (0h:0m:0s left)
Iteration 100 / LogL: -2054.971 / Time: 0h:0m:1s (0h:0m:0s left)
TREE SEARCH COMPLETED AFTER 101 ITERATIONS / Time: 0h:0m:1s

--------------------------------------------------------------------
|                    FINALIZING TREE SEARCH                        |
--------------------------------------------------------------------
Performs final model parameters optimization
Estimate model parameters (epsilon = 0.010)
1. Initial log-likelihood: -2054.971
Optimal log-likelihood: -2054.967
Rate parameters:  A-C: 1.021  A-G: 1.250  A-T: 0.967  C-G: 0.891  C-T: 1.083  G-T: 1.000
Base frequencies:   A: 0.226  C: 0.286  G: 0.264  T: 0.224
Gamma shape alpha: 18.652
Parameters optimization took 1 rounds (0.005 sec)
BEST SCORE FOUND : -2054.967

Testing tree branches by SH-like aLRT with 1000 replicates...
CPU Time used:  0.112 sec.
Total tree length: 1.213

Total number of iterations: 101
CPU time used for tree search: 1.704 sec (0h:0m:1s)
Wall-clock time used for tree search: 1.709 sec (0h:0m:1s)
Total CPU time used: 1.868 sec (0h:0m:1s)
Total wall-clock time used: 1.870 sec (0h:0m:1s)

Analysis results written to: 
  IQ-TREE report:                ../simulations/data_D1T2L3I5T4//S/839_pruned.fasta.iqtree
  Maximum-likelihood tree:       ../simulations/data_D1T2L3I5T4//S/839_pruned.fasta.treefile
  Likelihood distances:          ../simulations/data_D1T2L3I5T4//S/839_pruned.fasta.mldist
  Screen log file:               ../simulations/data_D1T2L3I5T4//S/839_pruned.fasta.log

Date and Time: Fri May 25 14:14:00 2018
