IQ-TREE version 1.4.2 for Linux 64-bit built Apr 15 2016
Copyright (c) 2011-2015 Nguyen Lam Tung, Olga Chernomor, Arndt von Haeseler and Bui Quang Minh.

Host:    meduse (AVX2, FMA3, 7 GB RAM)
Command: /home/tannier/programs/iqtree/iqtree-1.4.2-Linux/bin//iqtree -s ../simulations/data_D1T2L3I5T4//S/840_pruned.fasta -m GTR+G -alrt 1000 -redo
Seed:    622139 (Using SPRNG - Scalable Parallel Random Number Generator)
Time:    Fri May 25 14:21:45 2018
Kernel:  AVX

NOTE: Consider using the multicore version because your CPU has 4 cores!

Reading alignment file ../simulations/data_D1T2L3I5T4//S/840_pruned.fasta ... Fasta format detected
Alignment most likely contains DNA/RNA sequences
Alignment has 26 sequences with 300 columns and 177 patterns (161 informative sites)
          Gap/Ambiguity  Composition  p-value
   1  n236_237    0.00%    passed     83.90%
   2  n266_267    0.00%    passed     91.46%
   3  n296_297    0.00%    passed     89.54%
   4  n277_278    0.00%    passed     88.79%
   5  n290_291    0.00%    passed     96.66%
   6  n255_256    0.00%    passed     90.18%
   7  n295_296    0.00%    passed     94.74%
   8  n286_287    0.00%    passed     84.41%
   9  n298_299    0.00%    passed     96.04%
  10  n299_300    0.00%    passed     99.40%
  11  n287_288    0.00%    passed     99.41%
  12  n278_279    0.00%    passed     95.44%
  13  n292_293    0.00%    passed     99.51%
  14  n265_266    0.00%    passed     79.06%
  15  n289_290    0.00%    passed     93.66%
  16  n293_294    0.00%    passed     96.04%
  17  n280_281    0.00%    passed     98.75%
  18  n274_275    0.00%    passed     99.92%
  19  n275_276    0.00%    passed     93.41%
  20  n285_286    0.00%    passed     80.63%
  21  n294_295    0.00%    passed     96.66%
  22  n297_298    0.00%    passed     94.71%
  23  n244_245    0.00%    passed     53.16%
  24  n251_252    0.00%    passed     97.12%
  25  n200_201    0.00%    passed     98.10%
  26  n300_301    0.00%    passed     99.40%
****  TOTAL       0.00%  0 sequences failed composition chi2 test (p-value<5%; df=3)
NOTE: 1 identical sequences (see below) will be ignored for subsequent analysis
NOTE: n300_301 (identical to n299_300) is ignored but added at the end

Create initial parsimony tree by phylogenetic likelihood library (PLL)... 0.001 seconds

NOTE: 0 MB RAM is required!
Estimate model parameters (epsilon = 0.100)
1. Initial log-likelihood: -2100.123
2. Current log-likelihood: -2028.967
3. Current log-likelihood: -2028.282
Optimal log-likelihood: -2028.225
Rate parameters:  A-C: 0.813  A-G: 1.226  A-T: 0.815  C-G: 0.971  C-T: 1.154  G-T: 1.000
Base frequencies:   A: 0.237  C: 0.273  G: 0.251  T: 0.238
Gamma shape alpha: 57.354
Parameters optimization took 3 rounds (0.022 sec)
--------------------------------------------------------------------
|             INITIALIZING CANDIDATE TREE SET                      |
--------------------------------------------------------------------
Computing ML distances based on estimated model parameters... 0.004 sec
Computing BIONJ tree...
0.000 seconds
Log-likelihood of BIONJ tree: -2028.224
Generating 98 parsimony trees... 0.105 seconds 9 distinct starting trees
Computing log-likelihood of 9 initial trees ... 0.016 seconds
Optimizing top 9 initial trees with NNI...
Iteration 1 / LogL: -2028.225 / Time: 0h:0m:0s
Estimate model parameters (epsilon = 0.100)
BETTER SCORE FOUND at iteration 1: -2028.193
Iteration 2 / LogL: -2028.195 / Time: 0h:0m:0s
Iteration 3 / LogL: -2028.197 / Time: 0h:0m:0s
Iteration 4 / LogL: -2028.197 / Time: 0h:0m:0s
Iteration 5 / LogL: -2028.197 / Time: 0h:0m:0s
Iteration 6 / LogL: -2028.197 / Time: 0h:0m:0s
Iteration 7 / LogL: -2028.197 / Time: 0h:0m:0s
Iteration 8 / LogL: -2028.197 / Time: 0h:0m:0s
Iteration 9 / LogL: -2028.197 / Time: 0h:0m:0s
Average CPU time for 1 NNI search: 0.006
Finish initializing candidate tree set. Number of distinct locally optimal trees: 9
Current best tree score: -2028.193 / CPU time: 0.176
--------------------------------------------------------------------
|               OPTIMIZING CANDIDATE TREE SET                      |
--------------------------------------------------------------------
Iteration 10 / LogL: -2028.201 / Time: 0h:0m:0s
Iteration 20 / LogL: -2028.200 / Time: 0h:0m:0s (0h:0m:1s left)
Iteration 30 / LogL: -2028.197 / Time: 0h:0m:0s (0h:0m:1s left)
Iteration 40 / LogL: -2028.200 / Time: 0h:0m:0s (0h:0m:1s left)
Iteration 50 / LogL: -2028.200 / Time: 0h:0m:0s (0h:0m:0s left)
Iteration 60 / LogL: -2032.552 / Time: 0h:0m:1s (0h:0m:0s left)
Iteration 70 / LogL: -2028.199 / Time: 0h:0m:1s (0h:0m:0s left)
Iteration 80 / LogL: -2028.202 / Time: 0h:0m:1s (0h:0m:0s left)
Iteration 90 / LogL: -2028.193 / Time: 0h:0m:1s (0h:0m:0s left)
Iteration 100 / LogL: -2028.194 / Time: 0h:0m:1s (0h:0m:0s left)
TREE SEARCH COMPLETED AFTER 101 ITERATIONS / Time: 0h:0m:1s

--------------------------------------------------------------------
|                    FINALIZING TREE SEARCH                        |
--------------------------------------------------------------------
Performs final model parameters optimization
Estimate model parameters (epsilon = 0.010)
1. Initial log-likelihood: -2028.193
2. Current log-likelihood: -2028.177
Optimal log-likelihood: -2028.167
Rate parameters:  A-C: 0.841  A-G: 1.264  A-T: 0.861  C-G: 0.982  C-T: 1.186  G-T: 1.000
Base frequencies:   A: 0.237  C: 0.273  G: 0.251  T: 0.238
Gamma shape alpha: 64.205
Parameters optimization took 2 rounds (0.012 sec)
BEST SCORE FOUND : -2028.167

Testing tree branches by SH-like aLRT with 1000 replicates...
CPU Time used:  0.116 sec.
Total tree length: 1.176

Total number of iterations: 101
CPU time used for tree search: 1.684 sec (0h:0m:1s)
Wall-clock time used for tree search: 1.689 sec (0h:0m:1s)
Total CPU time used: 1.852 sec (0h:0m:1s)
Total wall-clock time used: 1.856 sec (0h:0m:1s)

Analysis results written to: 
  IQ-TREE report:                ../simulations/data_D1T2L3I5T4//S/840_pruned.fasta.iqtree
  Maximum-likelihood tree:       ../simulations/data_D1T2L3I5T4//S/840_pruned.fasta.treefile
  Likelihood distances:          ../simulations/data_D1T2L3I5T4//S/840_pruned.fasta.mldist
  Screen log file:               ../simulations/data_D1T2L3I5T4//S/840_pruned.fasta.log

Date and Time: Fri May 25 14:21:47 2018
