IQ-TREE version 1.4.2 for Linux 64-bit built Apr 15 2016
Copyright (c) 2011-2015 Nguyen Lam Tung, Olga Chernomor, Arndt von Haeseler and Bui Quang Minh.

Host:    meduse (AVX2, FMA3, 7 GB RAM)
Command: /home/tannier/programs/iqtree/iqtree-1.4.2-Linux/bin//iqtree -s ../simulations/data_D1T2L3I5T4//S/859_pruned.fasta -m GTR+G -alrt 1000 -redo
Seed:    391410 (Using SPRNG - Scalable Parallel Random Number Generator)
Time:    Fri May 25 14:10:03 2018
Kernel:  AVX

NOTE: Consider using the multicore version because your CPU has 4 cores!

Reading alignment file ../simulations/data_D1T2L3I5T4//S/859_pruned.fasta ... Fasta format detected
Alignment most likely contains DNA/RNA sequences
Alignment has 26 sequences with 300 columns and 177 patterns (166 informative sites)
          Gap/Ambiguity  Composition  p-value
   1  n294_297    0.00%    passed     93.35%
   2  n251_254    0.00%    passed     73.65%
   3  n298_301    0.00%    passed     90.77%
   4  n277_280    0.00%    passed     88.50%
   5  n286_289    0.00%    passed     79.03%
   6  n274_277    0.00%    passed     90.41%
   7  n287_290    0.00%    passed     92.15%
   8  n236_239    0.00%    passed     78.26%
   9  n200_203    0.00%    passed     90.05%
  10  n296_299    0.00%    passed     90.15%
  11  n275_278    0.00%    passed     87.94%
  12  n266_269    0.00%    passed     95.19%
  13  n244_247    0.00%    passed     44.19%
  14  n295_298    0.00%    passed     95.56%
  15  n285_288    0.00%    passed     85.93%
  16  n299_302    0.00%    passed     90.77%
  17  n290_293    0.00%    passed     95.20%
  18  n280_283    0.00%    passed     84.84%
  19  n292_295    0.00%    passed     90.54%
  20  n289_292    0.00%    passed     95.20%
  21  n255_258    0.00%    passed     75.55%
  22  n297_300    0.00%    passed     88.27%
  23  n265_268    0.00%    passed     93.87%
  24  n300_303    0.00%    passed     90.77%
  25  n278_281    0.00%    passed     96.90%
  26  n293_296    0.00%    passed     95.56%
****  TOTAL       0.00%  0 sequences failed composition chi2 test (p-value<5%; df=3)
NOTE: 1 identical sequences (see below) will be ignored for subsequent analysis
NOTE: n300_303 (identical to n299_302) is ignored but added at the end

Create initial parsimony tree by phylogenetic likelihood library (PLL)... 0.001 seconds

NOTE: 0 MB RAM is required!
Estimate model parameters (epsilon = 0.100)
1. Initial log-likelihood: -2061.404
2. Current log-likelihood: -2012.291
3. Current log-likelihood: -2011.865
Optimal log-likelihood: -2011.824
Rate parameters:  A-C: 1.142  A-G: 1.097  A-T: 0.830  C-G: 0.856  C-T: 1.051  G-T: 1.000
Base frequencies:   A: 0.228  C: 0.254  G: 0.256  T: 0.262
Gamma shape alpha: 18.930
Parameters optimization took 3 rounds (0.022 sec)
--------------------------------------------------------------------
|             INITIALIZING CANDIDATE TREE SET                      |
--------------------------------------------------------------------
Computing ML distances based on estimated model parameters... 0.004 sec
Computing BIONJ tree...
0.001 seconds
Log-likelihood of BIONJ tree: -2009.159
Generating 98 parsimony trees... 0.090 seconds 67 distinct starting trees
Computing log-likelihood of 67 initial trees ... 0.141 seconds
Optimizing top 20 initial trees with NNI...
Iteration 1 / LogL: -2009.159 / Time: 0h:0m:0s
Estimate model parameters (epsilon = 0.100)
BETTER SCORE FOUND at iteration 1: -2009.116
Iteration 2 / LogL: -2009.121 / Time: 0h:0m:0s
Iteration 3 / LogL: -2009.121 / Time: 0h:0m:0s
Iteration 4 / LogL: -2009.121 / Time: 0h:0m:0s
Iteration 5 / LogL: -2009.121 / Time: 0h:0m:0s
Iteration 6 / LogL: -2009.121 / Time: 0h:0m:0s
Iteration 7 / LogL: -2009.121 / Time: 0h:0m:0s
Iteration 8 / LogL: -2009.121 / Time: 0h:0m:0s
Iteration 9 / LogL: -2009.121 / Time: 0h:0m:0s
Iteration 10 / LogL: -2009.121 / Time: 0h:0m:0s
Iteration 11 / LogL: -2009.121 / Time: 0h:0m:0s
Iteration 12 / LogL: -2009.121 / Time: 0h:0m:0s
Iteration 13 / LogL: -2009.121 / Time: 0h:0m:0s
Iteration 14 / LogL: -2009.121 / Time: 0h:0m:0s
Iteration 15 / LogL: -2009.121 / Time: 0h:0m:0s
Iteration 16 / LogL: -2009.121 / Time: 0h:0m:0s
Iteration 17 / LogL: -2009.121 / Time: 0h:0m:0s
Iteration 18 / LogL: -2009.121 / Time: 0h:0m:0s
Iteration 19 / LogL: -2009.121 / Time: 0h:0m:0s
Iteration 20 / LogL: -2009.121 / Time: 0h:0m:0s
Average CPU time for 1 NNI search: 0.006
Finish initializing candidate tree set. Number of distinct locally optimal trees: 20
Current best tree score: -2009.116 / CPU time: 0.340
--------------------------------------------------------------------
|               OPTIMIZING CANDIDATE TREE SET                      |
--------------------------------------------------------------------
Iteration 30 / LogL: -2009.116 / Time: 0h:0m:0s (0h:0m:1s left)
Iteration 40 / LogL: -2009.116 / Time: 0h:0m:0s (0h:0m:1s left)
Iteration 50 / LogL: -2009.117 / Time: 0h:0m:0s (0h:0m:0s left)
Iteration 60 / LogL: -2009.116 / Time: 0h:0m:1s (0h:0m:0s left)
Iteration 70 / LogL: -2035.409 / Time: 0h:0m:1s (0h:0m:0s left)
Iteration 80 / LogL: -2037.128 / Time: 0h:0m:1s (0h:0m:0s left)
Iteration 90 / LogL: -2009.116 / Time: 0h:0m:1s (0h:0m:0s left)
Iteration 100 / LogL: -2009.159 / Time: 0h:0m:1s (0h:0m:0s left)
TREE SEARCH COMPLETED AFTER 101 ITERATIONS / Time: 0h:0m:1s

--------------------------------------------------------------------
|                    FINALIZING TREE SEARCH                        |
--------------------------------------------------------------------
Performs final model parameters optimization
Estimate model parameters (epsilon = 0.010)
1. Initial log-likelihood: -2009.116
2. Current log-likelihood: -2009.096
3. Current log-likelihood: -2009.086
Optimal log-likelihood: -2009.081
Rate parameters:  A-C: 1.189  A-G: 1.140  A-T: 0.878  C-G: 0.900  C-T: 1.082  G-T: 1.000
Base frequencies:   A: 0.228  C: 0.254  G: 0.256  T: 0.262
Gamma shape alpha: 20.034
Parameters optimization took 3 rounds (0.013 sec)
BEST SCORE FOUND : -2009.081

Testing tree branches by SH-like aLRT with 1000 replicates...
CPU Time used:  0.116 sec.
Total tree length: 1.248

Total number of iterations: 101
CPU time used for tree search: 1.600 sec (0h:0m:1s)
Wall-clock time used for tree search: 1.603 sec (0h:0m:1s)
Total CPU time used: 1.768 sec (0h:0m:1s)
Total wall-clock time used: 1.772 sec (0h:0m:1s)

Analysis results written to: 
  IQ-TREE report:                ../simulations/data_D1T2L3I5T4//S/859_pruned.fasta.iqtree
  Maximum-likelihood tree:       ../simulations/data_D1T2L3I5T4//S/859_pruned.fasta.treefile
  Likelihood distances:          ../simulations/data_D1T2L3I5T4//S/859_pruned.fasta.mldist
  Screen log file:               ../simulations/data_D1T2L3I5T4//S/859_pruned.fasta.log

Date and Time: Fri May 25 14:10:05 2018
