IQ-TREE version 1.4.2 for Linux 64-bit built Apr 15 2016
Copyright (c) 2011-2015 Nguyen Lam Tung, Olga Chernomor, Arndt von Haeseler and Bui Quang Minh.

Host:    meduse (AVX2, FMA3, 7 GB RAM)
Command: /home/tannier/programs/iqtree/iqtree-1.4.2-Linux/bin//iqtree -s ../simulations/data_D1T2L3I5T4//S/85_pruned.fasta -m GTR+G -alrt 1000 -redo
Seed:    364559 (Using SPRNG - Scalable Parallel Random Number Generator)
Time:    Fri May 25 14:18:25 2018
Kernel:  AVX

NOTE: Consider using the multicore version because your CPU has 4 cores!

Reading alignment file ../simulations/data_D1T2L3I5T4//S/85_pruned.fasta ... Fasta format detected
Alignment most likely contains DNA/RNA sequences
Alignment has 26 sequences with 300 columns and 175 patterns (147 informative sites)
          Gap/Ambiguity  Composition  p-value
   1  n294_297    0.00%    passed     77.27%
   2  n251_254    0.00%    passed     90.31%
   3  n277_280    0.00%    passed     87.06%
   4  n286_289    0.00%    passed     91.44%
   5  n278_281    0.00%    passed     82.58%
   6  n274_277    0.00%    passed     97.95%
   7  n287_290    0.00%    passed     97.16%
   8  n236_239    0.00%    passed     98.28%
   9  n200_203    0.00%    passed     82.51%
  10  n296_299    0.00%    passed     92.32%
  11  n295_298    0.00%    passed     92.27%
  12  n275_278    0.00%    passed     74.76%
  13  n266_269    0.00%    passed     80.07%
  14  n244_247    0.00%    passed     89.09%
  15  n285_288    0.00%    passed     90.96%
  16  n299_302    0.00%    passed     99.46%
  17  n290_293    0.00%    passed     97.16%
  18  n280_283    0.00%    passed     99.85%
  19  n298_301    0.00%    passed     82.59%
  20  n292_295    0.00%    passed     99.18%
  21  n289_292    0.00%    passed     97.16%
  22  n297_300    0.00%    passed     82.59%
  23  n255_258    0.00%    passed     92.70%
  24  n265_268    0.00%    passed     94.87%
  25  n300_303    0.00%    passed     99.38%
  26  n293_296    0.00%    passed     80.68%
****  TOTAL       0.00%  0 sequences failed composition chi2 test (p-value<5%; df=3)
NOTE: 3 identical sequences (see below) will be ignored for subsequent analysis
NOTE: n290_293 (identical to n287_290) is ignored but added at the end
NOTE: n289_292 (identical to n287_290) is ignored but added at the end
NOTE: n297_300 (identical to n298_301) is ignored but added at the end

Create initial parsimony tree by phylogenetic likelihood library (PLL)... 0.001 seconds

NOTE: 0 MB RAM is required!
Estimate model parameters (epsilon = 0.100)
1. Initial log-likelihood: -2075.647
2. Current log-likelihood: -2028.901
3. Current log-likelihood: -2028.517
4. Current log-likelihood: -2028.300
Optimal log-likelihood: -2028.267
Rate parameters:  A-C: 0.976  A-G: 1.274  A-T: 1.284  C-G: 1.208  C-T: 1.321  G-T: 1.000
Base frequencies:   A: 0.250  C: 0.270  G: 0.239  T: 0.241
Gamma shape alpha: 7.349
Parameters optimization took 4 rounds (0.034 sec)
--------------------------------------------------------------------
|             INITIALIZING CANDIDATE TREE SET                      |
--------------------------------------------------------------------
Computing ML distances based on estimated model parameters... 0.004 sec
Computing BIONJ tree...
0.000 seconds
Log-likelihood of BIONJ tree: -2029.900
Generating 98 parsimony trees... 0.075 seconds 25 distinct starting trees
Computing log-likelihood of 25 initial trees ... 0.047 seconds
Optimizing top 20 initial trees with NNI...
Iteration 1 / LogL: -2027.973 / Time: 0h:0m:0s
Estimate model parameters (epsilon = 0.100)
BETTER SCORE FOUND at iteration 1: -2027.945
Iteration 2 / LogL: -2027.962 / Time: 0h:0m:0s
Iteration 3 / LogL: -2027.962 / Time: 0h:0m:0s
Iteration 4 / LogL: -2027.962 / Time: 0h:0m:0s
Iteration 5 / LogL: -2027.962 / Time: 0h:0m:0s
Iteration 6 / LogL: -2027.962 / Time: 0h:0m:0s
Iteration 7 / LogL: -2027.962 / Time: 0h:0m:0s
Iteration 8 / LogL: -2027.946 / Time: 0h:0m:0s
Iteration 9 / LogL: -2027.946 / Time: 0h:0m:0s
Iteration 10 / LogL: -2029.891 / Time: 0h:0m:0s
Iteration 11 / LogL: -2027.945 / Time: 0h:0m:0s
Iteration 12 / LogL: -2029.907 / Time: 0h:0m:0s
Iteration 13 / LogL: -2029.907 / Time: 0h:0m:0s
Iteration 14 / LogL: -2029.907 / Time: 0h:0m:0s
Iteration 15 / LogL: -2029.907 / Time: 0h:0m:0s
Iteration 16 / LogL: -2027.945 / Time: 0h:0m:0s
Iteration 17 / LogL: -2029.907 / Time: 0h:0m:0s
Iteration 18 / LogL: -2027.945 / Time: 0h:0m:0s
Iteration 19 / LogL: -2027.945 / Time: 0h:0m:0s
Iteration 20 / LogL: -2029.891 / Time: 0h:0m:0s
Average CPU time for 1 NNI search: 0.006
Finish initializing candidate tree set. Number of distinct locally optimal trees: 13
Current best tree score: -2027.945 / CPU time: 0.248
--------------------------------------------------------------------
|               OPTIMIZING CANDIDATE TREE SET                      |
--------------------------------------------------------------------
Iteration 30 / LogL: -2077.430 / Time: 0h:0m:0s (0h:0m:1s left)
Iteration 40 / LogL: -2027.947 / Time: 0h:0m:0s (0h:0m:0s left)
Iteration 50 / LogL: -2027.947 / Time: 0h:0m:0s (0h:0m:0s left)
Iteration 60 / LogL: -2028.188 / Time: 0h:0m:0s (0h:0m:0s left)
Iteration 70 / LogL: -2027.946 / Time: 0h:0m:1s (0h:0m:0s left)
Iteration 80 / LogL: -2027.945 / Time: 0h:0m:1s (0h:0m:0s left)
Iteration 90 / LogL: -2165.518 / Time: 0h:0m:1s (0h:0m:0s left)
Iteration 100 / LogL: -2027.949 / Time: 0h:0m:1s (0h:0m:0s left)
TREE SEARCH COMPLETED AFTER 101 ITERATIONS / Time: 0h:0m:1s

--------------------------------------------------------------------
|                    FINALIZING TREE SEARCH                        |
--------------------------------------------------------------------
Performs final model parameters optimization
Estimate model parameters (epsilon = 0.010)
1. Initial log-likelihood: -2027.945
Optimal log-likelihood: -2027.942
Rate parameters:  A-C: 0.988  A-G: 1.302  A-T: 1.293  C-G: 1.220  C-T: 1.337  G-T: 1.000
Base frequencies:   A: 0.250  C: 0.270  G: 0.239  T: 0.241
Gamma shape alpha: 7.669
Parameters optimization took 1 rounds (0.004 sec)
BEST SCORE FOUND : -2027.942

Testing tree branches by SH-like aLRT with 1000 replicates...
CPU Time used:  0.100 sec.
Total tree length: 1.208

Total number of iterations: 101
CPU time used for tree search: 1.452 sec (0h:0m:1s)
Wall-clock time used for tree search: 1.452 sec (0h:0m:1s)
Total CPU time used: 1.608 sec (0h:0m:1s)
Total wall-clock time used: 1.606 sec (0h:0m:1s)

Analysis results written to: 
  IQ-TREE report:                ../simulations/data_D1T2L3I5T4//S/85_pruned.fasta.iqtree
  Maximum-likelihood tree:       ../simulations/data_D1T2L3I5T4//S/85_pruned.fasta.treefile
  Likelihood distances:          ../simulations/data_D1T2L3I5T4//S/85_pruned.fasta.mldist
  Screen log file:               ../simulations/data_D1T2L3I5T4//S/85_pruned.fasta.log

Date and Time: Fri May 25 14:18:26 2018
