IQ-TREE version 1.4.2 for Linux 64-bit built Apr 15 2016
Copyright (c) 2011-2015 Nguyen Lam Tung, Olga Chernomor, Arndt von Haeseler and Bui Quang Minh.

Host:    meduse (AVX2, FMA3, 7 GB RAM)
Command: /home/tannier/programs/iqtree/iqtree-1.4.2-Linux/bin//iqtree -s ../simulations/data_D1T2L3I5T4//S/862_pruned.fasta -m GTR+G -alrt 1000 -redo
Seed:    239618 (Using SPRNG - Scalable Parallel Random Number Generator)
Time:    Fri May 25 14:16:22 2018
Kernel:  AVX

NOTE: Consider using the multicore version because your CPU has 4 cores!

Reading alignment file ../simulations/data_D1T2L3I5T4//S/862_pruned.fasta ... Fasta format detected
Alignment most likely contains DNA/RNA sequences
Alignment has 26 sequences with 300 columns and 186 patterns (155 informative sites)
          Gap/Ambiguity  Composition  p-value
   1  n251_254    0.00%    passed     73.45%
   2  n277_280    0.00%    passed     88.89%
   3  n286_289    0.00%    passed     77.25%
   4  n274_277    0.00%    passed     94.09%
   5  n287_290    0.00%    passed     79.35%
   6  n236_239    0.00%    passed     95.78%
   7  n200_203    0.00%    passed     75.72%
   8  n296_299    0.00%    passed     79.91%
   9  n292_295    0.00%    passed     95.04%
  10  n275_278    0.00%    passed     96.19%
  11  n266_269    0.00%    passed     94.64%
  12  n244_247    0.00%    passed     89.04%
  13  n285_288    0.00%    passed     83.80%
  14  n280_283    0.00%    passed     95.04%
  15  n299_302    0.00%    passed     95.04%
  16  n290_293    0.00%    passed     79.35%
  17  n298_301    0.00%    passed     88.61%
  18  n289_292    0.00%    passed     79.35%
  19  n295_298    0.00%    passed     86.71%
  20  n297_300    0.00%    passed     93.13%
  21  n255_258    0.00%    passed     82.92%
  22  n300_303    0.00%    passed     94.89%
  23  n278_281    0.00%    passed     82.78%
  24  n293_296    0.00%    passed     92.15%
  25  n265_268    0.00%    passed     98.44%
  26  n294_297    0.00%    passed     89.70%
****  TOTAL       0.00%  0 sequences failed composition chi2 test (p-value<5%; df=3)
NOTE: 4 identical sequences (see below) will be ignored for subsequent analysis
NOTE: n290_293 (identical to n287_290) is ignored but added at the end
NOTE: n289_292 (identical to n287_290) is ignored but added at the end
NOTE: n280_283 (identical to n292_295) is ignored but added at the end
NOTE: n299_302 (identical to n292_295) is ignored but added at the end

Create initial parsimony tree by phylogenetic likelihood library (PLL)... 0.001 seconds

NOTE: 0 MB RAM is required!
Estimate model parameters (epsilon = 0.100)
1. Initial log-likelihood: -2080.295
2. Current log-likelihood: -2032.380
3. Current log-likelihood: -2031.944
Optimal log-likelihood: -2031.937
Rate parameters:  A-C: 0.926  A-G: 1.438  A-T: 1.070  C-G: 1.106  C-T: 1.265  G-T: 1.000
Base frequencies:   A: 0.238  C: 0.252  G: 0.270  T: 0.240
Gamma shape alpha: 89.419
Parameters optimization took 3 rounds (0.024 sec)
--------------------------------------------------------------------
|             INITIALIZING CANDIDATE TREE SET                      |
--------------------------------------------------------------------
Computing ML distances based on estimated model parameters... 0.000 sec
Computing BIONJ tree...
0.000 seconds
Log-likelihood of BIONJ tree: -2031.937
Generating 98 parsimony trees... 0.094 seconds 35 distinct starting trees
Computing log-likelihood of 35 initial trees ... 0.067 seconds
Optimizing top 20 initial trees with NNI...
Iteration 1 / LogL: -2031.704 / Time: 0h:0m:0s
Estimate model parameters (epsilon = 0.100)
BETTER TREE FOUND at iteration 1: -2031.613
Iteration 2 / LogL: -2031.613 / Time: 0h:0m:0s
Iteration 3 / LogL: -2031.613 / Time: 0h:0m:0s
Iteration 4 / LogL: -2031.613 / Time: 0h:0m:0s
Iteration 5 / LogL: -2031.613 / Time: 0h:0m:0s
Iteration 6 / LogL: -2031.613 / Time: 0h:0m:0s
Iteration 7 / LogL: -2031.613 / Time: 0h:0m:0s
Iteration 8 / LogL: -2031.613 / Time: 0h:0m:0s
Iteration 9 / LogL: -2031.613 / Time: 0h:0m:0s
Iteration 10 / LogL: -2031.613 / Time: 0h:0m:0s
Iteration 11 / LogL: -2031.613 / Time: 0h:0m:0s
Iteration 12 / LogL: -2031.613 / Time: 0h:0m:0s
Iteration 13 / LogL: -2031.613 / Time: 0h:0m:0s
Iteration 14 / LogL: -2031.613 / Time: 0h:0m:0s
Iteration 15 / LogL: -2031.613 / Time: 0h:0m:0s
Iteration 16 / LogL: -2031.613 / Time: 0h:0m:0s
Iteration 17 / LogL: -2031.613 / Time: 0h:0m:0s
Iteration 18 / LogL: -2031.613 / Time: 0h:0m:0s
Iteration 19 / LogL: -2031.613 / Time: 0h:0m:0s
Iteration 20 / LogL: -2031.613 / Time: 0h:0m:0s
Average CPU time for 1 NNI search: 0.010
Finish initializing candidate tree set. Number of distinct locally optimal trees: 20
Current best tree score: -2031.613 / CPU time: 0.356
--------------------------------------------------------------------
|               OPTIMIZING CANDIDATE TREE SET                      |
--------------------------------------------------------------------
Iteration 30 / LogL: -2031.613 / Time: 0h:0m:0s (0h:0m:1s left)
Iteration 40 / LogL: -2031.865 / Time: 0h:0m:0s (0h:0m:1s left)
Iteration 50 / LogL: -2031.664 / Time: 0h:0m:0s (0h:0m:0s left)
Iteration 60 / LogL: -2031.615 / Time: 0h:0m:0s (0h:0m:0s left)
Iteration 70 / LogL: -2031.620 / Time: 0h:0m:1s (0h:0m:0s left)
Iteration 80 / LogL: -2031.620 / Time: 0h:0m:1s (0h:0m:0s left)
Iteration 90 / LogL: -2031.638 / Time: 0h:0m:1s (0h:0m:0s left)
Iteration 100 / LogL: -2456.203 / Time: 0h:0m:1s (0h:0m:0s left)
TREE SEARCH COMPLETED AFTER 101 ITERATIONS / Time: 0h:0m:1s

--------------------------------------------------------------------
|                    FINALIZING TREE SEARCH                        |
--------------------------------------------------------------------
Performs final model parameters optimization
Estimate model parameters (epsilon = 0.010)
1. Initial log-likelihood: -2031.613
2. Current log-likelihood: -2031.595
Optimal log-likelihood: -2031.591
Rate parameters:  A-C: 0.893  A-G: 1.423  A-T: 0.993  C-G: 1.059  C-T: 1.245  G-T: 1.000
Base frequencies:   A: 0.238  C: 0.252  G: 0.270  T: 0.240
Gamma shape alpha: 30.013
Parameters optimization took 2 rounds (0.009 sec)
BEST SCORE FOUND : -2031.591

Testing tree branches by SH-like aLRT with 1000 replicates...
CPU Time used:  0.096 sec.
Total tree length: 1.220

Total number of iterations: 101
CPU time used for tree search: 1.520 sec (0h:0m:1s)
Wall-clock time used for tree search: 1.524 sec (0h:0m:1s)
Total CPU time used: 1.660 sec (0h:0m:1s)
Total wall-clock time used: 1.670 sec (0h:0m:1s)

Analysis results written to: 
  IQ-TREE report:                ../simulations/data_D1T2L3I5T4//S/862_pruned.fasta.iqtree
  Maximum-likelihood tree:       ../simulations/data_D1T2L3I5T4//S/862_pruned.fasta.treefile
  Likelihood distances:          ../simulations/data_D1T2L3I5T4//S/862_pruned.fasta.mldist
  Screen log file:               ../simulations/data_D1T2L3I5T4//S/862_pruned.fasta.log

Date and Time: Fri May 25 14:16:23 2018
