IQ-TREE version 1.4.2 for Linux 64-bit built Apr 15 2016
Copyright (c) 2011-2015 Nguyen Lam Tung, Olga Chernomor, Arndt von Haeseler and Bui Quang Minh.

Host:    meduse (AVX2, FMA3, 7 GB RAM)
Command: /home/tannier/programs/iqtree/iqtree-1.4.2-Linux/bin//iqtree -s ../simulations/data_D1T2L3I5T4//S/868_pruned.fasta -m GTR+G -alrt 1000 -redo
Seed:    8268 (Using SPRNG - Scalable Parallel Random Number Generator)
Time:    Fri May 25 14:22:39 2018
Kernel:  AVX

NOTE: Consider using the multicore version because your CPU has 4 cores!

Reading alignment file ../simulations/data_D1T2L3I5T4//S/868_pruned.fasta ... Fasta format detected
Alignment most likely contains DNA/RNA sequences
Alignment has 25 sequences with 300 columns and 172 patterns (158 informative sites)
          Gap/Ambiguity  Composition  p-value
   1  n244_243    0.00%    passed     74.52%
   2  n255_254    0.00%    passed     82.01%
   3  n292_291    0.00%    passed     84.89%
   4  n294_293    0.00%    passed     97.83%
   5  n296_295    0.00%    passed     79.08%
   6  n200_201    0.00%    passed     89.04%
   7  n297_296    0.00%    passed     94.30%
   8  n265_264    0.00%    passed     95.54%
   9  n277_276    0.00%    passed     93.12%
  10  n251_250    0.00%    passed     50.48%
  11  n286_285    0.00%    passed     90.40%
  12  n289_288    0.00%    passed     79.70%
  13  n280_279    0.00%    passed     93.68%
  14  n295_294    0.00%    passed     85.04%
  15  n278_277    0.00%    passed     78.41%
  16  n285_284    0.00%    passed     93.43%
  17  n300_299    0.00%    passed     84.89%
  18  n293_292    0.00%    passed     90.78%
  19  n274_273    0.00%    passed     89.30%
  20  n299_298    0.00%    passed     84.89%
  21  n275_274    0.00%    passed     94.30%
  22  n266_265    0.00%    passed     76.37%
  23  n290_289    0.00%    passed     79.70%
  24  n287_286    0.00%    passed     76.53%
  25  n298_297    0.00%    passed     89.58%
****  TOTAL       0.00%  0 sequences failed composition chi2 test (p-value<5%; df=3)
NOTE: 3 identical sequences (see below) will be ignored for subsequent analysis
NOTE: n300_299 (identical to n292_291) is ignored but added at the end
NOTE: n299_298 (identical to n292_291) is ignored but added at the end
NOTE: n290_289 (identical to n289_288) is ignored but added at the end

Create initial parsimony tree by phylogenetic likelihood library (PLL)... 0.001 seconds

NOTE: 0 MB RAM is required!
Estimate model parameters (epsilon = 0.100)
1. Initial log-likelihood: -2011.298
2. Current log-likelihood: -1965.069
3. Current log-likelihood: -1964.568
Optimal log-likelihood: -1964.560
Rate parameters:  A-C: 1.063  A-G: 1.211  A-T: 0.955  C-G: 1.097  C-T: 1.271  G-T: 1.000
Base frequencies:   A: 0.214  C: 0.262  G: 0.298  T: 0.227
Gamma shape alpha: 19.410
Parameters optimization took 3 rounds (0.021 sec)
--------------------------------------------------------------------
|             INITIALIZING CANDIDATE TREE SET                      |
--------------------------------------------------------------------
Computing ML distances based on estimated model parameters... 0.000 sec
Computing BIONJ tree...
0.001 seconds
Log-likelihood of BIONJ tree: -1964.560
Generating 99 parsimony trees... 0.074 seconds 1 distinct starting trees
Computing log-likelihood of 1 initial trees ... 0.000 seconds
Optimizing top 1 initial trees with NNI...
Iteration 1 / LogL: -1964.560 / Time: 0h:0m:0s
Estimate model parameters (epsilon = 0.100)
BETTER SCORE FOUND at iteration 1: -1964.556
Average CPU time for 1 NNI search: 0.008
Finish initializing candidate tree set. Number of distinct locally optimal trees: 1
Current best tree score: -1964.556 / CPU time: 0.084
--------------------------------------------------------------------
|               OPTIMIZING CANDIDATE TREE SET                      |
--------------------------------------------------------------------
Iteration 10 / LogL: -1985.615 / Time: 0h:0m:0s
Iteration 20 / LogL: -1964.586 / Time: 0h:0m:0s (0h:0m:1s left)
Iteration 30 / LogL: -1985.647 / Time: 0h:0m:0s (0h:0m:1s left)
Iteration 40 / LogL: -1964.576 / Time: 0h:0m:0s (0h:0m:1s left)
Iteration 50 / LogL: -1964.653 / Time: 0h:0m:0s (0h:0m:0s left)
Iteration 60 / LogL: -1964.632 / Time: 0h:0m:1s (0h:0m:0s left)
Iteration 70 / LogL: -1964.724 / Time: 0h:0m:1s (0h:0m:0s left)
Iteration 80 / LogL: -1964.605 / Time: 0h:0m:1s (0h:0m:0s left)
Iteration 90 / LogL: -1964.601 / Time: 0h:0m:1s (0h:0m:0s left)
Iteration 100 / LogL: -1964.575 / Time: 0h:0m:1s (0h:0m:0s left)
TREE SEARCH COMPLETED AFTER 101 ITERATIONS / Time: 0h:0m:1s

--------------------------------------------------------------------
|                    FINALIZING TREE SEARCH                        |
--------------------------------------------------------------------
Performs final model parameters optimization
Estimate model parameters (epsilon = 0.010)
1. Initial log-likelihood: -1964.556
Optimal log-likelihood: -1964.554
Rate parameters:  A-C: 1.054  A-G: 1.200  A-T: 0.947  C-G: 1.085  C-T: 1.259  G-T: 1.000
Base frequencies:   A: 0.214  C: 0.262  G: 0.298  T: 0.227
Gamma shape alpha: 19.499
Parameters optimization took 1 rounds (0.004 sec)
BEST SCORE FOUND : -1964.554

Testing tree branches by SH-like aLRT with 1000 replicates...
CPU Time used:  0.100 sec.
Total tree length: 1.122

Total number of iterations: 101
CPU time used for tree search: 1.636 sec (0h:0m:1s)
Wall-clock time used for tree search: 1.640 sec (0h:0m:1s)
Total CPU time used: 1.776 sec (0h:0m:1s)
Total wall-clock time used: 1.779 sec (0h:0m:1s)

Analysis results written to: 
  IQ-TREE report:                ../simulations/data_D1T2L3I5T4//S/868_pruned.fasta.iqtree
  Maximum-likelihood tree:       ../simulations/data_D1T2L3I5T4//S/868_pruned.fasta.treefile
  Likelihood distances:          ../simulations/data_D1T2L3I5T4//S/868_pruned.fasta.mldist
  Screen log file:               ../simulations/data_D1T2L3I5T4//S/868_pruned.fasta.log

Date and Time: Fri May 25 14:22:40 2018
