IQ-TREE version 1.4.2 for Linux 64-bit built Apr 15 2016
Copyright (c) 2011-2015 Nguyen Lam Tung, Olga Chernomor, Arndt von Haeseler and Bui Quang Minh.

Host:    meduse (AVX2, FMA3, 7 GB RAM)
Command: /home/tannier/programs/iqtree/iqtree-1.4.2-Linux/bin//iqtree -s ../simulations/data_D1T2L3I5T4//S/870_pruned.fasta -m GTR+G -alrt 1000 -redo
Seed:    939401 (Using SPRNG - Scalable Parallel Random Number Generator)
Time:    Fri May 25 14:22:21 2018
Kernel:  AVX

NOTE: Consider using the multicore version because your CPU has 4 cores!

Reading alignment file ../simulations/data_D1T2L3I5T4//S/870_pruned.fasta ... Fasta format detected
Alignment most likely contains DNA/RNA sequences
Alignment has 26 sequences with 300 columns and 185 patterns (164 informative sites)
          Gap/Ambiguity  Composition  p-value
   1  n236_237    0.00%    passed     54.41%
   2  n266_267    0.00%    passed     42.04%
   3  n296_297    0.00%    passed     94.29%
   4  n277_278    0.00%    passed     64.78%
   5  n290_291    0.00%    passed     96.34%
   6  n255_256    0.00%    passed     72.38%
   7  n295_296    0.00%    passed     92.21%
   8  n286_287    0.00%    passed     95.40%
   9  n298_299    0.00%    passed     98.90%
  10  n299_300    0.00%    passed     98.25%
  11  n287_288    0.00%    passed     98.28%
  12  n278_279    0.00%    passed     63.44%
  13  n292_293    0.00%    passed     96.60%
  14  n265_266    0.00%    passed     53.30%
  15  n289_290    0.00%    passed     97.41%
  16  n293_294    0.00%    passed     83.49%
  17  n280_281    0.00%    passed     97.21%
  18  n274_275    0.00%    passed     96.34%
  19  n275_276    0.00%    passed     93.47%
  20  n285_286    0.00%    passed     95.40%
  21  n294_295    0.00%    passed     91.44%
  22  n297_298    0.00%    passed     98.90%
  23  n244_245    0.00%    passed     99.41%
  24  n251_252    0.00%    passed     65.34%
  25  n200_201    0.00%    passed     86.43%
  26  n300_301    0.00%    passed     96.60%
****  TOTAL       0.00%  0 sequences failed composition chi2 test (p-value<5%; df=3)
NOTE: 2 identical sequences (see below) will be ignored for subsequent analysis
NOTE: n297_298 (identical to n298_299) is ignored but added at the end
NOTE: n300_301 (identical to n292_293) is ignored but added at the end

Create initial parsimony tree by phylogenetic likelihood library (PLL)... 0.001 seconds

NOTE: 0 MB RAM is required!
Estimate model parameters (epsilon = 0.100)
1. Initial log-likelihood: -2102.992
2. Current log-likelihood: -2052.925
3. Current log-likelihood: -2052.144
Optimal log-likelihood: -2052.135
Rate parameters:  A-C: 1.185  A-G: 1.376  A-T: 1.716  C-G: 1.232  C-T: 1.370  G-T: 1.000
Base frequencies:   A: 0.222  C: 0.266  G: 0.278  T: 0.234
Gamma shape alpha: 28.863
Parameters optimization took 3 rounds (0.038 sec)
--------------------------------------------------------------------
|             INITIALIZING CANDIDATE TREE SET                      |
--------------------------------------------------------------------
Computing ML distances based on estimated model parameters... 0.004 sec
Computing BIONJ tree...
0.000 seconds
Log-likelihood of BIONJ tree: -2052.135
Generating 98 parsimony trees... 0.092 seconds 67 distinct starting trees
Computing log-likelihood of 67 initial trees ... 0.137 seconds
Optimizing top 20 initial trees with NNI...
Iteration 1 / LogL: -2052.135 / Time: 0h:0m:0s
Estimate model parameters (epsilon = 0.100)
BETTER SCORE FOUND at iteration 1: -2052.133
Iteration 2 / LogL: -2052.135 / Time: 0h:0m:0s
Iteration 3 / LogL: -2052.139 / Time: 0h:0m:0s
Iteration 4 / LogL: -2052.139 / Time: 0h:0m:0s
Iteration 5 / LogL: -2052.139 / Time: 0h:0m:0s
Iteration 6 / LogL: -2052.139 / Time: 0h:0m:0s
Iteration 7 / LogL: -2052.139 / Time: 0h:0m:0s
Iteration 8 / LogL: -2052.139 / Time: 0h:0m:0s
Iteration 9 / LogL: -2052.139 / Time: 0h:0m:0s
Iteration 10 / LogL: -2052.139 / Time: 0h:0m:0s
Iteration 11 / LogL: -2052.139 / Time: 0h:0m:0s
Iteration 12 / LogL: -2052.139 / Time: 0h:0m:0s
Iteration 13 / LogL: -2052.139 / Time: 0h:0m:0s
Iteration 14 / LogL: -2052.139 / Time: 0h:0m:0s
Iteration 15 / LogL: -2052.139 / Time: 0h:0m:0s
Iteration 16 / LogL: -2052.139 / Time: 0h:0m:0s
Iteration 17 / LogL: -2052.139 / Time: 0h:0m:0s
Iteration 18 / LogL: -2052.139 / Time: 0h:0m:0s
Iteration 19 / LogL: -2052.139 / Time: 0h:0m:0s
Iteration 20 / LogL: -2052.139 / Time: 0h:0m:0s
Average CPU time for 1 NNI search: 0.005
Finish initializing candidate tree set. Number of distinct locally optimal trees: 20
Current best tree score: -2052.133 / CPU time: 0.336
--------------------------------------------------------------------
|               OPTIMIZING CANDIDATE TREE SET                      |
--------------------------------------------------------------------
Iteration 30 / LogL: -2052.135 / Time: 0h:0m:0s (0h:0m:1s left)
Iteration 40 / LogL: -2052.135 / Time: 0h:0m:0s (0h:0m:1s left)
Iteration 50 / LogL: -2052.138 / Time: 0h:0m:0s (0h:0m:0s left)
Iteration 60 / LogL: -2052.134 / Time: 0h:0m:1s (0h:0m:0s left)
Iteration 70 / LogL: -2052.136 / Time: 0h:0m:1s (0h:0m:0s left)
Iteration 80 / LogL: -2052.135 / Time: 0h:0m:1s (0h:0m:0s left)
Iteration 90 / LogL: -2052.148 / Time: 0h:0m:1s (0h:0m:0s left)
Iteration 100 / LogL: -2052.135 / Time: 0h:0m:1s (0h:0m:0s left)
TREE SEARCH COMPLETED AFTER 101 ITERATIONS / Time: 0h:0m:1s

--------------------------------------------------------------------
|                    FINALIZING TREE SEARCH                        |
--------------------------------------------------------------------
Performs final model parameters optimization
Estimate model parameters (epsilon = 0.010)
1. Initial log-likelihood: -2052.133
Optimal log-likelihood: -2052.133
Rate parameters:  A-C: 1.180  A-G: 1.371  A-T: 1.705  C-G: 1.228  C-T: 1.365  G-T: 1.000
Base frequencies:   A: 0.222  C: 0.266  G: 0.278  T: 0.234
Gamma shape alpha: 29.292
Parameters optimization took 1 rounds (0.005 sec)
BEST SCORE FOUND : -2052.133

Testing tree branches by SH-like aLRT with 1000 replicates...
CPU Time used:  0.104 sec.
Total tree length: 1.220

Total number of iterations: 101
CPU time used for tree search: 1.612 sec (0h:0m:1s)
Wall-clock time used for tree search: 1.615 sec (0h:0m:1s)
Total CPU time used: 1.776 sec (0h:0m:1s)
Total wall-clock time used: 1.778 sec (0h:0m:1s)

Analysis results written to: 
  IQ-TREE report:                ../simulations/data_D1T2L3I5T4//S/870_pruned.fasta.iqtree
  Maximum-likelihood tree:       ../simulations/data_D1T2L3I5T4//S/870_pruned.fasta.treefile
  Likelihood distances:          ../simulations/data_D1T2L3I5T4//S/870_pruned.fasta.mldist
  Screen log file:               ../simulations/data_D1T2L3I5T4//S/870_pruned.fasta.log

Date and Time: Fri May 25 14:22:23 2018
