IQ-TREE version 1.4.2 for Linux 64-bit built Apr 15 2016
Copyright (c) 2011-2015 Nguyen Lam Tung, Olga Chernomor, Arndt von Haeseler and Bui Quang Minh.

Host:    meduse (AVX2, FMA3, 7 GB RAM)
Command: /home/tannier/programs/iqtree/iqtree-1.4.2-Linux/bin//iqtree -s ../simulations/data_D1T2L3I5T4//S/874_pruned.fasta -m GTR+G -alrt 1000 -redo
Seed:    964243 (Using SPRNG - Scalable Parallel Random Number Generator)
Time:    Fri May 25 14:09:42 2018
Kernel:  AVX

NOTE: Consider using the multicore version because your CPU has 4 cores!

Reading alignment file ../simulations/data_D1T2L3I5T4//S/874_pruned.fasta ... Fasta format detected
Alignment most likely contains DNA/RNA sequences
Alignment has 26 sequences with 300 columns and 172 patterns (159 informative sites)
          Gap/Ambiguity  Composition  p-value
   1  n298_301    0.00%    passed     87.85%
   2  n251_254    0.00%    passed     72.72%
   3  n277_280    0.00%    passed     98.04%
   4  n286_289    0.00%    passed     95.73%
   5  n274_277    0.00%    passed     98.53%
   6  n287_290    0.00%    passed     91.85%
   7  n236_239    0.00%    passed     93.09%
   8  n200_203    0.00%    passed     96.92%
   9  n296_299    0.00%    passed     83.46%
  10  n292_295    0.00%    passed     98.53%
  11  n275_278    0.00%    passed     92.04%
  12  n266_269    0.00%    passed     60.30%
  13  n255_258    0.00%    passed     64.69%
  14  n244_247    0.00%    passed     76.18%
  15  n285_288    0.00%    passed     95.00%
  16  n280_283    0.00%    passed     96.48%
  17  n299_302    0.00%    passed     97.00%
  18  n290_293    0.00%    passed     91.85%
  19  n289_292    0.00%    passed     89.38%
  20  n295_298    0.00%    passed     87.65%
  21  n297_300    0.00%    passed     87.85%
  22  n300_303    0.00%    passed     96.33%
  23  n278_281    0.00%    passed     98.45%
  24  n293_296    0.00%    passed     90.48%
  25  n265_268    0.00%    passed     45.30%
  26  n294_297    0.00%    passed     94.49%
****  TOTAL       0.00%  0 sequences failed composition chi2 test (p-value<5%; df=3)
NOTE: 1 identical sequences (see below) will be ignored for subsequent analysis
NOTE: n297_300 (identical to n298_301) is ignored but added at the end

Create initial parsimony tree by phylogenetic likelihood library (PLL)... 0.001 seconds

NOTE: 0 MB RAM is required!
Estimate model parameters (epsilon = 0.100)
1. Initial log-likelihood: -2011.701
2. Current log-likelihood: -1967.847
3. Current log-likelihood: -1967.458
Optimal log-likelihood: -1967.445
Rate parameters:  A-C: 1.431  A-G: 1.213  A-T: 1.098  C-G: 0.691  C-T: 1.455  G-T: 1.000
Base frequencies:   A: 0.238  C: 0.248  G: 0.249  T: 0.265
Gamma shape alpha: 8.755
Parameters optimization took 3 rounds (0.029 sec)
--------------------------------------------------------------------
|             INITIALIZING CANDIDATE TREE SET                      |
--------------------------------------------------------------------
Computing ML distances based on estimated model parameters... 0.004 sec
Computing BIONJ tree...
0.000 seconds
Log-likelihood of BIONJ tree: -1967.444
Generating 98 parsimony trees... 0.097 seconds 99 distinct starting trees
Computing log-likelihood of 99 initial trees ... 0.198 seconds
Optimizing top 20 initial trees with NNI...
Iteration 1 / LogL: -1967.445 / Time: 0h:0m:0s
Estimate model parameters (epsilon = 0.100)
BETTER SCORE FOUND at iteration 1: -1967.435
Iteration 2 / LogL: -1967.437 / Time: 0h:0m:0s
Iteration 3 / LogL: -1967.438 / Time: 0h:0m:0s
Iteration 4 / LogL: -1967.438 / Time: 0h:0m:0s
Iteration 5 / LogL: -1967.438 / Time: 0h:0m:0s
Iteration 6 / LogL: -1967.438 / Time: 0h:0m:0s
Iteration 7 / LogL: -1967.438 / Time: 0h:0m:0s
Iteration 8 / LogL: -1967.438 / Time: 0h:0m:0s
Iteration 9 / LogL: -1967.438 / Time: 0h:0m:0s
Iteration 10 / LogL: -1967.438 / Time: 0h:0m:0s
Iteration 11 / LogL: -1967.438 / Time: 0h:0m:0s
Iteration 12 / LogL: -1967.438 / Time: 0h:0m:0s
Iteration 13 / LogL: -1967.438 / Time: 0h:0m:0s
Iteration 14 / LogL: -1967.438 / Time: 0h:0m:0s
Iteration 15 / LogL: -1967.438 / Time: 0h:0m:0s
Iteration 16 / LogL: -1967.438 / Time: 0h:0m:0s
Iteration 17 / LogL: -1967.438 / Time: 0h:0m:0s
Iteration 18 / LogL: -1967.438 / Time: 0h:0m:0s
Iteration 19 / LogL: -1967.438 / Time: 0h:0m:0s
Iteration 20 / LogL: -1967.438 / Time: 0h:0m:0s
Average CPU time for 1 NNI search: 0.006
Finish initializing candidate tree set. Number of distinct locally optimal trees: 20
Current best tree score: -1967.435 / CPU time: 0.416
--------------------------------------------------------------------
|               OPTIMIZING CANDIDATE TREE SET                      |
--------------------------------------------------------------------
Iteration 30 / LogL: -1967.436 / Time: 0h:0m:0s (0h:0m:1s left)
Iteration 40 / LogL: -1967.437 / Time: 0h:0m:0s (0h:0m:1s left)
Iteration 50 / LogL: -1967.466 / Time: 0h:0m:0s (0h:0m:0s left)
Iteration 60 / LogL: -1967.481 / Time: 0h:0m:1s (0h:0m:0s left)
Iteration 70 / LogL: -1967.437 / Time: 0h:0m:1s (0h:0m:0s left)
Iteration 80 / LogL: -1974.025 / Time: 0h:0m:1s (0h:0m:0s left)
Iteration 90 / LogL: -1967.445 / Time: 0h:0m:1s (0h:0m:0s left)
Iteration 100 / LogL: -1967.438 / Time: 0h:0m:1s (0h:0m:0s left)
TREE SEARCH COMPLETED AFTER 101 ITERATIONS / Time: 0h:0m:1s

--------------------------------------------------------------------
|                    FINALIZING TREE SEARCH                        |
--------------------------------------------------------------------
Performs final model parameters optimization
Estimate model parameters (epsilon = 0.010)
1. Initial log-likelihood: -1967.435
Optimal log-likelihood: -1967.430
Rate parameters:  A-C: 1.448  A-G: 1.226  A-T: 1.111  C-G: 0.696  C-T: 1.472  G-T: 1.000
Base frequencies:   A: 0.238  C: 0.248  G: 0.249  T: 0.265
Gamma shape alpha: 8.764
Parameters optimization took 1 rounds (0.006 sec)
BEST SCORE FOUND : -1967.430

Testing tree branches by SH-like aLRT with 1000 replicates...
CPU Time used:  0.108 sec.
Total tree length: 1.175

Total number of iterations: 101
CPU time used for tree search: 1.620 sec (0h:0m:1s)
Wall-clock time used for tree search: 1.619 sec (0h:0m:1s)
Total CPU time used: 1.780 sec (0h:0m:1s)
Total wall-clock time used: 1.781 sec (0h:0m:1s)

Analysis results written to: 
  IQ-TREE report:                ../simulations/data_D1T2L3I5T4//S/874_pruned.fasta.iqtree
  Maximum-likelihood tree:       ../simulations/data_D1T2L3I5T4//S/874_pruned.fasta.treefile
  Likelihood distances:          ../simulations/data_D1T2L3I5T4//S/874_pruned.fasta.mldist
  Screen log file:               ../simulations/data_D1T2L3I5T4//S/874_pruned.fasta.log

Date and Time: Fri May 25 14:09:44 2018
