IQ-TREE version 1.4.2 for Linux 64-bit built Apr 15 2016
Copyright (c) 2011-2015 Nguyen Lam Tung, Olga Chernomor, Arndt von Haeseler and Bui Quang Minh.

Host:    meduse (AVX2, FMA3, 7 GB RAM)
Command: /home/tannier/programs/iqtree/iqtree-1.4.2-Linux/bin//iqtree -s ../simulations/data_D1T2L3I5T4//S/875_pruned.fasta -m GTR+G -alrt 1000 -redo
Seed:    396588 (Using SPRNG - Scalable Parallel Random Number Generator)
Time:    Fri May 25 14:10:40 2018
Kernel:  AVX

NOTE: Consider using the multicore version because your CPU has 4 cores!

Reading alignment file ../simulations/data_D1T2L3I5T4//S/875_pruned.fasta ... Fasta format detected
Alignment most likely contains DNA/RNA sequences
Alignment has 26 sequences with 300 columns and 169 patterns (152 informative sites)
          Gap/Ambiguity  Composition  p-value
   1  n236_237    0.00%    passed     94.01%
   2  n266_267    0.00%    passed     92.03%
   3  n296_297    0.00%    passed     72.35%
   4  n277_278    0.00%    passed     83.95%
   5  n290_291    0.00%    passed     87.26%
   6  n255_256    0.00%    passed     85.03%
   7  n295_296    0.00%    passed     66.03%
   8  n286_287    0.00%    passed     78.80%
   9  n298_299    0.00%    passed     99.75%
  10  n299_300    0.00%    passed     99.20%
  11  n287_288    0.00%    passed     91.61%
  12  n278_279    0.00%    passed     93.17%
  13  n292_293    0.00%    passed     98.25%
  14  n265_266    0.00%    passed     88.11%
  15  n289_290    0.00%    passed     91.61%
  16  n293_294    0.00%    passed     98.71%
  17  n280_281    0.00%    passed     99.78%
  18  n274_275    0.00%    passed     94.13%
  19  n275_276    0.00%    passed     96.90%
  20  n285_286    0.00%    passed     79.74%
  21  n294_295    0.00%    passed     98.71%
  22  n297_298    0.00%    passed     98.71%
  23  n244_245    0.00%    passed     23.02%
  24  n251_252    0.00%    passed     63.44%
  25  n200_201    0.00%    passed     95.69%
  26  n300_301    0.00%    passed     99.20%
****  TOTAL       0.00%  0 sequences failed composition chi2 test (p-value<5%; df=3)
NOTE: 3 identical sequences (see below) will be ignored for subsequent analysis
NOTE: n300_301 (identical to n299_300) is ignored but added at the end
NOTE: n289_290 (identical to n287_288) is ignored but added at the end
NOTE: n294_295 (identical to n293_294) is ignored but added at the end

Create initial parsimony tree by phylogenetic likelihood library (PLL)... 0.001 seconds

NOTE: 0 MB RAM is required!
Estimate model parameters (epsilon = 0.100)
1. Initial log-likelihood: -1952.218
2. Current log-likelihood: -1917.689
3. Current log-likelihood: -1917.441
Optimal log-likelihood: -1917.436
Rate parameters:  A-C: 1.005  A-G: 0.894  A-T: 0.797  C-G: 0.873  C-T: 1.138  G-T: 1.000
Base frequencies:   A: 0.261  C: 0.278  G: 0.218  T: 0.243
Gamma shape alpha: 4.953
Parameters optimization took 3 rounds (0.041 sec)
--------------------------------------------------------------------
|             INITIALIZING CANDIDATE TREE SET                      |
--------------------------------------------------------------------
Computing ML distances based on estimated model parameters... 0.000 sec
Computing BIONJ tree...
0.001 seconds
Log-likelihood of BIONJ tree: -1917.436
Generating 98 parsimony trees... 0.097 seconds 9 distinct starting trees
Computing log-likelihood of 9 initial trees ... 0.013 seconds
Optimizing top 9 initial trees with NNI...
Iteration 1 / LogL: -1917.436 / Time: 0h:0m:0s
Estimate model parameters (epsilon = 0.100)
BETTER SCORE FOUND at iteration 1: -1917.433
Iteration 2 / LogL: -1917.435 / Time: 0h:0m:0s
Iteration 3 / LogL: -1917.435 / Time: 0h:0m:0s
Iteration 4 / LogL: -1917.435 / Time: 0h:0m:0s
Iteration 5 / LogL: -1917.435 / Time: 0h:0m:0s
Iteration 6 / LogL: -1917.435 / Time: 0h:0m:0s
Iteration 7 / LogL: -1917.435 / Time: 0h:0m:0s
Iteration 8 / LogL: -1917.435 / Time: 0h:0m:0s
Iteration 9 / LogL: -1917.435 / Time: 0h:0m:0s
Average CPU time for 1 NNI search: 0.006
Finish initializing candidate tree set. Number of distinct locally optimal trees: 9
Current best tree score: -1917.433 / CPU time: 0.160
--------------------------------------------------------------------
|               OPTIMIZING CANDIDATE TREE SET                      |
--------------------------------------------------------------------
Iteration 10 / LogL: -1917.439 / Time: 0h:0m:0s
Iteration 20 / LogL: -1917.434 / Time: 0h:0m:0s (0h:0m:1s left)
Iteration 30 / LogL: -1917.461 / Time: 0h:0m:0s (0h:0m:1s left)
Iteration 40 / LogL: -1917.437 / Time: 0h:0m:0s (0h:0m:1s left)
Iteration 50 / LogL: -1917.494 / Time: 0h:0m:0s (0h:0m:0s left)
Iteration 60 / LogL: -1917.460 / Time: 0h:0m:0s (0h:0m:0s left)
Iteration 70 / LogL: -1927.101 / Time: 0h:0m:1s (0h:0m:0s left)
Iteration 80 / LogL: -1927.060 / Time: 0h:0m:1s (0h:0m:0s left)
Iteration 90 / LogL: -1927.020 / Time: 0h:0m:1s (0h:0m:0s left)
Iteration 100 / LogL: -1922.750 / Time: 0h:0m:1s (0h:0m:0s left)
TREE SEARCH COMPLETED AFTER 101 ITERATIONS / Time: 0h:0m:1s

--------------------------------------------------------------------
|                    FINALIZING TREE SEARCH                        |
--------------------------------------------------------------------
Performs final model parameters optimization
Estimate model parameters (epsilon = 0.010)
1. Initial log-likelihood: -1917.433
Optimal log-likelihood: -1917.432
Rate parameters:  A-C: 1.013  A-G: 0.901  A-T: 0.802  C-G: 0.879  C-T: 1.144  G-T: 1.000
Base frequencies:   A: 0.261  C: 0.278  G: 0.218  T: 0.243
Gamma shape alpha: 4.953
Parameters optimization took 1 rounds (0.004 sec)
BEST SCORE FOUND : -1917.432

Testing tree branches by SH-like aLRT with 1000 replicates...
CPU Time used:  0.100 sec.
Total tree length: 1.104

Total number of iterations: 101
CPU time used for tree search: 1.452 sec (0h:0m:1s)
Wall-clock time used for tree search: 1.458 sec (0h:0m:1s)
Total CPU time used: 1.612 sec (0h:0m:1s)
Total wall-clock time used: 1.620 sec (0h:0m:1s)

Analysis results written to: 
  IQ-TREE report:                ../simulations/data_D1T2L3I5T4//S/875_pruned.fasta.iqtree
  Maximum-likelihood tree:       ../simulations/data_D1T2L3I5T4//S/875_pruned.fasta.treefile
  Likelihood distances:          ../simulations/data_D1T2L3I5T4//S/875_pruned.fasta.mldist
  Screen log file:               ../simulations/data_D1T2L3I5T4//S/875_pruned.fasta.log

Date and Time: Fri May 25 14:10:42 2018
