IQ-TREE version 1.4.2 for Linux 64-bit built Apr 15 2016
Copyright (c) 2011-2015 Nguyen Lam Tung, Olga Chernomor, Arndt von Haeseler and Bui Quang Minh.

Host:    meduse (AVX2, FMA3, 7 GB RAM)
Command: /home/tannier/programs/iqtree/iqtree-1.4.2-Linux/bin//iqtree -s ../simulations/data_D1T2L3I5T4//S/877_pruned.fasta -m GTR+G -alrt 1000 -redo
Seed:    359416 (Using SPRNG - Scalable Parallel Random Number Generator)
Time:    Fri May 25 14:24:53 2018
Kernel:  AVX

NOTE: Consider using the multicore version because your CPU has 4 cores!

Reading alignment file ../simulations/data_D1T2L3I5T4//S/877_pruned.fasta ... Fasta format detected
Alignment most likely contains DNA/RNA sequences
Alignment has 26 sequences with 300 columns and 167 patterns (160 informative sites)
          Gap/Ambiguity  Composition  p-value
   1  n244_243    0.00%    passed     35.25%
   2  n255_254    0.00%    passed     84.14%
   3  n292_291    0.00%    passed     87.09%
   4  n251_250    0.00%    passed     92.24%
   5  n294_293    0.00%    passed     96.89%
   6  n296_295    0.00%    passed     98.77%
   7  n290_289    0.00%    passed     98.04%
   8  n297_296    0.00%    passed     93.70%
   9  n265_264    0.00%    passed     80.27%
  10  n274_273    0.00%    passed     78.31%
  11  n236_235    0.00%    passed     96.07%
  12  n298_297    0.00%    passed     91.34%
  13  n286_285    0.00%    passed     40.34%
  14  n280_279    0.00%    passed     74.33%
  15  n295_294    0.00%    passed     99.65%
  16  n299_298    0.00%    passed     87.09%
  17  n285_284    0.00%    passed     27.33%
  18  n300_299    0.00%    passed     84.45%
  19  n293_292    0.00%    passed     93.36%
  20  n266_265    0.00%    passed     73.88%
  21  n277_276    0.00%    passed     91.71%
  22  n289_288    0.00%    passed     98.04%
  23  n287_286    0.00%    passed     98.04%
  24  n278_277    0.00%    passed     90.26%
  25  n200_199    0.00%    passed     46.11%
  26  n275_274    0.00%    passed     93.19%
****  TOTAL       0.00%  0 sequences failed composition chi2 test (p-value<5%; df=3)
NOTE: 3 identical sequences (see below) will be ignored for subsequent analysis
NOTE: n299_298 (identical to n292_291) is ignored but added at the end
NOTE: n289_288 (identical to n290_289) is ignored but added at the end
NOTE: n287_286 (identical to n290_289) is ignored but added at the end

Create initial parsimony tree by phylogenetic likelihood library (PLL)... 0.001 seconds

NOTE: 0 MB RAM is required!
Estimate model parameters (epsilon = 0.100)
1. Initial log-likelihood: -1966.945
2. Current log-likelihood: -1936.212
3. Current log-likelihood: -1935.886
Optimal log-likelihood: -1935.860
Rate parameters:  A-C: 0.931  A-G: 1.424  A-T: 1.018  C-G: 1.226  C-T: 1.591  G-T: 1.000
Base frequencies:   A: 0.237  C: 0.259  G: 0.250  T: 0.254
Gamma shape alpha: 9.634
Parameters optimization took 3 rounds (0.018 sec)
--------------------------------------------------------------------
|             INITIALIZING CANDIDATE TREE SET                      |
--------------------------------------------------------------------
Computing ML distances based on estimated model parameters... 0.004 sec
Computing BIONJ tree...
0.001 seconds
Log-likelihood of BIONJ tree: -1935.860
Generating 99 parsimony trees... 0.088 seconds 3 distinct starting trees
Computing log-likelihood of 3 initial trees ... 0.004 seconds
Optimizing top 3 initial trees with NNI...
Iteration 1 / LogL: -1935.860 / Time: 0h:0m:0s
Estimate model parameters (epsilon = 0.100)
BETTER SCORE FOUND at iteration 1: -1935.837
Iteration 2 / LogL: -1935.839 / Time: 0h:0m:0s
Iteration 3 / LogL: -1935.839 / Time: 0h:0m:0s
Average CPU time for 1 NNI search: 0.005
Finish initializing candidate tree set. Number of distinct locally optimal trees: 3
Current best tree score: -1935.837 / CPU time: 0.108
--------------------------------------------------------------------
|               OPTIMIZING CANDIDATE TREE SET                      |
--------------------------------------------------------------------
Iteration 10 / LogL: -1935.837 / Time: 0h:0m:0s
Iteration 20 / LogL: -1936.033 / Time: 0h:0m:0s (0h:0m:1s left)
Iteration 30 / LogL: -1935.889 / Time: 0h:0m:0s (0h:0m:1s left)
Iteration 40 / LogL: -1935.864 / Time: 0h:0m:0s (0h:0m:1s left)
Iteration 50 / LogL: -1935.950 / Time: 0h:0m:0s (0h:0m:0s left)
Iteration 60 / LogL: -1935.842 / Time: 0h:0m:1s (0h:0m:0s left)
Iteration 70 / LogL: -1935.837 / Time: 0h:0m:1s (0h:0m:0s left)
Iteration 80 / LogL: -1935.837 / Time: 0h:0m:1s (0h:0m:0s left)
Iteration 90 / LogL: -1966.766 / Time: 0h:0m:1s (0h:0m:0s left)
Iteration 100 / LogL: -1935.838 / Time: 0h:0m:1s (0h:0m:0s left)
TREE SEARCH COMPLETED AFTER 101 ITERATIONS / Time: 0h:0m:1s

--------------------------------------------------------------------
|                    FINALIZING TREE SEARCH                        |
--------------------------------------------------------------------
Performs final model parameters optimization
Estimate model parameters (epsilon = 0.010)
1. Initial log-likelihood: -1935.837
Optimal log-likelihood: -1935.828
Rate parameters:  A-C: 0.932  A-G: 1.401  A-T: 1.000  C-G: 1.202  C-T: 1.548  G-T: 1.000
Base frequencies:   A: 0.237  C: 0.259  G: 0.250  T: 0.254
Gamma shape alpha: 9.740
Parameters optimization took 1 rounds (0.005 sec)
BEST SCORE FOUND : -1935.828

Testing tree branches by SH-like aLRT with 1000 replicates...
CPU Time used:  0.108 sec.
Total tree length: 1.102

Total number of iterations: 101
CPU time used for tree search: 1.672 sec (0h:0m:1s)
Wall-clock time used for tree search: 1.680 sec (0h:0m:1s)
Total CPU time used: 1.820 sec (0h:0m:1s)
Total wall-clock time used: 1.828 sec (0h:0m:1s)

Analysis results written to: 
  IQ-TREE report:                ../simulations/data_D1T2L3I5T4//S/877_pruned.fasta.iqtree
  Maximum-likelihood tree:       ../simulations/data_D1T2L3I5T4//S/877_pruned.fasta.treefile
  Likelihood distances:          ../simulations/data_D1T2L3I5T4//S/877_pruned.fasta.mldist
  Screen log file:               ../simulations/data_D1T2L3I5T4//S/877_pruned.fasta.log

Date and Time: Fri May 25 14:24:55 2018
