IQ-TREE version 1.4.2 for Linux 64-bit built Apr 15 2016
Copyright (c) 2011-2015 Nguyen Lam Tung, Olga Chernomor, Arndt von Haeseler and Bui Quang Minh.

Host:    meduse (AVX2, FMA3, 7 GB RAM)
Command: /home/tannier/programs/iqtree/iqtree-1.4.2-Linux/bin//iqtree -s ../simulations/data_D1T2L3I5T4//S/878_pruned.fasta -m GTR+G -alrt 1000 -redo
Seed:    867160 (Using SPRNG - Scalable Parallel Random Number Generator)
Time:    Fri May 25 14:09:59 2018
Kernel:  AVX

NOTE: Consider using the multicore version because your CPU has 4 cores!

Reading alignment file ../simulations/data_D1T2L3I5T4//S/878_pruned.fasta ... Fasta format detected
Alignment most likely contains DNA/RNA sequences
Alignment has 26 sequences with 300 columns and 172 patterns (156 informative sites)
          Gap/Ambiguity  Composition  p-value
   1  n236_237    0.00%    passed     66.41%
   2  n255_256    0.00%    passed     86.40%
   3  n266_267    0.00%    passed     59.63%
   4  n277_278    0.00%    passed     94.33%
   5  n286_287    0.00%    passed     96.07%
   6  n295_296    0.00%    passed     91.81%
   7  n298_299    0.00%    passed     94.11%
   8  n299_300    0.00%    passed     96.81%
   9  n287_288    0.00%    passed     98.57%
  10  n278_279    0.00%    passed     84.64%
  11  n289_290    0.00%    passed     98.89%
  12  n292_293    0.00%    passed     96.07%
  13  n296_297    0.00%    passed     94.60%
  14  n265_266    0.00%    passed     50.93%
  15  n294_295    0.00%    passed     95.32%
  16  n293_294    0.00%    passed     98.55%
  17  n300_301    0.00%    passed     96.81%
  18  n285_286    0.00%    passed     92.70%
  19  n274_275    0.00%    passed     98.84%
  20  n275_276    0.00%    passed     98.50%
  21  n280_281    0.00%    passed     98.88%
  22  n297_298    0.00%    passed     94.71%
  23  n244_245    0.00%    passed     73.65%
  24  n251_252    0.00%    passed     94.96%
  25  n200_201    0.00%    passed     87.08%
  26  n290_291    0.00%    passed     99.52%
****  TOTAL       0.00%  0 sequences failed composition chi2 test (p-value<5%; df=3)
NOTE: 1 identical sequences (see below) will be ignored for subsequent analysis
NOTE: n300_301 (identical to n299_300) is ignored but added at the end

Create initial parsimony tree by phylogenetic likelihood library (PLL)... 0.001 seconds

NOTE: 0 MB RAM is required!
Estimate model parameters (epsilon = 0.100)
1. Initial log-likelihood: -2035.142
2. Current log-likelihood: -1999.324
3. Current log-likelihood: -1999.014
Optimal log-likelihood: -1999.009
Rate parameters:  A-C: 1.265  A-G: 1.565  A-T: 1.184  C-G: 1.178  C-T: 1.365  G-T: 1.000
Base frequencies:   A: 0.231  C: 0.291  G: 0.239  T: 0.238
Gamma shape alpha: 7.443
Parameters optimization took 3 rounds (0.027 sec)
--------------------------------------------------------------------
|             INITIALIZING CANDIDATE TREE SET                      |
--------------------------------------------------------------------
Computing ML distances based on estimated model parameters... 0.004 sec
Computing BIONJ tree...
0.000 seconds
Log-likelihood of BIONJ tree: -1999.009
Generating 99 parsimony trees... 0.088 seconds 9 distinct starting trees
Computing log-likelihood of 9 initial trees ... 0.017 seconds
Optimizing top 9 initial trees with NNI...
Iteration 1 / LogL: -1999.010 / Time: 0h:0m:0s
Estimate model parameters (epsilon = 0.100)
BETTER SCORE FOUND at iteration 1: -1999.007
Iteration 2 / LogL: -1999.009 / Time: 0h:0m:0s
Iteration 3 / LogL: -1999.009 / Time: 0h:0m:0s
Iteration 4 / LogL: -1999.009 / Time: 0h:0m:0s
Iteration 5 / LogL: -1999.009 / Time: 0h:0m:0s
Iteration 6 / LogL: -1999.009 / Time: 0h:0m:0s
Iteration 7 / LogL: -1999.009 / Time: 0h:0m:0s
Iteration 8 / LogL: -1999.009 / Time: 0h:0m:0s
Iteration 9 / LogL: -1999.009 / Time: 0h:0m:0s
Average CPU time for 1 NNI search: 0.006
Finish initializing candidate tree set. Number of distinct locally optimal trees: 9
Current best tree score: -1999.007 / CPU time: 0.156
--------------------------------------------------------------------
|               OPTIMIZING CANDIDATE TREE SET                      |
--------------------------------------------------------------------
Iteration 10 / LogL: -2007.494 / Time: 0h:0m:0s
Iteration 20 / LogL: -1999.017 / Time: 0h:0m:0s (0h:0m:1s left)
Iteration 30 / LogL: -1999.007 / Time: 0h:0m:0s (0h:0m:1s left)
Iteration 40 / LogL: -1999.007 / Time: 0h:0m:0s (0h:0m:1s left)
Iteration 50 / LogL: -1999.010 / Time: 0h:0m:0s (0h:0m:0s left)
Iteration 60 / LogL: -1999.009 / Time: 0h:0m:1s (0h:0m:0s left)
Iteration 70 / LogL: -1999.025 / Time: 0h:0m:1s (0h:0m:0s left)
Iteration 80 / LogL: -1999.047 / Time: 0h:0m:1s (0h:0m:0s left)
Iteration 90 / LogL: -1999.011 / Time: 0h:0m:1s (0h:0m:0s left)
Iteration 100 / LogL: -1999.008 / Time: 0h:0m:1s (0h:0m:0s left)
TREE SEARCH COMPLETED AFTER 101 ITERATIONS / Time: 0h:0m:1s

--------------------------------------------------------------------
|                    FINALIZING TREE SEARCH                        |
--------------------------------------------------------------------
Performs final model parameters optimization
Estimate model parameters (epsilon = 0.010)
1. Initial log-likelihood: -1999.007
Optimal log-likelihood: -1999.005
Rate parameters:  A-C: 1.257  A-G: 1.552  A-T: 1.176  C-G: 1.168  C-T: 1.357  G-T: 1.000
Base frequencies:   A: 0.231  C: 0.291  G: 0.239  T: 0.238
Gamma shape alpha: 7.456
Parameters optimization took 1 rounds (0.005 sec)
BEST SCORE FOUND : -1999.005

Testing tree branches by SH-like aLRT with 1000 replicates...
CPU Time used:  0.108 sec.
Total tree length: 1.134

Total number of iterations: 101
CPU time used for tree search: 1.644 sec (0h:0m:1s)
Wall-clock time used for tree search: 1.642 sec (0h:0m:1s)
Total CPU time used: 1.800 sec (0h:0m:1s)
Total wall-clock time used: 1.800 sec (0h:0m:1s)

Analysis results written to: 
  IQ-TREE report:                ../simulations/data_D1T2L3I5T4//S/878_pruned.fasta.iqtree
  Maximum-likelihood tree:       ../simulations/data_D1T2L3I5T4//S/878_pruned.fasta.treefile
  Likelihood distances:          ../simulations/data_D1T2L3I5T4//S/878_pruned.fasta.mldist
  Screen log file:               ../simulations/data_D1T2L3I5T4//S/878_pruned.fasta.log

Date and Time: Fri May 25 14:10:01 2018
