IQ-TREE version 1.4.2 for Linux 64-bit built Apr 15 2016
Copyright (c) 2011-2015 Nguyen Lam Tung, Olga Chernomor, Arndt von Haeseler and Bui Quang Minh.

Host:    meduse (AVX2, FMA3, 7 GB RAM)
Command: /home/tannier/programs/iqtree/iqtree-1.4.2-Linux/bin//iqtree -s ../simulations/data_D1T2L3I5T4//S/885_pruned.fasta -m GTR+G -alrt 1000 -redo
Seed:    53550 (Using SPRNG - Scalable Parallel Random Number Generator)
Time:    Fri May 25 14:11:47 2018
Kernel:  AVX

NOTE: Consider using the multicore version because your CPU has 4 cores!

Reading alignment file ../simulations/data_D1T2L3I5T4//S/885_pruned.fasta ... Fasta format detected
Alignment most likely contains DNA/RNA sequences
Alignment has 26 sequences with 300 columns and 171 patterns (150 informative sites)
          Gap/Ambiguity  Composition  p-value
   1  n236_237    0.00%    passed     99.23%
   2  n266_267    0.00%    passed     72.55%
   3  n296_297    0.00%    passed     97.03%
   4  n277_278    0.00%    passed     95.08%
   5  n290_291    0.00%    passed     90.73%
   6  n255_256    0.00%    passed     91.88%
   7  n295_296    0.00%    passed     97.01%
   8  n286_287    0.00%    passed     77.60%
   9  n298_299    0.00%    passed     99.53%
  10  n299_300    0.00%    passed     98.28%
  11  n287_288    0.00%    passed     94.91%
  12  n278_279    0.00%    passed     95.42%
  13  n292_293    0.00%    passed     98.28%
  14  n265_266    0.00%    passed     66.96%
  15  n289_290    0.00%    passed     93.46%
  16  n293_294    0.00%    passed     98.10%
  17  n280_281    0.00%    passed     97.02%
  18  n274_275    0.00%    passed     97.04%
  19  n275_276    0.00%    passed     99.12%
  20  n285_286    0.00%    passed     74.94%
  21  n294_295    0.00%    passed     98.10%
  22  n297_298    0.00%    passed     94.32%
  23  n244_245    0.00%    passed     17.96%
  24  n251_252    0.00%    passed     86.92%
  25  n200_201    0.00%    passed     97.02%
  26  n300_301    0.00%    passed     98.28%
****  TOTAL       0.00%  0 sequences failed composition chi2 test (p-value<5%; df=3)
NOTE: 3 identical sequences (see below) will be ignored for subsequent analysis
NOTE: n292_293 (identical to n299_300) is ignored but added at the end
NOTE: n300_301 (identical to n299_300) is ignored but added at the end
NOTE: n294_295 (identical to n293_294) is ignored but added at the end

Create initial parsimony tree by phylogenetic likelihood library (PLL)... 0.001 seconds

NOTE: 0 MB RAM is required!
Estimate model parameters (epsilon = 0.100)
1. Initial log-likelihood: -2048.389
2. Current log-likelihood: -2011.253
3. Current log-likelihood: -2011.090
Optimal log-likelihood: -2011.085
Rate parameters:  A-C: 0.675  A-G: 0.860  A-T: 1.076  C-G: 1.127  C-T: 1.321  G-T: 1.000
Base frequencies:   A: 0.275  C: 0.261  G: 0.244  T: 0.220
Gamma shape alpha: 3.828
Parameters optimization took 3 rounds (0.023 sec)
--------------------------------------------------------------------
|             INITIALIZING CANDIDATE TREE SET                      |
--------------------------------------------------------------------
Computing ML distances based on estimated model parameters... 0.000 sec
Computing BIONJ tree...
0.000 seconds
Log-likelihood of BIONJ tree: -2011.085
Generating 98 parsimony trees... 0.088 seconds 9 distinct starting trees
Computing log-likelihood of 9 initial trees ... 0.014 seconds
Optimizing top 9 initial trees with NNI...
Iteration 1 / LogL: -2011.086 / Time: 0h:0m:0s
Estimate model parameters (epsilon = 0.100)
BETTER SCORE FOUND at iteration 1: -2011.081
Iteration 2 / LogL: -2011.082 / Time: 0h:0m:0s
Iteration 3 / LogL: -2011.084 / Time: 0h:0m:0s
Iteration 4 / LogL: -2011.084 / Time: 0h:0m:0s
Iteration 5 / LogL: -2011.084 / Time: 0h:0m:0s
Iteration 6 / LogL: -2011.084 / Time: 0h:0m:0s
Iteration 7 / LogL: -2011.084 / Time: 0h:0m:0s
Iteration 8 / LogL: -2011.084 / Time: 0h:0m:0s
Iteration 9 / LogL: -2011.084 / Time: 0h:0m:0s
Average CPU time for 1 NNI search: 0.005
Finish initializing candidate tree set. Number of distinct locally optimal trees: 9
Current best tree score: -2011.081 / CPU time: 0.144
--------------------------------------------------------------------
|               OPTIMIZING CANDIDATE TREE SET                      |
--------------------------------------------------------------------
Iteration 10 / LogL: -2011.083 / Time: 0h:0m:0s
Iteration 20 / LogL: -2011.082 / Time: 0h:0m:0s (0h:0m:1s left)
Iteration 30 / LogL: -2011.081 / Time: 0h:0m:0s (0h:0m:1s left)
Iteration 40 / LogL: -2011.081 / Time: 0h:0m:0s (0h:0m:0s left)
Iteration 50 / LogL: -2107.998 / Time: 0h:0m:0s (0h:0m:0s left)
Iteration 60 / LogL: -2011.085 / Time: 0h:0m:0s (0h:0m:0s left)
Iteration 70 / LogL: -2011.081 / Time: 0h:0m:1s (0h:0m:0s left)
Iteration 80 / LogL: -2011.324 / Time: 0h:0m:1s (0h:0m:0s left)
Iteration 90 / LogL: -2011.086 / Time: 0h:0m:1s (0h:0m:0s left)
Iteration 100 / LogL: -2011.103 / Time: 0h:0m:1s (0h:0m:0s left)
TREE SEARCH COMPLETED AFTER 101 ITERATIONS / Time: 0h:0m:1s

--------------------------------------------------------------------
|                    FINALIZING TREE SEARCH                        |
--------------------------------------------------------------------
Performs final model parameters optimization
Estimate model parameters (epsilon = 0.010)
1. Initial log-likelihood: -2011.081
Optimal log-likelihood: -2011.079
Rate parameters:  A-C: 0.678  A-G: 0.867  A-T: 1.083  C-G: 1.135  C-T: 1.332  G-T: 1.000
Base frequencies:   A: 0.275  C: 0.261  G: 0.244  T: 0.220
Gamma shape alpha: 3.832
Parameters optimization took 1 rounds (0.004 sec)
BEST SCORE FOUND : -2011.079

Testing tree branches by SH-like aLRT with 1000 replicates...
CPU Time used:  0.104 sec.
Total tree length: 1.214

Total number of iterations: 101
CPU time used for tree search: 1.428 sec (0h:0m:1s)
Wall-clock time used for tree search: 1.433 sec (0h:0m:1s)
Total CPU time used: 1.576 sec (0h:0m:1s)
Total wall-clock time used: 1.582 sec (0h:0m:1s)

Analysis results written to: 
  IQ-TREE report:                ../simulations/data_D1T2L3I5T4//S/885_pruned.fasta.iqtree
  Maximum-likelihood tree:       ../simulations/data_D1T2L3I5T4//S/885_pruned.fasta.treefile
  Likelihood distances:          ../simulations/data_D1T2L3I5T4//S/885_pruned.fasta.mldist
  Screen log file:               ../simulations/data_D1T2L3I5T4//S/885_pruned.fasta.log

Date and Time: Fri May 25 14:11:48 2018
