IQ-TREE version 1.4.2 for Linux 64-bit built Apr 15 2016
Copyright (c) 2011-2015 Nguyen Lam Tung, Olga Chernomor, Arndt von Haeseler and Bui Quang Minh.

Host:    meduse (AVX2, FMA3, 7 GB RAM)
Command: /home/tannier/programs/iqtree/iqtree-1.4.2-Linux/bin//iqtree -s ../simulations/data_D1T2L3I5T4//S/886_pruned.fasta -m GTR+G -alrt 1000 -redo
Seed:    79179 (Using SPRNG - Scalable Parallel Random Number Generator)
Time:    Fri May 25 14:10:18 2018
Kernel:  AVX

NOTE: Consider using the multicore version because your CPU has 4 cores!

Reading alignment file ../simulations/data_D1T2L3I5T4//S/886_pruned.fasta ... Fasta format detected
Alignment most likely contains DNA/RNA sequences
Alignment has 26 sequences with 300 columns and 171 patterns (140 informative sites)
          Gap/Ambiguity  Composition  p-value
   1  n244_243    0.00%    passed     68.64%
   2  n255_254    0.00%    passed     88.00%
   3  n292_291    0.00%    passed     78.57%
   4  n294_293    0.00%    passed     98.75%
   5  n296_295    0.00%    passed     95.58%
   6  n200_201    0.00%    passed     51.29%
   7  n297_296    0.00%    passed     91.45%
   8  n265_264    0.00%    passed     36.22%
   9  n236_235    0.00%    passed     88.08%
  10  n277_276    0.00%    passed     96.20%
  11  n286_285    0.00%    passed     80.05%
  12  n280_279    0.00%    passed     90.72%
  13  n295_294    0.00%    passed     93.89%
  14  n299_298    0.00%    passed     81.58%
  15  n278_277    0.00%    passed     94.69%
  16  n285_284    0.00%    passed     89.39%
  17  n300_299    0.00%    passed     81.38%
  18  n293_292    0.00%    passed     98.57%
  19  n274_273    0.00%    passed     85.46%
  20  n275_274    0.00%    passed     96.37%
  21  n266_265    0.00%    passed     55.26%
  22  n290_289    0.00%    passed     94.06%
  23  n289_288    0.00%    passed     94.06%
  24  n287_286    0.00%    passed     96.17%
  25  n298_297    0.00%    passed     97.69%
  26  n251_250    0.00%    passed     83.88%
****  TOTAL       0.00%  0 sequences failed composition chi2 test (p-value<5%; df=3)
NOTE: 1 identical sequences (see below) will be ignored for subsequent analysis
NOTE: n289_288 (identical to n290_289) is ignored but added at the end

Create initial parsimony tree by phylogenetic likelihood library (PLL)... 0.001 seconds

NOTE: 0 MB RAM is required!
Estimate model parameters (epsilon = 0.100)
1. Initial log-likelihood: -1989.393
2. Current log-likelihood: -1928.917
3. Current log-likelihood: -1928.551
Optimal log-likelihood: -1928.549
Rate parameters:  A-C: 1.265  A-G: 1.716  A-T: 1.438  C-G: 1.297  C-T: 1.584  G-T: 1.000
Base frequencies:   A: 0.217  C: 0.258  G: 0.299  T: 0.226
Gamma shape alpha: 998.738
Parameters optimization took 3 rounds (0.027 sec)
--------------------------------------------------------------------
|             INITIALIZING CANDIDATE TREE SET                      |
--------------------------------------------------------------------
Computing ML distances based on estimated model parameters... 0.004 sec
Computing BIONJ tree...
0.000 seconds
Log-likelihood of BIONJ tree: -1928.548
Generating 98 parsimony trees... 0.095 seconds 34 distinct starting trees
Computing log-likelihood of 34 initial trees ... 0.069 seconds
Optimizing top 20 initial trees with NNI...
Iteration 1 / LogL: -1928.549 / Time: 0h:0m:0s
Estimate model parameters (epsilon = 0.100)
BETTER SCORE FOUND at iteration 1: -1928.507
Iteration 2 / LogL: -1928.509 / Time: 0h:0m:0s
Iteration 3 / LogL: -1928.511 / Time: 0h:0m:0s
Iteration 4 / LogL: -1928.511 / Time: 0h:0m:0s
Iteration 5 / LogL: -1928.511 / Time: 0h:0m:0s
Iteration 6 / LogL: -1928.511 / Time: 0h:0m:0s
Iteration 7 / LogL: -1928.511 / Time: 0h:0m:0s
Iteration 8 / LogL: -1928.511 / Time: 0h:0m:0s
Iteration 9 / LogL: -1928.511 / Time: 0h:0m:0s
Iteration 10 / LogL: -1928.511 / Time: 0h:0m:0s
Iteration 11 / LogL: -1928.511 / Time: 0h:0m:0s
Iteration 12 / LogL: -1928.511 / Time: 0h:0m:0s
Iteration 13 / LogL: -1928.511 / Time: 0h:0m:0s
Iteration 14 / LogL: -1928.511 / Time: 0h:0m:0s
Iteration 15 / LogL: -1928.511 / Time: 0h:0m:0s
Iteration 16 / LogL: -1928.511 / Time: 0h:0m:0s
Iteration 17 / LogL: -1928.511 / Time: 0h:0m:0s
Iteration 18 / LogL: -1928.511 / Time: 0h:0m:0s
Iteration 19 / LogL: -1928.511 / Time: 0h:0m:0s
Iteration 20 / LogL: -1928.511 / Time: 0h:0m:0s
Average CPU time for 1 NNI search: 0.005
Finish initializing candidate tree set. Number of distinct locally optimal trees: 20
Current best tree score: -1928.507 / CPU time: 0.264
--------------------------------------------------------------------
|               OPTIMIZING CANDIDATE TREE SET                      |
--------------------------------------------------------------------
Iteration 30 / LogL: -1928.533 / Time: 0h:0m:0s (0h:0m:1s left)
Iteration 40 / LogL: -1933.588 / Time: 0h:0m:0s (0h:0m:0s left)
Iteration 50 / LogL: -1928.517 / Time: 0h:0m:0s (0h:0m:0s left)
Iteration 60 / LogL: -1928.508 / Time: 0h:0m:0s (0h:0m:0s left)
Iteration 70 / LogL: -1983.706 / Time: 0h:0m:1s (0h:0m:0s left)
Iteration 80 / LogL: -1928.509 / Time: 0h:0m:1s (0h:0m:0s left)
Iteration 90 / LogL: -1929.097 / Time: 0h:0m:1s (0h:0m:0s left)
Iteration 100 / LogL: -1928.539 / Time: 0h:0m:1s (0h:0m:0s left)
TREE SEARCH COMPLETED AFTER 101 ITERATIONS / Time: 0h:0m:1s

--------------------------------------------------------------------
|                    FINALIZING TREE SEARCH                        |
--------------------------------------------------------------------
Performs final model parameters optimization
Estimate model parameters (epsilon = 0.010)
1. Initial log-likelihood: -1928.507
Optimal log-likelihood: -1928.505
Rate parameters:  A-C: 1.279  A-G: 1.654  A-T: 1.424  C-G: 1.288  C-T: 1.596  G-T: 1.000
Base frequencies:   A: 0.217  C: 0.258  G: 0.299  T: 0.226
Gamma shape alpha: 998.738
Parameters optimization took 1 rounds (0.006 sec)
BEST SCORE FOUND : -1928.505

Testing tree branches by SH-like aLRT with 1000 replicates...
CPU Time used:  0.112 sec.
Total tree length: 1.098

Total number of iterations: 101
CPU time used for tree search: 1.432 sec (0h:0m:1s)
Wall-clock time used for tree search: 1.439 sec (0h:0m:1s)
Total CPU time used: 1.588 sec (0h:0m:1s)
Total wall-clock time used: 1.599 sec (0h:0m:1s)

Analysis results written to: 
  IQ-TREE report:                ../simulations/data_D1T2L3I5T4//S/886_pruned.fasta.iqtree
  Maximum-likelihood tree:       ../simulations/data_D1T2L3I5T4//S/886_pruned.fasta.treefile
  Likelihood distances:          ../simulations/data_D1T2L3I5T4//S/886_pruned.fasta.mldist
  Screen log file:               ../simulations/data_D1T2L3I5T4//S/886_pruned.fasta.log

Date and Time: Fri May 25 14:10:19 2018
