IQ-TREE version 1.4.2 for Linux 64-bit built Apr 15 2016
Copyright (c) 2011-2015 Nguyen Lam Tung, Olga Chernomor, Arndt von Haeseler and Bui Quang Minh.

Host:    meduse (AVX2, FMA3, 7 GB RAM)
Command: /home/tannier/programs/iqtree/iqtree-1.4.2-Linux/bin//iqtree -s ../simulations/data_D1T2L3I5T4//S/896_pruned.fasta -m GTR+G -alrt 1000 -redo
Seed:    795171 (Using SPRNG - Scalable Parallel Random Number Generator)
Time:    Fri May 25 14:14:15 2018
Kernel:  AVX

NOTE: Consider using the multicore version because your CPU has 4 cores!

Reading alignment file ../simulations/data_D1T2L3I5T4//S/896_pruned.fasta ... Fasta format detected
Alignment most likely contains DNA/RNA sequences
Alignment has 26 sequences with 300 columns and 175 patterns (157 informative sites)
          Gap/Ambiguity  Composition  p-value
   1  n244_243    0.00%    passed     43.22%
   2  n255_254    0.00%    passed     54.79%
   3  n292_291    0.00%    passed     90.92%
   4  n296_295    0.00%    passed     95.02%
   5  n290_289    0.00%    passed     90.67%
   6  n297_296    0.00%    passed     90.20%
   7  n265_264    0.00%    passed     92.27%
   8  n275_274    0.00%    passed     82.85%
   9  n236_235    0.00%    passed     80.43%
  10  n277_276    0.00%    passed     98.40%
  11  n286_285    0.00%    passed     87.36%
  12  n280_279    0.00%    passed     97.50%
  13  n295_294    0.00%    passed     93.13%
  14  n294_293    0.00%    passed     83.21%
  15  n299_298    0.00%    passed     93.19%
  16  n285_284    0.00%    passed     85.91%
  17  n293_292    0.00%    passed     83.21%
  18  n274_273    0.00%    passed     97.16%
  19  n251_250    0.00%    passed     50.04%
  20  n266_265    0.00%    passed     92.27%
  21  n300_299    0.00%    passed     93.19%
  22  n289_288    0.00%    passed     93.69%
  23  n287_286    0.00%    passed     93.69%
  24  n278_277    0.00%    passed     97.81%
  25  n298_297    0.00%    passed     91.24%
  26  n200_199    0.00%    passed     96.42%
****  TOTAL       0.00%  0 sequences failed composition chi2 test (p-value<5%; df=3)
NOTE: 2 identical sequences (see below) will be ignored for subsequent analysis
NOTE: n293_292 (identical to n294_293) is ignored but added at the end
NOTE: n300_299 (identical to n299_298) is ignored but added at the end

Create initial parsimony tree by phylogenetic likelihood library (PLL)... 0.001 seconds

NOTE: 0 MB RAM is required!
Estimate model parameters (epsilon = 0.100)
1. Initial log-likelihood: -2011.176
2. Current log-likelihood: -1966.124
3. Current log-likelihood: -1965.736
Optimal log-likelihood: -1965.676
Rate parameters:  A-C: 1.073  A-G: 1.399  A-T: 1.496  C-G: 1.393  C-T: 1.702  G-T: 1.000
Base frequencies:   A: 0.255  C: 0.282  G: 0.244  T: 0.219
Gamma shape alpha: 5.191
Parameters optimization took 3 rounds (0.023 sec)
--------------------------------------------------------------------
|             INITIALIZING CANDIDATE TREE SET                      |
--------------------------------------------------------------------
Computing ML distances based on estimated model parameters... 0.004 sec
Computing BIONJ tree...
0.001 seconds
Log-likelihood of BIONJ tree: -1965.676
Generating 98 parsimony trees... 0.086 seconds 9 distinct starting trees
Computing log-likelihood of 9 initial trees ... 0.015 seconds
Optimizing top 9 initial trees with NNI...
Iteration 1 / LogL: -1965.677 / Time: 0h:0m:0s
Estimate model parameters (epsilon = 0.100)
BETTER SCORE FOUND at iteration 1: -1965.655
Iteration 2 / LogL: -1965.657 / Time: 0h:0m:0s
Iteration 3 / LogL: -1965.658 / Time: 0h:0m:0s
Iteration 4 / LogL: -1965.658 / Time: 0h:0m:0s
Iteration 5 / LogL: -1965.658 / Time: 0h:0m:0s
Iteration 6 / LogL: -1965.658 / Time: 0h:0m:0s
Iteration 7 / LogL: -1965.659 / Time: 0h:0m:0s
Iteration 8 / LogL: -1965.659 / Time: 0h:0m:0s
Iteration 9 / LogL: -1965.659 / Time: 0h:0m:0s
Average CPU time for 1 NNI search: 0.006
Finish initializing candidate tree set. Number of distinct locally optimal trees: 9
Current best tree score: -1965.655 / CPU time: 0.152
--------------------------------------------------------------------
|               OPTIMIZING CANDIDATE TREE SET                      |
--------------------------------------------------------------------
Iteration 10 / LogL: -2041.519 / Time: 0h:0m:0s
Iteration 20 / LogL: -1965.670 / Time: 0h:0m:0s (0h:0m:1s left)
Iteration 30 / LogL: -1965.670 / Time: 0h:0m:0s (0h:0m:1s left)
Iteration 40 / LogL: -1965.658 / Time: 0h:0m:0s (0h:0m:1s left)
Iteration 50 / LogL: -2191.345 / Time: 0h:0m:0s (0h:0m:0s left)
Iteration 60 / LogL: -1965.657 / Time: 0h:0m:0s (0h:0m:0s left)
Iteration 70 / LogL: -1978.439 / Time: 0h:0m:1s (0h:0m:0s left)
Iteration 80 / LogL: -1965.656 / Time: 0h:0m:1s (0h:0m:0s left)
Iteration 90 / LogL: -1971.451 / Time: 0h:0m:1s (0h:0m:0s left)
Iteration 100 / LogL: -1965.708 / Time: 0h:0m:1s (0h:0m:0s left)
TREE SEARCH COMPLETED AFTER 101 ITERATIONS / Time: 0h:0m:1s

--------------------------------------------------------------------
|                    FINALIZING TREE SEARCH                        |
--------------------------------------------------------------------
Performs final model parameters optimization
Estimate model parameters (epsilon = 0.010)
1. Initial log-likelihood: -1965.655
2. Current log-likelihood: -1965.623
3. Current log-likelihood: -1965.608
Optimal log-likelihood: -1965.599
Rate parameters:  A-C: 1.018  A-G: 1.332  A-T: 1.425  C-G: 1.334  C-T: 1.637  G-T: 1.000
Base frequencies:   A: 0.255  C: 0.282  G: 0.244  T: 0.219
Gamma shape alpha: 5.233
Parameters optimization took 3 rounds (0.013 sec)
BEST SCORE FOUND : -1965.599

Testing tree branches by SH-like aLRT with 1000 replicates...
CPU Time used:  0.112 sec.
Total tree length: 1.195

Total number of iterations: 101
CPU time used for tree search: 1.560 sec (0h:0m:1s)
Wall-clock time used for tree search: 1.557 sec (0h:0m:1s)
Total CPU time used: 1.724 sec (0h:0m:1s)
Total wall-clock time used: 1.725 sec (0h:0m:1s)

Analysis results written to: 
  IQ-TREE report:                ../simulations/data_D1T2L3I5T4//S/896_pruned.fasta.iqtree
  Maximum-likelihood tree:       ../simulations/data_D1T2L3I5T4//S/896_pruned.fasta.treefile
  Likelihood distances:          ../simulations/data_D1T2L3I5T4//S/896_pruned.fasta.mldist
  Screen log file:               ../simulations/data_D1T2L3I5T4//S/896_pruned.fasta.log

Date and Time: Fri May 25 14:14:17 2018
