IQ-TREE version 1.4.2 for Linux 64-bit built Apr 15 2016
Copyright (c) 2011-2015 Nguyen Lam Tung, Olga Chernomor, Arndt von Haeseler and Bui Quang Minh.

Host:    meduse (AVX2, FMA3, 7 GB RAM)
Command: /home/tannier/programs/iqtree/iqtree-1.4.2-Linux/bin//iqtree -s ../simulations/data_D1T2L3I5T4//S/903_pruned.fasta -m GTR+G -alrt 1000 -redo
Seed:    322211 (Using SPRNG - Scalable Parallel Random Number Generator)
Time:    Fri May 25 14:21:19 2018
Kernel:  AVX

NOTE: Consider using the multicore version because your CPU has 4 cores!

Reading alignment file ../simulations/data_D1T2L3I5T4//S/903_pruned.fasta ... Fasta format detected
Alignment most likely contains DNA/RNA sequences
Alignment has 26 sequences with 300 columns and 181 patterns (160 informative sites)
          Gap/Ambiguity  Composition  p-value
   1  n236_237    0.00%    passed     84.56%
   2  n266_267    0.00%    passed     99.65%
   3  n296_297    0.00%    passed     68.65%
   4  n277_278    0.00%    passed     41.57%
   5  n290_291    0.00%    passed     86.18%
   6  n287_288    0.00%    passed     81.36%
   7  n255_256    0.00%    passed     87.70%
   8  n286_287    0.00%    passed     61.10%
   9  n295_296    0.00%    passed     73.30%
  10  n298_299    0.00%    passed     56.23%
  11  n299_300    0.00%    passed     71.32%
  12  n292_293    0.00%    passed     71.32%
  13  n265_266    0.00%    passed     99.57%
  14  n278_279    0.00%    passed     43.97%
  15  n293_294    0.00%    passed     69.10%
  16  n289_290    0.00%    passed     81.36%
  17  n280_281    0.00%    passed     58.73%
  18  n300_301    0.00%    passed     71.32%
  19  n274_275    0.00%    passed     71.32%
  20  n275_276    0.00%    passed     68.63%
  21  n285_286    0.00%    passed     61.10%
  22  n294_295    0.00%    passed     65.32%
  23  n297_298    0.00%    passed     68.81%
  24  n244_245    0.00%    passed     90.25%
  25  n251_252    0.00%    passed     96.56%
  26  n200_201    0.00%    passed     82.20%
****  TOTAL       0.00%  0 sequences failed composition chi2 test (p-value<5%; df=3)
NOTE: 4 identical sequences (see below) will be ignored for subsequent analysis
NOTE: n289_290 (identical to n287_288) is ignored but added at the end
NOTE: n285_286 (identical to n286_287) is ignored but added at the end
NOTE: n292_293 (identical to n299_300) is ignored but added at the end
NOTE: n300_301 (identical to n299_300) is ignored but added at the end

Create initial parsimony tree by phylogenetic likelihood library (PLL)... 0.001 seconds

NOTE: 0 MB RAM is required!
Estimate model parameters (epsilon = 0.100)
1. Initial log-likelihood: -2016.032
2. Current log-likelihood: -1968.621
3. Current log-likelihood: -1968.098
Optimal log-likelihood: -1968.075
Rate parameters:  A-C: 1.319  A-G: 1.254  A-T: 0.780  C-G: 1.435  C-T: 1.669  G-T: 1.000
Base frequencies:   A: 0.241  C: 0.224  G: 0.250  T: 0.285
Gamma shape alpha: 32.686
Parameters optimization took 3 rounds (0.028 sec)
--------------------------------------------------------------------
|             INITIALIZING CANDIDATE TREE SET                      |
--------------------------------------------------------------------
Computing ML distances based on estimated model parameters... 0.000 sec
Computing BIONJ tree...
0.000 seconds
Log-likelihood of BIONJ tree: -1968.075
Generating 98 parsimony trees... 0.071 seconds 9 distinct starting trees
Computing log-likelihood of 9 initial trees ... 0.014 seconds
Optimizing top 9 initial trees with NNI...
Iteration 1 / LogL: -1968.075 / Time: 0h:0m:0s
Estimate model parameters (epsilon = 0.100)
BETTER SCORE FOUND at iteration 1: -1968.071
Iteration 2 / LogL: -1968.073 / Time: 0h:0m:0s
Iteration 3 / LogL: -1968.076 / Time: 0h:0m:0s
Iteration 4 / LogL: -1968.076 / Time: 0h:0m:0s
Iteration 5 / LogL: -1968.076 / Time: 0h:0m:0s
Iteration 6 / LogL: -1968.076 / Time: 0h:0m:0s
Iteration 7 / LogL: -1968.076 / Time: 0h:0m:0s
Iteration 8 / LogL: -1968.076 / Time: 0h:0m:0s
Iteration 9 / LogL: -1968.076 / Time: 0h:0m:0s
Average CPU time for 1 NNI search: 0.004
Finish initializing candidate tree set. Number of distinct locally optimal trees: 9
Current best tree score: -1968.071 / CPU time: 0.124
--------------------------------------------------------------------
|               OPTIMIZING CANDIDATE TREE SET                      |
--------------------------------------------------------------------
Iteration 10 / LogL: -1968.091 / Time: 0h:0m:0s
Iteration 20 / LogL: -1968.150 / Time: 0h:0m:0s (0h:0m:1s left)
Iteration 30 / LogL: -1982.118 / Time: 0h:0m:0s (0h:0m:1s left)
Iteration 40 / LogL: -1968.077 / Time: 0h:0m:0s (0h:0m:0s left)
Iteration 50 / LogL: -1968.071 / Time: 0h:0m:0s (0h:0m:0s left)
Iteration 60 / LogL: -1968.087 / Time: 0h:0m:0s (0h:0m:0s left)
Iteration 70 / LogL: -1968.083 / Time: 0h:0m:0s (0h:0m:0s left)
Iteration 80 / LogL: -2012.183 / Time: 0h:0m:1s (0h:0m:0s left)
Iteration 90 / LogL: -1968.077 / Time: 0h:0m:1s (0h:0m:0s left)
Iteration 100 / LogL: -1968.079 / Time: 0h:0m:1s (0h:0m:0s left)
TREE SEARCH COMPLETED AFTER 101 ITERATIONS / Time: 0h:0m:1s

--------------------------------------------------------------------
|                    FINALIZING TREE SEARCH                        |
--------------------------------------------------------------------
Performs final model parameters optimization
Estimate model parameters (epsilon = 0.010)
1. Initial log-likelihood: -1968.071
Optimal log-likelihood: -1968.070
Rate parameters:  A-C: 1.314  A-G: 1.252  A-T: 0.781  C-G: 1.434  C-T: 1.655  G-T: 1.000
Base frequencies:   A: 0.241  C: 0.224  G: 0.250  T: 0.285
Gamma shape alpha: 33.095
Parameters optimization took 1 rounds (0.005 sec)
BEST SCORE FOUND : -1968.070

Testing tree branches by SH-like aLRT with 1000 replicates...
CPU Time used:  0.096 sec.
Total tree length: 1.175

Total number of iterations: 101
CPU time used for tree search: 1.352 sec (0h:0m:1s)
Wall-clock time used for tree search: 1.362 sec (0h:0m:1s)
Total CPU time used: 1.492 sec (0h:0m:1s)
Total wall-clock time used: 1.509 sec (0h:0m:1s)

Analysis results written to: 
  IQ-TREE report:                ../simulations/data_D1T2L3I5T4//S/903_pruned.fasta.iqtree
  Maximum-likelihood tree:       ../simulations/data_D1T2L3I5T4//S/903_pruned.fasta.treefile
  Likelihood distances:          ../simulations/data_D1T2L3I5T4//S/903_pruned.fasta.mldist
  Screen log file:               ../simulations/data_D1T2L3I5T4//S/903_pruned.fasta.log

Date and Time: Fri May 25 14:21:20 2018
