IQ-TREE version 1.4.2 for Linux 64-bit built Apr 15 2016
Copyright (c) 2011-2015 Nguyen Lam Tung, Olga Chernomor, Arndt von Haeseler and Bui Quang Minh.

Host:    meduse (AVX2, FMA3, 7 GB RAM)
Command: /home/tannier/programs/iqtree/iqtree-1.4.2-Linux/bin//iqtree -s ../simulations/data_D1T2L3I5T4//S/905_pruned.fasta -m GTR+G -alrt 1000 -redo
Seed:    468101 (Using SPRNG - Scalable Parallel Random Number Generator)
Time:    Fri May 25 14:19:27 2018
Kernel:  AVX

NOTE: Consider using the multicore version because your CPU has 4 cores!

Reading alignment file ../simulations/data_D1T2L3I5T4//S/905_pruned.fasta ... Fasta format detected
Alignment most likely contains DNA/RNA sequences
Alignment has 26 sequences with 300 columns and 176 patterns (155 informative sites)
          Gap/Ambiguity  Composition  p-value
   1  n236_237    0.00%    passed     72.08%
   2  n266_267    0.00%    passed     95.27%
   3  n296_297    0.00%    passed     80.74%
   4  n277_278    0.00%    passed     48.83%
   5  n290_291    0.00%    passed     73.04%
   6  n255_256    0.00%    passed     24.33%
   7  n295_296    0.00%    passed     76.28%
   8  n286_287    0.00%    passed     68.76%
   9  n298_299    0.00%    passed     76.58%
  10  n299_300    0.00%    passed     72.23%
  11  n287_288    0.00%    passed     78.13%
  12  n278_279    0.00%    passed     66.40%
  13  n292_293    0.00%    passed     53.81%
  14  n265_266    0.00%    passed     85.39%
  15  n289_290    0.00%    passed     73.04%
  16  n293_294    0.00%    passed     75.65%
  17  n280_281    0.00%    passed     61.21%
  18  n274_275    0.00%    passed     66.28%
  19  n275_276    0.00%    passed     88.45%
  20  n285_286    0.00%    passed     71.30%
  21  n294_295    0.00%    passed     88.45%
  22  n297_298    0.00%    passed     73.04%
  23  n244_245    0.00%    passed     38.11%
  24  n251_252    0.00%    passed     16.19%
  25  n200_201    0.00%    passed     68.39%
  26  n300_301    0.00%    passed     72.23%
****  TOTAL       0.00%  0 sequences failed composition chi2 test (p-value<5%; df=3)
NOTE: 2 identical sequences (see below) will be ignored for subsequent analysis
NOTE: n289_290 (identical to n290_291) is ignored but added at the end
NOTE: n300_301 (identical to n299_300) is ignored but added at the end

Create initial parsimony tree by phylogenetic likelihood library (PLL)... 0.001 seconds

NOTE: 0 MB RAM is required!
Estimate model parameters (epsilon = 0.100)
1. Initial log-likelihood: -2035.394
2. Current log-likelihood: -2000.539
3. Current log-likelihood: -2000.207
Optimal log-likelihood: -2000.192
Rate parameters:  A-C: 0.705  A-G: 0.708  A-T: 0.799  C-G: 0.770  C-T: 0.878  G-T: 1.000
Base frequencies:   A: 0.239  C: 0.284  G: 0.227  T: 0.249
Gamma shape alpha: 7.084
Parameters optimization took 3 rounds (0.024 sec)
--------------------------------------------------------------------
|             INITIALIZING CANDIDATE TREE SET                      |
--------------------------------------------------------------------
Computing ML distances based on estimated model parameters... 0.000 sec
Computing BIONJ tree...
0.000 seconds
Log-likelihood of BIONJ tree: -2000.657
Generating 98 parsimony trees... 0.095 seconds 95 distinct starting trees
Computing log-likelihood of 95 initial trees ... 0.181 seconds
Optimizing top 20 initial trees with NNI...
Iteration 1 / LogL: -2000.098 / Time: 0h:0m:0s
Estimate model parameters (epsilon = 0.100)
BETTER SCORE FOUND at iteration 1: -2000.076
Iteration 2 / LogL: -2000.080 / Time: 0h:0m:0s
Iteration 3 / LogL: -2000.076 / Time: 0h:0m:0s
Iteration 4 / LogL: -2000.076 / Time: 0h:0m:0s
Iteration 5 / LogL: -2000.076 / Time: 0h:0m:0s
Iteration 6 / LogL: -2000.080 / Time: 0h:0m:0s
Iteration 7 / LogL: -2000.080 / Time: 0h:0m:0s
Iteration 8 / LogL: -2000.076 / Time: 0h:0m:0s
Iteration 9 / LogL: -2000.080 / Time: 0h:0m:0s
Iteration 10 / LogL: -2000.080 / Time: 0h:0m:0s
Iteration 11 / LogL: -2000.076 / Time: 0h:0m:0s
Iteration 12 / LogL: -2000.194 / Time: 0h:0m:0s
Iteration 13 / LogL: -2000.076 / Time: 0h:0m:0s
Iteration 14 / LogL: -2000.076 / Time: 0h:0m:0s
Iteration 15 / LogL: -2000.195 / Time: 0h:0m:0s
Iteration 16 / LogL: -2000.195 / Time: 0h:0m:0s
Iteration 17 / LogL: -2000.195 / Time: 0h:0m:0s
Iteration 18 / LogL: -2000.076 / Time: 0h:0m:0s
Iteration 19 / LogL: -2000.076 / Time: 0h:0m:0s
Iteration 20 / LogL: -2000.195 / Time: 0h:0m:0s
Average CPU time for 1 NNI search: 0.006
Finish initializing candidate tree set. Number of distinct locally optimal trees: 19
Current best tree score: -2000.076 / CPU time: 0.392
--------------------------------------------------------------------
|               OPTIMIZING CANDIDATE TREE SET                      |
--------------------------------------------------------------------
Iteration 30 / LogL: -2004.701 / Time: 0h:0m:0s (0h:0m:1s left)
Iteration 40 / LogL: -2000.081 / Time: 0h:0m:0s (0h:0m:1s left)
Iteration 50 / LogL: -2000.077 / Time: 0h:0m:0s (0h:0m:0s left)
Iteration 60 / LogL: -2000.202 / Time: 0h:0m:1s (0h:0m:0s left)
Iteration 70 / LogL: -2000.101 / Time: 0h:0m:1s (0h:0m:0s left)
Iteration 80 / LogL: -2000.077 / Time: 0h:0m:1s (0h:0m:0s left)
Iteration 90 / LogL: -2000.077 / Time: 0h:0m:1s (0h:0m:0s left)
Iteration 100 / LogL: -2000.089 / Time: 0h:0m:1s (0h:0m:0s left)
TREE SEARCH COMPLETED AFTER 101 ITERATIONS / Time: 0h:0m:1s

--------------------------------------------------------------------
|                    FINALIZING TREE SEARCH                        |
--------------------------------------------------------------------
Performs final model parameters optimization
Estimate model parameters (epsilon = 0.010)
1. Initial log-likelihood: -2000.076
Optimal log-likelihood: -2000.073
Rate parameters:  A-C: 0.709  A-G: 0.730  A-T: 0.809  C-G: 0.767  C-T: 0.888  G-T: 1.000
Base frequencies:   A: 0.239  C: 0.284  G: 0.227  T: 0.249
Gamma shape alpha: 7.113
Parameters optimization took 1 rounds (0.005 sec)
BEST SCORE FOUND : -2000.073

Testing tree branches by SH-like aLRT with 1000 replicates...
CPU Time used:  0.108 sec.
Total tree length: 1.205

Total number of iterations: 101
CPU time used for tree search: 1.572 sec (0h:0m:1s)
Wall-clock time used for tree search: 1.569 sec (0h:0m:1s)
Total CPU time used: 1.724 sec (0h:0m:1s)
Total wall-clock time used: 1.723 sec (0h:0m:1s)

Analysis results written to: 
  IQ-TREE report:                ../simulations/data_D1T2L3I5T4//S/905_pruned.fasta.iqtree
  Maximum-likelihood tree:       ../simulations/data_D1T2L3I5T4//S/905_pruned.fasta.treefile
  Likelihood distances:          ../simulations/data_D1T2L3I5T4//S/905_pruned.fasta.mldist
  Screen log file:               ../simulations/data_D1T2L3I5T4//S/905_pruned.fasta.log

Date and Time: Fri May 25 14:19:29 2018
