IQ-TREE version 1.4.2 for Linux 64-bit built Apr 15 2016
Copyright (c) 2011-2015 Nguyen Lam Tung, Olga Chernomor, Arndt von Haeseler and Bui Quang Minh.

Host:    meduse (AVX2, FMA3, 7 GB RAM)
Command: /home/tannier/programs/iqtree/iqtree-1.4.2-Linux/bin//iqtree -s ../simulations/data_D1T2L3I5T4//S/90_pruned.fasta -m GTR+G -alrt 1000 -redo
Seed:    138614 (Using SPRNG - Scalable Parallel Random Number Generator)
Time:    Fri May 25 14:36:25 2018
Kernel:  AVX

NOTE: Consider using the multicore version because your CPU has 4 cores!

Reading alignment file ../simulations/data_D1T2L3I5T4//S/90_pruned.fasta ... Fasta format detected
Alignment most likely contains DNA/RNA sequences
Alignment has 26 sequences with 300 columns and 174 patterns (145 informative sites)
          Gap/Ambiguity  Composition  p-value
   1  n236_237    0.00%    passed     67.72%
   2  n266_267    0.00%    passed     77.12%
   3  n296_297    0.00%    passed     74.91%
   4  n277_278    0.00%    passed     67.34%
   5  n290_291    0.00%    passed     85.40%
   6  n255_256    0.00%    passed     95.01%
   7  n295_296    0.00%    passed     64.35%
   8  n286_287    0.00%    passed     93.26%
   9  n298_299    0.00%    passed     80.18%
  10  n299_300    0.00%    passed     36.91%
  11  n287_288    0.00%    passed     85.40%
  12  n278_279    0.00%    passed     78.57%
  13  n292_293    0.00%    passed     43.04%
  14  n265_266    0.00%    passed     80.70%
  15  n289_290    0.00%    passed     87.57%
  16  n293_294    0.00%    passed     87.57%
  17  n280_281    0.00%    passed     49.14%
  18  n274_275    0.00%    passed     57.84%
  19  n275_276    0.00%    passed     92.92%
  20  n285_286    0.00%    passed     96.90%
  21  n294_295    0.00%    passed     91.78%
  22  n297_298    0.00%    passed     73.13%
  23  n244_245    0.00%    passed     48.18%
  24  n251_252    0.00%    passed     98.08%
  25  n200_201    0.00%    passed     45.28%
  26  n300_301    0.00%    passed     37.59%
****  TOTAL       0.00%  0 sequences failed composition chi2 test (p-value<5%; df=3)

Create initial parsimony tree by phylogenetic likelihood library (PLL)... 0.001 seconds

NOTE: 0 MB RAM is required!
Estimate model parameters (epsilon = 0.100)
1. Initial log-likelihood: -2147.588
2. Current log-likelihood: -2105.462
3. Current log-likelihood: -2104.987
Optimal log-likelihood: -2104.984
Rate parameters:  A-C: 0.764  A-G: 0.971  A-T: 1.049  C-G: 0.915  C-T: 1.235  G-T: 1.000
Base frequencies:   A: 0.244  C: 0.267  G: 0.283  T: 0.206
Gamma shape alpha: 3.524
Parameters optimization took 3 rounds (0.027 sec)
--------------------------------------------------------------------
|             INITIALIZING CANDIDATE TREE SET                      |
--------------------------------------------------------------------
Computing ML distances based on estimated model parameters... 0.000 sec
Computing BIONJ tree...
0.001 seconds
Log-likelihood of BIONJ tree: -2105.921
Generating 98 parsimony trees... 0.102 seconds 17 distinct starting trees
Computing log-likelihood of 17 initial trees ... 0.035 seconds
Optimizing top 17 initial trees with NNI...
Iteration 1 / LogL: -2104.627 / Time: 0h:0m:0s
Estimate model parameters (epsilon = 0.100)
BETTER SCORE FOUND at iteration 1: -2104.589
Iteration 2 / LogL: -2104.591 / Time: 0h:0m:0s
Iteration 3 / LogL: -2104.591 / Time: 0h:0m:0s
Iteration 4 / LogL: -2104.589 / Time: 0h:0m:0s
Iteration 5 / LogL: -2104.589 / Time: 0h:0m:0s
Iteration 6 / LogL: -2104.594 / Time: 0h:0m:0s
Iteration 7 / LogL: -2104.594 / Time: 0h:0m:0s
Iteration 8 / LogL: -2104.594 / Time: 0h:0m:0s
Iteration 9 / LogL: -2104.594 / Time: 0h:0m:0s
Iteration 10 / LogL: -2104.594 / Time: 0h:0m:0s
Iteration 11 / LogL: -2104.594 / Time: 0h:0m:0s
Iteration 12 / LogL: -2104.594 / Time: 0h:0m:0s
Iteration 13 / LogL: -2104.594 / Time: 0h:0m:0s
Iteration 14 / LogL: -2104.594 / Time: 0h:0m:0s
Iteration 15 / LogL: -2104.594 / Time: 0h:0m:0s
Iteration 16 / LogL: -2104.594 / Time: 0h:0m:0s
Iteration 17 / LogL: -2104.594 / Time: 0h:0m:0s
Average CPU time for 1 NNI search: 0.008
Finish initializing candidate tree set. Number of distinct locally optimal trees: 3
Current best tree score: -2104.589 / CPU time: 0.276
--------------------------------------------------------------------
|               OPTIMIZING CANDIDATE TREE SET                      |
--------------------------------------------------------------------
Iteration 20 / LogL: -2385.495 / Time: 0h:0m:0s (0h:0m:1s left)
Iteration 30 / LogL: -2104.631 / Time: 0h:0m:0s (0h:0m:1s left)
Iteration 40 / LogL: -2104.595 / Time: 0h:0m:0s (0h:0m:1s left)
Iteration 50 / LogL: -2104.591 / Time: 0h:0m:0s (0h:0m:0s left)
Iteration 60 / LogL: -2104.621 / Time: 0h:0m:1s (0h:0m:0s left)
Iteration 70 / LogL: -2104.613 / Time: 0h:0m:1s (0h:0m:0s left)
Iteration 80 / LogL: -2104.594 / Time: 0h:0m:1s (0h:0m:0s left)
Iteration 90 / LogL: -2104.595 / Time: 0h:0m:1s (0h:0m:0s left)
Iteration 100 / LogL: -2104.625 / Time: 0h:0m:1s (0h:0m:0s left)
TREE SEARCH COMPLETED AFTER 101 ITERATIONS / Time: 0h:0m:1s

--------------------------------------------------------------------
|                    FINALIZING TREE SEARCH                        |
--------------------------------------------------------------------
Performs final model parameters optimization
Estimate model parameters (epsilon = 0.010)
1. Initial log-likelihood: -2104.589
Optimal log-likelihood: -2104.588
Rate parameters:  A-C: 0.796  A-G: 0.960  A-T: 1.049  C-G: 0.917  C-T: 1.235  G-T: 1.000
Base frequencies:   A: 0.244  C: 0.267  G: 0.283  T: 0.206
Gamma shape alpha: 3.495
Parameters optimization took 1 rounds (0.004 sec)
BEST SCORE FOUND : -2104.588

Testing tree branches by SH-like aLRT with 1000 replicates...
CPU Time used:  0.116 sec.
Total tree length: 1.249

Total number of iterations: 101
CPU time used for tree search: 1.868 sec (0h:0m:1s)
Wall-clock time used for tree search: 1.874 sec (0h:0m:1s)
Total CPU time used: 2.036 sec (0h:0m:2s)
Total wall-clock time used: 2.041 sec (0h:0m:2s)

Analysis results written to: 
  IQ-TREE report:                ../simulations/data_D1T2L3I5T4//S/90_pruned.fasta.iqtree
  Maximum-likelihood tree:       ../simulations/data_D1T2L3I5T4//S/90_pruned.fasta.treefile
  Likelihood distances:          ../simulations/data_D1T2L3I5T4//S/90_pruned.fasta.mldist
  Screen log file:               ../simulations/data_D1T2L3I5T4//S/90_pruned.fasta.log

Date and Time: Fri May 25 14:36:27 2018
