IQ-TREE version 1.4.2 for Linux 64-bit built Apr 15 2016
Copyright (c) 2011-2015 Nguyen Lam Tung, Olga Chernomor, Arndt von Haeseler and Bui Quang Minh.

Host:    meduse (AVX2, FMA3, 7 GB RAM)
Command: /home/tannier/programs/iqtree/iqtree-1.4.2-Linux/bin//iqtree -s ../simulations/data_D1T2L3I5T4//S/935_pruned.fasta -m GTR+G -alrt 1000 -redo
Seed:    725783 (Using SPRNG - Scalable Parallel Random Number Generator)
Time:    Fri May 25 14:26:21 2018
Kernel:  AVX

NOTE: Consider using the multicore version because your CPU has 4 cores!

Reading alignment file ../simulations/data_D1T2L3I5T4//S/935_pruned.fasta ... Fasta format detected
Alignment most likely contains DNA/RNA sequences
Alignment has 26 sequences with 300 columns and 179 patterns (157 informative sites)
          Gap/Ambiguity  Composition  p-value
   1  n236_237    0.00%    passed     95.44%
   2  n266_267    0.00%    passed     90.24%
   3  n296_297    0.00%    passed     99.82%
   4  n277_278    0.00%    passed     97.31%
   5  n290_291    0.00%    passed     98.26%
   6  n255_256    0.00%    passed     62.80%
   7  n295_296    0.00%    passed     99.82%
   8  n286_287    0.00%    passed     92.87%
   9  n298_299    0.00%    passed     99.25%
  10  n299_300    0.00%    passed     81.97%
  11  n287_288    0.00%    passed     98.72%
  12  n278_279    0.00%    passed     87.62%
  13  n292_293    0.00%    passed     88.55%
  14  n265_266    0.00%    passed     83.64%
  15  n289_290    0.00%    passed     99.35%
  16  n293_294    0.00%    passed     99.37%
  17  n280_281    0.00%    passed     89.20%
  18  n274_275    0.00%    passed     95.97%
  19  n275_276    0.00%    passed     98.08%
  20  n285_286    0.00%    passed     96.33%
  21  n294_295    0.00%    passed     97.65%
  22  n297_298    0.00%    passed     99.31%
  23  n244_245    0.00%    passed     45.30%
  24  n251_252    0.00%    passed     35.50%
  25  n200_201    0.00%    passed     82.22%
  26  n300_301    0.00%    passed     91.92%
****  TOTAL       0.00%  0 sequences failed composition chi2 test (p-value<5%; df=3)
NOTE: 1 identical sequences (see below) will be ignored for subsequent analysis
NOTE: n295_296 (identical to n296_297) is ignored but added at the end

Create initial parsimony tree by phylogenetic likelihood library (PLL)... 0.001 seconds

NOTE: 0 MB RAM is required!
Estimate model parameters (epsilon = 0.100)
1. Initial log-likelihood: -2109.369
2. Current log-likelihood: -2073.094
3. Current log-likelihood: -2072.793
Optimal log-likelihood: -2072.788
Rate parameters:  A-C: 0.747  A-G: 0.805  A-T: 0.999  C-G: 0.831  C-T: 1.077  G-T: 1.000
Base frequencies:   A: 0.207  C: 0.285  G: 0.281  T: 0.227
Gamma shape alpha: 3.689
Parameters optimization took 3 rounds (0.027 sec)
--------------------------------------------------------------------
|             INITIALIZING CANDIDATE TREE SET                      |
--------------------------------------------------------------------
Computing ML distances based on estimated model parameters... 0.000 sec
Computing BIONJ tree...
0.000 seconds
Log-likelihood of BIONJ tree: -2072.787
Generating 98 parsimony trees... 0.102 seconds 54 distinct starting trees
Computing log-likelihood of 54 initial trees ... 0.112 seconds
Optimizing top 20 initial trees with NNI...
Iteration 1 / LogL: -2072.624 / Time: 0h:0m:0s
Estimate model parameters (epsilon = 0.100)
BETTER SCORE FOUND at iteration 1: -2072.620
Iteration 2 / LogL: -2072.622 / Time: 0h:0m:0s
Iteration 3 / LogL: -2072.622 / Time: 0h:0m:0s
Iteration 4 / LogL: -2072.622 / Time: 0h:0m:0s
Iteration 5 / LogL: -2072.622 / Time: 0h:0m:0s
Iteration 6 / LogL: -2072.622 / Time: 0h:0m:0s
Iteration 7 / LogL: -2072.623 / Time: 0h:0m:0s
Iteration 8 / LogL: -2072.623 / Time: 0h:0m:0s
Iteration 9 / LogL: -2072.623 / Time: 0h:0m:0s
Iteration 10 / LogL: -2072.623 / Time: 0h:0m:0s
Iteration 11 / LogL: -2072.623 / Time: 0h:0m:0s
Iteration 12 / LogL: -2072.623 / Time: 0h:0m:0s
Iteration 13 / LogL: -2072.623 / Time: 0h:0m:0s
Iteration 14 / LogL: -2072.623 / Time: 0h:0m:0s
Iteration 15 / LogL: -2072.623 / Time: 0h:0m:0s
Iteration 16 / LogL: -2072.623 / Time: 0h:0m:0s
Iteration 17 / LogL: -2072.623 / Time: 0h:0m:0s
Iteration 18 / LogL: -2072.623 / Time: 0h:0m:0s
Iteration 19 / LogL: -2072.623 / Time: 0h:0m:0s
Iteration 20 / LogL: -2072.623 / Time: 0h:0m:0s
Average CPU time for 1 NNI search: 0.006
Finish initializing candidate tree set. Number of distinct locally optimal trees: 20
Current best tree score: -2072.620 / CPU time: 0.328
--------------------------------------------------------------------
|               OPTIMIZING CANDIDATE TREE SET                      |
--------------------------------------------------------------------
Iteration 30 / LogL: -2072.621 / Time: 0h:0m:0s (0h:0m:1s left)
Iteration 40 / LogL: -2236.847 / Time: 0h:0m:0s (0h:0m:1s left)
Iteration 50 / LogL: -2072.632 / Time: 0h:0m:0s (0h:0m:0s left)
Iteration 60 / LogL: -2072.621 / Time: 0h:0m:0s (0h:0m:0s left)
Iteration 70 / LogL: -2072.621 / Time: 0h:0m:1s (0h:0m:0s left)
Iteration 80 / LogL: -2072.621 / Time: 0h:0m:1s (0h:0m:0s left)
Iteration 90 / LogL: -2072.650 / Time: 0h:0m:1s (0h:0m:0s left)
Iteration 100 / LogL: -2072.622 / Time: 0h:0m:1s (0h:0m:0s left)
TREE SEARCH COMPLETED AFTER 101 ITERATIONS / Time: 0h:0m:1s

--------------------------------------------------------------------
|                    FINALIZING TREE SEARCH                        |
--------------------------------------------------------------------
Performs final model parameters optimization
Estimate model parameters (epsilon = 0.010)
1. Initial log-likelihood: -2072.620
Optimal log-likelihood: -2072.620
Rate parameters:  A-C: 0.749  A-G: 0.799  A-T: 1.003  C-G: 0.828  C-T: 1.076  G-T: 1.000
Base frequencies:   A: 0.207  C: 0.285  G: 0.281  T: 0.227
Gamma shape alpha: 3.722
Parameters optimization took 1 rounds (0.005 sec)
BEST SCORE FOUND : -2072.620

Testing tree branches by SH-like aLRT with 1000 replicates...
CPU Time used:  0.112 sec.
Total tree length: 1.257

Total number of iterations: 101
CPU time used for tree search: 1.568 sec (0h:0m:1s)
Wall-clock time used for tree search: 1.573 sec (0h:0m:1s)
Total CPU time used: 1.732 sec (0h:0m:1s)
Total wall-clock time used: 1.737 sec (0h:0m:1s)

Analysis results written to: 
  IQ-TREE report:                ../simulations/data_D1T2L3I5T4//S/935_pruned.fasta.iqtree
  Maximum-likelihood tree:       ../simulations/data_D1T2L3I5T4//S/935_pruned.fasta.treefile
  Likelihood distances:          ../simulations/data_D1T2L3I5T4//S/935_pruned.fasta.mldist
  Screen log file:               ../simulations/data_D1T2L3I5T4//S/935_pruned.fasta.log

Date and Time: Fri May 25 14:26:23 2018
