IQ-TREE version 1.4.2 for Linux 64-bit built Apr 15 2016
Copyright (c) 2011-2015 Nguyen Lam Tung, Olga Chernomor, Arndt von Haeseler and Bui Quang Minh.

Host:    meduse (AVX2, FMA3, 7 GB RAM)
Command: /home/tannier/programs/iqtree/iqtree-1.4.2-Linux/bin//iqtree -s ../simulations/data_D1T2L3I5T4//S/949_pruned.fasta -m GTR+G -alrt 1000 -redo
Seed:    357513 (Using SPRNG - Scalable Parallel Random Number Generator)
Time:    Fri May 25 14:17:17 2018
Kernel:  AVX

NOTE: Consider using the multicore version because your CPU has 4 cores!

Reading alignment file ../simulations/data_D1T2L3I5T4//S/949_pruned.fasta ... Fasta format detected
Alignment most likely contains DNA/RNA sequences
Alignment has 26 sequences with 300 columns and 173 patterns (146 informative sites)
          Gap/Ambiguity  Composition  p-value
   1  n236_237    0.00%    passed     94.15%
   2  n266_267    0.00%    passed     97.08%
   3  n298_301    0.00%    passed     86.26%
   4  n277_278    0.00%    passed     95.86%
   5  n200_201    0.00%    passed     83.26%
   6  n255_256    0.00%    passed     20.96%
   7  n286_289    0.00%    passed     59.31%
   8  n278_279    0.00%    passed     95.86%
   9  n280_283    0.00%    passed     81.38%
  10  n289_292    0.00%    passed     89.51%
  11  n287_290    0.00%    passed     88.76%
  12  n296_299    0.00%    passed     93.99%
  13  n292_295    0.00%    passed     91.50%
  14  n299_302    0.00%    passed     85.65%
  15  n265_266    0.00%    passed     96.62%
  16  n244_280    0.00%    passed     40.07%
  17  n295_298    0.00%    passed     93.99%
  18  n285_288    0.00%    passed     67.53%
  19  n290_293    0.00%    passed     88.76%
  20  n274_275    0.00%    passed     83.49%
  21  n275_276    0.00%    passed     87.69%
  22  n297_300    0.00%    passed     81.16%
  23  n251_252    0.00%    passed     22.76%
  24  n300_303    0.00%    passed     85.65%
  25  n294_297    0.00%    passed     83.31%
  26  n293_296    0.00%    passed     91.97%
****  TOTAL       0.00%  0 sequences failed composition chi2 test (p-value<5%; df=3)
NOTE: 3 identical sequences (see below) will be ignored for subsequent analysis
NOTE: n290_293 (identical to n287_290) is ignored but added at the end
NOTE: n295_298 (identical to n296_299) is ignored but added at the end
NOTE: n300_303 (identical to n299_302) is ignored but added at the end

Create initial parsimony tree by phylogenetic likelihood library (PLL)... 0.001 seconds

NOTE: 0 MB RAM is required!
Estimate model parameters (epsilon = 0.100)
1. Initial log-likelihood: -2016.077
2. Current log-likelihood: -1970.982
3. Current log-likelihood: -1970.400
Optimal log-likelihood: -1970.355
Rate parameters:  A-C: 0.969  A-G: 1.072  A-T: 0.723  C-G: 0.712  C-T: 0.738  G-T: 1.000
Base frequencies:   A: 0.194  C: 0.300  G: 0.236  T: 0.270
Gamma shape alpha: 4.606
Parameters optimization took 3 rounds (0.032 sec)
--------------------------------------------------------------------
|             INITIALIZING CANDIDATE TREE SET                      |
--------------------------------------------------------------------
Computing ML distances based on estimated model parameters... 0.004 sec
Computing BIONJ tree...
0.000 seconds
Log-likelihood of BIONJ tree: -1970.355
Generating 98 parsimony trees... 0.087 seconds 6 distinct starting trees
Computing log-likelihood of 6 initial trees ... 0.007 seconds
Optimizing top 6 initial trees with NNI...
Iteration 1 / LogL: -1970.355 / Time: 0h:0m:0s
Estimate model parameters (epsilon = 0.100)
BETTER SCORE FOUND at iteration 1: -1970.339
Iteration 2 / LogL: -1970.340 / Time: 0h:0m:0s
Iteration 3 / LogL: -1970.345 / Time: 0h:0m:0s
Iteration 4 / LogL: -1970.339 / Time: 0h:0m:0s
Iteration 5 / LogL: -1970.339 / Time: 0h:0m:0s
Iteration 6 / LogL: -1970.339 / Time: 0h:0m:0s
Average CPU time for 1 NNI search: 0.007
Finish initializing candidate tree set. Number of distinct locally optimal trees: 3
Current best tree score: -1970.339 / CPU time: 0.136
--------------------------------------------------------------------
|               OPTIMIZING CANDIDATE TREE SET                      |
--------------------------------------------------------------------
Iteration 10 / LogL: -1970.404 / Time: 0h:0m:0s
Iteration 20 / LogL: -1970.359 / Time: 0h:0m:0s (0h:0m:1s left)
Iteration 30 / LogL: -1970.377 / Time: 0h:0m:0s (0h:0m:1s left)
Iteration 40 / LogL: -1989.512 / Time: 0h:0m:0s (0h:0m:1s left)
Iteration 50 / LogL: -1970.357 / Time: 0h:0m:0s (0h:0m:0s left)
Iteration 60 / LogL: -1970.339 / Time: 0h:0m:0s (0h:0m:0s left)
Iteration 70 / LogL: -1970.339 / Time: 0h:0m:1s (0h:0m:0s left)
Iteration 80 / LogL: -1991.417 / Time: 0h:0m:1s (0h:0m:0s left)
Iteration 90 / LogL: -1970.398 / Time: 0h:0m:1s (0h:0m:0s left)
Iteration 100 / LogL: -1970.339 / Time: 0h:0m:1s (0h:0m:0s left)
TREE SEARCH COMPLETED AFTER 101 ITERATIONS / Time: 0h:0m:1s

--------------------------------------------------------------------
|                    FINALIZING TREE SEARCH                        |
--------------------------------------------------------------------
Performs final model parameters optimization
Estimate model parameters (epsilon = 0.010)
1. Initial log-likelihood: -1970.339
Optimal log-likelihood: -1970.333
Rate parameters:  A-C: 0.995  A-G: 1.088  A-T: 0.738  C-G: 0.725  C-T: 0.753  G-T: 1.000
Base frequencies:   A: 0.194  C: 0.300  G: 0.236  T: 0.270
Gamma shape alpha: 4.647
Parameters optimization took 1 rounds (0.004 sec)
BEST SCORE FOUND : -1970.333

Testing tree branches by SH-like aLRT with 1000 replicates...
CPU Time used:  0.096 sec.
Total tree length: 1.156

Total number of iterations: 101
CPU time used for tree search: 1.564 sec (0h:0m:1s)
Wall-clock time used for tree search: 1.564 sec (0h:0m:1s)
Total CPU time used: 1.716 sec (0h:0m:1s)
Total wall-clock time used: 1.719 sec (0h:0m:1s)

Analysis results written to: 
  IQ-TREE report:                ../simulations/data_D1T2L3I5T4//S/949_pruned.fasta.iqtree
  Maximum-likelihood tree:       ../simulations/data_D1T2L3I5T4//S/949_pruned.fasta.treefile
  Likelihood distances:          ../simulations/data_D1T2L3I5T4//S/949_pruned.fasta.mldist
  Screen log file:               ../simulations/data_D1T2L3I5T4//S/949_pruned.fasta.log

Date and Time: Fri May 25 14:17:19 2018
