IQ-TREE version 1.4.2 for Linux 64-bit built Apr 15 2016
Copyright (c) 2011-2015 Nguyen Lam Tung, Olga Chernomor, Arndt von Haeseler and Bui Quang Minh.

Host:    meduse (AVX2, FMA3, 7 GB RAM)
Command: /home/tannier/programs/iqtree/iqtree-1.4.2-Linux/bin//iqtree -s ../simulations/data_D1T2L3I5T4//S/957_pruned.fasta -m GTR+G -alrt 1000 -redo
Seed:    656198 (Using SPRNG - Scalable Parallel Random Number Generator)
Time:    Fri May 25 14:34:28 2018
Kernel:  AVX

NOTE: Consider using the multicore version because your CPU has 4 cores!

Reading alignment file ../simulations/data_D1T2L3I5T4//S/957_pruned.fasta ... Fasta format detected
Alignment most likely contains DNA/RNA sequences
Alignment has 26 sequences with 300 columns and 168 patterns (131 informative sites)
          Gap/Ambiguity  Composition  p-value
   1  n236_237    0.00%    passed     85.92%
   2  n266_267    0.00%    passed     77.65%
   3  n296_297    0.00%    passed     87.98%
   4  n277_278    0.00%    passed     49.47%
   5  n290_291    0.00%    passed     91.92%
   6  n255_256    0.00%    passed     96.95%
   7  n295_296    0.00%    passed     94.24%
   8  n286_287    0.00%    passed     85.92%
   9  n298_299    0.00%    passed     89.23%
  10  n299_300    0.00%    passed     85.92%
  11  n287_288    0.00%    passed     94.98%
  12  n278_279    0.00%    passed     70.85%
  13  n292_293    0.00%    passed     84.38%
  14  n265_266    0.00%    passed     84.13%
  15  n289_290    0.00%    passed     96.06%
  16  n293_294    0.00%    passed     95.61%
  17  n280_281    0.00%    passed     66.70%
  18  n274_275    0.00%    passed     90.83%
  19  n275_276    0.00%    passed     93.68%
  20  n285_286    0.00%    passed     85.92%
  21  n294_295    0.00%    passed     96.01%
  22  n297_298    0.00%    passed     87.33%
  23  n244_245    0.00%    passed     72.34%
  24  n251_252    0.00%    passed     84.38%
  25  n200_201    0.00%    passed     48.54%
  26  n300_301    0.00%    passed     85.92%
****  TOTAL       0.00%  0 sequences failed composition chi2 test (p-value<5%; df=3)
NOTE: 2 identical sequences (see below) will be ignored for subsequent analysis
NOTE: n285_286 (identical to n286_287) is ignored but added at the end
NOTE: n300_301 (identical to n299_300) is ignored but added at the end

Create initial parsimony tree by phylogenetic likelihood library (PLL)... 0.001 seconds

NOTE: 0 MB RAM is required!
Estimate model parameters (epsilon = 0.100)
1. Initial log-likelihood: -2000.053
2. Current log-likelihood: -1958.184
3. Current log-likelihood: -1958.017
Optimal log-likelihood: -1958.013
Rate parameters:  A-C: 0.906  A-G: 0.746  A-T: 1.035  C-G: 1.026  C-T: 1.065  G-T: 1.000
Base frequencies:   A: 0.257  C: 0.276  G: 0.213  T: 0.254
Gamma shape alpha: 3.191
Parameters optimization took 3 rounds (0.019 sec)
--------------------------------------------------------------------
|             INITIALIZING CANDIDATE TREE SET                      |
--------------------------------------------------------------------
Computing ML distances based on estimated model parameters... 0.004 sec
Computing BIONJ tree...
0.000 seconds
Log-likelihood of BIONJ tree: -1958.404
Generating 98 parsimony trees... 0.100 seconds 54 distinct starting trees
Computing log-likelihood of 54 initial trees ... 0.106 seconds
Optimizing top 20 initial trees with NNI...
Iteration 1 / LogL: -1958.013 / Time: 0h:0m:0s
Estimate model parameters (epsilon = 0.100)
BETTER SCORE FOUND at iteration 1: -1958.004
Iteration 2 / LogL: -1958.008 / Time: 0h:0m:0s
Iteration 3 / LogL: -1958.008 / Time: 0h:0m:0s
Iteration 4 / LogL: -1958.009 / Time: 0h:0m:0s
Iteration 5 / LogL: -1958.009 / Time: 0h:0m:0s
Iteration 6 / LogL: -1958.009 / Time: 0h:0m:0s
Iteration 7 / LogL: -1958.009 / Time: 0h:0m:0s
Iteration 8 / LogL: -1958.009 / Time: 0h:0m:0s
Iteration 9 / LogL: -1958.009 / Time: 0h:0m:0s
Iteration 10 / LogL: -1958.009 / Time: 0h:0m:0s
Iteration 11 / LogL: -1958.009 / Time: 0h:0m:0s
Iteration 12 / LogL: -1958.009 / Time: 0h:0m:0s
Iteration 13 / LogL: -1958.009 / Time: 0h:0m:0s
Iteration 14 / LogL: -1958.009 / Time: 0h:0m:0s
Iteration 15 / LogL: -1958.009 / Time: 0h:0m:0s
Iteration 16 / LogL: -1958.009 / Time: 0h:0m:0s
Iteration 17 / LogL: -1958.009 / Time: 0h:0m:0s
Iteration 18 / LogL: -1958.009 / Time: 0h:0m:0s
Iteration 19 / LogL: -1958.009 / Time: 0h:0m:0s
Iteration 20 / LogL: -1958.009 / Time: 0h:0m:0s
Average CPU time for 1 NNI search: 0.005
Finish initializing candidate tree set. Number of distinct locally optimal trees: 20
Current best tree score: -1958.004 / CPU time: 0.304
--------------------------------------------------------------------
|               OPTIMIZING CANDIDATE TREE SET                      |
--------------------------------------------------------------------
Iteration 30 / LogL: -1958.116 / Time: 0h:0m:0s (0h:0m:1s left)
Iteration 40 / LogL: -1958.005 / Time: 0h:0m:0s (0h:0m:1s left)
Iteration 50 / LogL: -1958.009 / Time: 0h:0m:0s (0h:0m:0s left)
Iteration 60 / LogL: -1958.003 / Time: 0h:0m:0s (0h:0m:0s left)
Iteration 70 / LogL: -1958.121 / Time: 0h:0m:1s (0h:0m:0s left)
Iteration 80 / LogL: -1958.043 / Time: 0h:0m:1s (0h:0m:0s left)
Iteration 90 / LogL: -1958.013 / Time: 0h:0m:1s (0h:0m:0s left)
Iteration 100 / LogL: -1958.004 / Time: 0h:0m:1s (0h:0m:0s left)
TREE SEARCH COMPLETED AFTER 101 ITERATIONS / Time: 0h:0m:1s

--------------------------------------------------------------------
|                    FINALIZING TREE SEARCH                        |
--------------------------------------------------------------------
Performs final model parameters optimization
Estimate model parameters (epsilon = 0.010)
1. Initial log-likelihood: -1958.003
Optimal log-likelihood: -1958.003
Rate parameters:  A-C: 0.925  A-G: 0.750  A-T: 1.031  C-G: 1.032  C-T: 1.070  G-T: 1.000
Base frequencies:   A: 0.257  C: 0.276  G: 0.213  T: 0.254
Gamma shape alpha: 3.204
Parameters optimization took 1 rounds (0.004 sec)
BEST SCORE FOUND : -1958.003

Testing tree branches by SH-like aLRT with 1000 replicates...
CPU Time used:  0.104 sec.
Total tree length: 1.103

Total number of iterations: 101
CPU time used for tree search: 1.524 sec (0h:0m:1s)
Wall-clock time used for tree search: 1.524 sec (0h:0m:1s)
Total CPU time used: 1.664 sec (0h:0m:1s)
Total wall-clock time used: 1.669 sec (0h:0m:1s)

Analysis results written to: 
  IQ-TREE report:                ../simulations/data_D1T2L3I5T4//S/957_pruned.fasta.iqtree
  Maximum-likelihood tree:       ../simulations/data_D1T2L3I5T4//S/957_pruned.fasta.treefile
  Likelihood distances:          ../simulations/data_D1T2L3I5T4//S/957_pruned.fasta.mldist
  Screen log file:               ../simulations/data_D1T2L3I5T4//S/957_pruned.fasta.log

Date and Time: Fri May 25 14:34:30 2018
