IQ-TREE version 1.4.2 for Linux 64-bit built Apr 15 2016
Copyright (c) 2011-2015 Nguyen Lam Tung, Olga Chernomor, Arndt von Haeseler and Bui Quang Minh.

Host:    meduse (AVX2, FMA3, 7 GB RAM)
Command: /home/tannier/programs/iqtree/iqtree-1.4.2-Linux/bin//iqtree -s ../simulations/data_D1T2L3I5T4//S/969_pruned.fasta -m GTR+G -alrt 1000 -redo
Seed:    488257 (Using SPRNG - Scalable Parallel Random Number Generator)
Time:    Fri May 25 14:19:45 2018
Kernel:  AVX

NOTE: Consider using the multicore version because your CPU has 4 cores!

Reading alignment file ../simulations/data_D1T2L3I5T4//S/969_pruned.fasta ... Fasta format detected
Alignment most likely contains DNA/RNA sequences
Alignment has 26 sequences with 300 columns and 186 patterns (163 informative sites)
          Gap/Ambiguity  Composition  p-value
   1  n236_237    0.00%    passed     96.88%
   2  n266_267    0.00%    passed     57.95%
   3  n296_297    0.00%    passed     80.04%
   4  n277_278    0.00%    passed     89.01%
   5  n290_291    0.00%    passed     98.70%
   6  n255_256    0.00%    passed     62.64%
   7  n295_296    0.00%    passed     86.00%
   8  n286_287    0.00%    passed     58.54%
   9  n298_299    0.00%    passed     76.69%
  10  n299_300    0.00%    passed     85.54%
  11  n287_288    0.00%    passed     95.68%
  12  n278_279    0.00%    passed     92.73%
  13  n292_293    0.00%    passed     91.01%
  14  n265_266    0.00%    passed     65.48%
  15  n289_290    0.00%    passed     92.55%
  16  n293_294    0.00%    passed     80.06%
  17  n280_281    0.00%    passed     80.27%
  18  n274_275    0.00%    passed     92.32%
  19  n275_276    0.00%    passed     85.91%
  20  n285_286    0.00%    passed     68.80%
  21  n294_295    0.00%    passed     84.46%
  22  n297_298    0.00%    passed     76.69%
  23  n244_245    0.00%    passed     19.62%
  24  n251_252    0.00%    passed     84.27%
  25  n200_201    0.00%    passed     93.58%
  26  n300_301    0.00%    passed     85.54%
****  TOTAL       0.00%  0 sequences failed composition chi2 test (p-value<5%; df=3)
NOTE: 2 identical sequences (see below) will be ignored for subsequent analysis
NOTE: n297_298 (identical to n298_299) is ignored but added at the end
NOTE: n300_301 (identical to n299_300) is ignored but added at the end

Create initial parsimony tree by phylogenetic likelihood library (PLL)... 0.001 seconds

NOTE: 0 MB RAM is required!
Estimate model parameters (epsilon = 0.100)
1. Initial log-likelihood: -2165.889
2. Current log-likelihood: -2121.104
3. Current log-likelihood: -2120.654
Optimal log-likelihood: -2120.643
Rate parameters:  A-C: 0.735  A-G: 0.958  A-T: 1.039  C-G: 1.003  C-T: 1.168  G-T: 1.000
Base frequencies:   A: 0.228  C: 0.333  G: 0.246  T: 0.193
Gamma shape alpha: 12.452
Parameters optimization took 3 rounds (0.032 sec)
--------------------------------------------------------------------
|             INITIALIZING CANDIDATE TREE SET                      |
--------------------------------------------------------------------
Computing ML distances based on estimated model parameters... 0.004 sec
Computing BIONJ tree...
0.000 seconds
Log-likelihood of BIONJ tree: -2117.572
Generating 98 parsimony trees... 0.092 seconds 26 distinct starting trees
Computing log-likelihood of 26 initial trees ... 0.054 seconds
Optimizing top 20 initial trees with NNI...
Iteration 1 / LogL: -2117.495 / Time: 0h:0m:0s
Estimate model parameters (epsilon = 0.100)
BETTER SCORE FOUND at iteration 1: -2117.471
Iteration 2 / LogL: -2117.472 / Time: 0h:0m:0s
Iteration 3 / LogL: -2117.472 / Time: 0h:0m:0s
Iteration 4 / LogL: -2117.472 / Time: 0h:0m:0s
Iteration 5 / LogL: -2117.472 / Time: 0h:0m:0s
Iteration 6 / LogL: -2117.472 / Time: 0h:0m:0s
Iteration 7 / LogL: -2117.472 / Time: 0h:0m:0s
Iteration 8 / LogL: -2117.472 / Time: 0h:0m:0s
Iteration 9 / LogL: -2117.473 / Time: 0h:0m:0s
Iteration 10 / LogL: -2117.473 / Time: 0h:0m:0s
Iteration 11 / LogL: -2117.473 / Time: 0h:0m:0s
Iteration 12 / LogL: -2117.473 / Time: 0h:0m:0s
Iteration 13 / LogL: -2117.473 / Time: 0h:0m:0s
Iteration 14 / LogL: -2117.473 / Time: 0h:0m:0s
Iteration 15 / LogL: -2117.473 / Time: 0h:0m:0s
Iteration 16 / LogL: -2117.472 / Time: 0h:0m:0s
Iteration 17 / LogL: -2117.472 / Time: 0h:0m:0s
Iteration 18 / LogL: -2117.472 / Time: 0h:0m:0s
Iteration 19 / LogL: -2117.471 / Time: 0h:0m:0s
Iteration 20 / LogL: -2117.471 / Time: 0h:0m:0s
Average CPU time for 1 NNI search: 0.007
Finish initializing candidate tree set. Number of distinct locally optimal trees: 9
Current best tree score: -2117.471 / CPU time: 0.292
--------------------------------------------------------------------
|               OPTIMIZING CANDIDATE TREE SET                      |
--------------------------------------------------------------------
Iteration 30 / LogL: -2117.545 / Time: 0h:0m:0s (0h:0m:1s left)
Iteration 40 / LogL: -2117.473 / Time: 0h:0m:0s (0h:0m:1s left)
Iteration 50 / LogL: -2117.516 / Time: 0h:0m:0s (0h:0m:0s left)
Iteration 60 / LogL: -2155.945 / Time: 0h:0m:1s (0h:0m:0s left)
Iteration 70 / LogL: -2243.480 / Time: 0h:0m:1s (0h:0m:0s left)
Iteration 80 / LogL: -2117.547 / Time: 0h:0m:1s (0h:0m:0s left)
Iteration 90 / LogL: -2124.869 / Time: 0h:0m:1s (0h:0m:0s left)
Iteration 100 / LogL: -2117.473 / Time: 0h:0m:1s (0h:0m:0s left)
TREE SEARCH COMPLETED AFTER 101 ITERATIONS / Time: 0h:0m:1s

--------------------------------------------------------------------
|                    FINALIZING TREE SEARCH                        |
--------------------------------------------------------------------
Performs final model parameters optimization
Estimate model parameters (epsilon = 0.010)
1. Initial log-likelihood: -2117.471
Optimal log-likelihood: -2117.468
Rate parameters:  A-C: 0.739  A-G: 0.960  A-T: 1.037  C-G: 1.000  C-T: 1.198  G-T: 1.000
Base frequencies:   A: 0.228  C: 0.333  G: 0.246  T: 0.193
Gamma shape alpha: 13.815
Parameters optimization took 1 rounds (0.006 sec)
BEST SCORE FOUND : -2117.468

Testing tree branches by SH-like aLRT with 1000 replicates...
CPU Time used:  0.108 sec.
Total tree length: 1.256

Total number of iterations: 101
CPU time used for tree search: 1.644 sec (0h:0m:1s)
Wall-clock time used for tree search: 1.646 sec (0h:0m:1s)
Total CPU time used: 1.804 sec (0h:0m:1s)
Total wall-clock time used: 1.806 sec (0h:0m:1s)

Analysis results written to: 
  IQ-TREE report:                ../simulations/data_D1T2L3I5T4//S/969_pruned.fasta.iqtree
  Maximum-likelihood tree:       ../simulations/data_D1T2L3I5T4//S/969_pruned.fasta.treefile
  Likelihood distances:          ../simulations/data_D1T2L3I5T4//S/969_pruned.fasta.mldist
  Screen log file:               ../simulations/data_D1T2L3I5T4//S/969_pruned.fasta.log

Date and Time: Fri May 25 14:19:47 2018
