IQ-TREE version 1.4.2 for Linux 64-bit built Apr 15 2016
Copyright (c) 2011-2015 Nguyen Lam Tung, Olga Chernomor, Arndt von Haeseler and Bui Quang Minh.

Host:    meduse (AVX2, FMA3, 7 GB RAM)
Command: /home/tannier/programs/iqtree/iqtree-1.4.2-Linux/bin//iqtree -s ../simulations/data_D1T2L3I5T4//S/96_pruned.fasta -m GTR+G -alrt 1000 -redo
Seed:    249903 (Using SPRNG - Scalable Parallel Random Number Generator)
Time:    Fri May 25 14:21:04 2018
Kernel:  AVX

NOTE: Consider using the multicore version because your CPU has 4 cores!

Reading alignment file ../simulations/data_D1T2L3I5T4//S/96_pruned.fasta ... Fasta format detected
Alignment most likely contains DNA/RNA sequences
Alignment has 26 sequences with 300 columns and 173 patterns (153 informative sites)
          Gap/Ambiguity  Composition  p-value
   1  n265_272    0.00%    passed     96.78%
   2  n285_292    0.00%    passed     89.63%
   3  n286_293    0.00%    passed     77.98%
   4  n274_281    0.00%    passed     93.81%
   5  n296_303    0.00%    passed     97.09%
   6  n300_307    0.00%    passed     94.85%
   7  n200_201    0.00%    passed     96.05%
   8  n299_306    0.00%    passed     96.38%
   9  n298_305    0.00%    passed     99.59%
  10  n236_241    0.00%    passed     98.71%
  11  n275_282    0.00%    passed     97.03%
  12  n251_258    0.00%    passed     87.39%
  13  n278_285    0.00%    passed     99.72%
  14  n290_297    0.00%    passed     91.04%
  15  n266_273    0.00%    passed     94.34%
  16  n244_251    0.00%    passed     32.52%
  17  n255_262    0.00%    passed     98.63%
  18  n295_302    0.00%    passed     97.09%
  19  n287_294    0.00%    passed     95.26%
  20  n292_299    0.00%    passed     96.38%
  21  n293_300    0.00%    passed     98.27%
  22  n289_296    0.00%    passed     93.51%
  23  n297_304    0.00%    passed     99.08%
  24  n277_284    0.00%    passed     99.24%
  25  n294_301    0.00%    passed     98.52%
  26  n280_287    0.00%    passed     95.80%
****  TOTAL       0.00%  0 sequences failed composition chi2 test (p-value<5%; df=3)
NOTE: 2 identical sequences (see below) will be ignored for subsequent analysis
NOTE: n295_302 (identical to n296_303) is ignored but added at the end
NOTE: n292_299 (identical to n299_306) is ignored but added at the end

Create initial parsimony tree by phylogenetic likelihood library (PLL)... 0.001 seconds

NOTE: 0 MB RAM is required!
Estimate model parameters (epsilon = 0.100)
1. Initial log-likelihood: -2110.237
2. Current log-likelihood: -2068.591
3. Current log-likelihood: -2068.416
Optimal log-likelihood: -2068.379
Rate parameters:  A-C: 1.531  A-G: 1.490  A-T: 0.852  C-G: 1.351  C-T: 2.050  G-T: 1.000
Base frequencies:   A: 0.241  C: 0.258  G: 0.273  T: 0.228
Gamma shape alpha: 5.480
Parameters optimization took 3 rounds (0.026 sec)
--------------------------------------------------------------------
|             INITIALIZING CANDIDATE TREE SET                      |
--------------------------------------------------------------------
Computing ML distances based on estimated model parameters... 0.000 sec
Computing BIONJ tree...
0.000 seconds
Log-likelihood of BIONJ tree: -2068.379
Generating 98 parsimony trees... 0.098 seconds 9 distinct starting trees
Computing log-likelihood of 9 initial trees ... 0.015 seconds
Optimizing top 9 initial trees with NNI...
Iteration 1 / LogL: -2068.379 / Time: 0h:0m:0s
Estimate model parameters (epsilon = 0.100)
BETTER SCORE FOUND at iteration 1: -2068.376
Iteration 2 / LogL: -2068.377 / Time: 0h:0m:0s
Iteration 3 / LogL: -2068.384 / Time: 0h:0m:0s
Iteration 4 / LogL: -2068.384 / Time: 0h:0m:0s
Iteration 5 / LogL: -2068.384 / Time: 0h:0m:0s
Iteration 6 / LogL: -2068.384 / Time: 0h:0m:0s
Iteration 7 / LogL: -2068.384 / Time: 0h:0m:0s
Iteration 8 / LogL: -2068.384 / Time: 0h:0m:0s
Iteration 9 / LogL: -2068.384 / Time: 0h:0m:0s
Average CPU time for 1 NNI search: 0.005
Finish initializing candidate tree set. Number of distinct locally optimal trees: 9
Current best tree score: -2068.376 / CPU time: 0.160
--------------------------------------------------------------------
|               OPTIMIZING CANDIDATE TREE SET                      |
--------------------------------------------------------------------
Iteration 10 / LogL: -2068.382 / Time: 0h:0m:0s
Iteration 20 / LogL: -2068.458 / Time: 0h:0m:0s (0h:0m:1s left)
Iteration 30 / LogL: -2097.645 / Time: 0h:0m:0s (0h:0m:1s left)
Iteration 40 / LogL: -2068.435 / Time: 0h:0m:0s (0h:0m:1s left)
Iteration 50 / LogL: -2068.388 / Time: 0h:0m:0s (0h:0m:0s left)
Iteration 60 / LogL: -2079.487 / Time: 0h:0m:1s (0h:0m:0s left)
Iteration 70 / LogL: -2068.410 / Time: 0h:0m:1s (0h:0m:0s left)
Iteration 80 / LogL: -2068.382 / Time: 0h:0m:1s (0h:0m:0s left)
Iteration 90 / LogL: -2068.377 / Time: 0h:0m:1s (0h:0m:0s left)
Iteration 100 / LogL: -2068.436 / Time: 0h:0m:1s (0h:0m:0s left)
TREE SEARCH COMPLETED AFTER 101 ITERATIONS / Time: 0h:0m:1s

--------------------------------------------------------------------
|                    FINALIZING TREE SEARCH                        |
--------------------------------------------------------------------
Performs final model parameters optimization
Estimate model parameters (epsilon = 0.010)
1. Initial log-likelihood: -2068.376
Optimal log-likelihood: -2068.376
Rate parameters:  A-C: 1.531  A-G: 1.490  A-T: 0.858  C-G: 1.352  C-T: 2.067  G-T: 1.000
Base frequencies:   A: 0.241  C: 0.258  G: 0.273  T: 0.228
Gamma shape alpha: 5.480
Parameters optimization took 1 rounds (0.005 sec)
BEST SCORE FOUND : -2068.376

Testing tree branches by SH-like aLRT with 1000 replicates...
CPU Time used:  0.104 sec.
Total tree length: 1.240

Total number of iterations: 101
CPU time used for tree search: 1.668 sec (0h:0m:1s)
Wall-clock time used for tree search: 1.669 sec (0h:0m:1s)
Total CPU time used: 1.816 sec (0h:0m:1s)
Total wall-clock time used: 1.821 sec (0h:0m:1s)

Analysis results written to: 
  IQ-TREE report:                ../simulations/data_D1T2L3I5T4//S/96_pruned.fasta.iqtree
  Maximum-likelihood tree:       ../simulations/data_D1T2L3I5T4//S/96_pruned.fasta.treefile
  Likelihood distances:          ../simulations/data_D1T2L3I5T4//S/96_pruned.fasta.mldist
  Screen log file:               ../simulations/data_D1T2L3I5T4//S/96_pruned.fasta.log

Date and Time: Fri May 25 14:21:06 2018
