IQ-TREE version 1.4.2 for Linux 64-bit built Apr 15 2016
Copyright (c) 2011-2015 Nguyen Lam Tung, Olga Chernomor, Arndt von Haeseler and Bui Quang Minh.

Host:    meduse (AVX2, FMA3, 7 GB RAM)
Command: /home/tannier/programs/iqtree/iqtree-1.4.2-Linux/bin//iqtree -s ../simulations/data_D1T2L3I5T4//S/971_pruned.fasta -m GTR+G -alrt 1000 -redo
Seed:    947731 (Using SPRNG - Scalable Parallel Random Number Generator)
Time:    Fri May 25 14:15:35 2018
Kernel:  AVX

NOTE: Consider using the multicore version because your CPU has 4 cores!

Reading alignment file ../simulations/data_D1T2L3I5T4//S/971_pruned.fasta ... Fasta format detected
Alignment most likely contains DNA/RNA sequences
Alignment has 33 sequences with 300 columns and 194 patterns (171 informative sites)
          Gap/Ambiguity  Composition  p-value
   1  n292_323    0.00%    passed     83.61%
   2  n299_332    0.00%    passed     84.97%
   3  n299_334    0.00%    passed     83.13%
   4  n236_251    0.00%    passed     93.22%
   5  n297_330    0.00%    passed     76.12%
   6  n292_325    0.00%    passed     83.03%
   7  n277_304    0.00%    passed     89.76%
   8  n278_305    0.00%    passed     88.75%
   9  n287_318    0.00%    passed     88.51%
  10  n296_329    0.00%    passed     76.65%
  11  n200_207    0.00%    passed     73.97%
  12  n300_335    0.00%    passed     83.13%
  13  n280_309    0.00%    passed     86.29%
  14  n285_316    0.00%    passed     41.07%
  15  n265_286    0.00%    passed     90.66%
  16  n298_331    0.00%    passed     79.93%
  17  n275_300    0.00%    passed     86.32%
  18  n277_302    0.00%    passed     94.57%
  19  n293_326    0.00%    passed     91.74%
  20  n300_333    0.00%    passed     84.97%
  21  n255_272    0.00%    passed     74.48%
  22  n294_327    0.00%    passed     88.34%
  23  n278_303    0.00%    passed     84.57%
  24  n295_328    0.00%    passed     74.57%
  25  n280_307    0.00%    passed     81.87%
  26  n251_266    0.00%    passed     81.61%
  27  n274_297    0.00%    passed     80.51%
  28  n289_320    0.00%    passed     87.07%
  29  n274_299    0.00%    passed     85.77%
  30  n286_317    0.00%    passed     40.91%
  31  n244_259    0.00%    passed     70.07%
  32  n266_287    0.00%    passed     81.80%
  33  n290_321    0.00%    passed     88.51%
****  TOTAL       0.00%  0 sequences failed composition chi2 test (p-value<5%; df=3)
NOTE: 3 identical sequences (see below) will be ignored for subsequent analysis
NOTE: n300_333 (identical to n299_332) is ignored but added at the end
NOTE: n300_335 (identical to n299_334) is ignored but added at the end
NOTE: n290_321 (identical to n287_318) is ignored but added at the end

Create initial parsimony tree by phylogenetic likelihood library (PLL)... 0.001 seconds

NOTE: 0 MB RAM is required!
Estimate model parameters (epsilon = 0.100)
1. Initial log-likelihood: -2300.018
2. Current log-likelihood: -2249.740
3. Current log-likelihood: -2249.303
Optimal log-likelihood: -2249.291
Rate parameters:  A-C: 0.980  A-G: 1.099  A-T: 1.166  C-G: 0.991  C-T: 1.265  G-T: 1.000
Base frequencies:   A: 0.243  C: 0.303  G: 0.233  T: 0.221
Gamma shape alpha: 12.438
Parameters optimization took 3 rounds (0.034 sec)
--------------------------------------------------------------------
|             INITIALIZING CANDIDATE TREE SET                      |
--------------------------------------------------------------------
Computing ML distances based on estimated model parameters... 0.004 sec
Computing BIONJ tree...
0.001 seconds
Log-likelihood of BIONJ tree: -2249.290
Generating 98 parsimony trees... 0.125 seconds 72 distinct starting trees
Computing log-likelihood of 72 initial trees ... 0.186 seconds
Optimizing top 20 initial trees with NNI...
Iteration 1 / LogL: -2249.290 / Time: 0h:0m:0s
Estimate model parameters (epsilon = 0.100)
BETTER SCORE FOUND at iteration 1: -2249.283
Iteration 2 / LogL: -2249.285 / Time: 0h:0m:0s
Iteration 3 / LogL: -2249.285 / Time: 0h:0m:0s
Iteration 4 / LogL: -2249.285 / Time: 0h:0m:0s
Iteration 5 / LogL: -2249.285 / Time: 0h:0m:0s
Iteration 6 / LogL: -2249.285 / Time: 0h:0m:0s
Iteration 7 / LogL: -2249.285 / Time: 0h:0m:0s
Iteration 8 / LogL: -2249.285 / Time: 0h:0m:0s
Iteration 9 / LogL: -2249.285 / Time: 0h:0m:0s
Iteration 10 / LogL: -2249.285 / Time: 0h:0m:0s
Iteration 11 / LogL: -2249.285 / Time: 0h:0m:0s
Iteration 12 / LogL: -2249.285 / Time: 0h:0m:0s
Iteration 13 / LogL: -2249.285 / Time: 0h:0m:0s
Iteration 14 / LogL: -2249.285 / Time: 0h:0m:0s
Iteration 15 / LogL: -2249.285 / Time: 0h:0m:0s
Iteration 16 / LogL: -2249.285 / Time: 0h:0m:0s
Iteration 17 / LogL: -2249.285 / Time: 0h:0m:0s
Iteration 18 / LogL: -2249.285 / Time: 0h:0m:0s
Iteration 19 / LogL: -2249.285 / Time: 0h:0m:0s
Iteration 20 / LogL: -2249.285 / Time: 0h:0m:0s
Average CPU time for 1 NNI search: 0.007
Finish initializing candidate tree set. Number of distinct locally optimal trees: 20
Current best tree score: -2249.283 / CPU time: 0.456
--------------------------------------------------------------------
|               OPTIMIZING CANDIDATE TREE SET                      |
--------------------------------------------------------------------
Iteration 30 / LogL: -2249.285 / Time: 0h:0m:0s (0h:0m:1s left)
Iteration 40 / LogL: -2249.340 / Time: 0h:0m:0s (0h:0m:1s left)
Iteration 50 / LogL: -2269.413 / Time: 0h:0m:1s (0h:0m:1s left)
Iteration 60 / LogL: -2265.531 / Time: 0h:0m:1s (0h:0m:0s left)
Iteration 70 / LogL: -2269.777 / Time: 0h:0m:1s (0h:0m:0s left)
Iteration 80 / LogL: -2249.285 / Time: 0h:0m:1s (0h:0m:0s left)
Iteration 90 / LogL: -2249.284 / Time: 0h:0m:1s (0h:0m:0s left)
Iteration 100 / LogL: -2249.575 / Time: 0h:0m:2s (0h:0m:0s left)
TREE SEARCH COMPLETED AFTER 101 ITERATIONS / Time: 0h:0m:2s

--------------------------------------------------------------------
|                    FINALIZING TREE SEARCH                        |
--------------------------------------------------------------------
Performs final model parameters optimization
Estimate model parameters (epsilon = 0.010)
1. Initial log-likelihood: -2249.283
Optimal log-likelihood: -2249.279
Rate parameters:  A-C: 0.992  A-G: 1.111  A-T: 1.179  C-G: 1.001  C-T: 1.279  G-T: 1.000
Base frequencies:   A: 0.243  C: 0.303  G: 0.233  T: 0.221
Gamma shape alpha: 12.460
Parameters optimization took 1 rounds (0.011 sec)
BEST SCORE FOUND : -2249.279

Testing tree branches by SH-like aLRT with 1000 replicates...
CPU Time used:  0.136 sec.
Total tree length: 1.288

Total number of iterations: 101
CPU time used for tree search: 2.156 sec (0h:0m:2s)
Wall-clock time used for tree search: 2.157 sec (0h:0m:2s)
Total CPU time used: 2.352 sec (0h:0m:2s)
Total wall-clock time used: 2.356 sec (0h:0m:2s)

Analysis results written to: 
  IQ-TREE report:                ../simulations/data_D1T2L3I5T4//S/971_pruned.fasta.iqtree
  Maximum-likelihood tree:       ../simulations/data_D1T2L3I5T4//S/971_pruned.fasta.treefile
  Likelihood distances:          ../simulations/data_D1T2L3I5T4//S/971_pruned.fasta.mldist
  Screen log file:               ../simulations/data_D1T2L3I5T4//S/971_pruned.fasta.log

Date and Time: Fri May 25 14:15:38 2018
