IQ-TREE version 1.4.2 for Linux 64-bit built Apr 15 2016
Copyright (c) 2011-2015 Nguyen Lam Tung, Olga Chernomor, Arndt von Haeseler and Bui Quang Minh.

Host:    meduse (AVX2, FMA3, 7 GB RAM)
Command: /home/tannier/programs/iqtree/iqtree-1.4.2-Linux/bin//iqtree -s ../simulations/data_D1T2L3I5T4//S/973_pruned.fasta -m GTR+G -alrt 1000 -redo
Seed:    973502 (Using SPRNG - Scalable Parallel Random Number Generator)
Time:    Fri May 25 14:21:15 2018
Kernel:  AVX

NOTE: Consider using the multicore version because your CPU has 4 cores!

Reading alignment file ../simulations/data_D1T2L3I5T4//S/973_pruned.fasta ... Fasta format detected
Alignment most likely contains DNA/RNA sequences
Alignment has 26 sequences with 300 columns and 174 patterns (151 informative sites)
          Gap/Ambiguity  Composition  p-value
   1  n298_301    0.00%    passed     95.32%
   2  n296_299    0.00%    passed     93.10%
   3  n251_254    0.00%    passed     52.63%
   4  n286_289    0.00%    passed     87.06%
   5  n274_277    0.00%    passed     67.10%
   6  n287_290    0.00%    passed     97.16%
   7  n236_239    0.00%    passed     83.66%
   8  n200_203    0.00%    passed     87.86%
   9  n294_297    0.00%    passed     95.32%
  10  n266_269    0.00%    passed     87.55%
  11  n255_258    0.00%    passed     58.42%
  12  n244_247    0.00%    passed     73.04%
  13  n285_288    0.00%    passed     91.93%
  14  n280_283    0.00%    passed     59.84%
  15  n299_302    0.00%    passed     67.83%
  16  n290_293    0.00%    passed     95.06%
  17  n277_280    0.00%    passed     95.12%
  18  n292_295    0.00%    passed     61.71%
  19  n289_292    0.00%    passed     96.60%
  20  n295_298    0.00%    passed     91.65%
  21  n297_300    0.00%    passed     95.68%
  22  n275_278    0.00%    passed     91.21%
  23  n300_303    0.00%    passed     65.80%
  24  n278_281    0.00%    passed     97.91%
  25  n293_296    0.00%    passed     97.19%
  26  n265_268    0.00%    passed     94.94%
****  TOTAL       0.00%  0 sequences failed composition chi2 test (p-value<5%; df=3)

Create initial parsimony tree by phylogenetic likelihood library (PLL)... 0.001 seconds

NOTE: 0 MB RAM is required!
Estimate model parameters (epsilon = 0.100)
1. Initial log-likelihood: -2022.108
2. Current log-likelihood: -1965.581
3. Current log-likelihood: -1965.091
Optimal log-likelihood: -1965.086
Rate parameters:  A-C: 1.122  A-G: 1.115  A-T: 1.363  C-G: 0.952  C-T: 1.174  G-T: 1.000
Base frequencies:   A: 0.207  C: 0.261  G: 0.284  T: 0.248
Gamma shape alpha: 87.044
Parameters optimization took 3 rounds (0.036 sec)
--------------------------------------------------------------------
|             INITIALIZING CANDIDATE TREE SET                      |
--------------------------------------------------------------------
Computing ML distances based on estimated model parameters... 0.000 sec
Computing BIONJ tree...
0.000 seconds
Log-likelihood of BIONJ tree: -1965.086
Generating 98 parsimony trees... 0.097 seconds 89 distinct starting trees
Computing log-likelihood of 89 initial trees ... 0.193 seconds
Optimizing top 20 initial trees with NNI...
Iteration 1 / LogL: -1965.087 / Time: 0h:0m:0s
Estimate model parameters (epsilon = 0.100)
BETTER SCORE FOUND at iteration 1: -1965.085
Iteration 2 / LogL: -1965.087 / Time: 0h:0m:0s
Iteration 3 / LogL: -1965.087 / Time: 0h:0m:0s
Iteration 4 / LogL: -1965.087 / Time: 0h:0m:0s
Iteration 5 / LogL: -1965.087 / Time: 0h:0m:0s
Iteration 6 / LogL: -1965.087 / Time: 0h:0m:0s
Iteration 7 / LogL: -1965.087 / Time: 0h:0m:0s
Iteration 8 / LogL: -1965.087 / Time: 0h:0m:0s
Iteration 9 / LogL: -1965.087 / Time: 0h:0m:0s
Iteration 10 / LogL: -1965.087 / Time: 0h:0m:0s
Iteration 11 / LogL: -1965.087 / Time: 0h:0m:0s
Iteration 12 / LogL: -1965.087 / Time: 0h:0m:0s
Iteration 13 / LogL: -1965.087 / Time: 0h:0m:0s
Iteration 14 / LogL: -1965.087 / Time: 0h:0m:0s
Iteration 15 / LogL: -1965.087 / Time: 0h:0m:0s
Iteration 16 / LogL: -1965.087 / Time: 0h:0m:0s
Iteration 17 / LogL: -1965.087 / Time: 0h:0m:0s
Iteration 18 / LogL: -1965.087 / Time: 0h:0m:0s
Iteration 19 / LogL: -1965.087 / Time: 0h:0m:0s
Iteration 20 / LogL: -1965.087 / Time: 0h:0m:0s
Average CPU time for 1 NNI search: 0.007
Finish initializing candidate tree set. Number of distinct locally optimal trees: 20
Current best tree score: -1965.085 / CPU time: 0.420
--------------------------------------------------------------------
|               OPTIMIZING CANDIDATE TREE SET                      |
--------------------------------------------------------------------
Iteration 30 / LogL: -1965.085 / Time: 0h:0m:0s (0h:0m:1s left)
Iteration 40 / LogL: -1965.085 / Time: 0h:0m:0s (0h:0m:1s left)
Iteration 50 / LogL: -1965.085 / Time: 0h:0m:0s (0h:0m:0s left)
Iteration 60 / LogL: -2023.948 / Time: 0h:0m:1s (0h:0m:0s left)
Iteration 70 / LogL: -1977.132 / Time: 0h:0m:1s (0h:0m:0s left)
Iteration 80 / LogL: -1965.085 / Time: 0h:0m:1s (0h:0m:0s left)
Iteration 90 / LogL: -1965.086 / Time: 0h:0m:1s (0h:0m:0s left)
Iteration 100 / LogL: -1965.085 / Time: 0h:0m:1s (0h:0m:0s left)
TREE SEARCH COMPLETED AFTER 101 ITERATIONS / Time: 0h:0m:1s

--------------------------------------------------------------------
|                    FINALIZING TREE SEARCH                        |
--------------------------------------------------------------------
Performs final model parameters optimization
Estimate model parameters (epsilon = 0.010)
1. Initial log-likelihood: -1965.085
Optimal log-likelihood: -1965.085
Rate parameters:  A-C: 1.122  A-G: 1.115  A-T: 1.367  C-G: 0.952  C-T: 1.175  G-T: 1.000
Base frequencies:   A: 0.207  C: 0.261  G: 0.284  T: 0.248
Gamma shape alpha: 87.184
Parameters optimization took 1 rounds (0.005 sec)
BEST SCORE FOUND : -1965.085

Testing tree branches by SH-like aLRT with 1000 replicates...
CPU Time used:  0.116 sec.
Total tree length: 1.156

Total number of iterations: 101
CPU time used for tree search: 1.580 sec (0h:0m:1s)
Wall-clock time used for tree search: 1.581 sec (0h:0m:1s)
Total CPU time used: 1.752 sec (0h:0m:1s)
Total wall-clock time used: 1.753 sec (0h:0m:1s)

Analysis results written to: 
  IQ-TREE report:                ../simulations/data_D1T2L3I5T4//S/973_pruned.fasta.iqtree
  Maximum-likelihood tree:       ../simulations/data_D1T2L3I5T4//S/973_pruned.fasta.treefile
  Likelihood distances:          ../simulations/data_D1T2L3I5T4//S/973_pruned.fasta.mldist
  Screen log file:               ../simulations/data_D1T2L3I5T4//S/973_pruned.fasta.log

Date and Time: Fri May 25 14:21:17 2018
