IQ-TREE version 1.4.2 for Linux 64-bit built Apr 15 2016
Copyright (c) 2011-2015 Nguyen Lam Tung, Olga Chernomor, Arndt von Haeseler and Bui Quang Minh.

Host:    meduse (AVX2, FMA3, 7 GB RAM)
Command: /home/tannier/programs/iqtree/iqtree-1.4.2-Linux/bin//iqtree -s ../simulations/data_D1T2L3I5T4//S/985_pruned.fasta -m GTR+G -alrt 1000 -redo
Seed:    555661 (Using SPRNG - Scalable Parallel Random Number Generator)
Time:    Fri May 25 14:16:20 2018
Kernel:  AVX

NOTE: Consider using the multicore version because your CPU has 4 cores!

Reading alignment file ../simulations/data_D1T2L3I5T4//S/985_pruned.fasta ... Fasta format detected
Alignment most likely contains DNA/RNA sequences
Alignment has 26 sequences with 300 columns and 174 patterns (152 informative sites)
          Gap/Ambiguity  Composition  p-value
   1  n236_237    0.00%    passed     94.07%
   2  n266_267    0.00%    passed     99.80%
   3  n296_297    0.00%    passed     87.75%
   4  n277_278    0.00%    passed     65.08%
   5  n290_291    0.00%    passed     89.23%
   6  n255_256    0.00%    passed     25.91%
   7  n295_296    0.00%    passed     94.99%
   8  n286_287    0.00%    passed     72.00%
   9  n298_299    0.00%    passed     88.45%
  10  n299_300    0.00%    passed     88.35%
  11  n287_288    0.00%    passed     77.81%
  12  n278_279    0.00%    passed     71.60%
  13  n292_293    0.00%    passed     83.25%
  14  n265_266    0.00%    passed     94.36%
  15  n289_290    0.00%    passed     89.23%
  16  n293_294    0.00%    passed     89.46%
  17  n280_281    0.00%    passed     84.69%
  18  n274_275    0.00%    passed     81.29%
  19  n275_276    0.00%    passed     92.07%
  20  n285_286    0.00%    passed     75.13%
  21  n294_295    0.00%    passed     93.58%
  22  n297_298    0.00%    passed     83.49%
  23  n244_245    0.00%    passed     93.13%
  24  n251_252    0.00%    passed     19.88%
  25  n200_201    0.00%    passed     98.16%
  26  n300_301    0.00%    passed     89.15%
****  TOTAL       0.00%  0 sequences failed composition chi2 test (p-value<5%; df=3)
NOTE: 1 identical sequences (see below) will be ignored for subsequent analysis
NOTE: n289_290 (identical to n290_291) is ignored but added at the end

Create initial parsimony tree by phylogenetic likelihood library (PLL)... 0.001 seconds

NOTE: 0 MB RAM is required!
Estimate model parameters (epsilon = 0.100)
1. Initial log-likelihood: -2064.776
2. Current log-likelihood: -2012.641
3. Current log-likelihood: -2012.217
Optimal log-likelihood: -2012.214
Rate parameters:  A-C: 1.154  A-G: 1.224  A-T: 0.816  C-G: 1.256  C-T: 1.533  G-T: 1.000
Base frequencies:   A: 0.240  C: 0.259  G: 0.278  T: 0.223
Gamma shape alpha: 79.076
Parameters optimization took 3 rounds (0.027 sec)
--------------------------------------------------------------------
|             INITIALIZING CANDIDATE TREE SET                      |
--------------------------------------------------------------------
Computing ML distances based on estimated model parameters... 0.004 sec
Computing BIONJ tree...
0.001 seconds
Log-likelihood of BIONJ tree: -2012.214
Generating 98 parsimony trees... 0.087 seconds 60 distinct starting trees
Computing log-likelihood of 60 initial trees ... 0.123 seconds
Optimizing top 20 initial trees with NNI...
Iteration 1 / LogL: -2012.214 / Time: 0h:0m:0s
Estimate model parameters (epsilon = 0.100)
BETTER SCORE FOUND at iteration 1: -2012.210
Iteration 2 / LogL: -2012.211 / Time: 0h:0m:0s
Iteration 3 / LogL: -2012.211 / Time: 0h:0m:0s
Iteration 4 / LogL: -2012.211 / Time: 0h:0m:0s
Iteration 5 / LogL: -2012.211 / Time: 0h:0m:0s
Iteration 6 / LogL: -2012.211 / Time: 0h:0m:0s
Iteration 7 / LogL: -2012.211 / Time: 0h:0m:0s
Iteration 8 / LogL: -2012.211 / Time: 0h:0m:0s
Iteration 9 / LogL: -2012.211 / Time: 0h:0m:0s
Iteration 10 / LogL: -2012.211 / Time: 0h:0m:0s
Iteration 11 / LogL: -2012.211 / Time: 0h:0m:0s
Iteration 12 / LogL: -2012.211 / Time: 0h:0m:0s
Iteration 13 / LogL: -2012.211 / Time: 0h:0m:0s
Iteration 14 / LogL: -2012.211 / Time: 0h:0m:0s
Iteration 15 / LogL: -2012.211 / Time: 0h:0m:0s
Iteration 16 / LogL: -2012.211 / Time: 0h:0m:0s
Iteration 17 / LogL: -2012.211 / Time: 0h:0m:0s
Iteration 18 / LogL: -2012.211 / Time: 0h:0m:0s
Iteration 19 / LogL: -2012.211 / Time: 0h:0m:0s
Iteration 20 / LogL: -2012.211 / Time: 0h:0m:0s
Average CPU time for 1 NNI search: 0.005
Finish initializing candidate tree set. Number of distinct locally optimal trees: 20
Current best tree score: -2012.210 / CPU time: 0.316
--------------------------------------------------------------------
|               OPTIMIZING CANDIDATE TREE SET                      |
--------------------------------------------------------------------
Iteration 30 / LogL: -2012.211 / Time: 0h:0m:0s (0h:0m:1s left)
Iteration 40 / LogL: -2025.657 / Time: 0h:0m:0s (0h:0m:1s left)
Iteration 50 / LogL: -2012.211 / Time: 0h:0m:0s (0h:0m:0s left)
Iteration 60 / LogL: -2012.219 / Time: 0h:0m:0s (0h:0m:0s left)
Iteration 70 / LogL: -2022.448 / Time: 0h:0m:1s (0h:0m:0s left)
Iteration 80 / LogL: -2012.210 / Time: 0h:0m:1s (0h:0m:0s left)
Iteration 90 / LogL: -2012.222 / Time: 0h:0m:1s (0h:0m:0s left)
Iteration 100 / LogL: -2012.266 / Time: 0h:0m:1s (0h:0m:0s left)
TREE SEARCH COMPLETED AFTER 101 ITERATIONS / Time: 0h:0m:1s

--------------------------------------------------------------------
|                    FINALIZING TREE SEARCH                        |
--------------------------------------------------------------------
Performs final model parameters optimization
Estimate model parameters (epsilon = 0.010)
1. Initial log-likelihood: -2012.210
Optimal log-likelihood: -2012.209
Rate parameters:  A-C: 1.157  A-G: 1.225  A-T: 0.826  C-G: 1.270  C-T: 1.544  G-T: 1.000
Base frequencies:   A: 0.240  C: 0.259  G: 0.278  T: 0.223
Gamma shape alpha: 77.172
Parameters optimization took 1 rounds (0.005 sec)
BEST SCORE FOUND : -2012.209

Testing tree branches by SH-like aLRT with 1000 replicates...
CPU Time used:  0.112 sec.
Total tree length: 1.152

Total number of iterations: 101
CPU time used for tree search: 1.516 sec (0h:0m:1s)
Wall-clock time used for tree search: 1.515 sec (0h:0m:1s)
Total CPU time used: 1.676 sec (0h:0m:1s)
Total wall-clock time used: 1.677 sec (0h:0m:1s)

Analysis results written to: 
  IQ-TREE report:                ../simulations/data_D1T2L3I5T4//S/985_pruned.fasta.iqtree
  Maximum-likelihood tree:       ../simulations/data_D1T2L3I5T4//S/985_pruned.fasta.treefile
  Likelihood distances:          ../simulations/data_D1T2L3I5T4//S/985_pruned.fasta.mldist
  Screen log file:               ../simulations/data_D1T2L3I5T4//S/985_pruned.fasta.log

Date and Time: Fri May 25 14:16:22 2018
