IQ-TREE version 1.4.2 for Linux 64-bit built Apr 15 2016
Copyright (c) 2011-2015 Nguyen Lam Tung, Olga Chernomor, Arndt von Haeseler and Bui Quang Minh.

Host:    meduse (AVX2, FMA3, 7 GB RAM)
Command: iqtree -s ../simulations/data_D8T8L15I8T8//S/1006_pruned.fasta -m GTR+G -alrt 1000 -redo
Seed:    218031 (Using SPRNG - Scalable Parallel Random Number Generator)
Time:    Fri May 25 23:05:51 2018
Kernel:  AVX

NOTE: Consider using the multicore version because your CPU has 4 cores!

Reading alignment file ../simulations/data_D8T8L15I8T8//S/1006_pruned.fasta ... Fasta format detected
Alignment most likely contains DNA/RNA sequences
Alignment has 23 sequences with 300 columns and 141 patterns (128 informative sites)
          Gap/Ambiguity  Composition  p-value
   1  n265_122    0.00%    passed     41.34%
   2  n280_137    0.00%    passed     58.59%
   3  n292_149    0.00%    passed     83.69%
   4  n299_156    0.00%    passed     78.58%
   5  n296_153    0.00%    passed     93.31%
   6  n274_131    0.00%    passed     81.42%
   7  n298_155    0.00%    passed     91.76%
   8  n277_134    0.00%    passed     96.63%
   9  n200_85     0.00%    passed     65.18%
  10  n236_105    0.00%    passed     57.39%
  11  n295_152    0.00%    passed     95.78%
  12  n300_157    0.00%    passed     73.57%
  13  n286_143    0.00%    passed     82.24%
  14  n285_142    0.00%    passed     70.36%
  15  n290_147    0.00%    passed     95.16%
  16  n275_132    0.00%    passed     96.17%
  17  n297_154    0.00%    passed     79.19%
  18  n287_144    0.00%    passed     98.02%
  19  n293_150    0.00%    passed     94.62%
  20  n289_146    0.00%    passed     97.61%
  21  n294_151    0.00%    passed     94.62%
  22  n266_123    0.00%    passed     47.66%
  23  n278_135    0.00%    passed     91.15%
****  TOTAL       0.00%  0 sequences failed composition chi2 test (p-value<5%; df=3)

Create initial parsimony tree by phylogenetic likelihood library (PLL)... 0.001 seconds

NOTE: 0 MB RAM is required!
Estimate model parameters (epsilon = 0.100)
1. Initial log-likelihood: -1716.273
2. Current log-likelihood: -1659.089
3. Current log-likelihood: -1658.858
Optimal log-likelihood: -1658.856
Rate parameters:  A-C: 1.102  A-G: 1.189  A-T: 1.753  C-G: 1.103  C-T: 1.436  G-T: 1.000
Base frequencies:   A: 0.250  C: 0.295  G: 0.259  T: 0.196
Gamma shape alpha: 4.219
Parameters optimization took 3 rounds (0.027 sec)
--------------------------------------------------------------------
|             INITIALIZING CANDIDATE TREE SET                      |
--------------------------------------------------------------------
Computing ML distances based on estimated model parameters... 0.000 sec
Computing BIONJ tree...
0.000 seconds
Log-likelihood of BIONJ tree: -1663.512
Generating 98 parsimony trees... 0.127 seconds 53 distinct starting trees
Computing log-likelihood of 53 initial trees ... 0.123 seconds
Optimizing top 20 initial trees with NNI...
Iteration 1 / LogL: -1658.856 / Time: 0h:0m:0s
Estimate model parameters (epsilon = 0.100)
BETTER SCORE FOUND at iteration 1: -1658.855
Iteration 2 / LogL: -1658.857 / Time: 0h:0m:0s
Iteration 3 / LogL: -1658.857 / Time: 0h:0m:0s
Iteration 4 / LogL: -1658.857 / Time: 0h:0m:0s
Iteration 5 / LogL: -1658.857 / Time: 0h:0m:0s
Iteration 6 / LogL: -1658.857 / Time: 0h:0m:0s
Iteration 7 / LogL: -1658.857 / Time: 0h:0m:0s
Iteration 8 / LogL: -1658.857 / Time: 0h:0m:0s
Iteration 9 / LogL: -1658.857 / Time: 0h:0m:0s
Iteration 10 / LogL: -1658.857 / Time: 0h:0m:0s
Iteration 11 / LogL: -1658.857 / Time: 0h:0m:0s
Iteration 12 / LogL: -1658.857 / Time: 0h:0m:0s
Iteration 13 / LogL: -1658.857 / Time: 0h:0m:0s
Iteration 14 / LogL: -1658.857 / Time: 0h:0m:0s
Iteration 15 / LogL: -1658.857 / Time: 0h:0m:0s
Iteration 16 / LogL: -1658.857 / Time: 0h:0m:0s
Iteration 17 / LogL: -1658.857 / Time: 0h:0m:0s
Iteration 18 / LogL: -1658.857 / Time: 0h:0m:0s
Iteration 19 / LogL: -1658.857 / Time: 0h:0m:0s
Iteration 20 / LogL: -1658.857 / Time: 0h:0m:0s
Average CPU time for 1 NNI search: 0.006
Finish initializing candidate tree set. Number of distinct locally optimal trees: 20
Current best tree score: -1658.855 / CPU time: 0.364
--------------------------------------------------------------------
|               OPTIMIZING CANDIDATE TREE SET                      |
--------------------------------------------------------------------
Iteration 30 / LogL: -1658.856 / Time: 0h:0m:0s (0h:0m:1s left)
Iteration 40 / LogL: -1658.856 / Time: 0h:0m:0s (0h:0m:1s left)
Iteration 50 / LogL: -1662.855 / Time: 0h:0m:0s (0h:0m:0s left)
Iteration 60 / LogL: -1658.855 / Time: 0h:0m:1s (0h:0m:0s left)
Iteration 70 / LogL: -1658.915 / Time: 0h:0m:1s (0h:0m:0s left)
Iteration 80 / LogL: -1659.208 / Time: 0h:0m:1s (0h:0m:0s left)
Iteration 90 / LogL: -1659.206 / Time: 0h:0m:1s (0h:0m:0s left)
Iteration 100 / LogL: -1658.920 / Time: 0h:0m:1s (0h:0m:0s left)
TREE SEARCH COMPLETED AFTER 101 ITERATIONS / Time: 0h:0m:1s

--------------------------------------------------------------------
|                    FINALIZING TREE SEARCH                        |
--------------------------------------------------------------------
Performs final model parameters optimization
Estimate model parameters (epsilon = 0.010)
1. Initial log-likelihood: -1658.855
Optimal log-likelihood: -1658.855
Rate parameters:  A-C: 1.101  A-G: 1.189  A-T: 1.747  C-G: 1.103  C-T: 1.436  G-T: 1.000
Base frequencies:   A: 0.250  C: 0.295  G: 0.259  T: 0.196
Gamma shape alpha: 4.224
Parameters optimization took 1 rounds (0.007 sec)
BEST SCORE FOUND : -1658.855

Testing tree branches by SH-like aLRT with 1000 replicates...
CPU Time used:  0.140 sec.
Total tree length: 0.873

Total number of iterations: 101
CPU time used for tree search: 1.776 sec (0h:0m:1s)
Wall-clock time used for tree search: 1.779 sec (0h:0m:1s)
Total CPU time used: 1.968 sec (0h:0m:1s)
Total wall-clock time used: 1.973 sec (0h:0m:1s)

Analysis results written to: 
  IQ-TREE report:                ../simulations/data_D8T8L15I8T8//S/1006_pruned.fasta.iqtree
  Maximum-likelihood tree:       ../simulations/data_D8T8L15I8T8//S/1006_pruned.fasta.treefile
  Likelihood distances:          ../simulations/data_D8T8L15I8T8//S/1006_pruned.fasta.mldist
  Screen log file:               ../simulations/data_D8T8L15I8T8//S/1006_pruned.fasta.log

Date and Time: Fri May 25 23:05:53 2018
