IQ-TREE version 1.4.2 for Linux 64-bit built Apr 15 2016
Copyright (c) 2011-2015 Nguyen Lam Tung, Olga Chernomor, Arndt von Haeseler and Bui Quang Minh.

Host:    meduse (AVX2, FMA3, 7 GB RAM)
Command: iqtree -s ../simulations/data_D10T10L20I10T10//S/1011_pruned.fasta -m GTR+G -alrt 1000 -redo
Seed:    681190 (Using SPRNG - Scalable Parallel Random Number Generator)
Time:    Mon Jun  4 00:32:08 2018
Kernel:  AVX

NOTE: Consider using the multicore version because your CPU has 4 cores!

Reading alignment file ../simulations/data_D10T10L20I10T10//S/1011_pruned.fasta ... Fasta format detected
Alignment most likely contains DNA/RNA sequences
Alignment has 23 sequences with 300 columns and 289 patterns (278 informative sites)
          Gap/Ambiguity  Composition  p-value
   1  n265_120    0.00%    passed     17.11%
   2  n280_135    0.00%    passed     93.58%
   3  n286_141    0.00%    passed     65.73%
   4  n294_149    0.00%    passed     85.45%
   5  n275_130    0.00%    passed     96.86%
   6  n290_145    0.00%    passed     62.31%
   7  n266_121    0.00%    passed     18.61%
   8  n300_155    0.00%    passed     76.81%
   9  n296_151    0.00%    passed     72.95%
  10  n287_142    0.00%    passed     67.05%
  11  n285_140    0.00%    passed     71.05%
  12  n274_129    0.00%    passed     91.48%
  13  n293_148    0.00%    passed     84.94%
  14  n295_150    0.00%    passed     82.76%
  15  n292_147    0.00%    passed     83.98%
  16  n297_152    0.00%    passed     93.34%
  17  n278_133    0.00%    passed     30.61%
  18  n298_153    0.00%    passed     82.15%
  19  n299_154    0.00%    passed     88.71%
  20  n289_144    0.00%    passed     84.52%
  21  n200_83     0.00%    passed     53.47%
  22  n236_103    0.00%    passed     66.75%
  23  n277_132    0.00%    passed     30.05%
****  TOTAL       0.00%  0 sequences failed composition chi2 test (p-value<5%; df=3)

Create initial parsimony tree by phylogenetic likelihood library (PLL)... 0.001 seconds

NOTE: 0 MB RAM is required!
Estimate model parameters (epsilon = 0.100)
1. Initial log-likelihood: -4129.127
2. Current log-likelihood: -4062.916
3. Current log-likelihood: -4052.516
4. Current log-likelihood: -4050.871
5. Current log-likelihood: -4050.681
Optimal log-likelihood: -4050.652
Rate parameters:  A-C: 1.641  A-G: 1.922  A-T: 1.453  C-G: 1.376  C-T: 2.010  G-T: 1.000
Base frequencies:   A: 0.219  C: 0.272  G: 0.227  T: 0.282
Gamma shape alpha: 4.323
Parameters optimization took 5 rounds (0.056 sec)
--------------------------------------------------------------------
|             INITIALIZING CANDIDATE TREE SET                      |
--------------------------------------------------------------------
Computing ML distances based on estimated model parameters... 0.004 sec
Computing BIONJ tree...
0.000 seconds
Log-likelihood of BIONJ tree: -4050.793
Generating 98 parsimony trees... 0.108 seconds 3 distinct starting trees
Computing log-likelihood of 3 initial trees ... 0.003 seconds
Optimizing top 3 initial trees with NNI...
Iteration 1 / LogL: -4050.444 / Time: 0h:0m:0s
Estimate model parameters (epsilon = 0.100)
BETTER TREE FOUND at iteration 1: -4050.433
Iteration 2 / LogL: -4050.449 / Time: 0h:0m:0s
Iteration 3 / LogL: -4050.500 / Time: 0h:0m:0s
Average CPU time for 1 NNI search: 0.013
Finish initializing candidate tree set. Number of distinct locally optimal trees: 1
Current best tree score: -4050.433 / CPU time: 0.148
--------------------------------------------------------------------
|               OPTIMIZING CANDIDATE TREE SET                      |
--------------------------------------------------------------------
Iteration 10 / LogL: -4057.070 / Time: 0h:0m:0s
Iteration 20 / LogL: -4053.631 / Time: 0h:0m:0s (0h:0m:2s left)
Iteration 30 / LogL: -4055.182 / Time: 0h:0m:0s (0h:0m:2s left)
Iteration 40 / LogL: -4051.340 / Time: 0h:0m:1s (0h:0m:1s left)
Iteration 50 / LogL: -4050.727 / Time: 0h:0m:1s (0h:0m:1s left)
Iteration 60 / LogL: -4051.610 / Time: 0h:0m:1s (0h:0m:1s left)
Iteration 70 / LogL: -4051.075 / Time: 0h:0m:1s (0h:0m:0s left)
Iteration 80 / LogL: -4050.847 / Time: 0h:0m:2s (0h:0m:0s left)
Iteration 90 / LogL: -4054.794 / Time: 0h:0m:2s (0h:0m:0s left)
Iteration 100 / LogL: -4345.988 / Time: 0h:0m:2s (0h:0m:0s left)
TREE SEARCH COMPLETED AFTER 101 ITERATIONS / Time: 0h:0m:2s

--------------------------------------------------------------------
|                    FINALIZING TREE SEARCH                        |
--------------------------------------------------------------------
Performs final model parameters optimization
Estimate model parameters (epsilon = 0.010)
1. Initial log-likelihood: -4050.433
Optimal log-likelihood: -4050.432
Rate parameters:  A-C: 1.639  A-G: 1.907  A-T: 1.447  C-G: 1.372  C-T: 2.000  G-T: 1.000
Base frequencies:   A: 0.219  C: 0.272  G: 0.227  T: 0.282
Gamma shape alpha: 4.381
Parameters optimization took 1 rounds (0.008 sec)
BEST SCORE FOUND : -4050.432

Testing tree branches by SH-like aLRT with 1000 replicates...
CPU Time used:  0.108 sec.
Total tree length: 5.315

Total number of iterations: 101
CPU time used for tree search: 2.608 sec (0h:0m:2s)
Wall-clock time used for tree search: 2.611 sec (0h:0m:2s)
Total CPU time used: 2.796 sec (0h:0m:2s)
Total wall-clock time used: 2.804 sec (0h:0m:2s)

Analysis results written to: 
  IQ-TREE report:                ../simulations/data_D10T10L20I10T10//S/1011_pruned.fasta.iqtree
  Maximum-likelihood tree:       ../simulations/data_D10T10L20I10T10//S/1011_pruned.fasta.treefile
  Likelihood distances:          ../simulations/data_D10T10L20I10T10//S/1011_pruned.fasta.mldist
  Screen log file:               ../simulations/data_D10T10L20I10T10//S/1011_pruned.fasta.log

Date and Time: Mon Jun  4 00:32:11 2018
