IQ-TREE version 1.4.2 for Linux 64-bit built Apr 15 2016
Copyright (c) 2011-2015 Nguyen Lam Tung, Olga Chernomor, Arndt von Haeseler and Bui Quang Minh.

Host:    meduse (AVX2, FMA3, 7 GB RAM)
Command: iqtree -s ../simulations/data_D8T8L15I8T8//S/1017_pruned.fasta -m GTR+G -alrt 1000 -redo
Seed:    425352 (Using SPRNG - Scalable Parallel Random Number Generator)
Time:    Fri May 25 22:57:32 2018
Kernel:  AVX

NOTE: Consider using the multicore version because your CPU has 4 cores!

Reading alignment file ../simulations/data_D8T8L15I8T8//S/1017_pruned.fasta ... Fasta format detected
Alignment most likely contains DNA/RNA sequences
Alignment has 12 sequences with 300 columns and 59 patterns (29 informative sites)
         Gap/Ambiguity  Composition  p-value
   1  n297_52    0.00%    passed     98.77%
   2  n287_44    0.00%    passed     99.94%
   3  n296_51    0.00%    passed     96.14%
   4  n200_27    0.00%    passed     99.08%
   5  n295_50    0.00%    passed     97.29%
   6  n289_46    0.00%    passed     99.66%
   7  n236_31    0.00%    passed     99.96%
   8  n290_47    0.00%    passed     98.72%
   9  n293_48    0.00%    passed     97.59%
  10  n275_40    0.00%    passed     99.99%
  11  n294_49    0.00%    passed     96.87%
  12  n298_53    0.00%    passed     99.73%
****  TOTAL      0.00%  0 sequences failed composition chi2 test (p-value<5%; df=3)

Create initial parsimony tree by phylogenetic likelihood library (PLL)... 0.000 seconds

NOTE: 0 MB RAM is required!
Estimate model parameters (epsilon = 0.100)
1. Initial log-likelihood: -940.844
2. Current log-likelihood: -880.850
Optimal log-likelihood: -880.768
Rate parameters:  A-C: 1.670  A-G: 2.049  A-T: 2.509  C-G: 1.010  C-T: 1.831  G-T: 1.000
Base frequencies:   A: 0.223  C: 0.268  G: 0.282  T: 0.228
Gamma shape alpha: 1.395
Parameters optimization took 2 rounds (0.006 sec)
--------------------------------------------------------------------
|             INITIALIZING CANDIDATE TREE SET                      |
--------------------------------------------------------------------
Computing ML distances based on estimated model parameters... 0.000 sec
Computing BIONJ tree...
0.000 seconds
Log-likelihood of BIONJ tree: -880.762
Generating 98 parsimony trees... 0.028 seconds 18 distinct starting trees
Computing log-likelihood of 18 initial trees ... 0.012 seconds
Optimizing top 18 initial trees with NNI...
Iteration 1 / LogL: -878.832 / Time: 0h:0m:0s
Estimate model parameters (epsilon = 0.100)
BETTER SCORE FOUND at iteration 1: -878.817
Iteration 2 / LogL: -878.820 / Time: 0h:0m:0s
Iteration 3 / LogL: -878.820 / Time: 0h:0m:0s
Iteration 4 / LogL: -878.820 / Time: 0h:0m:0s
Iteration 5 / LogL: -878.820 / Time: 0h:0m:0s
Iteration 6 / LogL: -878.820 / Time: 0h:0m:0s
Iteration 7 / LogL: -878.820 / Time: 0h:0m:0s
Iteration 8 / LogL: -878.820 / Time: 0h:0m:0s
Iteration 9 / LogL: -878.820 / Time: 0h:0m:0s
Iteration 10 / LogL: -878.817 / Time: 0h:0m:0s
Iteration 11 / LogL: -880.754 / Time: 0h:0m:0s
Iteration 12 / LogL: -880.754 / Time: 0h:0m:0s
Iteration 13 / LogL: -880.754 / Time: 0h:0m:0s
Iteration 14 / LogL: -880.754 / Time: 0h:0m:0s
Iteration 15 / LogL: -880.754 / Time: 0h:0m:0s
Iteration 16 / LogL: -880.754 / Time: 0h:0m:0s
Iteration 17 / LogL: -878.817 / Time: 0h:0m:0s
Iteration 18 / LogL: -878.817 / Time: 0h:0m:0s
Average CPU time for 1 NNI search: 0.001
Finish initializing candidate tree set. Number of distinct locally optimal trees: 15
Current best tree score: -878.817 / CPU time: 0.060
--------------------------------------------------------------------
|               OPTIMIZING CANDIDATE TREE SET                      |
--------------------------------------------------------------------
Iteration 20 / LogL: -878.817 / Time: 0h:0m:0s (0h:0m:0s left)
Iteration 30 / LogL: -878.818 / Time: 0h:0m:0s (0h:0m:0s left)
Iteration 40 / LogL: -878.817 / Time: 0h:0m:0s (0h:0m:0s left)
Iteration 50 / LogL: -881.676 / Time: 0h:0m:0s (0h:0m:0s left)
Iteration 60 / LogL: -878.817 / Time: 0h:0m:0s (0h:0m:0s left)
Iteration 70 / LogL: -878.817 / Time: 0h:0m:0s (0h:0m:0s left)
Iteration 80 / LogL: -878.817 / Time: 0h:0m:0s (0h:0m:0s left)
Iteration 90 / LogL: -878.817 / Time: 0h:0m:0s (0h:0m:0s left)
Iteration 100 / LogL: -878.820 / Time: 0h:0m:0s (0h:0m:0s left)
TREE SEARCH COMPLETED AFTER 101 ITERATIONS / Time: 0h:0m:0s

--------------------------------------------------------------------
|                    FINALIZING TREE SEARCH                        |
--------------------------------------------------------------------
Performs final model parameters optimization
Estimate model parameters (epsilon = 0.010)
1. Initial log-likelihood: -878.817
Optimal log-likelihood: -878.815
Rate parameters:  A-C: 1.647  A-G: 1.978  A-T: 2.530  C-G: 1.012  C-T: 1.847  G-T: 1.000
Base frequencies:   A: 0.223  C: 0.268  G: 0.282  T: 0.228
Gamma shape alpha: 1.397
Parameters optimization took 1 rounds (0.001 sec)
BEST SCORE FOUND : -878.815

Testing tree branches by SH-like aLRT with 1000 replicates...
CPU Time used:  0.056 sec.
Total tree length: 0.318

Total number of iterations: 101
CPU time used for tree search: 0.356 sec (0h:0m:0s)
Wall-clock time used for tree search: 0.362 sec (0h:0m:0s)
Total CPU time used: 0.428 sec (0h:0m:0s)
Total wall-clock time used: 0.442 sec (0h:0m:0s)

Analysis results written to: 
  IQ-TREE report:                ../simulations/data_D8T8L15I8T8//S/1017_pruned.fasta.iqtree
  Maximum-likelihood tree:       ../simulations/data_D8T8L15I8T8//S/1017_pruned.fasta.treefile
  Likelihood distances:          ../simulations/data_D8T8L15I8T8//S/1017_pruned.fasta.mldist
  Screen log file:               ../simulations/data_D8T8L15I8T8//S/1017_pruned.fasta.log

Date and Time: Fri May 25 22:57:32 2018
