IQ-TREE version 1.4.2 for Linux 64-bit built Apr 15 2016
Copyright (c) 2011-2015 Nguyen Lam Tung, Olga Chernomor, Arndt von Haeseler and Bui Quang Minh.

Host:    meduse (AVX2, FMA3, 7 GB RAM)
Command: iqtree -s ../simulations/data_D10T10L20I10T10//S/101_pruned.fasta -m GTR+G -alrt 1000 -redo
Seed:    144057 (Using SPRNG - Scalable Parallel Random Number Generator)
Time:    Fri Jun  1 10:35:37 2018
Kernel:  AVX

NOTE: Consider using the multicore version because your CPU has 4 cores!

Reading alignment file ../simulations/data_D10T10L20I10T10//S/101_pruned.fasta ... Fasta format detected
Alignment most likely contains DNA/RNA sequences
Alignment has 26 sequences with 300 columns and 177 patterns (151 informative sites)
          Gap/Ambiguity  Composition  p-value
   1  n300_303    0.00%    passed     86.06%
   2  n289_292    0.00%    passed     81.07%
   3  n296_299    0.00%    passed     78.99%
   4  n292_295    0.00%    passed     90.02%
   5  n251_281    0.00%    passed     50.33%
   6  n236_280    0.00%    passed     69.60%
   7  n298_301    0.00%    passed     86.64%
   8  n297_300    0.00%    passed     84.97%
   9  n274_275    0.00%    passed     94.03%
  10  n255_256    0.00%    passed     49.50%
  11  n287_290    0.00%    passed     85.29%
  12  n285_288    0.00%    passed     82.52%
  13  n290_293    0.00%    passed     77.44%
  14  n278_279    0.00%    passed     80.70%
  15  n293_296    0.00%    passed     89.37%
  16  n299_302    0.00%    passed     90.33%
  17  n244_245    0.00%    passed     62.42%
  18  n280_283    0.00%    passed     93.49%
  19  n286_289    0.00%    passed     82.52%
  20  n266_267    0.00%    passed     94.03%
  21  n295_298    0.00%    passed     81.21%
  22  n294_297    0.00%    passed     86.77%
  23  n200_201    0.00%    passed     97.47%
  24  n265_266    0.00%    passed     77.45%
  25  n277_278    0.00%    passed     81.82%
  26  n275_276    0.00%    passed     93.85%
****  TOTAL       0.00%  0 sequences failed composition chi2 test (p-value<5%; df=3)

Create initial parsimony tree by phylogenetic likelihood library (PLL)... 0.001 seconds

NOTE: 0 MB RAM is required!
Estimate model parameters (epsilon = 0.100)
1. Initial log-likelihood: -2069.811
2. Current log-likelihood: -2028.429
3. Current log-likelihood: -2028.148
Optimal log-likelihood: -2028.146
Rate parameters:  A-C: 1.442  A-G: 1.323  A-T: 1.413  C-G: 1.133  C-T: 1.347  G-T: 1.000
Base frequencies:   A: 0.237  C: 0.280  G: 0.255  T: 0.228
Gamma shape alpha: 9.620
Parameters optimization took 3 rounds (0.019 sec)
--------------------------------------------------------------------
|             INITIALIZING CANDIDATE TREE SET                      |
--------------------------------------------------------------------
Computing ML distances based on estimated model parameters... 0.000 sec
Computing BIONJ tree...
0.000 seconds
Log-likelihood of BIONJ tree: -2029.612
Generating 98 parsimony trees... 0.095 seconds 10 distinct starting trees
Computing log-likelihood of 10 initial trees ... 0.015 seconds
Optimizing top 10 initial trees with NNI...
Iteration 1 / LogL: -2028.146 / Time: 0h:0m:0s
Estimate model parameters (epsilon = 0.100)
BETTER SCORE FOUND at iteration 1: -2028.144
Iteration 2 / LogL: -2028.151 / Time: 0h:0m:0s
Iteration 3 / LogL: -2028.151 / Time: 0h:0m:0s
Iteration 4 / LogL: -2028.151 / Time: 0h:0m:0s
Iteration 5 / LogL: -2028.151 / Time: 0h:0m:0s
Iteration 6 / LogL: -2028.151 / Time: 0h:0m:0s
Iteration 7 / LogL: -2028.151 / Time: 0h:0m:0s
Iteration 8 / LogL: -2028.151 / Time: 0h:0m:0s
Iteration 9 / LogL: -2028.151 / Time: 0h:0m:0s
Iteration 10 / LogL: -2028.147 / Time: 0h:0m:0s
Average CPU time for 1 NNI search: 0.005
Finish initializing candidate tree set. Number of distinct locally optimal trees: 9
Current best tree score: -2028.144 / CPU time: 0.156
--------------------------------------------------------------------
|               OPTIMIZING CANDIDATE TREE SET                      |
--------------------------------------------------------------------
Iteration 20 / LogL: -2028.150 / Time: 0h:0m:0s (0h:0m:1s left)
Iteration 30 / LogL: -2028.145 / Time: 0h:0m:0s (0h:0m:1s left)
Iteration 40 / LogL: -2028.238 / Time: 0h:0m:0s (0h:0m:0s left)
Iteration 50 / LogL: -2028.249 / Time: 0h:0m:0s (0h:0m:0s left)
Iteration 60 / LogL: -2028.146 / Time: 0h:0m:0s (0h:0m:0s left)
Iteration 70 / LogL: -2028.144 / Time: 0h:0m:0s (0h:0m:0s left)
Iteration 80 / LogL: -2046.122 / Time: 0h:0m:1s (0h:0m:0s left)
Iteration 90 / LogL: -2028.191 / Time: 0h:0m:1s (0h:0m:0s left)
Iteration 100 / LogL: -2042.993 / Time: 0h:0m:1s (0h:0m:0s left)
TREE SEARCH COMPLETED AFTER 101 ITERATIONS / Time: 0h:0m:1s

--------------------------------------------------------------------
|                    FINALIZING TREE SEARCH                        |
--------------------------------------------------------------------
Performs final model parameters optimization
Estimate model parameters (epsilon = 0.010)
1. Initial log-likelihood: -2028.144
Optimal log-likelihood: -2028.143
Rate parameters:  A-C: 1.448  A-G: 1.329  A-T: 1.419  C-G: 1.139  C-T: 1.353  G-T: 1.000
Base frequencies:   A: 0.237  C: 0.280  G: 0.255  T: 0.228
Gamma shape alpha: 9.620
Parameters optimization took 1 rounds (0.004 sec)
BEST SCORE FOUND : -2028.143

Testing tree branches by SH-like aLRT with 1000 replicates...
CPU Time used:  0.104 sec.
Total tree length: 1.182

Total number of iterations: 101
CPU time used for tree search: 1.376 sec (0h:0m:1s)
Wall-clock time used for tree search: 1.377 sec (0h:0m:1s)
Total CPU time used: 1.516 sec (0h:0m:1s)
Total wall-clock time used: 1.515 sec (0h:0m:1s)

Analysis results written to: 
  IQ-TREE report:                ../simulations/data_D10T10L20I10T10//S/101_pruned.fasta.iqtree
  Maximum-likelihood tree:       ../simulations/data_D10T10L20I10T10//S/101_pruned.fasta.treefile
  Likelihood distances:          ../simulations/data_D10T10L20I10T10//S/101_pruned.fasta.mldist
  Screen log file:               ../simulations/data_D10T10L20I10T10//S/101_pruned.fasta.log

Date and Time: Fri Jun  1 10:35:38 2018
