IQ-TREE version 1.4.2 for Linux 64-bit built Apr 15 2016
Copyright (c) 2011-2015 Nguyen Lam Tung, Olga Chernomor, Arndt von Haeseler and Bui Quang Minh.

Host:    meduse (AVX2, FMA3, 7 GB RAM)
Command: iqtree -s ../simulations/data_D10T10L20I10T10//S/1033_pruned.fasta -m GTR+G -alrt 1000 -redo
Seed:    699903 (Using SPRNG - Scalable Parallel Random Number Generator)
Time:    Sun Jun  3 20:46:06 2018
Kernel:  AVX

NOTE: Consider using the multicore version because your CPU has 4 cores!

Reading alignment file ../simulations/data_D10T10L20I10T10//S/1033_pruned.fasta ... Fasta format detected
Alignment most likely contains DNA/RNA sequences
Alignment has 7 sequences with 300 columns and 62 patterns (63 informative sites)
         Gap/Ambiguity  Composition  p-value
   1  n292_35    0.00%    passed     93.51%
   2  n274_27    0.00%    passed     99.18%
   3  n299_36    0.00%    passed     96.56%
   4  n278_29    0.00%    passed     84.96%
   5  n277_28    0.00%    passed     97.72%
   6  n280_31    0.00%    passed     97.22%
   7  n300_37    0.00%    passed     96.56%
****  TOTAL      0.00%  0 sequences failed composition chi2 test (p-value<5%; df=3)
NOTE: 1 identical sequences (see below) will be ignored for subsequent analysis
NOTE: n300_37 (identical to n299_36) is ignored but added at the end

Create initial parsimony tree by phylogenetic likelihood library (PLL)... 0.000 seconds

NOTE: 0 MB RAM is required!
Estimate model parameters (epsilon = 0.100)
1. Initial log-likelihood: -976.661
2. Current log-likelihood: -946.280
3. Current log-likelihood: -946.153
Optimal log-likelihood: -946.127
Rate parameters:  A-C: 0.669  A-G: 1.378  A-T: 1.110  C-G: 0.906  C-T: 0.825  G-T: 1.000
Base frequencies:   A: 0.251  C: 0.308  G: 0.186  T: 0.254
Gamma shape alpha: 2.373
Parameters optimization took 3 rounds (0.003 sec)
--------------------------------------------------------------------
|             INITIALIZING CANDIDATE TREE SET                      |
--------------------------------------------------------------------
Computing ML distances based on estimated model parameters... 0.000 sec
Computing BIONJ tree...
0.000 seconds
Log-likelihood of BIONJ tree: -946.127
Generating 99 parsimony trees... 0.006 seconds 1 distinct starting trees
Computing log-likelihood of 1 initial trees ... 0.000 seconds
Optimizing top 1 initial trees with NNI...
Iteration 1 / LogL: -946.127 / Time: 0h:0m:0s
Estimate model parameters (epsilon = 0.100)
BETTER SCORE FOUND at iteration 1: -946.110
Average CPU time for 1 NNI search: 0.004
Finish initializing candidate tree set. Number of distinct locally optimal trees: 1
Current best tree score: -946.110 / CPU time: 0.008
--------------------------------------------------------------------
|               OPTIMIZING CANDIDATE TREE SET                      |
--------------------------------------------------------------------
Iteration 10 / LogL: -946.112 / Time: 0h:0m:0s
Iteration 20 / LogL: -946.110 / Time: 0h:0m:0s (0h:0m:0s left)
Iteration 30 / LogL: -946.110 / Time: 0h:0m:0s (0h:0m:0s left)
Iteration 40 / LogL: -946.110 / Time: 0h:0m:0s (0h:0m:0s left)
Iteration 50 / LogL: -946.112 / Time: 0h:0m:0s (0h:0m:0s left)
Iteration 60 / LogL: -946.110 / Time: 0h:0m:0s (0h:0m:0s left)
Iteration 70 / LogL: -946.110 / Time: 0h:0m:0s (0h:0m:0s left)
Iteration 80 / LogL: -946.110 / Time: 0h:0m:0s (0h:0m:0s left)
Iteration 90 / LogL: -946.110 / Time: 0h:0m:0s (0h:0m:0s left)
Iteration 100 / LogL: -946.110 / Time: 0h:0m:0s (0h:0m:0s left)
TREE SEARCH COMPLETED AFTER 101 ITERATIONS / Time: 0h:0m:0s

--------------------------------------------------------------------
|                    FINALIZING TREE SEARCH                        |
--------------------------------------------------------------------
Performs final model parameters optimization
Estimate model parameters (epsilon = 0.010)
1. Initial log-likelihood: -946.110
2. Current log-likelihood: -946.099
Optimal log-likelihood: -946.097
Rate parameters:  A-C: 0.694  A-G: 1.316  A-T: 1.063  C-G: 0.867  C-T: 0.781  G-T: 1.000
Base frequencies:   A: 0.251  C: 0.308  G: 0.186  T: 0.254
Gamma shape alpha: 2.442
Parameters optimization took 2 rounds (0.001 sec)
BEST SCORE FOUND : -946.097

Testing tree branches by SH-like aLRT with 1000 replicates...
CPU Time used:  0.012 sec.
Total tree length: 0.441

Total number of iterations: 101
CPU time used for tree search: 0.084 sec (0h:0m:0s)
Wall-clock time used for tree search: 0.087 sec (0h:0m:0s)
Total CPU time used: 0.108 sec (0h:0m:0s)
Total wall-clock time used: 0.114 sec (0h:0m:0s)

Analysis results written to: 
  IQ-TREE report:                ../simulations/data_D10T10L20I10T10//S/1033_pruned.fasta.iqtree
  Maximum-likelihood tree:       ../simulations/data_D10T10L20I10T10//S/1033_pruned.fasta.treefile
  Likelihood distances:          ../simulations/data_D10T10L20I10T10//S/1033_pruned.fasta.mldist
  Screen log file:               ../simulations/data_D10T10L20I10T10//S/1033_pruned.fasta.log

Date and Time: Sun Jun  3 20:46:06 2018
