IQ-TREE version 1.4.2 for Linux 64-bit built Apr 15 2016
Copyright (c) 2011-2015 Nguyen Lam Tung, Olga Chernomor, Arndt von Haeseler and Bui Quang Minh.

Host:    meduse (AVX2, FMA3, 7 GB RAM)
Command: iqtree -s ../simulations/data_D10T10L20I10T10//S/1037_pruned.fasta -m GTR+G -alrt 1000 -redo
Seed:    115795 (Using SPRNG - Scalable Parallel Random Number Generator)
Time:    Sun Jun  3 21:21:40 2018
Kernel:  AVX

NOTE: Consider using the multicore version because your CPU has 4 cores!

Reading alignment file ../simulations/data_D10T10L20I10T10//S/1037_pruned.fasta ... Fasta format detected
Alignment most likely contains DNA/RNA sequences
Alignment has 7 sequences with 300 columns and 72 patterns (55 informative sites)
         Gap/Ambiguity  Composition  p-value
   1  n292_35    0.00%    passed     97.01%
   2  n274_27    0.00%    passed     98.04%
   3  n299_36    0.00%    passed     99.81%
   4  n278_29    0.00%    passed     92.77%
   5  n277_28    0.00%    passed     96.70%
   6  n280_31    0.00%    passed     87.57%
   7  n300_37    0.00%    passed     98.29%
****  TOTAL      0.00%  0 sequences failed composition chi2 test (p-value<5%; df=3)

Create initial parsimony tree by phylogenetic likelihood library (PLL)... 0.000 seconds

NOTE: 0 MB RAM is required!
Estimate model parameters (epsilon = 0.100)
1. Initial log-likelihood: -1039.020
2. Current log-likelihood: -980.847
3. Current log-likelihood: -980.646
Optimal log-likelihood: -980.641
Rate parameters:  A-C: 1.169  A-G: 1.324  A-T: 1.181  C-G: 1.186  C-T: 1.008  G-T: 1.000
Base frequencies:   A: 0.237  C: 0.264  G: 0.258  T: 0.241
Gamma shape alpha: 3.265
Parameters optimization took 3 rounds (0.004 sec)
--------------------------------------------------------------------
|             INITIALIZING CANDIDATE TREE SET                      |
--------------------------------------------------------------------
Computing ML distances based on estimated model parameters... 0.000 sec
Computing BIONJ tree...
0.000 seconds
Log-likelihood of BIONJ tree: -980.641
Generating 99 parsimony trees... 0.011 seconds 3 distinct starting trees
Computing log-likelihood of 3 initial trees ... 0.001 seconds
Optimizing top 3 initial trees with NNI...
Iteration 1 / LogL: -980.320 / Time: 0h:0m:0s
Estimate model parameters (epsilon = 0.100)
BETTER SCORE FOUND at iteration 1: -980.258
Iteration 2 / LogL: -980.258 / Time: 0h:0m:0s
Iteration 3 / LogL: -980.258 / Time: 0h:0m:0s
Average CPU time for 1 NNI search: 0.001
Finish initializing candidate tree set. Number of distinct locally optimal trees: 1
Current best tree score: -980.258 / CPU time: 0.012
--------------------------------------------------------------------
|               OPTIMIZING CANDIDATE TREE SET                      |
--------------------------------------------------------------------
Iteration 10 / LogL: -1218.438 / Time: 0h:0m:0s
Iteration 20 / LogL: -980.258 / Time: 0h:0m:0s (0h:0m:0s left)
Iteration 30 / LogL: -980.258 / Time: 0h:0m:0s (0h:0m:0s left)
Iteration 40 / LogL: -980.258 / Time: 0h:0m:0s (0h:0m:0s left)
Iteration 50 / LogL: -980.268 / Time: 0h:0m:0s (0h:0m:0s left)
Iteration 60 / LogL: -980.259 / Time: 0h:0m:0s (0h:0m:0s left)
Iteration 70 / LogL: -980.259 / Time: 0h:0m:0s (0h:0m:0s left)
Iteration 80 / LogL: -980.258 / Time: 0h:0m:0s (0h:0m:0s left)
WARNING: NNI search needs unusual large number of steps (7) to converge!
Iteration 90 / LogL: -980.258 / Time: 0h:0m:0s (0h:0m:0s left)
Iteration 100 / LogL: -980.266 / Time: 0h:0m:0s (0h:0m:0s left)
TREE SEARCH COMPLETED AFTER 101 ITERATIONS / Time: 0h:0m:0s

--------------------------------------------------------------------
|                    FINALIZING TREE SEARCH                        |
--------------------------------------------------------------------
Performs final model parameters optimization
Estimate model parameters (epsilon = 0.010)
1. Initial log-likelihood: -980.258
Optimal log-likelihood: -980.254
Rate parameters:  A-C: 1.131  A-G: 1.362  A-T: 1.102  C-G: 1.163  C-T: 0.994  G-T: 1.000
Base frequencies:   A: 0.237  C: 0.264  G: 0.258  T: 0.241
Gamma shape alpha: 3.021
Parameters optimization took 1 rounds (0.001 sec)
BEST SCORE FOUND : -980.254

Testing tree branches by SH-like aLRT with 1000 replicates...
CPU Time used:  0.020 sec.
Total tree length: 0.444

Total number of iterations: 101
CPU time used for tree search: 0.184 sec (0h:0m:0s)
Wall-clock time used for tree search: 0.191 sec (0h:0m:0s)
Total CPU time used: 0.224 sec (0h:0m:0s)
Total wall-clock time used: 0.228 sec (0h:0m:0s)

Analysis results written to: 
  IQ-TREE report:                ../simulations/data_D10T10L20I10T10//S/1037_pruned.fasta.iqtree
  Maximum-likelihood tree:       ../simulations/data_D10T10L20I10T10//S/1037_pruned.fasta.treefile
  Likelihood distances:          ../simulations/data_D10T10L20I10T10//S/1037_pruned.fasta.mldist
  Screen log file:               ../simulations/data_D10T10L20I10T10//S/1037_pruned.fasta.log

Date and Time: Sun Jun  3 21:21:40 2018
