IQ-TREE version 1.4.2 for Linux 64-bit built Apr 15 2016
Copyright (c) 2011-2015 Nguyen Lam Tung, Olga Chernomor, Arndt von Haeseler and Bui Quang Minh.

Host:    meduse (AVX2, FMA3, 7 GB RAM)
Command: iqtree -s ../simulations/data_D10T10L20I10T10//S/1046_pruned.fasta -m GTR+G -alrt 1000 -redo
Seed:    441062 (Using SPRNG - Scalable Parallel Random Number Generator)
Time:    Mon Jun  4 00:42:57 2018
Kernel:  AVX

NOTE: Consider using the multicore version because your CPU has 4 cores!

Reading alignment file ../simulations/data_D10T10L20I10T10//S/1046_pruned.fasta ... Fasta format detected
Alignment most likely contains DNA/RNA sequences
Alignment has 12 sequences with 300 columns and 187 patterns (130 informative sites)
         Gap/Ambiguity  Composition  p-value
   1  n294_49    0.00%    passed     81.32%
   2  n290_47    0.00%    passed     92.38%
   3  n275_40    0.00%    passed     94.11%
   4  n287_44    0.00%    passed     76.71%
   5  n200_27    0.00%    passed     55.63%
   6  n298_53    0.00%    passed     74.30%
   7  n293_48    0.00%    passed     77.25%
   8  n236_31    0.00%    passed     99.49%
   9  n289_46    0.00%    passed     64.22%
  10  n295_50    0.00%    passed     62.25%
  11  n297_52    0.00%    passed     48.72%
  12  n296_51    0.00%    passed     51.85%
****  TOTAL      0.00%  0 sequences failed composition chi2 test (p-value<5%; df=3)

Create initial parsimony tree by phylogenetic likelihood library (PLL)... 0.000 seconds

NOTE: 0 MB RAM is required!
Estimate model parameters (epsilon = 0.100)
1. Initial log-likelihood: -2102.549
2. Current log-likelihood: -2019.772
3. Current log-likelihood: -2014.889
4. Current log-likelihood: -2014.275
Optimal log-likelihood: -2014.196
Rate parameters:  A-C: 0.975  A-G: 1.333  A-T: 0.822  C-G: 0.948  C-T: 1.018  G-T: 1.000
Base frequencies:   A: 0.227  C: 0.274  G: 0.261  T: 0.237
Gamma shape alpha: 7.366
Parameters optimization took 4 rounds (0.014 sec)
--------------------------------------------------------------------
|             INITIALIZING CANDIDATE TREE SET                      |
--------------------------------------------------------------------
Computing ML distances based on estimated model parameters... 0.004 sec
Computing BIONJ tree...
0.000 seconds
Log-likelihood of BIONJ tree: -2014.419
Generating 98 parsimony trees... 0.030 seconds 2 distinct starting trees
Computing log-likelihood of 2 initial trees ... 0.000 seconds
Optimizing top 2 initial trees with NNI...
Iteration 1 / LogL: -2014.196 / Time: 0h:0m:0s
Estimate model parameters (epsilon = 0.100)
BETTER SCORE FOUND at iteration 1: -2014.180
Iteration 2 / LogL: -2014.180 / Time: 0h:0m:0s
Average CPU time for 1 NNI search: 0.002
Finish initializing candidate tree set. Number of distinct locally optimal trees: 1
Current best tree score: -2014.180 / CPU time: 0.036
--------------------------------------------------------------------
|               OPTIMIZING CANDIDATE TREE SET                      |
--------------------------------------------------------------------
Iteration 10 / LogL: -2117.491 / Time: 0h:0m:0s
Iteration 20 / LogL: -2014.238 / Time: 0h:0m:0s (0h:0m:0s left)
Iteration 30 / LogL: -2014.397 / Time: 0h:0m:0s (0h:0m:0s left)
Iteration 40 / LogL: -2103.222 / Time: 0h:0m:0s (0h:0m:0s left)
Iteration 50 / LogL: -2037.752 / Time: 0h:0m:0s (0h:0m:0s left)
Iteration 60 / LogL: -2037.722 / Time: 0h:0m:0s (0h:0m:0s left)
Iteration 70 / LogL: -2014.340 / Time: 0h:0m:0s (0h:0m:0s left)
Iteration 80 / LogL: -2014.182 / Time: 0h:0m:0s (0h:0m:0s left)
Iteration 90 / LogL: -2014.971 / Time: 0h:0m:0s (0h:0m:0s left)
Iteration 100 / LogL: -2032.776 / Time: 0h:0m:0s (0h:0m:0s left)
TREE SEARCH COMPLETED AFTER 101 ITERATIONS / Time: 0h:0m:0s

--------------------------------------------------------------------
|                    FINALIZING TREE SEARCH                        |
--------------------------------------------------------------------
Performs final model parameters optimization
Estimate model parameters (epsilon = 0.010)
1. Initial log-likelihood: -2014.180
Optimal log-likelihood: -2014.171
Rate parameters:  A-C: 0.958  A-G: 1.307  A-T: 0.807  C-G: 0.928  C-T: 1.002  G-T: 1.000
Base frequencies:   A: 0.227  C: 0.274  G: 0.261  T: 0.237
Gamma shape alpha: 7.586
Parameters optimization took 1 rounds (0.002 sec)
BEST SCORE FOUND : -2014.171

Testing tree branches by SH-like aLRT with 1000 replicates...
CPU Time used:  0.048 sec.
Total tree length: 1.774

Total number of iterations: 101
CPU time used for tree search: 0.708 sec (0h:0m:0s)
Wall-clock time used for tree search: 0.710 sec (0h:0m:0s)
Total CPU time used: 0.780 sec (0h:0m:0s)
Total wall-clock time used: 0.785 sec (0h:0m:0s)

Analysis results written to: 
  IQ-TREE report:                ../simulations/data_D10T10L20I10T10//S/1046_pruned.fasta.iqtree
  Maximum-likelihood tree:       ../simulations/data_D10T10L20I10T10//S/1046_pruned.fasta.treefile
  Likelihood distances:          ../simulations/data_D10T10L20I10T10//S/1046_pruned.fasta.mldist
  Screen log file:               ../simulations/data_D10T10L20I10T10//S/1046_pruned.fasta.log

Date and Time: Mon Jun  4 00:42:58 2018
