IQ-TREE version 1.4.2 for Linux 64-bit built Apr 15 2016
Copyright (c) 2011-2015 Nguyen Lam Tung, Olga Chernomor, Arndt von Haeseler and Bui Quang Minh.

Host:    meduse (AVX2, FMA3, 7 GB RAM)
Command: iqtree -s ../simulations/data_D10T10L20I10T10//S/1049_pruned.fasta -m GTR+G -alrt 1000 -redo
Seed:    338699 (Using SPRNG - Scalable Parallel Random Number Generator)
Time:    Mon Jun  4 00:50:25 2018
Kernel:  AVX

NOTE: Consider using the multicore version because your CPU has 4 cores!

Reading alignment file ../simulations/data_D10T10L20I10T10//S/1049_pruned.fasta ... Fasta format detected
Alignment most likely contains DNA/RNA sequences
Alignment has 12 sequences with 300 columns and 182 patterns (137 informative sites)
         Gap/Ambiguity  Composition  p-value
   1  n294_49    0.00%    passed     96.83%
   2  n290_47    0.00%    passed     94.33%
   3  n275_40    0.00%    passed     91.40%
   4  n287_44    0.00%    passed     97.58%
   5  n200_27    0.00%    passed     29.32%
   6  n298_53    0.00%    passed     98.40%
   7  n293_48    0.00%    passed     99.74%
   8  n236_31    0.00%    passed     75.31%
   9  n289_46    0.00%    passed     96.37%
  10  n295_50    0.00%    passed     93.22%
  11  n297_52    0.00%    passed     99.75%
  12  n296_51    0.00%    passed     99.21%
****  TOTAL      0.00%  0 sequences failed composition chi2 test (p-value<5%; df=3)

Create initial parsimony tree by phylogenetic likelihood library (PLL)... 0.000 seconds

NOTE: 0 MB RAM is required!
Estimate model parameters (epsilon = 0.100)
1. Initial log-likelihood: -2126.496
2. Current log-likelihood: -2039.216
3. Current log-likelihood: -2032.946
4. Current log-likelihood: -2032.391
Optimal log-likelihood: -2032.345
Rate parameters:  A-C: 1.029  A-G: 1.328  A-T: 1.040  C-G: 0.931  C-T: 1.240  G-T: 1.000
Base frequencies:   A: 0.217  C: 0.282  G: 0.250  T: 0.251
Gamma shape alpha: 13.767
Parameters optimization took 4 rounds (0.015 sec)
--------------------------------------------------------------------
|             INITIALIZING CANDIDATE TREE SET                      |
--------------------------------------------------------------------
Computing ML distances based on estimated model parameters... 0.000 sec
Computing BIONJ tree...
0.000 seconds
Log-likelihood of BIONJ tree: -2032.345
Generating 99 parsimony trees... 0.030 seconds 2 distinct starting trees
Computing log-likelihood of 2 initial trees ... 0.001 seconds
Optimizing top 2 initial trees with NNI...
Iteration 1 / LogL: -2032.345 / Time: 0h:0m:0s
Estimate model parameters (epsilon = 0.100)
BETTER SCORE FOUND at iteration 1: -2032.335
Iteration 2 / LogL: -2032.337 / Time: 0h:0m:0s
Average CPU time for 1 NNI search: 0.004
Finish initializing candidate tree set. Number of distinct locally optimal trees: 1
Current best tree score: -2032.335 / CPU time: 0.040
--------------------------------------------------------------------
|               OPTIMIZING CANDIDATE TREE SET                      |
--------------------------------------------------------------------
Iteration 10 / LogL: -2032.345 / Time: 0h:0m:0s
Iteration 20 / LogL: -2032.557 / Time: 0h:0m:0s (0h:0m:0s left)
Iteration 30 / LogL: -2033.522 / Time: 0h:0m:0s (0h:0m:0s left)
Iteration 40 / LogL: -2032.457 / Time: 0h:0m:0s (0h:0m:0s left)
Iteration 50 / LogL: -2032.390 / Time: 0h:0m:0s (0h:0m:0s left)
Iteration 60 / LogL: -2032.338 / Time: 0h:0m:0s (0h:0m:0s left)
Iteration 70 / LogL: -2032.482 / Time: 0h:0m:0s (0h:0m:0s left)
Iteration 80 / LogL: -2033.680 / Time: 0h:0m:0s (0h:0m:0s left)
Iteration 90 / LogL: -2032.480 / Time: 0h:0m:0s (0h:0m:0s left)
Iteration 100 / LogL: -2032.345 / Time: 0h:0m:0s (0h:0m:0s left)
TREE SEARCH COMPLETED AFTER 101 ITERATIONS / Time: 0h:0m:0s

--------------------------------------------------------------------
|                    FINALIZING TREE SEARCH                        |
--------------------------------------------------------------------
Performs final model parameters optimization
Estimate model parameters (epsilon = 0.010)
1. Initial log-likelihood: -2032.335
Optimal log-likelihood: -2032.329
Rate parameters:  A-C: 1.043  A-G: 1.347  A-T: 1.054  C-G: 0.947  C-T: 1.255  G-T: 1.000
Base frequencies:   A: 0.217  C: 0.282  G: 0.250  T: 0.251
Gamma shape alpha: 14.031
Parameters optimization took 1 rounds (0.002 sec)
BEST SCORE FOUND : -2032.329

Testing tree branches by SH-like aLRT with 1000 replicates...
CPU Time used:  0.044 sec.
Total tree length: 1.746

Total number of iterations: 101
CPU time used for tree search: 0.696 sec (0h:0m:0s)
Wall-clock time used for tree search: 0.697 sec (0h:0m:0s)
Total CPU time used: 0.764 sec (0h:0m:0s)
Total wall-clock time used: 0.768 sec (0h:0m:0s)

Analysis results written to: 
  IQ-TREE report:                ../simulations/data_D10T10L20I10T10//S/1049_pruned.fasta.iqtree
  Maximum-likelihood tree:       ../simulations/data_D10T10L20I10T10//S/1049_pruned.fasta.treefile
  Likelihood distances:          ../simulations/data_D10T10L20I10T10//S/1049_pruned.fasta.mldist
  Screen log file:               ../simulations/data_D10T10L20I10T10//S/1049_pruned.fasta.log

Date and Time: Mon Jun  4 00:50:26 2018
