IQ-TREE version 1.4.2 for Linux 64-bit built Apr 15 2016
Copyright (c) 2011-2015 Nguyen Lam Tung, Olga Chernomor, Arndt von Haeseler and Bui Quang Minh.

Host:    meduse (AVX2, FMA3, 7 GB RAM)
Command: iqtree -s ../simulations/data_D10T10L20I10T10//S/1052_pruned.fasta -m GTR+G -alrt 1000 -redo
Seed:    14154 (Using SPRNG - Scalable Parallel Random Number Generator)
Time:    Mon Jun  4 00:33:53 2018
Kernel:  AVX

NOTE: Consider using the multicore version because your CPU has 4 cores!

Reading alignment file ../simulations/data_D10T10L20I10T10//S/1052_pruned.fasta ... Fasta format detected
Alignment most likely contains DNA/RNA sequences
Alignment has 7 sequences with 300 columns and 75 patterns (82 informative sites)
         Gap/Ambiguity  Composition  p-value
   1  n292_33    0.00%    passed     94.19%
   2  n277_26    0.00%    passed     75.39%
   3  n278_27    0.00%    passed     84.87%
   4  n300_35    0.00%    passed     90.75%
   5  n274_25    0.00%    passed     96.59%
   6  n299_34    0.00%    passed     91.86%
   7  n280_29    0.00%    passed     96.47%
****  TOTAL      0.00%  0 sequences failed composition chi2 test (p-value<5%; df=3)

Create initial parsimony tree by phylogenetic likelihood library (PLL)... 0.000 seconds

NOTE: 0 MB RAM is required!
Estimate model parameters (epsilon = 0.100)
1. Initial log-likelihood: -1118.698
2. Current log-likelihood: -1074.374
3. Current log-likelihood: -1073.342
Optimal log-likelihood: -1073.241
Rate parameters:  A-C: 1.897  A-G: 2.248  A-T: 1.226  C-G: 1.779  C-T: 3.151  G-T: 1.000
Base frequencies:   A: 0.212  C: 0.292  G: 0.262  T: 0.234
Gamma shape alpha: 998.759
Parameters optimization took 3 rounds (0.003 sec)
--------------------------------------------------------------------
|             INITIALIZING CANDIDATE TREE SET                      |
--------------------------------------------------------------------
Computing ML distances based on estimated model parameters... 0.000 sec
Computing BIONJ tree...
0.000 seconds
Log-likelihood of BIONJ tree: -1073.241
Generating 99 parsimony trees... 0.010 seconds 1 distinct starting trees
Computing log-likelihood of 1 initial trees ... 0.000 seconds
Optimizing top 1 initial trees with NNI...
Iteration 1 / LogL: -1073.241 / Time: 0h:0m:0s
Estimate model parameters (epsilon = 0.100)
BETTER SCORE FOUND at iteration 1: -1073.238
Average CPU time for 1 NNI search: 0.004
Finish initializing candidate tree set. Number of distinct locally optimal trees: 1
Current best tree score: -1073.238 / CPU time: 0.012
--------------------------------------------------------------------
|               OPTIMIZING CANDIDATE TREE SET                      |
--------------------------------------------------------------------
Iteration 10 / LogL: -1073.249 / Time: 0h:0m:0s
Iteration 20 / LogL: -1073.246 / Time: 0h:0m:0s (0h:0m:0s left)
Iteration 30 / LogL: -1073.246 / Time: 0h:0m:0s (0h:0m:0s left)
Iteration 40 / LogL: -1073.238 / Time: 0h:0m:0s (0h:0m:0s left)
Iteration 50 / LogL: -1073.246 / Time: 0h:0m:0s (0h:0m:0s left)
Iteration 60 / LogL: -1073.239 / Time: 0h:0m:0s (0h:0m:0s left)
Iteration 70 / LogL: -1452.927 / Time: 0h:0m:0s (0h:0m:0s left)
Iteration 80 / LogL: -1453.618 / Time: 0h:0m:0s (0h:0m:0s left)
Iteration 90 / LogL: -1452.927 / Time: 0h:0m:0s (0h:0m:0s left)
Iteration 100 / LogL: -1073.246 / Time: 0h:0m:0s (0h:0m:0s left)
TREE SEARCH COMPLETED AFTER 101 ITERATIONS / Time: 0h:0m:0s

--------------------------------------------------------------------
|                    FINALIZING TREE SEARCH                        |
--------------------------------------------------------------------
Performs final model parameters optimization
Estimate model parameters (epsilon = 0.010)
1. Initial log-likelihood: -1073.238
Optimal log-likelihood: -1073.236
Rate parameters:  A-C: 1.917  A-G: 2.277  A-T: 1.242  C-G: 1.795  C-T: 3.178  G-T: 1.000
Base frequencies:   A: 0.212  C: 0.292  G: 0.262  T: 0.234
Gamma shape alpha: 998.759
Parameters optimization took 1 rounds (0.001 sec)
BEST SCORE FOUND : -1073.236

Testing tree branches by SH-like aLRT with 1000 replicates...
CPU Time used:  0.016 sec.
Total tree length: 0.595

Total number of iterations: 101
CPU time used for tree search: 0.168 sec (0h:0m:0s)
Wall-clock time used for tree search: 0.170 sec (0h:0m:0s)
Total CPU time used: 0.200 sec (0h:0m:0s)
Total wall-clock time used: 0.200 sec (0h:0m:0s)

Analysis results written to: 
  IQ-TREE report:                ../simulations/data_D10T10L20I10T10//S/1052_pruned.fasta.iqtree
  Maximum-likelihood tree:       ../simulations/data_D10T10L20I10T10//S/1052_pruned.fasta.treefile
  Likelihood distances:          ../simulations/data_D10T10L20I10T10//S/1052_pruned.fasta.mldist
  Screen log file:               ../simulations/data_D10T10L20I10T10//S/1052_pruned.fasta.log

Date and Time: Mon Jun  4 00:33:53 2018
