IQ-TREE version 1.4.2 for Linux 64-bit built Apr 15 2016
Copyright (c) 2011-2015 Nguyen Lam Tung, Olga Chernomor, Arndt von Haeseler and Bui Quang Minh.

Host:    meduse (AVX2, FMA3, 7 GB RAM)
Command: iqtree -s ../simulations/data_D10T10L20I10T10//S/1056_pruned.fasta -m GTR+G -alrt 1000 -redo
Seed:    973121 (Using SPRNG - Scalable Parallel Random Number Generator)
Time:    Fri Jun  1 10:40:04 2018
Kernel:  AVX

NOTE: Consider using the multicore version because your CPU has 4 cores!

Reading alignment file ../simulations/data_D10T10L20I10T10//S/1056_pruned.fasta ... Fasta format detected
Alignment most likely contains DNA/RNA sequences
Alignment has 12 sequences with 300 columns and 50 patterns (17 informative sites)
         Gap/Ambiguity  Composition  p-value
   1  n298_51    0.00%    passed     98.66%
   2  n297_50    0.00%    passed     98.41%
   3  n287_42    0.00%    passed     98.64%
   4  n289_44    0.00%    passed     99.08%
   5  n296_49    0.00%    passed     97.79%
   6  n293_46    0.00%    passed     99.59%
   7  n236_29    0.00%    passed     99.54%
   8  n200_25    0.00%    passed     70.25%
   9  n275_38    0.00%    passed     98.80%
  10  n290_45    0.00%    passed     99.36%
  11  n295_48    0.00%    passed     95.42%
  12  n294_47    0.00%    passed     99.59%
****  TOTAL      0.00%  0 sequences failed composition chi2 test (p-value<5%; df=3)
NOTE: 1 identical sequences (see below) will be ignored for subsequent analysis
NOTE: n294_47 (identical to n293_46) is ignored but added at the end

Create initial parsimony tree by phylogenetic likelihood library (PLL)... 0.000 seconds

NOTE: 0 MB RAM is required!
Estimate model parameters (epsilon = 0.100)
1. Initial log-likelihood: -957.090
2. Current log-likelihood: -813.539
3. Current log-likelihood: -813.348
Optimal log-likelihood: -813.340
Rate parameters:  A-C: 0.874  A-G: 1.046  A-T: 0.836  C-G: 1.029  C-T: 0.999  G-T: 1.000
Base frequencies:   A: 0.289  C: 0.246  G: 0.261  T: 0.204
Gamma shape alpha: 998.425
Parameters optimization took 3 rounds (0.003 sec)
--------------------------------------------------------------------
|             INITIALIZING CANDIDATE TREE SET                      |
--------------------------------------------------------------------
Computing ML distances based on estimated model parameters... 0.000 sec
Computing BIONJ tree...
0.000 seconds
Log-likelihood of BIONJ tree: -813.340
Generating 98 parsimony trees... 0.015 seconds 34 distinct starting trees
Computing log-likelihood of 34 initial trees ... 0.013 seconds
Optimizing top 20 initial trees with NNI...
Iteration 1 / LogL: -813.340 / Time: 0h:0m:0s
Estimate model parameters (epsilon = 0.100)
BETTER SCORE FOUND at iteration 1: -813.325
Iteration 2 / LogL: -813.326 / Time: 0h:0m:0s
Iteration 3 / LogL: -813.325 / Time: 0h:0m:0s
Iteration 4 / LogL: -813.325 / Time: 0h:0m:0s
Iteration 5 / LogL: -813.325 / Time: 0h:0m:0s
Iteration 6 / LogL: -813.325 / Time: 0h:0m:0s
Iteration 7 / LogL: -813.325 / Time: 0h:0m:0s
Iteration 8 / LogL: -813.325 / Time: 0h:0m:0s
Iteration 9 / LogL: -813.325 / Time: 0h:0m:0s
Iteration 10 / LogL: -813.325 / Time: 0h:0m:0s
Iteration 11 / LogL: -813.325 / Time: 0h:0m:0s
Iteration 12 / LogL: -813.325 / Time: 0h:0m:0s
Iteration 13 / LogL: -813.325 / Time: 0h:0m:0s
Iteration 14 / LogL: -813.325 / Time: 0h:0m:0s
Iteration 15 / LogL: -813.325 / Time: 0h:0m:0s
Iteration 16 / LogL: -813.325 / Time: 0h:0m:0s
Iteration 17 / LogL: -813.325 / Time: 0h:0m:0s
Iteration 18 / LogL: -813.325 / Time: 0h:0m:0s
Iteration 19 / LogL: -813.325 / Time: 0h:0m:0s
Iteration 20 / LogL: -813.325 / Time: 0h:0m:0s
Average CPU time for 1 NNI search: 0.001
Finish initializing candidate tree set. Number of distinct locally optimal trees: 17
Current best tree score: -813.325 / CPU time: 0.044
--------------------------------------------------------------------
|               OPTIMIZING CANDIDATE TREE SET                      |
--------------------------------------------------------------------
Iteration 30 / LogL: -813.325 / Time: 0h:0m:0s (0h:0m:0s left)
Iteration 40 / LogL: -813.325 / Time: 0h:0m:0s (0h:0m:0s left)
Iteration 50 / LogL: -813.325 / Time: 0h:0m:0s (0h:0m:0s left)
Iteration 60 / LogL: -813.325 / Time: 0h:0m:0s (0h:0m:0s left)
Iteration 70 / LogL: -816.377 / Time: 0h:0m:0s (0h:0m:0s left)
Iteration 80 / LogL: -813.325 / Time: 0h:0m:0s (0h:0m:0s left)
Iteration 90 / LogL: -813.325 / Time: 0h:0m:0s (0h:0m:0s left)
Iteration 100 / LogL: -813.325 / Time: 0h:0m:0s (0h:0m:0s left)
TREE SEARCH COMPLETED AFTER 101 ITERATIONS / Time: 0h:0m:0s

--------------------------------------------------------------------
|                    FINALIZING TREE SEARCH                        |
--------------------------------------------------------------------
Performs final model parameters optimization
Estimate model parameters (epsilon = 0.010)
1. Initial log-likelihood: -813.325
Optimal log-likelihood: -813.321
Rate parameters:  A-C: 0.912  A-G: 1.048  A-T: 0.857  C-G: 1.053  C-T: 0.987  G-T: 1.000
Base frequencies:   A: 0.289  C: 0.246  G: 0.261  T: 0.204
Gamma shape alpha: 998.425
Parameters optimization took 1 rounds (0.001 sec)
BEST SCORE FOUND : -813.321

Testing tree branches by SH-like aLRT with 1000 replicates...
CPU Time used:  0.032 sec.
Total tree length: 0.283

Total number of iterations: 101
CPU time used for tree search: 0.152 sec (0h:0m:0s)
Wall-clock time used for tree search: 0.152 sec (0h:0m:0s)
Total CPU time used: 0.200 sec (0h:0m:0s)
Total wall-clock time used: 0.200 sec (0h:0m:0s)

Analysis results written to: 
  IQ-TREE report:                ../simulations/data_D10T10L20I10T10//S/1056_pruned.fasta.iqtree
  Maximum-likelihood tree:       ../simulations/data_D10T10L20I10T10//S/1056_pruned.fasta.treefile
  Likelihood distances:          ../simulations/data_D10T10L20I10T10//S/1056_pruned.fasta.mldist
  Screen log file:               ../simulations/data_D10T10L20I10T10//S/1056_pruned.fasta.log

Date and Time: Fri Jun  1 10:40:05 2018
