IQ-TREE version 1.4.2 for Linux 64-bit built Apr 15 2016
Copyright (c) 2011-2015 Nguyen Lam Tung, Olga Chernomor, Arndt von Haeseler and Bui Quang Minh.

Host:    meduse (AVX2, FMA3, 7 GB RAM)
Command: iqtree -s ../simulations/data_D10T10L20I10T10//S/1058_pruned.fasta -m GTR+G -alrt 1000 -redo
Seed:    252078 (Using SPRNG - Scalable Parallel Random Number Generator)
Time:    Fri Jun  1 10:40:24 2018
Kernel:  AVX

NOTE: Consider using the multicore version because your CPU has 4 cores!

Reading alignment file ../simulations/data_D10T10L20I10T10//S/1058_pruned.fasta ... Fasta format detected
Alignment most likely contains DNA/RNA sequences
Alignment has 7 sequences with 300 columns and 25 patterns (25 informative sites)
         Gap/Ambiguity  Composition  p-value
   1  n299_34    0.00%    passed     99.97%
   2  n300_35    0.00%    passed     99.76%
   3  n292_33    0.00%    passed     98.85%
   4  n277_26    0.00%    passed     99.88%
   5  n278_27    0.00%    passed     99.99%
   6  n280_29    0.00%    passed     99.99%
   7  n274_25    0.00%    passed     99.79%
****  TOTAL      0.00%  0 sequences failed composition chi2 test (p-value<5%; df=3)

Create initial parsimony tree by phylogenetic likelihood library (PLL)... 0.000 seconds

NOTE: 0 MB RAM is required!
Estimate model parameters (epsilon = 0.100)
1. Initial log-likelihood: -590.417
2. Current log-likelihood: -584.471
Optimal log-likelihood: -584.436
Rate parameters:  A-C: 2.788  A-G: 2.549  A-T: 2.547  C-G: 2.173  C-T: 2.558  G-T: 1.000
Base frequencies:   A: 0.200  C: 0.231  G: 0.258  T: 0.311
Gamma shape alpha: 998.447
Parameters optimization took 2 rounds (0.001 sec)
--------------------------------------------------------------------
|             INITIALIZING CANDIDATE TREE SET                      |
--------------------------------------------------------------------
Computing ML distances based on estimated model parameters... 0.000 sec
Computing BIONJ tree...
0.000 seconds
Log-likelihood of BIONJ tree: -584.437
Generating 99 parsimony trees... 0.006 seconds 3 distinct starting trees
Computing log-likelihood of 3 initial trees ... 0.001 seconds
Optimizing top 3 initial trees with NNI...
Iteration 1 / LogL: -584.437 / Time: 0h:0m:0s
Estimate model parameters (epsilon = 0.100)
BETTER SCORE FOUND at iteration 1: -584.435
Iteration 2 / LogL: -584.436 / Time: 0h:0m:0s
Iteration 3 / LogL: -584.436 / Time: 0h:0m:0s
Average CPU time for 1 NNI search: 0.001
Finish initializing candidate tree set. Number of distinct locally optimal trees: 3
Current best tree score: -584.435 / CPU time: 0.012
--------------------------------------------------------------------
|               OPTIMIZING CANDIDATE TREE SET                      |
--------------------------------------------------------------------
Iteration 10 / LogL: -584.435 / Time: 0h:0m:0s
Iteration 20 / LogL: -584.435 / Time: 0h:0m:0s (0h:0m:0s left)
Iteration 30 / LogL: -584.435 / Time: 0h:0m:0s (0h:0m:0s left)
Iteration 40 / LogL: -584.435 / Time: 0h:0m:0s (0h:0m:0s left)
Iteration 50 / LogL: -584.435 / Time: 0h:0m:0s (0h:0m:0s left)
Iteration 60 / LogL: -823.678 / Time: 0h:0m:0s (0h:0m:0s left)
Iteration 70 / LogL: -584.435 / Time: 0h:0m:0s (0h:0m:0s left)
Iteration 80 / LogL: -584.435 / Time: 0h:0m:0s (0h:0m:0s left)
Iteration 90 / LogL: -670.869 / Time: 0h:0m:0s (0h:0m:0s left)
Iteration 100 / LogL: -670.869 / Time: 0h:0m:0s (0h:0m:0s left)
TREE SEARCH COMPLETED AFTER 101 ITERATIONS / Time: 0h:0m:0s

--------------------------------------------------------------------
|                    FINALIZING TREE SEARCH                        |
--------------------------------------------------------------------
Performs final model parameters optimization
Estimate model parameters (epsilon = 0.010)
1. Initial log-likelihood: -584.435
Optimal log-likelihood: -584.434
Rate parameters:  A-C: 2.839  A-G: 2.551  A-T: 2.539  C-G: 2.164  C-T: 2.541  G-T: 1.000
Base frequencies:   A: 0.200  C: 0.231  G: 0.258  T: 0.311
Gamma shape alpha: 998.447
Parameters optimization took 1 rounds (0.000 sec)
BEST SCORE FOUND : -584.434

Testing tree branches by SH-like aLRT with 1000 replicates...
CPU Time used:  0.004 sec.
Total tree length: 0.107

Total number of iterations: 101
CPU time used for tree search: 0.068 sec (0h:0m:0s)
Wall-clock time used for tree search: 0.065 sec (0h:0m:0s)
Total CPU time used: 0.080 sec (0h:0m:0s)
Total wall-clock time used: 0.082 sec (0h:0m:0s)

Analysis results written to: 
  IQ-TREE report:                ../simulations/data_D10T10L20I10T10//S/1058_pruned.fasta.iqtree
  Maximum-likelihood tree:       ../simulations/data_D10T10L20I10T10//S/1058_pruned.fasta.treefile
  Likelihood distances:          ../simulations/data_D10T10L20I10T10//S/1058_pruned.fasta.mldist
  Screen log file:               ../simulations/data_D10T10L20I10T10//S/1058_pruned.fasta.log

Date and Time: Fri Jun  1 10:40:24 2018
