IQ-TREE version 1.4.2 for Linux 64-bit built Apr 15 2016
Copyright (c) 2011-2015 Nguyen Lam Tung, Olga Chernomor, Arndt von Haeseler and Bui Quang Minh.

Host:    meduse (AVX2, FMA3, 7 GB RAM)
Command: iqtree -s ../simulations/data_D10T10L20I10T10//S/1063_pruned.fasta -m GTR+G -alrt 1000 -redo
Seed:    621638 (Using SPRNG - Scalable Parallel Random Number Generator)
Time:    Sun Jun  3 08:49:22 2018
Kernel:  AVX

NOTE: Consider using the multicore version because your CPU has 4 cores!

Reading alignment file ../simulations/data_D10T10L20I10T10//S/1063_pruned.fasta ... Fasta format detected
Alignment most likely contains DNA/RNA sequences
Alignment has 21 sequences with 300 columns and 263 patterns (224 informative sites)
         Gap/Ambiguity  Composition  p-value
   1  n294_53    0.00%    passed     64.62%
   2  n289_48    0.00%    passed     84.73%
   3  n290_49    0.00%    passed     65.35%
   4  n275_36    0.00%    passed     61.71%
   5  n293_52    0.00%    passed     44.76%
   6  n295_58    0.00%    passed     65.61%
   7  n297_62    0.00%    passed     56.70%
   8  n289_50    0.00%    passed     75.11%
   9  n296_59    0.00%    passed     53.63%
  10  n297_60    0.00%    passed     42.68%
  11  n275_38    0.00%    passed     80.55%
  12  n296_57    0.00%    passed     71.80%
  13  n290_51    0.00%    passed     93.88%
  14  n298_61    0.00%    passed     11.01%
  15  n294_55    0.00%    passed     82.18%
  16  n298_63    0.00%    passed     67.65%
  17  n287_44    0.00%    passed     84.40%
  18  n293_54    0.00%    passed     66.35%
  19  n287_46    0.00%    passed     72.26%
  20  n236_19    0.00%    failed      3.83%
  21  n295_56    0.00%    passed     25.29%
****  TOTAL      0.00%  1 sequences failed composition chi2 test (p-value<5%; df=3)

Create initial parsimony tree by phylogenetic likelihood library (PLL)... 0.001 seconds

NOTE: 0 MB RAM is required!
Estimate model parameters (epsilon = 0.100)
1. Initial log-likelihood: -3365.975
2. Current log-likelihood: -3265.730
3. Current log-likelihood: -3261.474
Optimal log-likelihood: -3261.453
Rate parameters:  A-C: 0.913  A-G: 0.959  A-T: 0.779  C-G: 0.684  C-T: 0.937  G-T: 1.000
Base frequencies:   A: 0.238  C: 0.292  G: 0.218  T: 0.253
Gamma shape alpha: 137.075
Parameters optimization took 3 rounds (0.031 sec)
--------------------------------------------------------------------
|             INITIALIZING CANDIDATE TREE SET                      |
--------------------------------------------------------------------
Computing ML distances based on estimated model parameters... 0.000 sec
Computing BIONJ tree...
0.001 seconds
Log-likelihood of BIONJ tree: -3262.025
Generating 98 parsimony trees... 0.091 seconds 4 distinct starting trees
Computing log-likelihood of 4 initial trees ... 0.004 seconds
Optimizing top 4 initial trees with NNI...
Iteration 1 / LogL: -3261.086 / Time: 0h:0m:0s
Estimate model parameters (epsilon = 0.100)
BETTER SCORE FOUND at iteration 1: -3261.068
Iteration 2 / LogL: -3261.069 / Time: 0h:0m:0s
Iteration 3 / LogL: -3261.068 / Time: 0h:0m:0s
Iteration 4 / LogL: -3261.070 / Time: 0h:0m:0s
Average CPU time for 1 NNI search: 0.009
Finish initializing candidate tree set. Number of distinct locally optimal trees: 1
Current best tree score: -3261.068 / CPU time: 0.132
--------------------------------------------------------------------
|               OPTIMIZING CANDIDATE TREE SET                      |
--------------------------------------------------------------------
Iteration 10 / LogL: -3261.167 / Time: 0h:0m:0s
Iteration 20 / LogL: -3261.073 / Time: 0h:0m:0s (0h:0m:1s left)
Iteration 30 / LogL: -3261.138 / Time: 0h:0m:0s (0h:0m:1s left)
Iteration 40 / LogL: -3261.082 / Time: 0h:0m:0s (0h:0m:1s left)
Iteration 50 / LogL: -3261.805 / Time: 0h:0m:1s (0h:0m:1s left)
Iteration 60 / LogL: -3261.359 / Time: 0h:0m:1s (0h:0m:0s left)
Iteration 70 / LogL: -3261.168 / Time: 0h:0m:1s (0h:0m:0s left)
Iteration 80 / LogL: -3261.183 / Time: 0h:0m:1s (0h:0m:0s left)
Iteration 90 / LogL: -3261.070 / Time: 0h:0m:1s (0h:0m:0s left)
Iteration 100 / LogL: -3261.173 / Time: 0h:0m:2s (0h:0m:0s left)
TREE SEARCH COMPLETED AFTER 101 ITERATIONS / Time: 0h:0m:2s

--------------------------------------------------------------------
|                    FINALIZING TREE SEARCH                        |
--------------------------------------------------------------------
Performs final model parameters optimization
Estimate model parameters (epsilon = 0.010)
1. Initial log-likelihood: -3261.068
Optimal log-likelihood: -3261.066
Rate parameters:  A-C: 0.916  A-G: 0.965  A-T: 0.784  C-G: 0.680  C-T: 0.948  G-T: 1.000
Base frequencies:   A: 0.238  C: 0.292  G: 0.218  T: 0.253
Gamma shape alpha: 639.096
Parameters optimization took 1 rounds (0.006 sec)
BEST SCORE FOUND : -3261.066

Testing tree branches by SH-like aLRT with 1000 replicates...
CPU Time used:  0.088 sec.
Total tree length: 2.535

Total number of iterations: 101
CPU time used for tree search: 2.000 sec (0h:0m:2s)
Wall-clock time used for tree search: 2.006 sec (0h:0m:2s)
Total CPU time used: 2.148 sec (0h:0m:2s)
Total wall-clock time used: 2.153 sec (0h:0m:2s)

Analysis results written to: 
  IQ-TREE report:                ../simulations/data_D10T10L20I10T10//S/1063_pruned.fasta.iqtree
  Maximum-likelihood tree:       ../simulations/data_D10T10L20I10T10//S/1063_pruned.fasta.treefile
  Likelihood distances:          ../simulations/data_D10T10L20I10T10//S/1063_pruned.fasta.mldist
  Screen log file:               ../simulations/data_D10T10L20I10T10//S/1063_pruned.fasta.log

Date and Time: Sun Jun  3 08:49:24 2018
