IQ-TREE version 1.4.2 for Linux 64-bit built Apr 15 2016
Copyright (c) 2011-2015 Nguyen Lam Tung, Olga Chernomor, Arndt von Haeseler and Bui Quang Minh.

Host:    meduse (AVX2, FMA3, 7 GB RAM)
Command: iqtree -s ../simulations/data_D10T10L20I10T10//S/1078_pruned.fasta -m GTR+G -alrt 1000 -redo
Seed:    506197 (Using SPRNG - Scalable Parallel Random Number Generator)
Time:    Mon Jun  4 01:16:22 2018
Kernel:  AVX

NOTE: Consider using the multicore version because your CPU has 4 cores!

Reading alignment file ../simulations/data_D10T10L20I10T10//S/1078_pruned.fasta ... Fasta format detected
Alignment most likely contains DNA/RNA sequences
Alignment has 10 sequences with 300 columns and 106 patterns (93 informative sites)
         Gap/Ambiguity  Composition  p-value
   1  n297_22    0.00%    passed     89.70%
   2  n275_10    0.00%    passed     93.85%
   3  n296_21    0.00%    passed     97.92%
   4  n293_18    0.00%    passed     59.12%
   5  n298_23    0.00%    passed     90.16%
   6  n294_19    0.00%    passed     83.22%
   7  n290_17    0.00%    passed     90.42%
   8  n295_20    0.00%    passed     99.97%
   9  n287_14    0.00%    passed     87.43%
  10  n289_16    0.00%    passed     70.15%
****  TOTAL      0.00%  0 sequences failed composition chi2 test (p-value<5%; df=3)

Create initial parsimony tree by phylogenetic likelihood library (PLL)... 0.000 seconds

NOTE: 0 MB RAM is required!
Estimate model parameters (epsilon = 0.100)
1. Initial log-likelihood: -1356.887
2. Current log-likelihood: -1332.335
3. Current log-likelihood: -1332.161
Optimal log-likelihood: -1332.109
Rate parameters:  A-C: 1.215  A-G: 1.324  A-T: 2.016  C-G: 1.277  C-T: 1.575  G-T: 1.000
Base frequencies:   A: 0.220  C: 0.295  G: 0.258  T: 0.227
Gamma shape alpha: 2.131
Parameters optimization took 3 rounds (0.005 sec)
--------------------------------------------------------------------
|             INITIALIZING CANDIDATE TREE SET                      |
--------------------------------------------------------------------
Computing ML distances based on estimated model parameters... 0.000 sec
Computing BIONJ tree...
0.000 seconds
Log-likelihood of BIONJ tree: -1332.109
Generating 99 parsimony trees... 0.019 seconds 1 distinct starting trees
Computing log-likelihood of 1 initial trees ... 0.000 seconds
Optimizing top 1 initial trees with NNI...
Iteration 1 / LogL: -1332.109 / Time: 0h:0m:0s
Estimate model parameters (epsilon = 0.100)
BETTER SCORE FOUND at iteration 1: -1332.089
Average CPU time for 1 NNI search: 0.004
Finish initializing candidate tree set. Number of distinct locally optimal trees: 1
Current best tree score: -1332.089 / CPU time: 0.024
--------------------------------------------------------------------
|               OPTIMIZING CANDIDATE TREE SET                      |
--------------------------------------------------------------------
Iteration 10 / LogL: -1332.106 / Time: 0h:0m:0s
Iteration 20 / LogL: -1332.163 / Time: 0h:0m:0s (0h:0m:0s left)
Iteration 30 / LogL: -1332.089 / Time: 0h:0m:0s (0h:0m:0s left)
Iteration 40 / LogL: -1332.231 / Time: 0h:0m:0s (0h:0m:0s left)
Iteration 50 / LogL: -1332.089 / Time: 0h:0m:0s (0h:0m:0s left)
Iteration 60 / LogL: -1596.271 / Time: 0h:0m:0s (0h:0m:0s left)
Iteration 70 / LogL: -1332.126 / Time: 0h:0m:0s (0h:0m:0s left)
Iteration 80 / LogL: -1717.156 / Time: 0h:0m:0s (0h:0m:0s left)
Iteration 90 / LogL: -1332.091 / Time: 0h:0m:0s (0h:0m:0s left)
Iteration 100 / LogL: -1332.472 / Time: 0h:0m:0s (0h:0m:0s left)
TREE SEARCH COMPLETED AFTER 101 ITERATIONS / Time: 0h:0m:0s

--------------------------------------------------------------------
|                    FINALIZING TREE SEARCH                        |
--------------------------------------------------------------------
Performs final model parameters optimization
Estimate model parameters (epsilon = 0.010)
1. Initial log-likelihood: -1332.089
Optimal log-likelihood: -1332.080
Rate parameters:  A-C: 1.208  A-G: 1.306  A-T: 1.939  C-G: 1.264  C-T: 1.557  G-T: 1.000
Base frequencies:   A: 0.220  C: 0.295  G: 0.258  T: 0.227
Gamma shape alpha: 2.134
Parameters optimization took 1 rounds (0.001 sec)
BEST SCORE FOUND : -1332.080

Testing tree branches by SH-like aLRT with 1000 replicates...
CPU Time used:  0.032 sec.
Total tree length: 0.695

Total number of iterations: 101
CPU time used for tree search: 0.364 sec (0h:0m:0s)
Wall-clock time used for tree search: 0.368 sec (0h:0m:0s)
Total CPU time used: 0.412 sec (0h:0m:0s)
Total wall-clock time used: 0.415 sec (0h:0m:0s)

Analysis results written to: 
  IQ-TREE report:                ../simulations/data_D10T10L20I10T10//S/1078_pruned.fasta.iqtree
  Maximum-likelihood tree:       ../simulations/data_D10T10L20I10T10//S/1078_pruned.fasta.treefile
  Likelihood distances:          ../simulations/data_D10T10L20I10T10//S/1078_pruned.fasta.mldist
  Screen log file:               ../simulations/data_D10T10L20I10T10//S/1078_pruned.fasta.log

Date and Time: Mon Jun  4 01:16:22 2018
