IQ-TREE version 1.4.2 for Linux 64-bit built Apr 15 2016
Copyright (c) 2011-2015 Nguyen Lam Tung, Olga Chernomor, Arndt von Haeseler and Bui Quang Minh.

Host:    meduse (AVX2, FMA3, 7 GB RAM)
Command: iqtree -s ../simulations/data_D10T10L20I10T10//S/1094_pruned.fasta -m GTR+G -alrt 1000 -redo
Seed:    897709 (Using SPRNG - Scalable Parallel Random Number Generator)
Time:    Mon Jun  4 00:22:55 2018
Kernel:  AVX

NOTE: Consider using the multicore version because your CPU has 4 cores!

Reading alignment file ../simulations/data_D10T10L20I10T10//S/1094_pruned.fasta ... Fasta format detected
Alignment most likely contains DNA/RNA sequences
Alignment has 10 sequences with 300 columns and 105 patterns (100 informative sites)
         Gap/Ambiguity  Composition  p-value
   1  n297_22    0.00%    passed     92.39%
   2  n275_10    0.00%    passed     75.69%
   3  n296_21    0.00%    passed     83.08%
   4  n293_18    0.00%    passed     97.53%
   5  n298_23    0.00%    passed     97.13%
   6  n294_19    0.00%    passed     94.91%
   7  n290_17    0.00%    passed     96.22%
   8  n295_20    0.00%    passed     89.90%
   9  n287_14    0.00%    passed     88.07%
  10  n289_16    0.00%    passed     99.12%
****  TOTAL      0.00%  0 sequences failed composition chi2 test (p-value<5%; df=3)

Create initial parsimony tree by phylogenetic likelihood library (PLL)... 0.000 seconds

NOTE: 0 MB RAM is required!
Estimate model parameters (epsilon = 0.100)
1. Initial log-likelihood: -1330.327
2. Current log-likelihood: -1296.258
3. Current log-likelihood: -1295.819
Optimal log-likelihood: -1295.812
Rate parameters:  A-C: 2.073  A-G: 1.588  A-T: 1.653  C-G: 1.619  C-T: 2.289  G-T: 1.000
Base frequencies:   A: 0.260  C: 0.242  G: 0.263  T: 0.235
Gamma shape alpha: 11.825
Parameters optimization took 3 rounds (0.006 sec)
--------------------------------------------------------------------
|             INITIALIZING CANDIDATE TREE SET                      |
--------------------------------------------------------------------
Computing ML distances based on estimated model parameters... 0.000 sec
Computing BIONJ tree...
0.000 seconds
Log-likelihood of BIONJ tree: -1297.063
Generating 98 parsimony trees... 0.019 seconds 3 distinct starting trees
Computing log-likelihood of 3 initial trees ... 0.001 seconds
Optimizing top 3 initial trees with NNI...
Iteration 1 / LogL: -1295.812 / Time: 0h:0m:0s
Estimate model parameters (epsilon = 0.100)
BETTER SCORE FOUND at iteration 1: -1295.809
Iteration 2 / LogL: -1295.810 / Time: 0h:0m:0s
Iteration 3 / LogL: -1295.809 / Time: 0h:0m:0s
Average CPU time for 1 NNI search: 0.001
Finish initializing candidate tree set. Number of distinct locally optimal trees: 2
Current best tree score: -1295.809 / CPU time: 0.024
--------------------------------------------------------------------
|               OPTIMIZING CANDIDATE TREE SET                      |
--------------------------------------------------------------------
Iteration 10 / LogL: -1295.810 / Time: 0h:0m:0s
Iteration 20 / LogL: -1431.299 / Time: 0h:0m:0s (0h:0m:0s left)
Iteration 30 / LogL: -1673.649 / Time: 0h:0m:0s (0h:0m:0s left)
Iteration 40 / LogL: -1295.817 / Time: 0h:0m:0s (0h:0m:0s left)
Iteration 50 / LogL: -1295.810 / Time: 0h:0m:0s (0h:0m:0s left)
Iteration 60 / LogL: -1295.810 / Time: 0h:0m:0s (0h:0m:0s left)
Iteration 70 / LogL: -1295.810 / Time: 0h:0m:0s (0h:0m:0s left)
Iteration 80 / LogL: -1295.809 / Time: 0h:0m:0s (0h:0m:0s left)
Iteration 90 / LogL: -1344.014 / Time: 0h:0m:0s (0h:0m:0s left)
Iteration 100 / LogL: -1295.810 / Time: 0h:0m:0s (0h:0m:0s left)
TREE SEARCH COMPLETED AFTER 101 ITERATIONS / Time: 0h:0m:0s

--------------------------------------------------------------------
|                    FINALIZING TREE SEARCH                        |
--------------------------------------------------------------------
Performs final model parameters optimization
Estimate model parameters (epsilon = 0.010)
1. Initial log-likelihood: -1295.809
Optimal log-likelihood: -1295.808
Rate parameters:  A-C: 2.051  A-G: 1.575  A-T: 1.637  C-G: 1.601  C-T: 2.264  G-T: 1.000
Base frequencies:   A: 0.260  C: 0.242  G: 0.263  T: 0.235
Gamma shape alpha: 12.064
Parameters optimization took 1 rounds (0.001 sec)
BEST SCORE FOUND : -1295.808

Testing tree branches by SH-like aLRT with 1000 replicates...
CPU Time used:  0.036 sec.
Total tree length: 0.659

Total number of iterations: 101
CPU time used for tree search: 0.296 sec (0h:0m:0s)
Wall-clock time used for tree search: 0.296 sec (0h:0m:0s)
Total CPU time used: 0.344 sec (0h:0m:0s)
Total wall-clock time used: 0.348 sec (0h:0m:0s)

Analysis results written to: 
  IQ-TREE report:                ../simulations/data_D10T10L20I10T10//S/1094_pruned.fasta.iqtree
  Maximum-likelihood tree:       ../simulations/data_D10T10L20I10T10//S/1094_pruned.fasta.treefile
  Likelihood distances:          ../simulations/data_D10T10L20I10T10//S/1094_pruned.fasta.mldist
  Screen log file:               ../simulations/data_D10T10L20I10T10//S/1094_pruned.fasta.log

Date and Time: Mon Jun  4 00:22:56 2018
