IQ-TREE version 1.4.2 for Linux 64-bit built Apr 15 2016
Copyright (c) 2011-2015 Nguyen Lam Tung, Olga Chernomor, Arndt von Haeseler and Bui Quang Minh.

Host:    meduse (AVX2, FMA3, 7 GB RAM)
Command: iqtree -s ../simulations/data_D10T10L20I10T10//S/1101_pruned.fasta -m GTR+G -alrt 1000 -redo
Seed:    582644 (Using SPRNG - Scalable Parallel Random Number Generator)
Time:    Fri Jun  1 10:42:16 2018
Kernel:  AVX

NOTE: Consider using the multicore version because your CPU has 4 cores!

Reading alignment file ../simulations/data_D10T10L20I10T10//S/1101_pruned.fasta ... Fasta format detected
Alignment most likely contains DNA/RNA sequences
Alignment has 10 sequences with 300 columns and 16 patterns (11 informative sites)
         Gap/Ambiguity  Composition  p-value
   1  n294_19    0.00%    passed     98.61%
   2  n298_23    0.00%    passed     99.49%
   3  n296_21    0.00%    passed     94.55%
   4  n287_14    0.00%    passed     99.78%
   5  n293_18    0.00%    passed     98.61%
   6  n297_22    0.00%    passed     98.24%
   7  n290_17    0.00%    passed     99.78%
   8  n275_10    0.00%    passed     98.61%
   9  n295_20    0.00%    passed     97.33%
  10  n289_16    0.00%    passed     99.78%
****  TOTAL      0.00%  0 sequences failed composition chi2 test (p-value<5%; df=3)
NOTE: 4 identical sequences (see below) will be ignored for subsequent analysis
NOTE: n293_18 (identical to n294_19) is ignored but added at the end
NOTE: n275_10 (identical to n294_19) is ignored but added at the end
NOTE: n290_17 (identical to n287_14) is ignored but added at the end
NOTE: n289_16 (identical to n287_14) is ignored but added at the end

Create initial parsimony tree by phylogenetic likelihood library (PLL)... 0.000 seconds

NOTE: 0 MB RAM is required!
Estimate model parameters (epsilon = 0.100)
1. Initial log-likelihood: -508.588
2. Current log-likelihood: -505.031
Optimal log-likelihood: -505.029
Rate parameters:  A-C: 1.865  A-G: 1.754  A-T: 2.152  C-G: 0.000  C-T: 1.065  G-T: 1.000
Base frequencies:   A: 0.233  C: 0.238  G: 0.252  T: 0.277
Gamma shape alpha: 998.448
Parameters optimization took 2 rounds (0.001 sec)
--------------------------------------------------------------------
|             INITIALIZING CANDIDATE TREE SET                      |
--------------------------------------------------------------------
Computing ML distances based on estimated model parameters... 0.000 sec
Computing BIONJ tree...
0.000 seconds
Log-likelihood of BIONJ tree: -505.029
Generating 99 parsimony trees... 0.005 seconds 1 distinct starting trees
Computing log-likelihood of 1 initial trees ... 0.000 seconds
Optimizing top 1 initial trees with NNI...
Iteration 1 / LogL: -505.029 / Time: 0h:0m:0s
Estimate model parameters (epsilon = 0.100)
BETTER SCORE FOUND at iteration 1: -505.028
Average CPU time for 1 NNI search: 0.000
Finish initializing candidate tree set. Number of distinct locally optimal trees: 1
Current best tree score: -505.028 / CPU time: 0.004
--------------------------------------------------------------------
|               OPTIMIZING CANDIDATE TREE SET                      |
--------------------------------------------------------------------
Iteration 10 / LogL: -505.028 / Time: 0h:0m:0s
Iteration 20 / LogL: -505.028 / Time: 0h:0m:0s (0h:0m:0s left)
Iteration 30 / LogL: -505.028 / Time: 0h:0m:0s (0h:0m:0s left)
Iteration 40 / LogL: -505.028 / Time: 0h:0m:0s (0h:0m:0s left)
Iteration 50 / LogL: -505.028 / Time: 0h:0m:0s (0h:0m:0s left)
Iteration 60 / LogL: -505.028 / Time: 0h:0m:0s (0h:0m:0s left)
Iteration 70 / LogL: -505.028 / Time: 0h:0m:0s (0h:0m:0s left)
Iteration 80 / LogL: -505.028 / Time: 0h:0m:0s (0h:0m:0s left)
Iteration 90 / LogL: -505.028 / Time: 0h:0m:0s (0h:0m:0s left)
Iteration 100 / LogL: -505.028 / Time: 0h:0m:0s (0h:0m:0s left)
TREE SEARCH COMPLETED AFTER 101 ITERATIONS / Time: 0h:0m:0s

--------------------------------------------------------------------
|                    FINALIZING TREE SEARCH                        |
--------------------------------------------------------------------
Performs final model parameters optimization
Estimate model parameters (epsilon = 0.010)
1. Initial log-likelihood: -505.028
Optimal log-likelihood: -505.028
Rate parameters:  A-C: 1.866  A-G: 1.758  A-T: 2.153  C-G: 0.000  C-T: 1.063  G-T: 1.000
Base frequencies:   A: 0.233  C: 0.238  G: 0.252  T: 0.277
Gamma shape alpha: 998.448
Parameters optimization took 1 rounds (0.000 sec)
BEST SCORE FOUND : -505.028

Testing tree branches by SH-like aLRT with 1000 replicates...
CPU Time used:  0.004 sec.
Total tree length: 0.047

Total number of iterations: 101
CPU time used for tree search: 0.040 sec (0h:0m:0s)
Wall-clock time used for tree search: 0.040 sec (0h:0m:0s)
Total CPU time used: 0.052 sec (0h:0m:0s)
Total wall-clock time used: 0.053 sec (0h:0m:0s)

Analysis results written to: 
  IQ-TREE report:                ../simulations/data_D10T10L20I10T10//S/1101_pruned.fasta.iqtree
  Maximum-likelihood tree:       ../simulations/data_D10T10L20I10T10//S/1101_pruned.fasta.treefile
  Likelihood distances:          ../simulations/data_D10T10L20I10T10//S/1101_pruned.fasta.mldist
  Screen log file:               ../simulations/data_D10T10L20I10T10//S/1101_pruned.fasta.log

Date and Time: Fri Jun  1 10:42:16 2018
