IQ-TREE version 1.4.2 for Linux 64-bit built Apr 15 2016
Copyright (c) 2011-2015 Nguyen Lam Tung, Olga Chernomor, Arndt von Haeseler and Bui Quang Minh.

Host:    meduse (AVX2, FMA3, 7 GB RAM)
Command: iqtree -s ../simulations/data_D10T10L20I10T10//S/110_pruned.fasta -m GTR+G -alrt 1000 -redo
Seed:    300623 (Using SPRNG - Scalable Parallel Random Number Generator)
Time:    Mon Jun  4 00:36:08 2018
Kernel:  AVX

NOTE: Consider using the multicore version because your CPU has 4 cores!

Reading alignment file ../simulations/data_D10T10L20I10T10//S/110_pruned.fasta ... Fasta format detected
Alignment most likely contains DNA/RNA sequences
Alignment has 26 sequences with 300 columns and 299 patterns (290 informative sites)
          Gap/Ambiguity  Composition  p-value
   1  n299_300    0.00%    passed     84.20%
   2  n300_301    0.00%    passed     89.67%
   3  n290_291    0.00%    passed     72.91%
   4  n244_245    0.00%    failed      4.23%
   5  n255_256    0.00%    passed     60.29%
   6  n277_278    0.00%    failed      4.24%
   7  n200_201    0.00%    passed     60.20%
   8  n236_237    0.00%    passed     95.37%
   9  n274_275    0.00%    passed     92.32%
  10  n289_290    0.00%    passed     82.92%
  11  n296_297    0.00%    passed     71.22%
  12  n275_276    0.00%    passed     96.76%
  13  n292_293    0.00%    passed     84.20%
  14  n278_279    0.00%    failed      4.95%
  15  n298_299    0.00%    passed     76.52%
  16  n297_298    0.00%    passed     70.16%
  17  n286_287    0.00%    passed     10.48%
  18  n285_286    0.00%    passed     19.31%
  19  n287_288    0.00%    passed     77.46%
  20  n251_252    0.00%    passed     59.16%
  21  n294_295    0.00%    passed     87.42%
  22  n295_296    0.00%    passed     66.48%
  23  n266_267    0.00%    passed     41.53%
  24  n265_266    0.00%    passed     49.12%
  25  n280_281    0.00%    passed     85.95%
  26  n293_294    0.00%    passed     91.02%
****  TOTAL       0.00%  3 sequences failed composition chi2 test (p-value<5%; df=3)

Create initial parsimony tree by phylogenetic likelihood library (PLL)... 0.002 seconds

NOTE: 1 MB RAM is required!
Estimate model parameters (epsilon = 0.100)
1. Initial log-likelihood: -5366.896
2. Current log-likelihood: -5281.801
3. Current log-likelihood: -5268.742
4. Current log-likelihood: -5266.534
5. Current log-likelihood: -5266.158
Optimal log-likelihood: -5266.088
Rate parameters:  A-C: 0.933  A-G: 1.094  A-T: 0.782  C-G: 0.764  C-T: 1.264  G-T: 1.000
Base frequencies:   A: 0.244  C: 0.275  G: 0.239  T: 0.243
Gamma shape alpha: 4.265
Parameters optimization took 5 rounds (0.067 sec)
--------------------------------------------------------------------
|             INITIALIZING CANDIDATE TREE SET                      |
--------------------------------------------------------------------
Computing ML distances based on estimated model parameters... 0.004 sec
WARNING: Some pairwise ML distances are too long (saturated)
Computing BIONJ tree...
0.000 seconds
Log-likelihood of BIONJ tree: -5264.980
Generating 98 parsimony trees... 0.148 seconds 10 distinct starting trees
Computing log-likelihood of 10 initial trees ... 0.024 seconds
Optimizing top 10 initial trees with NNI...
Iteration 1 / LogL: -5264.587 / Time: 0h:0m:0s
Estimate model parameters (epsilon = 0.100)
BETTER TREE FOUND at iteration 1: -5264.413
Iteration 2 / LogL: -5264.477 / Time: 0h:0m:0s
Iteration 3 / LogL: -5264.479 / Time: 0h:0m:0s
Iteration 4 / LogL: -5264.478 / Time: 0h:0m:0s
Iteration 5 / LogL: -5264.420 / Time: 0h:0m:0s
Iteration 6 / LogL: -5264.480 / Time: 0h:0m:0s
Iteration 7 / LogL: -5264.482 / Time: 0h:0m:0s
Iteration 8 / LogL: -5264.482 / Time: 0h:0m:0s
Iteration 9 / LogL: -5264.482 / Time: 0h:0m:0s
Iteration 10 / LogL: -5264.482 / Time: 0h:0m:0s
Average CPU time for 1 NNI search: 0.016
Finish initializing candidate tree set. Number of distinct locally optimal trees: 3
Current best tree score: -5264.413 / CPU time: 0.324
--------------------------------------------------------------------
|               OPTIMIZING CANDIDATE TREE SET                      |
--------------------------------------------------------------------
Estimate model parameters (epsilon = 0.010)
BETTER TREE FOUND at iteration 11: -5263.852
Iteration 20 / LogL: -5265.014 / Time: 0h:0m:0s (0h:0m:3s left)
Iteration 30 / LogL: -5278.537 / Time: 0h:0m:1s (0h:0m:3s left)
Iteration 40 / LogL: -5265.198 / Time: 0h:0m:1s (0h:0m:2s left)
Iteration 50 / LogL: -5264.142 / Time: 0h:0m:1s (0h:0m:2s left)
Iteration 60 / LogL: -5264.334 / Time: 0h:0m:1s (0h:0m:1s left)
Estimate model parameters (epsilon = 0.010)
UPDATE BEST LOG-LIKELIHOOD: -5263.806
Iteration 70 / LogL: -5269.398 / Time: 0h:0m:2s (0h:0m:1s left)
Iteration 80 / LogL: -5264.162 / Time: 0h:0m:2s (0h:0m:1s left)
Iteration 90 / LogL: -5264.080 / Time: 0h:0m:2s (0h:0m:0s left)
Iteration 100 / LogL: -5264.354 / Time: 0h:0m:3s (0h:0m:0s left)
Iteration 110 / LogL: -5264.850 / Time: 0h:0m:3s (0h:0m:0s left)
TREE SEARCH COMPLETED AFTER 111 ITERATIONS / Time: 0h:0m:3s

--------------------------------------------------------------------
|                    FINALIZING TREE SEARCH                        |
--------------------------------------------------------------------
Performs final model parameters optimization
Estimate model parameters (epsilon = 0.010)
1. Initial log-likelihood: -5263.806
Optimal log-likelihood: -5263.805
Rate parameters:  A-C: 0.913  A-G: 1.097  A-T: 0.784  C-G: 0.757  C-T: 1.242  G-T: 1.000
Base frequencies:   A: 0.244  C: 0.275  G: 0.239  T: 0.243
Gamma shape alpha: 4.485
Parameters optimization took 1 rounds (0.007 sec)
BEST SCORE FOUND : -5263.805

Testing tree branches by SH-like aLRT with 1000 replicates...
CPU Time used:  0.116 sec.
Total tree length: 8.655

Total number of iterations: 111
CPU time used for tree search: 3.504 sec (0h:0m:3s)
Wall-clock time used for tree search: 3.506 sec (0h:0m:3s)
Total CPU time used: 3.728 sec (0h:0m:3s)
Total wall-clock time used: 3.734 sec (0h:0m:3s)

Analysis results written to: 
  IQ-TREE report:                ../simulations/data_D10T10L20I10T10//S/110_pruned.fasta.iqtree
  Maximum-likelihood tree:       ../simulations/data_D10T10L20I10T10//S/110_pruned.fasta.treefile
  Likelihood distances:          ../simulations/data_D10T10L20I10T10//S/110_pruned.fasta.mldist
  Screen log file:               ../simulations/data_D10T10L20I10T10//S/110_pruned.fasta.log

Date and Time: Mon Jun  4 00:36:12 2018
