IQ-TREE version 1.4.2 for Linux 64-bit built Apr 15 2016
Copyright (c) 2011-2015 Nguyen Lam Tung, Olga Chernomor, Arndt von Haeseler and Bui Quang Minh.

Host:    meduse (AVX2, FMA3, 7 GB RAM)
Command: iqtree -s ../simulations/data_D10T10L20I10T10//S/11_pruned.fasta -m GTR+G -alrt 1000 -redo
Seed:    741320 (Using SPRNG - Scalable Parallel Random Number Generator)
Time:    Mon Jun  4 00:16:14 2018
Kernel:  AVX

NOTE: Consider using the multicore version because your CPU has 4 cores!

Reading alignment file ../simulations/data_D10T10L20I10T10//S/11_pruned.fasta ... Fasta format detected
Alignment most likely contains DNA/RNA sequences
Alignment has 26 sequences with 300 columns and 300 patterns (295 informative sites)
          Gap/Ambiguity  Composition  p-value
   1  n244_243    0.00%    passed     96.20%
   2  n274_273    0.00%    passed     98.35%
   3  n299_298    0.00%    passed     71.26%
   4  n293_292    0.00%    passed     92.61%
   5  n289_288    0.00%    passed     87.71%
   6  n277_276    0.00%    passed     19.58%
   7  n265_264    0.00%    passed     25.56%
   8  n200_201    0.00%    passed     88.77%
   9  n278_277    0.00%    passed     40.98%
  10  n287_286    0.00%    passed     93.69%
  11  n275_274    0.00%    passed     95.88%
  12  n266_265    0.00%    passed     35.33%
  13  n236_235    0.00%    passed     58.57%
  14  n290_289    0.00%    passed     95.18%
  15  n251_250    0.00%    passed     48.37%
  16  n285_284    0.00%    passed     54.38%
  17  n286_285    0.00%    passed     48.72%
  18  n255_254    0.00%    passed     56.40%
  19  n294_293    0.00%    passed     94.14%
  20  n295_294    0.00%    passed     79.35%
  21  n296_295    0.00%    passed     92.54%
  22  n292_291    0.00%    passed     92.54%
  23  n280_279    0.00%    passed     80.78%
  24  n298_297    0.00%    passed     87.04%
  25  n297_296    0.00%    passed     69.41%
  26  n300_299    0.00%    passed     81.69%
****  TOTAL       0.00%  0 sequences failed composition chi2 test (p-value<5%; df=3)

Create initial parsimony tree by phylogenetic likelihood library (PLL)... 0.001 seconds

NOTE: 1 MB RAM is required!
Estimate model parameters (epsilon = 0.100)
1. Initial log-likelihood: -5334.614
2. Current log-likelihood: -5242.827
3. Current log-likelihood: -5227.485
4. Current log-likelihood: -5223.744
5. Current log-likelihood: -5223.185
Optimal log-likelihood: -5223.075
Rate parameters:  A-C: 1.204  A-G: 1.197  A-T: 1.091  C-G: 0.911  C-T: 1.590  G-T: 1.000
Base frequencies:   A: 0.249  C: 0.278  G: 0.260  T: 0.212
Gamma shape alpha: 5.535
Parameters optimization took 5 rounds (0.060 sec)
--------------------------------------------------------------------
|             INITIALIZING CANDIDATE TREE SET                      |
--------------------------------------------------------------------
Computing ML distances based on estimated model parameters... 0.004 sec
WARNING: Some pairwise ML distances are too long (saturated)
Computing BIONJ tree...
0.000 seconds
Log-likelihood of BIONJ tree: -5233.076
Generating 98 parsimony trees... 0.152 seconds 2 distinct starting trees
Computing log-likelihood of 2 initial trees ... 0.000 seconds
Optimizing top 2 initial trees with NNI...
Iteration 1 / LogL: -5223.075 / Time: 0h:0m:0s
Estimate model parameters (epsilon = 0.100)
BETTER SCORE FOUND at iteration 1: -5223.059
Iteration 2 / LogL: -5223.182 / Time: 0h:0m:0s
Average CPU time for 1 NNI search: 0.012
Finish initializing candidate tree set. Number of distinct locally optimal trees: 1
Current best tree score: -5223.059 / CPU time: 0.176
--------------------------------------------------------------------
|               OPTIMIZING CANDIDATE TREE SET                      |
--------------------------------------------------------------------
Iteration 10 / LogL: -5228.140 / Time: 0h:0m:0s
Estimate model parameters (epsilon = 0.010)
BETTER TREE FOUND at iteration 18: -5222.329
Iteration 20 / LogL: -5225.183 / Time: 0h:0m:0s (0h:0m:4s left)
Iteration 30 / LogL: -5223.086 / Time: 0h:0m:1s (0h:0m:3s left)
Iteration 40 / LogL: -5224.822 / Time: 0h:0m:1s (0h:0m:3s left)
Iteration 50 / LogL: -5230.618 / Time: 0h:0m:1s (0h:0m:2s left)
Iteration 60 / LogL: -5224.634 / Time: 0h:0m:2s (0h:0m:2s left)
Iteration 70 / LogL: -5223.931 / Time: 0h:0m:2s (0h:0m:1s left)
Iteration 80 / LogL: -5225.252 / Time: 0h:0m:2s (0h:0m:1s left)
Iteration 90 / LogL: -5224.711 / Time: 0h:0m:3s (0h:0m:0s left)
Iteration 100 / LogL: -5222.852 / Time: 0h:0m:3s (0h:0m:0s left)
Iteration 110 / LogL: -5225.292 / Time: 0h:0m:3s (0h:0m:0s left)
TREE SEARCH COMPLETED AFTER 118 ITERATIONS / Time: 0h:0m:3s

--------------------------------------------------------------------
|                    FINALIZING TREE SEARCH                        |
--------------------------------------------------------------------
Performs final model parameters optimization
Estimate model parameters (epsilon = 0.010)
1. Initial log-likelihood: -5222.325
2. Current log-likelihood: -5222.273
Optimal log-likelihood: -5222.267
Rate parameters:  A-C: 1.196  A-G: 1.191  A-T: 1.081  C-G: 0.921  C-T: 1.578  G-T: 1.000
Base frequencies:   A: 0.249  C: 0.278  G: 0.260  T: 0.212
Gamma shape alpha: 5.314
Parameters optimization took 2 rounds (0.013 sec)
BEST SCORE FOUND : -5222.267

Testing tree branches by SH-like aLRT with 1000 replicates...
CPU Time used:  0.120 sec.
Total tree length: 8.620

Total number of iterations: 118
CPU time used for tree search: 3.844 sec (0h:0m:3s)
Wall-clock time used for tree search: 3.844 sec (0h:0m:3s)
Total CPU time used: 4.084 sec (0h:0m:4s)
Total wall-clock time used: 4.084 sec (0h:0m:4s)

Analysis results written to: 
  IQ-TREE report:                ../simulations/data_D10T10L20I10T10//S/11_pruned.fasta.iqtree
  Maximum-likelihood tree:       ../simulations/data_D10T10L20I10T10//S/11_pruned.fasta.treefile
  Likelihood distances:          ../simulations/data_D10T10L20I10T10//S/11_pruned.fasta.mldist
  Screen log file:               ../simulations/data_D10T10L20I10T10//S/11_pruned.fasta.log

Date and Time: Mon Jun  4 00:16:18 2018
