IQ-TREE version 1.4.2 for Linux 64-bit built Apr 15 2016
Copyright (c) 2011-2015 Nguyen Lam Tung, Olga Chernomor, Arndt von Haeseler and Bui Quang Minh.

Host:    meduse (AVX2, FMA3, 7 GB RAM)
Command: iqtree -s ../simulations/data_D8T8L15I8T8//S/121_pruned.fasta -m GTR+G -alrt 1000 -redo
Seed:    637630 (Using SPRNG - Scalable Parallel Random Number Generator)
Time:    Fri May 25 22:51:11 2018
Kernel:  AVX

NOTE: Consider using the multicore version because your CPU has 4 cores!

Reading alignment file ../simulations/data_D8T8L15I8T8//S/121_pruned.fasta ... Fasta format detected
Alignment most likely contains DNA/RNA sequences
Alignment has 26 sequences with 300 columns and 178 patterns (155 informative sites)
          Gap/Ambiguity  Composition  p-value
   1  n287_288    0.00%    passed     96.90%
   2  n290_291    0.00%    passed     97.87%
   3  n236_237    0.00%    passed     83.18%
   4  n278_279    0.00%    passed     96.92%
   5  n285_286    0.00%    passed     73.45%
   6  n265_266    0.00%    passed     98.45%
   7  n280_281    0.00%    passed     87.00%
   8  n299_300    0.00%    passed     94.47%
   9  n293_294    0.00%    passed     96.52%
  10  n274_275    0.00%    passed     96.52%
  11  n292_293    0.00%    passed     94.47%
  12  n296_297    0.00%    passed     94.29%
  13  n294_295    0.00%    passed     98.24%
  14  n275_276    0.00%    passed     96.25%
  15  n297_298    0.00%    passed     95.40%
  16  n289_290    0.00%    passed     97.87%
  17  n286_287    0.00%    passed     71.29%
  18  n255_256    0.00%    passed     89.31%
  19  n295_296    0.00%    passed     95.71%
  20  n266_267    0.00%    passed     92.90%
  21  n244_245    0.00%    passed     83.61%
  22  n298_299    0.00%    passed     95.40%
  23  n300_301    0.00%    passed     94.47%
  24  n200_201    0.00%    passed     96.53%
  25  n277_278    0.00%    passed     96.31%
  26  n251_252    0.00%    passed     96.90%
****  TOTAL       0.00%  0 sequences failed composition chi2 test (p-value<5%; df=3)
NOTE: 4 identical sequences (see below) will be ignored for subsequent analysis
NOTE: n289_290 (identical to n290_291) is ignored but added at the end
NOTE: n292_293 (identical to n299_300) is ignored but added at the end
NOTE: n300_301 (identical to n299_300) is ignored but added at the end
NOTE: n298_299 (identical to n297_298) is ignored but added at the end

Create initial parsimony tree by phylogenetic likelihood library (PLL)... 0.001 seconds

NOTE: 0 MB RAM is required!
Estimate model parameters (epsilon = 0.100)
1. Initial log-likelihood: -2071.598
2. Current log-likelihood: -2042.206
3. Current log-likelihood: -2041.755
4. Current log-likelihood: -2041.640
Optimal log-likelihood: -2041.567
Rate parameters:  A-C: 1.400  A-G: 1.474  A-T: 0.933  C-G: 1.358  C-T: 1.399  G-T: 1.000
Base frequencies:   A: 0.256  C: 0.229  G: 0.249  T: 0.266
Gamma shape alpha: 5.202
Parameters optimization took 4 rounds (0.034 sec)
--------------------------------------------------------------------
|             INITIALIZING CANDIDATE TREE SET                      |
--------------------------------------------------------------------
Computing ML distances based on estimated model parameters... 0.000 sec
Computing BIONJ tree...
0.000 seconds
Log-likelihood of BIONJ tree: -2041.672
Generating 98 parsimony trees... 0.147 seconds 2 distinct starting trees
Computing log-likelihood of 2 initial trees ... 0.000 seconds
Optimizing top 2 initial trees with NNI...
Iteration 1 / LogL: -2041.567 / Time: 0h:0m:0s
Estimate model parameters (epsilon = 0.100)
BETTER SCORE FOUND at iteration 1: -2041.513
Iteration 2 / LogL: -2041.514 / Time: 0h:0m:0s
Average CPU time for 1 NNI search: 0.010
Finish initializing candidate tree set. Number of distinct locally optimal trees: 1
Current best tree score: -2041.513 / CPU time: 0.164
--------------------------------------------------------------------
|               OPTIMIZING CANDIDATE TREE SET                      |
--------------------------------------------------------------------
Iteration 10 / LogL: -2041.529 / Time: 0h:0m:0s
Iteration 20 / LogL: -2041.578 / Time: 0h:0m:0s (0h:0m:2s left)
Iteration 30 / LogL: -2041.584 / Time: 0h:0m:0s (0h:0m:2s left)
Iteration 40 / LogL: -2041.515 / Time: 0h:0m:1s (0h:0m:1s left)
Iteration 50 / LogL: -2041.514 / Time: 0h:0m:1s (0h:0m:1s left)
Iteration 60 / LogL: -2041.514 / Time: 0h:0m:1s (0h:0m:1s left)
Iteration 70 / LogL: -2041.514 / Time: 0h:0m:2s (0h:0m:0s left)
Iteration 80 / LogL: -2041.515 / Time: 0h:0m:2s (0h:0m:0s left)
Iteration 90 / LogL: -2041.515 / Time: 0h:0m:2s (0h:0m:0s left)
Iteration 100 / LogL: -2041.521 / Time: 0h:0m:2s (0h:0m:0s left)
TREE SEARCH COMPLETED AFTER 101 ITERATIONS / Time: 0h:0m:3s

--------------------------------------------------------------------
|                    FINALIZING TREE SEARCH                        |
--------------------------------------------------------------------
Performs final model parameters optimization
Estimate model parameters (epsilon = 0.010)
1. Initial log-likelihood: -2041.513
2. Current log-likelihood: -2041.479
3. Current log-likelihood: -2041.454
Optimal log-likelihood: -2041.451
Rate parameters:  A-C: 1.484  A-G: 1.560  A-T: 0.995  C-G: 1.439  C-T: 1.482  G-T: 1.000
Base frequencies:   A: 0.256  C: 0.229  G: 0.249  T: 0.266
Gamma shape alpha: 5.212
Parameters optimization took 3 rounds (0.016 sec)
BEST SCORE FOUND : -2041.451

Testing tree branches by SH-like aLRT with 1000 replicates...
CPU Time used:  0.140 sec.
Total tree length: 1.200

Total number of iterations: 101
CPU time used for tree search: 2.896 sec (0h:0m:2s)
Wall-clock time used for tree search: 2.959 sec (0h:0m:2s)
Total CPU time used: 3.104 sec (0h:0m:3s)
Total wall-clock time used: 3.177 sec (0h:0m:3s)

Analysis results written to: 
  IQ-TREE report:                ../simulations/data_D8T8L15I8T8//S/121_pruned.fasta.iqtree
  Maximum-likelihood tree:       ../simulations/data_D8T8L15I8T8//S/121_pruned.fasta.treefile
  Likelihood distances:          ../simulations/data_D8T8L15I8T8//S/121_pruned.fasta.mldist
  Screen log file:               ../simulations/data_D8T8L15I8T8//S/121_pruned.fasta.log

Date and Time: Fri May 25 22:51:14 2018
