IQ-TREE version 1.4.2 for Linux 64-bit built Apr 15 2016
Copyright (c) 2011-2015 Nguyen Lam Tung, Olga Chernomor, Arndt von Haeseler and Bui Quang Minh.

Host:    meduse (AVX2, FMA3, 7 GB RAM)
Command: iqtree -s ../simulations/data_D10T10L20I10T10//S/133_pruned.fasta -m GTR+G -alrt 1000 -redo
Seed:    280612 (Using SPRNG - Scalable Parallel Random Number Generator)
Time:    Fri Jun  1 10:35:59 2018
Kernel:  AVX

NOTE: Consider using the multicore version because your CPU has 4 cores!

Reading alignment file ../simulations/data_D10T10L20I10T10//S/133_pruned.fasta ... Fasta format detected
Alignment most likely contains DNA/RNA sequences
Alignment has 33 sequences with 300 columns and 196 patterns (181 informative sites)
          Gap/Ambiguity  Composition  p-value
   1  n295_338    0.00%    passed     97.09%
   2  n274_307    0.00%    passed     49.29%
   3  n280_319    0.00%    passed     75.45%
   4  n278_313    0.00%    passed     96.43%
   5  n300_345    0.00%    passed     81.42%
   6  n286_327    0.00%    passed     97.00%
   7  n300_343    0.00%    passed     34.55%
   8  n244_269    0.00%    passed     94.39%
   9  n294_337    0.00%    passed     94.77%
  10  n236_261    0.00%    passed     72.59%
  11  n290_331    0.00%    passed     99.02%
  12  n298_341    0.00%    passed     91.19%
  13  n293_336    0.00%    passed     93.79%
  14  n275_310    0.00%    passed     96.33%
  15  n255_282    0.00%    passed     80.12%
  16  n297_340    0.00%    passed     91.19%
  17  n292_335    0.00%    passed     72.34%
  18  n277_314    0.00%    passed     70.60%
  19  n285_326    0.00%    passed     93.10%
  20  n292_333    0.00%    passed     36.06%
  21  n265_296    0.00%    passed     59.12%
  22  n296_339    0.00%    passed     95.76%
  23  n280_317    0.00%    passed     29.88%
  24  n299_344    0.00%    passed     75.20%
  25  n200_215    0.00%    passed     62.22%
  26  n251_276    0.00%    passed     52.11%
  27  n287_328    0.00%    passed     98.62%
  28  n278_315    0.00%    passed     72.90%
  29  n266_297    0.00%    passed     66.22%
  30  n274_309    0.00%    passed     82.46%
  31  n289_330    0.00%    passed     99.03%
  32  n277_312    0.00%    passed     90.64%
  33  n299_342    0.00%    passed     34.55%
****  TOTAL       0.00%  0 sequences failed composition chi2 test (p-value<5%; df=3)
NOTE: 2 identical sequences (see below) will be ignored for subsequent analysis
NOTE: n299_342 (identical to n300_343) is ignored but added at the end
NOTE: n297_340 (identical to n298_341) is ignored but added at the end

Create initial parsimony tree by phylogenetic likelihood library (PLL)... 0.001 seconds

NOTE: 0 MB RAM is required!
Estimate model parameters (epsilon = 0.100)
1. Initial log-likelihood: -2389.419
2. Current log-likelihood: -2340.962
3. Current log-likelihood: -2340.714
Optimal log-likelihood: -2340.692
Rate parameters:  A-C: 0.914  A-G: 0.765  A-T: 0.875  C-G: 0.718  C-T: 1.029  G-T: 1.000
Base frequencies:   A: 0.242  C: 0.269  G: 0.261  T: 0.228
Gamma shape alpha: 7.297
Parameters optimization took 3 rounds (0.023 sec)
--------------------------------------------------------------------
|             INITIALIZING CANDIDATE TREE SET                      |
--------------------------------------------------------------------
Computing ML distances based on estimated model parameters... 0.004 sec
Computing BIONJ tree...
0.000 seconds
Log-likelihood of BIONJ tree: -2340.623
Generating 98 parsimony trees... 0.128 seconds 91 distinct starting trees
Computing log-likelihood of 91 initial trees ... 0.202 seconds
Optimizing top 20 initial trees with NNI...
Iteration 1 / LogL: -2340.603 / Time: 0h:0m:0s
Estimate model parameters (epsilon = 0.100)
BETTER SCORE FOUND at iteration 1: -2340.589
Iteration 2 / LogL: -2340.591 / Time: 0h:0m:0s
Iteration 3 / LogL: -2340.591 / Time: 0h:0m:0s
Iteration 4 / LogL: -2340.591 / Time: 0h:0m:0s
Iteration 5 / LogL: -2340.591 / Time: 0h:0m:0s
Iteration 6 / LogL: -2340.591 / Time: 0h:0m:0s
Iteration 7 / LogL: -2340.591 / Time: 0h:0m:0s
Iteration 8 / LogL: -2340.591 / Time: 0h:0m:0s
Iteration 9 / LogL: -2340.591 / Time: 0h:0m:0s
Iteration 10 / LogL: -2340.591 / Time: 0h:0m:0s
Iteration 11 / LogL: -2340.591 / Time: 0h:0m:0s
Iteration 12 / LogL: -2340.591 / Time: 0h:0m:0s
Iteration 13 / LogL: -2340.591 / Time: 0h:0m:0s
Iteration 14 / LogL: -2340.591 / Time: 0h:0m:0s
Iteration 15 / LogL: -2340.591 / Time: 0h:0m:0s
Iteration 16 / LogL: -2340.591 / Time: 0h:0m:0s
Iteration 17 / LogL: -2340.591 / Time: 0h:0m:0s
Iteration 18 / LogL: -2340.591 / Time: 0h:0m:0s
Iteration 19 / LogL: -2340.589 / Time: 0h:0m:0s
Iteration 20 / LogL: -2340.589 / Time: 0h:0m:0s
Average CPU time for 1 NNI search: 0.006
Finish initializing candidate tree set. Number of distinct locally optimal trees: 19
Current best tree score: -2340.589 / CPU time: 0.448
--------------------------------------------------------------------
|               OPTIMIZING CANDIDATE TREE SET                      |
--------------------------------------------------------------------
Iteration 30 / LogL: -2340.589 / Time: 0h:0m:0s (0h:0m:1s left)
Iteration 40 / LogL: -2353.726 / Time: 0h:0m:0s (0h:0m:1s left)
Iteration 50 / LogL: -2430.930 / Time: 0h:0m:1s (0h:0m:1s left)
Iteration 60 / LogL: -2340.627 / Time: 0h:0m:1s (0h:0m:0s left)
Iteration 70 / LogL: -2340.589 / Time: 0h:0m:1s (0h:0m:0s left)
Iteration 80 / LogL: -2340.589 / Time: 0h:0m:1s (0h:0m:0s left)
Iteration 90 / LogL: -2340.589 / Time: 0h:0m:1s (0h:0m:0s left)
Iteration 100 / LogL: -2349.908 / Time: 0h:0m:2s (0h:0m:0s left)
TREE SEARCH COMPLETED AFTER 101 ITERATIONS / Time: 0h:0m:2s

--------------------------------------------------------------------
|                    FINALIZING TREE SEARCH                        |
--------------------------------------------------------------------
Performs final model parameters optimization
Estimate model parameters (epsilon = 0.010)
1. Initial log-likelihood: -2340.589
Optimal log-likelihood: -2340.584
Rate parameters:  A-C: 0.920  A-G: 0.777  A-T: 0.887  C-G: 0.729  C-T: 1.041  G-T: 1.000
Base frequencies:   A: 0.242  C: 0.269  G: 0.261  T: 0.228
Gamma shape alpha: 7.638
Parameters optimization took 1 rounds (0.008 sec)
BEST SCORE FOUND : -2340.584

Testing tree branches by SH-like aLRT with 1000 replicates...
CPU Time used:  0.128 sec.
Total tree length: 1.393

Total number of iterations: 101
CPU time used for tree search: 2.156 sec (0h:0m:2s)
Wall-clock time used for tree search: 2.158 sec (0h:0m:2s)
Total CPU time used: 2.332 sec (0h:0m:2s)
Total wall-clock time used: 2.331 sec (0h:0m:2s)

Analysis results written to: 
  IQ-TREE report:                ../simulations/data_D10T10L20I10T10//S/133_pruned.fasta.iqtree
  Maximum-likelihood tree:       ../simulations/data_D10T10L20I10T10//S/133_pruned.fasta.treefile
  Likelihood distances:          ../simulations/data_D10T10L20I10T10//S/133_pruned.fasta.mldist
  Screen log file:               ../simulations/data_D10T10L20I10T10//S/133_pruned.fasta.log

Date and Time: Fri Jun  1 10:36:01 2018
