IQ-TREE version 1.4.2 for Linux 64-bit built Apr 15 2016
Copyright (c) 2011-2015 Nguyen Lam Tung, Olga Chernomor, Arndt von Haeseler and Bui Quang Minh.

Host:    meduse (AVX2, FMA3, 7 GB RAM)
Command: iqtree -s ../simulations/data_D10T10L20I10T10//S/140_pruned.fasta -m GTR+G -alrt 1000 -redo
Seed:    80956 (Using SPRNG - Scalable Parallel Random Number Generator)
Time:    Mon Jun  4 01:05:20 2018
Kernel:  AVX

NOTE: Consider using the multicore version because your CPU has 4 cores!

Reading alignment file ../simulations/data_D10T10L20I10T10//S/140_pruned.fasta ... Fasta format detected
Alignment most likely contains DNA/RNA sequences
Alignment has 26 sequences with 300 columns and 300 patterns (294 informative sites)
          Gap/Ambiguity  Composition  p-value
   1  n265_270    0.00%    passed     88.11%
   2  n298_303    0.00%    passed     47.46%
   3  n251_256    0.00%    passed     31.85%
   4  n275_280    0.00%    passed     30.86%
   5  n277_282    0.00%    passed     88.60%
   6  n200_205    0.00%    passed     26.24%
   7  n299_304    0.00%    passed     77.29%
   8  n296_301    0.00%    passed     72.24%
   9  n266_271    0.00%    passed     38.67%
  10  n290_295    0.00%    passed     94.98%
  11  n292_297    0.00%    passed     99.77%
  12  n293_298    0.00%    passed     55.69%
  13  n289_294    0.00%    passed     86.10%
  14  n295_300    0.00%    passed     89.16%
  15  n280_285    0.00%    passed     62.48%
  16  n236_241    0.00%    passed     78.59%
  17  n294_299    0.00%    passed     78.05%
  18  n300_305    0.00%    passed     58.64%
  19  n244_249    0.00%    passed     88.07%
  20  n285_290    0.00%    passed     82.18%
  21  n287_292    0.00%    passed     90.68%
  22  n297_302    0.00%    passed     34.38%
  23  n278_283    0.00%    passed     51.36%
  24  n286_291    0.00%    passed     67.79%
  25  n274_279    0.00%    passed     49.05%
  26  n255_260    0.00%    passed     34.37%
****  TOTAL       0.00%  0 sequences failed composition chi2 test (p-value<5%; df=3)

Create initial parsimony tree by phylogenetic likelihood library (PLL)... 0.002 seconds

NOTE: 1 MB RAM is required!
Estimate model parameters (epsilon = 0.100)
1. Initial log-likelihood: -5413.494
2. Current log-likelihood: -5320.829
3. Current log-likelihood: -5307.004
4. Current log-likelihood: -5304.456
5. Current log-likelihood: -5303.857
6. Current log-likelihood: -5303.717
Optimal log-likelihood: -5303.635
Rate parameters:  A-C: 1.034  A-G: 0.988  A-T: 0.863  C-G: 1.087  C-T: 1.396  G-T: 1.000
Base frequencies:   A: 0.248  C: 0.274  G: 0.237  T: 0.242
Gamma shape alpha: 4.222
Parameters optimization took 6 rounds (0.066 sec)
--------------------------------------------------------------------
|             INITIALIZING CANDIDATE TREE SET                      |
--------------------------------------------------------------------
Computing ML distances based on estimated model parameters... 0.004 sec
WARNING: Some pairwise ML distances are too long (saturated)
Computing BIONJ tree...
0.001 seconds
Log-likelihood of BIONJ tree: -5304.053
Generating 98 parsimony trees... 0.166 seconds 16 distinct starting trees
Computing log-likelihood of 16 initial trees ... 0.045 seconds
Optimizing top 16 initial trees with NNI...
Iteration 1 / LogL: -5303.102 / Time: 0h:0m:0s
Estimate model parameters (epsilon = 0.100)
BETTER TREE FOUND at iteration 1: -5303.036
Iteration 2 / LogL: -5303.044 / Time: 0h:0m:0s
Iteration 3 / LogL: -5303.044 / Time: 0h:0m:0s
Iteration 4 / LogL: -5303.242 / Time: 0h:0m:0s
Iteration 5 / LogL: -5303.057 / Time: 0h:0m:0s
Iteration 6 / LogL: -5303.057 / Time: 0h:0m:0s
Iteration 7 / LogL: -5303.057 / Time: 0h:0m:0s
Iteration 8 / LogL: -5302.973 / Time: 0h:0m:0s
Estimate model parameters (epsilon = 0.100)
BETTER TREE FOUND at iteration 8: -5302.895
Iteration 9 / LogL: -5302.962 / Time: 0h:0m:0s
Iteration 10 / LogL: -5302.962 / Time: 0h:0m:0s
Iteration 11 / LogL: -5302.950 / Time: 0h:0m:0s
Iteration 12 / LogL: -5302.950 / Time: 0h:0m:0s
Iteration 13 / LogL: -5302.950 / Time: 0h:0m:0s
Iteration 14 / LogL: -5302.961 / Time: 0h:0m:0s
Iteration 15 / LogL: -5302.950 / Time: 0h:0m:0s
Iteration 16 / LogL: -5302.950 / Time: 0h:0m:0s
Average CPU time for 1 NNI search: 0.022
Finish initializing candidate tree set. Number of distinct locally optimal trees: 7
Current best tree score: -5302.895 / CPU time: 0.556
--------------------------------------------------------------------
|               OPTIMIZING CANDIDATE TREE SET                      |
--------------------------------------------------------------------
Estimate model parameters (epsilon = 0.010)
BETTER TREE FOUND at iteration 19: -5302.832
Iteration 20 / LogL: -5302.803 / Time: 0h:0m:0s (0h:0m:4s left)
Estimate model parameters (epsilon = 0.010)
BETTER TREE FOUND at iteration 20: -5302.775
Iteration 30 / LogL: -5302.924 / Time: 0h:0m:1s (0h:0m:3s left)
Iteration 40 / LogL: -5302.923 / Time: 0h:0m:1s (0h:0m:3s left)
Iteration 50 / LogL: -5302.766 / Time: 0h:0m:1s (0h:0m:2s left)
Estimate model parameters (epsilon = 0.010)
UPDATE BEST LOG-LIKELIHOOD: -5302.446
Iteration 60 / LogL: -5302.752 / Time: 0h:0m:2s (0h:0m:2s left)
Iteration 70 / LogL: -5303.488 / Time: 0h:0m:2s (0h:0m:1s left)
Iteration 80 / LogL: -5304.967 / Time: 0h:0m:2s (0h:0m:1s left)
Iteration 90 / LogL: -5304.791 / Time: 0h:0m:3s (0h:0m:1s left)
Iteration 100 / LogL: -5305.164 / Time: 0h:0m:3s (0h:0m:0s left)
Iteration 110 / LogL: -5302.848 / Time: 0h:0m:3s (0h:0m:0s left)
Iteration 120 / LogL: -5302.803 / Time: 0h:0m:4s (0h:0m:0s left)
TREE SEARCH COMPLETED AFTER 120 ITERATIONS / Time: 0h:0m:4s

--------------------------------------------------------------------
|                    FINALIZING TREE SEARCH                        |
--------------------------------------------------------------------
Performs final model parameters optimization
Estimate model parameters (epsilon = 0.010)
1. Initial log-likelihood: -5302.446
Optimal log-likelihood: -5302.433
Rate parameters:  A-C: 1.028  A-G: 0.965  A-T: 0.864  C-G: 1.099  C-T: 1.408  G-T: 1.000
Base frequencies:   A: 0.248  C: 0.274  G: 0.237  T: 0.242
Gamma shape alpha: 4.084
Parameters optimization took 1 rounds (0.007 sec)
BEST SCORE FOUND : -5302.433

Testing tree branches by SH-like aLRT with 1000 replicates...
CPU Time used:  0.116 sec.
Total tree length: 10.505

Total number of iterations: 120
CPU time used for tree search: 4.076 sec (0h:0m:4s)
Wall-clock time used for tree search: 4.079 sec (0h:0m:4s)
Total CPU time used: 4.344 sec (0h:0m:4s)
Total wall-clock time used: 4.346 sec (0h:0m:4s)

Analysis results written to: 
  IQ-TREE report:                ../simulations/data_D10T10L20I10T10//S/140_pruned.fasta.iqtree
  Maximum-likelihood tree:       ../simulations/data_D10T10L20I10T10//S/140_pruned.fasta.treefile
  Likelihood distances:          ../simulations/data_D10T10L20I10T10//S/140_pruned.fasta.mldist
  Screen log file:               ../simulations/data_D10T10L20I10T10//S/140_pruned.fasta.log

Date and Time: Mon Jun  4 01:05:24 2018
