IQ-TREE version 1.4.2 for Linux 64-bit built Apr 15 2016
Copyright (c) 2011-2015 Nguyen Lam Tung, Olga Chernomor, Arndt von Haeseler and Bui Quang Minh.

Host:    meduse (AVX2, FMA3, 7 GB RAM)
Command: iqtree -s ../simulations/data_D10T10L20I10T10//S/155_pruned.fasta -m GTR+G -alrt 1000 -redo
Seed:    890307 (Using SPRNG - Scalable Parallel Random Number Generator)
Time:    Fri Jun  1 10:39:36 2018
Kernel:  AVX

NOTE: Consider using the multicore version because your CPU has 4 cores!

Reading alignment file ../simulations/data_D10T10L20I10T10//S/155_pruned.fasta ... Fasta format detected
Alignment most likely contains DNA/RNA sequences
Alignment has 26 sequences with 300 columns and 174 patterns (158 informative sites)
          Gap/Ambiguity  Composition  p-value
   1  n296_295    0.00%    passed     99.93%
   2  n292_291    0.00%    passed     99.01%
   3  n277_276    0.00%    passed     96.87%
   4  n299_298    0.00%    passed     99.53%
   5  n244_243    0.00%    passed     66.37%
   6  n278_277    0.00%    passed     96.72%
   7  n293_292    0.00%    passed     91.85%
   8  n290_289    0.00%    passed     98.29%
   9  n297_296    0.00%    passed     95.10%
  10  n275_274    0.00%    passed     95.10%
  11  n287_286    0.00%    passed     96.61%
  12  n266_265    0.00%    passed     85.41%
  13  n300_299    0.00%    passed     99.53%
  14  n265_264    0.00%    passed     90.25%
  15  n274_273    0.00%    passed     99.86%
  16  n295_294    0.00%    passed     99.92%
  17  n294_293    0.00%    passed     95.10%
  18  n280_279    0.00%    passed     99.14%
  19  n255_254    0.00%    passed     49.06%
  20  n285_284    0.00%    passed     98.73%
  21  n200_201    0.00%    passed     96.89%
  22  n289_288    0.00%    passed     97.94%
  23  n298_297    0.00%    passed     91.82%
  24  n236_235    0.00%    passed     95.96%
  25  n286_285    0.00%    passed     93.91%
  26  n251_250    0.00%    passed     66.34%
****  TOTAL       0.00%  0 sequences failed composition chi2 test (p-value<5%; df=3)
NOTE: 1 identical sequences (see below) will be ignored for subsequent analysis
NOTE: n300_299 (identical to n299_298) is ignored but added at the end

Create initial parsimony tree by phylogenetic likelihood library (PLL)... 0.001 seconds

NOTE: 0 MB RAM is required!
Estimate model parameters (epsilon = 0.100)
1. Initial log-likelihood: -1978.823
2. Current log-likelihood: -1951.430
3. Current log-likelihood: -1951.082
Optimal log-likelihood: -1951.069
Rate parameters:  A-C: 0.760  A-G: 0.759  A-T: 1.476  C-G: 0.872  C-T: 1.085  G-T: 1.000
Base frequencies:   A: 0.219  C: 0.268  G: 0.280  T: 0.233
Gamma shape alpha: 4.031
Parameters optimization took 3 rounds (0.024 sec)
--------------------------------------------------------------------
|             INITIALIZING CANDIDATE TREE SET                      |
--------------------------------------------------------------------
Computing ML distances based on estimated model parameters... 0.004 sec
Computing BIONJ tree...
0.000 seconds
Log-likelihood of BIONJ tree: -1951.068
Generating 98 parsimony trees... 0.084 seconds 62 distinct starting trees
Computing log-likelihood of 62 initial trees ... 0.111 seconds
Optimizing top 20 initial trees with NNI...
Iteration 1 / LogL: -1951.069 / Time: 0h:0m:0s
Estimate model parameters (epsilon = 0.100)
BETTER SCORE FOUND at iteration 1: -1951.066
Iteration 2 / LogL: -1951.067 / Time: 0h:0m:0s
Iteration 3 / LogL: -1951.068 / Time: 0h:0m:0s
Iteration 4 / LogL: -1951.068 / Time: 0h:0m:0s
Iteration 5 / LogL: -1951.068 / Time: 0h:0m:0s
Iteration 6 / LogL: -1951.068 / Time: 0h:0m:0s
Iteration 7 / LogL: -1951.068 / Time: 0h:0m:0s
Iteration 8 / LogL: -1951.068 / Time: 0h:0m:0s
Iteration 9 / LogL: -1951.068 / Time: 0h:0m:0s
Iteration 10 / LogL: -1951.068 / Time: 0h:0m:0s
Iteration 11 / LogL: -1951.068 / Time: 0h:0m:0s
Iteration 12 / LogL: -1951.068 / Time: 0h:0m:0s
Iteration 13 / LogL: -1951.068 / Time: 0h:0m:0s
Iteration 14 / LogL: -1951.068 / Time: 0h:0m:0s
Iteration 15 / LogL: -1951.068 / Time: 0h:0m:0s
Iteration 16 / LogL: -1951.068 / Time: 0h:0m:0s
Iteration 17 / LogL: -1951.068 / Time: 0h:0m:0s
Iteration 18 / LogL: -1951.068 / Time: 0h:0m:0s
Iteration 19 / LogL: -1951.068 / Time: 0h:0m:0s
Iteration 20 / LogL: -1951.068 / Time: 0h:0m:0s
Average CPU time for 1 NNI search: 0.004
Finish initializing candidate tree set. Number of distinct locally optimal trees: 20
Current best tree score: -1951.066 / CPU time: 0.276
--------------------------------------------------------------------
|               OPTIMIZING CANDIDATE TREE SET                      |
--------------------------------------------------------------------
Iteration 30 / LogL: -1958.960 / Time: 0h:0m:0s (0h:0m:1s left)
Iteration 40 / LogL: -1965.097 / Time: 0h:0m:0s (0h:0m:0s left)
Iteration 50 / LogL: -1951.194 / Time: 0h:0m:0s (0h:0m:0s left)
Iteration 60 / LogL: -1951.066 / Time: 0h:0m:0s (0h:0m:0s left)
Iteration 70 / LogL: -1951.066 / Time: 0h:0m:0s (0h:0m:0s left)
Iteration 80 / LogL: -1951.067 / Time: 0h:0m:1s (0h:0m:0s left)
Iteration 90 / LogL: -1951.142 / Time: 0h:0m:1s (0h:0m:0s left)
Iteration 100 / LogL: -1951.070 / Time: 0h:0m:1s (0h:0m:0s left)
TREE SEARCH COMPLETED AFTER 101 ITERATIONS / Time: 0h:0m:1s

--------------------------------------------------------------------
|                    FINALIZING TREE SEARCH                        |
--------------------------------------------------------------------
Performs final model parameters optimization
Estimate model parameters (epsilon = 0.010)
1. Initial log-likelihood: -1951.066
Optimal log-likelihood: -1951.065
Rate parameters:  A-C: 0.756  A-G: 0.757  A-T: 1.463  C-G: 0.868  C-T: 1.081  G-T: 1.000
Base frequencies:   A: 0.219  C: 0.268  G: 0.280  T: 0.233
Gamma shape alpha: 4.031
Parameters optimization took 1 rounds (0.005 sec)
BEST SCORE FOUND : -1951.065

Testing tree branches by SH-like aLRT with 1000 replicates...
CPU Time used:  0.100 sec.
Total tree length: 1.149

Total number of iterations: 101
CPU time used for tree search: 1.388 sec (0h:0m:1s)
Wall-clock time used for tree search: 1.395 sec (0h:0m:1s)
Total CPU time used: 1.536 sec (0h:0m:1s)
Total wall-clock time used: 1.542 sec (0h:0m:1s)

Analysis results written to: 
  IQ-TREE report:                ../simulations/data_D10T10L20I10T10//S/155_pruned.fasta.iqtree
  Maximum-likelihood tree:       ../simulations/data_D10T10L20I10T10//S/155_pruned.fasta.treefile
  Likelihood distances:          ../simulations/data_D10T10L20I10T10//S/155_pruned.fasta.mldist
  Screen log file:               ../simulations/data_D10T10L20I10T10//S/155_pruned.fasta.log

Date and Time: Fri Jun  1 10:39:38 2018
