IQ-TREE version 1.4.2 for Linux 64-bit built Apr 15 2016
Copyright (c) 2011-2015 Nguyen Lam Tung, Olga Chernomor, Arndt von Haeseler and Bui Quang Minh.

Host:    meduse (AVX2, FMA3, 7 GB RAM)
Command: iqtree -s ../simulations/data_D10T10L20I10T10//S/159_pruned.fasta -m GTR+G -alrt 1000 -redo
Seed:    316235 (Using SPRNG - Scalable Parallel Random Number Generator)
Time:    Mon Jun  4 00:54:13 2018
Kernel:  AVX

NOTE: Consider using the multicore version because your CPU has 4 cores!

Reading alignment file ../simulations/data_D10T10L20I10T10//S/159_pruned.fasta ... Fasta format detected
Alignment most likely contains DNA/RNA sequences
Alignment has 24 sequences with 300 columns and 298 patterns (284 informative sites)
          Gap/Ambiguity  Composition  p-value
   1  n265_252    0.00%    passed     63.30%
   2  n244_235    0.00%    passed     49.27%
   3  n299_286    0.00%    passed      7.75%
   4  n290_277    0.00%    passed     47.36%
   5  n200_201    0.00%    passed     48.79%
   6  n280_267    0.00%    passed     11.97%
   7  n295_282    0.00%    passed     51.15%
   8  n277_264    0.00%    passed     87.09%
   9  n293_280    0.00%    passed     45.23%
  10  n296_283    0.00%    passed     42.10%
  11  n298_285    0.00%    passed     48.88%
  12  n294_281    0.00%    passed     69.82%
  13  n297_284    0.00%    passed     48.49%
  14  n275_262    0.00%    passed     71.04%
  15  n266_253    0.00%    passed     40.94%
  16  n287_274    0.00%    passed     67.18%
  17  n236_229    0.00%    passed     66.95%
  18  n278_265    0.00%    passed     86.12%
  19  n285_272    0.00%    passed     20.40%
  20  n286_273    0.00%    passed     17.92%
  21  n300_287    0.00%    failed      3.16%
  22  n289_276    0.00%    passed     62.68%
  23  n274_261    0.00%    passed      8.03%
  24  n292_279    0.00%    passed      5.27%
****  TOTAL       0.00%  1 sequences failed composition chi2 test (p-value<5%; df=3)

Create initial parsimony tree by phylogenetic likelihood library (PLL)... 0.001 seconds

NOTE: 1 MB RAM is required!
Estimate model parameters (epsilon = 0.100)
1. Initial log-likelihood: -4640.518
2. Current log-likelihood: -4550.027
3. Current log-likelihood: -4539.944
4. Current log-likelihood: -4538.029
5. Current log-likelihood: -4537.579
Optimal log-likelihood: -4537.467
Rate parameters:  A-C: 0.940  A-G: 1.361  A-T: 1.027  C-G: 0.991  C-T: 1.424  G-T: 1.000
Base frequencies:   A: 0.233  C: 0.280  G: 0.259  T: 0.227
Gamma shape alpha: 3.588
Parameters optimization took 5 rounds (0.062 sec)
--------------------------------------------------------------------
|             INITIALIZING CANDIDATE TREE SET                      |
--------------------------------------------------------------------
Computing ML distances based on estimated model parameters... 0.000 sec
Computing BIONJ tree...
0.000 seconds
Log-likelihood of BIONJ tree: -4558.152
Generating 98 parsimony trees... 0.116 seconds 4 distinct starting trees
Computing log-likelihood of 4 initial trees ... 0.005 seconds
Optimizing top 4 initial trees with NNI...
Iteration 1 / LogL: -4537.334 / Time: 0h:0m:0s
Estimate model parameters (epsilon = 0.100)
BETTER TREE FOUND at iteration 1: -4537.250
Iteration 2 / LogL: -4537.445 / Time: 0h:0m:0s
Iteration 3 / LogL: -4537.666 / Time: 0h:0m:0s
Iteration 4 / LogL: -4537.243 / Time: 0h:0m:0s
Average CPU time for 1 NNI search: 0.014
Finish initializing candidate tree set. Number of distinct locally optimal trees: 1
Current best tree score: -4537.243 / CPU time: 0.176
--------------------------------------------------------------------
|               OPTIMIZING CANDIDATE TREE SET                      |
--------------------------------------------------------------------
Estimate model parameters (epsilon = 0.010)
BETTER TREE FOUND at iteration 7: -4536.884
Iteration 10 / LogL: -4540.043 / Time: 0h:0m:0s
Iteration 20 / LogL: -4539.723 / Time: 0h:0m:0s (0h:0m:3s left)
Iteration 30 / LogL: -4537.513 / Time: 0h:0m:1s (0h:0m:2s left)
Iteration 40 / LogL: -4538.044 / Time: 0h:0m:1s (0h:0m:2s left)
Iteration 50 / LogL: -4537.858 / Time: 0h:0m:1s (0h:0m:1s left)
Iteration 60 / LogL: -4548.510 / Time: 0h:0m:1s (0h:0m:1s left)
Iteration 70 / LogL: -4539.064 / Time: 0h:0m:2s (0h:0m:1s left)
Iteration 80 / LogL: -4536.908 / Time: 0h:0m:2s (0h:0m:0s left)
Iteration 90 / LogL: -4537.862 / Time: 0h:0m:2s (0h:0m:0s left)
Iteration 100 / LogL: -4537.455 / Time: 0h:0m:3s (0h:0m:0s left)
TREE SEARCH COMPLETED AFTER 107 ITERATIONS / Time: 0h:0m:3s

--------------------------------------------------------------------
|                    FINALIZING TREE SEARCH                        |
--------------------------------------------------------------------
Performs final model parameters optimization
Estimate model parameters (epsilon = 0.010)
1. Initial log-likelihood: -4536.884
Optimal log-likelihood: -4536.883
Rate parameters:  A-C: 0.995  A-G: 1.455  A-T: 1.106  C-G: 1.045  C-T: 1.532  G-T: 1.000
Base frequencies:   A: 0.233  C: 0.280  G: 0.259  T: 0.227
Gamma shape alpha: 3.756
Parameters optimization took 1 rounds (0.006 sec)
BEST SCORE FOUND : -4536.883

Testing tree branches by SH-like aLRT with 1000 replicates...
CPU Time used:  0.108 sec.
Total tree length: 7.711

Total number of iterations: 107
CPU time used for tree search: 3.176 sec (0h:0m:3s)
Wall-clock time used for tree search: 3.178 sec (0h:0m:3s)
Total CPU time used: 3.384 sec (0h:0m:3s)
Total wall-clock time used: 3.389 sec (0h:0m:3s)

Analysis results written to: 
  IQ-TREE report:                ../simulations/data_D10T10L20I10T10//S/159_pruned.fasta.iqtree
  Maximum-likelihood tree:       ../simulations/data_D10T10L20I10T10//S/159_pruned.fasta.treefile
  Likelihood distances:          ../simulations/data_D10T10L20I10T10//S/159_pruned.fasta.mldist
  Screen log file:               ../simulations/data_D10T10L20I10T10//S/159_pruned.fasta.log

Date and Time: Mon Jun  4 00:54:16 2018
