IQ-TREE version 1.4.2 for Linux 64-bit built Apr 15 2016
Copyright (c) 2011-2015 Nguyen Lam Tung, Olga Chernomor, Arndt von Haeseler and Bui Quang Minh.

Host:    meduse (AVX2, FMA3, 7 GB RAM)
Command: iqtree -s ../simulations/data_D10T10L20I10T10//S/162_pruned.fasta -m GTR+G -alrt 1000 -redo
Seed:    64255 (Using SPRNG - Scalable Parallel Random Number Generator)
Time:    Mon Jun  4 01:00:09 2018
Kernel:  AVX

NOTE: Consider using the multicore version because your CPU has 4 cores!

Reading alignment file ../simulations/data_D10T10L20I10T10//S/162_pruned.fasta ... Fasta format detected
Alignment most likely contains DNA/RNA sequences
Alignment has 26 sequences with 300 columns and 300 patterns (294 informative sites)
          Gap/Ambiguity  Composition  p-value
   1  n295_298    0.00%    passed     18.74%
   2  n266_269    0.00%    passed     10.45%
   3  n255_258    0.00%    passed     54.40%
   4  n277_280    0.00%    passed      6.15%
   5  n299_302    0.00%    passed     43.78%
   6  n287_290    0.00%    passed     18.94%
   7  n274_277    0.00%    failed      3.50%
   8  n275_278    0.00%    passed     29.23%
   9  n278_281    0.00%    passed      5.48%
  10  n286_289    0.00%    passed     71.20%
  11  n297_300    0.00%    passed     72.36%
  12  n289_292    0.00%    passed     22.97%
  13  n285_288    0.00%    passed     55.08%
  14  n236_239    0.00%    passed     97.54%
  15  n251_254    0.00%    passed     30.97%
  16  n296_299    0.00%    passed     11.72%
  17  n294_297    0.00%    passed     92.49%
  18  n290_293    0.00%    passed     14.25%
  19  n280_283    0.00%    failed      2.90%
  20  n200_203    0.00%    passed     36.82%
  21  n293_296    0.00%    passed     85.97%
  22  n298_301    0.00%    passed     60.47%
  23  n292_295    0.00%    passed     14.83%
  24  n300_303    0.00%    passed     44.19%
  25  n244_247    0.00%    passed     53.30%
  26  n265_268    0.00%    passed     10.62%
****  TOTAL       0.00%  2 sequences failed composition chi2 test (p-value<5%; df=3)

Create initial parsimony tree by phylogenetic likelihood library (PLL)... 0.002 seconds

NOTE: 1 MB RAM is required!
Estimate model parameters (epsilon = 0.100)
1. Initial log-likelihood: -5428.899
2. Current log-likelihood: -5331.039
3. Current log-likelihood: -5314.028
4. Current log-likelihood: -5310.808
5. Current log-likelihood: -5310.017
6. Current log-likelihood: -5309.825
Optimal log-likelihood: -5309.757
Rate parameters:  A-C: 0.939  A-G: 1.319  A-T: 1.174  C-G: 0.933  C-T: 1.502  G-T: 1.000
Base frequencies:   A: 0.236  C: 0.266  G: 0.259  T: 0.240
Gamma shape alpha: 4.477
Parameters optimization took 6 rounds (0.078 sec)
--------------------------------------------------------------------
|             INITIALIZING CANDIDATE TREE SET                      |
--------------------------------------------------------------------
Computing ML distances based on estimated model parameters... 0.004 sec
WARNING: Some pairwise ML distances are too long (saturated)
Computing BIONJ tree...
0.000 seconds
Log-likelihood of BIONJ tree: -5345.369
Generating 98 parsimony trees... 0.147 seconds 2 distinct starting trees
Computing log-likelihood of 2 initial trees ... 0.000 seconds
Optimizing top 2 initial trees with NNI...
Iteration 1 / LogL: -5309.705 / Time: 0h:0m:0s
Estimate model parameters (epsilon = 0.100)
BETTER TREE FOUND at iteration 1: -5309.670
Iteration 2 / LogL: -5309.715 / Time: 0h:0m:0s
Average CPU time for 1 NNI search: 0.016
Finish initializing candidate tree set. Number of distinct locally optimal trees: 2
Current best tree score: -5309.670 / CPU time: 0.176
--------------------------------------------------------------------
|               OPTIMIZING CANDIDATE TREE SET                      |
--------------------------------------------------------------------
Iteration 10 / LogL: -5310.939 / Time: 0h:0m:0s
Iteration 20 / LogL: -5309.729 / Time: 0h:0m:1s (0h:0m:4s left)
Iteration 30 / LogL: -5309.679 / Time: 0h:0m:1s (0h:0m:3s left)
Iteration 40 / LogL: -5313.761 / Time: 0h:0m:1s (0h:0m:2s left)
Iteration 50 / LogL: -5309.762 / Time: 0h:0m:2s (0h:0m:2s left)
Iteration 60 / LogL: -5310.218 / Time: 0h:0m:2s (0h:0m:1s left)
Iteration 70 / LogL: -5309.906 / Time: 0h:0m:3s (0h:0m:1s left)
Iteration 80 / LogL: -5309.711 / Time: 0h:0m:3s (0h:0m:0s left)
Iteration 90 / LogL: -5309.732 / Time: 0h:0m:3s (0h:0m:0s left)
Iteration 100 / LogL: -5309.783 / Time: 0h:0m:4s (0h:0m:0s left)
TREE SEARCH COMPLETED AFTER 101 ITERATIONS / Time: 0h:0m:4s

--------------------------------------------------------------------
|                    FINALIZING TREE SEARCH                        |
--------------------------------------------------------------------
Performs final model parameters optimization
Estimate model parameters (epsilon = 0.010)
1. Initial log-likelihood: -5309.661
Optimal log-likelihood: -5309.652
Rate parameters:  A-C: 0.950  A-G: 1.338  A-T: 1.193  C-G: 0.949  C-T: 1.512  G-T: 1.000
Base frequencies:   A: 0.236  C: 0.266  G: 0.259  T: 0.240
Gamma shape alpha: 4.554
Parameters optimization took 1 rounds (0.007 sec)
BEST SCORE FOUND : -5309.652

Testing tree branches by SH-like aLRT with 1000 replicates...
CPU Time used:  0.124 sec.
Total tree length: 9.821

Total number of iterations: 101
CPU time used for tree search: 4.128 sec (0h:0m:4s)
Wall-clock time used for tree search: 4.130 sec (0h:0m:4s)
Total CPU time used: 4.368 sec (0h:0m:4s)
Total wall-clock time used: 4.368 sec (0h:0m:4s)

Analysis results written to: 
  IQ-TREE report:                ../simulations/data_D10T10L20I10T10//S/162_pruned.fasta.iqtree
  Maximum-likelihood tree:       ../simulations/data_D10T10L20I10T10//S/162_pruned.fasta.treefile
  Likelihood distances:          ../simulations/data_D10T10L20I10T10//S/162_pruned.fasta.mldist
  Screen log file:               ../simulations/data_D10T10L20I10T10//S/162_pruned.fasta.log

Date and Time: Mon Jun  4 01:00:13 2018
