IQ-TREE version 1.4.2 for Linux 64-bit built Apr 15 2016
Copyright (c) 2011-2015 Nguyen Lam Tung, Olga Chernomor, Arndt von Haeseler and Bui Quang Minh.

Host:    meduse (AVX2, FMA3, 7 GB RAM)
Command: iqtree -s ../simulations/data_D10T10L20I10T10//S/178_pruned.fasta -m GTR+G -alrt 1000 -redo
Seed:    791476 (Using SPRNG - Scalable Parallel Random Number Generator)
Time:    Mon Jun  4 01:08:13 2018
Kernel:  AVX

NOTE: Consider using the multicore version because your CPU has 4 cores!

Reading alignment file ../simulations/data_D10T10L20I10T10//S/178_pruned.fasta ... Fasta format detected
Alignment most likely contains DNA/RNA sequences
Alignment has 26 sequences with 300 columns and 299 patterns (292 informative sites)
          Gap/Ambiguity  Composition  p-value
   1  n265_270    0.00%    passed     78.48%
   2  n298_303    0.00%    passed     58.40%
   3  n251_256    0.00%    passed     28.28%
   4  n275_280    0.00%    passed     22.82%
   5  n277_282    0.00%    passed     85.71%
   6  n299_304    0.00%    passed     96.87%
   7  n296_301    0.00%    passed     82.66%
   8  n266_271    0.00%    passed     55.91%
   9  n290_295    0.00%    passed     57.66%
  10  n295_300    0.00%    passed     85.00%
  11  n236_239    0.00%    passed      6.87%
  12  n300_305    0.00%    passed     95.05%
  13  n289_294    0.00%    passed     34.06%
  14  n280_285    0.00%    passed     92.00%
  15  n294_299    0.00%    passed     10.34%
  16  n285_290    0.00%    passed     49.47%
  17  n200_203    0.00%    passed     24.47%
  18  n287_292    0.00%    passed     66.97%
  19  n293_298    0.00%    passed      7.12%
  20  n286_291    0.00%    passed     37.42%
  21  n278_283    0.00%    passed     74.96%
  22  n297_302    0.00%    passed     53.05%
  23  n292_297    0.00%    passed     89.41%
  24  n244_247    0.00%    passed     37.04%
  25  n274_279    0.00%    passed     82.79%
  26  n255_260    0.00%    failed      0.64%
****  TOTAL       0.00%  1 sequences failed composition chi2 test (p-value<5%; df=3)

Create initial parsimony tree by phylogenetic likelihood library (PLL)... 0.002 seconds

NOTE: 1 MB RAM is required!
Estimate model parameters (epsilon = 0.100)
1. Initial log-likelihood: -5224.505
2. Current log-likelihood: -5132.577
3. Current log-likelihood: -5120.544
4. Current log-likelihood: -5118.145
5. Current log-likelihood: -5117.546
6. Current log-likelihood: -5117.377
Optimal log-likelihood: -5117.295
Rate parameters:  A-C: 1.272  A-G: 1.711  A-T: 1.614  C-G: 1.688  C-T: 1.645  G-T: 1.000
Base frequencies:   A: 0.251  C: 0.280  G: 0.232  T: 0.237
Gamma shape alpha: 3.464
Parameters optimization took 6 rounds (0.075 sec)
--------------------------------------------------------------------
|             INITIALIZING CANDIDATE TREE SET                      |
--------------------------------------------------------------------
Computing ML distances based on estimated model parameters... 0.004 sec
WARNING: Some pairwise ML distances are too long (saturated)
Computing BIONJ tree...
0.000 seconds
Log-likelihood of BIONJ tree: -5153.517
Generating 98 parsimony trees... 0.146 seconds 2 distinct starting trees
Computing log-likelihood of 2 initial trees ... 0.000 seconds
Optimizing top 2 initial trees with NNI...
Iteration 1 / LogL: -5117.197 / Time: 0h:0m:0s
Estimate model parameters (epsilon = 0.100)
BETTER TREE FOUND at iteration 1: -5117.141
Iteration 2 / LogL: -5117.150 / Time: 0h:0m:0s
Average CPU time for 1 NNI search: 0.026
Finish initializing candidate tree set. Number of distinct locally optimal trees: 2
Current best tree score: -5117.141 / CPU time: 0.196
--------------------------------------------------------------------
|               OPTIMIZING CANDIDATE TREE SET                      |
--------------------------------------------------------------------
Iteration 10 / LogL: -5117.166 / Time: 0h:0m:0s
Iteration 20 / LogL: -5117.538 / Time: 0h:0m:0s (0h:0m:4s left)
Iteration 30 / LogL: -5118.889 / Time: 0h:0m:1s (0h:0m:3s left)
Iteration 40 / LogL: -5117.601 / Time: 0h:0m:1s (0h:0m:2s left)
Iteration 50 / LogL: -5117.462 / Time: 0h:0m:2s (0h:0m:2s left)
Iteration 60 / LogL: -5117.213 / Time: 0h:0m:2s (0h:0m:1s left)
Iteration 70 / LogL: -5117.455 / Time: 0h:0m:2s (0h:0m:1s left)
Iteration 80 / LogL: -5126.217 / Time: 0h:0m:3s (0h:0m:0s left)
Iteration 90 / LogL: -5117.408 / Time: 0h:0m:3s (0h:0m:0s left)
Iteration 100 / LogL: -5118.527 / Time: 0h:0m:3s (0h:0m:0s left)
TREE SEARCH COMPLETED AFTER 101 ITERATIONS / Time: 0h:0m:3s

--------------------------------------------------------------------
|                    FINALIZING TREE SEARCH                        |
--------------------------------------------------------------------
Performs final model parameters optimization
Estimate model parameters (epsilon = 0.010)
1. Initial log-likelihood: -5117.141
2. Current log-likelihood: -5117.105
3. Current log-likelihood: -5117.066
4. Current log-likelihood: -5117.040
Optimal log-likelihood: -5117.034
Rate parameters:  A-C: 1.172  A-G: 1.615  A-T: 1.531  C-G: 1.596  C-T: 1.551  G-T: 1.000
Base frequencies:   A: 0.251  C: 0.280  G: 0.232  T: 0.237
Gamma shape alpha: 3.465
Parameters optimization took 4 rounds (0.024 sec)
BEST SCORE FOUND : -5117.034

Testing tree branches by SH-like aLRT with 1000 replicates...
CPU Time used:  0.116 sec.
Total tree length: 9.304

Total number of iterations: 101
CPU time used for tree search: 3.648 sec (0h:0m:3s)
Wall-clock time used for tree search: 3.650 sec (0h:0m:3s)
Total CPU time used: 3.892 sec (0h:0m:3s)
Total wall-clock time used: 3.902 sec (0h:0m:3s)

Analysis results written to: 
  IQ-TREE report:                ../simulations/data_D10T10L20I10T10//S/178_pruned.fasta.iqtree
  Maximum-likelihood tree:       ../simulations/data_D10T10L20I10T10//S/178_pruned.fasta.treefile
  Likelihood distances:          ../simulations/data_D10T10L20I10T10//S/178_pruned.fasta.mldist
  Screen log file:               ../simulations/data_D10T10L20I10T10//S/178_pruned.fasta.log

Date and Time: Mon Jun  4 01:08:17 2018
