IQ-TREE version 1.4.2 for Linux 64-bit built Apr 15 2016
Copyright (c) 2011-2015 Nguyen Lam Tung, Olga Chernomor, Arndt von Haeseler and Bui Quang Minh.

Host:    meduse (AVX2, FMA3, 7 GB RAM)
Command: iqtree -s ../simulations/data_D10T10L20I10T10//S/182_pruned.fasta -m GTR+G -alrt 1000 -redo
Seed:    403860 (Using SPRNG - Scalable Parallel Random Number Generator)
Time:    Fri Jun  1 10:37:37 2018
Kernel:  AVX

NOTE: Consider using the multicore version because your CPU has 4 cores!

Reading alignment file ../simulations/data_D10T10L20I10T10//S/182_pruned.fasta ... Fasta format detected
Alignment most likely contains DNA/RNA sequences
Alignment has 25 sequences with 300 columns and 171 patterns (151 informative sites)
          Gap/Ambiguity  Composition  p-value
   1  n280_277    0.00%    passed     77.11%
   2  n287_284    0.00%    passed     91.91%
   3  n300_297    0.00%    passed     86.94%
   4  n297_294    0.00%    passed     99.22%
   5  n278_275    0.00%    passed     89.08%
   6  n293_290    0.00%    passed     94.21%
   7  n295_292    0.00%    passed     95.15%
   8  n286_283    0.00%    passed     72.40%
   9  n290_287    0.00%    passed     94.46%
  10  n274_271    0.00%    passed     77.64%
  11  n265_262    0.00%    passed     98.39%
  12  n285_282    0.00%    passed     72.40%
  13  n289_286    0.00%    passed     94.10%
  14  n299_296    0.00%    passed     71.35%
  15  n275_272    0.00%    passed     98.73%
  16  n294_291    0.00%    passed     96.75%
  17  n277_274    0.00%    passed     85.80%
  18  n244_241    0.00%    passed     89.08%
  19  n298_295    0.00%    passed     99.22%
  20  n296_293    0.00%    passed     91.91%
  21  n266_263    0.00%    passed     99.94%
  22  n292_289    0.00%    passed     73.30%
  23  n255_252    0.00%    passed     74.65%
  24  n200_199    0.00%    passed     83.25%
  25  n251_248    0.00%    passed     70.19%
****  TOTAL       0.00%  0 sequences failed composition chi2 test (p-value<5%; df=3)
NOTE: 1 identical sequences (see below) will be ignored for subsequent analysis
NOTE: n285_282 (identical to n286_283) is ignored but added at the end

Create initial parsimony tree by phylogenetic likelihood library (PLL)... 0.001 seconds

NOTE: 0 MB RAM is required!
Estimate model parameters (epsilon = 0.100)
1. Initial log-likelihood: -1929.351
2. Current log-likelihood: -1881.327
3. Current log-likelihood: -1880.886
Optimal log-likelihood: -1880.878
Rate parameters:  A-C: 0.874  A-G: 0.992  A-T: 0.988  C-G: 0.654  C-T: 1.088  G-T: 1.000
Base frequencies:   A: 0.258  C: 0.252  G: 0.270  T: 0.219
Gamma shape alpha: 998.756
Parameters optimization took 3 rounds (0.021 sec)
--------------------------------------------------------------------
|             INITIALIZING CANDIDATE TREE SET                      |
--------------------------------------------------------------------
Computing ML distances based on estimated model parameters... 0.000 sec
Computing BIONJ tree...
0.000 seconds
Log-likelihood of BIONJ tree: -1880.878
Generating 98 parsimony trees... 0.084 seconds 9 distinct starting trees
Computing log-likelihood of 9 initial trees ... 0.011 seconds
Optimizing top 9 initial trees with NNI...
Iteration 1 / LogL: -1880.878 / Time: 0h:0m:0s
Estimate model parameters (epsilon = 0.100)
BETTER SCORE FOUND at iteration 1: -1880.872
Iteration 2 / LogL: -1880.873 / Time: 0h:0m:0s
Iteration 3 / LogL: -1880.873 / Time: 0h:0m:0s
Iteration 4 / LogL: -1880.873 / Time: 0h:0m:0s
Iteration 5 / LogL: -1880.873 / Time: 0h:0m:0s
Iteration 6 / LogL: -1880.873 / Time: 0h:0m:0s
Iteration 7 / LogL: -1880.873 / Time: 0h:0m:0s
Iteration 8 / LogL: -1880.873 / Time: 0h:0m:0s
Iteration 9 / LogL: -1880.873 / Time: 0h:0m:0s
Average CPU time for 1 NNI search: 0.004
Finish initializing candidate tree set. Number of distinct locally optimal trees: 9
Current best tree score: -1880.872 / CPU time: 0.132
--------------------------------------------------------------------
|               OPTIMIZING CANDIDATE TREE SET                      |
--------------------------------------------------------------------
Iteration 10 / LogL: -1881.053 / Time: 0h:0m:0s
Iteration 20 / LogL: -1880.873 / Time: 0h:0m:0s (0h:0m:1s left)
Iteration 30 / LogL: -1884.229 / Time: 0h:0m:0s (0h:0m:1s left)
Iteration 40 / LogL: -1881.023 / Time: 0h:0m:0s (0h:0m:0s left)
Iteration 50 / LogL: -1880.873 / Time: 0h:0m:0s (0h:0m:0s left)
Iteration 60 / LogL: -1880.873 / Time: 0h:0m:0s (0h:0m:0s left)
Iteration 70 / LogL: -1880.872 / Time: 0h:0m:0s (0h:0m:0s left)
Iteration 80 / LogL: -1880.872 / Time: 0h:0m:1s (0h:0m:0s left)
Iteration 90 / LogL: -1880.872 / Time: 0h:0m:1s (0h:0m:0s left)
Iteration 100 / LogL: -1880.876 / Time: 0h:0m:1s (0h:0m:0s left)
TREE SEARCH COMPLETED AFTER 101 ITERATIONS / Time: 0h:0m:1s

--------------------------------------------------------------------
|                    FINALIZING TREE SEARCH                        |
--------------------------------------------------------------------
Performs final model parameters optimization
Estimate model parameters (epsilon = 0.010)
1. Initial log-likelihood: -1880.872
Optimal log-likelihood: -1880.869
Rate parameters:  A-C: 0.881  A-G: 1.000  A-T: 0.997  C-G: 0.661  C-T: 1.098  G-T: 1.000
Base frequencies:   A: 0.258  C: 0.252  G: 0.270  T: 0.219
Gamma shape alpha: 998.756
Parameters optimization took 1 rounds (0.004 sec)
BEST SCORE FOUND : -1880.869

Testing tree branches by SH-like aLRT with 1000 replicates...
CPU Time used:  0.096 sec.
Total tree length: 1.071

Total number of iterations: 101
CPU time used for tree search: 1.268 sec (0h:0m:1s)
Wall-clock time used for tree search: 1.266 sec (0h:0m:1s)
Total CPU time used: 1.400 sec (0h:0m:1s)
Total wall-clock time used: 1.399 sec (0h:0m:1s)

Analysis results written to: 
  IQ-TREE report:                ../simulations/data_D10T10L20I10T10//S/182_pruned.fasta.iqtree
  Maximum-likelihood tree:       ../simulations/data_D10T10L20I10T10//S/182_pruned.fasta.treefile
  Likelihood distances:          ../simulations/data_D10T10L20I10T10//S/182_pruned.fasta.mldist
  Screen log file:               ../simulations/data_D10T10L20I10T10//S/182_pruned.fasta.log

Date and Time: Fri Jun  1 10:37:38 2018
