IQ-TREE version 1.4.2 for Linux 64-bit built Apr 15 2016
Copyright (c) 2011-2015 Nguyen Lam Tung, Olga Chernomor, Arndt von Haeseler and Bui Quang Minh.

Host:    meduse (AVX2, FMA3, 7 GB RAM)
Command: iqtree -s ../simulations/data_D10T10L20I10T10//S/187_pruned.fasta -m GTR+G -alrt 1000 -redo
Seed:    568045 (Using SPRNG - Scalable Parallel Random Number Generator)
Time:    Fri Jun  1 10:34:04 2018
Kernel:  AVX

NOTE: Consider using the multicore version because your CPU has 4 cores!

Reading alignment file ../simulations/data_D10T10L20I10T10//S/187_pruned.fasta ... Fasta format detected
Alignment most likely contains DNA/RNA sequences
Alignment has 26 sequences with 300 columns and 176 patterns (156 informative sites)
          Gap/Ambiguity  Composition  p-value
   1  n292_293    0.00%    passed     85.96%
   2  n287_288    0.00%    passed     87.06%
   3  n290_291    0.00%    passed     86.92%
   4  n294_295    0.00%    passed     97.74%
   5  n251_252    0.00%    passed     61.48%
   6  n286_287    0.00%    passed     78.57%
   7  n300_301    0.00%    passed     89.35%
   8  n275_276    0.00%    passed     93.81%
   9  n274_275    0.00%    passed     55.48%
  10  n289_290    0.00%    passed     91.94%
  11  n255_256    0.00%    passed     73.51%
  12  n236_237    0.00%    passed     97.16%
  13  n299_300    0.00%    passed     83.23%
  14  n278_279    0.00%    passed     95.83%
  15  n297_298    0.00%    passed     95.58%
  16  n298_299    0.00%    passed     97.72%
  17  n244_245    0.00%    passed     57.16%
  18  n293_294    0.00%    passed     96.42%
  19  n296_297    0.00%    passed     91.43%
  20  n295_296    0.00%    passed     90.51%
  21  n266_267    0.00%    passed     98.02%
  22  n200_201    0.00%    passed     94.20%
  23  n285_286    0.00%    passed     62.58%
  24  n277_278    0.00%    passed     78.46%
  25  n280_281    0.00%    passed     73.33%
  26  n265_266    0.00%    passed     98.13%
****  TOTAL       0.00%  0 sequences failed composition chi2 test (p-value<5%; df=3)

Create initial parsimony tree by phylogenetic likelihood library (PLL)... 0.001 seconds

NOTE: 0 MB RAM is required!
Estimate model parameters (epsilon = 0.100)
1. Initial log-likelihood: -2113.087
2. Current log-likelihood: -2068.767
3. Current log-likelihood: -2068.415
Optimal log-likelihood: -2068.393
Rate parameters:  A-C: 1.274  A-G: 1.317  A-T: 0.964  C-G: 1.284  C-T: 1.367  G-T: 1.000
Base frequencies:   A: 0.230  C: 0.243  G: 0.248  T: 0.279
Gamma shape alpha: 7.782
Parameters optimization took 3 rounds (0.017 sec)
--------------------------------------------------------------------
|             INITIALIZING CANDIDATE TREE SET                      |
--------------------------------------------------------------------
Computing ML distances based on estimated model parameters... 0.000 sec
Computing BIONJ tree...
0.000 seconds
Log-likelihood of BIONJ tree: -2073.295
Generating 98 parsimony trees... 0.090 seconds 54 distinct starting trees
Computing log-likelihood of 54 initial trees ... 0.093 seconds
Optimizing top 20 initial trees with NNI...
Iteration 1 / LogL: -2068.394 / Time: 0h:0m:0s
Estimate model parameters (epsilon = 0.100)
BETTER SCORE FOUND at iteration 1: -2068.381
Iteration 2 / LogL: -2068.383 / Time: 0h:0m:0s
Iteration 3 / LogL: -2068.383 / Time: 0h:0m:0s
Iteration 4 / LogL: -2068.383 / Time: 0h:0m:0s
Iteration 5 / LogL: -2068.383 / Time: 0h:0m:0s
Iteration 6 / LogL: -2068.383 / Time: 0h:0m:0s
Iteration 7 / LogL: -2068.383 / Time: 0h:0m:0s
Iteration 8 / LogL: -2068.383 / Time: 0h:0m:0s
Iteration 9 / LogL: -2068.383 / Time: 0h:0m:0s
Iteration 10 / LogL: -2068.383 / Time: 0h:0m:0s
Iteration 11 / LogL: -2068.383 / Time: 0h:0m:0s
Iteration 12 / LogL: -2068.383 / Time: 0h:0m:0s
Iteration 13 / LogL: -2068.383 / Time: 0h:0m:0s
Iteration 14 / LogL: -2068.383 / Time: 0h:0m:0s
Iteration 15 / LogL: -2068.383 / Time: 0h:0m:0s
Iteration 16 / LogL: -2068.383 / Time: 0h:0m:0s
Iteration 17 / LogL: -2068.383 / Time: 0h:0m:0s
Iteration 18 / LogL: -2068.383 / Time: 0h:0m:0s
Iteration 19 / LogL: -2068.383 / Time: 0h:0m:0s
Iteration 20 / LogL: -2068.383 / Time: 0h:0m:0s
Average CPU time for 1 NNI search: 0.004
Finish initializing candidate tree set. Number of distinct locally optimal trees: 20
Current best tree score: -2068.381 / CPU time: 0.272
--------------------------------------------------------------------
|               OPTIMIZING CANDIDATE TREE SET                      |
--------------------------------------------------------------------
Iteration 30 / LogL: -2068.382 / Time: 0h:0m:0s (0h:0m:1s left)
Iteration 40 / LogL: -2069.524 / Time: 0h:0m:0s (0h:0m:0s left)
Iteration 50 / LogL: -2068.383 / Time: 0h:0m:0s (0h:0m:0s left)
Iteration 60 / LogL: -2068.409 / Time: 0h:0m:0s (0h:0m:0s left)
Iteration 70 / LogL: -2068.381 / Time: 0h:0m:1s (0h:0m:0s left)
Iteration 80 / LogL: -2068.495 / Time: 0h:0m:1s (0h:0m:0s left)
Iteration 90 / LogL: -2068.489 / Time: 0h:0m:1s (0h:0m:0s left)
Iteration 100 / LogL: -2069.549 / Time: 0h:0m:1s (0h:0m:0s left)
TREE SEARCH COMPLETED AFTER 101 ITERATIONS / Time: 0h:0m:1s

--------------------------------------------------------------------
|                    FINALIZING TREE SEARCH                        |
--------------------------------------------------------------------
Performs final model parameters optimization
Estimate model parameters (epsilon = 0.010)
1. Initial log-likelihood: -2068.381
Optimal log-likelihood: -2068.374
Rate parameters:  A-C: 1.257  A-G: 1.296  A-T: 0.955  C-G: 1.264  C-T: 1.345  G-T: 1.000
Base frequencies:   A: 0.230  C: 0.243  G: 0.248  T: 0.279
Gamma shape alpha: 7.856
Parameters optimization took 1 rounds (0.004 sec)
BEST SCORE FOUND : -2068.374

Testing tree branches by SH-like aLRT with 1000 replicates...
CPU Time used:  0.100 sec.
Total tree length: 1.193

Total number of iterations: 101
CPU time used for tree search: 1.408 sec (0h:0m:1s)
Wall-clock time used for tree search: 1.407 sec (0h:0m:1s)
Total CPU time used: 1.544 sec (0h:0m:1s)
Total wall-clock time used: 1.545 sec (0h:0m:1s)

Analysis results written to: 
  IQ-TREE report:                ../simulations/data_D10T10L20I10T10//S/187_pruned.fasta.iqtree
  Maximum-likelihood tree:       ../simulations/data_D10T10L20I10T10//S/187_pruned.fasta.treefile
  Likelihood distances:          ../simulations/data_D10T10L20I10T10//S/187_pruned.fasta.mldist
  Screen log file:               ../simulations/data_D10T10L20I10T10//S/187_pruned.fasta.log

Date and Time: Fri Jun  1 10:34:06 2018
