IQ-TREE version 1.4.2 for Linux 64-bit built Apr 15 2016
Copyright (c) 2011-2015 Nguyen Lam Tung, Olga Chernomor, Arndt von Haeseler and Bui Quang Minh.

Host:    meduse (AVX2, FMA3, 7 GB RAM)
Command: iqtree -s ../simulations/data_D10T10L20I10T10//S/192_pruned.fasta -m GTR+G -alrt 1000 -redo
Seed:    739029 (Using SPRNG - Scalable Parallel Random Number Generator)
Time:    Mon Jun  4 00:32:43 2018
Kernel:  AVX

NOTE: Consider using the multicore version because your CPU has 4 cores!

Reading alignment file ../simulations/data_D10T10L20I10T10//S/192_pruned.fasta ... Fasta format detected
Alignment most likely contains DNA/RNA sequences
Alignment has 26 sequences with 300 columns and 300 patterns (289 informative sites)
          Gap/Ambiguity  Composition  p-value
   1  n299_300    0.00%    passed     43.87%
   2  n300_301    0.00%    passed     33.04%
   3  n290_291    0.00%    passed     70.39%
   4  n244_245    0.00%    passed     83.61%
   5  n255_256    0.00%    passed     10.35%
   6  n277_278    0.00%    passed     30.77%
   7  n200_201    0.00%    passed     34.78%
   8  n236_237    0.00%    passed     79.95%
   9  n274_275    0.00%    passed     91.98%
  10  n289_290    0.00%    passed     60.86%
  11  n296_297    0.00%    passed     96.19%
  12  n275_276    0.00%    passed     64.67%
  13  n292_293    0.00%    passed     63.70%
  14  n278_279    0.00%    passed     47.86%
  15  n298_299    0.00%    passed     26.49%
  16  n297_298    0.00%    passed     36.74%
  17  n286_287    0.00%    passed     89.82%
  18  n285_286    0.00%    passed     93.79%
  19  n287_288    0.00%    passed     76.44%
  20  n251_252    0.00%    passed     22.02%
  21  n294_295    0.00%    passed     17.82%
  22  n295_296    0.00%    passed     95.12%
  23  n266_267    0.00%    passed     81.24%
  24  n265_266    0.00%    passed     56.96%
  25  n280_281    0.00%    passed     27.74%
  26  n293_294    0.00%    passed     57.15%
****  TOTAL       0.00%  0 sequences failed composition chi2 test (p-value<5%; df=3)

Create initial parsimony tree by phylogenetic likelihood library (PLL)... 0.002 seconds

NOTE: 1 MB RAM is required!
Estimate model parameters (epsilon = 0.100)
1. Initial log-likelihood: -5454.630
2. Current log-likelihood: -5356.734
3. Current log-likelihood: -5342.052
4. Current log-likelihood: -5339.828
5. Current log-likelihood: -5339.486
Optimal log-likelihood: -5339.427
Rate parameters:  A-C: 0.976  A-G: 1.084  A-T: 0.885  C-G: 1.008  C-T: 1.219  G-T: 1.000
Base frequencies:   A: 0.241  C: 0.257  G: 0.261  T: 0.242
Gamma shape alpha: 4.857
Parameters optimization took 5 rounds (0.060 sec)
--------------------------------------------------------------------
|             INITIALIZING CANDIDATE TREE SET                      |
--------------------------------------------------------------------
Computing ML distances based on estimated model parameters... 0.000 sec
WARNING: Some pairwise ML distances are too long (saturated)
Computing BIONJ tree...
0.000 seconds
Log-likelihood of BIONJ tree: -5369.195
Generating 98 parsimony trees... 0.148 seconds 2 distinct starting trees
Computing log-likelihood of 2 initial trees ... 0.000 seconds
Optimizing top 2 initial trees with NNI...
Iteration 1 / LogL: -5339.427 / Time: 0h:0m:0s
Estimate model parameters (epsilon = 0.100)
BETTER SCORE FOUND at iteration 1: -5339.418
Iteration 2 / LogL: -5339.715 / Time: 0h:0m:0s
Average CPU time for 1 NNI search: 0.014
Finish initializing candidate tree set. Number of distinct locally optimal trees: 1
Current best tree score: -5339.418 / CPU time: 0.176
--------------------------------------------------------------------
|               OPTIMIZING CANDIDATE TREE SET                      |
--------------------------------------------------------------------
Iteration 10 / LogL: -5353.366 / Time: 0h:0m:0s
Iteration 20 / LogL: -5345.725 / Time: 0h:0m:0s (0h:0m:3s left)
Iteration 30 / LogL: -5341.218 / Time: 0h:0m:1s (0h:0m:3s left)
Iteration 40 / LogL: -5342.085 / Time: 0h:0m:1s (0h:0m:2s left)
Iteration 50 / LogL: -5341.340 / Time: 0h:0m:1s (0h:0m:1s left)
Iteration 60 / LogL: -5341.434 / Time: 0h:0m:2s (0h:0m:1s left)
Iteration 70 / LogL: -5340.472 / Time: 0h:0m:2s (0h:0m:1s left)
Iteration 80 / LogL: -5339.639 / Time: 0h:0m:3s (0h:0m:0s left)
Iteration 90 / LogL: -5339.660 / Time: 0h:0m:3s (0h:0m:0s left)
Iteration 100 / LogL: -5341.374 / Time: 0h:0m:3s (0h:0m:0s left)
TREE SEARCH COMPLETED AFTER 101 ITERATIONS / Time: 0h:0m:3s

--------------------------------------------------------------------
|                    FINALIZING TREE SEARCH                        |
--------------------------------------------------------------------
Performs final model parameters optimization
Estimate model parameters (epsilon = 0.010)
1. Initial log-likelihood: -5339.418
Optimal log-likelihood: -5339.414
Rate parameters:  A-C: 0.978  A-G: 1.088  A-T: 0.888  C-G: 1.011  C-T: 1.223  G-T: 1.000
Base frequencies:   A: 0.241  C: 0.257  G: 0.261  T: 0.242
Gamma shape alpha: 4.920
Parameters optimization took 1 rounds (0.007 sec)
BEST SCORE FOUND : -5339.414

Testing tree branches by SH-like aLRT with 1000 replicates...
CPU Time used:  0.128 sec.
Total tree length: 9.125

Total number of iterations: 101
CPU time used for tree search: 3.728 sec (0h:0m:3s)
Wall-clock time used for tree search: 3.727 sec (0h:0m:3s)
Total CPU time used: 3.960 sec (0h:0m:3s)
Total wall-clock time used: 3.967 sec (0h:0m:3s)

Analysis results written to: 
  IQ-TREE report:                ../simulations/data_D10T10L20I10T10//S/192_pruned.fasta.iqtree
  Maximum-likelihood tree:       ../simulations/data_D10T10L20I10T10//S/192_pruned.fasta.treefile
  Likelihood distances:          ../simulations/data_D10T10L20I10T10//S/192_pruned.fasta.mldist
  Screen log file:               ../simulations/data_D10T10L20I10T10//S/192_pruned.fasta.log

Date and Time: Mon Jun  4 00:32:47 2018
