IQ-TREE version 1.4.2 for Linux 64-bit built Apr 15 2016
Copyright (c) 2011-2015 Nguyen Lam Tung, Olga Chernomor, Arndt von Haeseler and Bui Quang Minh.

Host:    meduse (AVX2, FMA3, 7 GB RAM)
Command: iqtree -s ../simulations/data_D8T8L15I8T8//S/193_pruned.fasta -m GTR+G -alrt 1000 -redo
Seed:    854867 (Using SPRNG - Scalable Parallel Random Number Generator)
Time:    Fri May 25 22:39:18 2018
Kernel:  AVX

NOTE: Consider using the multicore version because your CPU has 4 cores!

Reading alignment file ../simulations/data_D8T8L15I8T8//S/193_pruned.fasta ... Fasta format detected
Alignment most likely contains DNA/RNA sequences
Alignment has 27 sequences with 300 columns and 185 patterns (159 informative sites)
          Gap/Ambiguity  Composition  p-value
   1  n274_291    0.00%    passed     69.64%
   2  n278_295    0.00%    passed     54.60%
   3  n244_261    0.00%    passed     81.37%
   4  n280_297    0.00%    passed     86.31%
   5  n266_283    0.00%    passed     94.87%
   6  n290_307    0.00%    passed     89.29%
   7  n244_259    0.00%    passed     89.46%
   8  n289_306    0.00%    passed     86.62%
   9  n277_294    0.00%    passed     64.15%
  10  n285_302    0.00%    passed     65.38%
  11  n298_315    0.00%    passed     70.32%
  12  n286_303    0.00%    passed     78.95%
  13  n293_310    0.00%    passed     82.67%
  14  n292_309    0.00%    passed     73.27%
  15  n265_282    0.00%    passed     99.07%
  16  n296_313    0.00%    passed     85.67%
  17  n295_312    0.00%    passed     79.21%
  18  n236_251    0.00%    passed     83.82%
  19  n294_311    0.00%    passed     86.62%
  20  n300_317    0.00%    passed     79.88%
  21  n255_272    0.00%    passed     80.41%
  22  n299_316    0.00%    passed     79.33%
  23  n275_292    0.00%    passed     65.55%
  24  n297_314    0.00%    passed     65.55%
  25  n251_268    0.00%    passed     46.34%
  26  n200_211    0.00%    passed     91.55%
  27  n287_304    0.00%    passed     90.73%
****  TOTAL       0.00%  0 sequences failed composition chi2 test (p-value<5%; df=3)

Create initial parsimony tree by phylogenetic likelihood library (PLL)... 0.001 seconds

NOTE: 0 MB RAM is required!
Estimate model parameters (epsilon = 0.100)
1. Initial log-likelihood: -2244.068
2. Current log-likelihood: -2199.834
3. Current log-likelihood: -2199.483
Optimal log-likelihood: -2199.462
Rate parameters:  A-C: 1.517  A-G: 1.206  A-T: 1.091  C-G: 1.072  C-T: 1.266  G-T: 1.000
Base frequencies:   A: 0.219  C: 0.256  G: 0.266  T: 0.258
Gamma shape alpha: 9.947
Parameters optimization took 3 rounds (0.040 sec)
--------------------------------------------------------------------
|             INITIALIZING CANDIDATE TREE SET                      |
--------------------------------------------------------------------
Computing ML distances based on estimated model parameters... 0.004 sec
Computing BIONJ tree...
0.001 seconds
Log-likelihood of BIONJ tree: -2199.462
Generating 98 parsimony trees... 0.134 seconds 25 distinct starting trees
Computing log-likelihood of 25 initial trees ... 0.075 seconds
Optimizing top 20 initial trees with NNI...
Iteration 1 / LogL: -2199.462 / Time: 0h:0m:0s
Estimate model parameters (epsilon = 0.100)
BETTER SCORE FOUND at iteration 1: -2199.435
Iteration 2 / LogL: -2199.436 / Time: 0h:0m:0s
Iteration 3 / LogL: -2199.437 / Time: 0h:0m:0s
Iteration 4 / LogL: -2199.437 / Time: 0h:0m:0s
Iteration 5 / LogL: -2199.437 / Time: 0h:0m:0s
Iteration 6 / LogL: -2199.437 / Time: 0h:0m:0s
Iteration 7 / LogL: -2199.437 / Time: 0h:0m:0s
Iteration 8 / LogL: -2199.437 / Time: 0h:0m:0s
Iteration 9 / LogL: -2199.437 / Time: 0h:0m:0s
Iteration 10 / LogL: -2199.437 / Time: 0h:0m:0s
Iteration 11 / LogL: -2199.437 / Time: 0h:0m:0s
Iteration 12 / LogL: -2199.437 / Time: 0h:0m:0s
Iteration 13 / LogL: -2199.437 / Time: 0h:0m:0s
Iteration 14 / LogL: -2199.437 / Time: 0h:0m:0s
Iteration 15 / LogL: -2199.437 / Time: 0h:0m:0s
Iteration 16 / LogL: -2199.437 / Time: 0h:0m:0s
Iteration 17 / LogL: -2199.437 / Time: 0h:0m:0s
Iteration 18 / LogL: -2199.437 / Time: 0h:0m:0s
Iteration 19 / LogL: -2199.437 / Time: 0h:0m:0s
Iteration 20 / LogL: -2199.437 / Time: 0h:0m:0s
Average CPU time for 1 NNI search: 0.007
Finish initializing candidate tree set. Number of distinct locally optimal trees: 20
Current best tree score: -2199.435 / CPU time: 0.356
--------------------------------------------------------------------
|               OPTIMIZING CANDIDATE TREE SET                      |
--------------------------------------------------------------------
Iteration 30 / LogL: -2199.471 / Time: 0h:0m:0s (0h:0m:1s left)
Iteration 40 / LogL: -2208.480 / Time: 0h:0m:0s (0h:0m:1s left)
Iteration 50 / LogL: -2211.464 / Time: 0h:0m:1s (0h:0m:1s left)
Iteration 60 / LogL: -2199.446 / Time: 0h:0m:1s (0h:0m:0s left)
Iteration 70 / LogL: -2199.634 / Time: 0h:0m:1s (0h:0m:0s left)
Iteration 80 / LogL: -2199.436 / Time: 0h:0m:1s (0h:0m:0s left)
Iteration 90 / LogL: -2199.436 / Time: 0h:0m:2s (0h:0m:0s left)
Iteration 100 / LogL: -2199.445 / Time: 0h:0m:2s (0h:0m:0s left)
TREE SEARCH COMPLETED AFTER 101 ITERATIONS / Time: 0h:0m:2s

--------------------------------------------------------------------
|                    FINALIZING TREE SEARCH                        |
--------------------------------------------------------------------
Performs final model parameters optimization
Estimate model parameters (epsilon = 0.010)
1. Initial log-likelihood: -2199.435
Optimal log-likelihood: -2199.428
Rate parameters:  A-C: 1.498  A-G: 1.180  A-T: 1.064  C-G: 1.075  C-T: 1.238  G-T: 1.000
Base frequencies:   A: 0.219  C: 0.256  G: 0.266  T: 0.258
Gamma shape alpha: 10.018
Parameters optimization took 1 rounds (0.011 sec)
BEST SCORE FOUND : -2199.428

Testing tree branches by SH-like aLRT with 1000 replicates...
CPU Time used:  0.160 sec.
Total tree length: 1.267

Total number of iterations: 101
CPU time used for tree search: 2.268 sec (0h:0m:2s)
Wall-clock time used for tree search: 2.276 sec (0h:0m:2s)
Total CPU time used: 2.500 sec (0h:0m:2s)
Total wall-clock time used: 2.513 sec (0h:0m:2s)

Analysis results written to: 
  IQ-TREE report:                ../simulations/data_D8T8L15I8T8//S/193_pruned.fasta.iqtree
  Maximum-likelihood tree:       ../simulations/data_D8T8L15I8T8//S/193_pruned.fasta.treefile
  Likelihood distances:          ../simulations/data_D8T8L15I8T8//S/193_pruned.fasta.mldist
  Screen log file:               ../simulations/data_D8T8L15I8T8//S/193_pruned.fasta.log

Date and Time: Fri May 25 22:39:21 2018
