IQ-TREE version 1.4.2 for Linux 64-bit built Apr 15 2016
Copyright (c) 2011-2015 Nguyen Lam Tung, Olga Chernomor, Arndt von Haeseler and Bui Quang Minh.

Host:    meduse (AVX2, FMA3, 7 GB RAM)
Command: iqtree -s ../simulations/data_D10T10L20I10T10//S/194_pruned.fasta -m GTR+G -alrt 1000 -redo
Seed:    536273 (Using SPRNG - Scalable Parallel Random Number Generator)
Time:    Mon Jun  4 01:01:56 2018
Kernel:  AVX

NOTE: Consider using the multicore version because your CPU has 4 cores!

Reading alignment file ../simulations/data_D10T10L20I10T10//S/194_pruned.fasta ... Fasta format detected
Alignment most likely contains DNA/RNA sequences
Alignment has 26 sequences with 300 columns and 300 patterns (291 informative sites)
          Gap/Ambiguity  Composition  p-value
   1  n299_300    0.00%    passed     42.75%
   2  n300_301    0.00%    passed     36.16%
   3  n290_291    0.00%    passed     96.04%
   4  n244_245    0.00%    passed     84.90%
   5  n255_256    0.00%    passed     30.74%
   6  n277_278    0.00%    passed     61.67%
   7  n200_201    0.00%    passed     36.23%
   8  n236_237    0.00%    passed     77.77%
   9  n274_275    0.00%    passed     53.16%
  10  n289_290    0.00%    passed     93.88%
  11  n296_297    0.00%    passed     84.74%
  12  n275_276    0.00%    passed     85.32%
  13  n292_293    0.00%    passed     60.70%
  14  n278_279    0.00%    passed     97.60%
  15  n298_299    0.00%    passed     82.47%
  16  n297_298    0.00%    passed     95.24%
  17  n286_287    0.00%    passed     84.10%
  18  n285_286    0.00%    passed     80.23%
  19  n287_288    0.00%    passed     90.69%
  20  n251_252    0.00%    passed     38.61%
  21  n294_295    0.00%    passed     47.03%
  22  n295_296    0.00%    passed     55.80%
  23  n266_267    0.00%    passed     69.48%
  24  n265_266    0.00%    passed     92.49%
  25  n280_281    0.00%    passed     85.71%
  26  n293_294    0.00%    passed     62.19%
****  TOTAL       0.00%  0 sequences failed composition chi2 test (p-value<5%; df=3)

Create initial parsimony tree by phylogenetic likelihood library (PLL)... 0.002 seconds

NOTE: 1 MB RAM is required!
Estimate model parameters (epsilon = 0.100)
1. Initial log-likelihood: -5190.508
2. Current log-likelihood: -5099.126
3. Current log-likelihood: -5087.687
4. Current log-likelihood: -5084.782
5. Current log-likelihood: -5084.197
6. Current log-likelihood: -5084.087
Optimal log-likelihood: -5084.039
Rate parameters:  A-C: 1.450  A-G: 1.564  A-T: 0.991  C-G: 1.194  C-T: 1.910  G-T: 1.000
Base frequencies:   A: 0.231  C: 0.262  G: 0.240  T: 0.267
Gamma shape alpha: 3.776
Parameters optimization took 6 rounds (0.079 sec)
--------------------------------------------------------------------
|             INITIALIZING CANDIDATE TREE SET                      |
--------------------------------------------------------------------
Computing ML distances based on estimated model parameters... 0.004 sec
Computing BIONJ tree...
0.000 seconds
Log-likelihood of BIONJ tree: -5083.162
Generating 98 parsimony trees... 0.162 seconds 4 distinct starting trees
Computing log-likelihood of 4 initial trees ... 0.006 seconds
Optimizing top 4 initial trees with NNI...
Iteration 1 / LogL: -5083.008 / Time: 0h:0m:0s
Estimate model parameters (epsilon = 0.100)
BETTER TREE FOUND at iteration 1: -5082.972
Iteration 2 / LogL: -5083.136 / Time: 0h:0m:0s
Iteration 3 / LogL: -5083.115 / Time: 0h:0m:0s
Iteration 4 / LogL: -5083.116 / Time: 0h:0m:0s
Average CPU time for 1 NNI search: 0.019
Finish initializing candidate tree set. Number of distinct locally optimal trees: 2
Current best tree score: -5082.972 / CPU time: 0.244
--------------------------------------------------------------------
|               OPTIMIZING CANDIDATE TREE SET                      |
--------------------------------------------------------------------
Iteration 10 / LogL: -5089.101 / Time: 0h:0m:0s
Iteration 20 / LogL: -5083.187 / Time: 0h:0m:0s (0h:0m:4s left)
Iteration 30 / LogL: -5088.808 / Time: 0h:0m:1s (0h:0m:3s left)
Iteration 40 / LogL: -5083.981 / Time: 0h:0m:1s (0h:0m:2s left)
Iteration 50 / LogL: -5083.079 / Time: 0h:0m:2s (0h:0m:2s left)
Iteration 60 / LogL: -5084.168 / Time: 0h:0m:2s (0h:0m:1s left)
Iteration 70 / LogL: -5083.039 / Time: 0h:0m:2s (0h:0m:1s left)
Iteration 80 / LogL: -5083.174 / Time: 0h:0m:3s (0h:0m:0s left)
Iteration 90 / LogL: -5083.960 / Time: 0h:0m:3s (0h:0m:0s left)
Iteration 100 / LogL: -5083.028 / Time: 0h:0m:3s (0h:0m:0s left)
TREE SEARCH COMPLETED AFTER 101 ITERATIONS / Time: 0h:0m:3s

--------------------------------------------------------------------
|                    FINALIZING TREE SEARCH                        |
--------------------------------------------------------------------
Performs final model parameters optimization
Estimate model parameters (epsilon = 0.010)
1. Initial log-likelihood: -5082.972
Optimal log-likelihood: -5082.966
Rate parameters:  A-C: 1.463  A-G: 1.569  A-T: 0.985  C-G: 1.198  C-T: 1.904  G-T: 1.000
Base frequencies:   A: 0.231  C: 0.262  G: 0.240  T: 0.267
Gamma shape alpha: 3.892
Parameters optimization took 1 rounds (0.008 sec)
BEST SCORE FOUND : -5082.966

Testing tree branches by SH-like aLRT with 1000 replicates...
CPU Time used:  0.124 sec.
Total tree length: 8.611

Total number of iterations: 101
CPU time used for tree search: 3.772 sec (0h:0m:3s)
Wall-clock time used for tree search: 3.775 sec (0h:0m:3s)
Total CPU time used: 4.024 sec (0h:0m:4s)
Total wall-clock time used: 4.027 sec (0h:0m:4s)

Analysis results written to: 
  IQ-TREE report:                ../simulations/data_D10T10L20I10T10//S/194_pruned.fasta.iqtree
  Maximum-likelihood tree:       ../simulations/data_D10T10L20I10T10//S/194_pruned.fasta.treefile
  Likelihood distances:          ../simulations/data_D10T10L20I10T10//S/194_pruned.fasta.mldist
  Screen log file:               ../simulations/data_D10T10L20I10T10//S/194_pruned.fasta.log

Date and Time: Mon Jun  4 01:02:00 2018
