IQ-TREE version 1.4.2 for Linux 64-bit built Apr 15 2016
Copyright (c) 2011-2015 Nguyen Lam Tung, Olga Chernomor, Arndt von Haeseler and Bui Quang Minh.

Host:    meduse (AVX2, FMA3, 7 GB RAM)
Command: iqtree -s ../simulations/data_D8T8L15I8T8//S/196_pruned.fasta -m GTR+G -alrt 1000 -redo
Seed:    294582 (Using SPRNG - Scalable Parallel Random Number Generator)
Time:    Fri May 25 22:38:47 2018
Kernel:  AVX

NOTE: Consider using the multicore version because your CPU has 4 cores!

Reading alignment file ../simulations/data_D8T8L15I8T8//S/196_pruned.fasta ... Fasta format detected
Alignment most likely contains DNA/RNA sequences
Alignment has 52 sequences with 300 columns and 261 patterns (242 informative sites)
          Gap/Ambiguity  Composition  p-value
   1  n244_487    0.00%    passed     44.21%
   2  n299_600    0.00%    passed     95.03%
   3  n286_573    0.00%    passed     91.64%
   4  n298_595    0.00%    passed     48.51%
   5  n266_533    0.00%    passed     69.89%
   6  n265_532    0.00%    passed     77.20%
   7  n300_601    0.00%    passed     95.03%
   8  n285_570    0.00%    passed     81.39%
   9  n290_581    0.00%    passed     91.85%
  10  n255_512    0.00%    passed     91.87%
  11  n295_592    0.00%    passed     98.24%
  12  n287_574    0.00%    passed     43.35%
  13  n255_510    0.00%    passed     77.56%
  14  n277_556    0.00%    passed     64.09%
  15  n293_586    0.00%    passed     37.48%
  16  n285_572    0.00%    passed     86.00%
  17  n236_471    0.00%    passed     39.82%
  18  n274_547    0.00%    passed     58.07%
  19  n278_557    0.00%    passed     61.56%
  20  n287_576    0.00%    passed     82.07%
  21  n298_597    0.00%    passed     89.72%
  22  n289_578    0.00%    passed     47.75%
  23  n294_589    0.00%    passed     94.41%
  24  n296_591    0.00%    passed     65.95%
  25  n244_489    0.00%    passed     65.80%
  26  n299_598    0.00%    passed     71.85%
  27  n292_585    0.00%    passed     94.02%
  28  n292_583    0.00%    passed     73.60%
  29  n297_594    0.00%    passed     27.99%
  30  n265_530    0.00%    passed     78.46%
  31  n297_596    0.00%    passed     89.72%
  32  n251_504    0.00%    passed     93.93%
  33  n300_599    0.00%    passed     71.85%
  34  n275_550    0.00%    passed     31.99%
  35  n290_579    0.00%    passed     45.96%
  36  n275_552    0.00%    passed     97.89%
  37  n277_554    0.00%    passed     84.57%
  38  n200_399    0.00%    passed     98.79%
  39  n278_555    0.00%    passed     81.88%
  40  n266_531    0.00%    passed     61.01%
  41  n236_473    0.00%    passed     91.33%
  42  n289_580    0.00%    passed     91.85%
  43  n200_401    0.00%    passed     96.10%
  44  n286_571    0.00%    passed     79.05%
  45  n295_590    0.00%    passed     63.73%
  46  n296_593    0.00%    passed     92.62%
  47  n280_561    0.00%    passed     98.84%
  48  n251_502    0.00%    passed     63.24%
  49  n293_588    0.00%    passed     93.36%
  50  n294_587    0.00%    passed     29.66%
  51  n274_549    0.00%    passed     98.77%
  52  n280_559    0.00%    passed     55.65%
****  TOTAL       0.00%  0 sequences failed composition chi2 test (p-value<5%; df=3)
NOTE: 3 identical sequences (see below) will be ignored for subsequent analysis
NOTE: n300_601 (identical to n299_600) is ignored but added at the end
NOTE: n289_580 (identical to n290_581) is ignored but added at the end
NOTE: n297_596 (identical to n298_597) is ignored but added at the end

Create initial parsimony tree by phylogenetic likelihood library (PLL)... 0.009 seconds

NOTE: 1 MB RAM is required!
Estimate model parameters (epsilon = 0.100)
1. Initial log-likelihood: -3882.217
2. Current log-likelihood: -3808.806
3. Current log-likelihood: -3808.069
Optimal log-likelihood: -3808.065
Rate parameters:  A-C: 0.736  A-G: 0.995  A-T: 0.930  C-G: 0.739  C-T: 0.992  G-T: 1.000
Base frequencies:   A: 0.220  C: 0.278  G: 0.260  T: 0.242
Gamma shape alpha: 7.253
Parameters optimization took 3 rounds (0.089 sec)
--------------------------------------------------------------------
|             INITIALIZING CANDIDATE TREE SET                      |
--------------------------------------------------------------------
Computing ML distances based on estimated model parameters... 0.012 sec
Computing BIONJ tree...
0.001 seconds
Log-likelihood of BIONJ tree: -3808.820
Generating 98 parsimony trees... 0.602 seconds 77 distinct starting trees
Computing log-likelihood of 77 initial trees ... 0.653 seconds
Optimizing top 20 initial trees with NNI...
Iteration 1 / LogL: -3807.697 / Time: 0h:0m:1s
Estimate model parameters (epsilon = 0.100)
BETTER SCORE FOUND at iteration 1: -3807.692
Iteration 2 / LogL: -3807.696 / Time: 0h:0m:1s
Iteration 3 / LogL: -3807.696 / Time: 0h:0m:1s
Iteration 4 / LogL: -3807.696 / Time: 0h:0m:1s
Iteration 5 / LogL: -3807.696 / Time: 0h:0m:1s
Iteration 6 / LogL: -3807.697 / Time: 0h:0m:1s
Iteration 7 / LogL: -3807.697 / Time: 0h:0m:1s
Iteration 8 / LogL: -3807.697 / Time: 0h:0m:1s
Iteration 9 / LogL: -3807.697 / Time: 0h:0m:1s
Iteration 10 / LogL: -3807.697 / Time: 0h:0m:1s
Iteration 11 / LogL: -3807.697 / Time: 0h:0m:1s
Iteration 12 / LogL: -3807.697 / Time: 0h:0m:1s
Iteration 13 / LogL: -3807.697 / Time: 0h:0m:1s
Iteration 14 / LogL: -3807.697 / Time: 0h:0m:1s
Iteration 15 / LogL: -3807.697 / Time: 0h:0m:1s
Iteration 16 / LogL: -3807.697 / Time: 0h:0m:1s
Iteration 17 / LogL: -3807.697 / Time: 0h:0m:1s
Iteration 18 / LogL: -3807.697 / Time: 0h:0m:1s
Iteration 19 / LogL: -3807.697 / Time: 0h:0m:1s
Iteration 20 / LogL: -3807.697 / Time: 0h:0m:1s
Average CPU time for 1 NNI search: 0.022
Finish initializing candidate tree set. Number of distinct locally optimal trees: 20
Current best tree score: -3807.692 / CPU time: 1.684
--------------------------------------------------------------------
|               OPTIMIZING CANDIDATE TREE SET                      |
--------------------------------------------------------------------
Iteration 30 / LogL: -3807.739 / Time: 0h:0m:2s (0h:0m:6s left)
Iteration 40 / LogL: -3807.728 / Time: 0h:0m:3s (0h:0m:5s left)
Iteration 50 / LogL: -3807.707 / Time: 0h:0m:3s (0h:0m:4s left)
Iteration 60 / LogL: -3807.707 / Time: 0h:0m:4s (0h:0m:3s left)
Iteration 70 / LogL: -3807.797 / Time: 0h:0m:5s (0h:0m:2s left)
Iteration 80 / LogL: -3807.693 / Time: 0h:0m:6s (0h:0m:1s left)
Iteration 90 / LogL: -3807.697 / Time: 0h:0m:7s (0h:0m:0s left)
Iteration 100 / LogL: -3807.765 / Time: 0h:0m:8s (0h:0m:0s left)
TREE SEARCH COMPLETED AFTER 101 ITERATIONS / Time: 0h:0m:8s

--------------------------------------------------------------------
|                    FINALIZING TREE SEARCH                        |
--------------------------------------------------------------------
Performs final model parameters optimization
Estimate model parameters (epsilon = 0.010)
1. Initial log-likelihood: -3807.692
Optimal log-likelihood: -3807.692
Rate parameters:  A-C: 0.737  A-G: 0.994  A-T: 0.930  C-G: 0.737  C-T: 0.991  G-T: 1.000
Base frequencies:   A: 0.220  C: 0.278  G: 0.260  T: 0.242
Gamma shape alpha: 7.253
Parameters optimization took 1 rounds (0.022 sec)
BEST SCORE FOUND : -3807.692

Testing tree branches by SH-like aLRT with 1000 replicates...
CPU Time used:  0.316 sec.
Total tree length: 2.455

Total number of iterations: 101
CPU time used for tree search: 7.900 sec (0h:0m:7s)
Wall-clock time used for tree search: 7.972 sec (0h:0m:7s)
Total CPU time used: 8.368 sec (0h:0m:8s)
Total wall-clock time used: 8.452 sec (0h:0m:8s)

Analysis results written to: 
  IQ-TREE report:                ../simulations/data_D8T8L15I8T8//S/196_pruned.fasta.iqtree
  Maximum-likelihood tree:       ../simulations/data_D8T8L15I8T8//S/196_pruned.fasta.treefile
  Likelihood distances:          ../simulations/data_D8T8L15I8T8//S/196_pruned.fasta.mldist
  Screen log file:               ../simulations/data_D8T8L15I8T8//S/196_pruned.fasta.log

Date and Time: Fri May 25 22:38:55 2018
