IQ-TREE version 1.4.2 for Linux 64-bit built Apr 15 2016
Copyright (c) 2011-2015 Nguyen Lam Tung, Olga Chernomor, Arndt von Haeseler and Bui Quang Minh.

Host:    meduse (AVX2, FMA3, 7 GB RAM)
Command: iqtree -s ../simulations/data_D10T10L20I10T10//S/199_pruned.fasta -m GTR+G -alrt 1000 -redo
Seed:    442326 (Using SPRNG - Scalable Parallel Random Number Generator)
Time:    Fri Jun  1 10:41:34 2018
Kernel:  AVX

NOTE: Consider using the multicore version because your CPU has 4 cores!

Reading alignment file ../simulations/data_D10T10L20I10T10//S/199_pruned.fasta ... Fasta format detected
Alignment most likely contains DNA/RNA sequences
Alignment has 26 sequences with 300 columns and 168 patterns (134 informative sites)
          Gap/Ambiguity  Composition  p-value
   1  n251_256    0.00%    passed     93.56%
   2  n299_304    0.00%    passed     96.40%
   3  n298_303    0.00%    passed     91.65%
   4  n275_280    0.00%    passed     97.21%
   5  n286_291    0.00%    passed     73.53%
   6  n297_302    0.00%    passed     90.75%
   7  n265_270    0.00%    passed     80.24%
   8  n293_298    0.00%    passed     96.37%
   9  n285_290    0.00%    passed     71.72%
  10  n289_294    0.00%    passed     97.92%
  11  n266_271    0.00%    passed     82.30%
  12  n274_279    0.00%    passed     91.68%
  13  n236_241    0.00%    passed     99.06%
  14  n290_295    0.00%    passed     99.06%
  15  n287_292    0.00%    passed     98.86%
  16  n300_305    0.00%    passed     96.40%
  17  n295_300    0.00%    passed     96.76%
  18  n296_301    0.00%    passed     99.19%
  19  n294_299    0.00%    passed     96.37%
  20  n292_297    0.00%    passed     94.35%
  21  n200_201    0.00%    passed     94.86%
  22  n244_249    0.00%    passed     93.29%
  23  n277_282    0.00%    passed     70.97%
  24  n280_285    0.00%    passed     93.80%
  25  n255_260    0.00%    passed     83.47%
  26  n278_283    0.00%    passed     77.41%
****  TOTAL       0.00%  0 sequences failed composition chi2 test (p-value<5%; df=3)
NOTE: 2 identical sequences (see below) will be ignored for subsequent analysis
NOTE: n300_305 (identical to n299_304) is ignored but added at the end
NOTE: n294_299 (identical to n293_298) is ignored but added at the end

Create initial parsimony tree by phylogenetic likelihood library (PLL)... 0.001 seconds

NOTE: 0 MB RAM is required!
Estimate model parameters (epsilon = 0.100)
1. Initial log-likelihood: -1984.640
2. Current log-likelihood: -1924.858
3. Current log-likelihood: -1924.365
Optimal log-likelihood: -1924.341
Rate parameters:  A-C: 0.984  A-G: 1.231  A-T: 1.012  C-G: 1.075  C-T: 0.918  G-T: 1.000
Base frequencies:   A: 0.249  C: 0.284  G: 0.206  T: 0.261
Gamma shape alpha: 7.974
Parameters optimization took 3 rounds (0.018 sec)
--------------------------------------------------------------------
|             INITIALIZING CANDIDATE TREE SET                      |
--------------------------------------------------------------------
Computing ML distances based on estimated model parameters... 0.004 sec
Computing BIONJ tree...
0.000 seconds
Log-likelihood of BIONJ tree: -1924.341
Generating 98 parsimony trees... 0.082 seconds 17 distinct starting trees
Computing log-likelihood of 17 initial trees ... 0.025 seconds
Optimizing top 17 initial trees with NNI...
Iteration 1 / LogL: -1923.835 / Time: 0h:0m:0s
Estimate model parameters (epsilon = 0.100)
BETTER SCORE FOUND at iteration 1: -1923.823
Iteration 2 / LogL: -1923.826 / Time: 0h:0m:0s
Iteration 3 / LogL: -1923.826 / Time: 0h:0m:0s
Iteration 4 / LogL: -1923.823 / Time: 0h:0m:0s
Iteration 5 / LogL: -1923.823 / Time: 0h:0m:0s
Iteration 6 / LogL: -1923.823 / Time: 0h:0m:0s
Iteration 7 / LogL: -1928.502 / Time: 0h:0m:0s
Iteration 8 / LogL: -1927.839 / Time: 0h:0m:0s
Iteration 9 / LogL: -1927.839 / Time: 0h:0m:0s
Iteration 10 / LogL: -1927.839 / Time: 0h:0m:0s
Iteration 11 / LogL: -1928.499 / Time: 0h:0m:0s
Iteration 12 / LogL: -1928.499 / Time: 0h:0m:0s
Iteration 13 / LogL: -1928.499 / Time: 0h:0m:0s
Iteration 14 / LogL: -1928.499 / Time: 0h:0m:0s
Iteration 15 / LogL: -1927.839 / Time: 0h:0m:0s
Iteration 16 / LogL: -1927.839 / Time: 0h:0m:0s
Iteration 17 / LogL: -1927.839 / Time: 0h:0m:0s
Average CPU time for 1 NNI search: 0.006
Finish initializing candidate tree set. Number of distinct locally optimal trees: 12
Current best tree score: -1923.823 / CPU time: 0.204
--------------------------------------------------------------------
|               OPTIMIZING CANDIDATE TREE SET                      |
--------------------------------------------------------------------
Iteration 20 / LogL: -1923.849 / Time: 0h:0m:0s (0h:0m:1s left)
Iteration 30 / LogL: -1926.710 / Time: 0h:0m:0s (0h:0m:0s left)
Iteration 40 / LogL: -1923.824 / Time: 0h:0m:0s (0h:0m:0s left)
Iteration 50 / LogL: -1923.853 / Time: 0h:0m:0s (0h:0m:0s left)
Iteration 60 / LogL: -1931.826 / Time: 0h:0m:0s (0h:0m:0s left)
Iteration 70 / LogL: -1926.710 / Time: 0h:0m:0s (0h:0m:0s left)
Iteration 80 / LogL: -1923.823 / Time: 0h:0m:0s (0h:0m:0s left)
Iteration 90 / LogL: -1923.822 / Time: 0h:0m:1s (0h:0m:0s left)
Iteration 100 / LogL: -1926.749 / Time: 0h:0m:1s (0h:0m:0s left)
TREE SEARCH COMPLETED AFTER 101 ITERATIONS / Time: 0h:0m:1s

--------------------------------------------------------------------
|                    FINALIZING TREE SEARCH                        |
--------------------------------------------------------------------
Performs final model parameters optimization
Estimate model parameters (epsilon = 0.010)
1. Initial log-likelihood: -1923.822
Optimal log-likelihood: -1923.822
Rate parameters:  A-C: 0.985  A-G: 1.213  A-T: 1.011  C-G: 1.086  C-T: 0.911  G-T: 1.000
Base frequencies:   A: 0.249  C: 0.284  G: 0.206  T: 0.261
Gamma shape alpha: 7.906
Parameters optimization took 1 rounds (0.004 sec)
BEST SCORE FOUND : -1923.822

Testing tree branches by SH-like aLRT with 1000 replicates...
CPU Time used:  0.104 sec.
Total tree length: 1.071

Total number of iterations: 101
CPU time used for tree search: 1.212 sec (0h:0m:1s)
Wall-clock time used for tree search: 1.211 sec (0h:0m:1s)
Total CPU time used: 1.348 sec (0h:0m:1s)
Total wall-clock time used: 1.348 sec (0h:0m:1s)

Analysis results written to: 
  IQ-TREE report:                ../simulations/data_D10T10L20I10T10//S/199_pruned.fasta.iqtree
  Maximum-likelihood tree:       ../simulations/data_D10T10L20I10T10//S/199_pruned.fasta.treefile
  Likelihood distances:          ../simulations/data_D10T10L20I10T10//S/199_pruned.fasta.mldist
  Screen log file:               ../simulations/data_D10T10L20I10T10//S/199_pruned.fasta.log

Date and Time: Fri Jun  1 10:41:35 2018
