IQ-TREE version 1.4.2 for Linux 64-bit built Apr 15 2016
Copyright (c) 2011-2015 Nguyen Lam Tung, Olga Chernomor, Arndt von Haeseler and Bui Quang Minh.

Host:    meduse (AVX2, FMA3, 7 GB RAM)
Command: iqtree -s ../simulations/data_D10T10L20I10T10//S/203_pruned.fasta -m GTR+G -alrt 1000 -redo
Seed:    618485 (Using SPRNG - Scalable Parallel Random Number Generator)
Time:    Fri Jun  1 10:37:18 2018
Kernel:  AVX

NOTE: Consider using the multicore version because your CPU has 4 cores!

Reading alignment file ../simulations/data_D10T10L20I10T10//S/203_pruned.fasta ... Fasta format detected
Alignment most likely contains DNA/RNA sequences
Alignment has 28 sequences with 300 columns and 173 patterns (154 informative sites)
          Gap/Ambiguity  Composition  p-value
   1  n297_316    0.00%    passed     74.70%
   2  n293_312    0.00%    passed     74.92%
   3  n289_308    0.00%    passed     90.59%
   4  n266_285    0.00%    passed     71.06%
   5  n295_314    0.00%    passed     90.63%
   6  n255_274    0.00%    passed     94.33%
   7  n292_311    0.00%    passed     81.96%
   8  n296_315    0.00%    passed     90.63%
   9  n286_305    0.00%    passed     68.43%
  10  n299_318    0.00%    passed     78.41%
  11  n274_293    0.00%    passed     75.20%
  12  n294_313    0.00%    passed     61.46%
  13  n251_268    0.00%    passed     60.41%
  14  n287_306    0.00%    passed     86.72%
  15  n285_304    0.00%    passed     83.57%
  16  n290_309    0.00%    passed     80.49%
  17  n278_297    0.00%    passed     76.59%
  18  n244_259    0.00%    passed     97.13%
  19  n280_299    0.00%    passed     76.41%
  20  n265_284    0.00%    passed     91.84%
  21  n300_319    0.00%    passed     78.41%
  22  n200_205    0.00%    passed     83.26%
  23  n298_317    0.00%    passed     74.70%
  24  n277_296    0.00%    passed     83.30%
  25  n275_294    0.00%    passed     66.96%
  26  n255_272    0.00%    passed     65.97%
  27  n236_249    0.00%    passed     97.36%
  28  n251_266    0.00%    passed     83.88%
****  TOTAL       0.00%  0 sequences failed composition chi2 test (p-value<5%; df=3)
NOTE: 3 identical sequences (see below) will be ignored for subsequent analysis
NOTE: n298_317 (identical to n297_316) is ignored but added at the end
NOTE: n296_315 (identical to n295_314) is ignored but added at the end
NOTE: n300_319 (identical to n299_318) is ignored but added at the end

Create initial parsimony tree by phylogenetic likelihood library (PLL)... 0.001 seconds

NOTE: 0 MB RAM is required!
Estimate model parameters (epsilon = 0.100)
1. Initial log-likelihood: -2064.808
2. Current log-likelihood: -2025.333
3. Current log-likelihood: -2025.083
Optimal log-likelihood: -2025.081
Rate parameters:  A-C: 1.020  A-G: 1.347  A-T: 0.964  C-G: 1.136  C-T: 1.118  G-T: 1.000
Base frequencies:   A: 0.216  C: 0.313  G: 0.222  T: 0.249
Gamma shape alpha: 8.883
Parameters optimization took 3 rounds (0.022 sec)
--------------------------------------------------------------------
|             INITIALIZING CANDIDATE TREE SET                      |
--------------------------------------------------------------------
Computing ML distances based on estimated model parameters... 0.000 sec
Computing BIONJ tree...
0.000 seconds
Log-likelihood of BIONJ tree: -2025.080
Generating 98 parsimony trees... 0.084 seconds 66 distinct starting trees
Computing log-likelihood of 66 initial trees ... 0.113 seconds
Optimizing top 20 initial trees with NNI...
Iteration 1 / LogL: -2025.081 / Time: 0h:0m:0s
Estimate model parameters (epsilon = 0.100)
BETTER SCORE FOUND at iteration 1: -2025.080
Iteration 2 / LogL: -2025.081 / Time: 0h:0m:0s
Iteration 3 / LogL: -2025.081 / Time: 0h:0m:0s
Iteration 4 / LogL: -2025.081 / Time: 0h:0m:0s
Iteration 5 / LogL: -2025.081 / Time: 0h:0m:0s
Iteration 6 / LogL: -2025.081 / Time: 0h:0m:0s
Iteration 7 / LogL: -2025.081 / Time: 0h:0m:0s
Iteration 8 / LogL: -2025.081 / Time: 0h:0m:0s
Iteration 9 / LogL: -2025.081 / Time: 0h:0m:0s
Iteration 10 / LogL: -2025.081 / Time: 0h:0m:0s
Iteration 11 / LogL: -2025.081 / Time: 0h:0m:0s
Iteration 12 / LogL: -2025.081 / Time: 0h:0m:0s
Iteration 13 / LogL: -2025.081 / Time: 0h:0m:0s
Iteration 14 / LogL: -2025.081 / Time: 0h:0m:0s
Iteration 15 / LogL: -2025.081 / Time: 0h:0m:0s
Iteration 16 / LogL: -2025.081 / Time: 0h:0m:0s
Iteration 17 / LogL: -2025.081 / Time: 0h:0m:0s
Iteration 18 / LogL: -2025.081 / Time: 0h:0m:0s
Iteration 19 / LogL: -2025.081 / Time: 0h:0m:0s
Iteration 20 / LogL: -2025.081 / Time: 0h:0m:0s
Average CPU time for 1 NNI search: 0.004
Finish initializing candidate tree set. Number of distinct locally optimal trees: 20
Current best tree score: -2025.080 / CPU time: 0.276
--------------------------------------------------------------------
|               OPTIMIZING CANDIDATE TREE SET                      |
--------------------------------------------------------------------
Iteration 30 / LogL: -2025.119 / Time: 0h:0m:0s (0h:0m:1s left)
Iteration 40 / LogL: -2025.101 / Time: 0h:0m:0s (0h:0m:0s left)
Iteration 50 / LogL: -2025.099 / Time: 0h:0m:0s (0h:0m:0s left)
Iteration 60 / LogL: -2025.134 / Time: 0h:0m:0s (0h:0m:0s left)
Iteration 70 / LogL: -2025.081 / Time: 0h:0m:0s (0h:0m:0s left)
Iteration 80 / LogL: -2382.421 / Time: 0h:0m:1s (0h:0m:0s left)
Iteration 90 / LogL: -2025.206 / Time: 0h:0m:1s (0h:0m:0s left)
Iteration 100 / LogL: -2025.131 / Time: 0h:0m:1s (0h:0m:0s left)
TREE SEARCH COMPLETED AFTER 101 ITERATIONS / Time: 0h:0m:1s

--------------------------------------------------------------------
|                    FINALIZING TREE SEARCH                        |
--------------------------------------------------------------------
Performs final model parameters optimization
Estimate model parameters (epsilon = 0.010)
1. Initial log-likelihood: -2025.080
Optimal log-likelihood: -2025.079
Rate parameters:  A-C: 1.016  A-G: 1.343  A-T: 0.959  C-G: 1.130  C-T: 1.112  G-T: 1.000
Base frequencies:   A: 0.216  C: 0.313  G: 0.222  T: 0.249
Gamma shape alpha: 8.883
Parameters optimization took 1 rounds (0.005 sec)
BEST SCORE FOUND : -2025.079

Testing tree branches by SH-like aLRT with 1000 replicates...
CPU Time used:  0.100 sec.
Total tree length: 1.144

Total number of iterations: 101
CPU time used for tree search: 1.312 sec (0h:0m:1s)
Wall-clock time used for tree search: 1.317 sec (0h:0m:1s)
Total CPU time used: 1.452 sec (0h:0m:1s)
Total wall-clock time used: 1.458 sec (0h:0m:1s)

Analysis results written to: 
  IQ-TREE report:                ../simulations/data_D10T10L20I10T10//S/203_pruned.fasta.iqtree
  Maximum-likelihood tree:       ../simulations/data_D10T10L20I10T10//S/203_pruned.fasta.treefile
  Likelihood distances:          ../simulations/data_D10T10L20I10T10//S/203_pruned.fasta.mldist
  Screen log file:               ../simulations/data_D10T10L20I10T10//S/203_pruned.fasta.log

Date and Time: Fri Jun  1 10:37:20 2018
