IQ-TREE version 1.4.2 for Linux 64-bit built Apr 15 2016
Copyright (c) 2011-2015 Nguyen Lam Tung, Olga Chernomor, Arndt von Haeseler and Bui Quang Minh.

Host:    meduse (AVX2, FMA3, 7 GB RAM)
Command: iqtree -s ../simulations/data_D10T10L20I10T10//S/204_pruned.fasta -m GTR+G -alrt 1000 -redo
Seed:    332146 (Using SPRNG - Scalable Parallel Random Number Generator)
Time:    Mon Jun  4 00:53:19 2018
Kernel:  AVX

NOTE: Consider using the multicore version because your CPU has 4 cores!

Reading alignment file ../simulations/data_D10T10L20I10T10//S/204_pruned.fasta ... Fasta format detected
Alignment most likely contains DNA/RNA sequences
Alignment has 26 sequences with 300 columns and 300 patterns (295 informative sites)
          Gap/Ambiguity  Composition  p-value
   1  n299_300    0.00%    passed     42.60%
   2  n300_301    0.00%    passed     45.91%
   3  n290_291    0.00%    passed     44.32%
   4  n244_245    0.00%    passed     35.91%
   5  n255_256    0.00%    passed     14.95%
   6  n277_278    0.00%    passed     87.89%
   7  n200_201    0.00%    passed     12.76%
   8  n236_237    0.00%    passed      6.59%
   9  n274_275    0.00%    passed     45.91%
  10  n289_290    0.00%    passed     29.60%
  11  n296_297    0.00%    failed      4.79%
  12  n275_276    0.00%    passed     90.44%
  13  n292_293    0.00%    passed     36.24%
  14  n278_279    0.00%    passed     95.04%
  15  n298_299    0.00%    passed     73.66%
  16  n297_298    0.00%    passed     85.41%
  17  n286_287    0.00%    passed     17.89%
  18  n285_286    0.00%    passed      7.73%
  19  n287_288    0.00%    passed     39.20%
  20  n251_252    0.00%    passed     44.47%
  21  n294_295    0.00%    passed     77.46%
  22  n295_296    0.00%    passed      7.47%
  23  n266_267    0.00%    passed     53.38%
  24  n265_266    0.00%    passed     94.35%
  25  n280_281    0.00%    passed     41.96%
  26  n293_294    0.00%    passed     80.01%
****  TOTAL       0.00%  1 sequences failed composition chi2 test (p-value<5%; df=3)

Create initial parsimony tree by phylogenetic likelihood library (PLL)... 0.001 seconds

NOTE: 1 MB RAM is required!
Estimate model parameters (epsilon = 0.100)
1. Initial log-likelihood: -5337.368
2. Current log-likelihood: -5234.336
3. Current log-likelihood: -5220.721
4. Current log-likelihood: -5218.195
5. Current log-likelihood: -5217.430
6. Current log-likelihood: -5217.161
Optimal log-likelihood: -5217.022
Rate parameters:  A-C: 1.091  A-G: 1.287  A-T: 1.427  C-G: 1.026  C-T: 1.376  G-T: 1.000
Base frequencies:   A: 0.226  C: 0.294  G: 0.235  T: 0.245
Gamma shape alpha: 4.000
Parameters optimization took 6 rounds (0.073 sec)
--------------------------------------------------------------------
|             INITIALIZING CANDIDATE TREE SET                      |
--------------------------------------------------------------------
Computing ML distances based on estimated model parameters... 0.004 sec
WARNING: Some pairwise ML distances are too long (saturated)
Computing BIONJ tree...
0.000 seconds
Log-likelihood of BIONJ tree: -5225.434
Generating 98 parsimony trees... 0.171 seconds 7 distinct starting trees
Computing log-likelihood of 7 initial trees ... 0.015 seconds
Optimizing top 7 initial trees with NNI...
Iteration 1 / LogL: -5216.106 / Time: 0h:0m:0s
Estimate model parameters (epsilon = 0.100)
BETTER TREE FOUND at iteration 1: -5216.053
Iteration 2 / LogL: -5217.299 / Time: 0h:0m:0s
Iteration 3 / LogL: -5217.299 / Time: 0h:0m:0s
Iteration 4 / LogL: -5217.299 / Time: 0h:0m:0s
Iteration 5 / LogL: -5217.298 / Time: 0h:0m:0s
Iteration 6 / LogL: -5217.298 / Time: 0h:0m:0s
Iteration 7 / LogL: -5217.368 / Time: 0h:0m:0s
Average CPU time for 1 NNI search: 0.013
Finish initializing candidate tree set. Number of distinct locally optimal trees: 4
Current best tree score: -5216.053 / CPU time: 0.280
--------------------------------------------------------------------
|               OPTIMIZING CANDIDATE TREE SET                      |
--------------------------------------------------------------------
Iteration 10 / LogL: -5217.778 / Time: 0h:0m:0s
Iteration 20 / LogL: -5220.026 / Time: 0h:0m:0s (0h:0m:3s left)
Iteration 30 / LogL: -5216.149 / Time: 0h:0m:1s (0h:0m:2s left)
Iteration 40 / LogL: -5218.337 / Time: 0h:0m:1s (0h:0m:2s left)
Iteration 50 / LogL: -5216.261 / Time: 0h:0m:1s (0h:0m:1s left)
Iteration 60 / LogL: -5217.191 / Time: 0h:0m:2s (0h:0m:1s left)
Iteration 70 / LogL: -5218.748 / Time: 0h:0m:2s (0h:0m:1s left)
Iteration 80 / LogL: -5217.391 / Time: 0h:0m:2s (0h:0m:0s left)
Iteration 90 / LogL: -5217.687 / Time: 0h:0m:3s (0h:0m:0s left)
Iteration 100 / LogL: -5216.230 / Time: 0h:0m:3s (0h:0m:0s left)
TREE SEARCH COMPLETED AFTER 101 ITERATIONS / Time: 0h:0m:3s

--------------------------------------------------------------------
|                    FINALIZING TREE SEARCH                        |
--------------------------------------------------------------------
Performs final model parameters optimization
Estimate model parameters (epsilon = 0.010)
1. Initial log-likelihood: -5216.053
2. Current log-likelihood: -5216.027
3. Current log-likelihood: -5216.009
4. Current log-likelihood: -5215.997
Optimal log-likelihood: -5215.987
Rate parameters:  A-C: 1.131  A-G: 1.345  A-T: 1.484  C-G: 1.046  C-T: 1.433  G-T: 1.000
Base frequencies:   A: 0.226  C: 0.294  G: 0.235  T: 0.245
Gamma shape alpha: 4.052
Parameters optimization took 4 rounds (0.024 sec)
BEST SCORE FOUND : -5215.987

Testing tree branches by SH-like aLRT with 1000 replicates...
CPU Time used:  0.124 sec.
Total tree length: 10.145

Total number of iterations: 101
CPU time used for tree search: 3.552 sec (0h:0m:3s)
Wall-clock time used for tree search: 3.552 sec (0h:0m:3s)
Total CPU time used: 3.796 sec (0h:0m:3s)
Total wall-clock time used: 3.799 sec (0h:0m:3s)

Analysis results written to: 
  IQ-TREE report:                ../simulations/data_D10T10L20I10T10//S/204_pruned.fasta.iqtree
  Maximum-likelihood tree:       ../simulations/data_D10T10L20I10T10//S/204_pruned.fasta.treefile
  Likelihood distances:          ../simulations/data_D10T10L20I10T10//S/204_pruned.fasta.mldist
  Screen log file:               ../simulations/data_D10T10L20I10T10//S/204_pruned.fasta.log

Date and Time: Mon Jun  4 00:53:23 2018
