IQ-TREE version 1.4.2 for Linux 64-bit built Apr 15 2016
Copyright (c) 2011-2015 Nguyen Lam Tung, Olga Chernomor, Arndt von Haeseler and Bui Quang Minh.

Host:    meduse (AVX2, FMA3, 7 GB RAM)
Command: iqtree -s ../simulations/data_D10T10L20I10T10//S/20_pruned.fasta -m GTR+G -alrt 1000 -redo
Seed:    848208 (Using SPRNG - Scalable Parallel Random Number Generator)
Time:    Fri Jun  1 10:44:20 2018
Kernel:  AVX

NOTE: Consider using the multicore version because your CPU has 4 cores!

Reading alignment file ../simulations/data_D10T10L20I10T10//S/20_pruned.fasta ... Fasta format detected
Alignment most likely contains DNA/RNA sequences
Alignment has 27 sequences with 300 columns and 169 patterns (137 informative sites)
          Gap/Ambiguity  Composition  p-value
   1  n300_303    0.00%    passed     98.75%
   2  n292_293    0.00%    passed     97.62%
   3  n287_288    0.00%    passed     99.87%
   4  n294_295    0.00%    passed     94.55%
   5  n251_252    0.00%    passed     87.10%
   6  n286_287    0.00%    passed     93.09%
   7  n300_301    0.00%    passed     97.62%
   8  n275_276    0.00%    passed     99.32%
   9  n274_275    0.00%    passed     98.00%
  10  n289_290    0.00%    passed     99.98%
  11  n255_256    0.00%    passed     98.25%
  12  n236_237    0.00%    passed     86.39%
  13  n299_300    0.00%    passed     97.62%
  14  n278_279    0.00%    passed     98.05%
  15  n297_298    0.00%    passed     97.02%
  16  n298_299    0.00%    passed     95.30%
  17  n244_245    0.00%    passed     42.61%
  18  n293_294    0.00%    passed     97.69%
  19  n296_297    0.00%    passed     99.98%
  20  n295_296    0.00%    passed     99.98%
  21  n266_267    0.00%    passed     78.25%
  22  n290_302    0.00%    passed     98.75%
  23  n200_201    0.00%    passed     95.20%
  24  n285_286    0.00%    passed     94.20%
  25  n277_278    0.00%    passed     98.90%
  26  n280_281    0.00%    passed     95.32%
  27  n265_266    0.00%    passed     92.41%
****  TOTAL       0.00%  0 sequences failed composition chi2 test (p-value<5%; df=3)
NOTE: 4 identical sequences (see below) will be ignored for subsequent analysis
NOTE: n290_302 (identical to n300_303) is ignored but added at the end
NOTE: n300_301 (identical to n292_293) is ignored but added at the end
NOTE: n299_300 (identical to n292_293) is ignored but added at the end
NOTE: n295_296 (identical to n296_297) is ignored but added at the end

Create initial parsimony tree by phylogenetic likelihood library (PLL)... 0.001 seconds

NOTE: 0 MB RAM is required!
Estimate model parameters (epsilon = 0.100)
1. Initial log-likelihood: -1961.151
2. Current log-likelihood: -1909.704
3. Current log-likelihood: -1909.097
Optimal log-likelihood: -1909.090
Rate parameters:  A-C: 1.377  A-G: 1.104  A-T: 0.795  C-G: 1.236  C-T: 1.366  G-T: 1.000
Base frequencies:   A: 0.276  C: 0.226  G: 0.242  T: 0.255
Gamma shape alpha: 16.017
Parameters optimization took 3 rounds (0.023 sec)
--------------------------------------------------------------------
|             INITIALIZING CANDIDATE TREE SET                      |
--------------------------------------------------------------------
Computing ML distances based on estimated model parameters... 0.004 sec
Computing BIONJ tree...
0.000 seconds
Log-likelihood of BIONJ tree: -1910.064
Generating 98 parsimony trees... 0.104 seconds 36 distinct starting trees
Computing log-likelihood of 36 initial trees ... 0.059 seconds
Optimizing top 20 initial trees with NNI...
Iteration 1 / LogL: -1909.091 / Time: 0h:0m:0s
Estimate model parameters (epsilon = 0.100)
BETTER SCORE FOUND at iteration 1: -1909.089
Iteration 2 / LogL: -1909.091 / Time: 0h:0m:0s
Iteration 3 / LogL: -1909.091 / Time: 0h:0m:0s
Iteration 4 / LogL: -1909.091 / Time: 0h:0m:0s
Iteration 5 / LogL: -1909.091 / Time: 0h:0m:0s
Iteration 6 / LogL: -1909.091 / Time: 0h:0m:0s
Iteration 7 / LogL: -1909.091 / Time: 0h:0m:0s
Iteration 8 / LogL: -1909.091 / Time: 0h:0m:0s
Iteration 9 / LogL: -1909.091 / Time: 0h:0m:0s
Iteration 10 / LogL: -1909.091 / Time: 0h:0m:0s
Iteration 11 / LogL: -1909.091 / Time: 0h:0m:0s
Iteration 12 / LogL: -1909.091 / Time: 0h:0m:0s
Iteration 13 / LogL: -1909.091 / Time: 0h:0m:0s
Iteration 14 / LogL: -1909.091 / Time: 0h:0m:0s
Iteration 15 / LogL: -1909.091 / Time: 0h:0m:0s
Iteration 16 / LogL: -1909.091 / Time: 0h:0m:0s
Iteration 17 / LogL: -1909.091 / Time: 0h:0m:0s
Iteration 18 / LogL: -1909.091 / Time: 0h:0m:0s
Iteration 19 / LogL: -1909.091 / Time: 0h:0m:0s
Iteration 20 / LogL: -1909.091 / Time: 0h:0m:0s
Average CPU time for 1 NNI search: 0.004
Finish initializing candidate tree set. Number of distinct locally optimal trees: 20
Current best tree score: -1909.089 / CPU time: 0.240
--------------------------------------------------------------------
|               OPTIMIZING CANDIDATE TREE SET                      |
--------------------------------------------------------------------
Iteration 30 / LogL: -1909.089 / Time: 0h:0m:0s (0h:0m:0s left)
Iteration 40 / LogL: -1909.090 / Time: 0h:0m:0s (0h:0m:0s left)
Iteration 50 / LogL: -1909.089 / Time: 0h:0m:0s (0h:0m:0s left)
Iteration 60 / LogL: -1909.091 / Time: 0h:0m:0s (0h:0m:0s left)
Iteration 70 / LogL: -1928.699 / Time: 0h:0m:0s (0h:0m:0s left)
Iteration 80 / LogL: -1909.090 / Time: 0h:0m:1s (0h:0m:0s left)
Iteration 90 / LogL: -1909.090 / Time: 0h:0m:1s (0h:0m:0s left)
Iteration 100 / LogL: -1909.092 / Time: 0h:0m:1s (0h:0m:0s left)
TREE SEARCH COMPLETED AFTER 101 ITERATIONS / Time: 0h:0m:1s

--------------------------------------------------------------------
|                    FINALIZING TREE SEARCH                        |
--------------------------------------------------------------------
Performs final model parameters optimization
Estimate model parameters (epsilon = 0.010)
1. Initial log-likelihood: -1909.089
Optimal log-likelihood: -1909.089
Rate parameters:  A-C: 1.381  A-G: 1.107  A-T: 0.797  C-G: 1.240  C-T: 1.366  G-T: 1.000
Base frequencies:   A: 0.276  C: 0.226  G: 0.242  T: 0.255
Gamma shape alpha: 16.053
Parameters optimization took 1 rounds (0.004 sec)
BEST SCORE FOUND : -1909.089

Testing tree branches by SH-like aLRT with 1000 replicates...
CPU Time used:  0.100 sec.
Total tree length: 1.070

Total number of iterations: 101
CPU time used for tree search: 1.280 sec (0h:0m:1s)
Wall-clock time used for tree search: 1.287 sec (0h:0m:1s)
Total CPU time used: 1.420 sec (0h:0m:1s)
Total wall-clock time used: 1.429 sec (0h:0m:1s)

Analysis results written to: 
  IQ-TREE report:                ../simulations/data_D10T10L20I10T10//S/20_pruned.fasta.iqtree
  Maximum-likelihood tree:       ../simulations/data_D10T10L20I10T10//S/20_pruned.fasta.treefile
  Likelihood distances:          ../simulations/data_D10T10L20I10T10//S/20_pruned.fasta.mldist
  Screen log file:               ../simulations/data_D10T10L20I10T10//S/20_pruned.fasta.log

Date and Time: Fri Jun  1 10:44:22 2018
