IQ-TREE version 1.4.2 for Linux 64-bit built Apr 15 2016
Copyright (c) 2011-2015 Nguyen Lam Tung, Olga Chernomor, Arndt von Haeseler and Bui Quang Minh.

Host:    meduse (AVX2, FMA3, 7 GB RAM)
Command: iqtree -s ../simulations/data_D10T10L20I10T10//S/212_pruned.fasta -m GTR+G -alrt 1000 -redo
Seed:    502768 (Using SPRNG - Scalable Parallel Random Number Generator)
Time:    Mon Jun  4 00:33:13 2018
Kernel:  AVX

NOTE: Consider using the multicore version because your CPU has 4 cores!

Reading alignment file ../simulations/data_D10T10L20I10T10//S/212_pruned.fasta ... Fasta format detected
Alignment most likely contains DNA/RNA sequences
Alignment has 26 sequences with 300 columns and 300 patterns (294 informative sites)
          Gap/Ambiguity  Composition  p-value
   1  n299_300    0.00%    passed     89.94%
   2  n300_301    0.00%    passed     90.14%
   3  n290_291    0.00%    passed     82.41%
   4  n244_245    0.00%    passed     12.40%
   5  n255_256    0.00%    passed      8.66%
   6  n277_278    0.00%    passed     71.62%
   7  n200_201    0.00%    passed     14.35%
   8  n236_237    0.00%    passed     81.87%
   9  n274_275    0.00%    passed     84.21%
  10  n289_290    0.00%    passed     71.38%
  11  n296_297    0.00%    passed     66.72%
  12  n275_276    0.00%    passed     60.63%
  13  n292_293    0.00%    passed     54.83%
  14  n278_279    0.00%    passed     68.24%
  15  n298_299    0.00%    passed     29.31%
  16  n297_298    0.00%    passed     37.92%
  17  n286_287    0.00%    passed     32.45%
  18  n285_286    0.00%    passed     39.99%
  19  n287_288    0.00%    passed     75.74%
  20  n251_252    0.00%    passed     97.23%
  21  n294_295    0.00%    passed     53.54%
  22  n295_296    0.00%    passed     62.02%
  23  n266_267    0.00%    passed     15.69%
  24  n265_266    0.00%    passed     38.68%
  25  n280_281    0.00%    passed     14.28%
  26  n293_294    0.00%    passed     57.38%
****  TOTAL       0.00%  0 sequences failed composition chi2 test (p-value<5%; df=3)

Create initial parsimony tree by phylogenetic likelihood library (PLL)... 0.002 seconds

NOTE: 1 MB RAM is required!
Estimate model parameters (epsilon = 0.100)
1. Initial log-likelihood: -5151.463
2. Current log-likelihood: -5068.450
3. Current log-likelihood: -5048.226
4. Current log-likelihood: -5044.922
5. Current log-likelihood: -5044.354
6. Current log-likelihood: -5044.193
Optimal log-likelihood: -5044.112
Rate parameters:  A-C: 1.175  A-G: 1.217  A-T: 0.935  C-G: 0.868  C-T: 1.191  G-T: 1.000
Base frequencies:   A: 0.248  C: 0.256  G: 0.239  T: 0.257
Gamma shape alpha: 5.669
Parameters optimization took 6 rounds (0.071 sec)
--------------------------------------------------------------------
|             INITIALIZING CANDIDATE TREE SET                      |
--------------------------------------------------------------------
Computing ML distances based on estimated model parameters... 0.004 sec
WARNING: Some pairwise ML distances are too long (saturated)
Computing BIONJ tree...
0.000 seconds
Log-likelihood of BIONJ tree: -5053.787
Generating 98 parsimony trees... 0.138 seconds 4 distinct starting trees
Computing log-likelihood of 4 initial trees ... 0.006 seconds
Optimizing top 4 initial trees with NNI...
Iteration 1 / LogL: -5044.003 / Time: 0h:0m:0s
Estimate model parameters (epsilon = 0.100)
BETTER TREE FOUND at iteration 1: -5043.897
Iteration 2 / LogL: -5044.928 / Time: 0h:0m:0s
Iteration 3 / LogL: -5044.930 / Time: 0h:0m:0s
Iteration 4 / LogL: -5043.895 / Time: 0h:0m:0s
Average CPU time for 1 NNI search: 0.015
Finish initializing candidate tree set. Number of distinct locally optimal trees: 2
Current best tree score: -5043.895 / CPU time: 0.200
--------------------------------------------------------------------
|               OPTIMIZING CANDIDATE TREE SET                      |
--------------------------------------------------------------------
Iteration 10 / LogL: -5054.212 / Time: 0h:0m:0s
Iteration 20 / LogL: -5043.922 / Time: 0h:0m:0s (0h:0m:3s left)
Estimate model parameters (epsilon = 0.010)
UPDATE BEST LOG-LIKELIHOOD: -5043.828
Iteration 30 / LogL: -5053.390 / Time: 0h:0m:1s (0h:0m:2s left)
Iteration 40 / LogL: -5045.779 / Time: 0h:0m:1s (0h:0m:2s left)
Iteration 50 / LogL: -5046.319 / Time: 0h:0m:1s (0h:0m:1s left)
Iteration 60 / LogL: -5186.194 / Time: 0h:0m:2s (0h:0m:1s left)
Iteration 70 / LogL: -5043.879 / Time: 0h:0m:2s (0h:0m:1s left)
Iteration 80 / LogL: -5043.889 / Time: 0h:0m:2s (0h:0m:0s left)
Iteration 90 / LogL: -5043.946 / Time: 0h:0m:3s (0h:0m:0s left)
Iteration 100 / LogL: -5043.893 / Time: 0h:0m:3s (0h:0m:0s left)
TREE SEARCH COMPLETED AFTER 101 ITERATIONS / Time: 0h:0m:3s

--------------------------------------------------------------------
|                    FINALIZING TREE SEARCH                        |
--------------------------------------------------------------------
Performs final model parameters optimization
Estimate model parameters (epsilon = 0.010)
1. Initial log-likelihood: -5043.828
Optimal log-likelihood: -5043.824
Rate parameters:  A-C: 1.141  A-G: 1.185  A-T: 0.925  C-G: 0.833  C-T: 1.160  G-T: 1.000
Base frequencies:   A: 0.248  C: 0.256  G: 0.239  T: 0.257
Gamma shape alpha: 5.687
Parameters optimization took 1 rounds (0.008 sec)
BEST SCORE FOUND : -5043.824

Testing tree branches by SH-like aLRT with 1000 replicates...
CPU Time used:  0.128 sec.
Total tree length: 7.788

Total number of iterations: 101
CPU time used for tree search: 3.544 sec (0h:0m:3s)
Wall-clock time used for tree search: 3.548 sec (0h:0m:3s)
Total CPU time used: 3.772 sec (0h:0m:3s)
Total wall-clock time used: 3.780 sec (0h:0m:3s)

Analysis results written to: 
  IQ-TREE report:                ../simulations/data_D10T10L20I10T10//S/212_pruned.fasta.iqtree
  Maximum-likelihood tree:       ../simulations/data_D10T10L20I10T10//S/212_pruned.fasta.treefile
  Likelihood distances:          ../simulations/data_D10T10L20I10T10//S/212_pruned.fasta.mldist
  Screen log file:               ../simulations/data_D10T10L20I10T10//S/212_pruned.fasta.log

Date and Time: Mon Jun  4 00:33:17 2018
