IQ-TREE version 1.4.2 for Linux 64-bit built Apr 15 2016
Copyright (c) 2011-2015 Nguyen Lam Tung, Olga Chernomor, Arndt von Haeseler and Bui Quang Minh.

Host:    meduse (AVX2, FMA3, 7 GB RAM)
Command: iqtree -s ../simulations/data_D10T10L20I10T10//S/213_pruned.fasta -m GTR+G -alrt 1000 -redo
Seed:    323287 (Using SPRNG - Scalable Parallel Random Number Generator)
Time:    Mon Jun  4 01:01:27 2018
Kernel:  AVX

NOTE: Consider using the multicore version because your CPU has 4 cores!

Reading alignment file ../simulations/data_D10T10L20I10T10//S/213_pruned.fasta ... Fasta format detected
Alignment most likely contains DNA/RNA sequences
Alignment has 27 sequences with 300 columns and 299 patterns (295 informative sites)
          Gap/Ambiguity  Composition  p-value
   1  n295_298    0.00%    passed     90.85%
   2  n290_291    0.00%    passed     93.64%
   3  n244_245    0.00%    passed     79.16%
   4  n299_302    0.00%    passed     26.92%
   5  n277_278    0.00%    passed     58.19%
   6  n200_201    0.00%    passed     28.09%
   7  n275_296    0.00%    passed     76.76%
   8  n236_237    0.00%    passed     18.59%
   9  n274_275    0.00%    passed      7.08%
  10  n289_290    0.00%    passed     79.95%
  11  n297_300    0.00%    passed     27.00%
  12  n292_293    0.00%    passed     23.74%
  13  n278_279    0.00%    passed     96.92%
  14  n255_256    0.00%    passed     59.75%
  15  n244_297    0.00%    passed     46.90%
  16  n286_287    0.00%    passed     97.28%
  17  n285_286    0.00%    passed     96.77%
  18  n287_288    0.00%    passed     82.02%
  19  n251_252    0.00%    passed     52.46%
  20  n298_301    0.00%    passed     33.77%
  21  n266_267    0.00%    passed      8.37%
  22  n300_303    0.00%    passed     31.61%
  23  n294_295    0.00%    passed     62.49%
  24  n265_266    0.00%    passed     18.48%
  25  n280_281    0.00%    passed      5.73%
  26  n296_299    0.00%    passed     79.29%
  27  n293_294    0.00%    passed     56.25%
****  TOTAL       0.00%  0 sequences failed composition chi2 test (p-value<5%; df=3)

Create initial parsimony tree by phylogenetic likelihood library (PLL)... 0.002 seconds

NOTE: 1 MB RAM is required!
Estimate model parameters (epsilon = 0.100)
1. Initial log-likelihood: -5286.502
2. Current log-likelihood: -5194.589
3. Current log-likelihood: -5183.067
4. Current log-likelihood: -5180.833
5. Current log-likelihood: -5180.327
6. Current log-likelihood: -5180.217
Optimal log-likelihood: -5180.175
Rate parameters:  A-C: 0.986  A-G: 1.292  A-T: 1.049  C-G: 0.825  C-T: 1.327  G-T: 1.000
Base frequencies:   A: 0.222  C: 0.289  G: 0.246  T: 0.242
Gamma shape alpha: 3.062
Parameters optimization took 6 rounds (0.073 sec)
--------------------------------------------------------------------
|             INITIALIZING CANDIDATE TREE SET                      |
--------------------------------------------------------------------
Computing ML distances based on estimated model parameters... 0.004 sec
WARNING: Some pairwise ML distances are too long (saturated)
Computing BIONJ tree...
0.001 seconds
Log-likelihood of BIONJ tree: -5195.178
Generating 98 parsimony trees... 0.161 seconds 3 distinct starting trees
Computing log-likelihood of 3 initial trees ... 0.003 seconds
Optimizing top 3 initial trees with NNI...
Iteration 1 / LogL: -5179.223 / Time: 0h:0m:0s
Estimate model parameters (epsilon = 0.100)
BETTER TREE FOUND at iteration 1: -5178.622
Iteration 2 / LogL: -5178.071 / Time: 0h:0m:0s
Estimate model parameters (epsilon = 0.100)
BETTER TREE FOUND at iteration 2: -5176.791
Iteration 3 / LogL: -5178.017 / Time: 0h:0m:0s
Average CPU time for 1 NNI search: 0.028
Finish initializing candidate tree set. Number of distinct locally optimal trees: 3
Current best tree score: -5176.791 / CPU time: 0.244
--------------------------------------------------------------------
|               OPTIMIZING CANDIDATE TREE SET                      |
--------------------------------------------------------------------
Iteration 10 / LogL: -5177.303 / Time: 0h:0m:0s
Iteration 20 / LogL: -5178.603 / Time: 0h:0m:0s (0h:0m:4s left)
Iteration 30 / LogL: -5177.963 / Time: 0h:0m:1s (0h:0m:3s left)
Iteration 40 / LogL: -5177.245 / Time: 0h:0m:1s (0h:0m:2s left)
Iteration 50 / LogL: -5178.383 / Time: 0h:0m:2s (0h:0m:2s left)
Iteration 60 / LogL: -5177.756 / Time: 0h:0m:2s (0h:0m:1s left)
Iteration 70 / LogL: -5180.100 / Time: 0h:0m:2s (0h:0m:1s left)
Iteration 80 / LogL: -5181.350 / Time: 0h:0m:3s (0h:0m:0s left)
Iteration 90 / LogL: -5179.136 / Time: 0h:0m:3s (0h:0m:0s left)
Iteration 100 / LogL: -5178.017 / Time: 0h:0m:3s (0h:0m:0s left)
TREE SEARCH COMPLETED AFTER 101 ITERATIONS / Time: 0h:0m:4s

--------------------------------------------------------------------
|                    FINALIZING TREE SEARCH                        |
--------------------------------------------------------------------
Performs final model parameters optimization
Estimate model parameters (epsilon = 0.010)
1. Initial log-likelihood: -5176.791
Optimal log-likelihood: -5176.790
Rate parameters:  A-C: 0.995  A-G: 1.282  A-T: 1.058  C-G: 0.834  C-T: 1.339  G-T: 1.000
Base frequencies:   A: 0.222  C: 0.289  G: 0.246  T: 0.242
Gamma shape alpha: 3.061
Parameters optimization took 1 rounds (0.007 sec)
BEST SCORE FOUND : -5176.790

Testing tree branches by SH-like aLRT with 1000 replicates...
CPU Time used:  0.128 sec.
Total tree length: 10.733

Total number of iterations: 101
CPU time used for tree search: 3.888 sec (0h:0m:3s)
Wall-clock time used for tree search: 3.896 sec (0h:0m:3s)
Total CPU time used: 4.128 sec (0h:0m:4s)
Total wall-clock time used: 4.139 sec (0h:0m:4s)

Analysis results written to: 
  IQ-TREE report:                ../simulations/data_D10T10L20I10T10//S/213_pruned.fasta.iqtree
  Maximum-likelihood tree:       ../simulations/data_D10T10L20I10T10//S/213_pruned.fasta.treefile
  Likelihood distances:          ../simulations/data_D10T10L20I10T10//S/213_pruned.fasta.mldist
  Screen log file:               ../simulations/data_D10T10L20I10T10//S/213_pruned.fasta.log

Date and Time: Mon Jun  4 01:01:31 2018
