IQ-TREE version 1.4.2 for Linux 64-bit built Apr 15 2016
Copyright (c) 2011-2015 Nguyen Lam Tung, Olga Chernomor, Arndt von Haeseler and Bui Quang Minh.

Host:    meduse (AVX2, FMA3, 7 GB RAM)
Command: iqtree -s ../simulations/data_D10T10L20I10T10//S/218_pruned.fasta -m GTR+G -alrt 1000 -redo
Seed:    76670 (Using SPRNG - Scalable Parallel Random Number Generator)
Time:    Mon Jun  4 00:30:44 2018
Kernel:  AVX

NOTE: Consider using the multicore version because your CPU has 4 cores!

Reading alignment file ../simulations/data_D10T10L20I10T10//S/218_pruned.fasta ... Fasta format detected
Alignment most likely contains DNA/RNA sequences
Alignment has 26 sequences with 300 columns and 300 patterns (295 informative sites)
          Gap/Ambiguity  Composition  p-value
   1  n299_300    0.00%    passed     63.86%
   2  n300_301    0.00%    passed     50.48%
   3  n290_291    0.00%    passed     51.37%
   4  n244_245    0.00%    passed     14.90%
   5  n255_256    0.00%    passed     76.62%
   6  n277_278    0.00%    passed     82.31%
   7  n200_201    0.00%    passed     88.37%
   8  n236_237    0.00%    passed     51.93%
   9  n274_275    0.00%    passed     31.05%
  10  n289_290    0.00%    passed     34.47%
  11  n296_297    0.00%    passed     82.73%
  12  n275_276    0.00%    passed     64.36%
  13  n292_293    0.00%    passed     81.24%
  14  n278_279    0.00%    passed     87.97%
  15  n298_299    0.00%    passed     54.41%
  16  n297_298    0.00%    passed     63.92%
  17  n286_287    0.00%    passed     85.37%
  18  n285_286    0.00%    passed     70.98%
  19  n287_288    0.00%    passed     40.54%
  20  n251_252    0.00%    passed     91.91%
  21  n294_295    0.00%    passed     79.19%
  22  n295_296    0.00%    passed     79.45%
  23  n266_267    0.00%    passed     63.07%
  24  n265_266    0.00%    passed     26.37%
  25  n280_281    0.00%    passed     66.95%
  26  n293_294    0.00%    passed     82.08%
****  TOTAL       0.00%  0 sequences failed composition chi2 test (p-value<5%; df=3)

Create initial parsimony tree by phylogenetic likelihood library (PLL)... 0.002 seconds

NOTE: 1 MB RAM is required!
Estimate model parameters (epsilon = 0.100)
1. Initial log-likelihood: -5203.776
2. Current log-likelihood: -5119.769
3. Current log-likelihood: -5105.213
4. Current log-likelihood: -5101.738
5. Current log-likelihood: -5100.863
6. Current log-likelihood: -5100.663
Optimal log-likelihood: -5100.590
Rate parameters:  A-C: 0.948  A-G: 1.178  A-T: 0.804  C-G: 0.923  C-T: 1.325  G-T: 1.000
Base frequencies:   A: 0.253  C: 0.251  G: 0.233  T: 0.264
Gamma shape alpha: 4.150
Parameters optimization took 6 rounds (0.070 sec)
--------------------------------------------------------------------
|             INITIALIZING CANDIDATE TREE SET                      |
--------------------------------------------------------------------
Computing ML distances based on estimated model parameters... 0.004 sec
WARNING: Some pairwise ML distances are too long (saturated)
Computing BIONJ tree...
0.001 seconds
Log-likelihood of BIONJ tree: -5114.326
Generating 98 parsimony trees... 0.140 seconds 7 distinct starting trees
Computing log-likelihood of 7 initial trees ... 0.015 seconds
Optimizing top 7 initial trees with NNI...
Iteration 1 / LogL: -5097.990 / Time: 0h:0m:0s
Estimate model parameters (epsilon = 0.100)
BETTER TREE FOUND at iteration 1: -5097.530
Iteration 2 / LogL: -5097.977 / Time: 0h:0m:0s
Iteration 3 / LogL: -5097.978 / Time: 0h:0m:0s
Iteration 4 / LogL: -5097.564 / Time: 0h:0m:0s
Iteration 5 / LogL: -5097.980 / Time: 0h:0m:0s
Iteration 6 / LogL: -5097.980 / Time: 0h:0m:0s
Iteration 7 / LogL: -5097.827 / Time: 0h:0m:0s
Average CPU time for 1 NNI search: 0.015
Finish initializing candidate tree set. Number of distinct locally optimal trees: 3
Current best tree score: -5097.530 / CPU time: 0.260
--------------------------------------------------------------------
|               OPTIMIZING CANDIDATE TREE SET                      |
--------------------------------------------------------------------
Estimate model parameters (epsilon = 0.010)
BETTER TREE FOUND at iteration 8: -5096.209
Iteration 10 / LogL: -5097.835 / Time: 0h:0m:0s
Estimate model parameters (epsilon = 0.010)
BETTER TREE FOUND at iteration 13: -5095.606
Iteration 20 / LogL: -5095.731 / Time: 0h:0m:0s (0h:0m:4s left)
Iteration 30 / LogL: -5796.991 / Time: 0h:0m:1s (0h:0m:3s left)
Iteration 40 / LogL: -5097.939 / Time: 0h:0m:1s (0h:0m:3s left)
Iteration 50 / LogL: -5109.325 / Time: 0h:0m:1s (0h:0m:2s left)
Iteration 60 / LogL: -5095.673 / Time: 0h:0m:2s (0h:0m:2s left)
Iteration 70 / LogL: -5095.685 / Time: 0h:0m:2s (0h:0m:1s left)
Iteration 80 / LogL: -5095.630 / Time: 0h:0m:3s (0h:0m:1s left)
Iteration 90 / LogL: -5095.802 / Time: 0h:0m:3s (0h:0m:0s left)
Iteration 100 / LogL: -5095.652 / Time: 0h:0m:3s (0h:0m:0s left)
Iteration 110 / LogL: -5096.037 / Time: 0h:0m:4s (0h:0m:0s left)
TREE SEARCH COMPLETED AFTER 113 ITERATIONS / Time: 0h:0m:4s

--------------------------------------------------------------------
|                    FINALIZING TREE SEARCH                        |
--------------------------------------------------------------------
Performs final model parameters optimization
Estimate model parameters (epsilon = 0.010)
1. Initial log-likelihood: -5095.606
Optimal log-likelihood: -5095.605
Rate parameters:  A-C: 0.954  A-G: 1.189  A-T: 0.817  C-G: 0.909  C-T: 1.337  G-T: 1.000
Base frequencies:   A: 0.253  C: 0.251  G: 0.233  T: 0.264
Gamma shape alpha: 3.993
Parameters optimization took 1 rounds (0.006 sec)
BEST SCORE FOUND : -5095.605

Testing tree branches by SH-like aLRT with 1000 replicates...
CPU Time used:  0.116 sec.
Total tree length: 8.978

Total number of iterations: 113
CPU time used for tree search: 4.176 sec (0h:0m:4s)
Wall-clock time used for tree search: 4.175 sec (0h:0m:4s)
Total CPU time used: 4.396 sec (0h:0m:4s)
Total wall-clock time used: 4.401 sec (0h:0m:4s)

Analysis results written to: 
  IQ-TREE report:                ../simulations/data_D10T10L20I10T10//S/218_pruned.fasta.iqtree
  Maximum-likelihood tree:       ../simulations/data_D10T10L20I10T10//S/218_pruned.fasta.treefile
  Likelihood distances:          ../simulations/data_D10T10L20I10T10//S/218_pruned.fasta.mldist
  Screen log file:               ../simulations/data_D10T10L20I10T10//S/218_pruned.fasta.log

Date and Time: Mon Jun  4 00:30:48 2018
