IQ-TREE version 1.4.2 for Linux 64-bit built Apr 15 2016
Copyright (c) 2011-2015 Nguyen Lam Tung, Olga Chernomor, Arndt von Haeseler and Bui Quang Minh.

Host:    meduse (AVX2, FMA3, 7 GB RAM)
Command: iqtree -s ../simulations/data_D10T10L20I10T10//S/219_pruned.fasta -m GTR+G -alrt 1000 -redo
Seed:    692754 (Using SPRNG - Scalable Parallel Random Number Generator)
Time:    Mon Jun  4 00:17:04 2018
Kernel:  AVX

NOTE: Consider using the multicore version because your CPU has 4 cores!

Reading alignment file ../simulations/data_D10T10L20I10T10//S/219_pruned.fasta ... Fasta format detected
Alignment most likely contains DNA/RNA sequences
Alignment has 26 sequences with 300 columns and 300 patterns (297 informative sites)
          Gap/Ambiguity  Composition  p-value
   1  n299_300    0.00%    passed     47.94%
   2  n300_301    0.00%    passed     51.47%
   3  n290_291    0.00%    passed     68.83%
   4  n244_245    0.00%    passed     59.99%
   5  n255_256    0.00%    passed     11.16%
   6  n277_278    0.00%    passed     34.52%
   7  n200_201    0.00%    passed     65.88%
   8  n236_237    0.00%    passed     29.56%
   9  n274_275    0.00%    passed     78.02%
  10  n289_290    0.00%    passed     55.26%
  11  n296_297    0.00%    passed     50.28%
  12  n275_276    0.00%    passed     72.48%
  13  n292_293    0.00%    passed     40.46%
  14  n278_279    0.00%    passed     78.90%
  15  n298_299    0.00%    passed     94.67%
  16  n297_298    0.00%    passed     98.60%
  17  n286_287    0.00%    passed     78.27%
  18  n285_286    0.00%    passed     74.39%
  19  n287_288    0.00%    passed     67.86%
  20  n251_252    0.00%    passed     84.75%
  21  n294_295    0.00%    passed     93.65%
  22  n295_296    0.00%    passed     41.77%
  23  n266_267    0.00%    passed     57.80%
  24  n265_266    0.00%    passed     37.73%
  25  n280_281    0.00%    passed     60.33%
  26  n293_294    0.00%    passed     79.39%
****  TOTAL       0.00%  0 sequences failed composition chi2 test (p-value<5%; df=3)

Create initial parsimony tree by phylogenetic likelihood library (PLL)... 0.001 seconds

NOTE: 1 MB RAM is required!
Estimate model parameters (epsilon = 0.100)
1. Initial log-likelihood: -5323.554
2. Current log-likelihood: -5240.006
3. Current log-likelihood: -5221.435
4. Current log-likelihood: -5217.463
5. Current log-likelihood: -5216.576
6. Current log-likelihood: -5216.410
Optimal log-likelihood: -5216.343
Rate parameters:  A-C: 1.323  A-G: 1.038  A-T: 0.921  C-G: 0.989  C-T: 1.153  G-T: 1.000
Base frequencies:   A: 0.245  C: 0.254  G: 0.266  T: 0.235
Gamma shape alpha: 4.686
Parameters optimization took 6 rounds (0.083 sec)
--------------------------------------------------------------------
|             INITIALIZING CANDIDATE TREE SET                      |
--------------------------------------------------------------------
Computing ML distances based on estimated model parameters... 0.004 sec
WARNING: Some pairwise ML distances are too long (saturated)
Computing BIONJ tree...
0.000 seconds
Log-likelihood of BIONJ tree: -5220.672
Generating 98 parsimony trees... 0.137 seconds 7 distinct starting trees
Computing log-likelihood of 7 initial trees ... 0.015 seconds
Optimizing top 7 initial trees with NNI...
Iteration 1 / LogL: -5216.209 / Time: 0h:0m:0s
Estimate model parameters (epsilon = 0.100)
BETTER TREE FOUND at iteration 1: -5216.199
Iteration 2 / LogL: -5216.411 / Time: 0h:0m:0s
Iteration 3 / LogL: -5216.295 / Time: 0h:0m:0s
Iteration 4 / LogL: -5216.567 / Time: 0h:0m:0s
Iteration 5 / LogL: -5216.274 / Time: 0h:0m:0s
Iteration 6 / LogL: -5216.275 / Time: 0h:0m:0s
Iteration 7 / LogL: -5214.877 / Time: 0h:0m:0s
Estimate model parameters (epsilon = 0.100)
BETTER TREE FOUND at iteration 7: -5214.483
Average CPU time for 1 NNI search: 0.014
Finish initializing candidate tree set. Number of distinct locally optimal trees: 3
Current best tree score: -5214.483 / CPU time: 0.248
--------------------------------------------------------------------
|               OPTIMIZING CANDIDATE TREE SET                      |
--------------------------------------------------------------------
Iteration 10 / LogL: -5227.133 / Time: 0h:0m:0s
Iteration 20 / LogL: -5218.635 / Time: 0h:0m:0s (0h:0m:3s left)
Iteration 30 / LogL: -5215.645 / Time: 0h:0m:1s (0h:0m:3s left)
Iteration 40 / LogL: -5219.778 / Time: 0h:0m:1s (0h:0m:2s left)
Iteration 50 / LogL: -5217.216 / Time: 0h:0m:1s (0h:0m:1s left)
Iteration 60 / LogL: -5217.165 / Time: 0h:0m:2s (0h:0m:1s left)
Iteration 70 / LogL: -5215.718 / Time: 0h:0m:2s (0h:0m:1s left)
Iteration 80 / LogL: -5216.657 / Time: 0h:0m:2s (0h:0m:0s left)
Iteration 90 / LogL: -5217.198 / Time: 0h:0m:3s (0h:0m:0s left)
Iteration 100 / LogL: -5217.835 / Time: 0h:0m:3s (0h:0m:0s left)
TREE SEARCH COMPLETED AFTER 101 ITERATIONS / Time: 0h:0m:3s

--------------------------------------------------------------------
|                    FINALIZING TREE SEARCH                        |
--------------------------------------------------------------------
Performs final model parameters optimization
Estimate model parameters (epsilon = 0.010)
1. Initial log-likelihood: -5214.483
2. Current log-likelihood: -5214.444
3. Current log-likelihood: -5214.432
Optimal log-likelihood: -5214.417
Rate parameters:  A-C: 1.287  A-G: 1.011  A-T: 0.894  C-G: 0.976  C-T: 1.117  G-T: 1.000
Base frequencies:   A: 0.245  C: 0.254  G: 0.266  T: 0.235
Gamma shape alpha: 5.109
Parameters optimization took 3 rounds (0.024 sec)
BEST SCORE FOUND : -5214.417

Testing tree branches by SH-like aLRT with 1000 replicates...
CPU Time used:  0.128 sec.
Total tree length: 9.801

Total number of iterations: 101
CPU time used for tree search: 3.520 sec (0h:0m:3s)
Wall-clock time used for tree search: 3.526 sec (0h:0m:3s)
Total CPU time used: 3.800 sec (0h:0m:3s)
Total wall-clock time used: 3.806 sec (0h:0m:3s)

Analysis results written to: 
  IQ-TREE report:                ../simulations/data_D10T10L20I10T10//S/219_pruned.fasta.iqtree
  Maximum-likelihood tree:       ../simulations/data_D10T10L20I10T10//S/219_pruned.fasta.treefile
  Likelihood distances:          ../simulations/data_D10T10L20I10T10//S/219_pruned.fasta.mldist
  Screen log file:               ../simulations/data_D10T10L20I10T10//S/219_pruned.fasta.log

Date and Time: Mon Jun  4 00:17:08 2018
