IQ-TREE version 1.4.2 for Linux 64-bit built Apr 15 2016
Copyright (c) 2011-2015 Nguyen Lam Tung, Olga Chernomor, Arndt von Haeseler and Bui Quang Minh.

Host:    meduse (AVX2, FMA3, 7 GB RAM)
Command: iqtree -s ../simulations/data_D8T8L15I8T8//S/224_pruned.fasta -m GTR+G -alrt 1000 -redo
Seed:    727985 (Using SPRNG - Scalable Parallel Random Number Generator)
Time:    Fri May 25 22:49:13 2018
Kernel:  AVX

NOTE: Consider using the multicore version because your CPU has 4 cores!

Reading alignment file ../simulations/data_D8T8L15I8T8//S/224_pruned.fasta ... Fasta format detected
Alignment most likely contains DNA/RNA sequences
Alignment has 26 sequences with 300 columns and 179 patterns (160 informative sites)
          Gap/Ambiguity  Composition  p-value
   1  n287_288    0.00%    passed     63.16%
   2  n290_291    0.00%    passed     64.83%
   3  n236_237    0.00%    passed     87.55%
   4  n278_279    0.00%    passed     83.01%
   5  n285_286    0.00%    passed     46.95%
   6  n265_266    0.00%    passed     94.51%
   7  n280_281    0.00%    passed     92.67%
   8  n299_300    0.00%    passed     79.40%
   9  n293_294    0.00%    passed     75.08%
  10  n274_275    0.00%    passed     95.91%
  11  n292_293    0.00%    passed     87.18%
  12  n296_297    0.00%    passed     59.50%
  13  n294_295    0.00%    passed     81.94%
  14  n275_276    0.00%    passed     85.84%
  15  n297_298    0.00%    passed     93.51%
  16  n289_290    0.00%    passed     64.83%
  17  n286_287    0.00%    passed     46.95%
  18  n255_256    0.00%    passed     69.16%
  19  n295_296    0.00%    passed     59.50%
  20  n266_267    0.00%    passed     74.71%
  21  n244_245    0.00%    passed     92.57%
  22  n298_299    0.00%    passed     90.46%
  23  n300_301    0.00%    passed     80.15%
  24  n200_201    0.00%    passed     70.08%
  25  n277_278    0.00%    passed     92.37%
  26  n251_252    0.00%    passed     49.06%
****  TOTAL       0.00%  0 sequences failed composition chi2 test (p-value<5%; df=3)
NOTE: 1 identical sequences (see below) will be ignored for subsequent analysis
NOTE: n289_290 (identical to n290_291) is ignored but added at the end

Create initial parsimony tree by phylogenetic likelihood library (PLL)... 0.001 seconds

NOTE: 0 MB RAM is required!
Estimate model parameters (epsilon = 0.100)
1. Initial log-likelihood: -2156.052
2. Current log-likelihood: -2082.243
3. Current log-likelihood: -2081.931
Optimal log-likelihood: -2081.920
Rate parameters:  A-C: 1.358  A-G: 1.557  A-T: 1.259  C-G: 1.068  C-T: 0.971  G-T: 1.000
Base frequencies:   A: 0.217  C: 0.272  G: 0.224  T: 0.286
Gamma shape alpha: 10.122
Parameters optimization took 3 rounds (0.037 sec)
--------------------------------------------------------------------
|             INITIALIZING CANDIDATE TREE SET                      |
--------------------------------------------------------------------
Computing ML distances based on estimated model parameters... 0.004 sec
Computing BIONJ tree...
0.000 seconds
Log-likelihood of BIONJ tree: -2081.919
Generating 98 parsimony trees... 0.117 seconds 3 distinct starting trees
Computing log-likelihood of 3 initial trees ... 0.003 seconds
Optimizing top 3 initial trees with NNI...
Iteration 1 / LogL: -2081.919 / Time: 0h:0m:0s
Estimate model parameters (epsilon = 0.100)
BETTER SCORE FOUND at iteration 1: -2081.914
Iteration 2 / LogL: -2081.916 / Time: 0h:0m:0s
Iteration 3 / LogL: -2081.919 / Time: 0h:0m:0s
Average CPU time for 1 NNI search: 0.008
Finish initializing candidate tree set. Number of distinct locally optimal trees: 3
Current best tree score: -2081.914 / CPU time: 0.144
--------------------------------------------------------------------
|               OPTIMIZING CANDIDATE TREE SET                      |
--------------------------------------------------------------------
Iteration 10 / LogL: -2081.916 / Time: 0h:0m:0s
Iteration 20 / LogL: -2082.176 / Time: 0h:0m:0s (0h:0m:2s left)
Iteration 30 / LogL: -2081.929 / Time: 0h:0m:0s (0h:0m:2s left)
Iteration 40 / LogL: -2081.916 / Time: 0h:0m:1s (0h:0m:1s left)
Iteration 50 / LogL: -2085.586 / Time: 0h:0m:1s (0h:0m:1s left)
Iteration 60 / LogL: -2081.914 / Time: 0h:0m:1s (0h:0m:1s left)
Iteration 70 / LogL: -2081.941 / Time: 0h:0m:1s (0h:0m:0s left)
Iteration 80 / LogL: -2081.920 / Time: 0h:0m:1s (0h:0m:0s left)
Iteration 90 / LogL: -2082.349 / Time: 0h:0m:2s (0h:0m:0s left)
Iteration 100 / LogL: -2082.078 / Time: 0h:0m:2s (0h:0m:0s left)
TREE SEARCH COMPLETED AFTER 101 ITERATIONS / Time: 0h:0m:2s

--------------------------------------------------------------------
|                    FINALIZING TREE SEARCH                        |
--------------------------------------------------------------------
Performs final model parameters optimization
Estimate model parameters (epsilon = 0.010)
1. Initial log-likelihood: -2081.914
Optimal log-likelihood: -2081.911
Rate parameters:  A-C: 1.349  A-G: 1.539  A-T: 1.249  C-G: 1.060  C-T: 0.966  G-T: 1.000
Base frequencies:   A: 0.217  C: 0.272  G: 0.224  T: 0.286
Gamma shape alpha: 10.150
Parameters optimization took 1 rounds (0.005 sec)
BEST SCORE FOUND : -2081.911

Testing tree branches by SH-like aLRT with 1000 replicates...
CPU Time used:  0.140 sec.
Total tree length: 1.221

Total number of iterations: 101
CPU time used for tree search: 2.352 sec (0h:0m:2s)
Wall-clock time used for tree search: 2.362 sec (0h:0m:2s)
Total CPU time used: 2.556 sec (0h:0m:2s)
Total wall-clock time used: 2.563 sec (0h:0m:2s)

Analysis results written to: 
  IQ-TREE report:                ../simulations/data_D8T8L15I8T8//S/224_pruned.fasta.iqtree
  Maximum-likelihood tree:       ../simulations/data_D8T8L15I8T8//S/224_pruned.fasta.treefile
  Likelihood distances:          ../simulations/data_D8T8L15I8T8//S/224_pruned.fasta.mldist
  Screen log file:               ../simulations/data_D8T8L15I8T8//S/224_pruned.fasta.log

Date and Time: Fri May 25 22:49:16 2018
