IQ-TREE version 1.4.2 for Linux 64-bit built Apr 15 2016
Copyright (c) 2011-2015 Nguyen Lam Tung, Olga Chernomor, Arndt von Haeseler and Bui Quang Minh.

Host:    meduse (AVX2, FMA3, 7 GB RAM)
Command: iqtree -s ../simulations/data_D10T10L20I10T10//S/226_pruned.fasta -m GTR+G -alrt 1000 -redo
Seed:    740191 (Using SPRNG - Scalable Parallel Random Number Generator)
Time:    Mon Jun  4 00:48:15 2018
Kernel:  AVX

NOTE: Consider using the multicore version because your CPU has 4 cores!

Reading alignment file ../simulations/data_D10T10L20I10T10//S/226_pruned.fasta ... Fasta format detected
Alignment most likely contains DNA/RNA sequences
Alignment has 26 sequences with 300 columns and 300 patterns (294 informative sites)
          Gap/Ambiguity  Composition  p-value
   1  n295_298    0.00%    passed     57.45%
   2  n290_293    0.00%    passed     77.07%
   3  n266_269    0.00%    failed      0.11%
   4  n255_258    0.00%    passed     33.70%
   5  n277_280    0.00%    passed     28.29%
   6  n299_302    0.00%    passed     87.19%
   7  n287_290    0.00%    passed     82.18%
   8  n274_277    0.00%    passed     97.25%
   9  n275_278    0.00%    passed     59.11%
  10  n278_281    0.00%    passed     32.06%
  11  n286_289    0.00%    passed     54.41%
  12  n289_292    0.00%    passed     70.83%
  13  n285_288    0.00%    passed     50.77%
  14  n236_239    0.00%    passed     74.07%
  15  n251_254    0.00%    passed      8.96%
  16  n294_297    0.00%    passed     92.80%
  17  n297_300    0.00%    passed     74.81%
  18  n293_296    0.00%    passed     89.41%
  19  n280_283    0.00%    passed     47.35%
  20  n200_203    0.00%    passed     81.32%
  21  n298_301    0.00%    passed     47.06%
  22  n292_295    0.00%    passed     86.05%
  23  n300_303    0.00%    passed     81.88%
  24  n244_247    0.00%    passed     81.77%
  25  n296_299    0.00%    passed     55.87%
  26  n265_268    0.00%    failed      0.02%
****  TOTAL       0.00%  2 sequences failed composition chi2 test (p-value<5%; df=3)

Create initial parsimony tree by phylogenetic likelihood library (PLL)... 0.002 seconds

NOTE: 1 MB RAM is required!
Estimate model parameters (epsilon = 0.100)
1. Initial log-likelihood: -5379.730
2. Current log-likelihood: -5286.152
3. Current log-likelihood: -5272.383
4. Current log-likelihood: -5269.610
5. Current log-likelihood: -5268.748
6. Current log-likelihood: -5268.617
Optimal log-likelihood: -5268.560
Rate parameters:  A-C: 0.921  A-G: 1.077  A-T: 0.856  C-G: 0.849  C-T: 1.237  G-T: 1.000
Base frequencies:   A: 0.245  C: 0.277  G: 0.252  T: 0.225
Gamma shape alpha: 4.538
Parameters optimization took 6 rounds (0.068 sec)
--------------------------------------------------------------------
|             INITIALIZING CANDIDATE TREE SET                      |
--------------------------------------------------------------------
Computing ML distances based on estimated model parameters... 0.004 sec
WARNING: Some pairwise ML distances are too long (saturated)
Computing BIONJ tree...
0.000 seconds
Log-likelihood of BIONJ tree: -5277.223
Generating 98 parsimony trees... 0.139 seconds 10 distinct starting trees
Computing log-likelihood of 10 initial trees ... 0.025 seconds
Optimizing top 10 initial trees with NNI...
Iteration 1 / LogL: -5268.359 / Time: 0h:0m:0s
Estimate model parameters (epsilon = 0.100)
BETTER TREE FOUND at iteration 1: -5268.170
Iteration 2 / LogL: -5268.622 / Time: 0h:0m:0s
Iteration 3 / LogL: -5268.670 / Time: 0h:0m:0s
Iteration 4 / LogL: -5268.601 / Time: 0h:0m:0s
Iteration 5 / LogL: -5268.648 / Time: 0h:0m:0s
Iteration 6 / LogL: -5268.603 / Time: 0h:0m:0s
Iteration 7 / LogL: -5268.611 / Time: 0h:0m:0s
Iteration 8 / LogL: -5268.658 / Time: 0h:0m:0s
Iteration 9 / LogL: -5268.615 / Time: 0h:0m:0s
Iteration 10 / LogL: -5268.156 / Time: 0h:0m:0s
Estimate model parameters (epsilon = 0.100)
BETTER SCORE FOUND at iteration 10: -5268.151
Average CPU time for 1 NNI search: 0.016
Finish initializing candidate tree set. Number of distinct locally optimal trees: 1
Current best tree score: -5268.151 / CPU time: 0.320
--------------------------------------------------------------------
|               OPTIMIZING CANDIDATE TREE SET                      |
--------------------------------------------------------------------
Iteration 20 / LogL: -5268.219 / Time: 0h:0m:0s (0h:0m:3s left)
Iteration 30 / LogL: -5273.283 / Time: 0h:0m:1s (0h:0m:2s left)
Iteration 40 / LogL: -5268.825 / Time: 0h:0m:1s (0h:0m:2s left)
Iteration 50 / LogL: -5268.346 / Time: 0h:0m:1s (0h:0m:1s left)
Iteration 60 / LogL: -5269.522 / Time: 0h:0m:2s (0h:0m:1s left)
Iteration 70 / LogL: -5268.292 / Time: 0h:0m:2s (0h:0m:1s left)
Iteration 80 / LogL: -5269.444 / Time: 0h:0m:2s (0h:0m:0s left)
Iteration 90 / LogL: -5268.187 / Time: 0h:0m:3s (0h:0m:0s left)
Iteration 100 / LogL: -5269.463 / Time: 0h:0m:3s (0h:0m:0s left)
TREE SEARCH COMPLETED AFTER 101 ITERATIONS / Time: 0h:0m:3s

--------------------------------------------------------------------
|                    FINALIZING TREE SEARCH                        |
--------------------------------------------------------------------
Performs final model parameters optimization
Estimate model parameters (epsilon = 0.010)
1. Initial log-likelihood: -5268.151
Optimal log-likelihood: -5268.151
Rate parameters:  A-C: 0.933  A-G: 1.073  A-T: 0.870  C-G: 0.871  C-T: 1.234  G-T: 1.000
Base frequencies:   A: 0.245  C: 0.277  G: 0.252  T: 0.225
Gamma shape alpha: 4.579
Parameters optimization took 1 rounds (0.008 sec)
BEST SCORE FOUND : -5268.151

Testing tree branches by SH-like aLRT with 1000 replicates...
CPU Time used:  0.128 sec.
Total tree length: 8.660

Total number of iterations: 101
CPU time used for tree search: 3.604 sec (0h:0m:3s)
Wall-clock time used for tree search: 3.606 sec (0h:0m:3s)
Total CPU time used: 3.840 sec (0h:0m:3s)
Total wall-clock time used: 3.845 sec (0h:0m:3s)

Analysis results written to: 
  IQ-TREE report:                ../simulations/data_D10T10L20I10T10//S/226_pruned.fasta.iqtree
  Maximum-likelihood tree:       ../simulations/data_D10T10L20I10T10//S/226_pruned.fasta.treefile
  Likelihood distances:          ../simulations/data_D10T10L20I10T10//S/226_pruned.fasta.mldist
  Screen log file:               ../simulations/data_D10T10L20I10T10//S/226_pruned.fasta.log

Date and Time: Mon Jun  4 00:48:19 2018
