IQ-TREE version 1.4.2 for Linux 64-bit built Apr 15 2016
Copyright (c) 2011-2015 Nguyen Lam Tung, Olga Chernomor, Arndt von Haeseler and Bui Quang Minh.

Host:    meduse (AVX2, FMA3, 7 GB RAM)
Command: iqtree -s ../simulations/data_D10T10L20I10T10//S/229_pruned.fasta -m GTR+G -alrt 1000 -redo
Seed:    998189 (Using SPRNG - Scalable Parallel Random Number Generator)
Time:    Fri Jun  1 10:36:17 2018
Kernel:  AVX

NOTE: Consider using the multicore version because your CPU has 4 cores!

Reading alignment file ../simulations/data_D10T10L20I10T10//S/229_pruned.fasta ... Fasta format detected
Alignment most likely contains DNA/RNA sequences
Alignment has 26 sequences with 300 columns and 178 patterns (156 informative sites)
          Gap/Ambiguity  Composition  p-value
   1  n296_295    0.00%    passed     91.39%
   2  n292_291    0.00%    passed     87.53%
   3  n236_235    0.00%    passed     91.80%
   4  n277_276    0.00%    passed     79.42%
   5  n299_298    0.00%    passed     87.67%
   6  n244_243    0.00%    passed     65.50%
   7  n278_277    0.00%    passed     85.92%
   8  n293_292    0.00%    passed     71.78%
   9  n297_296    0.00%    passed     88.00%
  10  n200_199    0.00%    passed     83.36%
  11  n275_274    0.00%    passed     87.63%
  12  n287_286    0.00%    passed     83.33%
  13  n266_265    0.00%    passed     85.96%
  14  n300_299    0.00%    passed     87.71%
  15  n265_264    0.00%    passed     87.02%
  16  n274_273    0.00%    passed     95.93%
  17  n295_294    0.00%    passed     85.96%
  18  n290_289    0.00%    passed     80.64%
  19  n294_293    0.00%    passed     71.78%
  20  n280_279    0.00%    passed     90.90%
  21  n286_285    0.00%    passed     55.09%
  22  n255_254    0.00%    passed     92.28%
  23  n285_284    0.00%    passed     48.42%
  24  n289_288    0.00%    passed     87.63%
  25  n298_297    0.00%    passed     88.00%
  26  n251_250    0.00%    passed     88.21%
****  TOTAL       0.00%  0 sequences failed composition chi2 test (p-value<5%; df=3)
NOTE: 1 identical sequences (see below) will be ignored for subsequent analysis
NOTE: n298_297 (identical to n297_296) is ignored but added at the end

Create initial parsimony tree by phylogenetic likelihood library (PLL)... 0.001 seconds

NOTE: 0 MB RAM is required!
Estimate model parameters (epsilon = 0.100)
1. Initial log-likelihood: -2078.870
2. Current log-likelihood: -2041.904
3. Current log-likelihood: -2041.555
Optimal log-likelihood: -2041.539
Rate parameters:  A-C: 1.110  A-G: 1.439  A-T: 0.760  C-G: 0.844  C-T: 0.833  G-T: 1.000
Base frequencies:   A: 0.225  C: 0.261  G: 0.259  T: 0.255
Gamma shape alpha: 6.482
Parameters optimization took 3 rounds (0.020 sec)
--------------------------------------------------------------------
|             INITIALIZING CANDIDATE TREE SET                      |
--------------------------------------------------------------------
Computing ML distances based on estimated model parameters... 0.000 sec
Computing BIONJ tree...
0.000 seconds
Log-likelihood of BIONJ tree: -2041.192
Generating 98 parsimony trees... 0.093 seconds 23 distinct starting trees
Computing log-likelihood of 23 initial trees ... 0.038 seconds
Optimizing top 20 initial trees with NNI...
Iteration 1 / LogL: -2041.192 / Time: 0h:0m:0s
Estimate model parameters (epsilon = 0.100)
BETTER SCORE FOUND at iteration 1: -2041.166
Iteration 2 / LogL: -2041.169 / Time: 0h:0m:0s
Iteration 3 / LogL: -2041.169 / Time: 0h:0m:0s
Iteration 4 / LogL: -2041.169 / Time: 0h:0m:0s
Iteration 5 / LogL: -2041.169 / Time: 0h:0m:0s
Iteration 6 / LogL: -2041.169 / Time: 0h:0m:0s
Iteration 7 / LogL: -2041.169 / Time: 0h:0m:0s
Iteration 8 / LogL: -2041.169 / Time: 0h:0m:0s
Iteration 9 / LogL: -2041.169 / Time: 0h:0m:0s
Iteration 10 / LogL: -2041.169 / Time: 0h:0m:0s
Iteration 11 / LogL: -2041.169 / Time: 0h:0m:0s
Iteration 12 / LogL: -2041.169 / Time: 0h:0m:0s
Iteration 13 / LogL: -2041.169 / Time: 0h:0m:0s
Iteration 14 / LogL: -2041.169 / Time: 0h:0m:0s
Iteration 15 / LogL: -2041.169 / Time: 0h:0m:0s
Iteration 16 / LogL: -2041.169 / Time: 0h:0m:0s
Iteration 17 / LogL: -2041.169 / Time: 0h:0m:0s
Iteration 18 / LogL: -2041.169 / Time: 0h:0m:0s
Iteration 19 / LogL: -2041.169 / Time: 0h:0m:0s
Iteration 20 / LogL: -2041.169 / Time: 0h:0m:0s
Average CPU time for 1 NNI search: 0.006
Finish initializing candidate tree set. Number of distinct locally optimal trees: 19
Current best tree score: -2041.166 / CPU time: 0.252
--------------------------------------------------------------------
|               OPTIMIZING CANDIDATE TREE SET                      |
--------------------------------------------------------------------
Iteration 30 / LogL: -2446.496 / Time: 0h:0m:0s (0h:0m:0s left)
Iteration 40 / LogL: -2041.167 / Time: 0h:0m:0s (0h:0m:0s left)
Iteration 50 / LogL: -2041.166 / Time: 0h:0m:0s (0h:0m:0s left)
Iteration 60 / LogL: -2041.167 / Time: 0h:0m:0s (0h:0m:0s left)
Iteration 70 / LogL: -2041.174 / Time: 0h:0m:0s (0h:0m:0s left)
Iteration 80 / LogL: -2041.168 / Time: 0h:0m:1s (0h:0m:0s left)
Iteration 90 / LogL: -2041.180 / Time: 0h:0m:1s (0h:0m:0s left)
Iteration 100 / LogL: -2043.592 / Time: 0h:0m:1s (0h:0m:0s left)
TREE SEARCH COMPLETED AFTER 101 ITERATIONS / Time: 0h:0m:1s

--------------------------------------------------------------------
|                    FINALIZING TREE SEARCH                        |
--------------------------------------------------------------------
Performs final model parameters optimization
Estimate model parameters (epsilon = 0.010)
1. Initial log-likelihood: -2041.165
2. Current log-likelihood: -2041.154
Optimal log-likelihood: -2041.148
Rate parameters:  A-C: 1.085  A-G: 1.391  A-T: 0.751  C-G: 0.836  C-T: 0.804  G-T: 1.000
Base frequencies:   A: 0.225  C: 0.261  G: 0.259  T: 0.255
Gamma shape alpha: 6.138
Parameters optimization took 2 rounds (0.008 sec)
BEST SCORE FOUND : -2041.148

Testing tree branches by SH-like aLRT with 1000 replicates...
CPU Time used:  0.096 sec.
Total tree length: 1.222

Total number of iterations: 101
CPU time used for tree search: 1.268 sec (0h:0m:1s)
Wall-clock time used for tree search: 1.267 sec (0h:0m:1s)
Total CPU time used: 1.400 sec (0h:0m:1s)
Total wall-clock time used: 1.405 sec (0h:0m:1s)

Analysis results written to: 
  IQ-TREE report:                ../simulations/data_D10T10L20I10T10//S/229_pruned.fasta.iqtree
  Maximum-likelihood tree:       ../simulations/data_D10T10L20I10T10//S/229_pruned.fasta.treefile
  Likelihood distances:          ../simulations/data_D10T10L20I10T10//S/229_pruned.fasta.mldist
  Screen log file:               ../simulations/data_D10T10L20I10T10//S/229_pruned.fasta.log

Date and Time: Fri Jun  1 10:36:19 2018
