IQ-TREE version 1.4.2 for Linux 64-bit built Apr 15 2016
Copyright (c) 2011-2015 Nguyen Lam Tung, Olga Chernomor, Arndt von Haeseler and Bui Quang Minh.

Host:    meduse (AVX2, FMA3, 7 GB RAM)
Command: iqtree -s ../simulations/data_D8T8L15I8T8//S/232_pruned.fasta -m GTR+G -alrt 1000 -redo
Seed:    806215 (Using SPRNG - Scalable Parallel Random Number Generator)
Time:    Fri May 25 22:50:06 2018
Kernel:  AVX

NOTE: Consider using the multicore version because your CPU has 4 cores!

Reading alignment file ../simulations/data_D8T8L15I8T8//S/232_pruned.fasta ... Fasta format detected
Alignment most likely contains DNA/RNA sequences
Alignment has 26 sequences with 300 columns and 182 patterns (164 informative sites)
          Gap/Ambiguity  Composition  p-value
   1  n287_288    0.00%    passed     74.17%
   2  n290_291    0.00%    passed     72.75%
   3  n236_237    0.00%    passed     81.60%
   4  n278_279    0.00%    passed     60.20%
   5  n285_286    0.00%    passed     85.42%
   6  n265_266    0.00%    passed     90.81%
   7  n280_281    0.00%    passed     86.57%
   8  n299_300    0.00%    passed     65.69%
   9  n293_294    0.00%    passed     73.46%
  10  n274_275    0.00%    passed     76.54%
  11  n292_293    0.00%    passed     66.74%
  12  n296_297    0.00%    passed     87.53%
  13  n294_295    0.00%    passed     74.02%
  14  n275_276    0.00%    passed     74.02%
  15  n297_298    0.00%    passed     73.28%
  16  n289_290    0.00%    passed     72.75%
  17  n286_287    0.00%    passed     80.16%
  18  n255_256    0.00%    passed     83.41%
  19  n295_296    0.00%    passed     81.19%
  20  n266_267    0.00%    passed     85.11%
  21  n244_245    0.00%    passed     71.55%
  22  n298_299    0.00%    passed     73.28%
  23  n300_301    0.00%    passed     70.12%
  24  n200_201    0.00%    passed     97.64%
  25  n277_278    0.00%    passed     37.30%
  26  n251_252    0.00%    passed     84.25%
****  TOTAL       0.00%  0 sequences failed composition chi2 test (p-value<5%; df=3)
NOTE: 3 identical sequences (see below) will be ignored for subsequent analysis
NOTE: n289_290 (identical to n290_291) is ignored but added at the end
NOTE: n275_276 (identical to n294_295) is ignored but added at the end
NOTE: n298_299 (identical to n297_298) is ignored but added at the end

Create initial parsimony tree by phylogenetic likelihood library (PLL)... 0.001 seconds

NOTE: 0 MB RAM is required!
Estimate model parameters (epsilon = 0.100)
1. Initial log-likelihood: -2117.582
2. Current log-likelihood: -2081.924
3. Current log-likelihood: -2081.540
Optimal log-likelihood: -2081.534
Rate parameters:  A-C: 0.747  A-G: 0.779  A-T: 0.758  C-G: 1.335  C-T: 1.298  G-T: 1.000
Base frequencies:   A: 0.245  C: 0.240  G: 0.223  T: 0.292
Gamma shape alpha: 7.709
Parameters optimization took 3 rounds (0.041 sec)
--------------------------------------------------------------------
|             INITIALIZING CANDIDATE TREE SET                      |
--------------------------------------------------------------------
Computing ML distances based on estimated model parameters... 0.004 sec
Computing BIONJ tree...
0.001 seconds
Log-likelihood of BIONJ tree: -2081.534
Generating 99 parsimony trees... 0.131 seconds 9 distinct starting trees
Computing log-likelihood of 9 initial trees ... 0.028 seconds
Optimizing top 9 initial trees with NNI...
Iteration 1 / LogL: -2081.535 / Time: 0h:0m:0s
Estimate model parameters (epsilon = 0.100)
BETTER SCORE FOUND at iteration 1: -2081.533
Iteration 2 / LogL: -2081.535 / Time: 0h:0m:0s
Iteration 3 / LogL: -2081.535 / Time: 0h:0m:0s
Iteration 4 / LogL: -2081.535 / Time: 0h:0m:0s
Iteration 5 / LogL: -2081.535 / Time: 0h:0m:0s
Iteration 6 / LogL: -2081.535 / Time: 0h:0m:0s
Iteration 7 / LogL: -2081.535 / Time: 0h:0m:0s
Iteration 8 / LogL: -2081.535 / Time: 0h:0m:0s
Iteration 9 / LogL: -2081.535 / Time: 0h:0m:0s
Average CPU time for 1 NNI search: 0.008
Finish initializing candidate tree set. Number of distinct locally optimal trees: 9
Current best tree score: -2081.533 / CPU time: 0.228
--------------------------------------------------------------------
|               OPTIMIZING CANDIDATE TREE SET                      |
--------------------------------------------------------------------
Iteration 10 / LogL: -2091.426 / Time: 0h:0m:0s
Iteration 20 / LogL: -2081.538 / Time: 0h:0m:0s (0h:0m:2s left)
Iteration 30 / LogL: -2081.540 / Time: 0h:0m:0s (0h:0m:1s left)
Iteration 40 / LogL: -2081.535 / Time: 0h:0m:1s (0h:0m:1s left)
Iteration 50 / LogL: -2081.542 / Time: 0h:0m:1s (0h:0m:1s left)
Iteration 60 / LogL: -2081.539 / Time: 0h:0m:1s (0h:0m:0s left)
Iteration 70 / LogL: -2081.534 / Time: 0h:0m:1s (0h:0m:0s left)
Iteration 80 / LogL: -2081.542 / Time: 0h:0m:1s (0h:0m:0s left)
Iteration 90 / LogL: -2081.538 / Time: 0h:0m:2s (0h:0m:0s left)
Iteration 100 / LogL: -2081.550 / Time: 0h:0m:2s (0h:0m:0s left)
TREE SEARCH COMPLETED AFTER 101 ITERATIONS / Time: 0h:0m:2s

--------------------------------------------------------------------
|                    FINALIZING TREE SEARCH                        |
--------------------------------------------------------------------
Performs final model parameters optimization
Estimate model parameters (epsilon = 0.010)
1. Initial log-likelihood: -2081.533
Optimal log-likelihood: -2081.533
Rate parameters:  A-C: 0.746  A-G: 0.779  A-T: 0.758  C-G: 1.331  C-T: 1.299  G-T: 1.000
Base frequencies:   A: 0.245  C: 0.240  G: 0.223  T: 0.292
Gamma shape alpha: 7.720
Parameters optimization took 1 rounds (0.007 sec)
BEST SCORE FOUND : -2081.533

Testing tree branches by SH-like aLRT with 1000 replicates...
CPU Time used:  0.136 sec.
Total tree length: 1.269

Total number of iterations: 101
CPU time used for tree search: 2.160 sec (0h:0m:2s)
Wall-clock time used for tree search: 2.192 sec (0h:0m:2s)
Total CPU time used: 2.364 sec (0h:0m:2s)
Total wall-clock time used: 2.404 sec (0h:0m:2s)

Analysis results written to: 
  IQ-TREE report:                ../simulations/data_D8T8L15I8T8//S/232_pruned.fasta.iqtree
  Maximum-likelihood tree:       ../simulations/data_D8T8L15I8T8//S/232_pruned.fasta.treefile
  Likelihood distances:          ../simulations/data_D8T8L15I8T8//S/232_pruned.fasta.mldist
  Screen log file:               ../simulations/data_D8T8L15I8T8//S/232_pruned.fasta.log

Date and Time: Fri May 25 22:50:09 2018
