IQ-TREE version 1.4.2 for Linux 64-bit built Apr 15 2016
Copyright (c) 2011-2015 Nguyen Lam Tung, Olga Chernomor, Arndt von Haeseler and Bui Quang Minh.

Host:    meduse (AVX2, FMA3, 7 GB RAM)
Command: iqtree -s ../simulations/data_D10T10L20I10T10//S/235_pruned.fasta -m GTR+G -alrt 1000 -redo
Seed:    372181 (Using SPRNG - Scalable Parallel Random Number Generator)
Time:    Mon Jun  4 01:15:27 2018
Kernel:  AVX

NOTE: Consider using the multicore version because your CPU has 4 cores!

Reading alignment file ../simulations/data_D10T10L20I10T10//S/235_pruned.fasta ... Fasta format detected
Alignment most likely contains DNA/RNA sequences
Alignment has 19 sequences with 300 columns and 298 patterns (288 informative sites)
          Gap/Ambiguity  Composition  p-value
   1  n293_264    0.00%    passed     70.63%
   2  n265_248    0.00%    passed     17.70%
   3  n294_265    0.00%    passed     61.39%
   4  n236_225    0.00%    passed     83.92%
   5  n255_242    0.00%    passed     31.11%
   6  n295_266    0.00%    passed     90.26%
   7  n296_267    0.00%    passed     73.71%
   8  n275_254    0.00%    passed     49.09%
   9  n298_269    0.00%    passed     16.41%
  10  n287_260    0.00%    passed     88.58%
  11  n289_262    0.00%    passed     98.16%
  12  n286_259    0.00%    passed     32.04%
  13  n266_249    0.00%    passed     23.06%
  14  n285_258    0.00%    passed     24.04%
  15  n251_240    0.00%    passed     99.41%
  16  n297_268    0.00%    passed     27.51%
  17  n200_197    0.00%    passed     57.89%
  18  n290_263    0.00%    passed     89.78%
  19  n244_233    0.00%    passed     32.41%
****  TOTAL       0.00%  0 sequences failed composition chi2 test (p-value<5%; df=3)

Create initial parsimony tree by phylogenetic likelihood library (PLL)... 0.001 seconds

NOTE: 0 MB RAM is required!
Estimate model parameters (epsilon = 0.100)
1. Initial log-likelihood: -4163.450
2. Current log-likelihood: -4089.343
3. Current log-likelihood: -4077.987
4. Current log-likelihood: -4074.802
5. Current log-likelihood: -4073.986
6. Current log-likelihood: -4073.724
Optimal log-likelihood: -4073.637
Rate parameters:  A-C: 0.905  A-G: 1.257  A-T: 1.178  C-G: 0.803  C-T: 1.492  G-T: 1.000
Base frequencies:   A: 0.244  C: 0.296  G: 0.248  T: 0.212
Gamma shape alpha: 4.021
Parameters optimization took 6 rounds (0.055 sec)
--------------------------------------------------------------------
|             INITIALIZING CANDIDATE TREE SET                      |
--------------------------------------------------------------------
Computing ML distances based on estimated model parameters... 0.000 sec
WARNING: Some pairwise ML distances are too long (saturated)
Computing BIONJ tree...
0.000 seconds
Log-likelihood of BIONJ tree: -4075.094
Generating 98 parsimony trees... 0.073 seconds 3 distinct starting trees
Computing log-likelihood of 3 initial trees ... 0.002 seconds
Optimizing top 3 initial trees with NNI...
Iteration 1 / LogL: -4073.637 / Time: 0h:0m:0s
Estimate model parameters (epsilon = 0.100)
BETTER SCORE FOUND at iteration 1: -4073.604
Iteration 2 / LogL: -4074.689 / Time: 0h:0m:0s
Iteration 3 / LogL: -4073.962 / Time: 0h:0m:0s
Average CPU time for 1 NNI search: 0.008
Finish initializing candidate tree set. Number of distinct locally optimal trees: 1
Current best tree score: -4073.604 / CPU time: 0.096
--------------------------------------------------------------------
|               OPTIMIZING CANDIDATE TREE SET                      |
--------------------------------------------------------------------
Iteration 10 / LogL: -4080.941 / Time: 0h:0m:0s
Iteration 20 / LogL: -4074.635 / Time: 0h:0m:0s (0h:0m:2s left)
Iteration 30 / LogL: -4074.804 / Time: 0h:0m:0s (0h:0m:1s left)
Iteration 40 / LogL: -4075.451 / Time: 0h:0m:0s (0h:0m:1s left)
Iteration 50 / LogL: -4077.594 / Time: 0h:0m:1s (0h:0m:1s left)
Iteration 60 / LogL: -4073.691 / Time: 0h:0m:1s (0h:0m:0s left)
Iteration 70 / LogL: -4073.673 / Time: 0h:0m:1s (0h:0m:0s left)
Iteration 80 / LogL: -4073.991 / Time: 0h:0m:1s (0h:0m:0s left)
Iteration 90 / LogL: -4073.866 / Time: 0h:0m:1s (0h:0m:0s left)
Iteration 100 / LogL: -4075.378 / Time: 0h:0m:2s (0h:0m:0s left)
TREE SEARCH COMPLETED AFTER 101 ITERATIONS / Time: 0h:0m:2s

--------------------------------------------------------------------
|                    FINALIZING TREE SEARCH                        |
--------------------------------------------------------------------
Performs final model parameters optimization
Estimate model parameters (epsilon = 0.010)
1. Initial log-likelihood: -4073.604
2. Current log-likelihood: -4073.582
Optimal log-likelihood: -4073.573
Rate parameters:  A-C: 0.927  A-G: 1.285  A-T: 1.206  C-G: 0.820  C-T: 1.525  G-T: 1.000
Base frequencies:   A: 0.244  C: 0.296  G: 0.248  T: 0.212
Gamma shape alpha: 4.169
Parameters optimization took 2 rounds (0.010 sec)
BEST SCORE FOUND : -4073.573

Testing tree branches by SH-like aLRT with 1000 replicates...
CPU Time used:  0.088 sec.
Total tree length: 7.354

Total number of iterations: 101
CPU time used for tree search: 1.964 sec (0h:0m:1s)
Wall-clock time used for tree search: 1.966 sec (0h:0m:1s)
Total CPU time used: 2.152 sec (0h:0m:2s)
Total wall-clock time used: 2.152 sec (0h:0m:2s)

Analysis results written to: 
  IQ-TREE report:                ../simulations/data_D10T10L20I10T10//S/235_pruned.fasta.iqtree
  Maximum-likelihood tree:       ../simulations/data_D10T10L20I10T10//S/235_pruned.fasta.treefile
  Likelihood distances:          ../simulations/data_D10T10L20I10T10//S/235_pruned.fasta.mldist
  Screen log file:               ../simulations/data_D10T10L20I10T10//S/235_pruned.fasta.log

Date and Time: Mon Jun  4 01:15:29 2018
