IQ-TREE version 1.4.2 for Linux 64-bit built Apr 15 2016
Copyright (c) 2011-2015 Nguyen Lam Tung, Olga Chernomor, Arndt von Haeseler and Bui Quang Minh.

Host:    meduse (AVX2, FMA3, 7 GB RAM)
Command: iqtree -s ../simulations/data_D10T10L20I10T10//S/237_pruned.fasta -m GTR+G -alrt 1000 -redo
Seed:    624768 (Using SPRNG - Scalable Parallel Random Number Generator)
Time:    Fri Jun  1 10:49:50 2018
Kernel:  AVX

NOTE: Consider using the multicore version because your CPU has 4 cores!

Reading alignment file ../simulations/data_D10T10L20I10T10//S/237_pruned.fasta ... Fasta format detected
Alignment most likely contains DNA/RNA sequences
Alignment has 26 sequences with 300 columns and 168 patterns (158 informative sites)
          Gap/Ambiguity  Composition  p-value
   1  n295_290    0.00%    passed     96.95%
   2  n285_280    0.00%    passed     89.56%
   3  n290_285    0.00%    passed     99.66%
   4  n236_233    0.00%    passed     90.89%
   5  n294_289    0.00%    passed     90.13%
   6  n200_199    0.00%    passed     77.20%
   7  n275_270    0.00%    passed     78.30%
   8  n299_294    0.00%    passed     81.07%
   9  n289_284    0.00%    passed     99.43%
  10  n244_239    0.00%    passed     72.25%
  11  n255_250    0.00%    passed     99.05%
  12  n296_291    0.00%    passed     96.95%
  13  n278_273    0.00%    passed     82.78%
  14  n293_288    0.00%    passed     91.23%
  15  n266_261    0.00%    passed     84.39%
  16  n251_246    0.00%    passed     97.95%
  17  n280_275    0.00%    passed     79.65%
  18  n292_287    0.00%    passed     87.89%
  19  n277_272    0.00%    passed     89.85%
  20  n286_281    0.00%    passed     96.05%
  21  n287_282    0.00%    passed     98.97%
  22  n297_292    0.00%    passed     90.17%
  23  n265_260    0.00%    passed     85.56%
  24  n298_293    0.00%    passed     90.13%
  25  n274_269    0.00%    passed     83.13%
  26  n300_295    0.00%    passed     81.07%
****  TOTAL       0.00%  0 sequences failed composition chi2 test (p-value<5%; df=3)
NOTE: 2 identical sequences (see below) will be ignored for subsequent analysis
NOTE: n296_291 (identical to n295_290) is ignored but added at the end
NOTE: n300_295 (identical to n299_294) is ignored but added at the end

Create initial parsimony tree by phylogenetic likelihood library (PLL)... 0.001 seconds

NOTE: 0 MB RAM is required!
Estimate model parameters (epsilon = 0.100)
1. Initial log-likelihood: -1906.430
2. Current log-likelihood: -1861.433
3. Current log-likelihood: -1861.202
Optimal log-likelihood: -1861.199
Rate parameters:  A-C: 0.962  A-G: 1.065  A-T: 0.917  C-G: 1.379  C-T: 0.992  G-T: 1.000
Base frequencies:   A: 0.250  C: 0.252  G: 0.230  T: 0.268
Gamma shape alpha: 998.424
Parameters optimization took 3 rounds (0.016 sec)
--------------------------------------------------------------------
|             INITIALIZING CANDIDATE TREE SET                      |
--------------------------------------------------------------------
Computing ML distances based on estimated model parameters... 0.004 sec
Computing BIONJ tree...
0.000 seconds
Log-likelihood of BIONJ tree: -1866.018
Generating 98 parsimony trees... 0.097 seconds 28 distinct starting trees
Computing log-likelihood of 28 initial trees ... 0.053 seconds
Optimizing top 20 initial trees with NNI...
Iteration 1 / LogL: -1861.199 / Time: 0h:0m:0s
Estimate model parameters (epsilon = 0.100)
BETTER SCORE FOUND at iteration 1: -1861.196
Iteration 2 / LogL: -1861.198 / Time: 0h:0m:0s
Iteration 3 / LogL: -1861.198 / Time: 0h:0m:0s
Iteration 4 / LogL: -1861.198 / Time: 0h:0m:0s
Iteration 5 / LogL: -1861.198 / Time: 0h:0m:0s
Iteration 6 / LogL: -1861.198 / Time: 0h:0m:0s
Iteration 7 / LogL: -1861.198 / Time: 0h:0m:0s
Iteration 8 / LogL: -1861.198 / Time: 0h:0m:0s
Iteration 9 / LogL: -1861.198 / Time: 0h:0m:0s
Iteration 10 / LogL: -1861.198 / Time: 0h:0m:0s
Iteration 11 / LogL: -1861.198 / Time: 0h:0m:0s
Iteration 12 / LogL: -1861.198 / Time: 0h:0m:0s
Iteration 13 / LogL: -1861.198 / Time: 0h:0m:0s
Iteration 14 / LogL: -1861.198 / Time: 0h:0m:0s
Iteration 15 / LogL: -1861.198 / Time: 0h:0m:0s
Iteration 16 / LogL: -1861.198 / Time: 0h:0m:0s
Iteration 17 / LogL: -1861.198 / Time: 0h:0m:0s
Iteration 18 / LogL: -1861.198 / Time: 0h:0m:0s
Iteration 19 / LogL: -1861.198 / Time: 0h:0m:0s
Iteration 20 / LogL: -1861.198 / Time: 0h:0m:0s
Average CPU time for 1 NNI search: 0.004
Finish initializing candidate tree set. Number of distinct locally optimal trees: 20
Current best tree score: -1861.196 / CPU time: 0.232
--------------------------------------------------------------------
|               OPTIMIZING CANDIDATE TREE SET                      |
--------------------------------------------------------------------
Iteration 30 / LogL: -1861.199 / Time: 0h:0m:0s (0h:0m:1s left)
Iteration 40 / LogL: -1880.581 / Time: 0h:0m:0s (0h:0m:0s left)
Iteration 50 / LogL: -1861.196 / Time: 0h:0m:0s (0h:0m:0s left)
Iteration 60 / LogL: -1861.196 / Time: 0h:0m:0s (0h:0m:0s left)
Iteration 70 / LogL: -1861.196 / Time: 0h:0m:0s (0h:0m:0s left)
Iteration 80 / LogL: -1861.196 / Time: 0h:0m:1s (0h:0m:0s left)
Iteration 90 / LogL: -1861.197 / Time: 0h:0m:1s (0h:0m:0s left)
Iteration 100 / LogL: -1861.210 / Time: 0h:0m:1s (0h:0m:0s left)
TREE SEARCH COMPLETED AFTER 101 ITERATIONS / Time: 0h:0m:1s

--------------------------------------------------------------------
|                    FINALIZING TREE SEARCH                        |
--------------------------------------------------------------------
Performs final model parameters optimization
Estimate model parameters (epsilon = 0.010)
1. Initial log-likelihood: -1861.196
Optimal log-likelihood: -1861.195
Rate parameters:  A-C: 0.968  A-G: 1.072  A-T: 0.920  C-G: 1.387  C-T: 0.997  G-T: 1.000
Base frequencies:   A: 0.250  C: 0.252  G: 0.230  T: 0.268
Gamma shape alpha: 998.424
Parameters optimization took 1 rounds (0.005 sec)
BEST SCORE FOUND : -1861.195

Testing tree branches by SH-like aLRT with 1000 replicates...
CPU Time used:  0.104 sec.
Total tree length: 1.031

Total number of iterations: 101
CPU time used for tree search: 1.356 sec (0h:0m:1s)
Wall-clock time used for tree search: 1.364 sec (0h:0m:1s)
Total CPU time used: 1.496 sec (0h:0m:1s)
Total wall-clock time used: 1.506 sec (0h:0m:1s)

Analysis results written to: 
  IQ-TREE report:                ../simulations/data_D10T10L20I10T10//S/237_pruned.fasta.iqtree
  Maximum-likelihood tree:       ../simulations/data_D10T10L20I10T10//S/237_pruned.fasta.treefile
  Likelihood distances:          ../simulations/data_D10T10L20I10T10//S/237_pruned.fasta.mldist
  Screen log file:               ../simulations/data_D10T10L20I10T10//S/237_pruned.fasta.log

Date and Time: Fri Jun  1 10:49:52 2018
