IQ-TREE version 1.4.2 for Linux 64-bit built Apr 15 2016
Copyright (c) 2011-2015 Nguyen Lam Tung, Olga Chernomor, Arndt von Haeseler and Bui Quang Minh.

Host:    meduse (AVX2, FMA3, 7 GB RAM)
Command: iqtree -s ../simulations/data_D8T8L15I8T8//S/243_pruned.fasta -m GTR+G -alrt 1000 -redo
Seed:    352229 (Using SPRNG - Scalable Parallel Random Number Generator)
Time:    Fri May 25 22:45:30 2018
Kernel:  AVX

NOTE: Consider using the multicore version because your CPU has 4 cores!

Reading alignment file ../simulations/data_D8T8L15I8T8//S/243_pruned.fasta ... Fasta format detected
Alignment most likely contains DNA/RNA sequences
Alignment has 30 sequences with 300 columns and 204 patterns (179 informative sites)
          Gap/Ambiguity  Composition  p-value
   1  n292_329    0.00%    passed     98.18%
   2  n296_333    0.00%    passed     96.99%
   3  n285_320    0.00%    passed     57.40%
   4  n278_313    0.00%    passed     89.25%
   5  n285_322    0.00%    passed     51.87%
   6  n266_301    0.00%    passed     40.23%
   7  n286_323    0.00%    passed     59.75%
   8  n274_309    0.00%    passed     98.18%
   9  n298_335    0.00%    passed     97.78%
  10  n255_286    0.00%    passed     30.44%
  11  n236_263    0.00%    passed     90.42%
  12  n244_271    0.00%    passed     48.56%
  13  n300_337    0.00%    passed     98.18%
  14  n299_336    0.00%    passed     98.18%
  15  n277_312    0.00%    passed     89.05%
  16  n293_330    0.00%    passed     94.44%
  17  n265_300    0.00%    passed     38.15%
  18  n251_282    0.00%    passed     44.23%
  19  n286_321    0.00%    passed     47.76%
  20  n297_334    0.00%    passed     95.87%
  21  n266_299    0.00%    passed     95.74%
  22  n200_221    0.00%    passed     47.65%
  23  n287_324    0.00%    passed     98.74%
  24  n275_310    0.00%    passed     99.30%
  25  n295_332    0.00%    passed     98.87%
  26  n294_331    0.00%    passed     91.44%
  27  n280_315    0.00%    passed     90.72%
  28  n289_326    0.00%    passed     98.74%
  29  n290_327    0.00%    passed     97.06%
  30  n265_298    0.00%    passed     97.64%
****  TOTAL       0.00%  0 sequences failed composition chi2 test (p-value<5%; df=3)
NOTE: 3 identical sequences (see below) will be ignored for subsequent analysis
NOTE: n300_337 (identical to n292_329) is ignored but added at the end
NOTE: n299_336 (identical to n292_329) is ignored but added at the end
NOTE: n289_326 (identical to n287_324) is ignored but added at the end

Create initial parsimony tree by phylogenetic likelihood library (PLL)... 0.001 seconds

NOTE: 0 MB RAM is required!
Estimate model parameters (epsilon = 0.100)
1. Initial log-likelihood: -2467.667
2. Current log-likelihood: -2424.555
3. Current log-likelihood: -2424.266
Optimal log-likelihood: -2424.265
Rate parameters:  A-C: 0.920  A-G: 1.022  A-T: 0.877  C-G: 0.778  C-T: 1.093  G-T: 1.000
Base frequencies:   A: 0.221  C: 0.294  G: 0.251  T: 0.234
Gamma shape alpha: 4.861
Parameters optimization took 3 rounds (0.044 sec)
--------------------------------------------------------------------
|             INITIALIZING CANDIDATE TREE SET                      |
--------------------------------------------------------------------
Computing ML distances based on estimated model parameters... 0.008 sec
Computing BIONJ tree...
0.001 seconds
Log-likelihood of BIONJ tree: -2423.661
Generating 98 parsimony trees... 0.173 seconds 18 distinct starting trees
Computing log-likelihood of 18 initial trees ... 0.067 seconds
Optimizing top 18 initial trees with NNI...
Iteration 1 / LogL: -2423.661 / Time: 0h:0m:0s
Estimate model parameters (epsilon = 0.100)
BETTER SCORE FOUND at iteration 1: -2423.655
Iteration 2 / LogL: -2423.665 / Time: 0h:0m:0s
Iteration 3 / LogL: -2423.665 / Time: 0h:0m:0s
Iteration 4 / LogL: -2423.665 / Time: 0h:0m:0s
Iteration 5 / LogL: -2423.665 / Time: 0h:0m:0s
Iteration 6 / LogL: -2423.665 / Time: 0h:0m:0s
Iteration 7 / LogL: -2423.665 / Time: 0h:0m:0s
Iteration 8 / LogL: -2423.665 / Time: 0h:0m:0s
Iteration 9 / LogL: -2423.665 / Time: 0h:0m:0s
Iteration 10 / LogL: -2423.657 / Time: 0h:0m:0s
Iteration 11 / LogL: -2423.657 / Time: 0h:0m:0s
Iteration 12 / LogL: -2423.657 / Time: 0h:0m:0s
Iteration 13 / LogL: -2423.657 / Time: 0h:0m:0s
Iteration 14 / LogL: -2423.657 / Time: 0h:0m:0s
Iteration 15 / LogL: -2423.657 / Time: 0h:0m:0s
Iteration 16 / LogL: -2423.657 / Time: 0h:0m:0s
Iteration 17 / LogL: -2423.657 / Time: 0h:0m:0s
Iteration 18 / LogL: -2423.657 / Time: 0h:0m:0s
Average CPU time for 1 NNI search: 0.011
Finish initializing candidate tree set. Number of distinct locally optimal trees: 9
Current best tree score: -2423.655 / CPU time: 0.432
--------------------------------------------------------------------
|               OPTIMIZING CANDIDATE TREE SET                      |
--------------------------------------------------------------------
Iteration 20 / LogL: -2423.657 / Time: 0h:0m:0s (0h:0m:2s left)
Iteration 30 / LogL: -2423.668 / Time: 0h:0m:0s (0h:0m:2s left)
Iteration 40 / LogL: -2423.656 / Time: 0h:0m:1s (0h:0m:1s left)
Iteration 50 / LogL: -2440.113 / Time: 0h:0m:1s (0h:0m:1s left)
Iteration 60 / LogL: -2423.656 / Time: 0h:0m:1s (0h:0m:1s left)
Iteration 70 / LogL: -2423.726 / Time: 0h:0m:2s (0h:0m:0s left)
Iteration 80 / LogL: -2423.655 / Time: 0h:0m:2s (0h:0m:0s left)
Iteration 90 / LogL: -2440.417 / Time: 0h:0m:2s (0h:0m:0s left)
Iteration 100 / LogL: -2423.659 / Time: 0h:0m:2s (0h:0m:0s left)
TREE SEARCH COMPLETED AFTER 101 ITERATIONS / Time: 0h:0m:2s

--------------------------------------------------------------------
|                    FINALIZING TREE SEARCH                        |
--------------------------------------------------------------------
Performs final model parameters optimization
Estimate model parameters (epsilon = 0.010)
1. Initial log-likelihood: -2423.655
Optimal log-likelihood: -2423.654
Rate parameters:  A-C: 0.914  A-G: 1.031  A-T: 0.874  C-G: 0.774  C-T: 1.086  G-T: 1.000
Base frequencies:   A: 0.221  C: 0.294  G: 0.251  T: 0.234
Gamma shape alpha: 4.843
Parameters optimization took 1 rounds (0.007 sec)
BEST SCORE FOUND : -2423.654

Testing tree branches by SH-like aLRT with 1000 replicates...
CPU Time used:  0.180 sec.
Total tree length: 1.483

Total number of iterations: 101
CPU time used for tree search: 2.908 sec (0h:0m:2s)
Wall-clock time used for tree search: 2.923 sec (0h:0m:2s)
Total CPU time used: 3.168 sec (0h:0m:3s)
Total wall-clock time used: 3.185 sec (0h:0m:3s)

Analysis results written to: 
  IQ-TREE report:                ../simulations/data_D8T8L15I8T8//S/243_pruned.fasta.iqtree
  Maximum-likelihood tree:       ../simulations/data_D8T8L15I8T8//S/243_pruned.fasta.treefile
  Likelihood distances:          ../simulations/data_D8T8L15I8T8//S/243_pruned.fasta.mldist
  Screen log file:               ../simulations/data_D8T8L15I8T8//S/243_pruned.fasta.log

Date and Time: Fri May 25 22:45:33 2018
