IQ-TREE version 1.4.2 for Linux 64-bit built Apr 15 2016
Copyright (c) 2011-2015 Nguyen Lam Tung, Olga Chernomor, Arndt von Haeseler and Bui Quang Minh.

Host:    meduse (AVX2, FMA3, 7 GB RAM)
Command: iqtree -s ../simulations/data_D10T10L20I10T10//S/245_pruned.fasta -m GTR+G -alrt 1000 -redo
Seed:    39307 (Using SPRNG - Scalable Parallel Random Number Generator)
Time:    Mon Jun  4 00:34:08 2018
Kernel:  AVX

NOTE: Consider using the multicore version because your CPU has 4 cores!

Reading alignment file ../simulations/data_D10T10L20I10T10//S/245_pruned.fasta ... Fasta format detected
Alignment most likely contains DNA/RNA sequences
Alignment has 25 sequences with 300 columns and 300 patterns (294 informative sites)
          Gap/Ambiguity  Composition  p-value
   1  n265_270    0.00%    passed     50.62%
   2  n298_303    0.00%    passed     25.47%
   3  n251_256    0.00%    passed     75.91%
   4  n275_280    0.00%    passed     88.31%
   5  n277_282    0.00%    passed     37.29%
   6  n200_205    0.00%    passed     80.07%
   7  n299_304    0.00%    passed      7.24%
   8  n296_301    0.00%    passed     55.37%
   9  n295_300    0.00%    passed     60.78%
  10  n290_295    0.00%    passed     58.33%
  11  n280_285    0.00%    passed     13.44%
  12  n236_241    0.00%    passed     35.48%
  13  n294_299    0.00%    passed     26.59%
  14  n300_305    0.00%    passed     11.65%
  15  n286_291    0.00%    passed     93.37%
  16  n285_290    0.00%    passed     98.63%
  17  n287_292    0.00%    passed     40.88%
  18  n293_298    0.00%    passed     51.70%
  19  n297_302    0.00%    passed     38.43%
  20  n289_294    0.00%    passed     51.70%
  21  n278_283    0.00%    passed     26.38%
  22  n292_297    0.00%    passed     27.41%
  23  n244_249    0.00%    passed     92.00%
  24  n274_279    0.00%    passed     15.38%
  25  n255_260    0.00%    passed     96.99%
****  TOTAL       0.00%  0 sequences failed composition chi2 test (p-value<5%; df=3)

Create initial parsimony tree by phylogenetic likelihood library (PLL)... 0.001 seconds

NOTE: 1 MB RAM is required!
Estimate model parameters (epsilon = 0.100)
1. Initial log-likelihood: -5222.964
2. Current log-likelihood: -5141.199
3. Current log-likelihood: -5126.196
4. Current log-likelihood: -5122.934
5. Current log-likelihood: -5122.284
6. Current log-likelihood: -5122.164
Optimal log-likelihood: -5122.116
Rate parameters:  A-C: 1.215  A-G: 1.022  A-T: 1.114  C-G: 0.938  C-T: 1.520  G-T: 1.000
Base frequencies:   A: 0.229  C: 0.263  G: 0.268  T: 0.241
Gamma shape alpha: 4.002
Parameters optimization took 6 rounds (0.075 sec)
--------------------------------------------------------------------
|             INITIALIZING CANDIDATE TREE SET                      |
--------------------------------------------------------------------
Computing ML distances based on estimated model parameters... 0.004 sec
WARNING: Some pairwise ML distances are too long (saturated)
Computing BIONJ tree...
0.000 seconds
Log-likelihood of BIONJ tree: -5126.125
Generating 98 parsimony trees... 0.133 seconds 2 distinct starting trees
Computing log-likelihood of 2 initial trees ... 0.000 seconds
Optimizing top 2 initial trees with NNI...
Iteration 1 / LogL: -5122.116 / Time: 0h:0m:0s
Estimate model parameters (epsilon = 0.100)
BETTER SCORE FOUND at iteration 1: -5122.100
Iteration 2 / LogL: -5121.274 / Time: 0h:0m:0s
Estimate model parameters (epsilon = 0.100)
BETTER TREE FOUND at iteration 2: -5121.236
Average CPU time for 1 NNI search: 0.018
Finish initializing candidate tree set. Number of distinct locally optimal trees: 2
Current best tree score: -5121.236 / CPU time: 0.168
--------------------------------------------------------------------
|               OPTIMIZING CANDIDATE TREE SET                      |
--------------------------------------------------------------------
Iteration 10 / LogL: -5121.300 / Time: 0h:0m:0s
Iteration 20 / LogL: -5122.055 / Time: 0h:0m:0s (0h:0m:3s left)
Iteration 30 / LogL: -5124.360 / Time: 0h:0m:1s (0h:0m:2s left)
Iteration 40 / LogL: -5121.411 / Time: 0h:0m:1s (0h:0m:2s left)
Iteration 50 / LogL: -5121.862 / Time: 0h:0m:1s (0h:0m:2s left)
Iteration 60 / LogL: -5123.859 / Time: 0h:0m:2s (0h:0m:1s left)
Iteration 70 / LogL: -5121.349 / Time: 0h:0m:2s (0h:0m:1s left)
Iteration 80 / LogL: -5121.275 / Time: 0h:0m:2s (0h:0m:0s left)
Iteration 90 / LogL: -5122.162 / Time: 0h:0m:3s (0h:0m:0s left)
Iteration 100 / LogL: -5122.241 / Time: 0h:0m:3s (0h:0m:0s left)
TREE SEARCH COMPLETED AFTER 101 ITERATIONS / Time: 0h:0m:3s

--------------------------------------------------------------------
|                    FINALIZING TREE SEARCH                        |
--------------------------------------------------------------------
Performs final model parameters optimization
Estimate model parameters (epsilon = 0.010)
1. Initial log-likelihood: -5121.236
Optimal log-likelihood: -5121.229
Rate parameters:  A-C: 1.194  A-G: 1.034  A-T: 1.101  C-G: 0.932  C-T: 1.513  G-T: 1.000
Base frequencies:   A: 0.229  C: 0.263  G: 0.268  T: 0.241
Gamma shape alpha: 4.217
Parameters optimization took 1 rounds (0.007 sec)
BEST SCORE FOUND : -5121.229

Testing tree branches by SH-like aLRT with 1000 replicates...
CPU Time used:  0.120 sec.
Total tree length: 9.076

Total number of iterations: 101
CPU time used for tree search: 3.552 sec (0h:0m:3s)
Wall-clock time used for tree search: 3.555 sec (0h:0m:3s)
Total CPU time used: 3.784 sec (0h:0m:3s)
Total wall-clock time used: 3.788 sec (0h:0m:3s)

Analysis results written to: 
  IQ-TREE report:                ../simulations/data_D10T10L20I10T10//S/245_pruned.fasta.iqtree
  Maximum-likelihood tree:       ../simulations/data_D10T10L20I10T10//S/245_pruned.fasta.treefile
  Likelihood distances:          ../simulations/data_D10T10L20I10T10//S/245_pruned.fasta.mldist
  Screen log file:               ../simulations/data_D10T10L20I10T10//S/245_pruned.fasta.log

Date and Time: Mon Jun  4 00:34:11 2018
