IQ-TREE version 1.4.2 for Linux 64-bit built Apr 15 2016
Copyright (c) 2011-2015 Nguyen Lam Tung, Olga Chernomor, Arndt von Haeseler and Bui Quang Minh.

Host:    meduse (AVX2, FMA3, 7 GB RAM)
Command: iqtree -s ../simulations/data_D10T10L20I10T10//S/246_pruned.fasta -m GTR+G -alrt 1000 -redo
Seed:    218 (Using SPRNG - Scalable Parallel Random Number Generator)
Time:    Mon Jun  4 00:20:08 2018
Kernel:  AVX

NOTE: Consider using the multicore version because your CPU has 4 cores!

Reading alignment file ../simulations/data_D10T10L20I10T10//S/246_pruned.fasta ... Fasta format detected
Alignment most likely contains DNA/RNA sequences
Alignment has 26 sequences with 300 columns and 300 patterns (296 informative sites)
          Gap/Ambiguity  Composition  p-value
   1  n265_270    0.00%    passed     69.68%
   2  n298_303    0.00%    passed     71.69%
   3  n251_256    0.00%    passed     77.78%
   4  n275_280    0.00%    passed     85.35%
   5  n277_282    0.00%    passed     85.99%
   6  n200_205    0.00%    passed     54.31%
   7  n299_304    0.00%    passed     21.00%
   8  n296_301    0.00%    passed     86.91%
   9  n266_271    0.00%    passed     81.70%
  10  n295_300    0.00%    passed     68.76%
  11  n290_295    0.00%    passed     98.76%
  12  n280_285    0.00%    passed     30.24%
  13  n236_241    0.00%    passed     95.20%
  14  n294_299    0.00%    passed     91.15%
  15  n300_305    0.00%    passed     38.99%
  16  n286_291    0.00%    failed      4.63%
  17  n285_290    0.00%    passed     23.37%
  18  n287_292    0.00%    passed     98.50%
  19  n293_298    0.00%    passed     90.65%
  20  n297_302    0.00%    passed     76.47%
  21  n289_294    0.00%    passed     99.80%
  22  n278_283    0.00%    passed     46.02%
  23  n292_297    0.00%    passed     15.90%
  24  n244_249    0.00%    passed     14.58%
  25  n274_279    0.00%    passed     11.59%
  26  n255_260    0.00%    passed     99.67%
****  TOTAL       0.00%  1 sequences failed composition chi2 test (p-value<5%; df=3)

Create initial parsimony tree by phylogenetic likelihood library (PLL)... 0.001 seconds

NOTE: 1 MB RAM is required!
Estimate model parameters (epsilon = 0.100)
1. Initial log-likelihood: -5410.595
2. Current log-likelihood: -5318.508
3. Current log-likelihood: -5302.289
4. Current log-likelihood: -5299.246
5. Current log-likelihood: -5298.573
Optimal log-likelihood: -5298.456
Rate parameters:  A-C: 1.024  A-G: 1.222  A-T: 0.890  C-G: 1.006  C-T: 1.571  G-T: 1.000
Base frequencies:   A: 0.251  C: 0.262  G: 0.265  T: 0.223
Gamma shape alpha: 5.449
Parameters optimization took 5 rounds (0.063 sec)
--------------------------------------------------------------------
|             INITIALIZING CANDIDATE TREE SET                      |
--------------------------------------------------------------------
Computing ML distances based on estimated model parameters... 0.004 sec
WARNING: Some pairwise ML distances are too long (saturated)
Computing BIONJ tree...
0.001 seconds
Log-likelihood of BIONJ tree: -5309.949
Generating 98 parsimony trees... 0.137 seconds 5 distinct starting trees
Computing log-likelihood of 5 initial trees ... 0.009 seconds
Optimizing top 5 initial trees with NNI...
Iteration 1 / LogL: -5298.456 / Time: 0h:0m:0s
Estimate model parameters (epsilon = 0.100)
BETTER SCORE FOUND at iteration 1: -5298.432
Iteration 2 / LogL: -5298.538 / Time: 0h:0m:0s
Iteration 3 / LogL: -5298.572 / Time: 0h:0m:0s
Iteration 4 / LogL: -5298.574 / Time: 0h:0m:0s
Iteration 5 / LogL: -5298.648 / Time: 0h:0m:0s
Average CPU time for 1 NNI search: 0.013
Finish initializing candidate tree set. Number of distinct locally optimal trees: 2
Current best tree score: -5298.432 / CPU time: 0.212
--------------------------------------------------------------------
|               OPTIMIZING CANDIDATE TREE SET                      |
--------------------------------------------------------------------
Estimate model parameters (epsilon = 0.010)
BETTER TREE FOUND at iteration 6: -5297.733
Iteration 10 / LogL: -5298.554 / Time: 0h:0m:0s
Iteration 20 / LogL: -5300.514 / Time: 0h:0m:0s (0h:0m:3s left)
Iteration 30 / LogL: -5298.395 / Time: 0h:0m:1s (0h:0m:3s left)
Iteration 40 / LogL: -5298.892 / Time: 0h:0m:1s (0h:0m:2s left)
Iteration 50 / LogL: -5298.233 / Time: 0h:0m:1s (0h:0m:2s left)
Iteration 60 / LogL: -5298.919 / Time: 0h:0m:2s (0h:0m:1s left)
Iteration 70 / LogL: -5301.237 / Time: 0h:0m:2s (0h:0m:1s left)
Iteration 80 / LogL: -5308.726 / Time: 0h:0m:2s (0h:0m:0s left)
Iteration 90 / LogL: -5298.067 / Time: 0h:0m:3s (0h:0m:0s left)
Iteration 100 / LogL: -5307.024 / Time: 0h:0m:3s (0h:0m:0s left)
TREE SEARCH COMPLETED AFTER 106 ITERATIONS / Time: 0h:0m:3s

--------------------------------------------------------------------
|                    FINALIZING TREE SEARCH                        |
--------------------------------------------------------------------
Performs final model parameters optimization
Estimate model parameters (epsilon = 0.010)
1. Initial log-likelihood: -5297.733
Optimal log-likelihood: -5297.724
Rate parameters:  A-C: 1.003  A-G: 1.202  A-T: 0.885  C-G: 0.984  C-T: 1.548  G-T: 1.000
Base frequencies:   A: 0.251  C: 0.262  G: 0.265  T: 0.223
Gamma shape alpha: 5.699
Parameters optimization took 1 rounds (0.007 sec)
BEST SCORE FOUND : -5297.724

Testing tree branches by SH-like aLRT with 1000 replicates...
CPU Time used:  0.120 sec.
Total tree length: 8.608

Total number of iterations: 106
CPU time used for tree search: 3.616 sec (0h:0m:3s)
Wall-clock time used for tree search: 3.614 sec (0h:0m:3s)
Total CPU time used: 3.832 sec (0h:0m:3s)
Total wall-clock time used: 3.834 sec (0h:0m:3s)

Analysis results written to: 
  IQ-TREE report:                ../simulations/data_D10T10L20I10T10//S/246_pruned.fasta.iqtree
  Maximum-likelihood tree:       ../simulations/data_D10T10L20I10T10//S/246_pruned.fasta.treefile
  Likelihood distances:          ../simulations/data_D10T10L20I10T10//S/246_pruned.fasta.mldist
  Screen log file:               ../simulations/data_D10T10L20I10T10//S/246_pruned.fasta.log

Date and Time: Mon Jun  4 00:20:12 2018
