IQ-TREE version 1.4.2 for Linux 64-bit built Apr 15 2016
Copyright (c) 2011-2015 Nguyen Lam Tung, Olga Chernomor, Arndt von Haeseler and Bui Quang Minh.

Host:    meduse (AVX2, FMA3, 7 GB RAM)
Command: iqtree -s ../simulations/data_D10T10L20I10T10//S/248_pruned.fasta -m GTR+G -alrt 1000 -redo
Seed:    328178 (Using SPRNG - Scalable Parallel Random Number Generator)
Time:    Mon Jun  4 00:35:13 2018
Kernel:  AVX

NOTE: Consider using the multicore version because your CPU has 4 cores!

Reading alignment file ../simulations/data_D10T10L20I10T10//S/248_pruned.fasta ... Fasta format detected
Alignment most likely contains DNA/RNA sequences
Alignment has 26 sequences with 300 columns and 300 patterns (294 informative sites)
          Gap/Ambiguity  Composition  p-value
   1  n292_325    0.00%    passed     75.69%
   2  n274_307    0.00%    passed     92.99%
   3  n298_331    0.00%    passed     73.28%
   4  n265_298    0.00%    passed     97.92%
   5  n286_319    0.00%    passed     94.99%
   6  n251_284    0.00%    passed     40.15%
   7  n293_326    0.00%    passed     99.75%
   8  n255_288    0.00%    passed     83.63%
   9  n285_318    0.00%    passed     77.64%
  10  n295_328    0.00%    passed     70.94%
  11  n236_265    0.00%    passed     57.28%
  12  n294_327    0.00%    passed     95.98%
  13  n200_225    0.00%    passed     98.11%
  14  n277_310    0.00%    passed     16.44%
  15  n280_313    0.00%    passed     67.81%
  16  n297_330    0.00%    passed     97.07%
  17  n287_320    0.00%    passed     75.33%
  18  n266_299    0.00%    passed     98.28%
  19  n299_332    0.00%    passed     74.87%
  20  n290_323    0.00%    passed     71.79%
  21  n300_333    0.00%    passed     76.63%
  22  n275_308    0.00%    passed     87.20%
  23  n289_322    0.00%    passed     87.85%
  24  n244_275    0.00%    passed     61.76%
  25  n296_329    0.00%    passed     74.87%
  26  n278_311    0.00%    failed      4.12%
****  TOTAL       0.00%  1 sequences failed composition chi2 test (p-value<5%; df=3)

Create initial parsimony tree by phylogenetic likelihood library (PLL)... 0.002 seconds

NOTE: 1 MB RAM is required!
Estimate model parameters (epsilon = 0.100)
1. Initial log-likelihood: -5315.289
2. Current log-likelihood: -5211.107
3. Current log-likelihood: -5198.094
4. Current log-likelihood: -5194.931
5. Current log-likelihood: -5194.020
6. Current log-likelihood: -5193.764
Optimal log-likelihood: -5193.660
Rate parameters:  A-C: 1.468  A-G: 1.546  A-T: 1.350  C-G: 1.234  C-T: 1.504  G-T: 1.000
Base frequencies:   A: 0.209  C: 0.260  G: 0.260  T: 0.270
Gamma shape alpha: 3.551
Parameters optimization took 6 rounds (0.080 sec)
--------------------------------------------------------------------
|             INITIALIZING CANDIDATE TREE SET                      |
--------------------------------------------------------------------
Computing ML distances based on estimated model parameters... 0.000 sec
Computing BIONJ tree...
0.000 seconds
Log-likelihood of BIONJ tree: -5192.061
Generating 98 parsimony trees... 0.149 seconds 2 distinct starting trees
Computing log-likelihood of 2 initial trees ... 0.000 seconds
Optimizing top 2 initial trees with NNI...
Iteration 1 / LogL: -5188.970 / Time: 0h:0m:0s
Estimate model parameters (epsilon = 0.100)
BETTER TREE FOUND at iteration 1: -5188.663
Iteration 2 / LogL: -5192.897 / Time: 0h:0m:0s
Average CPU time for 1 NNI search: 0.020
Finish initializing candidate tree set. Number of distinct locally optimal trees: 2
Current best tree score: -5188.663 / CPU time: 0.188
--------------------------------------------------------------------
|               OPTIMIZING CANDIDATE TREE SET                      |
--------------------------------------------------------------------
Iteration 10 / LogL: -5188.979 / Time: 0h:0m:0s
Iteration 20 / LogL: -5191.545 / Time: 0h:0m:0s (0h:0m:3s left)
Estimate model parameters (epsilon = 0.010)
BETTER TREE FOUND at iteration 27: -5188.070
Iteration 30 / LogL: -5188.220 / Time: 0h:0m:1s (0h:0m:4s left)
Iteration 40 / LogL: -5220.530 / Time: 0h:0m:1s (0h:0m:3s left)
Iteration 50 / LogL: -5188.483 / Time: 0h:0m:1s (0h:0m:3s left)
Iteration 60 / LogL: -5188.381 / Time: 0h:0m:2s (0h:0m:2s left)
Iteration 70 / LogL: -5188.379 / Time: 0h:0m:2s (0h:0m:2s left)
Iteration 80 / LogL: -5188.596 / Time: 0h:0m:2s (0h:0m:1s left)
Iteration 90 / LogL: -5188.608 / Time: 0h:0m:3s (0h:0m:1s left)
Iteration 100 / LogL: -5189.142 / Time: 0h:0m:3s (0h:0m:0s left)
Iteration 110 / LogL: -5188.475 / Time: 0h:0m:3s (0h:0m:0s left)
Iteration 120 / LogL: -5189.285 / Time: 0h:0m:4s (0h:0m:0s left)
TREE SEARCH COMPLETED AFTER 127 ITERATIONS / Time: 0h:0m:4s

--------------------------------------------------------------------
|                    FINALIZING TREE SEARCH                        |
--------------------------------------------------------------------
Performs final model parameters optimization
Estimate model parameters (epsilon = 0.010)
1. Initial log-likelihood: -5188.070
Optimal log-likelihood: -5188.067
Rate parameters:  A-C: 1.364  A-G: 1.445  A-T: 1.237  C-G: 1.184  C-T: 1.410  G-T: 1.000
Base frequencies:   A: 0.209  C: 0.260  G: 0.260  T: 0.270
Gamma shape alpha: 3.352
Parameters optimization took 1 rounds (0.007 sec)
BEST SCORE FOUND : -5188.067

Testing tree branches by SH-like aLRT with 1000 replicates...
CPU Time used:  0.128 sec.
Total tree length: 10.346

Total number of iterations: 127
CPU time used for tree search: 4.344 sec (0h:0m:4s)
Wall-clock time used for tree search: 4.345 sec (0h:0m:4s)
Total CPU time used: 4.592 sec (0h:0m:4s)
Total wall-clock time used: 4.597 sec (0h:0m:4s)

Analysis results written to: 
  IQ-TREE report:                ../simulations/data_D10T10L20I10T10//S/248_pruned.fasta.iqtree
  Maximum-likelihood tree:       ../simulations/data_D10T10L20I10T10//S/248_pruned.fasta.treefile
  Likelihood distances:          ../simulations/data_D10T10L20I10T10//S/248_pruned.fasta.mldist
  Screen log file:               ../simulations/data_D10T10L20I10T10//S/248_pruned.fasta.log

Date and Time: Mon Jun  4 00:35:17 2018
