IQ-TREE version 1.4.2 for Linux 64-bit built Apr 15 2016
Copyright (c) 2011-2015 Nguyen Lam Tung, Olga Chernomor, Arndt von Haeseler and Bui Quang Minh.

Host:    meduse (AVX2, FMA3, 7 GB RAM)
Command: iqtree -s ../simulations/data_D8T8L15I8T8//S/258_pruned.fasta -m GTR+G -alrt 1000 -redo
Seed:    440935 (Using SPRNG - Scalable Parallel Random Number Generator)
Time:    Fri May 25 23:09:59 2018
Kernel:  AVX

NOTE: Consider using the multicore version because your CPU has 4 cores!

Reading alignment file ../simulations/data_D8T8L15I8T8//S/258_pruned.fasta ... Fasta format detected
Alignment most likely contains DNA/RNA sequences
Alignment has 26 sequences with 300 columns and 170 patterns (152 informative sites)
          Gap/Ambiguity  Composition  p-value
   1  n290_287    0.00%    passed     93.09%
   2  n200_201    0.00%    passed     74.40%
   3  n236_235    0.00%    passed     98.37%
   4  n274_271    0.00%    passed     67.88%
   5  n244_241    0.00%    passed     72.95%
   6  n286_283    0.00%    passed     75.20%
   7  n297_294    0.00%    passed     68.55%
   8  n292_289    0.00%    passed     66.06%
   9  n265_262    0.00%    passed     62.62%
  10  n289_286    0.00%    passed     93.62%
  11  n294_291    0.00%    passed     78.97%
  12  n300_297    0.00%    passed     74.01%
  13  n287_284    0.00%    passed     93.62%
  14  n296_293    0.00%    passed     93.38%
  15  n295_292    0.00%    passed     97.01%
  16  n275_272    0.00%    passed     97.92%
  17  n298_295    0.00%    passed     77.98%
  18  n255_252    0.00%    passed     99.34%
  19  n280_277    0.00%    passed     67.88%
  20  n251_248    0.00%    passed     91.30%
  21  n285_282    0.00%    passed     75.20%
  22  n278_275    0.00%    passed     78.65%
  23  n299_296    0.00%    passed     74.01%
  24  n293_290    0.00%    passed     75.56%
  25  n277_274    0.00%    passed     81.86%
  26  n266_263    0.00%    passed     77.98%
****  TOTAL       0.00%  0 sequences failed composition chi2 test (p-value<5%; df=3)
NOTE: 3 identical sequences (see below) will be ignored for subsequent analysis
NOTE: n285_282 (identical to n286_283) is ignored but added at the end
NOTE: n287_284 (identical to n289_286) is ignored but added at the end
NOTE: n299_296 (identical to n300_297) is ignored but added at the end

Create initial parsimony tree by phylogenetic likelihood library (PLL)... 0.001 seconds

NOTE: 0 MB RAM is required!
Estimate model parameters (epsilon = 0.100)
1. Initial log-likelihood: -2033.701
2. Current log-likelihood: -2000.764
3. Current log-likelihood: -2000.470
Optimal log-likelihood: -2000.384
Rate parameters:  A-C: 1.524  A-G: 1.398  A-T: 0.815  C-G: 1.372  C-T: 1.420  G-T: 1.000
Base frequencies:   A: 0.239  C: 0.242  G: 0.232  T: 0.287
Gamma shape alpha: 3.069
Parameters optimization took 3 rounds (0.031 sec)
--------------------------------------------------------------------
|             INITIALIZING CANDIDATE TREE SET                      |
--------------------------------------------------------------------
Computing ML distances based on estimated model parameters... 0.004 sec
Computing BIONJ tree...
0.001 seconds
Log-likelihood of BIONJ tree: -2000.384
Generating 99 parsimony trees... 0.121 seconds 1 distinct starting trees
Computing log-likelihood of 1 initial trees ... 0.000 seconds
Optimizing top 1 initial trees with NNI...
Iteration 1 / LogL: -2000.384 / Time: 0h:0m:0s
Estimate model parameters (epsilon = 0.100)
BETTER SCORE FOUND at iteration 1: -2000.183
Average CPU time for 1 NNI search: 0.016
Finish initializing candidate tree set. Number of distinct locally optimal trees: 1
Current best tree score: -2000.183 / CPU time: 0.136
--------------------------------------------------------------------
|               OPTIMIZING CANDIDATE TREE SET                      |
--------------------------------------------------------------------
Iteration 10 / LogL: -2000.323 / Time: 0h:0m:0s
Iteration 20 / LogL: -2000.184 / Time: 0h:0m:0s (0h:0m:2s left)
Iteration 30 / LogL: -2000.235 / Time: 0h:0m:0s (0h:0m:1s left)
Iteration 40 / LogL: -2000.289 / Time: 0h:0m:0s (0h:0m:1s left)
Iteration 50 / LogL: -2000.183 / Time: 0h:0m:1s (0h:0m:1s left)
Iteration 60 / LogL: -2000.186 / Time: 0h:0m:1s (0h:0m:0s left)
Iteration 70 / LogL: -2000.193 / Time: 0h:0m:1s (0h:0m:0s left)
Iteration 80 / LogL: -2000.185 / Time: 0h:0m:1s (0h:0m:0s left)
Iteration 90 / LogL: -2000.189 / Time: 0h:0m:1s (0h:0m:0s left)
Iteration 100 / LogL: -2000.197 / Time: 0h:0m:2s (0h:0m:0s left)
TREE SEARCH COMPLETED AFTER 101 ITERATIONS / Time: 0h:0m:2s

--------------------------------------------------------------------
|                    FINALIZING TREE SEARCH                        |
--------------------------------------------------------------------
Performs final model parameters optimization
Estimate model parameters (epsilon = 0.010)
1. Initial log-likelihood: -2000.183
Optimal log-likelihood: -2000.182
Rate parameters:  A-C: 1.349  A-G: 1.244  A-T: 0.749  C-G: 1.216  C-T: 1.263  G-T: 1.000
Base frequencies:   A: 0.239  C: 0.242  G: 0.232  T: 0.287
Gamma shape alpha: 3.096
Parameters optimization took 1 rounds (0.007 sec)
BEST SCORE FOUND : -2000.182

Testing tree branches by SH-like aLRT with 1000 replicates...
CPU Time used:  0.120 sec.
Total tree length: 1.199

Total number of iterations: 101
CPU time used for tree search: 2.000 sec (0h:0m:2s)
Wall-clock time used for tree search: 2.003 sec (0h:0m:2s)
Total CPU time used: 2.180 sec (0h:0m:2s)
Total wall-clock time used: 2.182 sec (0h:0m:2s)

Analysis results written to: 
  IQ-TREE report:                ../simulations/data_D8T8L15I8T8//S/258_pruned.fasta.iqtree
  Maximum-likelihood tree:       ../simulations/data_D8T8L15I8T8//S/258_pruned.fasta.treefile
  Likelihood distances:          ../simulations/data_D8T8L15I8T8//S/258_pruned.fasta.mldist
  Screen log file:               ../simulations/data_D8T8L15I8T8//S/258_pruned.fasta.log

Date and Time: Fri May 25 23:10:01 2018
