IQ-TREE version 1.4.2 for Linux 64-bit built Apr 15 2016
Copyright (c) 2011-2015 Nguyen Lam Tung, Olga Chernomor, Arndt von Haeseler and Bui Quang Minh.

Host:    meduse (AVX2, FMA3, 7 GB RAM)
Command: iqtree -s ../simulations/data_D10T10L20I10T10//S/25_pruned.fasta -m GTR+G -alrt 1000 -redo
Seed:    723384 (Using SPRNG - Scalable Parallel Random Number Generator)
Time:    Mon Jun  4 00:33:56 2018
Kernel:  AVX

NOTE: Consider using the multicore version because your CPU has 4 cores!

Reading alignment file ../simulations/data_D10T10L20I10T10//S/25_pruned.fasta ... Fasta format detected
Alignment most likely contains DNA/RNA sequences
Alignment has 26 sequences with 300 columns and 298 patterns (291 informative sites)
          Gap/Ambiguity  Composition  p-value
   1  n299_300    0.00%    passed     46.73%
   2  n300_301    0.00%    passed     72.98%
   3  n290_291    0.00%    passed     77.55%
   4  n244_245    0.00%    passed     20.00%
   5  n255_256    0.00%    passed     21.07%
   6  n277_278    0.00%    passed     54.09%
   7  n200_201    0.00%    passed     60.90%
   8  n236_237    0.00%    passed     53.60%
   9  n274_275    0.00%    passed     27.18%
  10  n289_290    0.00%    passed     83.31%
  11  n296_297    0.00%    passed     82.14%
  12  n275_276    0.00%    passed     80.20%
  13  n292_293    0.00%    passed     47.35%
  14  n278_279    0.00%    passed     59.99%
  15  n298_299    0.00%    passed     66.97%
  16  n297_298    0.00%    passed     69.26%
  17  n286_287    0.00%    passed     70.89%
  18  n285_286    0.00%    passed     80.10%
  19  n287_288    0.00%    passed     91.39%
  20  n251_252    0.00%    passed     43.98%
  21  n294_295    0.00%    passed     93.42%
  22  n295_296    0.00%    passed     84.64%
  23  n266_267    0.00%    passed     50.63%
  24  n265_266    0.00%    passed     72.05%
  25  n280_281    0.00%    passed     91.96%
  26  n293_294    0.00%    passed     74.06%
****  TOTAL       0.00%  0 sequences failed composition chi2 test (p-value<5%; df=3)

Create initial parsimony tree by phylogenetic likelihood library (PLL)... 0.002 seconds

NOTE: 1 MB RAM is required!
Estimate model parameters (epsilon = 0.100)
1. Initial log-likelihood: -5296.296
2. Current log-likelihood: -5198.015
3. Current log-likelihood: -5182.300
4. Current log-likelihood: -5180.054
5. Current log-likelihood: -5179.492
6. Current log-likelihood: -5179.330
7. Current log-likelihood: -5179.213
Optimal log-likelihood: -5179.103
Rate parameters:  A-C: 0.994  A-G: 1.110  A-T: 0.786  C-G: 1.067  C-T: 1.205  G-T: 1.000
Base frequencies:   A: 0.256  C: 0.276  G: 0.227  T: 0.240
Gamma shape alpha: 6.313
Parameters optimization took 7 rounds (0.076 sec)
--------------------------------------------------------------------
|             INITIALIZING CANDIDATE TREE SET                      |
--------------------------------------------------------------------
Computing ML distances based on estimated model parameters... 0.004 sec
WARNING: Some pairwise ML distances are too long (saturated)
Computing BIONJ tree...
0.000 seconds
Log-likelihood of BIONJ tree: -5177.843
Generating 98 parsimony trees... 0.150 seconds 2 distinct starting trees
Computing log-likelihood of 2 initial trees ... 0.000 seconds
Optimizing top 2 initial trees with NNI...
Iteration 1 / LogL: -5176.877 / Time: 0h:0m:0s
Estimate model parameters (epsilon = 0.100)
BETTER TREE FOUND at iteration 1: -5176.849
Iteration 2 / LogL: -5177.005 / Time: 0h:0m:0s
Average CPU time for 1 NNI search: 0.016
Finish initializing candidate tree set. Number of distinct locally optimal trees: 2
Current best tree score: -5176.849 / CPU time: 0.180
--------------------------------------------------------------------
|               OPTIMIZING CANDIDATE TREE SET                      |
--------------------------------------------------------------------
Estimate model parameters (epsilon = 0.010)
UPDATE BEST LOG-LIKELIHOOD: -5176.591
Iteration 10 / LogL: -5179.032 / Time: 0h:0m:0s
Iteration 20 / LogL: -5182.235 / Time: 0h:0m:0s (0h:0m:3s left)
Iteration 30 / LogL: -5177.577 / Time: 0h:0m:1s (0h:0m:3s left)
Iteration 40 / LogL: -5178.815 / Time: 0h:0m:1s (0h:0m:2s left)
Iteration 50 / LogL: -5177.443 / Time: 0h:0m:1s (0h:0m:1s left)
Iteration 60 / LogL: -5179.265 / Time: 0h:0m:2s (0h:0m:1s left)
Iteration 70 / LogL: -5181.202 / Time: 0h:0m:2s (0h:0m:1s left)
Iteration 80 / LogL: -5181.543 / Time: 0h:0m:2s (0h:0m:0s left)
Iteration 90 / LogL: -5180.248 / Time: 0h:0m:3s (0h:0m:0s left)
Iteration 100 / LogL: -5183.131 / Time: 0h:0m:3s (0h:0m:0s left)
TREE SEARCH COMPLETED AFTER 101 ITERATIONS / Time: 0h:0m:3s

--------------------------------------------------------------------
|                    FINALIZING TREE SEARCH                        |
--------------------------------------------------------------------
Performs final model parameters optimization
Estimate model parameters (epsilon = 0.010)
1. Initial log-likelihood: -5176.591
Optimal log-likelihood: -5176.581
Rate parameters:  A-C: 0.986  A-G: 1.084  A-T: 0.752  C-G: 1.049  C-T: 1.175  G-T: 1.000
Base frequencies:   A: 0.256  C: 0.276  G: 0.227  T: 0.240
Gamma shape alpha: 6.335
Parameters optimization took 1 rounds (0.007 sec)
BEST SCORE FOUND : -5176.581

Testing tree branches by SH-like aLRT with 1000 replicates...
CPU Time used:  0.120 sec.
Total tree length: 8.140

Total number of iterations: 101
CPU time used for tree search: 3.296 sec (0h:0m:3s)
Wall-clock time used for tree search: 3.302 sec (0h:0m:3s)
Total CPU time used: 3.544 sec (0h:0m:3s)
Total wall-clock time used: 3.552 sec (0h:0m:3s)

Analysis results written to: 
  IQ-TREE report:                ../simulations/data_D10T10L20I10T10//S/25_pruned.fasta.iqtree
  Maximum-likelihood tree:       ../simulations/data_D10T10L20I10T10//S/25_pruned.fasta.treefile
  Likelihood distances:          ../simulations/data_D10T10L20I10T10//S/25_pruned.fasta.mldist
  Screen log file:               ../simulations/data_D10T10L20I10T10//S/25_pruned.fasta.log

Date and Time: Mon Jun  4 00:34:00 2018
