IQ-TREE version 1.4.2 for Linux 64-bit built Apr 15 2016
Copyright (c) 2011-2015 Nguyen Lam Tung, Olga Chernomor, Arndt von Haeseler and Bui Quang Minh.

Host:    meduse (AVX2, FMA3, 7 GB RAM)
Command: iqtree -s ../simulations/data_D10T10L20I10T10//S/268_pruned.fasta -m GTR+G -alrt 1000 -redo
Seed:    410774 (Using SPRNG - Scalable Parallel Random Number Generator)
Time:    Mon Jun  4 01:15:23 2018
Kernel:  AVX

NOTE: Consider using the multicore version because your CPU has 4 cores!

Reading alignment file ../simulations/data_D10T10L20I10T10//S/268_pruned.fasta ... Fasta format detected
Alignment most likely contains DNA/RNA sequences
Alignment has 26 sequences with 300 columns and 300 patterns (295 informative sites)
          Gap/Ambiguity  Composition  p-value
   1  n265_270    0.00%    passed     43.34%
   2  n298_303    0.00%    passed     90.08%
   3  n251_256    0.00%    passed     64.03%
   4  n275_280    0.00%    passed     98.98%
   5  n277_282    0.00%    passed     34.94%
   6  n200_205    0.00%    passed     81.90%
   7  n299_304    0.00%    passed     47.05%
   8  n296_301    0.00%    passed     98.62%
   9  n266_271    0.00%    passed     72.33%
  10  n290_295    0.00%    passed     79.51%
  11  n295_300    0.00%    passed     99.58%
  12  n280_285    0.00%    passed     51.25%
  13  n236_241    0.00%    passed     63.32%
  14  n294_299    0.00%    passed     97.11%
  15  n300_305    0.00%    passed     53.24%
  16  n286_291    0.00%    passed     40.66%
  17  n285_290    0.00%    passed     62.45%
  18  n287_292    0.00%    passed     90.42%
  19  n293_298    0.00%    passed     99.69%
  20  n297_302    0.00%    passed     83.78%
  21  n289_294    0.00%    passed     70.34%
  22  n278_283    0.00%    passed     64.85%
  23  n292_297    0.00%    passed     42.07%
  24  n244_249    0.00%    passed     47.84%
  25  n274_279    0.00%    passed     34.06%
  26  n255_260    0.00%    passed     40.54%
****  TOTAL       0.00%  0 sequences failed composition chi2 test (p-value<5%; df=3)

Create initial parsimony tree by phylogenetic likelihood library (PLL)... 0.002 seconds

NOTE: 1 MB RAM is required!
Estimate model parameters (epsilon = 0.100)
1. Initial log-likelihood: -5316.335
2. Current log-likelihood: -5236.634
3. Current log-likelihood: -5220.792
4. Current log-likelihood: -5216.598
5. Current log-likelihood: -5215.332
6. Current log-likelihood: -5215.007
Optimal log-likelihood: -5214.894
Rate parameters:  A-C: 1.331  A-G: 1.407  A-T: 1.083  C-G: 1.352  C-T: 1.340  G-T: 1.000
Base frequencies:   A: 0.215  C: 0.258  G: 0.238  T: 0.289
Gamma shape alpha: 3.856
Parameters optimization took 6 rounds (0.077 sec)
--------------------------------------------------------------------
|             INITIALIZING CANDIDATE TREE SET                      |
--------------------------------------------------------------------
Computing ML distances based on estimated model parameters... 0.004 sec
WARNING: Some pairwise ML distances are too long (saturated)
Computing BIONJ tree...
0.000 seconds
Log-likelihood of BIONJ tree: -5240.665
Generating 98 parsimony trees... 0.128 seconds 2 distinct starting trees
Computing log-likelihood of 2 initial trees ... 0.000 seconds
Optimizing top 2 initial trees with NNI...
Iteration 1 / LogL: -5214.894 / Time: 0h:0m:0s
Estimate model parameters (epsilon = 0.100)
BETTER SCORE FOUND at iteration 1: -5214.848
Iteration 2 / LogL: -5214.337 / Time: 0h:0m:0s
Estimate model parameters (epsilon = 0.100)
BETTER TREE FOUND at iteration 2: -5214.049
Average CPU time for 1 NNI search: 0.032
Finish initializing candidate tree set. Number of distinct locally optimal trees: 2
Current best tree score: -5214.049 / CPU time: 0.192
--------------------------------------------------------------------
|               OPTIMIZING CANDIDATE TREE SET                      |
--------------------------------------------------------------------
Iteration 10 / LogL: -5215.456 / Time: 0h:0m:0s
Estimate model parameters (epsilon = 0.010)
BETTER TREE FOUND at iteration 16: -5213.525
Iteration 20 / LogL: -5213.931 / Time: 0h:0m:0s (0h:0m:4s left)
Iteration 30 / LogL: -5254.292 / Time: 0h:0m:1s (0h:0m:3s left)
Iteration 40 / LogL: -5223.860 / Time: 0h:0m:1s (0h:0m:3s left)
Iteration 50 / LogL: -5214.010 / Time: 0h:0m:1s (0h:0m:2s left)
Iteration 60 / LogL: -5214.802 / Time: 0h:0m:2s (0h:0m:2s left)
Iteration 70 / LogL: -5214.935 / Time: 0h:0m:2s (0h:0m:1s left)
Iteration 80 / LogL: -5214.680 / Time: 0h:0m:2s (0h:0m:1s left)
Iteration 90 / LogL: -5213.862 / Time: 0h:0m:3s (0h:0m:0s left)
Iteration 100 / LogL: -5214.877 / Time: 0h:0m:3s (0h:0m:0s left)
Iteration 110 / LogL: -5213.666 / Time: 0h:0m:3s (0h:0m:0s left)
TREE SEARCH COMPLETED AFTER 116 ITERATIONS / Time: 0h:0m:3s

--------------------------------------------------------------------
|                    FINALIZING TREE SEARCH                        |
--------------------------------------------------------------------
Performs final model parameters optimization
Estimate model parameters (epsilon = 0.010)
1. Initial log-likelihood: -5213.525
Optimal log-likelihood: -5213.522
Rate parameters:  A-C: 1.318  A-G: 1.414  A-T: 1.070  C-G: 1.316  C-T: 1.367  G-T: 1.000
Base frequencies:   A: 0.215  C: 0.258  G: 0.238  T: 0.289
Gamma shape alpha: 3.954
Parameters optimization took 1 rounds (0.006 sec)
BEST SCORE FOUND : -5213.522

Testing tree branches by SH-like aLRT with 1000 replicates...
CPU Time used:  0.112 sec.
Total tree length: 10.386

Total number of iterations: 116
CPU time used for tree search: 3.688 sec (0h:0m:3s)
Wall-clock time used for tree search: 3.689 sec (0h:0m:3s)
Total CPU time used: 3.944 sec (0h:0m:3s)
Total wall-clock time used: 3.946 sec (0h:0m:3s)

Analysis results written to: 
  IQ-TREE report:                ../simulations/data_D10T10L20I10T10//S/268_pruned.fasta.iqtree
  Maximum-likelihood tree:       ../simulations/data_D10T10L20I10T10//S/268_pruned.fasta.treefile
  Likelihood distances:          ../simulations/data_D10T10L20I10T10//S/268_pruned.fasta.mldist
  Screen log file:               ../simulations/data_D10T10L20I10T10//S/268_pruned.fasta.log

Date and Time: Mon Jun  4 01:15:27 2018
