IQ-TREE version 1.4.2 for Linux 64-bit built Apr 15 2016
Copyright (c) 2011-2015 Nguyen Lam Tung, Olga Chernomor, Arndt von Haeseler and Bui Quang Minh.

Host:    meduse (AVX2, FMA3, 7 GB RAM)
Command: iqtree -s ../simulations/data_D8T8L15I8T8//S/275_pruned.fasta -m GTR+G -alrt 1000 -redo
Seed:    634707 (Using SPRNG - Scalable Parallel Random Number Generator)
Time:    Fri May 25 23:08:02 2018
Kernel:  AVX

NOTE: Consider using the multicore version because your CPU has 4 cores!

Reading alignment file ../simulations/data_D8T8L15I8T8//S/275_pruned.fasta ... Fasta format detected
Alignment most likely contains DNA/RNA sequences
Alignment has 26 sequences with 300 columns and 187 patterns (166 informative sites)
          Gap/Ambiguity  Composition  p-value
   1  n287_288    0.00%    passed     89.24%
   2  n290_291    0.00%    passed     89.24%
   3  n236_237    0.00%    passed     75.49%
   4  n278_279    0.00%    passed     89.95%
   5  n285_286    0.00%    passed     94.01%
   6  n265_266    0.00%    passed     84.71%
   7  n280_281    0.00%    passed     98.30%
   8  n299_300    0.00%    passed     99.00%
   9  n293_294    0.00%    passed     91.19%
  10  n274_275    0.00%    passed     99.59%
  11  n292_293    0.00%    passed     99.42%
  12  n296_297    0.00%    passed     96.76%
  13  n294_295    0.00%    passed     95.05%
  14  n275_276    0.00%    passed     99.42%
  15  n297_298    0.00%    passed     98.47%
  16  n289_290    0.00%    passed     92.52%
  17  n286_287    0.00%    passed     97.30%
  18  n255_256    0.00%    passed     35.36%
  19  n295_296    0.00%    passed     96.76%
  20  n266_267    0.00%    passed     84.30%
  21  n244_245    0.00%    passed     97.50%
  22  n298_299    0.00%    passed     98.12%
  23  n300_301    0.00%    passed     99.00%
  24  n200_201    0.00%    passed     81.55%
  25  n277_278    0.00%    passed     94.90%
  26  n251_252    0.00%    passed     48.03%
****  TOTAL       0.00%  0 sequences failed composition chi2 test (p-value<5%; df=3)
NOTE: 3 identical sequences (see below) will be ignored for subsequent analysis
NOTE: n290_291 (identical to n287_288) is ignored but added at the end
NOTE: n300_301 (identical to n299_300) is ignored but added at the end
NOTE: n295_296 (identical to n296_297) is ignored but added at the end

Create initial parsimony tree by phylogenetic likelihood library (PLL)... 0.001 seconds

NOTE: 0 MB RAM is required!
Estimate model parameters (epsilon = 0.100)
1. Initial log-likelihood: -2155.469
2. Current log-likelihood: -2124.032
3. Current log-likelihood: -2123.761
Optimal log-likelihood: -2123.726
Rate parameters:  A-C: 0.943  A-G: 1.127  A-T: 0.778  C-G: 0.713  C-T: 0.928  G-T: 1.000
Base frequencies:   A: 0.212  C: 0.267  G: 0.267  T: 0.254
Gamma shape alpha: 3.579
Parameters optimization took 3 rounds (0.026 sec)
--------------------------------------------------------------------
|             INITIALIZING CANDIDATE TREE SET                      |
--------------------------------------------------------------------
Computing ML distances based on estimated model parameters... 0.000 sec
Computing BIONJ tree...
0.000 seconds
Log-likelihood of BIONJ tree: -2127.919
Generating 98 parsimony trees... 0.081 seconds 4 distinct starting trees
Computing log-likelihood of 4 initial trees ... 0.004 seconds
Optimizing top 4 initial trees with NNI...
Iteration 1 / LogL: -2123.688 / Time: 0h:0m:0s
Estimate model parameters (epsilon = 0.100)
BETTER SCORE FOUND at iteration 1: -2123.673
Iteration 2 / LogL: -2123.678 / Time: 0h:0m:0s
Iteration 3 / LogL: -2123.678 / Time: 0h:0m:0s
Iteration 4 / LogL: -2123.675 / Time: 0h:0m:0s
Average CPU time for 1 NNI search: 0.007
Finish initializing candidate tree set. Number of distinct locally optimal trees: 1
Current best tree score: -2123.673 / CPU time: 0.112
--------------------------------------------------------------------
|               OPTIMIZING CANDIDATE TREE SET                      |
--------------------------------------------------------------------
Iteration 10 / LogL: -2123.677 / Time: 0h:0m:0s
Iteration 20 / LogL: -2123.678 / Time: 0h:0m:0s (0h:0m:1s left)
Iteration 30 / LogL: -2123.680 / Time: 0h:0m:0s (0h:0m:1s left)
Iteration 40 / LogL: -2123.678 / Time: 0h:0m:0s (0h:0m:1s left)
Iteration 50 / LogL: -2123.706 / Time: 0h:0m:0s (0h:0m:0s left)
Iteration 60 / LogL: -2304.085 / Time: 0h:0m:1s (0h:0m:0s left)
Iteration 70 / LogL: -2130.603 / Time: 0h:0m:1s (0h:0m:0s left)
Iteration 80 / LogL: -2123.715 / Time: 0h:0m:1s (0h:0m:0s left)
Iteration 90 / LogL: -2123.673 / Time: 0h:0m:1s (0h:0m:0s left)
Iteration 100 / LogL: -2123.744 / Time: 0h:0m:1s (0h:0m:0s left)
TREE SEARCH COMPLETED AFTER 101 ITERATIONS / Time: 0h:0m:1s

--------------------------------------------------------------------
|                    FINALIZING TREE SEARCH                        |
--------------------------------------------------------------------
Performs final model parameters optimization
Estimate model parameters (epsilon = 0.010)
1. Initial log-likelihood: -2123.673
Optimal log-likelihood: -2123.667
Rate parameters:  A-C: 0.960  A-G: 1.142  A-T: 0.784  C-G: 0.725  C-T: 0.935  G-T: 1.000
Base frequencies:   A: 0.212  C: 0.267  G: 0.267  T: 0.254
Gamma shape alpha: 3.596
Parameters optimization took 1 rounds (0.004 sec)
BEST SCORE FOUND : -2123.667

Testing tree branches by SH-like aLRT with 1000 replicates...
CPU Time used:  0.104 sec.
Total tree length: 1.353

Total number of iterations: 101
CPU time used for tree search: 1.712 sec (0h:0m:1s)
Wall-clock time used for tree search: 1.715 sec (0h:0m:1s)
Total CPU time used: 1.864 sec (0h:0m:1s)
Total wall-clock time used: 1.864 sec (0h:0m:1s)

Analysis results written to: 
  IQ-TREE report:                ../simulations/data_D8T8L15I8T8//S/275_pruned.fasta.iqtree
  Maximum-likelihood tree:       ../simulations/data_D8T8L15I8T8//S/275_pruned.fasta.treefile
  Likelihood distances:          ../simulations/data_D8T8L15I8T8//S/275_pruned.fasta.mldist
  Screen log file:               ../simulations/data_D8T8L15I8T8//S/275_pruned.fasta.log

Date and Time: Fri May 25 23:08:04 2018
