IQ-TREE version 1.4.2 for Linux 64-bit built Apr 15 2016
Copyright (c) 2011-2015 Nguyen Lam Tung, Olga Chernomor, Arndt von Haeseler and Bui Quang Minh.

Host:    meduse (AVX2, FMA3, 7 GB RAM)
Command: iqtree -s ../simulations/data_D10T10L20I10T10//S/276_pruned.fasta -m GTR+G -alrt 1000 -redo
Seed:    562204 (Using SPRNG - Scalable Parallel Random Number Generator)
Time:    Fri Jun  1 10:36:04 2018
Kernel:  AVX

NOTE: Consider using the multicore version because your CPU has 4 cores!

Reading alignment file ../simulations/data_D10T10L20I10T10//S/276_pruned.fasta ... Fasta format detected
Alignment most likely contains DNA/RNA sequences
Alignment has 25 sequences with 300 columns and 155 patterns (121 informative sites)
          Gap/Ambiguity  Composition  p-value
   1  n292_293    0.00%    passed     95.47%
   2  n287_288    0.00%    passed     98.22%
   3  n290_291    0.00%    passed     99.82%
   4  n294_295    0.00%    passed     99.22%
   5  n251_252    0.00%    passed     91.36%
   6  n286_287    0.00%    passed     89.11%
   7  n300_301    0.00%    passed     94.80%
   8  n275_276    0.00%    passed     91.23%
   9  n274_275    0.00%    passed     89.42%
  10  n289_290    0.00%    passed     99.22%
  11  n236_237    0.00%    passed     90.79%
  12  n299_300    0.00%    passed     96.49%
  13  n278_279    0.00%    passed     98.16%
  14  n297_298    0.00%    passed     96.21%
  15  n298_299    0.00%    passed     96.21%
  16  n244_245    0.00%    passed     42.76%
  17  n293_294    0.00%    passed     99.22%
  18  n296_297    0.00%    passed     98.98%
  19  n295_296    0.00%    passed     97.14%
  20  n266_267    0.00%    passed     88.36%
  21  n200_201    0.00%    passed     96.29%
  22  n285_286    0.00%    passed     89.11%
  23  n277_278    0.00%    passed     97.97%
  24  n280_281    0.00%    passed     95.47%
  25  n265_266    0.00%    passed     92.84%
****  TOTAL       0.00%  0 sequences failed composition chi2 test (p-value<5%; df=3)
NOTE: 3 identical sequences (see below) will be ignored for subsequent analysis
NOTE: n293_294 (identical to n294_295) is ignored but added at the end
NOTE: n285_286 (identical to n286_287) is ignored but added at the end
NOTE: n298_299 (identical to n297_298) is ignored but added at the end

Create initial parsimony tree by phylogenetic likelihood library (PLL)... 0.001 seconds

NOTE: 0 MB RAM is required!
Estimate model parameters (epsilon = 0.100)
1. Initial log-likelihood: -1888.811
2. Current log-likelihood: -1841.485
3. Current log-likelihood: -1840.766
Optimal log-likelihood: -1840.759
Rate parameters:  A-C: 0.979  A-G: 1.481  A-T: 0.834  C-G: 1.200  C-T: 1.060  G-T: 1.000
Base frequencies:   A: 0.284  C: 0.243  G: 0.252  T: 0.220
Gamma shape alpha: 2.565
Parameters optimization took 3 rounds (0.018 sec)
--------------------------------------------------------------------
|             INITIALIZING CANDIDATE TREE SET                      |
--------------------------------------------------------------------
Computing ML distances based on estimated model parameters... 0.004 sec
Computing BIONJ tree...
0.000 seconds
Log-likelihood of BIONJ tree: -1840.758
Generating 98 parsimony trees... 0.062 seconds 25 distinct starting trees
Computing log-likelihood of 25 initial trees ... 0.033 seconds
Optimizing top 20 initial trees with NNI...
Iteration 1 / LogL: -1840.758 / Time: 0h:0m:0s
Estimate model parameters (epsilon = 0.100)
BETTER SCORE FOUND at iteration 1: -1840.758
Iteration 2 / LogL: -1840.759 / Time: 0h:0m:0s
Iteration 3 / LogL: -1840.762 / Time: 0h:0m:0s
Iteration 4 / LogL: -1840.762 / Time: 0h:0m:0s
Iteration 5 / LogL: -1840.762 / Time: 0h:0m:0s
Iteration 6 / LogL: -1840.762 / Time: 0h:0m:0s
Iteration 7 / LogL: -1840.762 / Time: 0h:0m:0s
Iteration 8 / LogL: -1840.762 / Time: 0h:0m:0s
Iteration 9 / LogL: -1840.762 / Time: 0h:0m:0s
Iteration 10 / LogL: -1840.762 / Time: 0h:0m:0s
Iteration 11 / LogL: -1840.762 / Time: 0h:0m:0s
Iteration 12 / LogL: -1840.762 / Time: 0h:0m:0s
Iteration 13 / LogL: -1840.762 / Time: 0h:0m:0s
Iteration 14 / LogL: -1840.762 / Time: 0h:0m:0s
Iteration 15 / LogL: -1840.762 / Time: 0h:0m:0s
Iteration 16 / LogL: -1840.762 / Time: 0h:0m:0s
Iteration 17 / LogL: -1840.762 / Time: 0h:0m:0s
Iteration 18 / LogL: -1840.762 / Time: 0h:0m:0s
Iteration 19 / LogL: -1840.762 / Time: 0h:0m:0s
Iteration 20 / LogL: -1840.762 / Time: 0h:0m:0s
Average CPU time for 1 NNI search: 0.003
Finish initializing candidate tree set. Number of distinct locally optimal trees: 20
Current best tree score: -1840.758 / CPU time: 0.156
--------------------------------------------------------------------
|               OPTIMIZING CANDIDATE TREE SET                      |
--------------------------------------------------------------------
Iteration 30 / LogL: -1840.774 / Time: 0h:0m:0s (0h:0m:0s left)
Iteration 40 / LogL: -1848.236 / Time: 0h:0m:0s (0h:0m:0s left)
Iteration 50 / LogL: -1840.761 / Time: 0h:0m:0s (0h:0m:0s left)
Iteration 60 / LogL: -1840.764 / Time: 0h:0m:0s (0h:0m:0s left)
Iteration 70 / LogL: -1840.759 / Time: 0h:0m:0s (0h:0m:0s left)
Iteration 80 / LogL: -1840.758 / Time: 0h:0m:0s (0h:0m:0s left)
Iteration 90 / LogL: -1847.232 / Time: 0h:0m:0s (0h:0m:0s left)
Iteration 100 / LogL: -1847.230 / Time: 0h:0m:0s (0h:0m:0s left)
TREE SEARCH COMPLETED AFTER 101 ITERATIONS / Time: 0h:0m:0s

--------------------------------------------------------------------
|                    FINALIZING TREE SEARCH                        |
--------------------------------------------------------------------
Performs final model parameters optimization
Estimate model parameters (epsilon = 0.010)
1. Initial log-likelihood: -1840.758
Optimal log-likelihood: -1840.758
Rate parameters:  A-C: 0.979  A-G: 1.483  A-T: 0.835  C-G: 1.199  C-T: 1.058  G-T: 1.000
Base frequencies:   A: 0.284  C: 0.243  G: 0.252  T: 0.220
Gamma shape alpha: 2.565
Parameters optimization took 1 rounds (0.003 sec)
BEST SCORE FOUND : -1840.758

Testing tree branches by SH-like aLRT with 1000 replicates...
CPU Time used:  0.084 sec.
Total tree length: 1.115

Total number of iterations: 101
CPU time used for tree search: 0.960 sec (0h:0m:0s)
Wall-clock time used for tree search: 0.963 sec (0h:0m:0s)
Total CPU time used: 1.076 sec (0h:0m:1s)
Total wall-clock time used: 1.080 sec (0h:0m:1s)

Analysis results written to: 
  IQ-TREE report:                ../simulations/data_D10T10L20I10T10//S/276_pruned.fasta.iqtree
  Maximum-likelihood tree:       ../simulations/data_D10T10L20I10T10//S/276_pruned.fasta.treefile
  Likelihood distances:          ../simulations/data_D10T10L20I10T10//S/276_pruned.fasta.mldist
  Screen log file:               ../simulations/data_D10T10L20I10T10//S/276_pruned.fasta.log

Date and Time: Fri Jun  1 10:36:05 2018
