IQ-TREE version 1.4.2 for Linux 64-bit built Apr 15 2016
Copyright (c) 2011-2015 Nguyen Lam Tung, Olga Chernomor, Arndt von Haeseler and Bui Quang Minh.

Host:    meduse (AVX2, FMA3, 7 GB RAM)
Command: iqtree -s ../simulations/data_D8T8L15I8T8//S/284_pruned.fasta -m GTR+G -alrt 1000 -redo
Seed:    566909 (Using SPRNG - Scalable Parallel Random Number Generator)
Time:    Fri May 25 22:34:50 2018
Kernel:  AVX

NOTE: Consider using the multicore version because your CPU has 4 cores!

Reading alignment file ../simulations/data_D8T8L15I8T8//S/284_pruned.fasta ... Fasta format detected
Alignment most likely contains DNA/RNA sequences
Alignment has 26 sequences with 300 columns and 179 patterns (150 informative sites)
          Gap/Ambiguity  Composition  p-value
   1  n255_258    0.00%    passed     82.59%
   2  n278_281    0.00%    passed     92.52%
   3  n289_292    0.00%    passed     98.52%
   4  n294_297    0.00%    passed     88.56%
   5  n290_293    0.00%    passed     97.96%
   6  n266_269    0.00%    passed     95.94%
   7  n297_300    0.00%    passed     91.91%
   8  n300_303    0.00%    passed     95.03%
   9  n280_283    0.00%    passed     99.18%
  10  n244_247    0.00%    passed     46.50%
  11  n286_289    0.00%    passed     80.49%
  12  n285_288    0.00%    passed     82.45%
  13  n265_268    0.00%    passed     80.00%
  14  n296_299    0.00%    passed     97.68%
  15  n287_290    0.00%    passed     98.50%
  16  n292_295    0.00%    passed     93.62%
  17  n251_254    0.00%    passed     94.71%
  18  n274_277    0.00%    passed     98.40%
  19  n236_239    0.00%    passed     81.91%
  20  n293_296    0.00%    passed     93.33%
  21  n295_298    0.00%    passed     92.38%
  22  n275_278    0.00%    passed     99.57%
  23  n299_302    0.00%    passed     95.03%
  24  n200_203    0.00%    passed     96.16%
  25  n277_280    0.00%    passed     79.06%
  26  n298_301    0.00%    passed     89.18%
****  TOTAL       0.00%  0 sequences failed composition chi2 test (p-value<5%; df=3)
NOTE: 1 identical sequences (see below) will be ignored for subsequent analysis
NOTE: n299_302 (identical to n300_303) is ignored but added at the end

Create initial parsimony tree by phylogenetic likelihood library (PLL)... 0.001 seconds

NOTE: 0 MB RAM is required!
Estimate model parameters (epsilon = 0.100)
1. Initial log-likelihood: -2079.610
2. Current log-likelihood: -2049.241
3. Current log-likelihood: -2048.723
4. Current log-likelihood: -2048.434
Optimal log-likelihood: -2048.412
Rate parameters:  A-C: 0.637  A-G: 1.030  A-T: 0.827  C-G: 0.730  C-T: 0.975  G-T: 1.000
Base frequencies:   A: 0.254  C: 0.283  G: 0.231  T: 0.232
Gamma shape alpha: 4.589
Parameters optimization took 4 rounds (0.033 sec)
--------------------------------------------------------------------
|             INITIALIZING CANDIDATE TREE SET                      |
--------------------------------------------------------------------
Computing ML distances based on estimated model parameters... 0.004 sec
Computing BIONJ tree...
0.000 seconds
Log-likelihood of BIONJ tree: -2048.412
Generating 98 parsimony trees... 0.120 seconds 26 distinct starting trees
Computing log-likelihood of 26 initial trees ... 0.067 seconds
Optimizing top 20 initial trees with NNI...
Iteration 1 / LogL: -2048.412 / Time: 0h:0m:0s
Estimate model parameters (epsilon = 0.100)
BETTER SCORE FOUND at iteration 1: -2048.401
Iteration 2 / LogL: -2048.402 / Time: 0h:0m:0s
Iteration 3 / LogL: -2048.402 / Time: 0h:0m:0s
Iteration 4 / LogL: -2048.402 / Time: 0h:0m:0s
Iteration 5 / LogL: -2048.402 / Time: 0h:0m:0s
Iteration 6 / LogL: -2048.402 / Time: 0h:0m:0s
Iteration 7 / LogL: -2048.402 / Time: 0h:0m:0s
Iteration 8 / LogL: -2048.402 / Time: 0h:0m:0s
Iteration 9 / LogL: -2048.402 / Time: 0h:0m:0s
Iteration 10 / LogL: -2048.402 / Time: 0h:0m:0s
Iteration 11 / LogL: -2048.402 / Time: 0h:0m:0s
Iteration 12 / LogL: -2048.402 / Time: 0h:0m:0s
Iteration 13 / LogL: -2048.402 / Time: 0h:0m:0s
Iteration 14 / LogL: -2048.402 / Time: 0h:0m:0s
Iteration 15 / LogL: -2048.402 / Time: 0h:0m:0s
Iteration 16 / LogL: -2048.402 / Time: 0h:0m:0s
Iteration 17 / LogL: -2048.402 / Time: 0h:0m:0s
Iteration 18 / LogL: -2048.402 / Time: 0h:0m:0s
Iteration 19 / LogL: -2048.402 / Time: 0h:0m:0s
Iteration 20 / LogL: -2048.402 / Time: 0h:0m:0s
Average CPU time for 1 NNI search: 0.007
Finish initializing candidate tree set. Number of distinct locally optimal trees: 20
Current best tree score: -2048.401 / CPU time: 0.336
--------------------------------------------------------------------
|               OPTIMIZING CANDIDATE TREE SET                      |
--------------------------------------------------------------------
Iteration 30 / LogL: -2048.428 / Time: 0h:0m:0s (0h:0m:1s left)
Iteration 40 / LogL: -2048.401 / Time: 0h:0m:0s (0h:0m:1s left)
Iteration 50 / LogL: -2051.860 / Time: 0h:0m:0s (0h:0m:1s left)
Iteration 60 / LogL: -2060.491 / Time: 0h:0m:1s (0h:0m:0s left)
Iteration 70 / LogL: -2048.401 / Time: 0h:0m:1s (0h:0m:0s left)
Iteration 80 / LogL: -2110.648 / Time: 0h:0m:1s (0h:0m:0s left)
Iteration 90 / LogL: -2048.404 / Time: 0h:0m:1s (0h:0m:0s left)
Iteration 100 / LogL: -2048.401 / Time: 0h:0m:2s (0h:0m:0s left)
TREE SEARCH COMPLETED AFTER 101 ITERATIONS / Time: 0h:0m:2s

--------------------------------------------------------------------
|                    FINALIZING TREE SEARCH                        |
--------------------------------------------------------------------
Performs final model parameters optimization
Estimate model parameters (epsilon = 0.010)
1. Initial log-likelihood: -2048.400
Optimal log-likelihood: -2048.394
Rate parameters:  A-C: 0.643  A-G: 1.046  A-T: 0.838  C-G: 0.740  C-T: 0.987  G-T: 1.000
Base frequencies:   A: 0.254  C: 0.283  G: 0.231  T: 0.232
Gamma shape alpha: 4.593
Parameters optimization took 1 rounds (0.006 sec)
BEST SCORE FOUND : -2048.394

Testing tree branches by SH-like aLRT with 1000 replicates...
CPU Time used:  0.164 sec.
Total tree length: 1.181

Total number of iterations: 101
CPU time used for tree search: 1.996 sec (0h:0m:1s)
Wall-clock time used for tree search: 1.995 sec (0h:0m:1s)
Total CPU time used: 2.216 sec (0h:0m:2s)
Total wall-clock time used: 2.219 sec (0h:0m:2s)

Analysis results written to: 
  IQ-TREE report:                ../simulations/data_D8T8L15I8T8//S/284_pruned.fasta.iqtree
  Maximum-likelihood tree:       ../simulations/data_D8T8L15I8T8//S/284_pruned.fasta.treefile
  Likelihood distances:          ../simulations/data_D8T8L15I8T8//S/284_pruned.fasta.mldist
  Screen log file:               ../simulations/data_D8T8L15I8T8//S/284_pruned.fasta.log

Date and Time: Fri May 25 22:34:52 2018
