IQ-TREE version 1.4.2 for Linux 64-bit built Apr 15 2016
Copyright (c) 2011-2015 Nguyen Lam Tung, Olga Chernomor, Arndt von Haeseler and Bui Quang Minh.

Host:    meduse (AVX2, FMA3, 7 GB RAM)
Command: iqtree -s ../simulations/data_D10T10L20I10T10//S/287_pruned.fasta -m GTR+G -alrt 1000 -redo
Seed:    484452 (Using SPRNG - Scalable Parallel Random Number Generator)
Time:    Mon Jun  4 00:16:54 2018
Kernel:  AVX

NOTE: Consider using the multicore version because your CPU has 4 cores!

Reading alignment file ../simulations/data_D10T10L20I10T10//S/287_pruned.fasta ... Fasta format detected
Alignment most likely contains DNA/RNA sequences
Alignment has 19 sequences with 300 columns and 296 patterns (284 informative sites)
          Gap/Ambiguity  Composition  p-value
   1  n266_235    0.00%    passed     80.31%
   2  n296_253    0.00%    passed     83.49%
   3  n297_254    0.00%    passed     61.71%
   4  n289_248    0.00%    passed     90.46%
   5  n294_251    0.00%    passed     59.35%
   6  n244_219    0.00%    passed     43.74%
   7  n285_244    0.00%    passed     96.67%
   8  n200_187    0.00%    failed      3.26%
   9  n255_228    0.00%    passed     70.17%
  10  n287_246    0.00%    passed     98.17%
  11  n286_245    0.00%    passed     96.28%
  12  n298_255    0.00%    passed     61.71%
  13  n295_252    0.00%    passed     50.44%
  14  n251_226    0.00%    passed     33.81%
  15  n290_249    0.00%    passed     98.81%
  16  n275_240    0.00%    passed     87.75%
  17  n293_250    0.00%    passed     59.81%
  18  n236_211    0.00%    passed     64.55%
  19  n265_234    0.00%    passed     76.27%
****  TOTAL       0.00%  1 sequences failed composition chi2 test (p-value<5%; df=3)

Create initial parsimony tree by phylogenetic likelihood library (PLL)... 0.001 seconds

NOTE: 0 MB RAM is required!
Estimate model parameters (epsilon = 0.100)
1. Initial log-likelihood: -4256.953
2. Current log-likelihood: -4183.035
3. Current log-likelihood: -4173.102
4. Current log-likelihood: -4169.937
5. Current log-likelihood: -4168.985
6. Current log-likelihood: -4168.692
Optimal log-likelihood: -4168.599
Rate parameters:  A-C: 1.189  A-G: 1.401  A-T: 1.139  C-G: 0.836  C-T: 1.545  G-T: 1.000
Base frequencies:   A: 0.225  C: 0.278  G: 0.273  T: 0.224
Gamma shape alpha: 3.498
Parameters optimization took 6 rounds (0.052 sec)
--------------------------------------------------------------------
|             INITIALIZING CANDIDATE TREE SET                      |
--------------------------------------------------------------------
Computing ML distances based on estimated model parameters... 0.004 sec
Computing BIONJ tree...
0.000 seconds
Log-likelihood of BIONJ tree: -4169.368
Generating 98 parsimony trees... 0.081 seconds 2 distinct starting trees
Computing log-likelihood of 2 initial trees ... 0.000 seconds
Optimizing top 2 initial trees with NNI...
Iteration 1 / LogL: -4168.599 / Time: 0h:0m:0s
Estimate model parameters (epsilon = 0.100)
BETTER SCORE FOUND at iteration 1: -4168.575
Iteration 2 / LogL: -4168.691 / Time: 0h:0m:0s
Average CPU time for 1 NNI search: 0.008
Finish initializing candidate tree set. Number of distinct locally optimal trees: 1
Current best tree score: -4168.575 / CPU time: 0.096
--------------------------------------------------------------------
|               OPTIMIZING CANDIDATE TREE SET                      |
--------------------------------------------------------------------
Iteration 10 / LogL: -4175.609 / Time: 0h:0m:0s
Iteration 20 / LogL: -4168.718 / Time: 0h:0m:0s (0h:0m:2s left)
Iteration 30 / LogL: -4183.550 / Time: 0h:0m:0s (0h:0m:1s left)
Iteration 40 / LogL: -4183.541 / Time: 0h:0m:1s (0h:0m:1s left)
Iteration 50 / LogL: -4168.619 / Time: 0h:0m:1s (0h:0m:1s left)
Iteration 60 / LogL: -4170.233 / Time: 0h:0m:1s (0h:0m:1s left)
Iteration 70 / LogL: -4590.678 / Time: 0h:0m:1s (0h:0m:0s left)
Iteration 80 / LogL: -4169.597 / Time: 0h:0m:1s (0h:0m:0s left)
Iteration 90 / LogL: -4170.663 / Time: 0h:0m:2s (0h:0m:0s left)
Iteration 100 / LogL: -4176.487 / Time: 0h:0m:2s (0h:0m:0s left)
TREE SEARCH COMPLETED AFTER 101 ITERATIONS / Time: 0h:0m:2s

--------------------------------------------------------------------
|                    FINALIZING TREE SEARCH                        |
--------------------------------------------------------------------
Performs final model parameters optimization
Estimate model parameters (epsilon = 0.010)
1. Initial log-likelihood: -4168.573
Optimal log-likelihood: -4168.564
Rate parameters:  A-C: 1.200  A-G: 1.413  A-T: 1.153  C-G: 0.843  C-T: 1.564  G-T: 1.000
Base frequencies:   A: 0.225  C: 0.278  G: 0.273  T: 0.224
Gamma shape alpha: 3.592
Parameters optimization took 1 rounds (0.005 sec)
BEST SCORE FOUND : -4168.564

Testing tree branches by SH-like aLRT with 1000 replicates...
CPU Time used:  0.084 sec.
Total tree length: 7.001

Total number of iterations: 101
CPU time used for tree search: 2.252 sec (0h:0m:2s)
Wall-clock time used for tree search: 2.256 sec (0h:0m:2s)
Total CPU time used: 2.412 sec (0h:0m:2s)
Total wall-clock time used: 2.417 sec (0h:0m:2s)

Analysis results written to: 
  IQ-TREE report:                ../simulations/data_D10T10L20I10T10//S/287_pruned.fasta.iqtree
  Maximum-likelihood tree:       ../simulations/data_D10T10L20I10T10//S/287_pruned.fasta.treefile
  Likelihood distances:          ../simulations/data_D10T10L20I10T10//S/287_pruned.fasta.mldist
  Screen log file:               ../simulations/data_D10T10L20I10T10//S/287_pruned.fasta.log

Date and Time: Mon Jun  4 00:16:56 2018
