IQ-TREE version 1.4.2 for Linux 64-bit built Apr 15 2016
Copyright (c) 2011-2015 Nguyen Lam Tung, Olga Chernomor, Arndt von Haeseler and Bui Quang Minh.

Host:    meduse (AVX2, FMA3, 7 GB RAM)
Command: iqtree -s ../simulations/data_D10T10L20I10T10//S/289_pruned.fasta -m GTR+G -alrt 1000 -redo
Seed:    620413 (Using SPRNG - Scalable Parallel Random Number Generator)
Time:    Fri Jun  1 10:29:19 2018
Kernel:  AVX

NOTE: Consider using the multicore version because your CPU has 4 cores!

Reading alignment file ../simulations/data_D10T10L20I10T10//S/289_pruned.fasta ... Fasta format detected
Alignment most likely contains DNA/RNA sequences
Alignment has 26 sequences with 300 columns and 176 patterns (156 informative sites)
          Gap/Ambiguity  Composition  p-value
   1  n292_293    0.00%    passed     96.29%
   2  n287_288    0.00%    passed     70.04%
   3  n290_291    0.00%    passed     70.04%
   4  n294_295    0.00%    passed     91.39%
   5  n251_252    0.00%    passed     92.46%
   6  n286_287    0.00%    passed     52.98%
   7  n300_301    0.00%    passed     90.30%
   8  n275_276    0.00%    passed     87.93%
   9  n274_275    0.00%    passed     87.02%
  10  n289_290    0.00%    passed     64.85%
  11  n255_256    0.00%    passed     75.45%
  12  n236_237    0.00%    passed     77.78%
  13  n299_300    0.00%    passed     86.21%
  14  n278_279    0.00%    passed     94.81%
  15  n297_298    0.00%    passed     93.58%
  16  n298_299    0.00%    passed     93.58%
  17  n244_245    0.00%    passed     85.96%
  18  n293_294    0.00%    passed     93.16%
  19  n296_297    0.00%    passed     78.46%
  20  n295_296    0.00%    passed     58.17%
  21  n266_267    0.00%    passed     44.08%
  22  n200_201    0.00%    passed     83.45%
  23  n285_286    0.00%    passed     55.25%
  24  n277_278    0.00%    passed     84.76%
  25  n280_281    0.00%    passed     87.54%
  26  n265_266    0.00%    passed     38.00%
****  TOTAL       0.00%  0 sequences failed composition chi2 test (p-value<5%; df=3)
NOTE: 2 identical sequences (see below) will be ignored for subsequent analysis
NOTE: n290_291 (identical to n287_288) is ignored but added at the end
NOTE: n298_299 (identical to n297_298) is ignored but added at the end

Create initial parsimony tree by phylogenetic likelihood library (PLL)... 0.001 seconds

NOTE: 0 MB RAM is required!
Estimate model parameters (epsilon = 0.100)
1. Initial log-likelihood: -2084.485
2. Current log-likelihood: -2032.354
3. Current log-likelihood: -2032.020
Optimal log-likelihood: -2031.978
Rate parameters:  A-C: 1.672  A-G: 1.335  A-T: 1.501  C-G: 0.747  C-T: 1.557  G-T: 1.000
Base frequencies:   A: 0.216  C: 0.248  G: 0.257  T: 0.280
Gamma shape alpha: 8.850
Parameters optimization took 3 rounds (0.023 sec)
--------------------------------------------------------------------
|             INITIALIZING CANDIDATE TREE SET                      |
--------------------------------------------------------------------
Computing ML distances based on estimated model parameters... 0.004 sec
Computing BIONJ tree...
0.000 seconds
Log-likelihood of BIONJ tree: -2031.926
Generating 98 parsimony trees... 0.099 seconds 51 distinct starting trees
Computing log-likelihood of 51 initial trees ... 0.083 seconds
Optimizing top 20 initial trees with NNI...
Iteration 1 / LogL: -2031.904 / Time: 0h:0m:0s
Estimate model parameters (epsilon = 0.100)
BETTER SCORE FOUND at iteration 1: -2031.878
Iteration 2 / LogL: -2031.881 / Time: 0h:0m:0s
Iteration 3 / LogL: -2031.881 / Time: 0h:0m:0s
Iteration 4 / LogL: -2031.881 / Time: 0h:0m:0s
Iteration 5 / LogL: -2031.881 / Time: 0h:0m:0s
Iteration 6 / LogL: -2031.881 / Time: 0h:0m:0s
Iteration 7 / LogL: -2031.881 / Time: 0h:0m:0s
Iteration 8 / LogL: -2031.881 / Time: 0h:0m:0s
Iteration 9 / LogL: -2031.881 / Time: 0h:0m:0s
Iteration 10 / LogL: -2031.878 / Time: 0h:0m:0s
Iteration 11 / LogL: -2031.879 / Time: 0h:0m:0s
Iteration 12 / LogL: -2031.879 / Time: 0h:0m:0s
Iteration 13 / LogL: -2031.879 / Time: 0h:0m:0s
Iteration 14 / LogL: -2031.879 / Time: 0h:0m:0s
Iteration 15 / LogL: -2031.879 / Time: 0h:0m:0s
Iteration 16 / LogL: -2031.880 / Time: 0h:0m:0s
Iteration 17 / LogL: -2031.879 / Time: 0h:0m:0s
Iteration 18 / LogL: -2031.880 / Time: 0h:0m:0s
Iteration 19 / LogL: -2031.879 / Time: 0h:0m:0s
Iteration 20 / LogL: -2031.879 / Time: 0h:0m:0s
Average CPU time for 1 NNI search: 0.004
Finish initializing candidate tree set. Number of distinct locally optimal trees: 16
Current best tree score: -2031.878 / CPU time: 0.272
--------------------------------------------------------------------
|               OPTIMIZING CANDIDATE TREE SET                      |
--------------------------------------------------------------------
Iteration 30 / LogL: -2039.243 / Time: 0h:0m:0s (0h:0m:1s left)
Iteration 40 / LogL: -2031.878 / Time: 0h:0m:0s (0h:0m:0s left)
Iteration 50 / LogL: -2356.577 / Time: 0h:0m:0s (0h:0m:0s left)
Iteration 60 / LogL: -2031.898 / Time: 0h:0m:0s (0h:0m:0s left)
Iteration 70 / LogL: -2031.878 / Time: 0h:0m:0s (0h:0m:0s left)
Iteration 80 / LogL: -2031.889 / Time: 0h:0m:1s (0h:0m:0s left)
Iteration 90 / LogL: -2031.878 / Time: 0h:0m:1s (0h:0m:0s left)
Iteration 100 / LogL: -2031.878 / Time: 0h:0m:1s (0h:0m:0s left)
TREE SEARCH COMPLETED AFTER 101 ITERATIONS / Time: 0h:0m:1s

--------------------------------------------------------------------
|                    FINALIZING TREE SEARCH                        |
--------------------------------------------------------------------
Performs final model parameters optimization
Estimate model parameters (epsilon = 0.010)
1. Initial log-likelihood: -2031.877
2. Current log-likelihood: -2031.855
Optimal log-likelihood: -2031.853
Rate parameters:  A-C: 1.594  A-G: 1.289  A-T: 1.444  C-G: 0.749  C-T: 1.499  G-T: 1.000
Base frequencies:   A: 0.216  C: 0.248  G: 0.257  T: 0.280
Gamma shape alpha: 9.092
Parameters optimization took 2 rounds (0.008 sec)
BEST SCORE FOUND : -2031.853

Testing tree branches by SH-like aLRT with 1000 replicates...
CPU Time used:  0.096 sec.
Total tree length: 1.216

Total number of iterations: 101
CPU time used for tree search: 1.288 sec (0h:0m:1s)
Wall-clock time used for tree search: 1.288 sec (0h:0m:1s)
Total CPU time used: 1.428 sec (0h:0m:1s)
Total wall-clock time used: 1.427 sec (0h:0m:1s)

Analysis results written to: 
  IQ-TREE report:                ../simulations/data_D10T10L20I10T10//S/289_pruned.fasta.iqtree
  Maximum-likelihood tree:       ../simulations/data_D10T10L20I10T10//S/289_pruned.fasta.treefile
  Likelihood distances:          ../simulations/data_D10T10L20I10T10//S/289_pruned.fasta.mldist
  Screen log file:               ../simulations/data_D10T10L20I10T10//S/289_pruned.fasta.log

Date and Time: Fri Jun  1 10:29:21 2018
