IQ-TREE version 1.4.2 for Linux 64-bit built Apr 15 2016
Copyright (c) 2011-2015 Nguyen Lam Tung, Olga Chernomor, Arndt von Haeseler and Bui Quang Minh.

Host:    meduse (AVX2, FMA3, 7 GB RAM)
Command: iqtree -s ../simulations/data_D10T10L20I10T10//S/28_pruned.fasta -m GTR+G -alrt 1000 -redo
Seed:    772017 (Using SPRNG - Scalable Parallel Random Number Generator)
Time:    Fri Jun  1 10:27:36 2018
Kernel:  AVX

NOTE: Consider using the multicore version because your CPU has 4 cores!

Reading alignment file ../simulations/data_D10T10L20I10T10//S/28_pruned.fasta ... Fasta format detected
Alignment most likely contains DNA/RNA sequences
Alignment has 26 sequences with 300 columns and 181 patterns (156 informative sites)
          Gap/Ambiguity  Composition  p-value
   1  n292_293    0.00%    passed     99.38%
   2  n287_288    0.00%    passed     98.68%
   3  n290_291    0.00%    passed     98.18%
   4  n294_295    0.00%    passed     99.73%
   5  n251_252    0.00%    passed     58.10%
   6  n286_287    0.00%    passed     80.58%
   7  n300_301    0.00%    passed     99.38%
   8  n275_276    0.00%    passed     98.31%
   9  n274_275    0.00%    passed     99.88%
  10  n289_290    0.00%    passed     98.88%
  11  n255_256    0.00%    passed     46.91%
  12  n236_237    0.00%    passed     61.48%
  13  n299_300    0.00%    passed     99.38%
  14  n278_279    0.00%    passed     97.66%
  15  n297_298    0.00%    passed     99.98%
  16  n298_299    0.00%    passed     99.88%
  17  n244_245    0.00%    passed     49.93%
  18  n293_294    0.00%    passed     99.95%
  19  n296_297    0.00%    passed     97.85%
  20  n295_296    0.00%    passed     95.76%
  21  n266_267    0.00%    passed     97.02%
  22  n200_201    0.00%    passed     93.89%
  23  n285_286    0.00%    passed     83.85%
  24  n277_278    0.00%    passed     98.94%
  25  n280_281    0.00%    passed     98.45%
  26  n265_266    0.00%    passed     96.54%
****  TOTAL       0.00%  0 sequences failed composition chi2 test (p-value<5%; df=3)
NOTE: 2 identical sequences (see below) will be ignored for subsequent analysis
NOTE: n300_301 (identical to n292_293) is ignored but added at the end
NOTE: n299_300 (identical to n292_293) is ignored but added at the end

Create initial parsimony tree by phylogenetic likelihood library (PLL)... 0.001 seconds

NOTE: 0 MB RAM is required!
Estimate model parameters (epsilon = 0.100)
1. Initial log-likelihood: -2039.336
2. Current log-likelihood: -1979.763
3. Current log-likelihood: -1979.389
Optimal log-likelihood: -1979.371
Rate parameters:  A-C: 0.813  A-G: 0.883  A-T: 0.774  C-G: 0.739  C-T: 0.904  G-T: 1.000
Base frequencies:   A: 0.232  C: 0.310  G: 0.236  T: 0.223
Gamma shape alpha: 998.404
Parameters optimization took 3 rounds (0.021 sec)
--------------------------------------------------------------------
|             INITIALIZING CANDIDATE TREE SET                      |
--------------------------------------------------------------------
Computing ML distances based on estimated model parameters... 0.004 sec
Computing BIONJ tree...
0.000 seconds
Log-likelihood of BIONJ tree: -1979.371
Generating 98 parsimony trees... 0.075 seconds 79 distinct starting trees
Computing log-likelihood of 79 initial trees ... 0.128 seconds
Optimizing top 20 initial trees with NNI...
Iteration 1 / LogL: -1979.371 / Time: 0h:0m:0s
Estimate model parameters (epsilon = 0.100)
BETTER SCORE FOUND at iteration 1: -1979.363
Iteration 2 / LogL: -1979.365 / Time: 0h:0m:0s
Iteration 3 / LogL: -1979.365 / Time: 0h:0m:0s
Iteration 4 / LogL: -1979.365 / Time: 0h:0m:0s
Iteration 5 / LogL: -1979.365 / Time: 0h:0m:0s
Iteration 6 / LogL: -1979.365 / Time: 0h:0m:0s
Iteration 7 / LogL: -1979.365 / Time: 0h:0m:0s
Iteration 8 / LogL: -1979.365 / Time: 0h:0m:0s
Iteration 9 / LogL: -1979.365 / Time: 0h:0m:0s
Iteration 10 / LogL: -1979.365 / Time: 0h:0m:0s
Iteration 11 / LogL: -1979.365 / Time: 0h:0m:0s
Iteration 12 / LogL: -1979.365 / Time: 0h:0m:0s
Iteration 13 / LogL: -1979.365 / Time: 0h:0m:0s
Iteration 14 / LogL: -1979.365 / Time: 0h:0m:0s
Iteration 15 / LogL: -1979.365 / Time: 0h:0m:0s
Iteration 16 / LogL: -1979.365 / Time: 0h:0m:0s
Iteration 17 / LogL: -1979.365 / Time: 0h:0m:0s
Iteration 18 / LogL: -1979.365 / Time: 0h:0m:0s
Iteration 19 / LogL: -1979.365 / Time: 0h:0m:0s
Iteration 20 / LogL: -1979.365 / Time: 0h:0m:0s
Average CPU time for 1 NNI search: 0.004
Finish initializing candidate tree set. Number of distinct locally optimal trees: 20
Current best tree score: -1979.363 / CPU time: 0.284
--------------------------------------------------------------------
|               OPTIMIZING CANDIDATE TREE SET                      |
--------------------------------------------------------------------
Iteration 30 / LogL: -1979.363 / Time: 0h:0m:0s (0h:0m:1s left)
Iteration 40 / LogL: -1995.464 / Time: 0h:0m:0s (0h:0m:0s left)
Iteration 50 / LogL: -1979.419 / Time: 0h:0m:0s (0h:0m:0s left)
Iteration 60 / LogL: -1984.260 / Time: 0h:0m:0s (0h:0m:0s left)
Iteration 70 / LogL: -1979.363 / Time: 0h:0m:0s (0h:0m:0s left)
Iteration 80 / LogL: -1996.873 / Time: 0h:0m:1s (0h:0m:0s left)
Iteration 90 / LogL: -1979.412 / Time: 0h:0m:1s (0h:0m:0s left)
Iteration 100 / LogL: -1979.401 / Time: 0h:0m:1s (0h:0m:0s left)
TREE SEARCH COMPLETED AFTER 101 ITERATIONS / Time: 0h:0m:1s

--------------------------------------------------------------------
|                    FINALIZING TREE SEARCH                        |
--------------------------------------------------------------------
Performs final model parameters optimization
Estimate model parameters (epsilon = 0.010)
1. Initial log-likelihood: -1979.363
Optimal log-likelihood: -1979.359
Rate parameters:  A-C: 0.826  A-G: 0.895  A-T: 0.784  C-G: 0.749  C-T: 0.914  G-T: 1.000
Base frequencies:   A: 0.232  C: 0.310  G: 0.236  T: 0.223
Gamma shape alpha: 998.404
Parameters optimization took 1 rounds (0.005 sec)
BEST SCORE FOUND : -1979.359

Testing tree branches by SH-like aLRT with 1000 replicates...
CPU Time used:  0.092 sec.
Total tree length: 1.149

Total number of iterations: 101
CPU time used for tree search: 1.224 sec (0h:0m:1s)
Wall-clock time used for tree search: 1.221 sec (0h:0m:1s)
Total CPU time used: 1.352 sec (0h:0m:1s)
Total wall-clock time used: 1.354 sec (0h:0m:1s)

Analysis results written to: 
  IQ-TREE report:                ../simulations/data_D10T10L20I10T10//S/28_pruned.fasta.iqtree
  Maximum-likelihood tree:       ../simulations/data_D10T10L20I10T10//S/28_pruned.fasta.treefile
  Likelihood distances:          ../simulations/data_D10T10L20I10T10//S/28_pruned.fasta.mldist
  Screen log file:               ../simulations/data_D10T10L20I10T10//S/28_pruned.fasta.log

Date and Time: Fri Jun  1 10:27:38 2018
