IQ-TREE version 1.4.2 for Linux 64-bit built Apr 15 2016
Copyright (c) 2011-2015 Nguyen Lam Tung, Olga Chernomor, Arndt von Haeseler and Bui Quang Minh.

Host:    meduse (AVX2, FMA3, 7 GB RAM)
Command: iqtree -s ../simulations/data_D10T10L20I10T10//S/297_pruned.fasta -m GTR+G -alrt 1000 -redo
Seed:    152169 (Using SPRNG - Scalable Parallel Random Number Generator)
Time:    Mon Jun  4 00:39:34 2018
Kernel:  AVX

NOTE: Consider using the multicore version because your CPU has 4 cores!

Reading alignment file ../simulations/data_D10T10L20I10T10//S/297_pruned.fasta ... Fasta format detected
Alignment most likely contains DNA/RNA sequences
Alignment has 26 sequences with 300 columns and 299 patterns (295 informative sites)
          Gap/Ambiguity  Composition  p-value
   1  n295_298    0.00%    passed     96.68%
   2  n266_269    0.00%    passed     82.40%
   3  n255_258    0.00%    failed      3.12%
   4  n277_280    0.00%    passed     43.77%
   5  n299_302    0.00%    passed     77.63%
   6  n287_290    0.00%    passed     97.19%
   7  n274_277    0.00%    passed     93.09%
   8  n275_278    0.00%    passed     97.45%
   9  n278_281    0.00%    passed     70.10%
  10  n286_289    0.00%    passed     37.49%
  11  n297_300    0.00%    passed     76.18%
  12  n289_292    0.00%    passed     98.80%
  13  n285_288    0.00%    passed     34.57%
  14  n236_239    0.00%    passed     85.36%
  15  n251_254    0.00%    passed     97.76%
  16  n296_299    0.00%    passed     83.67%
  17  n294_297    0.00%    passed     83.67%
  18  n293_296    0.00%    passed     87.26%
  19  n290_293    0.00%    passed     97.64%
  20  n280_283    0.00%    passed     92.88%
  21  n200_203    0.00%    passed     56.51%
  22  n298_301    0.00%    passed     79.37%
  23  n292_295    0.00%    passed     98.27%
  24  n300_303    0.00%    passed     84.42%
  25  n244_247    0.00%    passed     62.32%
  26  n265_268    0.00%    passed     66.62%
****  TOTAL       0.00%  1 sequences failed composition chi2 test (p-value<5%; df=3)

Create initial parsimony tree by phylogenetic likelihood library (PLL)... 0.001 seconds

NOTE: 1 MB RAM is required!
Estimate model parameters (epsilon = 0.100)
1. Initial log-likelihood: -5291.265
2. Current log-likelihood: -5195.380
3. Current log-likelihood: -5177.813
4. Current log-likelihood: -5175.242
5. Current log-likelihood: -5174.750
Optimal log-likelihood: -5174.628
Rate parameters:  A-C: 1.147  A-G: 1.145  A-T: 1.159  C-G: 1.042  C-T: 1.520  G-T: 1.000
Base frequencies:   A: 0.211  C: 0.263  G: 0.292  T: 0.233
Gamma shape alpha: 5.998
Parameters optimization took 5 rounds (0.074 sec)
--------------------------------------------------------------------
|             INITIALIZING CANDIDATE TREE SET                      |
--------------------------------------------------------------------
Computing ML distances based on estimated model parameters... 0.004 sec
WARNING: Some pairwise ML distances are too long (saturated)
Computing BIONJ tree...
0.000 seconds
Log-likelihood of BIONJ tree: -5182.283
Generating 98 parsimony trees... 0.133 seconds 2 distinct starting trees
Computing log-likelihood of 2 initial trees ... 0.000 seconds
Optimizing top 2 initial trees with NNI...
Iteration 1 / LogL: -5173.912 / Time: 0h:0m:0s
Estimate model parameters (epsilon = 0.100)
BETTER TREE FOUND at iteration 1: -5173.259
Iteration 2 / LogL: -5175.230 / Time: 0h:0m:0s
Average CPU time for 1 NNI search: 0.024
Finish initializing candidate tree set. Number of distinct locally optimal trees: 2
Current best tree score: -5173.259 / CPU time: 0.180
--------------------------------------------------------------------
|               OPTIMIZING CANDIDATE TREE SET                      |
--------------------------------------------------------------------
Iteration 10 / LogL: -5178.400 / Time: 0h:0m:0s
Estimate model parameters (epsilon = 0.010)
BETTER TREE FOUND at iteration 18: -5173.220
Iteration 20 / LogL: -5171.577 / Time: 0h:0m:0s (0h:0m:4s left)
Estimate model parameters (epsilon = 0.010)
BETTER TREE FOUND at iteration 20: -5171.124
Iteration 30 / LogL: -5172.019 / Time: 0h:0m:1s (0h:0m:3s left)
Iteration 40 / LogL: -5171.141 / Time: 0h:0m:1s (0h:0m:3s left)
Iteration 50 / LogL: -5171.495 / Time: 0h:0m:1s (0h:0m:2s left)
Estimate model parameters (epsilon = 0.010)
BETTER TREE FOUND at iteration 57: -5170.577
Iteration 60 / LogL: -5172.035 / Time: 0h:0m:2s (0h:0m:3s left)
Iteration 70 / LogL: -5171.104 / Time: 0h:0m:2s (0h:0m:3s left)
Iteration 80 / LogL: -5170.836 / Time: 0h:0m:2s (0h:0m:2s left)
Iteration 90 / LogL: -5171.051 / Time: 0h:0m:3s (0h:0m:2s left)
Iteration 100 / LogL: -5181.019 / Time: 0h:0m:3s (0h:0m:2s left)
Iteration 110 / LogL: -5217.264 / Time: 0h:0m:4s (0h:0m:1s left)
Iteration 120 / LogL: -5173.777 / Time: 0h:0m:4s (0h:0m:1s left)
Iteration 130 / LogL: -5171.117 / Time: 0h:0m:4s (0h:0m:1s left)
Iteration 140 / LogL: -5172.918 / Time: 0h:0m:5s (0h:0m:0s left)
Iteration 150 / LogL: -5173.543 / Time: 0h:0m:5s (0h:0m:0s left)
TREE SEARCH COMPLETED AFTER 157 ITERATIONS / Time: 0h:0m:5s

--------------------------------------------------------------------
|                    FINALIZING TREE SEARCH                        |
--------------------------------------------------------------------
Performs final model parameters optimization
Estimate model parameters (epsilon = 0.010)
1. Initial log-likelihood: -5170.577
Optimal log-likelihood: -5170.572
Rate parameters:  A-C: 1.141  A-G: 1.167  A-T: 1.170  C-G: 1.060  C-T: 1.557  G-T: 1.000
Base frequencies:   A: 0.211  C: 0.263  G: 0.292  T: 0.233
Gamma shape alpha: 6.242
Parameters optimization took 1 rounds (0.006 sec)
BEST SCORE FOUND : -5170.572

Testing tree branches by SH-like aLRT with 1000 replicates...
CPU Time used:  0.120 sec.
Total tree length: 9.095

Total number of iterations: 157
CPU time used for tree search: 5.636 sec (0h:0m:5s)
Wall-clock time used for tree search: 5.640 sec (0h:0m:5s)
Total CPU time used: 5.896 sec (0h:0m:5s)
Total wall-clock time used: 5.900 sec (0h:0m:5s)

Analysis results written to: 
  IQ-TREE report:                ../simulations/data_D10T10L20I10T10//S/297_pruned.fasta.iqtree
  Maximum-likelihood tree:       ../simulations/data_D10T10L20I10T10//S/297_pruned.fasta.treefile
  Likelihood distances:          ../simulations/data_D10T10L20I10T10//S/297_pruned.fasta.mldist
  Screen log file:               ../simulations/data_D10T10L20I10T10//S/297_pruned.fasta.log

Date and Time: Mon Jun  4 00:39:40 2018
