IQ-TREE version 1.4.2 for Linux 64-bit built Apr 15 2016
Copyright (c) 2011-2015 Nguyen Lam Tung, Olga Chernomor, Arndt von Haeseler and Bui Quang Minh.

Host:    meduse (AVX2, FMA3, 7 GB RAM)
Command: iqtree -s ../simulations/data_D10T10L20I10T10//S/29_pruned.fasta -m GTR+G -alrt 1000 -redo
Seed:    681188 (Using SPRNG - Scalable Parallel Random Number Generator)
Time:    Fri Jun  1 10:48:02 2018
Kernel:  AVX

NOTE: Consider using the multicore version because your CPU has 4 cores!

Reading alignment file ../simulations/data_D10T10L20I10T10//S/29_pruned.fasta ... Fasta format detected
Alignment most likely contains DNA/RNA sequences
Alignment has 26 sequences with 300 columns and 180 patterns (157 informative sites)
          Gap/Ambiguity  Composition  p-value
   1  n292_293    0.00%    passed     99.81%
   2  n287_288    0.00%    passed     94.46%
   3  n290_291    0.00%    passed     85.59%
   4  n294_295    0.00%    passed     96.07%
   5  n251_252    0.00%    passed     58.32%
   6  n286_287    0.00%    passed     99.08%
   7  n300_301    0.00%    passed     99.81%
   8  n275_276    0.00%    passed     94.53%
   9  n274_275    0.00%    passed     98.99%
  10  n289_290    0.00%    passed     87.04%
  11  n255_256    0.00%    passed     58.32%
  12  n236_237    0.00%    passed     95.51%
  13  n299_300    0.00%    passed     99.81%
  14  n278_279    0.00%    passed     91.99%
  15  n297_298    0.00%    passed     94.53%
  16  n298_299    0.00%    passed     94.53%
  17  n244_245    0.00%    passed     92.63%
  18  n293_294    0.00%    passed     96.07%
  19  n296_297    0.00%    passed     92.83%
  20  n295_296    0.00%    passed     90.04%
  21  n266_267    0.00%    passed     85.44%
  22  n200_201    0.00%    passed     97.10%
  23  n285_286    0.00%    passed     97.82%
  24  n277_278    0.00%    passed     88.65%
  25  n280_281    0.00%    passed     99.90%
  26  n265_266    0.00%    passed     88.34%
****  TOTAL       0.00%  0 sequences failed composition chi2 test (p-value<5%; df=3)
NOTE: 3 identical sequences (see below) will be ignored for subsequent analysis
NOTE: n300_301 (identical to n292_293) is ignored but added at the end
NOTE: n299_300 (identical to n292_293) is ignored but added at the end
NOTE: n293_294 (identical to n294_295) is ignored but added at the end

Create initial parsimony tree by phylogenetic likelihood library (PLL)... 0.001 seconds

NOTE: 0 MB RAM is required!
Estimate model parameters (epsilon = 0.100)
1. Initial log-likelihood: -2024.971
2. Current log-likelihood: -1977.703
3. Current log-likelihood: -1977.074
Optimal log-likelihood: -1977.011
Rate parameters:  A-C: 1.826  A-G: 1.152  A-T: 1.436  C-G: 1.087  C-T: 1.174  G-T: 1.000
Base frequencies:   A: 0.200  C: 0.257  G: 0.284  T: 0.258
Gamma shape alpha: 998.313
Parameters optimization took 3 rounds (0.029 sec)
--------------------------------------------------------------------
|             INITIALIZING CANDIDATE TREE SET                      |
--------------------------------------------------------------------
Computing ML distances based on estimated model parameters... 0.004 sec
Computing BIONJ tree...
0.000 seconds
Log-likelihood of BIONJ tree: -1977.011
Generating 98 parsimony trees... 0.116 seconds 9 distinct starting trees
Computing log-likelihood of 9 initial trees ... 0.018 seconds
Optimizing top 9 initial trees with NNI...
Iteration 1 / LogL: -1977.011 / Time: 0h:0m:0s
Estimate model parameters (epsilon = 0.100)
BETTER SCORE FOUND at iteration 1: -1977.006
Iteration 2 / LogL: -1977.007 / Time: 0h:0m:0s
Iteration 3 / LogL: -1977.007 / Time: 0h:0m:0s
Iteration 4 / LogL: -1977.007 / Time: 0h:0m:0s
Iteration 5 / LogL: -1977.007 / Time: 0h:0m:0s
Iteration 6 / LogL: -1977.007 / Time: 0h:0m:0s
Iteration 7 / LogL: -1977.007 / Time: 0h:0m:0s
Iteration 8 / LogL: -1977.007 / Time: 0h:0m:0s
Iteration 9 / LogL: -1977.007 / Time: 0h:0m:0s
Average CPU time for 1 NNI search: 0.006
Finish initializing candidate tree set. Number of distinct locally optimal trees: 9
Current best tree score: -1977.006 / CPU time: 0.184
--------------------------------------------------------------------
|               OPTIMIZING CANDIDATE TREE SET                      |
--------------------------------------------------------------------
Iteration 10 / LogL: -1977.012 / Time: 0h:0m:0s
Iteration 20 / LogL: -1977.104 / Time: 0h:0m:0s (0h:0m:1s left)
Iteration 30 / LogL: -1977.007 / Time: 0h:0m:0s (0h:0m:1s left)
Iteration 40 / LogL: -1977.006 / Time: 0h:0m:0s (0h:0m:0s left)
Iteration 50 / LogL: -1977.013 / Time: 0h:0m:0s (0h:0m:0s left)
Iteration 60 / LogL: -1977.094 / Time: 0h:0m:0s (0h:0m:0s left)
Iteration 70 / LogL: -1977.007 / Time: 0h:0m:0s (0h:0m:0s left)
Iteration 80 / LogL: -1977.222 / Time: 0h:0m:1s (0h:0m:0s left)
Iteration 90 / LogL: -1977.011 / Time: 0h:0m:1s (0h:0m:0s left)
Iteration 100 / LogL: -1977.007 / Time: 0h:0m:1s (0h:0m:0s left)
TREE SEARCH COMPLETED AFTER 101 ITERATIONS / Time: 0h:0m:1s

--------------------------------------------------------------------
|                    FINALIZING TREE SEARCH                        |
--------------------------------------------------------------------
Performs final model parameters optimization
Estimate model parameters (epsilon = 0.010)
1. Initial log-likelihood: -1977.006
Optimal log-likelihood: -1977.005
Rate parameters:  A-C: 1.844  A-G: 1.153  A-T: 1.429  C-G: 1.084  C-T: 1.179  G-T: 1.000
Base frequencies:   A: 0.200  C: 0.257  G: 0.284  T: 0.258
Gamma shape alpha: 998.313
Parameters optimization took 1 rounds (0.005 sec)
BEST SCORE FOUND : -1977.005

Testing tree branches by SH-like aLRT with 1000 replicates...
CPU Time used:  0.104 sec.
Total tree length: 1.150

Total number of iterations: 101
CPU time used for tree search: 1.352 sec (0h:0m:1s)
Wall-clock time used for tree search: 1.350 sec (0h:0m:1s)
Total CPU time used: 1.504 sec (0h:0m:1s)
Total wall-clock time used: 1.504 sec (0h:0m:1s)

Analysis results written to: 
  IQ-TREE report:                ../simulations/data_D10T10L20I10T10//S/29_pruned.fasta.iqtree
  Maximum-likelihood tree:       ../simulations/data_D10T10L20I10T10//S/29_pruned.fasta.treefile
  Likelihood distances:          ../simulations/data_D10T10L20I10T10//S/29_pruned.fasta.mldist
  Screen log file:               ../simulations/data_D10T10L20I10T10//S/29_pruned.fasta.log

Date and Time: Fri Jun  1 10:48:04 2018
