IQ-TREE version 1.4.2 for Linux 64-bit built Apr 15 2016
Copyright (c) 2011-2015 Nguyen Lam Tung, Olga Chernomor, Arndt von Haeseler and Bui Quang Minh.

Host:    meduse (AVX2, FMA3, 7 GB RAM)
Command: iqtree -s ../simulations/data_D10T10L20I10T10//S/303_pruned.fasta -m GTR+G -alrt 1000 -redo
Seed:    403822 (Using SPRNG - Scalable Parallel Random Number Generator)
Time:    Fri Jun  1 10:29:25 2018
Kernel:  AVX

NOTE: Consider using the multicore version because your CPU has 4 cores!

Reading alignment file ../simulations/data_D10T10L20I10T10//S/303_pruned.fasta ... Fasta format detected
Alignment most likely contains DNA/RNA sequences
Alignment has 28 sequences with 300 columns and 189 patterns (171 informative sites)
          Gap/Ambiguity  Composition  p-value
   1  n286_297    0.00%    passed     83.30%
   2  n300_311    0.00%    passed     99.88%
   3  n266_275    0.00%    passed     93.87%
   4  n280_289    0.00%    passed     99.61%
   5  n290_301    0.00%    passed     98.01%
   6  n294_305    0.00%    passed     99.82%
   7  n236_241    0.00%    passed     95.40%
   8  n298_309    0.00%    passed     98.12%
   9  n274_283    0.00%    passed     99.31%
  10  n296_307    0.00%    passed     98.20%
  11  n285_296    0.00%    passed     81.35%
  12  n292_303    0.00%    passed     99.98%
  13  n295_306    0.00%    passed     98.20%
  14  n278_287    0.00%    passed     99.37%
  15  n285_294    0.00%    passed     80.85%
  16  n299_310    0.00%    passed     99.88%
  17  n293_304    0.00%    passed     99.82%
  18  n277_286    0.00%    passed     98.67%
  19  n297_308    0.00%    passed     95.29%
  20  n244_249    0.00%    passed     53.74%
  21  n289_300    0.00%    passed     97.78%
  22  n200_205    0.00%    passed     94.62%
  23  n275_284    0.00%    passed     97.56%
  24  n287_298    0.00%    passed     98.76%
  25  n265_274    0.00%    passed     99.12%
  26  n286_295    0.00%    passed     84.71%
  27  n255_264    0.00%    passed     43.76%
  28  n251_260    0.00%    passed     84.30%
****  TOTAL       0.00%  0 sequences failed composition chi2 test (p-value<5%; df=3)
NOTE: 2 identical sequences (see below) will be ignored for subsequent analysis
NOTE: n299_310 (identical to n300_311) is ignored but added at the end
NOTE: n295_306 (identical to n296_307) is ignored but added at the end

Create initial parsimony tree by phylogenetic likelihood library (PLL)... 0.001 seconds

NOTE: 0 MB RAM is required!
Estimate model parameters (epsilon = 0.100)
1. Initial log-likelihood: -2204.611
2. Current log-likelihood: -2155.470
3. Current log-likelihood: -2155.056
Optimal log-likelihood: -2155.040
Rate parameters:  A-C: 1.186  A-G: 1.208  A-T: 0.764  C-G: 1.130  C-T: 1.000  G-T: 1.000
Base frequencies:   A: 0.236  C: 0.249  G: 0.223  T: 0.292
Gamma shape alpha: 10.681
Parameters optimization took 3 rounds (0.027 sec)
--------------------------------------------------------------------
|             INITIALIZING CANDIDATE TREE SET                      |
--------------------------------------------------------------------
Computing ML distances based on estimated model parameters... 0.000 sec
Computing BIONJ tree...
0.000 seconds
Log-likelihood of BIONJ tree: -2155.430
Generating 98 parsimony trees... 0.098 seconds 26 distinct starting trees
Computing log-likelihood of 26 initial trees ... 0.047 seconds
Optimizing top 20 initial trees with NNI...
Iteration 1 / LogL: -2155.041 / Time: 0h:0m:0s
Estimate model parameters (epsilon = 0.100)
BETTER SCORE FOUND at iteration 1: -2155.034
Iteration 2 / LogL: -2155.035 / Time: 0h:0m:0s
Iteration 3 / LogL: -2155.035 / Time: 0h:0m:0s
Iteration 4 / LogL: -2155.035 / Time: 0h:0m:0s
Iteration 5 / LogL: -2155.035 / Time: 0h:0m:0s
Iteration 6 / LogL: -2155.035 / Time: 0h:0m:0s
Iteration 7 / LogL: -2155.035 / Time: 0h:0m:0s
Iteration 8 / LogL: -2155.035 / Time: 0h:0m:0s
Iteration 9 / LogL: -2155.035 / Time: 0h:0m:0s
Iteration 10 / LogL: -2155.035 / Time: 0h:0m:0s
Iteration 11 / LogL: -2155.035 / Time: 0h:0m:0s
Iteration 12 / LogL: -2155.035 / Time: 0h:0m:0s
Iteration 13 / LogL: -2155.035 / Time: 0h:0m:0s
Iteration 14 / LogL: -2155.035 / Time: 0h:0m:0s
Iteration 15 / LogL: -2155.035 / Time: 0h:0m:0s
Iteration 16 / LogL: -2155.035 / Time: 0h:0m:0s
Iteration 17 / LogL: -2155.035 / Time: 0h:0m:0s
Iteration 18 / LogL: -2155.035 / Time: 0h:0m:0s
Iteration 19 / LogL: -2155.035 / Time: 0h:0m:0s
Iteration 20 / LogL: -2155.035 / Time: 0h:0m:0s
Average CPU time for 1 NNI search: 0.005
Finish initializing candidate tree set. Number of distinct locally optimal trees: 20
Current best tree score: -2155.034 / CPU time: 0.236
--------------------------------------------------------------------
|               OPTIMIZING CANDIDATE TREE SET                      |
--------------------------------------------------------------------
Iteration 30 / LogL: -2165.604 / Time: 0h:0m:0s (0h:0m:1s left)
Iteration 40 / LogL: -2155.043 / Time: 0h:0m:0s (0h:0m:0s left)
Iteration 50 / LogL: -2155.034 / Time: 0h:0m:0s (0h:0m:0s left)
Iteration 60 / LogL: -2351.345 / Time: 0h:0m:0s (0h:0m:0s left)
Iteration 70 / LogL: -2155.035 / Time: 0h:0m:1s (0h:0m:0s left)
Iteration 80 / LogL: -2155.035 / Time: 0h:0m:1s (0h:0m:0s left)
Iteration 90 / LogL: -2155.034 / Time: 0h:0m:1s (0h:0m:0s left)
Iteration 100 / LogL: -2155.034 / Time: 0h:0m:1s (0h:0m:0s left)
TREE SEARCH COMPLETED AFTER 101 ITERATIONS / Time: 0h:0m:1s

--------------------------------------------------------------------
|                    FINALIZING TREE SEARCH                        |
--------------------------------------------------------------------
Performs final model parameters optimization
Estimate model parameters (epsilon = 0.010)
1. Initial log-likelihood: -2155.033
Optimal log-likelihood: -2155.030
Rate parameters:  A-C: 1.175  A-G: 1.198  A-T: 0.760  C-G: 1.118  C-T: 0.990  G-T: 1.000
Base frequencies:   A: 0.236  C: 0.249  G: 0.223  T: 0.292
Gamma shape alpha: 10.742
Parameters optimization took 1 rounds (0.004 sec)
BEST SCORE FOUND : -2155.030

Testing tree branches by SH-like aLRT with 1000 replicates...
CPU Time used:  0.104 sec.
Total tree length: 1.269

Total number of iterations: 101
CPU time used for tree search: 1.452 sec (0h:0m:1s)
Wall-clock time used for tree search: 1.453 sec (0h:0m:1s)
Total CPU time used: 1.600 sec (0h:0m:1s)
Total wall-clock time used: 1.599 sec (0h:0m:1s)

Analysis results written to: 
  IQ-TREE report:                ../simulations/data_D10T10L20I10T10//S/303_pruned.fasta.iqtree
  Maximum-likelihood tree:       ../simulations/data_D10T10L20I10T10//S/303_pruned.fasta.treefile
  Likelihood distances:          ../simulations/data_D10T10L20I10T10//S/303_pruned.fasta.mldist
  Screen log file:               ../simulations/data_D10T10L20I10T10//S/303_pruned.fasta.log

Date and Time: Fri Jun  1 10:29:27 2018
