IQ-TREE version 1.4.2 for Linux 64-bit built Apr 15 2016
Copyright (c) 2011-2015 Nguyen Lam Tung, Olga Chernomor, Arndt von Haeseler and Bui Quang Minh.

Host:    meduse (AVX2, FMA3, 7 GB RAM)
Command: iqtree -s ../simulations/data_D8T8L15I8T8//S/306_pruned.fasta -m GTR+G -alrt 1000 -redo
Seed:    204322 (Using SPRNG - Scalable Parallel Random Number Generator)
Time:    Fri May 25 22:36:06 2018
Kernel:  AVX

NOTE: Consider using the multicore version because your CPU has 4 cores!

Reading alignment file ../simulations/data_D8T8L15I8T8//S/306_pruned.fasta ... Fasta format detected
Alignment most likely contains DNA/RNA sequences
Alignment has 26 sequences with 300 columns and 183 patterns (162 informative sites)
          Gap/Ambiguity  Composition  p-value
   1  n287_288    0.00%    passed     95.00%
   2  n290_291    0.00%    passed     91.78%
   3  n236_237    0.00%    passed     95.65%
   4  n278_279    0.00%    passed     98.47%
   5  n285_286    0.00%    passed     80.63%
   6  n265_266    0.00%    passed     93.66%
   7  n280_281    0.00%    passed     76.74%
   8  n299_300    0.00%    passed     94.58%
   9  n293_294    0.00%    passed     99.46%
  10  n274_275    0.00%    passed     80.21%
  11  n292_293    0.00%    passed     90.23%
  12  n296_297    0.00%    passed     97.76%
  13  n294_295    0.00%    passed     99.59%
  14  n275_276    0.00%    passed     89.91%
  15  n297_298    0.00%    passed     95.00%
  16  n289_290    0.00%    passed     95.00%
  17  n286_287    0.00%    passed     87.68%
  18  n255_256    0.00%    passed     98.59%
  19  n295_296    0.00%    passed     97.76%
  20  n266_267    0.00%    passed     90.57%
  21  n244_245    0.00%    passed     67.19%
  22  n298_299    0.00%    passed     95.03%
  23  n300_301    0.00%    passed     94.58%
  24  n200_201    0.00%    passed     89.66%
  25  n277_278    0.00%    passed     93.23%
  26  n251_252    0.00%    passed     99.46%
****  TOTAL       0.00%  0 sequences failed composition chi2 test (p-value<5%; df=3)
NOTE: 3 identical sequences (see below) will be ignored for subsequent analysis
NOTE: n289_290 (identical to n287_288) is ignored but added at the end
NOTE: n300_301 (identical to n299_300) is ignored but added at the end
NOTE: n295_296 (identical to n296_297) is ignored but added at the end

Create initial parsimony tree by phylogenetic likelihood library (PLL)... 0.001 seconds

NOTE: 0 MB RAM is required!
Estimate model parameters (epsilon = 0.100)
1. Initial log-likelihood: -2135.951
2. Current log-likelihood: -2083.234
3. Current log-likelihood: -2082.899
Optimal log-likelihood: -2082.857
Rate parameters:  A-C: 1.032  A-G: 1.471  A-T: 1.268  C-G: 1.106  C-T: 1.600  G-T: 1.000
Base frequencies:   A: 0.252  C: 0.239  G: 0.272  T: 0.237
Gamma shape alpha: 8.900
Parameters optimization took 3 rounds (0.039 sec)
--------------------------------------------------------------------
|             INITIALIZING CANDIDATE TREE SET                      |
--------------------------------------------------------------------
Computing ML distances based on estimated model parameters... 0.008 sec
Computing BIONJ tree...
0.002 seconds
Log-likelihood of BIONJ tree: -2082.857
Generating 98 parsimony trees... 0.106 seconds 6 distinct starting trees
Computing log-likelihood of 6 initial trees ... 0.009 seconds
Optimizing top 6 initial trees with NNI...
Iteration 1 / LogL: -2082.569 / Time: 0h:0m:0s
Estimate model parameters (epsilon = 0.100)
BETTER SCORE FOUND at iteration 1: -2082.492
Iteration 2 / LogL: -2082.494 / Time: 0h:0m:0s
Iteration 3 / LogL: -2082.494 / Time: 0h:0m:0s
Iteration 4 / LogL: -2082.492 / Time: 0h:0m:0s
Iteration 5 / LogL: -2082.493 / Time: 0h:0m:0s
Iteration 6 / LogL: -2082.493 / Time: 0h:0m:0s
Average CPU time for 1 NNI search: 0.012
Finish initializing candidate tree set. Number of distinct locally optimal trees: 3
Current best tree score: -2082.492 / CPU time: 0.188
--------------------------------------------------------------------
|               OPTIMIZING CANDIDATE TREE SET                      |
--------------------------------------------------------------------
Iteration 10 / LogL: -2082.496 / Time: 0h:0m:0s
Iteration 20 / LogL: -2082.493 / Time: 0h:0m:0s (0h:0m:2s left)
Iteration 30 / LogL: -2082.493 / Time: 0h:0m:0s (0h:0m:1s left)
Iteration 40 / LogL: -2082.495 / Time: 0h:0m:0s (0h:0m:1s left)
Iteration 50 / LogL: -2082.493 / Time: 0h:0m:1s (0h:0m:1s left)
Iteration 60 / LogL: -2082.493 / Time: 0h:0m:1s (0h:0m:0s left)
Iteration 70 / LogL: -2082.577 / Time: 0h:0m:1s (0h:0m:0s left)
Iteration 80 / LogL: -2082.773 / Time: 0h:0m:1s (0h:0m:0s left)
Iteration 90 / LogL: -2082.493 / Time: 0h:0m:1s (0h:0m:0s left)
Iteration 100 / LogL: -2082.512 / Time: 0h:0m:2s (0h:0m:0s left)
TREE SEARCH COMPLETED AFTER 101 ITERATIONS / Time: 0h:0m:2s

--------------------------------------------------------------------
|                    FINALIZING TREE SEARCH                        |
--------------------------------------------------------------------
Performs final model parameters optimization
Estimate model parameters (epsilon = 0.010)
1. Initial log-likelihood: -2082.492
Optimal log-likelihood: -2082.489
Rate parameters:  A-C: 1.073  A-G: 1.464  A-T: 1.313  C-G: 1.080  C-T: 1.597  G-T: 1.000
Base frequencies:   A: 0.252  C: 0.239  G: 0.272  T: 0.237
Gamma shape alpha: 8.777
Parameters optimization took 1 rounds (0.006 sec)
BEST SCORE FOUND : -2082.489

Testing tree branches by SH-like aLRT with 1000 replicates...
CPU Time used:  0.132 sec.
Total tree length: 1.216

Total number of iterations: 101
CPU time used for tree search: 2.032 sec (0h:0m:2s)
Wall-clock time used for tree search: 2.033 sec (0h:0m:2s)
Total CPU time used: 2.240 sec (0h:0m:2s)
Total wall-clock time used: 2.239 sec (0h:0m:2s)

Analysis results written to: 
  IQ-TREE report:                ../simulations/data_D8T8L15I8T8//S/306_pruned.fasta.iqtree
  Maximum-likelihood tree:       ../simulations/data_D8T8L15I8T8//S/306_pruned.fasta.treefile
  Likelihood distances:          ../simulations/data_D8T8L15I8T8//S/306_pruned.fasta.mldist
  Screen log file:               ../simulations/data_D8T8L15I8T8//S/306_pruned.fasta.log

Date and Time: Fri May 25 22:36:08 2018
