IQ-TREE version 1.4.2 for Linux 64-bit built Apr 15 2016
Copyright (c) 2011-2015 Nguyen Lam Tung, Olga Chernomor, Arndt von Haeseler and Bui Quang Minh.

Host:    meduse (AVX2, FMA3, 7 GB RAM)
Command: iqtree -s ../simulations/data_D10T10L20I10T10//S/322_pruned.fasta -m GTR+G -alrt 1000 -redo
Seed:    499365 (Using SPRNG - Scalable Parallel Random Number Generator)
Time:    Mon Jun  4 00:58:25 2018
Kernel:  AVX

NOTE: Consider using the multicore version because your CPU has 4 cores!

Reading alignment file ../simulations/data_D10T10L20I10T10//S/322_pruned.fasta ... Fasta format detected
Alignment most likely contains DNA/RNA sequences
Alignment has 26 sequences with 300 columns and 300 patterns (295 informative sites)
          Gap/Ambiguity  Composition  p-value
   1  n299_300    0.00%    passed     82.50%
   2  n300_301    0.00%    passed     69.95%
   3  n290_291    0.00%    passed     82.72%
   4  n244_245    0.00%    passed     68.49%
   5  n255_256    0.00%    passed     41.38%
   6  n277_278    0.00%    passed     51.40%
   7  n200_201    0.00%    passed     12.96%
   8  n236_237    0.00%    passed     30.42%
   9  n274_275    0.00%    passed     81.91%
  10  n289_290    0.00%    passed     79.57%
  11  n296_297    0.00%    passed     37.17%
  12  n275_276    0.00%    passed     97.58%
  13  n292_293    0.00%    passed     85.97%
  14  n278_279    0.00%    passed     31.40%
  15  n298_299    0.00%    passed     98.08%
  16  n297_298    0.00%    passed     97.70%
  17  n286_287    0.00%    passed     10.67%
  18  n285_286    0.00%    passed      6.16%
  19  n287_288    0.00%    passed     74.43%
  20  n251_252    0.00%    passed     57.62%
  21  n294_295    0.00%    passed     86.43%
  22  n295_296    0.00%    passed     41.49%
  23  n266_267    0.00%    passed     61.40%
  24  n265_266    0.00%    passed     69.64%
  25  n280_281    0.00%    passed     66.52%
  26  n293_294    0.00%    passed     94.23%
****  TOTAL       0.00%  0 sequences failed composition chi2 test (p-value<5%; df=3)

Create initial parsimony tree by phylogenetic likelihood library (PLL)... 0.002 seconds

NOTE: 1 MB RAM is required!
Estimate model parameters (epsilon = 0.100)
1. Initial log-likelihood: -5313.041
2. Current log-likelihood: -5198.698
3. Current log-likelihood: -5179.754
4. Current log-likelihood: -5176.832
5. Current log-likelihood: -5175.434
Optimal log-likelihood: -5175.331
Rate parameters:  A-C: 1.544  A-G: 1.353  A-T: 1.210  C-G: 1.119  C-T: 1.572  G-T: 1.000
Base frequencies:   A: 0.212  C: 0.272  G: 0.282  T: 0.234
Gamma shape alpha: 8.533
Parameters optimization took 5 rounds (0.080 sec)
--------------------------------------------------------------------
|             INITIALIZING CANDIDATE TREE SET                      |
--------------------------------------------------------------------
Computing ML distances based on estimated model parameters... 0.004 sec
WARNING: Some pairwise ML distances are too long (saturated)
Computing BIONJ tree...
0.000 seconds
Log-likelihood of BIONJ tree: -5188.643
Generating 98 parsimony trees... 0.133 seconds 4 distinct starting trees
Computing log-likelihood of 4 initial trees ... 0.006 seconds
Optimizing top 4 initial trees with NNI...
Iteration 1 / LogL: -5175.104 / Time: 0h:0m:0s
Estimate model parameters (epsilon = 0.100)
BETTER TREE FOUND at iteration 1: -5175.050
Iteration 2 / LogL: -5175.092 / Time: 0h:0m:0s
Iteration 3 / LogL: -5175.092 / Time: 0h:0m:0s
Iteration 4 / LogL: -5175.262 / Time: 0h:0m:0s
Average CPU time for 1 NNI search: 0.015
Finish initializing candidate tree set. Number of distinct locally optimal trees: 3
Current best tree score: -5175.050 / CPU time: 0.200
--------------------------------------------------------------------
|               OPTIMIZING CANDIDATE TREE SET                      |
--------------------------------------------------------------------
Iteration 10 / LogL: -5178.143 / Time: 0h:0m:0s
Iteration 20 / LogL: -5175.093 / Time: 0h:0m:0s (0h:0m:3s left)
Iteration 30 / LogL: -5176.761 / Time: 0h:0m:1s (0h:0m:2s left)
Iteration 40 / LogL: -5205.127 / Time: 0h:0m:1s (0h:0m:2s left)
Iteration 50 / LogL: -5175.585 / Time: 0h:0m:1s (0h:0m:1s left)
Iteration 60 / LogL: -5177.949 / Time: 0h:0m:2s (0h:0m:1s left)
Iteration 70 / LogL: -5176.213 / Time: 0h:0m:2s (0h:0m:1s left)
Iteration 80 / LogL: -5175.218 / Time: 0h:0m:2s (0h:0m:0s left)
Iteration 90 / LogL: -5176.612 / Time: 0h:0m:3s (0h:0m:0s left)
Iteration 100 / LogL: -5191.125 / Time: 0h:0m:3s (0h:0m:0s left)
TREE SEARCH COMPLETED AFTER 101 ITERATIONS / Time: 0h:0m:3s

--------------------------------------------------------------------
|                    FINALIZING TREE SEARCH                        |
--------------------------------------------------------------------
Performs final model parameters optimization
Estimate model parameters (epsilon = 0.010)
1. Initial log-likelihood: -5175.050
2. Current log-likelihood: -5175.037
Optimal log-likelihood: -5175.029
Rate parameters:  A-C: 1.531  A-G: 1.329  A-T: 1.190  C-G: 1.095  C-T: 1.565  G-T: 1.000
Base frequencies:   A: 0.212  C: 0.272  G: 0.282  T: 0.234
Gamma shape alpha: 8.103
Parameters optimization took 2 rounds (0.015 sec)
BEST SCORE FOUND : -5175.029

Testing tree branches by SH-like aLRT with 1000 replicates...
CPU Time used:  0.124 sec.
Total tree length: 8.246

Total number of iterations: 101
CPU time used for tree search: 3.556 sec (0h:0m:3s)
Wall-clock time used for tree search: 3.554 sec (0h:0m:3s)
Total CPU time used: 3.808 sec (0h:0m:3s)
Total wall-clock time used: 3.810 sec (0h:0m:3s)

Analysis results written to: 
  IQ-TREE report:                ../simulations/data_D10T10L20I10T10//S/322_pruned.fasta.iqtree
  Maximum-likelihood tree:       ../simulations/data_D10T10L20I10T10//S/322_pruned.fasta.treefile
  Likelihood distances:          ../simulations/data_D10T10L20I10T10//S/322_pruned.fasta.mldist
  Screen log file:               ../simulations/data_D10T10L20I10T10//S/322_pruned.fasta.log

Date and Time: Mon Jun  4 00:58:29 2018
