IQ-TREE version 1.4.2 for Linux 64-bit built Apr 15 2016
Copyright (c) 2011-2015 Nguyen Lam Tung, Olga Chernomor, Arndt von Haeseler and Bui Quang Minh.

Host:    meduse (AVX2, FMA3, 7 GB RAM)
Command: iqtree -s ../simulations/data_D8T8L15I8T8//S/340_pruned.fasta -m GTR+G -alrt 1000 -redo
Seed:    105724 (Using SPRNG - Scalable Parallel Random Number Generator)
Time:    Fri May 25 22:41:09 2018
Kernel:  AVX

NOTE: Consider using the multicore version because your CPU has 4 cores!

Reading alignment file ../simulations/data_D8T8L15I8T8//S/340_pruned.fasta ... Fasta format detected
Alignment most likely contains DNA/RNA sequences
Alignment has 26 sequences with 300 columns and 180 patterns (157 informative sites)
          Gap/Ambiguity  Composition  p-value
   1  n274_279    0.00%    passed     99.17%
   2  n200_201    0.00%    passed     59.77%
   3  n292_297    0.00%    passed     98.25%
   4  n280_285    0.00%    passed     98.46%
   5  n287_292    0.00%    passed     94.96%
   6  n236_241    0.00%    passed     77.65%
   7  n244_249    0.00%    passed     96.06%
   8  n294_299    0.00%    passed     98.15%
   9  n295_300    0.00%    passed     96.80%
  10  n265_270    0.00%    passed     99.87%
  11  n300_305    0.00%    passed     98.46%
  12  n289_294    0.00%    passed     95.72%
  13  n286_291    0.00%    passed     95.28%
  14  n296_301    0.00%    passed     99.05%
  15  n277_282    0.00%    passed     94.22%
  16  n266_271    0.00%    passed     94.11%
  17  n278_283    0.00%    passed     96.79%
  18  n290_295    0.00%    passed     94.96%
  19  n298_303    0.00%    passed     96.93%
  20  n297_302    0.00%    passed     98.15%
  21  n293_298    0.00%    passed     98.15%
  22  n251_256    0.00%    passed     42.58%
  23  n275_280    0.00%    passed     97.13%
  24  n299_304    0.00%    passed     99.21%
  25  n255_260    0.00%    passed     50.73%
  26  n285_290    0.00%    passed     94.81%
****  TOTAL       0.00%  0 sequences failed composition chi2 test (p-value<5%; df=3)
NOTE: 1 identical sequences (see below) will be ignored for subsequent analysis
NOTE: n290_295 (identical to n287_292) is ignored but added at the end

Create initial parsimony tree by phylogenetic likelihood library (PLL)... 0.001 seconds

NOTE: 0 MB RAM is required!
Estimate model parameters (epsilon = 0.100)
1. Initial log-likelihood: -2106.629
2. Current log-likelihood: -2058.697
3. Current log-likelihood: -2058.354
Optimal log-likelihood: -2058.351
Rate parameters:  A-C: 0.865  A-G: 1.014  A-T: 1.057  C-G: 0.977  C-T: 1.119  G-T: 1.000
Base frequencies:   A: 0.229  C: 0.267  G: 0.271  T: 0.232
Gamma shape alpha: 21.153
Parameters optimization took 3 rounds (0.034 sec)
--------------------------------------------------------------------
|             INITIALIZING CANDIDATE TREE SET                      |
--------------------------------------------------------------------
Computing ML distances based on estimated model parameters... 0.004 sec
Computing BIONJ tree...
0.000 seconds
Log-likelihood of BIONJ tree: -2058.780
Generating 98 parsimony trees... 0.124 seconds 21 distinct starting trees
Computing log-likelihood of 21 initial trees ... 0.053 seconds
Optimizing top 20 initial trees with NNI...
Iteration 1 / LogL: -2058.352 / Time: 0h:0m:0s
Estimate model parameters (epsilon = 0.100)
BETTER SCORE FOUND at iteration 1: -2058.350
Iteration 2 / LogL: -2058.352 / Time: 0h:0m:0s
Iteration 3 / LogL: -2058.352 / Time: 0h:0m:0s
Iteration 4 / LogL: -2058.352 / Time: 0h:0m:0s
Iteration 5 / LogL: -2058.352 / Time: 0h:0m:0s
Iteration 6 / LogL: -2058.352 / Time: 0h:0m:0s
Iteration 7 / LogL: -2058.352 / Time: 0h:0m:0s
Iteration 8 / LogL: -2058.352 / Time: 0h:0m:0s
Iteration 9 / LogL: -2058.352 / Time: 0h:0m:0s
Iteration 10 / LogL: -2058.350 / Time: 0h:0m:0s
Iteration 11 / LogL: -2058.351 / Time: 0h:0m:0s
Iteration 12 / LogL: -2058.351 / Time: 0h:0m:0s
Iteration 13 / LogL: -2058.351 / Time: 0h:0m:0s
Iteration 14 / LogL: -2058.351 / Time: 0h:0m:0s
Iteration 15 / LogL: -2058.351 / Time: 0h:0m:0s
Iteration 16 / LogL: -2058.351 / Time: 0h:0m:0s
Iteration 17 / LogL: -2058.351 / Time: 0h:0m:0s
Iteration 18 / LogL: -2058.350 / Time: 0h:0m:0s
Iteration 19 / LogL: -2058.350 / Time: 0h:0m:0s
Iteration 20 / LogL: -2058.350 / Time: 0h:0m:0s
Average CPU time for 1 NNI search: 0.010
Finish initializing candidate tree set. Number of distinct locally optimal trees: 9
Current best tree score: -2058.350 / CPU time: 0.376
--------------------------------------------------------------------
|               OPTIMIZING CANDIDATE TREE SET                      |
--------------------------------------------------------------------
Iteration 30 / LogL: -2058.350 / Time: 0h:0m:0s (0h:0m:1s left)
Iteration 40 / LogL: -2058.389 / Time: 0h:0m:0s (0h:0m:1s left)
Iteration 50 / LogL: -2058.351 / Time: 0h:0m:1s (0h:0m:1s left)
Iteration 60 / LogL: -2058.375 / Time: 0h:0m:1s (0h:0m:0s left)
Iteration 70 / LogL: -2058.350 / Time: 0h:0m:1s (0h:0m:0s left)
Iteration 80 / LogL: -2058.374 / Time: 0h:0m:1s (0h:0m:0s left)
Iteration 90 / LogL: -2091.608 / Time: 0h:0m:2s (0h:0m:0s left)
Iteration 100 / LogL: -2058.564 / Time: 0h:0m:2s (0h:0m:0s left)
TREE SEARCH COMPLETED AFTER 101 ITERATIONS / Time: 0h:0m:2s

--------------------------------------------------------------------
|                    FINALIZING TREE SEARCH                        |
--------------------------------------------------------------------
Performs final model parameters optimization
Estimate model parameters (epsilon = 0.010)
1. Initial log-likelihood: -2058.350
Optimal log-likelihood: -2058.350
Rate parameters:  A-C: 0.866  A-G: 1.015  A-T: 1.058  C-G: 0.978  C-T: 1.119  G-T: 1.000
Base frequencies:   A: 0.229  C: 0.267  G: 0.271  T: 0.232
Gamma shape alpha: 21.153
Parameters optimization took 1 rounds (0.007 sec)
BEST SCORE FOUND : -2058.350

Testing tree branches by SH-like aLRT with 1000 replicates...
CPU Time used:  0.148 sec.
Total tree length: 1.191

Total number of iterations: 101
CPU time used for tree search: 2.180 sec (0h:0m:2s)
Wall-clock time used for tree search: 2.209 sec (0h:0m:2s)
Total CPU time used: 2.388 sec (0h:0m:2s)
Total wall-clock time used: 2.422 sec (0h:0m:2s)

Analysis results written to: 
  IQ-TREE report:                ../simulations/data_D8T8L15I8T8//S/340_pruned.fasta.iqtree
  Maximum-likelihood tree:       ../simulations/data_D8T8L15I8T8//S/340_pruned.fasta.treefile
  Likelihood distances:          ../simulations/data_D8T8L15I8T8//S/340_pruned.fasta.mldist
  Screen log file:               ../simulations/data_D8T8L15I8T8//S/340_pruned.fasta.log

Date and Time: Fri May 25 22:41:11 2018
