IQ-TREE version 1.4.2 for Linux 64-bit built Apr 15 2016
Copyright (c) 2011-2015 Nguyen Lam Tung, Olga Chernomor, Arndt von Haeseler and Bui Quang Minh.

Host:    meduse (AVX2, FMA3, 7 GB RAM)
Command: iqtree -s ../simulations/data_D10T10L20I10T10//S/348_pruned.fasta -m GTR+G -alrt 1000 -redo
Seed:    194285 (Using SPRNG - Scalable Parallel Random Number Generator)
Time:    Mon Jun  4 01:05:32 2018
Kernel:  AVX

NOTE: Consider using the multicore version because your CPU has 4 cores!

Reading alignment file ../simulations/data_D10T10L20I10T10//S/348_pruned.fasta ... Fasta format detected
Alignment most likely contains DNA/RNA sequences
Alignment has 26 sequences with 300 columns and 300 patterns (290 informative sites)
          Gap/Ambiguity  Composition  p-value
   1  n299_300    0.00%    failed      4.90%
   2  n300_301    0.00%    failed      3.56%
   3  n290_291    0.00%    passed     99.28%
   4  n244_245    0.00%    passed     53.33%
   5  n255_256    0.00%    passed     21.78%
   6  n277_278    0.00%    passed     86.46%
   7  n200_201    0.00%    passed     53.40%
   8  n236_237    0.00%    passed     80.65%
   9  n274_275    0.00%    passed     52.79%
  10  n289_290    0.00%    passed     99.64%
  11  n296_297    0.00%    passed     69.46%
  12  n275_276    0.00%    failed      2.80%
  13  n292_293    0.00%    passed      9.37%
  14  n278_279    0.00%    passed     91.30%
  15  n298_299    0.00%    passed     15.88%
  16  n297_298    0.00%    passed     35.21%
  17  n286_287    0.00%    passed     89.03%
  18  n285_286    0.00%    passed     77.08%
  19  n287_288    0.00%    passed     94.94%
  20  n251_252    0.00%    passed     31.40%
  21  n294_295    0.00%    passed     10.19%
  22  n295_296    0.00%    passed     84.47%
  23  n266_267    0.00%    passed     44.81%
  24  n265_266    0.00%    passed     56.56%
  25  n280_281    0.00%    passed     57.89%
  26  n293_294    0.00%    passed      6.98%
****  TOTAL       0.00%  3 sequences failed composition chi2 test (p-value<5%; df=3)

Create initial parsimony tree by phylogenetic likelihood library (PLL)... 0.001 seconds

NOTE: 1 MB RAM is required!
Estimate model parameters (epsilon = 0.100)
1. Initial log-likelihood: -5384.659
2. Current log-likelihood: -5268.536
3. Current log-likelihood: -5254.428
4. Current log-likelihood: -5252.269
5. Current log-likelihood: -5251.890
Optimal log-likelihood: -5251.780
Rate parameters:  A-C: 1.077  A-G: 1.215  A-T: 1.215  C-G: 0.838  C-T: 1.511  G-T: 1.000
Base frequencies:   A: 0.209  C: 0.262  G: 0.278  T: 0.251
Gamma shape alpha: 3.744
Parameters optimization took 5 rounds (0.070 sec)
--------------------------------------------------------------------
|             INITIALIZING CANDIDATE TREE SET                      |
--------------------------------------------------------------------
Computing ML distances based on estimated model parameters... 0.004 sec
WARNING: Some pairwise ML distances are too long (saturated)
Computing BIONJ tree...
0.000 seconds
Log-likelihood of BIONJ tree: -5258.990
Generating 98 parsimony trees... 0.136 seconds 11 distinct starting trees
Computing log-likelihood of 11 initial trees ... 0.027 seconds
Optimizing top 11 initial trees with NNI...
Iteration 1 / LogL: -5251.332 / Time: 0h:0m:0s
Estimate model parameters (epsilon = 0.100)
BETTER TREE FOUND at iteration 1: -5250.959
Iteration 2 / LogL: -5252.809 / Time: 0h:0m:0s
Iteration 3 / LogL: -5251.018 / Time: 0h:0m:0s
Iteration 4 / LogL: -5251.051 / Time: 0h:0m:0s
Iteration 5 / LogL: -5252.244 / Time: 0h:0m:0s
Iteration 6 / LogL: -5252.302 / Time: 0h:0m:0s
Iteration 7 / LogL: -5251.019 / Time: 0h:0m:0s
Iteration 8 / LogL: -5251.051 / Time: 0h:0m:0s
Iteration 9 / LogL: -5252.305 / Time: 0h:0m:0s
Iteration 10 / LogL: -5251.675 / Time: 0h:0m:0s
Iteration 11 / LogL: -5251.106 / Time: 0h:0m:0s
Average CPU time for 1 NNI search: 0.020
Finish initializing candidate tree set. Number of distinct locally optimal trees: 4
Current best tree score: -5250.959 / CPU time: 0.388
--------------------------------------------------------------------
|               OPTIMIZING CANDIDATE TREE SET                      |
--------------------------------------------------------------------
Estimate model parameters (epsilon = 0.010)
UPDATE BEST LOG-LIKELIHOOD: -5250.453
Iteration 20 / LogL: -5250.952 / Time: 0h:0m:0s (0h:0m:3s left)
Estimate model parameters (epsilon = 0.010)
UPDATE BEST LOG-LIKELIHOOD: -5250.436
Iteration 30 / LogL: -5250.935 / Time: 0h:0m:1s (0h:0m:2s left)
Iteration 40 / LogL: -5251.380 / Time: 0h:0m:1s (0h:0m:2s left)
Iteration 50 / LogL: -5250.941 / Time: 0h:0m:1s (0h:0m:2s left)
Iteration 60 / LogL: -5250.923 / Time: 0h:0m:2s (0h:0m:1s left)
Iteration 70 / LogL: -5251.230 / Time: 0h:0m:2s (0h:0m:1s left)
Iteration 80 / LogL: -5274.254 / Time: 0h:0m:2s (0h:0m:0s left)
Iteration 90 / LogL: -5250.872 / Time: 0h:0m:3s (0h:0m:0s left)
Iteration 100 / LogL: -5250.648 / Time: 0h:0m:3s (0h:0m:0s left)
TREE SEARCH COMPLETED AFTER 101 ITERATIONS / Time: 0h:0m:3s

--------------------------------------------------------------------
|                    FINALIZING TREE SEARCH                        |
--------------------------------------------------------------------
Performs final model parameters optimization
Estimate model parameters (epsilon = 0.010)
1. Initial log-likelihood: -5250.436
Optimal log-likelihood: -5250.434
Rate parameters:  A-C: 1.084  A-G: 1.221  A-T: 1.225  C-G: 0.844  C-T: 1.548  G-T: 1.000
Base frequencies:   A: 0.209  C: 0.262  G: 0.278  T: 0.251
Gamma shape alpha: 3.832
Parameters optimization took 1 rounds (0.007 sec)
BEST SCORE FOUND : -5250.434

Testing tree branches by SH-like aLRT with 1000 replicates...
CPU Time used:  0.120 sec.
Total tree length: 10.521

Total number of iterations: 101
CPU time used for tree search: 3.600 sec (0h:0m:3s)
Wall-clock time used for tree search: 3.599 sec (0h:0m:3s)
Total CPU time used: 3.824 sec (0h:0m:3s)
Total wall-clock time used: 3.824 sec (0h:0m:3s)

Analysis results written to: 
  IQ-TREE report:                ../simulations/data_D10T10L20I10T10//S/348_pruned.fasta.iqtree
  Maximum-likelihood tree:       ../simulations/data_D10T10L20I10T10//S/348_pruned.fasta.treefile
  Likelihood distances:          ../simulations/data_D10T10L20I10T10//S/348_pruned.fasta.mldist
  Screen log file:               ../simulations/data_D10T10L20I10T10//S/348_pruned.fasta.log

Date and Time: Mon Jun  4 01:05:36 2018
