IQ-TREE version 1.4.2 for Linux 64-bit built Apr 15 2016
Copyright (c) 2011-2015 Nguyen Lam Tung, Olga Chernomor, Arndt von Haeseler and Bui Quang Minh.

Host:    meduse (AVX2, FMA3, 7 GB RAM)
Command: iqtree -s ../simulations/data_D10T10L20I10T10//S/351_pruned.fasta -m GTR+G -alrt 1000 -redo
Seed:    770757 (Using SPRNG - Scalable Parallel Random Number Generator)
Time:    Mon Jun  4 01:15:43 2018
Kernel:  AVX

NOTE: Consider using the multicore version because your CPU has 4 cores!

Reading alignment file ../simulations/data_D10T10L20I10T10//S/351_pruned.fasta ... Fasta format detected
Alignment most likely contains DNA/RNA sequences
Alignment has 26 sequences with 300 columns and 300 patterns (290 informative sites)
          Gap/Ambiguity  Composition  p-value
   1  n295_298    0.00%    passed     32.55%
   2  n290_293    0.00%    passed     84.72%
   3  n266_269    0.00%    passed      5.65%
   4  n244_245    0.00%    passed     72.25%
   5  n255_258    0.00%    passed     43.89%
   6  n277_280    0.00%    passed     62.51%
   7  n299_302    0.00%    passed     45.66%
   8  n200_201    0.00%    passed     78.14%
   9  n274_277    0.00%    passed     27.92%
  10  n286_289    0.00%    passed     30.98%
  11  n292_295    0.00%    passed     38.94%
  12  n275_278    0.00%    passed     57.06%
  13  n278_281    0.00%    passed     33.49%
  14  n297_300    0.00%    passed     99.27%
  15  n289_292    0.00%    passed     82.44%
  16  n285_288    0.00%    passed     78.47%
  17  n251_254    0.00%    passed     17.33%
  18  n296_299    0.00%    passed     11.56%
  19  n294_297    0.00%    passed     85.32%
  20  n287_290    0.00%    passed     81.87%
  21  n293_296    0.00%    passed     96.64%
  22  n280_283    0.00%    passed     65.27%
  23  n298_301    0.00%    passed     99.30%
  24  n300_303    0.00%    passed     43.96%
  25  n265_268    0.00%    passed     21.92%
  26  n236_237    0.00%    passed     89.14%
****  TOTAL       0.00%  0 sequences failed composition chi2 test (p-value<5%; df=3)

Create initial parsimony tree by phylogenetic likelihood library (PLL)... 0.002 seconds

NOTE: 1 MB RAM is required!
Estimate model parameters (epsilon = 0.100)
1. Initial log-likelihood: -5249.063
2. Current log-likelihood: -5157.136
3. Current log-likelihood: -5146.869
4. Current log-likelihood: -5144.865
5. Current log-likelihood: -5144.378
6. Current log-likelihood: -5144.265
Optimal log-likelihood: -5144.209
Rate parameters:  A-C: 1.142  A-G: 1.208  A-T: 1.187  C-G: 1.092  C-T: 1.534  G-T: 1.000
Base frequencies:   A: 0.242  C: 0.283  G: 0.254  T: 0.221
Gamma shape alpha: 3.161
Parameters optimization took 6 rounds (0.072 sec)
--------------------------------------------------------------------
|             INITIALIZING CANDIDATE TREE SET                      |
--------------------------------------------------------------------
Computing ML distances based on estimated model parameters... 0.004 sec
WARNING: Some pairwise ML distances are too long (saturated)
Computing BIONJ tree...
0.000 seconds
Log-likelihood of BIONJ tree: -5166.847
Generating 98 parsimony trees... 0.144 seconds 2 distinct starting trees
Computing log-likelihood of 2 initial trees ... 0.000 seconds
Optimizing top 2 initial trees with NNI...
Iteration 1 / LogL: -5144.209 / Time: 0h:0m:0s
Estimate model parameters (epsilon = 0.100)
BETTER SCORE FOUND at iteration 1: -5144.184
Iteration 2 / LogL: -5144.202 / Time: 0h:0m:0s
Average CPU time for 1 NNI search: 0.014
Finish initializing candidate tree set. Number of distinct locally optimal trees: 1
Current best tree score: -5144.184 / CPU time: 0.172
--------------------------------------------------------------------
|               OPTIMIZING CANDIDATE TREE SET                      |
--------------------------------------------------------------------
Iteration 10 / LogL: -5148.088 / Time: 0h:0m:0s
Iteration 20 / LogL: -5148.071 / Time: 0h:0m:0s (0h:0m:3s left)
Iteration 30 / LogL: -5148.418 / Time: 0h:0m:1s (0h:0m:3s left)
Iteration 40 / LogL: -5156.818 / Time: 0h:0m:1s (0h:0m:2s left)
Iteration 50 / LogL: -5156.735 / Time: 0h:0m:1s (0h:0m:1s left)
Iteration 60 / LogL: -5153.489 / Time: 0h:0m:2s (0h:0m:1s left)
Iteration 70 / LogL: -5149.143 / Time: 0h:0m:2s (0h:0m:1s left)
Iteration 80 / LogL: -5154.929 / Time: 0h:0m:3s (0h:0m:0s left)
Iteration 90 / LogL: -5144.212 / Time: 0h:0m:3s (0h:0m:0s left)
Iteration 100 / LogL: -5145.939 / Time: 0h:0m:3s (0h:0m:0s left)
TREE SEARCH COMPLETED AFTER 101 ITERATIONS / Time: 0h:0m:3s

--------------------------------------------------------------------
|                    FINALIZING TREE SEARCH                        |
--------------------------------------------------------------------
Performs final model parameters optimization
Estimate model parameters (epsilon = 0.010)
1. Initial log-likelihood: -5144.178
Optimal log-likelihood: -5144.172
Rate parameters:  A-C: 1.168  A-G: 1.236  A-T: 1.211  C-G: 1.112  C-T: 1.567  G-T: 1.000
Base frequencies:   A: 0.242  C: 0.283  G: 0.254  T: 0.221
Gamma shape alpha: 3.180
Parameters optimization took 1 rounds (0.007 sec)
BEST SCORE FOUND : -5144.172

Testing tree branches by SH-like aLRT with 1000 replicates...
CPU Time used:  0.132 sec.
Total tree length: 9.109

Total number of iterations: 101
CPU time used for tree search: 3.712 sec (0h:0m:3s)
Wall-clock time used for tree search: 3.714 sec (0h:0m:3s)
Total CPU time used: 3.964 sec (0h:0m:3s)
Total wall-clock time used: 3.964 sec (0h:0m:3s)

Analysis results written to: 
  IQ-TREE report:                ../simulations/data_D10T10L20I10T10//S/351_pruned.fasta.iqtree
  Maximum-likelihood tree:       ../simulations/data_D10T10L20I10T10//S/351_pruned.fasta.treefile
  Likelihood distances:          ../simulations/data_D10T10L20I10T10//S/351_pruned.fasta.mldist
  Screen log file:               ../simulations/data_D10T10L20I10T10//S/351_pruned.fasta.log

Date and Time: Mon Jun  4 01:15:47 2018
