IQ-TREE version 1.4.2 for Linux 64-bit built Apr 15 2016
Copyright (c) 2011-2015 Nguyen Lam Tung, Olga Chernomor, Arndt von Haeseler and Bui Quang Minh.

Host:    meduse (AVX2, FMA3, 7 GB RAM)
Command: iqtree -s ../simulations/data_D10T10L20I10T10//S/354_pruned.fasta -m GTR+G -alrt 1000 -redo
Seed:    745069 (Using SPRNG - Scalable Parallel Random Number Generator)
Time:    Fri Jun  1 10:27:12 2018
Kernel:  AVX

NOTE: Consider using the multicore version because your CPU has 4 cores!

Reading alignment file ../simulations/data_D10T10L20I10T10//S/354_pruned.fasta ... Fasta format detected
Alignment most likely contains DNA/RNA sequences
Alignment has 26 sequences with 300 columns and 169 patterns (154 informative sites)
          Gap/Ambiguity  Composition  p-value
   1  n292_293    0.00%    passed     76.92%
   2  n287_288    0.00%    passed     98.14%
   3  n290_291    0.00%    passed     97.18%
   4  n294_295    0.00%    passed     91.42%
   5  n251_252    0.00%    passed     85.62%
   6  n286_287    0.00%    passed     82.19%
   7  n300_301    0.00%    passed     82.25%
   8  n275_276    0.00%    passed     96.30%
   9  n274_275    0.00%    passed     76.07%
  10  n289_290    0.00%    passed     97.18%
  11  n255_256    0.00%    passed     78.35%
  12  n236_237    0.00%    passed     67.64%
  13  n299_300    0.00%    passed     88.38%
  14  n278_279    0.00%    passed     75.11%
  15  n297_298    0.00%    passed     95.66%
  16  n298_299    0.00%    passed     93.90%
  17  n244_245    0.00%    passed     61.16%
  18  n293_294    0.00%    passed     91.42%
  19  n296_297    0.00%    passed     95.31%
  20  n295_296    0.00%    passed     95.31%
  21  n266_267    0.00%    passed     65.25%
  22  n200_201    0.00%    passed     77.71%
  23  n285_286    0.00%    passed     75.35%
  24  n277_278    0.00%    passed     91.07%
  25  n280_281    0.00%    passed     86.88%
  26  n265_266    0.00%    passed     58.06%
****  TOTAL       0.00%  0 sequences failed composition chi2 test (p-value<5%; df=3)
NOTE: 2 identical sequences (see below) will be ignored for subsequent analysis
NOTE: n289_290 (identical to n290_291) is ignored but added at the end
NOTE: n293_294 (identical to n294_295) is ignored but added at the end

Create initial parsimony tree by phylogenetic likelihood library (PLL)... 0.002 seconds

NOTE: 0 MB RAM is required!
Estimate model parameters (epsilon = 0.100)
1. Initial log-likelihood: -1991.192
2. Current log-likelihood: -1949.594
3. Current log-likelihood: -1949.329
Optimal log-likelihood: -1949.314
Rate parameters:  A-C: 1.006  A-G: 1.327  A-T: 0.953  C-G: 0.858  C-T: 0.716  G-T: 1.000
Base frequencies:   A: 0.238  C: 0.292  G: 0.250  T: 0.220
Gamma shape alpha: 8.148
Parameters optimization took 3 rounds (0.038 sec)
--------------------------------------------------------------------
|             INITIALIZING CANDIDATE TREE SET                      |
--------------------------------------------------------------------
Computing ML distances based on estimated model parameters... 0.004 sec
Computing BIONJ tree...
0.000 seconds
Log-likelihood of BIONJ tree: -1951.166
Generating 98 parsimony trees... 0.109 seconds 19 distinct starting trees
Computing log-likelihood of 19 initial trees ... 0.032 seconds
Optimizing top 19 initial trees with NNI...
Iteration 1 / LogL: -1949.314 / Time: 0h:0m:0s
Estimate model parameters (epsilon = 0.100)
BETTER SCORE FOUND at iteration 1: -1949.306
Iteration 2 / LogL: -1949.308 / Time: 0h:0m:0s
Iteration 3 / LogL: -1949.308 / Time: 0h:0m:0s
Iteration 4 / LogL: -1949.308 / Time: 0h:0m:0s
Iteration 5 / LogL: -1949.308 / Time: 0h:0m:0s
Iteration 6 / LogL: -1949.308 / Time: 0h:0m:0s
Iteration 7 / LogL: -1949.308 / Time: 0h:0m:0s
Iteration 8 / LogL: -1949.308 / Time: 0h:0m:0s
Iteration 9 / LogL: -1949.308 / Time: 0h:0m:0s
Iteration 10 / LogL: -1949.306 / Time: 0h:0m:0s
Iteration 11 / LogL: -1949.306 / Time: 0h:0m:0s
Iteration 12 / LogL: -1949.306 / Time: 0h:0m:0s
Iteration 13 / LogL: -1949.306 / Time: 0h:0m:0s
Iteration 14 / LogL: -1949.306 / Time: 0h:0m:0s
Iteration 15 / LogL: -1949.306 / Time: 0h:0m:0s
Iteration 16 / LogL: -1949.306 / Time: 0h:0m:0s
Iteration 17 / LogL: -1949.306 / Time: 0h:0m:0s
Iteration 18 / LogL: -1949.306 / Time: 0h:0m:0s
Iteration 19 / LogL: -1949.308 / Time: 0h:0m:0s
Average CPU time for 1 NNI search: 0.005
Finish initializing candidate tree set. Number of distinct locally optimal trees: 9
Current best tree score: -1949.306 / CPU time: 0.236
--------------------------------------------------------------------
|               OPTIMIZING CANDIDATE TREE SET                      |
--------------------------------------------------------------------
Iteration 20 / LogL: -1949.307 / Time: 0h:0m:0s (0h:0m:1s left)
Iteration 30 / LogL: -1949.337 / Time: 0h:0m:0s (0h:0m:1s left)
Iteration 40 / LogL: -1949.306 / Time: 0h:0m:0s (0h:0m:0s left)
Iteration 50 / LogL: -1949.338 / Time: 0h:0m:0s (0h:0m:0s left)
Iteration 60 / LogL: -1949.305 / Time: 0h:0m:0s (0h:0m:0s left)
Iteration 70 / LogL: -1949.335 / Time: 0h:0m:1s (0h:0m:0s left)
Iteration 80 / LogL: -1949.308 / Time: 0h:0m:1s (0h:0m:0s left)
Iteration 90 / LogL: -1949.306 / Time: 0h:0m:1s (0h:0m:0s left)
Iteration 100 / LogL: -1962.824 / Time: 0h:0m:1s (0h:0m:0s left)
TREE SEARCH COMPLETED AFTER 101 ITERATIONS / Time: 0h:0m:1s

--------------------------------------------------------------------
|                    FINALIZING TREE SEARCH                        |
--------------------------------------------------------------------
Performs final model parameters optimization
Estimate model parameters (epsilon = 0.010)
1. Initial log-likelihood: -1949.305
Optimal log-likelihood: -1949.301
Rate parameters:  A-C: 0.993  A-G: 1.318  A-T: 0.943  C-G: 0.847  C-T: 0.704  G-T: 1.000
Base frequencies:   A: 0.238  C: 0.292  G: 0.250  T: 0.220
Gamma shape alpha: 8.124
Parameters optimization took 1 rounds (0.005 sec)
BEST SCORE FOUND : -1949.301

Testing tree branches by SH-like aLRT with 1000 replicates...
CPU Time used:  0.108 sec.
Total tree length: 1.105

Total number of iterations: 101
CPU time used for tree search: 1.496 sec (0h:0m:1s)
Wall-clock time used for tree search: 1.498 sec (0h:0m:1s)
Total CPU time used: 1.668 sec (0h:0m:1s)
Total wall-clock time used: 1.672 sec (0h:0m:1s)

Analysis results written to: 
  IQ-TREE report:                ../simulations/data_D10T10L20I10T10//S/354_pruned.fasta.iqtree
  Maximum-likelihood tree:       ../simulations/data_D10T10L20I10T10//S/354_pruned.fasta.treefile
  Likelihood distances:          ../simulations/data_D10T10L20I10T10//S/354_pruned.fasta.mldist
  Screen log file:               ../simulations/data_D10T10L20I10T10//S/354_pruned.fasta.log

Date and Time: Fri Jun  1 10:27:14 2018
