IQ-TREE version 1.4.2 for Linux 64-bit built Apr 15 2016
Copyright (c) 2011-2015 Nguyen Lam Tung, Olga Chernomor, Arndt von Haeseler and Bui Quang Minh.

Host:    meduse (AVX2, FMA3, 7 GB RAM)
Command: iqtree -s ../simulations/data_D10T10L20I10T10//S/355_pruned.fasta -m GTR+G -alrt 1000 -redo
Seed:    59443 (Using SPRNG - Scalable Parallel Random Number Generator)
Time:    Mon Jun  4 00:56:51 2018
Kernel:  AVX

NOTE: Consider using the multicore version because your CPU has 4 cores!

Reading alignment file ../simulations/data_D10T10L20I10T10//S/355_pruned.fasta ... Fasta format detected
Alignment most likely contains DNA/RNA sequences
Alignment has 36 sequences with 300 columns and 298 patterns (292 informative sites)
          Gap/Ambiguity  Composition  p-value
   1  n287_304    0.00%    passed     80.05%
   2  n290_309    0.00%    passed     69.53%
   3  n294_313    0.00%    passed     49.74%
   4  n251_256    0.00%    passed     89.38%
   5  n297_322    0.00%    passed     82.25%
   6  n286_301    0.00%    passed     35.65%
   7  n300_325    0.00%    passed     33.16%
   8  n265_272    0.00%    passed     24.29%
   9  n297_320    0.00%    passed     70.54%
  10  n296_319    0.00%    passed     62.90%
  11  n296_317    0.00%    passed     53.49%
  12  n255_260    0.00%    passed     38.49%
  13  n292_311    0.00%    passed     36.52%
  14  n293_314    0.00%    passed     96.76%
  15  n266_273    0.00%    passed     17.24%
  16  n275_286    0.00%    passed     80.00%
  17  n274_285    0.00%    passed     35.28%
  18  n280_293    0.00%    passed     21.59%
  19  n298_323    0.00%    passed     89.48%
  20  n275_288    0.00%    passed     81.13%
  21  n289_306    0.00%    passed     51.19%
  22  n293_312    0.00%    passed     59.14%
  23  n294_315    0.00%    passed     96.14%
  24  n289_308    0.00%    passed     62.49%
  25  n299_324    0.00%    passed     35.03%
  26  n295_318    0.00%    passed     50.76%
  27  n298_321    0.00%    passed     52.35%
  28  n285_300    0.00%    passed     40.44%
  29  n278_291    0.00%    passed     25.22%
  30  n295_316    0.00%    passed     38.99%
  31  n244_249    0.00%    passed     38.23%
  32  n277_290    0.00%    passed     17.56%
  33  n290_307    0.00%    passed     46.87%
  34  n287_302    0.00%    passed     44.49%
  35  n200_201    0.00%    passed     94.29%
  36  n236_237    0.00%    passed     41.83%
****  TOTAL       0.00%  0 sequences failed composition chi2 test (p-value<5%; df=3)

Create initial parsimony tree by phylogenetic likelihood library (PLL)... 0.003 seconds

NOTE: 1 MB RAM is required!
Estimate model parameters (epsilon = 0.100)
1. Initial log-likelihood: -6152.556
2. Current log-likelihood: -6061.405
3. Current log-likelihood: -6049.481
4. Current log-likelihood: -6047.994
5. Current log-likelihood: -6047.780
Optimal log-likelihood: -6047.728
Rate parameters:  A-C: 1.137  A-G: 1.265  A-T: 0.992  C-G: 1.008  C-T: 1.237  G-T: 1.000
Base frequencies:   A: 0.222  C: 0.294  G: 0.254  T: 0.230
Gamma shape alpha: 3.138
Parameters optimization took 5 rounds (0.092 sec)
--------------------------------------------------------------------
|             INITIALIZING CANDIDATE TREE SET                      |
--------------------------------------------------------------------
Computing ML distances based on estimated model parameters... 0.008 sec
WARNING: Some pairwise ML distances are too long (saturated)
Computing BIONJ tree...
0.001 seconds
Log-likelihood of BIONJ tree: -6068.346
Generating 98 parsimony trees... 0.270 seconds 27 distinct starting trees
Computing log-likelihood of 27 initial trees ... 0.108 seconds
Optimizing top 20 initial trees with NNI...
Iteration 1 / LogL: -6044.997 / Time: 0h:0m:0s
Estimate model parameters (epsilon = 0.100)
BETTER TREE FOUND at iteration 1: -6044.400
Iteration 2 / LogL: -6045.461 / Time: 0h:0m:0s
Iteration 3 / LogL: -6045.347 / Time: 0h:0m:0s
Iteration 4 / LogL: -6045.347 / Time: 0h:0m:0s
Iteration 5 / LogL: -6045.347 / Time: 0h:0m:0s
Iteration 6 / LogL: -6045.347 / Time: 0h:0m:0s
Iteration 7 / LogL: -6045.347 / Time: 0h:0m:0s
Iteration 8 / LogL: -6045.347 / Time: 0h:0m:0s
Iteration 9 / LogL: -6045.015 / Time: 0h:0m:0s
Iteration 10 / LogL: -6044.996 / Time: 0h:0m:0s
Iteration 11 / LogL: -6044.996 / Time: 0h:0m:0s
Iteration 12 / LogL: -6044.996 / Time: 0h:0m:0s
Iteration 13 / LogL: -6044.102 / Time: 0h:0m:0s
Estimate model parameters (epsilon = 0.100)
BETTER TREE FOUND at iteration 13: -6042.495
Iteration 14 / LogL: -6044.080 / Time: 0h:0m:0s
Iteration 15 / LogL: -6047.659 / Time: 0h:0m:0s
Iteration 16 / LogL: -6047.659 / Time: 0h:0m:0s
Iteration 17 / LogL: -6045.631 / Time: 0h:0m:0s
Iteration 18 / LogL: -6045.631 / Time: 0h:0m:0s
Iteration 19 / LogL: -6045.631 / Time: 0h:0m:1s
Iteration 20 / LogL: -6045.625 / Time: 0h:0m:1s
Average CPU time for 1 NNI search: 0.026
Finish initializing candidate tree set. Number of distinct locally optimal trees: 7
Current best tree score: -6042.495 / CPU time: 0.896
--------------------------------------------------------------------
|               OPTIMIZING CANDIDATE TREE SET                      |
--------------------------------------------------------------------
Estimate model parameters (epsilon = 0.010)
UPDATE BEST LOG-LIKELIHOOD: -6042.402
Iteration 30 / LogL: -6043.249 / Time: 0h:0m:1s (0h:0m:3s left)
Iteration 40 / LogL: -6043.039 / Time: 0h:0m:2s (0h:0m:3s left)
Iteration 50 / LogL: -6043.785 / Time: 0h:0m:2s (0h:0m:2s left)
Iteration 60 / LogL: -6042.443 / Time: 0h:0m:3s (0h:0m:2s left)
Iteration 70 / LogL: -6043.007 / Time: 0h:0m:3s (0h:0m:1s left)
Iteration 80 / LogL: -6042.577 / Time: 0h:0m:4s (0h:0m:1s left)
Iteration 90 / LogL: -6043.336 / Time: 0h:0m:4s (0h:0m:0s left)
Iteration 100 / LogL: -6042.748 / Time: 0h:0m:4s (0h:0m:0s left)
TREE SEARCH COMPLETED AFTER 101 ITERATIONS / Time: 0h:0m:5s

--------------------------------------------------------------------
|                    FINALIZING TREE SEARCH                        |
--------------------------------------------------------------------
Performs final model parameters optimization
Estimate model parameters (epsilon = 0.010)
1. Initial log-likelihood: -6042.402
Optimal log-likelihood: -6042.396
Rate parameters:  A-C: 1.168  A-G: 1.307  A-T: 1.036  C-G: 1.046  C-T: 1.275  G-T: 1.000
Base frequencies:   A: 0.222  C: 0.294  G: 0.254  T: 0.230
Gamma shape alpha: 3.142
Parameters optimization took 1 rounds (0.009 sec)
BEST SCORE FOUND : -6042.396

Testing tree branches by SH-like aLRT with 1000 replicates...
CPU Time used:  0.200 sec.
Total tree length: 9.440

Total number of iterations: 101
CPU time used for tree search: 4.852 sec (0h:0m:4s)
Wall-clock time used for tree search: 4.860 sec (0h:0m:4s)
Total CPU time used: 5.208 sec (0h:0m:5s)
Total wall-clock time used: 5.215 sec (0h:0m:5s)

Analysis results written to: 
  IQ-TREE report:                ../simulations/data_D10T10L20I10T10//S/355_pruned.fasta.iqtree
  Maximum-likelihood tree:       ../simulations/data_D10T10L20I10T10//S/355_pruned.fasta.treefile
  Likelihood distances:          ../simulations/data_D10T10L20I10T10//S/355_pruned.fasta.mldist
  Screen log file:               ../simulations/data_D10T10L20I10T10//S/355_pruned.fasta.log

Date and Time: Mon Jun  4 00:56:56 2018
