IQ-TREE version 1.4.2 for Linux 64-bit built Apr 15 2016
Copyright (c) 2011-2015 Nguyen Lam Tung, Olga Chernomor, Arndt von Haeseler and Bui Quang Minh.

Host:    meduse (AVX2, FMA3, 7 GB RAM)
Command: iqtree -s ../simulations/data_D8T8L15I8T8//S/356_pruned.fasta -m GTR+G -alrt 1000 -redo
Seed:    107164 (Using SPRNG - Scalable Parallel Random Number Generator)
Time:    Fri May 25 22:54:09 2018
Kernel:  AVX

NOTE: Consider using the multicore version because your CPU has 4 cores!

Reading alignment file ../simulations/data_D8T8L15I8T8//S/356_pruned.fasta ... Fasta format detected
Alignment most likely contains DNA/RNA sequences
Alignment has 26 sequences with 300 columns and 176 patterns (159 informative sites)
          Gap/Ambiguity  Composition  p-value
   1  n287_288    0.00%    passed     94.67%
   2  n290_291    0.00%    passed     93.14%
   3  n236_237    0.00%    passed     96.95%
   4  n278_279    0.00%    passed     99.67%
   5  n285_286    0.00%    passed     49.11%
   6  n265_266    0.00%    passed     63.51%
   7  n280_281    0.00%    passed     94.20%
   8  n299_300    0.00%    passed     95.72%
   9  n293_294    0.00%    passed     95.31%
  10  n274_275    0.00%    passed     97.63%
  11  n292_293    0.00%    passed     91.44%
  12  n296_297    0.00%    passed     91.69%
  13  n294_295    0.00%    passed     95.31%
  14  n275_276    0.00%    passed     98.28%
  15  n297_298    0.00%    passed     88.48%
  16  n289_290    0.00%    passed     89.61%
  17  n286_287    0.00%    passed     58.12%
  18  n255_256    0.00%    passed     36.72%
  19  n295_296    0.00%    passed     87.29%
  20  n266_267    0.00%    passed     65.49%
  21  n244_245    0.00%    passed     48.41%
  22  n298_299    0.00%    passed     87.18%
  23  n300_301    0.00%    passed     94.20%
  24  n200_201    0.00%    passed     97.21%
  25  n277_278    0.00%    passed     99.67%
  26  n251_252    0.00%    passed     50.71%
****  TOTAL       0.00%  0 sequences failed composition chi2 test (p-value<5%; df=3)
NOTE: 3 identical sequences (see below) will be ignored for subsequent analysis
NOTE: n277_278 (identical to n278_279) is ignored but added at the end
NOTE: n300_301 (identical to n280_281) is ignored but added at the end
NOTE: n294_295 (identical to n293_294) is ignored but added at the end

Create initial parsimony tree by phylogenetic likelihood library (PLL)... 0.001 seconds

NOTE: 0 MB RAM is required!
Estimate model parameters (epsilon = 0.100)
1. Initial log-likelihood: -2035.966
2. Current log-likelihood: -1996.444
3. Current log-likelihood: -1996.216
Optimal log-likelihood: -1996.201
Rate parameters:  A-C: 0.834  A-G: 1.148  A-T: 0.847  C-G: 1.020  C-T: 1.296  G-T: 1.000
Base frequencies:   A: 0.279  C: 0.261  G: 0.221  T: 0.239
Gamma shape alpha: 3.967
Parameters optimization took 3 rounds (0.035 sec)
--------------------------------------------------------------------
|             INITIALIZING CANDIDATE TREE SET                      |
--------------------------------------------------------------------
Computing ML distances based on estimated model parameters... 0.000 sec
Computing BIONJ tree...
0.000 seconds
Log-likelihood of BIONJ tree: -1996.651
Generating 98 parsimony trees... 0.118 seconds 71 distinct starting trees
Computing log-likelihood of 71 initial trees ... 0.185 seconds
Optimizing top 20 initial trees with NNI...
Iteration 1 / LogL: -1996.201 / Time: 0h:0m:0s
Estimate model parameters (epsilon = 0.100)
BETTER SCORE FOUND at iteration 1: -1996.191
Iteration 2 / LogL: -1996.193 / Time: 0h:0m:0s
Iteration 3 / LogL: -1996.193 / Time: 0h:0m:0s
Iteration 4 / LogL: -1996.193 / Time: 0h:0m:0s
Iteration 5 / LogL: -1996.193 / Time: 0h:0m:0s
Iteration 6 / LogL: -1996.193 / Time: 0h:0m:0s
Iteration 7 / LogL: -1996.193 / Time: 0h:0m:0s
Iteration 8 / LogL: -1996.193 / Time: 0h:0m:0s
Iteration 9 / LogL: -1996.193 / Time: 0h:0m:0s
Iteration 10 / LogL: -1996.193 / Time: 0h:0m:0s
Iteration 11 / LogL: -1996.193 / Time: 0h:0m:0s
Iteration 12 / LogL: -1996.193 / Time: 0h:0m:0s
Iteration 13 / LogL: -1996.193 / Time: 0h:0m:0s
Iteration 14 / LogL: -1996.193 / Time: 0h:0m:0s
Iteration 15 / LogL: -1996.193 / Time: 0h:0m:0s
Iteration 16 / LogL: -1996.193 / Time: 0h:0m:0s
Iteration 17 / LogL: -1996.193 / Time: 0h:0m:0s
Iteration 18 / LogL: -1996.192 / Time: 0h:0m:0s
Iteration 19 / LogL: -1996.192 / Time: 0h:0m:0s
Iteration 20 / LogL: -1996.192 / Time: 0h:0m:0s
Average CPU time for 1 NNI search: 0.007
Finish initializing candidate tree set. Number of distinct locally optimal trees: 20
Current best tree score: -1996.191 / CPU time: 0.440
--------------------------------------------------------------------
|               OPTIMIZING CANDIDATE TREE SET                      |
--------------------------------------------------------------------
Iteration 30 / LogL: -2020.272 / Time: 0h:0m:0s (0h:0m:1s left)
Iteration 40 / LogL: -1996.194 / Time: 0h:0m:0s (0h:0m:1s left)
Iteration 50 / LogL: -2006.754 / Time: 0h:0m:1s (0h:0m:1s left)
Iteration 60 / LogL: -1996.195 / Time: 0h:0m:1s (0h:0m:0s left)
Iteration 70 / LogL: -1996.196 / Time: 0h:0m:1s (0h:0m:0s left)
Iteration 80 / LogL: -1996.191 / Time: 0h:0m:1s (0h:0m:0s left)
Iteration 90 / LogL: -2024.233 / Time: 0h:0m:1s (0h:0m:0s left)
Iteration 100 / LogL: -1996.457 / Time: 0h:0m:2s (0h:0m:0s left)
TREE SEARCH COMPLETED AFTER 101 ITERATIONS / Time: 0h:0m:2s

--------------------------------------------------------------------
|                    FINALIZING TREE SEARCH                        |
--------------------------------------------------------------------
Performs final model parameters optimization
Estimate model parameters (epsilon = 0.010)
1. Initial log-likelihood: -1996.191
Optimal log-likelihood: -1996.186
Rate parameters:  A-C: 0.848  A-G: 1.162  A-T: 0.856  C-G: 1.027  C-T: 1.314  G-T: 1.000
Base frequencies:   A: 0.279  C: 0.261  G: 0.221  T: 0.239
Gamma shape alpha: 3.976
Parameters optimization took 1 rounds (0.006 sec)
BEST SCORE FOUND : -1996.186

Testing tree branches by SH-like aLRT with 1000 replicates...
CPU Time used:  0.136 sec.
Total tree length: 1.226

Total number of iterations: 101
CPU time used for tree search: 1.984 sec (0h:0m:1s)
Wall-clock time used for tree search: 1.991 sec (0h:0m:1s)
Total CPU time used: 2.180 sec (0h:0m:2s)
Total wall-clock time used: 2.186 sec (0h:0m:2s)

Analysis results written to: 
  IQ-TREE report:                ../simulations/data_D8T8L15I8T8//S/356_pruned.fasta.iqtree
  Maximum-likelihood tree:       ../simulations/data_D8T8L15I8T8//S/356_pruned.fasta.treefile
  Likelihood distances:          ../simulations/data_D8T8L15I8T8//S/356_pruned.fasta.mldist
  Screen log file:               ../simulations/data_D8T8L15I8T8//S/356_pruned.fasta.log

Date and Time: Fri May 25 22:54:11 2018
