IQ-TREE version 1.4.2 for Linux 64-bit built Apr 15 2016
Copyright (c) 2011-2015 Nguyen Lam Tung, Olga Chernomor, Arndt von Haeseler and Bui Quang Minh.

Host:    meduse (AVX2, FMA3, 7 GB RAM)
Command: iqtree -s ../simulations/data_D10T10L20I10T10//S/362_pruned.fasta -m GTR+G -alrt 1000 -redo
Seed:    678778 (Using SPRNG - Scalable Parallel Random Number Generator)
Time:    Mon Jun  4 00:51:07 2018
Kernel:  AVX

NOTE: Consider using the multicore version because your CPU has 4 cores!

Reading alignment file ../simulations/data_D10T10L20I10T10//S/362_pruned.fasta ... Fasta format detected
Alignment most likely contains DNA/RNA sequences
Alignment has 26 sequences with 300 columns and 297 patterns (292 informative sites)
          Gap/Ambiguity  Composition  p-value
   1  n299_300    0.00%    passed     10.96%
   2  n300_301    0.00%    passed     28.57%
   3  n290_291    0.00%    passed     92.01%
   4  n244_245    0.00%    failed      4.25%
   5  n255_256    0.00%    passed     29.10%
   6  n277_278    0.00%    passed     68.38%
   7  n200_201    0.00%    failed      4.93%
   8  n236_237    0.00%    passed     22.89%
   9  n274_275    0.00%    passed     21.36%
  10  n289_290    0.00%    passed     65.41%
  11  n296_297    0.00%    passed     77.06%
  12  n275_276    0.00%    passed     41.12%
  13  n292_293    0.00%    passed     45.67%
  14  n278_279    0.00%    passed     59.56%
  15  n298_299    0.00%    passed     76.18%
  16  n297_298    0.00%    passed     68.28%
  17  n286_287    0.00%    passed     35.66%
  18  n285_286    0.00%    passed     34.69%
  19  n287_288    0.00%    passed     92.00%
  20  n251_252    0.00%    passed     82.76%
  21  n294_295    0.00%    passed     74.21%
  22  n295_296    0.00%    passed     70.50%
  23  n266_267    0.00%    passed     32.07%
  24  n265_266    0.00%    passed      8.40%
  25  n280_281    0.00%    passed     54.79%
  26  n293_294    0.00%    passed     61.32%
****  TOTAL       0.00%  2 sequences failed composition chi2 test (p-value<5%; df=3)

Create initial parsimony tree by phylogenetic likelihood library (PLL)... 0.001 seconds

NOTE: 1 MB RAM is required!
Estimate model parameters (epsilon = 0.100)
1. Initial log-likelihood: -5403.643
2. Current log-likelihood: -5309.736
3. Current log-likelihood: -5288.291
4. Current log-likelihood: -5284.237
5. Current log-likelihood: -5283.302
6. Current log-likelihood: -5283.160
Optimal log-likelihood: -5283.090
Rate parameters:  A-C: 1.268  A-G: 1.059  A-T: 1.026  C-G: 1.283  C-T: 1.557  G-T: 1.000
Base frequencies:   A: 0.252  C: 0.251  G: 0.267  T: 0.229
Gamma shape alpha: 7.122
Parameters optimization took 6 rounds (0.074 sec)
--------------------------------------------------------------------
|             INITIALIZING CANDIDATE TREE SET                      |
--------------------------------------------------------------------
Computing ML distances based on estimated model parameters... 0.000 sec
WARNING: Some pairwise ML distances are too long (saturated)
Computing BIONJ tree...
0.000 seconds
Log-likelihood of BIONJ tree: -5315.197
Generating 98 parsimony trees... 0.135 seconds 2 distinct starting trees
Computing log-likelihood of 2 initial trees ... 0.000 seconds
Optimizing top 2 initial trees with NNI...
Iteration 1 / LogL: -5281.783 / Time: 0h:0m:0s
Estimate model parameters (epsilon = 0.100)
BETTER TREE FOUND at iteration 1: -5281.748
Iteration 2 / LogL: -5282.202 / Time: 0h:0m:0s
Average CPU time for 1 NNI search: 0.018
Finish initializing candidate tree set. Number of distinct locally optimal trees: 2
Current best tree score: -5281.748 / CPU time: 0.168
--------------------------------------------------------------------
|               OPTIMIZING CANDIDATE TREE SET                      |
--------------------------------------------------------------------
Iteration 10 / LogL: -5284.039 / Time: 0h:0m:0s
Iteration 20 / LogL: -5282.942 / Time: 0h:0m:0s (0h:0m:3s left)
Iteration 30 / LogL: -5281.811 / Time: 0h:0m:1s (0h:0m:2s left)
Iteration 40 / LogL: -5285.239 / Time: 0h:0m:1s (0h:0m:2s left)
Iteration 50 / LogL: -5299.523 / Time: 0h:0m:1s (0h:0m:1s left)
Iteration 60 / LogL: -5282.932 / Time: 0h:0m:2s (0h:0m:1s left)
Iteration 70 / LogL: -5285.996 / Time: 0h:0m:2s (0h:0m:1s left)
Iteration 80 / LogL: -5282.681 / Time: 0h:0m:3s (0h:0m:0s left)
Iteration 90 / LogL: -5282.119 / Time: 0h:0m:3s (0h:0m:0s left)
Iteration 100 / LogL: -5281.820 / Time: 0h:0m:3s (0h:0m:0s left)
TREE SEARCH COMPLETED AFTER 101 ITERATIONS / Time: 0h:0m:3s

--------------------------------------------------------------------
|                    FINALIZING TREE SEARCH                        |
--------------------------------------------------------------------
Performs final model parameters optimization
Estimate model parameters (epsilon = 0.010)
1. Initial log-likelihood: -5281.748
Optimal log-likelihood: -5281.734
Rate parameters:  A-C: 1.275  A-G: 1.057  A-T: 1.010  C-G: 1.283  C-T: 1.557  G-T: 1.000
Base frequencies:   A: 0.252  C: 0.251  G: 0.267  T: 0.229
Gamma shape alpha: 7.108
Parameters optimization took 1 rounds (0.010 sec)
BEST SCORE FOUND : -5281.734

Testing tree branches by SH-like aLRT with 1000 replicates...
CPU Time used:  0.132 sec.
Total tree length: 8.823

Total number of iterations: 101
CPU time used for tree search: 3.744 sec (0h:0m:3s)
Wall-clock time used for tree search: 3.748 sec (0h:0m:3s)
Total CPU time used: 3.988 sec (0h:0m:3s)
Total wall-clock time used: 3.995 sec (0h:0m:3s)

Analysis results written to: 
  IQ-TREE report:                ../simulations/data_D10T10L20I10T10//S/362_pruned.fasta.iqtree
  Maximum-likelihood tree:       ../simulations/data_D10T10L20I10T10//S/362_pruned.fasta.treefile
  Likelihood distances:          ../simulations/data_D10T10L20I10T10//S/362_pruned.fasta.mldist
  Screen log file:               ../simulations/data_D10T10L20I10T10//S/362_pruned.fasta.log

Date and Time: Mon Jun  4 00:51:11 2018
