IQ-TREE version 1.4.2 for Linux 64-bit built Apr 15 2016
Copyright (c) 2011-2015 Nguyen Lam Tung, Olga Chernomor, Arndt von Haeseler and Bui Quang Minh.

Host:    meduse (AVX2, FMA3, 7 GB RAM)
Command: iqtree -s ../simulations/data_D10T10L20I10T10//S/363_pruned.fasta -m GTR+G -alrt 1000 -redo
Seed:    485930 (Using SPRNG - Scalable Parallel Random Number Generator)
Time:    Mon Jun  4 01:17:50 2018
Kernel:  AVX

NOTE: Consider using the multicore version because your CPU has 4 cores!

Reading alignment file ../simulations/data_D10T10L20I10T10//S/363_pruned.fasta ... Fasta format detected
Alignment most likely contains DNA/RNA sequences
Alignment has 26 sequences with 300 columns and 299 patterns (291 informative sites)
          Gap/Ambiguity  Composition  p-value
   1  n295_298    0.00%    passed     51.37%
   2  n290_293    0.00%    passed     94.08%
   3  n266_269    0.00%    passed     62.87%
   4  n244_245    0.00%    passed     63.86%
   5  n277_280    0.00%    passed     35.57%
   6  n299_302    0.00%    passed     24.94%
   7  n200_201    0.00%    passed     28.52%
   8  n274_277    0.00%    passed     68.03%
   9  n292_295    0.00%    passed     38.94%
  10  n275_278    0.00%    passed     23.24%
  11  n278_281    0.00%    passed     77.18%
  12  n297_300    0.00%    passed     83.88%
  13  n289_292    0.00%    passed     99.28%
  14  n285_288    0.00%    passed     31.61%
  15  n296_299    0.00%    passed     66.41%
  16  n294_297    0.00%    passed     22.79%
  17  n287_290    0.00%    passed     75.28%
  18  n293_296    0.00%    passed     43.72%
  19  n280_283    0.00%    passed     37.24%
  20  n286_289    0.00%    passed     25.79%
  21  n255_256    0.00%    passed     70.09%
  22  n251_252    0.00%    passed     70.73%
  23  n298_301    0.00%    passed     41.31%
  24  n300_303    0.00%    passed     23.64%
  25  n265_268    0.00%    passed     70.01%
  26  n236_237    0.00%    passed     15.25%
****  TOTAL       0.00%  0 sequences failed composition chi2 test (p-value<5%; df=3)

Create initial parsimony tree by phylogenetic likelihood library (PLL)... 0.002 seconds

NOTE: 1 MB RAM is required!
Estimate model parameters (epsilon = 0.100)
1. Initial log-likelihood: -5229.069
2. Current log-likelihood: -5134.748
3. Current log-likelihood: -5122.096
4. Current log-likelihood: -5118.792
5. Current log-likelihood: -5118.048
6. Current log-likelihood: -5117.853
Optimal log-likelihood: -5117.801
Rate parameters:  A-C: 1.148  A-G: 1.554  A-T: 0.980  C-G: 0.980  C-T: 1.484  G-T: 1.000
Base frequencies:   A: 0.231  C: 0.263  G: 0.252  T: 0.254
Gamma shape alpha: 4.924
Parameters optimization took 6 rounds (0.080 sec)
--------------------------------------------------------------------
|             INITIALIZING CANDIDATE TREE SET                      |
--------------------------------------------------------------------
Computing ML distances based on estimated model parameters... 0.004 sec
Computing BIONJ tree...
0.000 seconds
Log-likelihood of BIONJ tree: -5134.850
Generating 98 parsimony trees... 0.145 seconds 3 distinct starting trees
Computing log-likelihood of 3 initial trees ... 0.003 seconds
Optimizing top 3 initial trees with NNI...
Iteration 1 / LogL: -5116.537 / Time: 0h:0m:0s
Estimate model parameters (epsilon = 0.100)
BETTER TREE FOUND at iteration 1: -5116.446
Iteration 2 / LogL: -5116.507 / Time: 0h:0m:0s
Iteration 3 / LogL: -5116.507 / Time: 0h:0m:0s
Average CPU time for 1 NNI search: 0.023
Finish initializing candidate tree set. Number of distinct locally optimal trees: 1
Current best tree score: -5116.446 / CPU time: 0.216
--------------------------------------------------------------------
|               OPTIMIZING CANDIDATE TREE SET                      |
--------------------------------------------------------------------
Iteration 10 / LogL: -5116.377 / Time: 0h:0m:0s
Estimate model parameters (epsilon = 0.010)
UPDATE BEST LOG-LIKELIHOOD: -5116.114
Iteration 20 / LogL: -5117.293 / Time: 0h:0m:0s (0h:0m:3s left)
Iteration 30 / LogL: -5117.314 / Time: 0h:0m:1s (0h:0m:2s left)
Iteration 40 / LogL: -5138.368 / Time: 0h:0m:1s (0h:0m:2s left)
Iteration 50 / LogL: -5127.662 / Time: 0h:0m:1s (0h:0m:1s left)
Iteration 60 / LogL: -5121.949 / Time: 0h:0m:2s (0h:0m:1s left)
Iteration 70 / LogL: -5116.636 / Time: 0h:0m:2s (0h:0m:1s left)
Iteration 80 / LogL: -5121.691 / Time: 0h:0m:2s (0h:0m:0s left)
Iteration 90 / LogL: -5139.401 / Time: 0h:0m:3s (0h:0m:0s left)
Iteration 100 / LogL: -5122.605 / Time: 0h:0m:3s (0h:0m:0s left)
TREE SEARCH COMPLETED AFTER 101 ITERATIONS / Time: 0h:0m:3s

--------------------------------------------------------------------
|                    FINALIZING TREE SEARCH                        |
--------------------------------------------------------------------
Performs final model parameters optimization
Estimate model parameters (epsilon = 0.010)
1. Initial log-likelihood: -5116.114
Optimal log-likelihood: -5116.113
Rate parameters:  A-C: 1.154  A-G: 1.508  A-T: 0.984  C-G: 1.001  C-T: 1.499  G-T: 1.000
Base frequencies:   A: 0.231  C: 0.263  G: 0.252  T: 0.254
Gamma shape alpha: 4.679
Parameters optimization took 1 rounds (0.007 sec)
BEST SCORE FOUND : -5116.113

Testing tree branches by SH-like aLRT with 1000 replicates...
CPU Time used:  0.116 sec.
Total tree length: 8.455

Total number of iterations: 101
CPU time used for tree search: 3.320 sec (0h:0m:3s)
Wall-clock time used for tree search: 3.322 sec (0h:0m:3s)
Total CPU time used: 3.560 sec (0h:0m:3s)
Total wall-clock time used: 3.561 sec (0h:0m:3s)

Analysis results written to: 
  IQ-TREE report:                ../simulations/data_D10T10L20I10T10//S/363_pruned.fasta.iqtree
  Maximum-likelihood tree:       ../simulations/data_D10T10L20I10T10//S/363_pruned.fasta.treefile
  Likelihood distances:          ../simulations/data_D10T10L20I10T10//S/363_pruned.fasta.mldist
  Screen log file:               ../simulations/data_D10T10L20I10T10//S/363_pruned.fasta.log

Date and Time: Mon Jun  4 01:17:54 2018
