IQ-TREE version 1.4.2 for Linux 64-bit built Apr 15 2016
Copyright (c) 2011-2015 Nguyen Lam Tung, Olga Chernomor, Arndt von Haeseler and Bui Quang Minh.

Host:    meduse (AVX2, FMA3, 7 GB RAM)
Command: iqtree -s ../simulations/data_D10T10L20I10T10//S/371_pruned.fasta -m GTR+G -alrt 1000 -redo
Seed:    751351 (Using SPRNG - Scalable Parallel Random Number Generator)
Time:    Mon Jun  4 00:46:23 2018
Kernel:  AVX

NOTE: Consider using the multicore version because your CPU has 4 cores!

Reading alignment file ../simulations/data_D10T10L20I10T10//S/371_pruned.fasta ... Fasta format detected
Alignment most likely contains DNA/RNA sequences
Alignment has 26 sequences with 300 columns and 300 patterns (287 informative sites)
          Gap/Ambiguity  Composition  p-value
   1  n299_300    0.00%    passed     20.72%
   2  n300_301    0.00%    passed     12.75%
   3  n290_291    0.00%    passed     33.21%
   4  n244_245    0.00%    passed     98.16%
   5  n255_256    0.00%    passed     36.68%
   6  n277_278    0.00%    passed     45.74%
   7  n200_201    0.00%    passed     88.59%
   8  n236_237    0.00%    passed     82.92%
   9  n274_275    0.00%    passed     43.78%
  10  n289_290    0.00%    passed     33.89%
  11  n296_297    0.00%    passed     92.38%
  12  n275_276    0.00%    passed     75.98%
  13  n292_293    0.00%    passed     22.15%
  14  n278_279    0.00%    passed     58.05%
  15  n298_299    0.00%    passed     30.32%
  16  n297_298    0.00%    passed     30.32%
  17  n286_287    0.00%    passed     38.12%
  18  n285_286    0.00%    passed     35.84%
  19  n287_288    0.00%    passed     33.96%
  20  n251_252    0.00%    failed      4.92%
  21  n294_295    0.00%    passed     63.25%
  22  n295_296    0.00%    passed     95.56%
  23  n266_267    0.00%    passed     78.59%
  24  n265_266    0.00%    passed     78.66%
  25  n280_281    0.00%    passed     47.85%
  26  n293_294    0.00%    passed     47.16%
****  TOTAL       0.00%  1 sequences failed composition chi2 test (p-value<5%; df=3)

Create initial parsimony tree by phylogenetic likelihood library (PLL)... 0.002 seconds

NOTE: 1 MB RAM is required!
Estimate model parameters (epsilon = 0.100)
1. Initial log-likelihood: -5344.689
2. Current log-likelihood: -5246.452
3. Current log-likelihood: -5233.194
4. Current log-likelihood: -5231.174
5. Current log-likelihood: -5230.468
6. Current log-likelihood: -5230.251
Optimal log-likelihood: -5230.200
Rate parameters:  A-C: 1.013  A-G: 1.236  A-T: 1.119  C-G: 1.074  C-T: 1.589  G-T: 1.000
Base frequencies:   A: 0.227  C: 0.271  G: 0.260  T: 0.242
Gamma shape alpha: 4.169
Parameters optimization took 6 rounds (0.079 sec)
--------------------------------------------------------------------
|             INITIALIZING CANDIDATE TREE SET                      |
--------------------------------------------------------------------
Computing ML distances based on estimated model parameters... 0.004 sec
Computing BIONJ tree...
0.000 seconds
Log-likelihood of BIONJ tree: -5230.709
Generating 98 parsimony trees... 0.145 seconds 2 distinct starting trees
Computing log-likelihood of 2 initial trees ... 0.000 seconds
Optimizing top 2 initial trees with NNI...
Iteration 1 / LogL: -5230.014 / Time: 0h:0m:0s
Estimate model parameters (epsilon = 0.100)
BETTER TREE FOUND at iteration 1: -5229.985
Iteration 2 / LogL: -5230.001 / Time: 0h:0m:0s
Average CPU time for 1 NNI search: 0.016
Finish initializing candidate tree set. Number of distinct locally optimal trees: 1
Current best tree score: -5229.985 / CPU time: 0.176
--------------------------------------------------------------------
|               OPTIMIZING CANDIDATE TREE SET                      |
--------------------------------------------------------------------
Estimate model parameters (epsilon = 0.010)
UPDATE BEST LOG-LIKELIHOOD: -5229.823
Iteration 10 / LogL: -5230.059 / Time: 0h:0m:0s
Iteration 20 / LogL: -5233.057 / Time: 0h:0m:0s (0h:0m:4s left)
Iteration 30 / LogL: -5230.178 / Time: 0h:0m:1s (0h:0m:3s left)
Iteration 40 / LogL: -5231.191 / Time: 0h:0m:1s (0h:0m:2s left)
Iteration 50 / LogL: -5230.171 / Time: 0h:0m:1s (0h:0m:1s left)
Iteration 60 / LogL: -5230.158 / Time: 0h:0m:2s (0h:0m:1s left)
Iteration 70 / LogL: -5230.477 / Time: 0h:0m:2s (0h:0m:1s left)
Iteration 80 / LogL: -5230.166 / Time: 0h:0m:2s (0h:0m:0s left)
Iteration 90 / LogL: -5230.300 / Time: 0h:0m:3s (0h:0m:0s left)
Iteration 100 / LogL: -5231.097 / Time: 0h:0m:3s (0h:0m:0s left)
TREE SEARCH COMPLETED AFTER 101 ITERATIONS / Time: 0h:0m:3s

--------------------------------------------------------------------
|                    FINALIZING TREE SEARCH                        |
--------------------------------------------------------------------
Performs final model parameters optimization
Estimate model parameters (epsilon = 0.010)
1. Initial log-likelihood: -5229.823
Optimal log-likelihood: -5229.822
Rate parameters:  A-C: 0.998  A-G: 1.238  A-T: 1.131  C-G: 1.037  C-T: 1.580  G-T: 1.000
Base frequencies:   A: 0.227  C: 0.271  G: 0.260  T: 0.242
Gamma shape alpha: 3.863
Parameters optimization took 1 rounds (0.010 sec)
BEST SCORE FOUND : -5229.822

Testing tree branches by SH-like aLRT with 1000 replicates...
CPU Time used:  0.120 sec.
Total tree length: 9.433

Total number of iterations: 101
CPU time used for tree search: 3.476 sec (0h:0m:3s)
Wall-clock time used for tree search: 3.479 sec (0h:0m:3s)
Total CPU time used: 3.708 sec (0h:0m:3s)
Total wall-clock time used: 3.710 sec (0h:0m:3s)

Analysis results written to: 
  IQ-TREE report:                ../simulations/data_D10T10L20I10T10//S/371_pruned.fasta.iqtree
  Maximum-likelihood tree:       ../simulations/data_D10T10L20I10T10//S/371_pruned.fasta.treefile
  Likelihood distances:          ../simulations/data_D10T10L20I10T10//S/371_pruned.fasta.mldist
  Screen log file:               ../simulations/data_D10T10L20I10T10//S/371_pruned.fasta.log

Date and Time: Mon Jun  4 00:46:27 2018
