IQ-TREE version 1.4.2 for Linux 64-bit built Apr 15 2016
Copyright (c) 2011-2015 Nguyen Lam Tung, Olga Chernomor, Arndt von Haeseler and Bui Quang Minh.

Host:    meduse (AVX2, FMA3, 7 GB RAM)
Command: iqtree -s ../simulations/data_D10T10L20I10T10//S/372_pruned.fasta -m GTR+G -alrt 1000 -redo
Seed:    822299 (Using SPRNG - Scalable Parallel Random Number Generator)
Time:    Mon Jun  4 00:35:36 2018
Kernel:  AVX

NOTE: Consider using the multicore version because your CPU has 4 cores!

Reading alignment file ../simulations/data_D10T10L20I10T10//S/372_pruned.fasta ... Fasta format detected
Alignment most likely contains DNA/RNA sequences
Alignment has 26 sequences with 300 columns and 300 patterns (296 informative sites)
          Gap/Ambiguity  Composition  p-value
   1  n244_243    0.00%    passed     96.39%
   2  n274_273    0.00%    passed     77.00%
   3  n293_292    0.00%    passed     95.37%
   4  n289_288    0.00%    passed     67.17%
   5  n287_286    0.00%    passed     98.92%
   6  n297_296    0.00%    passed     41.96%
   7  n277_276    0.00%    passed     87.44%
   8  n265_264    0.00%    passed     23.53%
   9  n200_201    0.00%    passed     66.85%
  10  n292_291    0.00%    passed     50.05%
  11  n275_274    0.00%    passed     98.79%
  12  n266_265    0.00%    passed     14.59%
  13  n290_289    0.00%    passed     69.59%
  14  n251_250    0.00%    passed     39.09%
  15  n285_284    0.00%    passed     96.69%
  16  n299_298    0.00%    passed     79.46%
  17  n280_279    0.00%    passed     97.21%
  18  n286_285    0.00%    passed     96.46%
  19  n278_277    0.00%    passed     68.75%
  20  n255_254    0.00%    passed     83.79%
  21  n294_293    0.00%    passed     95.78%
  22  n296_295    0.00%    passed     41.43%
  23  n295_294    0.00%    passed     47.08%
  24  n298_297    0.00%    passed     74.71%
  25  n236_237    0.00%    passed     85.28%
  26  n300_299    0.00%    passed     78.89%
****  TOTAL       0.00%  0 sequences failed composition chi2 test (p-value<5%; df=3)

Create initial parsimony tree by phylogenetic likelihood library (PLL)... 0.001 seconds

NOTE: 1 MB RAM is required!
Estimate model parameters (epsilon = 0.100)
1. Initial log-likelihood: -5308.444
2. Current log-likelihood: -5228.500
3. Current log-likelihood: -5215.966
4. Current log-likelihood: -5213.404
5. Current log-likelihood: -5212.785
6. Current log-likelihood: -5212.577
Optimal log-likelihood: -5212.487
Rate parameters:  A-C: 1.586  A-G: 1.507  A-T: 1.117  C-G: 1.293  C-T: 1.633  G-T: 1.000
Base frequencies:   A: 0.229  C: 0.265  G: 0.248  T: 0.259
Gamma shape alpha: 3.722
Parameters optimization took 6 rounds (0.075 sec)
--------------------------------------------------------------------
|             INITIALIZING CANDIDATE TREE SET                      |
--------------------------------------------------------------------
Computing ML distances based on estimated model parameters... 0.004 sec
WARNING: Some pairwise ML distances are too long (saturated)
Computing BIONJ tree...
0.000 seconds
Log-likelihood of BIONJ tree: -5230.516
Generating 98 parsimony trees... 0.136 seconds 3 distinct starting trees
Computing log-likelihood of 3 initial trees ... 0.003 seconds
Optimizing top 3 initial trees with NNI...
Iteration 1 / LogL: -5212.487 / Time: 0h:0m:0s
Estimate model parameters (epsilon = 0.100)
BETTER SCORE FOUND at iteration 1: -5212.465
Iteration 2 / LogL: -5212.634 / Time: 0h:0m:0s
Iteration 3 / LogL: -5215.543 / Time: 0h:0m:0s
Average CPU time for 1 NNI search: 0.013
Finish initializing candidate tree set. Number of distinct locally optimal trees: 2
Current best tree score: -5212.465 / CPU time: 0.180
--------------------------------------------------------------------
|               OPTIMIZING CANDIDATE TREE SET                      |
--------------------------------------------------------------------
Iteration 10 / LogL: -5212.677 / Time: 0h:0m:0s
Iteration 20 / LogL: -5212.126 / Time: 0h:0m:0s (0h:0m:3s left)
Estimate model parameters (epsilon = 0.010)
BETTER TREE FOUND at iteration 20: -5211.793
Iteration 30 / LogL: -5230.511 / Time: 0h:0m:1s (0h:0m:3s left)
Iteration 40 / LogL: -5217.609 / Time: 0h:0m:1s (0h:0m:3s left)
Estimate model parameters (epsilon = 0.010)
BETTER TREE FOUND at iteration 44: -5211.375
Iteration 50 / LogL: -5217.548 / Time: 0h:0m:1s (0h:0m:3s left)
Iteration 60 / LogL: -5218.767 / Time: 0h:0m:2s (0h:0m:3s left)
Iteration 70 / LogL: -5212.066 / Time: 0h:0m:2s (0h:0m:2s left)
Iteration 80 / LogL: -5220.360 / Time: 0h:0m:2s (0h:0m:2s left)
Iteration 90 / LogL: -5212.569 / Time: 0h:0m:3s (0h:0m:1s left)
Iteration 100 / LogL: -5214.834 / Time: 0h:0m:3s (0h:0m:1s left)
Iteration 110 / LogL: -5211.573 / Time: 0h:0m:3s (0h:0m:1s left)
Iteration 120 / LogL: -5212.758 / Time: 0h:0m:4s (0h:0m:0s left)
Iteration 130 / LogL: -5211.846 / Time: 0h:0m:4s (0h:0m:0s left)
Iteration 140 / LogL: -5212.021 / Time: 0h:0m:4s (0h:0m:0s left)
TREE SEARCH COMPLETED AFTER 144 ITERATIONS / Time: 0h:0m:5s

--------------------------------------------------------------------
|                    FINALIZING TREE SEARCH                        |
--------------------------------------------------------------------
Performs final model parameters optimization
Estimate model parameters (epsilon = 0.010)
1. Initial log-likelihood: -5211.375
Optimal log-likelihood: -5211.375
Rate parameters:  A-C: 1.501  A-G: 1.451  A-T: 1.070  C-G: 1.213  C-T: 1.566  G-T: 1.000
Base frequencies:   A: 0.229  C: 0.265  G: 0.248  T: 0.259
Gamma shape alpha: 3.796
Parameters optimization took 1 rounds (0.007 sec)
BEST SCORE FOUND : -5211.375

Testing tree branches by SH-like aLRT with 1000 replicates...
CPU Time used:  0.124 sec.
Total tree length: 8.864

Total number of iterations: 144
CPU time used for tree search: 4.968 sec (0h:0m:4s)
Wall-clock time used for tree search: 4.975 sec (0h:0m:4s)
Total CPU time used: 5.204 sec (0h:0m:5s)
Total wall-clock time used: 5.212 sec (0h:0m:5s)

Analysis results written to: 
  IQ-TREE report:                ../simulations/data_D10T10L20I10T10//S/372_pruned.fasta.iqtree
  Maximum-likelihood tree:       ../simulations/data_D10T10L20I10T10//S/372_pruned.fasta.treefile
  Likelihood distances:          ../simulations/data_D10T10L20I10T10//S/372_pruned.fasta.mldist
  Screen log file:               ../simulations/data_D10T10L20I10T10//S/372_pruned.fasta.log

Date and Time: Mon Jun  4 00:35:42 2018
