IQ-TREE version 1.4.2 for Linux 64-bit built Apr 15 2016
Copyright (c) 2011-2015 Nguyen Lam Tung, Olga Chernomor, Arndt von Haeseler and Bui Quang Minh.

Host:    meduse (AVX2, FMA3, 7 GB RAM)
Command: iqtree -s ../simulations/data_D10T10L20I10T10//S/376_pruned.fasta -m GTR+G -alrt 1000 -redo
Seed:    872873 (Using SPRNG - Scalable Parallel Random Number Generator)
Time:    Fri Jun  1 10:46:26 2018
Kernel:  AVX

NOTE: Consider using the multicore version because your CPU has 4 cores!

Reading alignment file ../simulations/data_D10T10L20I10T10//S/376_pruned.fasta ... Fasta format detected
Alignment most likely contains DNA/RNA sequences
Alignment has 26 sequences with 300 columns and 185 patterns (157 informative sites)
          Gap/Ambiguity  Composition  p-value
   1  n300_303    0.00%    passed     78.06%
   2  n289_292    0.00%    passed     89.39%
   3  n290_293    0.00%    passed     83.50%
   4  n296_299    0.00%    passed     88.38%
   5  n255_258    0.00%    passed     84.00%
   6  n298_301    0.00%    passed     96.87%
   7  n297_300    0.00%    passed     97.42%
   8  n278_281    0.00%    passed     65.84%
   9  n287_290    0.00%    passed     86.24%
  10  n265_268    0.00%    passed     71.95%
  11  n280_283    0.00%    passed     93.62%
  12  n285_288    0.00%    passed     57.20%
  13  n292_295    0.00%    passed     78.85%
  14  n236_239    0.00%    passed     73.93%
  15  n293_296    0.00%    passed     96.76%
  16  n275_278    0.00%    passed     95.31%
  17  n277_280    0.00%    passed     68.96%
  18  n299_302    0.00%    passed     85.57%
  19  n266_269    0.00%    passed     80.50%
  20  n286_289    0.00%    passed     57.67%
  21  n251_254    0.00%    passed     85.34%
  22  n244_247    0.00%    passed     65.53%
  23  n274_277    0.00%    passed     78.85%
  24  n200_201    0.00%    passed     92.47%
  25  n295_298    0.00%    passed     90.62%
  26  n294_297    0.00%    passed     97.76%
****  TOTAL       0.00%  0 sequences failed composition chi2 test (p-value<5%; df=3)

Create initial parsimony tree by phylogenetic likelihood library (PLL)... 0.001 seconds

NOTE: 0 MB RAM is required!
Estimate model parameters (epsilon = 0.100)
1. Initial log-likelihood: -2152.419
2. Current log-likelihood: -2105.985
3. Current log-likelihood: -2105.308
Optimal log-likelihood: -2105.305
Rate parameters:  A-C: 1.087  A-G: 1.023  A-T: 1.129  C-G: 1.168  C-T: 1.019  G-T: 1.000
Base frequencies:   A: 0.244  C: 0.264  G: 0.258  T: 0.234
Gamma shape alpha: 13.328
Parameters optimization took 3 rounds (0.024 sec)
--------------------------------------------------------------------
|             INITIALIZING CANDIDATE TREE SET                      |
--------------------------------------------------------------------
Computing ML distances based on estimated model parameters... 0.000 sec
Computing BIONJ tree...
0.000 seconds
Log-likelihood of BIONJ tree: -2105.304
Generating 98 parsimony trees... 0.120 seconds 94 distinct starting trees
Computing log-likelihood of 94 initial trees ... 0.225 seconds
Optimizing top 20 initial trees with NNI...
Iteration 1 / LogL: -2105.305 / Time: 0h:0m:0s
Estimate model parameters (epsilon = 0.100)
BETTER SCORE FOUND at iteration 1: -2105.294
Iteration 2 / LogL: -2105.296 / Time: 0h:0m:0s
Iteration 3 / LogL: -2105.297 / Time: 0h:0m:0s
Iteration 4 / LogL: -2105.297 / Time: 0h:0m:0s
Iteration 5 / LogL: -2105.297 / Time: 0h:0m:0s
Iteration 6 / LogL: -2105.297 / Time: 0h:0m:0s
Iteration 7 / LogL: -2105.297 / Time: 0h:0m:0s
Iteration 8 / LogL: -2105.297 / Time: 0h:0m:0s
Iteration 9 / LogL: -2105.297 / Time: 0h:0m:0s
Iteration 10 / LogL: -2105.297 / Time: 0h:0m:0s
Iteration 11 / LogL: -2105.297 / Time: 0h:0m:0s
Iteration 12 / LogL: -2105.297 / Time: 0h:0m:0s
Iteration 13 / LogL: -2105.297 / Time: 0h:0m:0s
Iteration 14 / LogL: -2105.297 / Time: 0h:0m:0s
Iteration 15 / LogL: -2105.297 / Time: 0h:0m:0s
Iteration 16 / LogL: -2105.297 / Time: 0h:0m:0s
Iteration 17 / LogL: -2105.297 / Time: 0h:0m:0s
Iteration 18 / LogL: -2105.297 / Time: 0h:0m:0s
Iteration 19 / LogL: -2105.297 / Time: 0h:0m:0s
Iteration 20 / LogL: -2105.297 / Time: 0h:0m:0s
Average CPU time for 1 NNI search: 0.005
Finish initializing candidate tree set. Number of distinct locally optimal trees: 20
Current best tree score: -2105.294 / CPU time: 0.436
--------------------------------------------------------------------
|               OPTIMIZING CANDIDATE TREE SET                      |
--------------------------------------------------------------------
Iteration 30 / LogL: -2105.303 / Time: 0h:0m:0s (0h:0m:1s left)
Iteration 40 / LogL: -2138.794 / Time: 0h:0m:0s (0h:0m:1s left)
Iteration 50 / LogL: -2105.666 / Time: 0h:0m:0s (0h:0m:0s left)
Iteration 60 / LogL: -2105.939 / Time: 0h:0m:1s (0h:0m:0s left)
Iteration 70 / LogL: -2277.593 / Time: 0h:0m:1s (0h:0m:0s left)
Iteration 80 / LogL: -2105.312 / Time: 0h:0m:1s (0h:0m:0s left)
Iteration 90 / LogL: -2105.296 / Time: 0h:0m:1s (0h:0m:0s left)
Iteration 100 / LogL: -2105.294 / Time: 0h:0m:2s (0h:0m:0s left)
TREE SEARCH COMPLETED AFTER 101 ITERATIONS / Time: 0h:0m:2s

--------------------------------------------------------------------
|                    FINALIZING TREE SEARCH                        |
--------------------------------------------------------------------
Performs final model parameters optimization
Estimate model parameters (epsilon = 0.010)
1. Initial log-likelihood: -2105.294
Optimal log-likelihood: -2105.293
Rate parameters:  A-C: 1.078  A-G: 1.011  A-T: 1.120  C-G: 1.152  C-T: 1.028  G-T: 1.000
Base frequencies:   A: 0.244  C: 0.264  G: 0.258  T: 0.234
Gamma shape alpha: 13.413
Parameters optimization took 1 rounds (0.005 sec)
BEST SCORE FOUND : -2105.293

Testing tree branches by SH-like aLRT with 1000 replicates...
CPU Time used:  0.164 sec.
Total tree length: 1.255

Total number of iterations: 101
CPU time used for tree search: 2.096 sec (0h:0m:2s)
Wall-clock time used for tree search: 2.106 sec (0h:0m:2s)
Total CPU time used: 2.304 sec (0h:0m:2s)
Total wall-clock time used: 2.318 sec (0h:0m:2s)

Analysis results written to: 
  IQ-TREE report:                ../simulations/data_D10T10L20I10T10//S/376_pruned.fasta.iqtree
  Maximum-likelihood tree:       ../simulations/data_D10T10L20I10T10//S/376_pruned.fasta.treefile
  Likelihood distances:          ../simulations/data_D10T10L20I10T10//S/376_pruned.fasta.mldist
  Screen log file:               ../simulations/data_D10T10L20I10T10//S/376_pruned.fasta.log

Date and Time: Fri Jun  1 10:46:29 2018
