IQ-TREE version 1.4.2 for Linux 64-bit built Apr 15 2016
Copyright (c) 2011-2015 Nguyen Lam Tung, Olga Chernomor, Arndt von Haeseler and Bui Quang Minh.

Host:    meduse (AVX2, FMA3, 7 GB RAM)
Command: iqtree -s ../simulations/data_D10T10L20I10T10//S/378_pruned.fasta -m GTR+G -alrt 1000 -redo
Seed:    999287 (Using SPRNG - Scalable Parallel Random Number Generator)
Time:    Fri Jun  1 10:40:13 2018
Kernel:  AVX

NOTE: Consider using the multicore version because your CPU has 4 cores!

Reading alignment file ../simulations/data_D10T10L20I10T10//S/378_pruned.fasta ... Fasta format detected
Alignment most likely contains DNA/RNA sequences
Alignment has 26 sequences with 300 columns and 184 patterns (173 informative sites)
          Gap/Ambiguity  Composition  p-value
   1  n292_293    0.00%    passed     99.81%
   2  n287_288    0.00%    passed     93.58%
   3  n290_291    0.00%    passed     93.70%
   4  n294_295    0.00%    passed     97.22%
   5  n251_252    0.00%    passed     76.22%
   6  n286_287    0.00%    passed     93.17%
   7  n300_301    0.00%    passed     99.81%
   8  n275_276    0.00%    passed     85.54%
   9  n274_275    0.00%    passed     95.03%
  10  n289_290    0.00%    passed     96.19%
  11  n255_256    0.00%    passed     80.63%
  12  n236_237    0.00%    passed     74.47%
  13  n299_300    0.00%    passed     99.81%
  14  n278_279    0.00%    passed     96.37%
  15  n297_298    0.00%    passed     98.64%
  16  n298_299    0.00%    passed     97.81%
  17  n244_245    0.00%    passed     94.41%
  18  n293_294    0.00%    passed     97.22%
  19  n296_297    0.00%    passed     97.82%
  20  n295_296    0.00%    passed     99.18%
  21  n266_267    0.00%    passed     37.36%
  22  n200_201    0.00%    passed     90.57%
  23  n285_286    0.00%    passed     86.90%
  24  n277_278    0.00%    passed     97.12%
  25  n280_281    0.00%    passed     95.89%
  26  n265_266    0.00%    passed     55.20%
****  TOTAL       0.00%  0 sequences failed composition chi2 test (p-value<5%; df=3)
NOTE: 3 identical sequences (see below) will be ignored for subsequent analysis
NOTE: n300_301 (identical to n292_293) is ignored but added at the end
NOTE: n299_300 (identical to n292_293) is ignored but added at the end
NOTE: n293_294 (identical to n294_295) is ignored but added at the end

Create initial parsimony tree by phylogenetic likelihood library (PLL)... 0.001 seconds

NOTE: 0 MB RAM is required!
Estimate model parameters (epsilon = 0.100)
1. Initial log-likelihood: -2109.454
2. Current log-likelihood: -2064.046
3. Current log-likelihood: -2063.370
Optimal log-likelihood: -2063.360
Rate parameters:  A-C: 0.732  A-G: 0.863  A-T: 0.858  C-G: 0.642  C-T: 0.729  G-T: 1.000
Base frequencies:   A: 0.237  C: 0.276  G: 0.260  T: 0.226
Gamma shape alpha: 998.393
Parameters optimization took 3 rounds (0.021 sec)
--------------------------------------------------------------------
|             INITIALIZING CANDIDATE TREE SET                      |
--------------------------------------------------------------------
Computing ML distances based on estimated model parameters... 0.004 sec
Computing BIONJ tree...
0.000 seconds
Log-likelihood of BIONJ tree: -2063.359
Generating 98 parsimony trees... 0.070 seconds 3 distinct starting trees
Computing log-likelihood of 3 initial trees ... 0.002 seconds
Optimizing top 3 initial trees with NNI...
Iteration 1 / LogL: -2063.360 / Time: 0h:0m:0s
Estimate model parameters (epsilon = 0.100)
BETTER SCORE FOUND at iteration 1: -2063.357
Iteration 2 / LogL: -2063.359 / Time: 0h:0m:0s
Iteration 3 / LogL: -2063.359 / Time: 0h:0m:0s
Average CPU time for 1 NNI search: 0.004
Finish initializing candidate tree set. Number of distinct locally optimal trees: 3
Current best tree score: -2063.357 / CPU time: 0.084
--------------------------------------------------------------------
|               OPTIMIZING CANDIDATE TREE SET                      |
--------------------------------------------------------------------
Iteration 10 / LogL: -2063.369 / Time: 0h:0m:0s
Iteration 20 / LogL: -2063.436 / Time: 0h:0m:0s (0h:0m:1s left)
Iteration 30 / LogL: -2063.358 / Time: 0h:0m:0s (0h:0m:1s left)
Iteration 40 / LogL: -2063.370 / Time: 0h:0m:0s (0h:0m:0s left)
Iteration 50 / LogL: -2063.364 / Time: 0h:0m:0s (0h:0m:0s left)
Iteration 60 / LogL: -2063.373 / Time: 0h:0m:0s (0h:0m:0s left)
Iteration 70 / LogL: -2063.365 / Time: 0h:0m:1s (0h:0m:0s left)
Iteration 80 / LogL: -2063.359 / Time: 0h:0m:1s (0h:0m:0s left)
Iteration 90 / LogL: -2063.426 / Time: 0h:0m:1s (0h:0m:0s left)
Iteration 100 / LogL: -2063.563 / Time: 0h:0m:1s (0h:0m:0s left)
TREE SEARCH COMPLETED AFTER 101 ITERATIONS / Time: 0h:0m:1s

--------------------------------------------------------------------
|                    FINALIZING TREE SEARCH                        |
--------------------------------------------------------------------
Performs final model parameters optimization
Estimate model parameters (epsilon = 0.010)
1. Initial log-likelihood: -2063.357
Optimal log-likelihood: -2063.357
Rate parameters:  A-C: 0.736  A-G: 0.867  A-T: 0.863  C-G: 0.646  C-T: 0.733  G-T: 1.000
Base frequencies:   A: 0.237  C: 0.276  G: 0.260  T: 0.226
Gamma shape alpha: 998.393
Parameters optimization took 1 rounds (0.005 sec)
BEST SCORE FOUND : -2063.357

Testing tree branches by SH-like aLRT with 1000 replicates...
CPU Time used:  0.092 sec.
Total tree length: 1.217

Total number of iterations: 101
CPU time used for tree search: 1.352 sec (0h:0m:1s)
Wall-clock time used for tree search: 1.354 sec (0h:0m:1s)
Total CPU time used: 1.480 sec (0h:0m:1s)
Total wall-clock time used: 1.484 sec (0h:0m:1s)

Analysis results written to: 
  IQ-TREE report:                ../simulations/data_D10T10L20I10T10//S/378_pruned.fasta.iqtree
  Maximum-likelihood tree:       ../simulations/data_D10T10L20I10T10//S/378_pruned.fasta.treefile
  Likelihood distances:          ../simulations/data_D10T10L20I10T10//S/378_pruned.fasta.mldist
  Screen log file:               ../simulations/data_D10T10L20I10T10//S/378_pruned.fasta.log

Date and Time: Fri Jun  1 10:40:15 2018
