IQ-TREE version 1.4.2 for Linux 64-bit built Apr 15 2016
Copyright (c) 2011-2015 Nguyen Lam Tung, Olga Chernomor, Arndt von Haeseler and Bui Quang Minh.

Host:    meduse (AVX2, FMA3, 7 GB RAM)
Command: iqtree -s ../simulations/data_D10T10L20I10T10//S/383_pruned.fasta -m GTR+G -alrt 1000 -redo
Seed:    522816 (Using SPRNG - Scalable Parallel Random Number Generator)
Time:    Mon Jun  4 00:25:08 2018
Kernel:  AVX

NOTE: Consider using the multicore version because your CPU has 4 cores!

Reading alignment file ../simulations/data_D10T10L20I10T10//S/383_pruned.fasta ... Fasta format detected
Alignment most likely contains DNA/RNA sequences
Alignment has 26 sequences with 300 columns and 298 patterns (292 informative sites)
          Gap/Ambiguity  Composition  p-value
   1  n299_300    0.00%    passed     64.31%
   2  n300_301    0.00%    passed     55.98%
   3  n290_291    0.00%    passed     90.67%
   4  n244_245    0.00%    passed     34.63%
   5  n255_256    0.00%    passed     71.50%
   6  n277_278    0.00%    passed     14.43%
   7  n200_201    0.00%    passed     84.37%
   8  n236_237    0.00%    passed     35.37%
   9  n274_275    0.00%    passed     86.32%
  10  n289_290    0.00%    passed     90.05%
  11  n296_297    0.00%    passed     94.85%
  12  n275_276    0.00%    passed     60.13%
  13  n292_293    0.00%    passed     62.26%
  14  n278_279    0.00%    passed      9.27%
  15  n298_299    0.00%    passed     90.58%
  16  n297_298    0.00%    passed     75.99%
  17  n286_287    0.00%    passed      9.45%
  18  n285_286    0.00%    passed     33.16%
  19  n287_288    0.00%    passed     79.59%
  20  n251_252    0.00%    passed     80.38%
  21  n294_295    0.00%    passed      9.78%
  22  n295_296    0.00%    passed     70.78%
  23  n266_267    0.00%    passed     55.43%
  24  n265_266    0.00%    passed     76.39%
  25  n280_281    0.00%    passed     72.92%
  26  n293_294    0.00%    passed     10.73%
****  TOTAL       0.00%  0 sequences failed composition chi2 test (p-value<5%; df=3)

Create initial parsimony tree by phylogenetic likelihood library (PLL)... 0.002 seconds

NOTE: 1 MB RAM is required!
Estimate model parameters (epsilon = 0.100)
1. Initial log-likelihood: -5348.035
2. Current log-likelihood: -5273.483
3. Current log-likelihood: -5257.227
4. Current log-likelihood: -5253.051
5. Current log-likelihood: -5251.987
6. Current log-likelihood: -5251.745
Optimal log-likelihood: -5251.684
Rate parameters:  A-C: 1.111  A-G: 1.213  A-T: 1.247  C-G: 1.084  C-T: 1.420  G-T: 1.000
Base frequencies:   A: 0.217  C: 0.275  G: 0.263  T: 0.246
Gamma shape alpha: 4.009
Parameters optimization took 6 rounds (0.072 sec)
--------------------------------------------------------------------
|             INITIALIZING CANDIDATE TREE SET                      |
--------------------------------------------------------------------
Computing ML distances based on estimated model parameters... 0.004 sec
WARNING: Some pairwise ML distances are too long (saturated)
Computing BIONJ tree...
0.000 seconds
Log-likelihood of BIONJ tree: -5289.207
Generating 98 parsimony trees... 0.132 seconds 2 distinct starting trees
Computing log-likelihood of 2 initial trees ... 0.000 seconds
Optimizing top 2 initial trees with NNI...
Iteration 1 / LogL: -5251.684 / Time: 0h:0m:0s
Estimate model parameters (epsilon = 0.100)
BETTER SCORE FOUND at iteration 1: -5251.674
Iteration 2 / LogL: -5251.755 / Time: 0h:0m:0s
Average CPU time for 1 NNI search: 0.016
Finish initializing candidate tree set. Number of distinct locally optimal trees: 1
Current best tree score: -5251.674 / CPU time: 0.164
--------------------------------------------------------------------
|               OPTIMIZING CANDIDATE TREE SET                      |
--------------------------------------------------------------------
Iteration 10 / LogL: -5252.957 / Time: 0h:0m:0s
Iteration 20 / LogL: -5253.062 / Time: 0h:0m:0s (0h:0m:3s left)
Iteration 30 / LogL: -5252.807 / Time: 0h:0m:1s (0h:0m:2s left)
Iteration 40 / LogL: -5253.338 / Time: 0h:0m:1s (0h:0m:2s left)
Iteration 50 / LogL: -5261.227 / Time: 0h:0m:1s (0h:0m:1s left)
Iteration 60 / LogL: -5253.843 / Time: 0h:0m:2s (0h:0m:1s left)
Iteration 70 / LogL: -5256.133 / Time: 0h:0m:2s (0h:0m:1s left)
Iteration 80 / LogL: -5253.723 / Time: 0h:0m:2s (0h:0m:0s left)
Iteration 90 / LogL: -5256.301 / Time: 0h:0m:3s (0h:0m:0s left)
Iteration 100 / LogL: -5252.251 / Time: 0h:0m:3s (0h:0m:0s left)
TREE SEARCH COMPLETED AFTER 101 ITERATIONS / Time: 0h:0m:3s

--------------------------------------------------------------------
|                    FINALIZING TREE SEARCH                        |
--------------------------------------------------------------------
Performs final model parameters optimization
Estimate model parameters (epsilon = 0.010)
1. Initial log-likelihood: -5251.674
Optimal log-likelihood: -5251.669
Rate parameters:  A-C: 1.120  A-G: 1.224  A-T: 1.261  C-G: 1.096  C-T: 1.434  G-T: 1.000
Base frequencies:   A: 0.217  C: 0.275  G: 0.263  T: 0.246
Gamma shape alpha: 4.031
Parameters optimization took 1 rounds (0.007 sec)
BEST SCORE FOUND : -5251.669

Testing tree branches by SH-like aLRT with 1000 replicates...
CPU Time used:  0.120 sec.
Total tree length: 8.754

Total number of iterations: 101
CPU time used for tree search: 3.408 sec (0h:0m:3s)
Wall-clock time used for tree search: 3.409 sec (0h:0m:3s)
Total CPU time used: 3.636 sec (0h:0m:3s)
Total wall-clock time used: 3.637 sec (0h:0m:3s)

Analysis results written to: 
  IQ-TREE report:                ../simulations/data_D10T10L20I10T10//S/383_pruned.fasta.iqtree
  Maximum-likelihood tree:       ../simulations/data_D10T10L20I10T10//S/383_pruned.fasta.treefile
  Likelihood distances:          ../simulations/data_D10T10L20I10T10//S/383_pruned.fasta.mldist
  Screen log file:               ../simulations/data_D10T10L20I10T10//S/383_pruned.fasta.log

Date and Time: Mon Jun  4 00:25:12 2018
