IQ-TREE version 1.4.2 for Linux 64-bit built Apr 15 2016
Copyright (c) 2011-2015 Nguyen Lam Tung, Olga Chernomor, Arndt von Haeseler and Bui Quang Minh.

Host:    meduse (AVX2, FMA3, 7 GB RAM)
Command: iqtree -s ../simulations/data_D8T8L15I8T8//S/390_pruned.fasta -m GTR+G -alrt 1000 -redo
Seed:    647852 (Using SPRNG - Scalable Parallel Random Number Generator)
Time:    Fri May 25 23:09:03 2018
Kernel:  AVX

NOTE: Consider using the multicore version because your CPU has 4 cores!

Reading alignment file ../simulations/data_D8T8L15I8T8//S/390_pruned.fasta ... Fasta format detected
Alignment most likely contains DNA/RNA sequences
Alignment has 26 sequences with 300 columns and 189 patterns (165 informative sites)
          Gap/Ambiguity  Composition  p-value
   1  n287_288    0.00%    passed     95.09%
   2  n290_291    0.00%    passed     98.44%
   3  n236_237    0.00%    passed     93.31%
   4  n278_279    0.00%    passed     95.90%
   5  n285_286    0.00%    passed     53.99%
   6  n265_266    0.00%    passed     86.50%
   7  n280_281    0.00%    passed     98.87%
   8  n299_300    0.00%    passed     94.66%
   9  n293_294    0.00%    passed     95.19%
  10  n274_275    0.00%    passed     96.15%
  11  n292_293    0.00%    passed     94.76%
  12  n296_297    0.00%    passed     98.44%
  13  n294_295    0.00%    passed     91.54%
  14  n275_276    0.00%    passed     93.73%
  15  n297_298    0.00%    passed     98.69%
  16  n289_290    0.00%    passed     96.71%
  17  n286_287    0.00%    passed     58.98%
  18  n255_256    0.00%    passed     85.74%
  19  n295_296    0.00%    passed     94.88%
  20  n266_267    0.00%    passed     88.39%
  21  n244_245    0.00%    passed     70.16%
  22  n298_299    0.00%    passed     98.69%
  23  n300_301    0.00%    passed     94.76%
  24  n200_201    0.00%    passed     57.66%
  25  n277_278    0.00%    passed     95.52%
  26  n251_252    0.00%    passed     77.96%
****  TOTAL       0.00%  0 sequences failed composition chi2 test (p-value<5%; df=3)
NOTE: 2 identical sequences (see below) will be ignored for subsequent analysis
NOTE: n300_301 (identical to n292_293) is ignored but added at the end
NOTE: n298_299 (identical to n297_298) is ignored but added at the end

Create initial parsimony tree by phylogenetic likelihood library (PLL)... 0.001 seconds

NOTE: 0 MB RAM is required!
Estimate model parameters (epsilon = 0.100)
1. Initial log-likelihood: -2151.304
2. Current log-likelihood: -2097.735
3. Current log-likelihood: -2097.198
Optimal log-likelihood: -2097.182
Rate parameters:  A-C: 1.135  A-G: 1.143  A-T: 0.978  C-G: 0.954  C-T: 1.319  G-T: 1.000
Base frequencies:   A: 0.264  C: 0.269  G: 0.248  T: 0.219
Gamma shape alpha: 998.668
Parameters optimization took 3 rounds (0.029 sec)
--------------------------------------------------------------------
|             INITIALIZING CANDIDATE TREE SET                      |
--------------------------------------------------------------------
Computing ML distances based on estimated model parameters... 0.000 sec
Computing BIONJ tree...
0.000 seconds
Log-likelihood of BIONJ tree: -2097.182
Generating 98 parsimony trees... 0.102 seconds 6 distinct starting trees
Computing log-likelihood of 6 initial trees ... 0.009 seconds
Optimizing top 6 initial trees with NNI...
Iteration 1 / LogL: -2097.182 / Time: 0h:0m:0s
Estimate model parameters (epsilon = 0.100)
BETTER SCORE FOUND at iteration 1: -2097.172
Iteration 2 / LogL: -2097.173 / Time: 0h:0m:0s
Iteration 3 / LogL: -2097.173 / Time: 0h:0m:0s
Iteration 4 / LogL: -2097.172 / Time: 0h:0m:0s
Iteration 5 / LogL: -2097.172 / Time: 0h:0m:0s
Iteration 6 / LogL: -2097.172 / Time: 0h:0m:0s
Average CPU time for 1 NNI search: 0.007
Finish initializing candidate tree set. Number of distinct locally optimal trees: 3
Current best tree score: -2097.172 / CPU time: 0.156
--------------------------------------------------------------------
|               OPTIMIZING CANDIDATE TREE SET                      |
--------------------------------------------------------------------
Iteration 10 / LogL: -2097.172 / Time: 0h:0m:0s
Iteration 20 / LogL: -2097.171 / Time: 0h:0m:0s (0h:0m:2s left)
Iteration 30 / LogL: -2097.172 / Time: 0h:0m:0s (0h:0m:1s left)
Iteration 40 / LogL: -2097.172 / Time: 0h:0m:0s (0h:0m:1s left)
Iteration 50 / LogL: -2097.172 / Time: 0h:0m:1s (0h:0m:1s left)
Iteration 60 / LogL: -2097.179 / Time: 0h:0m:1s (0h:0m:0s left)
Iteration 70 / LogL: -2097.177 / Time: 0h:0m:1s (0h:0m:0s left)
Iteration 80 / LogL: -2097.172 / Time: 0h:0m:1s (0h:0m:0s left)
Iteration 90 / LogL: -2499.101 / Time: 0h:0m:1s (0h:0m:0s left)
Iteration 100 / LogL: -2097.175 / Time: 0h:0m:2s (0h:0m:0s left)
TREE SEARCH COMPLETED AFTER 101 ITERATIONS / Time: 0h:0m:2s

--------------------------------------------------------------------
|                    FINALIZING TREE SEARCH                        |
--------------------------------------------------------------------
Performs final model parameters optimization
Estimate model parameters (epsilon = 0.010)
1. Initial log-likelihood: -2097.171
Optimal log-likelihood: -2097.165
Rate parameters:  A-C: 1.150  A-G: 1.157  A-T: 0.989  C-G: 0.969  C-T: 1.338  G-T: 1.000
Base frequencies:   A: 0.264  C: 0.269  G: 0.248  T: 0.219
Gamma shape alpha: 998.668
Parameters optimization took 1 rounds (0.007 sec)
BEST SCORE FOUND : -2097.165

Testing tree branches by SH-like aLRT with 1000 replicates...
CPU Time used:  0.136 sec.
Total tree length: 1.246

Total number of iterations: 101
CPU time used for tree search: 2.044 sec (0h:0m:2s)
Wall-clock time used for tree search: 2.045 sec (0h:0m:2s)
Total CPU time used: 2.232 sec (0h:0m:2s)
Total wall-clock time used: 2.235 sec (0h:0m:2s)

Analysis results written to: 
  IQ-TREE report:                ../simulations/data_D8T8L15I8T8//S/390_pruned.fasta.iqtree
  Maximum-likelihood tree:       ../simulations/data_D8T8L15I8T8//S/390_pruned.fasta.treefile
  Likelihood distances:          ../simulations/data_D8T8L15I8T8//S/390_pruned.fasta.mldist
  Screen log file:               ../simulations/data_D8T8L15I8T8//S/390_pruned.fasta.log

Date and Time: Fri May 25 23:09:05 2018
