IQ-TREE version 1.4.2 for Linux 64-bit built Apr 15 2016
Copyright (c) 2011-2015 Nguyen Lam Tung, Olga Chernomor, Arndt von Haeseler and Bui Quang Minh.

Host:    meduse (AVX2, FMA3, 7 GB RAM)
Command: iqtree -s ../simulations/data_D10T10L20I10T10//S/396_pruned.fasta -m GTR+G -alrt 1000 -redo
Seed:    820960 (Using SPRNG - Scalable Parallel Random Number Generator)
Time:    Fri Jun  1 10:37:38 2018
Kernel:  AVX

NOTE: Consider using the multicore version because your CPU has 4 cores!

Reading alignment file ../simulations/data_D10T10L20I10T10//S/396_pruned.fasta ... Fasta format detected
Alignment most likely contains DNA/RNA sequences
Alignment has 26 sequences with 300 columns and 164 patterns (142 informative sites)
          Gap/Ambiguity  Composition  p-value
   1  n251_256    0.00%    passed     56.25%
   2  n299_304    0.00%    passed     47.61%
   3  n275_280    0.00%    passed     91.32%
   4  n286_291    0.00%    passed     94.86%
   5  n297_302    0.00%    passed     85.29%
   6  n265_270    0.00%    passed     67.89%
   7  n293_298    0.00%    passed     84.06%
   8  n289_294    0.00%    passed     95.95%
   9  n266_271    0.00%    passed     58.51%
  10  n274_279    0.00%    passed     71.31%
  11  n236_241    0.00%    passed     42.04%
  12  n290_295    0.00%    passed     94.84%
  13  n287_292    0.00%    passed     92.64%
  14  n300_305    0.00%    passed     40.87%
  15  n292_297    0.00%    passed     49.71%
  16  n295_300    0.00%    passed     89.40%
  17  n244_249    0.00%    passed     42.10%
  18  n285_290    0.00%    passed     88.73%
  19  n296_301    0.00%    passed     89.40%
  20  n200_203    0.00%    passed     72.77%
  21  n294_299    0.00%    passed     84.06%
  22  n298_303    0.00%    passed     83.87%
  23  n277_282    0.00%    passed     68.97%
  24  n280_285    0.00%    passed     50.00%
  25  n255_260    0.00%    passed     57.19%
  26  n278_283    0.00%    passed     74.80%
****  TOTAL       0.00%  0 sequences failed composition chi2 test (p-value<5%; df=3)
NOTE: 2 identical sequences (see below) will be ignored for subsequent analysis
NOTE: n294_299 (identical to n293_298) is ignored but added at the end
NOTE: n296_301 (identical to n295_300) is ignored but added at the end

Create initial parsimony tree by phylogenetic likelihood library (PLL)... 0.001 seconds

NOTE: 0 MB RAM is required!
Estimate model parameters (epsilon = 0.100)
1. Initial log-likelihood: -1987.016
2. Current log-likelihood: -1942.208
3. Current log-likelihood: -1941.930
Optimal log-likelihood: -1941.930
Rate parameters:  A-C: 1.168  A-G: 1.066  A-T: 1.412  C-G: 1.494  C-T: 1.263  G-T: 1.000
Base frequencies:   A: 0.236  C: 0.257  G: 0.300  T: 0.207
Gamma shape alpha: 6.661
Parameters optimization took 3 rounds (0.020 sec)
--------------------------------------------------------------------
|             INITIALIZING CANDIDATE TREE SET                      |
--------------------------------------------------------------------
Computing ML distances based on estimated model parameters... 0.000 sec
Computing BIONJ tree...
0.000 seconds
Log-likelihood of BIONJ tree: -1941.930
Generating 98 parsimony trees... 0.075 seconds 88 distinct starting trees
Computing log-likelihood of 88 initial trees ... 0.134 seconds
Optimizing top 20 initial trees with NNI...
Iteration 1 / LogL: -1941.930 / Time: 0h:0m:0s
Estimate model parameters (epsilon = 0.100)
BETTER SCORE FOUND at iteration 1: -1941.929
Iteration 2 / LogL: -1941.929 / Time: 0h:0m:0s
Iteration 3 / LogL: -1941.929 / Time: 0h:0m:0s
Iteration 4 / LogL: -1941.929 / Time: 0h:0m:0s
Iteration 5 / LogL: -1941.929 / Time: 0h:0m:0s
Iteration 6 / LogL: -1941.929 / Time: 0h:0m:0s
Iteration 7 / LogL: -1941.929 / Time: 0h:0m:0s
Iteration 8 / LogL: -1941.929 / Time: 0h:0m:0s
Iteration 9 / LogL: -1941.929 / Time: 0h:0m:0s
Iteration 10 / LogL: -1941.929 / Time: 0h:0m:0s
Iteration 11 / LogL: -1941.929 / Time: 0h:0m:0s
Iteration 12 / LogL: -1941.929 / Time: 0h:0m:0s
Iteration 13 / LogL: -1941.929 / Time: 0h:0m:0s
Iteration 14 / LogL: -1941.929 / Time: 0h:0m:0s
Iteration 15 / LogL: -1941.929 / Time: 0h:0m:0s
Iteration 16 / LogL: -1941.929 / Time: 0h:0m:0s
Iteration 17 / LogL: -1941.929 / Time: 0h:0m:0s
Iteration 18 / LogL: -1941.929 / Time: 0h:0m:0s
Iteration 19 / LogL: -1941.929 / Time: 0h:0m:0s
Iteration 20 / LogL: -1941.929 / Time: 0h:0m:0s
Average CPU time for 1 NNI search: 0.004
Finish initializing candidate tree set. Number of distinct locally optimal trees: 20
Current best tree score: -1941.929 / CPU time: 0.280
--------------------------------------------------------------------
|               OPTIMIZING CANDIDATE TREE SET                      |
--------------------------------------------------------------------
Iteration 30 / LogL: -1948.166 / Time: 0h:0m:0s (0h:0m:1s left)
Iteration 40 / LogL: -1941.979 / Time: 0h:0m:0s (0h:0m:0s left)
Iteration 50 / LogL: -1941.940 / Time: 0h:0m:0s (0h:0m:0s left)
Iteration 60 / LogL: -1941.930 / Time: 0h:0m:0s (0h:0m:0s left)
Iteration 70 / LogL: -1942.072 / Time: 0h:0m:0s (0h:0m:0s left)
Iteration 80 / LogL: -1941.938 / Time: 0h:0m:0s (0h:0m:0s left)
Iteration 90 / LogL: -1941.929 / Time: 0h:0m:1s (0h:0m:0s left)
Iteration 100 / LogL: -1948.158 / Time: 0h:0m:1s (0h:0m:0s left)
TREE SEARCH COMPLETED AFTER 101 ITERATIONS / Time: 0h:0m:1s

--------------------------------------------------------------------
|                    FINALIZING TREE SEARCH                        |
--------------------------------------------------------------------
Performs final model parameters optimization
Estimate model parameters (epsilon = 0.010)
1. Initial log-likelihood: -1941.928
Optimal log-likelihood: -1941.928
Rate parameters:  A-C: 1.167  A-G: 1.068  A-T: 1.404  C-G: 1.492  C-T: 1.266  G-T: 1.000
Base frequencies:   A: 0.236  C: 0.257  G: 0.300  T: 0.207
Gamma shape alpha: 6.661
Parameters optimization took 1 rounds (0.004 sec)
BEST SCORE FOUND : -1941.928

Testing tree branches by SH-like aLRT with 1000 replicates...
CPU Time used:  0.096 sec.
Total tree length: 1.111

Total number of iterations: 101
CPU time used for tree search: 1.088 sec (0h:0m:1s)
Wall-clock time used for tree search: 1.101 sec (0h:0m:1s)
Total CPU time used: 1.220 sec (0h:0m:1s)
Total wall-clock time used: 1.234 sec (0h:0m:1s)

Analysis results written to: 
  IQ-TREE report:                ../simulations/data_D10T10L20I10T10//S/396_pruned.fasta.iqtree
  Maximum-likelihood tree:       ../simulations/data_D10T10L20I10T10//S/396_pruned.fasta.treefile
  Likelihood distances:          ../simulations/data_D10T10L20I10T10//S/396_pruned.fasta.mldist
  Screen log file:               ../simulations/data_D10T10L20I10T10//S/396_pruned.fasta.log

Date and Time: Fri Jun  1 10:37:40 2018
