IQ-TREE version 1.4.2 for Linux 64-bit built Apr 15 2016
Copyright (c) 2011-2015 Nguyen Lam Tung, Olga Chernomor, Arndt von Haeseler and Bui Quang Minh.

Host:    meduse (AVX2, FMA3, 7 GB RAM)
Command: iqtree -s ../simulations/data_D10T10L20I10T10//S/399_pruned.fasta -m GTR+G -alrt 1000 -redo
Seed:    908497 (Using SPRNG - Scalable Parallel Random Number Generator)
Time:    Mon Jun  4 01:19:32 2018
Kernel:  AVX

NOTE: Consider using the multicore version because your CPU has 4 cores!

Reading alignment file ../simulations/data_D10T10L20I10T10//S/399_pruned.fasta ... Fasta format detected
Alignment most likely contains DNA/RNA sequences
Alignment has 7 sequences with 300 columns and 217 patterns (231 informative sites)
          Gap/Ambiguity  Composition  p-value
   1  n265_214    0.00%    passed     73.05%
   2  n251_208    0.00%    passed     68.03%
   3  n286_217    0.00%    passed     12.11%
   4  n266_215    0.00%    passed     78.26%
   5  n285_216    0.00%    passed     17.37%
   6  n244_201    0.00%    failed      4.98%
   7  n255_210    0.00%    passed     23.02%
****  TOTAL       0.00%  1 sequences failed composition chi2 test (p-value<5%; df=3)

Create initial parsimony tree by phylogenetic likelihood library (PLL)... 0.000 seconds

NOTE: 0 MB RAM is required!
Estimate model parameters (epsilon = 0.100)
1. Initial log-likelihood: -2178.348
2. Current log-likelihood: -2106.908
3. Current log-likelihood: -2103.644
4. Current log-likelihood: -2101.199
5. Current log-likelihood: -2099.740
6. Current log-likelihood: -2098.846
7. Current log-likelihood: -2098.293
8. Current log-likelihood: -2097.982
9. Current log-likelihood: -2097.818
Optimal log-likelihood: -2097.721
Rate parameters:  A-C: 0.827  A-G: 1.009  A-T: 1.445  C-G: 0.964  C-T: 1.645  G-T: 1.000
Base frequencies:   A: 0.227  C: 0.269  G: 0.265  T: 0.239
Gamma shape alpha: 5.195
Parameters optimization took 9 rounds (0.018 sec)
--------------------------------------------------------------------
|             INITIALIZING CANDIDATE TREE SET                      |
--------------------------------------------------------------------
Computing ML distances based on estimated model parameters... 0.000 sec
Computing BIONJ tree...
0.000 seconds
Log-likelihood of BIONJ tree: -2097.675
Generating 99 parsimony trees... 0.011 seconds 1 distinct starting trees
Computing log-likelihood of 1 initial trees ... 0.000 seconds
Optimizing top 1 initial trees with NNI...
Iteration 1 / LogL: -2097.551 / Time: 0h:0m:0s
Estimate model parameters (epsilon = 0.100)
BETTER TREE FOUND at iteration 1: -2097.515
Average CPU time for 1 NNI search: 0.008
Finish initializing candidate tree set. Number of distinct locally optimal trees: 1
Current best tree score: -2097.515 / CPU time: 0.016
--------------------------------------------------------------------
|               OPTIMIZING CANDIDATE TREE SET                      |
--------------------------------------------------------------------
Iteration 10 / LogL: -2097.615 / Time: 0h:0m:0s
Iteration 20 / LogL: -2102.711 / Time: 0h:0m:0s (0h:0m:0s left)
Iteration 30 / LogL: -2098.652 / Time: 0h:0m:0s (0h:0m:0s left)
Iteration 40 / LogL: -2098.454 / Time: 0h:0m:0s (0h:0m:0s left)
Iteration 50 / LogL: -2101.338 / Time: 0h:0m:0s (0h:0m:0s left)
Iteration 60 / LogL: -3202.209 / Time: 0h:0m:0s (0h:0m:0s left)
Iteration 70 / LogL: -2098.421 / Time: 0h:0m:0s (0h:0m:0s left)
Iteration 80 / LogL: -2098.421 / Time: 0h:0m:0s (0h:0m:0s left)
Iteration 90 / LogL: -2097.525 / Time: 0h:0m:0s (0h:0m:0s left)
WARNING: NNI search needs unusual large number of steps (7) to converge!
Iteration 100 / LogL: -2098.943 / Time: 0h:0m:0s (0h:0m:0s left)
TREE SEARCH COMPLETED AFTER 101 ITERATIONS / Time: 0h:0m:0s

--------------------------------------------------------------------
|                    FINALIZING TREE SEARCH                        |
--------------------------------------------------------------------
Performs final model parameters optimization
Estimate model parameters (epsilon = 0.010)
1. Initial log-likelihood: -2097.515
Optimal log-likelihood: -2097.504
Rate parameters:  A-C: 0.808  A-G: 0.997  A-T: 1.469  C-G: 0.963  C-T: 1.624  G-T: 1.000
Base frequencies:   A: 0.227  C: 0.269  G: 0.265  T: 0.239
Gamma shape alpha: 5.799
Parameters optimization took 1 rounds (0.002 sec)
BEST SCORE FOUND : -2097.504

Testing tree branches by SH-like aLRT with 1000 replicates...
CPU Time used:  0.024 sec.
Total tree length: 4.523

Total number of iterations: 101
CPU time used for tree search: 0.304 sec (0h:0m:0s)
Wall-clock time used for tree search: 0.305 sec (0h:0m:0s)
Total CPU time used: 0.360 sec (0h:0m:0s)
Total wall-clock time used: 0.360 sec (0h:0m:0s)

Analysis results written to: 
  IQ-TREE report:                ../simulations/data_D10T10L20I10T10//S/399_pruned.fasta.iqtree
  Maximum-likelihood tree:       ../simulations/data_D10T10L20I10T10//S/399_pruned.fasta.treefile
  Likelihood distances:          ../simulations/data_D10T10L20I10T10//S/399_pruned.fasta.mldist
  Screen log file:               ../simulations/data_D10T10L20I10T10//S/399_pruned.fasta.log

Date and Time: Mon Jun  4 01:19:33 2018
