IQ-TREE version 1.4.2 for Linux 64-bit built Apr 15 2016
Copyright (c) 2011-2015 Nguyen Lam Tung, Olga Chernomor, Arndt von Haeseler and Bui Quang Minh.

Host:    meduse (AVX2, FMA3, 7 GB RAM)
Command: iqtree -s ../simulations/data_D10T10L20I10T10//S/400_pruned.fasta -m GTR+G -alrt 1000 -redo
Seed:    60797 (Using SPRNG - Scalable Parallel Random Number Generator)
Time:    Fri Jun  1 10:38:00 2018
Kernel:  AVX

NOTE: Consider using the multicore version because your CPU has 4 cores!

Reading alignment file ../simulations/data_D10T10L20I10T10//S/400_pruned.fasta ... Fasta format detected
Alignment most likely contains DNA/RNA sequences
Alignment has 26 sequences with 300 columns and 171 patterns (143 informative sites)
          Gap/Ambiguity  Composition  p-value
   1  n292_293    0.00%    passed     74.57%
   2  n287_288    0.00%    passed     90.44%
   3  n290_291    0.00%    passed     93.58%
   4  n294_295    0.00%    passed     91.34%
   5  n251_252    0.00%    passed     94.76%
   6  n286_287    0.00%    passed     87.64%
   7  n300_301    0.00%    passed     69.95%
   8  n275_276    0.00%    passed     89.76%
   9  n274_275    0.00%    passed     75.92%
  10  n289_290    0.00%    passed     82.86%
  11  n255_256    0.00%    passed     98.30%
  12  n236_237    0.00%    passed     68.81%
  13  n299_300    0.00%    passed     77.01%
  14  n278_279    0.00%    passed     96.92%
  15  n297_298    0.00%    passed     94.59%
  16  n298_299    0.00%    passed     98.55%
  17  n244_245    0.00%    passed     67.40%
  18  n293_294    0.00%    passed     87.83%
  19  n296_297    0.00%    passed     88.22%
  20  n295_296    0.00%    passed     84.56%
  21  n266_267    0.00%    passed     81.19%
  22  n200_201    0.00%    passed     91.69%
  23  n285_286    0.00%    passed     87.64%
  24  n277_278    0.00%    passed     97.35%
  25  n280_281    0.00%    passed     81.04%
  26  n265_266    0.00%    passed     86.51%
****  TOTAL       0.00%  0 sequences failed composition chi2 test (p-value<5%; df=3)
NOTE: 1 identical sequences (see below) will be ignored for subsequent analysis
NOTE: n285_286 (identical to n286_287) is ignored but added at the end

Create initial parsimony tree by phylogenetic likelihood library (PLL)... 0.001 seconds

NOTE: 0 MB RAM is required!
Estimate model parameters (epsilon = 0.100)
1. Initial log-likelihood: -1917.624
2. Current log-likelihood: -1871.996
3. Current log-likelihood: -1871.714
Optimal log-likelihood: -1871.709
Rate parameters:  A-C: 0.779  A-G: 1.249  A-T: 0.783  C-G: 1.264  C-T: 1.324  G-T: 1.000
Base frequencies:   A: 0.263  C: 0.233  G: 0.230  T: 0.274
Gamma shape alpha: 53.143
Parameters optimization took 3 rounds (0.021 sec)
--------------------------------------------------------------------
|             INITIALIZING CANDIDATE TREE SET                      |
--------------------------------------------------------------------
Computing ML distances based on estimated model parameters... 0.004 sec
Computing BIONJ tree...
0.000 seconds
Log-likelihood of BIONJ tree: -1871.709
Generating 98 parsimony trees... 0.091 seconds 56 distinct starting trees
Computing log-likelihood of 56 initial trees ... 0.090 seconds
Optimizing top 20 initial trees with NNI...
Iteration 1 / LogL: -1871.709 / Time: 0h:0m:0s
Estimate model parameters (epsilon = 0.100)
BETTER SCORE FOUND at iteration 1: -1871.708
Iteration 2 / LogL: -1871.709 / Time: 0h:0m:0s
Iteration 3 / LogL: -1871.710 / Time: 0h:0m:0s
Iteration 4 / LogL: -1871.710 / Time: 0h:0m:0s
Iteration 5 / LogL: -1871.710 / Time: 0h:0m:0s
Iteration 6 / LogL: -1871.710 / Time: 0h:0m:0s
Iteration 7 / LogL: -1871.710 / Time: 0h:0m:0s
Iteration 8 / LogL: -1871.710 / Time: 0h:0m:0s
Iteration 9 / LogL: -1871.710 / Time: 0h:0m:0s
Iteration 10 / LogL: -1871.710 / Time: 0h:0m:0s
Iteration 11 / LogL: -1871.710 / Time: 0h:0m:0s
Iteration 12 / LogL: -1871.710 / Time: 0h:0m:0s
Iteration 13 / LogL: -1871.710 / Time: 0h:0m:0s
Iteration 14 / LogL: -1871.710 / Time: 0h:0m:0s
Iteration 15 / LogL: -1871.710 / Time: 0h:0m:0s
Iteration 16 / LogL: -1871.710 / Time: 0h:0m:0s
Iteration 17 / LogL: -1871.710 / Time: 0h:0m:0s
Iteration 18 / LogL: -1871.710 / Time: 0h:0m:0s
Iteration 19 / LogL: -1871.710 / Time: 0h:0m:0s
Iteration 20 / LogL: -1871.710 / Time: 0h:0m:0s
Average CPU time for 1 NNI search: 0.004
Finish initializing candidate tree set. Number of distinct locally optimal trees: 20
Current best tree score: -1871.708 / CPU time: 0.260
--------------------------------------------------------------------
|               OPTIMIZING CANDIDATE TREE SET                      |
--------------------------------------------------------------------
Iteration 30 / LogL: -1871.731 / Time: 0h:0m:0s (0h:0m:1s left)
Iteration 40 / LogL: -1976.609 / Time: 0h:0m:0s (0h:0m:0s left)
Iteration 50 / LogL: -1875.491 / Time: 0h:0m:0s (0h:0m:0s left)
Iteration 60 / LogL: -1871.709 / Time: 0h:0m:0s (0h:0m:0s left)
Iteration 70 / LogL: -1886.093 / Time: 0h:0m:0s (0h:0m:0s left)
Iteration 80 / LogL: -1877.213 / Time: 0h:0m:1s (0h:0m:0s left)
Iteration 90 / LogL: -1871.733 / Time: 0h:0m:1s (0h:0m:0s left)
Iteration 100 / LogL: -1871.709 / Time: 0h:0m:1s (0h:0m:0s left)
TREE SEARCH COMPLETED AFTER 101 ITERATIONS / Time: 0h:0m:1s

--------------------------------------------------------------------
|                    FINALIZING TREE SEARCH                        |
--------------------------------------------------------------------
Performs final model parameters optimization
Estimate model parameters (epsilon = 0.010)
1. Initial log-likelihood: -1871.708
Optimal log-likelihood: -1871.708
Rate parameters:  A-C: 0.779  A-G: 1.251  A-T: 0.785  C-G: 1.261  C-T: 1.322  G-T: 1.000
Base frequencies:   A: 0.263  C: 0.233  G: 0.230  T: 0.274
Gamma shape alpha: 53.474
Parameters optimization took 1 rounds (0.004 sec)
BEST SCORE FOUND : -1871.708

Testing tree branches by SH-like aLRT with 1000 replicates...
CPU Time used:  0.100 sec.
Total tree length: 1.045

Total number of iterations: 101
CPU time used for tree search: 1.248 sec (0h:0m:1s)
Wall-clock time used for tree search: 1.247 sec (0h:0m:1s)
Total CPU time used: 1.384 sec (0h:0m:1s)
Total wall-clock time used: 1.383 sec (0h:0m:1s)

Analysis results written to: 
  IQ-TREE report:                ../simulations/data_D10T10L20I10T10//S/400_pruned.fasta.iqtree
  Maximum-likelihood tree:       ../simulations/data_D10T10L20I10T10//S/400_pruned.fasta.treefile
  Likelihood distances:          ../simulations/data_D10T10L20I10T10//S/400_pruned.fasta.mldist
  Screen log file:               ../simulations/data_D10T10L20I10T10//S/400_pruned.fasta.log

Date and Time: Fri Jun  1 10:38:01 2018
