IQ-TREE version 1.4.2 for Linux 64-bit built Apr 15 2016
Copyright (c) 2011-2015 Nguyen Lam Tung, Olga Chernomor, Arndt von Haeseler and Bui Quang Minh.

Host:    meduse (AVX2, FMA3, 7 GB RAM)
Command: iqtree -s ../simulations/data_D10T10L20I10T10//S/402_pruned.fasta -m GTR+G -alrt 1000 -redo
Seed:    642476 (Using SPRNG - Scalable Parallel Random Number Generator)
Time:    Mon Jun  4 00:36:00 2018
Kernel:  AVX

NOTE: Consider using the multicore version because your CPU has 4 cores!

Reading alignment file ../simulations/data_D10T10L20I10T10//S/402_pruned.fasta ... Fasta format detected
Alignment most likely contains DNA/RNA sequences
Alignment has 26 sequences with 300 columns and 300 patterns (294 informative sites)
          Gap/Ambiguity  Composition  p-value
   1  n299_300    0.00%    passed     64.14%
   2  n300_301    0.00%    passed     74.87%
   3  n290_291    0.00%    passed     82.52%
   4  n244_245    0.00%    passed     72.83%
   5  n255_256    0.00%    passed     73.95%
   6  n277_278    0.00%    passed     19.84%
   7  n200_201    0.00%    passed     87.25%
   8  n236_237    0.00%    passed     38.82%
   9  n274_275    0.00%    passed     66.40%
  10  n289_290    0.00%    passed     94.36%
  11  n296_297    0.00%    passed     74.50%
  12  n275_276    0.00%    passed     44.74%
  13  n292_293    0.00%    passed     42.21%
  14  n278_279    0.00%    passed     43.85%
  15  n298_299    0.00%    passed     45.38%
  16  n297_298    0.00%    passed     51.50%
  17  n286_287    0.00%    passed     32.18%
  18  n285_286    0.00%    passed     74.81%
  19  n287_288    0.00%    passed     71.85%
  20  n251_252    0.00%    passed     49.43%
  21  n294_295    0.00%    passed     61.00%
  22  n295_296    0.00%    passed     67.52%
  23  n266_267    0.00%    passed     64.87%
  24  n265_266    0.00%    passed     65.51%
  25  n280_281    0.00%    passed     90.48%
  26  n293_294    0.00%    passed     64.05%
****  TOTAL       0.00%  0 sequences failed composition chi2 test (p-value<5%; df=3)

Create initial parsimony tree by phylogenetic likelihood library (PLL)... 0.001 seconds

NOTE: 1 MB RAM is required!
Estimate model parameters (epsilon = 0.100)
1. Initial log-likelihood: -5323.498
2. Current log-likelihood: -5224.032
3. Current log-likelihood: -5209.523
4. Current log-likelihood: -5205.906
5. Current log-likelihood: -5204.998
6. Current log-likelihood: -5204.704
Optimal log-likelihood: -5204.595
Rate parameters:  A-C: 1.212  A-G: 1.346  A-T: 0.980  C-G: 0.805  C-T: 1.430  G-T: 1.000
Base frequencies:   A: 0.234  C: 0.270  G: 0.247  T: 0.250
Gamma shape alpha: 3.881
Parameters optimization took 6 rounds (0.073 sec)
--------------------------------------------------------------------
|             INITIALIZING CANDIDATE TREE SET                      |
--------------------------------------------------------------------
Computing ML distances based on estimated model parameters... 0.004 sec
Computing BIONJ tree...
0.000 seconds
Log-likelihood of BIONJ tree: -5206.311
Generating 98 parsimony trees... 0.148 seconds 2 distinct starting trees
Computing log-likelihood of 2 initial trees ... 0.000 seconds
Optimizing top 2 initial trees with NNI...
Iteration 1 / LogL: -5202.828 / Time: 0h:0m:0s
Estimate model parameters (epsilon = 0.100)
BETTER TREE FOUND at iteration 1: -5202.337
Iteration 2 / LogL: -5204.467 / Time: 0h:0m:0s
Average CPU time for 1 NNI search: 0.024
Finish initializing candidate tree set. Number of distinct locally optimal trees: 2
Current best tree score: -5202.337 / CPU time: 0.196
--------------------------------------------------------------------
|               OPTIMIZING CANDIDATE TREE SET                      |
--------------------------------------------------------------------
Estimate model parameters (epsilon = 0.010)
UPDATE BEST LOG-LIKELIHOOD: -5201.627
Iteration 10 / LogL: -5205.015 / Time: 0h:0m:0s
Iteration 20 / LogL: -5203.207 / Time: 0h:0m:0s (0h:0m:3s left)
Iteration 30 / LogL: -5205.095 / Time: 0h:0m:1s (0h:0m:3s left)
Iteration 40 / LogL: -5205.085 / Time: 0h:0m:1s (0h:0m:2s left)
Iteration 50 / LogL: -5204.059 / Time: 0h:0m:1s (0h:0m:1s left)
Iteration 60 / LogL: -5204.247 / Time: 0h:0m:2s (0h:0m:1s left)
Iteration 70 / LogL: -5204.235 / Time: 0h:0m:2s (0h:0m:1s left)
Iteration 80 / LogL: -5203.868 / Time: 0h:0m:2s (0h:0m:0s left)
Iteration 90 / LogL: -5205.562 / Time: 0h:0m:3s (0h:0m:0s left)
Iteration 100 / LogL: -5204.030 / Time: 0h:0m:3s (0h:0m:0s left)
TREE SEARCH COMPLETED AFTER 101 ITERATIONS / Time: 0h:0m:3s

--------------------------------------------------------------------
|                    FINALIZING TREE SEARCH                        |
--------------------------------------------------------------------
Performs final model parameters optimization
Estimate model parameters (epsilon = 0.010)
1. Initial log-likelihood: -5201.627
Optimal log-likelihood: -5201.614
Rate parameters:  A-C: 1.235  A-G: 1.345  A-T: 1.007  C-G: 0.838  C-T: 1.466  G-T: 1.000
Base frequencies:   A: 0.234  C: 0.270  G: 0.247  T: 0.250
Gamma shape alpha: 3.868
Parameters optimization took 1 rounds (0.008 sec)
BEST SCORE FOUND : -5201.614

Testing tree branches by SH-like aLRT with 1000 replicates...
CPU Time used:  0.120 sec.
Total tree length: 9.434

Total number of iterations: 101
CPU time used for tree search: 3.472 sec (0h:0m:3s)
Wall-clock time used for tree search: 3.478 sec (0h:0m:3s)
Total CPU time used: 3.704 sec (0h:0m:3s)
Total wall-clock time used: 3.712 sec (0h:0m:3s)

Analysis results written to: 
  IQ-TREE report:                ../simulations/data_D10T10L20I10T10//S/402_pruned.fasta.iqtree
  Maximum-likelihood tree:       ../simulations/data_D10T10L20I10T10//S/402_pruned.fasta.treefile
  Likelihood distances:          ../simulations/data_D10T10L20I10T10//S/402_pruned.fasta.mldist
  Screen log file:               ../simulations/data_D10T10L20I10T10//S/402_pruned.fasta.log

Date and Time: Mon Jun  4 00:36:04 2018
