IQ-TREE version 1.4.2 for Linux 64-bit built Apr 15 2016
Copyright (c) 2011-2015 Nguyen Lam Tung, Olga Chernomor, Arndt von Haeseler and Bui Quang Minh.

Host:    meduse (AVX2, FMA3, 7 GB RAM)
Command: iqtree -s ../simulations/data_D10T10L20I10T10//S/404_pruned.fasta -m GTR+G -alrt 1000 -redo
Seed:    569251 (Using SPRNG - Scalable Parallel Random Number Generator)
Time:    Mon Jun  4 00:15:29 2018
Kernel:  AVX

NOTE: Consider using the multicore version because your CPU has 4 cores!

Reading alignment file ../simulations/data_D10T10L20I10T10//S/404_pruned.fasta ... Fasta format detected
Alignment most likely contains DNA/RNA sequences
Alignment has 25 sequences with 300 columns and 297 patterns (289 informative sites)
          Gap/Ambiguity  Composition  p-value
   1  n274_245    0.00%    passed     50.62%
   2  n293_264    0.00%    passed     90.69%
   3  n300_271    0.00%    passed     54.91%
   4  n277_248    0.00%    passed     50.60%
   5  n278_249    0.00%    passed     11.19%
   6  n287_258    0.00%    passed     88.05%
   7  n294_265    0.00%    passed     67.45%
   8  n295_266    0.00%    passed     82.53%
   9  n200_177    0.00%    passed     55.33%
  10  n275_246    0.00%    passed     76.93%
  11  n298_269    0.00%    passed     94.51%
  12  n299_270    0.00%    passed     57.74%
  13  n296_267    0.00%    passed     88.58%
  14  n286_257    0.00%    passed     59.15%
  15  n265_236    0.00%    passed      7.35%
  16  n255_226    0.00%    passed     36.40%
  17  n236_209    0.00%    passed     62.33%
  18  n297_268    0.00%    passed     85.16%
  19  n285_256    0.00%    passed     41.31%
  20  n280_251    0.00%    passed     53.32%
  21  n289_260    0.00%    passed     52.20%
  22  n290_261    0.00%    passed     72.77%
  23  n292_263    0.00%    passed     54.66%
  24  n251_222    0.00%    passed     31.47%
  25  n266_237    0.00%    failed      3.02%
****  TOTAL       0.00%  1 sequences failed composition chi2 test (p-value<5%; df=3)

Create initial parsimony tree by phylogenetic likelihood library (PLL)... 0.002 seconds

NOTE: 1 MB RAM is required!
Estimate model parameters (epsilon = 0.100)
1. Initial log-likelihood: -4878.031
2. Current log-likelihood: -4795.723
3. Current log-likelihood: -4784.754
4. Current log-likelihood: -4782.908
5. Current log-likelihood: -4782.564
Optimal log-likelihood: -4782.497
Rate parameters:  A-C: 1.227  A-G: 1.216  A-T: 1.027  C-G: 1.074  C-T: 1.249  G-T: 1.000
Base frequencies:   A: 0.240  C: 0.272  G: 0.244  T: 0.243
Gamma shape alpha: 3.653
Parameters optimization took 5 rounds (0.058 sec)
--------------------------------------------------------------------
|             INITIALIZING CANDIDATE TREE SET                      |
--------------------------------------------------------------------
Computing ML distances based on estimated model parameters... 0.004 sec
WARNING: Some pairwise ML distances are too long (saturated)
Computing BIONJ tree...
0.000 seconds
Log-likelihood of BIONJ tree: -4793.723
Generating 98 parsimony trees... 0.119 seconds 3 distinct starting trees
Computing log-likelihood of 3 initial trees ... 0.003 seconds
Optimizing top 3 initial trees with NNI...
Iteration 1 / LogL: -4781.309 / Time: 0h:0m:0s
Estimate model parameters (epsilon = 0.100)
BETTER TREE FOUND at iteration 1: -4781.195
Iteration 2 / LogL: -4780.898 / Time: 0h:0m:0s
Estimate model parameters (epsilon = 0.100)
BETTER SCORE FOUND at iteration 2: -4780.871
Iteration 3 / LogL: -4781.032 / Time: 0h:0m:0s
Average CPU time for 1 NNI search: 0.017
Finish initializing candidate tree set. Number of distinct locally optimal trees: 1
Current best tree score: -4780.871 / CPU time: 0.176
--------------------------------------------------------------------
|               OPTIMIZING CANDIDATE TREE SET                      |
--------------------------------------------------------------------
Iteration 10 / LogL: -4791.531 / Time: 0h:0m:0s
Iteration 20 / LogL: -4782.379 / Time: 0h:0m:0s (0h:0m:3s left)
Iteration 30 / LogL: -4781.094 / Time: 0h:0m:1s (0h:0m:2s left)
Iteration 40 / LogL: -4781.132 / Time: 0h:0m:1s (0h:0m:2s left)
Iteration 50 / LogL: -4783.081 / Time: 0h:0m:1s (0h:0m:1s left)
Estimate model parameters (epsilon = 0.010)
UPDATE BEST LOG-LIKELIHOOD: -4780.756
Iteration 60 / LogL: -4781.163 / Time: 0h:0m:2s (0h:0m:1s left)
Iteration 70 / LogL: -4781.351 / Time: 0h:0m:2s (0h:0m:1s left)
Iteration 80 / LogL: -4781.069 / Time: 0h:0m:2s (0h:0m:0s left)
Iteration 90 / LogL: -4788.382 / Time: 0h:0m:3s (0h:0m:0s left)
Iteration 100 / LogL: -4781.209 / Time: 0h:0m:3s (0h:0m:0s left)
TREE SEARCH COMPLETED AFTER 101 ITERATIONS / Time: 0h:0m:3s

--------------------------------------------------------------------
|                    FINALIZING TREE SEARCH                        |
--------------------------------------------------------------------
Performs final model parameters optimization
Estimate model parameters (epsilon = 0.010)
1. Initial log-likelihood: -4780.756
Optimal log-likelihood: -4780.756
Rate parameters:  A-C: 1.244  A-G: 1.225  A-T: 1.032  C-G: 1.079  C-T: 1.278  G-T: 1.000
Base frequencies:   A: 0.240  C: 0.272  G: 0.244  T: 0.243
Gamma shape alpha: 3.800
Parameters optimization took 1 rounds (0.008 sec)
BEST SCORE FOUND : -4780.756

Testing tree branches by SH-like aLRT with 1000 replicates...
CPU Time used:  0.112 sec.
Total tree length: 8.501

Total number of iterations: 101
CPU time used for tree search: 3.332 sec (0h:0m:3s)
Wall-clock time used for tree search: 3.329 sec (0h:0m:3s)
Total CPU time used: 3.536 sec (0h:0m:3s)
Total wall-clock time used: 3.537 sec (0h:0m:3s)

Analysis results written to: 
  IQ-TREE report:                ../simulations/data_D10T10L20I10T10//S/404_pruned.fasta.iqtree
  Maximum-likelihood tree:       ../simulations/data_D10T10L20I10T10//S/404_pruned.fasta.treefile
  Likelihood distances:          ../simulations/data_D10T10L20I10T10//S/404_pruned.fasta.mldist
  Screen log file:               ../simulations/data_D10T10L20I10T10//S/404_pruned.fasta.log

Date and Time: Mon Jun  4 00:15:33 2018
