IQ-TREE version 1.4.2 for Linux 64-bit built Apr 15 2016
Copyright (c) 2011-2015 Nguyen Lam Tung, Olga Chernomor, Arndt von Haeseler and Bui Quang Minh.

Host:    meduse (AVX2, FMA3, 7 GB RAM)
Command: iqtree -s ../simulations/data_D10T10L20I10T10//S/415_pruned.fasta -m GTR+G -alrt 1000 -redo
Seed:    859990 (Using SPRNG - Scalable Parallel Random Number Generator)
Time:    Mon Jun  4 00:48:39 2018
Kernel:  AVX

NOTE: Consider using the multicore version because your CPU has 4 cores!

Reading alignment file ../simulations/data_D10T10L20I10T10//S/415_pruned.fasta ... Fasta format detected
Alignment most likely contains DNA/RNA sequences
Alignment has 27 sequences with 300 columns and 300 patterns (295 informative sites)
          Gap/Ambiguity  Composition  p-value
   1  n296_333    0.00%    passed     88.95%
   2  n274_311    0.00%    passed     40.43%
   3  n278_315    0.00%    passed     61.94%
   4  n297_334    0.00%    passed     66.58%
   5  n255_292    0.00%    passed     93.18%
   6  n289_326    0.00%    passed     83.53%
   7  n277_314    0.00%    passed     69.05%
   8  n294_331    0.00%    passed     77.15%
   9  n280_317    0.00%    passed     32.00%
  10  n293_330    0.00%    passed     44.69%
  11  n244_279    0.00%    passed      5.27%
  12  n298_335    0.00%    passed     62.89%
  13  n275_312    0.00%    passed     39.56%
  14  n292_329    0.00%    passed     38.28%
  15  n295_332    0.00%    passed     98.69%
  16  n200_231    0.00%    passed     94.88%
  17  n287_324    0.00%    passed     82.19%
  18  n285_322    0.00%    passed     78.96%
  19  n299_336    0.00%    passed     23.16%
  20  n266_303    0.00%    passed     89.09%
  21  n290_327    0.00%    passed     75.16%
  22  n265_302    0.00%    passed     92.96%
  23  n286_323    0.00%    passed     93.56%
  24  n236_271    0.00%    passed     82.02%
  25  n251_288    0.00%    passed     76.37%
  26  n244_281    0.00%    passed     67.03%
  27  n300_337    0.00%    passed     37.31%
****  TOTAL       0.00%  0 sequences failed composition chi2 test (p-value<5%; df=3)

Create initial parsimony tree by phylogenetic likelihood library (PLL)... 0.001 seconds

NOTE: 1 MB RAM is required!
Estimate model parameters (epsilon = 0.100)
1. Initial log-likelihood: -5676.615
2. Current log-likelihood: -5577.333
3. Current log-likelihood: -5560.223
4. Current log-likelihood: -5555.179
5. Current log-likelihood: -5553.567
6. Current log-likelihood: -5553.084
7. Current log-likelihood: -5552.933
Optimal log-likelihood: -5552.852
Rate parameters:  A-C: 1.261  A-G: 1.324  A-T: 0.957  C-G: 1.065  C-T: 1.444  G-T: 1.000
Base frequencies:   A: 0.228  C: 0.264  G: 0.267  T: 0.241
Gamma shape alpha: 3.879
Parameters optimization took 7 rounds (0.085 sec)
--------------------------------------------------------------------
|             INITIALIZING CANDIDATE TREE SET                      |
--------------------------------------------------------------------
Computing ML distances based on estimated model parameters... 0.000 sec
WARNING: Some pairwise ML distances are too long (saturated)
Computing BIONJ tree...
0.000 seconds
Log-likelihood of BIONJ tree: -5551.905
Generating 98 parsimony trees... 0.145 seconds 3 distinct starting trees
Computing log-likelihood of 3 initial trees ... 0.003 seconds
Optimizing top 3 initial trees with NNI...
Iteration 1 / LogL: -5548.524 / Time: 0h:0m:0s
Estimate model parameters (epsilon = 0.100)
BETTER TREE FOUND at iteration 1: -5548.369
Iteration 2 / LogL: -5549.493 / Time: 0h:0m:0s
Iteration 3 / LogL: -5550.243 / Time: 0h:0m:0s
Average CPU time for 1 NNI search: 0.027
Finish initializing candidate tree set. Number of distinct locally optimal trees: 2
Current best tree score: -5548.369 / CPU time: 0.228
--------------------------------------------------------------------
|               OPTIMIZING CANDIDATE TREE SET                      |
--------------------------------------------------------------------
Iteration 10 / LogL: -5558.515 / Time: 0h:0m:0s
Iteration 20 / LogL: -5551.712 / Time: 0h:0m:0s (0h:0m:4s left)
Iteration 30 / LogL: -5551.094 / Time: 0h:0m:1s (0h:0m:3s left)
Iteration 40 / LogL: -5554.777 / Time: 0h:0m:1s (0h:0m:2s left)
Iteration 50 / LogL: -5551.365 / Time: 0h:0m:1s (0h:0m:2s left)
Iteration 60 / LogL: -5551.558 / Time: 0h:0m:2s (0h:0m:1s left)
Iteration 70 / LogL: -5560.616 / Time: 0h:0m:2s (0h:0m:1s left)
Iteration 80 / LogL: -5550.232 / Time: 0h:0m:3s (0h:0m:0s left)
Iteration 90 / LogL: -5548.857 / Time: 0h:0m:3s (0h:0m:0s left)
Iteration 100 / LogL: -5551.538 / Time: 0h:0m:3s (0h:0m:0s left)
TREE SEARCH COMPLETED AFTER 101 ITERATIONS / Time: 0h:0m:3s

--------------------------------------------------------------------
|                    FINALIZING TREE SEARCH                        |
--------------------------------------------------------------------
Performs final model parameters optimization
Estimate model parameters (epsilon = 0.010)
1. Initial log-likelihood: -5548.369
2. Current log-likelihood: -5548.348
Optimal log-likelihood: -5548.336
Rate parameters:  A-C: 1.250  A-G: 1.323  A-T: 0.964  C-G: 1.059  C-T: 1.483  G-T: 1.000
Base frequencies:   A: 0.228  C: 0.264  G: 0.267  T: 0.241
Gamma shape alpha: 3.774
Parameters optimization took 2 rounds (0.018 sec)
BEST SCORE FOUND : -5548.336

Testing tree branches by SH-like aLRT with 1000 replicates...
CPU Time used:  0.128 sec.
Total tree length: 10.536

Total number of iterations: 101
CPU time used for tree search: 3.700 sec (0h:0m:3s)
Wall-clock time used for tree search: 3.701 sec (0h:0m:3s)
Total CPU time used: 3.964 sec (0h:0m:3s)
Total wall-clock time used: 3.965 sec (0h:0m:3s)

Analysis results written to: 
  IQ-TREE report:                ../simulations/data_D10T10L20I10T10//S/415_pruned.fasta.iqtree
  Maximum-likelihood tree:       ../simulations/data_D10T10L20I10T10//S/415_pruned.fasta.treefile
  Likelihood distances:          ../simulations/data_D10T10L20I10T10//S/415_pruned.fasta.mldist
  Screen log file:               ../simulations/data_D10T10L20I10T10//S/415_pruned.fasta.log

Date and Time: Mon Jun  4 00:48:43 2018
