IQ-TREE version 1.4.2 for Linux 64-bit built Apr 15 2016
Copyright (c) 2011-2015 Nguyen Lam Tung, Olga Chernomor, Arndt von Haeseler and Bui Quang Minh.

Host:    meduse (AVX2, FMA3, 7 GB RAM)
Command: iqtree -s ../simulations/data_D10T10L20I10T10//S/420_pruned.fasta -m GTR+G -alrt 1000 -redo
Seed:    479412 (Using SPRNG - Scalable Parallel Random Number Generator)
Time:    Fri Jun  1 10:44:27 2018
Kernel:  AVX

NOTE: Consider using the multicore version because your CPU has 4 cores!

Reading alignment file ../simulations/data_D10T10L20I10T10//S/420_pruned.fasta ... Fasta format detected
Alignment most likely contains DNA/RNA sequences
Alignment has 26 sequences with 300 columns and 177 patterns (151 informative sites)
          Gap/Ambiguity  Composition  p-value
   1  n292_293    0.00%    passed     86.15%
   2  n287_288    0.00%    passed     99.30%
   3  n290_291    0.00%    passed     97.76%
   4  n294_295    0.00%    passed     83.67%
   5  n251_252    0.00%    passed     98.04%
   6  n286_287    0.00%    passed     54.21%
   7  n300_301    0.00%    passed     88.50%
   8  n275_276    0.00%    passed     85.47%
   9  n274_275    0.00%    passed     91.33%
  10  n289_290    0.00%    passed     99.30%
  11  n255_256    0.00%    passed     93.00%
  12  n236_237    0.00%    passed     99.63%
  13  n299_300    0.00%    passed     91.59%
  14  n278_279    0.00%    passed     97.67%
  15  n297_298    0.00%    passed     84.47%
  16  n298_299    0.00%    passed     79.35%
  17  n244_245    0.00%    passed     65.94%
  18  n293_294    0.00%    passed     83.75%
  19  n296_297    0.00%    passed     99.83%
  20  n295_296    0.00%    passed     99.83%
  21  n266_267    0.00%    passed     94.12%
  22  n200_201    0.00%    passed     60.34%
  23  n285_286    0.00%    passed     63.68%
  24  n277_278    0.00%    passed     73.48%
  25  n280_281    0.00%    passed     87.15%
  26  n265_266    0.00%    passed     94.64%
****  TOTAL       0.00%  0 sequences failed composition chi2 test (p-value<5%; df=3)
NOTE: 2 identical sequences (see below) will be ignored for subsequent analysis
NOTE: n289_290 (identical to n287_288) is ignored but added at the end
NOTE: n295_296 (identical to n296_297) is ignored but added at the end

Create initial parsimony tree by phylogenetic likelihood library (PLL)... 0.001 seconds

NOTE: 0 MB RAM is required!
Estimate model parameters (epsilon = 0.100)
1. Initial log-likelihood: -2082.131
2. Current log-likelihood: -2050.418
3. Current log-likelihood: -2050.055
Optimal log-likelihood: -2050.052
Rate parameters:  A-C: 0.712  A-G: 1.259  A-T: 0.929  C-G: 1.178  C-T: 1.271  G-T: 1.000
Base frequencies:   A: 0.253  C: 0.257  G: 0.249  T: 0.241
Gamma shape alpha: 4.043
Parameters optimization took 3 rounds (0.019 sec)
--------------------------------------------------------------------
|             INITIALIZING CANDIDATE TREE SET                      |
--------------------------------------------------------------------
Computing ML distances based on estimated model parameters... 0.004 sec
Computing BIONJ tree...
0.000 seconds
Log-likelihood of BIONJ tree: -2050.052
Generating 98 parsimony trees... 0.094 seconds 9 distinct starting trees
Computing log-likelihood of 9 initial trees ... 0.014 seconds
Optimizing top 9 initial trees with NNI...
Iteration 1 / LogL: -2050.052 / Time: 0h:0m:0s
Estimate model parameters (epsilon = 0.100)
BETTER SCORE FOUND at iteration 1: -2050.051
Iteration 2 / LogL: -2050.052 / Time: 0h:0m:0s
Iteration 3 / LogL: -2050.056 / Time: 0h:0m:0s
Iteration 4 / LogL: -2050.056 / Time: 0h:0m:0s
Iteration 5 / LogL: -2050.056 / Time: 0h:0m:0s
Iteration 6 / LogL: -2050.056 / Time: 0h:0m:0s
Iteration 7 / LogL: -2050.056 / Time: 0h:0m:0s
Iteration 8 / LogL: -2050.056 / Time: 0h:0m:0s
Iteration 9 / LogL: -2050.056 / Time: 0h:0m:0s
Average CPU time for 1 NNI search: 0.005
Finish initializing candidate tree set. Number of distinct locally optimal trees: 9
Current best tree score: -2050.051 / CPU time: 0.152
--------------------------------------------------------------------
|               OPTIMIZING CANDIDATE TREE SET                      |
--------------------------------------------------------------------
Iteration 10 / LogL: -2050.365 / Time: 0h:0m:0s
Iteration 20 / LogL: -2050.071 / Time: 0h:0m:0s (0h:0m:1s left)
Iteration 30 / LogL: -2050.053 / Time: 0h:0m:0s (0h:0m:1s left)
Iteration 40 / LogL: -2050.054 / Time: 0h:0m:0s (0h:0m:1s left)
Iteration 50 / LogL: -2050.054 / Time: 0h:0m:0s (0h:0m:0s left)
Iteration 60 / LogL: -2050.053 / Time: 0h:0m:0s (0h:0m:0s left)
Iteration 70 / LogL: -2050.070 / Time: 0h:0m:1s (0h:0m:0s left)
Iteration 80 / LogL: -2050.655 / Time: 0h:0m:1s (0h:0m:0s left)
Iteration 90 / LogL: -2050.052 / Time: 0h:0m:1s (0h:0m:0s left)
Iteration 100 / LogL: -2050.053 / Time: 0h:0m:1s (0h:0m:0s left)
TREE SEARCH COMPLETED AFTER 101 ITERATIONS / Time: 0h:0m:1s

--------------------------------------------------------------------
|                    FINALIZING TREE SEARCH                        |
--------------------------------------------------------------------
Performs final model parameters optimization
Estimate model parameters (epsilon = 0.010)
1. Initial log-likelihood: -2050.051
Optimal log-likelihood: -2050.050
Rate parameters:  A-C: 0.710  A-G: 1.256  A-T: 0.927  C-G: 1.174  C-T: 1.268  G-T: 1.000
Base frequencies:   A: 0.253  C: 0.257  G: 0.249  T: 0.241
Gamma shape alpha: 4.043
Parameters optimization took 1 rounds (0.004 sec)
BEST SCORE FOUND : -2050.050

Testing tree branches by SH-like aLRT with 1000 replicates...
CPU Time used:  0.112 sec.
Total tree length: 1.220

Total number of iterations: 101
CPU time used for tree search: 1.528 sec (0h:0m:1s)
Wall-clock time used for tree search: 1.529 sec (0h:0m:1s)
Total CPU time used: 1.676 sec (0h:0m:1s)
Total wall-clock time used: 1.676 sec (0h:0m:1s)

Analysis results written to: 
  IQ-TREE report:                ../simulations/data_D10T10L20I10T10//S/420_pruned.fasta.iqtree
  Maximum-likelihood tree:       ../simulations/data_D10T10L20I10T10//S/420_pruned.fasta.treefile
  Likelihood distances:          ../simulations/data_D10T10L20I10T10//S/420_pruned.fasta.mldist
  Screen log file:               ../simulations/data_D10T10L20I10T10//S/420_pruned.fasta.log

Date and Time: Fri Jun  1 10:44:29 2018
