IQ-TREE version 1.4.2 for Linux 64-bit built Apr 15 2016
Copyright (c) 2011-2015 Nguyen Lam Tung, Olga Chernomor, Arndt von Haeseler and Bui Quang Minh.

Host:    meduse (AVX2, FMA3, 7 GB RAM)
Command: iqtree -s ../simulations/data_D10T10L20I10T10//S/427_pruned.fasta -m GTR+G -alrt 1000 -redo
Seed:    562495 (Using SPRNG - Scalable Parallel Random Number Generator)
Time:    Fri Jun  1 10:45:02 2018
Kernel:  AVX

NOTE: Consider using the multicore version because your CPU has 4 cores!

Reading alignment file ../simulations/data_D10T10L20I10T10//S/427_pruned.fasta ... Fasta format detected
Alignment most likely contains DNA/RNA sequences
Alignment has 21 sequences with 300 columns and 169 patterns (160 informative sites)
          Gap/Ambiguity  Composition  p-value
   1  n277_276    0.00%    passed     50.49%
   2  n285_280    0.00%    passed     78.48%
   3  n298_291    0.00%    passed     98.59%
   4  n290_285    0.00%    passed     99.70%
   5  n251_252    0.00%    passed     51.93%
   6  n278_277    0.00%    passed     45.79%
   7  n275_274    0.00%    passed     94.14%
   8  n296_289    0.00%    passed     99.57%
   9  n297_290    0.00%    passed     98.59%
  10  n255_256    0.00%    passed     51.93%
  11  n287_282    0.00%    passed     99.70%
  12  n293_286    0.00%    passed     98.74%
  13  n236_237    0.00%    passed     98.58%
  14  n294_287    0.00%    passed     96.54%
  15  n244_245    0.00%    passed     85.97%
  16  n289_284    0.00%    passed     99.70%
  17  n295_288    0.00%    passed     99.97%
  18  n266_267    0.00%    passed     90.62%
  19  n286_281    0.00%    passed     77.89%
  20  n200_201    0.00%    passed     96.49%
  21  n265_266    0.00%    passed     86.56%
****  TOTAL       0.00%  0 sequences failed composition chi2 test (p-value<5%; df=3)
NOTE: 3 identical sequences (see below) will be ignored for subsequent analysis
NOTE: n297_290 (identical to n298_291) is ignored but added at the end
NOTE: n287_282 (identical to n290_285) is ignored but added at the end
NOTE: n289_284 (identical to n290_285) is ignored but added at the end

Create initial parsimony tree by phylogenetic likelihood library (PLL)... 0.000 seconds

NOTE: 0 MB RAM is required!
Estimate model parameters (epsilon = 0.100)
1. Initial log-likelihood: -1928.172
2. Current log-likelihood: -1863.185
3. Current log-likelihood: -1862.712
Optimal log-likelihood: -1862.696
Rate parameters:  A-C: 1.145  A-G: 1.514  A-T: 0.899  C-G: 0.808  C-T: 1.208  G-T: 1.000
Base frequencies:   A: 0.228  C: 0.275  G: 0.234  T: 0.264
Gamma shape alpha: 998.267
Parameters optimization took 3 rounds (0.013 sec)
--------------------------------------------------------------------
|             INITIALIZING CANDIDATE TREE SET                      |
--------------------------------------------------------------------
Computing ML distances based on estimated model parameters... 0.004 sec
Computing BIONJ tree...
0.000 seconds
Log-likelihood of BIONJ tree: -1862.696
Generating 99 parsimony trees... 0.054 seconds 3 distinct starting trees
Computing log-likelihood of 3 initial trees ... 0.003 seconds
Optimizing top 3 initial trees with NNI...
Iteration 1 / LogL: -1862.696 / Time: 0h:0m:0s
Estimate model parameters (epsilon = 0.100)
BETTER SCORE FOUND at iteration 1: -1862.677
Iteration 2 / LogL: -1862.682 / Time: 0h:0m:0s
Iteration 3 / LogL: -1862.682 / Time: 0h:0m:0s
Average CPU time for 1 NNI search: 0.004
Finish initializing candidate tree set. Number of distinct locally optimal trees: 3
Current best tree score: -1862.677 / CPU time: 0.068
--------------------------------------------------------------------
|               OPTIMIZING CANDIDATE TREE SET                      |
--------------------------------------------------------------------
Iteration 10 / LogL: -1862.680 / Time: 0h:0m:0s
Iteration 20 / LogL: -1862.750 / Time: 0h:0m:0s (0h:0m:1s left)
Iteration 30 / LogL: -1862.677 / Time: 0h:0m:0s (0h:0m:0s left)
Iteration 40 / LogL: -1862.682 / Time: 0h:0m:0s (0h:0m:0s left)
Iteration 50 / LogL: -1930.139 / Time: 0h:0m:0s (0h:0m:0s left)
Iteration 60 / LogL: -1862.683 / Time: 0h:0m:0s (0h:0m:0s left)
Iteration 70 / LogL: -1907.024 / Time: 0h:0m:0s (0h:0m:0s left)
Iteration 80 / LogL: -1862.678 / Time: 0h:0m:0s (0h:0m:0s left)
Iteration 90 / LogL: -1879.912 / Time: 0h:0m:0s (0h:0m:0s left)
Iteration 100 / LogL: -1862.677 / Time: 0h:0m:1s (0h:0m:0s left)
TREE SEARCH COMPLETED AFTER 101 ITERATIONS / Time: 0h:0m:1s

--------------------------------------------------------------------
|                    FINALIZING TREE SEARCH                        |
--------------------------------------------------------------------
Performs final model parameters optimization
Estimate model parameters (epsilon = 0.010)
1. Initial log-likelihood: -1862.677
Optimal log-likelihood: -1862.674
Rate parameters:  A-C: 1.160  A-G: 1.530  A-T: 0.932  C-G: 0.818  C-T: 1.214  G-T: 1.000
Base frequencies:   A: 0.228  C: 0.275  G: 0.234  T: 0.264
Gamma shape alpha: 998.267
Parameters optimization took 1 rounds (0.003 sec)
BEST SCORE FOUND : -1862.674

Testing tree branches by SH-like aLRT with 1000 replicates...
CPU Time used:  0.080 sec.
Total tree length: 1.121

Total number of iterations: 101
CPU time used for tree search: 0.992 sec (0h:0m:0s)
Wall-clock time used for tree search: 0.998 sec (0h:0m:0s)
Total CPU time used: 1.100 sec (0h:0m:1s)
Total wall-clock time used: 1.104 sec (0h:0m:1s)

Analysis results written to: 
  IQ-TREE report:                ../simulations/data_D10T10L20I10T10//S/427_pruned.fasta.iqtree
  Maximum-likelihood tree:       ../simulations/data_D10T10L20I10T10//S/427_pruned.fasta.treefile
  Likelihood distances:          ../simulations/data_D10T10L20I10T10//S/427_pruned.fasta.mldist
  Screen log file:               ../simulations/data_D10T10L20I10T10//S/427_pruned.fasta.log

Date and Time: Fri Jun  1 10:45:03 2018
