IQ-TREE version 1.4.2 for Linux 64-bit built Apr 15 2016
Copyright (c) 2011-2015 Nguyen Lam Tung, Olga Chernomor, Arndt von Haeseler and Bui Quang Minh.

Host:    meduse (AVX2, FMA3, 7 GB RAM)
Command: iqtree -s ../simulations/data_D10T10L20I10T10//S/429_pruned.fasta -m GTR+G -alrt 1000 -redo
Seed:    987716 (Using SPRNG - Scalable Parallel Random Number Generator)
Time:    Fri Jun  1 10:26:19 2018
Kernel:  AVX

NOTE: Consider using the multicore version because your CPU has 4 cores!

Reading alignment file ../simulations/data_D10T10L20I10T10//S/429_pruned.fasta ... Fasta format detected
Alignment most likely contains DNA/RNA sequences
Alignment has 28 sequences with 300 columns and 182 patterns (181 informative sites)
          Gap/Ambiguity  Composition  p-value
   1  n255_263    0.00%    passed     78.69%
   2  n299_304    0.00%    passed     75.84%
   3  n286_291    0.00%    passed     95.23%
   4  n297_302    0.00%    passed     98.51%
   5  n293_298    0.00%    passed     99.88%
   6  n285_290    0.00%    passed     94.80%
   7  n244_245    0.00%    passed     24.80%
   8  n294_299    0.00%    passed     99.17%
   9  n277_280    0.00%    passed     95.68%
  10  n292_297    0.00%    passed     80.72%
  11  n290_295    0.00%    passed     97.80%
  12  n278_281    0.00%    passed     93.64%
  13  n287_292    0.00%    passed     95.91%
  14  n300_305    0.00%    passed     75.84%
  15  n266_269    0.00%    passed     84.58%
  16  n280_283    0.00%    passed     76.03%
  17  n275_278    0.00%    passed     98.13%
  18  n295_300    0.00%    passed     71.35%
  19  n251_284    0.00%    passed     47.30%
  20  n255_262    0.00%    passed     62.33%
  21  n289_294    0.00%    passed     89.56%
  22  n251_285    0.00%    passed     42.98%
  23  n265_268    0.00%    passed     83.40%
  24  n298_303    0.00%    passed     98.51%
  25  n274_277    0.00%    passed     72.17%
  26  n236_237    0.00%    passed     98.71%
  27  n200_201    0.00%    passed     94.94%
  28  n296_301    0.00%    passed     65.66%
****  TOTAL       0.00%  0 sequences failed composition chi2 test (p-value<5%; df=3)
NOTE: 2 identical sequences (see below) will be ignored for subsequent analysis
NOTE: n300_305 (identical to n299_304) is ignored but added at the end
NOTE: n298_303 (identical to n297_302) is ignored but added at the end

Create initial parsimony tree by phylogenetic likelihood library (PLL)... 0.001 seconds

NOTE: 0 MB RAM is required!
Estimate model parameters (epsilon = 0.100)
1. Initial log-likelihood: -2151.037
2. Current log-likelihood: -2113.288
3. Current log-likelihood: -2112.490
Optimal log-likelihood: -2112.480
Rate parameters:  A-C: 1.060  A-G: 0.997  A-T: 1.054  C-G: 0.976  C-T: 1.112  G-T: 1.000
Base frequencies:   A: 0.245  C: 0.272  G: 0.240  T: 0.243
Gamma shape alpha: 11.013
Parameters optimization took 3 rounds (0.022 sec)
--------------------------------------------------------------------
|             INITIALIZING CANDIDATE TREE SET                      |
--------------------------------------------------------------------
Computing ML distances based on estimated model parameters... 0.000 sec
Computing BIONJ tree...
0.000 seconds
Log-likelihood of BIONJ tree: -2112.480
Generating 98 parsimony trees... 0.097 seconds 49 distinct starting trees
Computing log-likelihood of 49 initial trees ... 0.086 seconds
Optimizing top 20 initial trees with NNI...
Iteration 1 / LogL: -2112.184 / Time: 0h:0m:0s
Estimate model parameters (epsilon = 0.100)
BETTER SCORE FOUND at iteration 1: -2112.180
Iteration 2 / LogL: -2112.182 / Time: 0h:0m:0s
Iteration 3 / LogL: -2112.182 / Time: 0h:0m:0s
Iteration 4 / LogL: -2112.182 / Time: 0h:0m:0s
Iteration 5 / LogL: -2112.182 / Time: 0h:0m:0s
Iteration 6 / LogL: -2112.182 / Time: 0h:0m:0s
Iteration 7 / LogL: -2112.182 / Time: 0h:0m:0s
Iteration 8 / LogL: -2112.182 / Time: 0h:0m:0s
Iteration 9 / LogL: -2112.182 / Time: 0h:0m:0s
Iteration 10 / LogL: -2112.182 / Time: 0h:0m:0s
Iteration 11 / LogL: -2112.182 / Time: 0h:0m:0s
Iteration 12 / LogL: -2112.182 / Time: 0h:0m:0s
Iteration 13 / LogL: -2112.182 / Time: 0h:0m:0s
Iteration 14 / LogL: -2112.182 / Time: 0h:0m:0s
Iteration 15 / LogL: -2112.182 / Time: 0h:0m:0s
Iteration 16 / LogL: -2112.182 / Time: 0h:0m:0s
Iteration 17 / LogL: -2112.182 / Time: 0h:0m:0s
Iteration 18 / LogL: -2112.182 / Time: 0h:0m:0s
Iteration 19 / LogL: -2112.182 / Time: 0h:0m:0s
Iteration 20 / LogL: -2112.182 / Time: 0h:0m:0s
Average CPU time for 1 NNI search: 0.004
Finish initializing candidate tree set. Number of distinct locally optimal trees: 20
Current best tree score: -2112.180 / CPU time: 0.272
--------------------------------------------------------------------
|               OPTIMIZING CANDIDATE TREE SET                      |
--------------------------------------------------------------------
Iteration 30 / LogL: -2112.194 / Time: 0h:0m:0s (0h:0m:1s left)
Iteration 40 / LogL: -2112.180 / Time: 0h:0m:0s (0h:0m:0s left)
Iteration 50 / LogL: -2112.181 / Time: 0h:0m:0s (0h:0m:0s left)
Iteration 60 / LogL: -2112.182 / Time: 0h:0m:0s (0h:0m:0s left)
Iteration 70 / LogL: -2126.489 / Time: 0h:0m:0s (0h:0m:0s left)
Iteration 80 / LogL: -2112.207 / Time: 0h:0m:1s (0h:0m:0s left)
Iteration 90 / LogL: -2112.181 / Time: 0h:0m:1s (0h:0m:0s left)
Iteration 100 / LogL: -2112.181 / Time: 0h:0m:1s (0h:0m:0s left)
TREE SEARCH COMPLETED AFTER 101 ITERATIONS / Time: 0h:0m:1s

--------------------------------------------------------------------
|                    FINALIZING TREE SEARCH                        |
--------------------------------------------------------------------
Performs final model parameters optimization
Estimate model parameters (epsilon = 0.010)
1. Initial log-likelihood: -2112.179
Optimal log-likelihood: -2112.179
Rate parameters:  A-C: 1.069  A-G: 0.998  A-T: 1.057  C-G: 0.979  C-T: 1.115  G-T: 1.000
Base frequencies:   A: 0.245  C: 0.272  G: 0.240  T: 0.243
Gamma shape alpha: 10.882
Parameters optimization took 1 rounds (0.004 sec)
BEST SCORE FOUND : -2112.179

Testing tree branches by SH-like aLRT with 1000 replicates...
CPU Time used:  0.104 sec.
Total tree length: 1.283

Total number of iterations: 101
CPU time used for tree search: 1.424 sec (0h:0m:1s)
Wall-clock time used for tree search: 1.423 sec (0h:0m:1s)
Total CPU time used: 1.568 sec (0h:0m:1s)
Total wall-clock time used: 1.566 sec (0h:0m:1s)

Analysis results written to: 
  IQ-TREE report:                ../simulations/data_D10T10L20I10T10//S/429_pruned.fasta.iqtree
  Maximum-likelihood tree:       ../simulations/data_D10T10L20I10T10//S/429_pruned.fasta.treefile
  Likelihood distances:          ../simulations/data_D10T10L20I10T10//S/429_pruned.fasta.mldist
  Screen log file:               ../simulations/data_D10T10L20I10T10//S/429_pruned.fasta.log

Date and Time: Fri Jun  1 10:26:21 2018
