IQ-TREE version 1.4.2 for Linux 64-bit built Apr 15 2016
Copyright (c) 2011-2015 Nguyen Lam Tung, Olga Chernomor, Arndt von Haeseler and Bui Quang Minh.

Host:    meduse (AVX2, FMA3, 7 GB RAM)
Command: iqtree -s ../simulations/data_D10T10L20I10T10//S/42_pruned.fasta -m GTR+G -alrt 1000 -redo
Seed:    842020 (Using SPRNG - Scalable Parallel Random Number Generator)
Time:    Mon Jun  4 00:49:30 2018
Kernel:  AVX

NOTE: Consider using the multicore version because your CPU has 4 cores!

Reading alignment file ../simulations/data_D10T10L20I10T10//S/42_pruned.fasta ... Fasta format detected
Alignment most likely contains DNA/RNA sequences
Alignment has 26 sequences with 300 columns and 300 patterns (295 informative sites)
          Gap/Ambiguity  Composition  p-value
   1  n299_300    0.00%    passed     52.74%
   2  n300_301    0.00%    passed     58.31%
   3  n290_291    0.00%    passed     55.79%
   4  n244_245    0.00%    passed     92.27%
   5  n255_256    0.00%    passed      6.28%
   6  n277_278    0.00%    passed     60.51%
   7  n200_201    0.00%    passed     68.24%
   8  n236_237    0.00%    passed     26.66%
   9  n274_275    0.00%    passed     24.81%
  10  n289_290    0.00%    passed     64.76%
  11  n296_297    0.00%    passed     29.34%
  12  n275_276    0.00%    passed     67.13%
  13  n292_293    0.00%    passed     69.19%
  14  n278_279    0.00%    passed     40.47%
  15  n298_299    0.00%    passed     29.37%
  16  n297_298    0.00%    passed     28.83%
  17  n286_287    0.00%    passed     20.46%
  18  n285_286    0.00%    passed     82.55%
  19  n287_288    0.00%    passed     47.10%
  20  n251_252    0.00%    passed     71.31%
  21  n294_295    0.00%    passed     76.11%
  22  n295_296    0.00%    passed     38.94%
  23  n266_267    0.00%    passed     29.39%
  24  n265_266    0.00%    passed     50.34%
  25  n280_281    0.00%    passed     62.32%
  26  n293_294    0.00%    passed     61.03%
****  TOTAL       0.00%  0 sequences failed composition chi2 test (p-value<5%; df=3)

Create initial parsimony tree by phylogenetic likelihood library (PLL)... 0.002 seconds

NOTE: 1 MB RAM is required!
Estimate model parameters (epsilon = 0.100)
1. Initial log-likelihood: -5238.491
2. Current log-likelihood: -5130.102
3. Current log-likelihood: -5110.247
4. Current log-likelihood: -5106.687
5. Current log-likelihood: -5105.994
6. Current log-likelihood: -5105.872
Optimal log-likelihood: -5105.847
Rate parameters:  A-C: 1.090  A-G: 0.967  A-T: 0.614  C-G: 0.938  C-T: 1.233  G-T: 1.000
Base frequencies:   A: 0.251  C: 0.274  G: 0.242  T: 0.234
Gamma shape alpha: 6.955
Parameters optimization took 6 rounds (0.081 sec)
--------------------------------------------------------------------
|             INITIALIZING CANDIDATE TREE SET                      |
--------------------------------------------------------------------
Computing ML distances based on estimated model parameters... 0.000 sec
Computing BIONJ tree...
0.000 seconds
Log-likelihood of BIONJ tree: -5108.777
Generating 98 parsimony trees... 0.154 seconds 4 distinct starting trees
Computing log-likelihood of 4 initial trees ... 0.006 seconds
Optimizing top 4 initial trees with NNI...
Iteration 1 / LogL: -5104.979 / Time: 0h:0m:0s
Estimate model parameters (epsilon = 0.100)
BETTER TREE FOUND at iteration 1: -5104.229
Iteration 2 / LogL: -5104.780 / Time: 0h:0m:0s
Iteration 3 / LogL: -5104.943 / Time: 0h:0m:0s
Iteration 4 / LogL: -5104.805 / Time: 0h:0m:0s
Average CPU time for 1 NNI search: 0.020
Finish initializing candidate tree set. Number of distinct locally optimal trees: 2
Current best tree score: -5104.229 / CPU time: 0.240
--------------------------------------------------------------------
|               OPTIMIZING CANDIDATE TREE SET                      |
--------------------------------------------------------------------
Iteration 10 / LogL: -5104.565 / Time: 0h:0m:0s
Iteration 20 / LogL: -5113.757 / Time: 0h:0m:0s (0h:0m:3s left)
Iteration 30 / LogL: -5106.948 / Time: 0h:0m:1s (0h:0m:2s left)
Iteration 40 / LogL: -5106.687 / Time: 0h:0m:1s (0h:0m:2s left)
Iteration 50 / LogL: -5901.887 / Time: 0h:0m:1s (0h:0m:1s left)
Iteration 60 / LogL: -5107.594 / Time: 0h:0m:2s (0h:0m:1s left)
Iteration 70 / LogL: -5114.126 / Time: 0h:0m:2s (0h:0m:1s left)
Iteration 80 / LogL: -5105.099 / Time: 0h:0m:2s (0h:0m:0s left)
Iteration 90 / LogL: -5106.183 / Time: 0h:0m:3s (0h:0m:0s left)
Iteration 100 / LogL: -5104.386 / Time: 0h:0m:3s (0h:0m:0s left)
TREE SEARCH COMPLETED AFTER 101 ITERATIONS / Time: 0h:0m:3s

--------------------------------------------------------------------
|                    FINALIZING TREE SEARCH                        |
--------------------------------------------------------------------
Performs final model parameters optimization
Estimate model parameters (epsilon = 0.010)
1. Initial log-likelihood: -5104.229
Optimal log-likelihood: -5104.226
Rate parameters:  A-C: 1.093  A-G: 0.968  A-T: 0.613  C-G: 0.940  C-T: 1.237  G-T: 1.000
Base frequencies:   A: 0.251  C: 0.274  G: 0.242  T: 0.234
Gamma shape alpha: 7.057
Parameters optimization took 1 rounds (0.009 sec)
BEST SCORE FOUND : -5104.226

Testing tree branches by SH-like aLRT with 1000 replicates...
CPU Time used:  0.116 sec.
Total tree length: 8.548

Total number of iterations: 101
CPU time used for tree search: 3.248 sec (0h:0m:3s)
Wall-clock time used for tree search: 3.248 sec (0h:0m:3s)
Total CPU time used: 3.476 sec (0h:0m:3s)
Total wall-clock time used: 3.481 sec (0h:0m:3s)

Analysis results written to: 
  IQ-TREE report:                ../simulations/data_D10T10L20I10T10//S/42_pruned.fasta.iqtree
  Maximum-likelihood tree:       ../simulations/data_D10T10L20I10T10//S/42_pruned.fasta.treefile
  Likelihood distances:          ../simulations/data_D10T10L20I10T10//S/42_pruned.fasta.mldist
  Screen log file:               ../simulations/data_D10T10L20I10T10//S/42_pruned.fasta.log

Date and Time: Mon Jun  4 00:49:34 2018
