IQ-TREE version 1.4.2 for Linux 64-bit built Apr 15 2016
Copyright (c) 2011-2015 Nguyen Lam Tung, Olga Chernomor, Arndt von Haeseler and Bui Quang Minh.

Host:    meduse (AVX2, FMA3, 7 GB RAM)
Command: iqtree -s ../simulations/data_D10T10L20I10T10//S/436_pruned.fasta -m GTR+G -alrt 1000 -redo
Seed:    471957 (Using SPRNG - Scalable Parallel Random Number Generator)
Time:    Mon Jun  4 00:42:01 2018
Kernel:  AVX

NOTE: Consider using the multicore version because your CPU has 4 cores!

Reading alignment file ../simulations/data_D10T10L20I10T10//S/436_pruned.fasta ... Fasta format detected
Alignment most likely contains DNA/RNA sequences
Alignment has 40 sequences with 300 columns and 300 patterns (298 informative sites)
          Gap/Ambiguity  Composition  p-value
   1  n255_288    0.00%    passed     74.39%
   2  n274_319    0.00%    passed     14.91%
   3  n280_335    0.00%    passed     92.47%
   4  n280_333    0.00%    passed     15.18%
   5  n294_359    0.00%    passed     42.33%
   6  n278_327    0.00%    passed     11.58%
   7  n236_265    0.00%    passed     35.93%
   8  n266_307    0.00%    passed     56.19%
   9  n292_357    0.00%    passed     93.13%
  10  n289_350    0.00%    passed     48.53%
  11  n277_330    0.00%    passed     78.71%
  12  n280_337    0.00%    passed     86.61%
  13  n292_355    0.00%    passed     75.04%
  14  n285_346    0.00%    passed     35.78%
  15  n290_351    0.00%    passed     46.56%
  16  n286_347    0.00%    passed     47.76%
  17  n275_324    0.00%    passed     48.22%
  18  n200_213    0.00%    passed     64.27%
  19  n300_369    0.00%    passed     96.87%
  20  n292_353    0.00%    passed      8.74%
  21  n300_367    0.00%    passed     84.74%
  22  n296_361    0.00%    passed     37.93%
  23  n299_366    0.00%    passed     58.24%
  24  n295_360    0.00%    passed     49.18%
  25  n274_321    0.00%    passed     97.76%
  26  n299_368    0.00%    passed     98.54%
  27  n251_280    0.00%    passed     87.52%
  28  n278_329    0.00%    passed     87.07%
  29  n265_306    0.00%    passed     68.87%
  30  n277_326    0.00%    passed     17.85%
  31  n244_273    0.00%    passed      9.60%
  32  n300_365    0.00%    passed     21.14%
  33  n298_363    0.00%    passed     19.73%
  34  n287_348    0.00%    passed     52.27%
  35  n297_362    0.00%    passed     31.23%
  36  n277_328    0.00%    passed     86.12%
  37  n299_364    0.00%    passed     16.78%
  38  n293_358    0.00%    passed     57.15%
  39  n278_331    0.00%    passed     75.98%
  40  n274_323    0.00%    passed     92.28%
****  TOTAL       0.00%  0 sequences failed composition chi2 test (p-value<5%; df=3)

Create initial parsimony tree by phylogenetic likelihood library (PLL)... 0.003 seconds

NOTE: 1 MB RAM is required!
Estimate model parameters (epsilon = 0.100)
1. Initial log-likelihood: -7456.401
2. Current log-likelihood: -7338.985
3. Current log-likelihood: -7326.147
4. Current log-likelihood: -7325.021
5. Current log-likelihood: -7324.907
Optimal log-likelihood: -7324.846
Rate parameters:  A-C: 1.141  A-G: 1.378  A-T: 1.017  C-G: 0.987  C-T: 1.359  G-T: 1.000
Base frequencies:   A: 0.227  C: 0.283  G: 0.248  T: 0.241
Gamma shape alpha: 4.703
Parameters optimization took 5 rounds (0.101 sec)
--------------------------------------------------------------------
|             INITIALIZING CANDIDATE TREE SET                      |
--------------------------------------------------------------------
Computing ML distances based on estimated model parameters... 0.008 sec
WARNING: Some pairwise ML distances are too long (saturated)
Computing BIONJ tree...
0.001 seconds
Log-likelihood of BIONJ tree: -7351.941
Generating 98 parsimony trees... 0.304 seconds 2 distinct starting trees
Computing log-likelihood of 2 initial trees ... 0.000 seconds
Optimizing top 2 initial trees with NNI...
Iteration 1 / LogL: -7324.729 / Time: 0h:0m:0s
Estimate model parameters (epsilon = 0.100)
BETTER TREE FOUND at iteration 1: -7324.708
Iteration 2 / LogL: -7324.713 / Time: 0h:0m:0s
Average CPU time for 1 NNI search: 0.028
Finish initializing candidate tree set. Number of distinct locally optimal trees: 1
Current best tree score: -7324.708 / CPU time: 0.360
--------------------------------------------------------------------
|               OPTIMIZING CANDIDATE TREE SET                      |
--------------------------------------------------------------------
Iteration 10 / LogL: -7350.858 / Time: 0h:0m:0s
Iteration 20 / LogL: -7325.294 / Time: 0h:0m:1s (0h:0m:6s left)
Iteration 30 / LogL: -7324.955 / Time: 0h:0m:1s (0h:0m:4s left)
Iteration 40 / LogL: -7325.891 / Time: 0h:0m:2s (0h:0m:3s left)
Iteration 50 / LogL: -7325.444 / Time: 0h:0m:2s (0h:0m:3s left)
Iteration 60 / LogL: -7326.966 / Time: 0h:0m:3s (0h:0m:2s left)
Iteration 70 / LogL: -7324.803 / Time: 0h:0m:4s (0h:0m:1s left)
Estimate model parameters (epsilon = 0.010)
UPDATE BEST LOG-LIKELIHOOD: -7324.338
Iteration 80 / LogL: -7325.873 / Time: 0h:0m:4s (0h:0m:1s left)
Iteration 90 / LogL: -7326.689 / Time: 0h:0m:5s (0h:0m:0s left)
Iteration 100 / LogL: -7325.071 / Time: 0h:0m:5s (0h:0m:0s left)
TREE SEARCH COMPLETED AFTER 101 ITERATIONS / Time: 0h:0m:5s

--------------------------------------------------------------------
|                    FINALIZING TREE SEARCH                        |
--------------------------------------------------------------------
Performs final model parameters optimization
Estimate model parameters (epsilon = 0.010)
1. Initial log-likelihood: -7324.338
Optimal log-likelihood: -7324.335
Rate parameters:  A-C: 1.143  A-G: 1.361  A-T: 1.013  C-G: 1.017  C-T: 1.357  G-T: 1.000
Base frequencies:   A: 0.227  C: 0.283  G: 0.248  T: 0.241
Gamma shape alpha: 4.200
Parameters optimization took 1 rounds (0.014 sec)
BEST SCORE FOUND : -7324.335

Testing tree branches by SH-like aLRT with 1000 replicates...
CPU Time used:  0.188 sec.
Total tree length: 11.395

Total number of iterations: 101
CPU time used for tree search: 5.492 sec (0h:0m:5s)
Wall-clock time used for tree search: 5.494 sec (0h:0m:5s)
Total CPU time used: 5.848 sec (0h:0m:5s)
Total wall-clock time used: 5.851 sec (0h:0m:5s)

Analysis results written to: 
  IQ-TREE report:                ../simulations/data_D10T10L20I10T10//S/436_pruned.fasta.iqtree
  Maximum-likelihood tree:       ../simulations/data_D10T10L20I10T10//S/436_pruned.fasta.treefile
  Likelihood distances:          ../simulations/data_D10T10L20I10T10//S/436_pruned.fasta.mldist
  Screen log file:               ../simulations/data_D10T10L20I10T10//S/436_pruned.fasta.log

Date and Time: Mon Jun  4 00:42:07 2018
