IQ-TREE version 1.4.2 for Linux 64-bit built Apr 15 2016
Copyright (c) 2011-2015 Nguyen Lam Tung, Olga Chernomor, Arndt von Haeseler and Bui Quang Minh.

Host:    meduse (AVX2, FMA3, 7 GB RAM)
Command: iqtree -s ../simulations/data_D10T10L20I10T10//S/437_pruned.fasta -m GTR+G -alrt 1000 -redo
Seed:    329428 (Using SPRNG - Scalable Parallel Random Number Generator)
Time:    Mon Jun  4 00:15:10 2018
Kernel:  AVX

NOTE: Consider using the multicore version because your CPU has 4 cores!

Reading alignment file ../simulations/data_D10T10L20I10T10//S/437_pruned.fasta ... Fasta format detected
Alignment most likely contains DNA/RNA sequences
Alignment has 26 sequences with 300 columns and 300 patterns (293 informative sites)
          Gap/Ambiguity  Composition  p-value
   1  n299_300    0.00%    passed     50.49%
   2  n300_301    0.00%    passed     51.77%
   3  n290_291    0.00%    passed     76.72%
   4  n244_245    0.00%    passed     68.77%
   5  n255_256    0.00%    passed     97.18%
   6  n277_278    0.00%    passed     75.35%
   7  n200_201    0.00%    passed     49.84%
   8  n236_237    0.00%    passed     26.69%
   9  n274_275    0.00%    passed     33.61%
  10  n289_290    0.00%    passed     76.93%
  11  n296_297    0.00%    passed     67.99%
  12  n275_276    0.00%    passed     81.75%
  13  n292_293    0.00%    passed     63.26%
  14  n278_279    0.00%    passed     84.83%
  15  n298_299    0.00%    passed     91.05%
  16  n297_298    0.00%    passed     91.17%
  17  n286_287    0.00%    passed     52.64%
  18  n285_286    0.00%    passed     37.07%
  19  n287_288    0.00%    passed     71.80%
  20  n251_252    0.00%    passed     62.54%
  21  n294_295    0.00%    passed     79.35%
  22  n295_296    0.00%    passed     85.00%
  23  n266_267    0.00%    passed     36.95%
  24  n265_266    0.00%    passed     73.02%
  25  n280_281    0.00%    passed     76.21%
  26  n293_294    0.00%    passed     74.23%
****  TOTAL       0.00%  0 sequences failed composition chi2 test (p-value<5%; df=3)

Create initial parsimony tree by phylogenetic likelihood library (PLL)... 0.002 seconds

NOTE: 1 MB RAM is required!
Estimate model parameters (epsilon = 0.100)
1. Initial log-likelihood: -5276.416
2. Current log-likelihood: -5182.628
3. Current log-likelihood: -5170.155
4. Current log-likelihood: -5167.499
5. Current log-likelihood: -5166.934
Optimal log-likelihood: -5166.820
Rate parameters:  A-C: 1.084  A-G: 1.178  A-T: 0.812  C-G: 1.013  C-T: 1.420  G-T: 1.000
Base frequencies:   A: 0.249  C: 0.267  G: 0.234  T: 0.250
Gamma shape alpha: 4.622
Parameters optimization took 5 rounds (0.063 sec)
--------------------------------------------------------------------
|             INITIALIZING CANDIDATE TREE SET                      |
--------------------------------------------------------------------
Computing ML distances based on estimated model parameters... 0.004 sec
WARNING: Some pairwise ML distances are too long (saturated)
Computing BIONJ tree...
0.001 seconds
Log-likelihood of BIONJ tree: -5172.618
Generating 98 parsimony trees... 0.130 seconds 5 distinct starting trees
Computing log-likelihood of 5 initial trees ... 0.009 seconds
Optimizing top 5 initial trees with NNI...
Iteration 1 / LogL: -5166.577 / Time: 0h:0m:0s
Estimate model parameters (epsilon = 0.100)
BETTER SCORE FOUND at iteration 1: -5166.041
Iteration 2 / LogL: -5166.044 / Time: 0h:0m:0s
Iteration 3 / LogL: -5166.175 / Time: 0h:0m:0s
Iteration 4 / LogL: -5166.175 / Time: 0h:0m:0s
Iteration 5 / LogL: -5166.087 / Time: 0h:0m:0s
Average CPU time for 1 NNI search: 0.013
Finish initializing candidate tree set. Number of distinct locally optimal trees: 1
Current best tree score: -5166.041 / CPU time: 0.204
--------------------------------------------------------------------
|               OPTIMIZING CANDIDATE TREE SET                      |
--------------------------------------------------------------------
Iteration 10 / LogL: -5168.738 / Time: 0h:0m:0s
Iteration 20 / LogL: -5177.847 / Time: 0h:0m:0s (0h:0m:3s left)
Iteration 30 / LogL: -5166.415 / Time: 0h:0m:1s (0h:0m:2s left)
Iteration 40 / LogL: -5168.607 / Time: 0h:0m:1s (0h:0m:2s left)
Iteration 50 / LogL: -5172.570 / Time: 0h:0m:1s (0h:0m:2s left)
Iteration 60 / LogL: -5166.110 / Time: 0h:0m:2s (0h:0m:1s left)
Iteration 70 / LogL: -5169.251 / Time: 0h:0m:2s (0h:0m:1s left)
Iteration 80 / LogL: -5186.570 / Time: 0h:0m:3s (0h:0m:0s left)
Iteration 90 / LogL: -5168.453 / Time: 0h:0m:3s (0h:0m:0s left)
Iteration 100 / LogL: -5176.202 / Time: 0h:0m:3s (0h:0m:0s left)
TREE SEARCH COMPLETED AFTER 101 ITERATIONS / Time: 0h:0m:3s

--------------------------------------------------------------------
|                    FINALIZING TREE SEARCH                        |
--------------------------------------------------------------------
Performs final model parameters optimization
Estimate model parameters (epsilon = 0.010)
1. Initial log-likelihood: -5166.041
Optimal log-likelihood: -5166.029
Rate parameters:  A-C: 1.086  A-G: 1.157  A-T: 0.826  C-G: 0.989  C-T: 1.410  G-T: 1.000
Base frequencies:   A: 0.249  C: 0.267  G: 0.234  T: 0.250
Gamma shape alpha: 4.724
Parameters optimization took 1 rounds (0.009 sec)
BEST SCORE FOUND : -5166.029

Testing tree branches by SH-like aLRT with 1000 replicates...
CPU Time used:  0.132 sec.
Total tree length: 8.430

Total number of iterations: 101
CPU time used for tree search: 3.628 sec (0h:0m:3s)
Wall-clock time used for tree search: 3.629 sec (0h:0m:3s)
Total CPU time used: 3.864 sec (0h:0m:3s)
Total wall-clock time used: 3.864 sec (0h:0m:3s)

Analysis results written to: 
  IQ-TREE report:                ../simulations/data_D10T10L20I10T10//S/437_pruned.fasta.iqtree
  Maximum-likelihood tree:       ../simulations/data_D10T10L20I10T10//S/437_pruned.fasta.treefile
  Likelihood distances:          ../simulations/data_D10T10L20I10T10//S/437_pruned.fasta.mldist
  Screen log file:               ../simulations/data_D10T10L20I10T10//S/437_pruned.fasta.log

Date and Time: Mon Jun  4 00:15:14 2018
