IQ-TREE version 1.4.2 for Linux 64-bit built Apr 15 2016
Copyright (c) 2011-2015 Nguyen Lam Tung, Olga Chernomor, Arndt von Haeseler and Bui Quang Minh.

Host:    meduse (AVX2, FMA3, 7 GB RAM)
Command: iqtree -s ../simulations/data_D10T10L20I10T10//S/442_pruned.fasta -m GTR+G -alrt 1000 -redo
Seed:    941823 (Using SPRNG - Scalable Parallel Random Number Generator)
Time:    Mon Jun  4 00:35:17 2018
Kernel:  AVX

NOTE: Consider using the multicore version because your CPU has 4 cores!

Reading alignment file ../simulations/data_D10T10L20I10T10//S/442_pruned.fasta ... Fasta format detected
Alignment most likely contains DNA/RNA sequences
Alignment has 30 sequences with 300 columns and 300 patterns (296 informative sites)
          Gap/Ambiguity  Composition  p-value
   1  n285_328    0.00%    passed     72.50%
   2  n278_321    0.00%    passed     22.92%
   3  n298_343    0.00%    passed     23.39%
   4  n289_334    0.00%    passed     97.45%
   5  n280_323    0.00%    passed     15.80%
   6  n244_279    0.00%    passed     69.11%
   7  n287_332    0.00%    passed     90.63%
   8  n251_290    0.00%    passed     86.52%
   9  n265_308    0.00%    passed     81.39%
  10  n286_329    0.00%    passed     41.14%
  11  n275_318    0.00%    passed      9.56%
  12  n294_339    0.00%    passed     31.72%
  13  n200_229    0.00%    passed     86.34%
  14  n296_341    0.00%    passed     50.22%
  15  n236_271    0.00%    passed      8.21%
  16  n295_340    0.00%    passed     33.93%
  17  n290_335    0.00%    passed     81.92%
  18  n299_344    0.00%    failed      3.96%
  19  n266_309    0.00%    passed     95.57%
  20  n274_317    0.00%    failed      2.82%
  21  n265_306    0.00%    passed     81.37%
  22  n285_330    0.00%    passed     74.43%
  23  n297_342    0.00%    passed     23.80%
  24  n292_337    0.00%    failed      1.46%
  25  n266_307    0.00%    passed     82.27%
  26  n300_345    0.00%    passed      9.93%
  27  n293_338    0.00%    passed     20.30%
  28  n286_331    0.00%    passed     94.81%
  29  n255_294    0.00%    passed     85.38%
  30  n277_320    0.00%    passed     37.95%
****  TOTAL       0.00%  3 sequences failed composition chi2 test (p-value<5%; df=3)

Create initial parsimony tree by phylogenetic likelihood library (PLL)... 0.002 seconds

NOTE: 1 MB RAM is required!
Estimate model parameters (epsilon = 0.100)
1. Initial log-likelihood: -6340.905
2. Current log-likelihood: -6240.052
3. Current log-likelihood: -6227.709
4. Current log-likelihood: -6225.647
5. Current log-likelihood: -6225.318
Optimal log-likelihood: -6225.254
Rate parameters:  A-C: 1.058  A-G: 1.378  A-T: 1.196  C-G: 0.998  C-T: 1.462  G-T: 1.000
Base frequencies:   A: 0.236  C: 0.274  G: 0.247  T: 0.243
Gamma shape alpha: 3.914
Parameters optimization took 5 rounds (0.082 sec)
--------------------------------------------------------------------
|             INITIALIZING CANDIDATE TREE SET                      |
--------------------------------------------------------------------
Computing ML distances based on estimated model parameters... 0.004 sec
WARNING: Some pairwise ML distances are too long (saturated)
Computing BIONJ tree...
0.000 seconds
Log-likelihood of BIONJ tree: -6228.870
Generating 98 parsimony trees... 0.191 seconds 2 distinct starting trees
Computing log-likelihood of 2 initial trees ... 0.000 seconds
Optimizing top 2 initial trees with NNI...
Iteration 1 / LogL: -6223.948 / Time: 0h:0m:0s
Estimate model parameters (epsilon = 0.100)
BETTER TREE FOUND at iteration 1: -6223.853
Iteration 2 / LogL: -6224.624 / Time: 0h:0m:0s
Average CPU time for 1 NNI search: 0.022
Finish initializing candidate tree set. Number of distinct locally optimal trees: 1
Current best tree score: -6223.853 / CPU time: 0.236
--------------------------------------------------------------------
|               OPTIMIZING CANDIDATE TREE SET                      |
--------------------------------------------------------------------
Iteration 10 / LogL: -6224.920 / Time: 0h:0m:0s
Iteration 20 / LogL: -6224.468 / Time: 0h:0m:1s (0h:0m:4s left)
Iteration 30 / LogL: -6226.191 / Time: 0h:0m:1s (0h:0m:3s left)
Iteration 40 / LogL: -6226.454 / Time: 0h:0m:1s (0h:0m:2s left)
Iteration 50 / LogL: -6223.977 / Time: 0h:0m:2s (0h:0m:2s left)
Iteration 60 / LogL: -6226.125 / Time: 0h:0m:2s (0h:0m:1s left)
Iteration 70 / LogL: -6223.953 / Time: 0h:0m:2s (0h:0m:1s left)
Iteration 80 / LogL: -7159.125 / Time: 0h:0m:3s (0h:0m:0s left)
Iteration 90 / LogL: -6224.126 / Time: 0h:0m:3s (0h:0m:0s left)
Iteration 100 / LogL: -6223.952 / Time: 0h:0m:3s (0h:0m:0s left)
TREE SEARCH COMPLETED AFTER 101 ITERATIONS / Time: 0h:0m:4s

--------------------------------------------------------------------
|                    FINALIZING TREE SEARCH                        |
--------------------------------------------------------------------
Performs final model parameters optimization
Estimate model parameters (epsilon = 0.010)
1. Initial log-likelihood: -6223.853
2. Current log-likelihood: -6223.842
Optimal log-likelihood: -6223.836
Rate parameters:  A-C: 1.040  A-G: 1.360  A-T: 1.194  C-G: 0.978  C-T: 1.451  G-T: 1.000
Base frequencies:   A: 0.236  C: 0.274  G: 0.247  T: 0.243
Gamma shape alpha: 3.890
Parameters optimization took 2 rounds (0.016 sec)
BEST SCORE FOUND : -6223.836

Testing tree branches by SH-like aLRT with 1000 replicates...
CPU Time used:  0.148 sec.
Total tree length: 10.193

Total number of iterations: 101
CPU time used for tree search: 3.920 sec (0h:0m:3s)
Wall-clock time used for tree search: 3.923 sec (0h:0m:3s)
Total CPU time used: 4.200 sec (0h:0m:4s)
Total wall-clock time used: 4.209 sec (0h:0m:4s)

Analysis results written to: 
  IQ-TREE report:                ../simulations/data_D10T10L20I10T10//S/442_pruned.fasta.iqtree
  Maximum-likelihood tree:       ../simulations/data_D10T10L20I10T10//S/442_pruned.fasta.treefile
  Likelihood distances:          ../simulations/data_D10T10L20I10T10//S/442_pruned.fasta.mldist
  Screen log file:               ../simulations/data_D10T10L20I10T10//S/442_pruned.fasta.log

Date and Time: Mon Jun  4 00:35:22 2018
