IQ-TREE version 1.4.2 for Linux 64-bit built Apr 15 2016
Copyright (c) 2011-2015 Nguyen Lam Tung, Olga Chernomor, Arndt von Haeseler and Bui Quang Minh.

Host:    meduse (AVX2, FMA3, 7 GB RAM)
Command: iqtree -s ../simulations/data_D10T10L20I10T10//S/443_pruned.fasta -m GTR+G -alrt 1000 -redo
Seed:    292106 (Using SPRNG - Scalable Parallel Random Number Generator)
Time:    Fri Jun  1 10:29:18 2018
Kernel:  AVX

NOTE: Consider using the multicore version because your CPU has 4 cores!

Reading alignment file ../simulations/data_D10T10L20I10T10//S/443_pruned.fasta ... Fasta format detected
Alignment most likely contains DNA/RNA sequences
Alignment has 26 sequences with 300 columns and 186 patterns (149 informative sites)
          Gap/Ambiguity  Composition  p-value
   1  n292_293    0.00%    passed     97.53%
   2  n287_288    0.00%    passed     98.59%
   3  n290_291    0.00%    passed     98.59%
   4  n294_295    0.00%    passed     96.07%
   5  n251_252    0.00%    passed     89.81%
   6  n286_287    0.00%    passed     79.61%
   7  n300_301    0.00%    passed     96.06%
   8  n275_276    0.00%    passed     98.50%
   9  n274_275    0.00%    passed     98.87%
  10  n289_290    0.00%    passed     98.59%
  11  n255_256    0.00%    passed     96.99%
  12  n236_237    0.00%    passed     97.43%
  13  n299_300    0.00%    passed     97.53%
  14  n278_279    0.00%    passed     88.07%
  15  n297_298    0.00%    passed     97.80%
  16  n298_299    0.00%    passed     97.80%
  17  n244_245    0.00%    passed     91.18%
  18  n293_294    0.00%    passed     95.18%
  19  n296_297    0.00%    passed     96.03%
  20  n295_296    0.00%    passed     95.22%
  21  n266_267    0.00%    passed     52.10%
  22  n200_201    0.00%    passed     99.77%
  23  n285_286    0.00%    passed     78.76%
  24  n277_278    0.00%    passed     86.91%
  25  n280_281    0.00%    passed     96.69%
  26  n265_266    0.00%    passed     60.74%
****  TOTAL       0.00%  0 sequences failed composition chi2 test (p-value<5%; df=3)
NOTE: 4 identical sequences (see below) will be ignored for subsequent analysis
NOTE: n299_300 (identical to n292_293) is ignored but added at the end
NOTE: n290_291 (identical to n287_288) is ignored but added at the end
NOTE: n289_290 (identical to n287_288) is ignored but added at the end
NOTE: n298_299 (identical to n297_298) is ignored but added at the end

Create initial parsimony tree by phylogenetic likelihood library (PLL)... 0.001 seconds

NOTE: 0 MB RAM is required!
Estimate model parameters (epsilon = 0.100)
1. Initial log-likelihood: -2064.889
2. Current log-likelihood: -2007.902
3. Current log-likelihood: -2007.535
Optimal log-likelihood: -2007.527
Rate parameters:  A-C: 0.803  A-G: 1.156  A-T: 0.610  C-G: 0.617  C-T: 1.068  G-T: 1.000
Base frequencies:   A: 0.273  C: 0.275  G: 0.203  T: 0.250
Gamma shape alpha: 21.189
Parameters optimization took 3 rounds (0.019 sec)
--------------------------------------------------------------------
|             INITIALIZING CANDIDATE TREE SET                      |
--------------------------------------------------------------------
Computing ML distances based on estimated model parameters... 0.000 sec
Computing BIONJ tree...
0.001 seconds
Log-likelihood of BIONJ tree: -2007.408
Generating 98 parsimony trees... 0.065 seconds 12 distinct starting trees
Computing log-likelihood of 12 initial trees ... 0.016 seconds
Optimizing top 12 initial trees with NNI...
Iteration 1 / LogL: -2007.408 / Time: 0h:0m:0s
Estimate model parameters (epsilon = 0.100)
BETTER SCORE FOUND at iteration 1: -2007.402
Iteration 2 / LogL: -2007.404 / Time: 0h:0m:0s
Iteration 3 / LogL: -2007.436 / Time: 0h:0m:0s
Iteration 4 / LogL: -2007.405 / Time: 0h:0m:0s
Iteration 5 / LogL: -2007.533 / Time: 0h:0m:0s
Iteration 6 / LogL: -2007.533 / Time: 0h:0m:0s
Iteration 7 / LogL: -2007.405 / Time: 0h:0m:0s
Iteration 8 / LogL: -2007.436 / Time: 0h:0m:0s
Iteration 9 / LogL: -2007.533 / Time: 0h:0m:0s
Iteration 10 / LogL: -2007.533 / Time: 0h:0m:0s
Iteration 11 / LogL: -2007.405 / Time: 0h:0m:0s
Iteration 12 / LogL: -2007.405 / Time: 0h:0m:0s
Average CPU time for 1 NNI search: 0.005
Finish initializing candidate tree set. Number of distinct locally optimal trees: 5
Current best tree score: -2007.402 / CPU time: 0.136
--------------------------------------------------------------------
|               OPTIMIZING CANDIDATE TREE SET                      |
--------------------------------------------------------------------
Iteration 20 / LogL: -2080.595 / Time: 0h:0m:0s (0h:0m:1s left)
Iteration 30 / LogL: -2007.405 / Time: 0h:0m:0s (0h:0m:0s left)
Iteration 40 / LogL: -2146.930 / Time: 0h:0m:0s (0h:0m:0s left)
Iteration 50 / LogL: -2040.987 / Time: 0h:0m:0s (0h:0m:0s left)
Iteration 60 / LogL: -2007.529 / Time: 0h:0m:0s (0h:0m:0s left)
Iteration 70 / LogL: -2007.405 / Time: 0h:0m:0s (0h:0m:0s left)
Iteration 80 / LogL: -2007.529 / Time: 0h:0m:0s (0h:0m:0s left)
Iteration 90 / LogL: -2007.535 / Time: 0h:0m:1s (0h:0m:0s left)
Iteration 100 / LogL: -2007.475 / Time: 0h:0m:1s (0h:0m:0s left)
TREE SEARCH COMPLETED AFTER 101 ITERATIONS / Time: 0h:0m:1s

--------------------------------------------------------------------
|                    FINALIZING TREE SEARCH                        |
--------------------------------------------------------------------
Performs final model parameters optimization
Estimate model parameters (epsilon = 0.010)
1. Initial log-likelihood: -2007.402
Optimal log-likelihood: -2007.402
Rate parameters:  A-C: 0.803  A-G: 1.152  A-T: 0.612  C-G: 0.616  C-T: 1.081  G-T: 1.000
Base frequencies:   A: 0.273  C: 0.275  G: 0.203  T: 0.250
Gamma shape alpha: 21.249
Parameters optimization took 1 rounds (0.004 sec)
BEST SCORE FOUND : -2007.402

Testing tree branches by SH-like aLRT with 1000 replicates...
CPU Time used:  0.088 sec.
Total tree length: 1.187

Total number of iterations: 101
CPU time used for tree search: 1.176 sec (0h:0m:1s)
Wall-clock time used for tree search: 1.182 sec (0h:0m:1s)
Total CPU time used: 1.300 sec (0h:0m:1s)
Total wall-clock time used: 1.310 sec (0h:0m:1s)

Analysis results written to: 
  IQ-TREE report:                ../simulations/data_D10T10L20I10T10//S/443_pruned.fasta.iqtree
  Maximum-likelihood tree:       ../simulations/data_D10T10L20I10T10//S/443_pruned.fasta.treefile
  Likelihood distances:          ../simulations/data_D10T10L20I10T10//S/443_pruned.fasta.mldist
  Screen log file:               ../simulations/data_D10T10L20I10T10//S/443_pruned.fasta.log

Date and Time: Fri Jun  1 10:29:19 2018
