IQ-TREE version 1.4.2 for Linux 64-bit built Apr 15 2016
Copyright (c) 2011-2015 Nguyen Lam Tung, Olga Chernomor, Arndt von Haeseler and Bui Quang Minh.

Host:    meduse (AVX2, FMA3, 7 GB RAM)
Command: iqtree -s ../simulations/data_D8T8L15I8T8//S/446_pruned.fasta -m GTR+G -alrt 1000 -redo
Seed:    627978 (Using SPRNG - Scalable Parallel Random Number Generator)
Time:    Fri May 25 23:01:47 2018
Kernel:  AVX

NOTE: Consider using the multicore version because your CPU has 4 cores!

Reading alignment file ../simulations/data_D8T8L15I8T8//S/446_pruned.fasta ... Fasta format detected
Alignment most likely contains DNA/RNA sequences
Alignment has 26 sequences with 300 columns and 192 patterns (164 informative sites)
          Gap/Ambiguity  Composition  p-value
   1  n287_288    0.00%    passed     95.80%
   2  n290_291    0.00%    passed     95.80%
   3  n236_237    0.00%    passed     97.23%
   4  n278_279    0.00%    passed     88.82%
   5  n285_286    0.00%    passed     39.67%
   6  n265_266    0.00%    passed     95.72%
   7  n280_281    0.00%    passed     94.95%
   8  n299_300    0.00%    passed     92.84%
   9  n293_294    0.00%    passed     99.56%
  10  n274_275    0.00%    passed     88.49%
  11  n292_293    0.00%    passed     94.78%
  12  n296_297    0.00%    passed     99.16%
  13  n294_295    0.00%    passed     99.56%
  14  n275_276    0.00%    passed     99.80%
  15  n297_298    0.00%    passed     92.36%
  16  n289_290    0.00%    passed     98.57%
  17  n286_287    0.00%    passed     47.90%
  18  n255_256    0.00%    passed     80.24%
  19  n295_296    0.00%    passed     99.16%
  20  n266_267    0.00%    passed     92.81%
  21  n244_245    0.00%    passed     74.44%
  22  n298_299    0.00%    passed     92.36%
  23  n300_301    0.00%    passed     89.60%
  24  n200_201    0.00%    passed     71.50%
  25  n277_278    0.00%    passed     87.54%
  26  n251_252    0.00%    passed     88.01%
****  TOTAL       0.00%  0 sequences failed composition chi2 test (p-value<5%; df=3)
NOTE: 3 identical sequences (see below) will be ignored for subsequent analysis
NOTE: n294_295 (identical to n293_294) is ignored but added at the end
NOTE: n295_296 (identical to n296_297) is ignored but added at the end
NOTE: n298_299 (identical to n297_298) is ignored but added at the end

Create initial parsimony tree by phylogenetic likelihood library (PLL)... 0.001 seconds

NOTE: 0 MB RAM is required!
Estimate model parameters (epsilon = 0.100)
1. Initial log-likelihood: -2147.222
2. Current log-likelihood: -2085.749
3. Current log-likelihood: -2085.235
Optimal log-likelihood: -2085.234
Rate parameters:  A-C: 0.861  A-G: 0.794  A-T: 0.721  C-G: 0.931  C-T: 0.848  G-T: 1.000
Base frequencies:   A: 0.240  C: 0.257  G: 0.275  T: 0.228
Gamma shape alpha: 998.403
Parameters optimization took 3 rounds (0.033 sec)
--------------------------------------------------------------------
|             INITIALIZING CANDIDATE TREE SET                      |
--------------------------------------------------------------------
Computing ML distances based on estimated model parameters... 0.004 sec
Computing BIONJ tree...
0.001 seconds
Log-likelihood of BIONJ tree: -2085.234
Generating 98 parsimony trees... 0.165 seconds 49 distinct starting trees
Computing log-likelihood of 49 initial trees ... 0.168 seconds
Optimizing top 20 initial trees with NNI...
Iteration 1 / LogL: -2085.218 / Time: 0h:0m:0s
Estimate model parameters (epsilon = 0.100)
BETTER SCORE FOUND at iteration 1: -2085.211
Iteration 2 / LogL: -2085.218 / Time: 0h:0m:0s
Iteration 3 / LogL: -2085.218 / Time: 0h:0m:0s
Iteration 4 / LogL: -2085.218 / Time: 0h:0m:0s
Iteration 5 / LogL: -2085.218 / Time: 0h:0m:0s
Iteration 6 / LogL: -2085.218 / Time: 0h:0m:0s
Iteration 7 / LogL: -2085.218 / Time: 0h:0m:0s
Iteration 8 / LogL: -2085.218 / Time: 0h:0m:0s
Iteration 9 / LogL: -2085.218 / Time: 0h:0m:0s
Iteration 10 / LogL: -2085.218 / Time: 0h:0m:0s
Iteration 11 / LogL: -2085.218 / Time: 0h:0m:0s
Iteration 12 / LogL: -2085.218 / Time: 0h:0m:0s
Iteration 13 / LogL: -2085.218 / Time: 0h:0m:0s
Iteration 14 / LogL: -2085.218 / Time: 0h:0m:0s
Iteration 15 / LogL: -2085.218 / Time: 0h:0m:0s
Iteration 16 / LogL: -2085.218 / Time: 0h:0m:0s
Iteration 17 / LogL: -2085.218 / Time: 0h:0m:0s
Iteration 18 / LogL: -2085.218 / Time: 0h:0m:0s
Iteration 19 / LogL: -2085.218 / Time: 0h:0m:0s
Iteration 20 / LogL: -2085.218 / Time: 0h:0m:0s
Average CPU time for 1 NNI search: 0.008
Finish initializing candidate tree set. Number of distinct locally optimal trees: 20
Current best tree score: -2085.211 / CPU time: 0.488
--------------------------------------------------------------------
|               OPTIMIZING CANDIDATE TREE SET                      |
--------------------------------------------------------------------
Iteration 30 / LogL: -2085.228 / Time: 0h:0m:0s (0h:0m:1s left)
Iteration 40 / LogL: -2085.234 / Time: 0h:0m:1s (0h:0m:1s left)
Iteration 50 / LogL: -2085.211 / Time: 0h:0m:1s (0h:0m:1s left)
Iteration 60 / LogL: -2085.211 / Time: 0h:0m:1s (0h:0m:1s left)
Iteration 70 / LogL: -2085.223 / Time: 0h:0m:1s (0h:0m:0s left)
Iteration 80 / LogL: -2085.234 / Time: 0h:0m:2s (0h:0m:0s left)
Iteration 90 / LogL: -2085.213 / Time: 0h:0m:2s (0h:0m:0s left)
Iteration 100 / LogL: -2085.234 / Time: 0h:0m:2s (0h:0m:0s left)
TREE SEARCH COMPLETED AFTER 101 ITERATIONS / Time: 0h:0m:2s

--------------------------------------------------------------------
|                    FINALIZING TREE SEARCH                        |
--------------------------------------------------------------------
Performs final model parameters optimization
Estimate model parameters (epsilon = 0.010)
1. Initial log-likelihood: -2085.211
Optimal log-likelihood: -2085.211
Rate parameters:  A-C: 0.859  A-G: 0.796  A-T: 0.722  C-G: 0.931  C-T: 0.849  G-T: 1.000
Base frequencies:   A: 0.240  C: 0.257  G: 0.275  T: 0.228
Gamma shape alpha: 998.403
Parameters optimization took 1 rounds (0.011 sec)
BEST SCORE FOUND : -2085.211

Testing tree branches by SH-like aLRT with 1000 replicates...
CPU Time used:  0.156 sec.
Total tree length: 1.269

Total number of iterations: 101
CPU time used for tree search: 2.444 sec (0h:0m:2s)
Wall-clock time used for tree search: 2.493 sec (0h:0m:2s)
Total CPU time used: 2.668 sec (0h:0m:2s)
Total wall-clock time used: 2.728 sec (0h:0m:2s)

Analysis results written to: 
  IQ-TREE report:                ../simulations/data_D8T8L15I8T8//S/446_pruned.fasta.iqtree
  Maximum-likelihood tree:       ../simulations/data_D8T8L15I8T8//S/446_pruned.fasta.treefile
  Likelihood distances:          ../simulations/data_D8T8L15I8T8//S/446_pruned.fasta.mldist
  Screen log file:               ../simulations/data_D8T8L15I8T8//S/446_pruned.fasta.log

Date and Time: Fri May 25 23:01:50 2018
