IQ-TREE version 1.4.2 for Linux 64-bit built Apr 15 2016
Copyright (c) 2011-2015 Nguyen Lam Tung, Olga Chernomor, Arndt von Haeseler and Bui Quang Minh.

Host:    meduse (AVX2, FMA3, 7 GB RAM)
Command: iqtree -s ../simulations/data_D8T8L15I8T8//S/449_pruned.fasta -m GTR+G -alrt 1000 -redo
Seed:    300212 (Using SPRNG - Scalable Parallel Random Number Generator)
Time:    Fri May 25 22:56:00 2018
Kernel:  AVX

NOTE: Consider using the multicore version because your CPU has 4 cores!

Reading alignment file ../simulations/data_D8T8L15I8T8//S/449_pruned.fasta ... Fasta format detected
Alignment most likely contains DNA/RNA sequences
Alignment has 26 sequences with 300 columns and 179 patterns (164 informative sites)
          Gap/Ambiguity  Composition  p-value
   1  n287_288    0.00%    passed     96.62%
   2  n290_291    0.00%    passed     94.15%
   3  n236_237    0.00%    passed     87.45%
   4  n278_279    0.00%    passed     78.01%
   5  n285_286    0.00%    passed     97.94%
   6  n265_266    0.00%    passed     93.90%
   7  n280_281    0.00%    passed     78.33%
   8  n299_300    0.00%    passed     91.32%
   9  n293_294    0.00%    passed     93.21%
  10  n274_275    0.00%    passed     98.08%
  11  n292_293    0.00%    passed     86.98%
  12  n296_297    0.00%    passed     98.98%
  13  n294_295    0.00%    passed     94.50%
  14  n275_276    0.00%    passed     97.01%
  15  n297_298    0.00%    passed     91.75%
  16  n289_290    0.00%    passed     95.93%
  17  n286_287    0.00%    passed     96.91%
  18  n255_256    0.00%    passed     89.52%
  19  n295_296    0.00%    passed     99.70%
  20  n266_267    0.00%    passed     96.48%
  21  n244_245    0.00%    passed     92.19%
  22  n298_299    0.00%    passed     95.36%
  23  n300_301    0.00%    passed     81.73%
  24  n200_201    0.00%    passed     97.59%
  25  n277_278    0.00%    passed     80.47%
  26  n251_252    0.00%    passed     76.18%
****  TOTAL       0.00%  0 sequences failed composition chi2 test (p-value<5%; df=3)

Create initial parsimony tree by phylogenetic likelihood library (PLL)... 0.001 seconds

NOTE: 0 MB RAM is required!
Estimate model parameters (epsilon = 0.100)
1. Initial log-likelihood: -2077.316
2. Current log-likelihood: -2041.497
3. Current log-likelihood: -2041.098
Optimal log-likelihood: -2041.090
Rate parameters:  A-C: 1.352  A-G: 1.456  A-T: 1.022  C-G: 1.163  C-T: 1.343  G-T: 1.000
Base frequencies:   A: 0.244  C: 0.285  G: 0.225  T: 0.246
Gamma shape alpha: 26.725
Parameters optimization took 3 rounds (0.025 sec)
--------------------------------------------------------------------
|             INITIALIZING CANDIDATE TREE SET                      |
--------------------------------------------------------------------
Computing ML distances based on estimated model parameters... 0.004 sec
Computing BIONJ tree...
0.000 seconds
Log-likelihood of BIONJ tree: -2041.090
Generating 98 parsimony trees... 0.163 seconds 18 distinct starting trees
Computing log-likelihood of 18 initial trees ... 0.053 seconds
Optimizing top 18 initial trees with NNI...
Iteration 1 / LogL: -2041.090 / Time: 0h:0m:0s
Estimate model parameters (epsilon = 0.100)
BETTER SCORE FOUND at iteration 1: -2041.085
Iteration 2 / LogL: -2041.087 / Time: 0h:0m:0s
Iteration 3 / LogL: -2041.087 / Time: 0h:0m:0s
Iteration 4 / LogL: -2041.087 / Time: 0h:0m:0s
Iteration 5 / LogL: -2041.087 / Time: 0h:0m:0s
Iteration 6 / LogL: -2041.087 / Time: 0h:0m:0s
Iteration 7 / LogL: -2041.087 / Time: 0h:0m:0s
Iteration 8 / LogL: -2041.087 / Time: 0h:0m:0s
Iteration 9 / LogL: -2041.087 / Time: 0h:0m:0s
Iteration 10 / LogL: -2041.086 / Time: 0h:0m:0s
Iteration 11 / LogL: -2041.086 / Time: 0h:0m:0s
Iteration 12 / LogL: -2041.086 / Time: 0h:0m:0s
Iteration 13 / LogL: -2041.087 / Time: 0h:0m:0s
Iteration 14 / LogL: -2041.087 / Time: 0h:0m:0s
Iteration 15 / LogL: -2041.087 / Time: 0h:0m:0s
Iteration 16 / LogL: -2041.087 / Time: 0h:0m:0s
Iteration 17 / LogL: -2041.087 / Time: 0h:0m:0s
Iteration 18 / LogL: -2041.087 / Time: 0h:0m:0s
Average CPU time for 1 NNI search: 0.010
Finish initializing candidate tree set. Number of distinct locally optimal trees: 9
Current best tree score: -2041.085 / CPU time: 0.396
--------------------------------------------------------------------
|               OPTIMIZING CANDIDATE TREE SET                      |
--------------------------------------------------------------------
Iteration 20 / LogL: -2041.085 / Time: 0h:0m:0s (0h:0m:2s left)
Iteration 30 / LogL: -2041.085 / Time: 0h:0m:0s (0h:0m:1s left)
Iteration 40 / LogL: -2041.086 / Time: 0h:0m:0s (0h:0m:1s left)
Iteration 50 / LogL: -2041.085 / Time: 0h:0m:1s (0h:0m:1s left)
Iteration 60 / LogL: -2073.352 / Time: 0h:0m:1s (0h:0m:0s left)
Iteration 70 / LogL: -2041.112 / Time: 0h:0m:1s (0h:0m:0s left)
Iteration 80 / LogL: -2041.087 / Time: 0h:0m:1s (0h:0m:0s left)
Iteration 90 / LogL: -2041.087 / Time: 0h:0m:2s (0h:0m:0s left)
Iteration 100 / LogL: -2041.087 / Time: 0h:0m:2s (0h:0m:0s left)
TREE SEARCH COMPLETED AFTER 101 ITERATIONS / Time: 0h:0m:2s

--------------------------------------------------------------------
|                    FINALIZING TREE SEARCH                        |
--------------------------------------------------------------------
Performs final model parameters optimization
Estimate model parameters (epsilon = 0.010)
1. Initial log-likelihood: -2041.085
Optimal log-likelihood: -2041.082
Rate parameters:  A-C: 1.344  A-G: 1.440  A-T: 1.016  C-G: 1.151  C-T: 1.327  G-T: 1.000
Base frequencies:   A: 0.244  C: 0.285  G: 0.225  T: 0.246
Gamma shape alpha: 26.709
Parameters optimization took 1 rounds (0.007 sec)
BEST SCORE FOUND : -2041.082

Testing tree branches by SH-like aLRT with 1000 replicates...
CPU Time used:  0.156 sec.
Total tree length: 1.155

Total number of iterations: 101
CPU time used for tree search: 2.308 sec (0h:0m:2s)
Wall-clock time used for tree search: 2.311 sec (0h:0m:2s)
Total CPU time used: 2.516 sec (0h:0m:2s)
Total wall-clock time used: 2.521 sec (0h:0m:2s)

Analysis results written to: 
  IQ-TREE report:                ../simulations/data_D8T8L15I8T8//S/449_pruned.fasta.iqtree
  Maximum-likelihood tree:       ../simulations/data_D8T8L15I8T8//S/449_pruned.fasta.treefile
  Likelihood distances:          ../simulations/data_D8T8L15I8T8//S/449_pruned.fasta.mldist
  Screen log file:               ../simulations/data_D8T8L15I8T8//S/449_pruned.fasta.log

Date and Time: Fri May 25 22:56:02 2018
