IQ-TREE version 1.4.2 for Linux 64-bit built Apr 15 2016
Copyright (c) 2011-2015 Nguyen Lam Tung, Olga Chernomor, Arndt von Haeseler and Bui Quang Minh.

Host:    meduse (AVX2, FMA3, 7 GB RAM)
Command: iqtree -s ../simulations/data_D10T10L20I10T10//S/457_pruned.fasta -m GTR+G -alrt 1000 -redo
Seed:    611670 (Using SPRNG - Scalable Parallel Random Number Generator)
Time:    Mon Jun  4 00:53:27 2018
Kernel:  AVX

NOTE: Consider using the multicore version because your CPU has 4 cores!

Reading alignment file ../simulations/data_D10T10L20I10T10//S/457_pruned.fasta ... Fasta format detected
Alignment most likely contains DNA/RNA sequences
Alignment has 26 sequences with 300 columns and 300 patterns (293 informative sites)
          Gap/Ambiguity  Composition  p-value
   1  n295_298    0.00%    passed     90.08%
   2  n266_269    0.00%    passed     94.52%
   3  n255_258    0.00%    passed     23.68%
   4  n277_280    0.00%    passed     66.52%
   5  n299_302    0.00%    passed     96.54%
   6  n287_290    0.00%    passed     90.30%
   7  n274_277    0.00%    passed     78.95%
   8  n275_278    0.00%    passed     99.66%
   9  n278_281    0.00%    passed     66.88%
  10  n286_289    0.00%    passed     26.18%
  11  n236_239    0.00%    passed     14.46%
  12  n297_300    0.00%    passed     99.38%
  13  n293_296    0.00%    passed     45.38%
  14  n285_288    0.00%    passed     36.90%
  15  n251_254    0.00%    passed     73.78%
  16  n296_299    0.00%    passed     90.83%
  17  n294_297    0.00%    passed     52.37%
  18  n289_292    0.00%    passed     99.72%
  19  n290_293    0.00%    passed     95.14%
  20  n280_283    0.00%    passed     79.72%
  21  n200_203    0.00%    passed     85.41%
  22  n298_301    0.00%    passed     94.04%
  23  n292_295    0.00%    passed     96.95%
  24  n300_303    0.00%    passed     96.04%
  25  n244_247    0.00%    passed     76.39%
  26  n265_268    0.00%    passed     79.08%
****  TOTAL       0.00%  0 sequences failed composition chi2 test (p-value<5%; df=3)

Create initial parsimony tree by phylogenetic likelihood library (PLL)... 0.001 seconds

NOTE: 1 MB RAM is required!
Estimate model parameters (epsilon = 0.100)
1. Initial log-likelihood: -5375.840
2. Current log-likelihood: -5279.019
3. Current log-likelihood: -5264.251
4. Current log-likelihood: -5261.733
5. Current log-likelihood: -5261.262
6. Current log-likelihood: -5261.151
Optimal log-likelihood: -5261.094
Rate parameters:  A-C: 1.065  A-G: 1.291  A-T: 1.019  C-G: 1.066  C-T: 1.131  G-T: 1.000
Base frequencies:   A: 0.225  C: 0.272  G: 0.256  T: 0.246
Gamma shape alpha: 5.913
Parameters optimization took 6 rounds (0.068 sec)
--------------------------------------------------------------------
|             INITIALIZING CANDIDATE TREE SET                      |
--------------------------------------------------------------------
Computing ML distances based on estimated model parameters... 0.004 sec
Computing BIONJ tree...
0.000 seconds
Log-likelihood of BIONJ tree: -5286.840
Generating 98 parsimony trees... 0.122 seconds 3 distinct starting trees
Computing log-likelihood of 3 initial trees ... 0.003 seconds
Optimizing top 3 initial trees with NNI...
Iteration 1 / LogL: -5260.681 / Time: 0h:0m:0s
Estimate model parameters (epsilon = 0.100)
BETTER TREE FOUND at iteration 1: -5260.660
Iteration 2 / LogL: -5261.380 / Time: 0h:0m:0s
Iteration 3 / LogL: -5260.715 / Time: 0h:0m:0s
Average CPU time for 1 NNI search: 0.016
Finish initializing candidate tree set. Number of distinct locally optimal trees: 2
Current best tree score: -5260.660 / CPU time: 0.172
--------------------------------------------------------------------
|               OPTIMIZING CANDIDATE TREE SET                      |
--------------------------------------------------------------------
Iteration 10 / LogL: -6154.143 / Time: 0h:0m:0s
Estimate model parameters (epsilon = 0.010)
BETTER TREE FOUND at iteration 17: -5259.041
Iteration 20 / LogL: -5259.172 / Time: 0h:0m:0s (0h:0m:3s left)
Iteration 30 / LogL: -5259.344 / Time: 0h:0m:1s (0h:0m:3s left)
Iteration 40 / LogL: -5261.325 / Time: 0h:0m:1s (0h:0m:2s left)
Iteration 50 / LogL: -5261.063 / Time: 0h:0m:1s (0h:0m:2s left)
Estimate model parameters (epsilon = 0.010)
UPDATE BEST LOG-LIKELIHOOD: -5258.937
Estimate model parameters (epsilon = 0.010)
BETTER TREE FOUND at iteration 57: -5258.768
Iteration 60 / LogL: -5259.127 / Time: 0h:0m:2s (0h:0m:3s left)
Iteration 70 / LogL: -5265.740 / Time: 0h:0m:2s (0h:0m:2s left)
Iteration 80 / LogL: -5259.865 / Time: 0h:0m:2s (0h:0m:2s left)
Iteration 90 / LogL: -5264.273 / Time: 0h:0m:3s (0h:0m:2s left)
Iteration 100 / LogL: -5259.383 / Time: 0h:0m:3s (0h:0m:1s left)
Iteration 110 / LogL: -5262.112 / Time: 0h:0m:3s (0h:0m:1s left)
Iteration 120 / LogL: -5259.419 / Time: 0h:0m:3s (0h:0m:1s left)
Iteration 130 / LogL: -5266.203 / Time: 0h:0m:4s (0h:0m:0s left)
Iteration 140 / LogL: -5260.784 / Time: 0h:0m:4s (0h:0m:0s left)
Iteration 150 / LogL: -5260.553 / Time: 0h:0m:4s (0h:0m:0s left)
TREE SEARCH COMPLETED AFTER 157 ITERATIONS / Time: 0h:0m:5s

--------------------------------------------------------------------
|                    FINALIZING TREE SEARCH                        |
--------------------------------------------------------------------
Performs final model parameters optimization
Estimate model parameters (epsilon = 0.010)
1. Initial log-likelihood: -5258.768
Optimal log-likelihood: -5258.767
Rate parameters:  A-C: 1.156  A-G: 1.327  A-T: 1.053  C-G: 1.116  C-T: 1.197  G-T: 1.000
Base frequencies:   A: 0.225  C: 0.272  G: 0.256  T: 0.246
Gamma shape alpha: 5.950
Parameters optimization took 1 rounds (0.006 sec)
BEST SCORE FOUND : -5258.767

Testing tree branches by SH-like aLRT with 1000 replicates...
CPU Time used:  0.120 sec.
Total tree length: 8.593

Total number of iterations: 157
CPU time used for tree search: 5.152 sec (0h:0m:5s)
Wall-clock time used for tree search: 5.155 sec (0h:0m:5s)
Total CPU time used: 5.376 sec (0h:0m:5s)
Total wall-clock time used: 5.381 sec (0h:0m:5s)

Analysis results written to: 
  IQ-TREE report:                ../simulations/data_D10T10L20I10T10//S/457_pruned.fasta.iqtree
  Maximum-likelihood tree:       ../simulations/data_D10T10L20I10T10//S/457_pruned.fasta.treefile
  Likelihood distances:          ../simulations/data_D10T10L20I10T10//S/457_pruned.fasta.mldist
  Screen log file:               ../simulations/data_D10T10L20I10T10//S/457_pruned.fasta.log

Date and Time: Mon Jun  4 00:53:32 2018
