IQ-TREE version 1.4.2 for Linux 64-bit built Apr 15 2016
Copyright (c) 2011-2015 Nguyen Lam Tung, Olga Chernomor, Arndt von Haeseler and Bui Quang Minh.

Host:    meduse (AVX2, FMA3, 7 GB RAM)
Command: iqtree -s ../simulations/data_D10T10L20I10T10//S/459_pruned.fasta -m GTR+G -alrt 1000 -redo
Seed:    351689 (Using SPRNG - Scalable Parallel Random Number Generator)
Time:    Fri Jun  1 10:35:33 2018
Kernel:  AVX

NOTE: Consider using the multicore version because your CPU has 4 cores!

Reading alignment file ../simulations/data_D10T10L20I10T10//S/459_pruned.fasta ... Fasta format detected
Alignment most likely contains DNA/RNA sequences
Alignment has 26 sequences with 300 columns and 183 patterns (163 informative sites)
          Gap/Ambiguity  Composition  p-value
   1  n292_293    0.00%    passed     90.12%
   2  n287_288    0.00%    passed     92.28%
   3  n290_291    0.00%    passed     88.05%
   4  n294_295    0.00%    passed     98.77%
   5  n251_252    0.00%    passed     85.99%
   6  n286_287    0.00%    passed     93.22%
   7  n300_301    0.00%    passed     89.15%
   8  n275_276    0.00%    passed     84.74%
   9  n274_275    0.00%    passed     85.07%
  10  n289_290    0.00%    passed     87.03%
  11  n255_256    0.00%    passed     95.87%
  12  n236_237    0.00%    passed     98.69%
  13  n299_300    0.00%    passed     85.07%
  14  n278_279    0.00%    passed     97.84%
  15  n297_298    0.00%    passed     94.06%
  16  n298_299    0.00%    passed     96.81%
  17  n244_245    0.00%    passed     69.91%
  18  n293_294    0.00%    passed     97.34%
  19  n296_297    0.00%    passed     91.45%
  20  n295_296    0.00%    passed     91.45%
  21  n266_267    0.00%    passed     77.67%
  22  n200_201    0.00%    passed     96.67%
  23  n285_286    0.00%    passed     96.59%
  24  n277_278    0.00%    passed     96.65%
  25  n280_281    0.00%    passed     89.29%
  26  n265_266    0.00%    passed     56.29%
****  TOTAL       0.00%  0 sequences failed composition chi2 test (p-value<5%; df=3)
NOTE: 1 identical sequences (see below) will be ignored for subsequent analysis
NOTE: n295_296 (identical to n296_297) is ignored but added at the end

Create initial parsimony tree by phylogenetic likelihood library (PLL)... 0.001 seconds

NOTE: 0 MB RAM is required!
Estimate model parameters (epsilon = 0.100)
1. Initial log-likelihood: -2083.605
2. Current log-likelihood: -2048.939
3. Current log-likelihood: -2048.746
Optimal log-likelihood: -2048.745
Rate parameters:  A-C: 1.260  A-G: 1.594  A-T: 1.308  C-G: 1.047  C-T: 1.087  G-T: 1.000
Base frequencies:   A: 0.221  C: 0.275  G: 0.245  T: 0.259
Gamma shape alpha: 4.197
Parameters optimization took 3 rounds (0.019 sec)
--------------------------------------------------------------------
|             INITIALIZING CANDIDATE TREE SET                      |
--------------------------------------------------------------------
Computing ML distances based on estimated model parameters... 0.000 sec
Computing BIONJ tree...
0.000 seconds
Log-likelihood of BIONJ tree: -2048.746
Generating 98 parsimony trees... 0.076 seconds 73 distinct starting trees
Computing log-likelihood of 73 initial trees ... 0.126 seconds
Optimizing top 20 initial trees with NNI...
Iteration 1 / LogL: -2048.746 / Time: 0h:0m:0s
Estimate model parameters (epsilon = 0.100)
BETTER SCORE FOUND at iteration 1: -2048.744
Iteration 2 / LogL: -2048.746 / Time: 0h:0m:0s
Iteration 3 / LogL: -2048.746 / Time: 0h:0m:0s
Iteration 4 / LogL: -2048.746 / Time: 0h:0m:0s
Iteration 5 / LogL: -2048.746 / Time: 0h:0m:0s
Iteration 6 / LogL: -2048.746 / Time: 0h:0m:0s
Iteration 7 / LogL: -2048.746 / Time: 0h:0m:0s
Iteration 8 / LogL: -2048.746 / Time: 0h:0m:0s
Iteration 9 / LogL: -2048.746 / Time: 0h:0m:0s
Iteration 10 / LogL: -2048.746 / Time: 0h:0m:0s
Iteration 11 / LogL: -2048.746 / Time: 0h:0m:0s
Iteration 12 / LogL: -2048.746 / Time: 0h:0m:0s
Iteration 13 / LogL: -2048.746 / Time: 0h:0m:0s
Iteration 14 / LogL: -2048.746 / Time: 0h:0m:0s
Iteration 15 / LogL: -2048.746 / Time: 0h:0m:0s
Iteration 16 / LogL: -2048.746 / Time: 0h:0m:0s
Iteration 17 / LogL: -2048.746 / Time: 0h:0m:0s
Iteration 18 / LogL: -2048.746 / Time: 0h:0m:0s
Iteration 19 / LogL: -2048.746 / Time: 0h:0m:0s
Iteration 20 / LogL: -2048.746 / Time: 0h:0m:0s
Average CPU time for 1 NNI search: 0.004
Finish initializing candidate tree set. Number of distinct locally optimal trees: 20
Current best tree score: -2048.744 / CPU time: 0.288
--------------------------------------------------------------------
|               OPTIMIZING CANDIDATE TREE SET                      |
--------------------------------------------------------------------
Iteration 30 / LogL: -2048.889 / Time: 0h:0m:0s (0h:0m:1s left)
Iteration 40 / LogL: -2048.760 / Time: 0h:0m:0s (0h:0m:0s left)
Iteration 50 / LogL: -2048.749 / Time: 0h:0m:0s (0h:0m:0s left)
Iteration 60 / LogL: -2048.744 / Time: 0h:0m:0s (0h:0m:0s left)
Iteration 70 / LogL: -2048.744 / Time: 0h:0m:0s (0h:0m:0s left)
Iteration 80 / LogL: -2048.750 / Time: 0h:0m:1s (0h:0m:0s left)
Iteration 90 / LogL: -2048.745 / Time: 0h:0m:1s (0h:0m:0s left)
Iteration 100 / LogL: -2115.604 / Time: 0h:0m:1s (0h:0m:0s left)
TREE SEARCH COMPLETED AFTER 101 ITERATIONS / Time: 0h:0m:1s

--------------------------------------------------------------------
|                    FINALIZING TREE SEARCH                        |
--------------------------------------------------------------------
Performs final model parameters optimization
Estimate model parameters (epsilon = 0.010)
1. Initial log-likelihood: -2048.744
Optimal log-likelihood: -2048.744
Rate parameters:  A-C: 1.258  A-G: 1.590  A-T: 1.304  C-G: 1.044  C-T: 1.085  G-T: 1.000
Base frequencies:   A: 0.221  C: 0.275  G: 0.245  T: 0.259
Gamma shape alpha: 4.197
Parameters optimization took 1 rounds (0.004 sec)
BEST SCORE FOUND : -2048.744

Testing tree branches by SH-like aLRT with 1000 replicates...
CPU Time used:  0.096 sec.
Total tree length: 1.255

Total number of iterations: 101
CPU time used for tree search: 1.264 sec (0h:0m:1s)
Wall-clock time used for tree search: 1.270 sec (0h:0m:1s)
Total CPU time used: 1.396 sec (0h:0m:1s)
Total wall-clock time used: 1.404 sec (0h:0m:1s)

Analysis results written to: 
  IQ-TREE report:                ../simulations/data_D10T10L20I10T10//S/459_pruned.fasta.iqtree
  Maximum-likelihood tree:       ../simulations/data_D10T10L20I10T10//S/459_pruned.fasta.treefile
  Likelihood distances:          ../simulations/data_D10T10L20I10T10//S/459_pruned.fasta.mldist
  Screen log file:               ../simulations/data_D10T10L20I10T10//S/459_pruned.fasta.log

Date and Time: Fri Jun  1 10:35:34 2018
