IQ-TREE version 1.4.2 for Linux 64-bit built Apr 15 2016
Copyright (c) 2011-2015 Nguyen Lam Tung, Olga Chernomor, Arndt von Haeseler and Bui Quang Minh.

Host:    meduse (AVX2, FMA3, 7 GB RAM)
Command: iqtree -s ../simulations/data_D10T10L20I10T10//S/463_pruned.fasta -m GTR+G -alrt 1000 -redo
Seed:    118630 (Using SPRNG - Scalable Parallel Random Number Generator)
Time:    Fri Jun  1 10:36:58 2018
Kernel:  AVX

NOTE: Consider using the multicore version because your CPU has 4 cores!

Reading alignment file ../simulations/data_D10T10L20I10T10//S/463_pruned.fasta ... Fasta format detected
Alignment most likely contains DNA/RNA sequences
Alignment has 15 sequences with 300 columns and 103 patterns (88 informative sites)
          Gap/Ambiguity  Composition  p-value
   1  n275_194    0.00%    passed     99.40%
   2  n255_186    0.00%    passed     54.82%
   3  n251_184    0.00%    passed     47.95%
   4  n236_173    0.00%    passed     87.27%
   5  n298_207    0.00%    passed     94.27%
   6  n295_204    0.00%    passed     97.46%
   7  n290_201    0.00%    passed     94.36%
   8  n296_205    0.00%    passed     97.46%
   9  n294_203    0.00%    passed     98.09%
  10  n289_200    0.00%    passed     89.60%
  11  n200_153    0.00%    passed     86.73%
  12  n287_198    0.00%    passed     92.10%
  13  n244_181    0.00%    passed     17.74%
  14  n297_206    0.00%    passed     95.98%
  15  n293_202    0.00%    passed     97.46%
****  TOTAL       0.00%  0 sequences failed composition chi2 test (p-value<5%; df=3)
NOTE: 1 identical sequences (see below) will be ignored for subsequent analysis
NOTE: n296_205 (identical to n295_204) is ignored but added at the end

Create initial parsimony tree by phylogenetic likelihood library (PLL)... 0.000 seconds

NOTE: 0 MB RAM is required!
Estimate model parameters (epsilon = 0.100)
1. Initial log-likelihood: -1340.701
2. Current log-likelihood: -1298.226
3. Current log-likelihood: -1297.573
Optimal log-likelihood: -1297.559
Rate parameters:  A-C: 0.955  A-G: 0.883  A-T: 0.854  C-G: 1.070  C-T: 0.833  G-T: 1.000
Base frequencies:   A: 0.241  C: 0.289  G: 0.224  T: 0.245
Gamma shape alpha: 6.142
Parameters optimization took 3 rounds (0.007 sec)
--------------------------------------------------------------------
|             INITIALIZING CANDIDATE TREE SET                      |
--------------------------------------------------------------------
Computing ML distances based on estimated model parameters... 0.000 sec
Computing BIONJ tree...
0.000 seconds
Log-likelihood of BIONJ tree: -1297.558
Generating 98 parsimony trees... 0.032 seconds 34 distinct starting trees
Computing log-likelihood of 34 initial trees ... 0.021 seconds
Optimizing top 20 initial trees with NNI...
Iteration 1 / LogL: -1297.559 / Time: 0h:0m:0s
Estimate model parameters (epsilon = 0.100)
BETTER SCORE FOUND at iteration 1: -1297.556
Iteration 2 / LogL: -1297.557 / Time: 0h:0m:0s
Iteration 3 / LogL: -1297.557 / Time: 0h:0m:0s
Iteration 4 / LogL: -1297.557 / Time: 0h:0m:0s
Iteration 5 / LogL: -1297.557 / Time: 0h:0m:0s
Iteration 6 / LogL: -1297.557 / Time: 0h:0m:0s
Iteration 7 / LogL: -1297.557 / Time: 0h:0m:0s
Iteration 8 / LogL: -1297.557 / Time: 0h:0m:0s
Iteration 9 / LogL: -1297.557 / Time: 0h:0m:0s
Iteration 10 / LogL: -1297.557 / Time: 0h:0m:0s
Iteration 11 / LogL: -1297.557 / Time: 0h:0m:0s
Iteration 12 / LogL: -1297.557 / Time: 0h:0m:0s
Iteration 13 / LogL: -1297.557 / Time: 0h:0m:0s
Iteration 14 / LogL: -1297.557 / Time: 0h:0m:0s
Iteration 15 / LogL: -1297.557 / Time: 0h:0m:0s
Iteration 16 / LogL: -1297.557 / Time: 0h:0m:0s
Iteration 17 / LogL: -1297.557 / Time: 0h:0m:0s
Iteration 18 / LogL: -1297.557 / Time: 0h:0m:0s
Iteration 19 / LogL: -1297.557 / Time: 0h:0m:0s
Iteration 20 / LogL: -1297.557 / Time: 0h:0m:0s
Average CPU time for 1 NNI search: 0.001
Finish initializing candidate tree set. Number of distinct locally optimal trees: 20
Current best tree score: -1297.556 / CPU time: 0.080
--------------------------------------------------------------------
|               OPTIMIZING CANDIDATE TREE SET                      |
--------------------------------------------------------------------
Iteration 30 / LogL: -1297.556 / Time: 0h:0m:0s (0h:0m:0s left)
Iteration 40 / LogL: -1297.589 / Time: 0h:0m:0s (0h:0m:0s left)
Iteration 50 / LogL: -1327.759 / Time: 0h:0m:0s (0h:0m:0s left)
Iteration 60 / LogL: -1297.584 / Time: 0h:0m:0s (0h:0m:0s left)
Iteration 70 / LogL: -1297.556 / Time: 0h:0m:0s (0h:0m:0s left)
Iteration 80 / LogL: -1297.556 / Time: 0h:0m:0s (0h:0m:0s left)
Iteration 90 / LogL: -1297.558 / Time: 0h:0m:0s (0h:0m:0s left)
Iteration 100 / LogL: -1298.047 / Time: 0h:0m:0s (0h:0m:0s left)
TREE SEARCH COMPLETED AFTER 101 ITERATIONS / Time: 0h:0m:0s

--------------------------------------------------------------------
|                    FINALIZING TREE SEARCH                        |
--------------------------------------------------------------------
Performs final model parameters optimization
Estimate model parameters (epsilon = 0.010)
1. Initial log-likelihood: -1297.556
Optimal log-likelihood: -1297.555
Rate parameters:  A-C: 0.946  A-G: 0.876  A-T: 0.841  C-G: 1.059  C-T: 0.826  G-T: 1.000
Base frequencies:   A: 0.241  C: 0.289  G: 0.224  T: 0.245
Gamma shape alpha: 6.156
Parameters optimization took 1 rounds (0.001 sec)
BEST SCORE FOUND : -1297.555

Testing tree branches by SH-like aLRT with 1000 replicates...
CPU Time used:  0.048 sec.
Total tree length: 0.699

Total number of iterations: 101
CPU time used for tree search: 0.328 sec (0h:0m:0s)
Wall-clock time used for tree search: 0.331 sec (0h:0m:0s)
Total CPU time used: 0.392 sec (0h:0m:0s)
Total wall-clock time used: 0.396 sec (0h:0m:0s)

Analysis results written to: 
  IQ-TREE report:                ../simulations/data_D10T10L20I10T10//S/463_pruned.fasta.iqtree
  Maximum-likelihood tree:       ../simulations/data_D10T10L20I10T10//S/463_pruned.fasta.treefile
  Likelihood distances:          ../simulations/data_D10T10L20I10T10//S/463_pruned.fasta.mldist
  Screen log file:               ../simulations/data_D10T10L20I10T10//S/463_pruned.fasta.log

Date and Time: Fri Jun  1 10:36:58 2018
