IQ-TREE version 1.4.2 for Linux 64-bit built Apr 15 2016
Copyright (c) 2011-2015 Nguyen Lam Tung, Olga Chernomor, Arndt von Haeseler and Bui Quang Minh.

Host:    meduse (AVX2, FMA3, 7 GB RAM)
Command: iqtree -s ../simulations/data_D8T8L15I8T8//S/476_pruned.fasta -m GTR+G -alrt 1000 -redo
Seed:    708063 (Using SPRNG - Scalable Parallel Random Number Generator)
Time:    Fri May 25 23:05:35 2018
Kernel:  AVX

NOTE: Consider using the multicore version because your CPU has 4 cores!

Reading alignment file ../simulations/data_D8T8L15I8T8//S/476_pruned.fasta ... Fasta format detected
Alignment most likely contains DNA/RNA sequences
Alignment has 25 sequences with 300 columns and 187 patterns (167 informative sites)
          Gap/Ambiguity  Composition  p-value
   1  n287_288    0.00%    passed     78.31%
   2  n236_237    0.00%    passed     85.91%
   3  n278_279    0.00%    passed     90.40%
   4  n285_286    0.00%    passed     61.05%
   5  n265_266    0.00%    passed     92.90%
   6  n280_281    0.00%    passed     41.50%
   7  n299_300    0.00%    passed     60.40%
   8  n293_294    0.00%    passed     87.33%
   9  n274_275    0.00%    passed     46.00%
  10  n292_293    0.00%    passed     51.27%
  11  n296_297    0.00%    passed     75.45%
  12  n294_295    0.00%    passed     90.30%
  13  n275_276    0.00%    passed     84.61%
  14  n297_298    0.00%    passed     77.86%
  15  n289_290    0.00%    passed     89.31%
  16  n286_287    0.00%    passed     53.70%
  17  n255_256    0.00%    passed     83.64%
  18  n295_296    0.00%    passed     82.20%
  19  n266_267    0.00%    passed     65.87%
  20  n244_245    0.00%    passed     96.65%
  21  n298_299    0.00%    passed     77.86%
  22  n300_301    0.00%    passed     60.28%
  23  n200_201    0.00%    passed     63.38%
  24  n277_278    0.00%    passed     90.94%
  25  n251_252    0.00%    passed     83.64%
****  TOTAL       0.00%  0 sequences failed composition chi2 test (p-value<5%; df=3)
NOTE: 1 identical sequences (see below) will be ignored for subsequent analysis
NOTE: n298_299 (identical to n297_298) is ignored but added at the end

Create initial parsimony tree by phylogenetic likelihood library (PLL)... 0.002 seconds

NOTE: 0 MB RAM is required!
Estimate model parameters (epsilon = 0.100)
1. Initial log-likelihood: -2094.865
2. Current log-likelihood: -2047.738
3. Current log-likelihood: -2047.374
Optimal log-likelihood: -2047.361
Rate parameters:  A-C: 1.023  A-G: 1.293  A-T: 1.609  C-G: 0.921  C-T: 1.458  G-T: 1.000
Base frequencies:   A: 0.186  C: 0.297  G: 0.267  T: 0.250
Gamma shape alpha: 998.683
Parameters optimization took 3 rounds (0.039 sec)
--------------------------------------------------------------------
|             INITIALIZING CANDIDATE TREE SET                      |
--------------------------------------------------------------------
Computing ML distances based on estimated model parameters... 0.004 sec
Computing BIONJ tree...
0.001 seconds
Log-likelihood of BIONJ tree: -2048.815
Generating 98 parsimony trees... 0.134 seconds 10 distinct starting trees
Computing log-likelihood of 10 initial trees ... 0.025 seconds
Optimizing top 10 initial trees with NNI...
Iteration 1 / LogL: -2047.362 / Time: 0h:0m:0s
Estimate model parameters (epsilon = 0.100)
BETTER SCORE FOUND at iteration 1: -2047.358
Iteration 2 / LogL: -2047.360 / Time: 0h:0m:0s
Iteration 3 / LogL: -2047.360 / Time: 0h:0m:0s
Iteration 4 / LogL: -2047.360 / Time: 0h:0m:0s
Iteration 5 / LogL: -2047.360 / Time: 0h:0m:0s
Iteration 6 / LogL: -2047.360 / Time: 0h:0m:0s
Iteration 7 / LogL: -2047.360 / Time: 0h:0m:0s
Iteration 8 / LogL: -2047.360 / Time: 0h:0m:0s
Iteration 9 / LogL: -2047.360 / Time: 0h:0m:0s
Iteration 10 / LogL: -2047.361 / Time: 0h:0m:0s
Average CPU time for 1 NNI search: 0.008
Finish initializing candidate tree set. Number of distinct locally optimal trees: 9
Current best tree score: -2047.358 / CPU time: 0.240
--------------------------------------------------------------------
|               OPTIMIZING CANDIDATE TREE SET                      |
--------------------------------------------------------------------
Iteration 20 / LogL: -2047.375 / Time: 0h:0m:0s (0h:0m:2s left)
Iteration 30 / LogL: -2047.400 / Time: 0h:0m:0s (0h:0m:1s left)
Iteration 40 / LogL: -2047.362 / Time: 0h:0m:0s (0h:0m:1s left)
Iteration 50 / LogL: -2047.390 / Time: 0h:0m:1s (0h:0m:1s left)
Iteration 60 / LogL: -2047.367 / Time: 0h:0m:1s (0h:0m:0s left)
Iteration 70 / LogL: -2047.397 / Time: 0h:0m:1s (0h:0m:0s left)
Iteration 80 / LogL: -2064.286 / Time: 0h:0m:1s (0h:0m:0s left)
Iteration 90 / LogL: -2047.359 / Time: 0h:0m:1s (0h:0m:0s left)
Iteration 100 / LogL: -2047.386 / Time: 0h:0m:2s (0h:0m:0s left)
TREE SEARCH COMPLETED AFTER 101 ITERATIONS / Time: 0h:0m:2s

--------------------------------------------------------------------
|                    FINALIZING TREE SEARCH                        |
--------------------------------------------------------------------
Performs final model parameters optimization
Estimate model parameters (epsilon = 0.010)
1. Initial log-likelihood: -2047.358
Optimal log-likelihood: -2047.358
Rate parameters:  A-C: 1.023  A-G: 1.290  A-T: 1.618  C-G: 0.916  C-T: 1.458  G-T: 1.000
Base frequencies:   A: 0.186  C: 0.297  G: 0.267  T: 0.250
Gamma shape alpha: 998.683
Parameters optimization took 1 rounds (0.009 sec)
BEST SCORE FOUND : -2047.358

Testing tree branches by SH-like aLRT with 1000 replicates...
CPU Time used:  0.148 sec.
Total tree length: 1.190

Total number of iterations: 101
CPU time used for tree search: 2.124 sec (0h:0m:2s)
Wall-clock time used for tree search: 2.152 sec (0h:0m:2s)
Total CPU time used: 2.340 sec (0h:0m:2s)
Total wall-clock time used: 2.370 sec (0h:0m:2s)

Analysis results written to: 
  IQ-TREE report:                ../simulations/data_D8T8L15I8T8//S/476_pruned.fasta.iqtree
  Maximum-likelihood tree:       ../simulations/data_D8T8L15I8T8//S/476_pruned.fasta.treefile
  Likelihood distances:          ../simulations/data_D8T8L15I8T8//S/476_pruned.fasta.mldist
  Screen log file:               ../simulations/data_D8T8L15I8T8//S/476_pruned.fasta.log

Date and Time: Fri May 25 23:05:38 2018
