IQ-TREE version 1.4.2 for Linux 64-bit built Apr 15 2016
Copyright (c) 2011-2015 Nguyen Lam Tung, Olga Chernomor, Arndt von Haeseler and Bui Quang Minh.

Host:    meduse (AVX2, FMA3, 7 GB RAM)
Command: iqtree -s ../simulations/data_D10T10L20I10T10//S/485_pruned.fasta -m GTR+G -alrt 1000 -redo
Seed:    390820 (Using SPRNG - Scalable Parallel Random Number Generator)
Time:    Fri Jun  1 10:27:11 2018
Kernel:  AVX

NOTE: Consider using the multicore version because your CPU has 4 cores!

Reading alignment file ../simulations/data_D10T10L20I10T10//S/485_pruned.fasta ... Fasta format detected
Alignment most likely contains DNA/RNA sequences
Alignment has 26 sequences with 300 columns and 167 patterns (150 informative sites)
          Gap/Ambiguity  Composition  p-value
   1  n292_293    0.00%    passed     99.51%
   2  n287_288    0.00%    passed     92.93%
   3  n290_291    0.00%    passed     92.93%
   4  n294_295    0.00%    passed     97.69%
   5  n251_252    0.00%    passed     78.89%
   6  n286_287    0.00%    passed     62.26%
   7  n300_301    0.00%    passed     99.74%
   8  n275_276    0.00%    passed     97.69%
   9  n274_275    0.00%    passed     97.62%
  10  n289_290    0.00%    passed     93.90%
  11  n255_256    0.00%    passed     50.81%
  12  n236_237    0.00%    passed     88.04%
  13  n299_300    0.00%    passed     99.74%
  14  n278_279    0.00%    passed     91.99%
  15  n297_298    0.00%    passed     91.49%
  16  n298_299    0.00%    passed     89.23%
  17  n244_245    0.00%    passed     64.81%
  18  n293_294    0.00%    passed     97.69%
  19  n296_297    0.00%    passed     97.36%
  20  n295_296    0.00%    passed     97.36%
  21  n266_267    0.00%    passed     69.20%
  22  n200_201    0.00%    passed     83.29%
  23  n285_286    0.00%    passed     56.60%
  24  n277_278    0.00%    passed     91.54%
  25  n280_281    0.00%    passed     97.69%
  26  n265_266    0.00%    passed     86.45%
****  TOTAL       0.00%  0 sequences failed composition chi2 test (p-value<5%; df=3)
NOTE: 4 identical sequences (see below) will be ignored for subsequent analysis
NOTE: n290_291 (identical to n287_288) is ignored but added at the end
NOTE: n293_294 (identical to n294_295) is ignored but added at the end
NOTE: n299_300 (identical to n300_301) is ignored but added at the end
NOTE: n295_296 (identical to n296_297) is ignored but added at the end

Create initial parsimony tree by phylogenetic likelihood library (PLL)... 0.001 seconds

NOTE: 0 MB RAM is required!
Estimate model parameters (epsilon = 0.100)
1. Initial log-likelihood: -1972.912
2. Current log-likelihood: -1938.838
3. Current log-likelihood: -1938.555
Optimal log-likelihood: -1938.552
Rate parameters:  A-C: 0.837  A-G: 1.106  A-T: 0.695  C-G: 0.882  C-T: 0.701  G-T: 1.000
Base frequencies:   A: 0.242  C: 0.268  G: 0.281  T: 0.210
Gamma shape alpha: 4.079
Parameters optimization took 3 rounds (0.021 sec)
--------------------------------------------------------------------
|             INITIALIZING CANDIDATE TREE SET                      |
--------------------------------------------------------------------
Computing ML distances based on estimated model parameters... 0.004 sec
Computing BIONJ tree...
0.000 seconds
Log-likelihood of BIONJ tree: -1938.552
Generating 98 parsimony trees... 0.072 seconds 9 distinct starting trees
Computing log-likelihood of 9 initial trees ... 0.011 seconds
Optimizing top 9 initial trees with NNI...
Iteration 1 / LogL: -1938.553 / Time: 0h:0m:0s
Estimate model parameters (epsilon = 0.100)
BETTER SCORE FOUND at iteration 1: -1938.550
Iteration 2 / LogL: -1938.552 / Time: 0h:0m:0s
Iteration 3 / LogL: -1938.554 / Time: 0h:0m:0s
Iteration 4 / LogL: -1938.554 / Time: 0h:0m:0s
Iteration 5 / LogL: -1938.554 / Time: 0h:0m:0s
Iteration 6 / LogL: -1938.554 / Time: 0h:0m:0s
Iteration 7 / LogL: -1938.554 / Time: 0h:0m:0s
Iteration 8 / LogL: -1938.554 / Time: 0h:0m:0s
Iteration 9 / LogL: -1938.554 / Time: 0h:0m:0s
Average CPU time for 1 NNI search: 0.004
Finish initializing candidate tree set. Number of distinct locally optimal trees: 9
Current best tree score: -1938.550 / CPU time: 0.120
--------------------------------------------------------------------
|               OPTIMIZING CANDIDATE TREE SET                      |
--------------------------------------------------------------------
Iteration 10 / LogL: -1938.595 / Time: 0h:0m:0s
Iteration 20 / LogL: -1938.552 / Time: 0h:0m:0s (0h:0m:1s left)
Iteration 30 / LogL: -2002.129 / Time: 0h:0m:0s (0h:0m:0s left)
Iteration 40 / LogL: -1938.554 / Time: 0h:0m:0s (0h:0m:0s left)
Iteration 50 / LogL: -1938.551 / Time: 0h:0m:0s (0h:0m:0s left)
Iteration 60 / LogL: -2181.073 / Time: 0h:0m:0s (0h:0m:0s left)
Iteration 70 / LogL: -1938.577 / Time: 0h:0m:0s (0h:0m:0s left)
Iteration 80 / LogL: -1938.723 / Time: 0h:0m:0s (0h:0m:0s left)
Iteration 90 / LogL: -1938.593 / Time: 0h:0m:1s (0h:0m:0s left)
Iteration 100 / LogL: -1938.551 / Time: 0h:0m:1s (0h:0m:0s left)
TREE SEARCH COMPLETED AFTER 101 ITERATIONS / Time: 0h:0m:1s

--------------------------------------------------------------------
|                    FINALIZING TREE SEARCH                        |
--------------------------------------------------------------------
Performs final model parameters optimization
Estimate model parameters (epsilon = 0.010)
1. Initial log-likelihood: -1938.550
Optimal log-likelihood: -1938.550
Rate parameters:  A-C: 0.841  A-G: 1.112  A-T: 0.698  C-G: 0.884  C-T: 0.704  G-T: 1.000
Base frequencies:   A: 0.242  C: 0.268  G: 0.281  T: 0.210
Gamma shape alpha: 4.087
Parameters optimization took 1 rounds (0.004 sec)
BEST SCORE FOUND : -1938.550

Testing tree branches by SH-like aLRT with 1000 replicates...
CPU Time used:  0.108 sec.
Total tree length: 1.132

Total number of iterations: 101
CPU time used for tree search: 1.180 sec (0h:0m:1s)
Wall-clock time used for tree search: 1.183 sec (0h:0m:1s)
Total CPU time used: 1.324 sec (0h:0m:1s)
Total wall-clock time used: 1.329 sec (0h:0m:1s)

Analysis results written to: 
  IQ-TREE report:                ../simulations/data_D10T10L20I10T10//S/485_pruned.fasta.iqtree
  Maximum-likelihood tree:       ../simulations/data_D10T10L20I10T10//S/485_pruned.fasta.treefile
  Likelihood distances:          ../simulations/data_D10T10L20I10T10//S/485_pruned.fasta.mldist
  Screen log file:               ../simulations/data_D10T10L20I10T10//S/485_pruned.fasta.log

Date and Time: Fri Jun  1 10:27:12 2018
