IQ-TREE version 1.4.2 for Linux 64-bit built Apr 15 2016
Copyright (c) 2011-2015 Nguyen Lam Tung, Olga Chernomor, Arndt von Haeseler and Bui Quang Minh.

Host:    meduse (AVX2, FMA3, 7 GB RAM)
Command: iqtree -s ../simulations/data_D10T10L20I10T10//S/486_pruned.fasta -m GTR+G -alrt 1000 -redo
Seed:    649403 (Using SPRNG - Scalable Parallel Random Number Generator)
Time:    Fri Jun  1 10:31:09 2018
Kernel:  AVX

NOTE: Consider using the multicore version because your CPU has 4 cores!

Reading alignment file ../simulations/data_D10T10L20I10T10//S/486_pruned.fasta ... Fasta format detected
Alignment most likely contains DNA/RNA sequences
Alignment has 25 sequences with 300 columns and 178 patterns (158 informative sites)
          Gap/Ambiguity  Composition  p-value
   1  n292_293    0.00%    passed     83.65%
   2  n287_288    0.00%    passed     61.71%
   3  n290_291    0.00%    passed     69.18%
   4  n294_295    0.00%    passed     69.54%
   5  n251_252    0.00%    passed     70.96%
   6  n286_287    0.00%    passed     84.54%
   7  n300_301    0.00%    passed     86.55%
   8  n275_276    0.00%    passed     72.62%
   9  n274_275    0.00%    passed     75.70%
  10  n289_290    0.00%    passed     54.27%
  11  n255_256    0.00%    passed     33.65%
  12  n236_237    0.00%    passed     58.90%
  13  n299_300    0.00%    passed     86.55%
  14  n278_279    0.00%    passed     37.18%
  15  n297_298    0.00%    passed     69.45%
  16  n298_299    0.00%    passed     65.10%
  17  n244_245    0.00%    passed     97.79%
  18  n293_294    0.00%    passed     77.25%
  19  n296_297    0.00%    passed     65.10%
  20  n295_296    0.00%    passed     72.62%
  21  n266_267    0.00%    passed     88.07%
  22  n285_286    0.00%    passed     91.79%
  23  n277_278    0.00%    passed     33.47%
  24  n280_281    0.00%    passed     88.10%
  25  n265_266    0.00%    passed     83.76%
****  TOTAL       0.00%  0 sequences failed composition chi2 test (p-value<5%; df=3)
NOTE: 1 identical sequences (see below) will be ignored for subsequent analysis
NOTE: n299_300 (identical to n300_301) is ignored but added at the end

Create initial parsimony tree by phylogenetic likelihood library (PLL)... 0.001 seconds

NOTE: 0 MB RAM is required!
Estimate model parameters (epsilon = 0.100)
1. Initial log-likelihood: -2020.017
2. Current log-likelihood: -1990.968
3. Current log-likelihood: -1990.812
Optimal log-likelihood: -1990.801
Rate parameters:  A-C: 0.608  A-G: 0.576  A-T: 0.543  C-G: 0.610  C-T: 0.831  G-T: 1.000
Base frequencies:   A: 0.244  C: 0.287  G: 0.236  T: 0.233
Gamma shape alpha: 4.166
Parameters optimization took 3 rounds (0.024 sec)
--------------------------------------------------------------------
|             INITIALIZING CANDIDATE TREE SET                      |
--------------------------------------------------------------------
Computing ML distances based on estimated model parameters... 0.000 sec
Computing BIONJ tree...
0.000 seconds
Log-likelihood of BIONJ tree: -1990.800
Generating 98 parsimony trees... 0.077 seconds 67 distinct starting trees
Computing log-likelihood of 67 initial trees ... 0.108 seconds
Optimizing top 20 initial trees with NNI...
Iteration 1 / LogL: -1990.800 / Time: 0h:0m:0s
Estimate model parameters (epsilon = 0.100)
BETTER SCORE FOUND at iteration 1: -1990.795
Iteration 2 / LogL: -1990.796 / Time: 0h:0m:0s
Iteration 3 / LogL: -1990.796 / Time: 0h:0m:0s
Iteration 4 / LogL: -1990.796 / Time: 0h:0m:0s
Iteration 5 / LogL: -1990.796 / Time: 0h:0m:0s
Iteration 6 / LogL: -1990.796 / Time: 0h:0m:0s
Iteration 7 / LogL: -1990.796 / Time: 0h:0m:0s
Iteration 8 / LogL: -1990.796 / Time: 0h:0m:0s
Iteration 9 / LogL: -1990.796 / Time: 0h:0m:0s
Iteration 10 / LogL: -1990.796 / Time: 0h:0m:0s
Iteration 11 / LogL: -1990.796 / Time: 0h:0m:0s
Iteration 12 / LogL: -1990.796 / Time: 0h:0m:0s
Iteration 13 / LogL: -1990.796 / Time: 0h:0m:0s
Iteration 14 / LogL: -1990.796 / Time: 0h:0m:0s
Iteration 15 / LogL: -1990.796 / Time: 0h:0m:0s
Iteration 16 / LogL: -1990.796 / Time: 0h:0m:0s
Iteration 17 / LogL: -1990.796 / Time: 0h:0m:0s
Iteration 18 / LogL: -1990.796 / Time: 0h:0m:0s
Iteration 19 / LogL: -1990.796 / Time: 0h:0m:0s
Iteration 20 / LogL: -1990.796 / Time: 0h:0m:0s
Average CPU time for 1 NNI search: 0.004
Finish initializing candidate tree set. Number of distinct locally optimal trees: 20
Current best tree score: -1990.795 / CPU time: 0.264
--------------------------------------------------------------------
|               OPTIMIZING CANDIDATE TREE SET                      |
--------------------------------------------------------------------
Iteration 30 / LogL: -1990.951 / Time: 0h:0m:0s (0h:0m:1s left)
Iteration 40 / LogL: -1990.798 / Time: 0h:0m:0s (0h:0m:0s left)
Iteration 50 / LogL: -1990.867 / Time: 0h:0m:0s (0h:0m:0s left)
Iteration 60 / LogL: -1990.799 / Time: 0h:0m:0s (0h:0m:0s left)
Iteration 70 / LogL: -2130.200 / Time: 0h:0m:0s (0h:0m:0s left)
Iteration 80 / LogL: -1990.796 / Time: 0h:0m:1s (0h:0m:0s left)
Iteration 90 / LogL: -1990.796 / Time: 0h:0m:1s (0h:0m:0s left)
Iteration 100 / LogL: -2036.670 / Time: 0h:0m:1s (0h:0m:0s left)
TREE SEARCH COMPLETED AFTER 101 ITERATIONS / Time: 0h:0m:1s

--------------------------------------------------------------------
|                    FINALIZING TREE SEARCH                        |
--------------------------------------------------------------------
Performs final model parameters optimization
Estimate model parameters (epsilon = 0.010)
1. Initial log-likelihood: -1990.794
Optimal log-likelihood: -1990.792
Rate parameters:  A-C: 0.616  A-G: 0.581  A-T: 0.550  C-G: 0.614  C-T: 0.839  G-T: 1.000
Base frequencies:   A: 0.244  C: 0.287  G: 0.236  T: 0.233
Gamma shape alpha: 4.179
Parameters optimization took 1 rounds (0.004 sec)
BEST SCORE FOUND : -1990.792

Testing tree branches by SH-like aLRT with 1000 replicates...
CPU Time used:  0.096 sec.
Total tree length: 1.200

Total number of iterations: 101
CPU time used for tree search: 1.236 sec (0h:0m:1s)
Wall-clock time used for tree search: 1.238 sec (0h:0m:1s)
Total CPU time used: 1.372 sec (0h:0m:1s)
Total wall-clock time used: 1.373 sec (0h:0m:1s)

Analysis results written to: 
  IQ-TREE report:                ../simulations/data_D10T10L20I10T10//S/486_pruned.fasta.iqtree
  Maximum-likelihood tree:       ../simulations/data_D10T10L20I10T10//S/486_pruned.fasta.treefile
  Likelihood distances:          ../simulations/data_D10T10L20I10T10//S/486_pruned.fasta.mldist
  Screen log file:               ../simulations/data_D10T10L20I10T10//S/486_pruned.fasta.log

Date and Time: Fri Jun  1 10:31:11 2018
