IQ-TREE version 1.4.2 for Linux 64-bit built Apr 15 2016
Copyright (c) 2011-2015 Nguyen Lam Tung, Olga Chernomor, Arndt von Haeseler and Bui Quang Minh.

Host:    meduse (AVX2, FMA3, 7 GB RAM)
Command: iqtree -s ../simulations/data_D10T10L20I10T10//S/48_pruned.fasta -m GTR+G -alrt 1000 -redo
Seed:    816863 (Using SPRNG - Scalable Parallel Random Number Generator)
Time:    Mon Jun  4 00:29:42 2018
Kernel:  AVX

NOTE: Consider using the multicore version because your CPU has 4 cores!

Reading alignment file ../simulations/data_D10T10L20I10T10//S/48_pruned.fasta ... Fasta format detected
Alignment most likely contains DNA/RNA sequences
Alignment has 26 sequences with 300 columns and 300 patterns (296 informative sites)
          Gap/Ambiguity  Composition  p-value
   1  n274_273    0.00%    passed     41.14%
   2  n200_201    0.00%    passed     15.53%
   3  n293_292    0.00%    passed     31.33%
   4  n289_288    0.00%    passed     38.39%
   5  n287_286    0.00%    passed     18.24%
   6  n297_296    0.00%    passed     38.28%
   7  n277_276    0.00%    failed      2.35%
   8  n265_264    0.00%    passed     67.23%
   9  n278_277    0.00%    passed      7.64%
  10  n251_250    0.00%    passed     99.14%
  11  n299_298    0.00%    passed     31.47%
  12  n286_285    0.00%    passed     22.73%
  13  n275_274    0.00%    passed     43.02%
  14  n266_265    0.00%    passed     41.83%
  15  n236_235    0.00%    passed     70.38%
  16  n290_289    0.00%    passed     23.18%
  17  n244_243    0.00%    passed     42.95%
  18  n285_284    0.00%    passed     28.20%
  19  n300_299    0.00%    passed     45.71%
  20  n255_254    0.00%    passed     52.37%
  21  n294_293    0.00%    passed     27.10%
  22  n295_294    0.00%    passed     42.47%
  23  n296_295    0.00%    passed     22.53%
  24  n292_291    0.00%    passed     43.05%
  25  n280_279    0.00%    passed     54.78%
  26  n298_297    0.00%    passed     48.07%
****  TOTAL       0.00%  1 sequences failed composition chi2 test (p-value<5%; df=3)

Create initial parsimony tree by phylogenetic likelihood library (PLL)... 0.002 seconds

NOTE: 1 MB RAM is required!
Estimate model parameters (epsilon = 0.100)
1. Initial log-likelihood: -5183.237
2. Current log-likelihood: -5097.971
3. Current log-likelihood: -5084.735
4. Current log-likelihood: -5081.894
5. Current log-likelihood: -5081.256
Optimal log-likelihood: -5081.132
Rate parameters:  A-C: 0.956  A-G: 0.863  A-T: 0.935  C-G: 0.769  C-T: 1.156  G-T: 1.000
Base frequencies:   A: 0.231  C: 0.264  G: 0.253  T: 0.252
Gamma shape alpha: 3.306
Parameters optimization took 5 rounds (0.061 sec)
--------------------------------------------------------------------
|             INITIALIZING CANDIDATE TREE SET                      |
--------------------------------------------------------------------
Computing ML distances based on estimated model parameters... 0.004 sec
Computing BIONJ tree...
0.000 seconds
Log-likelihood of BIONJ tree: -5085.488
Generating 98 parsimony trees... 0.147 seconds 3 distinct starting trees
Computing log-likelihood of 3 initial trees ... 0.003 seconds
Optimizing top 3 initial trees with NNI...
Iteration 1 / LogL: -5080.918 / Time: 0h:0m:0s
Estimate model parameters (epsilon = 0.100)
BETTER TREE FOUND at iteration 1: -5080.882
Iteration 2 / LogL: -5082.328 / Time: 0h:0m:0s
Iteration 3 / LogL: -5080.855 / Time: 0h:0m:0s
Estimate model parameters (epsilon = 0.100)
BETTER SCORE FOUND at iteration 3: -5080.822
Average CPU time for 1 NNI search: 0.015
Finish initializing candidate tree set. Number of distinct locally optimal trees: 1
Current best tree score: -5080.822 / CPU time: 0.196
--------------------------------------------------------------------
|               OPTIMIZING CANDIDATE TREE SET                      |
--------------------------------------------------------------------
Estimate model parameters (epsilon = 0.010)
BETTER TREE FOUND at iteration 4: -5080.550
Estimate model parameters (epsilon = 0.010)
BETTER TREE FOUND at iteration 5: -5079.159
Iteration 10 / LogL: -5081.722 / Time: 0h:0m:0s
Iteration 20 / LogL: -5087.722 / Time: 0h:0m:1s (0h:0m:4s left)
Iteration 30 / LogL: -5082.708 / Time: 0h:0m:1s (0h:0m:3s left)
Iteration 40 / LogL: -5080.214 / Time: 0h:0m:1s (0h:0m:2s left)
Iteration 50 / LogL: -5081.318 / Time: 0h:0m:2s (0h:0m:2s left)
Iteration 60 / LogL: -5082.552 / Time: 0h:0m:2s (0h:0m:1s left)
Iteration 70 / LogL: -5080.386 / Time: 0h:0m:2s (0h:0m:1s left)
Iteration 80 / LogL: -5080.898 / Time: 0h:0m:2s (0h:0m:0s left)
Iteration 90 / LogL: -5081.487 / Time: 0h:0m:3s (0h:0m:0s left)
Iteration 100 / LogL: -5080.529 / Time: 0h:0m:3s (0h:0m:0s left)
TREE SEARCH COMPLETED AFTER 105 ITERATIONS / Time: 0h:0m:3s

--------------------------------------------------------------------
|                    FINALIZING TREE SEARCH                        |
--------------------------------------------------------------------
Performs final model parameters optimization
Estimate model parameters (epsilon = 0.010)
1. Initial log-likelihood: -5079.159
Optimal log-likelihood: -5079.151
Rate parameters:  A-C: 0.960  A-G: 0.849  A-T: 0.943  C-G: 0.768  C-T: 1.169  G-T: 1.000
Base frequencies:   A: 0.231  C: 0.264  G: 0.253  T: 0.252
Gamma shape alpha: 3.493
Parameters optimization took 1 rounds (0.007 sec)
BEST SCORE FOUND : -5079.151

Testing tree branches by SH-like aLRT with 1000 replicates...
CPU Time used:  0.120 sec.
Total tree length: 9.290

Total number of iterations: 105
CPU time used for tree search: 3.632 sec (0h:0m:3s)
Wall-clock time used for tree search: 3.632 sec (0h:0m:3s)
Total CPU time used: 3.864 sec (0h:0m:3s)
Total wall-clock time used: 3.867 sec (0h:0m:3s)

Analysis results written to: 
  IQ-TREE report:                ../simulations/data_D10T10L20I10T10//S/48_pruned.fasta.iqtree
  Maximum-likelihood tree:       ../simulations/data_D10T10L20I10T10//S/48_pruned.fasta.treefile
  Likelihood distances:          ../simulations/data_D10T10L20I10T10//S/48_pruned.fasta.mldist
  Screen log file:               ../simulations/data_D10T10L20I10T10//S/48_pruned.fasta.log

Date and Time: Mon Jun  4 00:29:46 2018
