IQ-TREE version 1.4.2 for Linux 64-bit built Apr 15 2016
Copyright (c) 2011-2015 Nguyen Lam Tung, Olga Chernomor, Arndt von Haeseler and Bui Quang Minh.

Host:    meduse (AVX2, FMA3, 7 GB RAM)
Command: iqtree -s ../simulations/data_D10T10L20I10T10//S/491_pruned.fasta -m GTR+G -alrt 1000 -redo
Seed:    56556 (Using SPRNG - Scalable Parallel Random Number Generator)
Time:    Mon Jun  4 01:01:11 2018
Kernel:  AVX

NOTE: Consider using the multicore version because your CPU has 4 cores!

Reading alignment file ../simulations/data_D10T10L20I10T10//S/491_pruned.fasta ... Fasta format detected
Alignment most likely contains DNA/RNA sequences
Alignment has 26 sequences with 300 columns and 300 patterns (296 informative sites)
          Gap/Ambiguity  Composition  p-value
   1  n289_286    0.00%    passed     50.93%
   2  n297_294    0.00%    passed     73.66%
   3  n290_287    0.00%    passed     23.72%
   4  n251_248    0.00%    failed      1.42%
   5  n300_297    0.00%    passed     49.29%
   6  n295_292    0.00%    passed     67.47%
   7  n266_263    0.00%    passed      5.06%
   8  n278_275    0.00%    passed     81.94%
   9  n200_201    0.00%    passed     43.84%
  10  n293_290    0.00%    passed     31.05%
  11  n274_271    0.00%    passed     94.81%
  12  n298_295    0.00%    passed     62.02%
  13  n292_289    0.00%    passed     66.81%
  14  n280_277    0.00%    passed     90.90%
  15  n265_262    0.00%    passed     11.12%
  16  n296_293    0.00%    passed     58.14%
  17  n299_296    0.00%    passed     82.59%
  18  n275_272    0.00%    passed     60.85%
  19  n236_235    0.00%    passed     81.58%
  20  n285_282    0.00%    passed     87.69%
  21  n286_283    0.00%    passed     87.10%
  22  n294_291    0.00%    passed     41.68%
  23  n277_274    0.00%    passed     48.45%
  24  n287_284    0.00%    passed     46.74%
  25  n244_241    0.00%    passed     17.16%
  26  n255_252    0.00%    passed     18.76%
****  TOTAL       0.00%  1 sequences failed composition chi2 test (p-value<5%; df=3)

Create initial parsimony tree by phylogenetic likelihood library (PLL)... 0.001 seconds

NOTE: 1 MB RAM is required!
Estimate model parameters (epsilon = 0.100)
1. Initial log-likelihood: -5283.153
2. Current log-likelihood: -5189.666
3. Current log-likelihood: -5176.534
4. Current log-likelihood: -5172.292
5. Current log-likelihood: -5170.960
6. Current log-likelihood: -5170.561
7. Current log-likelihood: -5170.432
Optimal log-likelihood: -5170.368
Rate parameters:  A-C: 1.248  A-G: 1.349  A-T: 1.162  C-G: 1.044  C-T: 1.452  G-T: 1.000
Base frequencies:   A: 0.208  C: 0.276  G: 0.270  T: 0.246
Gamma shape alpha: 3.509
Parameters optimization took 7 rounds (0.097 sec)
--------------------------------------------------------------------
|             INITIALIZING CANDIDATE TREE SET                      |
--------------------------------------------------------------------
Computing ML distances based on estimated model parameters... 0.004 sec
WARNING: Some pairwise ML distances are too long (saturated)
Computing BIONJ tree...
0.001 seconds
Log-likelihood of BIONJ tree: -5200.216
Generating 98 parsimony trees... 0.150 seconds 3 distinct starting trees
Computing log-likelihood of 3 initial trees ... 0.003 seconds
Optimizing top 3 initial trees with NNI...
Iteration 1 / LogL: -5170.368 / Time: 0h:0m:0s
Estimate model parameters (epsilon = 0.100)
BETTER SCORE FOUND at iteration 1: -5170.345
Iteration 2 / LogL: -5170.371 / Time: 0h:0m:0s
Iteration 3 / LogL: -5170.357 / Time: 0h:0m:0s
Average CPU time for 1 NNI search: 0.015
Finish initializing candidate tree set. Number of distinct locally optimal trees: 1
Current best tree score: -5170.345 / CPU time: 0.196
--------------------------------------------------------------------
|               OPTIMIZING CANDIDATE TREE SET                      |
--------------------------------------------------------------------
Iteration 10 / LogL: -5171.597 / Time: 0h:0m:0s
Iteration 20 / LogL: -5170.300 / Time: 0h:0m:0s (0h:0m:3s left)
Estimate model parameters (epsilon = 0.010)
UPDATE BEST LOG-LIKELIHOOD: -5170.120
Iteration 30 / LogL: -5171.601 / Time: 0h:0m:1s (0h:0m:3s left)
Iteration 40 / LogL: -5170.728 / Time: 0h:0m:1s (0h:0m:2s left)
Iteration 50 / LogL: -5170.431 / Time: 0h:0m:2s (0h:0m:2s left)
Estimate model parameters (epsilon = 0.010)
BETTER TREE FOUND at iteration 53: -5168.968
Iteration 60 / LogL: -5170.978 / Time: 0h:0m:2s (0h:0m:4s left)
Iteration 70 / LogL: -5170.715 / Time: 0h:0m:2s (0h:0m:3s left)
Iteration 80 / LogL: -5171.560 / Time: 0h:0m:3s (0h:0m:2s left)
Iteration 90 / LogL: -5171.289 / Time: 0h:0m:3s (0h:0m:2s left)
Iteration 100 / LogL: -5174.492 / Time: 0h:0m:3s (0h:0m:2s left)
Iteration 110 / LogL: -5183.747 / Time: 0h:0m:4s (0h:0m:1s left)
Iteration 120 / LogL: -5174.864 / Time: 0h:0m:4s (0h:0m:1s left)
Iteration 130 / LogL: -5178.213 / Time: 0h:0m:4s (0h:0m:0s left)
Iteration 140 / LogL: -5186.167 / Time: 0h:0m:5s (0h:0m:0s left)
Iteration 150 / LogL: -5173.199 / Time: 0h:0m:5s (0h:0m:0s left)
TREE SEARCH COMPLETED AFTER 153 ITERATIONS / Time: 0h:0m:5s

--------------------------------------------------------------------
|                    FINALIZING TREE SEARCH                        |
--------------------------------------------------------------------
Performs final model parameters optimization
Estimate model parameters (epsilon = 0.010)
1. Initial log-likelihood: -5168.968
Optimal log-likelihood: -5168.957
Rate parameters:  A-C: 1.243  A-G: 1.365  A-T: 1.183  C-G: 1.029  C-T: 1.450  G-T: 1.000
Base frequencies:   A: 0.208  C: 0.276  G: 0.270  T: 0.246
Gamma shape alpha: 3.620
Parameters optimization took 1 rounds (0.007 sec)
BEST SCORE FOUND : -5168.957

Testing tree branches by SH-like aLRT with 1000 replicates...
CPU Time used:  0.124 sec.
Total tree length: 10.401

Total number of iterations: 153
CPU time used for tree search: 5.652 sec (0h:0m:5s)
Wall-clock time used for tree search: 5.653 sec (0h:0m:5s)
Total CPU time used: 5.908 sec (0h:0m:5s)
Total wall-clock time used: 5.914 sec (0h:0m:5s)

Analysis results written to: 
  IQ-TREE report:                ../simulations/data_D10T10L20I10T10//S/491_pruned.fasta.iqtree
  Maximum-likelihood tree:       ../simulations/data_D10T10L20I10T10//S/491_pruned.fasta.treefile
  Likelihood distances:          ../simulations/data_D10T10L20I10T10//S/491_pruned.fasta.mldist
  Screen log file:               ../simulations/data_D10T10L20I10T10//S/491_pruned.fasta.log

Date and Time: Mon Jun  4 01:01:16 2018
