IQ-TREE version 1.4.2 for Linux 64-bit built Apr 15 2016
Copyright (c) 2011-2015 Nguyen Lam Tung, Olga Chernomor, Arndt von Haeseler and Bui Quang Minh.

Host:    meduse (AVX2, FMA3, 7 GB RAM)
Command: iqtree -s ../simulations/data_D10T10L20I10T10//S/492_pruned.fasta -m GTR+G -alrt 1000 -redo
Seed:    301111 (Using SPRNG - Scalable Parallel Random Number Generator)
Time:    Mon Jun  4 00:51:42 2018
Kernel:  AVX

NOTE: Consider using the multicore version because your CPU has 4 cores!

Reading alignment file ../simulations/data_D10T10L20I10T10//S/492_pruned.fasta ... Fasta format detected
Alignment most likely contains DNA/RNA sequences
Alignment has 26 sequences with 300 columns and 300 patterns (293 informative sites)
          Gap/Ambiguity  Composition  p-value
   1  n299_300    0.00%    passed     15.82%
   2  n300_301    0.00%    passed     22.98%
   3  n290_291    0.00%    passed     43.58%
   4  n244_245    0.00%    passed     62.52%
   5  n255_256    0.00%    failed      4.17%
   6  n277_278    0.00%    passed     10.61%
   7  n200_201    0.00%    passed     74.84%
   8  n236_237    0.00%    passed     89.00%
   9  n274_275    0.00%    passed     40.16%
  10  n289_290    0.00%    passed     52.50%
  11  n296_297    0.00%    passed     92.45%
  12  n275_276    0.00%    passed     90.23%
  13  n292_293    0.00%    passed     20.86%
  14  n278_279    0.00%    failed      4.15%
  15  n298_299    0.00%    passed     83.62%
  16  n297_298    0.00%    passed     83.44%
  17  n286_287    0.00%    passed     47.37%
  18  n285_286    0.00%    passed     58.89%
  19  n287_288    0.00%    passed     24.77%
  20  n251_252    0.00%    passed     39.39%
  21  n294_295    0.00%    passed     61.56%
  22  n295_296    0.00%    passed     93.93%
  23  n266_267    0.00%    passed     91.99%
  24  n265_266    0.00%    passed     81.13%
  25  n280_281    0.00%    passed     21.39%
  26  n293_294    0.00%    passed     65.43%
****  TOTAL       0.00%  2 sequences failed composition chi2 test (p-value<5%; df=3)

Create initial parsimony tree by phylogenetic likelihood library (PLL)... 0.001 seconds

NOTE: 1 MB RAM is required!
Estimate model parameters (epsilon = 0.100)
1. Initial log-likelihood: -5349.484
2. Current log-likelihood: -5256.804
3. Current log-likelihood: -5245.309
4. Current log-likelihood: -5242.936
5. Current log-likelihood: -5242.294
6. Current log-likelihood: -5242.171
Optimal log-likelihood: -5242.091
Rate parameters:  A-C: 1.464  A-G: 1.730  A-T: 1.161  C-G: 1.409  C-T: 1.645  G-T: 1.000
Base frequencies:   A: 0.236  C: 0.271  G: 0.263  T: 0.230
Gamma shape alpha: 3.901
Parameters optimization took 6 rounds (0.075 sec)
--------------------------------------------------------------------
|             INITIALIZING CANDIDATE TREE SET                      |
--------------------------------------------------------------------
Computing ML distances based on estimated model parameters... 0.004 sec
WARNING: Some pairwise ML distances are too long (saturated)
Computing BIONJ tree...
0.000 seconds
Log-likelihood of BIONJ tree: -5257.803
Generating 98 parsimony trees... 0.147 seconds 3 distinct starting trees
Computing log-likelihood of 3 initial trees ... 0.003 seconds
Optimizing top 3 initial trees with NNI...
Iteration 1 / LogL: -5242.091 / Time: 0h:0m:0s
Estimate model parameters (epsilon = 0.100)
BETTER SCORE FOUND at iteration 1: -5242.060
Iteration 2 / LogL: -5242.335 / Time: 0h:0m:0s
Iteration 3 / LogL: -5255.756 / Time: 0h:0m:0s
Average CPU time for 1 NNI search: 0.012
Finish initializing candidate tree set. Number of distinct locally optimal trees: 2
Current best tree score: -5242.060 / CPU time: 0.188
--------------------------------------------------------------------
|               OPTIMIZING CANDIDATE TREE SET                      |
--------------------------------------------------------------------
Estimate model parameters (epsilon = 0.010)
BETTER TREE FOUND at iteration 5: -5240.997
Iteration 10 / LogL: -5244.909 / Time: 0h:0m:0s
Iteration 20 / LogL: -5247.643 / Time: 0h:0m:0s (0h:0m:4s left)
Iteration 30 / LogL: -5243.667 / Time: 0h:0m:1s (0h:0m:3s left)
Iteration 40 / LogL: -5242.855 / Time: 0h:0m:1s (0h:0m:2s left)
Iteration 50 / LogL: -5241.355 / Time: 0h:0m:1s (0h:0m:2s left)
Iteration 60 / LogL: -5243.162 / Time: 0h:0m:2s (0h:0m:1s left)
Iteration 70 / LogL: -5241.885 / Time: 0h:0m:2s (0h:0m:1s left)
Iteration 80 / LogL: -5241.476 / Time: 0h:0m:2s (0h:0m:0s left)
Iteration 90 / LogL: -5241.896 / Time: 0h:0m:3s (0h:0m:0s left)
Iteration 100 / LogL: -5241.923 / Time: 0h:0m:3s (0h:0m:0s left)
TREE SEARCH COMPLETED AFTER 105 ITERATIONS / Time: 0h:0m:3s

--------------------------------------------------------------------
|                    FINALIZING TREE SEARCH                        |
--------------------------------------------------------------------
Performs final model parameters optimization
Estimate model parameters (epsilon = 0.010)
1. Initial log-likelihood: -5240.997
Optimal log-likelihood: -5240.994
Rate parameters:  A-C: 1.459  A-G: 1.712  A-T: 1.167  C-G: 1.368  C-T: 1.614  G-T: 1.000
Base frequencies:   A: 0.236  C: 0.271  G: 0.263  T: 0.230
Gamma shape alpha: 3.595
Parameters optimization took 1 rounds (0.007 sec)
BEST SCORE FOUND : -5240.994

Testing tree branches by SH-like aLRT with 1000 replicates...
CPU Time used:  0.120 sec.
Total tree length: 10.028

Total number of iterations: 105
CPU time used for tree search: 3.628 sec (0h:0m:3s)
Wall-clock time used for tree search: 3.627 sec (0h:0m:3s)
Total CPU time used: 3.892 sec (0h:0m:3s)
Total wall-clock time used: 3.890 sec (0h:0m:3s)

Analysis results written to: 
  IQ-TREE report:                ../simulations/data_D10T10L20I10T10//S/492_pruned.fasta.iqtree
  Maximum-likelihood tree:       ../simulations/data_D10T10L20I10T10//S/492_pruned.fasta.treefile
  Likelihood distances:          ../simulations/data_D10T10L20I10T10//S/492_pruned.fasta.mldist
  Screen log file:               ../simulations/data_D10T10L20I10T10//S/492_pruned.fasta.log

Date and Time: Mon Jun  4 00:51:46 2018
