IQ-TREE version 1.4.2 for Linux 64-bit built Apr 15 2016
Copyright (c) 2011-2015 Nguyen Lam Tung, Olga Chernomor, Arndt von Haeseler and Bui Quang Minh.

Host:    meduse (AVX2, FMA3, 7 GB RAM)
Command: iqtree -s ../simulations/data_D8T8L15I8T8//S/495_pruned.fasta -m GTR+G -alrt 1000 -redo
Seed:    907137 (Using SPRNG - Scalable Parallel Random Number Generator)
Time:    Fri May 25 23:07:41 2018
Kernel:  AVX

NOTE: Consider using the multicore version because your CPU has 4 cores!

Reading alignment file ../simulations/data_D8T8L15I8T8//S/495_pruned.fasta ... Fasta format detected
Alignment most likely contains DNA/RNA sequences
Alignment has 19 sequences with 300 columns and 153 patterns (120 informative sites)
          Gap/Ambiguity  Composition  p-value
   1  n200_201    0.00%    passed     98.98%
   2  n296_271    0.00%    passed     86.96%
   3  n266_253    0.00%    passed     88.71%
   4  n265_252    0.00%    passed     79.13%
   5  n295_270    0.00%    passed     93.92%
   6  n293_268    0.00%    passed     98.54%
   7  n285_262    0.00%    passed     99.16%
   8  n289_266    0.00%    passed     96.56%
   9  n251_244    0.00%    passed     20.25%
  10  n294_269    0.00%    passed     98.11%
  11  n287_264    0.00%    passed     96.80%
  12  n244_237    0.00%    passed     19.33%
  13  n236_229    0.00%    passed     96.12%
  14  n255_246    0.00%    passed     44.16%
  15  n297_272    0.00%    passed     95.79%
  16  n298_273    0.00%    passed     95.88%
  17  n275_258    0.00%    passed     98.36%
  18  n290_267    0.00%    passed     96.56%
  19  n286_263    0.00%    passed     99.16%
****  TOTAL       0.00%  0 sequences failed composition chi2 test (p-value<5%; df=3)
NOTE: 1 identical sequences (see below) will be ignored for subsequent analysis
NOTE: n290_267 (identical to n289_266) is ignored but added at the end

Create initial parsimony tree by phylogenetic likelihood library (PLL)... 0.001 seconds

NOTE: 0 MB RAM is required!
Estimate model parameters (epsilon = 0.100)
1. Initial log-likelihood: -1743.061
2. Current log-likelihood: -1699.466
3. Current log-likelihood: -1699.121
Optimal log-likelihood: -1699.104
Rate parameters:  A-C: 0.969  A-G: 0.683  A-T: 0.653  C-G: 1.172  C-T: 0.750  G-T: 1.000
Base frequencies:   A: 0.260  C: 0.257  G: 0.234  T: 0.248
Gamma shape alpha: 6.264
Parameters optimization took 3 rounds (0.016 sec)
--------------------------------------------------------------------
|             INITIALIZING CANDIDATE TREE SET                      |
--------------------------------------------------------------------
Computing ML distances based on estimated model parameters... 0.000 sec
Computing BIONJ tree...
0.000 seconds
Log-likelihood of BIONJ tree: -1699.104
Generating 98 parsimony trees... 0.062 seconds 9 distinct starting trees
Computing log-likelihood of 9 initial trees ... 0.010 seconds
Optimizing top 9 initial trees with NNI...
Iteration 1 / LogL: -1699.104 / Time: 0h:0m:0s
Estimate model parameters (epsilon = 0.100)
BETTER SCORE FOUND at iteration 1: -1699.095
Iteration 2 / LogL: -1699.096 / Time: 0h:0m:0s
Iteration 3 / LogL: -1699.096 / Time: 0h:0m:0s
Iteration 4 / LogL: -1699.096 / Time: 0h:0m:0s
Iteration 5 / LogL: -1699.096 / Time: 0h:0m:0s
Iteration 6 / LogL: -1699.096 / Time: 0h:0m:0s
Iteration 7 / LogL: -1699.096 / Time: 0h:0m:0s
Iteration 8 / LogL: -1699.096 / Time: 0h:0m:0s
Iteration 9 / LogL: -1699.096 / Time: 0h:0m:0s
Average CPU time for 1 NNI search: 0.004
Finish initializing candidate tree set. Number of distinct locally optimal trees: 9
Current best tree score: -1699.095 / CPU time: 0.100
--------------------------------------------------------------------
|               OPTIMIZING CANDIDATE TREE SET                      |
--------------------------------------------------------------------
Iteration 10 / LogL: -1699.112 / Time: 0h:0m:0s
Iteration 20 / LogL: -1699.095 / Time: 0h:0m:0s (0h:0m:1s left)
Iteration 30 / LogL: -1699.164 / Time: 0h:0m:0s (0h:0m:0s left)
Iteration 40 / LogL: -1699.129 / Time: 0h:0m:0s (0h:0m:0s left)
Iteration 50 / LogL: -1705.179 / Time: 0h:0m:0s (0h:0m:0s left)
Iteration 60 / LogL: -1992.623 / Time: 0h:0m:0s (0h:0m:0s left)
Iteration 70 / LogL: -1699.095 / Time: 0h:0m:0s (0h:0m:0s left)
Iteration 80 / LogL: -1699.184 / Time: 0h:0m:0s (0h:0m:0s left)
Iteration 90 / LogL: -1699.123 / Time: 0h:0m:0s (0h:0m:0s left)
Iteration 100 / LogL: -1699.094 / Time: 0h:0m:0s (0h:0m:0s left)
TREE SEARCH COMPLETED AFTER 101 ITERATIONS / Time: 0h:0m:0s

--------------------------------------------------------------------
|                    FINALIZING TREE SEARCH                        |
--------------------------------------------------------------------
Performs final model parameters optimization
Estimate model parameters (epsilon = 0.010)
1. Initial log-likelihood: -1699.094
Optimal log-likelihood: -1699.089
Rate parameters:  A-C: 0.981  A-G: 0.694  A-T: 0.664  C-G: 1.190  C-T: 0.756  G-T: 1.000
Base frequencies:   A: 0.260  C: 0.257  G: 0.234  T: 0.248
Gamma shape alpha: 6.272
Parameters optimization took 1 rounds (0.003 sec)
BEST SCORE FOUND : -1699.089

Testing tree branches by SH-like aLRT with 1000 replicates...
CPU Time used:  0.076 sec.
Total tree length: 1.008

Total number of iterations: 101
CPU time used for tree search: 0.940 sec (0h:0m:0s)
Wall-clock time used for tree search: 0.951 sec (0h:0m:0s)
Total CPU time used: 1.052 sec (0h:0m:1s)
Total wall-clock time used: 1.062 sec (0h:0m:1s)

Analysis results written to: 
  IQ-TREE report:                ../simulations/data_D8T8L15I8T8//S/495_pruned.fasta.iqtree
  Maximum-likelihood tree:       ../simulations/data_D8T8L15I8T8//S/495_pruned.fasta.treefile
  Likelihood distances:          ../simulations/data_D8T8L15I8T8//S/495_pruned.fasta.mldist
  Screen log file:               ../simulations/data_D8T8L15I8T8//S/495_pruned.fasta.log

Date and Time: Fri May 25 23:07:42 2018
