IQ-TREE version 1.4.2 for Linux 64-bit built Apr 15 2016
Copyright (c) 2011-2015 Nguyen Lam Tung, Olga Chernomor, Arndt von Haeseler and Bui Quang Minh.

Host:    meduse (AVX2, FMA3, 7 GB RAM)
Command: iqtree -s ../simulations/data_D10T10L20I10T10//S/497_pruned.fasta -m GTR+G -alrt 1000 -redo
Seed:    709178 (Using SPRNG - Scalable Parallel Random Number Generator)
Time:    Fri Jun  1 10:45:08 2018
Kernel:  AVX

NOTE: Consider using the multicore version because your CPU has 4 cores!

Reading alignment file ../simulations/data_D10T10L20I10T10//S/497_pruned.fasta ... Fasta format detected
Alignment most likely contains DNA/RNA sequences
Alignment has 26 sequences with 300 columns and 181 patterns (155 informative sites)
          Gap/Ambiguity  Composition  p-value
   1  n292_293    0.00%    passed     76.40%
   2  n287_288    0.00%    passed     97.55%
   3  n290_291    0.00%    passed     98.99%
   4  n294_295    0.00%    passed     97.48%
   5  n251_252    0.00%    passed     27.07%
   6  n286_287    0.00%    passed     82.81%
   7  n300_301    0.00%    passed     80.06%
   8  n275_276    0.00%    passed     96.10%
   9  n274_275    0.00%    passed     73.26%
  10  n289_290    0.00%    passed     98.99%
  11  n255_256    0.00%    passed     26.64%
  12  n236_237    0.00%    passed     69.98%
  13  n299_300    0.00%    passed     80.06%
  14  n278_279    0.00%    passed     57.04%
  15  n297_298    0.00%    passed     99.57%
  16  n298_299    0.00%    passed     96.62%
  17  n244_245    0.00%    passed     71.72%
  18  n293_294    0.00%    passed     87.47%
  19  n296_297    0.00%    passed     96.22%
  20  n295_296    0.00%    passed     96.22%
  21  n266_267    0.00%    passed     71.72%
  22  n200_201    0.00%    passed     92.86%
  23  n285_286    0.00%    passed     82.81%
  24  n277_278    0.00%    passed     73.27%
  25  n280_281    0.00%    passed     77.82%
  26  n265_266    0.00%    passed     81.14%
****  TOTAL       0.00%  0 sequences failed composition chi2 test (p-value<5%; df=3)
NOTE: 3 identical sequences (see below) will be ignored for subsequent analysis
NOTE: n289_290 (identical to n290_291) is ignored but added at the end
NOTE: n299_300 (identical to n300_301) is ignored but added at the end
NOTE: n295_296 (identical to n296_297) is ignored but added at the end

Create initial parsimony tree by phylogenetic likelihood library (PLL)... 0.001 seconds

NOTE: 0 MB RAM is required!
Estimate model parameters (epsilon = 0.100)
1. Initial log-likelihood: -2107.904
2. Current log-likelihood: -2058.244
3. Current log-likelihood: -2057.472
Optimal log-likelihood: -2057.460
Rate parameters:  A-C: 0.746  A-G: 0.904  A-T: 0.687  C-G: 0.906  C-T: 0.933  G-T: 1.000
Base frequencies:   A: 0.242  C: 0.266  G: 0.229  T: 0.263
Gamma shape alpha: 39.070
Parameters optimization took 3 rounds (0.029 sec)
--------------------------------------------------------------------
|             INITIALIZING CANDIDATE TREE SET                      |
--------------------------------------------------------------------
Computing ML distances based on estimated model parameters... 0.000 sec
Computing BIONJ tree...
0.000 seconds
Log-likelihood of BIONJ tree: -2058.259
Generating 98 parsimony trees... 0.105 seconds 10 distinct starting trees
Computing log-likelihood of 10 initial trees ... 0.017 seconds
Optimizing top 10 initial trees with NNI...
Iteration 1 / LogL: -2057.461 / Time: 0h:0m:0s
Estimate model parameters (epsilon = 0.100)
BETTER SCORE FOUND at iteration 1: -2057.457
Iteration 2 / LogL: -2057.462 / Time: 0h:0m:0s
Iteration 3 / LogL: -2057.462 / Time: 0h:0m:0s
Iteration 4 / LogL: -2057.462 / Time: 0h:0m:0s
Iteration 5 / LogL: -2057.462 / Time: 0h:0m:0s
Iteration 6 / LogL: -2057.462 / Time: 0h:0m:0s
Iteration 7 / LogL: -2057.462 / Time: 0h:0m:0s
Iteration 8 / LogL: -2057.462 / Time: 0h:0m:0s
Iteration 9 / LogL: -2057.462 / Time: 0h:0m:0s
Iteration 10 / LogL: -2057.457 / Time: 0h:0m:0s
Average CPU time for 1 NNI search: 0.006
Finish initializing candidate tree set. Number of distinct locally optimal trees: 9
Current best tree score: -2057.457 / CPU time: 0.180
--------------------------------------------------------------------
|               OPTIMIZING CANDIDATE TREE SET                      |
--------------------------------------------------------------------
Iteration 20 / LogL: -2057.458 / Time: 0h:0m:0s (0h:0m:1s left)
Iteration 30 / LogL: -2057.459 / Time: 0h:0m:0s (0h:0m:1s left)
Iteration 40 / LogL: -2057.554 / Time: 0h:0m:0s (0h:0m:1s left)
Iteration 50 / LogL: -2057.458 / Time: 0h:0m:0s (0h:0m:0s left)
Iteration 60 / LogL: -2057.465 / Time: 0h:0m:0s (0h:0m:0s left)
Iteration 70 / LogL: -2057.457 / Time: 0h:0m:1s (0h:0m:0s left)
Iteration 80 / LogL: -2057.458 / Time: 0h:0m:1s (0h:0m:0s left)
Iteration 90 / LogL: -2057.457 / Time: 0h:0m:1s (0h:0m:0s left)
Iteration 100 / LogL: -2057.458 / Time: 0h:0m:1s (0h:0m:0s left)
TREE SEARCH COMPLETED AFTER 101 ITERATIONS / Time: 0h:0m:1s

--------------------------------------------------------------------
|                    FINALIZING TREE SEARCH                        |
--------------------------------------------------------------------
Performs final model parameters optimization
Estimate model parameters (epsilon = 0.010)
1. Initial log-likelihood: -2057.457
Optimal log-likelihood: -2057.455
Rate parameters:  A-C: 0.752  A-G: 0.912  A-T: 0.694  C-G: 0.913  C-T: 0.939  G-T: 1.000
Base frequencies:   A: 0.242  C: 0.266  G: 0.229  T: 0.263
Gamma shape alpha: 39.593
Parameters optimization took 1 rounds (0.006 sec)
BEST SCORE FOUND : -2057.455

Testing tree branches by SH-like aLRT with 1000 replicates...
CPU Time used:  0.112 sec.
Total tree length: 1.264

Total number of iterations: 101
CPU time used for tree search: 1.580 sec (0h:0m:1s)
Wall-clock time used for tree search: 1.587 sec (0h:0m:1s)
Total CPU time used: 1.740 sec (0h:0m:1s)
Total wall-clock time used: 1.752 sec (0h:0m:1s)

Analysis results written to: 
  IQ-TREE report:                ../simulations/data_D10T10L20I10T10//S/497_pruned.fasta.iqtree
  Maximum-likelihood tree:       ../simulations/data_D10T10L20I10T10//S/497_pruned.fasta.treefile
  Likelihood distances:          ../simulations/data_D10T10L20I10T10//S/497_pruned.fasta.mldist
  Screen log file:               ../simulations/data_D10T10L20I10T10//S/497_pruned.fasta.log

Date and Time: Fri Jun  1 10:45:10 2018
