IQ-TREE version 1.4.2 for Linux 64-bit built Apr 15 2016
Copyright (c) 2011-2015 Nguyen Lam Tung, Olga Chernomor, Arndt von Haeseler and Bui Quang Minh.

Host:    meduse (AVX2, FMA3, 7 GB RAM)
Command: iqtree -s ../simulations/data_D10T10L20I10T10//S/49_pruned.fasta -m GTR+G -alrt 1000 -redo
Seed:    789755 (Using SPRNG - Scalable Parallel Random Number Generator)
Time:    Mon Jun  4 01:05:12 2018
Kernel:  AVX

NOTE: Consider using the multicore version because your CPU has 4 cores!

Reading alignment file ../simulations/data_D10T10L20I10T10//S/49_pruned.fasta ... Fasta format detected
Alignment most likely contains DNA/RNA sequences
Alignment has 26 sequences with 300 columns and 300 patterns (299 informative sites)
          Gap/Ambiguity  Composition  p-value
   1  n274_273    0.00%    passed     83.72%
   2  n200_201    0.00%    passed     24.04%
   3  n293_292    0.00%    passed     72.88%
   4  n289_288    0.00%    passed     73.05%
   5  n287_286    0.00%    passed     62.92%
   6  n297_296    0.00%    passed     89.89%
   7  n277_276    0.00%    passed     85.72%
   8  n265_264    0.00%    passed     26.11%
   9  n278_277    0.00%    passed     77.78%
  10  n251_250    0.00%    passed     37.18%
  11  n299_298    0.00%    passed     58.54%
  12  n286_285    0.00%    passed     85.11%
  13  n275_274    0.00%    passed     62.74%
  14  n266_265    0.00%    passed     10.91%
  15  n236_235    0.00%    passed     43.38%
  16  n290_289    0.00%    passed     66.99%
  17  n244_243    0.00%    failed      3.71%
  18  n285_284    0.00%    passed     92.75%
  19  n300_299    0.00%    passed     56.28%
  20  n255_254    0.00%    passed     12.85%
  21  n294_293    0.00%    passed     66.97%
  22  n295_294    0.00%    passed     97.58%
  23  n296_295    0.00%    passed     92.68%
  24  n292_291    0.00%    passed     66.55%
  25  n280_279    0.00%    passed     56.78%
  26  n298_297    0.00%    passed     91.70%
****  TOTAL       0.00%  1 sequences failed composition chi2 test (p-value<5%; df=3)

Create initial parsimony tree by phylogenetic likelihood library (PLL)... 0.002 seconds

NOTE: 1 MB RAM is required!
Estimate model parameters (epsilon = 0.100)
1. Initial log-likelihood: -5355.637
2. Current log-likelihood: -5262.394
3. Current log-likelihood: -5244.488
4. Current log-likelihood: -5239.525
5. Current log-likelihood: -5238.187
6. Current log-likelihood: -5237.970
Optimal log-likelihood: -5237.920
Rate parameters:  A-C: 1.030  A-G: 1.198  A-T: 1.069  C-G: 1.009  C-T: 1.135  G-T: 1.000
Base frequencies:   A: 0.223  C: 0.299  G: 0.229  T: 0.249
Gamma shape alpha: 5.170
Parameters optimization took 6 rounds (0.074 sec)
--------------------------------------------------------------------
|             INITIALIZING CANDIDATE TREE SET                      |
--------------------------------------------------------------------
Computing ML distances based on estimated model parameters... 0.004 sec
WARNING: Some pairwise ML distances are too long (saturated)
Computing BIONJ tree...
0.000 seconds
Log-likelihood of BIONJ tree: -5252.674
Generating 98 parsimony trees... 0.147 seconds 3 distinct starting trees
Computing log-likelihood of 3 initial trees ... 0.003 seconds
Optimizing top 3 initial trees with NNI...
Iteration 1 / LogL: -5237.055 / Time: 0h:0m:0s
Estimate model parameters (epsilon = 0.100)
BETTER TREE FOUND at iteration 1: -5237.007
Iteration 2 / LogL: -5238.327 / Time: 0h:0m:0s
Iteration 3 / LogL: -5237.279 / Time: 0h:0m:0s
Average CPU time for 1 NNI search: 0.015
Finish initializing candidate tree set. Number of distinct locally optimal trees: 2
Current best tree score: -5237.007 / CPU time: 0.192
--------------------------------------------------------------------
|               OPTIMIZING CANDIDATE TREE SET                      |
--------------------------------------------------------------------
Iteration 10 / LogL: -5237.966 / Time: 0h:0m:0s
Estimate model parameters (epsilon = 0.010)
UPDATE BEST LOG-LIKELIHOOD: -5236.753
Iteration 20 / LogL: -5243.884 / Time: 0h:0m:0s (0h:0m:3s left)
Iteration 30 / LogL: -5237.034 / Time: 0h:0m:1s (0h:0m:2s left)
Iteration 40 / LogL: -5238.673 / Time: 0h:0m:1s (0h:0m:2s left)
Iteration 50 / LogL: -5240.513 / Time: 0h:0m:1s (0h:0m:1s left)
Iteration 60 / LogL: -5236.760 / Time: 0h:0m:2s (0h:0m:1s left)
Iteration 70 / LogL: -5237.969 / Time: 0h:0m:2s (0h:0m:1s left)
Iteration 80 / LogL: -5976.150 / Time: 0h:0m:2s (0h:0m:0s left)
Iteration 90 / LogL: -5248.462 / Time: 0h:0m:3s (0h:0m:0s left)
Iteration 100 / LogL: -5237.126 / Time: 0h:0m:3s (0h:0m:0s left)
TREE SEARCH COMPLETED AFTER 101 ITERATIONS / Time: 0h:0m:3s

--------------------------------------------------------------------
|                    FINALIZING TREE SEARCH                        |
--------------------------------------------------------------------
Performs final model parameters optimization
Estimate model parameters (epsilon = 0.010)
1. Initial log-likelihood: -5236.753
Optimal log-likelihood: -5236.749
Rate parameters:  A-C: 1.011  A-G: 1.144  A-T: 1.050  C-G: 0.991  C-T: 1.109  G-T: 1.000
Base frequencies:   A: 0.223  C: 0.299  G: 0.229  T: 0.249
Gamma shape alpha: 5.069
Parameters optimization took 1 rounds (0.008 sec)
BEST SCORE FOUND : -5236.749

Testing tree branches by SH-like aLRT with 1000 replicates...
CPU Time used:  0.120 sec.
Total tree length: 9.658

Total number of iterations: 101
CPU time used for tree search: 3.516 sec (0h:0m:3s)
Wall-clock time used for tree search: 3.518 sec (0h:0m:3s)
Total CPU time used: 3.756 sec (0h:0m:3s)
Total wall-clock time used: 3.760 sec (0h:0m:3s)

Analysis results written to: 
  IQ-TREE report:                ../simulations/data_D10T10L20I10T10//S/49_pruned.fasta.iqtree
  Maximum-likelihood tree:       ../simulations/data_D10T10L20I10T10//S/49_pruned.fasta.treefile
  Likelihood distances:          ../simulations/data_D10T10L20I10T10//S/49_pruned.fasta.mldist
  Screen log file:               ../simulations/data_D10T10L20I10T10//S/49_pruned.fasta.log

Date and Time: Mon Jun  4 01:05:16 2018
