IQ-TREE version 1.4.2 for Linux 64-bit built Apr 15 2016
Copyright (c) 2011-2015 Nguyen Lam Tung, Olga Chernomor, Arndt von Haeseler and Bui Quang Minh.

Host:    meduse (AVX2, FMA3, 7 GB RAM)
Command: iqtree -s ../simulations/data_D10T10L20I10T10//S/511_pruned.fasta -m GTR+G -alrt 1000 -redo
Seed:    696251 (Using SPRNG - Scalable Parallel Random Number Generator)
Time:    Mon Jun  4 00:47:07 2018
Kernel:  AVX

NOTE: Consider using the multicore version because your CPU has 4 cores!

Reading alignment file ../simulations/data_D10T10L20I10T10//S/511_pruned.fasta ... Fasta format detected
Alignment most likely contains DNA/RNA sequences
Alignment has 26 sequences with 300 columns and 300 patterns (293 informative sites)
          Gap/Ambiguity  Composition  p-value
   1  n299_300    0.00%    passed     40.10%
   2  n300_301    0.00%    passed     71.02%
   3  n290_291    0.00%    passed     74.21%
   4  n244_245    0.00%    passed     96.65%
   5  n255_256    0.00%    passed     42.26%
   6  n277_278    0.00%    passed     68.07%
   7  n200_201    0.00%    passed     53.17%
   8  n236_237    0.00%    passed     72.56%
   9  n274_275    0.00%    passed     39.80%
  10  n289_290    0.00%    passed     78.70%
  11  n296_297    0.00%    passed     70.25%
  12  n275_276    0.00%    passed     88.94%
  13  n292_293    0.00%    passed     40.74%
  14  n278_279    0.00%    passed     74.50%
  15  n298_299    0.00%    passed     78.01%
  16  n297_298    0.00%    passed     37.56%
  17  n286_287    0.00%    passed     14.48%
  18  n285_286    0.00%    passed     12.84%
  19  n287_288    0.00%    passed     47.95%
  20  n251_252    0.00%    passed     57.58%
  21  n294_295    0.00%    passed     91.87%
  22  n295_296    0.00%    passed     63.85%
  23  n266_267    0.00%    passed     83.11%
  24  n265_266    0.00%    passed     86.68%
  25  n280_281    0.00%    passed     35.40%
  26  n293_294    0.00%    passed     68.51%
****  TOTAL       0.00%  0 sequences failed composition chi2 test (p-value<5%; df=3)

Create initial parsimony tree by phylogenetic likelihood library (PLL)... 0.002 seconds

NOTE: 1 MB RAM is required!
Estimate model parameters (epsilon = 0.100)
1. Initial log-likelihood: -5429.959
2. Current log-likelihood: -5333.166
3. Current log-likelihood: -5313.631
4. Current log-likelihood: -5309.951
5. Current log-likelihood: -5309.338
6. Current log-likelihood: -5309.113
7. Current log-likelihood: -5308.982
Optimal log-likelihood: -5308.882
Rate parameters:  A-C: 1.393  A-G: 1.471  A-T: 1.387  C-G: 1.114  C-T: 1.739  G-T: 1.000
Base frequencies:   A: 0.246  C: 0.270  G: 0.252  T: 0.232
Gamma shape alpha: 6.436
Parameters optimization took 7 rounds (0.081 sec)
--------------------------------------------------------------------
|             INITIALIZING CANDIDATE TREE SET                      |
--------------------------------------------------------------------
Computing ML distances based on estimated model parameters... 0.000 sec
Computing BIONJ tree...
0.000 seconds
Log-likelihood of BIONJ tree: -5322.172
Generating 98 parsimony trees... 0.162 seconds 3 distinct starting trees
Computing log-likelihood of 3 initial trees ... 0.003 seconds
Optimizing top 3 initial trees with NNI...
Iteration 1 / LogL: -5306.857 / Time: 0h:0m:0s
Estimate model parameters (epsilon = 0.100)
BETTER TREE FOUND at iteration 1: -5306.302
Iteration 2 / LogL: -5308.472 / Time: 0h:0m:0s
Iteration 3 / LogL: -5306.714 / Time: 0h:0m:0s
Average CPU time for 1 NNI search: 0.021
Finish initializing candidate tree set. Number of distinct locally optimal trees: 1
Current best tree score: -5306.302 / CPU time: 0.228
--------------------------------------------------------------------
|               OPTIMIZING CANDIDATE TREE SET                      |
--------------------------------------------------------------------
Estimate model parameters (epsilon = 0.010)
BETTER TREE FOUND at iteration 4: -5305.874
Iteration 10 / LogL: -5308.357 / Time: 0h:0m:0s
Estimate model parameters (epsilon = 0.010)
UPDATE BEST LOG-LIKELIHOOD: -5305.729
Iteration 20 / LogL: -5307.986 / Time: 0h:0m:0s (0h:0m:4s left)
Iteration 30 / LogL: -5310.527 / Time: 0h:0m:1s (0h:0m:3s left)
Iteration 40 / LogL: -5307.548 / Time: 0h:0m:1s (0h:0m:2s left)
Iteration 50 / LogL: -5306.042 / Time: 0h:0m:1s (0h:0m:2s left)
Iteration 60 / LogL: -5307.013 / Time: 0h:0m:2s (0h:0m:1s left)
Iteration 70 / LogL: -5313.880 / Time: 0h:0m:2s (0h:0m:1s left)
Iteration 80 / LogL: -5311.642 / Time: 0h:0m:2s (0h:0m:0s left)
Iteration 90 / LogL: -5307.684 / Time: 0h:0m:3s (0h:0m:0s left)
Iteration 100 / LogL: -5306.202 / Time: 0h:0m:3s (0h:0m:0s left)
TREE SEARCH COMPLETED AFTER 104 ITERATIONS / Time: 0h:0m:3s

--------------------------------------------------------------------
|                    FINALIZING TREE SEARCH                        |
--------------------------------------------------------------------
Performs final model parameters optimization
Estimate model parameters (epsilon = 0.010)
1. Initial log-likelihood: -5305.729
Optimal log-likelihood: -5305.723
Rate parameters:  A-C: 1.320  A-G: 1.397  A-T: 1.285  C-G: 1.025  C-T: 1.591  G-T: 1.000
Base frequencies:   A: 0.246  C: 0.270  G: 0.252  T: 0.232
Gamma shape alpha: 6.561
Parameters optimization took 1 rounds (0.007 sec)
BEST SCORE FOUND : -5305.723

Testing tree branches by SH-like aLRT with 1000 replicates...
CPU Time used:  0.128 sec.
Total tree length: 8.639

Total number of iterations: 104
CPU time used for tree search: 3.700 sec (0h:0m:3s)
Wall-clock time used for tree search: 3.705 sec (0h:0m:3s)
Total CPU time used: 3.936 sec (0h:0m:3s)
Total wall-clock time used: 3.946 sec (0h:0m:3s)

Analysis results written to: 
  IQ-TREE report:                ../simulations/data_D10T10L20I10T10//S/511_pruned.fasta.iqtree
  Maximum-likelihood tree:       ../simulations/data_D10T10L20I10T10//S/511_pruned.fasta.treefile
  Likelihood distances:          ../simulations/data_D10T10L20I10T10//S/511_pruned.fasta.mldist
  Screen log file:               ../simulations/data_D10T10L20I10T10//S/511_pruned.fasta.log

Date and Time: Mon Jun  4 00:47:11 2018
