IQ-TREE version 1.4.2 for Linux 64-bit built Apr 15 2016
Copyright (c) 2011-2015 Nguyen Lam Tung, Olga Chernomor, Arndt von Haeseler and Bui Quang Minh.

Host:    meduse (AVX2, FMA3, 7 GB RAM)
Command: iqtree -s ../simulations/data_D8T8L15I8T8//S/513_pruned.fasta -m GTR+G -alrt 1000 -redo
Seed:    390585 (Using SPRNG - Scalable Parallel Random Number Generator)
Time:    Fri May 25 22:55:48 2018
Kernel:  AVX

NOTE: Consider using the multicore version because your CPU has 4 cores!

Reading alignment file ../simulations/data_D8T8L15I8T8//S/513_pruned.fasta ... Fasta format detected
Alignment most likely contains DNA/RNA sequences
Alignment has 26 sequences with 300 columns and 173 patterns (151 informative sites)
          Gap/Ambiguity  Composition  p-value
   1  n299_320    0.00%    passed     95.98%
   2  n275_296    0.00%    passed     98.06%
   3  n286_307    0.00%    passed     97.61%
   4  n236_255    0.00%    passed     82.16%
   5  n251_272    0.00%    passed     95.58%
   6  n297_318    0.00%    passed     99.02%
   7  n292_313    0.00%    passed     91.60%
   8  n300_321    0.00%    passed     95.62%
   9  n277_298    0.00%    passed     93.10%
  10  n200_215    0.00%    passed     99.50%
  11  n287_308    0.00%    passed     95.40%
  12  n294_315    0.00%    passed     99.38%
  13  n295_316    0.00%    passed     88.26%
  14  n278_299    0.00%    passed     91.17%
  15  n265_286    0.00%    passed     94.47%
  16  n255_276    0.00%    passed     91.89%
  17  n293_314    0.00%    passed     99.95%
  18  n244_265    0.00%    passed     84.26%
  19  n290_311    0.00%    passed     97.02%
  20  n280_301    0.00%    passed     94.22%
  21  n296_317    0.00%    passed     91.87%
  22  n266_287    0.00%    passed     99.29%
  23  n298_319    0.00%    passed     99.64%
  24  n289_310    0.00%    passed     95.40%
  25  n285_306    0.00%    passed     99.37%
  26  n274_295    0.00%    passed     98.79%
****  TOTAL       0.00%  0 sequences failed composition chi2 test (p-value<5%; df=3)
NOTE: 1 identical sequences (see below) will be ignored for subsequent analysis
NOTE: n289_310 (identical to n287_308) is ignored but added at the end

Create initial parsimony tree by phylogenetic likelihood library (PLL)... 0.001 seconds

NOTE: 0 MB RAM is required!
Estimate model parameters (epsilon = 0.100)
1. Initial log-likelihood: -2027.172
2. Current log-likelihood: -1974.843
3. Current log-likelihood: -1974.391
Optimal log-likelihood: -1974.388
Rate parameters:  A-C: 1.271  A-G: 1.019  A-T: 0.802  C-G: 1.051  C-T: 1.364  G-T: 1.000
Base frequencies:   A: 0.267  C: 0.267  G: 0.208  T: 0.258
Gamma shape alpha: 44.942
Parameters optimization took 3 rounds (0.038 sec)
--------------------------------------------------------------------
|             INITIALIZING CANDIDATE TREE SET                      |
--------------------------------------------------------------------
Computing ML distances based on estimated model parameters... 0.004 sec
Computing BIONJ tree...
0.000 seconds
Log-likelihood of BIONJ tree: -1974.388
Generating 98 parsimony trees... 0.128 seconds 78 distinct starting trees
Computing log-likelihood of 78 initial trees ... 0.214 seconds
Optimizing top 20 initial trees with NNI...
Iteration 1 / LogL: -1974.389 / Time: 0h:0m:0s
Estimate model parameters (epsilon = 0.100)
BETTER SCORE FOUND at iteration 1: -1974.387
Iteration 2 / LogL: -1974.388 / Time: 0h:0m:0s
Iteration 3 / LogL: -1974.440 / Time: 0h:0m:0s
Iteration 4 / LogL: -1974.440 / Time: 0h:0m:0s
Iteration 5 / LogL: -1974.440 / Time: 0h:0m:0s
Iteration 6 / LogL: -1974.440 / Time: 0h:0m:0s
Iteration 7 / LogL: -1974.440 / Time: 0h:0m:0s
Iteration 8 / LogL: -1974.440 / Time: 0h:0m:0s
Iteration 9 / LogL: -1974.440 / Time: 0h:0m:0s
Iteration 10 / LogL: -1974.440 / Time: 0h:0m:0s
Iteration 11 / LogL: -1974.440 / Time: 0h:0m:0s
Iteration 12 / LogL: -1974.440 / Time: 0h:0m:0s
Iteration 13 / LogL: -1974.440 / Time: 0h:0m:0s
Iteration 14 / LogL: -1974.440 / Time: 0h:0m:0s
Iteration 15 / LogL: -1974.440 / Time: 0h:0m:0s
Iteration 16 / LogL: -1974.440 / Time: 0h:0m:0s
Iteration 17 / LogL: -1974.440 / Time: 0h:0m:0s
Iteration 18 / LogL: -1974.440 / Time: 0h:0m:0s
Iteration 19 / LogL: -1974.440 / Time: 0h:0m:0s
Iteration 20 / LogL: -1974.440 / Time: 0h:0m:0s
Average CPU time for 1 NNI search: 0.007
Finish initializing candidate tree set. Number of distinct locally optimal trees: 20
Current best tree score: -1974.387 / CPU time: 0.472
--------------------------------------------------------------------
|               OPTIMIZING CANDIDATE TREE SET                      |
--------------------------------------------------------------------
Iteration 30 / LogL: -1974.398 / Time: 0h:0m:0s (0h:0m:1s left)
Iteration 40 / LogL: -1974.387 / Time: 0h:0m:0s (0h:0m:1s left)
Iteration 50 / LogL: -2285.061 / Time: 0h:0m:1s (0h:0m:1s left)
Iteration 60 / LogL: -1974.387 / Time: 0h:0m:1s (0h:0m:0s left)
Iteration 70 / LogL: -1974.417 / Time: 0h:0m:1s (0h:0m:0s left)
Iteration 80 / LogL: -1974.388 / Time: 0h:0m:1s (0h:0m:0s left)
Iteration 90 / LogL: -1982.817 / Time: 0h:0m:2s (0h:0m:0s left)
Iteration 100 / LogL: -1974.416 / Time: 0h:0m:2s (0h:0m:0s left)
TREE SEARCH COMPLETED AFTER 101 ITERATIONS / Time: 0h:0m:2s

--------------------------------------------------------------------
|                    FINALIZING TREE SEARCH                        |
--------------------------------------------------------------------
Performs final model parameters optimization
Estimate model parameters (epsilon = 0.010)
1. Initial log-likelihood: -1974.387
Optimal log-likelihood: -1974.387
Rate parameters:  A-C: 1.275  A-G: 1.022  A-T: 0.804  C-G: 1.052  C-T: 1.368  G-T: 1.000
Base frequencies:   A: 0.267  C: 0.267  G: 0.208  T: 0.258
Gamma shape alpha: 44.965
Parameters optimization took 1 rounds (0.006 sec)
BEST SCORE FOUND : -1974.387

Testing tree branches by SH-like aLRT with 1000 replicates...
CPU Time used:  0.148 sec.
Total tree length: 1.149

Total number of iterations: 101
CPU time used for tree search: 2.168 sec (0h:0m:2s)
Wall-clock time used for tree search: 2.174 sec (0h:0m:2s)
Total CPU time used: 2.384 sec (0h:0m:2s)
Total wall-clock time used: 2.392 sec (0h:0m:2s)

Analysis results written to: 
  IQ-TREE report:                ../simulations/data_D8T8L15I8T8//S/513_pruned.fasta.iqtree
  Maximum-likelihood tree:       ../simulations/data_D8T8L15I8T8//S/513_pruned.fasta.treefile
  Likelihood distances:          ../simulations/data_D8T8L15I8T8//S/513_pruned.fasta.mldist
  Screen log file:               ../simulations/data_D8T8L15I8T8//S/513_pruned.fasta.log

Date and Time: Fri May 25 22:55:50 2018
