IQ-TREE version 1.4.2 for Linux 64-bit built Apr 15 2016
Copyright (c) 2011-2015 Nguyen Lam Tung, Olga Chernomor, Arndt von Haeseler and Bui Quang Minh.

Host:    meduse (AVX2, FMA3, 7 GB RAM)
Command: iqtree -s ../simulations/data_D10T10L20I10T10//S/515_pruned.fasta -m GTR+G -alrt 1000 -redo
Seed:    544268 (Using SPRNG - Scalable Parallel Random Number Generator)
Time:    Mon Jun  4 00:39:47 2018
Kernel:  AVX

NOTE: Consider using the multicore version because your CPU has 4 cores!

Reading alignment file ../simulations/data_D10T10L20I10T10//S/515_pruned.fasta ... Fasta format detected
Alignment most likely contains DNA/RNA sequences
Alignment has 28 sequences with 300 columns and 300 patterns (298 informative sites)
          Gap/Ambiguity  Composition  p-value
   1  n297_332    0.00%    passed     75.77%
   2  n255_288    0.00%    passed     77.81%
   3  n298_333    0.00%    passed     76.55%
   4  n300_335    0.00%    passed     52.93%
   5  n265_300    0.00%    passed     93.50%
   6  n266_301    0.00%    passed     41.13%
   7  n251_284    0.00%    passed     44.88%
   8  n290_325    0.00%    passed     33.11%
   9  n236_265    0.00%    passed     90.89%
  10  n289_324    0.00%    passed     66.03%
  11  n277_312    0.00%    passed     88.37%
  12  n294_329    0.00%    passed     95.80%
  13  n296_331    0.00%    passed     54.64%
  14  n251_282    0.00%    passed     85.56%
  15  n255_290    0.00%    passed     36.98%
  16  n278_313    0.00%    passed     53.08%
  17  n287_322    0.00%    passed     20.93%
  18  n299_334    0.00%    passed     76.40%
  19  n295_330    0.00%    passed     45.39%
  20  n280_315    0.00%    passed     41.12%
  21  n275_310    0.00%    passed     61.04%
  22  n293_328    0.00%    passed     85.96%
  23  n292_327    0.00%    passed     25.69%
  24  n285_320    0.00%    passed     58.93%
  25  n274_309    0.00%    passed     61.91%
  26  n286_321    0.00%    passed     25.64%
  27  n244_275    0.00%    passed     11.05%
  28  n200_221    0.00%    passed     96.66%
****  TOTAL       0.00%  0 sequences failed composition chi2 test (p-value<5%; df=3)

Create initial parsimony tree by phylogenetic likelihood library (PLL)... 0.002 seconds

NOTE: 1 MB RAM is required!
Estimate model parameters (epsilon = 0.100)
1. Initial log-likelihood: -6041.960
2. Current log-likelihood: -5930.078
3. Current log-likelihood: -5914.400
4. Current log-likelihood: -5912.372
5. Current log-likelihood: -5912.065
Optimal log-likelihood: -5911.993
Rate parameters:  A-C: 1.017  A-G: 1.295  A-T: 1.111  C-G: 0.883  C-T: 1.349  G-T: 1.000
Base frequencies:   A: 0.218  C: 0.283  G: 0.251  T: 0.247
Gamma shape alpha: 4.952
Parameters optimization took 5 rounds (0.074 sec)
--------------------------------------------------------------------
|             INITIALIZING CANDIDATE TREE SET                      |
--------------------------------------------------------------------
Computing ML distances based on estimated model parameters... 0.004 sec
WARNING: Some pairwise ML distances are too long (saturated)
Computing BIONJ tree...
0.000 seconds
Log-likelihood of BIONJ tree: -5913.675
Generating 98 parsimony trees... 0.171 seconds 2 distinct starting trees
Computing log-likelihood of 2 initial trees ... 0.000 seconds
Optimizing top 2 initial trees with NNI...
Iteration 1 / LogL: -5908.097 / Time: 0h:0m:0s
Estimate model parameters (epsilon = 0.100)
BETTER TREE FOUND at iteration 1: -5904.953
Iteration 2 / LogL: -5906.191 / Time: 0h:0m:0s
Average CPU time for 1 NNI search: 0.030
Finish initializing candidate tree set. Number of distinct locally optimal trees: 2
Current best tree score: -5904.953 / CPU time: 0.228
--------------------------------------------------------------------
|               OPTIMIZING CANDIDATE TREE SET                      |
--------------------------------------------------------------------
Iteration 10 / LogL: -5916.887 / Time: 0h:0m:0s
Iteration 20 / LogL: -5926.165 / Time: 0h:0m:1s (0h:0m:4s left)
Iteration 30 / LogL: -5905.129 / Time: 0h:0m:1s (0h:0m:3s left)
Iteration 40 / LogL: -5905.073 / Time: 0h:0m:1s (0h:0m:2s left)
Iteration 50 / LogL: -5905.136 / Time: 0h:0m:2s (0h:0m:2s left)
Iteration 60 / LogL: -5910.593 / Time: 0h:0m:2s (0h:0m:1s left)
Iteration 70 / LogL: -5923.858 / Time: 0h:0m:2s (0h:0m:1s left)
Iteration 80 / LogL: -5919.137 / Time: 0h:0m:3s (0h:0m:0s left)
Iteration 90 / LogL: -5912.935 / Time: 0h:0m:3s (0h:0m:0s left)
Iteration 100 / LogL: -5905.422 / Time: 0h:0m:3s (0h:0m:0s left)
TREE SEARCH COMPLETED AFTER 101 ITERATIONS / Time: 0h:0m:4s

--------------------------------------------------------------------
|                    FINALIZING TREE SEARCH                        |
--------------------------------------------------------------------
Performs final model parameters optimization
Estimate model parameters (epsilon = 0.010)
1. Initial log-likelihood: -5904.953
Optimal log-likelihood: -5904.951
Rate parameters:  A-C: 1.016  A-G: 1.296  A-T: 1.099  C-G: 0.884  C-T: 1.351  G-T: 1.000
Base frequencies:   A: 0.218  C: 0.283  G: 0.251  T: 0.247
Gamma shape alpha: 5.186
Parameters optimization took 1 rounds (0.007 sec)
BEST SCORE FOUND : -5904.951

Testing tree branches by SH-like aLRT with 1000 replicates...
CPU Time used:  0.132 sec.
Total tree length: 9.598

Total number of iterations: 101
CPU time used for tree search: 3.932 sec (0h:0m:3s)
Wall-clock time used for tree search: 3.938 sec (0h:0m:3s)
Total CPU time used: 4.188 sec (0h:0m:4s)
Total wall-clock time used: 4.191 sec (0h:0m:4s)

Analysis results written to: 
  IQ-TREE report:                ../simulations/data_D10T10L20I10T10//S/515_pruned.fasta.iqtree
  Maximum-likelihood tree:       ../simulations/data_D10T10L20I10T10//S/515_pruned.fasta.treefile
  Likelihood distances:          ../simulations/data_D10T10L20I10T10//S/515_pruned.fasta.mldist
  Screen log file:               ../simulations/data_D10T10L20I10T10//S/515_pruned.fasta.log

Date and Time: Mon Jun  4 00:39:51 2018
