IQ-TREE version 1.4.2 for Linux 64-bit built Apr 15 2016
Copyright (c) 2011-2015 Nguyen Lam Tung, Olga Chernomor, Arndt von Haeseler and Bui Quang Minh.

Host:    meduse (AVX2, FMA3, 7 GB RAM)
Command: iqtree -s ../simulations/data_D8T8L15I8T8//S/518_pruned.fasta -m GTR+G -alrt 1000 -redo
Seed:    224423 (Using SPRNG - Scalable Parallel Random Number Generator)
Time:    Fri May 25 22:35:11 2018
Kernel:  AVX

NOTE: Consider using the multicore version because your CPU has 4 cores!

Reading alignment file ../simulations/data_D8T8L15I8T8//S/518_pruned.fasta ... Fasta format detected
Alignment most likely contains DNA/RNA sequences
Alignment has 24 sequences with 300 columns and 166 patterns (148 informative sites)
          Gap/Ambiguity  Composition  p-value
   1  n275_254    0.00%    passed     99.68%
   2  n300_279    0.00%    passed     98.58%
   3  n296_275    0.00%    passed     95.94%
   4  n280_259    0.00%    passed     96.75%
   5  n298_277    0.00%    passed     95.15%
   6  n297_276    0.00%    passed     97.69%
   7  n294_273    0.00%    passed     97.71%
   8  n200_189    0.00%    passed     84.31%
   9  n236_219    0.00%    passed     83.67%
  10  n286_265    0.00%    passed     31.87%
  11  n277_256    0.00%    passed     99.73%
  12  n290_269    0.00%    passed     98.26%
  13  n278_257    0.00%    passed     96.96%
  14  n287_266    0.00%    passed     96.25%
  15  n299_278    0.00%    passed     98.58%
  16  n251_234    0.00%    passed     59.00%
  17  n289_268    0.00%    passed     98.84%
  18  n274_253    0.00%    passed     97.51%
  19  n285_264    0.00%    passed     37.96%
  20  n292_271    0.00%    passed     99.41%
  21  n244_227    0.00%    passed     54.76%
  22  n295_274    0.00%    passed     95.94%
  23  n293_272    0.00%    passed     98.75%
  24  n255_238    0.00%    passed     77.84%
****  TOTAL       0.00%  0 sequences failed composition chi2 test (p-value<5%; df=3)
NOTE: 2 identical sequences (see below) will be ignored for subsequent analysis
NOTE: n299_278 (identical to n300_279) is ignored but added at the end
NOTE: n295_274 (identical to n296_275) is ignored but added at the end

Create initial parsimony tree by phylogenetic likelihood library (PLL)... 0.002 seconds

NOTE: 0 MB RAM is required!
Estimate model parameters (epsilon = 0.100)
1. Initial log-likelihood: -1912.999
2. Current log-likelihood: -1867.519
3. Current log-likelihood: -1866.915
Optimal log-likelihood: -1866.903
Rate parameters:  A-C: 1.285  A-G: 1.159  A-T: 1.284  C-G: 1.824  C-T: 1.215  G-T: 1.000
Base frequencies:   A: 0.259  C: 0.259  G: 0.192  T: 0.291
Gamma shape alpha: 7.346
Parameters optimization took 3 rounds (0.039 sec)
--------------------------------------------------------------------
|             INITIALIZING CANDIDATE TREE SET                      |
--------------------------------------------------------------------
Computing ML distances based on estimated model parameters... 0.004 sec
Computing BIONJ tree...
0.000 seconds
Log-likelihood of BIONJ tree: -1866.902
Generating 98 parsimony trees... 0.128 seconds 25 distinct starting trees
Computing log-likelihood of 25 initial trees ... 0.057 seconds
Optimizing top 20 initial trees with NNI...
Iteration 1 / LogL: -1866.902 / Time: 0h:0m:0s
Estimate model parameters (epsilon = 0.100)
BETTER SCORE FOUND at iteration 1: -1866.901
Iteration 2 / LogL: -1866.902 / Time: 0h:0m:0s
Iteration 3 / LogL: -1866.915 / Time: 0h:0m:0s
Iteration 4 / LogL: -1866.915 / Time: 0h:0m:0s
Iteration 5 / LogL: -1866.915 / Time: 0h:0m:0s
Iteration 6 / LogL: -1866.915 / Time: 0h:0m:0s
Iteration 7 / LogL: -1866.915 / Time: 0h:0m:0s
Iteration 8 / LogL: -1866.915 / Time: 0h:0m:0s
Iteration 9 / LogL: -1866.915 / Time: 0h:0m:0s
Iteration 10 / LogL: -1866.915 / Time: 0h:0m:0s
Iteration 11 / LogL: -1866.915 / Time: 0h:0m:0s
Iteration 12 / LogL: -1866.915 / Time: 0h:0m:0s
Iteration 13 / LogL: -1866.915 / Time: 0h:0m:0s
Iteration 14 / LogL: -1866.915 / Time: 0h:0m:0s
Iteration 15 / LogL: -1866.915 / Time: 0h:0m:0s
Iteration 16 / LogL: -1866.915 / Time: 0h:0m:0s
Iteration 17 / LogL: -1866.915 / Time: 0h:0m:0s
Iteration 18 / LogL: -1866.915 / Time: 0h:0m:0s
Iteration 19 / LogL: -1866.915 / Time: 0h:0m:0s
Iteration 20 / LogL: -1866.915 / Time: 0h:0m:0s
Average CPU time for 1 NNI search: 0.006
Finish initializing candidate tree set. Number of distinct locally optimal trees: 20
Current best tree score: -1866.901 / CPU time: 0.308
--------------------------------------------------------------------
|               OPTIMIZING CANDIDATE TREE SET                      |
--------------------------------------------------------------------
Iteration 30 / LogL: -2057.228 / Time: 0h:0m:0s (0h:0m:1s left)
Iteration 40 / LogL: -1867.075 / Time: 0h:0m:0s (0h:0m:0s left)
Iteration 50 / LogL: -1866.921 / Time: 0h:0m:0s (0h:0m:0s left)
Iteration 60 / LogL: -1870.340 / Time: 0h:0m:0s (0h:0m:0s left)
Iteration 70 / LogL: -1866.922 / Time: 0h:0m:1s (0h:0m:0s left)
Iteration 80 / LogL: -1866.901 / Time: 0h:0m:1s (0h:0m:0s left)
Iteration 90 / LogL: -1866.922 / Time: 0h:0m:1s (0h:0m:0s left)
Iteration 100 / LogL: -2491.874 / Time: 0h:0m:1s (0h:0m:0s left)
TREE SEARCH COMPLETED AFTER 101 ITERATIONS / Time: 0h:0m:1s

--------------------------------------------------------------------
|                    FINALIZING TREE SEARCH                        |
--------------------------------------------------------------------
Performs final model parameters optimization
Estimate model parameters (epsilon = 0.010)
1. Initial log-likelihood: -1866.901
Optimal log-likelihood: -1866.901
Rate parameters:  A-C: 1.290  A-G: 1.166  A-T: 1.290  C-G: 1.822  C-T: 1.219  G-T: 1.000
Base frequencies:   A: 0.259  C: 0.259  G: 0.192  T: 0.291
Gamma shape alpha: 7.353
Parameters optimization took 1 rounds (0.004 sec)
BEST SCORE FOUND : -1866.901

Testing tree branches by SH-like aLRT with 1000 replicates...
CPU Time used:  0.124 sec.
Total tree length: 1.097

Total number of iterations: 101
CPU time used for tree search: 1.480 sec (0h:0m:1s)
Wall-clock time used for tree search: 1.490 sec (0h:0m:1s)
Total CPU time used: 1.676 sec (0h:0m:1s)
Total wall-clock time used: 1.689 sec (0h:0m:1s)

Analysis results written to: 
  IQ-TREE report:                ../simulations/data_D8T8L15I8T8//S/518_pruned.fasta.iqtree
  Maximum-likelihood tree:       ../simulations/data_D8T8L15I8T8//S/518_pruned.fasta.treefile
  Likelihood distances:          ../simulations/data_D8T8L15I8T8//S/518_pruned.fasta.mldist
  Screen log file:               ../simulations/data_D8T8L15I8T8//S/518_pruned.fasta.log

Date and Time: Fri May 25 22:35:12 2018
