IQ-TREE version 1.4.2 for Linux 64-bit built Apr 15 2016
Copyright (c) 2011-2015 Nguyen Lam Tung, Olga Chernomor, Arndt von Haeseler and Bui Quang Minh.

Host:    meduse (AVX2, FMA3, 7 GB RAM)
Command: iqtree -s ../simulations/data_D10T10L20I10T10//S/519_pruned.fasta -m GTR+G -alrt 1000 -redo
Seed:    175082 (Using SPRNG - Scalable Parallel Random Number Generator)
Time:    Mon Jun  4 00:29:54 2018
Kernel:  AVX

NOTE: Consider using the multicore version because your CPU has 4 cores!

Reading alignment file ../simulations/data_D10T10L20I10T10//S/519_pruned.fasta ... Fasta format detected
Alignment most likely contains DNA/RNA sequences
Alignment has 26 sequences with 300 columns and 299 patterns (291 informative sites)
          Gap/Ambiguity  Composition  p-value
   1  n299_300    0.00%    passed     83.73%
   2  n290_291    0.00%    passed     83.77%
   3  n244_245    0.00%    passed     88.07%
   4  n300_301    0.00%    passed     96.56%
   5  n255_256    0.00%    passed     94.79%
   6  n277_278    0.00%    passed     87.29%
   7  n200_201    0.00%    passed     55.15%
   8  n236_237    0.00%    passed     87.24%
   9  n274_275    0.00%    passed     90.20%
  10  n275_276    0.00%    passed     91.74%
  11  n289_290    0.00%    passed     85.45%
  12  n296_297    0.00%    passed     67.69%
  13  n292_293    0.00%    passed     95.89%
  14  n278_279    0.00%    passed     52.94%
  15  n298_299    0.00%    passed     87.72%
  16  n297_298    0.00%    passed     86.64%
  17  n286_287    0.00%    passed     46.49%
  18  n285_286    0.00%    passed     77.83%
  19  n251_252    0.00%    passed     89.56%
  20  n294_295    0.00%    passed     99.72%
  21  n295_296    0.00%    passed     58.59%
  22  n287_288    0.00%    passed     82.48%
  23  n266_267    0.00%    passed     52.29%
  24  n265_266    0.00%    passed     25.30%
  25  n280_281    0.00%    passed     83.87%
  26  n293_294    0.00%    passed     96.81%
****  TOTAL       0.00%  0 sequences failed composition chi2 test (p-value<5%; df=3)

Create initial parsimony tree by phylogenetic likelihood library (PLL)... 0.001 seconds

NOTE: 1 MB RAM is required!
Estimate model parameters (epsilon = 0.100)
1. Initial log-likelihood: -5321.441
2. Current log-likelihood: -5236.672
3. Current log-likelihood: -5220.624
4. Current log-likelihood: -5218.049
5. Current log-likelihood: -5217.712
Optimal log-likelihood: -5217.670
Rate parameters:  A-C: 1.223  A-G: 1.211  A-T: 0.735  C-G: 0.829  C-T: 1.247  G-T: 1.000
Base frequencies:   A: 0.241  C: 0.258  G: 0.270  T: 0.231
Gamma shape alpha: 5.687
Parameters optimization took 5 rounds (0.072 sec)
--------------------------------------------------------------------
|             INITIALIZING CANDIDATE TREE SET                      |
--------------------------------------------------------------------
Computing ML distances based on estimated model parameters... 0.004 sec
Computing BIONJ tree...
0.001 seconds
Log-likelihood of BIONJ tree: -5218.284
Generating 98 parsimony trees... 0.132 seconds 5 distinct starting trees
Computing log-likelihood of 5 initial trees ... 0.008 seconds
Optimizing top 5 initial trees with NNI...
Iteration 1 / LogL: -5217.662 / Time: 0h:0m:0s
Estimate model parameters (epsilon = 0.100)
BETTER TREE FOUND at iteration 1: -5217.659
Iteration 2 / LogL: -5217.762 / Time: 0h:0m:0s
Iteration 3 / LogL: -5218.657 / Time: 0h:0m:0s
Iteration 4 / LogL: -5218.196 / Time: 0h:0m:0s
Iteration 5 / LogL: -5218.198 / Time: 0h:0m:0s
Average CPU time for 1 NNI search: 0.012
Finish initializing candidate tree set. Number of distinct locally optimal trees: 1
Current best tree score: -5217.659 / CPU time: 0.196
--------------------------------------------------------------------
|               OPTIMIZING CANDIDATE TREE SET                      |
--------------------------------------------------------------------
Iteration 10 / LogL: -5218.110 / Time: 0h:0m:0s
Iteration 20 / LogL: -5217.905 / Time: 0h:0m:0s (0h:0m:3s left)
Iteration 30 / LogL: -5217.685 / Time: 0h:0m:1s (0h:0m:3s left)
Iteration 40 / LogL: -5220.266 / Time: 0h:0m:1s (0h:0m:2s left)
Iteration 50 / LogL: -5217.762 / Time: 0h:0m:1s (0h:0m:2s left)
Iteration 60 / LogL: -5218.284 / Time: 0h:0m:2s (0h:0m:1s left)
Iteration 70 / LogL: -5217.728 / Time: 0h:0m:2s (0h:0m:1s left)
Iteration 80 / LogL: -5217.694 / Time: 0h:0m:3s (0h:0m:0s left)
Iteration 90 / LogL: -5218.209 / Time: 0h:0m:3s (0h:0m:0s left)
Iteration 100 / LogL: -5217.773 / Time: 0h:0m:3s (0h:0m:0s left)
TREE SEARCH COMPLETED AFTER 101 ITERATIONS / Time: 0h:0m:3s

--------------------------------------------------------------------
|                    FINALIZING TREE SEARCH                        |
--------------------------------------------------------------------
Performs final model parameters optimization
Estimate model parameters (epsilon = 0.010)
1. Initial log-likelihood: -5217.659
Optimal log-likelihood: -5217.658
Rate parameters:  A-C: 1.224  A-G: 1.211  A-T: 0.735  C-G: 0.829  C-T: 1.248  G-T: 1.000
Base frequencies:   A: 0.241  C: 0.258  G: 0.270  T: 0.231
Gamma shape alpha: 5.731
Parameters optimization took 1 rounds (0.007 sec)
BEST SCORE FOUND : -5217.658

Testing tree branches by SH-like aLRT with 1000 replicates...
CPU Time used:  0.116 sec.
Total tree length: 7.718

Total number of iterations: 101
CPU time used for tree search: 3.636 sec (0h:0m:3s)
Wall-clock time used for tree search: 3.642 sec (0h:0m:3s)
Total CPU time used: 3.856 sec (0h:0m:3s)
Total wall-clock time used: 3.861 sec (0h:0m:3s)

Analysis results written to: 
  IQ-TREE report:                ../simulations/data_D10T10L20I10T10//S/519_pruned.fasta.iqtree
  Maximum-likelihood tree:       ../simulations/data_D10T10L20I10T10//S/519_pruned.fasta.treefile
  Likelihood distances:          ../simulations/data_D10T10L20I10T10//S/519_pruned.fasta.mldist
  Screen log file:               ../simulations/data_D10T10L20I10T10//S/519_pruned.fasta.log

Date and Time: Mon Jun  4 00:29:58 2018
