IQ-TREE version 1.4.2 for Linux 64-bit built Apr 15 2016
Copyright (c) 2011-2015 Nguyen Lam Tung, Olga Chernomor, Arndt von Haeseler and Bui Quang Minh.

Host:    meduse (AVX2, FMA3, 7 GB RAM)
Command: iqtree -s ../simulations/data_D10T10L20I10T10//S/51_pruned.fasta -m GTR+G -alrt 1000 -redo
Seed:    973295 (Using SPRNG - Scalable Parallel Random Number Generator)
Time:    Mon Jun  4 01:07:14 2018
Kernel:  AVX

NOTE: Consider using the multicore version because your CPU has 4 cores!

Reading alignment file ../simulations/data_D10T10L20I10T10//S/51_pruned.fasta ... Fasta format detected
Alignment most likely contains DNA/RNA sequences
Alignment has 26 sequences with 300 columns and 300 patterns (296 informative sites)
          Gap/Ambiguity  Composition  p-value
   1  n299_300    0.00%    passed     42.24%
   2  n300_301    0.00%    passed     40.00%
   3  n290_291    0.00%    passed     37.42%
   4  n244_245    0.00%    passed     44.28%
   5  n255_256    0.00%    passed     47.37%
   6  n277_278    0.00%    passed     71.84%
   7  n200_201    0.00%    passed     86.85%
   8  n236_237    0.00%    passed     92.49%
   9  n274_275    0.00%    passed     85.60%
  10  n289_290    0.00%    passed     32.98%
  11  n296_297    0.00%    passed     74.00%
  12  n275_276    0.00%    passed     27.84%
  13  n292_293    0.00%    passed     30.13%
  14  n278_279    0.00%    passed     95.64%
  15  n298_299    0.00%    passed     59.10%
  16  n297_298    0.00%    passed     74.00%
  17  n286_287    0.00%    passed     52.73%
  18  n285_286    0.00%    passed     51.13%
  19  n287_288    0.00%    passed     17.25%
  20  n251_252    0.00%    passed     20.83%
  21  n294_295    0.00%    passed     73.44%
  22  n295_296    0.00%    passed     34.60%
  23  n266_267    0.00%    passed     48.09%
  24  n265_266    0.00%    passed     55.93%
  25  n280_281    0.00%    passed     64.02%
  26  n293_294    0.00%    passed     74.75%
****  TOTAL       0.00%  0 sequences failed composition chi2 test (p-value<5%; df=3)

Create initial parsimony tree by phylogenetic likelihood library (PLL)... 0.002 seconds

NOTE: 1 MB RAM is required!
Estimate model parameters (epsilon = 0.100)
1. Initial log-likelihood: -5395.860
2. Current log-likelihood: -5304.942
3. Current log-likelihood: -5281.288
4. Current log-likelihood: -5276.374
5. Current log-likelihood: -5275.220
6. Current log-likelihood: -5274.982
Optimal log-likelihood: -5274.932
Rate parameters:  A-C: 1.284  A-G: 1.349  A-T: 1.072  C-G: 1.127  C-T: 1.656  G-T: 1.000
Base frequencies:   A: 0.237  C: 0.251  G: 0.256  T: 0.255
Gamma shape alpha: 7.465
Parameters optimization took 6 rounds (0.075 sec)
--------------------------------------------------------------------
|             INITIALIZING CANDIDATE TREE SET                      |
--------------------------------------------------------------------
Computing ML distances based on estimated model parameters... 0.004 sec
Computing BIONJ tree...
0.000 seconds
Log-likelihood of BIONJ tree: -5278.077
Generating 98 parsimony trees... 0.129 seconds 4 distinct starting trees
Computing log-likelihood of 4 initial trees ... 0.006 seconds
Optimizing top 4 initial trees with NNI...
Iteration 1 / LogL: -5274.926 / Time: 0h:0m:0s
Estimate model parameters (epsilon = 0.100)
BETTER TREE FOUND at iteration 1: -5274.915
Iteration 2 / LogL: -5275.222 / Time: 0h:0m:0s
Iteration 3 / LogL: -5275.222 / Time: 0h:0m:0s
Iteration 4 / LogL: -5278.085 / Time: 0h:0m:0s
Average CPU time for 1 NNI search: 0.012
Finish initializing candidate tree set. Number of distinct locally optimal trees: 4
Current best tree score: -5274.915 / CPU time: 0.184
--------------------------------------------------------------------
|               OPTIMIZING CANDIDATE TREE SET                      |
--------------------------------------------------------------------
Iteration 10 / LogL: -5275.035 / Time: 0h:0m:0s
Estimate model parameters (epsilon = 0.010)
UPDATE BEST LOG-LIKELIHOOD: -5274.800
Iteration 20 / LogL: -5275.297 / Time: 0h:0m:0s (0h:0m:3s left)
Iteration 30 / LogL: -5293.627 / Time: 0h:0m:1s (0h:0m:3s left)
Iteration 40 / LogL: -5274.970 / Time: 0h:0m:1s (0h:0m:2s left)
Iteration 50 / LogL: -5274.830 / Time: 0h:0m:1s (0h:0m:1s left)
Iteration 60 / LogL: -5275.098 / Time: 0h:0m:2s (0h:0m:1s left)
Iteration 70 / LogL: -5275.215 / Time: 0h:0m:2s (0h:0m:1s left)
Iteration 80 / LogL: -5275.083 / Time: 0h:0m:2s (0h:0m:0s left)
Iteration 90 / LogL: -5274.941 / Time: 0h:0m:3s (0h:0m:0s left)
Iteration 100 / LogL: -5275.271 / Time: 0h:0m:3s (0h:0m:0s left)
TREE SEARCH COMPLETED AFTER 101 ITERATIONS / Time: 0h:0m:3s

--------------------------------------------------------------------
|                    FINALIZING TREE SEARCH                        |
--------------------------------------------------------------------
Performs final model parameters optimization
Estimate model parameters (epsilon = 0.010)
1. Initial log-likelihood: -5274.800
Optimal log-likelihood: -5274.798
Rate parameters:  A-C: 1.275  A-G: 1.339  A-T: 1.054  C-G: 1.143  C-T: 1.637  G-T: 1.000
Base frequencies:   A: 0.237  C: 0.251  G: 0.256  T: 0.255
Gamma shape alpha: 7.613
Parameters optimization took 1 rounds (0.008 sec)
BEST SCORE FOUND : -5274.798

Testing tree branches by SH-like aLRT with 1000 replicates...
CPU Time used:  0.124 sec.
Total tree length: 8.428

Total number of iterations: 101
CPU time used for tree search: 3.388 sec (0h:0m:3s)
Wall-clock time used for tree search: 3.390 sec (0h:0m:3s)
Total CPU time used: 3.624 sec (0h:0m:3s)
Total wall-clock time used: 3.626 sec (0h:0m:3s)

Analysis results written to: 
  IQ-TREE report:                ../simulations/data_D10T10L20I10T10//S/51_pruned.fasta.iqtree
  Maximum-likelihood tree:       ../simulations/data_D10T10L20I10T10//S/51_pruned.fasta.treefile
  Likelihood distances:          ../simulations/data_D10T10L20I10T10//S/51_pruned.fasta.mldist
  Screen log file:               ../simulations/data_D10T10L20I10T10//S/51_pruned.fasta.log

Date and Time: Mon Jun  4 01:07:18 2018
