IQ-TREE version 1.4.2 for Linux 64-bit built Apr 15 2016
Copyright (c) 2011-2015 Nguyen Lam Tung, Olga Chernomor, Arndt von Haeseler and Bui Quang Minh.

Host:    meduse (AVX2, FMA3, 7 GB RAM)
Command: iqtree -s ../simulations/data_D10T10L20I10T10//S/520_pruned.fasta -m GTR+G -alrt 1000 -redo
Seed:    917508 (Using SPRNG - Scalable Parallel Random Number Generator)
Time:    Mon Jun  4 00:16:56 2018
Kernel:  AVX

NOTE: Consider using the multicore version because your CPU has 4 cores!

Reading alignment file ../simulations/data_D10T10L20I10T10//S/520_pruned.fasta ... Fasta format detected
Alignment most likely contains DNA/RNA sequences
Alignment has 26 sequences with 300 columns and 299 patterns (297 informative sites)
          Gap/Ambiguity  Composition  p-value
   1  n274_273    0.00%    passed     59.17%
   2  n280_279    0.00%    passed     61.95%
   3  n293_292    0.00%    passed     55.02%
   4  n289_288    0.00%    passed     53.55%
   5  n287_286    0.00%    passed     61.84%
   6  n297_296    0.00%    passed     69.14%
   7  n277_276    0.00%    passed      8.04%
   8  n265_264    0.00%    passed     92.57%
   9  n200_199    0.00%    passed     97.28%
  10  n292_291    0.00%    passed     89.18%
  11  n299_298    0.00%    passed     85.77%
  12  n275_274    0.00%    passed     82.69%
  13  n266_265    0.00%    passed     90.65%
  14  n236_235    0.00%    passed     71.13%
  15  n290_289    0.00%    passed     46.68%
  16  n244_243    0.00%    failed      4.72%
  17  n251_250    0.00%    passed     87.16%
  18  n285_284    0.00%    passed     27.44%
  19  n286_285    0.00%    passed     55.59%
  20  n278_277    0.00%    failed      4.59%
  21  n255_254    0.00%    passed     52.91%
  22  n295_294    0.00%    passed     65.49%
  23  n296_295    0.00%    passed     61.13%
  24  n298_297    0.00%    passed     73.47%
  25  n294_293    0.00%    passed     72.42%
  26  n300_299    0.00%    passed     85.77%
****  TOTAL       0.00%  2 sequences failed composition chi2 test (p-value<5%; df=3)
NOTE: 1 identical sequences (see below) will be ignored for subsequent analysis
NOTE: n300_299 (identical to n299_298) is ignored but added at the end

Create initial parsimony tree by phylogenetic likelihood library (PLL)... 0.002 seconds

NOTE: 1 MB RAM is required!
Estimate model parameters (epsilon = 0.100)
1. Initial log-likelihood: -5271.629
2. Current log-likelihood: -5175.554
3. Current log-likelihood: -5163.005
4. Current log-likelihood: -5159.744
5. Current log-likelihood: -5158.833
6. Current log-likelihood: -5158.571
Optimal log-likelihood: -5158.459
Rate parameters:  A-C: 1.273  A-G: 1.413  A-T: 1.133  C-G: 1.180  C-T: 1.536  G-T: 1.000
Base frequencies:   A: 0.229  C: 0.250  G: 0.261  T: 0.261
Gamma shape alpha: 3.804
Parameters optimization took 6 rounds (0.079 sec)
--------------------------------------------------------------------
|             INITIALIZING CANDIDATE TREE SET                      |
--------------------------------------------------------------------
Computing ML distances based on estimated model parameters... 0.004 sec
WARNING: Some pairwise ML distances are too long (saturated)
Computing BIONJ tree...
0.000 seconds
Log-likelihood of BIONJ tree: -5176.358
Generating 98 parsimony trees... 0.163 seconds 3 distinct starting trees
Computing log-likelihood of 3 initial trees ... 0.003 seconds
Optimizing top 3 initial trees with NNI...
Iteration 1 / LogL: -5158.253 / Time: 0h:0m:0s
Estimate model parameters (epsilon = 0.100)
BETTER TREE FOUND at iteration 1: -5158.178
Iteration 2 / LogL: -5158.529 / Time: 0h:0m:0s
Iteration 3 / LogL: -5158.053 / Time: 0h:0m:0s
Estimate model parameters (epsilon = 0.100)
BETTER TREE FOUND at iteration 3: -5157.705
Average CPU time for 1 NNI search: 0.025
Finish initializing candidate tree set. Number of distinct locally optimal trees: 3
Current best tree score: -5157.705 / CPU time: 0.236
--------------------------------------------------------------------
|               OPTIMIZING CANDIDATE TREE SET                      |
--------------------------------------------------------------------
Iteration 10 / LogL: -5158.671 / Time: 0h:0m:0s
Iteration 20 / LogL: -5165.110 / Time: 0h:0m:0s (0h:0m:4s left)
Iteration 30 / LogL: -5158.977 / Time: 0h:0m:1s (0h:0m:3s left)
Iteration 40 / LogL: -5165.496 / Time: 0h:0m:1s (0h:0m:2s left)
Iteration 50 / LogL: -5159.700 / Time: 0h:0m:2s (0h:0m:2s left)
Estimate model parameters (epsilon = 0.010)
UPDATE BEST LOG-LIKELIHOOD: -5157.533
Iteration 60 / LogL: -5158.144 / Time: 0h:0m:2s (0h:0m:1s left)
Iteration 70 / LogL: -5157.622 / Time: 0h:0m:2s (0h:0m:1s left)
Iteration 80 / LogL: -5164.454 / Time: 0h:0m:3s (0h:0m:0s left)
Iteration 90 / LogL: -5164.869 / Time: 0h:0m:3s (0h:0m:0s left)
Iteration 100 / LogL: -5158.869 / Time: 0h:0m:3s (0h:0m:0s left)
TREE SEARCH COMPLETED AFTER 101 ITERATIONS / Time: 0h:0m:3s

--------------------------------------------------------------------
|                    FINALIZING TREE SEARCH                        |
--------------------------------------------------------------------
Performs final model parameters optimization
Estimate model parameters (epsilon = 0.010)
1. Initial log-likelihood: -5157.533
Optimal log-likelihood: -5157.521
Rate parameters:  A-C: 1.279  A-G: 1.457  A-T: 1.123  C-G: 1.219  C-T: 1.577  G-T: 1.000
Base frequencies:   A: 0.229  C: 0.250  G: 0.261  T: 0.261
Gamma shape alpha: 3.687
Parameters optimization took 1 rounds (0.006 sec)
BEST SCORE FOUND : -5157.521

Testing tree branches by SH-like aLRT with 1000 replicates...
CPU Time used:  0.112 sec.
Total tree length: 10.174

Total number of iterations: 101
CPU time used for tree search: 3.560 sec (0h:0m:3s)
Wall-clock time used for tree search: 3.573 sec (0h:0m:3s)
Total CPU time used: 3.788 sec (0h:0m:3s)
Total wall-clock time used: 3.800 sec (0h:0m:3s)

Analysis results written to: 
  IQ-TREE report:                ../simulations/data_D10T10L20I10T10//S/520_pruned.fasta.iqtree
  Maximum-likelihood tree:       ../simulations/data_D10T10L20I10T10//S/520_pruned.fasta.treefile
  Likelihood distances:          ../simulations/data_D10T10L20I10T10//S/520_pruned.fasta.mldist
  Screen log file:               ../simulations/data_D10T10L20I10T10//S/520_pruned.fasta.log

Date and Time: Mon Jun  4 00:17:00 2018
