IQ-TREE version 1.4.2 for Linux 64-bit built Apr 15 2016
Copyright (c) 2011-2015 Nguyen Lam Tung, Olga Chernomor, Arndt von Haeseler and Bui Quang Minh.

Host:    meduse (AVX2, FMA3, 7 GB RAM)
Command: iqtree -s ../simulations/data_D10T10L20I10T10//S/521_pruned.fasta -m GTR+G -alrt 1000 -redo
Seed:    90799 (Using SPRNG - Scalable Parallel Random Number Generator)
Time:    Mon Jun  4 00:20:30 2018
Kernel:  AVX

NOTE: Consider using the multicore version because your CPU has 4 cores!

Reading alignment file ../simulations/data_D10T10L20I10T10//S/521_pruned.fasta ... Fasta format detected
Alignment most likely contains DNA/RNA sequences
Alignment has 26 sequences with 300 columns and 299 patterns (290 informative sites)
          Gap/Ambiguity  Composition  p-value
   1  n295_298    0.00%    passed     68.73%
   2  n266_269    0.00%    passed     80.41%
   3  n255_258    0.00%    passed      8.40%
   4  n277_280    0.00%    passed     73.48%
   5  n299_302    0.00%    passed     73.83%
   6  n287_290    0.00%    passed     79.85%
   7  n274_277    0.00%    passed     74.21%
   8  n275_278    0.00%    passed     71.65%
   9  n278_281    0.00%    passed     57.03%
  10  n286_289    0.00%    passed     11.54%
  11  n289_292    0.00%    passed     95.72%
  12  n285_288    0.00%    passed     12.61%
  13  n236_239    0.00%    passed     88.76%
  14  n251_254    0.00%    passed     39.57%
  15  n296_299    0.00%    passed     92.10%
  16  n294_297    0.00%    passed     54.50%
  17  n293_296    0.00%    passed     57.29%
  18  n290_293    0.00%    passed     88.10%
  19  n280_283    0.00%    passed     72.93%
  20  n200_203    0.00%    passed     48.13%
  21  n297_300    0.00%    passed     84.67%
  22  n298_301    0.00%    passed     92.26%
  23  n292_295    0.00%    passed     72.93%
  24  n300_303    0.00%    passed     92.52%
  25  n244_247    0.00%    passed     81.19%
  26  n265_268    0.00%    passed     40.49%
****  TOTAL       0.00%  0 sequences failed composition chi2 test (p-value<5%; df=3)

Create initial parsimony tree by phylogenetic likelihood library (PLL)... 0.002 seconds

NOTE: 1 MB RAM is required!
Estimate model parameters (epsilon = 0.100)
1. Initial log-likelihood: -5382.998
2. Current log-likelihood: -5301.918
3. Current log-likelihood: -5289.915
4. Current log-likelihood: -5286.754
5. Current log-likelihood: -5285.839
6. Current log-likelihood: -5285.561
Optimal log-likelihood: -5285.460
Rate parameters:  A-C: 1.253  A-G: 1.108  A-T: 1.029  C-G: 0.852  C-T: 1.012  G-T: 1.000
Base frequencies:   A: 0.235  C: 0.267  G: 0.261  T: 0.238
Gamma shape alpha: 2.964
Parameters optimization took 6 rounds (0.080 sec)
--------------------------------------------------------------------
|             INITIALIZING CANDIDATE TREE SET                      |
--------------------------------------------------------------------
Computing ML distances based on estimated model parameters... 0.004 sec
WARNING: Some pairwise ML distances are too long (saturated)
Computing BIONJ tree...
0.000 seconds
Log-likelihood of BIONJ tree: -5295.859
Generating 98 parsimony trees... 0.159 seconds 4 distinct starting trees
Computing log-likelihood of 4 initial trees ... 0.006 seconds
Optimizing top 4 initial trees with NNI...
Iteration 1 / LogL: -5285.460 / Time: 0h:0m:0s
Estimate model parameters (epsilon = 0.100)
BETTER SCORE FOUND at iteration 1: -5285.394
Iteration 2 / LogL: -5286.120 / Time: 0h:0m:0s
Iteration 3 / LogL: -5286.123 / Time: 0h:0m:0s
Iteration 4 / LogL: -5285.810 / Time: 0h:0m:0s
Average CPU time for 1 NNI search: 0.011
Finish initializing candidate tree set. Number of distinct locally optimal trees: 4
Current best tree score: -5285.394 / CPU time: 0.208
--------------------------------------------------------------------
|               OPTIMIZING CANDIDATE TREE SET                      |
--------------------------------------------------------------------
Iteration 10 / LogL: -5286.176 / Time: 0h:0m:0s
Iteration 20 / LogL: -5286.230 / Time: 0h:0m:0s (0h:0m:3s left)
Iteration 30 / LogL: -5286.250 / Time: 0h:0m:1s (0h:0m:2s left)
Iteration 40 / LogL: -5285.963 / Time: 0h:0m:1s (0h:0m:2s left)
Estimate model parameters (epsilon = 0.010)
BETTER TREE FOUND at iteration 45: -5285.046
Iteration 50 / LogL: -5293.165 / Time: 0h:0m:1s (0h:0m:3s left)
Iteration 60 / LogL: -5285.280 / Time: 0h:0m:2s (0h:0m:3s left)
Iteration 70 / LogL: -5290.909 / Time: 0h:0m:2s (0h:0m:2s left)
Iteration 80 / LogL: -5304.802 / Time: 0h:0m:3s (0h:0m:2s left)
Iteration 90 / LogL: -5285.449 / Time: 0h:0m:3s (0h:0m:2s left)
Iteration 100 / LogL: -5286.633 / Time: 0h:0m:3s (0h:0m:1s left)
Iteration 110 / LogL: -5295.719 / Time: 0h:0m:4s (0h:0m:1s left)
Iteration 120 / LogL: -5285.654 / Time: 0h:0m:4s (0h:0m:0s left)
Iteration 130 / LogL: -5285.323 / Time: 0h:0m:5s (0h:0m:0s left)
Iteration 140 / LogL: -5292.067 / Time: 0h:0m:5s (0h:0m:0s left)
TREE SEARCH COMPLETED AFTER 145 ITERATIONS / Time: 0h:0m:5s

--------------------------------------------------------------------
|                    FINALIZING TREE SEARCH                        |
--------------------------------------------------------------------
Performs final model parameters optimization
Estimate model parameters (epsilon = 0.010)
1. Initial log-likelihood: -5285.046
Optimal log-likelihood: -5285.035
Rate parameters:  A-C: 1.269  A-G: 1.116  A-T: 1.014  C-G: 0.845  C-T: 1.018  G-T: 1.000
Base frequencies:   A: 0.235  C: 0.267  G: 0.261  T: 0.238
Gamma shape alpha: 2.881
Parameters optimization took 1 rounds (0.007 sec)
BEST SCORE FOUND : -5285.035

Testing tree branches by SH-like aLRT with 1000 replicates...
CPU Time used:  0.128 sec.
Total tree length: 11.200

Total number of iterations: 145
CPU time used for tree search: 5.400 sec (0h:0m:5s)
Wall-clock time used for tree search: 5.403 sec (0h:0m:5s)
Total CPU time used: 5.652 sec (0h:0m:5s)
Total wall-clock time used: 5.658 sec (0h:0m:5s)

Analysis results written to: 
  IQ-TREE report:                ../simulations/data_D10T10L20I10T10//S/521_pruned.fasta.iqtree
  Maximum-likelihood tree:       ../simulations/data_D10T10L20I10T10//S/521_pruned.fasta.treefile
  Likelihood distances:          ../simulations/data_D10T10L20I10T10//S/521_pruned.fasta.mldist
  Screen log file:               ../simulations/data_D10T10L20I10T10//S/521_pruned.fasta.log

Date and Time: Mon Jun  4 00:20:35 2018
