IQ-TREE version 1.4.2 for Linux 64-bit built Apr 15 2016
Copyright (c) 2011-2015 Nguyen Lam Tung, Olga Chernomor, Arndt von Haeseler and Bui Quang Minh.

Host:    meduse (AVX2, FMA3, 7 GB RAM)
Command: iqtree -s ../simulations/data_D10T10L20I10T10//S/523_pruned.fasta -m GTR+G -alrt 1000 -redo
Seed:    946240 (Using SPRNG - Scalable Parallel Random Number Generator)
Time:    Fri Jun  1 10:31:30 2018
Kernel:  AVX

NOTE: Consider using the multicore version because your CPU has 4 cores!

Reading alignment file ../simulations/data_D10T10L20I10T10//S/523_pruned.fasta ... Fasta format detected
Alignment most likely contains DNA/RNA sequences
Alignment has 26 sequences with 300 columns and 168 patterns (154 informative sites)
          Gap/Ambiguity  Composition  p-value
   1  n292_293    0.00%    passed     97.34%
   2  n287_288    0.00%    passed     90.85%
   3  n290_291    0.00%    passed     83.63%
   4  n294_295    0.00%    passed     88.98%
   5  n251_252    0.00%    passed     62.43%
   6  n286_287    0.00%    passed     82.54%
   7  n300_301    0.00%    passed     94.67%
   8  n275_276    0.00%    passed     94.02%
   9  n274_275    0.00%    passed     97.43%
  10  n289_290    0.00%    passed     84.97%
  11  n255_256    0.00%    passed     55.19%
  12  n236_237    0.00%    passed     83.42%
  13  n299_300    0.00%    passed     94.67%
  14  n278_279    0.00%    passed     99.52%
  15  n297_298    0.00%    passed     98.36%
  16  n298_299    0.00%    passed     96.59%
  17  n244_245    0.00%    passed     79.15%
  18  n293_294    0.00%    passed     91.03%
  19  n296_297    0.00%    passed     89.49%
  20  n295_296    0.00%    passed     89.49%
  21  n266_267    0.00%    passed     68.80%
  22  n200_201    0.00%    passed     42.93%
  23  n285_286    0.00%    passed     88.53%
  24  n277_278    0.00%    passed     99.72%
  25  n280_281    0.00%    passed     98.72%
  26  n265_266    0.00%    passed     64.04%
****  TOTAL       0.00%  0 sequences failed composition chi2 test (p-value<5%; df=3)
NOTE: 2 identical sequences (see below) will be ignored for subsequent analysis
NOTE: n299_300 (identical to n300_301) is ignored but added at the end
NOTE: n295_296 (identical to n296_297) is ignored but added at the end

Create initial parsimony tree by phylogenetic likelihood library (PLL)... 0.001 seconds

NOTE: 0 MB RAM is required!
Estimate model parameters (epsilon = 0.100)
1. Initial log-likelihood: -1965.697
2. Current log-likelihood: -1932.916
3. Current log-likelihood: -1932.446
Optimal log-likelihood: -1932.397
Rate parameters:  A-C: 1.082  A-G: 1.141  A-T: 0.892  C-G: 1.462  C-T: 1.071  G-T: 1.000
Base frequencies:   A: 0.239  C: 0.294  G: 0.258  T: 0.209
Gamma shape alpha: 5.280
Parameters optimization took 3 rounds (0.020 sec)
--------------------------------------------------------------------
|             INITIALIZING CANDIDATE TREE SET                      |
--------------------------------------------------------------------
Computing ML distances based on estimated model parameters... 0.000 sec
Computing BIONJ tree...
0.000 seconds
Log-likelihood of BIONJ tree: -1932.397
Generating 98 parsimony trees... 0.080 seconds 63 distinct starting trees
Computing log-likelihood of 63 initial trees ... 0.098 seconds
Optimizing top 20 initial trees with NNI...
Iteration 1 / LogL: -1932.397 / Time: 0h:0m:0s
Estimate model parameters (epsilon = 0.100)
BETTER SCORE FOUND at iteration 1: -1932.396
Iteration 2 / LogL: -1932.397 / Time: 0h:0m:0s
Iteration 3 / LogL: -1932.397 / Time: 0h:0m:0s
Iteration 4 / LogL: -1932.397 / Time: 0h:0m:0s
Iteration 5 / LogL: -1932.397 / Time: 0h:0m:0s
Iteration 6 / LogL: -1932.397 / Time: 0h:0m:0s
Iteration 7 / LogL: -1932.397 / Time: 0h:0m:0s
Iteration 8 / LogL: -1932.397 / Time: 0h:0m:0s
Iteration 9 / LogL: -1932.397 / Time: 0h:0m:0s
Iteration 10 / LogL: -1932.397 / Time: 0h:0m:0s
Iteration 11 / LogL: -1932.397 / Time: 0h:0m:0s
Iteration 12 / LogL: -1932.397 / Time: 0h:0m:0s
Iteration 13 / LogL: -1932.397 / Time: 0h:0m:0s
Iteration 14 / LogL: -1932.397 / Time: 0h:0m:0s
Iteration 15 / LogL: -1932.397 / Time: 0h:0m:0s
Iteration 16 / LogL: -1932.397 / Time: 0h:0m:0s
Iteration 17 / LogL: -1932.397 / Time: 0h:0m:0s
Iteration 18 / LogL: -1932.397 / Time: 0h:0m:0s
Iteration 19 / LogL: -1932.397 / Time: 0h:0m:0s
Iteration 20 / LogL: -1932.397 / Time: 0h:0m:0s
Average CPU time for 1 NNI search: 0.004
Finish initializing candidate tree set. Number of distinct locally optimal trees: 20
Current best tree score: -1932.396 / CPU time: 0.248
--------------------------------------------------------------------
|               OPTIMIZING CANDIDATE TREE SET                      |
--------------------------------------------------------------------
Iteration 30 / LogL: -1932.410 / Time: 0h:0m:0s (0h:0m:0s left)
Iteration 40 / LogL: -1932.397 / Time: 0h:0m:0s (0h:0m:0s left)
Iteration 50 / LogL: -1932.402 / Time: 0h:0m:0s (0h:0m:0s left)
Iteration 60 / LogL: -1955.555 / Time: 0h:0m:0s (0h:0m:0s left)
Iteration 70 / LogL: -1976.541 / Time: 0h:0m:0s (0h:0m:0s left)
Iteration 80 / LogL: -1932.409 / Time: 0h:0m:1s (0h:0m:0s left)
Iteration 90 / LogL: -2214.542 / Time: 0h:0m:1s (0h:0m:0s left)
Iteration 100 / LogL: -1932.397 / Time: 0h:0m:1s (0h:0m:0s left)
TREE SEARCH COMPLETED AFTER 101 ITERATIONS / Time: 0h:0m:1s

--------------------------------------------------------------------
|                    FINALIZING TREE SEARCH                        |
--------------------------------------------------------------------
Performs final model parameters optimization
Estimate model parameters (epsilon = 0.010)
1. Initial log-likelihood: -1932.395
Optimal log-likelihood: -1932.395
Rate parameters:  A-C: 1.079  A-G: 1.136  A-T: 0.888  C-G: 1.456  C-T: 1.068  G-T: 1.000
Base frequencies:   A: 0.239  C: 0.294  G: 0.258  T: 0.209
Gamma shape alpha: 5.275
Parameters optimization took 1 rounds (0.004 sec)
BEST SCORE FOUND : -1932.395

Testing tree branches by SH-like aLRT with 1000 replicates...
CPU Time used:  0.092 sec.
Total tree length: 1.093

Total number of iterations: 101
CPU time used for tree search: 1.200 sec (0h:0m:1s)
Wall-clock time used for tree search: 1.204 sec (0h:0m:1s)
Total CPU time used: 1.328 sec (0h:0m:1s)
Total wall-clock time used: 1.334 sec (0h:0m:1s)

Analysis results written to: 
  IQ-TREE report:                ../simulations/data_D10T10L20I10T10//S/523_pruned.fasta.iqtree
  Maximum-likelihood tree:       ../simulations/data_D10T10L20I10T10//S/523_pruned.fasta.treefile
  Likelihood distances:          ../simulations/data_D10T10L20I10T10//S/523_pruned.fasta.mldist
  Screen log file:               ../simulations/data_D10T10L20I10T10//S/523_pruned.fasta.log

Date and Time: Fri Jun  1 10:31:32 2018
