IQ-TREE version 1.4.2 for Linux 64-bit built Apr 15 2016
Copyright (c) 2011-2015 Nguyen Lam Tung, Olga Chernomor, Arndt von Haeseler and Bui Quang Minh.

Host:    meduse (AVX2, FMA3, 7 GB RAM)
Command: iqtree -s ../simulations/data_D8T8L15I8T8//S/529_pruned.fasta -m GTR+G -alrt 1000 -redo
Seed:    331466 (Using SPRNG - Scalable Parallel Random Number Generator)
Time:    Fri May 25 22:59:59 2018
Kernel:  AVX

NOTE: Consider using the multicore version because your CPU has 4 cores!

Reading alignment file ../simulations/data_D8T8L15I8T8//S/529_pruned.fasta ... Fasta format detected
Alignment most likely contains DNA/RNA sequences
Alignment has 26 sequences with 300 columns and 174 patterns (150 informative sites)
          Gap/Ambiguity  Composition  p-value
   1  n287_288    0.00%    passed     79.37%
   2  n290_291    0.00%    passed     67.15%
   3  n236_237    0.00%    passed     87.01%
   4  n278_279    0.00%    passed     30.08%
   5  n285_286    0.00%    passed     76.18%
   6  n265_266    0.00%    passed     95.97%
   7  n280_281    0.00%    passed     65.85%
   8  n299_300    0.00%    passed     63.29%
   9  n293_294    0.00%    passed     90.52%
  10  n274_275    0.00%    passed     73.95%
  11  n292_293    0.00%    passed     65.85%
  12  n296_297    0.00%    passed     79.75%
  13  n294_295    0.00%    passed     91.65%
  14  n275_276    0.00%    passed     91.58%
  15  n297_298    0.00%    passed     82.64%
  16  n289_290    0.00%    passed     67.15%
  17  n286_287    0.00%    passed     73.66%
  18  n255_256    0.00%    passed     72.66%
  19  n295_296    0.00%    passed     88.27%
  20  n266_267    0.00%    passed     93.39%
  21  n244_245    0.00%    passed     48.13%
  22  n298_299    0.00%    passed     82.64%
  23  n300_301    0.00%    passed     63.29%
  24  n200_201    0.00%    passed     48.17%
  25  n277_278    0.00%    passed     60.76%
  26  n251_252    0.00%    passed     55.58%
****  TOTAL       0.00%  0 sequences failed composition chi2 test (p-value<5%; df=3)
NOTE: 3 identical sequences (see below) will be ignored for subsequent analysis
NOTE: n289_290 (identical to n290_291) is ignored but added at the end
NOTE: n300_301 (identical to n299_300) is ignored but added at the end
NOTE: n298_299 (identical to n297_298) is ignored but added at the end

Create initial parsimony tree by phylogenetic likelihood library (PLL)... 0.001 seconds

NOTE: 0 MB RAM is required!
Estimate model parameters (epsilon = 0.100)
1. Initial log-likelihood: -2065.940
2. Current log-likelihood: -2039.072
3. Current log-likelihood: -2038.587
Optimal log-likelihood: -2038.573
Rate parameters:  A-C: 0.868  A-G: 0.874  A-T: 0.862  C-G: 0.785  C-T: 1.155  G-T: 1.000
Base frequencies:   A: 0.252  C: 0.274  G: 0.240  T: 0.234
Gamma shape alpha: 3.444
Parameters optimization took 3 rounds (0.034 sec)
--------------------------------------------------------------------
|             INITIALIZING CANDIDATE TREE SET                      |
--------------------------------------------------------------------
Computing ML distances based on estimated model parameters... 0.004 sec
Computing BIONJ tree...
0.001 seconds
Log-likelihood of BIONJ tree: -2038.570
Generating 98 parsimony trees... 0.118 seconds 3 distinct starting trees
Computing log-likelihood of 3 initial trees ... 0.003 seconds
Optimizing top 3 initial trees with NNI...
Iteration 1 / LogL: -2038.570 / Time: 0h:0m:0s
Estimate model parameters (epsilon = 0.100)
BETTER SCORE FOUND at iteration 1: -2038.563
Iteration 2 / LogL: -2038.570 / Time: 0h:0m:0s
Iteration 3 / LogL: -2038.582 / Time: 0h:0m:0s
Average CPU time for 1 NNI search: 0.007
Finish initializing candidate tree set. Number of distinct locally optimal trees: 3
Current best tree score: -2038.563 / CPU time: 0.140
--------------------------------------------------------------------
|               OPTIMIZING CANDIDATE TREE SET                      |
--------------------------------------------------------------------
Iteration 10 / LogL: -2038.565 / Time: 0h:0m:0s
Iteration 20 / LogL: -2038.561 / Time: 0h:0m:0s (0h:0m:2s left)
Iteration 30 / LogL: -2038.590 / Time: 0h:0m:0s (0h:0m:1s left)
Iteration 40 / LogL: -2038.566 / Time: 0h:0m:0s (0h:0m:1s left)
Iteration 50 / LogL: -2041.237 / Time: 0h:0m:1s (0h:0m:1s left)
Iteration 60 / LogL: -2038.575 / Time: 0h:0m:1s (0h:0m:0s left)
Iteration 70 / LogL: -2038.561 / Time: 0h:0m:1s (0h:0m:0s left)
Iteration 80 / LogL: -2041.194 / Time: 0h:0m:1s (0h:0m:0s left)
Iteration 90 / LogL: -2041.193 / Time: 0h:0m:1s (0h:0m:0s left)
Iteration 100 / LogL: -2041.193 / Time: 0h:0m:2s (0h:0m:0s left)
TREE SEARCH COMPLETED AFTER 101 ITERATIONS / Time: 0h:0m:2s

--------------------------------------------------------------------
|                    FINALIZING TREE SEARCH                        |
--------------------------------------------------------------------
Performs final model parameters optimization
Estimate model parameters (epsilon = 0.010)
1. Initial log-likelihood: -2038.560
Optimal log-likelihood: -2038.557
Rate parameters:  A-C: 0.879  A-G: 0.895  A-T: 0.857  C-G: 0.796  C-T: 1.167  G-T: 1.000
Base frequencies:   A: 0.252  C: 0.274  G: 0.240  T: 0.234
Gamma shape alpha: 3.437
Parameters optimization took 1 rounds (0.005 sec)
BEST SCORE FOUND : -2038.557

Testing tree branches by SH-like aLRT with 1000 replicates...
CPU Time used:  0.140 sec.
Total tree length: 1.248

Total number of iterations: 101
CPU time used for tree search: 2.088 sec (0h:0m:2s)
Wall-clock time used for tree search: 2.117 sec (0h:0m:2s)
Total CPU time used: 2.284 sec (0h:0m:2s)
Total wall-clock time used: 2.318 sec (0h:0m:2s)

Analysis results written to: 
  IQ-TREE report:                ../simulations/data_D8T8L15I8T8//S/529_pruned.fasta.iqtree
  Maximum-likelihood tree:       ../simulations/data_D8T8L15I8T8//S/529_pruned.fasta.treefile
  Likelihood distances:          ../simulations/data_D8T8L15I8T8//S/529_pruned.fasta.mldist
  Screen log file:               ../simulations/data_D8T8L15I8T8//S/529_pruned.fasta.log

Date and Time: Fri May 25 23:00:01 2018
