IQ-TREE version 1.4.2 for Linux 64-bit built Apr 15 2016
Copyright (c) 2011-2015 Nguyen Lam Tung, Olga Chernomor, Arndt von Haeseler and Bui Quang Minh.

Host:    meduse (AVX2, FMA3, 7 GB RAM)
Command: iqtree -s ../simulations/data_D10T10L20I10T10//S/531_pruned.fasta -m GTR+G -alrt 1000 -redo
Seed:    260959 (Using SPRNG - Scalable Parallel Random Number Generator)
Time:    Fri Jun  1 10:32:42 2018
Kernel:  AVX

NOTE: Consider using the multicore version because your CPU has 4 cores!

Reading alignment file ../simulations/data_D10T10L20I10T10//S/531_pruned.fasta ... Fasta format detected
Alignment most likely contains DNA/RNA sequences
Alignment has 3 sequences with 300 columns and 26 patterns (0 informative sites)
          Gap/Ambiguity  Composition  p-value
   1  n244_105    0.00%    passed     99.29%
   2  n251_106    0.00%    passed     99.32%
   3  n255_108    0.00%    passed     98.33%
****  TOTAL       0.00%  0 sequences failed composition chi2 test (p-value<5%; df=3)

Create initial parsimony tree by phylogenetic likelihood library (PLL)... 0.000 seconds

NOTE: 0 MB RAM is required!
Estimate model parameters (epsilon = 0.100)
1. Initial log-likelihood: -1054.875
2. Current log-likelihood: -762.781
3. Current log-likelihood: -757.144
4. Current log-likelihood: -756.220
5. Current log-likelihood: -755.720
Optimal log-likelihood: -755.682
Rate parameters:  A-C: 1.132  A-G: 0.981  A-T: 1.325  C-G: 1.741  C-T: 0.709  G-T: 1.000
Base frequencies:   A: 0.223  C: 0.236  G: 0.287  T: 0.254
Gamma shape alpha: 998.096
Parameters optimization took 5 rounds (0.001 sec)
--------------------------------------------------------------------
|             INITIALIZING CANDIDATE TREE SET                      |
--------------------------------------------------------------------
Computing ML distances based on estimated model parameters... 0.000 sec
Computing BIONJ tree...
0.000 seconds
Log-likelihood of BIONJ tree: -755.682
Generating 99 parsimony trees... 0.002 seconds 1 distinct starting trees
Computing log-likelihood of 1 initial trees ... 0.000 seconds
Optimizing top 1 initial trees with NNI...
Iteration 1 / LogL: -755.682 / Time: 0h:0m:0s
Estimate model parameters (epsilon = 0.100)
BETTER SCORE FOUND at iteration 1: -755.671
Average CPU time for 1 NNI search: 0.000
Finish initializing candidate tree set. Number of distinct locally optimal trees: 1
Current best tree score: -755.671 / CPU time: 0.000
--------------------------------------------------------------------
|               OPTIMIZING CANDIDATE TREE SET                      |
--------------------------------------------------------------------
Iteration 10 / LogL: -755.671 / Time: 0h:0m:0s
Iteration 20 / LogL: -755.671 / Time: 0h:0m:0s (0h:0m:0s left)
Iteration 30 / LogL: -755.671 / Time: 0h:0m:0s (0h:0m:0s left)
Iteration 40 / LogL: -755.671 / Time: 0h:0m:0s (0h:0m:0s left)
Iteration 50 / LogL: -755.671 / Time: 0h:0m:0s (0h:0m:0s left)
Iteration 60 / LogL: -755.671 / Time: 0h:0m:0s (0h:0m:0s left)
Iteration 70 / LogL: -755.671 / Time: 0h:0m:0s (0h:0m:0s left)
Iteration 80 / LogL: -755.671 / Time: 0h:0m:0s (0h:0m:0s left)
Iteration 90 / LogL: -755.671 / Time: 0h:0m:0s (0h:0m:0s left)
Iteration 100 / LogL: -755.671 / Time: 0h:0m:0s (0h:0m:0s left)
TREE SEARCH COMPLETED AFTER 101 ITERATIONS / Time: 0h:0m:0s

--------------------------------------------------------------------
|                    FINALIZING TREE SEARCH                        |
--------------------------------------------------------------------
Performs final model parameters optimization
Estimate model parameters (epsilon = 0.010)
1. Initial log-likelihood: -755.671
Optimal log-likelihood: -755.666
Rate parameters:  A-C: 1.105  A-G: 0.994  A-T: 1.286  C-G: 1.698  C-T: 0.698  G-T: 1.000
Base frequencies:   A: 0.223  C: 0.236  G: 0.287  T: 0.254
Gamma shape alpha: 998.096
Parameters optimization took 1 rounds (0.000 sec)
BEST SCORE FOUND : -755.666

Testing tree branches by SH-like aLRT with 1000 replicates...
CPU Time used:  0.000 sec.
Total tree length: 0.388

Total number of iterations: 101
CPU time used for tree search: 0.004 sec (0h:0m:0s)
Wall-clock time used for tree search: 0.008 sec (0h:0m:0s)
Total CPU time used: 0.012 sec (0h:0m:0s)
Total wall-clock time used: 0.016 sec (0h:0m:0s)

Analysis results written to: 
  IQ-TREE report:                ../simulations/data_D10T10L20I10T10//S/531_pruned.fasta.iqtree
  Maximum-likelihood tree:       ../simulations/data_D10T10L20I10T10//S/531_pruned.fasta.treefile
  Likelihood distances:          ../simulations/data_D10T10L20I10T10//S/531_pruned.fasta.mldist
  Screen log file:               ../simulations/data_D10T10L20I10T10//S/531_pruned.fasta.log

Date and Time: Fri Jun  1 10:32:42 2018
