IQ-TREE version 1.4.2 for Linux 64-bit built Apr 15 2016
Copyright (c) 2011-2015 Nguyen Lam Tung, Olga Chernomor, Arndt von Haeseler and Bui Quang Minh.

Host:    meduse (AVX2, FMA3, 7 GB RAM)
Command: iqtree -s ../simulations/data_D8T8L15I8T8//S/537_pruned.fasta -m GTR+G -alrt 1000 -redo
Seed:    2069 (Using SPRNG - Scalable Parallel Random Number Generator)
Time:    Fri May 25 22:54:15 2018
Kernel:  AVX

NOTE: Consider using the multicore version because your CPU has 4 cores!

Reading alignment file ../simulations/data_D8T8L15I8T8//S/537_pruned.fasta ... Fasta format detected
Alignment most likely contains DNA/RNA sequences
Alignment has 26 sequences with 300 columns and 169 patterns (165 informative sites)
          Gap/Ambiguity  Composition  p-value
   1  n255_258    0.00%    passed     33.44%
   2  n278_281    0.00%    passed     93.22%
   3  n289_292    0.00%    passed     94.50%
   4  n294_297    0.00%    passed     92.63%
   5  n300_303    0.00%    passed     62.15%
   6  n298_301    0.00%    passed     88.21%
   7  n280_283    0.00%    passed     62.15%
   8  n290_293    0.00%    passed     98.28%
   9  n266_269    0.00%    passed     70.21%
  10  n297_300    0.00%    passed     88.21%
  11  n277_280    0.00%    passed     88.26%
  12  n286_289    0.00%    passed     57.85%
  13  n265_268    0.00%    passed     72.16%
  14  n296_299    0.00%    passed     96.75%
  15  n236_239    0.00%    passed     92.09%
  16  n287_290    0.00%    passed     98.99%
  17  n292_295    0.00%    passed     62.15%
  18  n251_254    0.00%    passed     24.33%
  19  n274_277    0.00%    passed     53.32%
  20  n293_296    0.00%    passed     87.72%
  21  n295_298    0.00%    passed     97.76%
  22  n275_278    0.00%    passed     88.80%
  23  n299_302    0.00%    passed     62.15%
  24  n285_288    0.00%    passed     59.14%
  25  n244_247    0.00%    passed     79.45%
  26  n200_203    0.00%    passed     76.49%
****  TOTAL       0.00%  0 sequences failed composition chi2 test (p-value<5%; df=3)
NOTE: 3 identical sequences (see below) will be ignored for subsequent analysis
NOTE: n292_295 (identical to n300_303) is ignored but added at the end
NOTE: n299_302 (identical to n300_303) is ignored but added at the end
NOTE: n297_300 (identical to n298_301) is ignored but added at the end

Create initial parsimony tree by phylogenetic likelihood library (PLL)... 0.001 seconds

NOTE: 0 MB RAM is required!
Estimate model parameters (epsilon = 0.100)
1. Initial log-likelihood: -1986.822
2. Current log-likelihood: -1953.503
3. Current log-likelihood: -1952.959
Optimal log-likelihood: -1952.943
Rate parameters:  A-C: 0.881  A-G: 1.112  A-T: 0.889  C-G: 0.985  C-T: 0.833  G-T: 1.000
Base frequencies:   A: 0.234  C: 0.274  G: 0.201  T: 0.291
Gamma shape alpha: 6.809
Parameters optimization took 3 rounds (0.049 sec)
--------------------------------------------------------------------
|             INITIALIZING CANDIDATE TREE SET                      |
--------------------------------------------------------------------
Computing ML distances based on estimated model parameters... 0.004 sec
Computing BIONJ tree...
0.001 seconds
Log-likelihood of BIONJ tree: -1952.943
Generating 98 parsimony trees... 0.157 seconds 25 distinct starting trees
Computing log-likelihood of 25 initial trees ... 0.066 seconds
Optimizing top 20 initial trees with NNI...
Iteration 1 / LogL: -1952.943 / Time: 0h:0m:0s
Estimate model parameters (epsilon = 0.100)
BETTER SCORE FOUND at iteration 1: -1952.934
Iteration 2 / LogL: -1952.935 / Time: 0h:0m:0s
Iteration 3 / LogL: -1952.936 / Time: 0h:0m:0s
Iteration 4 / LogL: -1952.936 / Time: 0h:0m:0s
Iteration 5 / LogL: -1952.936 / Time: 0h:0m:0s
Iteration 6 / LogL: -1952.936 / Time: 0h:0m:0s
Iteration 7 / LogL: -1952.936 / Time: 0h:0m:0s
Iteration 8 / LogL: -1952.936 / Time: 0h:0m:0s
Iteration 9 / LogL: -1952.936 / Time: 0h:0m:0s
Iteration 10 / LogL: -1952.936 / Time: 0h:0m:0s
Iteration 11 / LogL: -1952.936 / Time: 0h:0m:0s
Iteration 12 / LogL: -1952.936 / Time: 0h:0m:0s
Iteration 13 / LogL: -1952.936 / Time: 0h:0m:0s
Iteration 14 / LogL: -1952.936 / Time: 0h:0m:0s
Iteration 15 / LogL: -1952.936 / Time: 0h:0m:0s
Iteration 16 / LogL: -1952.936 / Time: 0h:0m:0s
Iteration 17 / LogL: -1952.936 / Time: 0h:0m:0s
Iteration 18 / LogL: -1952.936 / Time: 0h:0m:0s
Iteration 19 / LogL: -1952.936 / Time: 0h:0m:0s
Iteration 20 / LogL: -1952.936 / Time: 0h:0m:0s
Average CPU time for 1 NNI search: 0.008
Finish initializing candidate tree set. Number of distinct locally optimal trees: 20
Current best tree score: -1952.934 / CPU time: 0.376
--------------------------------------------------------------------
|               OPTIMIZING CANDIDATE TREE SET                      |
--------------------------------------------------------------------
Iteration 30 / LogL: -1952.934 / Time: 0h:0m:0s (0h:0m:1s left)
Iteration 40 / LogL: -1952.935 / Time: 0h:0m:0s (0h:0m:1s left)
Iteration 50 / LogL: -1965.978 / Time: 0h:0m:0s (0h:0m:1s left)
Iteration 60 / LogL: -1952.934 / Time: 0h:0m:1s (0h:0m:0s left)
Iteration 70 / LogL: -1952.937 / Time: 0h:0m:1s (0h:0m:0s left)
Iteration 80 / LogL: -1952.942 / Time: 0h:0m:1s (0h:0m:0s left)
Iteration 90 / LogL: -1953.003 / Time: 0h:0m:1s (0h:0m:0s left)
Iteration 100 / LogL: -1952.934 / Time: 0h:0m:1s (0h:0m:0s left)
TREE SEARCH COMPLETED AFTER 101 ITERATIONS / Time: 0h:0m:1s

--------------------------------------------------------------------
|                    FINALIZING TREE SEARCH                        |
--------------------------------------------------------------------
Performs final model parameters optimization
Estimate model parameters (epsilon = 0.010)
1. Initial log-likelihood: -1952.934
Optimal log-likelihood: -1952.930
Rate parameters:  A-C: 0.866  A-G: 1.099  A-T: 0.878  C-G: 0.977  C-T: 0.826  G-T: 1.000
Base frequencies:   A: 0.234  C: 0.274  G: 0.201  T: 0.291
Gamma shape alpha: 6.815
Parameters optimization took 1 rounds (0.006 sec)
BEST SCORE FOUND : -1952.930

Testing tree branches by SH-like aLRT with 1000 replicates...
CPU Time used:  0.128 sec.
Total tree length: 1.135

Total number of iterations: 101
CPU time used for tree search: 1.880 sec (0h:0m:1s)
Wall-clock time used for tree search: 1.887 sec (0h:0m:1s)
Total CPU time used: 2.092 sec (0h:0m:2s)
Total wall-clock time used: 2.096 sec (0h:0m:2s)

Analysis results written to: 
  IQ-TREE report:                ../simulations/data_D8T8L15I8T8//S/537_pruned.fasta.iqtree
  Maximum-likelihood tree:       ../simulations/data_D8T8L15I8T8//S/537_pruned.fasta.treefile
  Likelihood distances:          ../simulations/data_D8T8L15I8T8//S/537_pruned.fasta.mldist
  Screen log file:               ../simulations/data_D8T8L15I8T8//S/537_pruned.fasta.log

Date and Time: Fri May 25 22:54:18 2018
