IQ-TREE version 1.4.2 for Linux 64-bit built Apr 15 2016
Copyright (c) 2011-2015 Nguyen Lam Tung, Olga Chernomor, Arndt von Haeseler and Bui Quang Minh.

Host:    meduse (AVX2, FMA3, 7 GB RAM)
Command: iqtree -s ../simulations/data_D8T8L15I8T8//S/53_pruned.fasta -m GTR+G -alrt 1000 -redo
Seed:    883248 (Using SPRNG - Scalable Parallel Random Number Generator)
Time:    Fri May 25 23:05:23 2018
Kernel:  AVX

NOTE: Consider using the multicore version because your CPU has 4 cores!

Reading alignment file ../simulations/data_D8T8L15I8T8//S/53_pruned.fasta ... Fasta format detected
Alignment most likely contains DNA/RNA sequences
Alignment has 19 sequences with 300 columns and 145 patterns (129 informative sites)
          Gap/Ambiguity  Composition  p-value
   1  n200_201    0.00%    passed     99.67%
   2  n296_271    0.00%    passed     99.91%
   3  n266_253    0.00%    passed     96.79%
   4  n265_252    0.00%    passed     84.51%
   5  n295_270    0.00%    passed     99.33%
   6  n293_268    0.00%    passed     96.88%
   7  n285_262    0.00%    passed     75.15%
   8  n289_266    0.00%    passed     99.27%
   9  n251_244    0.00%    passed     90.07%
  10  n294_269    0.00%    passed     99.15%
  11  n287_264    0.00%    passed     99.27%
  12  n244_237    0.00%    passed     58.85%
  13  n236_229    0.00%    passed     99.15%
  14  n255_246    0.00%    passed     93.75%
  15  n297_272    0.00%    passed     99.15%
  16  n298_273    0.00%    passed     99.58%
  17  n275_258    0.00%    passed     96.75%
  18  n290_267    0.00%    passed     99.78%
  19  n286_263    0.00%    passed     86.96%
****  TOTAL       0.00%  0 sequences failed composition chi2 test (p-value<5%; df=3)
NOTE: 1 identical sequences (see below) will be ignored for subsequent analysis
NOTE: n287_264 (identical to n289_266) is ignored but added at the end

Create initial parsimony tree by phylogenetic likelihood library (PLL)... 0.001 seconds

NOTE: 0 MB RAM is required!
Estimate model parameters (epsilon = 0.100)
1. Initial log-likelihood: -1732.441
2. Current log-likelihood: -1702.454
3. Current log-likelihood: -1702.231
Optimal log-likelihood: -1702.224
Rate parameters:  A-C: 1.321  A-G: 1.177  A-T: 0.673  C-G: 0.846  C-T: 1.176  G-T: 1.000
Base frequencies:   A: 0.217  C: 0.273  G: 0.275  T: 0.235
Gamma shape alpha: 3.591
Parameters optimization took 3 rounds (0.033 sec)
--------------------------------------------------------------------
|             INITIALIZING CANDIDATE TREE SET                      |
--------------------------------------------------------------------
Computing ML distances based on estimated model parameters... 0.000 sec
Computing BIONJ tree...
0.000 seconds
Log-likelihood of BIONJ tree: -1702.224
Generating 99 parsimony trees... 0.072 seconds 3 distinct starting trees
Computing log-likelihood of 3 initial trees ... 0.004 seconds
Optimizing top 3 initial trees with NNI...
Iteration 1 / LogL: -1702.224 / Time: 0h:0m:0s
Estimate model parameters (epsilon = 0.100)
BETTER SCORE FOUND at iteration 1: -1702.217
Iteration 2 / LogL: -1702.227 / Time: 0h:0m:0s
Iteration 3 / LogL: -1702.227 / Time: 0h:0m:0s
Average CPU time for 1 NNI search: 0.004
Finish initializing candidate tree set. Number of distinct locally optimal trees: 3
Current best tree score: -1702.217 / CPU time: 0.088
--------------------------------------------------------------------
|               OPTIMIZING CANDIDATE TREE SET                      |
--------------------------------------------------------------------
Iteration 10 / LogL: -1702.217 / Time: 0h:0m:0s
Iteration 20 / LogL: -1702.237 / Time: 0h:0m:0s (0h:0m:1s left)
Iteration 30 / LogL: -1702.219 / Time: 0h:0m:0s (0h:0m:1s left)
Iteration 40 / LogL: -1702.217 / Time: 0h:0m:0s (0h:0m:1s left)
Iteration 50 / LogL: -1702.219 / Time: 0h:0m:0s (0h:0m:0s left)
Iteration 60 / LogL: -1702.222 / Time: 0h:0m:1s (0h:0m:0s left)
Iteration 70 / LogL: -1702.279 / Time: 0h:0m:1s (0h:0m:0s left)
Iteration 80 / LogL: -1792.067 / Time: 0h:0m:1s (0h:0m:0s left)
Iteration 90 / LogL: -1702.216 / Time: 0h:0m:1s (0h:0m:0s left)
Iteration 100 / LogL: -1724.699 / Time: 0h:0m:1s (0h:0m:0s left)
TREE SEARCH COMPLETED AFTER 101 ITERATIONS / Time: 0h:0m:1s

--------------------------------------------------------------------
|                    FINALIZING TREE SEARCH                        |
--------------------------------------------------------------------
Performs final model parameters optimization
Estimate model parameters (epsilon = 0.010)
1. Initial log-likelihood: -1702.216
Optimal log-likelihood: -1702.215
Rate parameters:  A-C: 1.307  A-G: 1.158  A-T: 0.679  C-G: 0.847  C-T: 1.161  G-T: 1.000
Base frequencies:   A: 0.217  C: 0.273  G: 0.275  T: 0.235
Gamma shape alpha: 3.603
Parameters optimization took 1 rounds (0.005 sec)
BEST SCORE FOUND : -1702.215

Testing tree branches by SH-like aLRT with 1000 replicates...
CPU Time used:  0.124 sec.
Total tree length: 1.002

Total number of iterations: 101
CPU time used for tree search: 1.624 sec (0h:0m:1s)
Wall-clock time used for tree search: 1.641 sec (0h:0m:1s)
Total CPU time used: 1.804 sec (0h:0m:1s)
Total wall-clock time used: 1.824 sec (0h:0m:1s)

Analysis results written to: 
  IQ-TREE report:                ../simulations/data_D8T8L15I8T8//S/53_pruned.fasta.iqtree
  Maximum-likelihood tree:       ../simulations/data_D8T8L15I8T8//S/53_pruned.fasta.treefile
  Likelihood distances:          ../simulations/data_D8T8L15I8T8//S/53_pruned.fasta.mldist
  Screen log file:               ../simulations/data_D8T8L15I8T8//S/53_pruned.fasta.log

Date and Time: Fri May 25 23:05:25 2018
