IQ-TREE version 1.4.2 for Linux 64-bit built Apr 15 2016
Copyright (c) 2011-2015 Nguyen Lam Tung, Olga Chernomor, Arndt von Haeseler and Bui Quang Minh.

Host:    meduse (AVX2, FMA3, 7 GB RAM)
Command: iqtree -s ../simulations/data_D8T8L15I8T8//S/553_pruned.fasta -m GTR+G -alrt 1000 -redo
Seed:    286862 (Using SPRNG - Scalable Parallel Random Number Generator)
Time:    Fri May 25 23:00:12 2018
Kernel:  AVX

NOTE: Consider using the multicore version because your CPU has 4 cores!

Reading alignment file ../simulations/data_D8T8L15I8T8//S/553_pruned.fasta ... Fasta format detected
Alignment most likely contains DNA/RNA sequences
Alignment has 26 sequences with 300 columns and 172 patterns (156 informative sites)
          Gap/Ambiguity  Composition  p-value
   1  n290_287    0.00%    passed     68.69%
   2  n277_274    0.00%    passed     98.70%
   3  n289_286    0.00%    passed     67.05%
   4  n274_271    0.00%    passed     95.55%
   5  n297_294    0.00%    passed     84.27%
   6  n236_233    0.00%    passed     85.86%
   7  n294_291    0.00%    passed     79.97%
   8  n300_297    0.00%    passed     99.05%
   9  n286_283    0.00%    passed     77.22%
  10  n287_284    0.00%    passed     67.05%
  11  n296_293    0.00%    passed     77.43%
  12  n295_292    0.00%    passed     70.47%
  13  n275_272    0.00%    passed     85.03%
  14  n244_241    0.00%    passed     69.98%
  15  n298_295    0.00%    passed     84.27%
  16  n255_252    0.00%    failed      2.25%
  17  n200_197    0.00%    passed     55.52%
  18  n280_277    0.00%    passed     99.03%
  19  n251_248    0.00%    passed      6.84%
  20  n285_282    0.00%    passed     83.76%
  21  n278_275    0.00%    passed     96.92%
  22  n299_296    0.00%    passed     98.36%
  23  n266_263    0.00%    passed     61.82%
  24  n293_290    0.00%    passed     83.18%
  25  n265_262    0.00%    passed     56.84%
  26  n292_289    0.00%    passed     99.53%
****  TOTAL       0.00%  1 sequences failed composition chi2 test (p-value<5%; df=3)

Create initial parsimony tree by phylogenetic likelihood library (PLL)... 0.002 seconds

NOTE: 0 MB RAM is required!
Estimate model parameters (epsilon = 0.100)
1. Initial log-likelihood: -2021.663
2. Current log-likelihood: -1984.443
3. Current log-likelihood: -1984.105
Optimal log-likelihood: -1984.091
Rate parameters:  A-C: 1.209  A-G: 1.122  A-T: 0.912  C-G: 0.842  C-T: 1.032  G-T: 1.000
Base frequencies:   A: 0.211  C: 0.283  G: 0.274  T: 0.232
Gamma shape alpha: 3.740
Parameters optimization took 3 rounds (0.029 sec)
--------------------------------------------------------------------
|             INITIALIZING CANDIDATE TREE SET                      |
--------------------------------------------------------------------
Computing ML distances based on estimated model parameters... 0.004 sec
Computing BIONJ tree...
0.000 seconds
Log-likelihood of BIONJ tree: -1984.091
Generating 98 parsimony trees... 0.153 seconds 54 distinct starting trees
Computing log-likelihood of 54 initial trees ... 0.164 seconds
Optimizing top 20 initial trees with NNI...
Iteration 1 / LogL: -1984.092 / Time: 0h:0m:0s
Estimate model parameters (epsilon = 0.100)
BETTER SCORE FOUND at iteration 1: -1984.084
Iteration 2 / LogL: -1984.086 / Time: 0h:0m:0s
Iteration 3 / LogL: -1984.087 / Time: 0h:0m:0s
Iteration 4 / LogL: -1984.087 / Time: 0h:0m:0s
Iteration 5 / LogL: -1984.087 / Time: 0h:0m:0s
Iteration 6 / LogL: -1984.087 / Time: 0h:0m:0s
Iteration 7 / LogL: -1984.087 / Time: 0h:0m:0s
Iteration 8 / LogL: -1984.087 / Time: 0h:0m:0s
Iteration 9 / LogL: -1984.087 / Time: 0h:0m:0s
Iteration 10 / LogL: -1984.087 / Time: 0h:0m:0s
Iteration 11 / LogL: -1984.087 / Time: 0h:0m:0s
Iteration 12 / LogL: -1984.087 / Time: 0h:0m:0s
Iteration 13 / LogL: -1984.087 / Time: 0h:0m:0s
Iteration 14 / LogL: -1984.087 / Time: 0h:0m:0s
Iteration 15 / LogL: -1984.087 / Time: 0h:0m:0s
Iteration 16 / LogL: -1984.087 / Time: 0h:0m:0s
Iteration 17 / LogL: -1984.087 / Time: 0h:0m:0s
Iteration 18 / LogL: -1984.087 / Time: 0h:0m:0s
Iteration 19 / LogL: -1984.087 / Time: 0h:0m:0s
Iteration 20 / LogL: -1984.087 / Time: 0h:0m:0s
Average CPU time for 1 NNI search: 0.007
Finish initializing candidate tree set. Number of distinct locally optimal trees: 20
Current best tree score: -1984.084 / CPU time: 0.452
--------------------------------------------------------------------
|               OPTIMIZING CANDIDATE TREE SET                      |
--------------------------------------------------------------------
Iteration 30 / LogL: -1984.084 / Time: 0h:0m:0s (0h:0m:1s left)
Iteration 40 / LogL: -1984.223 / Time: 0h:0m:0s (0h:0m:1s left)
Iteration 50 / LogL: -1984.091 / Time: 0h:0m:1s (0h:0m:1s left)
Iteration 60 / LogL: -1988.685 / Time: 0h:0m:1s (0h:0m:0s left)
Iteration 70 / LogL: -1984.086 / Time: 0h:0m:1s (0h:0m:0s left)
Iteration 80 / LogL: -1984.100 / Time: 0h:0m:1s (0h:0m:0s left)
Iteration 90 / LogL: -1984.085 / Time: 0h:0m:2s (0h:0m:0s left)
Iteration 100 / LogL: -1984.084 / Time: 0h:0m:2s (0h:0m:0s left)
TREE SEARCH COMPLETED AFTER 101 ITERATIONS / Time: 0h:0m:2s

--------------------------------------------------------------------
|                    FINALIZING TREE SEARCH                        |
--------------------------------------------------------------------
Performs final model parameters optimization
Estimate model parameters (epsilon = 0.010)
1. Initial log-likelihood: -1984.084
Optimal log-likelihood: -1984.080
Rate parameters:  A-C: 1.223  A-G: 1.133  A-T: 0.920  C-G: 0.852  C-T: 1.042  G-T: 1.000
Base frequencies:   A: 0.211  C: 0.283  G: 0.274  T: 0.232
Gamma shape alpha: 3.738
Parameters optimization took 1 rounds (0.006 sec)
BEST SCORE FOUND : -1984.080

Testing tree branches by SH-like aLRT with 1000 replicates...
CPU Time used:  0.156 sec.
Total tree length: 1.207

Total number of iterations: 101
CPU time used for tree search: 2.236 sec (0h:0m:2s)
Wall-clock time used for tree search: 2.241 sec (0h:0m:2s)
Total CPU time used: 2.456 sec (0h:0m:2s)
Total wall-clock time used: 2.464 sec (0h:0m:2s)

Analysis results written to: 
  IQ-TREE report:                ../simulations/data_D8T8L15I8T8//S/553_pruned.fasta.iqtree
  Maximum-likelihood tree:       ../simulations/data_D8T8L15I8T8//S/553_pruned.fasta.treefile
  Likelihood distances:          ../simulations/data_D8T8L15I8T8//S/553_pruned.fasta.mldist
  Screen log file:               ../simulations/data_D8T8L15I8T8//S/553_pruned.fasta.log

Date and Time: Fri May 25 23:00:14 2018
