IQ-TREE version 1.4.2 for Linux 64-bit built Apr 15 2016
Copyright (c) 2011-2015 Nguyen Lam Tung, Olga Chernomor, Arndt von Haeseler and Bui Quang Minh.

Host:    meduse (AVX2, FMA3, 7 GB RAM)
Command: iqtree -s ../simulations/data_D10T10L20I10T10//S/558_pruned.fasta -m GTR+G -alrt 1000 -redo
Seed:    219123 (Using SPRNG - Scalable Parallel Random Number Generator)
Time:    Fri Jun  1 10:49:39 2018
Kernel:  AVX

NOTE: Consider using the multicore version because your CPU has 4 cores!

Reading alignment file ../simulations/data_D10T10L20I10T10//S/558_pruned.fasta ... Fasta format detected
Alignment most likely contains DNA/RNA sequences
Alignment has 33 sequences with 300 columns and 184 patterns (163 informative sites)
          Gap/Ambiguity  Composition  p-value
   1  n300_325    0.00%    passed     93.58%
   2  n244_251    0.00%    passed     83.34%
   3  n266_279    0.00%    passed     87.43%
   4  n290_313    0.00%    passed     94.72%
   5  n274_291    0.00%    passed     82.14%
   6  n296_321    0.00%    passed     88.87%
   7  n265_278    0.00%    passed     83.97%
   8  n298_323    0.00%    passed     98.48%
   9  n280_301    0.00%    passed     92.19%
  10  n274_289    0.00%    passed     91.79%
  11  n295_320    0.00%    passed     90.56%
  12  n275_292    0.00%    passed     94.99%
  13  n292_315    0.00%    passed     93.58%
  14  n278_297    0.00%    passed    100.00%
  15  n236_243    0.00%    passed     71.66%
  16  n300_327    0.00%    passed     97.66%
  17  n285_308    0.00%    passed     96.95%
  18  n286_309    0.00%    passed     98.92%
  19  n297_322    0.00%    passed     98.48%
  20  n277_294    0.00%    passed     93.52%
  21  n294_319    0.00%    passed     96.46%
  22  n293_318    0.00%    passed     96.46%
  23  n280_299    0.00%    passed     85.49%
  24  n200_201    0.00%    passed     91.43%
  25  n292_317    0.00%    passed     97.66%
  26  n287_310    0.00%    passed     97.48%
  27  n277_296    0.00%    passed     95.80%
  28  n299_324    0.00%    passed     93.25%
  29  n278_295    0.00%    passed     93.18%
  30  n251_258    0.00%    passed     74.84%
  31  n289_312    0.00%    passed     93.51%
  32  n255_264    0.00%    passed     73.07%
  33  n299_326    0.00%    passed     97.66%
****  TOTAL       0.00%  0 sequences failed composition chi2 test (p-value<5%; df=3)
NOTE: 3 identical sequences (see below) will be ignored for subsequent analysis
NOTE: n297_322 (identical to n298_323) is ignored but added at the end
NOTE: n292_317 (identical to n300_327) is ignored but added at the end
NOTE: n299_326 (identical to n300_327) is ignored but added at the end

Create initial parsimony tree by phylogenetic likelihood library (PLL)... 0.001 seconds

NOTE: 0 MB RAM is required!
Estimate model parameters (epsilon = 0.100)
1. Initial log-likelihood: -2182.519
2. Current log-likelihood: -2135.234
3. Current log-likelihood: -2134.895
Optimal log-likelihood: -2134.877
Rate parameters:  A-C: 1.289  A-G: 1.255  A-T: 1.417  C-G: 1.200  C-T: 1.566  G-T: 1.000
Base frequencies:   A: 0.194  C: 0.246  G: 0.289  T: 0.271
Gamma shape alpha: 10.562
Parameters optimization took 3 rounds (0.028 sec)
--------------------------------------------------------------------
|             INITIALIZING CANDIDATE TREE SET                      |
--------------------------------------------------------------------
Computing ML distances based on estimated model parameters... 0.004 sec
Computing BIONJ tree...
0.000 seconds
Log-likelihood of BIONJ tree: -2135.331
Generating 98 parsimony trees... 0.118 seconds 92 distinct starting trees
Computing log-likelihood of 92 initial trees ... 0.225 seconds
Optimizing top 20 initial trees with NNI...
Iteration 1 / LogL: -2134.877 / Time: 0h:0m:0s
Estimate model parameters (epsilon = 0.100)
BETTER SCORE FOUND at iteration 1: -2134.873
Iteration 2 / LogL: -2134.874 / Time: 0h:0m:0s
Iteration 3 / LogL: -2134.874 / Time: 0h:0m:0s
Iteration 4 / LogL: -2134.874 / Time: 0h:0m:0s
Iteration 5 / LogL: -2134.874 / Time: 0h:0m:0s
Iteration 6 / LogL: -2134.874 / Time: 0h:0m:0s
Iteration 7 / LogL: -2134.874 / Time: 0h:0m:0s
Iteration 8 / LogL: -2134.874 / Time: 0h:0m:0s
Iteration 9 / LogL: -2134.874 / Time: 0h:0m:0s
Iteration 10 / LogL: -2134.874 / Time: 0h:0m:0s
Iteration 11 / LogL: -2134.874 / Time: 0h:0m:0s
Iteration 12 / LogL: -2134.874 / Time: 0h:0m:0s
Iteration 13 / LogL: -2134.874 / Time: 0h:0m:0s
Iteration 14 / LogL: -2134.874 / Time: 0h:0m:0s
Iteration 15 / LogL: -2134.874 / Time: 0h:0m:0s
Iteration 16 / LogL: -2134.874 / Time: 0h:0m:0s
Iteration 17 / LogL: -2134.874 / Time: 0h:0m:0s
Iteration 18 / LogL: -2134.874 / Time: 0h:0m:0s
Iteration 19 / LogL: -2134.874 / Time: 0h:0m:0s
Iteration 20 / LogL: -2134.874 / Time: 0h:0m:0s
Average CPU time for 1 NNI search: 0.006
Finish initializing candidate tree set. Number of distinct locally optimal trees: 20
Current best tree score: -2134.873 / CPU time: 0.460
--------------------------------------------------------------------
|               OPTIMIZING CANDIDATE TREE SET                      |
--------------------------------------------------------------------
Iteration 30 / LogL: -2134.874 / Time: 0h:0m:0s (0h:0m:1s left)
Iteration 40 / LogL: -2161.198 / Time: 0h:0m:0s (0h:0m:1s left)
Iteration 50 / LogL: -2157.743 / Time: 0h:0m:1s (0h:0m:1s left)
Iteration 60 / LogL: -2140.006 / Time: 0h:0m:1s (0h:0m:0s left)
Iteration 70 / LogL: -2135.074 / Time: 0h:0m:1s (0h:0m:0s left)
Iteration 80 / LogL: -2134.874 / Time: 0h:0m:1s (0h:0m:0s left)
Iteration 90 / LogL: -2134.891 / Time: 0h:0m:2s (0h:0m:0s left)
Iteration 100 / LogL: -2140.003 / Time: 0h:0m:2s (0h:0m:0s left)
TREE SEARCH COMPLETED AFTER 101 ITERATIONS / Time: 0h:0m:2s

--------------------------------------------------------------------
|                    FINALIZING TREE SEARCH                        |
--------------------------------------------------------------------
Performs final model parameters optimization
Estimate model parameters (epsilon = 0.010)
1. Initial log-likelihood: -2134.873
Optimal log-likelihood: -2134.871
Rate parameters:  A-C: 1.280  A-G: 1.250  A-T: 1.400  C-G: 1.192  C-T: 1.553  G-T: 1.000
Base frequencies:   A: 0.194  C: 0.246  G: 0.289  T: 0.271
Gamma shape alpha: 10.592
Parameters optimization took 1 rounds (0.005 sec)
BEST SCORE FOUND : -2134.871

Testing tree branches by SH-like aLRT with 1000 replicates...
CPU Time used:  0.128 sec.
Total tree length: 1.219

Total number of iterations: 101
CPU time used for tree search: 2.260 sec (0h:0m:2s)
Wall-clock time used for tree search: 2.262 sec (0h:0m:2s)
Total CPU time used: 2.444 sec (0h:0m:2s)
Total wall-clock time used: 2.444 sec (0h:0m:2s)

Analysis results written to: 
  IQ-TREE report:                ../simulations/data_D10T10L20I10T10//S/558_pruned.fasta.iqtree
  Maximum-likelihood tree:       ../simulations/data_D10T10L20I10T10//S/558_pruned.fasta.treefile
  Likelihood distances:          ../simulations/data_D10T10L20I10T10//S/558_pruned.fasta.mldist
  Screen log file:               ../simulations/data_D10T10L20I10T10//S/558_pruned.fasta.log

Date and Time: Fri Jun  1 10:49:41 2018
