IQ-TREE version 1.4.2 for Linux 64-bit built Apr 15 2016
Copyright (c) 2011-2015 Nguyen Lam Tung, Olga Chernomor, Arndt von Haeseler and Bui Quang Minh.

Host:    meduse (AVX2, FMA3, 7 GB RAM)
Command: iqtree -s ../simulations/data_D10T10L20I10T10//S/559_pruned.fasta -m GTR+G -alrt 1000 -redo
Seed:    889910 (Using SPRNG - Scalable Parallel Random Number Generator)
Time:    Mon Jun  4 00:54:37 2018
Kernel:  AVX

NOTE: Consider using the multicore version because your CPU has 4 cores!

Reading alignment file ../simulations/data_D10T10L20I10T10//S/559_pruned.fasta ... Fasta format detected
Alignment most likely contains DNA/RNA sequences
Alignment has 26 sequences with 300 columns and 300 patterns (294 informative sites)
          Gap/Ambiguity  Composition  p-value
   1  n295_298    0.00%    passed     29.69%
   2  n266_269    0.00%    passed     53.83%
   3  n255_258    0.00%    passed     14.74%
   4  n277_280    0.00%    passed     29.20%
   5  n299_302    0.00%    passed     94.43%
   6  n287_290    0.00%    passed     86.25%
   7  n274_277    0.00%    passed     92.22%
   8  n275_278    0.00%    passed     27.94%
   9  n278_281    0.00%    passed     78.97%
  10  n286_289    0.00%    passed     12.82%
  11  n236_239    0.00%    passed     84.26%
  12  n297_300    0.00%    passed     95.95%
  13  n293_296    0.00%    passed      6.94%
  14  n285_288    0.00%    failed      3.24%
  15  n251_254    0.00%    passed     21.47%
  16  n296_299    0.00%    passed     41.57%
  17  n294_297    0.00%    passed      5.07%
  18  n289_292    0.00%    passed     56.25%
  19  n290_293    0.00%    passed     71.94%
  20  n280_283    0.00%    passed     95.56%
  21  n200_203    0.00%    passed     14.07%
  22  n298_301    0.00%    passed     99.43%
  23  n292_295    0.00%    passed     80.08%
  24  n300_303    0.00%    passed     83.57%
  25  n244_247    0.00%    passed     71.25%
  26  n265_268    0.00%    passed     80.85%
****  TOTAL       0.00%  1 sequences failed composition chi2 test (p-value<5%; df=3)

Create initial parsimony tree by phylogenetic likelihood library (PLL)... 0.002 seconds

NOTE: 1 MB RAM is required!
Estimate model parameters (epsilon = 0.100)
1. Initial log-likelihood: -5385.847
2. Current log-likelihood: -5310.156
3. Current log-likelihood: -5296.205
4. Current log-likelihood: -5292.982
5. Current log-likelihood: -5292.178
6. Current log-likelihood: -5291.943
7. Current log-likelihood: -5291.816
Optimal log-likelihood: -5291.781
Rate parameters:  A-C: 1.143  A-G: 1.253  A-T: 1.064  C-G: 0.930  C-T: 1.285  G-T: 1.000
Base frequencies:   A: 0.229  C: 0.296  G: 0.248  T: 0.227
Gamma shape alpha: 4.310
Parameters optimization took 7 rounds (0.084 sec)
--------------------------------------------------------------------
|             INITIALIZING CANDIDATE TREE SET                      |
--------------------------------------------------------------------
Computing ML distances based on estimated model parameters... 0.004 sec
WARNING: Some pairwise ML distances are too long (saturated)
Computing BIONJ tree...
0.000 seconds
Log-likelihood of BIONJ tree: -5319.218
Generating 98 parsimony trees... 0.138 seconds 2 distinct starting trees
Computing log-likelihood of 2 initial trees ... 0.000 seconds
Optimizing top 2 initial trees with NNI...
Iteration 1 / LogL: -5291.781 / Time: 0h:0m:0s
Estimate model parameters (epsilon = 0.100)
BETTER SCORE FOUND at iteration 1: -5291.775
Iteration 2 / LogL: -5291.785 / Time: 0h:0m:0s
Average CPU time for 1 NNI search: 0.014
Finish initializing candidate tree set. Number of distinct locally optimal trees: 1
Current best tree score: -5291.775 / CPU time: 0.164
--------------------------------------------------------------------
|               OPTIMIZING CANDIDATE TREE SET                      |
--------------------------------------------------------------------
Iteration 10 / LogL: -5292.087 / Time: 0h:0m:0s
Iteration 20 / LogL: -5295.578 / Time: 0h:0m:0s (0h:0m:3s left)
Iteration 30 / LogL: -5291.816 / Time: 0h:0m:1s (0h:0m:2s left)
Iteration 40 / LogL: -5292.374 / Time: 0h:0m:1s (0h:0m:2s left)
Iteration 50 / LogL: -5298.273 / Time: 0h:0m:1s (0h:0m:1s left)
Iteration 60 / LogL: -5295.625 / Time: 0h:0m:2s (0h:0m:1s left)
Iteration 70 / LogL: -5295.651 / Time: 0h:0m:2s (0h:0m:1s left)
Iteration 80 / LogL: -5295.603 / Time: 0h:0m:2s (0h:0m:0s left)
Iteration 90 / LogL: -5292.827 / Time: 0h:0m:3s (0h:0m:0s left)
Iteration 100 / LogL: -5295.593 / Time: 0h:0m:3s (0h:0m:0s left)
TREE SEARCH COMPLETED AFTER 101 ITERATIONS / Time: 0h:0m:3s

--------------------------------------------------------------------
|                    FINALIZING TREE SEARCH                        |
--------------------------------------------------------------------
Performs final model parameters optimization
Estimate model parameters (epsilon = 0.010)
1. Initial log-likelihood: -5291.775
Optimal log-likelihood: -5291.773
Rate parameters:  A-C: 1.142  A-G: 1.252  A-T: 1.060  C-G: 0.927  C-T: 1.284  G-T: 1.000
Base frequencies:   A: 0.229  C: 0.296  G: 0.248  T: 0.227
Gamma shape alpha: 4.342
Parameters optimization took 1 rounds (0.007 sec)
BEST SCORE FOUND : -5291.773

Testing tree branches by SH-like aLRT with 1000 replicates...
CPU Time used:  0.116 sec.
Total tree length: 8.724

Total number of iterations: 101
CPU time used for tree search: 3.400 sec (0h:0m:3s)
Wall-clock time used for tree search: 3.402 sec (0h:0m:3s)
Total CPU time used: 3.640 sec (0h:0m:3s)
Total wall-clock time used: 3.642 sec (0h:0m:3s)

Analysis results written to: 
  IQ-TREE report:                ../simulations/data_D10T10L20I10T10//S/559_pruned.fasta.iqtree
  Maximum-likelihood tree:       ../simulations/data_D10T10L20I10T10//S/559_pruned.fasta.treefile
  Likelihood distances:          ../simulations/data_D10T10L20I10T10//S/559_pruned.fasta.mldist
  Screen log file:               ../simulations/data_D10T10L20I10T10//S/559_pruned.fasta.log

Date and Time: Mon Jun  4 00:54:41 2018
