IQ-TREE version 1.4.2 for Linux 64-bit built Apr 15 2016
Copyright (c) 2011-2015 Nguyen Lam Tung, Olga Chernomor, Arndt von Haeseler and Bui Quang Minh.

Host:    meduse (AVX2, FMA3, 7 GB RAM)
Command: iqtree -s ../simulations/data_D8T8L15I8T8//S/569_pruned.fasta -m GTR+G -alrt 1000 -redo
Seed:    127145 (Using SPRNG - Scalable Parallel Random Number Generator)
Time:    Fri May 25 22:37:05 2018
Kernel:  AVX

NOTE: Consider using the multicore version because your CPU has 4 cores!

Reading alignment file ../simulations/data_D8T8L15I8T8//S/569_pruned.fasta ... Fasta format detected
Alignment most likely contains DNA/RNA sequences
Alignment has 26 sequences with 300 columns and 179 patterns (156 informative sites)
          Gap/Ambiguity  Composition  p-value
   1  n287_288    0.00%    passed     96.04%
   2  n290_291    0.00%    passed     97.21%
   3  n236_237    0.00%    passed     92.40%
   4  n278_279    0.00%    passed     98.53%
   5  n285_286    0.00%    passed     79.84%
   6  n265_266    0.00%    passed     61.02%
   7  n280_281    0.00%    passed     97.45%
   8  n299_300    0.00%    passed     99.71%
   9  n293_294    0.00%    passed     97.43%
  10  n274_275    0.00%    passed     99.86%
  11  n292_293    0.00%    passed     99.65%
  12  n296_297    0.00%    passed     99.22%
  13  n294_295    0.00%    passed     96.02%
  14  n275_276    0.00%    passed     94.50%
  15  n297_298    0.00%    passed     96.84%
  16  n289_290    0.00%    passed     98.53%
  17  n286_287    0.00%    passed     78.82%
  18  n255_256    0.00%    passed     82.66%
  19  n295_296    0.00%    passed     99.71%
  20  n266_267    0.00%    passed     50.55%
  21  n244_245    0.00%    passed     83.52%
  22  n298_299    0.00%    passed     97.70%
  23  n300_301    0.00%    passed     99.98%
  24  n200_201    0.00%    passed     70.50%
  25  n277_278    0.00%    passed     97.28%
  26  n251_252    0.00%    passed     88.67%
****  TOTAL       0.00%  0 sequences failed composition chi2 test (p-value<5%; df=3)

Create initial parsimony tree by phylogenetic likelihood library (PLL)... 0.002 seconds

NOTE: 0 MB RAM is required!
Estimate model parameters (epsilon = 0.100)
1. Initial log-likelihood: -2139.169
2. Current log-likelihood: -2082.151
3. Current log-likelihood: -2081.773
Optimal log-likelihood: -2081.763
Rate parameters:  A-C: 1.438  A-G: 1.359  A-T: 1.284  C-G: 1.371  C-T: 1.337  G-T: 1.000
Base frequencies:   A: 0.227  C: 0.253  G: 0.275  T: 0.245
Gamma shape alpha: 28.080
Parameters optimization took 3 rounds (0.069 sec)
--------------------------------------------------------------------
|             INITIALIZING CANDIDATE TREE SET                      |
--------------------------------------------------------------------
Computing ML distances based on estimated model parameters... 0.008 sec
Computing BIONJ tree...
0.001 seconds
Log-likelihood of BIONJ tree: -2081.761
Generating 98 parsimony trees... 0.256 seconds 67 distinct starting trees
Computing log-likelihood of 67 initial trees ... 0.285 seconds
Optimizing top 20 initial trees with NNI...
Iteration 1 / LogL: -2081.762 / Time: 0h:0m:0s
Estimate model parameters (epsilon = 0.100)
BETTER SCORE FOUND at iteration 1: -2081.756
Iteration 2 / LogL: -2081.758 / Time: 0h:0m:0s
Iteration 3 / LogL: -2081.771 / Time: 0h:0m:0s
Iteration 4 / LogL: -2081.771 / Time: 0h:0m:0s
Iteration 5 / LogL: -2081.771 / Time: 0h:0m:0s
Iteration 6 / LogL: -2081.771 / Time: 0h:0m:0s
Iteration 7 / LogL: -2081.771 / Time: 0h:0m:0s
Iteration 8 / LogL: -2081.771 / Time: 0h:0m:0s
Iteration 9 / LogL: -2081.771 / Time: 0h:0m:0s
Iteration 10 / LogL: -2081.771 / Time: 0h:0m:0s
Iteration 11 / LogL: -2081.771 / Time: 0h:0m:0s
Iteration 12 / LogL: -2081.771 / Time: 0h:0m:0s
Iteration 13 / LogL: -2081.771 / Time: 0h:0m:0s
Iteration 14 / LogL: -2081.771 / Time: 0h:0m:0s
Iteration 15 / LogL: -2081.771 / Time: 0h:0m:0s
Iteration 16 / LogL: -2081.771 / Time: 0h:0m:0s
Iteration 17 / LogL: -2081.771 / Time: 0h:0m:0s
Iteration 18 / LogL: -2081.771 / Time: 0h:0m:0s
Iteration 19 / LogL: -2081.771 / Time: 0h:0m:0s
Iteration 20 / LogL: -2081.771 / Time: 0h:0m:0s
Average CPU time for 1 NNI search: 0.011
Finish initializing candidate tree set. Number of distinct locally optimal trees: 20
Current best tree score: -2081.756 / CPU time: 0.760
--------------------------------------------------------------------
|               OPTIMIZING CANDIDATE TREE SET                      |
--------------------------------------------------------------------
Iteration 30 / LogL: -2081.766 / Time: 0h:0m:1s (0h:0m:2s left)
Iteration 40 / LogL: -2081.790 / Time: 0h:0m:1s (0h:0m:2s left)
Iteration 50 / LogL: -2081.761 / Time: 0h:0m:1s (0h:0m:1s left)
Iteration 60 / LogL: -2081.760 / Time: 0h:0m:2s (0h:0m:1s left)
Iteration 70 / LogL: -2081.764 / Time: 0h:0m:2s (0h:0m:1s left)
Iteration 80 / LogL: -2081.759 / Time: 0h:0m:2s (0h:0m:0s left)
Iteration 90 / LogL: -2082.522 / Time: 0h:0m:2s (0h:0m:0s left)
Iteration 100 / LogL: -2081.765 / Time: 0h:0m:3s (0h:0m:0s left)
TREE SEARCH COMPLETED AFTER 101 ITERATIONS / Time: 0h:0m:3s

--------------------------------------------------------------------
|                    FINALIZING TREE SEARCH                        |
--------------------------------------------------------------------
Performs final model parameters optimization
Estimate model parameters (epsilon = 0.010)
1. Initial log-likelihood: -2081.755
Optimal log-likelihood: -2081.754
Rate parameters:  A-C: 1.426  A-G: 1.356  A-T: 1.277  C-G: 1.350  C-T: 1.325  G-T: 1.000
Base frequencies:   A: 0.227  C: 0.253  G: 0.275  T: 0.245
Gamma shape alpha: 28.430
Parameters optimization took 1 rounds (0.012 sec)
BEST SCORE FOUND : -2081.754

Testing tree branches by SH-like aLRT with 1000 replicates...
CPU Time used:  0.224 sec.
Total tree length: 1.215

Total number of iterations: 101
CPU time used for tree search: 3.164 sec (0h:0m:3s)
Wall-clock time used for tree search: 3.178 sec (0h:0m:3s)
Total CPU time used: 3.500 sec (0h:0m:3s)
Total wall-clock time used: 3.526 sec (0h:0m:3s)

Analysis results written to: 
  IQ-TREE report:                ../simulations/data_D8T8L15I8T8//S/569_pruned.fasta.iqtree
  Maximum-likelihood tree:       ../simulations/data_D8T8L15I8T8//S/569_pruned.fasta.treefile
  Likelihood distances:          ../simulations/data_D8T8L15I8T8//S/569_pruned.fasta.mldist
  Screen log file:               ../simulations/data_D8T8L15I8T8//S/569_pruned.fasta.log

Date and Time: Fri May 25 22:37:08 2018
