IQ-TREE version 1.4.2 for Linux 64-bit built Apr 15 2016
Copyright (c) 2011-2015 Nguyen Lam Tung, Olga Chernomor, Arndt von Haeseler and Bui Quang Minh.

Host:    meduse (AVX2, FMA3, 7 GB RAM)
Command: iqtree -s ../simulations/data_D10T10L20I10T10//S/573_pruned.fasta -m GTR+G -alrt 1000 -redo
Seed:    491793 (Using SPRNG - Scalable Parallel Random Number Generator)
Time:    Fri Jun  1 10:35:08 2018
Kernel:  AVX

NOTE: Consider using the multicore version because your CPU has 4 cores!

Reading alignment file ../simulations/data_D10T10L20I10T10//S/573_pruned.fasta ... Fasta format detected
Alignment most likely contains DNA/RNA sequences
Alignment has 26 sequences with 300 columns and 181 patterns (163 informative sites)
          Gap/Ambiguity  Composition  p-value
   1  n292_293    0.00%    passed     86.82%
   2  n287_288    0.00%    passed     99.39%
   3  n290_291    0.00%    passed     98.01%
   4  n294_295    0.00%    passed     90.20%
   5  n251_252    0.00%    passed     92.43%
   6  n286_287    0.00%    passed     99.45%
   7  n300_301    0.00%    passed     90.66%
   8  n275_276    0.00%    passed     89.51%
   9  n274_275    0.00%    passed     89.68%
  10  n289_290    0.00%    passed     99.39%
  11  n255_256    0.00%    passed     92.16%
  12  n236_237    0.00%    passed     90.31%
  13  n299_300    0.00%    passed     95.20%
  14  n278_279    0.00%    passed     61.50%
  15  n297_298    0.00%    passed     89.49%
  16  n298_299    0.00%    passed     87.83%
  17  n244_245    0.00%    passed     74.94%
  18  n293_294    0.00%    passed     90.20%
  19  n296_297    0.00%    passed     99.04%
  20  n295_296    0.00%    passed     98.21%
  21  n266_267    0.00%    passed     87.23%
  22  n200_201    0.00%    passed     80.64%
  23  n285_286    0.00%    passed     99.61%
  24  n277_278    0.00%    passed     54.60%
  25  n280_281    0.00%    passed     89.68%
  26  n265_266    0.00%    passed     86.63%
****  TOTAL       0.00%  0 sequences failed composition chi2 test (p-value<5%; df=3)
NOTE: 2 identical sequences (see below) will be ignored for subsequent analysis
NOTE: n289_290 (identical to n287_288) is ignored but added at the end
NOTE: n293_294 (identical to n294_295) is ignored but added at the end

Create initial parsimony tree by phylogenetic likelihood library (PLL)... 0.001 seconds

NOTE: 0 MB RAM is required!
Estimate model parameters (epsilon = 0.100)
1. Initial log-likelihood: -2062.065
2. Current log-likelihood: -2019.062
3. Current log-likelihood: -2018.602
Optimal log-likelihood: -2018.590
Rate parameters:  A-C: 0.934  A-G: 0.936  A-T: 1.033  C-G: 1.015  C-T: 1.648  G-T: 1.000
Base frequencies:   A: 0.248  C: 0.270  G: 0.278  T: 0.204
Gamma shape alpha: 138.277
Parameters optimization took 3 rounds (0.022 sec)
--------------------------------------------------------------------
|             INITIALIZING CANDIDATE TREE SET                      |
--------------------------------------------------------------------
Computing ML distances based on estimated model parameters... 0.000 sec
Computing BIONJ tree...
0.000 seconds
Log-likelihood of BIONJ tree: -2018.590
Generating 98 parsimony trees... 0.073 seconds 9 distinct starting trees
Computing log-likelihood of 9 initial trees ... 0.011 seconds
Optimizing top 9 initial trees with NNI...
Iteration 1 / LogL: -2018.590 / Time: 0h:0m:0s
Estimate model parameters (epsilon = 0.100)
BETTER SCORE FOUND at iteration 1: -2018.586
Iteration 2 / LogL: -2018.588 / Time: 0h:0m:0s
Iteration 3 / LogL: -2018.590 / Time: 0h:0m:0s
Iteration 4 / LogL: -2018.590 / Time: 0h:0m:0s
Iteration 5 / LogL: -2018.590 / Time: 0h:0m:0s
Iteration 6 / LogL: -2018.590 / Time: 0h:0m:0s
Iteration 7 / LogL: -2018.590 / Time: 0h:0m:0s
Iteration 8 / LogL: -2018.590 / Time: 0h:0m:0s
Iteration 9 / LogL: -2018.590 / Time: 0h:0m:0s
Average CPU time for 1 NNI search: 0.004
Finish initializing candidate tree set. Number of distinct locally optimal trees: 9
Current best tree score: -2018.586 / CPU time: 0.120
--------------------------------------------------------------------
|               OPTIMIZING CANDIDATE TREE SET                      |
--------------------------------------------------------------------
Iteration 10 / LogL: -2018.588 / Time: 0h:0m:0s
Iteration 20 / LogL: -2018.591 / Time: 0h:0m:0s (0h:0m:1s left)
Iteration 30 / LogL: -2018.588 / Time: 0h:0m:0s (0h:0m:1s left)
Iteration 40 / LogL: -2018.587 / Time: 0h:0m:0s (0h:0m:0s left)
Iteration 50 / LogL: -2018.586 / Time: 0h:0m:0s (0h:0m:0s left)
Iteration 60 / LogL: -2018.589 / Time: 0h:0m:0s (0h:0m:0s left)
Iteration 70 / LogL: -2102.211 / Time: 0h:0m:0s (0h:0m:0s left)
Iteration 80 / LogL: -2018.595 / Time: 0h:0m:1s (0h:0m:0s left)
Iteration 90 / LogL: -2018.586 / Time: 0h:0m:1s (0h:0m:0s left)
Iteration 100 / LogL: -2018.593 / Time: 0h:0m:1s (0h:0m:0s left)
TREE SEARCH COMPLETED AFTER 101 ITERATIONS / Time: 0h:0m:1s

--------------------------------------------------------------------
|                    FINALIZING TREE SEARCH                        |
--------------------------------------------------------------------
Performs final model parameters optimization
Estimate model parameters (epsilon = 0.010)
1. Initial log-likelihood: -2018.586
Optimal log-likelihood: -2018.585
Rate parameters:  A-C: 0.940  A-G: 0.942  A-T: 1.043  C-G: 1.023  C-T: 1.655  G-T: 1.000
Base frequencies:   A: 0.248  C: 0.270  G: 0.278  T: 0.204
Gamma shape alpha: 146.084
Parameters optimization took 1 rounds (0.004 sec)
BEST SCORE FOUND : -2018.585

Testing tree branches by SH-like aLRT with 1000 replicates...
CPU Time used:  0.096 sec.
Total tree length: 1.206

Total number of iterations: 101
CPU time used for tree search: 1.260 sec (0h:0m:1s)
Wall-clock time used for tree search: 1.267 sec (0h:0m:1s)
Total CPU time used: 1.396 sec (0h:0m:1s)
Total wall-clock time used: 1.399 sec (0h:0m:1s)

Analysis results written to: 
  IQ-TREE report:                ../simulations/data_D10T10L20I10T10//S/573_pruned.fasta.iqtree
  Maximum-likelihood tree:       ../simulations/data_D10T10L20I10T10//S/573_pruned.fasta.treefile
  Likelihood distances:          ../simulations/data_D10T10L20I10T10//S/573_pruned.fasta.mldist
  Screen log file:               ../simulations/data_D10T10L20I10T10//S/573_pruned.fasta.log

Date and Time: Fri Jun  1 10:35:09 2018
