IQ-TREE version 1.4.2 for Linux 64-bit built Apr 15 2016
Copyright (c) 2011-2015 Nguyen Lam Tung, Olga Chernomor, Arndt von Haeseler and Bui Quang Minh.

Host:    meduse (AVX2, FMA3, 7 GB RAM)
Command: iqtree -s ../simulations/data_D10T10L20I10T10//S/576_pruned.fasta -m GTR+G -alrt 1000 -redo
Seed:    900292 (Using SPRNG - Scalable Parallel Random Number Generator)
Time:    Mon Jun  4 00:24:12 2018
Kernel:  AVX

NOTE: Consider using the multicore version because your CPU has 4 cores!

Reading alignment file ../simulations/data_D10T10L20I10T10//S/576_pruned.fasta ... Fasta format detected
Alignment most likely contains DNA/RNA sequences
Alignment has 26 sequences with 300 columns and 298 patterns (290 informative sites)
          Gap/Ambiguity  Composition  p-value
   1  n299_300    0.00%    passed     94.68%
   2  n300_301    0.00%    passed     90.78%
   3  n290_291    0.00%    passed     71.99%
   4  n244_245    0.00%    passed     25.46%
   5  n255_256    0.00%    passed      6.54%
   6  n277_278    0.00%    passed     61.79%
   7  n200_201    0.00%    passed     78.07%
   8  n236_237    0.00%    passed     50.76%
   9  n274_275    0.00%    passed     51.91%
  10  n289_290    0.00%    passed     55.74%
  11  n296_297    0.00%    passed     76.05%
  12  n275_276    0.00%    passed      6.49%
  13  n292_293    0.00%    passed     90.16%
  14  n278_279    0.00%    passed     44.04%
  15  n298_299    0.00%    passed     66.55%
  16  n297_298    0.00%    passed     67.91%
  17  n286_287    0.00%    passed     68.60%
  18  n285_286    0.00%    passed     88.32%
  19  n287_288    0.00%    passed     71.56%
  20  n251_252    0.00%    failed      0.22%
  21  n294_295    0.00%    passed     52.00%
  22  n295_296    0.00%    passed     60.42%
  23  n266_267    0.00%    passed     64.33%
  24  n265_266    0.00%    passed     87.39%
  25  n280_281    0.00%    passed     91.91%
  26  n293_294    0.00%    passed     58.83%
****  TOTAL       0.00%  1 sequences failed composition chi2 test (p-value<5%; df=3)

Create initial parsimony tree by phylogenetic likelihood library (PLL)... 0.002 seconds

NOTE: 1 MB RAM is required!
Estimate model parameters (epsilon = 0.100)
1. Initial log-likelihood: -5189.998
2. Current log-likelihood: -5095.101
3. Current log-likelihood: -5081.392
4. Current log-likelihood: -5078.859
5. Current log-likelihood: -5078.422
Optimal log-likelihood: -5078.322
Rate parameters:  A-C: 1.339  A-G: 1.548  A-T: 0.934  C-G: 1.000  C-T: 1.523  G-T: 1.000
Base frequencies:   A: 0.222  C: 0.258  G: 0.284  T: 0.235
Gamma shape alpha: 3.671
Parameters optimization took 5 rounds (0.074 sec)
--------------------------------------------------------------------
|             INITIALIZING CANDIDATE TREE SET                      |
--------------------------------------------------------------------
Computing ML distances based on estimated model parameters... 0.004 sec
WARNING: Some pairwise ML distances are too long (saturated)
Computing BIONJ tree...
0.000 seconds
Log-likelihood of BIONJ tree: -5098.623
Generating 98 parsimony trees... 0.140 seconds 7 distinct starting trees
Computing log-likelihood of 7 initial trees ... 0.016 seconds
Optimizing top 7 initial trees with NNI...
Iteration 1 / LogL: -5078.322 / Time: 0h:0m:0s
Estimate model parameters (epsilon = 0.100)
BETTER SCORE FOUND at iteration 1: -5078.284
Iteration 2 / LogL: -5078.304 / Time: 0h:0m:0s
Iteration 3 / LogL: -5078.304 / Time: 0h:0m:0s
Iteration 4 / LogL: -5078.306 / Time: 0h:0m:0s
Iteration 5 / LogL: -5078.306 / Time: 0h:0m:0s
Iteration 6 / LogL: -5078.306 / Time: 0h:0m:0s
Iteration 7 / LogL: -5075.835 / Time: 0h:0m:0s
Estimate model parameters (epsilon = 0.100)
BETTER TREE FOUND at iteration 7: -5075.583
Average CPU time for 1 NNI search: 0.018
Finish initializing candidate tree set. Number of distinct locally optimal trees: 4
Current best tree score: -5075.583 / CPU time: 0.280
--------------------------------------------------------------------
|               OPTIMIZING CANDIDATE TREE SET                      |
--------------------------------------------------------------------
Iteration 10 / LogL: -5075.853 / Time: 0h:0m:0s
Estimate model parameters (epsilon = 0.010)
BETTER TREE FOUND at iteration 11: -5074.853
Iteration 20 / LogL: -5074.954 / Time: 0h:0m:0s (0h:0m:4s left)
Iteration 30 / LogL: -5074.956 / Time: 0h:0m:1s (0h:0m:3s left)
Iteration 40 / LogL: -5074.833 / Time: 0h:0m:1s (0h:0m:2s left)
Estimate model parameters (epsilon = 0.010)
UPDATE BEST LOG-LIKELIHOOD: -5074.831
Iteration 50 / LogL: -5075.392 / Time: 0h:0m:1s (0h:0m:2s left)
Iteration 60 / LogL: -5075.452 / Time: 0h:0m:2s (0h:0m:1s left)
Iteration 70 / LogL: -5075.123 / Time: 0h:0m:2s (0h:0m:1s left)
Iteration 80 / LogL: -5074.873 / Time: 0h:0m:2s (0h:0m:1s left)
Iteration 90 / LogL: -5091.790 / Time: 0h:0m:2s (0h:0m:0s left)
Iteration 100 / LogL: -5074.933 / Time: 0h:0m:3s (0h:0m:0s left)
Iteration 110 / LogL: -5083.283 / Time: 0h:0m:3s (0h:0m:0s left)
TREE SEARCH COMPLETED AFTER 111 ITERATIONS / Time: 0h:0m:3s

--------------------------------------------------------------------
|                    FINALIZING TREE SEARCH                        |
--------------------------------------------------------------------
Performs final model parameters optimization
Estimate model parameters (epsilon = 0.010)
1. Initial log-likelihood: -5074.831
Optimal log-likelihood: -5074.830
Rate parameters:  A-C: 1.360  A-G: 1.538  A-T: 0.947  C-G: 1.021  C-T: 1.548  G-T: 1.000
Base frequencies:   A: 0.222  C: 0.258  G: 0.284  T: 0.235
Gamma shape alpha: 3.708
Parameters optimization took 1 rounds (0.007 sec)
BEST SCORE FOUND : -5074.830

Testing tree branches by SH-like aLRT with 1000 replicates...
CPU Time used:  0.124 sec.
Total tree length: 10.215

Total number of iterations: 111
CPU time used for tree search: 3.420 sec (0h:0m:3s)
Wall-clock time used for tree search: 3.422 sec (0h:0m:3s)
Total CPU time used: 3.704 sec (0h:0m:3s)
Total wall-clock time used: 3.709 sec (0h:0m:3s)

Analysis results written to: 
  IQ-TREE report:                ../simulations/data_D10T10L20I10T10//S/576_pruned.fasta.iqtree
  Maximum-likelihood tree:       ../simulations/data_D10T10L20I10T10//S/576_pruned.fasta.treefile
  Likelihood distances:          ../simulations/data_D10T10L20I10T10//S/576_pruned.fasta.mldist
  Screen log file:               ../simulations/data_D10T10L20I10T10//S/576_pruned.fasta.log

Date and Time: Mon Jun  4 00:24:16 2018
