IQ-TREE version 1.4.2 for Linux 64-bit built Apr 15 2016
Copyright (c) 2011-2015 Nguyen Lam Tung, Olga Chernomor, Arndt von Haeseler and Bui Quang Minh.

Host:    meduse (AVX2, FMA3, 7 GB RAM)
Command: iqtree -s ../simulations/data_D10T10L20I10T10//S/578_pruned.fasta -m GTR+G -alrt 1000 -redo
Seed:    847998 (Using SPRNG - Scalable Parallel Random Number Generator)
Time:    Mon Jun  4 00:50:35 2018
Kernel:  AVX

NOTE: Consider using the multicore version because your CPU has 4 cores!

Reading alignment file ../simulations/data_D10T10L20I10T10//S/578_pruned.fasta ... Fasta format detected
Alignment most likely contains DNA/RNA sequences
Alignment has 26 sequences with 300 columns and 300 patterns (293 informative sites)
          Gap/Ambiguity  Composition  p-value
   1  n299_300    0.00%    passed      8.57%
   2  n300_301    0.00%    passed     12.44%
   3  n290_291    0.00%    passed     35.50%
   4  n244_245    0.00%    passed      9.01%
   5  n255_256    0.00%    failed      1.36%
   6  n277_278    0.00%    passed     14.30%
   7  n200_201    0.00%    passed     18.99%
   8  n236_237    0.00%    passed     57.54%
   9  n274_275    0.00%    passed     35.05%
  10  n289_290    0.00%    passed     61.36%
  11  n296_297    0.00%    passed     45.23%
  12  n275_276    0.00%    passed     57.33%
  13  n292_293    0.00%    passed     30.36%
  14  n278_279    0.00%    failed      0.85%
  15  n298_299    0.00%    passed     51.41%
  16  n297_298    0.00%    passed     53.26%
  17  n286_287    0.00%    passed     43.16%
  18  n285_286    0.00%    passed     61.32%
  19  n287_288    0.00%    passed     45.34%
  20  n251_252    0.00%    passed     14.21%
  21  n294_295    0.00%    passed     39.63%
  22  n295_296    0.00%    passed     87.56%
  23  n266_267    0.00%    passed     45.36%
  24  n265_266    0.00%    passed     91.49%
  25  n280_281    0.00%    passed     58.69%
  26  n293_294    0.00%    passed     26.10%
****  TOTAL       0.00%  2 sequences failed composition chi2 test (p-value<5%; df=3)

Create initial parsimony tree by phylogenetic likelihood library (PLL)... 0.001 seconds

NOTE: 1 MB RAM is required!
Estimate model parameters (epsilon = 0.100)
1. Initial log-likelihood: -5243.989
2. Current log-likelihood: -5155.866
3. Current log-likelihood: -5143.883
4. Current log-likelihood: -5141.478
5. Current log-likelihood: -5140.868
6. Current log-likelihood: -5140.752
Optimal log-likelihood: -5140.694
Rate parameters:  A-C: 0.844  A-G: 1.036  A-T: 0.948  C-G: 0.724  C-T: 0.989  G-T: 1.000
Base frequencies:   A: 0.217  C: 0.289  G: 0.259  T: 0.235
Gamma shape alpha: 3.785
Parameters optimization took 6 rounds (0.079 sec)
--------------------------------------------------------------------
|             INITIALIZING CANDIDATE TREE SET                      |
--------------------------------------------------------------------
Computing ML distances based on estimated model parameters... 0.004 sec
WARNING: Some pairwise ML distances are too long (saturated)
Computing BIONJ tree...
0.000 seconds
Log-likelihood of BIONJ tree: -5148.559
Generating 98 parsimony trees... 0.143 seconds 3 distinct starting trees
Computing log-likelihood of 3 initial trees ... 0.003 seconds
Optimizing top 3 initial trees with NNI...
Iteration 1 / LogL: -5140.242 / Time: 0h:0m:0s
Estimate model parameters (epsilon = 0.100)
BETTER TREE FOUND at iteration 1: -5140.191
Iteration 2 / LogL: -5140.333 / Time: 0h:0m:0s
Iteration 3 / LogL: -5140.274 / Time: 0h:0m:0s
Average CPU time for 1 NNI search: 0.016
Finish initializing candidate tree set. Number of distinct locally optimal trees: 1
Current best tree score: -5140.191 / CPU time: 0.196
--------------------------------------------------------------------
|               OPTIMIZING CANDIDATE TREE SET                      |
--------------------------------------------------------------------
Iteration 10 / LogL: -5152.664 / Time: 0h:0m:0s
Iteration 20 / LogL: -5159.259 / Time: 0h:0m:0s (0h:0m:3s left)
Iteration 30 / LogL: -5140.328 / Time: 0h:0m:1s (0h:0m:2s left)
Iteration 40 / LogL: -5142.393 / Time: 0h:0m:1s (0h:0m:2s left)
Iteration 50 / LogL: -5140.309 / Time: 0h:0m:1s (0h:0m:1s left)
Iteration 60 / LogL: -5140.985 / Time: 0h:0m:2s (0h:0m:1s left)
Iteration 70 / LogL: -5140.426 / Time: 0h:0m:2s (0h:0m:1s left)
Estimate model parameters (epsilon = 0.010)
BETTER TREE FOUND at iteration 71: -5139.994
Iteration 80 / LogL: -5140.987 / Time: 0h:0m:2s (0h:0m:3s left)
Iteration 90 / LogL: -5141.001 / Time: 0h:0m:3s (0h:0m:3s left)
Iteration 100 / LogL: -5140.202 / Time: 0h:0m:3s (0h:0m:2s left)
Iteration 110 / LogL: -5140.758 / Time: 0h:0m:3s (0h:0m:2s left)
Iteration 120 / LogL: -5140.978 / Time: 0h:0m:4s (0h:0m:1s left)
Iteration 130 / LogL: -5140.597 / Time: 0h:0m:4s (0h:0m:1s left)
Iteration 140 / LogL: -5140.930 / Time: 0h:0m:4s (0h:0m:1s left)
Iteration 150 / LogL: -5140.516 / Time: 0h:0m:5s (0h:0m:0s left)
Iteration 160 / LogL: -5140.381 / Time: 0h:0m:5s (0h:0m:0s left)
Iteration 170 / LogL: -5141.186 / Time: 0h:0m:6s (0h:0m:0s left)
TREE SEARCH COMPLETED AFTER 171 ITERATIONS / Time: 0h:0m:6s

--------------------------------------------------------------------
|                    FINALIZING TREE SEARCH                        |
--------------------------------------------------------------------
Performs final model parameters optimization
Estimate model parameters (epsilon = 0.010)
1. Initial log-likelihood: -5139.994
Optimal log-likelihood: -5139.991
Rate parameters:  A-C: 0.837  A-G: 1.041  A-T: 0.960  C-G: 0.723  C-T: 0.996  G-T: 1.000
Base frequencies:   A: 0.217  C: 0.289  G: 0.259  T: 0.235
Gamma shape alpha: 3.679
Parameters optimization took 1 rounds (0.009 sec)
BEST SCORE FOUND : -5139.991

Testing tree branches by SH-like aLRT with 1000 replicates...
CPU Time used:  0.128 sec.
Total tree length: 8.736

Total number of iterations: 171
CPU time used for tree search: 5.912 sec (0h:0m:5s)
Wall-clock time used for tree search: 5.915 sec (0h:0m:5s)
Total CPU time used: 6.164 sec (0h:0m:6s)
Total wall-clock time used: 6.172 sec (0h:0m:6s)

Analysis results written to: 
  IQ-TREE report:                ../simulations/data_D10T10L20I10T10//S/578_pruned.fasta.iqtree
  Maximum-likelihood tree:       ../simulations/data_D10T10L20I10T10//S/578_pruned.fasta.treefile
  Likelihood distances:          ../simulations/data_D10T10L20I10T10//S/578_pruned.fasta.mldist
  Screen log file:               ../simulations/data_D10T10L20I10T10//S/578_pruned.fasta.log

Date and Time: Mon Jun  4 00:50:42 2018
