IQ-TREE version 1.4.2 for Linux 64-bit built Apr 15 2016
Copyright (c) 2011-2015 Nguyen Lam Tung, Olga Chernomor, Arndt von Haeseler and Bui Quang Minh.

Host:    meduse (AVX2, FMA3, 7 GB RAM)
Command: iqtree -s ../simulations/data_D10T10L20I10T10//S/582_pruned.fasta -m GTR+G -alrt 1000 -redo
Seed:    477792 (Using SPRNG - Scalable Parallel Random Number Generator)
Time:    Mon Jun  4 01:04:20 2018
Kernel:  AVX

NOTE: Consider using the multicore version because your CPU has 4 cores!

Reading alignment file ../simulations/data_D10T10L20I10T10//S/582_pruned.fasta ... Fasta format detected
Alignment most likely contains DNA/RNA sequences
Alignment has 14 sequences with 300 columns and 290 patterns (282 informative sites)
          Gap/Ambiguity  Composition  p-value
   1  n274_243    0.00%    passed     76.07%
   2  n255_230    0.00%    passed     88.50%
   3  n244_219    0.00%    passed     61.22%
   4  n285_250    0.00%    passed     90.55%
   5  n277_244    0.00%    passed     73.07%
   6  n292_253    0.00%    passed     99.22%
   7  n299_254    0.00%    passed     90.62%
   8  n278_245    0.00%    passed     61.39%
   9  n265_238    0.00%    passed     66.16%
  10  n300_255    0.00%    passed     93.17%
  11  n251_226    0.00%    passed     98.38%
  12  n280_247    0.00%    passed     75.59%
  13  n266_239    0.00%    passed     82.14%
  14  n286_251    0.00%    passed     76.00%
****  TOTAL       0.00%  0 sequences failed composition chi2 test (p-value<5%; df=3)

Create initial parsimony tree by phylogenetic likelihood library (PLL)... 0.000 seconds

NOTE: 0 MB RAM is required!
Estimate model parameters (epsilon = 0.100)
1. Initial log-likelihood: -3345.868
2. Current log-likelihood: -3273.978
3. Current log-likelihood: -3266.549
4. Current log-likelihood: -3263.150
5. Current log-likelihood: -3261.880
6. Current log-likelihood: -3261.392
7. Current log-likelihood: -3261.223
Optimal log-likelihood: -3261.112
Rate parameters:  A-C: 1.153  A-G: 1.414  A-T: 1.265  C-G: 0.770  C-T: 1.558  G-T: 1.000
Base frequencies:   A: 0.222  C: 0.265  G: 0.273  T: 0.239
Gamma shape alpha: 3.237
Parameters optimization took 7 rounds (0.046 sec)
--------------------------------------------------------------------
|             INITIALIZING CANDIDATE TREE SET                      |
--------------------------------------------------------------------
Computing ML distances based on estimated model parameters... 0.004 sec
Computing BIONJ tree...
0.000 seconds
Log-likelihood of BIONJ tree: -3261.045
Generating 99 parsimony trees... 0.044 seconds 2 distinct starting trees
Computing log-likelihood of 2 initial trees ... 0.001 seconds
Optimizing top 2 initial trees with NNI...
Iteration 1 / LogL: -3261.045 / Time: 0h:0m:0s
Estimate model parameters (epsilon = 0.100)
BETTER SCORE FOUND at iteration 1: -3261.020
Iteration 2 / LogL: -3261.160 / Time: 0h:0m:0s
Average CPU time for 1 NNI search: 0.008
Finish initializing candidate tree set. Number of distinct locally optimal trees: 1
Current best tree score: -3261.020 / CPU time: 0.060
--------------------------------------------------------------------
|               OPTIMIZING CANDIDATE TREE SET                      |
--------------------------------------------------------------------
Estimate model parameters (epsilon = 0.010)
BETTER TREE FOUND at iteration 3: -3260.704
Iteration 10 / LogL: -3261.480 / Time: 0h:0m:0s
Iteration 20 / LogL: -3261.989 / Time: 0h:0m:0s (0h:0m:1s left)
Iteration 30 / LogL: -3261.714 / Time: 0h:0m:0s (0h:0m:1s left)
Iteration 40 / LogL: -3262.555 / Time: 0h:0m:0s (0h:0m:1s left)
Iteration 50 / LogL: -3261.754 / Time: 0h:0m:0s (0h:0m:0s left)
Iteration 60 / LogL: -3261.533 / Time: 0h:0m:0s (0h:0m:0s left)
Iteration 70 / LogL: -3261.418 / Time: 0h:0m:1s (0h:0m:0s left)
Iteration 80 / LogL: -3261.410 / Time: 0h:0m:1s (0h:0m:0s left)
Iteration 90 / LogL: -3261.627 / Time: 0h:0m:1s (0h:0m:0s left)
Iteration 100 / LogL: -3491.158 / Time: 0h:0m:1s (0h:0m:0s left)
TREE SEARCH COMPLETED AFTER 103 ITERATIONS / Time: 0h:0m:1s

--------------------------------------------------------------------
|                    FINALIZING TREE SEARCH                        |
--------------------------------------------------------------------
Performs final model parameters optimization
Estimate model parameters (epsilon = 0.010)
1. Initial log-likelihood: -3260.704
Optimal log-likelihood: -3260.702
Rate parameters:  A-C: 1.153  A-G: 1.379  A-T: 1.250  C-G: 0.767  C-T: 1.541  G-T: 1.000
Base frequencies:   A: 0.222  C: 0.265  G: 0.273  T: 0.239
Gamma shape alpha: 3.447
Parameters optimization took 1 rounds (0.003 sec)
BEST SCORE FOUND : -3260.702

Testing tree branches by SH-like aLRT with 1000 replicates...
CPU Time used:  0.060 sec.
Total tree length: 6.679

Total number of iterations: 103
CPU time used for tree search: 1.348 sec (0h:0m:1s)
Wall-clock time used for tree search: 1.353 sec (0h:0m:1s)
Total CPU time used: 1.480 sec (0h:0m:1s)
Total wall-clock time used: 1.483 sec (0h:0m:1s)

Analysis results written to: 
  IQ-TREE report:                ../simulations/data_D10T10L20I10T10//S/582_pruned.fasta.iqtree
  Maximum-likelihood tree:       ../simulations/data_D10T10L20I10T10//S/582_pruned.fasta.treefile
  Likelihood distances:          ../simulations/data_D10T10L20I10T10//S/582_pruned.fasta.mldist
  Screen log file:               ../simulations/data_D10T10L20I10T10//S/582_pruned.fasta.log

Date and Time: Mon Jun  4 01:04:21 2018
