IQ-TREE version 1.4.2 for Linux 64-bit built Apr 15 2016
Copyright (c) 2011-2015 Nguyen Lam Tung, Olga Chernomor, Arndt von Haeseler and Bui Quang Minh.

Host:    meduse (AVX2, FMA3, 7 GB RAM)
Command: iqtree -s ../simulations/data_D10T10L20I10T10//S/58_pruned.fasta -m GTR+G -alrt 1000 -redo
Seed:    393612 (Using SPRNG - Scalable Parallel Random Number Generator)
Time:    Mon Jun  4 01:16:38 2018
Kernel:  AVX

NOTE: Consider using the multicore version because your CPU has 4 cores!

Reading alignment file ../simulations/data_D10T10L20I10T10//S/58_pruned.fasta ... Fasta format detected
Alignment most likely contains DNA/RNA sequences
Alignment has 26 sequences with 300 columns and 300 patterns (297 informative sites)
          Gap/Ambiguity  Composition  p-value
   1  n295_298    0.00%    passed     99.25%
   2  n266_269    0.00%    passed     48.08%
   3  n255_258    0.00%    passed     93.10%
   4  n277_280    0.00%    passed     99.95%
   5  n299_302    0.00%    passed     70.07%
   6  n287_290    0.00%    passed     63.63%
   7  n274_277    0.00%    passed     64.01%
   8  n275_278    0.00%    passed     91.01%
   9  n278_281    0.00%    passed     99.63%
  10  n286_289    0.00%    passed     35.21%
  11  n236_239    0.00%    passed     61.40%
  12  n297_300    0.00%    passed     88.80%
  13  n293_296    0.00%    passed     92.38%
  14  n285_288    0.00%    passed     22.58%
  15  n251_254    0.00%    passed     56.67%
  16  n296_299    0.00%    passed     92.91%
  17  n294_297    0.00%    passed     86.60%
  18  n289_292    0.00%    passed     40.13%
  19  n290_293    0.00%    passed     65.63%
  20  n280_283    0.00%    passed     70.72%
  21  n200_203    0.00%    passed     78.66%
  22  n298_301    0.00%    passed     95.48%
  23  n292_295    0.00%    passed     77.37%
  24  n300_303    0.00%    passed     70.31%
  25  n244_247    0.00%    passed     17.71%
  26  n265_268    0.00%    passed     88.49%
****  TOTAL       0.00%  0 sequences failed composition chi2 test (p-value<5%; df=3)

Create initial parsimony tree by phylogenetic likelihood library (PLL)... 0.002 seconds

NOTE: 1 MB RAM is required!
Estimate model parameters (epsilon = 0.100)
1. Initial log-likelihood: -5349.174
2. Current log-likelihood: -5253.199
3. Current log-likelihood: -5236.567
4. Current log-likelihood: -5233.057
5. Current log-likelihood: -5232.206
6. Current log-likelihood: -5232.044
Optimal log-likelihood: -5231.989
Rate parameters:  A-C: 1.343  A-G: 1.118  A-T: 1.043  C-G: 0.887  C-T: 1.453  G-T: 1.000
Base frequencies:   A: 0.237  C: 0.268  G: 0.254  T: 0.240
Gamma shape alpha: 6.648
Parameters optimization took 6 rounds (0.075 sec)
--------------------------------------------------------------------
|             INITIALIZING CANDIDATE TREE SET                      |
--------------------------------------------------------------------
Computing ML distances based on estimated model parameters... 0.004 sec
WARNING: Some pairwise ML distances are too long (saturated)
Computing BIONJ tree...
0.000 seconds
Log-likelihood of BIONJ tree: -5259.679
Generating 98 parsimony trees... 0.156 seconds 2 distinct starting trees
Computing log-likelihood of 2 initial trees ... 0.000 seconds
Optimizing top 2 initial trees with NNI...
Iteration 1 / LogL: -5231.860 / Time: 0h:0m:0s
Estimate model parameters (epsilon = 0.100)
BETTER TREE FOUND at iteration 1: -5231.697
Iteration 2 / LogL: -5231.855 / Time: 0h:0m:0s
Average CPU time for 1 NNI search: 0.022
Finish initializing candidate tree set. Number of distinct locally optimal trees: 1
Current best tree score: -5231.697 / CPU time: 0.200
--------------------------------------------------------------------
|               OPTIMIZING CANDIDATE TREE SET                      |
--------------------------------------------------------------------
Iteration 10 / LogL: -5231.937 / Time: 0h:0m:0s
Iteration 20 / LogL: -5245.410 / Time: 0h:0m:0s (0h:0m:4s left)
Iteration 30 / LogL: -5235.284 / Time: 0h:0m:1s (0h:0m:3s left)
Iteration 40 / LogL: -5235.572 / Time: 0h:0m:1s (0h:0m:2s left)
Iteration 50 / LogL: -5234.137 / Time: 0h:0m:2s (0h:0m:2s left)
Iteration 60 / LogL: -5232.590 / Time: 0h:0m:2s (0h:0m:1s left)
Iteration 70 / LogL: -5231.913 / Time: 0h:0m:2s (0h:0m:1s left)
Iteration 80 / LogL: -5238.037 / Time: 0h:0m:3s (0h:0m:0s left)
Iteration 90 / LogL: -5238.683 / Time: 0h:0m:3s (0h:0m:0s left)
Iteration 100 / LogL: -5232.148 / Time: 0h:0m:3s (0h:0m:0s left)
TREE SEARCH COMPLETED AFTER 101 ITERATIONS / Time: 0h:0m:3s

--------------------------------------------------------------------
|                    FINALIZING TREE SEARCH                        |
--------------------------------------------------------------------
Performs final model parameters optimization
Estimate model parameters (epsilon = 0.010)
1. Initial log-likelihood: -5231.697
2. Current log-likelihood: -5231.685
Optimal log-likelihood: -5231.681
Rate parameters:  A-C: 1.359  A-G: 1.142  A-T: 1.054  C-G: 0.919  C-T: 1.469  G-T: 1.000
Base frequencies:   A: 0.237  C: 0.268  G: 0.254  T: 0.240
Gamma shape alpha: 6.896
Parameters optimization took 2 rounds (0.017 sec)
BEST SCORE FOUND : -5231.681

Testing tree branches by SH-like aLRT with 1000 replicates...
CPU Time used:  0.128 sec.
Total tree length: 8.427

Total number of iterations: 101
CPU time used for tree search: 3.724 sec (0h:0m:3s)
Wall-clock time used for tree search: 3.726 sec (0h:0m:3s)
Total CPU time used: 3.984 sec (0h:0m:3s)
Total wall-clock time used: 3.988 sec (0h:0m:3s)

Analysis results written to: 
  IQ-TREE report:                ../simulations/data_D10T10L20I10T10//S/58_pruned.fasta.iqtree
  Maximum-likelihood tree:       ../simulations/data_D10T10L20I10T10//S/58_pruned.fasta.treefile
  Likelihood distances:          ../simulations/data_D10T10L20I10T10//S/58_pruned.fasta.mldist
  Screen log file:               ../simulations/data_D10T10L20I10T10//S/58_pruned.fasta.log

Date and Time: Mon Jun  4 01:16:42 2018
