IQ-TREE version 1.4.2 for Linux 64-bit built Apr 15 2016
Copyright (c) 2011-2015 Nguyen Lam Tung, Olga Chernomor, Arndt von Haeseler and Bui Quang Minh.

Host:    meduse (AVX2, FMA3, 7 GB RAM)
Command: iqtree -s ../simulations/data_D10T10L20I10T10//S/591_pruned.fasta -m GTR+G -alrt 1000 -redo
Seed:    169856 (Using SPRNG - Scalable Parallel Random Number Generator)
Time:    Fri Jun  1 10:30:26 2018
Kernel:  AVX

NOTE: Consider using the multicore version because your CPU has 4 cores!

Reading alignment file ../simulations/data_D10T10L20I10T10//S/591_pruned.fasta ... Fasta format detected
Alignment most likely contains DNA/RNA sequences
Alignment has 16 sequences with 300 columns and 156 patterns (147 informative sites)
          Gap/Ambiguity  Composition  p-value
   1  n285_274    0.00%    passed     98.29%
   2  n244_243    0.00%    passed     82.64%
   3  n300_279    0.00%    passed     98.93%
   4  n265_262    0.00%    passed     97.98%
   5  n280_271    0.00%    passed     97.45%
   6  n292_277    0.00%    passed     96.31%
   7  n251_250    0.00%    passed     92.92%
   8  n277_268    0.00%    passed     87.98%
   9  n278_269    0.00%    passed     92.14%
  10  n286_275    0.00%    passed     99.42%
  11  n255_254    0.00%    passed     96.29%
  12  n200_201    0.00%    passed     87.66%
  13  n299_278    0.00%    passed     98.93%
  14  n266_263    0.00%    passed     95.70%
  15  n274_267    0.00%    passed     97.03%
  16  n236_237    0.00%    passed     77.90%
****  TOTAL       0.00%  0 sequences failed composition chi2 test (p-value<5%; df=3)
NOTE: 1 identical sequences (see below) will be ignored for subsequent analysis
NOTE: n299_278 (identical to n300_279) is ignored but added at the end

Create initial parsimony tree by phylogenetic likelihood library (PLL)... 0.000 seconds

NOTE: 0 MB RAM is required!
Estimate model parameters (epsilon = 0.100)
1. Initial log-likelihood: -1827.680
2. Current log-likelihood: -1810.753
3. Current log-likelihood: -1810.614
Optimal log-likelihood: -1810.598
Rate parameters:  A-C: 0.728  A-G: 1.245  A-T: 0.798  C-G: 1.488  C-T: 1.061  G-T: 1.000
Base frequencies:   A: 0.270  C: 0.257  G: 0.223  T: 0.250
Gamma shape alpha: 2.542
Parameters optimization took 3 rounds (0.010 sec)
--------------------------------------------------------------------
|             INITIALIZING CANDIDATE TREE SET                      |
--------------------------------------------------------------------
Computing ML distances based on estimated model parameters... 0.004 sec
Computing BIONJ tree...
0.000 seconds
Log-likelihood of BIONJ tree: -1810.597
Generating 98 parsimony trees... 0.037 seconds 3 distinct starting trees
Computing log-likelihood of 3 initial trees ... 0.001 seconds
Optimizing top 3 initial trees with NNI...
Iteration 1 / LogL: -1810.597 / Time: 0h:0m:0s
Estimate model parameters (epsilon = 0.100)
BETTER SCORE FOUND at iteration 1: -1810.589
Iteration 2 / LogL: -1810.590 / Time: 0h:0m:0s
Iteration 3 / LogL: -1810.589 / Time: 0h:0m:0s
Average CPU time for 1 NNI search: 0.003
Finish initializing candidate tree set. Number of distinct locally optimal trees: 2
Current best tree score: -1810.589 / CPU time: 0.048
--------------------------------------------------------------------
|               OPTIMIZING CANDIDATE TREE SET                      |
--------------------------------------------------------------------
Iteration 10 / LogL: -1810.590 / Time: 0h:0m:0s
Iteration 20 / LogL: -1810.589 / Time: 0h:0m:0s (0h:0m:0s left)
Iteration 30 / LogL: -1823.772 / Time: 0h:0m:0s (0h:0m:0s left)
Iteration 40 / LogL: -1810.629 / Time: 0h:0m:0s (0h:0m:0s left)
Iteration 50 / LogL: -1810.589 / Time: 0h:0m:0s (0h:0m:0s left)
Iteration 60 / LogL: -2145.342 / Time: 0h:0m:0s (0h:0m:0s left)
Iteration 70 / LogL: -1810.589 / Time: 0h:0m:0s (0h:0m:0s left)
Iteration 80 / LogL: -1823.598 / Time: 0h:0m:0s (0h:0m:0s left)
Iteration 90 / LogL: -1823.772 / Time: 0h:0m:0s (0h:0m:0s left)
Iteration 100 / LogL: -1810.604 / Time: 0h:0m:0s (0h:0m:0s left)
TREE SEARCH COMPLETED AFTER 101 ITERATIONS / Time: 0h:0m:0s

--------------------------------------------------------------------
|                    FINALIZING TREE SEARCH                        |
--------------------------------------------------------------------
Performs final model parameters optimization
Estimate model parameters (epsilon = 0.010)
1. Initial log-likelihood: -1810.589
Optimal log-likelihood: -1810.583
Rate parameters:  A-C: 0.737  A-G: 1.260  A-T: 0.811  C-G: 1.507  C-T: 1.073  G-T: 1.000
Base frequencies:   A: 0.270  C: 0.257  G: 0.223  T: 0.250
Gamma shape alpha: 2.542
Parameters optimization took 1 rounds (0.002 sec)
BEST SCORE FOUND : -1810.583

Testing tree branches by SH-like aLRT with 1000 replicates...
CPU Time used:  0.056 sec.
Total tree length: 1.126

Total number of iterations: 101
CPU time used for tree search: 0.720 sec (0h:0m:0s)
Wall-clock time used for tree search: 0.723 sec (0h:0m:0s)
Total CPU time used: 0.796 sec (0h:0m:0s)
Total wall-clock time used: 0.800 sec (0h:0m:0s)

Analysis results written to: 
  IQ-TREE report:                ../simulations/data_D10T10L20I10T10//S/591_pruned.fasta.iqtree
  Maximum-likelihood tree:       ../simulations/data_D10T10L20I10T10//S/591_pruned.fasta.treefile
  Likelihood distances:          ../simulations/data_D10T10L20I10T10//S/591_pruned.fasta.mldist
  Screen log file:               ../simulations/data_D10T10L20I10T10//S/591_pruned.fasta.log

Date and Time: Fri Jun  1 10:30:26 2018
