IQ-TREE version 1.4.2 for Linux 64-bit built Apr 15 2016
Copyright (c) 2011-2015 Nguyen Lam Tung, Olga Chernomor, Arndt von Haeseler and Bui Quang Minh.

Host:    meduse (AVX2, FMA3, 7 GB RAM)
Command: iqtree -s ../simulations/data_D10T10L20I10T10//S/592_pruned.fasta -m GTR+G -alrt 1000 -redo
Seed:    844433 (Using SPRNG - Scalable Parallel Random Number Generator)
Time:    Mon Jun  4 00:34:11 2018
Kernel:  AVX

NOTE: Consider using the multicore version because your CPU has 4 cores!

Reading alignment file ../simulations/data_D10T10L20I10T10//S/592_pruned.fasta ... Fasta format detected
Alignment most likely contains DNA/RNA sequences
Alignment has 26 sequences with 300 columns and 298 patterns (292 informative sites)
          Gap/Ambiguity  Composition  p-value
   1  n299_300    0.00%    passed     98.29%
   2  n300_301    0.00%    passed     97.88%
   3  n290_291    0.00%    passed     89.16%
   4  n244_245    0.00%    passed     10.33%
   5  n255_256    0.00%    failed      0.87%
   6  n277_278    0.00%    passed     33.24%
   7  n200_201    0.00%    passed     57.29%
   8  n236_237    0.00%    passed     56.76%
   9  n274_275    0.00%    passed     98.29%
  10  n289_290    0.00%    passed     94.09%
  11  n296_297    0.00%    passed     94.16%
  12  n275_276    0.00%    passed     55.33%
  13  n292_293    0.00%    passed     98.29%
  14  n278_279    0.00%    passed     41.38%
  15  n298_299    0.00%    passed     52.04%
  16  n297_298    0.00%    passed     42.95%
  17  n286_287    0.00%    passed     75.60%
  18  n285_286    0.00%    passed     58.43%
  19  n287_288    0.00%    passed     99.28%
  20  n251_252    0.00%    failed      0.30%
  21  n294_295    0.00%    passed     74.93%
  22  n295_296    0.00%    passed     94.66%
  23  n266_267    0.00%    passed     59.04%
  24  n265_266    0.00%    passed     23.50%
  25  n280_281    0.00%    passed     92.80%
  26  n293_294    0.00%    passed     66.48%
****  TOTAL       0.00%  2 sequences failed composition chi2 test (p-value<5%; df=3)

Create initial parsimony tree by phylogenetic likelihood library (PLL)... 0.001 seconds

NOTE: 1 MB RAM is required!
Estimate model parameters (epsilon = 0.100)
1. Initial log-likelihood: -5154.523
2. Current log-likelihood: -5063.839
3. Current log-likelihood: -5046.970
4. Current log-likelihood: -5043.363
5. Current log-likelihood: -5042.678
6. Current log-likelihood: -5042.574
Optimal log-likelihood: -5042.539
Rate parameters:  A-C: 1.164  A-G: 1.251  A-T: 1.268  C-G: 0.926  C-T: 1.574  G-T: 1.000
Base frequencies:   A: 0.210  C: 0.278  G: 0.267  T: 0.245
Gamma shape alpha: 5.523
Parameters optimization took 6 rounds (0.077 sec)
--------------------------------------------------------------------
|             INITIALIZING CANDIDATE TREE SET                      |
--------------------------------------------------------------------
Computing ML distances based on estimated model parameters... 0.004 sec
Computing BIONJ tree...
0.000 seconds
Log-likelihood of BIONJ tree: -5044.897
Generating 98 parsimony trees... 0.154 seconds 4 distinct starting trees
Computing log-likelihood of 4 initial trees ... 0.006 seconds
Optimizing top 4 initial trees with NNI...
Iteration 1 / LogL: -5042.416 / Time: 0h:0m:0s
Estimate model parameters (epsilon = 0.100)
BETTER TREE FOUND at iteration 1: -5042.381
Iteration 2 / LogL: -5042.712 / Time: 0h:0m:0s
Iteration 3 / LogL: -5042.712 / Time: 0h:0m:0s
Iteration 4 / LogL: -5042.368 / Time: 0h:0m:0s
Estimate model parameters (epsilon = 0.100)
BETTER SCORE FOUND at iteration 4: -5042.362
Average CPU time for 1 NNI search: 0.017
Finish initializing candidate tree set. Number of distinct locally optimal trees: 3
Current best tree score: -5042.362 / CPU time: 0.228
--------------------------------------------------------------------
|               OPTIMIZING CANDIDATE TREE SET                      |
--------------------------------------------------------------------
Estimate model parameters (epsilon = 0.010)
BETTER TREE FOUND at iteration 9: -5042.118
Iteration 10 / LogL: -5042.217 / Time: 0h:0m:0s
Iteration 20 / LogL: -5042.138 / Time: 0h:0m:0s (0h:0m:4s left)
Iteration 30 / LogL: -5050.653 / Time: 0h:0m:1s (0h:0m:3s left)
Iteration 40 / LogL: -5042.306 / Time: 0h:0m:1s (0h:0m:2s left)
Iteration 50 / LogL: -5051.144 / Time: 0h:0m:1s (0h:0m:2s left)
Iteration 60 / LogL: -5053.409 / Time: 0h:0m:2s (0h:0m:1s left)
Iteration 70 / LogL: -5042.498 / Time: 0h:0m:2s (0h:0m:1s left)
Iteration 80 / LogL: -5043.753 / Time: 0h:0m:2s (0h:0m:1s left)
Iteration 90 / LogL: -5042.299 / Time: 0h:0m:3s (0h:0m:0s left)
Iteration 100 / LogL: -5042.908 / Time: 0h:0m:3s (0h:0m:0s left)
TREE SEARCH COMPLETED AFTER 109 ITERATIONS / Time: 0h:0m:3s

--------------------------------------------------------------------
|                    FINALIZING TREE SEARCH                        |
--------------------------------------------------------------------
Performs final model parameters optimization
Estimate model parameters (epsilon = 0.010)
1. Initial log-likelihood: -5042.118
Optimal log-likelihood: -5042.117
Rate parameters:  A-C: 1.164  A-G: 1.241  A-T: 1.274  C-G: 0.922  C-T: 1.596  G-T: 1.000
Base frequencies:   A: 0.210  C: 0.278  G: 0.267  T: 0.245
Gamma shape alpha: 5.421
Parameters optimization took 1 rounds (0.007 sec)
BEST SCORE FOUND : -5042.117

Testing tree branches by SH-like aLRT with 1000 replicates...
CPU Time used:  0.120 sec.
Total tree length: 7.996

Total number of iterations: 109
CPU time used for tree search: 3.820 sec (0h:0m:3s)
Wall-clock time used for tree search: 3.823 sec (0h:0m:3s)
Total CPU time used: 4.048 sec (0h:0m:4s)
Total wall-clock time used: 4.054 sec (0h:0m:4s)

Analysis results written to: 
  IQ-TREE report:                ../simulations/data_D10T10L20I10T10//S/592_pruned.fasta.iqtree
  Maximum-likelihood tree:       ../simulations/data_D10T10L20I10T10//S/592_pruned.fasta.treefile
  Likelihood distances:          ../simulations/data_D10T10L20I10T10//S/592_pruned.fasta.mldist
  Screen log file:               ../simulations/data_D10T10L20I10T10//S/592_pruned.fasta.log

Date and Time: Mon Jun  4 00:34:15 2018
