IQ-TREE version 1.4.2 for Linux 64-bit built Apr 15 2016
Copyright (c) 2011-2015 Nguyen Lam Tung, Olga Chernomor, Arndt von Haeseler and Bui Quang Minh.

Host:    meduse (AVX2, FMA3, 7 GB RAM)
Command: iqtree -s ../simulations/data_D10T10L20I10T10//S/593_pruned.fasta -m GTR+G -alrt 1000 -redo
Seed:    36867 (Using SPRNG - Scalable Parallel Random Number Generator)
Time:    Fri Jun  1 10:31:28 2018
Kernel:  AVX

NOTE: Consider using the multicore version because your CPU has 4 cores!

Reading alignment file ../simulations/data_D10T10L20I10T10//S/593_pruned.fasta ... Fasta format detected
Alignment most likely contains DNA/RNA sequences
Alignment has 26 sequences with 300 columns and 170 patterns (153 informative sites)
          Gap/Ambiguity  Composition  p-value
   1  n292_293    0.00%    passed     99.17%
   2  n287_288    0.00%    passed     97.04%
   3  n290_291    0.00%    passed     98.87%
   4  n294_295    0.00%    passed     99.13%
   5  n251_252    0.00%    passed     63.65%
   6  n286_287    0.00%    passed     86.89%
   7  n300_301    0.00%    passed     99.17%
   8  n275_276    0.00%    passed     99.12%
   9  n274_275    0.00%    passed     99.12%
  10  n289_290    0.00%    passed     98.21%
  11  n255_256    0.00%    passed     85.64%
  12  n236_237    0.00%    passed     98.20%
  13  n299_300    0.00%    passed     93.98%
  14  n278_279    0.00%    passed     99.15%
  15  n297_298    0.00%    passed     95.74%
  16  n298_299    0.00%    passed     95.74%
  17  n244_245    0.00%    passed     70.71%
  18  n293_294    0.00%    passed     99.36%
  19  n296_297    0.00%    passed     96.72%
  20  n295_296    0.00%    passed     93.91%
  21  n266_267    0.00%    passed     93.77%
  22  n200_201    0.00%    passed     92.58%
  23  n285_286    0.00%    passed     87.96%
  24  n277_278    0.00%    passed     98.43%
  25  n280_281    0.00%    passed     91.81%
  26  n265_266    0.00%    passed     87.15%
****  TOTAL       0.00%  0 sequences failed composition chi2 test (p-value<5%; df=3)
NOTE: 2 identical sequences (see below) will be ignored for subsequent analysis
NOTE: n300_301 (identical to n292_293) is ignored but added at the end
NOTE: n298_299 (identical to n297_298) is ignored but added at the end

Create initial parsimony tree by phylogenetic likelihood library (PLL)... 0.001 seconds

NOTE: 0 MB RAM is required!
Estimate model parameters (epsilon = 0.100)
1. Initial log-likelihood: -1971.774
2. Current log-likelihood: -1933.021
3. Current log-likelihood: -1932.725
Optimal log-likelihood: -1932.648
Rate parameters:  A-C: 1.360  A-G: 1.283  A-T: 1.132  C-G: 1.116  C-T: 1.294  G-T: 1.000
Base frequencies:   A: 0.233  C: 0.236  G: 0.282  T: 0.249
Gamma shape alpha: 6.674
Parameters optimization took 3 rounds (0.016 sec)
--------------------------------------------------------------------
|             INITIALIZING CANDIDATE TREE SET                      |
--------------------------------------------------------------------
Computing ML distances based on estimated model parameters... 0.000 sec
Computing BIONJ tree...
0.000 seconds
Log-likelihood of BIONJ tree: -1932.647
Generating 98 parsimony trees... 0.079 seconds 50 distinct starting trees
Computing log-likelihood of 50 initial trees ... 0.079 seconds
Optimizing top 20 initial trees with NNI...
Iteration 1 / LogL: -1932.647 / Time: 0h:0m:0s
Estimate model parameters (epsilon = 0.100)
BETTER SCORE FOUND at iteration 1: -1932.621
Iteration 2 / LogL: -1932.623 / Time: 0h:0m:0s
Iteration 3 / LogL: -1932.623 / Time: 0h:0m:0s
Iteration 4 / LogL: -1932.623 / Time: 0h:0m:0s
Iteration 5 / LogL: -1932.623 / Time: 0h:0m:0s
Iteration 6 / LogL: -1932.623 / Time: 0h:0m:0s
Iteration 7 / LogL: -1932.623 / Time: 0h:0m:0s
Iteration 8 / LogL: -1932.623 / Time: 0h:0m:0s
Iteration 9 / LogL: -1932.623 / Time: 0h:0m:0s
Iteration 10 / LogL: -1932.623 / Time: 0h:0m:0s
Iteration 11 / LogL: -1932.623 / Time: 0h:0m:0s
Iteration 12 / LogL: -1932.623 / Time: 0h:0m:0s
Iteration 13 / LogL: -1932.623 / Time: 0h:0m:0s
Iteration 14 / LogL: -1932.623 / Time: 0h:0m:0s
Iteration 15 / LogL: -1932.623 / Time: 0h:0m:0s
Iteration 16 / LogL: -1932.623 / Time: 0h:0m:0s
Iteration 17 / LogL: -1932.623 / Time: 0h:0m:0s
Iteration 18 / LogL: -1932.623 / Time: 0h:0m:0s
Iteration 19 / LogL: -1932.623 / Time: 0h:0m:0s
Iteration 20 / LogL: -1932.623 / Time: 0h:0m:0s
Average CPU time for 1 NNI search: 0.004
Finish initializing candidate tree set. Number of distinct locally optimal trees: 20
Current best tree score: -1932.621 / CPU time: 0.236
--------------------------------------------------------------------
|               OPTIMIZING CANDIDATE TREE SET                      |
--------------------------------------------------------------------
Iteration 30 / LogL: -1932.753 / Time: 0h:0m:0s (0h:0m:0s left)
Iteration 40 / LogL: -1932.673 / Time: 0h:0m:0s (0h:0m:0s left)
Iteration 50 / LogL: -1932.621 / Time: 0h:0m:0s (0h:0m:0s left)
Iteration 60 / LogL: -1932.698 / Time: 0h:0m:0s (0h:0m:0s left)
Iteration 70 / LogL: -1932.628 / Time: 0h:0m:0s (0h:0m:0s left)
Iteration 80 / LogL: -1932.624 / Time: 0h:0m:1s (0h:0m:0s left)
Iteration 90 / LogL: -1932.621 / Time: 0h:0m:1s (0h:0m:0s left)
Iteration 100 / LogL: -1932.621 / Time: 0h:0m:1s (0h:0m:0s left)
TREE SEARCH COMPLETED AFTER 101 ITERATIONS / Time: 0h:0m:1s

--------------------------------------------------------------------
|                    FINALIZING TREE SEARCH                        |
--------------------------------------------------------------------
Performs final model parameters optimization
Estimate model parameters (epsilon = 0.010)
1. Initial log-likelihood: -1932.621
2. Current log-likelihood: -1932.586
3. Current log-likelihood: -1932.575
Optimal log-likelihood: -1932.572
Rate parameters:  A-C: 1.290  A-G: 1.222  A-T: 1.079  C-G: 1.049  C-T: 1.233  G-T: 1.000
Base frequencies:   A: 0.233  C: 0.236  G: 0.282  T: 0.249
Gamma shape alpha: 6.679
Parameters optimization took 3 rounds (0.010 sec)
BEST SCORE FOUND : -1932.572

Testing tree branches by SH-like aLRT with 1000 replicates...
CPU Time used:  0.100 sec.
Total tree length: 1.099

Total number of iterations: 101
CPU time used for tree search: 1.228 sec (0h:0m:1s)
Wall-clock time used for tree search: 1.236 sec (0h:0m:1s)
Total CPU time used: 1.368 sec (0h:0m:1s)
Total wall-clock time used: 1.374 sec (0h:0m:1s)

Analysis results written to: 
  IQ-TREE report:                ../simulations/data_D10T10L20I10T10//S/593_pruned.fasta.iqtree
  Maximum-likelihood tree:       ../simulations/data_D10T10L20I10T10//S/593_pruned.fasta.treefile
  Likelihood distances:          ../simulations/data_D10T10L20I10T10//S/593_pruned.fasta.mldist
  Screen log file:               ../simulations/data_D10T10L20I10T10//S/593_pruned.fasta.log

Date and Time: Fri Jun  1 10:31:29 2018
