IQ-TREE version 1.4.2 for Linux 64-bit built Apr 15 2016
Copyright (c) 2011-2015 Nguyen Lam Tung, Olga Chernomor, Arndt von Haeseler and Bui Quang Minh.

Host:    meduse (AVX2, FMA3, 7 GB RAM)
Command: iqtree -s ../simulations/data_D10T10L20I10T10//S/594_pruned.fasta -m GTR+G -alrt 1000 -redo
Seed:    603952 (Using SPRNG - Scalable Parallel Random Number Generator)
Time:    Mon Jun  4 01:10:43 2018
Kernel:  AVX

NOTE: Consider using the multicore version because your CPU has 4 cores!

Reading alignment file ../simulations/data_D10T10L20I10T10//S/594_pruned.fasta ... Fasta format detected
Alignment most likely contains DNA/RNA sequences
Alignment has 26 sequences with 300 columns and 298 patterns (295 informative sites)
          Gap/Ambiguity  Composition  p-value
   1  n299_300    0.00%    passed     24.09%
   2  n300_301    0.00%    passed     40.02%
   3  n290_291    0.00%    passed     86.45%
   4  n244_245    0.00%    passed     58.08%
   5  n255_256    0.00%    passed     46.83%
   6  n277_278    0.00%    passed     59.23%
   7  n200_201    0.00%    passed     67.64%
   8  n236_237    0.00%    passed     35.83%
   9  n274_275    0.00%    passed     42.78%
  10  n289_290    0.00%    passed     62.66%
  11  n296_297    0.00%    passed     68.60%
  12  n275_276    0.00%    passed     93.12%
  13  n292_293    0.00%    passed     31.50%
  14  n278_279    0.00%    passed     48.68%
  15  n298_299    0.00%    passed     91.25%
  16  n297_298    0.00%    passed     99.30%
  17  n286_287    0.00%    passed     66.21%
  18  n285_286    0.00%    passed     59.93%
  19  n287_288    0.00%    passed     79.02%
  20  n251_252    0.00%    passed     39.98%
  21  n294_295    0.00%    passed     66.69%
  22  n295_296    0.00%    passed     70.87%
  23  n266_267    0.00%    passed     94.97%
  24  n265_266    0.00%    passed     54.95%
  25  n280_281    0.00%    passed     34.65%
  26  n293_294    0.00%    passed     80.36%
****  TOTAL       0.00%  0 sequences failed composition chi2 test (p-value<5%; df=3)

Create initial parsimony tree by phylogenetic likelihood library (PLL)... 0.001 seconds

NOTE: 1 MB RAM is required!
Estimate model parameters (epsilon = 0.100)
1. Initial log-likelihood: -5219.017
2. Current log-likelihood: -5131.466
3. Current log-likelihood: -5117.970
4. Current log-likelihood: -5115.450
5. Current log-likelihood: -5114.951
6. Current log-likelihood: -5114.849
Optimal log-likelihood: -5114.794
Rate parameters:  A-C: 1.415  A-G: 1.105  A-T: 0.797  C-G: 0.910  C-T: 1.289  G-T: 1.000
Base frequencies:   A: 0.217  C: 0.279  G: 0.252  T: 0.252
Gamma shape alpha: 4.290
Parameters optimization took 6 rounds (0.069 sec)
--------------------------------------------------------------------
|             INITIALIZING CANDIDATE TREE SET                      |
--------------------------------------------------------------------
Computing ML distances based on estimated model parameters... 0.004 sec
WARNING: Some pairwise ML distances are too long (saturated)
Computing BIONJ tree...
0.000 seconds
Log-likelihood of BIONJ tree: -5114.115
Generating 98 parsimony trees... 0.146 seconds 13 distinct starting trees
Computing log-likelihood of 13 initial trees ... 0.035 seconds
Optimizing top 13 initial trees with NNI...
Iteration 1 / LogL: -5114.101 / Time: 0h:0m:0s
Estimate model parameters (epsilon = 0.100)
BETTER TREE FOUND at iteration 1: -5114.072
Iteration 2 / LogL: -5114.472 / Time: 0h:0m:0s
Iteration 3 / LogL: -5114.616 / Time: 0h:0m:0s
Iteration 4 / LogL: -5114.474 / Time: 0h:0m:0s
Iteration 5 / LogL: -5114.481 / Time: 0h:0m:0s
Iteration 6 / LogL: -5114.369 / Time: 0h:0m:0s
Iteration 7 / LogL: -5114.471 / Time: 0h:0m:0s
Iteration 8 / LogL: -5114.474 / Time: 0h:0m:0s
Iteration 9 / LogL: -5114.483 / Time: 0h:0m:0s
Iteration 10 / LogL: -5114.476 / Time: 0h:0m:0s
Iteration 11 / LogL: -5114.483 / Time: 0h:0m:0s
Iteration 12 / LogL: -5114.474 / Time: 0h:0m:0s
Iteration 13 / LogL: -5114.484 / Time: 0h:0m:0s
Average CPU time for 1 NNI search: 0.012
Finish initializing candidate tree set. Number of distinct locally optimal trees: 2
Current best tree score: -5114.072 / CPU time: 0.336
--------------------------------------------------------------------
|               OPTIMIZING CANDIDATE TREE SET                      |
--------------------------------------------------------------------
Iteration 20 / LogL: -5117.308 / Time: 0h:0m:0s (0h:0m:3s left)
Iteration 30 / LogL: -5115.761 / Time: 0h:0m:1s (0h:0m:2s left)
Iteration 40 / LogL: -5114.856 / Time: 0h:0m:1s (0h:0m:2s left)
Iteration 50 / LogL: -5116.679 / Time: 0h:0m:1s (0h:0m:1s left)
Iteration 60 / LogL: -5114.191 / Time: 0h:0m:1s (0h:0m:1s left)
Iteration 70 / LogL: -5140.148 / Time: 0h:0m:2s (0h:0m:1s left)
Iteration 80 / LogL: -5117.132 / Time: 0h:0m:2s (0h:0m:0s left)
Iteration 90 / LogL: -5114.157 / Time: 0h:0m:2s (0h:0m:0s left)
Iteration 100 / LogL: -5114.771 / Time: 0h:0m:3s (0h:0m:0s left)
TREE SEARCH COMPLETED AFTER 101 ITERATIONS / Time: 0h:0m:3s

--------------------------------------------------------------------
|                    FINALIZING TREE SEARCH                        |
--------------------------------------------------------------------
Performs final model parameters optimization
Estimate model parameters (epsilon = 0.010)
1. Initial log-likelihood: -5114.072
2. Current log-likelihood: -5114.062
Optimal log-likelihood: -5114.055
Rate parameters:  A-C: 1.453  A-G: 1.108  A-T: 0.806  C-G: 0.932  C-T: 1.304  G-T: 1.000
Base frequencies:   A: 0.217  C: 0.279  G: 0.252  T: 0.252
Gamma shape alpha: 4.257
Parameters optimization took 2 rounds (0.016 sec)
BEST SCORE FOUND : -5114.055

Testing tree branches by SH-like aLRT with 1000 replicates...
CPU Time used:  0.136 sec.
Total tree length: 9.191

Total number of iterations: 101
CPU time used for tree search: 3.216 sec (0h:0m:3s)
Wall-clock time used for tree search: 3.214 sec (0h:0m:3s)
Total CPU time used: 3.484 sec (0h:0m:3s)
Total wall-clock time used: 3.484 sec (0h:0m:3s)

Analysis results written to: 
  IQ-TREE report:                ../simulations/data_D10T10L20I10T10//S/594_pruned.fasta.iqtree
  Maximum-likelihood tree:       ../simulations/data_D10T10L20I10T10//S/594_pruned.fasta.treefile
  Likelihood distances:          ../simulations/data_D10T10L20I10T10//S/594_pruned.fasta.mldist
  Screen log file:               ../simulations/data_D10T10L20I10T10//S/594_pruned.fasta.log

Date and Time: Mon Jun  4 01:10:47 2018
