IQ-TREE version 1.4.2 for Linux 64-bit built Apr 15 2016
Copyright (c) 2011-2015 Nguyen Lam Tung, Olga Chernomor, Arndt von Haeseler and Bui Quang Minh.

Host:    meduse (AVX2, FMA3, 7 GB RAM)
Command: iqtree -s ../simulations/data_D10T10L20I10T10//S/595_pruned.fasta -m GTR+G -alrt 1000 -redo
Seed:    633181 (Using SPRNG - Scalable Parallel Random Number Generator)
Time:    Fri Jun  1 10:27:21 2018
Kernel:  AVX

NOTE: Consider using the multicore version because your CPU has 4 cores!

Reading alignment file ../simulations/data_D10T10L20I10T10//S/595_pruned.fasta ... Fasta format detected
Alignment most likely contains DNA/RNA sequences
Alignment has 26 sequences with 300 columns and 177 patterns (159 informative sites)
          Gap/Ambiguity  Composition  p-value
   1  n292_293    0.00%    passed     56.32%
   2  n287_288    0.00%    passed     76.48%
   3  n290_291    0.00%    passed     73.79%
   4  n294_295    0.00%    passed     63.57%
   5  n251_252    0.00%    passed     92.54%
   6  n286_287    0.00%    passed     86.16%
   7  n300_301    0.00%    passed     40.28%
   8  n275_276    0.00%    passed     59.02%
   9  n274_275    0.00%    passed     38.82%
  10  n289_290    0.00%    passed     73.79%
  11  n255_256    0.00%    passed     87.08%
  12  n236_237    0.00%    passed     68.27%
  13  n299_300    0.00%    passed     40.28%
  14  n278_279    0.00%    passed     56.16%
  15  n297_298    0.00%    passed     64.84%
  16  n298_299    0.00%    passed     64.60%
  17  n244_245    0.00%    passed     92.42%
  18  n293_294    0.00%    passed     69.75%
  19  n296_297    0.00%    passed     63.87%
  20  n295_296    0.00%    passed     60.80%
  21  n266_267    0.00%    passed     75.72%
  22  n200_201    0.00%    passed     82.15%
  23  n285_286    0.00%    passed     90.59%
  24  n277_278    0.00%    passed     50.64%
  25  n280_281    0.00%    passed     48.91%
  26  n265_266    0.00%    passed     79.66%
****  TOTAL       0.00%  0 sequences failed composition chi2 test (p-value<5%; df=3)
NOTE: 2 identical sequences (see below) will be ignored for subsequent analysis
NOTE: n289_290 (identical to n290_291) is ignored but added at the end
NOTE: n299_300 (identical to n300_301) is ignored but added at the end

Create initial parsimony tree by phylogenetic likelihood library (PLL)... 0.001 seconds

NOTE: 0 MB RAM is required!
Estimate model parameters (epsilon = 0.100)
1. Initial log-likelihood: -2102.665
2. Current log-likelihood: -2071.999
3. Current log-likelihood: -2071.651
Optimal log-likelihood: -2071.627
Rate parameters:  A-C: 1.680  A-G: 1.699  A-T: 1.297  C-G: 1.535  C-T: 1.549  G-T: 1.000
Base frequencies:   A: 0.227  C: 0.262  G: 0.277  T: 0.233
Gamma shape alpha: 5.341
Parameters optimization took 3 rounds (0.022 sec)
--------------------------------------------------------------------
|             INITIALIZING CANDIDATE TREE SET                      |
--------------------------------------------------------------------
Computing ML distances based on estimated model parameters... 0.004 sec
Computing BIONJ tree...
0.000 seconds
Log-likelihood of BIONJ tree: -2071.627
Generating 98 parsimony trees... 0.075 seconds 9 distinct starting trees
Computing log-likelihood of 9 initial trees ... 0.012 seconds
Optimizing top 9 initial trees with NNI...
Iteration 1 / LogL: -2071.627 / Time: 0h:0m:0s
Estimate model parameters (epsilon = 0.100)
BETTER SCORE FOUND at iteration 1: -2071.616
Iteration 2 / LogL: -2071.617 / Time: 0h:0m:0s
Iteration 3 / LogL: -2071.618 / Time: 0h:0m:0s
Iteration 4 / LogL: -2071.618 / Time: 0h:0m:0s
Iteration 5 / LogL: -2071.618 / Time: 0h:0m:0s
Iteration 6 / LogL: -2071.618 / Time: 0h:0m:0s
Iteration 7 / LogL: -2071.618 / Time: 0h:0m:0s
Iteration 8 / LogL: -2071.618 / Time: 0h:0m:0s
Iteration 9 / LogL: -2071.618 / Time: 0h:0m:0s
Average CPU time for 1 NNI search: 0.004
Finish initializing candidate tree set. Number of distinct locally optimal trees: 9
Current best tree score: -2071.616 / CPU time: 0.124
--------------------------------------------------------------------
|               OPTIMIZING CANDIDATE TREE SET                      |
--------------------------------------------------------------------
Iteration 10 / LogL: -2071.651 / Time: 0h:0m:0s
Iteration 20 / LogL: -2071.623 / Time: 0h:0m:0s (0h:0m:1s left)
Iteration 30 / LogL: -2071.616 / Time: 0h:0m:0s (0h:0m:1s left)
Iteration 40 / LogL: -2109.048 / Time: 0h:0m:0s (0h:0m:0s left)
Iteration 50 / LogL: -2071.650 / Time: 0h:0m:0s (0h:0m:0s left)
Iteration 60 / LogL: -2071.730 / Time: 0h:0m:0s (0h:0m:0s left)
Iteration 70 / LogL: -2071.623 / Time: 0h:0m:1s (0h:0m:0s left)
Iteration 80 / LogL: -2092.169 / Time: 0h:0m:1s (0h:0m:0s left)
Iteration 90 / LogL: -2071.617 / Time: 0h:0m:1s (0h:0m:0s left)
Iteration 100 / LogL: -2071.678 / Time: 0h:0m:1s (0h:0m:0s left)
TREE SEARCH COMPLETED AFTER 101 ITERATIONS / Time: 0h:0m:1s

--------------------------------------------------------------------
|                    FINALIZING TREE SEARCH                        |
--------------------------------------------------------------------
Performs final model parameters optimization
Estimate model parameters (epsilon = 0.010)
1. Initial log-likelihood: -2071.616
Optimal log-likelihood: -2071.612
Rate parameters:  A-C: 1.647  A-G: 1.669  A-T: 1.268  C-G: 1.514  C-T: 1.519  G-T: 1.000
Base frequencies:   A: 0.227  C: 0.262  G: 0.277  T: 0.233
Gamma shape alpha: 5.356
Parameters optimization took 1 rounds (0.004 sec)
BEST SCORE FOUND : -2071.612

Testing tree branches by SH-like aLRT with 1000 replicates...
CPU Time used:  0.092 sec.
Total tree length: 1.221

Total number of iterations: 101
CPU time used for tree search: 1.348 sec (0h:0m:1s)
Wall-clock time used for tree search: 1.353 sec (0h:0m:1s)
Total CPU time used: 1.480 sec (0h:0m:1s)
Total wall-clock time used: 1.484 sec (0h:0m:1s)

Analysis results written to: 
  IQ-TREE report:                ../simulations/data_D10T10L20I10T10//S/595_pruned.fasta.iqtree
  Maximum-likelihood tree:       ../simulations/data_D10T10L20I10T10//S/595_pruned.fasta.treefile
  Likelihood distances:          ../simulations/data_D10T10L20I10T10//S/595_pruned.fasta.mldist
  Screen log file:               ../simulations/data_D10T10L20I10T10//S/595_pruned.fasta.log

Date and Time: Fri Jun  1 10:27:23 2018
