IQ-TREE version 1.4.2 for Linux 64-bit built Apr 15 2016
Copyright (c) 2011-2015 Nguyen Lam Tung, Olga Chernomor, Arndt von Haeseler and Bui Quang Minh.

Host:    meduse (AVX2, FMA3, 7 GB RAM)
Command: iqtree -s ../simulations/data_D10T10L20I10T10//S/601_pruned.fasta -m GTR+G -alrt 1000 -redo
Seed:    883647 (Using SPRNG - Scalable Parallel Random Number Generator)
Time:    Mon Jun  4 00:49:16 2018
Kernel:  AVX

NOTE: Consider using the multicore version because your CPU has 4 cores!

Reading alignment file ../simulations/data_D10T10L20I10T10//S/601_pruned.fasta ... Fasta format detected
Alignment most likely contains DNA/RNA sequences
Alignment has 26 sequences with 300 columns and 300 patterns (291 informative sites)
          Gap/Ambiguity  Composition  p-value
   1  n299_300    0.00%    passed     98.26%
   2  n290_291    0.00%    passed     93.77%
   3  n244_245    0.00%    passed     67.37%
   4  n277_276    0.00%    passed     84.67%
   5  n300_301    0.00%    passed     98.68%
   6  n265_264    0.00%    passed     14.31%
   7  n200_201    0.00%    passed     23.97%
   8  n278_277    0.00%    passed     98.28%
   9  n275_274    0.00%    passed     24.88%
  10  n236_237    0.00%    passed     65.94%
  11  n274_285    0.00%    passed     88.93%
  12  n274_284    0.00%    passed     95.69%
  13  n289_290    0.00%    passed     87.90%
  14  n296_297    0.00%    passed     99.56%
  15  n266_265    0.00%    passed     34.20%
  16  n285_286    0.00%    passed     49.66%
  17  n292_293    0.00%    passed     97.42%
  18  n280_279    0.00%    passed     93.03%
  19  n298_299    0.00%    passed     29.31%
  20  n297_298    0.00%    passed     33.06%
  21  n286_287    0.00%    passed     54.57%
  22  n287_288    0.00%    passed     94.77%
  23  n255_254    0.00%    passed     50.64%
  24  n294_295    0.00%    passed     49.62%
  25  n295_296    0.00%    passed     97.33%
  26  n293_294    0.00%    passed     82.90%
****  TOTAL       0.00%  0 sequences failed composition chi2 test (p-value<5%; df=3)

Create initial parsimony tree by phylogenetic likelihood library (PLL)... 0.002 seconds

NOTE: 1 MB RAM is required!
Estimate model parameters (epsilon = 0.100)
1. Initial log-likelihood: -5249.810
2. Current log-likelihood: -5164.874
3. Current log-likelihood: -5150.840
4. Current log-likelihood: -5148.556
5. Current log-likelihood: -5147.993
Optimal log-likelihood: -5147.896
Rate parameters:  A-C: 1.266  A-G: 1.456  A-T: 1.123  C-G: 1.141  C-T: 1.452  G-T: 1.000
Base frequencies:   A: 0.219  C: 0.268  G: 0.251  T: 0.262
Gamma shape alpha: 3.725
Parameters optimization took 5 rounds (0.065 sec)
--------------------------------------------------------------------
|             INITIALIZING CANDIDATE TREE SET                      |
--------------------------------------------------------------------
Computing ML distances based on estimated model parameters... 0.004 sec
WARNING: Some pairwise ML distances are too long (saturated)
Computing BIONJ tree...
0.001 seconds
Log-likelihood of BIONJ tree: -5168.374
Generating 98 parsimony trees... 0.147 seconds 3 distinct starting trees
Computing log-likelihood of 3 initial trees ... 0.003 seconds
Optimizing top 3 initial trees with NNI...
Iteration 1 / LogL: -5147.896 / Time: 0h:0m:0s
Estimate model parameters (epsilon = 0.100)
BETTER SCORE FOUND at iteration 1: -5147.879
Iteration 2 / LogL: -5147.928 / Time: 0h:0m:0s
Iteration 3 / LogL: -5148.029 / Time: 0h:0m:0s
Average CPU time for 1 NNI search: 0.015
Finish initializing candidate tree set. Number of distinct locally optimal trees: 1
Current best tree score: -5147.879 / CPU time: 0.196
--------------------------------------------------------------------
|               OPTIMIZING CANDIDATE TREE SET                      |
--------------------------------------------------------------------
Iteration 10 / LogL: -5161.819 / Time: 0h:0m:0s
Iteration 20 / LogL: -5161.867 / Time: 0h:0m:0s (0h:0m:3s left)
Iteration 30 / LogL: -5147.882 / Time: 0h:0m:1s (0h:0m:2s left)
Iteration 40 / LogL: -5147.892 / Time: 0h:0m:1s (0h:0m:2s left)
Iteration 50 / LogL: -5147.920 / Time: 0h:0m:1s (0h:0m:1s left)
Iteration 60 / LogL: -5147.884 / Time: 0h:0m:2s (0h:0m:1s left)
Iteration 70 / LogL: -5147.919 / Time: 0h:0m:2s (0h:0m:1s left)
Iteration 80 / LogL: -5150.183 / Time: 0h:0m:2s (0h:0m:0s left)
Iteration 90 / LogL: -5147.902 / Time: 0h:0m:3s (0h:0m:0s left)
Iteration 100 / LogL: -5149.908 / Time: 0h:0m:3s (0h:0m:0s left)
TREE SEARCH COMPLETED AFTER 101 ITERATIONS / Time: 0h:0m:3s

--------------------------------------------------------------------
|                    FINALIZING TREE SEARCH                        |
--------------------------------------------------------------------
Performs final model parameters optimization
Estimate model parameters (epsilon = 0.010)
1. Initial log-likelihood: -5147.879
Optimal log-likelihood: -5147.873
Rate parameters:  A-C: 1.255  A-G: 1.446  A-T: 1.111  C-G: 1.130  C-T: 1.444  G-T: 1.000
Base frequencies:   A: 0.219  C: 0.268  G: 0.251  T: 0.262
Gamma shape alpha: 3.802
Parameters optimization took 1 rounds (0.007 sec)
BEST SCORE FOUND : -5147.873

Testing tree branches by SH-like aLRT with 1000 replicates...
CPU Time used:  0.120 sec.
Total tree length: 8.487

Total number of iterations: 101
CPU time used for tree search: 3.528 sec (0h:0m:3s)
Wall-clock time used for tree search: 3.527 sec (0h:0m:3s)
Total CPU time used: 3.744 sec (0h:0m:3s)
Total wall-clock time used: 3.749 sec (0h:0m:3s)

Analysis results written to: 
  IQ-TREE report:                ../simulations/data_D10T10L20I10T10//S/601_pruned.fasta.iqtree
  Maximum-likelihood tree:       ../simulations/data_D10T10L20I10T10//S/601_pruned.fasta.treefile
  Likelihood distances:          ../simulations/data_D10T10L20I10T10//S/601_pruned.fasta.mldist
  Screen log file:               ../simulations/data_D10T10L20I10T10//S/601_pruned.fasta.log

Date and Time: Mon Jun  4 00:49:20 2018
