IQ-TREE version 1.4.2 for Linux 64-bit built Apr 15 2016
Copyright (c) 2011-2015 Nguyen Lam Tung, Olga Chernomor, Arndt von Haeseler and Bui Quang Minh.

Host:    meduse (AVX2, FMA3, 7 GB RAM)
Command: iqtree -s ../simulations/data_D10T10L20I10T10//S/610_pruned.fasta -m GTR+G -alrt 1000 -redo
Seed:    883446 (Using SPRNG - Scalable Parallel Random Number Generator)
Time:    Mon Jun  4 00:56:37 2018
Kernel:  AVX

NOTE: Consider using the multicore version because your CPU has 4 cores!

Reading alignment file ../simulations/data_D10T10L20I10T10//S/610_pruned.fasta ... Fasta format detected
Alignment most likely contains DNA/RNA sequences
Alignment has 26 sequences with 300 columns and 300 patterns (291 informative sites)
          Gap/Ambiguity  Composition  p-value
   1  n299_300    0.00%    passed     61.75%
   2  n300_301    0.00%    passed     54.59%
   3  n290_291    0.00%    passed     59.28%
   4  n244_245    0.00%    passed     80.06%
   5  n255_256    0.00%    passed     29.21%
   6  n277_278    0.00%    passed     12.97%
   7  n200_201    0.00%    passed      7.10%
   8  n236_237    0.00%    passed     85.38%
   9  n274_275    0.00%    passed     86.87%
  10  n289_290    0.00%    passed     49.31%
  11  n296_297    0.00%    passed     83.49%
  12  n275_276    0.00%    passed     90.18%
  13  n292_293    0.00%    passed     64.62%
  14  n278_279    0.00%    passed     16.94%
  15  n298_299    0.00%    passed     63.79%
  16  n297_298    0.00%    passed     46.40%
  17  n286_287    0.00%    passed     20.08%
  18  n285_286    0.00%    passed     42.17%
  19  n287_288    0.00%    passed     62.72%
  20  n251_252    0.00%    passed     11.31%
  21  n294_295    0.00%    passed     75.73%
  22  n295_296    0.00%    passed     79.42%
  23  n266_267    0.00%    passed     75.67%
  24  n265_266    0.00%    passed     51.48%
  25  n280_281    0.00%    passed     79.14%
  26  n293_294    0.00%    passed     87.64%
****  TOTAL       0.00%  0 sequences failed composition chi2 test (p-value<5%; df=3)

Create initial parsimony tree by phylogenetic likelihood library (PLL)... 0.001 seconds

NOTE: 1 MB RAM is required!
Estimate model parameters (epsilon = 0.100)
1. Initial log-likelihood: -5258.611
2. Current log-likelihood: -5170.669
3. Current log-likelihood: -5155.927
4. Current log-likelihood: -5152.337
5. Current log-likelihood: -5151.322
6. Current log-likelihood: -5151.043
Optimal log-likelihood: -5150.945
Rate parameters:  A-C: 0.897  A-G: 1.268  A-T: 0.849  C-G: 1.013  C-T: 1.255  G-T: 1.000
Base frequencies:   A: 0.250  C: 0.282  G: 0.232  T: 0.236
Gamma shape alpha: 4.982
Parameters optimization took 6 rounds (0.077 sec)
--------------------------------------------------------------------
|             INITIALIZING CANDIDATE TREE SET                      |
--------------------------------------------------------------------
Computing ML distances based on estimated model parameters... 0.004 sec
Computing BIONJ tree...
0.000 seconds
Log-likelihood of BIONJ tree: -5155.606
Generating 98 parsimony trees... 0.142 seconds 3 distinct starting trees
Computing log-likelihood of 3 initial trees ... 0.003 seconds
Optimizing top 3 initial trees with NNI...
Iteration 1 / LogL: -5150.387 / Time: 0h:0m:0s
Estimate model parameters (epsilon = 0.100)
BETTER TREE FOUND at iteration 1: -5150.260
Iteration 2 / LogL: -5150.500 / Time: 0h:0m:0s
Iteration 3 / LogL: -5150.277 / Time: 0h:0m:0s
Average CPU time for 1 NNI search: 0.016
Finish initializing candidate tree set. Number of distinct locally optimal trees: 1
Current best tree score: -5150.260 / CPU time: 0.192
--------------------------------------------------------------------
|               OPTIMIZING CANDIDATE TREE SET                      |
--------------------------------------------------------------------
Estimate model parameters (epsilon = 0.010)
BETTER TREE FOUND at iteration 8: -5149.688
Iteration 10 / LogL: -5154.848 / Time: 0h:0m:0s
Iteration 20 / LogL: -5154.503 / Time: 0h:0m:0s (0h:0m:3s left)
Iteration 30 / LogL: -5154.680 / Time: 0h:0m:1s (0h:0m:2s left)
Iteration 40 / LogL: -5154.025 / Time: 0h:0m:1s (0h:0m:2s left)
Iteration 50 / LogL: -5155.831 / Time: 0h:0m:1s (0h:0m:1s left)
Iteration 60 / LogL: -5149.891 / Time: 0h:0m:1s (0h:0m:1s left)
Iteration 70 / LogL: -5149.848 / Time: 0h:0m:2s (0h:0m:1s left)
Iteration 80 / LogL: -5150.406 / Time: 0h:0m:2s (0h:0m:0s left)
Iteration 90 / LogL: -5154.625 / Time: 0h:0m:2s (0h:0m:0s left)
Iteration 100 / LogL: -5154.114 / Time: 0h:0m:3s (0h:0m:0s left)
TREE SEARCH COMPLETED AFTER 108 ITERATIONS / Time: 0h:0m:3s

--------------------------------------------------------------------
|                    FINALIZING TREE SEARCH                        |
--------------------------------------------------------------------
Performs final model parameters optimization
Estimate model parameters (epsilon = 0.010)
1. Initial log-likelihood: -5149.688
Optimal log-likelihood: -5149.685
Rate parameters:  A-C: 0.876  A-G: 1.232  A-T: 0.825  C-G: 0.997  C-T: 1.236  G-T: 1.000
Base frequencies:   A: 0.250  C: 0.282  G: 0.232  T: 0.236
Gamma shape alpha: 4.833
Parameters optimization took 1 rounds (0.007 sec)
BEST SCORE FOUND : -5149.685

Testing tree branches by SH-like aLRT with 1000 replicates...
CPU Time used:  0.120 sec.
Total tree length: 8.190

Total number of iterations: 108
CPU time used for tree search: 3.292 sec (0h:0m:3s)
Wall-clock time used for tree search: 3.293 sec (0h:0m:3s)
Total CPU time used: 3.540 sec (0h:0m:3s)
Total wall-clock time used: 3.543 sec (0h:0m:3s)

Analysis results written to: 
  IQ-TREE report:                ../simulations/data_D10T10L20I10T10//S/610_pruned.fasta.iqtree
  Maximum-likelihood tree:       ../simulations/data_D10T10L20I10T10//S/610_pruned.fasta.treefile
  Likelihood distances:          ../simulations/data_D10T10L20I10T10//S/610_pruned.fasta.mldist
  Screen log file:               ../simulations/data_D10T10L20I10T10//S/610_pruned.fasta.log

Date and Time: Mon Jun  4 00:56:41 2018
