IQ-TREE version 1.4.2 for Linux 64-bit built Apr 15 2016
Copyright (c) 2011-2015 Nguyen Lam Tung, Olga Chernomor, Arndt von Haeseler and Bui Quang Minh.

Host:    meduse (AVX2, FMA3, 7 GB RAM)
Command: iqtree -s ../simulations/data_D10T10L20I10T10//S/611_pruned.fasta -m GTR+G -alrt 1000 -redo
Seed:    324338 (Using SPRNG - Scalable Parallel Random Number Generator)
Time:    Fri Jun  1 10:39:44 2018
Kernel:  AVX

NOTE: Consider using the multicore version because your CPU has 4 cores!

Reading alignment file ../simulations/data_D10T10L20I10T10//S/611_pruned.fasta ... Fasta format detected
Alignment most likely contains DNA/RNA sequences
Alignment has 26 sequences with 300 columns and 182 patterns (165 informative sites)
          Gap/Ambiguity  Composition  p-value
   1  n292_293    0.00%    passed     63.51%
   2  n287_288    0.00%    passed     65.08%
   3  n290_291    0.00%    passed     70.88%
   4  n294_295    0.00%    passed     86.51%
   5  n251_252    0.00%    passed     79.07%
   6  n286_287    0.00%    passed     55.30%
   7  n300_301    0.00%    passed     70.30%
   8  n275_276    0.00%    passed     89.52%
   9  n274_275    0.00%    passed     66.46%
  10  n289_290    0.00%    passed     67.87%
  11  n255_256    0.00%    passed     74.94%
  12  n236_237    0.00%    passed     85.56%
  13  n299_300    0.00%    passed     61.46%
  14  n278_279    0.00%    passed     60.14%
  15  n297_298    0.00%    passed     83.69%
  16  n298_299    0.00%    passed     83.69%
  17  n244_245    0.00%    passed     85.20%
  18  n293_294    0.00%    passed     86.51%
  19  n296_297    0.00%    passed     67.01%
  20  n295_296    0.00%    passed     62.76%
  21  n266_267    0.00%    passed     99.33%
  22  n200_201    0.00%    passed     87.55%
  23  n285_286    0.00%    passed     44.28%
  24  n277_278    0.00%    passed     43.14%
  25  n280_281    0.00%    passed     70.30%
  26  n265_266    0.00%    passed     97.96%
****  TOTAL       0.00%  0 sequences failed composition chi2 test (p-value<5%; df=3)
NOTE: 2 identical sequences (see below) will be ignored for subsequent analysis
NOTE: n293_294 (identical to n294_295) is ignored but added at the end
NOTE: n298_299 (identical to n297_298) is ignored but added at the end

Create initial parsimony tree by phylogenetic likelihood library (PLL)... 0.001 seconds

NOTE: 0 MB RAM is required!
Estimate model parameters (epsilon = 0.100)
1. Initial log-likelihood: -2145.981
2. Current log-likelihood: -2113.670
3. Current log-likelihood: -2113.407
Optimal log-likelihood: -2113.383
Rate parameters:  A-C: 1.264  A-G: 1.644  A-T: 1.180  C-G: 1.372  C-T: 1.135  G-T: 1.000
Base frequencies:   A: 0.247  C: 0.266  G: 0.233  T: 0.254
Gamma shape alpha: 3.884
Parameters optimization took 3 rounds (0.021 sec)
--------------------------------------------------------------------
|             INITIALIZING CANDIDATE TREE SET                      |
--------------------------------------------------------------------
Computing ML distances based on estimated model parameters... 0.004 sec
Computing BIONJ tree...
0.000 seconds
Log-likelihood of BIONJ tree: -2112.135
Generating 98 parsimony trees... 0.081 seconds 61 distinct starting trees
Computing log-likelihood of 61 initial trees ... 0.103 seconds
Optimizing top 20 initial trees with NNI...
Iteration 1 / LogL: -2112.136 / Time: 0h:0m:0s
Estimate model parameters (epsilon = 0.100)
BETTER SCORE FOUND at iteration 1: -2112.104
Iteration 2 / LogL: -2112.109 / Time: 0h:0m:0s
Iteration 3 / LogL: -2112.109 / Time: 0h:0m:0s
Iteration 4 / LogL: -2112.109 / Time: 0h:0m:0s
Iteration 5 / LogL: -2112.109 / Time: 0h:0m:0s
Iteration 6 / LogL: -2112.109 / Time: 0h:0m:0s
Iteration 7 / LogL: -2112.109 / Time: 0h:0m:0s
Iteration 8 / LogL: -2112.114 / Time: 0h:0m:0s
Iteration 9 / LogL: -2112.114 / Time: 0h:0m:0s
Iteration 10 / LogL: -2112.114 / Time: 0h:0m:0s
Iteration 11 / LogL: -2112.114 / Time: 0h:0m:0s
Iteration 12 / LogL: -2112.114 / Time: 0h:0m:0s
Iteration 13 / LogL: -2112.114 / Time: 0h:0m:0s
Iteration 14 / LogL: -2112.114 / Time: 0h:0m:0s
Iteration 15 / LogL: -2112.114 / Time: 0h:0m:0s
Iteration 16 / LogL: -2112.114 / Time: 0h:0m:0s
Iteration 17 / LogL: -2112.114 / Time: 0h:0m:0s
Iteration 18 / LogL: -2112.114 / Time: 0h:0m:0s
Iteration 19 / LogL: -2112.114 / Time: 0h:0m:0s
Iteration 20 / LogL: -2112.114 / Time: 0h:0m:0s
Average CPU time for 1 NNI search: 0.005
Finish initializing candidate tree set. Number of distinct locally optimal trees: 12
Current best tree score: -2112.104 / CPU time: 0.288
--------------------------------------------------------------------
|               OPTIMIZING CANDIDATE TREE SET                      |
--------------------------------------------------------------------
Iteration 30 / LogL: -2112.114 / Time: 0h:0m:0s (0h:0m:1s left)
Iteration 40 / LogL: -2112.114 / Time: 0h:0m:0s (0h:0m:0s left)
Iteration 50 / LogL: -2112.146 / Time: 0h:0m:0s (0h:0m:0s left)
Iteration 60 / LogL: -2155.862 / Time: 0h:0m:0s (0h:0m:0s left)
Iteration 70 / LogL: -2112.402 / Time: 0h:0m:0s (0h:0m:0s left)
Iteration 80 / LogL: -2112.106 / Time: 0h:0m:1s (0h:0m:0s left)
Iteration 90 / LogL: -2112.247 / Time: 0h:0m:1s (0h:0m:0s left)
Iteration 100 / LogL: -2112.113 / Time: 0h:0m:1s (0h:0m:0s left)
TREE SEARCH COMPLETED AFTER 101 ITERATIONS / Time: 0h:0m:1s

--------------------------------------------------------------------
|                    FINALIZING TREE SEARCH                        |
--------------------------------------------------------------------
Performs final model parameters optimization
Estimate model parameters (epsilon = 0.010)
1. Initial log-likelihood: -2112.104
Optimal log-likelihood: -2112.099
Rate parameters:  A-C: 1.234  A-G: 1.605  A-T: 1.150  C-G: 1.342  C-T: 1.106  G-T: 1.000
Base frequencies:   A: 0.247  C: 0.266  G: 0.233  T: 0.254
Gamma shape alpha: 3.897
Parameters optimization took 1 rounds (0.004 sec)
BEST SCORE FOUND : -2112.099

Testing tree branches by SH-like aLRT with 1000 replicates...
CPU Time used:  0.092 sec.
Total tree length: 1.292

Total number of iterations: 101
CPU time used for tree search: 1.288 sec (0h:0m:1s)
Wall-clock time used for tree search: 1.291 sec (0h:0m:1s)
Total CPU time used: 1.416 sec (0h:0m:1s)
Total wall-clock time used: 1.422 sec (0h:0m:1s)

Analysis results written to: 
  IQ-TREE report:                ../simulations/data_D10T10L20I10T10//S/611_pruned.fasta.iqtree
  Maximum-likelihood tree:       ../simulations/data_D10T10L20I10T10//S/611_pruned.fasta.treefile
  Likelihood distances:          ../simulations/data_D10T10L20I10T10//S/611_pruned.fasta.mldist
  Screen log file:               ../simulations/data_D10T10L20I10T10//S/611_pruned.fasta.log

Date and Time: Fri Jun  1 10:39:45 2018
