IQ-TREE version 1.4.2 for Linux 64-bit built Apr 15 2016
Copyright (c) 2011-2015 Nguyen Lam Tung, Olga Chernomor, Arndt von Haeseler and Bui Quang Minh.

Host:    meduse (AVX2, FMA3, 7 GB RAM)
Command: iqtree -s ../simulations/data_D10T10L20I10T10//S/612_pruned.fasta -m GTR+G -alrt 1000 -redo
Seed:    572735 (Using SPRNG - Scalable Parallel Random Number Generator)
Time:    Fri Jun  1 10:33:47 2018
Kernel:  AVX

NOTE: Consider using the multicore version because your CPU has 4 cores!

Reading alignment file ../simulations/data_D10T10L20I10T10//S/612_pruned.fasta ... Fasta format detected
Alignment most likely contains DNA/RNA sequences
Alignment has 22 sequences with 300 columns and 142 patterns (114 informative sites)
          Gap/Ambiguity  Composition  p-value
   1  n295_258    0.00%    passed     95.27%
   2  n244_217    0.00%    passed     37.86%
   3  n280_245    0.00%    passed     92.43%
   4  n300_263    0.00%    passed     95.05%
   5  n274_239    0.00%    passed     93.28%
   6  n251_220    0.00%    passed     90.04%
   7  n287_250    0.00%    passed     92.20%
   8  n277_242    0.00%    passed     86.30%
   9  n293_256    0.00%    passed     99.06%
  10  n290_253    0.00%    passed     93.64%
  11  n278_243    0.00%    passed     86.30%
  12  n289_252    0.00%    passed     93.64%
  13  n200_179    0.00%    passed     81.81%
  14  n255_224    0.00%    passed     86.77%
  15  n297_260    0.00%    passed     99.68%
  16  n298_261    0.00%    passed     99.91%
  17  n299_262    0.00%    passed     95.05%
  18  n236_209    0.00%    passed     52.85%
  19  n275_240    0.00%    passed     99.88%
  20  n292_255    0.00%    passed     90.02%
  21  n294_257    0.00%    passed     99.06%
  22  n296_259    0.00%    passed     93.64%
****  TOTAL       0.00%  0 sequences failed composition chi2 test (p-value<5%; df=3)
NOTE: 3 identical sequences (see below) will be ignored for subsequent analysis
NOTE: n299_262 (identical to n300_263) is ignored but added at the end
NOTE: n294_257 (identical to n293_256) is ignored but added at the end
NOTE: n289_252 (identical to n290_253) is ignored but added at the end

Create initial parsimony tree by phylogenetic likelihood library (PLL)... 0.000 seconds

NOTE: 0 MB RAM is required!
Estimate model parameters (epsilon = 0.100)
1. Initial log-likelihood: -1729.446
2. Current log-likelihood: -1695.207
3. Current log-likelihood: -1695.019
Optimal log-likelihood: -1695.018
Rate parameters:  A-C: 0.906  A-G: 1.188  A-T: 0.922  C-G: 0.785  C-T: 0.892  G-T: 1.000
Base frequencies:   A: 0.262  C: 0.299  G: 0.223  T: 0.215
Gamma shape alpha: 2.141
Parameters optimization took 3 rounds (0.014 sec)
--------------------------------------------------------------------
|             INITIALIZING CANDIDATE TREE SET                      |
--------------------------------------------------------------------
Computing ML distances based on estimated model parameters... 0.004 sec
Computing BIONJ tree...
0.000 seconds
Log-likelihood of BIONJ tree: -1695.674
Generating 98 parsimony trees... 0.050 seconds 18 distinct starting trees
Computing log-likelihood of 18 initial trees ... 0.018 seconds
Optimizing top 18 initial trees with NNI...
Iteration 1 / LogL: -1695.019 / Time: 0h:0m:0s
Estimate model parameters (epsilon = 0.100)
BETTER SCORE FOUND at iteration 1: -1695.018
Iteration 2 / LogL: -1695.019 / Time: 0h:0m:0s
Iteration 3 / LogL: -1695.019 / Time: 0h:0m:0s
Iteration 4 / LogL: -1695.019 / Time: 0h:0m:0s
Iteration 5 / LogL: -1695.020 / Time: 0h:0m:0s
Iteration 6 / LogL: -1695.020 / Time: 0h:0m:0s
Iteration 7 / LogL: -1695.020 / Time: 0h:0m:0s
Iteration 8 / LogL: -1695.020 / Time: 0h:0m:0s
Iteration 9 / LogL: -1695.020 / Time: 0h:0m:0s
Iteration 10 / LogL: -1695.018 / Time: 0h:0m:0s
Iteration 11 / LogL: -1695.675 / Time: 0h:0m:0s
Iteration 12 / LogL: -1695.675 / Time: 0h:0m:0s
Iteration 13 / LogL: -1695.675 / Time: 0h:0m:0s
Iteration 14 / LogL: -1695.675 / Time: 0h:0m:0s
Iteration 15 / LogL: -1695.675 / Time: 0h:0m:0s
Iteration 16 / LogL: -1695.675 / Time: 0h:0m:0s
Iteration 17 / LogL: -1695.018 / Time: 0h:0m:0s
Iteration 18 / LogL: -1695.018 / Time: 0h:0m:0s
Average CPU time for 1 NNI search: 0.003
Finish initializing candidate tree set. Number of distinct locally optimal trees: 15
Current best tree score: -1695.018 / CPU time: 0.120
--------------------------------------------------------------------
|               OPTIMIZING CANDIDATE TREE SET                      |
--------------------------------------------------------------------
Iteration 20 / LogL: -1695.018 / Time: 0h:0m:0s (0h:0m:0s left)
Iteration 30 / LogL: -1695.019 / Time: 0h:0m:0s (0h:0m:0s left)
Iteration 40 / LogL: -1695.018 / Time: 0h:0m:0s (0h:0m:0s left)
Iteration 50 / LogL: -1702.389 / Time: 0h:0m:0s (0h:0m:0s left)
Iteration 60 / LogL: -1695.018 / Time: 0h:0m:0s (0h:0m:0s left)
Iteration 70 / LogL: -1695.027 / Time: 0h:0m:0s (0h:0m:0s left)
Iteration 80 / LogL: -1695.018 / Time: 0h:0m:0s (0h:0m:0s left)
Iteration 90 / LogL: -1695.018 / Time: 0h:0m:0s (0h:0m:0s left)
Iteration 100 / LogL: -1695.018 / Time: 0h:0m:0s (0h:0m:0s left)
TREE SEARCH COMPLETED AFTER 101 ITERATIONS / Time: 0h:0m:0s

--------------------------------------------------------------------
|                    FINALIZING TREE SEARCH                        |
--------------------------------------------------------------------
Performs final model parameters optimization
Estimate model parameters (epsilon = 0.010)
1. Initial log-likelihood: -1695.018
Optimal log-likelihood: -1695.018
Rate parameters:  A-C: 0.906  A-G: 1.187  A-T: 0.922  C-G: 0.784  C-T: 0.892  G-T: 1.000
Base frequencies:   A: 0.262  C: 0.299  G: 0.223  T: 0.215
Gamma shape alpha: 2.141
Parameters optimization took 1 rounds (0.002 sec)
BEST SCORE FOUND : -1695.018

Testing tree branches by SH-like aLRT with 1000 replicates...
CPU Time used:  0.068 sec.
Total tree length: 0.987

Total number of iterations: 101
CPU time used for tree search: 0.764 sec (0h:0m:0s)
Wall-clock time used for tree search: 0.769 sec (0h:0m:0s)
Total CPU time used: 0.860 sec (0h:0m:0s)
Total wall-clock time used: 0.865 sec (0h:0m:0s)

Analysis results written to: 
  IQ-TREE report:                ../simulations/data_D10T10L20I10T10//S/612_pruned.fasta.iqtree
  Maximum-likelihood tree:       ../simulations/data_D10T10L20I10T10//S/612_pruned.fasta.treefile
  Likelihood distances:          ../simulations/data_D10T10L20I10T10//S/612_pruned.fasta.mldist
  Screen log file:               ../simulations/data_D10T10L20I10T10//S/612_pruned.fasta.log

Date and Time: Fri Jun  1 10:33:48 2018
