IQ-TREE version 1.4.2 for Linux 64-bit built Apr 15 2016
Copyright (c) 2011-2015 Nguyen Lam Tung, Olga Chernomor, Arndt von Haeseler and Bui Quang Minh.

Host:    meduse (AVX2, FMA3, 7 GB RAM)
Command: iqtree -s ../simulations/data_D8T8L15I8T8//S/613_pruned.fasta -m GTR+G -alrt 1000 -redo
Seed:    450389 (Using SPRNG - Scalable Parallel Random Number Generator)
Time:    Fri May 25 23:01:24 2018
Kernel:  AVX

NOTE: Consider using the multicore version because your CPU has 4 cores!

Reading alignment file ../simulations/data_D8T8L15I8T8//S/613_pruned.fasta ... Fasta format detected
Alignment most likely contains DNA/RNA sequences
Alignment has 26 sequences with 300 columns and 175 patterns (161 informative sites)
          Gap/Ambiguity  Composition  p-value
   1  n287_288    0.00%    passed     97.92%
   2  n290_291    0.00%    passed     91.42%
   3  n236_237    0.00%    passed     96.27%
   4  n278_279    0.00%    passed     84.72%
   5  n285_286    0.00%    passed     75.07%
   6  n265_266    0.00%    passed     55.95%
   7  n280_281    0.00%    passed     99.54%
   8  n299_300    0.00%    passed     89.02%
   9  n293_294    0.00%    passed     98.78%
  10  n274_275    0.00%    passed     92.61%
  11  n292_293    0.00%    passed     96.24%
  12  n296_297    0.00%    passed     98.01%
  13  n294_295    0.00%    passed     95.70%
  14  n275_276    0.00%    passed     97.69%
  15  n297_298    0.00%    passed     98.40%
  16  n289_290    0.00%    passed     96.26%
  17  n286_287    0.00%    passed     87.16%
  18  n255_256    0.00%    passed     43.71%
  19  n295_296    0.00%    passed     92.19%
  20  n266_267    0.00%    passed     91.36%
  21  n244_245    0.00%    passed     34.90%
  22  n298_299    0.00%    passed     97.29%
  23  n300_301    0.00%    passed     95.72%
  24  n200_201    0.00%    passed     96.41%
  25  n277_278    0.00%    passed     79.18%
  26  n251_252    0.00%    passed     44.74%
****  TOTAL       0.00%  0 sequences failed composition chi2 test (p-value<5%; df=3)

Create initial parsimony tree by phylogenetic likelihood library (PLL)... 0.002 seconds

NOTE: 0 MB RAM is required!
Estimate model parameters (epsilon = 0.100)
1. Initial log-likelihood: -2109.849
2. Current log-likelihood: -2059.953
3. Current log-likelihood: -2059.433
Optimal log-likelihood: -2059.427
Rate parameters:  A-C: 1.255  A-G: 1.072  A-T: 0.928  C-G: 1.024  C-T: 1.227  G-T: 1.000
Base frequencies:   A: 0.202  C: 0.269  G: 0.263  T: 0.266
Gamma shape alpha: 18.536
Parameters optimization took 3 rounds (0.045 sec)
--------------------------------------------------------------------
|             INITIALIZING CANDIDATE TREE SET                      |
--------------------------------------------------------------------
Computing ML distances based on estimated model parameters... 0.000 sec
Computing BIONJ tree...
0.001 seconds
Log-likelihood of BIONJ tree: -2059.654
Generating 98 parsimony trees... 0.206 seconds 10 distinct starting trees
Computing log-likelihood of 10 initial trees ... 0.028 seconds
Optimizing top 10 initial trees with NNI...
Iteration 1 / LogL: -2059.427 / Time: 0h:0m:0s
Estimate model parameters (epsilon = 0.100)
BETTER SCORE FOUND at iteration 1: -2059.424
Iteration 2 / LogL: -2059.426 / Time: 0h:0m:0s
Iteration 3 / LogL: -2059.426 / Time: 0h:0m:0s
Iteration 4 / LogL: -2059.426 / Time: 0h:0m:0s
Iteration 5 / LogL: -2059.426 / Time: 0h:0m:0s
Iteration 6 / LogL: -2059.426 / Time: 0h:0m:0s
Iteration 7 / LogL: -2059.426 / Time: 0h:0m:0s
Iteration 8 / LogL: -2059.426 / Time: 0h:0m:0s
Iteration 9 / LogL: -2059.426 / Time: 0h:0m:0s
Iteration 10 / LogL: -2059.424 / Time: 0h:0m:0s
Average CPU time for 1 NNI search: 0.010
Finish initializing candidate tree set. Number of distinct locally optimal trees: 9
Current best tree score: -2059.424 / CPU time: 0.336
--------------------------------------------------------------------
|               OPTIMIZING CANDIDATE TREE SET                      |
--------------------------------------------------------------------
Iteration 20 / LogL: -2252.716 / Time: 0h:0m:0s (0h:0m:2s left)
Iteration 30 / LogL: -2073.270 / Time: 0h:0m:0s (0h:0m:2s left)
Iteration 40 / LogL: -2059.861 / Time: 0h:0m:1s (0h:0m:1s left)
Iteration 50 / LogL: -2059.426 / Time: 0h:0m:1s (0h:0m:1s left)
Iteration 60 / LogL: -2059.425 / Time: 0h:0m:1s (0h:0m:1s left)
Iteration 70 / LogL: -2059.433 / Time: 0h:0m:1s (0h:0m:0s left)
Iteration 80 / LogL: -2059.424 / Time: 0h:0m:2s (0h:0m:0s left)
Iteration 90 / LogL: -2059.430 / Time: 0h:0m:2s (0h:0m:0s left)
Iteration 100 / LogL: -2059.429 / Time: 0h:0m:2s (0h:0m:0s left)
TREE SEARCH COMPLETED AFTER 101 ITERATIONS / Time: 0h:0m:2s

--------------------------------------------------------------------
|                    FINALIZING TREE SEARCH                        |
--------------------------------------------------------------------
Performs final model parameters optimization
Estimate model parameters (epsilon = 0.010)
1. Initial log-likelihood: -2059.424
Optimal log-likelihood: -2059.422
Rate parameters:  A-C: 1.265  A-G: 1.078  A-T: 0.933  C-G: 1.032  C-T: 1.234  G-T: 1.000
Base frequencies:   A: 0.202  C: 0.269  G: 0.263  T: 0.266
Gamma shape alpha: 18.490
Parameters optimization took 1 rounds (0.010 sec)
BEST SCORE FOUND : -2059.422

Testing tree branches by SH-like aLRT with 1000 replicates...
CPU Time used:  0.180 sec.
Total tree length: 1.209

Total number of iterations: 101
CPU time used for tree search: 2.636 sec (0h:0m:2s)
Wall-clock time used for tree search: 2.639 sec (0h:0m:2s)
Total CPU time used: 2.900 sec (0h:0m:2s)
Total wall-clock time used: 2.902 sec (0h:0m:2s)

Analysis results written to: 
  IQ-TREE report:                ../simulations/data_D8T8L15I8T8//S/613_pruned.fasta.iqtree
  Maximum-likelihood tree:       ../simulations/data_D8T8L15I8T8//S/613_pruned.fasta.treefile
  Likelihood distances:          ../simulations/data_D8T8L15I8T8//S/613_pruned.fasta.mldist
  Screen log file:               ../simulations/data_D8T8L15I8T8//S/613_pruned.fasta.log

Date and Time: Fri May 25 23:01:27 2018
