IQ-TREE version 1.4.2 for Linux 64-bit built Apr 15 2016
Copyright (c) 2011-2015 Nguyen Lam Tung, Olga Chernomor, Arndt von Haeseler and Bui Quang Minh.

Host:    meduse (AVX2, FMA3, 7 GB RAM)
Command: iqtree -s ../simulations/data_D10T10L20I10T10//S/615_pruned.fasta -m GTR+G -alrt 1000 -redo
Seed:    65954 (Using SPRNG - Scalable Parallel Random Number Generator)
Time:    Mon Jun  4 00:47:43 2018
Kernel:  AVX

NOTE: Consider using the multicore version because your CPU has 4 cores!

Reading alignment file ../simulations/data_D10T10L20I10T10//S/615_pruned.fasta ... Fasta format detected
Alignment most likely contains DNA/RNA sequences
Alignment has 29 sequences with 300 columns and 300 patterns (296 informative sites)
          Gap/Ambiguity  Composition  p-value
   1  n244_333    0.00%    passed     16.48%
   2  n298_393    0.00%    passed      7.48%
   3  n295_390    0.00%    passed     56.86%
   4  n275_370    0.00%    passed     28.09%
   5  n255_348    0.00%    passed     51.03%
   6  n293_388    0.00%    passed     16.24%
   7  n277_372    0.00%    passed     26.90%
   8  n296_391    0.00%    passed     71.39%
   9  n290_385    0.00%    passed     70.52%
  10  n236_323    0.00%    passed     38.46%
  11  n274_369    0.00%    passed     41.60%
  12  n289_384    0.00%    passed     67.84%
  13  n244_335    0.00%    passed     45.76%
  14  n278_373    0.00%    passed     59.77%
  15  n251_342    0.00%    passed     15.42%
  16  n294_389    0.00%    passed     18.38%
  17  n297_392    0.00%    passed     30.96%
  18  n200_275    0.00%    passed     66.36%
  19  n292_387    0.00%    passed     44.88%
  20  n265_360    0.00%    passed     15.90%
  21  n286_381    0.00%    passed     72.35%
  22  n285_380    0.00%    passed     29.61%
  23  n287_382    0.00%    passed     47.45%
  24  n255_350    0.00%    passed     54.27%
  25  n300_395    0.00%    passed     26.90%
  26  n299_394    0.00%    passed     25.28%
  27  n266_361    0.00%    passed      5.35%
  28  n280_375    0.00%    passed     26.98%
  29  n251_344    0.00%    passed     27.14%
****  TOTAL       0.00%  0 sequences failed composition chi2 test (p-value<5%; df=3)

Create initial parsimony tree by phylogenetic likelihood library (PLL)... 0.002 seconds

NOTE: 1 MB RAM is required!
Estimate model parameters (epsilon = 0.100)
1. Initial log-likelihood: -6363.949
2. Current log-likelihood: -6267.402
3. Current log-likelihood: -6250.223
4. Current log-likelihood: -6246.463
5. Current log-likelihood: -6245.349
6. Current log-likelihood: -6245.007
Optimal log-likelihood: -6244.863
Rate parameters:  A-C: 1.311  A-G: 1.118  A-T: 0.938  C-G: 0.897  C-T: 1.228  G-T: 1.000
Base frequencies:   A: 0.231  C: 0.263  G: 0.254  T: 0.252
Gamma shape alpha: 3.839
Parameters optimization took 6 rounds (0.082 sec)
--------------------------------------------------------------------
|             INITIALIZING CANDIDATE TREE SET                      |
--------------------------------------------------------------------
Computing ML distances based on estimated model parameters... 0.004 sec
WARNING: Some pairwise ML distances are too long (saturated)
Computing BIONJ tree...
0.000 seconds
Log-likelihood of BIONJ tree: -6245.809
Generating 98 parsimony trees... 0.203 seconds 11 distinct starting trees
Computing log-likelihood of 11 initial trees ... 0.033 seconds
Optimizing top 11 initial trees with NNI...
Iteration 1 / LogL: -6243.511 / Time: 0h:0m:0s
Estimate model parameters (epsilon = 0.100)
BETTER TREE FOUND at iteration 1: -6243.441
Iteration 2 / LogL: -6243.290 / Time: 0h:0m:0s
Estimate model parameters (epsilon = 0.100)
BETTER TREE FOUND at iteration 2: -6243.210
Iteration 3 / LogL: -6244.913 / Time: 0h:0m:0s
Iteration 4 / LogL: -6244.913 / Time: 0h:0m:0s
Iteration 5 / LogL: -6246.069 / Time: 0h:0m:0s
Iteration 6 / LogL: -6244.911 / Time: 0h:0m:0s
Iteration 7 / LogL: -6244.911 / Time: 0h:0m:0s
Iteration 8 / LogL: -6244.913 / Time: 0h:0m:0s
Iteration 9 / LogL: -6244.913 / Time: 0h:0m:0s
Iteration 10 / LogL: -6246.069 / Time: 0h:0m:0s
Iteration 11 / LogL: -6244.799 / Time: 0h:0m:0s
Average CPU time for 1 NNI search: 0.020
Finish initializing candidate tree set. Number of distinct locally optimal trees: 5
Current best tree score: -6243.210 / CPU time: 0.452
--------------------------------------------------------------------
|               OPTIMIZING CANDIDATE TREE SET                      |
--------------------------------------------------------------------
Iteration 20 / LogL: -6958.633 / Time: 0h:0m:0s (0h:0m:3s left)
Iteration 30 / LogL: -6243.560 / Time: 0h:0m:1s (0h:0m:3s left)
Iteration 40 / LogL: -6243.576 / Time: 0h:0m:1s (0h:0m:2s left)
Iteration 50 / LogL: -6243.362 / Time: 0h:0m:2s (0h:0m:2s left)
Iteration 60 / LogL: -6243.782 / Time: 0h:0m:2s (0h:0m:1s left)
Iteration 70 / LogL: -6243.674 / Time: 0h:0m:3s (0h:0m:1s left)
Iteration 80 / LogL: -6243.363 / Time: 0h:0m:3s (0h:0m:0s left)
Iteration 90 / LogL: -6243.510 / Time: 0h:0m:3s (0h:0m:0s left)
Iteration 100 / LogL: -6243.353 / Time: 0h:0m:4s (0h:0m:0s left)
TREE SEARCH COMPLETED AFTER 101 ITERATIONS / Time: 0h:0m:4s

--------------------------------------------------------------------
|                    FINALIZING TREE SEARCH                        |
--------------------------------------------------------------------
Performs final model parameters optimization
Estimate model parameters (epsilon = 0.010)
1. Initial log-likelihood: -6243.210
Optimal log-likelihood: -6243.206
Rate parameters:  A-C: 1.326  A-G: 1.096  A-T: 0.938  C-G: 0.893  C-T: 1.249  G-T: 1.000
Base frequencies:   A: 0.231  C: 0.263  G: 0.254  T: 0.252
Gamma shape alpha: 3.888
Parameters optimization took 1 rounds (0.008 sec)
BEST SCORE FOUND : -6243.206

Testing tree branches by SH-like aLRT with 1000 replicates...
CPU Time used:  0.140 sec.
Total tree length: 11.477

Total number of iterations: 101
CPU time used for tree search: 4.208 sec (0h:0m:4s)
Wall-clock time used for tree search: 4.208 sec (0h:0m:4s)
Total CPU time used: 4.476 sec (0h:0m:4s)
Total wall-clock time used: 4.482 sec (0h:0m:4s)

Analysis results written to: 
  IQ-TREE report:                ../simulations/data_D10T10L20I10T10//S/615_pruned.fasta.iqtree
  Maximum-likelihood tree:       ../simulations/data_D10T10L20I10T10//S/615_pruned.fasta.treefile
  Likelihood distances:          ../simulations/data_D10T10L20I10T10//S/615_pruned.fasta.mldist
  Screen log file:               ../simulations/data_D10T10L20I10T10//S/615_pruned.fasta.log

Date and Time: Mon Jun  4 00:47:47 2018
