IQ-TREE version 1.4.2 for Linux 64-bit built Apr 15 2016
Copyright (c) 2011-2015 Nguyen Lam Tung, Olga Chernomor, Arndt von Haeseler and Bui Quang Minh.

Host:    meduse (AVX2, FMA3, 7 GB RAM)
Command: iqtree -s ../simulations/data_D8T8L15I8T8//S/625_pruned.fasta -m GTR+G -alrt 1000 -redo
Seed:    275817 (Using SPRNG - Scalable Parallel Random Number Generator)
Time:    Fri May 25 23:07:29 2018
Kernel:  AVX

NOTE: Consider using the multicore version because your CPU has 4 cores!

Reading alignment file ../simulations/data_D8T8L15I8T8//S/625_pruned.fasta ... Fasta format detected
Alignment most likely contains DNA/RNA sequences
Alignment has 26 sequences with 300 columns and 166 patterns (139 informative sites)
          Gap/Ambiguity  Composition  p-value
   1  n287_288    0.00%    passed     90.70%
   2  n290_291    0.00%    passed     92.36%
   3  n236_237    0.00%    passed     97.63%
   4  n278_279    0.00%    passed     99.64%
   5  n285_286    0.00%    passed     82.73%
   6  n265_266    0.00%    passed     65.21%
   7  n280_281    0.00%    passed     96.39%
   8  n299_300    0.00%    passed     94.00%
   9  n293_294    0.00%    passed     92.81%
  10  n274_275    0.00%    passed     96.18%
  11  n292_293    0.00%    passed     96.32%
  12  n296_297    0.00%    passed     95.21%
  13  n294_295    0.00%    passed     90.59%
  14  n275_276    0.00%    passed     89.67%
  15  n297_298    0.00%    passed     89.06%
  16  n289_290    0.00%    passed     90.70%
  17  n286_287    0.00%    passed     83.09%
  18  n255_256    0.00%    passed     86.44%
  19  n295_296    0.00%    passed     95.21%
  20  n266_267    0.00%    passed     83.67%
  21  n244_245    0.00%    passed     46.78%
  22  n298_299    0.00%    passed     89.06%
  23  n300_301    0.00%    passed     94.00%
  24  n200_201    0.00%    passed     86.45%
  25  n277_278    0.00%    passed     95.47%
  26  n251_252    0.00%    passed     71.16%
****  TOTAL       0.00%  0 sequences failed composition chi2 test (p-value<5%; df=3)
NOTE: 3 identical sequences (see below) will be ignored for subsequent analysis
NOTE: n289_290 (identical to n287_288) is ignored but added at the end
NOTE: n300_301 (identical to n299_300) is ignored but added at the end
NOTE: n295_296 (identical to n296_297) is ignored but added at the end

Create initial parsimony tree by phylogenetic likelihood library (PLL)... 0.001 seconds

NOTE: 0 MB RAM is required!
Estimate model parameters (epsilon = 0.100)
1. Initial log-likelihood: -1945.217
2. Current log-likelihood: -1902.256
3. Current log-likelihood: -1901.920
Optimal log-likelihood: -1901.914
Rate parameters:  A-C: 1.371  A-G: 1.995  A-T: 1.704  C-G: 1.883  C-T: 2.086  G-T: 1.000
Base frequencies:   A: 0.282  C: 0.256  G: 0.199  T: 0.263
Gamma shape alpha: 3.610
Parameters optimization took 3 rounds (0.021 sec)
--------------------------------------------------------------------
|             INITIALIZING CANDIDATE TREE SET                      |
--------------------------------------------------------------------
Computing ML distances based on estimated model parameters... 0.004 sec
Computing BIONJ tree...
0.000 seconds
Log-likelihood of BIONJ tree: -1901.222
Generating 98 parsimony trees... 0.102 seconds 10 distinct starting trees
Computing log-likelihood of 10 initial trees ... 0.016 seconds
Optimizing top 10 initial trees with NNI...
Iteration 1 / LogL: -1901.222 / Time: 0h:0m:0s
Estimate model parameters (epsilon = 0.100)
BETTER SCORE FOUND at iteration 1: -1901.192
Iteration 2 / LogL: -1901.192 / Time: 0h:0m:0s
Iteration 3 / LogL: -1901.192 / Time: 0h:0m:0s
Iteration 4 / LogL: -1901.192 / Time: 0h:0m:0s
Iteration 5 / LogL: -1901.212 / Time: 0h:0m:0s
Iteration 6 / LogL: -1901.212 / Time: 0h:0m:0s
Iteration 7 / LogL: -1901.212 / Time: 0h:0m:0s
Iteration 8 / LogL: -1901.212 / Time: 0h:0m:0s
Iteration 9 / LogL: -1901.212 / Time: 0h:0m:0s
Iteration 10 / LogL: -1901.212 / Time: 0h:0m:0s
Average CPU time for 1 NNI search: 0.008
Finish initializing candidate tree set. Number of distinct locally optimal trees: 3
Current best tree score: -1901.192 / CPU time: 0.200
--------------------------------------------------------------------
|               OPTIMIZING CANDIDATE TREE SET                      |
--------------------------------------------------------------------
Iteration 20 / LogL: -1901.193 / Time: 0h:0m:0s (0h:0m:1s left)
Iteration 30 / LogL: -1901.199 / Time: 0h:0m:0s (0h:0m:1s left)
Iteration 40 / LogL: -1901.192 / Time: 0h:0m:0s (0h:0m:1s left)
Iteration 50 / LogL: -1901.329 / Time: 0h:0m:0s (0h:0m:0s left)
Iteration 60 / LogL: -1901.193 / Time: 0h:0m:1s (0h:0m:0s left)
Iteration 70 / LogL: -1901.192 / Time: 0h:0m:1s (0h:0m:0s left)
Iteration 80 / LogL: -1901.193 / Time: 0h:0m:1s (0h:0m:0s left)
Iteration 90 / LogL: -1901.195 / Time: 0h:0m:1s (0h:0m:0s left)
Iteration 100 / LogL: -1901.210 / Time: 0h:0m:1s (0h:0m:0s left)
TREE SEARCH COMPLETED AFTER 101 ITERATIONS / Time: 0h:0m:1s

--------------------------------------------------------------------
|                    FINALIZING TREE SEARCH                        |
--------------------------------------------------------------------
Performs final model parameters optimization
Estimate model parameters (epsilon = 0.010)
1. Initial log-likelihood: -1901.192
2. Current log-likelihood: -1901.173
3. Current log-likelihood: -1901.160
4. Current log-likelihood: -1901.150
Optimal log-likelihood: -1901.142
Rate parameters:  A-C: 1.457  A-G: 2.098  A-T: 1.756  C-G: 2.009  C-T: 2.165  G-T: 1.000
Base frequencies:   A: 0.282  C: 0.256  G: 0.199  T: 0.263
Gamma shape alpha: 3.654
Parameters optimization took 4 rounds (0.016 sec)
BEST SCORE FOUND : -1901.142

Testing tree branches by SH-like aLRT with 1000 replicates...
CPU Time used:  0.104 sec.
Total tree length: 1.159

Total number of iterations: 101
CPU time used for tree search: 1.724 sec (0h:0m:1s)
Wall-clock time used for tree search: 1.728 sec (0h:0m:1s)
Total CPU time used: 1.880 sec (0h:0m:1s)
Total wall-clock time used: 1.884 sec (0h:0m:1s)

Analysis results written to: 
  IQ-TREE report:                ../simulations/data_D8T8L15I8T8//S/625_pruned.fasta.iqtree
  Maximum-likelihood tree:       ../simulations/data_D8T8L15I8T8//S/625_pruned.fasta.treefile
  Likelihood distances:          ../simulations/data_D8T8L15I8T8//S/625_pruned.fasta.mldist
  Screen log file:               ../simulations/data_D8T8L15I8T8//S/625_pruned.fasta.log

Date and Time: Fri May 25 23:07:31 2018
