IQ-TREE version 1.4.2 for Linux 64-bit built Apr 15 2016
Copyright (c) 2011-2015 Nguyen Lam Tung, Olga Chernomor, Arndt von Haeseler and Bui Quang Minh.

Host:    meduse (AVX2, FMA3, 7 GB RAM)
Command: iqtree -s ../simulations/data_D10T10L20I10T10//S/626_pruned.fasta -m GTR+G -alrt 1000 -redo
Seed:    97700 (Using SPRNG - Scalable Parallel Random Number Generator)
Time:    Fri Jun  1 10:38:46 2018
Kernel:  AVX

NOTE: Consider using the multicore version because your CPU has 4 cores!

Reading alignment file ../simulations/data_D10T10L20I10T10//S/626_pruned.fasta ... Fasta format detected
Alignment most likely contains DNA/RNA sequences
Alignment has 26 sequences with 300 columns and 188 patterns (165 informative sites)
          Gap/Ambiguity  Composition  p-value
   1  n292_293    0.00%    passed     99.87%
   2  n287_288    0.00%    passed     97.74%
   3  n290_291    0.00%    passed     95.02%
   4  n294_295    0.00%    passed     86.65%
   5  n251_252    0.00%    passed     62.95%
   6  n286_287    0.00%    passed     85.70%
   7  n300_301    0.00%    passed     99.56%
   8  n275_276    0.00%    passed     86.24%
   9  n274_275    0.00%    passed     99.87%
  10  n289_290    0.00%    passed     93.65%
  11  n255_256    0.00%    passed     81.37%
  12  n236_237    0.00%    passed     98.10%
  13  n299_300    0.00%    passed     99.56%
  14  n278_279    0.00%    passed     99.66%
  15  n297_298    0.00%    passed     92.68%
  16  n298_299    0.00%    passed     95.21%
  17  n244_245    0.00%    passed     86.93%
  18  n293_294    0.00%    passed     91.58%
  19  n296_297    0.00%    passed     92.68%
  20  n295_296    0.00%    passed     92.68%
  21  n266_267    0.00%    passed     24.59%
  22  n200_201    0.00%    passed     89.94%
  23  n285_286    0.00%    passed     86.03%
  24  n277_278    0.00%    passed     97.22%
  25  n280_281    0.00%    passed     94.34%
  26  n265_266    0.00%    passed     22.32%
****  TOTAL       0.00%  0 sequences failed composition chi2 test (p-value<5%; df=3)
NOTE: 2 identical sequences (see below) will be ignored for subsequent analysis
NOTE: n299_300 (identical to n300_301) is ignored but added at the end
NOTE: n295_296 (identical to n296_297) is ignored but added at the end

Create initial parsimony tree by phylogenetic likelihood library (PLL)... 0.001 seconds

NOTE: 0 MB RAM is required!
Estimate model parameters (epsilon = 0.100)
1. Initial log-likelihood: -2113.141
2. Current log-likelihood: -2058.007
3. Current log-likelihood: -2057.142
Optimal log-likelihood: -2057.127
Rate parameters:  A-C: 1.006  A-G: 1.625  A-T: 1.359  C-G: 0.949  C-T: 1.806  G-T: 1.000
Base frequencies:   A: 0.260  C: 0.246  G: 0.252  T: 0.242
Gamma shape alpha: 998.272
Parameters optimization took 3 rounds (0.020 sec)
--------------------------------------------------------------------
|             INITIALIZING CANDIDATE TREE SET                      |
--------------------------------------------------------------------
Computing ML distances based on estimated model parameters... 0.000 sec
Computing BIONJ tree...
0.000 seconds
Log-likelihood of BIONJ tree: -2057.139
Generating 98 parsimony trees... 0.088 seconds 10 distinct starting trees
Computing log-likelihood of 10 initial trees ... 0.014 seconds
Optimizing top 10 initial trees with NNI...
Iteration 1 / LogL: -2056.937 / Time: 0h:0m:0s
Estimate model parameters (epsilon = 0.100)
BETTER SCORE FOUND at iteration 1: -2056.915
Iteration 2 / LogL: -2056.920 / Time: 0h:0m:0s
Iteration 3 / LogL: -2056.920 / Time: 0h:0m:0s
Iteration 4 / LogL: -2056.916 / Time: 0h:0m:0s
Iteration 5 / LogL: -2056.916 / Time: 0h:0m:0s
Iteration 6 / LogL: -2056.916 / Time: 0h:0m:0s
Iteration 7 / LogL: -2056.916 / Time: 0h:0m:0s
Iteration 8 / LogL: -2056.916 / Time: 0h:0m:0s
Iteration 9 / LogL: -2056.916 / Time: 0h:0m:0s
Iteration 10 / LogL: -2056.916 / Time: 0h:0m:0s
Average CPU time for 1 NNI search: 0.006
Finish initializing candidate tree set. Number of distinct locally optimal trees: 3
Current best tree score: -2056.915 / CPU time: 0.160
--------------------------------------------------------------------
|               OPTIMIZING CANDIDATE TREE SET                      |
--------------------------------------------------------------------
Iteration 20 / LogL: -2056.954 / Time: 0h:0m:0s (0h:0m:1s left)
Iteration 30 / LogL: -2056.916 / Time: 0h:0m:0s (0h:0m:1s left)
Iteration 40 / LogL: -2056.918 / Time: 0h:0m:0s (0h:0m:1s left)
Iteration 50 / LogL: -2056.953 / Time: 0h:0m:0s (0h:0m:0s left)
Iteration 60 / LogL: -2056.915 / Time: 0h:0m:0s (0h:0m:0s left)
Iteration 70 / LogL: -2059.266 / Time: 0h:0m:1s (0h:0m:0s left)
Iteration 80 / LogL: -2056.922 / Time: 0h:0m:1s (0h:0m:0s left)
Iteration 90 / LogL: -2056.922 / Time: 0h:0m:1s (0h:0m:0s left)
Iteration 100 / LogL: -2056.916 / Time: 0h:0m:1s (0h:0m:0s left)
TREE SEARCH COMPLETED AFTER 101 ITERATIONS / Time: 0h:0m:1s

--------------------------------------------------------------------
|                    FINALIZING TREE SEARCH                        |
--------------------------------------------------------------------
Performs final model parameters optimization
Estimate model parameters (epsilon = 0.010)
1. Initial log-likelihood: -2056.915
2. Current log-likelihood: -2056.904
Optimal log-likelihood: -2056.901
Rate parameters:  A-C: 1.012  A-G: 1.584  A-T: 1.329  C-G: 0.916  C-T: 1.767  G-T: 1.000
Base frequencies:   A: 0.260  C: 0.246  G: 0.252  T: 0.242
Gamma shape alpha: 998.272
Parameters optimization took 2 rounds (0.008 sec)
BEST SCORE FOUND : -2056.901

Testing tree branches by SH-like aLRT with 1000 replicates...
CPU Time used:  0.096 sec.
Total tree length: 1.237

Total number of iterations: 101
CPU time used for tree search: 1.456 sec (0h:0m:1s)
Wall-clock time used for tree search: 1.462 sec (0h:0m:1s)
Total CPU time used: 1.588 sec (0h:0m:1s)
Total wall-clock time used: 1.599 sec (0h:0m:1s)

Analysis results written to: 
  IQ-TREE report:                ../simulations/data_D10T10L20I10T10//S/626_pruned.fasta.iqtree
  Maximum-likelihood tree:       ../simulations/data_D10T10L20I10T10//S/626_pruned.fasta.treefile
  Likelihood distances:          ../simulations/data_D10T10L20I10T10//S/626_pruned.fasta.mldist
  Screen log file:               ../simulations/data_D10T10L20I10T10//S/626_pruned.fasta.log

Date and Time: Fri Jun  1 10:38:47 2018
