IQ-TREE version 1.4.2 for Linux 64-bit built Apr 15 2016
Copyright (c) 2011-2015 Nguyen Lam Tung, Olga Chernomor, Arndt von Haeseler and Bui Quang Minh.

Host:    meduse (AVX2, FMA3, 7 GB RAM)
Command: iqtree -s ../simulations/data_D8T8L15I8T8//S/628_pruned.fasta -m GTR+G -alrt 1000 -redo
Seed:    306738 (Using SPRNG - Scalable Parallel Random Number Generator)
Time:    Fri May 25 23:13:31 2018
Kernel:  AVX

NOTE: Consider using the multicore version because your CPU has 4 cores!

Reading alignment file ../simulations/data_D8T8L15I8T8//S/628_pruned.fasta ... Fasta format detected
Alignment most likely contains DNA/RNA sequences
Alignment has 26 sequences with 300 columns and 169 patterns (149 informative sites)
          Gap/Ambiguity  Composition  p-value
   1  n290_287    0.00%    passed     97.70%
   2  n200_201    0.00%    passed     99.21%
   3  n236_235    0.00%    passed     86.67%
   4  n274_271    0.00%    passed     92.47%
   5  n286_283    0.00%    passed     82.39%
   6  n297_294    0.00%    passed     89.86%
   7  n289_286    0.00%    passed     99.08%
   8  n294_291    0.00%    passed     98.64%
   9  n300_297    0.00%    passed     87.45%
  10  n287_284    0.00%    passed     97.80%
  11  n296_293    0.00%    passed     99.85%
  12  n295_292    0.00%    passed     98.78%
  13  n275_272    0.00%    passed     95.17%
  14  n244_243    0.00%    passed     52.86%
  15  n298_295    0.00%    passed     92.22%
  16  n280_277    0.00%    passed     88.55%
  17  n251_248    0.00%    passed     98.66%
  18  n285_282    0.00%    passed     85.56%
  19  n278_275    0.00%    passed     96.30%
  20  n299_296    0.00%    passed     87.45%
  21  n293_290    0.00%    passed     96.79%
  22  n265_262    0.00%    passed     65.52%
  23  n277_274    0.00%    passed     95.58%
  24  n292_289    0.00%    passed     87.45%
  25  n266_263    0.00%    passed     71.00%
  26  n255_252    0.00%    passed     95.70%
****  TOTAL       0.00%  0 sequences failed composition chi2 test (p-value<5%; df=3)
NOTE: 2 identical sequences (see below) will be ignored for subsequent analysis
NOTE: n299_296 (identical to n300_297) is ignored but added at the end
NOTE: n292_289 (identical to n300_297) is ignored but added at the end

Create initial parsimony tree by phylogenetic likelihood library (PLL)... 0.001 seconds

NOTE: 0 MB RAM is required!
Estimate model parameters (epsilon = 0.100)
1. Initial log-likelihood: -2002.800
2. Current log-likelihood: -1970.180
3. Current log-likelihood: -1969.895
Optimal log-likelihood: -1969.877
Rate parameters:  A-C: 1.137  A-G: 1.334  A-T: 1.241  C-G: 1.184  C-T: 1.291  G-T: 1.000
Base frequencies:   A: 0.217  C: 0.270  G: 0.216  T: 0.297
Gamma shape alpha: 3.015
Parameters optimization took 3 rounds (0.027 sec)
--------------------------------------------------------------------
|             INITIALIZING CANDIDATE TREE SET                      |
--------------------------------------------------------------------
Computing ML distances based on estimated model parameters... 0.004 sec
Computing BIONJ tree...
0.000 seconds
Log-likelihood of BIONJ tree: -1969.877
Generating 98 parsimony trees... 0.100 seconds 92 distinct starting trees
Computing log-likelihood of 92 initial trees ... 0.182 seconds
Optimizing top 20 initial trees with NNI...
Iteration 1 / LogL: -1969.877 / Time: 0h:0m:0s
Estimate model parameters (epsilon = 0.100)
BETTER SCORE FOUND at iteration 1: -1969.876
Iteration 2 / LogL: -1969.876 / Time: 0h:0m:0s
Iteration 3 / LogL: -1969.878 / Time: 0h:0m:0s
Iteration 4 / LogL: -1969.878 / Time: 0h:0m:0s
Iteration 5 / LogL: -1969.878 / Time: 0h:0m:0s
Iteration 6 / LogL: -1969.878 / Time: 0h:0m:0s
Iteration 7 / LogL: -1969.878 / Time: 0h:0m:0s
Iteration 8 / LogL: -1969.878 / Time: 0h:0m:0s
Iteration 9 / LogL: -1969.878 / Time: 0h:0m:0s
Iteration 10 / LogL: -1969.878 / Time: 0h:0m:0s
Iteration 11 / LogL: -1969.878 / Time: 0h:0m:0s
Iteration 12 / LogL: -1969.878 / Time: 0h:0m:0s
Iteration 13 / LogL: -1969.878 / Time: 0h:0m:0s
Iteration 14 / LogL: -1969.878 / Time: 0h:0m:0s
Iteration 15 / LogL: -1969.878 / Time: 0h:0m:0s
Iteration 16 / LogL: -1969.878 / Time: 0h:0m:0s
Iteration 17 / LogL: -1969.878 / Time: 0h:0m:0s
Iteration 18 / LogL: -1969.878 / Time: 0h:0m:0s
Iteration 19 / LogL: -1969.878 / Time: 0h:0m:0s
Iteration 20 / LogL: -1969.878 / Time: 0h:0m:0s
Average CPU time for 1 NNI search: 0.005
Finish initializing candidate tree set. Number of distinct locally optimal trees: 20
Current best tree score: -1969.876 / CPU time: 0.384
--------------------------------------------------------------------
|               OPTIMIZING CANDIDATE TREE SET                      |
--------------------------------------------------------------------
Iteration 30 / LogL: -1969.880 / Time: 0h:0m:0s (0h:0m:1s left)
Iteration 40 / LogL: -2155.699 / Time: 0h:0m:0s (0h:0m:1s left)
Iteration 50 / LogL: -1969.876 / Time: 0h:0m:0s (0h:0m:0s left)
Iteration 60 / LogL: -2241.604 / Time: 0h:0m:1s (0h:0m:0s left)
Iteration 70 / LogL: -1969.877 / Time: 0h:0m:1s (0h:0m:0s left)
Iteration 80 / LogL: -1974.276 / Time: 0h:0m:1s (0h:0m:0s left)
Iteration 90 / LogL: -1969.878 / Time: 0h:0m:1s (0h:0m:0s left)
Iteration 100 / LogL: -1969.877 / Time: 0h:0m:1s (0h:0m:0s left)
TREE SEARCH COMPLETED AFTER 101 ITERATIONS / Time: 0h:0m:1s

--------------------------------------------------------------------
|                    FINALIZING TREE SEARCH                        |
--------------------------------------------------------------------
Performs final model parameters optimization
Estimate model parameters (epsilon = 0.010)
1. Initial log-likelihood: -1969.876
Optimal log-likelihood: -1969.867
Rate parameters:  A-C: 1.114  A-G: 1.325  A-T: 1.230  C-G: 1.164  C-T: 1.277  G-T: 1.000
Base frequencies:   A: 0.217  C: 0.270  G: 0.216  T: 0.297
Gamma shape alpha: 3.024
Parameters optimization took 1 rounds (0.007 sec)
BEST SCORE FOUND : -1969.867

Testing tree branches by SH-like aLRT with 1000 replicates...
CPU Time used:  0.136 sec.
Total tree length: 1.192

Total number of iterations: 101
CPU time used for tree search: 1.752 sec (0h:0m:1s)
Wall-clock time used for tree search: 1.751 sec (0h:0m:1s)
Total CPU time used: 1.936 sec (0h:0m:1s)
Total wall-clock time used: 1.938 sec (0h:0m:1s)

Analysis results written to: 
  IQ-TREE report:                ../simulations/data_D8T8L15I8T8//S/628_pruned.fasta.iqtree
  Maximum-likelihood tree:       ../simulations/data_D8T8L15I8T8//S/628_pruned.fasta.treefile
  Likelihood distances:          ../simulations/data_D8T8L15I8T8//S/628_pruned.fasta.mldist
  Screen log file:               ../simulations/data_D8T8L15I8T8//S/628_pruned.fasta.log

Date and Time: Fri May 25 23:13:33 2018
