IQ-TREE version 1.4.2 for Linux 64-bit built Apr 15 2016
Copyright (c) 2011-2015 Nguyen Lam Tung, Olga Chernomor, Arndt von Haeseler and Bui Quang Minh.

Host:    meduse (AVX2, FMA3, 7 GB RAM)
Command: iqtree -s ../simulations/data_D10T10L20I10T10//S/640_pruned.fasta -m GTR+G -alrt 1000 -redo
Seed:    6365 (Using SPRNG - Scalable Parallel Random Number Generator)
Time:    Mon Jun  4 00:57:23 2018
Kernel:  AVX

NOTE: Consider using the multicore version because your CPU has 4 cores!

Reading alignment file ../simulations/data_D10T10L20I10T10//S/640_pruned.fasta ... Fasta format detected
Alignment most likely contains DNA/RNA sequences
Alignment has 26 sequences with 300 columns and 299 patterns (292 informative sites)
          Gap/Ambiguity  Composition  p-value
   1  n274_273    0.00%    passed     72.28%
   2  n280_279    0.00%    passed     51.03%
   3  n293_292    0.00%    passed     58.87%
   4  n289_288    0.00%    passed     60.16%
   5  n287_286    0.00%    passed     47.96%
   6  n297_296    0.00%    passed     57.77%
   7  n277_276    0.00%    passed     70.38%
   8  n265_264    0.00%    passed     80.50%
   9  n200_199    0.00%    passed     37.52%
  10  n292_291    0.00%    passed     64.95%
  11  n299_298    0.00%    passed     76.23%
  12  n275_274    0.00%    passed     57.74%
  13  n266_265    0.00%    passed     47.14%
  14  n236_235    0.00%    passed     85.75%
  15  n290_289    0.00%    passed     64.22%
  16  n244_243    0.00%    passed     36.38%
  17  n251_250    0.00%    passed     99.81%
  18  n285_284    0.00%    passed     69.11%
  19  n286_285    0.00%    passed     51.30%
  20  n278_277    0.00%    passed     71.70%
  21  n255_254    0.00%    passed     88.14%
  22  n295_294    0.00%    passed     77.95%
  23  n296_295    0.00%    passed     95.15%
  24  n298_297    0.00%    passed     65.17%
  25  n294_293    0.00%    passed     39.67%
  26  n300_299    0.00%    passed     79.91%
****  TOTAL       0.00%  0 sequences failed composition chi2 test (p-value<5%; df=3)

Create initial parsimony tree by phylogenetic likelihood library (PLL)... 0.002 seconds

NOTE: 1 MB RAM is required!
Estimate model parameters (epsilon = 0.100)
1. Initial log-likelihood: -5219.434
2. Current log-likelihood: -5118.063
3. Current log-likelihood: -5103.799
4. Current log-likelihood: -5100.756
5. Current log-likelihood: -5100.066
6. Current log-likelihood: -5099.935
Optimal log-likelihood: -5099.867
Rate parameters:  A-C: 1.099  A-G: 1.220  A-T: 1.179  C-G: 0.953  C-T: 1.161  G-T: 1.000
Base frequencies:   A: 0.237  C: 0.265  G: 0.268  T: 0.230
Gamma shape alpha: 5.580
Parameters optimization took 6 rounds (0.075 sec)
--------------------------------------------------------------------
|             INITIALIZING CANDIDATE TREE SET                      |
--------------------------------------------------------------------
Computing ML distances based on estimated model parameters... 0.004 sec
WARNING: Some pairwise ML distances are too long (saturated)
Computing BIONJ tree...
0.000 seconds
Log-likelihood of BIONJ tree: -5096.398
Generating 98 parsimony trees... 0.135 seconds 2 distinct starting trees
Computing log-likelihood of 2 initial trees ... 0.000 seconds
Optimizing top 2 initial trees with NNI...
Iteration 1 / LogL: -5096.398 / Time: 0h:0m:0s
Estimate model parameters (epsilon = 0.100)
BETTER SCORE FOUND at iteration 1: -5096.382
Iteration 2 / LogL: -5098.111 / Time: 0h:0m:0s
Average CPU time for 1 NNI search: 0.012
Finish initializing candidate tree set. Number of distinct locally optimal trees: 2
Current best tree score: -5096.382 / CPU time: 0.160
--------------------------------------------------------------------
|               OPTIMIZING CANDIDATE TREE SET                      |
--------------------------------------------------------------------
Iteration 10 / LogL: -5097.318 / Time: 0h:0m:0s
Iteration 20 / LogL: -5099.656 / Time: 0h:0m:0s (0h:0m:3s left)
Iteration 30 / LogL: -5096.520 / Time: 0h:0m:1s (0h:0m:2s left)
Iteration 40 / LogL: -5096.838 / Time: 0h:0m:1s (0h:0m:2s left)
Iteration 50 / LogL: -5098.626 / Time: 0h:0m:1s (0h:0m:1s left)
Iteration 60 / LogL: -5097.171 / Time: 0h:0m:1s (0h:0m:1s left)
Iteration 70 / LogL: -5100.856 / Time: 0h:0m:2s (0h:0m:0s left)
Iteration 80 / LogL: -5096.464 / Time: 0h:0m:2s (0h:0m:0s left)
Iteration 90 / LogL: -5096.429 / Time: 0h:0m:2s (0h:0m:0s left)
Iteration 100 / LogL: -5101.067 / Time: 0h:0m:3s (0h:0m:0s left)
TREE SEARCH COMPLETED AFTER 101 ITERATIONS / Time: 0h:0m:3s

--------------------------------------------------------------------
|                    FINALIZING TREE SEARCH                        |
--------------------------------------------------------------------
Performs final model parameters optimization
Estimate model parameters (epsilon = 0.010)
1. Initial log-likelihood: -5096.382
Optimal log-likelihood: -5096.381
Rate parameters:  A-C: 1.105  A-G: 1.234  A-T: 1.167  C-G: 0.953  C-T: 1.162  G-T: 1.000
Base frequencies:   A: 0.237  C: 0.265  G: 0.268  T: 0.230
Gamma shape alpha: 5.512
Parameters optimization took 1 rounds (0.007 sec)
BEST SCORE FOUND : -5096.381

Testing tree branches by SH-like aLRT with 1000 replicates...
CPU Time used:  0.116 sec.
Total tree length: 8.391

Total number of iterations: 101
CPU time used for tree search: 3.080 sec (0h:0m:3s)
Wall-clock time used for tree search: 3.079 sec (0h:0m:3s)
Total CPU time used: 3.308 sec (0h:0m:3s)
Total wall-clock time used: 3.309 sec (0h:0m:3s)

Analysis results written to: 
  IQ-TREE report:                ../simulations/data_D10T10L20I10T10//S/640_pruned.fasta.iqtree
  Maximum-likelihood tree:       ../simulations/data_D10T10L20I10T10//S/640_pruned.fasta.treefile
  Likelihood distances:          ../simulations/data_D10T10L20I10T10//S/640_pruned.fasta.mldist
  Screen log file:               ../simulations/data_D10T10L20I10T10//S/640_pruned.fasta.log

Date and Time: Mon Jun  4 00:57:26 2018
