IQ-TREE version 1.4.2 for Linux 64-bit built Apr 15 2016
Copyright (c) 2011-2015 Nguyen Lam Tung, Olga Chernomor, Arndt von Haeseler and Bui Quang Minh.

Host:    meduse (AVX2, FMA3, 7 GB RAM)
Command: iqtree -s ../simulations/data_D10T10L20I10T10//S/643_pruned.fasta -m GTR+G -alrt 1000 -redo
Seed:    828512 (Using SPRNG - Scalable Parallel Random Number Generator)
Time:    Fri Jun  1 10:49:13 2018
Kernel:  AVX

NOTE: Consider using the multicore version because your CPU has 4 cores!

Reading alignment file ../simulations/data_D10T10L20I10T10//S/643_pruned.fasta ... Fasta format detected
Alignment most likely contains DNA/RNA sequences
Alignment has 26 sequences with 300 columns and 164 patterns (152 informative sites)
          Gap/Ambiguity  Composition  p-value
   1  n292_293    0.00%    passed     96.24%
   2  n287_288    0.00%    passed     94.95%
   3  n290_291    0.00%    passed     92.89%
   4  n294_295    0.00%    passed     92.41%
   5  n251_252    0.00%    passed     96.49%
   6  n286_287    0.00%    passed     91.13%
   7  n300_301    0.00%    passed     97.21%
   8  n275_276    0.00%    passed     98.80%
   9  n274_275    0.00%    passed     96.78%
  10  n289_290    0.00%    passed     88.12%
  11  n255_256    0.00%    passed     88.66%
  12  n236_237    0.00%    passed     94.54%
  13  n299_300    0.00%    passed     94.24%
  14  n278_279    0.00%    passed     99.54%
  15  n297_298    0.00%    passed     93.53%
  16  n298_299    0.00%    passed     95.72%
  17  n244_245    0.00%    passed     91.60%
  18  n293_294    0.00%    passed     94.56%
  19  n296_297    0.00%    passed     98.52%
  20  n295_296    0.00%    passed     99.68%
  21  n266_267    0.00%    passed     95.91%
  22  n200_201    0.00%    passed     96.28%
  23  n285_286    0.00%    passed     94.07%
  24  n277_278    0.00%    passed     99.74%
  25  n280_281    0.00%    passed     91.78%
  26  n265_266    0.00%    passed     92.46%
****  TOTAL       0.00%  0 sequences failed composition chi2 test (p-value<5%; df=3)

Create initial parsimony tree by phylogenetic likelihood library (PLL)... 0.001 seconds

NOTE: 0 MB RAM is required!
Estimate model parameters (epsilon = 0.100)
1. Initial log-likelihood: -1958.687
2. Current log-likelihood: -1914.059
3. Current log-likelihood: -1913.776
Optimal log-likelihood: -1913.695
Rate parameters:  A-C: 1.647  A-G: 1.481  A-T: 1.122  C-G: 1.102  C-T: 1.749  G-T: 1.000
Base frequencies:   A: 0.209  C: 0.208  G: 0.313  T: 0.269
Gamma shape alpha: 3.685
Parameters optimization took 3 rounds (0.026 sec)
--------------------------------------------------------------------
|             INITIALIZING CANDIDATE TREE SET                      |
--------------------------------------------------------------------
Computing ML distances based on estimated model parameters... 0.004 sec
Computing BIONJ tree...
0.000 seconds
Log-likelihood of BIONJ tree: -1913.694
Generating 98 parsimony trees... 0.117 seconds 34 distinct starting trees
Computing log-likelihood of 34 initial trees ... 0.064 seconds
Optimizing top 20 initial trees with NNI...
Iteration 1 / LogL: -1913.695 / Time: 0h:0m:0s
Estimate model parameters (epsilon = 0.100)
BETTER SCORE FOUND at iteration 1: -1913.686
Iteration 2 / LogL: -1913.688 / Time: 0h:0m:0s
Iteration 3 / LogL: -1913.689 / Time: 0h:0m:0s
Iteration 4 / LogL: -1913.689 / Time: 0h:0m:0s
Iteration 5 / LogL: -1913.689 / Time: 0h:0m:0s
Iteration 6 / LogL: -1913.689 / Time: 0h:0m:0s
Iteration 7 / LogL: -1913.689 / Time: 0h:0m:0s
Iteration 8 / LogL: -1913.689 / Time: 0h:0m:0s
Iteration 9 / LogL: -1913.689 / Time: 0h:0m:0s
Iteration 10 / LogL: -1913.689 / Time: 0h:0m:0s
Iteration 11 / LogL: -1913.689 / Time: 0h:0m:0s
Iteration 12 / LogL: -1913.689 / Time: 0h:0m:0s
Iteration 13 / LogL: -1913.689 / Time: 0h:0m:0s
Iteration 14 / LogL: -1913.689 / Time: 0h:0m:0s
Iteration 15 / LogL: -1913.689 / Time: 0h:0m:0s
Iteration 16 / LogL: -1913.689 / Time: 0h:0m:0s
Iteration 17 / LogL: -1913.689 / Time: 0h:0m:0s
Iteration 18 / LogL: -1913.689 / Time: 0h:0m:0s
Iteration 19 / LogL: -1913.689 / Time: 0h:0m:0s
Iteration 20 / LogL: -1913.689 / Time: 0h:0m:0s
Average CPU time for 1 NNI search: 0.005
Finish initializing candidate tree set. Number of distinct locally optimal trees: 20
Current best tree score: -1913.686 / CPU time: 0.272
--------------------------------------------------------------------
|               OPTIMIZING CANDIDATE TREE SET                      |
--------------------------------------------------------------------
Iteration 30 / LogL: -1913.686 / Time: 0h:0m:0s (0h:0m:1s left)
Iteration 40 / LogL: -1913.689 / Time: 0h:0m:0s (0h:0m:1s left)
Iteration 50 / LogL: -1913.686 / Time: 0h:0m:0s (0h:0m:0s left)
Iteration 60 / LogL: -1913.686 / Time: 0h:0m:0s (0h:0m:0s left)
Iteration 70 / LogL: -1913.686 / Time: 0h:0m:1s (0h:0m:0s left)
Iteration 80 / LogL: -1913.687 / Time: 0h:0m:1s (0h:0m:0s left)
Iteration 90 / LogL: -1954.372 / Time: 0h:0m:1s (0h:0m:0s left)
Iteration 100 / LogL: -1913.686 / Time: 0h:0m:1s (0h:0m:0s left)
TREE SEARCH COMPLETED AFTER 101 ITERATIONS / Time: 0h:0m:1s

--------------------------------------------------------------------
|                    FINALIZING TREE SEARCH                        |
--------------------------------------------------------------------
Performs final model parameters optimization
Estimate model parameters (epsilon = 0.010)
1. Initial log-likelihood: -1913.686
Optimal log-likelihood: -1913.686
Rate parameters:  A-C: 1.664  A-G: 1.471  A-T: 1.114  C-G: 1.090  C-T: 1.726  G-T: 1.000
Base frequencies:   A: 0.209  C: 0.208  G: 0.313  T: 0.269
Gamma shape alpha: 3.677
Parameters optimization took 1 rounds (0.006 sec)
BEST SCORE FOUND : -1913.686

Testing tree branches by SH-like aLRT with 1000 replicates...
CPU Time used:  0.164 sec.
Total tree length: 1.103

Total number of iterations: 101
CPU time used for tree search: 1.792 sec (0h:0m:1s)
Wall-clock time used for tree search: 1.794 sec (0h:0m:1s)
Total CPU time used: 2.004 sec (0h:0m:2s)
Total wall-clock time used: 2.003 sec (0h:0m:2s)

Analysis results written to: 
  IQ-TREE report:                ../simulations/data_D10T10L20I10T10//S/643_pruned.fasta.iqtree
  Maximum-likelihood tree:       ../simulations/data_D10T10L20I10T10//S/643_pruned.fasta.treefile
  Likelihood distances:          ../simulations/data_D10T10L20I10T10//S/643_pruned.fasta.mldist
  Screen log file:               ../simulations/data_D10T10L20I10T10//S/643_pruned.fasta.log

Date and Time: Fri Jun  1 10:49:15 2018
