IQ-TREE version 1.4.2 for Linux 64-bit built Apr 15 2016
Copyright (c) 2011-2015 Nguyen Lam Tung, Olga Chernomor, Arndt von Haeseler and Bui Quang Minh.

Host:    meduse (AVX2, FMA3, 7 GB RAM)
Command: iqtree -s ../simulations/data_D8T8L15I8T8//S/645_pruned.fasta -m GTR+G -alrt 1000 -redo
Seed:    671151 (Using SPRNG - Scalable Parallel Random Number Generator)
Time:    Fri May 25 22:58:09 2018
Kernel:  AVX

NOTE: Consider using the multicore version because your CPU has 4 cores!

Reading alignment file ../simulations/data_D8T8L15I8T8//S/645_pruned.fasta ... Fasta format detected
Alignment most likely contains DNA/RNA sequences
Alignment has 27 sequences with 300 columns and 188 patterns (160 informative sites)
          Gap/Ambiguity  Composition  p-value
   1  n287_288    0.00%    passed     95.08%
   2  n290_291    0.00%    passed     97.70%
   3  n275_276    0.00%    passed     98.39%
   4  n236_237    0.00%    passed     72.31%
   5  n292_300    0.00%    passed     98.19%
   6  n278_279    0.00%    passed     95.15%
   7  n285_286    0.00%    passed     95.91%
   8  n300_303    0.00%    passed     96.78%
   9  n265_266    0.00%    passed     99.35%
  10  n280_281    0.00%    passed     95.41%
  11  n293_294    0.00%    passed     95.70%
  12  n274_275    0.00%    passed     88.53%
  13  n296_297    0.00%    passed     99.93%
  14  n292_301    0.00%    passed     97.59%
  15  n294_295    0.00%    passed     93.77%
  16  n297_298    0.00%    passed     99.43%
  17  n289_290    0.00%    passed     97.66%
  18  n286_287    0.00%    passed     90.70%
  19  n255_256    0.00%    passed     90.47%
  20  n266_267    0.00%    passed     96.32%
  21  n295_296    0.00%    passed     99.98%
  22  n244_245    0.00%    passed     95.27%
  23  n298_299    0.00%    passed     99.01%
  24  n200_201    0.00%    passed     86.83%
  25  n299_302    0.00%    passed     96.78%
  26  n277_278    0.00%    passed     90.89%
  27  n251_252    0.00%    passed     93.65%
****  TOTAL       0.00%  0 sequences failed composition chi2 test (p-value<5%; df=3)
NOTE: 1 identical sequences (see below) will be ignored for subsequent analysis
NOTE: n299_302 (identical to n300_303) is ignored but added at the end

Create initial parsimony tree by phylogenetic likelihood library (PLL)... 0.001 seconds

NOTE: 0 MB RAM is required!
Estimate model parameters (epsilon = 0.100)
1. Initial log-likelihood: -2140.927
2. Current log-likelihood: -2106.409
3. Current log-likelihood: -2106.039
Optimal log-likelihood: -2106.033
Rate parameters:  A-C: 0.730  A-G: 0.973  A-T: 0.877  C-G: 1.101  C-T: 1.114  G-T: 1.000
Base frequencies:   A: 0.234  C: 0.265  G: 0.240  T: 0.261
Gamma shape alpha: 3.272
Parameters optimization took 3 rounds (0.056 sec)
--------------------------------------------------------------------
|             INITIALIZING CANDIDATE TREE SET                      |
--------------------------------------------------------------------
Computing ML distances based on estimated model parameters... 0.008 sec
Computing BIONJ tree...
0.002 seconds
Log-likelihood of BIONJ tree: -2106.032
Generating 98 parsimony trees... 0.159 seconds 58 distinct starting trees
Computing log-likelihood of 58 initial trees ... 0.200 seconds
Optimizing top 20 initial trees with NNI...
Iteration 1 / LogL: -2106.033 / Time: 0h:0m:0s
Estimate model parameters (epsilon = 0.100)
BETTER SCORE FOUND at iteration 1: -2106.030
Iteration 2 / LogL: -2106.032 / Time: 0h:0m:0s
Iteration 3 / LogL: -2106.041 / Time: 0h:0m:0s
Iteration 4 / LogL: -2106.041 / Time: 0h:0m:0s
Iteration 5 / LogL: -2106.041 / Time: 0h:0m:0s
Iteration 6 / LogL: -2106.041 / Time: 0h:0m:0s
Iteration 7 / LogL: -2106.041 / Time: 0h:0m:0s
Iteration 8 / LogL: -2106.041 / Time: 0h:0m:0s
Iteration 9 / LogL: -2106.041 / Time: 0h:0m:0s
Iteration 10 / LogL: -2106.041 / Time: 0h:0m:0s
Iteration 11 / LogL: -2106.041 / Time: 0h:0m:0s
Iteration 12 / LogL: -2106.041 / Time: 0h:0m:0s
Iteration 13 / LogL: -2106.041 / Time: 0h:0m:0s
Iteration 14 / LogL: -2106.041 / Time: 0h:0m:0s
Iteration 15 / LogL: -2106.041 / Time: 0h:0m:0s
Iteration 16 / LogL: -2106.041 / Time: 0h:0m:0s
Iteration 17 / LogL: -2106.041 / Time: 0h:0m:0s
Iteration 18 / LogL: -2106.041 / Time: 0h:0m:0s
Iteration 19 / LogL: -2106.041 / Time: 0h:0m:0s
Iteration 20 / LogL: -2106.041 / Time: 0h:0m:0s
Average CPU time for 1 NNI search: 0.009
Finish initializing candidate tree set. Number of distinct locally optimal trees: 20
Current best tree score: -2106.030 / CPU time: 0.532
--------------------------------------------------------------------
|               OPTIMIZING CANDIDATE TREE SET                      |
--------------------------------------------------------------------
Iteration 30 / LogL: -2106.030 / Time: 0h:0m:0s (0h:0m:2s left)
Iteration 40 / LogL: -2112.053 / Time: 0h:0m:1s (0h:0m:1s left)
Iteration 50 / LogL: -2109.054 / Time: 0h:0m:1s (0h:0m:1s left)
Iteration 60 / LogL: -2106.030 / Time: 0h:0m:1s (0h:0m:1s left)
Iteration 70 / LogL: -2106.044 / Time: 0h:0m:1s (0h:0m:0s left)
Iteration 80 / LogL: -2106.033 / Time: 0h:0m:1s (0h:0m:0s left)
Iteration 90 / LogL: -2110.390 / Time: 0h:0m:2s (0h:0m:0s left)
Iteration 100 / LogL: -2106.044 / Time: 0h:0m:2s (0h:0m:0s left)
TREE SEARCH COMPLETED AFTER 101 ITERATIONS / Time: 0h:0m:2s

--------------------------------------------------------------------
|                    FINALIZING TREE SEARCH                        |
--------------------------------------------------------------------
Performs final model parameters optimization
Estimate model parameters (epsilon = 0.010)
1. Initial log-likelihood: -2106.030
Optimal log-likelihood: -2106.029
Rate parameters:  A-C: 0.727  A-G: 0.968  A-T: 0.873  C-G: 1.095  C-T: 1.108  G-T: 1.000
Base frequencies:   A: 0.234  C: 0.265  G: 0.240  T: 0.261
Gamma shape alpha: 3.272
Parameters optimization took 1 rounds (0.012 sec)
BEST SCORE FOUND : -2106.029

Testing tree branches by SH-like aLRT with 1000 replicates...
CPU Time used:  0.156 sec.
Total tree length: 1.267

Total number of iterations: 101
CPU time used for tree search: 2.268 sec (0h:0m:2s)
Wall-clock time used for tree search: 2.279 sec (0h:0m:2s)
Total CPU time used: 2.528 sec (0h:0m:2s)
Total wall-clock time used: 2.544 sec (0h:0m:2s)

Analysis results written to: 
  IQ-TREE report:                ../simulations/data_D8T8L15I8T8//S/645_pruned.fasta.iqtree
  Maximum-likelihood tree:       ../simulations/data_D8T8L15I8T8//S/645_pruned.fasta.treefile
  Likelihood distances:          ../simulations/data_D8T8L15I8T8//S/645_pruned.fasta.mldist
  Screen log file:               ../simulations/data_D8T8L15I8T8//S/645_pruned.fasta.log

Date and Time: Fri May 25 22:58:12 2018
