IQ-TREE version 1.4.2 for Linux 64-bit built Apr 15 2016
Copyright (c) 2011-2015 Nguyen Lam Tung, Olga Chernomor, Arndt von Haeseler and Bui Quang Minh.

Host:    meduse (AVX2, FMA3, 7 GB RAM)
Command: iqtree -s ../simulations/data_D10T10L20I10T10//S/646_pruned.fasta -m GTR+G -alrt 1000 -redo
Seed:    923063 (Using SPRNG - Scalable Parallel Random Number Generator)
Time:    Mon Jun  4 00:56:07 2018
Kernel:  AVX

NOTE: Consider using the multicore version because your CPU has 4 cores!

Reading alignment file ../simulations/data_D10T10L20I10T10//S/646_pruned.fasta ... Fasta format detected
Alignment most likely contains DNA/RNA sequences
Alignment has 26 sequences with 300 columns and 299 patterns (295 informative sites)
          Gap/Ambiguity  Composition  p-value
   1  n295_298    0.00%    passed     19.18%
   2  n300_303    0.00%    passed     64.01%
   3  n266_269    0.00%    failed      3.72%
   4  n255_258    0.00%    passed     98.35%
   5  n277_280    0.00%    passed     80.83%
   6  n299_302    0.00%    passed     82.32%
   7  n287_290    0.00%    passed     81.46%
   8  n274_277    0.00%    passed     31.80%
   9  n275_278    0.00%    passed     27.14%
  10  n278_281    0.00%    passed     99.62%
  11  n286_289    0.00%    passed     89.72%
  12  n236_239    0.00%    passed     55.32%
  13  n293_296    0.00%    passed     40.97%
  14  n285_288    0.00%    passed     77.07%
  15  n251_254    0.00%    passed     15.99%
  16  n296_299    0.00%    passed     19.07%
  17  n294_297    0.00%    passed     40.88%
  18  n297_300    0.00%    passed     94.30%
  19  n289_292    0.00%    passed     83.91%
  20  n290_293    0.00%    passed     82.34%
  21  n200_203    0.00%    passed     11.83%
  22  n280_283    0.00%    passed     41.68%
  23  n298_301    0.00%    passed     99.34%
  24  n292_295    0.00%    passed     74.94%
  25  n244_247    0.00%    failed      3.11%
  26  n265_268    0.00%    passed     28.44%
****  TOTAL       0.00%  2 sequences failed composition chi2 test (p-value<5%; df=3)

Create initial parsimony tree by phylogenetic likelihood library (PLL)... 0.002 seconds

NOTE: 1 MB RAM is required!
Estimate model parameters (epsilon = 0.100)
1. Initial log-likelihood: -5352.213
2. Current log-likelihood: -5248.246
3. Current log-likelihood: -5231.107
4. Current log-likelihood: -5228.200
5. Current log-likelihood: -5227.698
Optimal log-likelihood: -5227.593
Rate parameters:  A-C: 1.201  A-G: 1.233  A-T: 0.968  C-G: 1.127  C-T: 1.433  G-T: 1.000
Base frequencies:   A: 0.233  C: 0.263  G: 0.245  T: 0.258
Gamma shape alpha: 5.008
Parameters optimization took 5 rounds (0.060 sec)
--------------------------------------------------------------------
|             INITIALIZING CANDIDATE TREE SET                      |
--------------------------------------------------------------------
Computing ML distances based on estimated model parameters... 0.004 sec
Computing BIONJ tree...
0.000 seconds
Log-likelihood of BIONJ tree: -5227.569
Generating 98 parsimony trees... 0.139 seconds 2 distinct starting trees
Computing log-likelihood of 2 initial trees ... 0.000 seconds
Optimizing top 2 initial trees with NNI...
Iteration 1 / LogL: -5227.491 / Time: 0h:0m:0s
Estimate model parameters (epsilon = 0.100)
BETTER TREE FOUND at iteration 1: -5227.451
Iteration 2 / LogL: -5227.479 / Time: 0h:0m:0s
Average CPU time for 1 NNI search: 0.012
Finish initializing candidate tree set. Number of distinct locally optimal trees: 1
Current best tree score: -5227.451 / CPU time: 0.164
--------------------------------------------------------------------
|               OPTIMIZING CANDIDATE TREE SET                      |
--------------------------------------------------------------------
Iteration 10 / LogL: -5227.445 / Time: 0h:0m:0s
Iteration 20 / LogL: -5227.637 / Time: 0h:0m:1s (0h:0m:4s left)
Iteration 30 / LogL: -5228.129 / Time: 0h:0m:1s (0h:0m:3s left)
Iteration 40 / LogL: -5227.949 / Time: 0h:0m:1s (0h:0m:2s left)
Iteration 50 / LogL: -5228.207 / Time: 0h:0m:2s (0h:0m:2s left)
Iteration 60 / LogL: -5228.095 / Time: 0h:0m:2s (0h:0m:1s left)
Iteration 70 / LogL: -5233.864 / Time: 0h:0m:2s (0h:0m:1s left)
Iteration 80 / LogL: -5228.044 / Time: 0h:0m:3s (0h:0m:0s left)
Iteration 90 / LogL: -5231.176 / Time: 0h:0m:3s (0h:0m:0s left)
Iteration 100 / LogL: -5227.505 / Time: 0h:0m:4s (0h:0m:0s left)
TREE SEARCH COMPLETED AFTER 101 ITERATIONS / Time: 0h:0m:4s

--------------------------------------------------------------------
|                    FINALIZING TREE SEARCH                        |
--------------------------------------------------------------------
Performs final model parameters optimization
Estimate model parameters (epsilon = 0.010)
1. Initial log-likelihood: -5227.445
2. Current log-likelihood: -5227.435
Optimal log-likelihood: -5227.430
Rate parameters:  A-C: 1.216  A-G: 1.249  A-T: 0.985  C-G: 1.136  C-T: 1.446  G-T: 1.000
Base frequencies:   A: 0.233  C: 0.263  G: 0.245  T: 0.258
Gamma shape alpha: 5.133
Parameters optimization took 2 rounds (0.015 sec)
BEST SCORE FOUND : -5227.430

Testing tree branches by SH-like aLRT with 1000 replicates...
CPU Time used:  0.120 sec.
Total tree length: 9.206

Total number of iterations: 101
CPU time used for tree search: 3.960 sec (0h:0m:3s)
Wall-clock time used for tree search: 3.963 sec (0h:0m:3s)
Total CPU time used: 4.208 sec (0h:0m:4s)
Total wall-clock time used: 4.213 sec (0h:0m:4s)

Analysis results written to: 
  IQ-TREE report:                ../simulations/data_D10T10L20I10T10//S/646_pruned.fasta.iqtree
  Maximum-likelihood tree:       ../simulations/data_D10T10L20I10T10//S/646_pruned.fasta.treefile
  Likelihood distances:          ../simulations/data_D10T10L20I10T10//S/646_pruned.fasta.mldist
  Screen log file:               ../simulations/data_D10T10L20I10T10//S/646_pruned.fasta.log

Date and Time: Mon Jun  4 00:56:12 2018
