IQ-TREE version 1.4.2 for Linux 64-bit built Apr 15 2016
Copyright (c) 2011-2015 Nguyen Lam Tung, Olga Chernomor, Arndt von Haeseler and Bui Quang Minh.

Host:    meduse (AVX2, FMA3, 7 GB RAM)
Command: iqtree -s ../simulations/data_D10T10L20I10T10//S/64_pruned.fasta -m GTR+G -alrt 1000 -redo
Seed:    698845 (Using SPRNG - Scalable Parallel Random Number Generator)
Time:    Fri Jun  1 10:35:53 2018
Kernel:  AVX

NOTE: Consider using the multicore version because your CPU has 4 cores!

Reading alignment file ../simulations/data_D10T10L20I10T10//S/64_pruned.fasta ... Fasta format detected
Alignment most likely contains DNA/RNA sequences
Alignment has 26 sequences with 300 columns and 164 patterns (148 informative sites)
          Gap/Ambiguity  Composition  p-value
   1  n292_293    0.00%    passed     99.21%
   2  n287_288    0.00%    passed     98.79%
   3  n290_291    0.00%    passed     97.31%
   4  n294_295    0.00%    passed     95.30%
   5  n251_252    0.00%    passed     97.48%
   6  n286_287    0.00%    passed     70.96%
   7  n300_301    0.00%    passed     99.13%
   8  n275_276    0.00%    passed     95.33%
   9  n274_275    0.00%    passed     99.13%
  10  n289_290    0.00%    passed     97.31%
  11  n255_256    0.00%    passed     82.51%
  12  n236_237    0.00%    passed     92.42%
  13  n299_300    0.00%    passed     97.17%
  14  n278_279    0.00%    passed     96.64%
  15  n297_298    0.00%    passed     95.58%
  16  n298_299    0.00%    passed     95.94%
  17  n244_245    0.00%    passed     82.55%
  18  n293_294    0.00%    passed     95.30%
  19  n296_297    0.00%    passed     93.95%
  20  n295_296    0.00%    passed     92.39%
  21  n266_267    0.00%    passed     96.08%
  22  n200_201    0.00%    passed     99.56%
  23  n285_286    0.00%    passed     63.62%
  24  n277_278    0.00%    passed     89.00%
  25  n280_281    0.00%    passed     99.62%
  26  n265_266    0.00%    passed     79.14%
****  TOTAL       0.00%  0 sequences failed composition chi2 test (p-value<5%; df=3)
NOTE: 2 identical sequences (see below) will be ignored for subsequent analysis
NOTE: n289_290 (identical to n290_291) is ignored but added at the end
NOTE: n293_294 (identical to n294_295) is ignored but added at the end

Create initial parsimony tree by phylogenetic likelihood library (PLL)... 0.001 seconds

NOTE: 0 MB RAM is required!
Estimate model parameters (epsilon = 0.100)
1. Initial log-likelihood: -1983.287
2. Current log-likelihood: -1938.334
3. Current log-likelihood: -1937.943
Optimal log-likelihood: -1937.874
Rate parameters:  A-C: 1.169  A-G: 1.149  A-T: 0.905  C-G: 1.121  C-T: 1.204  G-T: 1.000
Base frequencies:   A: 0.235  C: 0.279  G: 0.262  T: 0.224
Gamma shape alpha: 39.502
Parameters optimization took 3 rounds (0.017 sec)
--------------------------------------------------------------------
|             INITIALIZING CANDIDATE TREE SET                      |
--------------------------------------------------------------------
Computing ML distances based on estimated model parameters... 0.004 sec
Computing BIONJ tree...
0.000 seconds
Log-likelihood of BIONJ tree: -1938.532
Generating 98 parsimony trees... 0.076 seconds 33 distinct starting trees
Computing log-likelihood of 33 initial trees ... 0.050 seconds
Optimizing top 20 initial trees with NNI...
Iteration 1 / LogL: -1937.873 / Time: 0h:0m:0s
Estimate model parameters (epsilon = 0.100)
BETTER TREE FOUND at iteration 1: -1937.835
Iteration 2 / LogL: -1937.837 / Time: 0h:0m:0s
Iteration 3 / LogL: -1937.837 / Time: 0h:0m:0s
Iteration 4 / LogL: -1937.835 / Time: 0h:0m:0s
Iteration 5 / LogL: -1937.835 / Time: 0h:0m:0s
Iteration 6 / LogL: -1937.838 / Time: 0h:0m:0s
Iteration 7 / LogL: -1937.838 / Time: 0h:0m:0s
Iteration 8 / LogL: -1937.838 / Time: 0h:0m:0s
Iteration 9 / LogL: -1937.835 / Time: 0h:0m:0s
Iteration 10 / LogL: -1937.835 / Time: 0h:0m:0s
Iteration 11 / LogL: -1937.835 / Time: 0h:0m:0s
Iteration 12 / LogL: -1937.838 / Time: 0h:0m:0s
Iteration 13 / LogL: -1937.835 / Time: 0h:0m:0s
Iteration 14 / LogL: -1937.837 / Time: 0h:0m:0s
Iteration 15 / LogL: -1937.837 / Time: 0h:0m:0s
Iteration 16 / LogL: -1937.837 / Time: 0h:0m:0s
Iteration 17 / LogL: -1937.835 / Time: 0h:0m:0s
Iteration 18 / LogL: -1937.835 / Time: 0h:0m:0s
Iteration 19 / LogL: -1937.838 / Time: 0h:0m:0s
Iteration 20 / LogL: -1937.835 / Time: 0h:0m:0s
Average CPU time for 1 NNI search: 0.004
Finish initializing candidate tree set. Number of distinct locally optimal trees: 13
Current best tree score: -1937.835 / CPU time: 0.208
--------------------------------------------------------------------
|               OPTIMIZING CANDIDATE TREE SET                      |
--------------------------------------------------------------------
Iteration 30 / LogL: -1937.880 / Time: 0h:0m:0s (0h:0m:0s left)
Iteration 40 / LogL: -1937.835 / Time: 0h:0m:0s (0h:0m:0s left)
Iteration 50 / LogL: -1937.849 / Time: 0h:0m:0s (0h:0m:0s left)
Iteration 60 / LogL: -1937.852 / Time: 0h:0m:0s (0h:0m:0s left)
Iteration 70 / LogL: -1937.848 / Time: 0h:0m:0s (0h:0m:0s left)
Iteration 80 / LogL: -1937.835 / Time: 0h:0m:0s (0h:0m:0s left)
Iteration 90 / LogL: -1937.836 / Time: 0h:0m:1s (0h:0m:0s left)
Iteration 100 / LogL: -1937.835 / Time: 0h:0m:1s (0h:0m:0s left)
TREE SEARCH COMPLETED AFTER 101 ITERATIONS / Time: 0h:0m:1s

--------------------------------------------------------------------
|                    FINALIZING TREE SEARCH                        |
--------------------------------------------------------------------
Performs final model parameters optimization
Estimate model parameters (epsilon = 0.010)
1. Initial log-likelihood: -1937.835
2. Current log-likelihood: -1937.812
3. Current log-likelihood: -1937.798
Optimal log-likelihood: -1937.791
Rate parameters:  A-C: 1.117  A-G: 1.111  A-T: 0.862  C-G: 1.059  C-T: 1.151  G-T: 1.000
Base frequencies:   A: 0.235  C: 0.279  G: 0.262  T: 0.224
Gamma shape alpha: 43.318
Parameters optimization took 3 rounds (0.011 sec)
BEST SCORE FOUND : -1937.791

Testing tree branches by SH-like aLRT with 1000 replicates...
CPU Time used:  0.100 sec.
Total tree length: 1.089

Total number of iterations: 101
CPU time used for tree search: 1.152 sec (0h:0m:1s)
Wall-clock time used for tree search: 1.153 sec (0h:0m:1s)
Total CPU time used: 1.292 sec (0h:0m:1s)
Total wall-clock time used: 1.291 sec (0h:0m:1s)

Analysis results written to: 
  IQ-TREE report:                ../simulations/data_D10T10L20I10T10//S/64_pruned.fasta.iqtree
  Maximum-likelihood tree:       ../simulations/data_D10T10L20I10T10//S/64_pruned.fasta.treefile
  Likelihood distances:          ../simulations/data_D10T10L20I10T10//S/64_pruned.fasta.mldist
  Screen log file:               ../simulations/data_D10T10L20I10T10//S/64_pruned.fasta.log

Date and Time: Fri Jun  1 10:35:54 2018
