IQ-TREE version 1.4.2 for Linux 64-bit built Apr 15 2016
Copyright (c) 2011-2015 Nguyen Lam Tung, Olga Chernomor, Arndt von Haeseler and Bui Quang Minh.

Host:    meduse (AVX2, FMA3, 7 GB RAM)
Command: iqtree -s ../simulations/data_D10T10L20I10T10//S/658_pruned.fasta -m GTR+G -alrt 1000 -redo
Seed:    896424 (Using SPRNG - Scalable Parallel Random Number Generator)
Time:    Mon Jun  4 00:53:44 2018
Kernel:  AVX

NOTE: Consider using the multicore version because your CPU has 4 cores!

Reading alignment file ../simulations/data_D10T10L20I10T10//S/658_pruned.fasta ... Fasta format detected
Alignment most likely contains DNA/RNA sequences
Alignment has 26 sequences with 300 columns and 298 patterns (297 informative sites)
          Gap/Ambiguity  Composition  p-value
   1  n298_323    0.00%    passed     89.63%
   2  n265_290    0.00%    passed     25.06%
   3  n292_317    0.00%    passed     23.62%
   4  n297_322    0.00%    passed     93.95%
   5  n294_319    0.00%    passed     94.71%
   6  n290_315    0.00%    passed     84.74%
   7  n274_299    0.00%    passed     42.45%
   8  n266_291    0.00%    passed     36.57%
   9  n200_217    0.00%    passed     39.51%
  10  n287_312    0.00%    passed     60.25%
  11  n277_302    0.00%    passed     78.11%
  12  n278_303    0.00%    passed     88.71%
  13  n296_321    0.00%    passed     38.50%
  14  n299_324    0.00%    passed     57.87%
  15  n236_257    0.00%    passed     49.52%
  16  n289_314    0.00%    passed     60.25%
  17  n255_280    0.00%    passed     12.76%
  18  n295_327    0.00%    passed     72.35%
  19  n293_318    0.00%    passed     85.39%
  20  n300_325    0.00%    passed     45.88%
  21  n280_305    0.00%    passed     68.10%
  22  n286_311    0.00%    passed     10.95%
  23  n244_326    0.00%    passed     52.60%
  24  n275_300    0.00%    passed     90.82%
  25  n251_276    0.00%    passed     66.05%
  26  n285_310    0.00%    passed     13.73%
****  TOTAL       0.00%  0 sequences failed composition chi2 test (p-value<5%; df=3)

Create initial parsimony tree by phylogenetic likelihood library (PLL)... 0.002 seconds

NOTE: 1 MB RAM is required!
Estimate model parameters (epsilon = 0.100)
1. Initial log-likelihood: -5213.130
2. Current log-likelihood: -5131.453
3. Current log-likelihood: -5120.072
4. Current log-likelihood: -5118.233
5. Current log-likelihood: -5117.921
Optimal log-likelihood: -5117.847
Rate parameters:  A-C: 1.380  A-G: 1.411  A-T: 1.215  C-G: 1.280  C-T: 1.459  G-T: 1.000
Base frequencies:   A: 0.227  C: 0.260  G: 0.245  T: 0.268
Gamma shape alpha: 3.386
Parameters optimization took 5 rounds (0.062 sec)
--------------------------------------------------------------------
|             INITIALIZING CANDIDATE TREE SET                      |
--------------------------------------------------------------------
Computing ML distances based on estimated model parameters... 0.004 sec
WARNING: Some pairwise ML distances are too long (saturated)
Computing BIONJ tree...
0.001 seconds
Log-likelihood of BIONJ tree: -5118.025
Generating 98 parsimony trees... 0.147 seconds 7 distinct starting trees
Computing log-likelihood of 7 initial trees ... 0.015 seconds
Optimizing top 7 initial trees with NNI...
Iteration 1 / LogL: -5117.847 / Time: 0h:0m:0s
Estimate model parameters (epsilon = 0.100)
BETTER SCORE FOUND at iteration 1: -5117.820
Iteration 2 / LogL: -5117.905 / Time: 0h:0m:0s
Iteration 3 / LogL: -5117.925 / Time: 0h:0m:0s
Iteration 4 / LogL: -5117.926 / Time: 0h:0m:0s
Iteration 5 / LogL: -5118.037 / Time: 0h:0m:0s
Iteration 6 / LogL: -5118.033 / Time: 0h:0m:0s
Iteration 7 / LogL: -5118.035 / Time: 0h:0m:0s
Average CPU time for 1 NNI search: 0.012
Finish initializing candidate tree set. Number of distinct locally optimal trees: 1
Current best tree score: -5117.820 / CPU time: 0.248
--------------------------------------------------------------------
|               OPTIMIZING CANDIDATE TREE SET                      |
--------------------------------------------------------------------
Iteration 10 / LogL: -5124.729 / Time: 0h:0m:0s
Iteration 20 / LogL: -5119.586 / Time: 0h:0m:0s (0h:0m:3s left)
Iteration 30 / LogL: -5118.806 / Time: 0h:0m:1s (0h:0m:3s left)
Iteration 40 / LogL: -5122.701 / Time: 0h:0m:1s (0h:0m:2s left)
Iteration 50 / LogL: -5122.959 / Time: 0h:0m:1s (0h:0m:2s left)
Iteration 60 / LogL: -5117.940 / Time: 0h:0m:2s (0h:0m:1s left)
Iteration 70 / LogL: -5118.467 / Time: 0h:0m:2s (0h:0m:1s left)
Estimate model parameters (epsilon = 0.010)
UPDATE BEST LOG-LIKELIHOOD: -5117.686
Iteration 80 / LogL: -5118.131 / Time: 0h:0m:3s (0h:0m:0s left)
Iteration 90 / LogL: -5120.686 / Time: 0h:0m:3s (0h:0m:0s left)
Iteration 100 / LogL: -5118.150 / Time: 0h:0m:3s (0h:0m:0s left)
TREE SEARCH COMPLETED AFTER 101 ITERATIONS / Time: 0h:0m:3s

--------------------------------------------------------------------
|                    FINALIZING TREE SEARCH                        |
--------------------------------------------------------------------
Performs final model parameters optimization
Estimate model parameters (epsilon = 0.010)
1. Initial log-likelihood: -5117.686
Optimal log-likelihood: -5117.683
Rate parameters:  A-C: 1.369  A-G: 1.402  A-T: 1.204  C-G: 1.262  C-T: 1.451  G-T: 1.000
Base frequencies:   A: 0.227  C: 0.260  G: 0.245  T: 0.268
Gamma shape alpha: 3.495
Parameters optimization took 1 rounds (0.007 sec)
BEST SCORE FOUND : -5117.683

Testing tree branches by SH-like aLRT with 1000 replicates...
CPU Time used:  0.124 sec.
Total tree length: 9.140

Total number of iterations: 101
CPU time used for tree search: 3.848 sec (0h:0m:3s)
Wall-clock time used for tree search: 3.847 sec (0h:0m:3s)
Total CPU time used: 4.092 sec (0h:0m:4s)
Total wall-clock time used: 4.090 sec (0h:0m:4s)

Analysis results written to: 
  IQ-TREE report:                ../simulations/data_D10T10L20I10T10//S/658_pruned.fasta.iqtree
  Maximum-likelihood tree:       ../simulations/data_D10T10L20I10T10//S/658_pruned.fasta.treefile
  Likelihood distances:          ../simulations/data_D10T10L20I10T10//S/658_pruned.fasta.mldist
  Screen log file:               ../simulations/data_D10T10L20I10T10//S/658_pruned.fasta.log

Date and Time: Mon Jun  4 00:53:48 2018
