IQ-TREE version 1.4.2 for Linux 64-bit built Apr 15 2016
Copyright (c) 2011-2015 Nguyen Lam Tung, Olga Chernomor, Arndt von Haeseler and Bui Quang Minh.

Host:    meduse (AVX2, FMA3, 7 GB RAM)
Command: iqtree -s ../simulations/data_D10T10L20I10T10//S/65_pruned.fasta -m GTR+G -alrt 1000 -redo
Seed:    777247 (Using SPRNG - Scalable Parallel Random Number Generator)
Time:    Fri Jun  1 10:26:31 2018
Kernel:  AVX

NOTE: Consider using the multicore version because your CPU has 4 cores!

Reading alignment file ../simulations/data_D10T10L20I10T10//S/65_pruned.fasta ... Fasta format detected
Alignment most likely contains DNA/RNA sequences
Alignment has 26 sequences with 300 columns and 188 patterns (166 informative sites)
          Gap/Ambiguity  Composition  p-value
   1  n292_293    0.00%    passed     86.98%
   2  n287_288    0.00%    passed     62.31%
   3  n290_291    0.00%    passed     92.31%
   4  n294_295    0.00%    passed     75.43%
   5  n251_252    0.00%    passed     82.33%
   6  n286_287    0.00%    passed     51.45%
   7  n300_301    0.00%    passed     83.37%
   8  n275_276    0.00%    passed     94.69%
   9  n274_275    0.00%    passed     86.98%
  10  n289_290    0.00%    passed     87.25%
  11  n255_256    0.00%    passed     97.53%
  12  n236_237    0.00%    passed     61.06%
  13  n299_300    0.00%    passed     86.01%
  14  n278_279    0.00%    passed     89.44%
  15  n297_298    0.00%    passed     94.67%
  16  n298_299    0.00%    passed     95.47%
  17  n244_245    0.00%    passed     20.23%
  18  n293_294    0.00%    passed     81.00%
  19  n296_297    0.00%    passed     89.13%
  20  n295_296    0.00%    passed     89.13%
  21  n266_267    0.00%    passed     76.58%
  22  n200_201    0.00%    passed     85.76%
  23  n285_286    0.00%    passed     51.93%
  24  n277_278    0.00%    passed     66.85%
  25  n280_281    0.00%    passed     82.57%
  26  n265_266    0.00%    passed     74.18%
****  TOTAL       0.00%  0 sequences failed composition chi2 test (p-value<5%; df=3)
NOTE: 2 identical sequences (see below) will be ignored for subsequent analysis
NOTE: n274_275 (identical to n292_293) is ignored but added at the end
NOTE: n295_296 (identical to n296_297) is ignored but added at the end

Create initial parsimony tree by phylogenetic likelihood library (PLL)... 0.001 seconds

NOTE: 0 MB RAM is required!
Estimate model parameters (epsilon = 0.100)
1. Initial log-likelihood: -2131.000
2. Current log-likelihood: -2080.944
3. Current log-likelihood: -2080.248
Optimal log-likelihood: -2080.188
Rate parameters:  A-C: 0.951  A-G: 0.855  A-T: 0.995  C-G: 0.735  C-T: 0.931  G-T: 1.000
Base frequencies:   A: 0.248  C: 0.263  G: 0.266  T: 0.223
Gamma shape alpha: 998.169
Parameters optimization took 3 rounds (0.021 sec)
--------------------------------------------------------------------
|             INITIALIZING CANDIDATE TREE SET                      |
--------------------------------------------------------------------
Computing ML distances based on estimated model parameters... 0.000 sec
Computing BIONJ tree...
0.000 seconds
Log-likelihood of BIONJ tree: -2080.175
Generating 98 parsimony trees... 0.088 seconds 25 distinct starting trees
Computing log-likelihood of 25 initial trees ... 0.042 seconds
Optimizing top 20 initial trees with NNI...
Iteration 1 / LogL: -2080.176 / Time: 0h:0m:0s
Estimate model parameters (epsilon = 0.100)
BETTER SCORE FOUND at iteration 1: -2080.149
Iteration 2 / LogL: -2080.149 / Time: 0h:0m:0s
Iteration 3 / LogL: -2080.149 / Time: 0h:0m:0s
Iteration 4 / LogL: -2080.149 / Time: 0h:0m:0s
Iteration 5 / LogL: -2080.149 / Time: 0h:0m:0s
Iteration 6 / LogL: -2080.149 / Time: 0h:0m:0s
Iteration 7 / LogL: -2080.149 / Time: 0h:0m:0s
Iteration 8 / LogL: -2080.149 / Time: 0h:0m:0s
Iteration 9 / LogL: -2080.149 / Time: 0h:0m:0s
Iteration 10 / LogL: -2080.149 / Time: 0h:0m:0s
Iteration 11 / LogL: -2080.149 / Time: 0h:0m:0s
Iteration 12 / LogL: -2080.149 / Time: 0h:0m:0s
Iteration 13 / LogL: -2080.149 / Time: 0h:0m:0s
Iteration 14 / LogL: -2080.149 / Time: 0h:0m:0s
Iteration 15 / LogL: -2080.149 / Time: 0h:0m:0s
Iteration 16 / LogL: -2080.149 / Time: 0h:0m:0s
Iteration 17 / LogL: -2080.149 / Time: 0h:0m:0s
Iteration 18 / LogL: -2080.149 / Time: 0h:0m:0s
Iteration 19 / LogL: -2080.149 / Time: 0h:0m:0s
Iteration 20 / LogL: -2080.149 / Time: 0h:0m:0s
Average CPU time for 1 NNI search: 0.005
Finish initializing candidate tree set. Number of distinct locally optimal trees: 19
Current best tree score: -2080.149 / CPU time: 0.224
--------------------------------------------------------------------
|               OPTIMIZING CANDIDATE TREE SET                      |
--------------------------------------------------------------------
Iteration 30 / LogL: -2080.149 / Time: 0h:0m:0s (0h:0m:0s left)
Iteration 40 / LogL: -2080.149 / Time: 0h:0m:0s (0h:0m:0s left)
Iteration 50 / LogL: -2085.171 / Time: 0h:0m:0s (0h:0m:0s left)
Iteration 60 / LogL: -2080.148 / Time: 0h:0m:0s (0h:0m:0s left)
Iteration 70 / LogL: -2080.149 / Time: 0h:0m:0s (0h:0m:0s left)
Iteration 80 / LogL: -2085.163 / Time: 0h:0m:1s (0h:0m:0s left)
Iteration 90 / LogL: -2080.149 / Time: 0h:0m:1s (0h:0m:0s left)
Iteration 100 / LogL: -2080.149 / Time: 0h:0m:1s (0h:0m:0s left)
TREE SEARCH COMPLETED AFTER 101 ITERATIONS / Time: 0h:0m:1s

--------------------------------------------------------------------
|                    FINALIZING TREE SEARCH                        |
--------------------------------------------------------------------
Performs final model parameters optimization
Estimate model parameters (epsilon = 0.010)
1. Initial log-likelihood: -2080.148
Optimal log-likelihood: -2080.141
Rate parameters:  A-C: 0.973  A-G: 0.854  A-T: 1.014  C-G: 0.738  C-T: 0.951  G-T: 1.000
Base frequencies:   A: 0.248  C: 0.263  G: 0.266  T: 0.223
Gamma shape alpha: 998.169
Parameters optimization took 1 rounds (0.005 sec)
BEST SCORE FOUND : -2080.141

Testing tree branches by SH-like aLRT with 1000 replicates...
CPU Time used:  0.096 sec.
Total tree length: 1.274

Total number of iterations: 101
CPU time used for tree search: 1.344 sec (0h:0m:1s)
Wall-clock time used for tree search: 1.343 sec (0h:0m:1s)
Total CPU time used: 1.476 sec (0h:0m:1s)
Total wall-clock time used: 1.475 sec (0h:0m:1s)

Analysis results written to: 
  IQ-TREE report:                ../simulations/data_D10T10L20I10T10//S/65_pruned.fasta.iqtree
  Maximum-likelihood tree:       ../simulations/data_D10T10L20I10T10//S/65_pruned.fasta.treefile
  Likelihood distances:          ../simulations/data_D10T10L20I10T10//S/65_pruned.fasta.mldist
  Screen log file:               ../simulations/data_D10T10L20I10T10//S/65_pruned.fasta.log

Date and Time: Fri Jun  1 10:26:33 2018
