IQ-TREE version 1.4.2 for Linux 64-bit built Apr 15 2016
Copyright (c) 2011-2015 Nguyen Lam Tung, Olga Chernomor, Arndt von Haeseler and Bui Quang Minh.

Host:    meduse (AVX2, FMA3, 7 GB RAM)
Command: iqtree -s ../simulations/data_D10T10L20I10T10//S/66_pruned.fasta -m GTR+G -alrt 1000 -redo
Seed:    898782 (Using SPRNG - Scalable Parallel Random Number Generator)
Time:    Mon Jun  4 00:53:40 2018
Kernel:  AVX

NOTE: Consider using the multicore version because your CPU has 4 cores!

Reading alignment file ../simulations/data_D10T10L20I10T10//S/66_pruned.fasta ... Fasta format detected
Alignment most likely contains DNA/RNA sequences
Alignment has 26 sequences with 300 columns and 300 patterns (295 informative sites)
          Gap/Ambiguity  Composition  p-value
   1  n289_286    0.00%    passed     93.61%
   2  n290_287    0.00%    passed     77.58%
   3  n251_248    0.00%    passed     10.47%
   4  n236_233    0.00%    passed     75.54%
   5  n300_297    0.00%    passed     45.61%
   6  n295_292    0.00%    passed     78.66%
   7  n200_197    0.00%    passed     37.85%
   8  n278_275    0.00%    passed     43.27%
   9  n292_289    0.00%    passed     79.71%
  10  n298_295    0.00%    passed     51.04%
  11  n294_291    0.00%    passed     92.59%
  12  n280_277    0.00%    passed     54.71%
  13  n265_262    0.00%    passed     91.19%
  14  n296_293    0.00%    passed     86.36%
  15  n299_296    0.00%    passed     34.87%
  16  n275_272    0.00%    passed     79.42%
  17  n285_282    0.00%    passed     98.28%
  18  n274_271    0.00%    passed     70.19%
  19  n293_290    0.00%    passed     93.56%
  20  n286_283    0.00%    passed     90.23%
  21  n266_263    0.00%    passed     48.48%
  22  n297_294    0.00%    passed     35.59%
  23  n244_241    0.00%    passed     92.10%
  24  n277_274    0.00%    passed     69.78%
  25  n287_284    0.00%    passed     99.25%
  26  n255_252    0.00%    passed     27.64%
****  TOTAL       0.00%  0 sequences failed composition chi2 test (p-value<5%; df=3)

Create initial parsimony tree by phylogenetic likelihood library (PLL)... 0.002 seconds

NOTE: 1 MB RAM is required!
Estimate model parameters (epsilon = 0.100)
1. Initial log-likelihood: -5304.399
2. Current log-likelihood: -5201.482
3. Current log-likelihood: -5191.856
4. Current log-likelihood: -5190.338
5. Current log-likelihood: -5190.061
Optimal log-likelihood: -5189.987
Rate parameters:  A-C: 1.418  A-G: 1.732  A-T: 1.471  C-G: 1.403  C-T: 1.700  G-T: 1.000
Base frequencies:   A: 0.227  C: 0.264  G: 0.263  T: 0.246
Gamma shape alpha: 2.598
Parameters optimization took 5 rounds (0.065 sec)
--------------------------------------------------------------------
|             INITIALIZING CANDIDATE TREE SET                      |
--------------------------------------------------------------------
Computing ML distances based on estimated model parameters... 0.004 sec
WARNING: Some pairwise ML distances are too long (saturated)
Computing BIONJ tree...
0.001 seconds
Log-likelihood of BIONJ tree: -5207.503
Generating 98 parsimony trees... 0.137 seconds 2 distinct starting trees
Computing log-likelihood of 2 initial trees ... 0.000 seconds
Optimizing top 2 initial trees with NNI...
Iteration 1 / LogL: -5189.898 / Time: 0h:0m:0s
Estimate model parameters (epsilon = 0.100)
BETTER TREE FOUND at iteration 1: -5189.816
Iteration 2 / LogL: -5189.772 / Time: 0h:0m:0s
Estimate model parameters (epsilon = 0.100)
BETTER SCORE FOUND at iteration 2: -5189.701
Average CPU time for 1 NNI search: 0.020
Finish initializing candidate tree set. Number of distinct locally optimal trees: 1
Current best tree score: -5189.701 / CPU time: 0.176
--------------------------------------------------------------------
|               OPTIMIZING CANDIDATE TREE SET                      |
--------------------------------------------------------------------
Iteration 10 / LogL: -5195.974 / Time: 0h:0m:0s
Iteration 20 / LogL: -5191.747 / Time: 0h:0m:0s (0h:0m:3s left)
Iteration 30 / LogL: -5190.698 / Time: 0h:0m:1s (0h:0m:3s left)
Iteration 40 / LogL: -5192.023 / Time: 0h:0m:1s (0h:0m:2s left)
Iteration 50 / LogL: -5192.614 / Time: 0h:0m:2s (0h:0m:2s left)
Iteration 60 / LogL: -5203.229 / Time: 0h:0m:2s (0h:0m:1s left)
Iteration 70 / LogL: -5189.785 / Time: 0h:0m:2s (0h:0m:1s left)
Iteration 80 / LogL: -5250.731 / Time: 0h:0m:3s (0h:0m:0s left)
Iteration 90 / LogL: -5189.834 / Time: 0h:0m:3s (0h:0m:0s left)
Iteration 100 / LogL: -5189.819 / Time: 0h:0m:3s (0h:0m:0s left)
TREE SEARCH COMPLETED AFTER 101 ITERATIONS / Time: 0h:0m:3s

--------------------------------------------------------------------
|                    FINALIZING TREE SEARCH                        |
--------------------------------------------------------------------
Performs final model parameters optimization
Estimate model parameters (epsilon = 0.010)
1. Initial log-likelihood: -5189.701
Optimal log-likelihood: -5189.694
Rate parameters:  A-C: 1.444  A-G: 1.743  A-T: 1.488  C-G: 1.434  C-T: 1.723  G-T: 1.000
Base frequencies:   A: 0.227  C: 0.264  G: 0.263  T: 0.246
Gamma shape alpha: 2.675
Parameters optimization took 1 rounds (0.007 sec)
BEST SCORE FOUND : -5189.694

Testing tree branches by SH-like aLRT with 1000 replicates...
CPU Time used:  0.128 sec.
Total tree length: 11.461

Total number of iterations: 101
CPU time used for tree search: 3.720 sec (0h:0m:3s)
Wall-clock time used for tree search: 3.719 sec (0h:0m:3s)
Total CPU time used: 3.980 sec (0h:0m:3s)
Total wall-clock time used: 3.981 sec (0h:0m:3s)

Analysis results written to: 
  IQ-TREE report:                ../simulations/data_D10T10L20I10T10//S/66_pruned.fasta.iqtree
  Maximum-likelihood tree:       ../simulations/data_D10T10L20I10T10//S/66_pruned.fasta.treefile
  Likelihood distances:          ../simulations/data_D10T10L20I10T10//S/66_pruned.fasta.mldist
  Screen log file:               ../simulations/data_D10T10L20I10T10//S/66_pruned.fasta.log

Date and Time: Mon Jun  4 00:53:44 2018
