IQ-TREE version 1.4.2 for Linux 64-bit built Apr 15 2016
Copyright (c) 2011-2015 Nguyen Lam Tung, Olga Chernomor, Arndt von Haeseler and Bui Quang Minh.

Host:    meduse (AVX2, FMA3, 7 GB RAM)
Command: iqtree -s ../simulations/data_D10T10L20I10T10//S/670_pruned.fasta -m GTR+G -alrt 1000 -redo
Seed:    117820 (Using SPRNG - Scalable Parallel Random Number Generator)
Time:    Mon Jun  4 00:42:53 2018
Kernel:  AVX

NOTE: Consider using the multicore version because your CPU has 4 cores!

Reading alignment file ../simulations/data_D10T10L20I10T10//S/670_pruned.fasta ... Fasta format detected
Alignment most likely contains DNA/RNA sequences
Alignment has 17 sequences with 300 columns and 296 patterns (286 informative sites)
          Gap/Ambiguity  Composition  p-value
   1  n295_264    0.00%    passed     86.90%
   2  n265_248    0.00%    passed     97.84%
   3  n236_225    0.00%    passed     87.08%
   4  n255_242    0.00%    passed     15.01%
   5  n275_254    0.00%    passed     96.05%
   6  n287_260    0.00%    passed     55.82%
   7  n289_262    0.00%    passed     48.45%
   8  n286_259    0.00%    passed     96.58%
   9  n266_249    0.00%    passed     97.93%
  10  n285_258    0.00%    passed     91.19%
  11  n251_240    0.00%    passed      5.88%
  12  n296_265    0.00%    passed     95.01%
  13  n297_266    0.00%    passed     95.02%
  14  n200_197    0.00%    passed     77.10%
  15  n290_263    0.00%    passed     72.09%
  16  n298_267    0.00%    passed     87.97%
  17  n244_233    0.00%    passed     14.18%
****  TOTAL       0.00%  0 sequences failed composition chi2 test (p-value<5%; df=3)

Create initial parsimony tree by phylogenetic likelihood library (PLL)... 0.001 seconds

NOTE: 0 MB RAM is required!
Estimate model parameters (epsilon = 0.100)
1. Initial log-likelihood: -4087.018
2. Current log-likelihood: -3987.224
3. Current log-likelihood: -3973.630
4. Current log-likelihood: -3969.708
5. Current log-likelihood: -3968.276
6. Current log-likelihood: -3967.655
7. Current log-likelihood: -3967.403
Optimal log-likelihood: -3967.284
Rate parameters:  A-C: 1.341  A-G: 1.376  A-T: 1.049  C-G: 1.157  C-T: 0.927  G-T: 1.000
Base frequencies:   A: 0.223  C: 0.278  G: 0.240  T: 0.259
Gamma shape alpha: 6.718
Parameters optimization took 7 rounds (0.053 sec)
--------------------------------------------------------------------
|             INITIALIZING CANDIDATE TREE SET                      |
--------------------------------------------------------------------
Computing ML distances based on estimated model parameters... 0.000 sec
Computing BIONJ tree...
0.000 seconds
Log-likelihood of BIONJ tree: -3966.309
Generating 98 parsimony trees... 0.072 seconds 3 distinct starting trees
Computing log-likelihood of 3 initial trees ... 0.002 seconds
Optimizing top 3 initial trees with NNI...
Iteration 1 / LogL: -3964.518 / Time: 0h:0m:0s
Estimate model parameters (epsilon = 0.100)
BETTER TREE FOUND at iteration 1: -3963.820
Iteration 2 / LogL: -3965.878 / Time: 0h:0m:0s
Iteration 3 / LogL: -3964.669 / Time: 0h:0m:0s
Average CPU time for 1 NNI search: 0.017
Finish initializing candidate tree set. Number of distinct locally optimal trees: 3
Current best tree score: -3963.820 / CPU time: 0.124
--------------------------------------------------------------------
|               OPTIMIZING CANDIDATE TREE SET                      |
--------------------------------------------------------------------
Iteration 10 / LogL: -3964.035 / Time: 0h:0m:0s
Estimate model parameters (epsilon = 0.010)
BETTER TREE FOUND at iteration 14: -3963.462
Iteration 20 / LogL: -3963.981 / Time: 0h:0m:0s (0h:0m:2s left)
Iteration 30 / LogL: -5138.997 / Time: 0h:0m:0s (0h:0m:2s left)
Iteration 40 / LogL: -3963.734 / Time: 0h:0m:0s (0h:0m:1s left)
Iteration 50 / LogL: -3969.752 / Time: 0h:0m:1s (0h:0m:1s left)
Estimate model parameters (epsilon = 0.010)
UPDATE BEST LOG-LIKELIHOOD: -3963.393
Iteration 60 / LogL: -3963.448 / Time: 0h:0m:1s (0h:0m:1s left)
Iteration 70 / LogL: -3963.966 / Time: 0h:0m:1s (0h:0m:0s left)
Iteration 80 / LogL: -3963.740 / Time: 0h:0m:1s (0h:0m:0s left)
Estimate model parameters (epsilon = 0.010)
UPDATE BEST LOG-LIKELIHOOD: -3963.367
Iteration 90 / LogL: -5272.915 / Time: 0h:0m:1s (0h:0m:0s left)
Iteration 100 / LogL: -3963.450 / Time: 0h:0m:2s (0h:0m:0s left)
Iteration 110 / LogL: -3964.841 / Time: 0h:0m:2s (0h:0m:0s left)
TREE SEARCH COMPLETED AFTER 114 ITERATIONS / Time: 0h:0m:2s

--------------------------------------------------------------------
|                    FINALIZING TREE SEARCH                        |
--------------------------------------------------------------------
Performs final model parameters optimization
Estimate model parameters (epsilon = 0.010)
1. Initial log-likelihood: -3963.367
Optimal log-likelihood: -3963.360
Rate parameters:  A-C: 1.285  A-G: 1.368  A-T: 0.998  C-G: 1.154  C-T: 0.979  G-T: 1.000
Base frequencies:   A: 0.223  C: 0.278  G: 0.240  T: 0.259
Gamma shape alpha: 6.503
Parameters optimization took 1 rounds (0.004 sec)
BEST SCORE FOUND : -3963.360

Testing tree branches by SH-like aLRT with 1000 replicates...
CPU Time used:  0.072 sec.
Total tree length: 8.042

Total number of iterations: 114
CPU time used for tree search: 2.240 sec (0h:0m:2s)
Wall-clock time used for tree search: 2.241 sec (0h:0m:2s)
Total CPU time used: 2.396 sec (0h:0m:2s)
Total wall-clock time used: 2.406 sec (0h:0m:2s)

Analysis results written to: 
  IQ-TREE report:                ../simulations/data_D10T10L20I10T10//S/670_pruned.fasta.iqtree
  Maximum-likelihood tree:       ../simulations/data_D10T10L20I10T10//S/670_pruned.fasta.treefile
  Likelihood distances:          ../simulations/data_D10T10L20I10T10//S/670_pruned.fasta.mldist
  Screen log file:               ../simulations/data_D10T10L20I10T10//S/670_pruned.fasta.log

Date and Time: Mon Jun  4 00:42:55 2018
