IQ-TREE version 1.4.2 for Linux 64-bit built Apr 15 2016
Copyright (c) 2011-2015 Nguyen Lam Tung, Olga Chernomor, Arndt von Haeseler and Bui Quang Minh.

Host:    meduse (AVX2, FMA3, 7 GB RAM)
Command: iqtree -s ../simulations/data_D10T10L20I10T10//S/67_pruned.fasta -m GTR+G -alrt 1000 -redo
Seed:    170818 (Using SPRNG - Scalable Parallel Random Number Generator)
Time:    Mon Jun  4 00:19:40 2018
Kernel:  AVX

NOTE: Consider using the multicore version because your CPU has 4 cores!

Reading alignment file ../simulations/data_D10T10L20I10T10//S/67_pruned.fasta ... Fasta format detected
Alignment most likely contains DNA/RNA sequences
Alignment has 26 sequences with 300 columns and 300 patterns (294 informative sites)
          Gap/Ambiguity  Composition  p-value
   1  n274_273    0.00%    passed     69.72%
   2  n293_292    0.00%    passed     91.10%
   3  n289_288    0.00%    passed     61.15%
   4  n236_235    0.00%    passed     57.72%
   5  n297_296    0.00%    passed     99.32%
   6  n200_197    0.00%    passed     52.26%
   7  n277_276    0.00%    passed     54.61%
   8  n265_264    0.00%    passed     16.39%
   9  n251_250    0.00%    passed     30.94%
  10  n292_291    0.00%    passed     59.77%
  11  n244_243    0.00%    passed     25.11%
  12  n299_298    0.00%    passed     63.20%
  13  n287_286    0.00%    passed     46.34%
  14  n275_274    0.00%    passed     84.68%
  15  n266_265    0.00%    passed     20.68%
  16  n290_289    0.00%    passed     77.28%
  17  n285_284    0.00%    passed     58.25%
  18  n280_279    0.00%    passed     85.01%
  19  n286_285    0.00%    passed     96.83%
  20  n278_277    0.00%    passed     90.68%
  21  n255_254    0.00%    passed     87.46%
  22  n296_295    0.00%    passed     66.28%
  23  n295_294    0.00%    passed     84.46%
  24  n298_297    0.00%    passed     92.14%
  25  n294_293    0.00%    passed     91.10%
  26  n300_299    0.00%    passed     43.99%
****  TOTAL       0.00%  0 sequences failed composition chi2 test (p-value<5%; df=3)

Create initial parsimony tree by phylogenetic likelihood library (PLL)... 0.002 seconds

NOTE: 1 MB RAM is required!
Estimate model parameters (epsilon = 0.100)
1. Initial log-likelihood: -5411.991
2. Current log-likelihood: -5322.100
3. Current log-likelihood: -5307.972
4. Current log-likelihood: -5304.896
5. Current log-likelihood: -5304.243
6. Current log-likelihood: -5304.132
Optimal log-likelihood: -5304.086
Rate parameters:  A-C: 1.293  A-G: 1.330  A-T: 1.224  C-G: 1.457  C-T: 1.745  G-T: 1.000
Base frequencies:   A: 0.225  C: 0.251  G: 0.260  T: 0.264
Gamma shape alpha: 3.989
Parameters optimization took 6 rounds (0.076 sec)
--------------------------------------------------------------------
|             INITIALIZING CANDIDATE TREE SET                      |
--------------------------------------------------------------------
Computing ML distances based on estimated model parameters... 0.004 sec
WARNING: Some pairwise ML distances are too long (saturated)
Computing BIONJ tree...
0.000 seconds
Log-likelihood of BIONJ tree: -5305.871
Generating 98 parsimony trees... 0.131 seconds 2 distinct starting trees
Computing log-likelihood of 2 initial trees ... 0.000 seconds
Optimizing top 2 initial trees with NNI...
Iteration 1 / LogL: -5303.986 / Time: 0h:0m:0s
Estimate model parameters (epsilon = 0.100)
BETTER TREE FOUND at iteration 1: -5303.970
Iteration 2 / LogL: -5303.983 / Time: 0h:0m:0s
Average CPU time for 1 NNI search: 0.014
Finish initializing candidate tree set. Number of distinct locally optimal trees: 1
Current best tree score: -5303.970 / CPU time: 0.156
--------------------------------------------------------------------
|               OPTIMIZING CANDIDATE TREE SET                      |
--------------------------------------------------------------------
Iteration 10 / LogL: -5304.119 / Time: 0h:0m:0s
Iteration 20 / LogL: -5303.999 / Time: 0h:0m:0s (0h:0m:3s left)
Iteration 30 / LogL: -5305.899 / Time: 0h:0m:1s (0h:0m:2s left)
Iteration 40 / LogL: -5305.397 / Time: 0h:0m:1s (0h:0m:2s left)
Iteration 50 / LogL: -5324.910 / Time: 0h:0m:1s (0h:0m:1s left)
Iteration 60 / LogL: -5305.582 / Time: 0h:0m:2s (0h:0m:1s left)
Iteration 70 / LogL: -5304.452 / Time: 0h:0m:2s (0h:0m:1s left)
Iteration 80 / LogL: -5305.823 / Time: 0h:0m:2s (0h:0m:0s left)
Iteration 90 / LogL: -5304.518 / Time: 0h:0m:3s (0h:0m:0s left)
Iteration 100 / LogL: -5307.513 / Time: 0h:0m:3s (0h:0m:0s left)
TREE SEARCH COMPLETED AFTER 101 ITERATIONS / Time: 0h:0m:3s

--------------------------------------------------------------------
|                    FINALIZING TREE SEARCH                        |
--------------------------------------------------------------------
Performs final model parameters optimization
Estimate model parameters (epsilon = 0.010)
1. Initial log-likelihood: -5303.970
Optimal log-likelihood: -5303.967
Rate parameters:  A-C: 1.288  A-G: 1.331  A-T: 1.222  C-G: 1.450  C-T: 1.746  G-T: 1.000
Base frequencies:   A: 0.225  C: 0.251  G: 0.260  T: 0.264
Gamma shape alpha: 4.034
Parameters optimization took 1 rounds (0.007 sec)
BEST SCORE FOUND : -5303.967

Testing tree branches by SH-like aLRT with 1000 replicates...
CPU Time used:  0.120 sec.
Total tree length: 8.860

Total number of iterations: 101
CPU time used for tree search: 3.448 sec (0h:0m:3s)
Wall-clock time used for tree search: 3.456 sec (0h:0m:3s)
Total CPU time used: 3.668 sec (0h:0m:3s)
Total wall-clock time used: 3.686 sec (0h:0m:3s)

Analysis results written to: 
  IQ-TREE report:                ../simulations/data_D10T10L20I10T10//S/67_pruned.fasta.iqtree
  Maximum-likelihood tree:       ../simulations/data_D10T10L20I10T10//S/67_pruned.fasta.treefile
  Likelihood distances:          ../simulations/data_D10T10L20I10T10//S/67_pruned.fasta.mldist
  Screen log file:               ../simulations/data_D10T10L20I10T10//S/67_pruned.fasta.log

Date and Time: Mon Jun  4 00:19:43 2018
