IQ-TREE version 1.4.2 for Linux 64-bit built Apr 15 2016
Copyright (c) 2011-2015 Nguyen Lam Tung, Olga Chernomor, Arndt von Haeseler and Bui Quang Minh.

Host:    meduse (AVX2, FMA3, 7 GB RAM)
Command: iqtree -s ../simulations/data_D10T10L20I10T10//S/680_pruned.fasta -m GTR+G -alrt 1000 -redo
Seed:    134798 (Using SPRNG - Scalable Parallel Random Number Generator)
Time:    Fri Jun  1 10:45:33 2018
Kernel:  AVX

NOTE: Consider using the multicore version because your CPU has 4 cores!

Reading alignment file ../simulations/data_D10T10L20I10T10//S/680_pruned.fasta ... Fasta format detected
Alignment most likely contains DNA/RNA sequences
Alignment has 26 sequences with 300 columns and 178 patterns (151 informative sites)
          Gap/Ambiguity  Composition  p-value
   1  n292_293    0.00%    passed     98.52%
   2  n287_288    0.00%    passed     96.94%
   3  n290_291    0.00%    passed     93.84%
   4  n294_295    0.00%    passed     99.96%
   5  n251_252    0.00%    passed     51.25%
   6  n286_287    0.00%    passed     99.42%
   7  n300_301    0.00%    passed     98.52%
   8  n275_276    0.00%    passed     98.86%
   9  n274_275    0.00%    passed     92.78%
  10  n289_290    0.00%    passed     96.19%
  11  n255_256    0.00%    passed     83.19%
  12  n236_237    0.00%    passed     98.83%
  13  n299_300    0.00%    passed     98.52%
  14  n278_279    0.00%    passed     85.99%
  15  n297_298    0.00%    passed     97.15%
  16  n298_299    0.00%    passed     98.59%
  17  n244_245    0.00%    passed     97.79%
  18  n293_294    0.00%    passed     99.97%
  19  n296_297    0.00%    passed     96.20%
  20  n295_296    0.00%    passed     96.64%
  21  n266_267    0.00%    passed     88.76%
  22  n200_201    0.00%    passed     90.70%
  23  n285_286    0.00%    passed     99.42%
  24  n277_278    0.00%    passed     96.43%
  25  n280_281    0.00%    passed     95.95%
  26  n265_266    0.00%    passed     84.70%
****  TOTAL       0.00%  0 sequences failed composition chi2 test (p-value<5%; df=3)
NOTE: 2 identical sequences (see below) will be ignored for subsequent analysis
NOTE: n300_301 (identical to n292_293) is ignored but added at the end
NOTE: n299_300 (identical to n292_293) is ignored but added at the end

Create initial parsimony tree by phylogenetic likelihood library (PLL)... 0.001 seconds

NOTE: 0 MB RAM is required!
Estimate model parameters (epsilon = 0.100)
1. Initial log-likelihood: -2059.567
2. Current log-likelihood: -2022.729
3. Current log-likelihood: -2022.542
Optimal log-likelihood: -2022.524
Rate parameters:  A-C: 1.125  A-G: 0.953  A-T: 1.315  C-G: 0.917  C-T: 1.416  G-T: 1.000
Base frequencies:   A: 0.258  C: 0.252  G: 0.278  T: 0.213
Gamma shape alpha: 6.036
Parameters optimization took 3 rounds (0.023 sec)
--------------------------------------------------------------------
|             INITIALIZING CANDIDATE TREE SET                      |
--------------------------------------------------------------------
Computing ML distances based on estimated model parameters... 0.000 sec
Computing BIONJ tree...
0.000 seconds
Log-likelihood of BIONJ tree: -2022.396
Generating 98 parsimony trees... 0.089 seconds 18 distinct starting trees
Computing log-likelihood of 18 initial trees ... 0.034 seconds
Optimizing top 18 initial trees with NNI...
Iteration 1 / LogL: -2022.397 / Time: 0h:0m:0s
Estimate model parameters (epsilon = 0.100)
BETTER SCORE FOUND at iteration 1: -2022.364
Iteration 2 / LogL: -2022.367 / Time: 0h:0m:0s
Iteration 3 / LogL: -2022.367 / Time: 0h:0m:0s
Iteration 4 / LogL: -2022.367 / Time: 0h:0m:0s
Iteration 5 / LogL: -2022.367 / Time: 0h:0m:0s
Iteration 6 / LogL: -2022.367 / Time: 0h:0m:0s
Iteration 7 / LogL: -2022.367 / Time: 0h:0m:0s
Iteration 8 / LogL: -2022.367 / Time: 0h:0m:0s
Iteration 9 / LogL: -2022.367 / Time: 0h:0m:0s
Iteration 10 / LogL: -2022.365 / Time: 0h:0m:0s
Iteration 11 / LogL: -2022.365 / Time: 0h:0m:0s
Iteration 12 / LogL: -2022.365 / Time: 0h:0m:0s
Iteration 13 / LogL: -2022.365 / Time: 0h:0m:0s
Iteration 14 / LogL: -2022.365 / Time: 0h:0m:0s
Iteration 15 / LogL: -2022.365 / Time: 0h:0m:0s
Iteration 16 / LogL: -2022.365 / Time: 0h:0m:0s
Iteration 17 / LogL: -2022.365 / Time: 0h:0m:0s
Iteration 18 / LogL: -2022.365 / Time: 0h:0m:0s
Average CPU time for 1 NNI search: 0.006
Finish initializing candidate tree set. Number of distinct locally optimal trees: 9
Current best tree score: -2022.364 / CPU time: 0.232
--------------------------------------------------------------------
|               OPTIMIZING CANDIDATE TREE SET                      |
--------------------------------------------------------------------
Iteration 20 / LogL: -2022.365 / Time: 0h:0m:0s (0h:0m:1s left)
Iteration 30 / LogL: -2022.365 / Time: 0h:0m:0s (0h:0m:1s left)
Iteration 40 / LogL: -2022.366 / Time: 0h:0m:0s (0h:0m:0s left)
Iteration 50 / LogL: -2022.534 / Time: 0h:0m:0s (0h:0m:0s left)
Iteration 60 / LogL: -2022.365 / Time: 0h:0m:0s (0h:0m:0s left)
Iteration 70 / LogL: -2473.531 / Time: 0h:0m:1s (0h:0m:0s left)
Iteration 80 / LogL: -2022.369 / Time: 0h:0m:1s (0h:0m:0s left)
Iteration 90 / LogL: -2022.374 / Time: 0h:0m:1s (0h:0m:0s left)
Iteration 100 / LogL: -2022.414 / Time: 0h:0m:1s (0h:0m:0s left)
TREE SEARCH COMPLETED AFTER 101 ITERATIONS / Time: 0h:0m:1s

--------------------------------------------------------------------
|                    FINALIZING TREE SEARCH                        |
--------------------------------------------------------------------
Performs final model parameters optimization
Estimate model parameters (epsilon = 0.010)
1. Initial log-likelihood: -2022.364
2. Current log-likelihood: -2022.344
3. Current log-likelihood: -2022.331
Optimal log-likelihood: -2022.323
Rate parameters:  A-C: 1.162  A-G: 0.998  A-T: 1.367  C-G: 0.961  C-T: 1.472  G-T: 1.000
Base frequencies:   A: 0.258  C: 0.252  G: 0.278  T: 0.213
Gamma shape alpha: 5.893
Parameters optimization took 3 rounds (0.013 sec)
BEST SCORE FOUND : -2022.323

Testing tree branches by SH-like aLRT with 1000 replicates...
CPU Time used:  0.116 sec.
Total tree length: 1.194

Total number of iterations: 101
CPU time used for tree search: 1.556 sec (0h:0m:1s)
Wall-clock time used for tree search: 1.562 sec (0h:0m:1s)
Total CPU time used: 1.720 sec (0h:0m:1s)
Total wall-clock time used: 1.731 sec (0h:0m:1s)

Analysis results written to: 
  IQ-TREE report:                ../simulations/data_D10T10L20I10T10//S/680_pruned.fasta.iqtree
  Maximum-likelihood tree:       ../simulations/data_D10T10L20I10T10//S/680_pruned.fasta.treefile
  Likelihood distances:          ../simulations/data_D10T10L20I10T10//S/680_pruned.fasta.mldist
  Screen log file:               ../simulations/data_D10T10L20I10T10//S/680_pruned.fasta.log

Date and Time: Fri Jun  1 10:45:34 2018
