IQ-TREE version 1.4.2 for Linux 64-bit built Apr 15 2016
Copyright (c) 2011-2015 Nguyen Lam Tung, Olga Chernomor, Arndt von Haeseler and Bui Quang Minh.

Host:    meduse (AVX2, FMA3, 7 GB RAM)
Command: iqtree -s ../simulations/data_D10T10L20I10T10//S/684_pruned.fasta -m GTR+G -alrt 1000 -redo
Seed:    770061 (Using SPRNG - Scalable Parallel Random Number Generator)
Time:    Mon Jun  4 00:49:12 2018
Kernel:  AVX

NOTE: Consider using the multicore version because your CPU has 4 cores!

Reading alignment file ../simulations/data_D10T10L20I10T10//S/684_pruned.fasta ... Fasta format detected
Alignment most likely contains DNA/RNA sequences
Alignment has 26 sequences with 300 columns and 299 patterns (298 informative sites)
          Gap/Ambiguity  Composition  p-value
   1  n244_243    0.00%    passed     83.52%
   2  n274_273    0.00%    passed     28.09%
   3  n280_279    0.00%    passed     33.84%
   4  n293_292    0.00%    passed     76.54%
   5  n289_288    0.00%    passed     87.40%
   6  n297_296    0.00%    passed     75.64%
   7  n277_276    0.00%    passed     28.79%
   8  n265_264    0.00%    passed     28.33%
   9  n200_199    0.00%    failed      4.27%
  10  n287_286    0.00%    passed     31.77%
  11  n299_298    0.00%    passed     22.60%
  12  n275_274    0.00%    passed     62.90%
  13  n266_265    0.00%    passed      7.51%
  14  n236_235    0.00%    passed      6.74%
  15  n290_289    0.00%    passed     79.67%
  16  n251_250    0.00%    passed     42.36%
  17  n285_284    0.00%    passed     93.01%
  18  n286_285    0.00%    passed     90.97%
  19  n278_277    0.00%    passed     40.33%
  20  n300_299    0.00%    passed     18.58%
  21  n255_254    0.00%    passed     57.47%
  22  n294_293    0.00%    passed     69.12%
  23  n295_294    0.00%    passed     59.88%
  24  n292_291    0.00%    passed     25.78%
  25  n298_297    0.00%    passed     93.79%
  26  n296_295    0.00%    passed     66.18%
****  TOTAL       0.00%  1 sequences failed composition chi2 test (p-value<5%; df=3)

Create initial parsimony tree by phylogenetic likelihood library (PLL)... 0.002 seconds

NOTE: 1 MB RAM is required!
Estimate model parameters (epsilon = 0.100)
1. Initial log-likelihood: -5211.223
2. Current log-likelihood: -5100.530
3. Current log-likelihood: -5083.823
4. Current log-likelihood: -5080.793
5. Current log-likelihood: -5080.231
Optimal log-likelihood: -5080.129
Rate parameters:  A-C: 1.493  A-G: 1.560  A-T: 1.036  C-G: 1.072  C-T: 1.271  G-T: 1.000
Base frequencies:   A: 0.209  C: 0.283  G: 0.236  T: 0.272
Gamma shape alpha: 6.384
Parameters optimization took 5 rounds (0.066 sec)
--------------------------------------------------------------------
|             INITIALIZING CANDIDATE TREE SET                      |
--------------------------------------------------------------------
Computing ML distances based on estimated model parameters... 0.004 sec
WARNING: Some pairwise ML distances are too long (saturated)
Computing BIONJ tree...
0.001 seconds
Log-likelihood of BIONJ tree: -5097.172
Generating 98 parsimony trees... 0.149 seconds 9 distinct starting trees
Computing log-likelihood of 9 initial trees ... 0.022 seconds
Optimizing top 9 initial trees with NNI...
Iteration 1 / LogL: -5078.710 / Time: 0h:0m:0s
Estimate model parameters (epsilon = 0.100)
BETTER TREE FOUND at iteration 1: -5078.694
Iteration 2 / LogL: -5078.721 / Time: 0h:0m:0s
Iteration 3 / LogL: -5078.721 / Time: 0h:0m:0s
Iteration 4 / LogL: -5078.729 / Time: 0h:0m:0s
Iteration 5 / LogL: -5078.730 / Time: 0h:0m:0s
Iteration 6 / LogL: -5078.721 / Time: 0h:0m:0s
Iteration 7 / LogL: -5078.721 / Time: 0h:0m:0s
Iteration 8 / LogL: -5078.729 / Time: 0h:0m:0s
Iteration 9 / LogL: -5078.717 / Time: 0h:0m:0s
Average CPU time for 1 NNI search: 0.020
Finish initializing candidate tree set. Number of distinct locally optimal trees: 3
Current best tree score: -5078.694 / CPU time: 0.348
--------------------------------------------------------------------
|               OPTIMIZING CANDIDATE TREE SET                      |
--------------------------------------------------------------------
Iteration 10 / LogL: -5078.751 / Time: 0h:0m:0s
Iteration 20 / LogL: -5083.397 / Time: 0h:0m:0s (0h:0m:3s left)
Iteration 30 / LogL: -5082.036 / Time: 0h:0m:1s (0h:0m:3s left)
Iteration 40 / LogL: -5082.024 / Time: 0h:0m:1s (0h:0m:2s left)
Iteration 50 / LogL: -5079.551 / Time: 0h:0m:2s (0h:0m:2s left)
Iteration 60 / LogL: -5078.782 / Time: 0h:0m:2s (0h:0m:1s left)
Iteration 70 / LogL: -5078.763 / Time: 0h:0m:2s (0h:0m:1s left)
Iteration 80 / LogL: -5078.720 / Time: 0h:0m:3s (0h:0m:0s left)
Iteration 90 / LogL: -5080.699 / Time: 0h:0m:3s (0h:0m:0s left)
Iteration 100 / LogL: -5078.729 / Time: 0h:0m:3s (0h:0m:0s left)
TREE SEARCH COMPLETED AFTER 101 ITERATIONS / Time: 0h:0m:3s

--------------------------------------------------------------------
|                    FINALIZING TREE SEARCH                        |
--------------------------------------------------------------------
Performs final model parameters optimization
Estimate model parameters (epsilon = 0.010)
1. Initial log-likelihood: -5078.693
Optimal log-likelihood: -5078.688
Rate parameters:  A-C: 1.494  A-G: 1.569  A-T: 1.036  C-G: 1.076  C-T: 1.275  G-T: 1.000
Base frequencies:   A: 0.209  C: 0.283  G: 0.236  T: 0.272
Gamma shape alpha: 6.459
Parameters optimization took 1 rounds (0.008 sec)
BEST SCORE FOUND : -5078.688

Testing tree branches by SH-like aLRT with 1000 replicates...
CPU Time used:  0.120 sec.
Total tree length: 8.691

Total number of iterations: 101
CPU time used for tree search: 3.872 sec (0h:0m:3s)
Wall-clock time used for tree search: 3.875 sec (0h:0m:3s)
Total CPU time used: 4.088 sec (0h:0m:4s)
Total wall-clock time used: 4.098 sec (0h:0m:4s)

Analysis results written to: 
  IQ-TREE report:                ../simulations/data_D10T10L20I10T10//S/684_pruned.fasta.iqtree
  Maximum-likelihood tree:       ../simulations/data_D10T10L20I10T10//S/684_pruned.fasta.treefile
  Likelihood distances:          ../simulations/data_D10T10L20I10T10//S/684_pruned.fasta.mldist
  Screen log file:               ../simulations/data_D10T10L20I10T10//S/684_pruned.fasta.log

Date and Time: Mon Jun  4 00:49:16 2018
