IQ-TREE version 1.4.2 for Linux 64-bit built Apr 15 2016
Copyright (c) 2011-2015 Nguyen Lam Tung, Olga Chernomor, Arndt von Haeseler and Bui Quang Minh.

Host:    meduse (AVX2, FMA3, 7 GB RAM)
Command: iqtree -s ../simulations/data_D10T10L20I10T10//S/686_pruned.fasta -m GTR+G -alrt 1000 -redo
Seed:    432769 (Using SPRNG - Scalable Parallel Random Number Generator)
Time:    Mon Jun  4 01:06:46 2018
Kernel:  AVX

NOTE: Consider using the multicore version because your CPU has 4 cores!

Reading alignment file ../simulations/data_D10T10L20I10T10//S/686_pruned.fasta ... Fasta format detected
Alignment most likely contains DNA/RNA sequences
Alignment has 28 sequences with 300 columns and 300 patterns (295 informative sites)
          Gap/Ambiguity  Composition  p-value
   1  n295_298    0.00%    passed     65.81%
   2  n244_245    0.00%    passed     93.04%
   3  n255_256    0.00%    passed      5.63%
   4  n277_278    0.00%    passed     22.93%
   5  n200_201    0.00%    passed     79.07%
   6  n299_304    0.00%    passed     71.11%
   7  n236_237    0.00%    passed     97.13%
   8  n274_275    0.00%    passed     24.57%
   9  n292_295    0.00%    passed     40.65%
  10  n300_305    0.00%    passed     64.03%
  11  n293_296    0.00%    passed     94.29%
  12  n285_288    0.00%    passed     42.29%
  13  n296_299    0.00%    passed     91.10%
  14  n298_303    0.00%    passed     67.26%
  15  n294_297    0.00%    passed     96.76%
  16  n287_290    0.00%    passed     81.81%
  17  n297_300    0.00%    passed     61.09%
  18  n275_276    0.00%    passed     85.25%
  19  n266_267    0.00%    passed     96.68%
  20  n289_292    0.00%    passed     74.38%
  21  n286_289    0.00%    passed     41.62%
  22  n278_279    0.00%    passed     43.19%
  23  n297_302    0.00%    passed     96.01%
  24  n251_252    0.00%    passed     15.01%
  25  n298_301    0.00%    passed     79.63%
  26  n290_293    0.00%    passed     65.15%
  27  n265_266    0.00%    passed     43.01%
  28  n280_281    0.00%    passed     35.46%
****  TOTAL       0.00%  0 sequences failed composition chi2 test (p-value<5%; df=3)

Create initial parsimony tree by phylogenetic likelihood library (PLL)... 0.002 seconds

NOTE: 1 MB RAM is required!
Estimate model parameters (epsilon = 0.100)
1. Initial log-likelihood: -5563.231
2. Current log-likelihood: -5475.316
3. Current log-likelihood: -5459.608
4. Current log-likelihood: -5456.671
5. Current log-likelihood: -5456.177
Optimal log-likelihood: -5456.079
Rate parameters:  A-C: 1.146  A-G: 1.249  A-T: 1.161  C-G: 1.091  C-T: 1.307  G-T: 1.000
Base frequencies:   A: 0.221  C: 0.281  G: 0.246  T: 0.251
Gamma shape alpha: 4.396
Parameters optimization took 5 rounds (0.064 sec)
--------------------------------------------------------------------
|             INITIALIZING CANDIDATE TREE SET                      |
--------------------------------------------------------------------
Computing ML distances based on estimated model parameters... 0.004 sec
WARNING: Some pairwise ML distances are too long (saturated)
Computing BIONJ tree...
0.001 seconds
Log-likelihood of BIONJ tree: -5453.670
Generating 98 parsimony trees... 0.152 seconds 7 distinct starting trees
Computing log-likelihood of 7 initial trees ... 0.015 seconds
Optimizing top 7 initial trees with NNI...
Iteration 1 / LogL: -5453.076 / Time: 0h:0m:0s
Estimate model parameters (epsilon = 0.100)
BETTER TREE FOUND at iteration 1: -5453.042
Iteration 2 / LogL: -5453.498 / Time: 0h:0m:0s
Iteration 3 / LogL: -5453.492 / Time: 0h:0m:0s
Iteration 4 / LogL: -5453.660 / Time: 0h:0m:0s
Iteration 5 / LogL: -5453.996 / Time: 0h:0m:0s
Iteration 6 / LogL: -5453.963 / Time: 0h:0m:0s
Iteration 7 / LogL: -5453.955 / Time: 0h:0m:0s
Average CPU time for 1 NNI search: 0.015
Finish initializing candidate tree set. Number of distinct locally optimal trees: 1
Current best tree score: -5453.042 / CPU time: 0.276
--------------------------------------------------------------------
|               OPTIMIZING CANDIDATE TREE SET                      |
--------------------------------------------------------------------
Iteration 10 / LogL: -5451.804 / Time: 0h:0m:0s
Estimate model parameters (epsilon = 0.010)
BETTER TREE FOUND at iteration 10: -5451.543
Iteration 20 / LogL: -5452.219 / Time: 0h:0m:0s (0h:0m:3s left)
Iteration 30 / LogL: -5452.138 / Time: 0h:0m:1s (0h:0m:3s left)
Iteration 40 / LogL: -5451.644 / Time: 0h:0m:1s (0h:0m:2s left)
Iteration 50 / LogL: -5451.753 / Time: 0h:0m:1s (0h:0m:2s left)
Iteration 60 / LogL: -5452.829 / Time: 0h:0m:2s (0h:0m:1s left)
Iteration 70 / LogL: -5456.184 / Time: 0h:0m:2s (0h:0m:1s left)
Iteration 80 / LogL: -5451.962 / Time: 0h:0m:2s (0h:0m:1s left)
Iteration 90 / LogL: -5451.696 / Time: 0h:0m:3s (0h:0m:0s left)
Estimate model parameters (epsilon = 0.010)
UPDATE BEST LOG-LIKELIHOOD: -5451.385
Iteration 100 / LogL: -5451.452 / Time: 0h:0m:3s (0h:0m:0s left)
Iteration 110 / LogL: -5451.577 / Time: 0h:0m:3s (0h:0m:0s left)
TREE SEARCH COMPLETED AFTER 110 ITERATIONS / Time: 0h:0m:3s

--------------------------------------------------------------------
|                    FINALIZING TREE SEARCH                        |
--------------------------------------------------------------------
Performs final model parameters optimization
Estimate model parameters (epsilon = 0.010)
1. Initial log-likelihood: -5451.385
Optimal log-likelihood: -5451.380
Rate parameters:  A-C: 1.221  A-G: 1.324  A-T: 1.251  C-G: 1.175  C-T: 1.379  G-T: 1.000
Base frequencies:   A: 0.221  C: 0.281  G: 0.246  T: 0.251
Gamma shape alpha: 4.223
Parameters optimization took 1 rounds (0.007 sec)
BEST SCORE FOUND : -5451.380

Testing tree branches by SH-like aLRT with 1000 replicates...
CPU Time used:  0.124 sec.
Total tree length: 10.149

Total number of iterations: 110
CPU time used for tree search: 3.792 sec (0h:0m:3s)
Wall-clock time used for tree search: 3.794 sec (0h:0m:3s)
Total CPU time used: 4.028 sec (0h:0m:4s)
Total wall-clock time used: 4.031 sec (0h:0m:4s)

Analysis results written to: 
  IQ-TREE report:                ../simulations/data_D10T10L20I10T10//S/686_pruned.fasta.iqtree
  Maximum-likelihood tree:       ../simulations/data_D10T10L20I10T10//S/686_pruned.fasta.treefile
  Likelihood distances:          ../simulations/data_D10T10L20I10T10//S/686_pruned.fasta.mldist
  Screen log file:               ../simulations/data_D10T10L20I10T10//S/686_pruned.fasta.log

Date and Time: Mon Jun  4 01:06:50 2018
