IQ-TREE version 1.4.2 for Linux 64-bit built Apr 15 2016
Copyright (c) 2011-2015 Nguyen Lam Tung, Olga Chernomor, Arndt von Haeseler and Bui Quang Minh.

Host:    meduse (AVX2, FMA3, 7 GB RAM)
Command: iqtree -s ../simulations/data_D8T8L15I8T8//S/689_pruned.fasta -m GTR+G -alrt 1000 -redo
Seed:    18033 (Using SPRNG - Scalable Parallel Random Number Generator)
Time:    Fri May 25 23:08:58 2018
Kernel:  AVX

NOTE: Consider using the multicore version because your CPU has 4 cores!

Reading alignment file ../simulations/data_D8T8L15I8T8//S/689_pruned.fasta ... Fasta format detected
Alignment most likely contains DNA/RNA sequences
Alignment has 26 sequences with 300 columns and 169 patterns (151 informative sites)
          Gap/Ambiguity  Composition  p-value
   1  n287_288    0.00%    passed     79.36%
   2  n290_291    0.00%    passed     90.94%
   3  n236_237    0.00%    passed     80.74%
   4  n278_279    0.00%    passed     58.53%
   5  n285_286    0.00%    passed     97.12%
   6  n265_266    0.00%    passed     94.31%
   7  n280_281    0.00%    passed     52.20%
   8  n299_300    0.00%    passed     37.20%
   9  n293_294    0.00%    passed     70.42%
  10  n274_275    0.00%    passed     52.40%
  11  n292_293    0.00%    passed     45.77%
  12  n296_297    0.00%    passed     79.80%
  13  n294_295    0.00%    passed     84.82%
  14  n275_276    0.00%    passed     77.13%
  15  n297_298    0.00%    passed     74.26%
  16  n289_290    0.00%    passed     90.94%
  17  n286_287    0.00%    passed     99.69%
  18  n255_256    0.00%    passed     89.43%
  19  n295_296    0.00%    passed     76.92%
  20  n266_267    0.00%    passed     97.48%
  21  n244_245    0.00%    passed     94.35%
  22  n298_299    0.00%    passed     74.26%
  23  n300_301    0.00%    passed     40.27%
  24  n200_201    0.00%    passed     94.03%
  25  n277_278    0.00%    passed     86.43%
  26  n251_252    0.00%    passed     97.62%
****  TOTAL       0.00%  0 sequences failed composition chi2 test (p-value<5%; df=3)
NOTE: 2 identical sequences (see below) will be ignored for subsequent analysis
NOTE: n289_290 (identical to n290_291) is ignored but added at the end
NOTE: n298_299 (identical to n297_298) is ignored but added at the end

Create initial parsimony tree by phylogenetic likelihood library (PLL)... 0.001 seconds

NOTE: 0 MB RAM is required!
Estimate model parameters (epsilon = 0.100)
1. Initial log-likelihood: -1988.664
2. Current log-likelihood: -1939.446
3. Current log-likelihood: -1938.697
Optimal log-likelihood: -1938.662
Rate parameters:  A-C: 1.410  A-G: 1.307  A-T: 1.113  C-G: 1.106  C-T: 1.279  G-T: 1.000
Base frequencies:   A: 0.205  C: 0.250  G: 0.258  T: 0.287
Gamma shape alpha: 998.155
Parameters optimization took 3 rounds (0.029 sec)
--------------------------------------------------------------------
|             INITIALIZING CANDIDATE TREE SET                      |
--------------------------------------------------------------------
Computing ML distances based on estimated model parameters... 0.000 sec
Computing BIONJ tree...
0.000 seconds
Log-likelihood of BIONJ tree: -1943.633
Generating 98 parsimony trees... 0.089 seconds 10 distinct starting trees
Computing log-likelihood of 10 initial trees ... 0.015 seconds
Optimizing top 10 initial trees with NNI...
Iteration 1 / LogL: -1938.662 / Time: 0h:0m:0s
Estimate model parameters (epsilon = 0.100)
BETTER SCORE FOUND at iteration 1: -1938.602
Iteration 2 / LogL: -1938.603 / Time: 0h:0m:0s
Iteration 3 / LogL: -1938.603 / Time: 0h:0m:0s
Iteration 4 / LogL: -1938.603 / Time: 0h:0m:0s
Iteration 5 / LogL: -1938.603 / Time: 0h:0m:0s
Iteration 6 / LogL: -1938.603 / Time: 0h:0m:0s
Iteration 7 / LogL: -1938.603 / Time: 0h:0m:0s
Iteration 8 / LogL: -1938.603 / Time: 0h:0m:0s
Iteration 9 / LogL: -1938.603 / Time: 0h:0m:0s
Iteration 10 / LogL: -1938.602 / Time: 0h:0m:0s
Average CPU time for 1 NNI search: 0.006
Finish initializing candidate tree set. Number of distinct locally optimal trees: 9
Current best tree score: -1938.602 / CPU time: 0.160
--------------------------------------------------------------------
|               OPTIMIZING CANDIDATE TREE SET                      |
--------------------------------------------------------------------
Iteration 20 / LogL: -1938.602 / Time: 0h:0m:0s (0h:0m:1s left)
Iteration 30 / LogL: -2019.590 / Time: 0h:0m:0s (0h:0m:1s left)
Iteration 40 / LogL: -1938.602 / Time: 0h:0m:0s (0h:0m:1s left)
Iteration 50 / LogL: -1938.602 / Time: 0h:0m:0s (0h:0m:0s left)
Iteration 60 / LogL: -1938.603 / Time: 0h:0m:0s (0h:0m:0s left)
Iteration 70 / LogL: -1938.602 / Time: 0h:0m:1s (0h:0m:0s left)
Iteration 80 / LogL: -1938.709 / Time: 0h:0m:1s (0h:0m:0s left)
Iteration 90 / LogL: -1956.778 / Time: 0h:0m:1s (0h:0m:0s left)
Iteration 100 / LogL: -1938.708 / Time: 0h:0m:1s (0h:0m:0s left)
TREE SEARCH COMPLETED AFTER 101 ITERATIONS / Time: 0h:0m:1s

--------------------------------------------------------------------
|                    FINALIZING TREE SEARCH                        |
--------------------------------------------------------------------
Performs final model parameters optimization
Estimate model parameters (epsilon = 0.010)
1. Initial log-likelihood: -1938.602
2. Current log-likelihood: -1938.588
Optimal log-likelihood: -1938.582
Rate parameters:  A-C: 1.366  A-G: 1.276  A-T: 1.038  C-G: 1.109  C-T: 1.257  G-T: 1.000
Base frequencies:   A: 0.205  C: 0.250  G: 0.258  T: 0.287
Gamma shape alpha: 998.155
Parameters optimization took 2 rounds (0.013 sec)
BEST SCORE FOUND : -1938.582

Testing tree branches by SH-like aLRT with 1000 replicates...
CPU Time used:  0.116 sec.
Total tree length: 1.068

Total number of iterations: 101
CPU time used for tree search: 1.532 sec (0h:0m:1s)
Wall-clock time used for tree search: 1.532 sec (0h:0m:1s)
Total CPU time used: 1.704 sec (0h:0m:1s)
Total wall-clock time used: 1.709 sec (0h:0m:1s)

Analysis results written to: 
  IQ-TREE report:                ../simulations/data_D8T8L15I8T8//S/689_pruned.fasta.iqtree
  Maximum-likelihood tree:       ../simulations/data_D8T8L15I8T8//S/689_pruned.fasta.treefile
  Likelihood distances:          ../simulations/data_D8T8L15I8T8//S/689_pruned.fasta.mldist
  Screen log file:               ../simulations/data_D8T8L15I8T8//S/689_pruned.fasta.log

Date and Time: Fri May 25 23:08:59 2018
