IQ-TREE version 1.4.2 for Linux 64-bit built Apr 15 2016
Copyright (c) 2011-2015 Nguyen Lam Tung, Olga Chernomor, Arndt von Haeseler and Bui Quang Minh.

Host:    meduse (AVX2, FMA3, 7 GB RAM)
Command: iqtree -s ../simulations/data_D10T10L20I10T10//S/690_pruned.fasta -m GTR+G -alrt 1000 -redo
Seed:    561597 (Using SPRNG - Scalable Parallel Random Number Generator)
Time:    Mon Jun  4 01:02:18 2018
Kernel:  AVX

NOTE: Consider using the multicore version because your CPU has 4 cores!

Reading alignment file ../simulations/data_D10T10L20I10T10//S/690_pruned.fasta ... Fasta format detected
Alignment most likely contains DNA/RNA sequences
Alignment has 26 sequences with 300 columns and 300 patterns (292 informative sites)
          Gap/Ambiguity  Composition  p-value
   1  n299_300    0.00%    passed     71.90%
   2  n300_301    0.00%    passed     63.07%
   3  n290_291    0.00%    passed     91.81%
   4  n244_245    0.00%    passed     29.03%
   5  n255_256    0.00%    passed     62.09%
   6  n277_278    0.00%    passed     75.15%
   7  n200_201    0.00%    passed     34.91%
   8  n236_237    0.00%    passed     73.66%
   9  n274_275    0.00%    passed     44.61%
  10  n289_290    0.00%    passed     85.77%
  11  n296_297    0.00%    passed     75.63%
  12  n275_276    0.00%    passed     87.88%
  13  n292_293    0.00%    passed     57.67%
  14  n278_279    0.00%    passed     68.04%
  15  n298_299    0.00%    passed     76.06%
  16  n297_298    0.00%    passed     94.24%
  17  n286_287    0.00%    passed     73.39%
  18  n285_286    0.00%    passed     82.65%
  19  n287_288    0.00%    passed     75.62%
  20  n251_252    0.00%    passed     52.67%
  21  n294_295    0.00%    passed     71.25%
  22  n295_296    0.00%    passed     71.88%
  23  n266_267    0.00%    passed     55.66%
  24  n265_266    0.00%    passed     52.71%
  25  n280_281    0.00%    passed     67.22%
  26  n293_294    0.00%    passed     68.85%
****  TOTAL       0.00%  0 sequences failed composition chi2 test (p-value<5%; df=3)

Create initial parsimony tree by phylogenetic likelihood library (PLL)... 0.002 seconds

NOTE: 1 MB RAM is required!
Estimate model parameters (epsilon = 0.100)
1. Initial log-likelihood: -5259.699
2. Current log-likelihood: -5176.093
3. Current log-likelihood: -5163.760
4. Current log-likelihood: -5161.654
5. Current log-likelihood: -5161.300
Optimal log-likelihood: -5161.239
Rate parameters:  A-C: 0.774  A-G: 0.963  A-T: 0.770  C-G: 0.665  C-T: 1.023  G-T: 1.000
Base frequencies:   A: 0.241  C: 0.289  G: 0.237  T: 0.233
Gamma shape alpha: 3.671
Parameters optimization took 5 rounds (0.073 sec)
--------------------------------------------------------------------
|             INITIALIZING CANDIDATE TREE SET                      |
--------------------------------------------------------------------
Computing ML distances based on estimated model parameters... 0.004 sec
Computing BIONJ tree...
0.000 seconds
Log-likelihood of BIONJ tree: -5163.974
Generating 98 parsimony trees... 0.157 seconds 2 distinct starting trees
Computing log-likelihood of 2 initial trees ... 0.000 seconds
Optimizing top 2 initial trees with NNI...
Iteration 1 / LogL: -5160.720 / Time: 0h:0m:0s
Estimate model parameters (epsilon = 0.100)
BETTER TREE FOUND at iteration 1: -5160.695
Iteration 2 / LogL: -5162.824 / Time: 0h:0m:0s
Average CPU time for 1 NNI search: 0.020
Finish initializing candidate tree set. Number of distinct locally optimal trees: 2
Current best tree score: -5160.695 / CPU time: 0.196
--------------------------------------------------------------------
|               OPTIMIZING CANDIDATE TREE SET                      |
--------------------------------------------------------------------
Iteration 10 / LogL: -5183.535 / Time: 0h:0m:0s
Iteration 20 / LogL: -5162.752 / Time: 0h:0m:0s (0h:0m:3s left)
Iteration 30 / LogL: -5163.211 / Time: 0h:0m:1s (0h:0m:2s left)
Iteration 40 / LogL: -5162.786 / Time: 0h:0m:1s (0h:0m:2s left)
Iteration 50 / LogL: -5162.831 / Time: 0h:0m:1s (0h:0m:1s left)
Estimate model parameters (epsilon = 0.010)
UPDATE BEST LOG-LIKELIHOOD: -5160.572
Iteration 60 / LogL: -5175.062 / Time: 0h:0m:2s (0h:0m:1s left)
Iteration 70 / LogL: -5163.843 / Time: 0h:0m:2s (0h:0m:1s left)
Iteration 80 / LogL: -5162.772 / Time: 0h:0m:3s (0h:0m:0s left)
Iteration 90 / LogL: -5161.066 / Time: 0h:0m:3s (0h:0m:0s left)
Iteration 100 / LogL: -5162.514 / Time: 0h:0m:3s (0h:0m:0s left)
TREE SEARCH COMPLETED AFTER 101 ITERATIONS / Time: 0h:0m:3s

--------------------------------------------------------------------
|                    FINALIZING TREE SEARCH                        |
--------------------------------------------------------------------
Performs final model parameters optimization
Estimate model parameters (epsilon = 0.010)
1. Initial log-likelihood: -5160.572
Optimal log-likelihood: -5160.572
Rate parameters:  A-C: 0.770  A-G: 0.970  A-T: 0.775  C-G: 0.670  C-T: 1.018  G-T: 1.000
Base frequencies:   A: 0.241  C: 0.289  G: 0.237  T: 0.233
Gamma shape alpha: 3.769
Parameters optimization took 1 rounds (0.007 sec)
BEST SCORE FOUND : -5160.572

Testing tree branches by SH-like aLRT with 1000 replicates...
CPU Time used:  0.124 sec.
Total tree length: 8.930

Total number of iterations: 101
CPU time used for tree search: 3.660 sec (0h:0m:3s)
Wall-clock time used for tree search: 3.660 sec (0h:0m:3s)
Total CPU time used: 3.896 sec (0h:0m:3s)
Total wall-clock time used: 3.898 sec (0h:0m:3s)

Analysis results written to: 
  IQ-TREE report:                ../simulations/data_D10T10L20I10T10//S/690_pruned.fasta.iqtree
  Maximum-likelihood tree:       ../simulations/data_D10T10L20I10T10//S/690_pruned.fasta.treefile
  Likelihood distances:          ../simulations/data_D10T10L20I10T10//S/690_pruned.fasta.mldist
  Screen log file:               ../simulations/data_D10T10L20I10T10//S/690_pruned.fasta.log

Date and Time: Mon Jun  4 01:02:22 2018
