IQ-TREE version 1.4.2 for Linux 64-bit built Apr 15 2016
Copyright (c) 2011-2015 Nguyen Lam Tung, Olga Chernomor, Arndt von Haeseler and Bui Quang Minh.

Host:    meduse (AVX2, FMA3, 7 GB RAM)
Command: iqtree -s ../simulations/data_D10T10L20I10T10//S/693_pruned.fasta -m GTR+G -alrt 1000 -redo
Seed:    242612 (Using SPRNG - Scalable Parallel Random Number Generator)
Time:    Mon Jun  4 00:33:25 2018
Kernel:  AVX

NOTE: Consider using the multicore version because your CPU has 4 cores!

Reading alignment file ../simulations/data_D10T10L20I10T10//S/693_pruned.fasta ... Fasta format detected
Alignment most likely contains DNA/RNA sequences
Alignment has 26 sequences with 300 columns and 300 patterns (292 informative sites)
          Gap/Ambiguity  Composition  p-value
   1  n286_281    0.00%    passed     25.94%
   2  n293_288    0.00%    passed     66.24%
   3  n290_285    0.00%    passed     93.77%
   4  n292_287    0.00%    passed     34.15%
   5  n280_275    0.00%    passed     65.32%
   6  n277_272    0.00%    passed     98.36%
   7  n274_269    0.00%    passed     29.70%
   8  n255_250    0.00%    passed     60.27%
   9  n244_239    0.00%    passed     54.58%
  10  n298_293    0.00%    passed     54.80%
  11  n200_199    0.00%    passed     65.88%
  12  n265_260    0.00%    passed     33.01%
  13  n285_280    0.00%    passed     84.02%
  14  n251_246    0.00%    passed     40.75%
  15  n300_295    0.00%    passed     47.03%
  16  n294_289    0.00%    passed     44.67%
  17  n287_282    0.00%    passed     88.10%
  18  n299_294    0.00%    passed     45.17%
  19  n296_291    0.00%    passed     85.66%
  20  n236_233    0.00%    passed     55.94%
  21  n295_290    0.00%    passed     76.76%
  22  n289_284    0.00%    passed     93.21%
  23  n278_273    0.00%    passed     93.14%
  24  n275_270    0.00%    passed     26.45%
  25  n297_292    0.00%    passed     74.03%
  26  n266_261    0.00%    passed     42.06%
****  TOTAL       0.00%  0 sequences failed composition chi2 test (p-value<5%; df=3)

Create initial parsimony tree by phylogenetic likelihood library (PLL)... 0.002 seconds

NOTE: 1 MB RAM is required!
Estimate model parameters (epsilon = 0.100)
1. Initial log-likelihood: -5192.932
2. Current log-likelihood: -5104.343
3. Current log-likelihood: -5083.841
4. Current log-likelihood: -5078.812
5. Current log-likelihood: -5077.527
6. Current log-likelihood: -5077.275
Optimal log-likelihood: -5077.221
Rate parameters:  A-C: 1.197  A-G: 1.104  A-T: 0.832  C-G: 0.857  C-T: 1.375  G-T: 1.000
Base frequencies:   A: 0.209  C: 0.269  G: 0.287  T: 0.234
Gamma shape alpha: 8.368
Parameters optimization took 6 rounds (0.083 sec)
--------------------------------------------------------------------
|             INITIALIZING CANDIDATE TREE SET                      |
--------------------------------------------------------------------
Computing ML distances based on estimated model parameters... 0.004 sec
Computing BIONJ tree...
0.000 seconds
Log-likelihood of BIONJ tree: -5081.424
Generating 98 parsimony trees... 0.144 seconds 3 distinct starting trees
Computing log-likelihood of 3 initial trees ... 0.003 seconds
Optimizing top 3 initial trees with NNI...
Iteration 1 / LogL: -5076.817 / Time: 0h:0m:0s
Estimate model parameters (epsilon = 0.100)
BETTER TREE FOUND at iteration 1: -5076.679
Iteration 2 / LogL: -5076.972 / Time: 0h:0m:0s
Iteration 3 / LogL: -5076.562 / Time: 0h:0m:0s
Estimate model parameters (epsilon = 0.100)
BETTER TREE FOUND at iteration 3: -5076.520
Average CPU time for 1 NNI search: 0.019
Finish initializing candidate tree set. Number of distinct locally optimal trees: 2
Current best tree score: -5076.520 / CPU time: 0.204
--------------------------------------------------------------------
|               OPTIMIZING CANDIDATE TREE SET                      |
--------------------------------------------------------------------
Estimate model parameters (epsilon = 0.010)
BETTER TREE FOUND at iteration 4: -5076.027
Iteration 10 / LogL: -5080.074 / Time: 0h:0m:0s
Iteration 20 / LogL: -5076.771 / Time: 0h:0m:0s (0h:0m:4s left)
Iteration 30 / LogL: -5076.257 / Time: 0h:0m:1s (0h:0m:3s left)
Iteration 40 / LogL: -5076.184 / Time: 0h:0m:1s (0h:0m:2s left)
Iteration 50 / LogL: -5082.311 / Time: 0h:0m:1s (0h:0m:2s left)
Iteration 60 / LogL: -5158.621 / Time: 0h:0m:2s (0h:0m:1s left)
Iteration 70 / LogL: -5077.698 / Time: 0h:0m:2s (0h:0m:1s left)
Iteration 80 / LogL: -5077.261 / Time: 0h:0m:2s (0h:0m:0s left)
Iteration 90 / LogL: -5079.634 / Time: 0h:0m:3s (0h:0m:0s left)
Iteration 100 / LogL: -5076.110 / Time: 0h:0m:3s (0h:0m:0s left)
TREE SEARCH COMPLETED AFTER 104 ITERATIONS / Time: 0h:0m:3s

--------------------------------------------------------------------
|                    FINALIZING TREE SEARCH                        |
--------------------------------------------------------------------
Performs final model parameters optimization
Estimate model parameters (epsilon = 0.010)
1. Initial log-likelihood: -5076.027
Optimal log-likelihood: -5076.024
Rate parameters:  A-C: 1.218  A-G: 1.147  A-T: 0.839  C-G: 0.885  C-T: 1.428  G-T: 1.000
Base frequencies:   A: 0.209  C: 0.269  G: 0.287  T: 0.234
Gamma shape alpha: 6.783
Parameters optimization took 1 rounds (0.007 sec)
BEST SCORE FOUND : -5076.024

Testing tree branches by SH-like aLRT with 1000 replicates...
CPU Time used:  0.124 sec.
Total tree length: 7.884

Total number of iterations: 104
CPU time used for tree search: 3.628 sec (0h:0m:3s)
Wall-clock time used for tree search: 3.628 sec (0h:0m:3s)
Total CPU time used: 3.872 sec (0h:0m:3s)
Total wall-clock time used: 3.875 sec (0h:0m:3s)

Analysis results written to: 
  IQ-TREE report:                ../simulations/data_D10T10L20I10T10//S/693_pruned.fasta.iqtree
  Maximum-likelihood tree:       ../simulations/data_D10T10L20I10T10//S/693_pruned.fasta.treefile
  Likelihood distances:          ../simulations/data_D10T10L20I10T10//S/693_pruned.fasta.mldist
  Screen log file:               ../simulations/data_D10T10L20I10T10//S/693_pruned.fasta.log

Date and Time: Mon Jun  4 00:33:29 2018
