IQ-TREE version 1.4.2 for Linux 64-bit built Apr 15 2016
Copyright (c) 2011-2015 Nguyen Lam Tung, Olga Chernomor, Arndt von Haeseler and Bui Quang Minh.

Host:    meduse (AVX2, FMA3, 7 GB RAM)
Command: iqtree -s ../simulations/data_D10T10L20I10T10//S/696_pruned.fasta -m GTR+G -alrt 1000 -redo
Seed:    402530 (Using SPRNG - Scalable Parallel Random Number Generator)
Time:    Mon Jun  4 01:18:41 2018
Kernel:  AVX

NOTE: Consider using the multicore version because your CPU has 4 cores!

Reading alignment file ../simulations/data_D10T10L20I10T10//S/696_pruned.fasta ... Fasta format detected
Alignment most likely contains DNA/RNA sequences
Alignment has 26 sequences with 300 columns and 300 patterns (292 informative sites)
          Gap/Ambiguity  Composition  p-value
   1  n299_300    0.00%    passed     51.94%
   2  n300_301    0.00%    passed     24.80%
   3  n290_291    0.00%    passed     92.71%
   4  n244_245    0.00%    passed     32.77%
   5  n255_256    0.00%    passed     21.92%
   6  n277_278    0.00%    passed     30.08%
   7  n200_201    0.00%    passed      5.92%
   8  n236_237    0.00%    passed     37.48%
   9  n274_275    0.00%    passed     85.68%
  10  n289_290    0.00%    passed     99.91%
  11  n296_297    0.00%    passed     86.49%
  12  n275_276    0.00%    passed     79.89%
  13  n292_293    0.00%    passed     51.81%
  14  n278_279    0.00%    passed     81.99%
  15  n298_299    0.00%    passed     33.45%
  16  n297_298    0.00%    passed     74.87%
  17  n286_287    0.00%    passed     64.13%
  18  n285_286    0.00%    passed     42.59%
  19  n287_288    0.00%    passed     98.69%
  20  n251_252    0.00%    passed     56.47%
  21  n294_295    0.00%    passed     72.97%
  22  n295_296    0.00%    passed     91.62%
  23  n266_267    0.00%    passed     75.92%
  24  n265_266    0.00%    passed     77.66%
  25  n280_281    0.00%    passed     42.51%
  26  n293_294    0.00%    passed     46.02%
****  TOTAL       0.00%  0 sequences failed composition chi2 test (p-value<5%; df=3)

Create initial parsimony tree by phylogenetic likelihood library (PLL)... 0.001 seconds

NOTE: 1 MB RAM is required!
Estimate model parameters (epsilon = 0.100)
1. Initial log-likelihood: -5207.896
2. Current log-likelihood: -5136.217
3. Current log-likelihood: -5123.642
4. Current log-likelihood: -5121.203
5. Current log-likelihood: -5120.763
Optimal log-likelihood: -5120.673
Rate parameters:  A-C: 1.114  A-G: 1.091  A-T: 0.918  C-G: 1.099  C-T: 1.422  G-T: 1.000
Base frequencies:   A: 0.240  C: 0.255  G: 0.274  T: 0.230
Gamma shape alpha: 3.898
Parameters optimization took 5 rounds (0.060 sec)
--------------------------------------------------------------------
|             INITIALIZING CANDIDATE TREE SET                      |
--------------------------------------------------------------------
Computing ML distances based on estimated model parameters... 0.004 sec
WARNING: Some pairwise ML distances are too long (saturated)
Computing BIONJ tree...
0.000 seconds
Log-likelihood of BIONJ tree: -5123.729
Generating 98 parsimony trees... 0.135 seconds 13 distinct starting trees
Computing log-likelihood of 13 initial trees ... 0.035 seconds
Optimizing top 13 initial trees with NNI...
Iteration 1 / LogL: -5119.480 / Time: 0h:0m:0s
Estimate model parameters (epsilon = 0.100)
BETTER TREE FOUND at iteration 1: -5119.349
Iteration 2 / LogL: -5119.784 / Time: 0h:0m:0s
Iteration 3 / LogL: -5119.784 / Time: 0h:0m:0s
Iteration 4 / LogL: -5119.784 / Time: 0h:0m:0s
Iteration 5 / LogL: -5119.817 / Time: 0h:0m:0s
Iteration 6 / LogL: -5119.818 / Time: 0h:0m:0s
Iteration 7 / LogL: -5119.879 / Time: 0h:0m:0s
Iteration 8 / LogL: -5119.879 / Time: 0h:0m:0s
Iteration 9 / LogL: -5119.879 / Time: 0h:0m:0s
Iteration 10 / LogL: -5119.818 / Time: 0h:0m:0s
Iteration 11 / LogL: -5119.818 / Time: 0h:0m:0s
Iteration 12 / LogL: -5119.818 / Time: 0h:0m:0s
Iteration 13 / LogL: -5119.415 / Time: 0h:0m:0s
Average CPU time for 1 NNI search: 0.014
Finish initializing candidate tree set. Number of distinct locally optimal trees: 3
Current best tree score: -5119.349 / CPU time: 0.356
--------------------------------------------------------------------
|               OPTIMIZING CANDIDATE TREE SET                      |
--------------------------------------------------------------------
Iteration 20 / LogL: -5125.559 / Time: 0h:0m:0s (0h:0m:2s left)
Iteration 30 / LogL: -5125.531 / Time: 0h:0m:1s (0h:0m:2s left)
Iteration 40 / LogL: -5125.503 / Time: 0h:0m:1s (0h:0m:2s left)
Iteration 50 / LogL: -5120.187 / Time: 0h:0m:1s (0h:0m:1s left)
Iteration 60 / LogL: -5128.771 / Time: 0h:0m:1s (0h:0m:1s left)
Iteration 70 / LogL: -5119.747 / Time: 0h:0m:2s (0h:0m:1s left)
Iteration 80 / LogL: -5119.946 / Time: 0h:0m:2s (0h:0m:0s left)
Iteration 90 / LogL: -5120.040 / Time: 0h:0m:2s (0h:0m:0s left)
Iteration 100 / LogL: -5119.473 / Time: 0h:0m:3s (0h:0m:0s left)
TREE SEARCH COMPLETED AFTER 101 ITERATIONS / Time: 0h:0m:3s

--------------------------------------------------------------------
|                    FINALIZING TREE SEARCH                        |
--------------------------------------------------------------------
Performs final model parameters optimization
Estimate model parameters (epsilon = 0.010)
1. Initial log-likelihood: -5119.349
Optimal log-likelihood: -5119.346
Rate parameters:  A-C: 1.095  A-G: 1.079  A-T: 0.919  C-G: 1.064  C-T: 1.400  G-T: 1.000
Base frequencies:   A: 0.240  C: 0.255  G: 0.274  T: 0.230
Gamma shape alpha: 4.007
Parameters optimization took 1 rounds (0.007 sec)
BEST SCORE FOUND : -5119.346

Testing tree branches by SH-like aLRT with 1000 replicates...
CPU Time used:  0.120 sec.
Total tree length: 7.974

Total number of iterations: 101
CPU time used for tree search: 3.236 sec (0h:0m:3s)
Wall-clock time used for tree search: 3.235 sec (0h:0m:3s)
Total CPU time used: 3.448 sec (0h:0m:3s)
Total wall-clock time used: 3.448 sec (0h:0m:3s)

Analysis results written to: 
  IQ-TREE report:                ../simulations/data_D10T10L20I10T10//S/696_pruned.fasta.iqtree
  Maximum-likelihood tree:       ../simulations/data_D10T10L20I10T10//S/696_pruned.fasta.treefile
  Likelihood distances:          ../simulations/data_D10T10L20I10T10//S/696_pruned.fasta.mldist
  Screen log file:               ../simulations/data_D10T10L20I10T10//S/696_pruned.fasta.log

Date and Time: Mon Jun  4 01:18:44 2018
