IQ-TREE version 1.4.2 for Linux 64-bit built Apr 15 2016
Copyright (c) 2011-2015 Nguyen Lam Tung, Olga Chernomor, Arndt von Haeseler and Bui Quang Minh.

Host:    meduse (AVX2, FMA3, 7 GB RAM)
Command: iqtree -s ../simulations/data_D10T10L20I10T10//S/69_pruned.fasta -m GTR+G -alrt 1000 -redo
Seed:    905814 (Using SPRNG - Scalable Parallel Random Number Generator)
Time:    Mon Jun  4 00:59:54 2018
Kernel:  AVX

NOTE: Consider using the multicore version because your CPU has 4 cores!

Reading alignment file ../simulations/data_D10T10L20I10T10//S/69_pruned.fasta ... Fasta format detected
Alignment most likely contains DNA/RNA sequences
Alignment has 26 sequences with 300 columns and 300 patterns (297 informative sites)
          Gap/Ambiguity  Composition  p-value
   1  n289_286    0.00%    passed     84.23%
   2  n290_287    0.00%    passed     97.92%
   3  n251_248    0.00%    passed     98.81%
   4  n236_233    0.00%    passed     19.19%
   5  n300_297    0.00%    passed     65.89%
   6  n295_292    0.00%    passed     73.63%
   7  n200_197    0.00%    passed     83.49%
   8  n278_275    0.00%    passed     36.43%
   9  n292_289    0.00%    passed     65.32%
  10  n298_295    0.00%    passed     66.31%
  11  n294_291    0.00%    passed     87.20%
  12  n280_277    0.00%    passed     65.32%
  13  n265_262    0.00%    passed     80.13%
  14  n296_293    0.00%    passed     84.00%
  15  n299_296    0.00%    passed     56.29%
  16  n275_272    0.00%    passed     77.62%
  17  n285_282    0.00%    passed     38.26%
  18  n274_271    0.00%    passed     94.58%
  19  n293_290    0.00%    passed     66.56%
  20  n286_283    0.00%    passed     63.17%
  21  n266_263    0.00%    passed     97.50%
  22  n297_294    0.00%    passed     60.49%
  23  n244_241    0.00%    passed      5.12%
  24  n277_274    0.00%    passed     30.30%
  25  n287_284    0.00%    passed     61.52%
  26  n255_252    0.00%    passed     81.74%
****  TOTAL       0.00%  0 sequences failed composition chi2 test (p-value<5%; df=3)

Create initial parsimony tree by phylogenetic likelihood library (PLL)... 0.002 seconds

NOTE: 1 MB RAM is required!
Estimate model parameters (epsilon = 0.100)
1. Initial log-likelihood: -5266.925
2. Current log-likelihood: -5164.346
3. Current log-likelihood: -5150.568
4. Current log-likelihood: -5148.192
5. Current log-likelihood: -5147.711
6. Current log-likelihood: -5147.605
Optimal log-likelihood: -5147.567
Rate parameters:  A-C: 0.925  A-G: 1.330  A-T: 0.929  C-G: 0.883  C-T: 1.215  G-T: 1.000
Base frequencies:   A: 0.208  C: 0.287  G: 0.254  T: 0.251
Gamma shape alpha: 4.572
Parameters optimization took 6 rounds (0.065 sec)
--------------------------------------------------------------------
|             INITIALIZING CANDIDATE TREE SET                      |
--------------------------------------------------------------------
Computing ML distances based on estimated model parameters... 0.004 sec
WARNING: Some pairwise ML distances are too long (saturated)
Computing BIONJ tree...
0.001 seconds
Log-likelihood of BIONJ tree: -5149.137
Generating 98 parsimony trees... 0.148 seconds 2 distinct starting trees
Computing log-likelihood of 2 initial trees ... 0.000 seconds
Optimizing top 2 initial trees with NNI...
Iteration 1 / LogL: -5147.321 / Time: 0h:0m:0s
Estimate model parameters (epsilon = 0.100)
BETTER TREE FOUND at iteration 1: -5147.261
Iteration 2 / LogL: -5147.326 / Time: 0h:0m:0s
Average CPU time for 1 NNI search: 0.016
Finish initializing candidate tree set. Number of distinct locally optimal trees: 2
Current best tree score: -5147.261 / CPU time: 0.180
--------------------------------------------------------------------
|               OPTIMIZING CANDIDATE TREE SET                      |
--------------------------------------------------------------------
Iteration 10 / LogL: -5152.875 / Time: 0h:0m:0s
Estimate model parameters (epsilon = 0.010)
BETTER TREE FOUND at iteration 13: -5144.108
Iteration 20 / LogL: -5146.637 / Time: 0h:0m:0s (0h:0m:4s left)
Iteration 30 / LogL: -5185.808 / Time: 0h:0m:1s (0h:0m:3s left)
Iteration 40 / LogL: -5145.820 / Time: 0h:0m:1s (0h:0m:3s left)
Iteration 50 / LogL: -5147.596 / Time: 0h:0m:2s (0h:0m:2s left)
Iteration 60 / LogL: -5152.777 / Time: 0h:0m:2s (0h:0m:2s left)
Iteration 70 / LogL: -5145.662 / Time: 0h:0m:2s (0h:0m:1s left)
Iteration 80 / LogL: -5145.892 / Time: 0h:0m:3s (0h:0m:1s left)
Estimate model parameters (epsilon = 0.010)
UPDATE BEST LOG-LIKELIHOOD: -5144.048
Iteration 90 / LogL: -5151.792 / Time: 0h:0m:3s (0h:0m:0s left)
Iteration 100 / LogL: -5161.201 / Time: 0h:0m:3s (0h:0m:0s left)
Iteration 110 / LogL: -5144.251 / Time: 0h:0m:4s (0h:0m:0s left)
TREE SEARCH COMPLETED AFTER 113 ITERATIONS / Time: 0h:0m:4s

--------------------------------------------------------------------
|                    FINALIZING TREE SEARCH                        |
--------------------------------------------------------------------
Performs final model parameters optimization
Estimate model parameters (epsilon = 0.010)
1. Initial log-likelihood: -5144.048
Optimal log-likelihood: -5144.045
Rate parameters:  A-C: 0.886  A-G: 1.356  A-T: 0.916  C-G: 0.849  C-T: 1.168  G-T: 1.000
Base frequencies:   A: 0.208  C: 0.287  G: 0.254  T: 0.251
Gamma shape alpha: 4.498
Parameters optimization took 1 rounds (0.007 sec)
BEST SCORE FOUND : -5144.045

Testing tree branches by SH-like aLRT with 1000 replicates...
CPU Time used:  0.120 sec.
Total tree length: 9.565

Total number of iterations: 113
CPU time used for tree search: 4.048 sec (0h:0m:4s)
Wall-clock time used for tree search: 4.049 sec (0h:0m:4s)
Total CPU time used: 4.280 sec (0h:0m:4s)
Total wall-clock time used: 4.282 sec (0h:0m:4s)

Analysis results written to: 
  IQ-TREE report:                ../simulations/data_D10T10L20I10T10//S/69_pruned.fasta.iqtree
  Maximum-likelihood tree:       ../simulations/data_D10T10L20I10T10//S/69_pruned.fasta.treefile
  Likelihood distances:          ../simulations/data_D10T10L20I10T10//S/69_pruned.fasta.mldist
  Screen log file:               ../simulations/data_D10T10L20I10T10//S/69_pruned.fasta.log

Date and Time: Mon Jun  4 00:59:59 2018
