IQ-TREE version 1.4.2 for Linux 64-bit built Apr 15 2016
Copyright (c) 2011-2015 Nguyen Lam Tung, Olga Chernomor, Arndt von Haeseler and Bui Quang Minh.

Host:    meduse (AVX2, FMA3, 7 GB RAM)
Command: iqtree -s ../simulations/data_D10T10L20I10T10//S/700_pruned.fasta -m GTR+G -alrt 1000 -redo
Seed:    149852 (Using SPRNG - Scalable Parallel Random Number Generator)
Time:    Fri Jun  1 10:49:52 2018
Kernel:  AVX

NOTE: Consider using the multicore version because your CPU has 4 cores!

Reading alignment file ../simulations/data_D10T10L20I10T10//S/700_pruned.fasta ... Fasta format detected
Alignment most likely contains DNA/RNA sequences
Alignment has 26 sequences with 300 columns and 178 patterns (144 informative sites)
          Gap/Ambiguity  Composition  p-value
   1  n300_303    0.00%    passed     99.96%
   2  n296_299    0.00%    passed     72.34%
   3  n255_258    0.00%    passed     38.48%
   4  n292_295    0.00%    passed     99.96%
   5  n298_301    0.00%    passed     97.46%
   6  n297_300    0.00%    passed     96.36%
   7  n236_239    0.00%    passed     78.82%
   8  n278_281    0.00%    passed     83.40%
   9  n287_290    0.00%    passed     81.33%
  10  n280_283    0.00%    passed     99.98%
  11  n285_288    0.00%    passed     79.37%
  12  n266_269    0.00%    passed     74.67%
  13  n290_293    0.00%    passed     74.54%
  14  n265_268    0.00%    passed     58.62%
  15  n275_278    0.00%    passed     93.87%
  16  n299_302    0.00%    passed     99.66%
  17  n200_203    0.00%    passed     86.20%
  18  n286_289    0.00%    passed     75.56%
  19  n251_254    0.00%    passed     53.02%
  20  n293_296    0.00%    passed     91.07%
  21  n244_247    0.00%    passed     66.24%
  22  n274_277    0.00%    passed     99.77%
  23  n295_298    0.00%    passed     81.92%
  24  n277_280    0.00%    passed     95.33%
  25  n294_297    0.00%    passed     96.89%
  26  n289_292    0.00%    passed     85.46%
****  TOTAL       0.00%  0 sequences failed composition chi2 test (p-value<5%; df=3)
NOTE: 1 identical sequences (see below) will be ignored for subsequent analysis
NOTE: n292_295 (identical to n300_303) is ignored but added at the end

Create initial parsimony tree by phylogenetic likelihood library (PLL)... 0.001 seconds

NOTE: 0 MB RAM is required!
Estimate model parameters (epsilon = 0.100)
1. Initial log-likelihood: -2029.316
2. Current log-likelihood: -1971.004
3. Current log-likelihood: -1970.686
Optimal log-likelihood: -1970.683
Rate parameters:  A-C: 1.448  A-G: 1.135  A-T: 1.309  C-G: 1.156  C-T: 1.703  G-T: 1.000
Base frequencies:   A: 0.215  C: 0.261  G: 0.278  T: 0.246
Gamma shape alpha: 998.371
Parameters optimization took 3 rounds (0.023 sec)
--------------------------------------------------------------------
|             INITIALIZING CANDIDATE TREE SET                      |
--------------------------------------------------------------------
Computing ML distances based on estimated model parameters... 0.004 sec
Computing BIONJ tree...
0.000 seconds
Log-likelihood of BIONJ tree: -1970.682
Generating 98 parsimony trees... 0.091 seconds 63 distinct starting trees
Computing log-likelihood of 63 initial trees ... 0.124 seconds
Optimizing top 20 initial trees with NNI...
Iteration 1 / LogL: -1970.683 / Time: 0h:0m:0s
Estimate model parameters (epsilon = 0.100)
BETTER SCORE FOUND at iteration 1: -1970.680
Iteration 2 / LogL: -1970.682 / Time: 0h:0m:0s
Iteration 3 / LogL: -1970.682 / Time: 0h:0m:0s
Iteration 4 / LogL: -1970.682 / Time: 0h:0m:0s
Iteration 5 / LogL: -1970.682 / Time: 0h:0m:0s
Iteration 6 / LogL: -1970.682 / Time: 0h:0m:0s
Iteration 7 / LogL: -1970.682 / Time: 0h:0m:0s
Iteration 8 / LogL: -1970.682 / Time: 0h:0m:0s
Iteration 9 / LogL: -1970.682 / Time: 0h:0m:0s
Iteration 10 / LogL: -1970.682 / Time: 0h:0m:0s
Iteration 11 / LogL: -1970.682 / Time: 0h:0m:0s
Iteration 12 / LogL: -1970.682 / Time: 0h:0m:0s
Iteration 13 / LogL: -1970.682 / Time: 0h:0m:0s
Iteration 14 / LogL: -1970.682 / Time: 0h:0m:0s
Iteration 15 / LogL: -1970.682 / Time: 0h:0m:0s
Iteration 16 / LogL: -1970.682 / Time: 0h:0m:0s
Iteration 17 / LogL: -1970.682 / Time: 0h:0m:0s
Iteration 18 / LogL: -1970.682 / Time: 0h:0m:0s
Iteration 19 / LogL: -1970.682 / Time: 0h:0m:0s
Iteration 20 / LogL: -1970.682 / Time: 0h:0m:0s
Average CPU time for 1 NNI search: 0.005
Finish initializing candidate tree set. Number of distinct locally optimal trees: 20
Current best tree score: -1970.680 / CPU time: 0.308
--------------------------------------------------------------------
|               OPTIMIZING CANDIDATE TREE SET                      |
--------------------------------------------------------------------
Iteration 30 / LogL: -1970.817 / Time: 0h:0m:0s (0h:0m:1s left)
Iteration 40 / LogL: -1970.818 / Time: 0h:0m:0s (0h:0m:1s left)
Iteration 50 / LogL: -1970.771 / Time: 0h:0m:0s (0h:0m:0s left)
Iteration 60 / LogL: -1970.784 / Time: 0h:0m:0s (0h:0m:0s left)
Iteration 70 / LogL: -1970.683 / Time: 0h:0m:1s (0h:0m:0s left)
Iteration 80 / LogL: -1970.705 / Time: 0h:0m:1s (0h:0m:0s left)
Iteration 90 / LogL: -1970.709 / Time: 0h:0m:1s (0h:0m:0s left)
Iteration 100 / LogL: -1970.746 / Time: 0h:0m:1s (0h:0m:0s left)
TREE SEARCH COMPLETED AFTER 101 ITERATIONS / Time: 0h:0m:1s

--------------------------------------------------------------------
|                    FINALIZING TREE SEARCH                        |
--------------------------------------------------------------------
Performs final model parameters optimization
Estimate model parameters (epsilon = 0.010)
1. Initial log-likelihood: -1970.680
Optimal log-likelihood: -1970.679
Rate parameters:  A-C: 1.439  A-G: 1.131  A-T: 1.302  C-G: 1.150  C-T: 1.694  G-T: 1.000
Base frequencies:   A: 0.215  C: 0.261  G: 0.278  T: 0.246
Gamma shape alpha: 998.371
Parameters optimization took 1 rounds (0.005 sec)
BEST SCORE FOUND : -1970.679

Testing tree branches by SH-like aLRT with 1000 replicates...
CPU Time used:  0.116 sec.
Total tree length: 1.112

Total number of iterations: 101
CPU time used for tree search: 1.496 sec (0h:0m:1s)
Wall-clock time used for tree search: 1.495 sec (0h:0m:1s)
Total CPU time used: 1.652 sec (0h:0m:1s)
Total wall-clock time used: 1.652 sec (0h:0m:1s)

Analysis results written to: 
  IQ-TREE report:                ../simulations/data_D10T10L20I10T10//S/700_pruned.fasta.iqtree
  Maximum-likelihood tree:       ../simulations/data_D10T10L20I10T10//S/700_pruned.fasta.treefile
  Likelihood distances:          ../simulations/data_D10T10L20I10T10//S/700_pruned.fasta.mldist
  Screen log file:               ../simulations/data_D10T10L20I10T10//S/700_pruned.fasta.log

Date and Time: Fri Jun  1 10:49:53 2018
