IQ-TREE version 1.4.2 for Linux 64-bit built Apr 15 2016
Copyright (c) 2011-2015 Nguyen Lam Tung, Olga Chernomor, Arndt von Haeseler and Bui Quang Minh.

Host:    meduse (AVX2, FMA3, 7 GB RAM)
Command: iqtree -s ../simulations/data_D8T8L15I8T8//S/701_pruned.fasta -m GTR+G -alrt 1000 -redo
Seed:    487498 (Using SPRNG - Scalable Parallel Random Number Generator)
Time:    Fri May 25 22:35:28 2018
Kernel:  AVX

NOTE: Consider using the multicore version because your CPU has 4 cores!

Reading alignment file ../simulations/data_D8T8L15I8T8//S/701_pruned.fasta ... Fasta format detected
Alignment most likely contains DNA/RNA sequences
Alignment has 26 sequences with 300 columns and 168 patterns (141 informative sites)
          Gap/Ambiguity  Composition  p-value
   1  n287_288    0.00%    passed     95.10%
   2  n290_291    0.00%    passed     91.30%
   3  n236_237    0.00%    passed     93.64%
   4  n278_279    0.00%    passed     93.91%
   5  n285_286    0.00%    passed     97.27%
   6  n265_266    0.00%    passed     87.04%
   7  n280_281    0.00%    passed     97.19%
   8  n299_300    0.00%    passed     95.53%
   9  n293_294    0.00%    passed     98.67%
  10  n274_275    0.00%    passed     91.02%
  11  n292_293    0.00%    passed     95.53%
  12  n296_297    0.00%    passed     94.68%
  13  n294_295    0.00%    passed     98.67%
  14  n275_276    0.00%    passed     97.15%
  15  n297_298    0.00%    passed     94.68%
  16  n289_290    0.00%    passed     95.10%
  17  n286_287    0.00%    passed     95.60%
  18  n255_256    0.00%    passed     96.07%
  19  n295_296    0.00%    passed     85.33%
  20  n266_267    0.00%    passed     97.22%
  21  n244_245    0.00%    passed     70.36%
  22  n298_299    0.00%    passed     97.28%
  23  n300_301    0.00%    passed     95.53%
  24  n200_201    0.00%    passed     93.66%
  25  n277_278    0.00%    passed     86.60%
  26  n251_252    0.00%    passed     94.48%
****  TOTAL       0.00%  0 sequences failed composition chi2 test (p-value<5%; df=3)
NOTE: 4 identical sequences (see below) will be ignored for subsequent analysis
NOTE: n289_290 (identical to n287_288) is ignored but added at the end
NOTE: n292_293 (identical to n299_300) is ignored but added at the end
NOTE: n300_301 (identical to n299_300) is ignored but added at the end
NOTE: n294_295 (identical to n293_294) is ignored but added at the end

Create initial parsimony tree by phylogenetic likelihood library (PLL)... 0.001 seconds

NOTE: 0 MB RAM is required!
Estimate model parameters (epsilon = 0.100)
1. Initial log-likelihood: -1952.459
2. Current log-likelihood: -1911.830
3. Current log-likelihood: -1911.596
Optimal log-likelihood: -1911.595
Rate parameters:  A-C: 1.257  A-G: 1.399  A-T: 1.360  C-G: 1.100  C-T: 1.317  G-T: 1.000
Base frequencies:   A: 0.249  C: 0.275  G: 0.238  T: 0.238
Gamma shape alpha: 7.576
Parameters optimization took 3 rounds (0.020 sec)
--------------------------------------------------------------------
|             INITIALIZING CANDIDATE TREE SET                      |
--------------------------------------------------------------------
Computing ML distances based on estimated model parameters... 0.000 sec
Computing BIONJ tree...
0.001 seconds
Log-likelihood of BIONJ tree: -1909.337
Generating 98 parsimony trees... 0.117 seconds 17 distinct starting trees
Computing log-likelihood of 17 initial trees ... 0.036 seconds
Optimizing top 17 initial trees with NNI...
Iteration 1 / LogL: -1909.337 / Time: 0h:0m:0s
Estimate model parameters (epsilon = 0.100)
BETTER SCORE FOUND at iteration 1: -1909.303
Iteration 2 / LogL: -1909.305 / Time: 0h:0m:0s
Iteration 3 / LogL: -1909.305 / Time: 0h:0m:0s
Iteration 4 / LogL: -1909.305 / Time: 0h:0m:0s
Iteration 5 / LogL: -1909.305 / Time: 0h:0m:0s
Iteration 6 / LogL: -1909.305 / Time: 0h:0m:0s
Iteration 7 / LogL: -1909.305 / Time: 0h:0m:0s
Iteration 8 / LogL: -1909.305 / Time: 0h:0m:0s
Iteration 9 / LogL: -1909.305 / Time: 0h:0m:0s
Iteration 10 / LogL: -1909.304 / Time: 0h:0m:0s
Iteration 11 / LogL: -1909.304 / Time: 0h:0m:0s
Iteration 12 / LogL: -1909.304 / Time: 0h:0m:0s
Iteration 13 / LogL: -1909.304 / Time: 0h:0m:0s
Iteration 14 / LogL: -1909.304 / Time: 0h:0m:0s
Iteration 15 / LogL: -1909.304 / Time: 0h:0m:0s
Iteration 16 / LogL: -1909.304 / Time: 0h:0m:0s
Iteration 17 / LogL: -1909.304 / Time: 0h:0m:0s
Average CPU time for 1 NNI search: 0.008
Finish initializing candidate tree set. Number of distinct locally optimal trees: 9
Current best tree score: -1909.303 / CPU time: 0.288
--------------------------------------------------------------------
|               OPTIMIZING CANDIDATE TREE SET                      |
--------------------------------------------------------------------
Iteration 20 / LogL: -1909.306 / Time: 0h:0m:0s (0h:0m:1s left)
Iteration 30 / LogL: -1909.306 / Time: 0h:0m:0s (0h:0m:1s left)
Iteration 40 / LogL: -1909.315 / Time: 0h:0m:0s (0h:0m:1s left)
Iteration 50 / LogL: -1921.709 / Time: 0h:0m:0s (0h:0m:0s left)
Iteration 60 / LogL: -1909.303 / Time: 0h:0m:1s (0h:0m:0s left)
Iteration 70 / LogL: -1950.835 / Time: 0h:0m:1s (0h:0m:0s left)
Iteration 80 / LogL: -1909.303 / Time: 0h:0m:1s (0h:0m:0s left)
Iteration 90 / LogL: -1909.303 / Time: 0h:0m:1s (0h:0m:0s left)
Iteration 100 / LogL: -2151.204 / Time: 0h:0m:1s (0h:0m:0s left)
TREE SEARCH COMPLETED AFTER 101 ITERATIONS / Time: 0h:0m:1s

--------------------------------------------------------------------
|                    FINALIZING TREE SEARCH                        |
--------------------------------------------------------------------
Performs final model parameters optimization
Estimate model parameters (epsilon = 0.010)
1. Initial log-likelihood: -1909.303
Optimal log-likelihood: -1909.302
Rate parameters:  A-C: 1.226  A-G: 1.419  A-T: 1.360  C-G: 1.075  C-T: 1.336  G-T: 1.000
Base frequencies:   A: 0.249  C: 0.275  G: 0.238  T: 0.238
Gamma shape alpha: 7.936
Parameters optimization took 1 rounds (0.005 sec)
BEST SCORE FOUND : -1909.302

Testing tree branches by SH-like aLRT with 1000 replicates...
CPU Time used:  0.120 sec.
Total tree length: 1.066

Total number of iterations: 101
CPU time used for tree search: 1.568 sec (0h:0m:1s)
Wall-clock time used for tree search: 1.572 sec (0h:0m:1s)
Total CPU time used: 1.740 sec (0h:0m:1s)
Total wall-clock time used: 1.748 sec (0h:0m:1s)

Analysis results written to: 
  IQ-TREE report:                ../simulations/data_D8T8L15I8T8//S/701_pruned.fasta.iqtree
  Maximum-likelihood tree:       ../simulations/data_D8T8L15I8T8//S/701_pruned.fasta.treefile
  Likelihood distances:          ../simulations/data_D8T8L15I8T8//S/701_pruned.fasta.mldist
  Screen log file:               ../simulations/data_D8T8L15I8T8//S/701_pruned.fasta.log

Date and Time: Fri May 25 22:35:30 2018
