IQ-TREE version 1.4.2 for Linux 64-bit built Apr 15 2016
Copyright (c) 2011-2015 Nguyen Lam Tung, Olga Chernomor, Arndt von Haeseler and Bui Quang Minh.

Host:    meduse (AVX2, FMA3, 7 GB RAM)
Command: iqtree -s ../simulations/data_D10T10L20I10T10//S/702_pruned.fasta -m GTR+G -alrt 1000 -redo
Seed:    607305 (Using SPRNG - Scalable Parallel Random Number Generator)
Time:    Mon Jun  4 00:57:00 2018
Kernel:  AVX

NOTE: Consider using the multicore version because your CPU has 4 cores!

Reading alignment file ../simulations/data_D10T10L20I10T10//S/702_pruned.fasta ... Fasta format detected
Alignment most likely contains DNA/RNA sequences
Alignment has 26 sequences with 300 columns and 299 patterns (296 informative sites)
          Gap/Ambiguity  Composition  p-value
   1  n299_300    0.00%    passed     30.47%
   2  n300_301    0.00%    passed     29.33%
   3  n290_291    0.00%    passed     50.40%
   4  n244_245    0.00%    passed     98.94%
   5  n255_256    0.00%    passed     76.36%
   6  n277_278    0.00%    passed     20.33%
   7  n200_201    0.00%    passed     13.04%
   8  n236_237    0.00%    passed     64.38%
   9  n274_275    0.00%    passed     66.55%
  10  n289_290    0.00%    passed     48.66%
  11  n296_297    0.00%    passed     35.34%
  12  n275_276    0.00%    passed     48.13%
  13  n292_293    0.00%    passed     34.77%
  14  n278_279    0.00%    passed     29.53%
  15  n298_299    0.00%    passed     80.65%
  16  n297_298    0.00%    passed     61.32%
  17  n286_287    0.00%    passed     54.00%
  18  n285_286    0.00%    passed     18.87%
  19  n287_288    0.00%    passed     74.38%
  20  n251_252    0.00%    passed     82.47%
  21  n294_295    0.00%    passed     27.34%
  22  n295_296    0.00%    passed     55.31%
  23  n266_267    0.00%    passed     54.57%
  24  n265_266    0.00%    passed     47.24%
  25  n280_281    0.00%    passed     86.81%
  26  n293_294    0.00%    passed     64.43%
****  TOTAL       0.00%  0 sequences failed composition chi2 test (p-value<5%; df=3)

Create initial parsimony tree by phylogenetic likelihood library (PLL)... 0.002 seconds

NOTE: 1 MB RAM is required!
Estimate model parameters (epsilon = 0.100)
1. Initial log-likelihood: -5269.367
2. Current log-likelihood: -5174.129
3. Current log-likelihood: -5162.641
4. Current log-likelihood: -5160.185
5. Current log-likelihood: -5159.601
6. Current log-likelihood: -5159.448
Optimal log-likelihood: -5159.335
Rate parameters:  A-C: 0.839  A-G: 0.984  A-T: 0.890  C-G: 0.779  C-T: 1.291  G-T: 1.000
Base frequencies:   A: 0.226  C: 0.299  G: 0.249  T: 0.226
Gamma shape alpha: 3.482
Parameters optimization took 6 rounds (0.079 sec)
--------------------------------------------------------------------
|             INITIALIZING CANDIDATE TREE SET                      |
--------------------------------------------------------------------
Computing ML distances based on estimated model parameters... 0.004 sec
WARNING: Some pairwise ML distances are too long (saturated)
Computing BIONJ tree...
0.000 seconds
Log-likelihood of BIONJ tree: -5179.236
Generating 98 parsimony trees... 0.150 seconds 4 distinct starting trees
Computing log-likelihood of 4 initial trees ... 0.006 seconds
Optimizing top 4 initial trees with NNI...
Iteration 1 / LogL: -5157.986 / Time: 0h:0m:0s
Estimate model parameters (epsilon = 0.100)
BETTER TREE FOUND at iteration 1: -5157.904
Iteration 2 / LogL: -5158.352 / Time: 0h:0m:0s
Iteration 3 / LogL: -5158.352 / Time: 0h:0m:0s
Iteration 4 / LogL: -5158.423 / Time: 0h:0m:0s
Average CPU time for 1 NNI search: 0.023
Finish initializing candidate tree set. Number of distinct locally optimal trees: 4
Current best tree score: -5157.904 / CPU time: 0.244
--------------------------------------------------------------------
|               OPTIMIZING CANDIDATE TREE SET                      |
--------------------------------------------------------------------
Iteration 10 / LogL: -5159.867 / Time: 0h:0m:0s
Estimate model parameters (epsilon = 0.010)
UPDATE BEST LOG-LIKELIHOOD: -5157.789
Iteration 20 / LogL: -5159.162 / Time: 0h:0m:0s (0h:0m:4s left)
Iteration 30 / LogL: -5162.236 / Time: 0h:0m:1s (0h:0m:3s left)
Iteration 40 / LogL: -5159.967 / Time: 0h:0m:1s (0h:0m:2s left)
Iteration 50 / LogL: -5178.816 / Time: 0h:0m:2s (0h:0m:2s left)
Iteration 60 / LogL: -5158.082 / Time: 0h:0m:2s (0h:0m:1s left)
Iteration 70 / LogL: -5157.844 / Time: 0h:0m:2s (0h:0m:1s left)
Iteration 80 / LogL: -5157.860 / Time: 0h:0m:3s (0h:0m:0s left)
Iteration 90 / LogL: -5159.108 / Time: 0h:0m:3s (0h:0m:0s left)
Iteration 100 / LogL: -5157.940 / Time: 0h:0m:3s (0h:0m:0s left)
TREE SEARCH COMPLETED AFTER 101 ITERATIONS / Time: 0h:0m:3s

--------------------------------------------------------------------
|                    FINALIZING TREE SEARCH                        |
--------------------------------------------------------------------
Performs final model parameters optimization
Estimate model parameters (epsilon = 0.010)
1. Initial log-likelihood: -5157.782
Optimal log-likelihood: -5157.777
Rate parameters:  A-C: 0.865  A-G: 1.012  A-T: 0.929  C-G: 0.791  C-T: 1.343  G-T: 1.000
Base frequencies:   A: 0.226  C: 0.299  G: 0.249  T: 0.226
Gamma shape alpha: 3.576
Parameters optimization took 1 rounds (0.007 sec)
BEST SCORE FOUND : -5157.777

Testing tree branches by SH-like aLRT with 1000 replicates...
CPU Time used:  0.120 sec.
Total tree length: 9.507

Total number of iterations: 101
CPU time used for tree search: 3.756 sec (0h:0m:3s)
Wall-clock time used for tree search: 3.762 sec (0h:0m:3s)
Total CPU time used: 4.012 sec (0h:0m:4s)
Total wall-clock time used: 4.016 sec (0h:0m:4s)

Analysis results written to: 
  IQ-TREE report:                ../simulations/data_D10T10L20I10T10//S/702_pruned.fasta.iqtree
  Maximum-likelihood tree:       ../simulations/data_D10T10L20I10T10//S/702_pruned.fasta.treefile
  Likelihood distances:          ../simulations/data_D10T10L20I10T10//S/702_pruned.fasta.mldist
  Screen log file:               ../simulations/data_D10T10L20I10T10//S/702_pruned.fasta.log

Date and Time: Mon Jun  4 00:57:04 2018
