IQ-TREE version 1.4.2 for Linux 64-bit built Apr 15 2016
Copyright (c) 2011-2015 Nguyen Lam Tung, Olga Chernomor, Arndt von Haeseler and Bui Quang Minh.

Host:    meduse (AVX2, FMA3, 7 GB RAM)
Command: iqtree -s ../simulations/data_D10T10L20I10T10//S/704_pruned.fasta -m GTR+G -alrt 1000 -redo
Seed:    299935 (Using SPRNG - Scalable Parallel Random Number Generator)
Time:    Mon Jun  4 00:23:43 2018
Kernel:  AVX

NOTE: Consider using the multicore version because your CPU has 4 cores!

Reading alignment file ../simulations/data_D10T10L20I10T10//S/704_pruned.fasta ... Fasta format detected
Alignment most likely contains DNA/RNA sequences
Alignment has 26 sequences with 300 columns and 300 patterns (296 informative sites)
          Gap/Ambiguity  Composition  p-value
   1  n299_300    0.00%    passed     41.24%
   2  n300_301    0.00%    passed     37.72%
   3  n290_291    0.00%    passed     88.82%
   4  n244_245    0.00%    passed     60.52%
   5  n255_256    0.00%    passed     16.72%
   6  n277_278    0.00%    passed     17.67%
   7  n200_201    0.00%    passed     26.81%
   8  n236_237    0.00%    passed     30.66%
   9  n274_275    0.00%    passed     13.70%
  10  n289_290    0.00%    passed     71.27%
  11  n296_297    0.00%    passed     86.43%
  12  n275_276    0.00%    passed     45.34%
  13  n292_293    0.00%    passed     59.48%
  14  n278_279    0.00%    passed     23.73%
  15  n298_299    0.00%    passed     83.95%
  16  n297_298    0.00%    passed     85.77%
  17  n286_287    0.00%    passed     91.67%
  18  n285_286    0.00%    passed     98.10%
  19  n287_288    0.00%    passed     51.32%
  20  n251_252    0.00%    passed     53.80%
  21  n294_295    0.00%    passed     63.39%
  22  n295_296    0.00%    passed     90.70%
  23  n266_267    0.00%    passed     51.70%
  24  n265_266    0.00%    passed     35.81%
  25  n280_281    0.00%    passed     30.66%
  26  n293_294    0.00%    passed     63.39%
****  TOTAL       0.00%  0 sequences failed composition chi2 test (p-value<5%; df=3)

Create initial parsimony tree by phylogenetic likelihood library (PLL)... 0.001 seconds

NOTE: 1 MB RAM is required!
Estimate model parameters (epsilon = 0.100)
1. Initial log-likelihood: -5329.359
2. Current log-likelihood: -5238.848
3. Current log-likelihood: -5227.933
4. Current log-likelihood: -5226.047
5. Current log-likelihood: -5225.627
Optimal log-likelihood: -5225.492
Rate parameters:  A-C: 1.135  A-G: 1.354  A-T: 1.135  C-G: 1.232  C-T: 1.268  G-T: 1.000
Base frequencies:   A: 0.234  C: 0.303  G: 0.218  T: 0.245
Gamma shape alpha: 3.179
Parameters optimization took 5 rounds (0.060 sec)
--------------------------------------------------------------------
|             INITIALIZING CANDIDATE TREE SET                      |
--------------------------------------------------------------------
Computing ML distances based on estimated model parameters... 0.004 sec
WARNING: Some pairwise ML distances are too long (saturated)
Computing BIONJ tree...
0.000 seconds
Log-likelihood of BIONJ tree: -5225.703
Generating 98 parsimony trees... 0.153 seconds 4 distinct starting trees
Computing log-likelihood of 4 initial trees ... 0.006 seconds
Optimizing top 4 initial trees with NNI...
Iteration 1 / LogL: -5225.107 / Time: 0h:0m:0s
Estimate model parameters (epsilon = 0.100)
BETTER TREE FOUND at iteration 1: -5224.877
Iteration 2 / LogL: -5225.561 / Time: 0h:0m:0s
Iteration 3 / LogL: -5225.243 / Time: 0h:0m:0s
Iteration 4 / LogL: -5225.243 / Time: 0h:0m:0s
Average CPU time for 1 NNI search: 0.016
Finish initializing candidate tree set. Number of distinct locally optimal trees: 4
Current best tree score: -5224.877 / CPU time: 0.224
--------------------------------------------------------------------
|               OPTIMIZING CANDIDATE TREE SET                      |
--------------------------------------------------------------------
Iteration 10 / LogL: -5225.570 / Time: 0h:0m:0s
Iteration 20 / LogL: -5227.218 / Time: 0h:0m:0s (0h:0m:3s left)
Iteration 30 / LogL: -5225.025 / Time: 0h:0m:1s (0h:0m:3s left)
Iteration 40 / LogL: -5225.094 / Time: 0h:0m:1s (0h:0m:2s left)
Iteration 50 / LogL: -5225.403 / Time: 0h:0m:1s (0h:0m:2s left)
Iteration 60 / LogL: -5226.461 / Time: 0h:0m:2s (0h:0m:1s left)
Iteration 70 / LogL: -5241.173 / Time: 0h:0m:2s (0h:0m:1s left)
Iteration 80 / LogL: -5225.219 / Time: 0h:0m:3s (0h:0m:0s left)
Iteration 90 / LogL: -5225.172 / Time: 0h:0m:3s (0h:0m:0s left)
Iteration 100 / LogL: -5225.316 / Time: 0h:0m:3s (0h:0m:0s left)
TREE SEARCH COMPLETED AFTER 101 ITERATIONS / Time: 0h:0m:3s

--------------------------------------------------------------------
|                    FINALIZING TREE SEARCH                        |
--------------------------------------------------------------------
Performs final model parameters optimization
Estimate model parameters (epsilon = 0.010)
1. Initial log-likelihood: -5224.877
2. Current log-likelihood: -5224.863
Optimal log-likelihood: -5224.850
Rate parameters:  A-C: 1.112  A-G: 1.332  A-T: 1.120  C-G: 1.207  C-T: 1.250  G-T: 1.000
Base frequencies:   A: 0.234  C: 0.303  G: 0.218  T: 0.245
Gamma shape alpha: 3.301
Parameters optimization took 2 rounds (0.016 sec)
BEST SCORE FOUND : -5224.850

Testing tree branches by SH-like aLRT with 1000 replicates...
CPU Time used:  0.128 sec.
Total tree length: 10.089

Total number of iterations: 101
CPU time used for tree search: 3.668 sec (0h:0m:3s)
Wall-clock time used for tree search: 3.666 sec (0h:0m:3s)
Total CPU time used: 3.940 sec (0h:0m:3s)
Total wall-clock time used: 3.939 sec (0h:0m:3s)

Analysis results written to: 
  IQ-TREE report:                ../simulations/data_D10T10L20I10T10//S/704_pruned.fasta.iqtree
  Maximum-likelihood tree:       ../simulations/data_D10T10L20I10T10//S/704_pruned.fasta.treefile
  Likelihood distances:          ../simulations/data_D10T10L20I10T10//S/704_pruned.fasta.mldist
  Screen log file:               ../simulations/data_D10T10L20I10T10//S/704_pruned.fasta.log

Date and Time: Mon Jun  4 00:23:47 2018
