IQ-TREE version 1.4.2 for Linux 64-bit built Apr 15 2016
Copyright (c) 2011-2015 Nguyen Lam Tung, Olga Chernomor, Arndt von Haeseler and Bui Quang Minh.

Host:    meduse (AVX2, FMA3, 7 GB RAM)
Command: iqtree -s ../simulations/data_D10T10L20I10T10//S/707_pruned.fasta -m GTR+G -alrt 1000 -redo
Seed:    440649 (Using SPRNG - Scalable Parallel Random Number Generator)
Time:    Mon Jun  4 00:49:22 2018
Kernel:  AVX

NOTE: Consider using the multicore version because your CPU has 4 cores!

Reading alignment file ../simulations/data_D10T10L20I10T10//S/707_pruned.fasta ... Fasta format detected
Alignment most likely contains DNA/RNA sequences
Alignment has 26 sequences with 300 columns and 299 patterns (294 informative sites)
          Gap/Ambiguity  Composition  p-value
   1  n299_300    0.00%    passed     88.94%
   2  n300_301    0.00%    passed     89.62%
   3  n290_291    0.00%    passed     58.86%
   4  n244_245    0.00%    passed     83.11%
   5  n255_256    0.00%    passed     31.91%
   6  n277_278    0.00%    passed     72.57%
   7  n200_201    0.00%    passed     97.81%
   8  n236_237    0.00%    passed     46.74%
   9  n274_275    0.00%    passed     54.50%
  10  n289_290    0.00%    passed     47.82%
  11  n296_297    0.00%    passed     97.44%
  12  n275_276    0.00%    passed     82.37%
  13  n292_293    0.00%    passed     90.73%
  14  n278_279    0.00%    passed     44.06%
  15  n298_299    0.00%    passed     91.41%
  16  n297_298    0.00%    passed     88.78%
  17  n286_287    0.00%    passed     21.00%
  18  n285_286    0.00%    passed     13.51%
  19  n287_288    0.00%    passed     82.26%
  20  n251_252    0.00%    passed     94.88%
  21  n294_295    0.00%    passed     89.24%
  22  n295_296    0.00%    passed     77.47%
  23  n266_267    0.00%    passed      5.51%
  24  n265_266    0.00%    passed     17.83%
  25  n280_281    0.00%    passed     83.92%
  26  n293_294    0.00%    passed     75.55%
****  TOTAL       0.00%  0 sequences failed composition chi2 test (p-value<5%; df=3)

Create initial parsimony tree by phylogenetic likelihood library (PLL)... 0.002 seconds

NOTE: 1 MB RAM is required!
Estimate model parameters (epsilon = 0.100)
1. Initial log-likelihood: -5259.327
2. Current log-likelihood: -5164.756
3. Current log-likelihood: -5149.954
4. Current log-likelihood: -5146.925
5. Current log-likelihood: -5145.992
6. Current log-likelihood: -5145.687
Optimal log-likelihood: -5145.536
Rate parameters:  A-C: 1.167  A-G: 1.233  A-T: 1.244  C-G: 1.025  C-T: 1.120  G-T: 1.000
Base frequencies:   A: 0.238  C: 0.285  G: 0.237  T: 0.240
Gamma shape alpha: 5.293
Parameters optimization took 6 rounds (0.076 sec)
--------------------------------------------------------------------
|             INITIALIZING CANDIDATE TREE SET                      |
--------------------------------------------------------------------
Computing ML distances based on estimated model parameters... 0.004 sec
WARNING: Some pairwise ML distances are too long (saturated)
Computing BIONJ tree...
0.000 seconds
Log-likelihood of BIONJ tree: -5146.055
Generating 98 parsimony trees... 0.147 seconds 3 distinct starting trees
Computing log-likelihood of 3 initial trees ... 0.003 seconds
Optimizing top 3 initial trees with NNI...
Iteration 1 / LogL: -5145.536 / Time: 0h:0m:0s
Estimate model parameters (epsilon = 0.100)
BETTER SCORE FOUND at iteration 1: -5145.473
Iteration 2 / LogL: -5145.537 / Time: 0h:0m:0s
Iteration 3 / LogL: -5145.754 / Time: 0h:0m:0s
Average CPU time for 1 NNI search: 0.013
Finish initializing candidate tree set. Number of distinct locally optimal trees: 1
Current best tree score: -5145.473 / CPU time: 0.192
--------------------------------------------------------------------
|               OPTIMIZING CANDIDATE TREE SET                      |
--------------------------------------------------------------------
Iteration 10 / LogL: -5159.414 / Time: 0h:0m:0s
Iteration 20 / LogL: -5146.922 / Time: 0h:0m:0s (0h:0m:3s left)
Iteration 30 / LogL: -5153.964 / Time: 0h:0m:1s (0h:0m:2s left)
Iteration 40 / LogL: -5151.579 / Time: 0h:0m:1s (0h:0m:2s left)
Iteration 50 / LogL: -5146.029 / Time: 0h:0m:1s (0h:0m:1s left)
Iteration 60 / LogL: -5150.561 / Time: 0h:0m:2s (0h:0m:1s left)
Iteration 70 / LogL: -5146.630 / Time: 0h:0m:2s (0h:0m:1s left)
Iteration 80 / LogL: -5145.476 / Time: 0h:0m:2s (0h:0m:0s left)
Iteration 90 / LogL: -5146.729 / Time: 0h:0m:3s (0h:0m:0s left)
Iteration 100 / LogL: -5145.653 / Time: 0h:0m:3s (0h:0m:0s left)
TREE SEARCH COMPLETED AFTER 101 ITERATIONS / Time: 0h:0m:3s

--------------------------------------------------------------------
|                    FINALIZING TREE SEARCH                        |
--------------------------------------------------------------------
Performs final model parameters optimization
Estimate model parameters (epsilon = 0.010)
1. Initial log-likelihood: -5145.473
2. Current log-likelihood: -5145.442
3. Current log-likelihood: -5145.422
Optimal log-likelihood: -5145.411
Rate parameters:  A-C: 1.170  A-G: 1.242  A-T: 1.246  C-G: 1.027  C-T: 1.122  G-T: 1.000
Base frequencies:   A: 0.238  C: 0.285  G: 0.237  T: 0.240
Gamma shape alpha: 5.653
Parameters optimization took 3 rounds (0.023 sec)
BEST SCORE FOUND : -5145.411

Testing tree branches by SH-like aLRT with 1000 replicates...
CPU Time used:  0.124 sec.
Total tree length: 8.478

Total number of iterations: 101
CPU time used for tree search: 3.484 sec (0h:0m:3s)
Wall-clock time used for tree search: 3.484 sec (0h:0m:3s)
Total CPU time used: 3.740 sec (0h:0m:3s)
Total wall-clock time used: 3.740 sec (0h:0m:3s)

Analysis results written to: 
  IQ-TREE report:                ../simulations/data_D10T10L20I10T10//S/707_pruned.fasta.iqtree
  Maximum-likelihood tree:       ../simulations/data_D10T10L20I10T10//S/707_pruned.fasta.treefile
  Likelihood distances:          ../simulations/data_D10T10L20I10T10//S/707_pruned.fasta.mldist
  Screen log file:               ../simulations/data_D10T10L20I10T10//S/707_pruned.fasta.log

Date and Time: Mon Jun  4 00:49:26 2018
