IQ-TREE version 1.4.2 for Linux 64-bit built Apr 15 2016
Copyright (c) 2011-2015 Nguyen Lam Tung, Olga Chernomor, Arndt von Haeseler and Bui Quang Minh.

Host:    meduse (AVX2, FMA3, 7 GB RAM)
Command: iqtree -s ../simulations/data_D10T10L20I10T10//S/711_pruned.fasta -m GTR+G -alrt 1000 -redo
Seed:    432957 (Using SPRNG - Scalable Parallel Random Number Generator)
Time:    Mon Jun  4 01:06:17 2018
Kernel:  AVX

NOTE: Consider using the multicore version because your CPU has 4 cores!

Reading alignment file ../simulations/data_D10T10L20I10T10//S/711_pruned.fasta ... Fasta format detected
Alignment most likely contains DNA/RNA sequences
Alignment has 26 sequences with 300 columns and 299 patterns (291 informative sites)
          Gap/Ambiguity  Composition  p-value
   1  n299_300    0.00%    passed      8.59%
   2  n300_301    0.00%    passed     18.15%
   3  n290_291    0.00%    passed     97.99%
   4  n244_245    0.00%    passed     67.50%
   5  n255_256    0.00%    passed     71.14%
   6  n277_278    0.00%    passed     12.39%
   7  n200_201    0.00%    passed     73.47%
   8  n236_237    0.00%    passed     70.19%
   9  n274_275    0.00%    passed      8.68%
  10  n289_290    0.00%    passed     95.87%
  11  n296_297    0.00%    passed     91.94%
  12  n275_276    0.00%    passed     53.09%
  13  n292_293    0.00%    passed      8.70%
  14  n278_279    0.00%    passed     33.39%
  15  n298_299    0.00%    passed     78.20%
  16  n297_298    0.00%    passed     81.39%
  17  n286_287    0.00%    passed     73.41%
  18  n285_286    0.00%    passed     31.70%
  19  n287_288    0.00%    passed     83.76%
  20  n251_252    0.00%    passed     80.22%
  21  n294_295    0.00%    passed     70.49%
  22  n295_296    0.00%    passed     92.21%
  23  n266_267    0.00%    passed     49.09%
  24  n265_266    0.00%    passed     10.48%
  25  n280_281    0.00%    passed     17.70%
  26  n293_294    0.00%    passed     38.98%
****  TOTAL       0.00%  0 sequences failed composition chi2 test (p-value<5%; df=3)

Create initial parsimony tree by phylogenetic likelihood library (PLL)... 0.001 seconds

NOTE: 1 MB RAM is required!
Estimate model parameters (epsilon = 0.100)
1. Initial log-likelihood: -5329.587
2. Current log-likelihood: -5233.249
3. Current log-likelihood: -5218.091
4. Current log-likelihood: -5215.377
5. Current log-likelihood: -5214.791
6. Current log-likelihood: -5214.631
Optimal log-likelihood: -5214.514
Rate parameters:  A-C: 1.173  A-G: 0.989  A-T: 1.183  C-G: 1.098  C-T: 1.315  G-T: 1.000
Base frequencies:   A: 0.257  C: 0.251  G: 0.257  T: 0.235
Gamma shape alpha: 4.773
Parameters optimization took 6 rounds (0.067 sec)
--------------------------------------------------------------------
|             INITIALIZING CANDIDATE TREE SET                      |
--------------------------------------------------------------------
Computing ML distances based on estimated model parameters... 0.004 sec
WARNING: Some pairwise ML distances are too long (saturated)
Computing BIONJ tree...
0.001 seconds
Log-likelihood of BIONJ tree: -5215.293
Generating 98 parsimony trees... 0.137 seconds 3 distinct starting trees
Computing log-likelihood of 3 initial trees ... 0.003 seconds
Optimizing top 3 initial trees with NNI...
Iteration 1 / LogL: -5214.458 / Time: 0h:0m:0s
Estimate model parameters (epsilon = 0.100)
BETTER TREE FOUND at iteration 1: -5214.396
Iteration 2 / LogL: -5214.441 / Time: 0h:0m:0s
Iteration 3 / LogL: -5214.872 / Time: 0h:0m:0s
Average CPU time for 1 NNI search: 0.019
Finish initializing candidate tree set. Number of distinct locally optimal trees: 3
Current best tree score: -5214.396 / CPU time: 0.200
--------------------------------------------------------------------
|               OPTIMIZING CANDIDATE TREE SET                      |
--------------------------------------------------------------------
Iteration 10 / LogL: -5215.296 / Time: 0h:0m:0s
Iteration 20 / LogL: -5217.644 / Time: 0h:0m:0s (0h:0m:3s left)
Iteration 30 / LogL: -5216.104 / Time: 0h:0m:1s (0h:0m:3s left)
Iteration 40 / LogL: -5216.749 / Time: 0h:0m:1s (0h:0m:2s left)
Iteration 50 / LogL: -5216.634 / Time: 0h:0m:1s (0h:0m:1s left)
Iteration 60 / LogL: -5221.010 / Time: 0h:0m:2s (0h:0m:1s left)
Estimate model parameters (epsilon = 0.010)
UPDATE BEST LOG-LIKELIHOOD: -5214.289
Iteration 70 / LogL: -5215.663 / Time: 0h:0m:2s (0h:0m:1s left)
Iteration 80 / LogL: -5225.724 / Time: 0h:0m:2s (0h:0m:0s left)
Estimate model parameters (epsilon = 0.010)
UPDATE BEST LOG-LIKELIHOOD: -5214.230
Iteration 90 / LogL: -5217.244 / Time: 0h:0m:3s (0h:0m:0s left)
Iteration 100 / LogL: -5228.546 / Time: 0h:0m:3s (0h:0m:0s left)
TREE SEARCH COMPLETED AFTER 101 ITERATIONS / Time: 0h:0m:3s

--------------------------------------------------------------------
|                    FINALIZING TREE SEARCH                        |
--------------------------------------------------------------------
Performs final model parameters optimization
Estimate model parameters (epsilon = 0.010)
1. Initial log-likelihood: -5214.230
Optimal log-likelihood: -5214.225
Rate parameters:  A-C: 1.216  A-G: 1.022  A-T: 1.206  C-G: 1.141  C-T: 1.340  G-T: 1.000
Base frequencies:   A: 0.257  C: 0.251  G: 0.257  T: 0.235
Gamma shape alpha: 4.736
Parameters optimization took 1 rounds (0.010 sec)
BEST SCORE FOUND : -5214.225

Testing tree branches by SH-like aLRT with 1000 replicates...
CPU Time used:  0.116 sec.
Total tree length: 10.568

Total number of iterations: 101
CPU time used for tree search: 3.464 sec (0h:0m:3s)
Wall-clock time used for tree search: 3.468 sec (0h:0m:3s)
Total CPU time used: 3.716 sec (0h:0m:3s)
Total wall-clock time used: 3.728 sec (0h:0m:3s)

Analysis results written to: 
  IQ-TREE report:                ../simulations/data_D10T10L20I10T10//S/711_pruned.fasta.iqtree
  Maximum-likelihood tree:       ../simulations/data_D10T10L20I10T10//S/711_pruned.fasta.treefile
  Likelihood distances:          ../simulations/data_D10T10L20I10T10//S/711_pruned.fasta.mldist
  Screen log file:               ../simulations/data_D10T10L20I10T10//S/711_pruned.fasta.log

Date and Time: Mon Jun  4 01:06:21 2018
