IQ-TREE version 1.4.2 for Linux 64-bit built Apr 15 2016
Copyright (c) 2011-2015 Nguyen Lam Tung, Olga Chernomor, Arndt von Haeseler and Bui Quang Minh.

Host:    meduse (AVX2, FMA3, 7 GB RAM)
Command: iqtree -s ../simulations/data_D8T8L15I8T8//S/717_pruned.fasta -m GTR+G -alrt 1000 -redo
Seed:    232866 (Using SPRNG - Scalable Parallel Random Number Generator)
Time:    Fri May 25 22:41:56 2018
Kernel:  AVX

NOTE: Consider using the multicore version because your CPU has 4 cores!

Reading alignment file ../simulations/data_D8T8L15I8T8//S/717_pruned.fasta ... Fasta format detected
Alignment most likely contains DNA/RNA sequences
Alignment has 33 sequences with 300 columns and 195 patterns (173 informative sites)
          Gap/Ambiguity  Composition  p-value
   1  n296_329    0.00%    passed     97.98%
   2  n299_334    0.00%    passed     98.89%
   3  n244_259    0.00%    passed     67.78%
   4  n265_286    0.00%    passed     98.39%
   5  n290_321    0.00%    passed     93.40%
   6  n300_333    0.00%    passed     97.55%
   7  n294_327    0.00%    passed     99.90%
   8  n300_335    0.00%    passed     98.89%
   9  n274_299    0.00%    passed     98.71%
  10  n277_304    0.00%    passed     99.19%
  11  n287_318    0.00%    passed     93.40%
  12  n295_328    0.00%    passed     98.56%
  13  n251_266    0.00%    passed     67.13%
  14  n280_309    0.00%    passed     99.25%
  15  n297_330    0.00%    passed     96.47%
  16  n280_307    0.00%    passed     92.57%
  17  n293_326    0.00%    passed     99.73%
  18  n289_320    0.00%    passed     96.41%
  19  n292_323    0.00%    passed     98.73%
  20  n200_207    0.00%    passed     79.61%
  21  n236_251    0.00%    passed     96.78%
  22  n277_302    0.00%    passed     97.37%
  23  n286_317    0.00%    passed     81.16%
  24  n255_272    0.00%    passed     62.52%
  25  n285_316    0.00%    passed     72.31%
  26  n274_297    0.00%    passed     96.66%
  27  n299_332    0.00%    passed     94.46%
  28  n292_325    0.00%    passed     99.25%
  29  n278_303    0.00%    passed     96.66%
  30  n275_300    0.00%    passed     94.80%
  31  n298_331    0.00%    passed     96.43%
  32  n278_305    0.00%    passed     68.36%
  33  n266_287    0.00%    passed     93.50%
****  TOTAL       0.00%  0 sequences failed composition chi2 test (p-value<5%; df=3)
NOTE: 1 identical sequences (see below) will be ignored for subsequent analysis
NOTE: n300_335 (identical to n299_334) is ignored but added at the end

Create initial parsimony tree by phylogenetic likelihood library (PLL)... 0.002 seconds

NOTE: 0 MB RAM is required!
Estimate model parameters (epsilon = 0.100)
1. Initial log-likelihood: -2376.626
2. Current log-likelihood: -2340.826
3. Current log-likelihood: -2340.607
Optimal log-likelihood: -2340.526
Rate parameters:  A-C: 1.251  A-G: 1.344  A-T: 1.230  C-G: 1.110  C-T: 1.769  G-T: 1.000
Base frequencies:   A: 0.217  C: 0.253  G: 0.297  T: 0.233
Gamma shape alpha: 3.459
Parameters optimization took 3 rounds (0.049 sec)
--------------------------------------------------------------------
|             INITIALIZING CANDIDATE TREE SET                      |
--------------------------------------------------------------------
Computing ML distances based on estimated model parameters... 0.008 sec
Computing BIONJ tree...
0.001 seconds
Log-likelihood of BIONJ tree: -2340.526
Generating 98 parsimony trees... 0.185 seconds 24 distinct starting trees
Computing log-likelihood of 24 initial trees ... 0.088 seconds
Optimizing top 20 initial trees with NNI...
Iteration 1 / LogL: -2340.438 / Time: 0h:0m:0s
Estimate model parameters (epsilon = 0.100)
BETTER SCORE FOUND at iteration 1: -2340.409
Iteration 2 / LogL: -2340.413 / Time: 0h:0m:0s
Iteration 3 / LogL: -2340.413 / Time: 0h:0m:0s
Iteration 4 / LogL: -2340.413 / Time: 0h:0m:0s
Iteration 5 / LogL: -2340.413 / Time: 0h:0m:0s
Iteration 6 / LogL: -2340.413 / Time: 0h:0m:0s
Iteration 7 / LogL: -2340.413 / Time: 0h:0m:0s
Iteration 8 / LogL: -2340.413 / Time: 0h:0m:0s
Iteration 9 / LogL: -2340.413 / Time: 0h:0m:0s
Iteration 10 / LogL: -2340.411 / Time: 0h:0m:0s
Iteration 11 / LogL: -2340.411 / Time: 0h:0m:0s
Iteration 12 / LogL: -2340.411 / Time: 0h:0m:0s
Iteration 13 / LogL: -2340.411 / Time: 0h:0m:0s
Iteration 14 / LogL: -2340.532 / Time: 0h:0m:0s
Iteration 15 / LogL: -2340.532 / Time: 0h:0m:0s
Iteration 16 / LogL: -2340.534 / Time: 0h:0m:0s
Iteration 17 / LogL: -2340.534 / Time: 0h:0m:0s
Iteration 18 / LogL: -2340.534 / Time: 0h:0m:0s
Iteration 19 / LogL: -2340.534 / Time: 0h:0m:0s
Iteration 20 / LogL: -2340.534 / Time: 0h:0m:0s
Average CPU time for 1 NNI search: 0.011
Finish initializing candidate tree set. Number of distinct locally optimal trees: 20
Current best tree score: -2340.409 / CPU time: 0.480
--------------------------------------------------------------------
|               OPTIMIZING CANDIDATE TREE SET                      |
--------------------------------------------------------------------
Iteration 30 / LogL: -2340.412 / Time: 0h:0m:0s (0h:0m:2s left)
Iteration 40 / LogL: -2340.417 / Time: 0h:0m:1s (0h:0m:1s left)
Iteration 50 / LogL: -2340.535 / Time: 0h:0m:1s (0h:0m:1s left)
Iteration 60 / LogL: -2340.414 / Time: 0h:0m:1s (0h:0m:1s left)
Iteration 70 / LogL: -2340.412 / Time: 0h:0m:2s (0h:0m:1s left)
Iteration 80 / LogL: -2340.413 / Time: 0h:0m:2s (0h:0m:0s left)
Iteration 90 / LogL: -2349.556 / Time: 0h:0m:2s (0h:0m:0s left)
Iteration 100 / LogL: -2340.409 / Time: 0h:0m:3s (0h:0m:0s left)
TREE SEARCH COMPLETED AFTER 101 ITERATIONS / Time: 0h:0m:3s

--------------------------------------------------------------------
|                    FINALIZING TREE SEARCH                        |
--------------------------------------------------------------------
Performs final model parameters optimization
Estimate model parameters (epsilon = 0.010)
1. Initial log-likelihood: -2340.408
2. Current log-likelihood: -2340.394
Optimal log-likelihood: -2340.392
Rate parameters:  A-C: 1.220  A-G: 1.335  A-T: 1.174  C-G: 1.061  C-T: 1.749  G-T: 1.000
Base frequencies:   A: 0.217  C: 0.253  G: 0.297  T: 0.233
Gamma shape alpha: 3.353
Parameters optimization took 2 rounds (0.025 sec)
BEST SCORE FOUND : -2340.392

Testing tree branches by SH-like aLRT with 1000 replicates...
CPU Time used:  0.224 sec.
Total tree length: 1.395

Total number of iterations: 101
CPU time used for tree search: 3.280 sec (0h:0m:3s)
Wall-clock time used for tree search: 3.306 sec (0h:0m:3s)
Total CPU time used: 3.612 sec (0h:0m:3s)
Total wall-clock time used: 3.636 sec (0h:0m:3s)

Analysis results written to: 
  IQ-TREE report:                ../simulations/data_D8T8L15I8T8//S/717_pruned.fasta.iqtree
  Maximum-likelihood tree:       ../simulations/data_D8T8L15I8T8//S/717_pruned.fasta.treefile
  Likelihood distances:          ../simulations/data_D8T8L15I8T8//S/717_pruned.fasta.mldist
  Screen log file:               ../simulations/data_D8T8L15I8T8//S/717_pruned.fasta.log

Date and Time: Fri May 25 22:41:59 2018
