IQ-TREE version 1.4.2 for Linux 64-bit built Apr 15 2016
Copyright (c) 2011-2015 Nguyen Lam Tung, Olga Chernomor, Arndt von Haeseler and Bui Quang Minh.

Host:    meduse (AVX2, FMA3, 7 GB RAM)
Command: iqtree -s ../simulations/data_D8T8L15I8T8//S/718_pruned.fasta -m GTR+G -alrt 1000 -redo
Seed:    963222 (Using SPRNG - Scalable Parallel Random Number Generator)
Time:    Fri May 25 22:40:42 2018
Kernel:  AVX

NOTE: Consider using the multicore version because your CPU has 4 cores!

Reading alignment file ../simulations/data_D8T8L15I8T8//S/718_pruned.fasta ... Fasta format detected
Alignment most likely contains DNA/RNA sequences
Alignment has 3 sequences with 300 columns and 31 patterns (0 informative sites)
          Gap/Ambiguity  Composition  p-value
   1  n251_146    0.00%    passed     94.36%
   2  n244_143    0.00%    passed     90.64%
   3  n255_148    0.00%    passed     98.50%
****  TOTAL       0.00%  0 sequences failed composition chi2 test (p-value<5%; df=3)

Create initial parsimony tree by phylogenetic likelihood library (PLL)... 0.000 seconds

NOTE: 0 MB RAM is required!
Estimate model parameters (epsilon = 0.100)
1. Initial log-likelihood: -1037.684
2. Current log-likelihood: -755.882
Optimal log-likelihood: -755.826
Rate parameters:  A-C: 1.604  A-G: 0.562  A-T: 0.888  C-G: 1.042  C-T: 1.538  G-T: 1.000
Base frequencies:   A: 0.232  C: 0.240  G: 0.277  T: 0.251
Gamma shape alpha: 1.474
Parameters optimization took 2 rounds (0.001 sec)
--------------------------------------------------------------------
|             INITIALIZING CANDIDATE TREE SET                      |
--------------------------------------------------------------------
Computing ML distances based on estimated model parameters... 0.000 sec
Computing BIONJ tree...
0.000 seconds
Log-likelihood of BIONJ tree: -755.825
Generating 99 parsimony trees... 0.003 seconds 1 distinct starting trees
Computing log-likelihood of 1 initial trees ... 0.000 seconds
Optimizing top 1 initial trees with NNI...
Iteration 1 / LogL: -755.825 / Time: 0h:0m:0s
Estimate model parameters (epsilon = 0.100)
BETTER SCORE FOUND at iteration 1: -755.810
Average CPU time for 1 NNI search: 0.000
Finish initializing candidate tree set. Number of distinct locally optimal trees: 1
Current best tree score: -755.810 / CPU time: 0.004
--------------------------------------------------------------------
|               OPTIMIZING CANDIDATE TREE SET                      |
--------------------------------------------------------------------
Iteration 10 / LogL: -755.810 / Time: 0h:0m:0s
Iteration 20 / LogL: -755.810 / Time: 0h:0m:0s (0h:0m:0s left)
Iteration 30 / LogL: -755.810 / Time: 0h:0m:0s (0h:0m:0s left)
Iteration 40 / LogL: -755.810 / Time: 0h:0m:0s (0h:0m:0s left)
Iteration 50 / LogL: -755.810 / Time: 0h:0m:0s (0h:0m:0s left)
Iteration 60 / LogL: -755.810 / Time: 0h:0m:0s (0h:0m:0s left)
Iteration 70 / LogL: -755.810 / Time: 0h:0m:0s (0h:0m:0s left)
Iteration 80 / LogL: -755.810 / Time: 0h:0m:0s (0h:0m:0s left)
Iteration 90 / LogL: -755.810 / Time: 0h:0m:0s (0h:0m:0s left)
Iteration 100 / LogL: -755.810 / Time: 0h:0m:0s (0h:0m:0s left)
TREE SEARCH COMPLETED AFTER 101 ITERATIONS / Time: 0h:0m:0s

--------------------------------------------------------------------
|                    FINALIZING TREE SEARCH                        |
--------------------------------------------------------------------
Performs final model parameters optimization
Estimate model parameters (epsilon = 0.010)
1. Initial log-likelihood: -755.810
Optimal log-likelihood: -755.797
Rate parameters:  A-C: 1.592  A-G: 0.562  A-T: 0.880  C-G: 1.031  C-T: 1.498  G-T: 1.000
Base frequencies:   A: 0.232  C: 0.240  G: 0.277  T: 0.251
Gamma shape alpha: 1.796
Parameters optimization took 1 rounds (0.000 sec)
BEST SCORE FOUND : -755.797

Testing tree branches by SH-like aLRT with 1000 replicates...
CPU Time used:  0.000 sec.
Total tree length: 0.416

Total number of iterations: 101
CPU time used for tree search: 0.012 sec (0h:0m:0s)
Wall-clock time used for tree search: 0.012 sec (0h:0m:0s)
Total CPU time used: 0.020 sec (0h:0m:0s)
Total wall-clock time used: 0.025 sec (0h:0m:0s)

Analysis results written to: 
  IQ-TREE report:                ../simulations/data_D8T8L15I8T8//S/718_pruned.fasta.iqtree
  Maximum-likelihood tree:       ../simulations/data_D8T8L15I8T8//S/718_pruned.fasta.treefile
  Likelihood distances:          ../simulations/data_D8T8L15I8T8//S/718_pruned.fasta.mldist
  Screen log file:               ../simulations/data_D8T8L15I8T8//S/718_pruned.fasta.log

Date and Time: Fri May 25 22:40:42 2018
