IQ-TREE version 1.4.2 for Linux 64-bit built Apr 15 2016
Copyright (c) 2011-2015 Nguyen Lam Tung, Olga Chernomor, Arndt von Haeseler and Bui Quang Minh.

Host:    meduse (AVX2, FMA3, 7 GB RAM)
Command: iqtree -s ../simulations/data_D10T10L20I10T10//S/71_pruned.fasta -m GTR+G -alrt 1000 -redo
Seed:    986457 (Using SPRNG - Scalable Parallel Random Number Generator)
Time:    Mon Jun  4 01:01:16 2018
Kernel:  AVX

NOTE: Consider using the multicore version because your CPU has 4 cores!

Reading alignment file ../simulations/data_D10T10L20I10T10//S/71_pruned.fasta ... Fasta format detected
Alignment most likely contains DNA/RNA sequences
Alignment has 26 sequences with 300 columns and 300 patterns (293 informative sites)
          Gap/Ambiguity  Composition  p-value
   1  n295_298    0.00%    passed     33.16%
   2  n290_293    0.00%    passed     90.97%
   3  n266_269    0.00%    passed     92.91%
   4  n255_258    0.00%    passed     53.14%
   5  n277_280    0.00%    passed     10.09%
   6  n299_302    0.00%    passed     37.30%
   7  n200_201    0.00%    passed     63.97%
   8  n274_277    0.00%    passed     15.98%
   9  n286_289    0.00%    passed     44.54%
  10  n292_295    0.00%    passed     37.67%
  11  n275_278    0.00%    passed     51.12%
  12  n278_281    0.00%    passed     19.89%
  13  n293_296    0.00%    passed     90.36%
  14  n285_288    0.00%    passed     66.13%
  15  n251_254    0.00%    passed     22.82%
  16  n236_239    0.00%    passed     13.64%
  17  n294_297    0.00%    passed     82.77%
  18  n287_290    0.00%    passed     75.32%
  19  n297_300    0.00%    passed     60.61%
  20  n289_292    0.00%    passed     88.96%
  21  n280_283    0.00%    passed     13.15%
  22  n265_268    0.00%    passed     72.05%
  23  n298_301    0.00%    passed     47.94%
  24  n300_303    0.00%    passed     44.27%
  25  n244_247    0.00%    passed     44.02%
  26  n296_299    0.00%    passed     45.29%
****  TOTAL       0.00%  0 sequences failed composition chi2 test (p-value<5%; df=3)

Create initial parsimony tree by phylogenetic likelihood library (PLL)... 0.001 seconds

NOTE: 1 MB RAM is required!
Estimate model parameters (epsilon = 0.100)
1. Initial log-likelihood: -5162.497
2. Current log-likelihood: -5075.924
3. Current log-likelihood: -5065.775
4. Current log-likelihood: -5063.320
5. Current log-likelihood: -5062.679
6. Current log-likelihood: -5062.477
Optimal log-likelihood: -5062.379
Rate parameters:  A-C: 0.903  A-G: 1.116  A-T: 0.845  C-G: 0.957  C-T: 1.335  G-T: 1.000
Base frequencies:   A: 0.255  C: 0.276  G: 0.239  T: 0.231
Gamma shape alpha: 3.195
Parameters optimization took 6 rounds (0.073 sec)
--------------------------------------------------------------------
|             INITIALIZING CANDIDATE TREE SET                      |
--------------------------------------------------------------------
Computing ML distances based on estimated model parameters... 0.004 sec
WARNING: Some pairwise ML distances are too long (saturated)
Computing BIONJ tree...
0.000 seconds
Log-likelihood of BIONJ tree: -5079.881
Generating 98 parsimony trees... 0.134 seconds 5 distinct starting trees
Computing log-likelihood of 5 initial trees ... 0.009 seconds
Optimizing top 5 initial trees with NNI...
Iteration 1 / LogL: -5061.977 / Time: 0h:0m:0s
Estimate model parameters (epsilon = 0.100)
BETTER TREE FOUND at iteration 1: -5061.845
Iteration 2 / LogL: -5062.110 / Time: 0h:0m:0s
Iteration 3 / LogL: -5062.110 / Time: 0h:0m:0s
Iteration 4 / LogL: -5062.113 / Time: 0h:0m:0s
Iteration 5 / LogL: -5061.699 / Time: 0h:0m:0s
Estimate model parameters (epsilon = 0.100)
BETTER TREE FOUND at iteration 5: -5061.612
Average CPU time for 1 NNI search: 0.019
Finish initializing candidate tree set. Number of distinct locally optimal trees: 2
Current best tree score: -5061.612 / CPU time: 0.236
--------------------------------------------------------------------
|               OPTIMIZING CANDIDATE TREE SET                      |
--------------------------------------------------------------------
Iteration 10 / LogL: -5067.318 / Time: 0h:0m:0s
Iteration 20 / LogL: -5061.881 / Time: 0h:0m:0s (0h:0m:3s left)
Iteration 30 / LogL: -5061.818 / Time: 0h:0m:1s (0h:0m:2s left)
Iteration 40 / LogL: -5064.881 / Time: 0h:0m:1s (0h:0m:2s left)
Iteration 50 / LogL: -5061.774 / Time: 0h:0m:1s (0h:0m:1s left)
Iteration 60 / LogL: -5061.786 / Time: 0h:0m:2s (0h:0m:1s left)
Estimate model parameters (epsilon = 0.010)
UPDATE BEST LOG-LIKELIHOOD: -5061.569
Iteration 70 / LogL: -5061.794 / Time: 0h:0m:2s (0h:0m:1s left)
Iteration 80 / LogL: -5063.521 / Time: 0h:0m:2s (0h:0m:0s left)
Iteration 90 / LogL: -5061.824 / Time: 0h:0m:3s (0h:0m:0s left)
Iteration 100 / LogL: -5061.739 / Time: 0h:0m:3s (0h:0m:0s left)
TREE SEARCH COMPLETED AFTER 101 ITERATIONS / Time: 0h:0m:3s

--------------------------------------------------------------------
|                    FINALIZING TREE SEARCH                        |
--------------------------------------------------------------------
Performs final model parameters optimization
Estimate model parameters (epsilon = 0.010)
1. Initial log-likelihood: -5061.569
Optimal log-likelihood: -5061.568
Rate parameters:  A-C: 0.917  A-G: 1.113  A-T: 0.850  C-G: 0.943  C-T: 1.326  G-T: 1.000
Base frequencies:   A: 0.255  C: 0.276  G: 0.239  T: 0.231
Gamma shape alpha: 3.290
Parameters optimization took 1 rounds (0.008 sec)
BEST SCORE FOUND : -5061.568

Testing tree branches by SH-like aLRT with 1000 replicates...
CPU Time used:  0.120 sec.
Total tree length: 9.671

Total number of iterations: 101
CPU time used for tree search: 3.544 sec (0h:0m:3s)
Wall-clock time used for tree search: 3.546 sec (0h:0m:3s)
Total CPU time used: 3.780 sec (0h:0m:3s)
Total wall-clock time used: 3.782 sec (0h:0m:3s)

Analysis results written to: 
  IQ-TREE report:                ../simulations/data_D10T10L20I10T10//S/71_pruned.fasta.iqtree
  Maximum-likelihood tree:       ../simulations/data_D10T10L20I10T10//S/71_pruned.fasta.treefile
  Likelihood distances:          ../simulations/data_D10T10L20I10T10//S/71_pruned.fasta.mldist
  Screen log file:               ../simulations/data_D10T10L20I10T10//S/71_pruned.fasta.log

Date and Time: Mon Jun  4 01:01:20 2018
