IQ-TREE version 1.4.2 for Linux 64-bit built Apr 15 2016
Copyright (c) 2011-2015 Nguyen Lam Tung, Olga Chernomor, Arndt von Haeseler and Bui Quang Minh.

Host:    meduse (AVX2, FMA3, 7 GB RAM)
Command: iqtree -s ../simulations/data_D10T10L20I10T10//S/722_pruned.fasta -m GTR+G -alrt 1000 -redo
Seed:    14119 (Using SPRNG - Scalable Parallel Random Number Generator)
Time:    Mon Jun  4 01:03:44 2018
Kernel:  AVX

NOTE: Consider using the multicore version because your CPU has 4 cores!

Reading alignment file ../simulations/data_D10T10L20I10T10//S/722_pruned.fasta ... Fasta format detected
Alignment most likely contains DNA/RNA sequences
Alignment has 26 sequences with 300 columns and 300 patterns (296 informative sites)
          Gap/Ambiguity  Composition  p-value
   1  n299_300    0.00%    passed     56.27%
   2  n300_301    0.00%    passed     42.43%
   3  n290_291    0.00%    passed     49.43%
   4  n244_245    0.00%    passed     40.18%
   5  n255_256    0.00%    passed     44.98%
   6  n277_278    0.00%    passed     21.97%
   7  n200_201    0.00%    passed     31.24%
   8  n236_237    0.00%    passed     44.77%
   9  n274_275    0.00%    passed     24.10%
  10  n289_290    0.00%    passed     60.15%
  11  n296_297    0.00%    passed     31.56%
  12  n275_276    0.00%    passed     67.89%
  13  n292_293    0.00%    passed     13.94%
  14  n278_279    0.00%    passed     42.44%
  15  n298_299    0.00%    passed     61.52%
  16  n297_298    0.00%    passed     98.70%
  17  n286_287    0.00%    passed      8.55%
  18  n285_286    0.00%    failed      2.01%
  19  n287_288    0.00%    passed     83.60%
  20  n251_252    0.00%    passed     60.28%
  21  n294_295    0.00%    passed     98.53%
  22  n295_296    0.00%    passed     19.59%
  23  n266_267    0.00%    passed     50.32%
  24  n265_266    0.00%    passed     58.19%
  25  n280_281    0.00%    passed     41.43%
  26  n293_294    0.00%    passed     86.74%
****  TOTAL       0.00%  1 sequences failed composition chi2 test (p-value<5%; df=3)

Create initial parsimony tree by phylogenetic likelihood library (PLL)... 0.002 seconds

NOTE: 1 MB RAM is required!
Estimate model parameters (epsilon = 0.100)
1. Initial log-likelihood: -5219.365
2. Current log-likelihood: -5144.944
3. Current log-likelihood: -5134.388
4. Current log-likelihood: -5131.766
5. Current log-likelihood: -5131.062
6. Current log-likelihood: -5130.903
Optimal log-likelihood: -5130.834
Rate parameters:  A-C: 1.192  A-G: 1.068  A-T: 0.643  C-G: 1.060  C-T: 1.348  G-T: 1.000
Base frequencies:   A: 0.229  C: 0.260  G: 0.250  T: 0.261
Gamma shape alpha: 3.080
Parameters optimization took 6 rounds (0.077 sec)
--------------------------------------------------------------------
|             INITIALIZING CANDIDATE TREE SET                      |
--------------------------------------------------------------------
Computing ML distances based on estimated model parameters... 0.004 sec
WARNING: Some pairwise ML distances are too long (saturated)
Computing BIONJ tree...
0.000 seconds
Log-likelihood of BIONJ tree: -5157.408
Generating 98 parsimony trees... 0.134 seconds 4 distinct starting trees
Computing log-likelihood of 4 initial trees ... 0.006 seconds
Optimizing top 4 initial trees with NNI...
Iteration 1 / LogL: -5130.834 / Time: 0h:0m:0s
Estimate model parameters (epsilon = 0.100)
BETTER SCORE FOUND at iteration 1: -5130.822
Iteration 2 / LogL: -5131.212 / Time: 0h:0m:0s
Iteration 3 / LogL: -5131.212 / Time: 0h:0m:0s
Iteration 4 / LogL: -5133.627 / Time: 0h:0m:0s
Average CPU time for 1 NNI search: 0.013
Finish initializing candidate tree set. Number of distinct locally optimal trees: 4
Current best tree score: -5130.822 / CPU time: 0.192
--------------------------------------------------------------------
|               OPTIMIZING CANDIDATE TREE SET                      |
--------------------------------------------------------------------
Iteration 10 / LogL: -5145.672 / Time: 0h:0m:0s
Iteration 20 / LogL: -5133.812 / Time: 0h:0m:0s (0h:0m:3s left)
Iteration 30 / LogL: -5133.686 / Time: 0h:0m:1s (0h:0m:2s left)
Iteration 40 / LogL: -5134.195 / Time: 0h:0m:1s (0h:0m:2s left)
Iteration 50 / LogL: -5134.468 / Time: 0h:0m:1s (0h:0m:1s left)
Iteration 60 / LogL: -5139.600 / Time: 0h:0m:1s (0h:0m:1s left)
Iteration 70 / LogL: -5131.908 / Time: 0h:0m:2s (0h:0m:1s left)
Iteration 80 / LogL: -5134.048 / Time: 0h:0m:2s (0h:0m:0s left)
Iteration 90 / LogL: -5663.023 / Time: 0h:0m:2s (0h:0m:0s left)
Iteration 100 / LogL: -5133.762 / Time: 0h:0m:3s (0h:0m:0s left)
TREE SEARCH COMPLETED AFTER 101 ITERATIONS / Time: 0h:0m:3s

--------------------------------------------------------------------
|                    FINALIZING TREE SEARCH                        |
--------------------------------------------------------------------
Performs final model parameters optimization
Estimate model parameters (epsilon = 0.010)
1. Initial log-likelihood: -5130.822
Optimal log-likelihood: -5130.818
Rate parameters:  A-C: 1.188  A-G: 1.064  A-T: 0.642  C-G: 1.056  C-T: 1.342  G-T: 1.000
Base frequencies:   A: 0.229  C: 0.260  G: 0.250  T: 0.261
Gamma shape alpha: 3.116
Parameters optimization took 1 rounds (0.010 sec)
BEST SCORE FOUND : -5130.818

Testing tree branches by SH-like aLRT with 1000 replicates...
CPU Time used:  0.124 sec.
Total tree length: 8.906

Total number of iterations: 101
CPU time used for tree search: 3.028 sec (0h:0m:3s)
Wall-clock time used for tree search: 3.026 sec (0h:0m:3s)
Total CPU time used: 3.276 sec (0h:0m:3s)
Total wall-clock time used: 3.278 sec (0h:0m:3s)

Analysis results written to: 
  IQ-TREE report:                ../simulations/data_D10T10L20I10T10//S/722_pruned.fasta.iqtree
  Maximum-likelihood tree:       ../simulations/data_D10T10L20I10T10//S/722_pruned.fasta.treefile
  Likelihood distances:          ../simulations/data_D10T10L20I10T10//S/722_pruned.fasta.mldist
  Screen log file:               ../simulations/data_D10T10L20I10T10//S/722_pruned.fasta.log

Date and Time: Mon Jun  4 01:03:47 2018
