IQ-TREE version 1.4.2 for Linux 64-bit built Apr 15 2016
Copyright (c) 2011-2015 Nguyen Lam Tung, Olga Chernomor, Arndt von Haeseler and Bui Quang Minh.

Host:    meduse (AVX2, FMA3, 7 GB RAM)
Command: iqtree -s ../simulations/data_D10T10L20I10T10//S/725_pruned.fasta -m GTR+G -alrt 1000 -redo
Seed:    485021 (Using SPRNG - Scalable Parallel Random Number Generator)
Time:    Fri Jun  1 10:32:05 2018
Kernel:  AVX

NOTE: Consider using the multicore version because your CPU has 4 cores!

Reading alignment file ../simulations/data_D10T10L20I10T10//S/725_pruned.fasta ... Fasta format detected
Alignment most likely contains DNA/RNA sequences
Alignment has 26 sequences with 300 columns and 176 patterns (160 informative sites)
          Gap/Ambiguity  Composition  p-value
   1  n300_303    0.00%    passed     89.09%
   2  n236_239    0.00%    passed     99.91%
   3  n296_299    0.00%    passed     93.98%
   4  n255_258    0.00%    passed     94.59%
   5  n292_295    0.00%    passed     91.92%
   6  n298_301    0.00%    passed     93.98%
   7  n297_300    0.00%    passed     93.98%
   8  n278_281    0.00%    passed     89.24%
   9  n287_290    0.00%    passed     85.85%
  10  n280_283    0.00%    passed     95.82%
  11  n285_288    0.00%    passed     73.13%
  12  n251_254    0.00%    passed     93.54%
  13  n290_293    0.00%    passed     90.25%
  14  n265_268    0.00%    passed     89.97%
  15  n275_278    0.00%    passed     92.85%
  16  n277_280    0.00%    passed     95.18%
  17  n299_302    0.00%    passed     93.99%
  18  n200_203    0.00%    passed     83.02%
  19  n266_269    0.00%    passed     91.08%
  20  n286_289    0.00%    passed     71.75%
  21  n293_296    0.00%    passed     84.14%
  22  n244_247    0.00%    passed     94.27%
  23  n274_277    0.00%    passed     95.82%
  24  n295_298    0.00%    passed     93.98%
  25  n294_297    0.00%    passed     94.65%
  26  n289_292    0.00%    passed     93.98%
****  TOTAL       0.00%  0 sequences failed composition chi2 test (p-value<5%; df=3)
NOTE: 2 identical sequences (see below) will be ignored for subsequent analysis
NOTE: n295_298 (identical to n296_299) is ignored but added at the end
NOTE: n297_300 (identical to n298_301) is ignored but added at the end

Create initial parsimony tree by phylogenetic likelihood library (PLL)... 0.001 seconds

NOTE: 0 MB RAM is required!
Estimate model parameters (epsilon = 0.100)
1. Initial log-likelihood: -2031.355
2. Current log-likelihood: -1983.897
3. Current log-likelihood: -1983.549
Optimal log-likelihood: -1983.517
Rate parameters:  A-C: 0.677  A-G: 1.059  A-T: 0.827  C-G: 0.938  C-T: 1.590  G-T: 1.000
Base frequencies:   A: 0.267  C: 0.249  G: 0.266  T: 0.218
Gamma shape alpha: 10.072
Parameters optimization took 3 rounds (0.019 sec)
--------------------------------------------------------------------
|             INITIALIZING CANDIDATE TREE SET                      |
--------------------------------------------------------------------
Computing ML distances based on estimated model parameters... 0.000 sec
Computing BIONJ tree...
0.000 seconds
Log-likelihood of BIONJ tree: -1986.092
Generating 98 parsimony trees... 0.077 seconds 81 distinct starting trees
Computing log-likelihood of 81 initial trees ... 0.128 seconds
Optimizing top 20 initial trees with NNI...
Iteration 1 / LogL: -1983.518 / Time: 0h:0m:0s
Estimate model parameters (epsilon = 0.100)
BETTER SCORE FOUND at iteration 1: -1983.499
Iteration 2 / LogL: -1983.501 / Time: 0h:0m:0s
Iteration 3 / LogL: -1983.501 / Time: 0h:0m:0s
Iteration 4 / LogL: -1983.501 / Time: 0h:0m:0s
Iteration 5 / LogL: -1983.501 / Time: 0h:0m:0s
Iteration 6 / LogL: -1983.501 / Time: 0h:0m:0s
Iteration 7 / LogL: -1983.501 / Time: 0h:0m:0s
Iteration 8 / LogL: -1983.501 / Time: 0h:0m:0s
Iteration 9 / LogL: -1983.501 / Time: 0h:0m:0s
Iteration 10 / LogL: -1983.501 / Time: 0h:0m:0s
Iteration 11 / LogL: -1983.501 / Time: 0h:0m:0s
Iteration 12 / LogL: -1983.501 / Time: 0h:0m:0s
Iteration 13 / LogL: -1983.501 / Time: 0h:0m:0s
Iteration 14 / LogL: -1983.501 / Time: 0h:0m:0s
Iteration 15 / LogL: -1983.501 / Time: 0h:0m:0s
Iteration 16 / LogL: -1983.501 / Time: 0h:0m:0s
Iteration 17 / LogL: -1983.501 / Time: 0h:0m:0s
Iteration 18 / LogL: -1983.501 / Time: 0h:0m:0s
Iteration 19 / LogL: -1983.501 / Time: 0h:0m:0s
Iteration 20 / LogL: -1983.501 / Time: 0h:0m:0s
Average CPU time for 1 NNI search: 0.004
Finish initializing candidate tree set. Number of distinct locally optimal trees: 20
Current best tree score: -1983.499 / CPU time: 0.280
--------------------------------------------------------------------
|               OPTIMIZING CANDIDATE TREE SET                      |
--------------------------------------------------------------------
Iteration 30 / LogL: -1983.542 / Time: 0h:0m:0s (0h:0m:1s left)
Iteration 40 / LogL: -1983.500 / Time: 0h:0m:0s (0h:0m:0s left)
Iteration 50 / LogL: -1998.758 / Time: 0h:0m:0s (0h:0m:0s left)
Iteration 60 / LogL: -2041.009 / Time: 0h:0m:0s (0h:0m:0s left)
Iteration 70 / LogL: -2210.392 / Time: 0h:0m:0s (0h:0m:0s left)
Iteration 80 / LogL: -1983.546 / Time: 0h:0m:1s (0h:0m:0s left)
Iteration 90 / LogL: -1983.762 / Time: 0h:0m:1s (0h:0m:0s left)
Iteration 100 / LogL: -1983.551 / Time: 0h:0m:1s (0h:0m:0s left)
TREE SEARCH COMPLETED AFTER 101 ITERATIONS / Time: 0h:0m:1s

--------------------------------------------------------------------
|                    FINALIZING TREE SEARCH                        |
--------------------------------------------------------------------
Performs final model parameters optimization
Estimate model parameters (epsilon = 0.010)
1. Initial log-likelihood: -1983.499
2. Current log-likelihood: -1983.487
Optimal log-likelihood: -1983.478
Rate parameters:  A-C: 0.710  A-G: 1.079  A-T: 0.845  C-G: 0.954  C-T: 1.628  G-T: 1.000
Base frequencies:   A: 0.267  C: 0.249  G: 0.266  T: 0.218
Gamma shape alpha: 10.241
Parameters optimization took 2 rounds (0.008 sec)
BEST SCORE FOUND : -1983.478

Testing tree branches by SH-like aLRT with 1000 replicates...
CPU Time used:  0.096 sec.
Total tree length: 1.175

Total number of iterations: 101
CPU time used for tree search: 1.208 sec (0h:0m:1s)
Wall-clock time used for tree search: 1.211 sec (0h:0m:1s)
Total CPU time used: 1.344 sec (0h:0m:1s)
Total wall-clock time used: 1.347 sec (0h:0m:1s)

Analysis results written to: 
  IQ-TREE report:                ../simulations/data_D10T10L20I10T10//S/725_pruned.fasta.iqtree
  Maximum-likelihood tree:       ../simulations/data_D10T10L20I10T10//S/725_pruned.fasta.treefile
  Likelihood distances:          ../simulations/data_D10T10L20I10T10//S/725_pruned.fasta.mldist
  Screen log file:               ../simulations/data_D10T10L20I10T10//S/725_pruned.fasta.log

Date and Time: Fri Jun  1 10:32:06 2018
