IQ-TREE version 1.4.2 for Linux 64-bit built Apr 15 2016
Copyright (c) 2011-2015 Nguyen Lam Tung, Olga Chernomor, Arndt von Haeseler and Bui Quang Minh.

Host:    meduse (AVX2, FMA3, 7 GB RAM)
Command: iqtree -s ../simulations/data_D10T10L20I10T10//S/728_pruned.fasta -m GTR+G -alrt 1000 -redo
Seed:    182701 (Using SPRNG - Scalable Parallel Random Number Generator)
Time:    Mon Jun  4 00:27:40 2018
Kernel:  AVX

NOTE: Consider using the multicore version because your CPU has 4 cores!

Reading alignment file ../simulations/data_D10T10L20I10T10//S/728_pruned.fasta ... Fasta format detected
Alignment most likely contains DNA/RNA sequences
Alignment has 26 sequences with 300 columns and 299 patterns (296 informative sites)
          Gap/Ambiguity  Composition  p-value
   1  n295_298    0.00%    passed     61.51%
   2  n266_269    0.00%    passed     84.34%
   3  n255_258    0.00%    passed     35.58%
   4  n277_280    0.00%    passed     94.12%
   5  n299_302    0.00%    passed     92.19%
   6  n287_290    0.00%    passed     84.70%
   7  n292_295    0.00%    passed     91.35%
   8  n274_277    0.00%    passed     82.34%
   9  n275_278    0.00%    passed     48.45%
  10  n278_281    0.00%    passed     93.21%
  11  n286_289    0.00%    passed     16.92%
  12  n236_239    0.00%    passed     53.21%
  13  n293_296    0.00%    passed     62.85%
  14  n285_288    0.00%    passed     38.67%
  15  n296_299    0.00%    passed     79.15%
  16  n294_297    0.00%    passed     61.47%
  17  n289_292    0.00%    passed     59.89%
  18  n290_293    0.00%    passed     90.58%
  19  n200_203    0.00%    passed     95.81%
  20  n280_283    0.00%    passed     96.90%
  21  n297_300    0.00%    passed     75.46%
  22  n298_301    0.00%    passed     79.58%
  23  n251_254    0.00%    passed     51.73%
  24  n300_303    0.00%    passed     96.28%
  25  n244_247    0.00%    passed     75.04%
  26  n265_268    0.00%    passed     79.82%
****  TOTAL       0.00%  0 sequences failed composition chi2 test (p-value<5%; df=3)

Create initial parsimony tree by phylogenetic likelihood library (PLL)... 0.001 seconds

NOTE: 1 MB RAM is required!
Estimate model parameters (epsilon = 0.100)
1. Initial log-likelihood: -5293.013
2. Current log-likelihood: -5202.885
3. Current log-likelihood: -5191.417
4. Current log-likelihood: -5187.904
5. Current log-likelihood: -5186.891
6. Current log-likelihood: -5186.558
Optimal log-likelihood: -5186.429
Rate parameters:  A-C: 0.903  A-G: 1.133  A-T: 1.169  C-G: 0.964  C-T: 1.190  G-T: 1.000
Base frequencies:   A: 0.230  C: 0.286  G: 0.249  T: 0.235
Gamma shape alpha: 3.603
Parameters optimization took 6 rounds (0.072 sec)
--------------------------------------------------------------------
|             INITIALIZING CANDIDATE TREE SET                      |
--------------------------------------------------------------------
Computing ML distances based on estimated model parameters... 0.004 sec
WARNING: Some pairwise ML distances are too long (saturated)
Computing BIONJ tree...
0.000 seconds
Log-likelihood of BIONJ tree: -5189.686
Generating 98 parsimony trees... 0.151 seconds 4 distinct starting trees
Computing log-likelihood of 4 initial trees ... 0.006 seconds
Optimizing top 4 initial trees with NNI...
Iteration 1 / LogL: -5186.410 / Time: 0h:0m:0s
Estimate model parameters (epsilon = 0.100)
BETTER TREE FOUND at iteration 1: -5186.380
Iteration 2 / LogL: -5187.394 / Time: 0h:0m:0s
Iteration 3 / LogL: -5187.395 / Time: 0h:0m:0s
Iteration 4 / LogL: -5186.415 / Time: 0h:0m:0s
Average CPU time for 1 NNI search: 0.013
Finish initializing candidate tree set. Number of distinct locally optimal trees: 2
Current best tree score: -5186.380 / CPU time: 0.216
--------------------------------------------------------------------
|               OPTIMIZING CANDIDATE TREE SET                      |
--------------------------------------------------------------------
Estimate model parameters (epsilon = 0.010)
BETTER TREE FOUND at iteration 6: -5186.211
Iteration 10 / LogL: -5189.796 / Time: 0h:0m:0s
Estimate model parameters (epsilon = 0.010)
BETTER TREE FOUND at iteration 16: -5185.740
Iteration 20 / LogL: -5185.671 / Time: 0h:0m:1s (0h:0m:5s left)
Estimate model parameters (epsilon = 0.010)
BETTER TREE FOUND at iteration 20: -5185.528
Iteration 30 / LogL: -5186.348 / Time: 0h:0m:1s (0h:0m:4s left)
Iteration 40 / LogL: -5201.252 / Time: 0h:0m:1s (0h:0m:3s left)
Iteration 50 / LogL: -5185.954 / Time: 0h:0m:2s (0h:0m:3s left)
Iteration 60 / LogL: -5186.493 / Time: 0h:0m:2s (0h:0m:2s left)
Iteration 70 / LogL: -5185.822 / Time: 0h:0m:2s (0h:0m:1s left)
Iteration 80 / LogL: -5185.583 / Time: 0h:0m:3s (0h:0m:1s left)
Iteration 90 / LogL: -5201.627 / Time: 0h:0m:3s (0h:0m:1s left)
Iteration 100 / LogL: -5185.690 / Time: 0h:0m:3s (0h:0m:0s left)
Iteration 110 / LogL: -5185.918 / Time: 0h:0m:3s (0h:0m:0s left)
Iteration 120 / LogL: -5186.307 / Time: 0h:0m:4s (0h:0m:0s left)
TREE SEARCH COMPLETED AFTER 120 ITERATIONS / Time: 0h:0m:4s

--------------------------------------------------------------------
|                    FINALIZING TREE SEARCH                        |
--------------------------------------------------------------------
Performs final model parameters optimization
Estimate model parameters (epsilon = 0.010)
1. Initial log-likelihood: -5185.528
Optimal log-likelihood: -5185.525
Rate parameters:  A-C: 0.905  A-G: 1.141  A-T: 1.189  C-G: 0.978  C-T: 1.208  G-T: 1.000
Base frequencies:   A: 0.230  C: 0.286  G: 0.249  T: 0.235
Gamma shape alpha: 3.787
Parameters optimization took 1 rounds (0.007 sec)
BEST SCORE FOUND : -5185.525

Testing tree branches by SH-like aLRT with 1000 replicates...
CPU Time used:  0.124 sec.
Total tree length: 9.606

Total number of iterations: 120
CPU time used for tree search: 4.216 sec (0h:0m:4s)
Wall-clock time used for tree search: 4.214 sec (0h:0m:4s)
Total CPU time used: 4.444 sec (0h:0m:4s)
Total wall-clock time used: 4.443 sec (0h:0m:4s)

Analysis results written to: 
  IQ-TREE report:                ../simulations/data_D10T10L20I10T10//S/728_pruned.fasta.iqtree
  Maximum-likelihood tree:       ../simulations/data_D10T10L20I10T10//S/728_pruned.fasta.treefile
  Likelihood distances:          ../simulations/data_D10T10L20I10T10//S/728_pruned.fasta.mldist
  Screen log file:               ../simulations/data_D10T10L20I10T10//S/728_pruned.fasta.log

Date and Time: Mon Jun  4 00:27:44 2018
