IQ-TREE version 1.4.2 for Linux 64-bit built Apr 15 2016
Copyright (c) 2011-2015 Nguyen Lam Tung, Olga Chernomor, Arndt von Haeseler and Bui Quang Minh.

Host:    meduse (AVX2, FMA3, 7 GB RAM)
Command: iqtree -s ../simulations/data_D8T8L15I8T8//S/744_pruned.fasta -m GTR+G -alrt 1000 -redo
Seed:    152406 (Using SPRNG - Scalable Parallel Random Number Generator)
Time:    Fri May 25 23:04:46 2018
Kernel:  AVX

NOTE: Consider using the multicore version because your CPU has 4 cores!

Reading alignment file ../simulations/data_D8T8L15I8T8//S/744_pruned.fasta ... Fasta format detected
Alignment most likely contains DNA/RNA sequences
Alignment has 26 sequences with 300 columns and 179 patterns (166 informative sites)
          Gap/Ambiguity  Composition  p-value
   1  n300_283    0.00%    passed     86.40%
   2  n293_276    0.00%    passed     80.75%
   3  n266_249    0.00%    passed     81.56%
   4  n275_258    0.00%    passed     90.53%
   5  n274_257    0.00%    passed     87.07%
   6  n297_280    0.00%    passed     87.05%
   7  n255_238    0.00%    passed     97.13%
   8  n298_281    0.00%    passed     88.14%
   9  n294_277    0.00%    passed     83.76%
  10  n244_229    0.00%    passed     86.45%
  11  n286_269    0.00%    passed     78.34%
  12  n236_223    0.00%    passed     94.12%
  13  n299_282    0.00%    passed     84.79%
  14  n278_261    0.00%    passed     89.95%
  15  n285_268    0.00%    passed     94.38%
  16  n290_273    0.00%    passed     99.12%
  17  n292_275    0.00%    passed     84.79%
  18  n295_278    0.00%    passed     97.59%
  19  n251_234    0.00%    passed     98.74%
  20  n280_263    0.00%    passed     91.91%
  21  n200_191    0.00%    passed     86.36%
  22  n265_248    0.00%    passed     92.68%
  23  n277_260    0.00%    passed     88.13%
  24  n289_272    0.00%    passed     98.25%
  25  n296_279    0.00%    passed     98.73%
  26  n287_270    0.00%    passed     92.53%
****  TOTAL       0.00%  0 sequences failed composition chi2 test (p-value<5%; df=3)
NOTE: 1 identical sequences (see below) will be ignored for subsequent analysis
NOTE: n292_275 (identical to n299_282) is ignored but added at the end

Create initial parsimony tree by phylogenetic likelihood library (PLL)... 0.001 seconds

NOTE: 0 MB RAM is required!
Estimate model parameters (epsilon = 0.100)
1. Initial log-likelihood: -2109.607
2. Current log-likelihood: -2072.762
3. Current log-likelihood: -2072.303
Optimal log-likelihood: -2072.247
Rate parameters:  A-C: 1.422  A-G: 1.377  A-T: 1.405  C-G: 1.425  C-T: 1.567  G-T: 1.000
Base frequencies:   A: 0.217  C: 0.224  G: 0.285  T: 0.274
Gamma shape alpha: 6.752
Parameters optimization took 3 rounds (0.031 sec)
--------------------------------------------------------------------
|             INITIALIZING CANDIDATE TREE SET                      |
--------------------------------------------------------------------
Computing ML distances based on estimated model parameters... 0.000 sec
Computing BIONJ tree...
0.000 seconds
Log-likelihood of BIONJ tree: -2072.248
Generating 98 parsimony trees... 0.108 seconds 9 distinct starting trees
Computing log-likelihood of 9 initial trees ... 0.017 seconds
Optimizing top 9 initial trees with NNI...
Iteration 1 / LogL: -2072.248 / Time: 0h:0m:0s
Estimate model parameters (epsilon = 0.100)
BETTER SCORE FOUND at iteration 1: -2072.239
Iteration 2 / LogL: -2072.240 / Time: 0h:0m:0s
Iteration 3 / LogL: -2072.241 / Time: 0h:0m:0s
Iteration 4 / LogL: -2072.241 / Time: 0h:0m:0s
Iteration 5 / LogL: -2072.241 / Time: 0h:0m:0s
Iteration 6 / LogL: -2072.241 / Time: 0h:0m:0s
Iteration 7 / LogL: -2072.241 / Time: 0h:0m:0s
Iteration 8 / LogL: -2072.241 / Time: 0h:0m:0s
Iteration 9 / LogL: -2072.241 / Time: 0h:0m:0s
Average CPU time for 1 NNI search: 0.007
Finish initializing candidate tree set. Number of distinct locally optimal trees: 9
Current best tree score: -2072.239 / CPU time: 0.184
--------------------------------------------------------------------
|               OPTIMIZING CANDIDATE TREE SET                      |
--------------------------------------------------------------------
Iteration 10 / LogL: -2072.239 / Time: 0h:0m:0s
Iteration 20 / LogL: -2072.259 / Time: 0h:0m:0s (0h:0m:1s left)
Iteration 30 / LogL: -2072.261 / Time: 0h:0m:0s (0h:0m:1s left)
Iteration 40 / LogL: -2072.244 / Time: 0h:0m:0s (0h:0m:1s left)
Iteration 50 / LogL: -2072.241 / Time: 0h:0m:1s (0h:0m:1s left)
Iteration 60 / LogL: -2072.260 / Time: 0h:0m:1s (0h:0m:0s left)
Iteration 70 / LogL: -2072.290 / Time: 0h:0m:1s (0h:0m:0s left)
Iteration 80 / LogL: -2072.239 / Time: 0h:0m:1s (0h:0m:0s left)
Iteration 90 / LogL: -2080.163 / Time: 0h:0m:1s (0h:0m:0s left)
Iteration 100 / LogL: -2080.160 / Time: 0h:0m:2s (0h:0m:0s left)
TREE SEARCH COMPLETED AFTER 101 ITERATIONS / Time: 0h:0m:2s

--------------------------------------------------------------------
|                    FINALIZING TREE SEARCH                        |
--------------------------------------------------------------------
Performs final model parameters optimization
Estimate model parameters (epsilon = 0.010)
1. Initial log-likelihood: -2072.239
Optimal log-likelihood: -2072.237
Rate parameters:  A-C: 1.398  A-G: 1.352  A-T: 1.380  C-G: 1.409  C-T: 1.540  G-T: 1.000
Base frequencies:   A: 0.217  C: 0.224  G: 0.285  T: 0.274
Gamma shape alpha: 6.749
Parameters optimization took 1 rounds (0.008 sec)
BEST SCORE FOUND : -2072.237

Testing tree branches by SH-like aLRT with 1000 replicates...
CPU Time used:  0.136 sec.
Total tree length: 1.205

Total number of iterations: 101
CPU time used for tree search: 2.152 sec (0h:0m:2s)
Wall-clock time used for tree search: 2.154 sec (0h:0m:2s)
Total CPU time used: 2.344 sec (0h:0m:2s)
Total wall-clock time used: 2.351 sec (0h:0m:2s)

Analysis results written to: 
  IQ-TREE report:                ../simulations/data_D8T8L15I8T8//S/744_pruned.fasta.iqtree
  Maximum-likelihood tree:       ../simulations/data_D8T8L15I8T8//S/744_pruned.fasta.treefile
  Likelihood distances:          ../simulations/data_D8T8L15I8T8//S/744_pruned.fasta.mldist
  Screen log file:               ../simulations/data_D8T8L15I8T8//S/744_pruned.fasta.log

Date and Time: Fri May 25 23:04:48 2018
