IQ-TREE version 1.4.2 for Linux 64-bit built Apr 15 2016
Copyright (c) 2011-2015 Nguyen Lam Tung, Olga Chernomor, Arndt von Haeseler and Bui Quang Minh.

Host:    meduse (AVX2, FMA3, 7 GB RAM)
Command: iqtree -s ../simulations/data_D10T10L20I10T10//S/752_pruned.fasta -m GTR+G -alrt 1000 -redo
Seed:    204363 (Using SPRNG - Scalable Parallel Random Number Generator)
Time:    Fri Jun  1 10:44:59 2018
Kernel:  AVX

NOTE: Consider using the multicore version because your CPU has 4 cores!

Reading alignment file ../simulations/data_D10T10L20I10T10//S/752_pruned.fasta ... Fasta format detected
Alignment most likely contains DNA/RNA sequences
Alignment has 26 sequences with 300 columns and 169 patterns (155 informative sites)
          Gap/Ambiguity  Composition  p-value
   1  n300_303    0.00%    passed     99.33%
   2  n289_292    0.00%    passed     86.60%
   3  n296_299    0.00%    passed     93.22%
   4  n255_258    0.00%    passed     94.20%
   5  n292_295    0.00%    passed     98.25%
   6  n298_301    0.00%    passed     94.90%
   7  n277_280    0.00%    passed     90.74%
   8  n297_300    0.00%    passed     94.90%
   9  n278_281    0.00%    passed     87.84%
  10  n287_290    0.00%    passed     95.13%
  11  n265_268    0.00%    passed     30.73%
  12  n280_283    0.00%    passed     99.88%
  13  n285_288    0.00%    passed     78.94%
  14  n290_293    0.00%    passed     91.61%
  15  n293_296    0.00%    passed     87.51%
  16  n275_278    0.00%    passed     91.07%
  17  n299_302    0.00%    passed     99.33%
  18  n244_245    0.00%    passed     98.60%
  19  n266_269    0.00%    passed     39.52%
  20  n286_289    0.00%    passed     79.32%
  21  n251_254    0.00%    passed     77.44%
  22  n294_297    0.00%    passed     94.10%
  23  n274_277    0.00%    passed     94.24%
  24  n200_201    0.00%    passed     44.59%
  25  n295_298    0.00%    passed     93.22%
  26  n236_237    0.00%    passed     90.40%
****  TOTAL       0.00%  0 sequences failed composition chi2 test (p-value<5%; df=3)
NOTE: 3 identical sequences (see below) will be ignored for subsequent analysis
NOTE: n299_302 (identical to n300_303) is ignored but added at the end
NOTE: n295_298 (identical to n296_299) is ignored but added at the end
NOTE: n297_300 (identical to n298_301) is ignored but added at the end

Create initial parsimony tree by phylogenetic likelihood library (PLL)... 0.001 seconds

NOTE: 0 MB RAM is required!
Estimate model parameters (epsilon = 0.100)
1. Initial log-likelihood: -1996.936
2. Current log-likelihood: -1951.040
3. Current log-likelihood: -1950.858
Optimal log-likelihood: -1950.855
Rate parameters:  A-C: 0.984  A-G: 1.370  A-T: 0.850  C-G: 1.221  C-T: 1.182  G-T: 1.000
Base frequencies:   A: 0.255  C: 0.271  G: 0.231  T: 0.243
Gamma shape alpha: 998.849
Parameters optimization took 3 rounds (0.020 sec)
--------------------------------------------------------------------
|             INITIALIZING CANDIDATE TREE SET                      |
--------------------------------------------------------------------
Computing ML distances based on estimated model parameters... 0.000 sec
Computing BIONJ tree...
0.000 seconds
Log-likelihood of BIONJ tree: -1950.855
Generating 98 parsimony trees... 0.094 seconds 26 distinct starting trees
Computing log-likelihood of 26 initial trees ... 0.064 seconds
Optimizing top 20 initial trees with NNI...
Iteration 1 / LogL: -1950.855 / Time: 0h:0m:0s
Estimate model parameters (epsilon = 0.100)
BETTER SCORE FOUND at iteration 1: -1950.853
Iteration 2 / LogL: -1950.854 / Time: 0h:0m:0s
Iteration 3 / LogL: -1950.855 / Time: 0h:0m:0s
Iteration 4 / LogL: -1950.855 / Time: 0h:0m:0s
Iteration 5 / LogL: -1950.855 / Time: 0h:0m:0s
Iteration 6 / LogL: -1950.855 / Time: 0h:0m:0s
Iteration 7 / LogL: -1950.855 / Time: 0h:0m:0s
Iteration 8 / LogL: -1950.855 / Time: 0h:0m:0s
Iteration 9 / LogL: -1950.855 / Time: 0h:0m:0s
Iteration 10 / LogL: -1950.855 / Time: 0h:0m:0s
Iteration 11 / LogL: -1950.855 / Time: 0h:0m:0s
Iteration 12 / LogL: -1950.855 / Time: 0h:0m:0s
Iteration 13 / LogL: -1950.855 / Time: 0h:0m:0s
Iteration 14 / LogL: -1950.855 / Time: 0h:0m:0s
Iteration 15 / LogL: -1950.855 / Time: 0h:0m:0s
Iteration 16 / LogL: -1950.855 / Time: 0h:0m:0s
Iteration 17 / LogL: -1950.855 / Time: 0h:0m:0s
Iteration 18 / LogL: -1950.855 / Time: 0h:0m:0s
Iteration 19 / LogL: -1950.855 / Time: 0h:0m:0s
Iteration 20 / LogL: -1950.855 / Time: 0h:0m:0s
Average CPU time for 1 NNI search: 0.006
Finish initializing candidate tree set. Number of distinct locally optimal trees: 20
Current best tree score: -1950.853 / CPU time: 0.268
--------------------------------------------------------------------
|               OPTIMIZING CANDIDATE TREE SET                      |
--------------------------------------------------------------------
Iteration 30 / LogL: -1950.889 / Time: 0h:0m:0s (0h:0m:1s left)
Iteration 40 / LogL: -1950.853 / Time: 0h:0m:0s (0h:0m:0s left)
Iteration 50 / LogL: -1950.860 / Time: 0h:0m:0s (0h:0m:0s left)
Iteration 60 / LogL: -1950.858 / Time: 0h:0m:0s (0h:0m:0s left)
Iteration 70 / LogL: -1950.924 / Time: 0h:0m:1s (0h:0m:0s left)
Iteration 80 / LogL: -1950.853 / Time: 0h:0m:1s (0h:0m:0s left)
Iteration 90 / LogL: -1950.862 / Time: 0h:0m:1s (0h:0m:0s left)
Iteration 100 / LogL: -1950.854 / Time: 0h:0m:1s (0h:0m:0s left)
TREE SEARCH COMPLETED AFTER 101 ITERATIONS / Time: 0h:0m:1s

--------------------------------------------------------------------
|                    FINALIZING TREE SEARCH                        |
--------------------------------------------------------------------
Performs final model parameters optimization
Estimate model parameters (epsilon = 0.010)
1. Initial log-likelihood: -1950.853
Optimal log-likelihood: -1950.852
Rate parameters:  A-C: 0.980  A-G: 1.362  A-T: 0.845  C-G: 1.215  C-T: 1.176  G-T: 1.000
Base frequencies:   A: 0.255  C: 0.271  G: 0.231  T: 0.243
Gamma shape alpha: 998.849
Parameters optimization took 1 rounds (0.005 sec)
BEST SCORE FOUND : -1950.852

Testing tree branches by SH-like aLRT with 1000 replicates...
CPU Time used:  0.108 sec.
Total tree length: 1.108

Total number of iterations: 101
CPU time used for tree search: 1.392 sec (0h:0m:1s)
Wall-clock time used for tree search: 1.402 sec (0h:0m:1s)
Total CPU time used: 1.540 sec (0h:0m:1s)
Total wall-clock time used: 1.550 sec (0h:0m:1s)

Analysis results written to: 
  IQ-TREE report:                ../simulations/data_D10T10L20I10T10//S/752_pruned.fasta.iqtree
  Maximum-likelihood tree:       ../simulations/data_D10T10L20I10T10//S/752_pruned.fasta.treefile
  Likelihood distances:          ../simulations/data_D10T10L20I10T10//S/752_pruned.fasta.mldist
  Screen log file:               ../simulations/data_D10T10L20I10T10//S/752_pruned.fasta.log

Date and Time: Fri Jun  1 10:45:00 2018
