IQ-TREE version 1.4.2 for Linux 64-bit built Apr 15 2016
Copyright (c) 2011-2015 Nguyen Lam Tung, Olga Chernomor, Arndt von Haeseler and Bui Quang Minh.

Host:    meduse (AVX2, FMA3, 7 GB RAM)
Command: iqtree -s ../simulations/data_D10T10L20I10T10//S/759_pruned.fasta -m GTR+G -alrt 1000 -redo
Seed:    744303 (Using SPRNG - Scalable Parallel Random Number Generator)
Time:    Mon Jun  4 00:54:48 2018
Kernel:  AVX

NOTE: Consider using the multicore version because your CPU has 4 cores!

Reading alignment file ../simulations/data_D10T10L20I10T10//S/759_pruned.fasta ... Fasta format detected
Alignment most likely contains DNA/RNA sequences
Alignment has 30 sequences with 300 columns and 300 patterns (296 informative sites)
          Gap/Ambiguity  Composition  p-value
   1  n285_328    0.00%    passed     96.84%
   2  n278_321    0.00%    passed     64.62%
   3  n298_343    0.00%    passed     95.49%
   4  n289_334    0.00%    passed     74.02%
   5  n280_323    0.00%    passed     43.86%
   6  n244_279    0.00%    passed     50.12%
   7  n287_332    0.00%    passed     92.02%
   8  n251_290    0.00%    passed     16.37%
   9  n265_308    0.00%    passed     69.43%
  10  n286_329    0.00%    passed     98.78%
  11  n275_318    0.00%    passed     94.75%
  12  n294_339    0.00%    passed     72.96%
  13  n200_229    0.00%    passed     50.58%
  14  n296_341    0.00%    passed     93.74%
  15  n286_331    0.00%    passed      6.36%
  16  n295_340    0.00%    passed     97.44%
  17  n236_271    0.00%    passed     90.98%
  18  n290_335    0.00%    passed     64.97%
  19  n299_344    0.00%    passed     26.75%
  20  n266_309    0.00%    passed     49.79%
  21  n292_337    0.00%    passed     20.02%
  22  n274_317    0.00%    passed     39.96%
  23  n265_306    0.00%    passed     28.08%
  24  n285_330    0.00%    passed      6.44%
  25  n297_342    0.00%    passed     97.48%
  26  n266_307    0.00%    passed     25.65%
  27  n300_345    0.00%    passed     35.43%
  28  n293_338    0.00%    passed     59.68%
  29  n255_294    0.00%    passed     77.32%
  30  n277_320    0.00%    passed     87.49%
****  TOTAL       0.00%  0 sequences failed composition chi2 test (p-value<5%; df=3)

Create initial parsimony tree by phylogenetic likelihood library (PLL)... 0.001 seconds

NOTE: 1 MB RAM is required!
Estimate model parameters (epsilon = 0.100)
1. Initial log-likelihood: -6155.976
2. Current log-likelihood: -6044.523
3. Current log-likelihood: -6031.173
4. Current log-likelihood: -6029.287
5. Current log-likelihood: -6029.051
Optimal log-likelihood: -6029.006
Rate parameters:  A-C: 1.514  A-G: 1.338  A-T: 1.205  C-G: 1.055  C-T: 1.455  G-T: 1.000
Base frequencies:   A: 0.206  C: 0.294  G: 0.256  T: 0.244
Gamma shape alpha: 3.824
Parameters optimization took 5 rounds (0.078 sec)
--------------------------------------------------------------------
|             INITIALIZING CANDIDATE TREE SET                      |
--------------------------------------------------------------------
Computing ML distances based on estimated model parameters... 0.004 sec
Computing BIONJ tree...
0.001 seconds
Log-likelihood of BIONJ tree: -6028.963
Generating 98 parsimony trees... 0.166 seconds 4 distinct starting trees
Computing log-likelihood of 4 initial trees ... 0.007 seconds
Optimizing top 4 initial trees with NNI...
Iteration 1 / LogL: -6028.079 / Time: 0h:0m:0s
Estimate model parameters (epsilon = 0.100)
BETTER SCORE FOUND at iteration 1: -6027.260
Iteration 2 / LogL: -6027.200 / Time: 0h:0m:0s
Estimate model parameters (epsilon = 0.100)
BETTER SCORE FOUND at iteration 2: -6027.151
Iteration 3 / LogL: -6027.152 / Time: 0h:0m:0s
Iteration 4 / LogL: -6027.474 / Time: 0h:0m:0s
Average CPU time for 1 NNI search: 0.023
Finish initializing candidate tree set. Number of distinct locally optimal trees: 1
Current best tree score: -6027.151 / CPU time: 0.264
--------------------------------------------------------------------
|               OPTIMIZING CANDIDATE TREE SET                      |
--------------------------------------------------------------------
Iteration 10 / LogL: -6027.394 / Time: 0h:0m:0s
Iteration 20 / LogL: -6027.752 / Time: 0h:0m:1s (0h:0m:4s left)
Iteration 30 / LogL: -6028.236 / Time: 0h:0m:1s (0h:0m:3s left)
Iteration 40 / LogL: -6027.458 / Time: 0h:0m:1s (0h:0m:2s left)
Iteration 50 / LogL: -6028.990 / Time: 0h:0m:2s (0h:0m:2s left)
Iteration 60 / LogL: -6027.881 / Time: 0h:0m:2s (0h:0m:1s left)
Iteration 70 / LogL: -6027.416 / Time: 0h:0m:3s (0h:0m:1s left)
Iteration 80 / LogL: -6032.585 / Time: 0h:0m:3s (0h:0m:0s left)
Iteration 90 / LogL: -6027.256 / Time: 0h:0m:3s (0h:0m:0s left)
Iteration 100 / LogL: -6027.204 / Time: 0h:0m:4s (0h:0m:0s left)
TREE SEARCH COMPLETED AFTER 101 ITERATIONS / Time: 0h:0m:4s

--------------------------------------------------------------------
|                    FINALIZING TREE SEARCH                        |
--------------------------------------------------------------------
Performs final model parameters optimization
Estimate model parameters (epsilon = 0.010)
1. Initial log-likelihood: -6027.151
Optimal log-likelihood: -6027.138
Rate parameters:  A-C: 1.512  A-G: 1.326  A-T: 1.204  C-G: 1.054  C-T: 1.447  G-T: 1.000
Base frequencies:   A: 0.206  C: 0.294  G: 0.256  T: 0.244
Gamma shape alpha: 3.896
Parameters optimization took 1 rounds (0.008 sec)
BEST SCORE FOUND : -6027.138

Testing tree branches by SH-like aLRT with 1000 replicates...
CPU Time used:  0.144 sec.
Total tree length: 9.618

Total number of iterations: 101
CPU time used for tree search: 4.204 sec (0h:0m:4s)
Wall-clock time used for tree search: 4.202 sec (0h:0m:4s)
Total CPU time used: 4.456 sec (0h:0m:4s)
Total wall-clock time used: 4.457 sec (0h:0m:4s)

Analysis results written to: 
  IQ-TREE report:                ../simulations/data_D10T10L20I10T10//S/759_pruned.fasta.iqtree
  Maximum-likelihood tree:       ../simulations/data_D10T10L20I10T10//S/759_pruned.fasta.treefile
  Likelihood distances:          ../simulations/data_D10T10L20I10T10//S/759_pruned.fasta.mldist
  Screen log file:               ../simulations/data_D10T10L20I10T10//S/759_pruned.fasta.log

Date and Time: Mon Jun  4 00:54:53 2018
