IQ-TREE version 1.4.2 for Linux 64-bit built Apr 15 2016
Copyright (c) 2011-2015 Nguyen Lam Tung, Olga Chernomor, Arndt von Haeseler and Bui Quang Minh.

Host:    meduse (AVX2, FMA3, 7 GB RAM)
Command: iqtree -s ../simulations/data_D10T10L20I10T10//S/764_pruned.fasta -m GTR+G -alrt 1000 -redo
Seed:    37021 (Using SPRNG - Scalable Parallel Random Number Generator)
Time:    Mon Jun  4 00:44:43 2018
Kernel:  AVX

NOTE: Consider using the multicore version because your CPU has 4 cores!

Reading alignment file ../simulations/data_D10T10L20I10T10//S/764_pruned.fasta ... Fasta format detected
Alignment most likely contains DNA/RNA sequences
Alignment has 26 sequences with 300 columns and 299 patterns (297 informative sites)
          Gap/Ambiguity  Composition  p-value
   1  n266_269    0.00%    passed     33.29%
   2  n255_258    0.00%    passed     50.81%
   3  n277_280    0.00%    passed     15.73%
   4  n287_290    0.00%    passed     71.02%
   5  n274_277    0.00%    passed     23.24%
   6  n296_301    0.00%    passed     75.86%
   7  n286_289    0.00%    passed     24.43%
   8  n290_295    0.00%    passed     72.18%
   9  n295_300    0.00%    passed     72.49%
  10  n275_278    0.00%    passed     56.91%
  11  n278_281    0.00%    passed     19.72%
  12  n299_304    0.00%    passed     62.31%
  13  n289_294    0.00%    passed     78.33%
  14  n285_288    0.00%    passed     46.21%
  15  n236_239    0.00%    passed     29.19%
  16  n300_305    0.00%    passed     59.99%
  17  n251_254    0.00%    passed     44.85%
  18  n298_303    0.00%    passed     90.61%
  19  n297_302    0.00%    passed     55.25%
  20  n280_283    0.00%    passed     33.54%
  21  n200_203    0.00%    passed     21.13%
  22  n294_299    0.00%    passed     30.79%
  23  n293_298    0.00%    passed     38.47%
  24  n292_297    0.00%    passed     64.21%
  25  n244_247    0.00%    passed     88.07%
  26  n265_268    0.00%    passed     28.17%
****  TOTAL       0.00%  0 sequences failed composition chi2 test (p-value<5%; df=3)

Create initial parsimony tree by phylogenetic likelihood library (PLL)... 0.002 seconds

NOTE: 1 MB RAM is required!
Estimate model parameters (epsilon = 0.100)
1. Initial log-likelihood: -5310.790
2. Current log-likelihood: -5202.737
3. Current log-likelihood: -5190.723
4. Current log-likelihood: -5188.835
5. Current log-likelihood: -5188.511
Optimal log-likelihood: -5188.428
Rate parameters:  A-C: 1.133  A-G: 1.547  A-T: 1.668  C-G: 1.106  C-T: 1.675  G-T: 1.000
Base frequencies:   A: 0.210  C: 0.289  G: 0.274  T: 0.226
Gamma shape alpha: 3.561
Parameters optimization took 5 rounds (0.075 sec)
--------------------------------------------------------------------
|             INITIALIZING CANDIDATE TREE SET                      |
--------------------------------------------------------------------
Computing ML distances based on estimated model parameters... 0.004 sec
WARNING: Some pairwise ML distances are too long (saturated)
Computing BIONJ tree...
0.000 seconds
Log-likelihood of BIONJ tree: -5189.219
Generating 98 parsimony trees... 0.149 seconds 3 distinct starting trees
Computing log-likelihood of 3 initial trees ... 0.003 seconds
Optimizing top 3 initial trees with NNI...
Iteration 1 / LogL: -5187.831 / Time: 0h:0m:0s
Estimate model parameters (epsilon = 0.100)
BETTER TREE FOUND at iteration 1: -5187.796
Iteration 2 / LogL: -5188.001 / Time: 0h:0m:0s
Iteration 3 / LogL: -5187.799 / Time: 0h:0m:0s
Average CPU time for 1 NNI search: 0.019
Finish initializing candidate tree set. Number of distinct locally optimal trees: 2
Current best tree score: -5187.796 / CPU time: 0.208
--------------------------------------------------------------------
|               OPTIMIZING CANDIDATE TREE SET                      |
--------------------------------------------------------------------
Iteration 10 / LogL: -5187.940 / Time: 0h:0m:0s
Iteration 20 / LogL: -5187.937 / Time: 0h:0m:0s (0h:0m:4s left)
Iteration 30 / LogL: -5187.889 / Time: 0h:0m:1s (0h:0m:3s left)
Iteration 40 / LogL: -5187.825 / Time: 0h:0m:1s (0h:0m:2s left)
Iteration 50 / LogL: -5187.831 / Time: 0h:0m:2s (0h:0m:2s left)
Iteration 60 / LogL: -5187.888 / Time: 0h:0m:2s (0h:0m:1s left)
Iteration 70 / LogL: -5187.826 / Time: 0h:0m:2s (0h:0m:1s left)
Iteration 80 / LogL: -5194.538 / Time: 0h:0m:3s (0h:0m:0s left)
Iteration 90 / LogL: -5187.791 / Time: 0h:0m:3s (0h:0m:0s left)
Iteration 100 / LogL: -5187.791 / Time: 0h:0m:3s (0h:0m:0s left)
TREE SEARCH COMPLETED AFTER 101 ITERATIONS / Time: 0h:0m:4s

--------------------------------------------------------------------
|                    FINALIZING TREE SEARCH                        |
--------------------------------------------------------------------
Performs final model parameters optimization
Estimate model parameters (epsilon = 0.010)
1. Initial log-likelihood: -5187.790
2. Current log-likelihood: -5187.779
Optimal log-likelihood: -5187.772
Rate parameters:  A-C: 1.102  A-G: 1.521  A-T: 1.666  C-G: 1.100  C-T: 1.641  G-T: 1.000
Base frequencies:   A: 0.210  C: 0.289  G: 0.274  T: 0.226
Gamma shape alpha: 3.604
Parameters optimization took 2 rounds (0.014 sec)
BEST SCORE FOUND : -5187.772

Testing tree branches by SH-like aLRT with 1000 replicates...
CPU Time used:  0.124 sec.
Total tree length: 9.170

Total number of iterations: 101
CPU time used for tree search: 3.908 sec (0h:0m:3s)
Wall-clock time used for tree search: 3.907 sec (0h:0m:3s)
Total CPU time used: 4.160 sec (0h:0m:4s)
Total wall-clock time used: 4.161 sec (0h:0m:4s)

Analysis results written to: 
  IQ-TREE report:                ../simulations/data_D10T10L20I10T10//S/764_pruned.fasta.iqtree
  Maximum-likelihood tree:       ../simulations/data_D10T10L20I10T10//S/764_pruned.fasta.treefile
  Likelihood distances:          ../simulations/data_D10T10L20I10T10//S/764_pruned.fasta.mldist
  Screen log file:               ../simulations/data_D10T10L20I10T10//S/764_pruned.fasta.log

Date and Time: Mon Jun  4 00:44:47 2018
