IQ-TREE version 1.4.2 for Linux 64-bit built Apr 15 2016
Copyright (c) 2011-2015 Nguyen Lam Tung, Olga Chernomor, Arndt von Haeseler and Bui Quang Minh.

Host:    meduse (AVX2, FMA3, 7 GB RAM)
Command: iqtree -s ../simulations/data_D10T10L20I10T10//S/769_pruned.fasta -m GTR+G -alrt 1000 -redo
Seed:    806814 (Using SPRNG - Scalable Parallel Random Number Generator)
Time:    Mon Jun  4 00:39:30 2018
Kernel:  AVX

NOTE: Consider using the multicore version because your CPU has 4 cores!

Reading alignment file ../simulations/data_D10T10L20I10T10//S/769_pruned.fasta ... Fasta format detected
Alignment most likely contains DNA/RNA sequences
Alignment has 26 sequences with 300 columns and 300 patterns (294 informative sites)
          Gap/Ambiguity  Composition  p-value
   1  n299_300    0.00%    passed     94.83%
   2  n300_301    0.00%    passed     94.35%
   3  n290_291    0.00%    passed     71.18%
   4  n244_245    0.00%    passed     58.03%
   5  n255_256    0.00%    passed     26.00%
   6  n277_278    0.00%    passed     89.24%
   7  n200_201    0.00%    passed     12.98%
   8  n236_237    0.00%    passed     60.77%
   9  n274_275    0.00%    passed     76.54%
  10  n289_290    0.00%    passed     77.38%
  11  n296_297    0.00%    passed     87.72%
  12  n275_276    0.00%    passed     41.79%
  13  n292_293    0.00%    passed     97.98%
  14  n278_279    0.00%    passed     13.87%
  15  n298_299    0.00%    passed     44.51%
  16  n297_298    0.00%    passed     48.97%
  17  n286_287    0.00%    passed     18.77%
  18  n285_286    0.00%    passed     38.01%
  19  n287_288    0.00%    passed     82.86%
  20  n251_252    0.00%    passed     14.18%
  21  n294_295    0.00%    passed     21.53%
  22  n295_296    0.00%    passed     93.71%
  23  n266_267    0.00%    passed     42.18%
  24  n265_266    0.00%    passed     29.67%
  25  n280_281    0.00%    passed     99.25%
  26  n293_294    0.00%    passed     41.61%
****  TOTAL       0.00%  0 sequences failed composition chi2 test (p-value<5%; df=3)

Create initial parsimony tree by phylogenetic likelihood library (PLL)... 0.002 seconds

NOTE: 1 MB RAM is required!
Estimate model parameters (epsilon = 0.100)
1. Initial log-likelihood: -5219.109
2. Current log-likelihood: -5138.510
3. Current log-likelihood: -5120.950
4. Current log-likelihood: -5115.963
5. Current log-likelihood: -5114.505
6. Current log-likelihood: -5114.055
Optimal log-likelihood: -5113.919
Rate parameters:  A-C: 1.075  A-G: 1.220  A-T: 0.838  C-G: 0.907  C-T: 1.319  G-T: 1.000
Base frequencies:   A: 0.235  C: 0.269  G: 0.237  T: 0.260
Gamma shape alpha: 4.887
Parameters optimization took 6 rounds (0.084 sec)
--------------------------------------------------------------------
|             INITIALIZING CANDIDATE TREE SET                      |
--------------------------------------------------------------------
Computing ML distances based on estimated model parameters... 0.004 sec
WARNING: Some pairwise ML distances are too long (saturated)
Computing BIONJ tree...
0.000 seconds
Log-likelihood of BIONJ tree: -5113.792
Generating 99 parsimony trees... 0.132 seconds 2 distinct starting trees
Computing log-likelihood of 2 initial trees ... 0.003 seconds
Optimizing top 2 initial trees with NNI...
Iteration 1 / LogL: -5113.056 / Time: 0h:0m:0s
Estimate model parameters (epsilon = 0.100)
BETTER TREE FOUND at iteration 1: -5111.444
Iteration 2 / LogL: -5114.590 / Time: 0h:0m:0s
Average CPU time for 1 NNI search: 0.024
Finish initializing candidate tree set. Number of distinct locally optimal trees: 2
Current best tree score: -5111.444 / CPU time: 0.180
--------------------------------------------------------------------
|               OPTIMIZING CANDIDATE TREE SET                      |
--------------------------------------------------------------------
Iteration 10 / LogL: -5134.424 / Time: 0h:0m:0s
Iteration 20 / LogL: -5119.956 / Time: 0h:0m:0s (0h:0m:3s left)
Iteration 30 / LogL: -5113.211 / Time: 0h:0m:1s (0h:0m:2s left)
Estimate model parameters (epsilon = 0.010)
UPDATE BEST LOG-LIKELIHOOD: -5111.329
Iteration 40 / LogL: -5124.374 / Time: 0h:0m:1s (0h:0m:2s left)
Iteration 50 / LogL: -5141.303 / Time: 0h:0m:1s (0h:0m:1s left)
Iteration 60 / LogL: -5114.237 / Time: 0h:0m:2s (0h:0m:1s left)
Iteration 70 / LogL: -5114.211 / Time: 0h:0m:2s (0h:0m:1s left)
Iteration 80 / LogL: -5111.715 / Time: 0h:0m:2s (0h:0m:0s left)
Iteration 90 / LogL: -5113.385 / Time: 0h:0m:2s (0h:0m:0s left)
Iteration 100 / LogL: -5112.260 / Time: 0h:0m:3s (0h:0m:0s left)
TREE SEARCH COMPLETED AFTER 101 ITERATIONS / Time: 0h:0m:3s

--------------------------------------------------------------------
|                    FINALIZING TREE SEARCH                        |
--------------------------------------------------------------------
Performs final model parameters optimization
Estimate model parameters (epsilon = 0.010)
1. Initial log-likelihood: -5111.329
Optimal log-likelihood: -5111.327
Rate parameters:  A-C: 1.066  A-G: 1.215  A-T: 0.842  C-G: 0.906  C-T: 1.324  G-T: 1.000
Base frequencies:   A: 0.235  C: 0.269  G: 0.237  T: 0.260
Gamma shape alpha: 4.764
Parameters optimization took 1 rounds (0.007 sec)
BEST SCORE FOUND : -5111.327

Testing tree branches by SH-like aLRT with 1000 replicates...
CPU Time used:  0.116 sec.
Total tree length: 9.138

Total number of iterations: 101
CPU time used for tree search: 3.080 sec (0h:0m:3s)
Wall-clock time used for tree search: 3.082 sec (0h:0m:3s)
Total CPU time used: 3.328 sec (0h:0m:3s)
Total wall-clock time used: 3.329 sec (0h:0m:3s)

Analysis results written to: 
  IQ-TREE report:                ../simulations/data_D10T10L20I10T10//S/769_pruned.fasta.iqtree
  Maximum-likelihood tree:       ../simulations/data_D10T10L20I10T10//S/769_pruned.fasta.treefile
  Likelihood distances:          ../simulations/data_D10T10L20I10T10//S/769_pruned.fasta.mldist
  Screen log file:               ../simulations/data_D10T10L20I10T10//S/769_pruned.fasta.log

Date and Time: Mon Jun  4 00:39:34 2018
