IQ-TREE version 1.4.2 for Linux 64-bit built Apr 15 2016
Copyright (c) 2011-2015 Nguyen Lam Tung, Olga Chernomor, Arndt von Haeseler and Bui Quang Minh.

Host:    meduse (AVX2, FMA3, 7 GB RAM)
Command: iqtree -s ../simulations/data_D10T10L20I10T10//S/773_pruned.fasta -m GTR+G -alrt 1000 -redo
Seed:    56801 (Using SPRNG - Scalable Parallel Random Number Generator)
Time:    Mon Jun  4 00:59:31 2018
Kernel:  AVX

NOTE: Consider using the multicore version because your CPU has 4 cores!

Reading alignment file ../simulations/data_D10T10L20I10T10//S/773_pruned.fasta ... Fasta format detected
Alignment most likely contains DNA/RNA sequences
Alignment has 28 sequences with 300 columns and 300 patterns (292 informative sites)
          Gap/Ambiguity  Composition  p-value
   1  n299_328    0.00%    passed     54.33%
   2  n265_294    0.00%    passed     31.29%
   3  n290_319    0.00%    passed     79.21%
   4  n289_318    0.00%    passed     75.64%
   5  n275_304    0.00%    passed     72.16%
   6  n293_322    0.00%    passed     71.57%
   7  n251_276    0.00%    passed     32.54%
   8  n236_259    0.00%    passed     48.18%
   9  n285_314    0.00%    passed     26.85%
  10  n292_321    0.00%    passed     73.79%
  11  n277_306    0.00%    passed     42.84%
  12  n200_215    0.00%    passed     27.99%
  13  n295_324    0.00%    passed     74.92%
  14  n280_309    0.00%    passed     53.64%
  15  n278_307    0.00%    passed     56.91%
  16  n300_329    0.00%    passed     63.79%
  17  n266_295    0.00%    passed     27.29%
  18  n287_316    0.00%    passed     76.57%
  19  n298_327    0.00%    passed     94.60%
  20  n244_269    0.00%    passed     85.88%
  21  n286_315    0.00%    passed     37.75%
  22  n296_325    0.00%    passed     37.20%
  23  n294_323    0.00%    passed     92.89%
  24  n251_278    0.00%    passed     38.07%
  25  n297_326    0.00%    passed     97.33%
  26  n274_303    0.00%    passed     83.30%
  27  n255_282    0.00%    passed     83.37%
  28  n255_284    0.00%    passed     31.18%
****  TOTAL       0.00%  0 sequences failed composition chi2 test (p-value<5%; df=3)

Create initial parsimony tree by phylogenetic likelihood library (PLL)... 0.002 seconds

NOTE: 1 MB RAM is required!
Estimate model parameters (epsilon = 0.100)
1. Initial log-likelihood: -6001.224
2. Current log-likelihood: -5901.784
3. Current log-likelihood: -5883.995
4. Current log-likelihood: -5879.758
5. Current log-likelihood: -5878.904
6. Current log-likelihood: -5878.761
Optimal log-likelihood: -5878.677
Rate parameters:  A-C: 1.012  A-G: 0.951  A-T: 0.817  C-G: 0.850  C-T: 0.945  G-T: 1.000
Base frequencies:   A: 0.239  C: 0.284  G: 0.246  T: 0.231
Gamma shape alpha: 4.925
Parameters optimization took 6 rounds (0.087 sec)
--------------------------------------------------------------------
|             INITIALIZING CANDIDATE TREE SET                      |
--------------------------------------------------------------------
Computing ML distances based on estimated model parameters... 0.004 sec
WARNING: Some pairwise ML distances are too long (saturated)
Computing BIONJ tree...
0.000 seconds
Log-likelihood of BIONJ tree: -5878.316
Generating 98 parsimony trees... 0.187 seconds 5 distinct starting trees
Computing log-likelihood of 5 initial trees ... 0.010 seconds
Optimizing top 5 initial trees with NNI...
Iteration 1 / LogL: -5876.397 / Time: 0h:0m:0s
Estimate model parameters (epsilon = 0.100)
BETTER TREE FOUND at iteration 1: -5876.263
Iteration 2 / LogL: -5876.656 / Time: 0h:0m:0s
Iteration 3 / LogL: -5876.771 / Time: 0h:0m:0s
Iteration 4 / LogL: -5877.994 / Time: 0h:0m:0s
Iteration 5 / LogL: -5877.990 / Time: 0h:0m:0s
Average CPU time for 1 NNI search: 0.022
Finish initializing candidate tree set. Number of distinct locally optimal trees: 3
Current best tree score: -5876.263 / CPU time: 0.304
--------------------------------------------------------------------
|               OPTIMIZING CANDIDATE TREE SET                      |
--------------------------------------------------------------------
Estimate model parameters (epsilon = 0.010)
UPDATE BEST LOG-LIKELIHOOD: -5875.743
Iteration 10 / LogL: -5876.896 / Time: 0h:0m:0s
Iteration 20 / LogL: -5878.927 / Time: 0h:0m:0s (0h:0m:4s left)
Iteration 30 / LogL: -5875.899 / Time: 0h:0m:1s (0h:0m:3s left)
Iteration 40 / LogL: -5875.989 / Time: 0h:0m:1s (0h:0m:2s left)
Iteration 50 / LogL: -5876.006 / Time: 0h:0m:2s (0h:0m:2s left)
Iteration 60 / LogL: -5875.937 / Time: 0h:0m:2s (0h:0m:1s left)
Iteration 70 / LogL: -5875.987 / Time: 0h:0m:2s (0h:0m:1s left)
Iteration 80 / LogL: -5877.253 / Time: 0h:0m:3s (0h:0m:0s left)
Iteration 90 / LogL: -5875.952 / Time: 0h:0m:3s (0h:0m:0s left)
Iteration 100 / LogL: -5875.879 / Time: 0h:0m:4s (0h:0m:0s left)
TREE SEARCH COMPLETED AFTER 101 ITERATIONS / Time: 0h:0m:4s

--------------------------------------------------------------------
|                    FINALIZING TREE SEARCH                        |
--------------------------------------------------------------------
Performs final model parameters optimization
Estimate model parameters (epsilon = 0.010)
1. Initial log-likelihood: -5875.743
Optimal log-likelihood: -5875.739
Rate parameters:  A-C: 1.012  A-G: 0.948  A-T: 0.810  C-G: 0.861  C-T: 0.954  G-T: 1.000
Base frequencies:   A: 0.239  C: 0.284  G: 0.246  T: 0.231
Gamma shape alpha: 4.693
Parameters optimization took 1 rounds (0.010 sec)
BEST SCORE FOUND : -5875.739

Testing tree branches by SH-like aLRT with 1000 replicates...
CPU Time used:  0.132 sec.
Total tree length: 10.208

Total number of iterations: 101
CPU time used for tree search: 4.004 sec (0h:0m:4s)
Wall-clock time used for tree search: 4.001 sec (0h:0m:4s)
Total CPU time used: 4.264 sec (0h:0m:4s)
Total wall-clock time used: 4.264 sec (0h:0m:4s)

Analysis results written to: 
  IQ-TREE report:                ../simulations/data_D10T10L20I10T10//S/773_pruned.fasta.iqtree
  Maximum-likelihood tree:       ../simulations/data_D10T10L20I10T10//S/773_pruned.fasta.treefile
  Likelihood distances:          ../simulations/data_D10T10L20I10T10//S/773_pruned.fasta.mldist
  Screen log file:               ../simulations/data_D10T10L20I10T10//S/773_pruned.fasta.log

Date and Time: Mon Jun  4 00:59:35 2018
