IQ-TREE version 1.4.2 for Linux 64-bit built Apr 15 2016
Copyright (c) 2011-2015 Nguyen Lam Tung, Olga Chernomor, Arndt von Haeseler and Bui Quang Minh.

Host:    meduse (AVX2, FMA3, 7 GB RAM)
Command: iqtree -s ../simulations/data_D10T10L20I10T10//S/778_pruned.fasta -m GTR+G -alrt 1000 -redo
Seed:    198020 (Using SPRNG - Scalable Parallel Random Number Generator)
Time:    Mon Jun  4 00:50:33 2018
Kernel:  AVX

NOTE: Consider using the multicore version because your CPU has 4 cores!

Reading alignment file ../simulations/data_D10T10L20I10T10//S/778_pruned.fasta ... Fasta format detected
Alignment most likely contains DNA/RNA sequences
Alignment has 19 sequences with 300 columns and 295 patterns (284 informative sites)
          Gap/Ambiguity  Composition  p-value
   1  n275_250    0.00%    passed     67.80%
   2  n200_193    0.00%    passed     99.34%
   3  n289_258    0.00%    passed     87.99%
   4  n286_255    0.00%    passed     46.10%
   5  n265_244    0.00%    passed     11.65%
   6  n296_263    0.00%    passed     98.99%
   7  n236_221    0.00%    passed     75.01%
   8  n293_260    0.00%    passed     98.76%
   9  n290_259    0.00%    passed     78.71%
  10  n294_261    0.00%    passed     90.24%
  11  n295_262    0.00%    passed     98.27%
  12  n297_264    0.00%    passed     86.62%
  13  n266_245    0.00%    passed     25.52%
  14  n287_256    0.00%    passed     78.28%
  15  n251_236    0.00%    passed     56.91%
  16  n255_238    0.00%    passed     68.62%
  17  n298_265    0.00%    passed     76.05%
  18  n244_229    0.00%    passed     93.05%
  19  n285_254    0.00%    passed     50.93%
****  TOTAL       0.00%  0 sequences failed composition chi2 test (p-value<5%; df=3)

Create initial parsimony tree by phylogenetic likelihood library (PLL)... 0.001 seconds

NOTE: 0 MB RAM is required!
Estimate model parameters (epsilon = 0.100)
1. Initial log-likelihood: -4070.855
2. Current log-likelihood: -3991.553
3. Current log-likelihood: -3982.273
4. Current log-likelihood: -3980.087
5. Current log-likelihood: -3979.168
6. Current log-likelihood: -3978.660
7. Current log-likelihood: -3978.538
Optimal log-likelihood: -3978.414
Rate parameters:  A-C: 1.223  A-G: 1.457  A-T: 1.073  C-G: 1.064  C-T: 1.279  G-T: 1.000
Base frequencies:   A: 0.212  C: 0.261  G: 0.279  T: 0.248
Gamma shape alpha: 3.855
Parameters optimization took 7 rounds (0.060 sec)
--------------------------------------------------------------------
|             INITIALIZING CANDIDATE TREE SET                      |
--------------------------------------------------------------------
Computing ML distances based on estimated model parameters... 0.000 sec
Computing BIONJ tree...
0.000 seconds
Log-likelihood of BIONJ tree: -3978.352
Generating 99 parsimony trees... 0.074 seconds 1 distinct starting trees
Computing log-likelihood of 1 initial trees ... 0.000 seconds
Optimizing top 1 initial trees with NNI...
Iteration 1 / LogL: -3978.352 / Time: 0h:0m:0s
Estimate model parameters (epsilon = 0.100)
BETTER SCORE FOUND at iteration 1: -3978.315
Average CPU time for 1 NNI search: 0.012
Finish initializing candidate tree set. Number of distinct locally optimal trees: 1
Current best tree score: -3978.315 / CPU time: 0.084
--------------------------------------------------------------------
|               OPTIMIZING CANDIDATE TREE SET                      |
--------------------------------------------------------------------
Iteration 10 / LogL: -3990.568 / Time: 0h:0m:0s
Iteration 20 / LogL: -3978.420 / Time: 0h:0m:0s (0h:0m:2s left)
Iteration 30 / LogL: -3978.459 / Time: 0h:0m:0s (0h:0m:2s left)
Iteration 40 / LogL: -3979.158 / Time: 0h:0m:1s (0h:0m:1s left)
Iteration 50 / LogL: -3978.427 / Time: 0h:0m:1s (0h:0m:1s left)
Iteration 60 / LogL: -3982.264 / Time: 0h:0m:1s (0h:0m:1s left)
Iteration 70 / LogL: -3984.594 / Time: 0h:0m:1s (0h:0m:0s left)
Iteration 80 / LogL: -3978.321 / Time: 0h:0m:2s (0h:0m:0s left)
Iteration 90 / LogL: -3979.976 / Time: 0h:0m:2s (0h:0m:0s left)
Iteration 100 / LogL: -3980.248 / Time: 0h:0m:2s (0h:0m:0s left)
TREE SEARCH COMPLETED AFTER 101 ITERATIONS / Time: 0h:0m:2s

--------------------------------------------------------------------
|                    FINALIZING TREE SEARCH                        |
--------------------------------------------------------------------
Performs final model parameters optimization
Estimate model parameters (epsilon = 0.010)
1. Initial log-likelihood: -3978.315
Optimal log-likelihood: -3978.306
Rate parameters:  A-C: 1.226  A-G: 1.452  A-T: 1.074  C-G: 1.068  C-T: 1.277  G-T: 1.000
Base frequencies:   A: 0.212  C: 0.261  G: 0.279  T: 0.248
Gamma shape alpha: 4.127
Parameters optimization took 1 rounds (0.005 sec)
BEST SCORE FOUND : -3978.306

Testing tree branches by SH-like aLRT with 1000 replicates...
CPU Time used:  0.088 sec.
Total tree length: 7.458

Total number of iterations: 101
CPU time used for tree search: 2.456 sec (0h:0m:2s)
Wall-clock time used for tree search: 2.457 sec (0h:0m:2s)
Total CPU time used: 2.636 sec (0h:0m:2s)
Total wall-clock time used: 2.635 sec (0h:0m:2s)

Analysis results written to: 
  IQ-TREE report:                ../simulations/data_D10T10L20I10T10//S/778_pruned.fasta.iqtree
  Maximum-likelihood tree:       ../simulations/data_D10T10L20I10T10//S/778_pruned.fasta.treefile
  Likelihood distances:          ../simulations/data_D10T10L20I10T10//S/778_pruned.fasta.mldist
  Screen log file:               ../simulations/data_D10T10L20I10T10//S/778_pruned.fasta.log

Date and Time: Mon Jun  4 00:50:35 2018
