IQ-TREE version 1.4.2 for Linux 64-bit built Apr 15 2016
Copyright (c) 2011-2015 Nguyen Lam Tung, Olga Chernomor, Arndt von Haeseler and Bui Quang Minh.

Host:    meduse (AVX2, FMA3, 7 GB RAM)
Command: iqtree -s ../simulations/data_D10T10L20I10T10//S/790_pruned.fasta -m GTR+G -alrt 1000 -redo
Seed:    474802 (Using SPRNG - Scalable Parallel Random Number Generator)
Time:    Mon Jun  4 00:51:54 2018
Kernel:  AVX

NOTE: Consider using the multicore version because your CPU has 4 cores!

Reading alignment file ../simulations/data_D10T10L20I10T10//S/790_pruned.fasta ... Fasta format detected
Alignment most likely contains DNA/RNA sequences
Alignment has 24 sequences with 300 columns and 298 patterns (289 informative sites)
          Gap/Ambiguity  Composition  p-value
   1  n200_191    0.00%    passed     56.76%
   2  n285_262    0.00%    passed     59.87%
   3  n274_251    0.00%    passed     36.23%
   4  n236_219    0.00%    passed     51.95%
   5  n286_263    0.00%    passed     62.86%
   6  n292_269    0.00%    passed     28.40%
   7  n293_270    0.00%    passed     60.84%
   8  n275_252    0.00%    passed     52.31%
   9  n297_274    0.00%    passed     98.28%
  10  n300_277    0.00%    passed     49.52%
  11  n290_267    0.00%    passed     82.75%
  12  n278_255    0.00%    failed      2.24%
  13  n280_257    0.00%    passed     57.83%
  14  n299_276    0.00%    passed     47.90%
  15  n298_275    0.00%    passed     89.37%
  16  n266_243    0.00%    passed     50.43%
  17  n289_266    0.00%    passed     39.06%
  18  n295_272    0.00%    passed     59.16%
  19  n287_264    0.00%    passed     36.89%
  20  n277_254    0.00%    failed      2.61%
  21  n296_273    0.00%    passed     42.30%
  22  n294_271    0.00%    passed     49.59%
  23  n244_225    0.00%    passed     92.34%
  24  n265_242    0.00%    passed     95.49%
****  TOTAL       0.00%  2 sequences failed composition chi2 test (p-value<5%; df=3)

Create initial parsimony tree by phylogenetic likelihood library (PLL)... 0.001 seconds

NOTE: 1 MB RAM is required!
Estimate model parameters (epsilon = 0.100)
1. Initial log-likelihood: -4635.506
2. Current log-likelihood: -4550.578
3. Current log-likelihood: -4541.033
4. Current log-likelihood: -4539.306
5. Current log-likelihood: -4538.993
6. Current log-likelihood: -4538.856
Optimal log-likelihood: -4538.826
Rate parameters:  A-C: 1.612  A-G: 1.635  A-T: 1.249  C-G: 1.239  C-T: 1.578  G-T: 1.000
Base frequencies:   A: 0.226  C: 0.275  G: 0.247  T: 0.252
Gamma shape alpha: 3.594
Parameters optimization took 6 rounds (0.063 sec)
--------------------------------------------------------------------
|             INITIALIZING CANDIDATE TREE SET                      |
--------------------------------------------------------------------
Computing ML distances based on estimated model parameters... 0.000 sec
WARNING: Some pairwise ML distances are too long (saturated)
Computing BIONJ tree...
0.000 seconds
Log-likelihood of BIONJ tree: -4544.700
Generating 98 parsimony trees... 0.132 seconds 2 distinct starting trees
Computing log-likelihood of 2 initial trees ... 0.000 seconds
Optimizing top 2 initial trees with NNI...
Iteration 1 / LogL: -4538.782 / Time: 0h:0m:0s
Estimate model parameters (epsilon = 0.100)
BETTER TREE FOUND at iteration 1: -4538.715
Iteration 2 / LogL: -4536.930 / Time: 0h:0m:0s
Estimate model parameters (epsilon = 0.100)
BETTER TREE FOUND at iteration 2: -4536.853
Average CPU time for 1 NNI search: 0.018
Finish initializing candidate tree set. Number of distinct locally optimal trees: 2
Current best tree score: -4536.853 / CPU time: 0.164
--------------------------------------------------------------------
|               OPTIMIZING CANDIDATE TREE SET                      |
--------------------------------------------------------------------
Iteration 10 / LogL: -4550.927 / Time: 0h:0m:0s
Iteration 20 / LogL: -4537.382 / Time: 0h:0m:0s (0h:0m:3s left)
Iteration 30 / LogL: -4537.968 / Time: 0h:0m:1s (0h:0m:2s left)
Iteration 40 / LogL: -4539.420 / Time: 0h:0m:1s (0h:0m:2s left)
Iteration 50 / LogL: -4537.510 / Time: 0h:0m:1s (0h:0m:1s left)
Iteration 60 / LogL: -4537.125 / Time: 0h:0m:1s (0h:0m:1s left)
Iteration 70 / LogL: -4538.710 / Time: 0h:0m:2s (0h:0m:0s left)
Iteration 80 / LogL: -4537.125 / Time: 0h:0m:2s (0h:0m:0s left)
Iteration 90 / LogL: -4536.860 / Time: 0h:0m:2s (0h:0m:0s left)
Iteration 100 / LogL: -4538.282 / Time: 0h:0m:2s (0h:0m:0s left)
TREE SEARCH COMPLETED AFTER 101 ITERATIONS / Time: 0h:0m:2s

--------------------------------------------------------------------
|                    FINALIZING TREE SEARCH                        |
--------------------------------------------------------------------
Performs final model parameters optimization
Estimate model parameters (epsilon = 0.010)
1. Initial log-likelihood: -4536.853
Optimal log-likelihood: -4536.844
Rate parameters:  A-C: 1.559  A-G: 1.596  A-T: 1.225  C-G: 1.228  C-T: 1.526  G-T: 1.000
Base frequencies:   A: 0.226  C: 0.275  G: 0.247  T: 0.252
Gamma shape alpha: 3.792
Parameters optimization took 1 rounds (0.008 sec)
BEST SCORE FOUND : -4536.844

Testing tree branches by SH-like aLRT with 1000 replicates...
CPU Time used:  0.108 sec.
Total tree length: 8.004

Total number of iterations: 101
CPU time used for tree search: 2.756 sec (0h:0m:2s)
Wall-clock time used for tree search: 2.760 sec (0h:0m:2s)
Total CPU time used: 3.004 sec (0h:0m:3s)
Total wall-clock time used: 3.013 sec (0h:0m:3s)

Analysis results written to: 
  IQ-TREE report:                ../simulations/data_D10T10L20I10T10//S/790_pruned.fasta.iqtree
  Maximum-likelihood tree:       ../simulations/data_D10T10L20I10T10//S/790_pruned.fasta.treefile
  Likelihood distances:          ../simulations/data_D10T10L20I10T10//S/790_pruned.fasta.mldist
  Screen log file:               ../simulations/data_D10T10L20I10T10//S/790_pruned.fasta.log

Date and Time: Mon Jun  4 00:51:57 2018
