IQ-TREE version 1.4.2 for Linux 64-bit built Apr 15 2016
Copyright (c) 2011-2015 Nguyen Lam Tung, Olga Chernomor, Arndt von Haeseler and Bui Quang Minh.

Host:    meduse (AVX2, FMA3, 7 GB RAM)
Command: iqtree -s ../simulations/data_D10T10L20I10T10//S/804_pruned.fasta -m GTR+G -alrt 1000 -redo
Seed:    717792 (Using SPRNG - Scalable Parallel Random Number Generator)
Time:    Fri Jun  1 10:33:51 2018
Kernel:  AVX

NOTE: Consider using the multicore version because your CPU has 4 cores!

Reading alignment file ../simulations/data_D10T10L20I10T10//S/804_pruned.fasta ... Fasta format detected
Alignment most likely contains DNA/RNA sequences
Alignment has 26 sequences with 300 columns and 183 patterns (157 informative sites)
          Gap/Ambiguity  Composition  p-value
   1  n292_293    0.00%    passed     96.84%
   2  n287_288    0.00%    passed     97.28%
   3  n290_291    0.00%    passed     96.89%
   4  n294_295    0.00%    passed     98.81%
   5  n251_252    0.00%    passed     71.07%
   6  n286_287    0.00%    passed     60.17%
   7  n300_301    0.00%    passed     95.78%
   8  n275_276    0.00%    passed     96.12%
   9  n274_275    0.00%    passed     87.23%
  10  n289_290    0.00%    passed     97.69%
  11  n255_256    0.00%    passed     91.72%
  12  n236_237    0.00%    passed     97.14%
  13  n299_300    0.00%    passed     95.78%
  14  n278_279    0.00%    passed     99.87%
  15  n297_298    0.00%    passed     96.09%
  16  n298_299    0.00%    passed     96.09%
  17  n244_245    0.00%    passed     38.04%
  18  n293_294    0.00%    passed     96.40%
  19  n296_297    0.00%    passed     97.30%
  20  n295_296    0.00%    passed     97.86%
  21  n266_267    0.00%    passed     96.34%
  22  n200_201    0.00%    passed     66.49%
  23  n285_286    0.00%    passed     57.93%
  24  n277_278    0.00%    passed     96.01%
  25  n280_281    0.00%    passed     87.47%
  26  n265_266    0.00%    passed     98.65%
****  TOTAL       0.00%  0 sequences failed composition chi2 test (p-value<5%; df=3)
NOTE: 2 identical sequences (see below) will be ignored for subsequent analysis
NOTE: n299_300 (identical to n300_301) is ignored but added at the end
NOTE: n298_299 (identical to n297_298) is ignored but added at the end

Create initial parsimony tree by phylogenetic likelihood library (PLL)... 0.001 seconds

NOTE: 0 MB RAM is required!
Estimate model parameters (epsilon = 0.100)
1. Initial log-likelihood: -2172.176
2. Current log-likelihood: -2133.516
3. Current log-likelihood: -2133.221
Optimal log-likelihood: -2133.219
Rate parameters:  A-C: 0.842  A-G: 1.275  A-T: 1.060  C-G: 0.890  C-T: 0.915  G-T: 1.000
Base frequencies:   A: 0.244  C: 0.264  G: 0.254  T: 0.238
Gamma shape alpha: 5.265
Parameters optimization took 3 rounds (0.019 sec)
--------------------------------------------------------------------
|             INITIALIZING CANDIDATE TREE SET                      |
--------------------------------------------------------------------
Computing ML distances based on estimated model parameters... 0.000 sec
Computing BIONJ tree...
0.000 seconds
Log-likelihood of BIONJ tree: -2132.853
Generating 98 parsimony trees... 0.093 seconds 10 distinct starting trees
Computing log-likelihood of 10 initial trees ... 0.016 seconds
Optimizing top 10 initial trees with NNI...
Iteration 1 / LogL: -2132.853 / Time: 0h:0m:0s
Estimate model parameters (epsilon = 0.100)
BETTER SCORE FOUND at iteration 1: -2132.849
Iteration 2 / LogL: -2132.849 / Time: 0h:0m:0s
Iteration 3 / LogL: -2132.849 / Time: 0h:0m:0s
Iteration 4 / LogL: -2132.849 / Time: 0h:0m:0s
Iteration 5 / LogL: -2132.849 / Time: 0h:0m:0s
Iteration 6 / LogL: -2132.849 / Time: 0h:0m:0s
Iteration 7 / LogL: -2132.849 / Time: 0h:0m:0s
Iteration 8 / LogL: -2132.849 / Time: 0h:0m:0s
Iteration 9 / LogL: -2132.849 / Time: 0h:0m:0s
Iteration 10 / LogL: -2132.849 / Time: 0h:0m:0s
Average CPU time for 1 NNI search: 0.007
Finish initializing candidate tree set. Number of distinct locally optimal trees: 9
Current best tree score: -2132.849 / CPU time: 0.176
--------------------------------------------------------------------
|               OPTIMIZING CANDIDATE TREE SET                      |
--------------------------------------------------------------------
Iteration 20 / LogL: -2132.890 / Time: 0h:0m:0s (0h:0m:1s left)
Iteration 30 / LogL: -2132.852 / Time: 0h:0m:0s (0h:0m:1s left)
Iteration 40 / LogL: -2133.054 / Time: 0h:0m:0s (0h:0m:1s left)
Iteration 50 / LogL: -2132.871 / Time: 0h:0m:0s (0h:0m:0s left)
Iteration 60 / LogL: -2132.850 / Time: 0h:0m:0s (0h:0m:0s left)
Iteration 70 / LogL: -2132.849 / Time: 0h:0m:1s (0h:0m:0s left)
Iteration 80 / LogL: -2132.861 / Time: 0h:0m:1s (0h:0m:0s left)
Iteration 90 / LogL: -2132.851 / Time: 0h:0m:1s (0h:0m:0s left)
Iteration 100 / LogL: -2138.854 / Time: 0h:0m:1s (0h:0m:0s left)
TREE SEARCH COMPLETED AFTER 101 ITERATIONS / Time: 0h:0m:1s

--------------------------------------------------------------------
|                    FINALIZING TREE SEARCH                        |
--------------------------------------------------------------------
Performs final model parameters optimization
Estimate model parameters (epsilon = 0.010)
1. Initial log-likelihood: -2132.849
Optimal log-likelihood: -2132.849
Rate parameters:  A-C: 0.834  A-G: 1.281  A-T: 1.057  C-G: 0.892  C-T: 0.917  G-T: 1.000
Base frequencies:   A: 0.244  C: 0.264  G: 0.254  T: 0.238
Gamma shape alpha: 5.318
Parameters optimization took 1 rounds (0.004 sec)
BEST SCORE FOUND : -2132.849

Testing tree branches by SH-like aLRT with 1000 replicates...
CPU Time used:  0.100 sec.
Total tree length: 1.256

Total number of iterations: 101
CPU time used for tree search: 1.512 sec (0h:0m:1s)
Wall-clock time used for tree search: 1.518 sec (0h:0m:1s)
Total CPU time used: 1.652 sec (0h:0m:1s)
Total wall-clock time used: 1.658 sec (0h:0m:1s)

Analysis results written to: 
  IQ-TREE report:                ../simulations/data_D10T10L20I10T10//S/804_pruned.fasta.iqtree
  Maximum-likelihood tree:       ../simulations/data_D10T10L20I10T10//S/804_pruned.fasta.treefile
  Likelihood distances:          ../simulations/data_D10T10L20I10T10//S/804_pruned.fasta.mldist
  Screen log file:               ../simulations/data_D10T10L20I10T10//S/804_pruned.fasta.log

Date and Time: Fri Jun  1 10:33:53 2018
