IQ-TREE version 1.4.2 for Linux 64-bit built Apr 15 2016
Copyright (c) 2011-2015 Nguyen Lam Tung, Olga Chernomor, Arndt von Haeseler and Bui Quang Minh.

Host:    meduse (AVX2, FMA3, 7 GB RAM)
Command: iqtree -s ../simulations/data_D8T8L15I8T8//S/806_pruned.fasta -m GTR+G -alrt 1000 -redo
Seed:    319546 (Using SPRNG - Scalable Parallel Random Number Generator)
Time:    Fri May 25 22:54:59 2018
Kernel:  AVX

NOTE: Consider using the multicore version because your CPU has 4 cores!

Reading alignment file ../simulations/data_D8T8L15I8T8//S/806_pruned.fasta ... Fasta format detected
Alignment most likely contains DNA/RNA sequences
Alignment has 26 sequences with 300 columns and 172 patterns (158 informative sites)
          Gap/Ambiguity  Composition  p-value
   1  n287_288    0.00%    passed     88.82%
   2  n290_291    0.00%    passed     93.61%
   3  n236_237    0.00%    passed     85.25%
   4  n278_279    0.00%    passed     98.53%
   5  n285_286    0.00%    passed     94.12%
   6  n265_266    0.00%    passed     81.02%
   7  n280_281    0.00%    passed     98.46%
   8  n299_300    0.00%    passed     97.56%
   9  n293_294    0.00%    passed     97.67%
  10  n274_275    0.00%    passed     96.58%
  11  n292_293    0.00%    passed     97.44%
  12  n296_297    0.00%    passed     97.17%
  13  n294_295    0.00%    passed     97.67%
  14  n275_276    0.00%    passed     98.74%
  15  n297_298    0.00%    passed     96.09%
  16  n289_290    0.00%    passed     88.82%
  17  n286_287    0.00%    passed     94.12%
  18  n255_256    0.00%    passed     45.13%
  19  n295_296    0.00%    passed     93.97%
  20  n266_267    0.00%    passed     70.92%
  21  n244_245    0.00%    passed     10.97%
  22  n298_299    0.00%    passed     96.09%
  23  n300_301    0.00%    passed     97.44%
  24  n200_201    0.00%    passed     93.17%
  25  n277_278    0.00%    passed     97.80%
  26  n251_252    0.00%    passed     61.28%
****  TOTAL       0.00%  0 sequences failed composition chi2 test (p-value<5%; df=3)
NOTE: 4 identical sequences (see below) will be ignored for subsequent analysis
NOTE: n289_290 (identical to n287_288) is ignored but added at the end
NOTE: n286_287 (identical to n285_286) is ignored but added at the end
NOTE: n300_301 (identical to n292_293) is ignored but added at the end
NOTE: n298_299 (identical to n297_298) is ignored but added at the end

Create initial parsimony tree by phylogenetic likelihood library (PLL)... 0.001 seconds

NOTE: 0 MB RAM is required!
Estimate model parameters (epsilon = 0.100)
1. Initial log-likelihood: -1937.842
2. Current log-likelihood: -1886.886
3. Current log-likelihood: -1886.539
Optimal log-likelihood: -1886.532
Rate parameters:  A-C: 1.677  A-G: 1.506  A-T: 1.303  C-G: 1.033  C-T: 1.441  G-T: 1.000
Base frequencies:   A: 0.206  C: 0.245  G: 0.268  T: 0.280
Gamma shape alpha: 998.393
Parameters optimization took 3 rounds (0.024 sec)
--------------------------------------------------------------------
|             INITIALIZING CANDIDATE TREE SET                      |
--------------------------------------------------------------------
Computing ML distances based on estimated model parameters... 0.000 sec
Computing BIONJ tree...
0.000 seconds
Log-likelihood of BIONJ tree: -1886.532
Generating 98 parsimony trees... 0.108 seconds 9 distinct starting trees
Computing log-likelihood of 9 initial trees ... 0.016 seconds
Optimizing top 9 initial trees with NNI...
Iteration 1 / LogL: -1886.533 / Time: 0h:0m:0s
Estimate model parameters (epsilon = 0.100)
BETTER SCORE FOUND at iteration 1: -1886.526
Iteration 2 / LogL: -1886.528 / Time: 0h:0m:0s
Iteration 3 / LogL: -1886.529 / Time: 0h:0m:0s
Iteration 4 / LogL: -1886.529 / Time: 0h:0m:0s
Iteration 5 / LogL: -1886.529 / Time: 0h:0m:0s
Iteration 6 / LogL: -1886.529 / Time: 0h:0m:0s
Iteration 7 / LogL: -1886.529 / Time: 0h:0m:0s
Iteration 8 / LogL: -1886.529 / Time: 0h:0m:0s
Iteration 9 / LogL: -1886.529 / Time: 0h:0m:0s
Average CPU time for 1 NNI search: 0.006
Finish initializing candidate tree set. Number of distinct locally optimal trees: 9
Current best tree score: -1886.526 / CPU time: 0.176
--------------------------------------------------------------------
|               OPTIMIZING CANDIDATE TREE SET                      |
--------------------------------------------------------------------
Iteration 10 / LogL: -1898.899 / Time: 0h:0m:0s
Iteration 20 / LogL: -1886.526 / Time: 0h:0m:0s (0h:0m:1s left)
Iteration 30 / LogL: -2131.345 / Time: 0h:0m:0s (0h:0m:1s left)
Iteration 40 / LogL: -1886.526 / Time: 0h:0m:0s (0h:0m:1s left)
Iteration 50 / LogL: -1886.526 / Time: 0h:0m:0s (0h:0m:0s left)
Iteration 60 / LogL: -1886.578 / Time: 0h:0m:1s (0h:0m:0s left)
Iteration 70 / LogL: -1886.526 / Time: 0h:0m:1s (0h:0m:0s left)
Iteration 80 / LogL: -1886.965 / Time: 0h:0m:1s (0h:0m:0s left)
Iteration 90 / LogL: -1886.526 / Time: 0h:0m:1s (0h:0m:0s left)
Iteration 100 / LogL: -1886.526 / Time: 0h:0m:1s (0h:0m:0s left)
TREE SEARCH COMPLETED AFTER 101 ITERATIONS / Time: 0h:0m:1s

--------------------------------------------------------------------
|                    FINALIZING TREE SEARCH                        |
--------------------------------------------------------------------
Performs final model parameters optimization
Estimate model parameters (epsilon = 0.010)
1. Initial log-likelihood: -1886.526
Optimal log-likelihood: -1886.524
Rate parameters:  A-C: 1.665  A-G: 1.492  A-T: 1.295  C-G: 1.019  C-T: 1.424  G-T: 1.000
Base frequencies:   A: 0.206  C: 0.245  G: 0.268  T: 0.280
Gamma shape alpha: 998.393
Parameters optimization took 1 rounds (0.007 sec)
BEST SCORE FOUND : -1886.524

Testing tree branches by SH-like aLRT with 1000 replicates...
CPU Time used:  0.192 sec.
Total tree length: 1.108

Total number of iterations: 101
CPU time used for tree search: 1.864 sec (0h:0m:1s)
Wall-clock time used for tree search: 1.876 sec (0h:0m:1s)
Total CPU time used: 2.108 sec (0h:0m:2s)
Total wall-clock time used: 2.126 sec (0h:0m:2s)

Analysis results written to: 
  IQ-TREE report:                ../simulations/data_D8T8L15I8T8//S/806_pruned.fasta.iqtree
  Maximum-likelihood tree:       ../simulations/data_D8T8L15I8T8//S/806_pruned.fasta.treefile
  Likelihood distances:          ../simulations/data_D8T8L15I8T8//S/806_pruned.fasta.mldist
  Screen log file:               ../simulations/data_D8T8L15I8T8//S/806_pruned.fasta.log

Date and Time: Fri May 25 22:55:01 2018
