IQ-TREE version 1.4.2 for Linux 64-bit built Apr 15 2016
Copyright (c) 2011-2015 Nguyen Lam Tung, Olga Chernomor, Arndt von Haeseler and Bui Quang Minh.

Host:    meduse (AVX2, FMA3, 7 GB RAM)
Command: iqtree -s ../simulations/data_D8T8L15I8T8//S/809_pruned.fasta -m GTR+G -alrt 1000 -redo
Seed:    912405 (Using SPRNG - Scalable Parallel Random Number Generator)
Time:    Fri May 25 22:38:12 2018
Kernel:  AVX

NOTE: Consider using the multicore version because your CPU has 4 cores!

Reading alignment file ../simulations/data_D8T8L15I8T8//S/809_pruned.fasta ... Fasta format detected
Alignment most likely contains DNA/RNA sequences
Alignment has 22 sequences with 300 columns and 156 patterns (127 informative sites)
          Gap/Ambiguity  Composition  p-value
   1  n298_255    0.00%    passed     95.21%
   2  n290_247    0.00%    passed     99.99%
   3  n294_251    0.00%    passed     97.66%
   4  n299_256    0.00%    passed     99.09%
   5  n293_250    0.00%    passed     97.00%
   6  n244_211    0.00%    passed     58.45%
   7  n200_173    0.00%    passed     86.16%
   8  n289_246    0.00%    passed     99.87%
   9  n292_249    0.00%    passed     99.09%
  10  n275_234    0.00%    passed     99.30%
  11  n274_233    0.00%    passed     99.09%
  12  n297_254    0.00%    passed     97.24%
  13  n255_218    0.00%    passed     97.34%
  14  n277_236    0.00%    passed     99.34%
  15  n295_252    0.00%    passed     98.79%
  16  n280_239    0.00%    passed     99.97%
  17  n236_203    0.00%    passed     94.18%
  18  n251_214    0.00%    passed     93.99%
  19  n296_253    0.00%    passed     95.99%
  20  n287_244    0.00%    passed     99.23%
  21  n278_237    0.00%    passed     99.93%
  22  n300_257    0.00%    passed     99.94%
****  TOTAL       0.00%  0 sequences failed composition chi2 test (p-value<5%; df=3)
NOTE: 1 identical sequences (see below) will be ignored for subsequent analysis
NOTE: n292_249 (identical to n299_256) is ignored but added at the end

Create initial parsimony tree by phylogenetic likelihood library (PLL)... 0.001 seconds

NOTE: 0 MB RAM is required!
Estimate model parameters (epsilon = 0.100)
1. Initial log-likelihood: -1759.094
2. Current log-likelihood: -1717.396
3. Current log-likelihood: -1716.915
Optimal log-likelihood: -1716.887
Rate parameters:  A-C: 1.415  A-G: 1.124  A-T: 1.573  C-G: 1.322  C-T: 1.851  G-T: 1.000
Base frequencies:   A: 0.270  C: 0.252  G: 0.273  T: 0.204
Gamma shape alpha: 145.639
Parameters optimization took 3 rounds (0.025 sec)
--------------------------------------------------------------------
|             INITIALIZING CANDIDATE TREE SET                      |
--------------------------------------------------------------------
Computing ML distances based on estimated model parameters... 0.000 sec
Computing BIONJ tree...
0.000 seconds
Log-likelihood of BIONJ tree: -1716.886
Generating 99 parsimony trees... 0.084 seconds 12 distinct starting trees
Computing log-likelihood of 12 initial trees ... 0.026 seconds
Optimizing top 12 initial trees with NNI...
Iteration 1 / LogL: -1716.887 / Time: 0h:0m:0s
Estimate model parameters (epsilon = 0.100)
BETTER SCORE FOUND at iteration 1: -1716.858
Iteration 2 / LogL: -1716.860 / Time: 0h:0m:0s
Iteration 3 / LogL: -1716.860 / Time: 0h:0m:0s
Iteration 4 / LogL: -1716.860 / Time: 0h:0m:0s
Iteration 5 / LogL: -1716.860 / Time: 0h:0m:0s
Iteration 6 / LogL: -1716.860 / Time: 0h:0m:0s
Iteration 7 / LogL: -1716.860 / Time: 0h:0m:0s
Iteration 8 / LogL: -1716.860 / Time: 0h:0m:0s
Iteration 9 / LogL: -1716.860 / Time: 0h:0m:0s
Iteration 10 / LogL: -1716.860 / Time: 0h:0m:0s
Iteration 11 / LogL: -1716.860 / Time: 0h:0m:0s
Iteration 12 / LogL: -1716.860 / Time: 0h:0m:0s
Average CPU time for 1 NNI search: 0.005
Finish initializing candidate tree set. Number of distinct locally optimal trees: 12
Current best tree score: -1716.858 / CPU time: 0.168
--------------------------------------------------------------------
|               OPTIMIZING CANDIDATE TREE SET                      |
--------------------------------------------------------------------
Iteration 20 / LogL: -1716.859 / Time: 0h:0m:0s (0h:0m:1s left)
Iteration 30 / LogL: -1716.871 / Time: 0h:0m:0s (0h:0m:1s left)
Iteration 40 / LogL: -1716.875 / Time: 0h:0m:0s (0h:0m:0s left)
Iteration 50 / LogL: -1716.858 / Time: 0h:0m:0s (0h:0m:0s left)
Iteration 60 / LogL: -1716.860 / Time: 0h:0m:0s (0h:0m:0s left)
Iteration 70 / LogL: -1716.859 / Time: 0h:0m:0s (0h:0m:0s left)
Iteration 80 / LogL: -1716.858 / Time: 0h:0m:1s (0h:0m:0s left)
Iteration 90 / LogL: -1717.317 / Time: 0h:0m:1s (0h:0m:0s left)
Iteration 100 / LogL: -1828.951 / Time: 0h:0m:1s (0h:0m:0s left)
TREE SEARCH COMPLETED AFTER 101 ITERATIONS / Time: 0h:0m:1s

--------------------------------------------------------------------
|                    FINALIZING TREE SEARCH                        |
--------------------------------------------------------------------
Performs final model parameters optimization
Estimate model parameters (epsilon = 0.010)
1. Initial log-likelihood: -1716.858
Optimal log-likelihood: -1716.851
Rate parameters:  A-C: 1.409  A-G: 1.094  A-T: 1.578  C-G: 1.281  C-T: 1.818  G-T: 1.000
Base frequencies:   A: 0.270  C: 0.252  G: 0.273  T: 0.204
Gamma shape alpha: 159.188
Parameters optimization took 1 rounds (0.005 sec)
BEST SCORE FOUND : -1716.851

Testing tree branches by SH-like aLRT with 1000 replicates...
CPU Time used:  0.128 sec.
Total tree length: 0.957

Total number of iterations: 101
CPU time used for tree search: 1.292 sec (0h:0m:1s)
Wall-clock time used for tree search: 1.296 sec (0h:0m:1s)
Total CPU time used: 1.460 sec (0h:0m:1s)
Total wall-clock time used: 1.468 sec (0h:0m:1s)

Analysis results written to: 
  IQ-TREE report:                ../simulations/data_D8T8L15I8T8//S/809_pruned.fasta.iqtree
  Maximum-likelihood tree:       ../simulations/data_D8T8L15I8T8//S/809_pruned.fasta.treefile
  Likelihood distances:          ../simulations/data_D8T8L15I8T8//S/809_pruned.fasta.mldist
  Screen log file:               ../simulations/data_D8T8L15I8T8//S/809_pruned.fasta.log

Date and Time: Fri May 25 22:38:14 2018
