IQ-TREE version 1.4.2 for Linux 64-bit built Apr 15 2016
Copyright (c) 2011-2015 Nguyen Lam Tung, Olga Chernomor, Arndt von Haeseler and Bui Quang Minh.

Host:    meduse (AVX2, FMA3, 7 GB RAM)
Command: iqtree -s ../simulations/data_D8T8L15I8T8//S/80_pruned.fasta -m GTR+G -alrt 1000 -redo
Seed:    775135 (Using SPRNG - Scalable Parallel Random Number Generator)
Time:    Fri May 25 22:56:35 2018
Kernel:  AVX

NOTE: Consider using the multicore version because your CPU has 4 cores!

Reading alignment file ../simulations/data_D8T8L15I8T8//S/80_pruned.fasta ... Fasta format detected
Alignment most likely contains DNA/RNA sequences
Alignment has 26 sequences with 300 columns and 180 patterns (165 informative sites)
          Gap/Ambiguity  Composition  p-value
   1  n280_305    0.00%    passed     98.64%
   2  n266_291    0.00%    passed     92.77%
   3  n200_217    0.00%    passed     95.76%
   4  n293_318    0.00%    passed     99.96%
   5  n244_267    0.00%    passed     95.74%
   6  n255_280    0.00%    passed     78.61%
   7  n265_290    0.00%    passed     92.64%
   8  n296_321    0.00%    passed     99.20%
   9  n274_299    0.00%    passed     95.33%
  10  n285_310    0.00%    passed     95.23%
  11  n287_312    0.00%    passed     96.15%
  12  n298_323    0.00%    passed     99.54%
  13  n292_317    0.00%    passed     96.16%
  14  n236_257    0.00%    passed     97.21%
  15  n297_322    0.00%    passed     98.38%
  16  n277_302    0.00%    passed     96.81%
  17  n251_276    0.00%    passed     81.59%
  18  n289_314    0.00%    passed     96.59%
  19  n275_300    0.00%    passed     99.42%
  20  n286_311    0.00%    passed     95.23%
  21  n299_324    0.00%    passed     98.64%
  22  n278_303    0.00%    passed     88.54%
  23  n294_319    0.00%    passed     99.75%
  24  n295_320    0.00%    passed     99.63%
  25  n300_325    0.00%    passed     96.39%
  26  n290_315    0.00%    passed     96.59%
****  TOTAL       0.00%  0 sequences failed composition chi2 test (p-value<5%; df=3)
NOTE: 1 identical sequences (see below) will be ignored for subsequent analysis
NOTE: n290_315 (identical to n289_314) is ignored but added at the end

Create initial parsimony tree by phylogenetic likelihood library (PLL)... 0.001 seconds

NOTE: 0 MB RAM is required!
Estimate model parameters (epsilon = 0.100)
1. Initial log-likelihood: -2070.674
2. Current log-likelihood: -2037.975
3. Current log-likelihood: -2037.737
Optimal log-likelihood: -2037.726
Rate parameters:  A-C: 1.148  A-G: 1.399  A-T: 1.468  C-G: 0.936  C-T: 0.988  G-T: 1.000
Base frequencies:   A: 0.195  C: 0.290  G: 0.267  T: 0.248
Gamma shape alpha: 6.239
Parameters optimization took 3 rounds (0.043 sec)
--------------------------------------------------------------------
|             INITIALIZING CANDIDATE TREE SET                      |
--------------------------------------------------------------------
Computing ML distances based on estimated model parameters... 0.004 sec
Computing BIONJ tree...
0.001 seconds
Log-likelihood of BIONJ tree: -2036.930
Generating 98 parsimony trees... 0.119 seconds 37 distinct starting trees
Computing log-likelihood of 37 initial trees ... 0.095 seconds
Optimizing top 20 initial trees with NNI...
Iteration 1 / LogL: -2036.930 / Time: 0h:0m:0s
Estimate model parameters (epsilon = 0.100)
BETTER SCORE FOUND at iteration 1: -2036.894
Iteration 2 / LogL: -2036.897 / Time: 0h:0m:0s
Iteration 3 / LogL: -2036.897 / Time: 0h:0m:0s
Iteration 4 / LogL: -2036.897 / Time: 0h:0m:0s
Iteration 5 / LogL: -2036.897 / Time: 0h:0m:0s
Iteration 6 / LogL: -2036.897 / Time: 0h:0m:0s
Iteration 7 / LogL: -2036.897 / Time: 0h:0m:0s
Iteration 8 / LogL: -2036.897 / Time: 0h:0m:0s
Iteration 9 / LogL: -2037.752 / Time: 0h:0m:0s
Iteration 10 / LogL: -2037.752 / Time: 0h:0m:0s
Iteration 11 / LogL: -2037.752 / Time: 0h:0m:0s
Iteration 12 / LogL: -2037.752 / Time: 0h:0m:0s
Iteration 13 / LogL: -2037.752 / Time: 0h:0m:0s
Iteration 14 / LogL: -2037.752 / Time: 0h:0m:0s
Iteration 15 / LogL: -2037.752 / Time: 0h:0m:0s
Iteration 16 / LogL: -2037.752 / Time: 0h:0m:0s
Iteration 17 / LogL: -2037.752 / Time: 0h:0m:0s
Iteration 18 / LogL: -2037.752 / Time: 0h:0m:0s
Iteration 19 / LogL: -2037.752 / Time: 0h:0m:0s
Iteration 20 / LogL: -2037.752 / Time: 0h:0m:0s
Average CPU time for 1 NNI search: 0.008
Finish initializing candidate tree set. Number of distinct locally optimal trees: 20
Current best tree score: -2036.894 / CPU time: 0.380
--------------------------------------------------------------------
|               OPTIMIZING CANDIDATE TREE SET                      |
--------------------------------------------------------------------
Iteration 30 / LogL: -2036.918 / Time: 0h:0m:0s (0h:0m:1s left)
Iteration 40 / LogL: -2036.896 / Time: 0h:0m:0s (0h:0m:1s left)
Iteration 50 / LogL: -2037.081 / Time: 0h:0m:1s (0h:0m:1s left)
Iteration 60 / LogL: -2036.966 / Time: 0h:0m:1s (0h:0m:0s left)
Iteration 70 / LogL: -2037.781 / Time: 0h:0m:1s (0h:0m:0s left)
Iteration 80 / LogL: -2037.116 / Time: 0h:0m:1s (0h:0m:0s left)
Iteration 90 / LogL: -2036.913 / Time: 0h:0m:1s (0h:0m:0s left)
Iteration 100 / LogL: -2036.895 / Time: 0h:0m:2s (0h:0m:0s left)
TREE SEARCH COMPLETED AFTER 101 ITERATIONS / Time: 0h:0m:2s

--------------------------------------------------------------------
|                    FINALIZING TREE SEARCH                        |
--------------------------------------------------------------------
Performs final model parameters optimization
Estimate model parameters (epsilon = 0.010)
1. Initial log-likelihood: -2036.894
Optimal log-likelihood: -2036.890
Rate parameters:  A-C: 1.111  A-G: 1.383  A-T: 1.481  C-G: 0.935  C-T: 0.977  G-T: 1.000
Base frequencies:   A: 0.195  C: 0.290  G: 0.267  T: 0.248
Gamma shape alpha: 5.708
Parameters optimization took 1 rounds (0.006 sec)
BEST SCORE FOUND : -2036.890

Testing tree branches by SH-like aLRT with 1000 replicates...
CPU Time used:  0.148 sec.
Total tree length: 1.203

Total number of iterations: 101
CPU time used for tree search: 2.160 sec (0h:0m:2s)
Wall-clock time used for tree search: 2.161 sec (0h:0m:2s)
Total CPU time used: 2.372 sec (0h:0m:2s)
Total wall-clock time used: 2.379 sec (0h:0m:2s)

Analysis results written to: 
  IQ-TREE report:                ../simulations/data_D8T8L15I8T8//S/80_pruned.fasta.iqtree
  Maximum-likelihood tree:       ../simulations/data_D8T8L15I8T8//S/80_pruned.fasta.treefile
  Likelihood distances:          ../simulations/data_D8T8L15I8T8//S/80_pruned.fasta.mldist
  Screen log file:               ../simulations/data_D8T8L15I8T8//S/80_pruned.fasta.log

Date and Time: Fri May 25 22:56:38 2018
