IQ-TREE version 1.4.2 for Linux 64-bit built Apr 15 2016
Copyright (c) 2011-2015 Nguyen Lam Tung, Olga Chernomor, Arndt von Haeseler and Bui Quang Minh.

Host:    meduse (AVX2, FMA3, 7 GB RAM)
Command: iqtree -s ../simulations/data_D8T8L15I8T8//S/819_pruned.fasta -m GTR+G -alrt 1000 -redo
Seed:    403664 (Using SPRNG - Scalable Parallel Random Number Generator)
Time:    Fri May 25 22:43:13 2018
Kernel:  AVX

NOTE: Consider using the multicore version because your CPU has 4 cores!

Reading alignment file ../simulations/data_D8T8L15I8T8//S/819_pruned.fasta ... Fasta format detected
Alignment most likely contains DNA/RNA sequences
Alignment has 26 sequences with 300 columns and 166 patterns (136 informative sites)
          Gap/Ambiguity  Composition  p-value
   1  n287_288    0.00%    passed     98.91%
   2  n290_291    0.00%    passed     99.66%
   3  n236_237    0.00%    passed     91.16%
   4  n278_279    0.00%    passed     88.88%
   5  n285_286    0.00%    passed     67.48%
   6  n265_266    0.00%    passed     87.64%
   7  n280_281    0.00%    passed     91.62%
   8  n299_300    0.00%    passed     94.83%
   9  n293_294    0.00%    passed     99.89%
  10  n274_275    0.00%    passed     77.21%
  11  n292_293    0.00%    passed     97.48%
  12  n296_297    0.00%    passed     99.57%
  13  n294_295    0.00%    passed     99.89%
  14  n275_276    0.00%    passed     98.90%
  15  n297_298    0.00%    passed     99.01%
  16  n289_290    0.00%    passed     98.99%
  17  n286_287    0.00%    passed     64.02%
  18  n255_256    0.00%    passed     84.61%
  19  n295_296    0.00%    passed     99.94%
  20  n266_267    0.00%    passed     98.07%
  21  n244_245    0.00%    passed     68.48%
  22  n298_299    0.00%    passed     99.01%
  23  n300_301    0.00%    passed     94.83%
  24  n200_201    0.00%    passed     73.99%
  25  n277_278    0.00%    passed     88.64%
  26  n251_252    0.00%    passed     70.44%
****  TOTAL       0.00%  0 sequences failed composition chi2 test (p-value<5%; df=3)
NOTE: 2 identical sequences (see below) will be ignored for subsequent analysis
NOTE: n300_301 (identical to n299_300) is ignored but added at the end
NOTE: n298_299 (identical to n297_298) is ignored but added at the end

Create initial parsimony tree by phylogenetic likelihood library (PLL)... 0.001 seconds

NOTE: 0 MB RAM is required!
Estimate model parameters (epsilon = 0.100)
1. Initial log-likelihood: -2052.287
2. Current log-likelihood: -2020.239
3. Current log-likelihood: -2020.113
Optimal log-likelihood: -2020.109
Rate parameters:  A-C: 1.088  A-G: 0.870  A-T: 0.851  C-G: 0.940  C-T: 1.121  G-T: 1.000
Base frequencies:   A: 0.255  C: 0.256  G: 0.262  T: 0.227
Gamma shape alpha: 1.969
Parameters optimization took 3 rounds (0.022 sec)
--------------------------------------------------------------------
|             INITIALIZING CANDIDATE TREE SET                      |
--------------------------------------------------------------------
Computing ML distances based on estimated model parameters... 0.004 sec
Computing BIONJ tree...
0.000 seconds
Log-likelihood of BIONJ tree: -2019.671
Generating 98 parsimony trees... 0.117 seconds 50 distinct starting trees
Computing log-likelihood of 50 initial trees ... 0.121 seconds
Optimizing top 20 initial trees with NNI...
Iteration 1 / LogL: -2018.125 / Time: 0h:0m:0s
Estimate model parameters (epsilon = 0.100)
BETTER SCORE FOUND at iteration 1: -2018.115
Iteration 2 / LogL: -2018.118 / Time: 0h:0m:0s
Iteration 3 / LogL: -2018.118 / Time: 0h:0m:0s
Iteration 4 / LogL: -2018.115 / Time: 0h:0m:0s
Iteration 5 / LogL: -2018.115 / Time: 0h:0m:0s
Iteration 6 / LogL: -2018.115 / Time: 0h:0m:0s
Iteration 7 / LogL: -2018.119 / Time: 0h:0m:0s
Iteration 8 / LogL: -2018.119 / Time: 0h:0m:0s
Iteration 9 / LogL: -2018.120 / Time: 0h:0m:0s
Iteration 10 / LogL: -2018.120 / Time: 0h:0m:0s
Iteration 11 / LogL: -2018.115 / Time: 0h:0m:0s
Iteration 12 / LogL: -2018.115 / Time: 0h:0m:0s
Iteration 13 / LogL: -2018.115 / Time: 0h:0m:0s
Iteration 14 / LogL: -2018.115 / Time: 0h:0m:0s
Iteration 15 / LogL: -2018.115 / Time: 0h:0m:0s
Iteration 16 / LogL: -2018.115 / Time: 0h:0m:0s
Iteration 17 / LogL: -2018.144 / Time: 0h:0m:0s
Iteration 18 / LogL: -2018.144 / Time: 0h:0m:0s
Iteration 19 / LogL: -2018.144 / Time: 0h:0m:0s
Iteration 20 / LogL: -2018.144 / Time: 0h:0m:0s
Average CPU time for 1 NNI search: 0.009
Finish initializing candidate tree set. Number of distinct locally optimal trees: 3
Current best tree score: -2018.115 / CPU time: 0.420
--------------------------------------------------------------------
|               OPTIMIZING CANDIDATE TREE SET                      |
--------------------------------------------------------------------
Iteration 30 / LogL: -2018.116 / Time: 0h:0m:0s (0h:0m:1s left)
Iteration 40 / LogL: -2018.120 / Time: 0h:0m:0s (0h:0m:1s left)
Iteration 50 / LogL: -2018.117 / Time: 0h:0m:1s (0h:0m:1s left)
Iteration 60 / LogL: -2018.117 / Time: 0h:0m:1s (0h:0m:0s left)
Iteration 70 / LogL: -2058.585 / Time: 0h:0m:1s (0h:0m:0s left)
Iteration 80 / LogL: -2018.117 / Time: 0h:0m:1s (0h:0m:0s left)
Iteration 90 / LogL: -2018.115 / Time: 0h:0m:2s (0h:0m:0s left)
Iteration 100 / LogL: -2018.116 / Time: 0h:0m:2s (0h:0m:0s left)
TREE SEARCH COMPLETED AFTER 101 ITERATIONS / Time: 0h:0m:2s

--------------------------------------------------------------------
|                    FINALIZING TREE SEARCH                        |
--------------------------------------------------------------------
Performs final model parameters optimization
Estimate model parameters (epsilon = 0.010)
1. Initial log-likelihood: -2018.115
Optimal log-likelihood: -2018.115
Rate parameters:  A-C: 1.086  A-G: 0.877  A-T: 0.850  C-G: 0.928  C-T: 1.129  G-T: 1.000
Base frequencies:   A: 0.255  C: 0.256  G: 0.262  T: 0.227
Gamma shape alpha: 1.967
Parameters optimization took 1 rounds (0.007 sec)
BEST SCORE FOUND : -2018.115

Testing tree branches by SH-like aLRT with 1000 replicates...
CPU Time used:  0.140 sec.
Total tree length: 1.233

Total number of iterations: 101
CPU time used for tree search: 2.192 sec (0h:0m:2s)
Wall-clock time used for tree search: 2.201 sec (0h:0m:2s)
Total CPU time used: 2.380 sec (0h:0m:2s)
Total wall-clock time used: 2.390 sec (0h:0m:2s)

Analysis results written to: 
  IQ-TREE report:                ../simulations/data_D8T8L15I8T8//S/819_pruned.fasta.iqtree
  Maximum-likelihood tree:       ../simulations/data_D8T8L15I8T8//S/819_pruned.fasta.treefile
  Likelihood distances:          ../simulations/data_D8T8L15I8T8//S/819_pruned.fasta.mldist
  Screen log file:               ../simulations/data_D8T8L15I8T8//S/819_pruned.fasta.log

Date and Time: Fri May 25 22:43:15 2018
