IQ-TREE version 1.4.2 for Linux 64-bit built Apr 15 2016
Copyright (c) 2011-2015 Nguyen Lam Tung, Olga Chernomor, Arndt von Haeseler and Bui Quang Minh.

Host:    meduse (AVX2, FMA3, 7 GB RAM)
Command: iqtree -s ../simulations/data_D8T8L15I8T8//S/820_pruned.fasta -m GTR+G -alrt 1000 -redo
Seed:    389992 (Using SPRNG - Scalable Parallel Random Number Generator)
Time:    Fri May 25 22:57:15 2018
Kernel:  AVX

NOTE: Consider using the multicore version because your CPU has 4 cores!

Reading alignment file ../simulations/data_D8T8L15I8T8//S/820_pruned.fasta ... Fasta format detected
Alignment most likely contains DNA/RNA sequences
Alignment has 27 sequences with 300 columns and 192 patterns (163 informative sites)
          Gap/Ambiguity  Composition  p-value
   1  n255_258    0.00%    passed     91.54%
   2  n290_293    0.00%    passed     96.75%
   3  n289_292    0.00%    passed     93.57%
   4  n294_297    0.00%    passed     92.00%
   5  n200_231    0.00%    passed     88.86%
   6  n278_281    0.00%    passed     97.70%
   7  n298_301    0.00%    passed     90.45%
   8  n280_283    0.00%    passed     89.89%
   9  n266_269    0.00%    passed     94.37%
  10  n297_300    0.00%    passed     92.00%
  11  n300_303    0.00%    passed     86.89%
  12  n296_299    0.00%    passed     99.67%
  13  n236_239    0.00%    passed     95.94%
  14  n287_290    0.00%    passed     96.75%
  15  n292_295    0.00%    passed     91.45%
  16  n251_254    0.00%    passed     75.79%
  17  n286_289    0.00%    passed     99.21%
  18  n293_296    0.00%    passed     92.00%
  19  n200_201    0.00%    passed     68.40%
  20  n295_298    0.00%    passed     95.74%
  21  n275_278    0.00%    passed     87.91%
  22  n299_302    0.00%    passed     86.89%
  23  n285_288    0.00%    passed     98.19%
  24  n265_268    0.00%    passed     80.40%
  25  n244_247    0.00%    passed     54.62%
  26  n274_277    0.00%    passed     85.16%
  27  n277_280    0.00%    passed     97.77%
****  TOTAL       0.00%  0 sequences failed composition chi2 test (p-value<5%; df=3)
NOTE: 2 identical sequences (see below) will be ignored for subsequent analysis
NOTE: n293_296 (identical to n294_297) is ignored but added at the end
NOTE: n299_302 (identical to n300_303) is ignored but added at the end

Create initial parsimony tree by phylogenetic likelihood library (PLL)... 0.001 seconds

NOTE: 0 MB RAM is required!
Estimate model parameters (epsilon = 0.100)
1. Initial log-likelihood: -2127.729
2. Current log-likelihood: -2071.502
3. Current log-likelihood: -2071.076
Optimal log-likelihood: -2071.027
Rate parameters:  A-C: 1.261  A-G: 1.400  A-T: 1.390  C-G: 1.384  C-T: 1.298  G-T: 1.000
Base frequencies:   A: 0.256  C: 0.246  G: 0.283  T: 0.215
Gamma shape alpha: 998.402
Parameters optimization took 3 rounds (0.026 sec)
--------------------------------------------------------------------
|             INITIALIZING CANDIDATE TREE SET                      |
--------------------------------------------------------------------
Computing ML distances based on estimated model parameters... 0.004 sec
Computing BIONJ tree...
0.000 seconds
Log-likelihood of BIONJ tree: -2071.027
Generating 98 parsimony trees... 0.136 seconds 62 distinct starting trees
Computing log-likelihood of 62 initial trees ... 0.176 seconds
Optimizing top 20 initial trees with NNI...
Iteration 1 / LogL: -2071.027 / Time: 0h:0m:0s
Estimate model parameters (epsilon = 0.100)
BETTER SCORE FOUND at iteration 1: -2071.019
Iteration 2 / LogL: -2071.020 / Time: 0h:0m:0s
Iteration 3 / LogL: -2071.021 / Time: 0h:0m:0s
Iteration 4 / LogL: -2071.021 / Time: 0h:0m:0s
Iteration 5 / LogL: -2071.021 / Time: 0h:0m:0s
Iteration 6 / LogL: -2071.021 / Time: 0h:0m:0s
Iteration 7 / LogL: -2071.021 / Time: 0h:0m:0s
Iteration 8 / LogL: -2071.021 / Time: 0h:0m:0s
Iteration 9 / LogL: -2071.021 / Time: 0h:0m:0s
Iteration 10 / LogL: -2071.021 / Time: 0h:0m:0s
Iteration 11 / LogL: -2071.021 / Time: 0h:0m:0s
Iteration 12 / LogL: -2071.021 / Time: 0h:0m:0s
Iteration 13 / LogL: -2071.021 / Time: 0h:0m:0s
Iteration 14 / LogL: -2071.021 / Time: 0h:0m:0s
Iteration 15 / LogL: -2071.021 / Time: 0h:0m:0s
Iteration 16 / LogL: -2071.021 / Time: 0h:0m:0s
Iteration 17 / LogL: -2071.021 / Time: 0h:0m:0s
Iteration 18 / LogL: -2071.021 / Time: 0h:0m:0s
Iteration 19 / LogL: -2071.021 / Time: 0h:0m:0s
Iteration 20 / LogL: -2071.021 / Time: 0h:0m:0s
Average CPU time for 1 NNI search: 0.007
Finish initializing candidate tree set. Number of distinct locally optimal trees: 20
Current best tree score: -2071.019 / CPU time: 0.448
--------------------------------------------------------------------
|               OPTIMIZING CANDIDATE TREE SET                      |
--------------------------------------------------------------------
Iteration 30 / LogL: -2092.012 / Time: 0h:0m:0s (0h:0m:1s left)
Iteration 40 / LogL: -2099.596 / Time: 0h:0m:0s (0h:0m:1s left)
Iteration 50 / LogL: -2089.150 / Time: 0h:0m:1s (0h:0m:1s left)
Iteration 60 / LogL: -2071.019 / Time: 0h:0m:1s (0h:0m:0s left)
Iteration 70 / LogL: -2071.020 / Time: 0h:0m:1s (0h:0m:0s left)
Iteration 80 / LogL: -2071.103 / Time: 0h:0m:1s (0h:0m:0s left)
Iteration 90 / LogL: -2071.039 / Time: 0h:0m:2s (0h:0m:0s left)
Iteration 100 / LogL: -2071.613 / Time: 0h:0m:2s (0h:0m:0s left)
TREE SEARCH COMPLETED AFTER 101 ITERATIONS / Time: 0h:0m:2s

--------------------------------------------------------------------
|                    FINALIZING TREE SEARCH                        |
--------------------------------------------------------------------
Performs final model parameters optimization
Estimate model parameters (epsilon = 0.010)
1. Initial log-likelihood: -2071.019
2. Current log-likelihood: -2070.992
Optimal log-likelihood: -2070.983
Rate parameters:  A-C: 1.191  A-G: 1.358  A-T: 1.342  C-G: 1.345  C-T: 1.253  G-T: 1.000
Base frequencies:   A: 0.256  C: 0.246  G: 0.283  T: 0.215
Gamma shape alpha: 998.402
Parameters optimization took 2 rounds (0.014 sec)
BEST SCORE FOUND : -2070.983

Testing tree branches by SH-like aLRT with 1000 replicates...
CPU Time used:  0.156 sec.
Total tree length: 1.235

Total number of iterations: 101
CPU time used for tree search: 2.204 sec (0h:0m:2s)
Wall-clock time used for tree search: 2.222 sec (0h:0m:2s)
Total CPU time used: 2.428 sec (0h:0m:2s)
Total wall-clock time used: 2.443 sec (0h:0m:2s)

Analysis results written to: 
  IQ-TREE report:                ../simulations/data_D8T8L15I8T8//S/820_pruned.fasta.iqtree
  Maximum-likelihood tree:       ../simulations/data_D8T8L15I8T8//S/820_pruned.fasta.treefile
  Likelihood distances:          ../simulations/data_D8T8L15I8T8//S/820_pruned.fasta.mldist
  Screen log file:               ../simulations/data_D8T8L15I8T8//S/820_pruned.fasta.log

Date and Time: Fri May 25 22:57:17 2018
