IQ-TREE version 1.4.2 for Linux 64-bit built Apr 15 2016
Copyright (c) 2011-2015 Nguyen Lam Tung, Olga Chernomor, Arndt von Haeseler and Bui Quang Minh.

Host:    meduse (AVX2, FMA3, 7 GB RAM)
Command: iqtree -s ../simulations/data_D10T10L20I10T10//S/821_pruned.fasta -m GTR+G -alrt 1000 -redo
Seed:    164964 (Using SPRNG - Scalable Parallel Random Number Generator)
Time:    Mon Jun  4 01:04:09 2018
Kernel:  AVX

NOTE: Consider using the multicore version because your CPU has 4 cores!

Reading alignment file ../simulations/data_D10T10L20I10T10//S/821_pruned.fasta ... Fasta format detected
Alignment most likely contains DNA/RNA sequences
Alignment has 26 sequences with 300 columns and 299 patterns (295 informative sites)
          Gap/Ambiguity  Composition  p-value
   1  n299_300    0.00%    passed     59.78%
   2  n300_301    0.00%    passed     78.41%
   3  n290_291    0.00%    passed     98.12%
   4  n244_245    0.00%    passed     65.42%
   5  n255_256    0.00%    passed     86.15%
   6  n277_278    0.00%    passed     92.36%
   7  n200_201    0.00%    passed     46.19%
   8  n236_237    0.00%    passed     56.83%
   9  n274_275    0.00%    passed     25.41%
  10  n289_290    0.00%    passed     97.96%
  11  n296_297    0.00%    passed     85.23%
  12  n275_276    0.00%    passed     98.05%
  13  n292_293    0.00%    passed     58.26%
  14  n278_279    0.00%    passed     95.95%
  15  n298_299    0.00%    passed     87.73%
  16  n297_298    0.00%    passed     93.40%
  17  n286_287    0.00%    passed     46.55%
  18  n285_286    0.00%    passed     68.10%
  19  n287_288    0.00%    passed     92.78%
  20  n251_252    0.00%    passed     64.33%
  21  n294_295    0.00%    passed     98.33%
  22  n295_296    0.00%    passed     90.10%
  23  n266_267    0.00%    passed     13.33%
  24  n265_266    0.00%    passed     29.53%
  25  n280_281    0.00%    passed     91.85%
  26  n293_294    0.00%    passed     97.22%
****  TOTAL       0.00%  0 sequences failed composition chi2 test (p-value<5%; df=3)

Create initial parsimony tree by phylogenetic likelihood library (PLL)... 0.002 seconds

NOTE: 1 MB RAM is required!
Estimate model parameters (epsilon = 0.100)
1. Initial log-likelihood: -5197.529
2. Current log-likelihood: -5110.886
3. Current log-likelihood: -5097.020
4. Current log-likelihood: -5094.217
5. Current log-likelihood: -5093.612
Optimal log-likelihood: -5093.499
Rate parameters:  A-C: 0.975  A-G: 1.167  A-T: 0.946  C-G: 0.765  C-T: 1.050  G-T: 1.000
Base frequencies:   A: 0.226  C: 0.284  G: 0.251  T: 0.239
Gamma shape alpha: 3.807
Parameters optimization took 5 rounds (0.069 sec)
--------------------------------------------------------------------
|             INITIALIZING CANDIDATE TREE SET                      |
--------------------------------------------------------------------
Computing ML distances based on estimated model parameters... 0.004 sec
Computing BIONJ tree...
0.000 seconds
Log-likelihood of BIONJ tree: -5106.751
Generating 98 parsimony trees... 0.150 seconds 2 distinct starting trees
Computing log-likelihood of 2 initial trees ... 0.000 seconds
Optimizing top 2 initial trees with NNI...
Iteration 1 / LogL: -5092.487 / Time: 0h:0m:0s
Estimate model parameters (epsilon = 0.100)
BETTER TREE FOUND at iteration 1: -5092.394
Iteration 2 / LogL: -5092.404 / Time: 0h:0m:0s
Average CPU time for 1 NNI search: 0.018
Finish initializing candidate tree set. Number of distinct locally optimal trees: 1
Current best tree score: -5092.394 / CPU time: 0.188
--------------------------------------------------------------------
|               OPTIMIZING CANDIDATE TREE SET                      |
--------------------------------------------------------------------
Iteration 10 / LogL: -5099.746 / Time: 0h:0m:0s
Iteration 20 / LogL: -5092.696 / Time: 0h:0m:0s (0h:0m:3s left)
Iteration 30 / LogL: -5092.482 / Time: 0h:0m:1s (0h:0m:3s left)
Estimate model parameters (epsilon = 0.010)
UPDATE BEST LOG-LIKELIHOOD: -5092.327
Iteration 40 / LogL: -5093.058 / Time: 0h:0m:1s (0h:0m:2s left)
Iteration 50 / LogL: -5095.667 / Time: 0h:0m:2s (0h:0m:2s left)
Iteration 60 / LogL: -5092.677 / Time: 0h:0m:2s (0h:0m:1s left)
Iteration 70 / LogL: -5092.626 / Time: 0h:0m:2s (0h:0m:1s left)
Iteration 80 / LogL: -5092.813 / Time: 0h:0m:2s (0h:0m:0s left)
Iteration 90 / LogL: -5093.897 / Time: 0h:0m:3s (0h:0m:0s left)
Iteration 100 / LogL: -5092.645 / Time: 0h:0m:3s (0h:0m:0s left)
TREE SEARCH COMPLETED AFTER 101 ITERATIONS / Time: 0h:0m:3s

--------------------------------------------------------------------
|                    FINALIZING TREE SEARCH                        |
--------------------------------------------------------------------
Performs final model parameters optimization
Estimate model parameters (epsilon = 0.010)
1. Initial log-likelihood: -5092.327
Optimal log-likelihood: -5092.322
Rate parameters:  A-C: 0.957  A-G: 1.139  A-T: 0.925  C-G: 0.745  C-T: 1.034  G-T: 1.000
Base frequencies:   A: 0.226  C: 0.284  G: 0.251  T: 0.239
Gamma shape alpha: 3.804
Parameters optimization took 1 rounds (0.010 sec)
BEST SCORE FOUND : -5092.322

Testing tree branches by SH-like aLRT with 1000 replicates...
CPU Time used:  0.120 sec.
Total tree length: 9.309

Total number of iterations: 101
CPU time used for tree search: 3.608 sec (0h:0m:3s)
Wall-clock time used for tree search: 3.608 sec (0h:0m:3s)
Total CPU time used: 3.836 sec (0h:0m:3s)
Total wall-clock time used: 3.836 sec (0h:0m:3s)

Analysis results written to: 
  IQ-TREE report:                ../simulations/data_D10T10L20I10T10//S/821_pruned.fasta.iqtree
  Maximum-likelihood tree:       ../simulations/data_D10T10L20I10T10//S/821_pruned.fasta.treefile
  Likelihood distances:          ../simulations/data_D10T10L20I10T10//S/821_pruned.fasta.mldist
  Screen log file:               ../simulations/data_D10T10L20I10T10//S/821_pruned.fasta.log

Date and Time: Mon Jun  4 01:04:13 2018
