IQ-TREE version 1.4.2 for Linux 64-bit built Apr 15 2016
Copyright (c) 2011-2015 Nguyen Lam Tung, Olga Chernomor, Arndt von Haeseler and Bui Quang Minh.

Host:    meduse (AVX2, FMA3, 7 GB RAM)
Command: iqtree -s ../simulations/data_D10T10L20I10T10//S/828_pruned.fasta -m GTR+G -alrt 1000 -redo
Seed:    153916 (Using SPRNG - Scalable Parallel Random Number Generator)
Time:    Mon Jun  4 00:51:35 2018
Kernel:  AVX

NOTE: Consider using the multicore version because your CPU has 4 cores!

Reading alignment file ../simulations/data_D10T10L20I10T10//S/828_pruned.fasta ... Fasta format detected
Alignment most likely contains DNA/RNA sequences
Alignment has 26 sequences with 300 columns and 300 patterns (296 informative sites)
          Gap/Ambiguity  Composition  p-value
   1  n289_286    0.00%    passed     40.22%
   2  n290_287    0.00%    passed     32.40%
   3  n251_248    0.00%    passed     76.33%
   4  n236_233    0.00%    passed     80.61%
   5  n300_297    0.00%    passed      9.71%
   6  n295_292    0.00%    passed     28.10%
   7  n200_197    0.00%    passed     31.34%
   8  n278_275    0.00%    passed     67.70%
   9  n292_289    0.00%    passed     15.82%
  10  n298_295    0.00%    passed     71.72%
  11  n294_291    0.00%    passed     23.96%
  12  n280_277    0.00%    passed     24.48%
  13  n265_262    0.00%    passed     16.34%
  14  n296_293    0.00%    passed     33.19%
  15  n299_296    0.00%    passed     19.83%
  16  n275_272    0.00%    passed     46.09%
  17  n285_282    0.00%    passed     91.44%
  18  n274_271    0.00%    passed      5.61%
  19  n293_290    0.00%    passed     53.69%
  20  n286_283    0.00%    passed     77.86%
  21  n266_263    0.00%    failed      3.29%
  22  n297_294    0.00%    passed     56.06%
  23  n244_241    0.00%    passed      9.75%
  24  n277_274    0.00%    passed     77.21%
  25  n287_284    0.00%    passed     84.61%
  26  n255_252    0.00%    passed     12.00%
****  TOTAL       0.00%  1 sequences failed composition chi2 test (p-value<5%; df=3)

Create initial parsimony tree by phylogenetic likelihood library (PLL)... 0.002 seconds

NOTE: 1 MB RAM is required!
Estimate model parameters (epsilon = 0.100)
1. Initial log-likelihood: -5347.972
2. Current log-likelihood: -5241.778
3. Current log-likelihood: -5229.390
4. Current log-likelihood: -5227.428
5. Current log-likelihood: -5226.892
6. Current log-likelihood: -5226.790
Optimal log-likelihood: -5226.719
Rate parameters:  A-C: 1.178  A-G: 1.284  A-T: 1.127  C-G: 1.223  C-T: 1.620  G-T: 1.000
Base frequencies:   A: 0.254  C: 0.253  G: 0.263  T: 0.230
Gamma shape alpha: 4.463
Parameters optimization took 6 rounds (0.072 sec)
--------------------------------------------------------------------
|             INITIALIZING CANDIDATE TREE SET                      |
--------------------------------------------------------------------
Computing ML distances based on estimated model parameters... 0.004 sec
WARNING: Some pairwise ML distances are too long (saturated)
Computing BIONJ tree...
0.000 seconds
Log-likelihood of BIONJ tree: -5243.133
Generating 98 parsimony trees... 0.161 seconds 4 distinct starting trees
Computing log-likelihood of 4 initial trees ... 0.006 seconds
Optimizing top 4 initial trees with NNI...
Iteration 1 / LogL: -5226.663 / Time: 0h:0m:0s
Estimate model parameters (epsilon = 0.100)
BETTER TREE FOUND at iteration 1: -5226.618
Iteration 2 / LogL: -5227.121 / Time: 0h:0m:0s
Iteration 3 / LogL: -5227.216 / Time: 0h:0m:0s
Iteration 4 / LogL: -5226.614 / Time: 0h:0m:0s
Average CPU time for 1 NNI search: 0.017
Finish initializing candidate tree set. Number of distinct locally optimal trees: 3
Current best tree score: -5226.614 / CPU time: 0.232
--------------------------------------------------------------------
|               OPTIMIZING CANDIDATE TREE SET                      |
--------------------------------------------------------------------
Estimate model parameters (epsilon = 0.010)
BETTER TREE FOUND at iteration 5: -5226.126
Iteration 10 / LogL: -5228.100 / Time: 0h:0m:0s
Iteration 20 / LogL: -5227.038 / Time: 0h:0m:0s (0h:0m:4s left)
Estimate model parameters (epsilon = 0.010)
BETTER TREE FOUND at iteration 23: -5225.794
Iteration 30 / LogL: -5227.422 / Time: 0h:0m:1s (0h:0m:4s left)
Iteration 40 / LogL: -5227.867 / Time: 0h:0m:1s (0h:0m:3s left)
Iteration 50 / LogL: -5226.776 / Time: 0h:0m:2s (0h:0m:2s left)
Iteration 60 / LogL: -5227.207 / Time: 0h:0m:2s (0h:0m:2s left)
Iteration 70 / LogL: -5226.698 / Time: 0h:0m:2s (0h:0m:1s left)
Iteration 80 / LogL: -5226.793 / Time: 0h:0m:2s (0h:0m:1s left)
Iteration 90 / LogL: -5226.940 / Time: 0h:0m:3s (0h:0m:1s left)
Iteration 100 / LogL: -5227.803 / Time: 0h:0m:3s (0h:0m:0s left)
Iteration 110 / LogL: -5225.780 / Time: 0h:0m:3s (0h:0m:0s left)
Estimate model parameters (epsilon = 0.010)
UPDATE BEST LOG-LIKELIHOOD: -5225.771
Estimate model parameters (epsilon = 0.010)
BETTER TREE FOUND at iteration 111: -5224.675
Iteration 120 / LogL: -5226.003 / Time: 0h:0m:4s (0h:0m:3s left)
Iteration 130 / LogL: -5226.175 / Time: 0h:0m:4s (0h:0m:2s left)
Iteration 140 / LogL: -5226.871 / Time: 0h:0m:4s (0h:0m:2s left)
Iteration 150 / LogL: -5224.877 / Time: 0h:0m:5s (0h:0m:2s left)
Iteration 160 / LogL: -5224.869 / Time: 0h:0m:5s (0h:0m:1s left)
Iteration 170 / LogL: -5231.652 / Time: 0h:0m:5s (0h:0m:1s left)
Iteration 180 / LogL: -5227.275 / Time: 0h:0m:5s (0h:0m:1s left)
Iteration 190 / LogL: -5224.688 / Time: 0h:0m:6s (0h:0m:0s left)
Iteration 200 / LogL: -5230.810 / Time: 0h:0m:6s (0h:0m:0s left)
Iteration 210 / LogL: -5225.821 / Time: 0h:0m:6s (0h:0m:0s left)
TREE SEARCH COMPLETED AFTER 211 ITERATIONS / Time: 0h:0m:7s

--------------------------------------------------------------------
|                    FINALIZING TREE SEARCH                        |
--------------------------------------------------------------------
Performs final model parameters optimization
Estimate model parameters (epsilon = 0.010)
1. Initial log-likelihood: -5224.675
Optimal log-likelihood: -5224.672
Rate parameters:  A-C: 1.159  A-G: 1.277  A-T: 1.088  C-G: 1.187  C-T: 1.562  G-T: 1.000
Base frequencies:   A: 0.254  C: 0.253  G: 0.263  T: 0.230
Gamma shape alpha: 4.508
Parameters optimization took 1 rounds (0.007 sec)
BEST SCORE FOUND : -5224.672

Testing tree branches by SH-like aLRT with 1000 replicates...
CPU Time used:  0.120 sec.
Total tree length: 9.731

Total number of iterations: 211
CPU time used for tree search: 6.888 sec (0h:0m:6s)
Wall-clock time used for tree search: 6.889 sec (0h:0m:6s)
Total CPU time used: 7.128 sec (0h:0m:7s)
Total wall-clock time used: 7.131 sec (0h:0m:7s)

Analysis results written to: 
  IQ-TREE report:                ../simulations/data_D10T10L20I10T10//S/828_pruned.fasta.iqtree
  Maximum-likelihood tree:       ../simulations/data_D10T10L20I10T10//S/828_pruned.fasta.treefile
  Likelihood distances:          ../simulations/data_D10T10L20I10T10//S/828_pruned.fasta.mldist
  Screen log file:               ../simulations/data_D10T10L20I10T10//S/828_pruned.fasta.log

Date and Time: Mon Jun  4 00:51:42 2018
