IQ-TREE version 1.4.2 for Linux 64-bit built Apr 15 2016
Copyright (c) 2011-2015 Nguyen Lam Tung, Olga Chernomor, Arndt von Haeseler and Bui Quang Minh.

Host:    meduse (AVX2, FMA3, 7 GB RAM)
Command: iqtree -s ../simulations/data_D8T8L15I8T8//S/82_pruned.fasta -m GTR+G -alrt 1000 -redo
Seed:    142759 (Using SPRNG - Scalable Parallel Random Number Generator)
Time:    Fri May 25 23:08:36 2018
Kernel:  AVX

NOTE: Consider using the multicore version because your CPU has 4 cores!

Reading alignment file ../simulations/data_D8T8L15I8T8//S/82_pruned.fasta ... Fasta format detected
Alignment most likely contains DNA/RNA sequences
Alignment has 26 sequences with 300 columns and 182 patterns (162 informative sites)
          Gap/Ambiguity  Composition  p-value
   1  n255_258    0.00%    passed     84.60%
   2  n278_281    0.00%    passed     76.83%
   3  n289_292    0.00%    passed     78.21%
   4  n294_297    0.00%    passed     99.40%
   5  n286_289    0.00%    passed     90.09%
   6  n290_293    0.00%    passed     78.21%
   7  n266_269    0.00%    passed     95.52%
   8  n297_300    0.00%    passed     93.68%
   9  n300_303    0.00%    passed     93.70%
  10  n280_283    0.00%    passed     93.23%
  11  n244_247    0.00%    passed     17.32%
  12  n265_268    0.00%    passed     96.73%
  13  n296_299    0.00%    passed     94.51%
  14  n236_239    0.00%    passed     70.23%
  15  n287_290    0.00%    passed     76.59%
  16  n292_295    0.00%    passed     93.70%
  17  n251_254    0.00%    passed     87.31%
  18  n293_296    0.00%    passed     98.89%
  19  n295_298    0.00%    passed     95.07%
  20  n275_278    0.00%    passed     98.05%
  21  n299_302    0.00%    passed     93.70%
  22  n285_288    0.00%    passed     85.16%
  23  n200_203    0.00%    passed     68.42%
  24  n274_277    0.00%    passed     93.23%
  25  n277_280    0.00%    passed     80.82%
  26  n298_301    0.00%    passed     84.70%
****  TOTAL       0.00%  0 sequences failed composition chi2 test (p-value<5%; df=3)
NOTE: 3 identical sequences (see below) will be ignored for subsequent analysis
NOTE: n290_293 (identical to n289_292) is ignored but added at the end
NOTE: n292_295 (identical to n300_303) is ignored but added at the end
NOTE: n299_302 (identical to n300_303) is ignored but added at the end

Create initial parsimony tree by phylogenetic likelihood library (PLL)... 0.001 seconds

NOTE: 0 MB RAM is required!
Estimate model parameters (epsilon = 0.100)
1. Initial log-likelihood: -2096.083
2. Current log-likelihood: -2050.824
3. Current log-likelihood: -2050.458
Optimal log-likelihood: -2050.457
Rate parameters:  A-C: 1.195  A-G: 1.122  A-T: 0.819  C-G: 1.153  C-T: 1.661  G-T: 1.000
Base frequencies:   A: 0.261  C: 0.248  G: 0.241  T: 0.250
Gamma shape alpha: 8.278
Parameters optimization took 3 rounds (0.028 sec)
--------------------------------------------------------------------
|             INITIALIZING CANDIDATE TREE SET                      |
--------------------------------------------------------------------
Computing ML distances based on estimated model parameters... 0.004 sec
Computing BIONJ tree...
0.000 seconds
Log-likelihood of BIONJ tree: -2051.121
Generating 98 parsimony trees... 0.082 seconds 35 distinct starting trees
Computing log-likelihood of 35 initial trees ... 0.071 seconds
Optimizing top 20 initial trees with NNI...
Iteration 1 / LogL: -2050.218 / Time: 0h:0m:0s
Estimate model parameters (epsilon = 0.100)
BETTER SCORE FOUND at iteration 1: -2050.209
Iteration 2 / LogL: -2050.209 / Time: 0h:0m:0s
Iteration 3 / LogL: -2050.209 / Time: 0h:0m:0s
Iteration 4 / LogL: -2050.209 / Time: 0h:0m:0s
Iteration 5 / LogL: -2050.209 / Time: 0h:0m:0s
Iteration 6 / LogL: -2050.209 / Time: 0h:0m:0s
Iteration 7 / LogL: -2050.210 / Time: 0h:0m:0s
Iteration 8 / LogL: -2050.210 / Time: 0h:0m:0s
Iteration 9 / LogL: -2050.463 / Time: 0h:0m:0s
Iteration 10 / LogL: -2050.463 / Time: 0h:0m:0s
Iteration 11 / LogL: -2050.210 / Time: 0h:0m:0s
Iteration 12 / LogL: -2050.210 / Time: 0h:0m:0s
Iteration 13 / LogL: -2050.210 / Time: 0h:0m:0s
Iteration 14 / LogL: -2050.463 / Time: 0h:0m:0s
Iteration 15 / LogL: -2050.210 / Time: 0h:0m:0s
Iteration 16 / LogL: -2050.210 / Time: 0h:0m:0s
Iteration 17 / LogL: -2050.464 / Time: 0h:0m:0s
Iteration 18 / LogL: -2050.464 / Time: 0h:0m:0s
Iteration 19 / LogL: -2050.210 / Time: 0h:0m:0s
Iteration 20 / LogL: -2050.210 / Time: 0h:0m:0s
Average CPU time for 1 NNI search: 0.006
Finish initializing candidate tree set. Number of distinct locally optimal trees: 10
Current best tree score: -2050.209 / CPU time: 0.280
--------------------------------------------------------------------
|               OPTIMIZING CANDIDATE TREE SET                      |
--------------------------------------------------------------------
Iteration 30 / LogL: -2050.211 / Time: 0h:0m:0s (0h:0m:1s left)
Iteration 40 / LogL: -2067.292 / Time: 0h:0m:0s (0h:0m:0s left)
Iteration 50 / LogL: -2050.211 / Time: 0h:0m:0s (0h:0m:0s left)
Iteration 60 / LogL: -2050.209 / Time: 0h:0m:0s (0h:0m:0s left)
Iteration 70 / LogL: -2050.456 / Time: 0h:0m:1s (0h:0m:0s left)
Iteration 80 / LogL: -2070.974 / Time: 0h:0m:1s (0h:0m:0s left)
Iteration 90 / LogL: -2070.759 / Time: 0h:0m:1s (0h:0m:0s left)
Iteration 100 / LogL: -2050.227 / Time: 0h:0m:1s (0h:0m:0s left)
TREE SEARCH COMPLETED AFTER 101 ITERATIONS / Time: 0h:0m:1s

--------------------------------------------------------------------
|                    FINALIZING TREE SEARCH                        |
--------------------------------------------------------------------
Performs final model parameters optimization
Estimate model parameters (epsilon = 0.010)
1. Initial log-likelihood: -2050.209
Optimal log-likelihood: -2050.207
Rate parameters:  A-C: 1.207  A-G: 1.134  A-T: 0.831  C-G: 1.175  C-T: 1.668  G-T: 1.000
Base frequencies:   A: 0.261  C: 0.248  G: 0.241  T: 0.250
Gamma shape alpha: 8.294
Parameters optimization took 1 rounds (0.005 sec)
BEST SCORE FOUND : -2050.207

Testing tree branches by SH-like aLRT with 1000 replicates...
CPU Time used:  0.108 sec.
Total tree length: 1.267

Total number of iterations: 101
CPU time used for tree search: 1.596 sec (0h:0m:1s)
Wall-clock time used for tree search: 1.595 sec (0h:0m:1s)
Total CPU time used: 1.752 sec (0h:0m:1s)
Total wall-clock time used: 1.753 sec (0h:0m:1s)

Analysis results written to: 
  IQ-TREE report:                ../simulations/data_D8T8L15I8T8//S/82_pruned.fasta.iqtree
  Maximum-likelihood tree:       ../simulations/data_D8T8L15I8T8//S/82_pruned.fasta.treefile
  Likelihood distances:          ../simulations/data_D8T8L15I8T8//S/82_pruned.fasta.mldist
  Screen log file:               ../simulations/data_D8T8L15I8T8//S/82_pruned.fasta.log

Date and Time: Fri May 25 23:08:37 2018
