IQ-TREE version 1.4.2 for Linux 64-bit built Apr 15 2016
Copyright (c) 2011-2015 Nguyen Lam Tung, Olga Chernomor, Arndt von Haeseler and Bui Quang Minh.

Host:    meduse (AVX2, FMA3, 7 GB RAM)
Command: iqtree -s ../simulations/data_D8T8L15I8T8//S/830_pruned.fasta -m GTR+G -alrt 1000 -redo
Seed:    211206 (Using SPRNG - Scalable Parallel Random Number Generator)
Time:    Fri May 25 22:46:06 2018
Kernel:  AVX

NOTE: Consider using the multicore version because your CPU has 4 cores!

Reading alignment file ../simulations/data_D8T8L15I8T8//S/830_pruned.fasta ... Fasta format detected
Alignment most likely contains DNA/RNA sequences
Alignment has 26 sequences with 300 columns and 175 patterns (152 informative sites)
          Gap/Ambiguity  Composition  p-value
   1  n287_288    0.00%    passed     99.56%
   2  n290_291    0.00%    passed     99.77%
   3  n236_237    0.00%    passed     96.02%
   4  n278_279    0.00%    passed     91.56%
   5  n285_286    0.00%    passed     99.50%
   6  n265_266    0.00%    passed     80.65%
   7  n280_281    0.00%    passed     88.56%
   8  n299_300    0.00%    passed     94.39%
   9  n293_294    0.00%    passed     99.56%
  10  n274_275    0.00%    passed     89.82%
  11  n292_293    0.00%    passed     95.23%
  12  n296_297    0.00%    passed     93.39%
  13  n294_295    0.00%    passed     99.56%
  14  n275_276    0.00%    passed     86.85%
  15  n297_298    0.00%    passed     96.79%
  16  n289_290    0.00%    passed     99.35%
  17  n286_287    0.00%    passed     97.07%
  18  n255_256    0.00%    passed     76.67%
  19  n295_296    0.00%    passed     97.16%
  20  n266_267    0.00%    passed     76.11%
  21  n244_245    0.00%    passed     86.96%
  22  n298_299    0.00%    passed     97.42%
  23  n300_301    0.00%    passed     92.30%
  24  n200_201    0.00%    passed     96.01%
  25  n277_278    0.00%    passed     95.52%
  26  n251_252    0.00%    passed     91.80%
****  TOTAL       0.00%  0 sequences failed composition chi2 test (p-value<5%; df=3)
NOTE: 1 identical sequences (see below) will be ignored for subsequent analysis
NOTE: n294_295 (identical to n293_294) is ignored but added at the end

Create initial parsimony tree by phylogenetic likelihood library (PLL)... 0.002 seconds

NOTE: 0 MB RAM is required!
Estimate model parameters (epsilon = 0.100)
1. Initial log-likelihood: -2105.365
2. Current log-likelihood: -2066.387
3. Current log-likelihood: -2066.141
Optimal log-likelihood: -2066.134
Rate parameters:  A-C: 1.252  A-G: 1.316  A-T: 1.187  C-G: 1.063  C-T: 1.226  G-T: 1.000
Base frequencies:   A: 0.188  C: 0.255  G: 0.312  T: 0.245
Gamma shape alpha: 3.133
Parameters optimization took 3 rounds (0.049 sec)
--------------------------------------------------------------------
|             INITIALIZING CANDIDATE TREE SET                      |
--------------------------------------------------------------------
Computing ML distances based on estimated model parameters... 0.004 sec
Computing BIONJ tree...
0.001 seconds
Log-likelihood of BIONJ tree: -2066.737
Generating 98 parsimony trees... 0.164 seconds 26 distinct starting trees
Computing log-likelihood of 26 initial trees ... 0.069 seconds
Optimizing top 20 initial trees with NNI...
Iteration 1 / LogL: -2064.223 / Time: 0h:0m:0s
Estimate model parameters (epsilon = 0.100)
BETTER SCORE FOUND at iteration 1: -2064.203
Iteration 2 / LogL: -2064.206 / Time: 0h:0m:0s
Iteration 3 / LogL: -2064.206 / Time: 0h:0m:0s
Iteration 4 / LogL: -2064.206 / Time: 0h:0m:0s
Iteration 5 / LogL: -2064.206 / Time: 0h:0m:0s
Iteration 6 / LogL: -2064.206 / Time: 0h:0m:0s
Iteration 7 / LogL: -2064.206 / Time: 0h:0m:0s
Iteration 8 / LogL: -2064.206 / Time: 0h:0m:0s
Iteration 9 / LogL: -2064.206 / Time: 0h:0m:0s
Iteration 10 / LogL: -2064.205 / Time: 0h:0m:0s
Iteration 11 / LogL: -2064.205 / Time: 0h:0m:0s
Iteration 12 / LogL: -2064.205 / Time: 0h:0m:0s
Iteration 13 / LogL: -2064.205 / Time: 0h:0m:0s
Iteration 14 / LogL: -2064.205 / Time: 0h:0m:0s
Iteration 15 / LogL: -2064.205 / Time: 0h:0m:0s
Iteration 16 / LogL: -2064.205 / Time: 0h:0m:0s
Iteration 17 / LogL: -2064.205 / Time: 0h:0m:0s
Iteration 18 / LogL: -2064.205 / Time: 0h:0m:0s
Iteration 19 / LogL: -2064.204 / Time: 0h:0m:0s
Iteration 20 / LogL: -2064.204 / Time: 0h:0m:0s
Average CPU time for 1 NNI search: 0.010
Finish initializing candidate tree set. Number of distinct locally optimal trees: 9
Current best tree score: -2064.203 / CPU time: 0.440
--------------------------------------------------------------------
|               OPTIMIZING CANDIDATE TREE SET                      |
--------------------------------------------------------------------
Iteration 30 / LogL: -2075.400 / Time: 0h:0m:0s (0h:0m:1s left)
Iteration 40 / LogL: -2064.210 / Time: 0h:0m:0s (0h:0m:1s left)
Iteration 50 / LogL: -2064.278 / Time: 0h:0m:1s (0h:0m:1s left)
Iteration 60 / LogL: -2072.257 / Time: 0h:0m:1s (0h:0m:0s left)
Iteration 70 / LogL: -2064.404 / Time: 0h:0m:1s (0h:0m:0s left)
Iteration 80 / LogL: -2064.204 / Time: 0h:0m:1s (0h:0m:0s left)
Iteration 90 / LogL: -2064.204 / Time: 0h:0m:2s (0h:0m:0s left)
Iteration 100 / LogL: -2064.402 / Time: 0h:0m:2s (0h:0m:0s left)
TREE SEARCH COMPLETED AFTER 101 ITERATIONS / Time: 0h:0m:2s

--------------------------------------------------------------------
|                    FINALIZING TREE SEARCH                        |
--------------------------------------------------------------------
Performs final model parameters optimization
Estimate model parameters (epsilon = 0.010)
1. Initial log-likelihood: -2064.203
Optimal log-likelihood: -2064.202
Rate parameters:  A-C: 1.270  A-G: 1.327  A-T: 1.167  C-G: 1.074  C-T: 1.231  G-T: 1.000
Base frequencies:   A: 0.188  C: 0.255  G: 0.312  T: 0.245
Gamma shape alpha: 3.259
Parameters optimization took 1 rounds (0.007 sec)
BEST SCORE FOUND : -2064.202

Testing tree branches by SH-like aLRT with 1000 replicates...
CPU Time used:  0.160 sec.
Total tree length: 1.247

Total number of iterations: 101
CPU time used for tree search: 2.336 sec (0h:0m:2s)
Wall-clock time used for tree search: 2.338 sec (0h:0m:2s)
Total CPU time used: 2.588 sec (0h:0m:2s)
Total wall-clock time used: 2.594 sec (0h:0m:2s)

Analysis results written to: 
  IQ-TREE report:                ../simulations/data_D8T8L15I8T8//S/830_pruned.fasta.iqtree
  Maximum-likelihood tree:       ../simulations/data_D8T8L15I8T8//S/830_pruned.fasta.treefile
  Likelihood distances:          ../simulations/data_D8T8L15I8T8//S/830_pruned.fasta.mldist
  Screen log file:               ../simulations/data_D8T8L15I8T8//S/830_pruned.fasta.log

Date and Time: Fri May 25 22:46:08 2018
