IQ-TREE version 1.4.2 for Linux 64-bit built Apr 15 2016
Copyright (c) 2011-2015 Nguyen Lam Tung, Olga Chernomor, Arndt von Haeseler and Bui Quang Minh.

Host:    meduse (AVX2, FMA3, 7 GB RAM)
Command: iqtree -s ../simulations/data_D10T10L20I10T10//S/83_pruned.fasta -m GTR+G -alrt 1000 -redo
Seed:    50428 (Using SPRNG - Scalable Parallel Random Number Generator)
Time:    Mon Jun  4 00:35:42 2018
Kernel:  AVX

NOTE: Consider using the multicore version because your CPU has 4 cores!

Reading alignment file ../simulations/data_D10T10L20I10T10//S/83_pruned.fasta ... Fasta format detected
Alignment most likely contains DNA/RNA sequences
Alignment has 24 sequences with 300 columns and 296 patterns (289 informative sites)
          Gap/Ambiguity  Composition  p-value
   1  n289_256    0.00%    passed     71.10%
   2  n244_215    0.00%    passed     10.64%
   3  n300_267    0.00%    passed     46.60%
   4  n277_244    0.00%    passed     92.27%
   5  n278_245    0.00%    passed     93.28%
   6  n296_263    0.00%    passed     97.34%
   7  n265_232    0.00%    passed     73.31%
   8  n292_259    0.00%    passed     58.96%
   9  n294_261    0.00%    passed     96.11%
  10  n290_257    0.00%    passed     98.66%
  11  n236_209    0.00%    passed     27.50%
  12  n295_262    0.00%    passed     83.31%
  13  n297_264    0.00%    passed     97.76%
  14  n200_181    0.00%    passed     49.31%
  15  n287_254    0.00%    passed     83.31%
  16  n266_233    0.00%    passed     79.84%
  17  n286_253    0.00%    passed     22.99%
  18  n293_260    0.00%    passed     72.64%
  19  n298_265    0.00%    passed     99.94%
  20  n280_247    0.00%    passed     79.39%
  21  n274_241    0.00%    passed     98.54%
  22  n285_252    0.00%    passed     84.49%
  23  n275_242    0.00%    passed     90.61%
  24  n299_266    0.00%    passed     46.43%
****  TOTAL       0.00%  0 sequences failed composition chi2 test (p-value<5%; df=3)

Create initial parsimony tree by phylogenetic likelihood library (PLL)... 0.001 seconds

NOTE: 1 MB RAM is required!
Estimate model parameters (epsilon = 0.100)
1. Initial log-likelihood: -4799.642
2. Current log-likelihood: -4708.694
3. Current log-likelihood: -4695.344
4. Current log-likelihood: -4693.007
5. Current log-likelihood: -4692.564
Optimal log-likelihood: -4692.459
Rate parameters:  A-C: 1.270  A-G: 1.296  A-T: 1.009  C-G: 0.823  C-T: 1.163  G-T: 1.000
Base frequencies:   A: 0.221  C: 0.280  G: 0.240  T: 0.259
Gamma shape alpha: 4.015
Parameters optimization took 5 rounds (0.059 sec)
--------------------------------------------------------------------
|             INITIALIZING CANDIDATE TREE SET                      |
--------------------------------------------------------------------
Computing ML distances based on estimated model parameters... 0.004 sec
WARNING: Some pairwise ML distances are too long (saturated)
Computing BIONJ tree...
0.000 seconds
Log-likelihood of BIONJ tree: -4704.287
Generating 98 parsimony trees... 0.135 seconds 3 distinct starting trees
Computing log-likelihood of 3 initial trees ... 0.003 seconds
Optimizing top 3 initial trees with NNI...
Iteration 1 / LogL: -4691.955 / Time: 0h:0m:0s
Estimate model parameters (epsilon = 0.100)
BETTER TREE FOUND at iteration 1: -4691.851
Iteration 2 / LogL: -4691.902 / Time: 0h:0m:0s
Iteration 3 / LogL: -4691.626 / Time: 0h:0m:0s
Estimate model parameters (epsilon = 0.100)
BETTER TREE FOUND at iteration 3: -4691.602
Average CPU time for 1 NNI search: 0.019
Finish initializing candidate tree set. Number of distinct locally optimal trees: 2
Current best tree score: -4691.602 / CPU time: 0.192
--------------------------------------------------------------------
|               OPTIMIZING CANDIDATE TREE SET                      |
--------------------------------------------------------------------
Iteration 10 / LogL: -4691.868 / Time: 0h:0m:0s
Iteration 20 / LogL: -4692.364 / Time: 0h:0m:0s (0h:0m:3s left)
Iteration 30 / LogL: -4719.893 / Time: 0h:0m:1s (0h:0m:2s left)
Iteration 40 / LogL: -4692.584 / Time: 0h:0m:1s (0h:0m:2s left)
Iteration 50 / LogL: -4692.512 / Time: 0h:0m:1s (0h:0m:1s left)
Iteration 60 / LogL: -4692.119 / Time: 0h:0m:1s (0h:0m:1s left)
Iteration 70 / LogL: -4693.160 / Time: 0h:0m:2s (0h:0m:0s left)
Iteration 80 / LogL: -4691.612 / Time: 0h:0m:2s (0h:0m:0s left)
Iteration 90 / LogL: -4693.333 / Time: 0h:0m:2s (0h:0m:0s left)
Iteration 100 / LogL: -4692.548 / Time: 0h:0m:3s (0h:0m:0s left)
TREE SEARCH COMPLETED AFTER 101 ITERATIONS / Time: 0h:0m:3s

--------------------------------------------------------------------
|                    FINALIZING TREE SEARCH                        |
--------------------------------------------------------------------
Performs final model parameters optimization
Estimate model parameters (epsilon = 0.010)
1. Initial log-likelihood: -4691.602
Optimal log-likelihood: -4691.593
Rate parameters:  A-C: 1.264  A-G: 1.286  A-T: 0.989  C-G: 0.831  C-T: 1.147  G-T: 1.000
Base frequencies:   A: 0.221  C: 0.280  G: 0.240  T: 0.259
Gamma shape alpha: 3.948
Parameters optimization took 1 rounds (0.007 sec)
BEST SCORE FOUND : -4691.593

Testing tree branches by SH-like aLRT with 1000 replicates...
CPU Time used:  0.108 sec.
Total tree length: 8.667

Total number of iterations: 101
CPU time used for tree search: 2.976 sec (0h:0m:2s)
Wall-clock time used for tree search: 2.978 sec (0h:0m:2s)
Total CPU time used: 3.208 sec (0h:0m:3s)
Total wall-clock time used: 3.210 sec (0h:0m:3s)

Analysis results written to: 
  IQ-TREE report:                ../simulations/data_D10T10L20I10T10//S/83_pruned.fasta.iqtree
  Maximum-likelihood tree:       ../simulations/data_D10T10L20I10T10//S/83_pruned.fasta.treefile
  Likelihood distances:          ../simulations/data_D10T10L20I10T10//S/83_pruned.fasta.mldist
  Screen log file:               ../simulations/data_D10T10L20I10T10//S/83_pruned.fasta.log

Date and Time: Mon Jun  4 00:35:45 2018
