IQ-TREE version 1.4.2 for Linux 64-bit built Apr 15 2016
Copyright (c) 2011-2015 Nguyen Lam Tung, Olga Chernomor, Arndt von Haeseler and Bui Quang Minh.

Host:    meduse (AVX2, FMA3, 7 GB RAM)
Command: iqtree -s ../simulations/data_D8T8L15I8T8//S/840_pruned.fasta -m GTR+G -alrt 1000 -redo
Seed:    864892 (Using SPRNG - Scalable Parallel Random Number Generator)
Time:    Fri May 25 22:54:06 2018
Kernel:  AVX

NOTE: Consider using the multicore version because your CPU has 4 cores!

Reading alignment file ../simulations/data_D8T8L15I8T8//S/840_pruned.fasta ... Fasta format detected
Alignment most likely contains DNA/RNA sequences
Alignment has 26 sequences with 300 columns and 176 patterns (140 informative sites)
          Gap/Ambiguity  Composition  p-value
   1  n287_288    0.00%    passed     87.24%
   2  n290_291    0.00%    passed     95.10%
   3  n236_237    0.00%    passed     92.81%
   4  n278_279    0.00%    passed     87.37%
   5  n285_286    0.00%    passed     80.99%
   6  n265_266    0.00%    passed     64.19%
   7  n280_281    0.00%    passed     92.02%
   8  n299_300    0.00%    passed     93.50%
   9  n293_294    0.00%    passed     85.60%
  10  n274_275    0.00%    passed     89.23%
  11  n292_293    0.00%    passed     92.81%
  12  n296_297    0.00%    passed     97.03%
  13  n294_295    0.00%    passed     86.29%
  14  n275_276    0.00%    passed     95.15%
  15  n297_298    0.00%    passed     93.39%
  16  n289_290    0.00%    passed     95.39%
  17  n286_287    0.00%    passed     72.16%
  18  n255_256    0.00%    passed     53.71%
  19  n295_296    0.00%    passed     97.03%
  20  n266_267    0.00%    passed     42.63%
  21  n244_245    0.00%    passed     79.79%
  22  n298_299    0.00%    passed     93.39%
  23  n300_301    0.00%    passed     93.50%
  24  n200_201    0.00%    passed     89.78%
  25  n277_278    0.00%    passed     54.36%
  26  n251_252    0.00%    passed     73.38%
****  TOTAL       0.00%  0 sequences failed composition chi2 test (p-value<5%; df=3)
NOTE: 3 identical sequences (see below) will be ignored for subsequent analysis
NOTE: n300_301 (identical to n299_300) is ignored but added at the end
NOTE: n295_296 (identical to n296_297) is ignored but added at the end
NOTE: n298_299 (identical to n297_298) is ignored but added at the end

Create initial parsimony tree by phylogenetic likelihood library (PLL)... 0.001 seconds

NOTE: 0 MB RAM is required!
Estimate model parameters (epsilon = 0.100)
1. Initial log-likelihood: -2069.277
2. Current log-likelihood: -2022.940
3. Current log-likelihood: -2022.606
Optimal log-likelihood: -2022.603
Rate parameters:  A-C: 1.022  A-G: 1.063  A-T: 0.855  C-G: 0.784  C-T: 0.942  G-T: 1.000
Base frequencies:   A: 0.220  C: 0.282  G: 0.254  T: 0.243
Gamma shape alpha: 4.612
Parameters optimization took 3 rounds (0.029 sec)
--------------------------------------------------------------------
|             INITIALIZING CANDIDATE TREE SET                      |
--------------------------------------------------------------------
Computing ML distances based on estimated model parameters... 0.000 sec
Computing BIONJ tree...
0.000 seconds
Log-likelihood of BIONJ tree: -2022.603
Generating 98 parsimony trees... 0.110 seconds 15 distinct starting trees
Computing log-likelihood of 15 initial trees ... 0.034 seconds
Optimizing top 15 initial trees with NNI...
Iteration 1 / LogL: -2022.603 / Time: 0h:0m:0s
Estimate model parameters (epsilon = 0.100)
BETTER SCORE FOUND at iteration 1: -2022.602
Iteration 2 / LogL: -2022.603 / Time: 0h:0m:0s
Iteration 3 / LogL: -2022.609 / Time: 0h:0m:0s
Iteration 4 / LogL: -2022.609 / Time: 0h:0m:0s
Iteration 5 / LogL: -2022.609 / Time: 0h:0m:0s
Iteration 6 / LogL: -2022.609 / Time: 0h:0m:0s
Iteration 7 / LogL: -2022.609 / Time: 0h:0m:0s
Iteration 8 / LogL: -2022.609 / Time: 0h:0m:0s
Iteration 9 / LogL: -2022.606 / Time: 0h:0m:0s
Iteration 10 / LogL: -2022.606 / Time: 0h:0m:0s
Iteration 11 / LogL: -2022.606 / Time: 0h:0m:0s
Iteration 12 / LogL: -2022.606 / Time: 0h:0m:0s
Iteration 13 / LogL: -2022.606 / Time: 0h:0m:0s
Iteration 14 / LogL: -2022.606 / Time: 0h:0m:0s
Iteration 15 / LogL: -2022.606 / Time: 0h:0m:0s
Average CPU time for 1 NNI search: 0.009
Finish initializing candidate tree set. Number of distinct locally optimal trees: 9
Current best tree score: -2022.602 / CPU time: 0.280
--------------------------------------------------------------------
|               OPTIMIZING CANDIDATE TREE SET                      |
--------------------------------------------------------------------
Iteration 20 / LogL: -2022.602 / Time: 0h:0m:0s (0h:0m:1s left)
Iteration 30 / LogL: -2039.167 / Time: 0h:0m:0s (0h:0m:1s left)
Iteration 40 / LogL: -2456.300 / Time: 0h:0m:0s (0h:0m:1s left)
Iteration 50 / LogL: -2064.763 / Time: 0h:0m:1s (0h:0m:1s left)
Iteration 60 / LogL: -2036.268 / Time: 0h:0m:1s (0h:0m:0s left)
Iteration 70 / LogL: -2022.611 / Time: 0h:0m:1s (0h:0m:0s left)
Iteration 80 / LogL: -2022.602 / Time: 0h:0m:1s (0h:0m:0s left)
Iteration 90 / LogL: -2022.610 / Time: 0h:0m:1s (0h:0m:0s left)
Iteration 100 / LogL: -2036.230 / Time: 0h:0m:2s (0h:0m:0s left)
TREE SEARCH COMPLETED AFTER 101 ITERATIONS / Time: 0h:0m:2s

--------------------------------------------------------------------
|                    FINALIZING TREE SEARCH                        |
--------------------------------------------------------------------
Performs final model parameters optimization
Estimate model parameters (epsilon = 0.010)
1. Initial log-likelihood: -2022.602
Optimal log-likelihood: -2022.602
Rate parameters:  A-C: 1.022  A-G: 1.060  A-T: 0.855  C-G: 0.783  C-T: 0.942  G-T: 1.000
Base frequencies:   A: 0.220  C: 0.282  G: 0.254  T: 0.243
Gamma shape alpha: 4.612
Parameters optimization took 1 rounds (0.006 sec)
BEST SCORE FOUND : -2022.602

Testing tree branches by SH-like aLRT with 1000 replicates...
CPU Time used:  0.136 sec.
Total tree length: 1.225

Total number of iterations: 101
CPU time used for tree search: 2.020 sec (0h:0m:2s)
Wall-clock time used for tree search: 2.024 sec (0h:0m:2s)
Total CPU time used: 2.212 sec (0h:0m:2s)
Total wall-clock time used: 2.219 sec (0h:0m:2s)

Analysis results written to: 
  IQ-TREE report:                ../simulations/data_D8T8L15I8T8//S/840_pruned.fasta.iqtree
  Maximum-likelihood tree:       ../simulations/data_D8T8L15I8T8//S/840_pruned.fasta.treefile
  Likelihood distances:          ../simulations/data_D8T8L15I8T8//S/840_pruned.fasta.mldist
  Screen log file:               ../simulations/data_D8T8L15I8T8//S/840_pruned.fasta.log

Date and Time: Fri May 25 22:54:09 2018
