IQ-TREE version 1.4.2 for Linux 64-bit built Apr 15 2016
Copyright (c) 2011-2015 Nguyen Lam Tung, Olga Chernomor, Arndt von Haeseler and Bui Quang Minh.

Host:    meduse (AVX2, FMA3, 7 GB RAM)
Command: iqtree -s ../simulations/data_D10T10L20I10T10//S/849_pruned.fasta -m GTR+G -alrt 1000 -redo
Seed:    626941 (Using SPRNG - Scalable Parallel Random Number Generator)
Time:    Fri Jun  1 10:36:29 2018
Kernel:  AVX

NOTE: Consider using the multicore version because your CPU has 4 cores!

Reading alignment file ../simulations/data_D10T10L20I10T10//S/849_pruned.fasta ... Fasta format detected
Alignment most likely contains DNA/RNA sequences
Alignment has 26 sequences with 300 columns and 174 patterns (163 informative sites)
          Gap/Ambiguity  Composition  p-value
   1  n292_293    0.00%    passed     90.67%
   2  n287_288    0.00%    passed     91.04%
   3  n290_291    0.00%    passed     96.35%
   4  n294_295    0.00%    passed     89.39%
   5  n251_252    0.00%    passed     48.31%
   6  n286_287    0.00%    passed     50.03%
   7  n300_301    0.00%    passed     92.69%
   8  n275_276    0.00%    passed     83.92%
   9  n274_275    0.00%    passed     93.57%
  10  n289_290    0.00%    passed     97.20%
  11  n255_256    0.00%    passed     41.29%
  12  n236_237    0.00%    passed     97.62%
  13  n299_300    0.00%    passed     92.69%
  14  n278_279    0.00%    passed     79.66%
  15  n297_298    0.00%    passed     97.86%
  16  n298_299    0.00%    passed     97.71%
  17  n244_245    0.00%    passed     55.23%
  18  n293_294    0.00%    passed     89.39%
  19  n296_297    0.00%    passed     86.41%
  20  n295_296    0.00%    passed     85.25%
  21  n266_267    0.00%    passed     77.31%
  22  n200_201    0.00%    passed     93.90%
  23  n285_286    0.00%    passed     50.03%
  24  n277_278    0.00%    passed     92.68%
  25  n280_281    0.00%    passed     84.88%
  26  n265_266    0.00%    passed     68.67%
****  TOTAL       0.00%  0 sequences failed composition chi2 test (p-value<5%; df=3)
NOTE: 3 identical sequences (see below) will be ignored for subsequent analysis
NOTE: n293_294 (identical to n294_295) is ignored but added at the end
NOTE: n285_286 (identical to n286_287) is ignored but added at the end
NOTE: n299_300 (identical to n300_301) is ignored but added at the end

Create initial parsimony tree by phylogenetic likelihood library (PLL)... 0.001 seconds

NOTE: 0 MB RAM is required!
Estimate model parameters (epsilon = 0.100)
1. Initial log-likelihood: -1973.115
2. Current log-likelihood: -1922.902
3. Current log-likelihood: -1922.358
Optimal log-likelihood: -1922.348
Rate parameters:  A-C: 1.734  A-G: 1.259  A-T: 1.537  C-G: 1.862  C-T: 1.285  G-T: 1.000
Base frequencies:   A: 0.231  C: 0.251  G: 0.277  T: 0.242
Gamma shape alpha: 32.943
Parameters optimization took 3 rounds (0.022 sec)
--------------------------------------------------------------------
|             INITIALIZING CANDIDATE TREE SET                      |
--------------------------------------------------------------------
Computing ML distances based on estimated model parameters... 0.000 sec
Computing BIONJ tree...
0.000 seconds
Log-likelihood of BIONJ tree: -1922.347
Generating 98 parsimony trees... 0.085 seconds 26 distinct starting trees
Computing log-likelihood of 26 initial trees ... 0.044 seconds
Optimizing top 20 initial trees with NNI...
Iteration 1 / LogL: -1922.348 / Time: 0h:0m:0s
Estimate model parameters (epsilon = 0.100)
BETTER SCORE FOUND at iteration 1: -1922.343
Iteration 2 / LogL: -1922.344 / Time: 0h:0m:0s
Iteration 3 / LogL: -1922.345 / Time: 0h:0m:0s
Iteration 4 / LogL: -1922.345 / Time: 0h:0m:0s
Iteration 5 / LogL: -1922.345 / Time: 0h:0m:0s
Iteration 6 / LogL: -1922.345 / Time: 0h:0m:0s
Iteration 7 / LogL: -1922.345 / Time: 0h:0m:0s
Iteration 8 / LogL: -1922.345 / Time: 0h:0m:0s
Iteration 9 / LogL: -1922.345 / Time: 0h:0m:0s
Iteration 10 / LogL: -1922.345 / Time: 0h:0m:0s
Iteration 11 / LogL: -1922.345 / Time: 0h:0m:0s
Iteration 12 / LogL: -1922.345 / Time: 0h:0m:0s
Iteration 13 / LogL: -1922.345 / Time: 0h:0m:0s
Iteration 14 / LogL: -1922.345 / Time: 0h:0m:0s
Iteration 15 / LogL: -1922.345 / Time: 0h:0m:0s
Iteration 16 / LogL: -1922.345 / Time: 0h:0m:0s
Iteration 17 / LogL: -1922.345 / Time: 0h:0m:0s
Iteration 18 / LogL: -1922.345 / Time: 0h:0m:0s
Iteration 19 / LogL: -1922.345 / Time: 0h:0m:0s
Iteration 20 / LogL: -1922.345 / Time: 0h:0m:0s
Average CPU time for 1 NNI search: 0.004
Finish initializing candidate tree set. Number of distinct locally optimal trees: 20
Current best tree score: -1922.343 / CPU time: 0.212
--------------------------------------------------------------------
|               OPTIMIZING CANDIDATE TREE SET                      |
--------------------------------------------------------------------
Iteration 30 / LogL: -1922.346 / Time: 0h:0m:0s (0h:0m:0s left)
Iteration 40 / LogL: -1922.358 / Time: 0h:0m:0s (0h:0m:0s left)
Iteration 50 / LogL: -1922.343 / Time: 0h:0m:0s (0h:0m:0s left)
Iteration 60 / LogL: -1922.343 / Time: 0h:0m:0s (0h:0m:0s left)
Iteration 70 / LogL: -1922.345 / Time: 0h:0m:0s (0h:0m:0s left)
Iteration 80 / LogL: -1922.344 / Time: 0h:0m:0s (0h:0m:0s left)
Iteration 90 / LogL: -1930.670 / Time: 0h:0m:1s (0h:0m:0s left)
Iteration 100 / LogL: -1922.343 / Time: 0h:0m:1s (0h:0m:0s left)
TREE SEARCH COMPLETED AFTER 101 ITERATIONS / Time: 0h:0m:1s

--------------------------------------------------------------------
|                    FINALIZING TREE SEARCH                        |
--------------------------------------------------------------------
Performs final model parameters optimization
Estimate model parameters (epsilon = 0.010)
1. Initial log-likelihood: -1922.343
Optimal log-likelihood: -1922.338
Rate parameters:  A-C: 1.714  A-G: 1.240  A-T: 1.522  C-G: 1.849  C-T: 1.277  G-T: 1.000
Base frequencies:   A: 0.231  C: 0.251  G: 0.277  T: 0.242
Gamma shape alpha: 33.261
Parameters optimization took 1 rounds (0.004 sec)
BEST SCORE FOUND : -1922.338

Testing tree branches by SH-like aLRT with 1000 replicates...
CPU Time used:  0.088 sec.
Total tree length: 1.139

Total number of iterations: 101
CPU time used for tree search: 1.196 sec (0h:0m:1s)
Wall-clock time used for tree search: 1.202 sec (0h:0m:1s)
Total CPU time used: 1.324 sec (0h:0m:1s)
Total wall-clock time used: 1.329 sec (0h:0m:1s)

Analysis results written to: 
  IQ-TREE report:                ../simulations/data_D10T10L20I10T10//S/849_pruned.fasta.iqtree
  Maximum-likelihood tree:       ../simulations/data_D10T10L20I10T10//S/849_pruned.fasta.treefile
  Likelihood distances:          ../simulations/data_D10T10L20I10T10//S/849_pruned.fasta.mldist
  Screen log file:               ../simulations/data_D10T10L20I10T10//S/849_pruned.fasta.log

Date and Time: Fri Jun  1 10:36:30 2018
