IQ-TREE version 1.4.2 for Linux 64-bit built Apr 15 2016
Copyright (c) 2011-2015 Nguyen Lam Tung, Olga Chernomor, Arndt von Haeseler and Bui Quang Minh.

Host:    meduse (AVX2, FMA3, 7 GB RAM)
Command: iqtree -s ../simulations/data_D10T10L20I10T10//S/84_pruned.fasta -m GTR+G -alrt 1000 -redo
Seed:    221677 (Using SPRNG - Scalable Parallel Random Number Generator)
Time:    Mon Jun  4 01:10:05 2018
Kernel:  AVX

NOTE: Consider using the multicore version because your CPU has 4 cores!

Reading alignment file ../simulations/data_D10T10L20I10T10//S/84_pruned.fasta ... Fasta format detected
Alignment most likely contains DNA/RNA sequences
Alignment has 26 sequences with 300 columns and 298 patterns (287 informative sites)
          Gap/Ambiguity  Composition  p-value
   1  n244_243    0.00%    passed     31.38%
   2  n299_300    0.00%    passed     32.18%
   3  n274_273    0.00%    passed     46.63%
   4  n286_285    0.00%    passed     65.83%
   5  n298_299    0.00%    passed     99.82%
   6  n277_276    0.00%    passed     25.62%
   7  n300_301    0.00%    passed     45.62%
   8  n265_264    0.00%    passed     84.18%
   9  n297_298    0.00%    passed     99.33%
  10  n278_277    0.00%    passed     37.50%
  11  n290_291    0.00%    passed     73.47%
  12  n289_290    0.00%    passed     50.92%
  13  n286_287    0.00%    passed     48.06%
  14  n296_297    0.00%    passed     97.71%
  15  n275_274    0.00%    passed     97.87%
  16  n266_265    0.00%    passed     78.34%
  17  n285_286    0.00%    passed     49.69%
  18  n285_284    0.00%    passed     57.18%
  19  n200_209    0.00%    passed     65.78%
  20  n292_293    0.00%    passed     52.24%
  21  n294_295    0.00%    passed     72.27%
  22  n236_237    0.00%    passed     40.61%
  23  n295_296    0.00%    passed     93.23%
  24  n280_279    0.00%    passed     11.94%
  25  n293_294    0.00%    passed     87.96%
  26  n287_288    0.00%    passed     79.70%
****  TOTAL       0.00%  0 sequences failed composition chi2 test (p-value<5%; df=3)

Create initial parsimony tree by phylogenetic likelihood library (PLL)... 0.001 seconds

NOTE: 1 MB RAM is required!
Estimate model parameters (epsilon = 0.100)
1. Initial log-likelihood: -5083.607
2. Current log-likelihood: -4989.917
3. Current log-likelihood: -4976.745
4. Current log-likelihood: -4974.337
5. Current log-likelihood: -4973.828
6. Current log-likelihood: -4973.714
Optimal log-likelihood: -4973.650
Rate parameters:  A-C: 1.464  A-G: 1.450  A-T: 1.156  C-G: 1.150  C-T: 1.680  G-T: 1.000
Base frequencies:   A: 0.250  C: 0.229  G: 0.281  T: 0.240
Gamma shape alpha: 4.463
Parameters optimization took 6 rounds (0.081 sec)
--------------------------------------------------------------------
|             INITIALIZING CANDIDATE TREE SET                      |
--------------------------------------------------------------------
Computing ML distances based on estimated model parameters... 0.004 sec
WARNING: Some pairwise ML distances are too long (saturated)
Computing BIONJ tree...
0.000 seconds
Log-likelihood of BIONJ tree: -4998.036
Generating 98 parsimony trees... 0.125 seconds 4 distinct starting trees
Computing log-likelihood of 4 initial trees ... 0.006 seconds
Optimizing top 4 initial trees with NNI...
Iteration 1 / LogL: -4973.647 / Time: 0h:0m:0s
Estimate model parameters (epsilon = 0.100)
BETTER TREE FOUND at iteration 1: -4973.624
Iteration 2 / LogL: -4973.630 / Time: 0h:0m:0s
Iteration 3 / LogL: -4973.626 / Time: 0h:0m:0s
Iteration 4 / LogL: -4973.941 / Time: 0h:0m:0s
Average CPU time for 1 NNI search: 0.014
Finish initializing candidate tree set. Number of distinct locally optimal trees: 4
Current best tree score: -4973.624 / CPU time: 0.188
--------------------------------------------------------------------
|               OPTIMIZING CANDIDATE TREE SET                      |
--------------------------------------------------------------------
Iteration 10 / LogL: -4975.514 / Time: 0h:0m:0s
Iteration 20 / LogL: -4974.064 / Time: 0h:0m:0s (0h:0m:3s left)
Iteration 30 / LogL: -4973.959 / Time: 0h:0m:1s (0h:0m:2s left)
Iteration 40 / LogL: -4974.860 / Time: 0h:0m:1s (0h:0m:2s left)
Iteration 50 / LogL: -4975.172 / Time: 0h:0m:1s (0h:0m:1s left)
Iteration 60 / LogL: -4973.768 / Time: 0h:0m:2s (0h:0m:1s left)
Estimate model parameters (epsilon = 0.010)
BETTER TREE FOUND at iteration 68: -4973.138
Iteration 70 / LogL: -5033.295 / Time: 0h:0m:2s (0h:0m:3s left)
Iteration 80 / LogL: -4973.697 / Time: 0h:0m:2s (0h:0m:3s left)
Iteration 90 / LogL: -4974.662 / Time: 0h:0m:3s (0h:0m:2s left)
Iteration 100 / LogL: -4973.155 / Time: 0h:0m:3s (0h:0m:2s left)
Iteration 110 / LogL: -4974.884 / Time: 0h:0m:3s (0h:0m:1s left)
Iteration 120 / LogL: -4974.551 / Time: 0h:0m:4s (0h:0m:1s left)
Iteration 130 / LogL: -4973.908 / Time: 0h:0m:4s (0h:0m:1s left)
Iteration 140 / LogL: -4973.737 / Time: 0h:0m:4s (0h:0m:0s left)
Iteration 150 / LogL: -4973.342 / Time: 0h:0m:5s (0h:0m:0s left)
Iteration 160 / LogL: -4974.248 / Time: 0h:0m:5s (0h:0m:0s left)
TREE SEARCH COMPLETED AFTER 168 ITERATIONS / Time: 0h:0m:5s

--------------------------------------------------------------------
|                    FINALIZING TREE SEARCH                        |
--------------------------------------------------------------------
Performs final model parameters optimization
Estimate model parameters (epsilon = 0.010)
1. Initial log-likelihood: -4973.138
Optimal log-likelihood: -4973.135
Rate parameters:  A-C: 1.449  A-G: 1.393  A-T: 1.132  C-G: 1.114  C-T: 1.643  G-T: 1.000
Base frequencies:   A: 0.250  C: 0.229  G: 0.281  T: 0.240
Gamma shape alpha: 4.914
Parameters optimization took 1 rounds (0.007 sec)
BEST SCORE FOUND : -4973.135

Testing tree branches by SH-like aLRT with 1000 replicates...
CPU Time used:  0.128 sec.
Total tree length: 8.501

Total number of iterations: 168
CPU time used for tree search: 5.616 sec (0h:0m:5s)
Wall-clock time used for tree search: 5.617 sec (0h:0m:5s)
Total CPU time used: 5.856 sec (0h:0m:5s)
Total wall-clock time used: 5.857 sec (0h:0m:5s)

Analysis results written to: 
  IQ-TREE report:                ../simulations/data_D10T10L20I10T10//S/84_pruned.fasta.iqtree
  Maximum-likelihood tree:       ../simulations/data_D10T10L20I10T10//S/84_pruned.fasta.treefile
  Likelihood distances:          ../simulations/data_D10T10L20I10T10//S/84_pruned.fasta.mldist
  Screen log file:               ../simulations/data_D10T10L20I10T10//S/84_pruned.fasta.log

Date and Time: Mon Jun  4 01:10:11 2018
