IQ-TREE version 1.4.2 for Linux 64-bit built Apr 15 2016
Copyright (c) 2011-2015 Nguyen Lam Tung, Olga Chernomor, Arndt von Haeseler and Bui Quang Minh.

Host:    meduse (AVX2, FMA3, 7 GB RAM)
Command: iqtree -s ../simulations/data_D10T10L20I10T10//S/851_pruned.fasta -m GTR+G -alrt 1000 -redo
Seed:    885011 (Using SPRNG - Scalable Parallel Random Number Generator)
Time:    Mon Jun  4 00:22:06 2018
Kernel:  AVX

NOTE: Consider using the multicore version because your CPU has 4 cores!

Reading alignment file ../simulations/data_D10T10L20I10T10//S/851_pruned.fasta ... Fasta format detected
Alignment most likely contains DNA/RNA sequences
Alignment has 26 sequences with 300 columns and 299 patterns (295 informative sites)
          Gap/Ambiguity  Composition  p-value
   1  n299_300    0.00%    passed     87.11%
   2  n300_301    0.00%    passed     83.97%
   3  n290_291    0.00%    passed     95.25%
   4  n244_245    0.00%    passed     31.39%
   5  n255_256    0.00%    passed     70.40%
   6  n277_278    0.00%    passed     48.46%
   7  n200_201    0.00%    passed     16.67%
   8  n236_237    0.00%    passed     34.44%
   9  n274_275    0.00%    passed     90.69%
  10  n289_290    0.00%    passed     62.01%
  11  n296_297    0.00%    passed     64.88%
  12  n275_276    0.00%    passed     83.77%
  13  n292_293    0.00%    passed     91.99%
  14  n278_279    0.00%    passed     21.54%
  15  n298_299    0.00%    passed     74.93%
  16  n297_298    0.00%    passed     84.30%
  17  n286_287    0.00%    passed     40.57%
  18  n285_286    0.00%    passed     63.29%
  19  n287_288    0.00%    passed     57.30%
  20  n251_252    0.00%    passed     79.24%
  21  n294_295    0.00%    passed     72.23%
  22  n295_296    0.00%    passed     68.79%
  23  n266_267    0.00%    passed     75.60%
  24  n265_266    0.00%    passed     57.88%
  25  n280_281    0.00%    passed     98.32%
  26  n293_294    0.00%    passed     61.20%
****  TOTAL       0.00%  0 sequences failed composition chi2 test (p-value<5%; df=3)

Create initial parsimony tree by phylogenetic likelihood library (PLL)... 0.002 seconds

NOTE: 1 MB RAM is required!
Estimate model parameters (epsilon = 0.100)
1. Initial log-likelihood: -5128.580
2. Current log-likelihood: -5037.107
3. Current log-likelihood: -5020.280
4. Current log-likelihood: -5017.293
5. Current log-likelihood: -5016.685
6. Current log-likelihood: -5016.526
Optimal log-likelihood: -5016.460
Rate parameters:  A-C: 1.074  A-G: 1.129  A-T: 1.080  C-G: 0.900  C-T: 1.407  G-T: 1.000
Base frequencies:   A: 0.226  C: 0.278  G: 0.260  T: 0.235
Gamma shape alpha: 5.491
Parameters optimization took 6 rounds (0.073 sec)
--------------------------------------------------------------------
|             INITIALIZING CANDIDATE TREE SET                      |
--------------------------------------------------------------------
Computing ML distances based on estimated model parameters... 0.004 sec
WARNING: Some pairwise ML distances are too long (saturated)
Computing BIONJ tree...
0.000 seconds
Log-likelihood of BIONJ tree: -5036.116
Generating 98 parsimony trees... 0.130 seconds 5 distinct starting trees
Computing log-likelihood of 5 initial trees ... 0.009 seconds
Optimizing top 5 initial trees with NNI...
Iteration 1 / LogL: -5016.307 / Time: 0h:0m:0s
Estimate model parameters (epsilon = 0.100)
BETTER TREE FOUND at iteration 1: -5016.288
Iteration 2 / LogL: -5016.496 / Time: 0h:0m:0s
Iteration 3 / LogL: -5016.441 / Time: 0h:0m:0s
Iteration 4 / LogL: -5016.486 / Time: 0h:0m:0s
Iteration 5 / LogL: -5017.099 / Time: 0h:0m:0s
Average CPU time for 1 NNI search: 0.017
Finish initializing candidate tree set. Number of distinct locally optimal trees: 2
Current best tree score: -5016.288 / CPU time: 0.224
--------------------------------------------------------------------
|               OPTIMIZING CANDIDATE TREE SET                      |
--------------------------------------------------------------------
Iteration 10 / LogL: -5018.289 / Time: 0h:0m:0s
Iteration 20 / LogL: -5032.045 / Time: 0h:0m:0s (0h:0m:3s left)
Iteration 30 / LogL: -5016.714 / Time: 0h:0m:1s (0h:0m:2s left)
Iteration 40 / LogL: -5019.070 / Time: 0h:0m:1s (0h:0m:2s left)
Estimate model parameters (epsilon = 0.010)
BETTER TREE FOUND at iteration 48: -5014.421
Iteration 50 / LogL: -5016.540 / Time: 0h:0m:1s (0h:0m:3s left)
Estimate model parameters (epsilon = 0.010)
BETTER TREE FOUND at iteration 55: -5014.246
Iteration 60 / LogL: -5014.552 / Time: 0h:0m:2s (0h:0m:3s left)
Iteration 70 / LogL: -5015.727 / Time: 0h:0m:2s (0h:0m:3s left)
Iteration 80 / LogL: -5014.450 / Time: 0h:0m:2s (0h:0m:2s left)
Iteration 90 / LogL: -5018.524 / Time: 0h:0m:3s (0h:0m:2s left)
Iteration 100 / LogL: -5014.437 / Time: 0h:0m:3s (0h:0m:1s left)
Iteration 110 / LogL: -5014.624 / Time: 0h:0m:3s (0h:0m:1s left)
Iteration 120 / LogL: -5041.894 / Time: 0h:0m:3s (0h:0m:1s left)
Iteration 130 / LogL: -5017.729 / Time: 0h:0m:4s (0h:0m:0s left)
Iteration 140 / LogL: -5014.270 / Time: 0h:0m:4s (0h:0m:0s left)
Iteration 150 / LogL: -6288.040 / Time: 0h:0m:4s (0h:0m:0s left)
TREE SEARCH COMPLETED AFTER 155 ITERATIONS / Time: 0h:0m:5s

--------------------------------------------------------------------
|                    FINALIZING TREE SEARCH                        |
--------------------------------------------------------------------
Performs final model parameters optimization
Estimate model parameters (epsilon = 0.010)
1. Initial log-likelihood: -5014.246
Optimal log-likelihood: -5014.245
Rate parameters:  A-C: 1.095  A-G: 1.181  A-T: 1.122  C-G: 0.912  C-T: 1.393  G-T: 1.000
Base frequencies:   A: 0.226  C: 0.278  G: 0.260  T: 0.235
Gamma shape alpha: 5.951
Parameters optimization took 1 rounds (0.007 sec)
BEST SCORE FOUND : -5014.245

Testing tree branches by SH-like aLRT with 1000 replicates...
CPU Time used:  0.124 sec.
Total tree length: 8.454

Total number of iterations: 155
CPU time used for tree search: 4.916 sec (0h:0m:4s)
Wall-clock time used for tree search: 4.921 sec (0h:0m:4s)
Total CPU time used: 5.152 sec (0h:0m:5s)
Total wall-clock time used: 5.155 sec (0h:0m:5s)

Analysis results written to: 
  IQ-TREE report:                ../simulations/data_D10T10L20I10T10//S/851_pruned.fasta.iqtree
  Maximum-likelihood tree:       ../simulations/data_D10T10L20I10T10//S/851_pruned.fasta.treefile
  Likelihood distances:          ../simulations/data_D10T10L20I10T10//S/851_pruned.fasta.mldist
  Screen log file:               ../simulations/data_D10T10L20I10T10//S/851_pruned.fasta.log

Date and Time: Mon Jun  4 00:22:12 2018
