IQ-TREE version 1.4.2 for Linux 64-bit built Apr 15 2016
Copyright (c) 2011-2015 Nguyen Lam Tung, Olga Chernomor, Arndt von Haeseler and Bui Quang Minh.

Host:    meduse (AVX2, FMA3, 7 GB RAM)
Command: iqtree -s ../simulations/data_D10T10L20I10T10//S/854_pruned.fasta -m GTR+G -alrt 1000 -redo
Seed:    924369 (Using SPRNG - Scalable Parallel Random Number Generator)
Time:    Mon Jun  4 01:06:35 2018
Kernel:  AVX

NOTE: Consider using the multicore version because your CPU has 4 cores!

Reading alignment file ../simulations/data_D10T10L20I10T10//S/854_pruned.fasta ... Fasta format detected
Alignment most likely contains DNA/RNA sequences
Alignment has 26 sequences with 300 columns and 297 patterns (296 informative sites)
          Gap/Ambiguity  Composition  p-value
   1  n299_300    0.00%    passed     47.42%
   2  n300_301    0.00%    passed     55.04%
   3  n290_291    0.00%    passed     35.95%
   4  n244_245    0.00%    passed     13.07%
   5  n255_256    0.00%    passed     75.48%
   6  n277_278    0.00%    passed     48.41%
   7  n200_201    0.00%    passed     24.21%
   8  n236_237    0.00%    passed     70.75%
   9  n274_275    0.00%    passed     25.28%
  10  n289_290    0.00%    passed     48.73%
  11  n296_297    0.00%    passed     56.12%
  12  n275_276    0.00%    passed     96.47%
  13  n292_293    0.00%    passed     29.18%
  14  n278_279    0.00%    passed     36.34%
  15  n298_299    0.00%    passed     78.86%
  16  n297_298    0.00%    passed     84.90%
  17  n286_287    0.00%    passed     35.35%
  18  n285_286    0.00%    passed     26.43%
  19  n287_288    0.00%    passed     65.53%
  20  n251_252    0.00%    passed     42.03%
  21  n294_295    0.00%    passed     80.33%
  22  n295_296    0.00%    passed     50.76%
  23  n266_267    0.00%    passed     24.75%
  24  n265_266    0.00%    passed     83.64%
  25  n280_281    0.00%    passed     79.46%
  26  n293_294    0.00%    passed     86.85%
****  TOTAL       0.00%  0 sequences failed composition chi2 test (p-value<5%; df=3)

Create initial parsimony tree by phylogenetic likelihood library (PLL)... 0.002 seconds

NOTE: 1 MB RAM is required!
Estimate model parameters (epsilon = 0.100)
1. Initial log-likelihood: -5232.765
2. Current log-likelihood: -5150.166
3. Current log-likelihood: -5136.550
4. Current log-likelihood: -5133.599
5. Current log-likelihood: -5132.942
6. Current log-likelihood: -5132.795
Optimal log-likelihood: -5132.738
Rate parameters:  A-C: 0.913  A-G: 1.142  A-T: 0.884  C-G: 0.871  C-T: 1.150  G-T: 1.000
Base frequencies:   A: 0.252  C: 0.278  G: 0.237  T: 0.232
Gamma shape alpha: 4.931
Parameters optimization took 6 rounds (0.073 sec)
--------------------------------------------------------------------
|             INITIALIZING CANDIDATE TREE SET                      |
--------------------------------------------------------------------
Computing ML distances based on estimated model parameters... 0.004 sec
Computing BIONJ tree...
0.000 seconds
Log-likelihood of BIONJ tree: -5130.317
Generating 98 parsimony trees... 0.159 seconds 7 distinct starting trees
Computing log-likelihood of 7 initial trees ... 0.015 seconds
Optimizing top 7 initial trees with NNI...
Iteration 1 / LogL: -5130.317 / Time: 0h:0m:0s
Estimate model parameters (epsilon = 0.100)
BETTER SCORE FOUND at iteration 1: -5130.294
Iteration 2 / LogL: -5130.849 / Time: 0h:0m:0s
Iteration 3 / LogL: -5131.270 / Time: 0h:0m:0s
Iteration 4 / LogL: -5131.270 / Time: 0h:0m:0s
Iteration 5 / LogL: -5131.270 / Time: 0h:0m:0s
Iteration 6 / LogL: -5131.270 / Time: 0h:0m:0s
Iteration 7 / LogL: -5131.270 / Time: 0h:0m:0s
Average CPU time for 1 NNI search: 0.014
Finish initializing candidate tree set. Number of distinct locally optimal trees: 3
Current best tree score: -5130.294 / CPU time: 0.272
--------------------------------------------------------------------
|               OPTIMIZING CANDIDATE TREE SET                      |
--------------------------------------------------------------------
Iteration 10 / LogL: -5130.440 / Time: 0h:0m:0s
Iteration 20 / LogL: -5130.475 / Time: 0h:0m:0s (0h:0m:3s left)
Iteration 30 / LogL: -5135.015 / Time: 0h:0m:1s (0h:0m:2s left)
Iteration 40 / LogL: -5130.322 / Time: 0h:0m:1s (0h:0m:2s left)
Iteration 50 / LogL: -5132.661 / Time: 0h:0m:1s (0h:0m:1s left)
Iteration 60 / LogL: -5130.779 / Time: 0h:0m:2s (0h:0m:1s left)
Iteration 70 / LogL: -5130.293 / Time: 0h:0m:2s (0h:0m:1s left)
Iteration 80 / LogL: -5131.350 / Time: 0h:0m:2s (0h:0m:0s left)
Iteration 90 / LogL: -5131.929 / Time: 0h:0m:3s (0h:0m:0s left)
Iteration 100 / LogL: -5133.315 / Time: 0h:0m:3s (0h:0m:0s left)
TREE SEARCH COMPLETED AFTER 101 ITERATIONS / Time: 0h:0m:3s

--------------------------------------------------------------------
|                    FINALIZING TREE SEARCH                        |
--------------------------------------------------------------------
Performs final model parameters optimization
Estimate model parameters (epsilon = 0.010)
1. Initial log-likelihood: -5130.293
Optimal log-likelihood: -5130.288
Rate parameters:  A-C: 0.907  A-G: 1.136  A-T: 0.888  C-G: 0.870  C-T: 1.132  G-T: 1.000
Base frequencies:   A: 0.252  C: 0.278  G: 0.237  T: 0.232
Gamma shape alpha: 4.822
Parameters optimization took 1 rounds (0.007 sec)
BEST SCORE FOUND : -5130.288

Testing tree branches by SH-like aLRT with 1000 replicates...
CPU Time used:  0.116 sec.
Total tree length: 7.722

Total number of iterations: 101
CPU time used for tree search: 3.256 sec (0h:0m:3s)
Wall-clock time used for tree search: 3.259 sec (0h:0m:3s)
Total CPU time used: 3.492 sec (0h:0m:3s)
Total wall-clock time used: 3.495 sec (0h:0m:3s)

Analysis results written to: 
  IQ-TREE report:                ../simulations/data_D10T10L20I10T10//S/854_pruned.fasta.iqtree
  Maximum-likelihood tree:       ../simulations/data_D10T10L20I10T10//S/854_pruned.fasta.treefile
  Likelihood distances:          ../simulations/data_D10T10L20I10T10//S/854_pruned.fasta.mldist
  Screen log file:               ../simulations/data_D10T10L20I10T10//S/854_pruned.fasta.log

Date and Time: Mon Jun  4 01:06:39 2018
