IQ-TREE version 1.4.2 for Linux 64-bit built Apr 15 2016
Copyright (c) 2011-2015 Nguyen Lam Tung, Olga Chernomor, Arndt von Haeseler and Bui Quang Minh.

Host:    meduse (AVX2, FMA3, 7 GB RAM)
Command: iqtree -s ../simulations/data_D8T8L15I8T8//S/865_pruned.fasta -m GTR+G -alrt 1000 -redo
Seed:    768625 (Using SPRNG - Scalable Parallel Random Number Generator)
Time:    Fri May 25 22:43:55 2018
Kernel:  AVX

NOTE: Consider using the multicore version because your CPU has 4 cores!

Reading alignment file ../simulations/data_D8T8L15I8T8//S/865_pruned.fasta ... Fasta format detected
Alignment most likely contains DNA/RNA sequences
Alignment has 29 sequences with 300 columns and 201 patterns (180 informative sites)
          Gap/Ambiguity  Composition  p-value
   1  n236_323    0.00%    passed     96.19%
   2  n265_360    0.00%    passed     85.25%
   3  n297_392    0.00%    passed     95.64%
   4  n244_333    0.00%    passed     66.93%
   5  n290_385    0.00%    passed     85.51%
   6  n278_373    0.00%    passed     94.23%
   7  n244_335    0.00%    passed     58.25%
   8  n275_370    0.00%    passed     98.00%
   9  n200_275    0.00%    passed     97.15%
  10  n266_361    0.00%    passed     90.93%
  11  n295_390    0.00%    passed     93.69%
  12  n298_393    0.00%    passed     93.34%
  13  n287_382    0.00%    passed     82.82%
  14  n277_372    0.00%    passed     95.50%
  15  n251_344    0.00%    passed     39.66%
  16  n294_389    0.00%    passed     97.34%
  17  n292_387    0.00%    passed     96.51%
  18  n293_388    0.00%    passed     97.34%
  19  n289_384    0.00%    passed     85.51%
  20  n285_380    0.00%    passed     85.34%
  21  n299_394    0.00%    passed     96.51%
  22  n274_369    0.00%    passed     96.51%
  23  n255_348    0.00%    passed     62.13%
  24  n296_391    0.00%    passed     93.69%
  25  n251_342    0.00%    passed     81.13%
  26  n255_350    0.00%    passed     39.06%
  27  n280_375    0.00%    passed     95.06%
  28  n300_395    0.00%    passed     96.51%
  29  n286_381    0.00%    passed     90.42%
****  TOTAL       0.00%  0 sequences failed composition chi2 test (p-value<5%; df=3)
NOTE: 4 identical sequences (see below) will be ignored for subsequent analysis
NOTE: n289_384 (identical to n290_385) is ignored but added at the end
NOTE: n296_391 (identical to n295_390) is ignored but added at the end
NOTE: n293_388 (identical to n294_389) is ignored but added at the end
NOTE: n300_395 (identical to n299_394) is ignored but added at the end

Create initial parsimony tree by phylogenetic likelihood library (PLL)... 0.001 seconds

NOTE: 0 MB RAM is required!
Estimate model parameters (epsilon = 0.100)
1. Initial log-likelihood: -2375.216
2. Current log-likelihood: -2329.305
3. Current log-likelihood: -2328.902
Optimal log-likelihood: -2328.890
Rate parameters:  A-C: 1.376  A-G: 1.799  A-T: 1.347  C-G: 1.313  C-T: 1.558  G-T: 1.000
Base frequencies:   A: 0.226  C: 0.254  G: 0.272  T: 0.247
Gamma shape alpha: 7.605
Parameters optimization took 3 rounds (0.039 sec)
--------------------------------------------------------------------
|             INITIALIZING CANDIDATE TREE SET                      |
--------------------------------------------------------------------
Computing ML distances based on estimated model parameters... 0.004 sec
Computing BIONJ tree...
0.001 seconds
Log-likelihood of BIONJ tree: -2329.664
Generating 98 parsimony trees... 0.166 seconds 2 distinct starting trees
Computing log-likelihood of 2 initial trees ... 0.000 seconds
Optimizing top 2 initial trees with NNI...
Iteration 1 / LogL: -2328.891 / Time: 0h:0m:0s
Estimate model parameters (epsilon = 0.100)
BETTER SCORE FOUND at iteration 1: -2328.862
Iteration 2 / LogL: -2328.862 / Time: 0h:0m:0s
Average CPU time for 1 NNI search: 0.012
Finish initializing candidate tree set. Number of distinct locally optimal trees: 1
Current best tree score: -2328.862 / CPU time: 0.192
--------------------------------------------------------------------
|               OPTIMIZING CANDIDATE TREE SET                      |
--------------------------------------------------------------------
Iteration 10 / LogL: -2328.867 / Time: 0h:0m:0s
Iteration 20 / LogL: -2328.881 / Time: 0h:0m:0s (0h:0m:2s left)
Iteration 30 / LogL: -2328.863 / Time: 0h:0m:0s (0h:0m:2s left)
Iteration 40 / LogL: -2328.862 / Time: 0h:0m:1s (0h:0m:1s left)
Iteration 50 / LogL: -2328.868 / Time: 0h:0m:1s (0h:0m:1s left)
Iteration 60 / LogL: -2328.865 / Time: 0h:0m:1s (0h:0m:1s left)
Iteration 70 / LogL: -2328.863 / Time: 0h:0m:2s (0h:0m:0s left)
Iteration 80 / LogL: -2328.862 / Time: 0h:0m:2s (0h:0m:0s left)
Iteration 90 / LogL: -2328.876 / Time: 0h:0m:2s (0h:0m:0s left)
Iteration 100 / LogL: -2328.863 / Time: 0h:0m:2s (0h:0m:0s left)
TREE SEARCH COMPLETED AFTER 101 ITERATIONS / Time: 0h:0m:2s

--------------------------------------------------------------------
|                    FINALIZING TREE SEARCH                        |
--------------------------------------------------------------------
Performs final model parameters optimization
Estimate model parameters (epsilon = 0.010)
1. Initial log-likelihood: -2328.862
Optimal log-likelihood: -2328.856
Rate parameters:  A-C: 1.361  A-G: 1.767  A-T: 1.332  C-G: 1.276  C-T: 1.544  G-T: 1.000
Base frequencies:   A: 0.226  C: 0.254  G: 0.272  T: 0.247
Gamma shape alpha: 7.610
Parameters optimization took 1 rounds (0.008 sec)
BEST SCORE FOUND : -2328.856

Testing tree branches by SH-like aLRT with 1000 replicates...
CPU Time used:  0.156 sec.
Total tree length: 1.425

Total number of iterations: 101
CPU time used for tree search: 2.776 sec (0h:0m:2s)
Wall-clock time used for tree search: 2.778 sec (0h:0m:2s)
Total CPU time used: 3.000 sec (0h:0m:3s)
Total wall-clock time used: 3.002 sec (0h:0m:3s)

Analysis results written to: 
  IQ-TREE report:                ../simulations/data_D8T8L15I8T8//S/865_pruned.fasta.iqtree
  Maximum-likelihood tree:       ../simulations/data_D8T8L15I8T8//S/865_pruned.fasta.treefile
  Likelihood distances:          ../simulations/data_D8T8L15I8T8//S/865_pruned.fasta.mldist
  Screen log file:               ../simulations/data_D8T8L15I8T8//S/865_pruned.fasta.log

Date and Time: Fri May 25 22:43:58 2018
