IQ-TREE version 1.4.2 for Linux 64-bit built Apr 15 2016
Copyright (c) 2011-2015 Nguyen Lam Tung, Olga Chernomor, Arndt von Haeseler and Bui Quang Minh.

Host:    meduse (AVX2, FMA3, 7 GB RAM)
Command: iqtree -s ../simulations/data_D8T8L15I8T8//S/866_pruned.fasta -m GTR+G -alrt 1000 -redo
Seed:    848165 (Using SPRNG - Scalable Parallel Random Number Generator)
Time:    Fri May 25 22:40:18 2018
Kernel:  AVX

NOTE: Consider using the multicore version because your CPU has 4 cores!

Reading alignment file ../simulations/data_D8T8L15I8T8//S/866_pruned.fasta ... Fasta format detected
Alignment most likely contains DNA/RNA sequences
Alignment has 26 sequences with 300 columns and 163 patterns (152 informative sites)
          Gap/Ambiguity  Composition  p-value
   1  n287_288    0.00%    passed     97.50%
   2  n290_291    0.00%    passed     94.60%
   3  n236_237    0.00%    passed     65.70%
   4  n278_279    0.00%    passed     81.62%
   5  n285_286    0.00%    passed     95.61%
   6  n265_266    0.00%    passed     84.35%
   7  n280_281    0.00%    passed     99.91%
   8  n299_300    0.00%    passed     99.86%
   9  n293_294    0.00%    passed     96.73%
  10  n274_275    0.00%    passed     99.28%
  11  n292_293    0.00%    passed     99.86%
  12  n296_297    0.00%    passed     95.44%
  13  n294_295    0.00%    passed     96.73%
  14  n275_276    0.00%    passed     95.51%
  15  n297_298    0.00%    passed     91.04%
  16  n289_290    0.00%    passed     90.12%
  17  n286_287    0.00%    passed     91.91%
  18  n255_256    0.00%    passed     97.18%
  19  n295_296    0.00%    passed     95.44%
  20  n266_267    0.00%    passed     88.91%
  21  n244_245    0.00%    passed     88.96%
  22  n298_299    0.00%    passed     95.47%
  23  n300_301    0.00%    passed     99.86%
  24  n200_201    0.00%    passed     99.26%
  25  n277_278    0.00%    passed     76.35%
  26  n251_252    0.00%    passed     98.81%
****  TOTAL       0.00%  0 sequences failed composition chi2 test (p-value<5%; df=3)
NOTE: 4 identical sequences (see below) will be ignored for subsequent analysis
NOTE: n292_293 (identical to n299_300) is ignored but added at the end
NOTE: n300_301 (identical to n299_300) is ignored but added at the end
NOTE: n294_295 (identical to n293_294) is ignored but added at the end
NOTE: n295_296 (identical to n296_297) is ignored but added at the end

Create initial parsimony tree by phylogenetic likelihood library (PLL)... 0.001 seconds

NOTE: 0 MB RAM is required!
Estimate model parameters (epsilon = 0.100)
1. Initial log-likelihood: -1955.406
2. Current log-likelihood: -1922.662
3. Current log-likelihood: -1922.328
Optimal log-likelihood: -1922.298
Rate parameters:  A-C: 1.527  A-G: 1.427  A-T: 1.098  C-G: 1.265  C-T: 1.377  G-T: 1.000
Base frequencies:   A: 0.257  C: 0.262  G: 0.221  T: 0.260
Gamma shape alpha: 3.800
Parameters optimization took 3 rounds (0.024 sec)
--------------------------------------------------------------------
|             INITIALIZING CANDIDATE TREE SET                      |
--------------------------------------------------------------------
Computing ML distances based on estimated model parameters... 0.004 sec
Computing BIONJ tree...
0.000 seconds
Log-likelihood of BIONJ tree: -1922.298
Generating 98 parsimony trees... 0.123 seconds 26 distinct starting trees
Computing log-likelihood of 26 initial trees ... 0.057 seconds
Optimizing top 20 initial trees with NNI...
Iteration 1 / LogL: -1922.298 / Time: 0h:0m:0s
Estimate model parameters (epsilon = 0.100)
BETTER SCORE FOUND at iteration 1: -1922.294
Iteration 2 / LogL: -1922.295 / Time: 0h:0m:0s
Iteration 3 / LogL: -1922.368 / Time: 0h:0m:0s
Iteration 4 / LogL: -1922.368 / Time: 0h:0m:0s
Iteration 5 / LogL: -1922.368 / Time: 0h:0m:0s
Iteration 6 / LogL: -1922.368 / Time: 0h:0m:0s
Iteration 7 / LogL: -1922.368 / Time: 0h:0m:0s
Iteration 8 / LogL: -1922.368 / Time: 0h:0m:0s
Iteration 9 / LogL: -1922.368 / Time: 0h:0m:0s
Iteration 10 / LogL: -1922.368 / Time: 0h:0m:0s
Iteration 11 / LogL: -1922.368 / Time: 0h:0m:0s
Iteration 12 / LogL: -1922.368 / Time: 0h:0m:0s
Iteration 13 / LogL: -1922.368 / Time: 0h:0m:0s
Iteration 14 / LogL: -1922.368 / Time: 0h:0m:0s
Iteration 15 / LogL: -1922.368 / Time: 0h:0m:0s
Iteration 16 / LogL: -1922.368 / Time: 0h:0m:0s
Iteration 17 / LogL: -1922.368 / Time: 0h:0m:0s
Iteration 18 / LogL: -1922.368 / Time: 0h:0m:0s
Iteration 19 / LogL: -1922.368 / Time: 0h:0m:0s
Iteration 20 / LogL: -1922.368 / Time: 0h:0m:0s
Average CPU time for 1 NNI search: 0.006
Finish initializing candidate tree set. Number of distinct locally optimal trees: 20
Current best tree score: -1922.294 / CPU time: 0.308
--------------------------------------------------------------------
|               OPTIMIZING CANDIDATE TREE SET                      |
--------------------------------------------------------------------
Iteration 30 / LogL: -1922.294 / Time: 0h:0m:0s (0h:0m:1s left)
Iteration 40 / LogL: -1936.977 / Time: 0h:0m:0s (0h:0m:1s left)
Iteration 50 / LogL: -1922.294 / Time: 0h:0m:0s (0h:0m:0s left)
Iteration 60 / LogL: -1953.362 / Time: 0h:0m:1s (0h:0m:0s left)
Iteration 70 / LogL: -2450.921 / Time: 0h:0m:1s (0h:0m:0s left)
Iteration 80 / LogL: -1922.296 / Time: 0h:0m:1s (0h:0m:0s left)
Iteration 90 / LogL: -1922.305 / Time: 0h:0m:1s (0h:0m:0s left)
Iteration 100 / LogL: -1930.522 / Time: 0h:0m:1s (0h:0m:0s left)
TREE SEARCH COMPLETED AFTER 101 ITERATIONS / Time: 0h:0m:1s

--------------------------------------------------------------------
|                    FINALIZING TREE SEARCH                        |
--------------------------------------------------------------------
Performs final model parameters optimization
Estimate model parameters (epsilon = 0.010)
1. Initial log-likelihood: -1922.293
Optimal log-likelihood: -1922.291
Rate parameters:  A-C: 1.512  A-G: 1.413  A-T: 1.086  C-G: 1.255  C-T: 1.363  G-T: 1.000
Base frequencies:   A: 0.257  C: 0.262  G: 0.221  T: 0.260
Gamma shape alpha: 3.800
Parameters optimization took 1 rounds (0.004 sec)
BEST SCORE FOUND : -1922.291

Testing tree branches by SH-like aLRT with 1000 replicates...
CPU Time used:  0.156 sec.
Total tree length: 1.142

Total number of iterations: 101
CPU time used for tree search: 1.560 sec (0h:0m:1s)
Wall-clock time used for tree search: 1.561 sec (0h:0m:1s)
Total CPU time used: 1.768 sec (0h:0m:1s)
Total wall-clock time used: 1.768 sec (0h:0m:1s)

Analysis results written to: 
  IQ-TREE report:                ../simulations/data_D8T8L15I8T8//S/866_pruned.fasta.iqtree
  Maximum-likelihood tree:       ../simulations/data_D8T8L15I8T8//S/866_pruned.fasta.treefile
  Likelihood distances:          ../simulations/data_D8T8L15I8T8//S/866_pruned.fasta.mldist
  Screen log file:               ../simulations/data_D8T8L15I8T8//S/866_pruned.fasta.log

Date and Time: Fri May 25 22:40:20 2018
