IQ-TREE version 1.4.2 for Linux 64-bit built Apr 15 2016
Copyright (c) 2011-2015 Nguyen Lam Tung, Olga Chernomor, Arndt von Haeseler and Bui Quang Minh.

Host:    meduse (AVX2, FMA3, 7 GB RAM)
Command: iqtree -s ../simulations/data_D10T10L20I10T10//S/867_pruned.fasta -m GTR+G -alrt 1000 -redo
Seed:    196536 (Using SPRNG - Scalable Parallel Random Number Generator)
Time:    Fri Jun  1 10:36:07 2018
Kernel:  AVX

NOTE: Consider using the multicore version because your CPU has 4 cores!

Reading alignment file ../simulations/data_D10T10L20I10T10//S/867_pruned.fasta ... Fasta format detected
Alignment most likely contains DNA/RNA sequences
Alignment has 26 sequences with 300 columns and 181 patterns (161 informative sites)
          Gap/Ambiguity  Composition  p-value
   1  n292_293    0.00%    passed     96.91%
   2  n287_288    0.00%    passed     95.87%
   3  n290_291    0.00%    passed     89.14%
   4  n294_295    0.00%    passed     87.03%
   5  n251_252    0.00%    passed     30.00%
   6  n286_287    0.00%    passed     63.43%
   7  n300_301    0.00%    passed     93.02%
   8  n275_276    0.00%    passed     94.12%
   9  n274_275    0.00%    passed     69.10%
  10  n289_290    0.00%    passed     91.03%
  11  n255_256    0.00%    passed     23.36%
  12  n236_237    0.00%    passed     79.76%
  13  n299_300    0.00%    passed     93.02%
  14  n278_279    0.00%    passed     98.34%
  15  n297_298    0.00%    passed     97.33%
  16  n298_299    0.00%    passed     98.10%
  17  n244_245    0.00%    passed     21.97%
  18  n293_294    0.00%    passed     92.35%
  19  n296_297    0.00%    passed     92.74%
  20  n295_296    0.00%    passed     92.74%
  21  n266_267    0.00%    passed     65.58%
  22  n200_201    0.00%    passed     96.27%
  23  n285_286    0.00%    passed     78.93%
  24  n277_278    0.00%    passed     94.59%
  25  n280_281    0.00%    passed     81.65%
  26  n265_266    0.00%    passed     47.11%
****  TOTAL       0.00%  0 sequences failed composition chi2 test (p-value<5%; df=3)
NOTE: 2 identical sequences (see below) will be ignored for subsequent analysis
NOTE: n299_300 (identical to n300_301) is ignored but added at the end
NOTE: n295_296 (identical to n296_297) is ignored but added at the end

Create initial parsimony tree by phylogenetic likelihood library (PLL)... 0.001 seconds

NOTE: 0 MB RAM is required!
Estimate model parameters (epsilon = 0.100)
1. Initial log-likelihood: -2140.857
2. Current log-likelihood: -2080.999
3. Current log-likelihood: -2080.256
Optimal log-likelihood: -2080.226
Rate parameters:  A-C: 1.173  A-G: 1.365  A-T: 1.174  C-G: 1.152  C-T: 1.096  G-T: 1.000
Base frequencies:   A: 0.196  C: 0.287  G: 0.240  T: 0.277
Gamma shape alpha: 998.382
Parameters optimization took 3 rounds (0.018 sec)
--------------------------------------------------------------------
|             INITIALIZING CANDIDATE TREE SET                      |
--------------------------------------------------------------------
Computing ML distances based on estimated model parameters... 0.000 sec
Computing BIONJ tree...
0.000 seconds
Log-likelihood of BIONJ tree: -2080.226
Generating 98 parsimony trees... 0.083 seconds 9 distinct starting trees
Computing log-likelihood of 9 initial trees ... 0.012 seconds
Optimizing top 9 initial trees with NNI...
Iteration 1 / LogL: -2080.226 / Time: 0h:0m:0s
Estimate model parameters (epsilon = 0.100)
BETTER SCORE FOUND at iteration 1: -2080.221
Iteration 2 / LogL: -2080.222 / Time: 0h:0m:0s
Iteration 3 / LogL: -2080.222 / Time: 0h:0m:0s
Iteration 4 / LogL: -2080.222 / Time: 0h:0m:0s
Iteration 5 / LogL: -2080.222 / Time: 0h:0m:0s
Iteration 6 / LogL: -2080.222 / Time: 0h:0m:0s
Iteration 7 / LogL: -2080.222 / Time: 0h:0m:0s
Iteration 8 / LogL: -2080.222 / Time: 0h:0m:0s
Iteration 9 / LogL: -2080.222 / Time: 0h:0m:0s
Average CPU time for 1 NNI search: 0.004
Finish initializing candidate tree set. Number of distinct locally optimal trees: 9
Current best tree score: -2080.221 / CPU time: 0.132
--------------------------------------------------------------------
|               OPTIMIZING CANDIDATE TREE SET                      |
--------------------------------------------------------------------
Iteration 10 / LogL: -2080.221 / Time: 0h:0m:0s
Iteration 20 / LogL: -2080.222 / Time: 0h:0m:0s (0h:0m:1s left)
Iteration 30 / LogL: -2084.114 / Time: 0h:0m:0s (0h:0m:1s left)
Iteration 40 / LogL: -2080.226 / Time: 0h:0m:0s (0h:0m:0s left)
Iteration 50 / LogL: -2090.354 / Time: 0h:0m:0s (0h:0m:0s left)
Iteration 60 / LogL: -2080.240 / Time: 0h:0m:0s (0h:0m:0s left)
Iteration 70 / LogL: -2376.463 / Time: 0h:0m:0s (0h:0m:0s left)
Iteration 80 / LogL: -2080.239 / Time: 0h:0m:1s (0h:0m:0s left)
Iteration 90 / LogL: -2101.973 / Time: 0h:0m:1s (0h:0m:0s left)
Iteration 100 / LogL: -2080.221 / Time: 0h:0m:1s (0h:0m:0s left)
TREE SEARCH COMPLETED AFTER 101 ITERATIONS / Time: 0h:0m:1s

--------------------------------------------------------------------
|                    FINALIZING TREE SEARCH                        |
--------------------------------------------------------------------
Performs final model parameters optimization
Estimate model parameters (epsilon = 0.010)
1. Initial log-likelihood: -2080.221
Optimal log-likelihood: -2080.219
Rate parameters:  A-C: 1.185  A-G: 1.370  A-T: 1.186  C-G: 1.160  C-T: 1.106  G-T: 1.000
Base frequencies:   A: 0.196  C: 0.287  G: 0.240  T: 0.277
Gamma shape alpha: 998.382
Parameters optimization took 1 rounds (0.004 sec)
BEST SCORE FOUND : -2080.219

Testing tree branches by SH-like aLRT with 1000 replicates...
CPU Time used:  0.092 sec.
Total tree length: 1.210

Total number of iterations: 101
CPU time used for tree search: 1.324 sec (0h:0m:1s)
Wall-clock time used for tree search: 1.326 sec (0h:0m:1s)
Total CPU time used: 1.452 sec (0h:0m:1s)
Total wall-clock time used: 1.454 sec (0h:0m:1s)

Analysis results written to: 
  IQ-TREE report:                ../simulations/data_D10T10L20I10T10//S/867_pruned.fasta.iqtree
  Maximum-likelihood tree:       ../simulations/data_D10T10L20I10T10//S/867_pruned.fasta.treefile
  Likelihood distances:          ../simulations/data_D10T10L20I10T10//S/867_pruned.fasta.mldist
  Screen log file:               ../simulations/data_D10T10L20I10T10//S/867_pruned.fasta.log

Date and Time: Fri Jun  1 10:36:08 2018
