IQ-TREE version 1.4.2 for Linux 64-bit built Apr 15 2016
Copyright (c) 2011-2015 Nguyen Lam Tung, Olga Chernomor, Arndt von Haeseler and Bui Quang Minh.

Host:    meduse (AVX2, FMA3, 7 GB RAM)
Command: iqtree -s ../simulations/data_D10T10L20I10T10//S/868_pruned.fasta -m GTR+G -alrt 1000 -redo
Seed:    966746 (Using SPRNG - Scalable Parallel Random Number Generator)
Time:    Fri Jun  1 10:37:22 2018
Kernel:  AVX

NOTE: Consider using the multicore version because your CPU has 4 cores!

Reading alignment file ../simulations/data_D10T10L20I10T10//S/868_pruned.fasta ... Fasta format detected
Alignment most likely contains DNA/RNA sequences
Alignment has 26 sequences with 300 columns and 173 patterns (166 informative sites)
          Gap/Ambiguity  Composition  p-value
   1  n300_307    0.00%    passed     98.15%
   2  n266_273    0.00%    passed     97.25%
   3  n287_294    0.00%    passed     96.27%
   4  n236_243    0.00%    passed     91.97%
   5  n200_207    0.00%    passed     66.88%
   6  n274_281    0.00%    passed     99.47%
   7  n244_251    0.00%    passed     28.98%
   8  n278_285    0.00%    passed     87.89%
   9  n295_302    0.00%    passed     87.65%
  10  n255_262    0.00%    passed     55.05%
  11  n296_303    0.00%    passed     92.88%
  12  n299_306    0.00%    passed     99.02%
  13  n294_301    0.00%    passed     85.35%
  14  n298_305    0.00%    passed     93.55%
  15  n292_299    0.00%    passed     99.02%
  16  n280_287    0.00%    passed     96.10%
  17  n290_297    0.00%    passed     98.48%
  18  n289_296    0.00%    passed     96.27%
  19  n286_293    0.00%    passed     92.14%
  20  n275_282    0.00%    passed     85.76%
  21  n265_272    0.00%    passed     93.48%
  22  n285_292    0.00%    passed     85.73%
  23  n293_300    0.00%    passed     81.37%
  24  n277_284    0.00%    passed     87.93%
  25  n297_304    0.00%    passed     90.41%
  26  n251_258    0.00%    passed     72.97%
****  TOTAL       0.00%  0 sequences failed composition chi2 test (p-value<5%; df=3)
NOTE: 2 identical sequences (see below) will be ignored for subsequent analysis
NOTE: n289_296 (identical to n287_294) is ignored but added at the end
NOTE: n292_299 (identical to n299_306) is ignored but added at the end

Create initial parsimony tree by phylogenetic likelihood library (PLL)... 0.001 seconds

NOTE: 0 MB RAM is required!
Estimate model parameters (epsilon = 0.100)
1. Initial log-likelihood: -2118.995
2. Current log-likelihood: -2080.868
3. Current log-likelihood: -2080.474
Optimal log-likelihood: -2080.467
Rate parameters:  A-C: 1.150  A-G: 0.917  A-T: 0.878  C-G: 1.050  C-T: 1.359  G-T: 1.000
Base frequencies:   A: 0.263  C: 0.262  G: 0.258  T: 0.217
Gamma shape alpha: 7.079
Parameters optimization took 3 rounds (0.019 sec)
--------------------------------------------------------------------
|             INITIALIZING CANDIDATE TREE SET                      |
--------------------------------------------------------------------
Computing ML distances based on estimated model parameters... 0.000 sec
Computing BIONJ tree...
0.000 seconds
Log-likelihood of BIONJ tree: -2080.805
Generating 98 parsimony trees... 0.070 seconds 9 distinct starting trees
Computing log-likelihood of 9 initial trees ... 0.011 seconds
Optimizing top 9 initial trees with NNI...
Iteration 1 / LogL: -2080.468 / Time: 0h:0m:0s
Estimate model parameters (epsilon = 0.100)
BETTER SCORE FOUND at iteration 1: -2080.406
Iteration 2 / LogL: -2080.408 / Time: 0h:0m:0s
Iteration 3 / LogL: -2080.408 / Time: 0h:0m:0s
Iteration 4 / LogL: -2080.406 / Time: 0h:0m:0s
Iteration 5 / LogL: -2080.406 / Time: 0h:0m:0s
Iteration 6 / LogL: -2080.406 / Time: 0h:0m:0s
Iteration 7 / LogL: -2080.407 / Time: 0h:0m:0s
Iteration 8 / LogL: -2080.407 / Time: 0h:0m:0s
Iteration 9 / LogL: -2080.407 / Time: 0h:0m:0s
Average CPU time for 1 NNI search: 0.006
Finish initializing candidate tree set. Number of distinct locally optimal trees: 3
Current best tree score: -2080.406 / CPU time: 0.136
--------------------------------------------------------------------
|               OPTIMIZING CANDIDATE TREE SET                      |
--------------------------------------------------------------------
Iteration 10 / LogL: -2080.472 / Time: 0h:0m:0s
Iteration 20 / LogL: -2080.784 / Time: 0h:0m:0s (0h:0m:1s left)
Iteration 30 / LogL: -2080.437 / Time: 0h:0m:0s (0h:0m:1s left)
Iteration 40 / LogL: -2080.406 / Time: 0h:0m:0s (0h:0m:0s left)
Iteration 50 / LogL: -2080.504 / Time: 0h:0m:0s (0h:0m:0s left)
Iteration 60 / LogL: -2080.464 / Time: 0h:0m:0s (0h:0m:0s left)
Iteration 70 / LogL: -2095.581 / Time: 0h:0m:1s (0h:0m:0s left)
Iteration 80 / LogL: -2095.585 / Time: 0h:0m:1s (0h:0m:0s left)
Iteration 90 / LogL: -2095.572 / Time: 0h:0m:1s (0h:0m:0s left)
Iteration 100 / LogL: -2080.406 / Time: 0h:0m:1s (0h:0m:0s left)
TREE SEARCH COMPLETED AFTER 101 ITERATIONS / Time: 0h:0m:1s

--------------------------------------------------------------------
|                    FINALIZING TREE SEARCH                        |
--------------------------------------------------------------------
Performs final model parameters optimization
Estimate model parameters (epsilon = 0.010)
1. Initial log-likelihood: -2080.406
Optimal log-likelihood: -2080.402
Rate parameters:  A-C: 1.175  A-G: 0.930  A-T: 0.922  C-G: 1.045  C-T: 1.342  G-T: 1.000
Base frequencies:   A: 0.263  C: 0.262  G: 0.258  T: 0.217
Gamma shape alpha: 7.125
Parameters optimization took 1 rounds (0.004 sec)
BEST SCORE FOUND : -2080.402

Testing tree branches by SH-like aLRT with 1000 replicates...
CPU Time used:  0.092 sec.
Total tree length: 1.222

Total number of iterations: 101
CPU time used for tree search: 1.468 sec (0h:0m:1s)
Wall-clock time used for tree search: 1.472 sec (0h:0m:1s)
Total CPU time used: 1.596 sec (0h:0m:1s)
Total wall-clock time used: 1.602 sec (0h:0m:1s)

Analysis results written to: 
  IQ-TREE report:                ../simulations/data_D10T10L20I10T10//S/868_pruned.fasta.iqtree
  Maximum-likelihood tree:       ../simulations/data_D10T10L20I10T10//S/868_pruned.fasta.treefile
  Likelihood distances:          ../simulations/data_D10T10L20I10T10//S/868_pruned.fasta.mldist
  Screen log file:               ../simulations/data_D10T10L20I10T10//S/868_pruned.fasta.log

Date and Time: Fri Jun  1 10:37:24 2018
