IQ-TREE version 1.4.2 for Linux 64-bit built Apr 15 2016
Copyright (c) 2011-2015 Nguyen Lam Tung, Olga Chernomor, Arndt von Haeseler and Bui Quang Minh.

Host:    meduse (AVX2, FMA3, 7 GB RAM)
Command: iqtree -s ../simulations/data_D8T8L15I8T8//S/86_pruned.fasta -m GTR+G -alrt 1000 -redo
Seed:    798537 (Using SPRNG - Scalable Parallel Random Number Generator)
Time:    Fri May 25 23:09:23 2018
Kernel:  AVX

NOTE: Consider using the multicore version because your CPU has 4 cores!

Reading alignment file ../simulations/data_D8T8L15I8T8//S/86_pruned.fasta ... Fasta format detected
Alignment most likely contains DNA/RNA sequences
Alignment has 19 sequences with 300 columns and 144 patterns (140 informative sites)
          Gap/Ambiguity  Composition  p-value
   1  n236_215    0.00%    passed     88.13%
   2  n244_223    0.00%    passed     44.81%
   3  n287_250    0.00%    passed     93.86%
   4  n200_189    0.00%    passed     85.45%
   5  n289_252    0.00%    passed     90.42%
   6  n296_257    0.00%    passed     92.31%
   7  n285_248    0.00%    passed     81.80%
   8  n295_256    0.00%    passed     89.29%
   9  n251_230    0.00%    passed     79.59%
  10  n298_259    0.00%    passed     97.13%
  11  n293_254    0.00%    passed     98.75%
  12  n275_244    0.00%    passed     98.32%
  13  n290_253    0.00%    passed     86.61%
  14  n294_255    0.00%    passed     97.09%
  15  n286_249    0.00%    passed     81.18%
  16  n266_239    0.00%    passed     96.52%
  17  n255_232    0.00%    passed     81.63%
  18  n265_238    0.00%    passed     91.62%
  19  n297_258    0.00%    passed     97.13%
****  TOTAL       0.00%  0 sequences failed composition chi2 test (p-value<5%; df=3)
NOTE: 1 identical sequences (see below) will be ignored for subsequent analysis
NOTE: n297_258 (identical to n298_259) is ignored but added at the end

Create initial parsimony tree by phylogenetic likelihood library (PLL)... 0.001 seconds

NOTE: 0 MB RAM is required!
Estimate model parameters (epsilon = 0.100)
1. Initial log-likelihood: -1711.678
2. Current log-likelihood: -1669.407
3. Current log-likelihood: -1668.787
Optimal log-likelihood: -1668.783
Rate parameters:  A-C: 0.770  A-G: 0.843  A-T: 0.715  C-G: 0.837  C-T: 0.789  G-T: 1.000
Base frequencies:   A: 0.218  C: 0.268  G: 0.258  T: 0.256
Gamma shape alpha: 998.242
Parameters optimization took 3 rounds (0.017 sec)
--------------------------------------------------------------------
|             INITIALIZING CANDIDATE TREE SET                      |
--------------------------------------------------------------------
Computing ML distances based on estimated model parameters... 0.004 sec
Computing BIONJ tree...
0.000 seconds
Log-likelihood of BIONJ tree: -1668.783
Generating 98 parsimony trees... 0.073 seconds 9 distinct starting trees
Computing log-likelihood of 9 initial trees ... 0.009 seconds
Optimizing top 9 initial trees with NNI...
Iteration 1 / LogL: -1668.783 / Time: 0h:0m:0s
Estimate model parameters (epsilon = 0.100)
BETTER SCORE FOUND at iteration 1: -1668.781
Iteration 2 / LogL: -1668.782 / Time: 0h:0m:0s
Iteration 3 / LogL: -1668.783 / Time: 0h:0m:0s
Iteration 4 / LogL: -1668.783 / Time: 0h:0m:0s
Iteration 5 / LogL: -1668.783 / Time: 0h:0m:0s
Iteration 6 / LogL: -1668.783 / Time: 0h:0m:0s
Iteration 7 / LogL: -1668.783 / Time: 0h:0m:0s
Iteration 8 / LogL: -1668.783 / Time: 0h:0m:0s
Iteration 9 / LogL: -1668.783 / Time: 0h:0m:0s
Average CPU time for 1 NNI search: 0.004
Finish initializing candidate tree set. Number of distinct locally optimal trees: 9
Current best tree score: -1668.781 / CPU time: 0.120
--------------------------------------------------------------------
|               OPTIMIZING CANDIDATE TREE SET                      |
--------------------------------------------------------------------
Iteration 10 / LogL: -1679.354 / Time: 0h:0m:0s
Iteration 20 / LogL: -1668.789 / Time: 0h:0m:0s (0h:0m:1s left)
Iteration 30 / LogL: -1668.781 / Time: 0h:0m:0s (0h:0m:0s left)
Iteration 40 / LogL: -1668.783 / Time: 0h:0m:0s (0h:0m:0s left)
Iteration 50 / LogL: -1668.781 / Time: 0h:0m:0s (0h:0m:0s left)
Iteration 60 / LogL: -1668.818 / Time: 0h:0m:0s (0h:0m:0s left)
Iteration 70 / LogL: -1668.782 / Time: 0h:0m:0s (0h:0m:0s left)
Iteration 80 / LogL: -1668.781 / Time: 0h:0m:0s (0h:0m:0s left)
Iteration 90 / LogL: -1668.791 / Time: 0h:0m:0s (0h:0m:0s left)
Iteration 100 / LogL: -1885.507 / Time: 0h:0m:1s (0h:0m:0s left)
TREE SEARCH COMPLETED AFTER 101 ITERATIONS / Time: 0h:0m:1s

--------------------------------------------------------------------
|                    FINALIZING TREE SEARCH                        |
--------------------------------------------------------------------
Performs final model parameters optimization
Estimate model parameters (epsilon = 0.010)
1. Initial log-likelihood: -1668.781
Optimal log-likelihood: -1668.780
Rate parameters:  A-C: 0.764  A-G: 0.838  A-T: 0.711  C-G: 0.835  C-T: 0.784  G-T: 1.000
Base frequencies:   A: 0.218  C: 0.268  G: 0.258  T: 0.256
Gamma shape alpha: 998.242
Parameters optimization took 1 rounds (0.006 sec)
BEST SCORE FOUND : -1668.780

Testing tree branches by SH-like aLRT with 1000 replicates...
CPU Time used:  0.096 sec.
Total tree length: 0.963

Total number of iterations: 101
CPU time used for tree search: 1.016 sec (0h:0m:1s)
Wall-clock time used for tree search: 1.014 sec (0h:0m:1s)
Total CPU time used: 1.148 sec (0h:0m:1s)
Total wall-clock time used: 1.147 sec (0h:0m:1s)

Analysis results written to: 
  IQ-TREE report:                ../simulations/data_D8T8L15I8T8//S/86_pruned.fasta.iqtree
  Maximum-likelihood tree:       ../simulations/data_D8T8L15I8T8//S/86_pruned.fasta.treefile
  Likelihood distances:          ../simulations/data_D8T8L15I8T8//S/86_pruned.fasta.mldist
  Screen log file:               ../simulations/data_D8T8L15I8T8//S/86_pruned.fasta.log

Date and Time: Fri May 25 23:09:24 2018
