IQ-TREE version 1.4.2 for Linux 64-bit built Apr 15 2016
Copyright (c) 2011-2015 Nguyen Lam Tung, Olga Chernomor, Arndt von Haeseler and Bui Quang Minh.

Host:    meduse (AVX2, FMA3, 7 GB RAM)
Command: iqtree -s ../simulations/data_D10T10L20I10T10//S/877_pruned.fasta -m GTR+G -alrt 1000 -redo
Seed:    230161 (Using SPRNG - Scalable Parallel Random Number Generator)
Time:    Mon Jun  4 00:53:06 2018
Kernel:  AVX

NOTE: Consider using the multicore version because your CPU has 4 cores!

Reading alignment file ../simulations/data_D10T10L20I10T10//S/877_pruned.fasta ... Fasta format detected
Alignment most likely contains DNA/RNA sequences
Alignment has 26 sequences with 300 columns and 299 patterns (295 informative sites)
          Gap/Ambiguity  Composition  p-value
   1  n299_300    0.00%    passed     86.26%
   2  n300_301    0.00%    passed     72.89%
   3  n290_291    0.00%    passed     88.56%
   4  n244_245    0.00%    passed     15.59%
   5  n255_256    0.00%    passed     40.72%
   6  n277_278    0.00%    passed      8.72%
   7  n200_201    0.00%    passed     99.10%
   8  n236_237    0.00%    passed     63.89%
   9  n274_275    0.00%    passed     79.17%
  10  n289_290    0.00%    passed    100.00%
  11  n296_297    0.00%    passed     89.53%
  12  n275_276    0.00%    passed     75.67%
  13  n292_293    0.00%    passed     77.12%
  14  n278_279    0.00%    passed     36.63%
  15  n298_299    0.00%    passed     90.30%
  16  n297_298    0.00%    passed     80.28%
  17  n286_287    0.00%    passed     32.42%
  18  n285_286    0.00%    passed     37.12%
  19  n287_288    0.00%    passed     89.20%
  20  n251_252    0.00%    passed     65.93%
  21  n294_295    0.00%    passed     94.12%
  22  n295_296    0.00%    passed     69.73%
  23  n266_267    0.00%    passed     55.79%
  24  n265_266    0.00%    passed     88.03%
  25  n280_281    0.00%    passed     79.01%
  26  n293_294    0.00%    passed     84.25%
****  TOTAL       0.00%  0 sequences failed composition chi2 test (p-value<5%; df=3)

Create initial parsimony tree by phylogenetic likelihood library (PLL)... 0.001 seconds

NOTE: 1 MB RAM is required!
Estimate model parameters (epsilon = 0.100)
1. Initial log-likelihood: -5360.188
2. Current log-likelihood: -5273.780
3. Current log-likelihood: -5258.809
4. Current log-likelihood: -5255.400
5. Current log-likelihood: -5254.538
6. Current log-likelihood: -5254.387
Optimal log-likelihood: -5254.297
Rate parameters:  A-C: 0.805  A-G: 1.097  A-T: 0.893  C-G: 0.924  C-T: 1.347  G-T: 1.000
Base frequencies:   A: 0.238  C: 0.267  G: 0.276  T: 0.219
Gamma shape alpha: 3.727
Parameters optimization took 6 rounds (0.072 sec)
--------------------------------------------------------------------
|             INITIALIZING CANDIDATE TREE SET                      |
--------------------------------------------------------------------
Computing ML distances based on estimated model parameters... 0.004 sec
WARNING: Some pairwise ML distances are too long (saturated)
Computing BIONJ tree...
0.000 seconds
Log-likelihood of BIONJ tree: -5263.890
Generating 98 parsimony trees... 0.134 seconds 5 distinct starting trees
Computing log-likelihood of 5 initial trees ... 0.009 seconds
Optimizing top 5 initial trees with NNI...
Iteration 1 / LogL: -5253.814 / Time: 0h:0m:0s
Estimate model parameters (epsilon = 0.100)
BETTER TREE FOUND at iteration 1: -5253.781
Iteration 2 / LogL: -5254.936 / Time: 0h:0m:0s
Iteration 3 / LogL: -5254.249 / Time: 0h:0m:0s
Iteration 4 / LogL: -5254.260 / Time: 0h:0m:0s
Iteration 5 / LogL: -5253.063 / Time: 0h:0m:0s
Estimate model parameters (epsilon = 0.100)
BETTER TREE FOUND at iteration 5: -5252.787
Average CPU time for 1 NNI search: 0.015
Finish initializing candidate tree set. Number of distinct locally optimal trees: 3
Current best tree score: -5252.787 / CPU time: 0.216
--------------------------------------------------------------------
|               OPTIMIZING CANDIDATE TREE SET                      |
--------------------------------------------------------------------
Iteration 10 / LogL: -5271.957 / Time: 0h:0m:0s
Estimate model parameters (epsilon = 0.010)
BETTER TREE FOUND at iteration 11: -5251.443
Iteration 20 / LogL: -5252.861 / Time: 0h:0m:0s (0h:0m:4s left)
Estimate model parameters (epsilon = 0.010)
UPDATE BEST LOG-LIKELIHOOD: -5251.398
Iteration 30 / LogL: -5251.561 / Time: 0h:0m:1s (0h:0m:3s left)
Iteration 40 / LogL: -5251.498 / Time: 0h:0m:1s (0h:0m:3s left)
Iteration 50 / LogL: -5252.756 / Time: 0h:0m:2s (0h:0m:2s left)
Iteration 60 / LogL: -5251.715 / Time: 0h:0m:2s (0h:0m:2s left)
Iteration 70 / LogL: -5260.662 / Time: 0h:0m:3s (0h:0m:1s left)
Iteration 80 / LogL: -5251.651 / Time: 0h:0m:3s (0h:0m:1s left)
Iteration 90 / LogL: -5251.436 / Time: 0h:0m:3s (0h:0m:0s left)
Iteration 100 / LogL: -5251.464 / Time: 0h:0m:4s (0h:0m:0s left)
Iteration 110 / LogL: -5251.453 / Time: 0h:0m:4s (0h:0m:0s left)
TREE SEARCH COMPLETED AFTER 111 ITERATIONS / Time: 0h:0m:4s

--------------------------------------------------------------------
|                    FINALIZING TREE SEARCH                        |
--------------------------------------------------------------------
Performs final model parameters optimization
Estimate model parameters (epsilon = 0.010)
1. Initial log-likelihood: -5251.398
Optimal log-likelihood: -5251.395
Rate parameters:  A-C: 0.784  A-G: 1.114  A-T: 0.876  C-G: 0.919  C-T: 1.330  G-T: 1.000
Base frequencies:   A: 0.238  C: 0.267  G: 0.276  T: 0.219
Gamma shape alpha: 3.759
Parameters optimization took 1 rounds (0.008 sec)
BEST SCORE FOUND : -5251.395

Testing tree branches by SH-like aLRT with 1000 replicates...
CPU Time used:  0.128 sec.
Total tree length: 10.305

Total number of iterations: 111
CPU time used for tree search: 4.592 sec (0h:0m:4s)
Wall-clock time used for tree search: 4.595 sec (0h:0m:4s)
Total CPU time used: 4.840 sec (0h:0m:4s)
Total wall-clock time used: 4.845 sec (0h:0m:4s)

Analysis results written to: 
  IQ-TREE report:                ../simulations/data_D10T10L20I10T10//S/877_pruned.fasta.iqtree
  Maximum-likelihood tree:       ../simulations/data_D10T10L20I10T10//S/877_pruned.fasta.treefile
  Likelihood distances:          ../simulations/data_D10T10L20I10T10//S/877_pruned.fasta.mldist
  Screen log file:               ../simulations/data_D10T10L20I10T10//S/877_pruned.fasta.log

Date and Time: Mon Jun  4 00:53:11 2018
