IQ-TREE version 1.4.2 for Linux 64-bit built Apr 15 2016
Copyright (c) 2011-2015 Nguyen Lam Tung, Olga Chernomor, Arndt von Haeseler and Bui Quang Minh.

Host:    meduse (AVX2, FMA3, 7 GB RAM)
Command: iqtree -s ../simulations/data_D10T10L20I10T10//S/87_pruned.fasta -m GTR+G -alrt 1000 -redo
Seed:    678623 (Using SPRNG - Scalable Parallel Random Number Generator)
Time:    Fri Jun  1 10:39:00 2018
Kernel:  AVX

NOTE: Consider using the multicore version because your CPU has 4 cores!

Reading alignment file ../simulations/data_D10T10L20I10T10//S/87_pruned.fasta ... Fasta format detected
Alignment most likely contains DNA/RNA sequences
Alignment has 26 sequences with 300 columns and 182 patterns (162 informative sites)
          Gap/Ambiguity  Composition  p-value
   1  n300_303    0.00%    passed     84.25%
   2  n289_292    0.00%    passed     95.92%
   3  n296_299    0.00%    passed     93.80%
   4  n255_258    0.00%    passed     57.42%
   5  n298_301    0.00%    passed     92.96%
   6  n290_293    0.00%    passed     95.56%
   7  n297_300    0.00%    passed     91.31%
   8  n278_281    0.00%    passed     88.81%
   9  n266_269    0.00%    passed     71.34%
  10  n287_290    0.00%    passed     95.56%
  11  n280_283    0.00%    passed     71.78%
  12  n285_288    0.00%    passed     52.39%
  13  n292_295    0.00%    passed     90.60%
  14  n236_239    0.00%    passed     98.47%
  15  n265_268    0.00%    passed     56.28%
  16  n275_278    0.00%    passed     96.45%
  17  n277_280    0.00%    passed     94.30%
  18  n299_302    0.00%    passed     83.53%
  19  n200_203    0.00%    passed     87.26%
  20  n286_289    0.00%    passed     52.80%
  21  n251_254    0.00%    passed     68.03%
  22  n293_296    0.00%    passed     98.59%
  23  n244_247    0.00%    passed     61.84%
  24  n274_277    0.00%    passed     87.35%
  25  n295_298    0.00%    passed     96.73%
  26  n294_297    0.00%    passed     98.59%
****  TOTAL       0.00%  0 sequences failed composition chi2 test (p-value<5%; df=3)
NOTE: 2 identical sequences (see below) will be ignored for subsequent analysis
NOTE: n287_290 (identical to n290_293) is ignored but added at the end
NOTE: n294_297 (identical to n293_296) is ignored but added at the end

Create initial parsimony tree by phylogenetic likelihood library (PLL)... 0.001 seconds

NOTE: 0 MB RAM is required!
Estimate model parameters (epsilon = 0.100)
1. Initial log-likelihood: -2074.085
2. Current log-likelihood: -2038.019
3. Current log-likelihood: -2037.645
Optimal log-likelihood: -2037.605
Rate parameters:  A-C: 1.000  A-G: 0.901  A-T: 0.861  C-G: 1.526  C-T: 1.104  G-T: 1.000
Base frequencies:   A: 0.246  C: 0.246  G: 0.252  T: 0.256
Gamma shape alpha: 5.059
Parameters optimization took 3 rounds (0.020 sec)
--------------------------------------------------------------------
|             INITIALIZING CANDIDATE TREE SET                      |
--------------------------------------------------------------------
Computing ML distances based on estimated model parameters... 0.000 sec
Computing BIONJ tree...
0.000 seconds
Log-likelihood of BIONJ tree: -2037.605
Generating 98 parsimony trees... 0.079 seconds 9 distinct starting trees
Computing log-likelihood of 9 initial trees ... 0.012 seconds
Optimizing top 9 initial trees with NNI...
Iteration 1 / LogL: -2037.432 / Time: 0h:0m:0s
Estimate model parameters (epsilon = 0.100)
BETTER TREE FOUND at iteration 1: -2037.373
Iteration 2 / LogL: -2037.374 / Time: 0h:0m:0s
Iteration 3 / LogL: -2037.374 / Time: 0h:0m:0s
Iteration 4 / LogL: -2037.374 / Time: 0h:0m:0s
Iteration 5 / LogL: -2037.374 / Time: 0h:0m:0s
Iteration 6 / LogL: -2037.374 / Time: 0h:0m:0s
Iteration 7 / LogL: -2037.374 / Time: 0h:0m:0s
Iteration 8 / LogL: -2037.374 / Time: 0h:0m:0s
Iteration 9 / LogL: -2037.374 / Time: 0h:0m:0s
Average CPU time for 1 NNI search: 0.008
Finish initializing candidate tree set. Number of distinct locally optimal trees: 3
Current best tree score: -2037.373 / CPU time: 0.160
--------------------------------------------------------------------
|               OPTIMIZING CANDIDATE TREE SET                      |
--------------------------------------------------------------------
Iteration 10 / LogL: -2037.373 / Time: 0h:0m:0s
Iteration 20 / LogL: -2658.047 / Time: 0h:0m:0s (0h:0m:1s left)
Iteration 30 / LogL: -2037.378 / Time: 0h:0m:0s (0h:0m:1s left)
Iteration 40 / LogL: -2037.624 / Time: 0h:0m:0s (0h:0m:0s left)
Iteration 50 / LogL: -2037.373 / Time: 0h:0m:0s (0h:0m:0s left)
Iteration 60 / LogL: -2037.375 / Time: 0h:0m:0s (0h:0m:0s left)
Iteration 70 / LogL: -2037.378 / Time: 0h:0m:1s (0h:0m:0s left)
Iteration 80 / LogL: -2037.374 / Time: 0h:0m:1s (0h:0m:0s left)
Iteration 90 / LogL: -2313.524 / Time: 0h:0m:1s (0h:0m:0s left)
Iteration 100 / LogL: -2037.374 / Time: 0h:0m:1s (0h:0m:0s left)
TREE SEARCH COMPLETED AFTER 101 ITERATIONS / Time: 0h:0m:1s

--------------------------------------------------------------------
|                    FINALIZING TREE SEARCH                        |
--------------------------------------------------------------------
Performs final model parameters optimization
Estimate model parameters (epsilon = 0.010)
1. Initial log-likelihood: -2037.373
2. Current log-likelihood: -2037.359
3. Current log-likelihood: -2037.333
Optimal log-likelihood: -2037.328
Rate parameters:  A-C: 1.078  A-G: 0.952  A-T: 0.881  C-G: 1.613  C-T: 1.153  G-T: 1.000
Base frequencies:   A: 0.246  C: 0.246  G: 0.252  T: 0.256
Gamma shape alpha: 5.112
Parameters optimization took 3 rounds (0.012 sec)
BEST SCORE FOUND : -2037.328

Testing tree branches by SH-like aLRT with 1000 replicates...
CPU Time used:  0.100 sec.
Total tree length: 1.240

Total number of iterations: 101
CPU time used for tree search: 1.456 sec (0h:0m:1s)
Wall-clock time used for tree search: 1.455 sec (0h:0m:1s)
Total CPU time used: 1.600 sec (0h:0m:1s)
Total wall-clock time used: 1.599 sec (0h:0m:1s)

Analysis results written to: 
  IQ-TREE report:                ../simulations/data_D10T10L20I10T10//S/87_pruned.fasta.iqtree
  Maximum-likelihood tree:       ../simulations/data_D10T10L20I10T10//S/87_pruned.fasta.treefile
  Likelihood distances:          ../simulations/data_D10T10L20I10T10//S/87_pruned.fasta.mldist
  Screen log file:               ../simulations/data_D10T10L20I10T10//S/87_pruned.fasta.log

Date and Time: Fri Jun  1 10:39:02 2018
