IQ-TREE version 1.4.2 for Linux 64-bit built Apr 15 2016
Copyright (c) 2011-2015 Nguyen Lam Tung, Olga Chernomor, Arndt von Haeseler and Bui Quang Minh.

Host:    meduse (AVX2, FMA3, 7 GB RAM)
Command: iqtree -s ../simulations/data_D10T10L20I10T10//S/882_pruned.fasta -m GTR+G -alrt 1000 -redo
Seed:    370682 (Using SPRNG - Scalable Parallel Random Number Generator)
Time:    Fri Jun  1 10:45:40 2018
Kernel:  AVX

NOTE: Consider using the multicore version because your CPU has 4 cores!

Reading alignment file ../simulations/data_D10T10L20I10T10//S/882_pruned.fasta ... Fasta format detected
Alignment most likely contains DNA/RNA sequences
Alignment has 26 sequences with 300 columns and 182 patterns (164 informative sites)
          Gap/Ambiguity  Composition  p-value
   1  n292_293    0.00%    passed     91.15%
   2  n287_288    0.00%    passed     94.68%
   3  n290_291    0.00%    passed     96.08%
   4  n294_295    0.00%    passed     99.88%
   5  n251_252    0.00%    passed     69.50%
   6  n286_287    0.00%    passed     88.89%
   7  n300_301    0.00%    passed     85.65%
   8  n275_276    0.00%    passed     99.65%
   9  n274_275    0.00%    passed     92.00%
  10  n289_290    0.00%    passed     94.68%
  11  n255_256    0.00%    passed     88.27%
  12  n236_237    0.00%    passed     81.10%
  13  n299_300    0.00%    passed     86.39%
  14  n278_279    0.00%    passed     77.26%
  15  n297_298    0.00%    passed     99.16%
  16  n298_299    0.00%    passed     97.34%
  17  n244_245    0.00%    passed     89.96%
  18  n293_294    0.00%    passed     99.91%
  19  n296_297    0.00%    passed     71.17%
  20  n295_296    0.00%    passed     72.65%
  21  n266_267    0.00%    passed     76.53%
  22  n200_201    0.00%    passed     78.39%
  23  n285_286    0.00%    passed     84.81%
  24  n277_278    0.00%    passed     90.69%
  25  n280_281    0.00%    passed     90.46%
  26  n265_266    0.00%    passed     81.43%
****  TOTAL       0.00%  0 sequences failed composition chi2 test (p-value<5%; df=3)

Create initial parsimony tree by phylogenetic likelihood library (PLL)... 0.001 seconds

NOTE: 0 MB RAM is required!
Estimate model parameters (epsilon = 0.100)
1. Initial log-likelihood: -2127.584
2. Current log-likelihood: -2073.836
3. Current log-likelihood: -2073.010
4. Current log-likelihood: -2072.906
Optimal log-likelihood: -2072.884
Rate parameters:  A-C: 1.510  A-G: 1.428  A-T: 1.305  C-G: 1.389  C-T: 1.866  G-T: 1.000
Base frequencies:   A: 0.253  C: 0.234  G: 0.283  T: 0.230
Gamma shape alpha: 998.357
Parameters optimization took 4 rounds (0.026 sec)
--------------------------------------------------------------------
|             INITIALIZING CANDIDATE TREE SET                      |
--------------------------------------------------------------------
Computing ML distances based on estimated model parameters... 0.000 sec
Computing BIONJ tree...
0.000 seconds
Log-likelihood of BIONJ tree: -2072.883
Generating 98 parsimony trees... 0.109 seconds 57 distinct starting trees
Computing log-likelihood of 57 initial trees ... 0.129 seconds
Optimizing top 20 initial trees with NNI...
Iteration 1 / LogL: -2072.884 / Time: 0h:0m:0s
Estimate model parameters (epsilon = 0.100)
BETTER SCORE FOUND at iteration 1: -2072.864
Iteration 2 / LogL: -2072.865 / Time: 0h:0m:0s
Iteration 3 / LogL: -2072.866 / Time: 0h:0m:0s
Iteration 4 / LogL: -2072.866 / Time: 0h:0m:0s
Iteration 5 / LogL: -2072.866 / Time: 0h:0m:0s
Iteration 6 / LogL: -2072.866 / Time: 0h:0m:0s
Iteration 7 / LogL: -2072.866 / Time: 0h:0m:0s
Iteration 8 / LogL: -2072.866 / Time: 0h:0m:0s
Iteration 9 / LogL: -2072.866 / Time: 0h:0m:0s
Iteration 10 / LogL: -2072.866 / Time: 0h:0m:0s
Iteration 11 / LogL: -2072.866 / Time: 0h:0m:0s
Iteration 12 / LogL: -2072.866 / Time: 0h:0m:0s
Iteration 13 / LogL: -2072.866 / Time: 0h:0m:0s
Iteration 14 / LogL: -2072.866 / Time: 0h:0m:0s
Iteration 15 / LogL: -2072.866 / Time: 0h:0m:0s
Iteration 16 / LogL: -2072.866 / Time: 0h:0m:0s
Iteration 17 / LogL: -2072.866 / Time: 0h:0m:0s
Iteration 18 / LogL: -2072.866 / Time: 0h:0m:0s
Iteration 19 / LogL: -2072.866 / Time: 0h:0m:0s
Iteration 20 / LogL: -2072.866 / Time: 0h:0m:0s
Average CPU time for 1 NNI search: 0.005
Finish initializing candidate tree set. Number of distinct locally optimal trees: 20
Current best tree score: -2072.864 / CPU time: 0.348
--------------------------------------------------------------------
|               OPTIMIZING CANDIDATE TREE SET                      |
--------------------------------------------------------------------
Iteration 30 / LogL: -2075.275 / Time: 0h:0m:0s (0h:0m:1s left)
Iteration 40 / LogL: -2072.864 / Time: 0h:0m:0s (0h:0m:1s left)
Iteration 50 / LogL: -2072.865 / Time: 0h:0m:0s (0h:0m:0s left)
Iteration 60 / LogL: -2072.864 / Time: 0h:0m:1s (0h:0m:0s left)
Iteration 70 / LogL: -2072.916 / Time: 0h:0m:1s (0h:0m:0s left)
Iteration 80 / LogL: -2072.864 / Time: 0h:0m:1s (0h:0m:0s left)
Iteration 90 / LogL: -2072.986 / Time: 0h:0m:1s (0h:0m:0s left)
Iteration 100 / LogL: -2092.193 / Time: 0h:0m:1s (0h:0m:0s left)
TREE SEARCH COMPLETED AFTER 101 ITERATIONS / Time: 0h:0m:1s

--------------------------------------------------------------------
|                    FINALIZING TREE SEARCH                        |
--------------------------------------------------------------------
Performs final model parameters optimization
Estimate model parameters (epsilon = 0.010)
1. Initial log-likelihood: -2072.864
Optimal log-likelihood: -2072.854
Rate parameters:  A-C: 1.501  A-G: 1.411  A-T: 1.273  C-G: 1.358  C-T: 1.829  G-T: 1.000
Base frequencies:   A: 0.253  C: 0.234  G: 0.283  T: 0.230
Gamma shape alpha: 998.357
Parameters optimization took 1 rounds (0.007 sec)
BEST SCORE FOUND : -2072.854

Testing tree branches by SH-like aLRT with 1000 replicates...
CPU Time used:  0.132 sec.
Total tree length: 1.213

Total number of iterations: 101
CPU time used for tree search: 1.828 sec (0h:0m:1s)
Wall-clock time used for tree search: 1.830 sec (0h:0m:1s)
Total CPU time used: 2.008 sec (0h:0m:2s)
Total wall-clock time used: 2.009 sec (0h:0m:2s)

Analysis results written to: 
  IQ-TREE report:                ../simulations/data_D10T10L20I10T10//S/882_pruned.fasta.iqtree
  Maximum-likelihood tree:       ../simulations/data_D10T10L20I10T10//S/882_pruned.fasta.treefile
  Likelihood distances:          ../simulations/data_D10T10L20I10T10//S/882_pruned.fasta.mldist
  Screen log file:               ../simulations/data_D10T10L20I10T10//S/882_pruned.fasta.log

Date and Time: Fri Jun  1 10:45:42 2018
