IQ-TREE version 1.4.2 for Linux 64-bit built Apr 15 2016
Copyright (c) 2011-2015 Nguyen Lam Tung, Olga Chernomor, Arndt von Haeseler and Bui Quang Minh.

Host:    meduse (AVX2, FMA3, 7 GB RAM)
Command: iqtree -s ../simulations/data_D10T10L20I10T10//S/883_pruned.fasta -m GTR+G -alrt 1000 -redo
Seed:    219436 (Using SPRNG - Scalable Parallel Random Number Generator)
Time:    Mon Jun  4 00:54:53 2018
Kernel:  AVX

NOTE: Consider using the multicore version because your CPU has 4 cores!

Reading alignment file ../simulations/data_D10T10L20I10T10//S/883_pruned.fasta ... Fasta format detected
Alignment most likely contains DNA/RNA sequences
Alignment has 26 sequences with 300 columns and 300 patterns (292 informative sites)
          Gap/Ambiguity  Composition  p-value
   1  n295_298    0.00%    passed     74.38%
   2  n290_293    0.00%    passed     31.53%
   3  n266_269    0.00%    passed     38.81%
   4  n255_258    0.00%    passed     64.15%
   5  n277_280    0.00%    passed     92.82%
   6  n299_302    0.00%    passed     11.15%
   7  n287_290    0.00%    passed     94.08%
   8  n274_277    0.00%    passed     41.05%
   9  n275_278    0.00%    passed     68.75%
  10  n278_281    0.00%    passed     70.14%
  11  n286_289    0.00%    passed     99.35%
  12  n289_292    0.00%    passed     77.54%
  13  n285_288    0.00%    passed     96.07%
  14  n236_239    0.00%    passed     16.77%
  15  n251_254    0.00%    passed     97.18%
  16  n294_297    0.00%    passed     92.68%
  17  n297_300    0.00%    passed     87.13%
  18  n293_296    0.00%    passed     79.10%
  19  n280_283    0.00%    passed     28.22%
  20  n200_203    0.00%    passed     74.85%
  21  n298_301    0.00%    passed     88.23%
  22  n292_295    0.00%    passed     26.08%
  23  n300_303    0.00%    passed     23.19%
  24  n244_247    0.00%    failed      4.24%
  25  n296_299    0.00%    passed     86.80%
  26  n265_268    0.00%    passed     25.31%
****  TOTAL       0.00%  1 sequences failed composition chi2 test (p-value<5%; df=3)

Create initial parsimony tree by phylogenetic likelihood library (PLL)... 0.001 seconds

NOTE: 1 MB RAM is required!
Estimate model parameters (epsilon = 0.100)
1. Initial log-likelihood: -5357.076
2. Current log-likelihood: -5262.577
3. Current log-likelihood: -5244.322
4. Current log-likelihood: -5240.665
5. Current log-likelihood: -5240.032
Optimal log-likelihood: -5239.923
Rate parameters:  A-C: 1.549  A-G: 1.303  A-T: 1.395  C-G: 0.997  C-T: 1.602  G-T: 1.000
Base frequencies:   A: 0.224  C: 0.253  G: 0.273  T: 0.250
Gamma shape alpha: 6.464
Parameters optimization took 5 rounds (0.075 sec)
--------------------------------------------------------------------
|             INITIALIZING CANDIDATE TREE SET                      |
--------------------------------------------------------------------
Computing ML distances based on estimated model parameters... 0.004 sec
WARNING: Some pairwise ML distances are too long (saturated)
Computing BIONJ tree...
0.000 seconds
Log-likelihood of BIONJ tree: -5252.971
Generating 98 parsimony trees... 0.150 seconds 3 distinct starting trees
Computing log-likelihood of 3 initial trees ... 0.003 seconds
Optimizing top 3 initial trees with NNI...
Iteration 1 / LogL: -5234.215 / Time: 0h:0m:0s
Estimate model parameters (epsilon = 0.100)
BETTER TREE FOUND at iteration 1: -5233.760
Iteration 2 / LogL: -5234.288 / Time: 0h:0m:0s
Iteration 3 / LogL: -5233.762 / Time: 0h:0m:0s
Average CPU time for 1 NNI search: 0.024
Finish initializing candidate tree set. Number of distinct locally optimal trees: 2
Current best tree score: -5233.760 / CPU time: 0.224
--------------------------------------------------------------------
|               OPTIMIZING CANDIDATE TREE SET                      |
--------------------------------------------------------------------
Iteration 10 / LogL: -5237.561 / Time: 0h:0m:0s
Iteration 20 / LogL: -5235.672 / Time: 0h:0m:0s (0h:0m:3s left)
Iteration 30 / LogL: -5236.466 / Time: 0h:0m:1s (0h:0m:2s left)
Iteration 40 / LogL: -5233.848 / Time: 0h:0m:1s (0h:0m:2s left)
Iteration 50 / LogL: -5234.868 / Time: 0h:0m:1s (0h:0m:1s left)
Iteration 60 / LogL: -5236.651 / Time: 0h:0m:2s (0h:0m:1s left)
Iteration 70 / LogL: -5233.846 / Time: 0h:0m:2s (0h:0m:1s left)
Iteration 80 / LogL: -5234.479 / Time: 0h:0m:2s (0h:0m:0s left)
Iteration 90 / LogL: -5233.999 / Time: 0h:0m:2s (0h:0m:0s left)
Iteration 100 / LogL: -5236.743 / Time: 0h:0m:3s (0h:0m:0s left)
TREE SEARCH COMPLETED AFTER 101 ITERATIONS / Time: 0h:0m:3s

--------------------------------------------------------------------
|                    FINALIZING TREE SEARCH                        |
--------------------------------------------------------------------
Performs final model parameters optimization
Estimate model parameters (epsilon = 0.010)
1. Initial log-likelihood: -5233.760
Optimal log-likelihood: -5233.758
Rate parameters:  A-C: 1.523  A-G: 1.321  A-T: 1.391  C-G: 0.964  C-T: 1.599  G-T: 1.000
Base frequencies:   A: 0.224  C: 0.253  G: 0.273  T: 0.250
Gamma shape alpha: 6.824
Parameters optimization took 1 rounds (0.008 sec)
BEST SCORE FOUND : -5233.758

Testing tree branches by SH-like aLRT with 1000 replicates...
CPU Time used:  0.120 sec.
Total tree length: 7.885

Total number of iterations: 101
CPU time used for tree search: 3.200 sec (0h:0m:3s)
Wall-clock time used for tree search: 3.207 sec (0h:0m:3s)
Total CPU time used: 3.424 sec (0h:0m:3s)
Total wall-clock time used: 3.430 sec (0h:0m:3s)

Analysis results written to: 
  IQ-TREE report:                ../simulations/data_D10T10L20I10T10//S/883_pruned.fasta.iqtree
  Maximum-likelihood tree:       ../simulations/data_D10T10L20I10T10//S/883_pruned.fasta.treefile
  Likelihood distances:          ../simulations/data_D10T10L20I10T10//S/883_pruned.fasta.mldist
  Screen log file:               ../simulations/data_D10T10L20I10T10//S/883_pruned.fasta.log

Date and Time: Mon Jun  4 00:54:56 2018
