IQ-TREE version 1.4.2 for Linux 64-bit built Apr 15 2016
Copyright (c) 2011-2015 Nguyen Lam Tung, Olga Chernomor, Arndt von Haeseler and Bui Quang Minh.

Host:    meduse (AVX2, FMA3, 7 GB RAM)
Command: iqtree -s ../simulations/data_D10T10L20I10T10//S/888_pruned.fasta -m GTR+G -alrt 1000 -redo
Seed:    211485 (Using SPRNG - Scalable Parallel Random Number Generator)
Time:    Mon Jun  4 01:13:56 2018
Kernel:  AVX

NOTE: Consider using the multicore version because your CPU has 4 cores!

Reading alignment file ../simulations/data_D10T10L20I10T10//S/888_pruned.fasta ... Fasta format detected
Alignment most likely contains DNA/RNA sequences
Alignment has 33 sequences with 300 columns and 300 patterns (298 informative sites)
          Gap/Ambiguity  Composition  p-value
   1  n298_331    0.00%    passed     86.08%
   2  n290_321    0.00%    passed     36.80%
   3  n300_335    0.00%    passed     69.79%
   4  n200_207    0.00%    passed     40.89%
   5  n275_300    0.00%    passed     92.27%
   6  n292_323    0.00%    passed     43.51%
   7  n274_299    0.00%    passed     51.85%
   8  n292_325    0.00%    passed     65.69%
   9  n293_326    0.00%    passed     78.89%
  10  n286_317    0.00%    passed     54.26%
  11  n280_309    0.00%    passed     52.45%
  12  n295_328    0.00%    passed     68.28%
  13  n277_302    0.00%    passed     11.75%
  14  n294_327    0.00%    passed     97.30%
  15  n277_304    0.00%    passed     76.61%
  16  n244_259    0.00%    passed     42.82%
  17  n255_272    0.00%    passed     11.78%
  18  n299_332    0.00%    passed     63.12%
  19  n300_333    0.00%    passed     55.23%
  20  n299_334    0.00%    passed     72.26%
  21  n287_318    0.00%    passed     26.43%
  22  n289_320    0.00%    passed     39.21%
  23  n278_303    0.00%    passed     16.62%
  24  n285_316    0.00%    passed     62.65%
  25  n280_307    0.00%    passed     65.04%
  26  n251_266    0.00%    passed     75.91%
  27  n266_287    0.00%    passed     13.66%
  28  n274_297    0.00%    passed     49.89%
  29  n265_286    0.00%    passed     43.27%
  30  n296_329    0.00%    passed     70.14%
  31  n297_330    0.00%    passed     88.31%
  32  n278_305    0.00%    passed     50.94%
  33  n236_251    0.00%    passed     71.55%
****  TOTAL       0.00%  0 sequences failed composition chi2 test (p-value<5%; df=3)

Create initial parsimony tree by phylogenetic likelihood library (PLL)... 0.002 seconds

NOTE: 1 MB RAM is required!
Estimate model parameters (epsilon = 0.100)
1. Initial log-likelihood: -6361.251
2. Current log-likelihood: -6251.680
3. Current log-likelihood: -6238.041
4. Current log-likelihood: -6234.810
5. Current log-likelihood: -6234.134
6. Current log-likelihood: -6234.025
Optimal log-likelihood: -6233.979
Rate parameters:  A-C: 1.050  A-G: 1.096  A-T: 1.074  C-G: 0.847  C-T: 1.308  G-T: 1.000
Base frequencies:   A: 0.238  C: 0.285  G: 0.250  T: 0.228
Gamma shape alpha: 5.867
Parameters optimization took 6 rounds (0.105 sec)
--------------------------------------------------------------------
|             INITIALIZING CANDIDATE TREE SET                      |
--------------------------------------------------------------------
Computing ML distances based on estimated model parameters... 0.008 sec
WARNING: Some pairwise ML distances are too long (saturated)
Computing BIONJ tree...
0.001 seconds
Log-likelihood of BIONJ tree: -6240.133
Generating 98 parsimony trees... 0.242 seconds 3 distinct starting trees
Computing log-likelihood of 3 initial trees ... 0.004 seconds
Optimizing top 3 initial trees with NNI...
Iteration 1 / LogL: -6233.719 / Time: 0h:0m:0s
Estimate model parameters (epsilon = 0.100)
BETTER TREE FOUND at iteration 1: -6233.705
Iteration 2 / LogL: -6233.801 / Time: 0h:0m:0s
Iteration 3 / LogL: -6234.198 / Time: 0h:0m:0s
Average CPU time for 1 NNI search: 0.021
Finish initializing candidate tree set. Number of distinct locally optimal trees: 2
Current best tree score: -6233.705 / CPU time: 0.304
--------------------------------------------------------------------
|               OPTIMIZING CANDIDATE TREE SET                      |
--------------------------------------------------------------------
Iteration 10 / LogL: -6233.802 / Time: 0h:0m:0s
Iteration 20 / LogL: -6233.762 / Time: 0h:0m:1s (0h:0m:5s left)
Iteration 30 / LogL: -6233.756 / Time: 0h:0m:1s (0h:0m:4s left)
Iteration 40 / LogL: -6233.986 / Time: 0h:0m:2s (0h:0m:3s left)
Estimate model parameters (epsilon = 0.010)
BETTER TREE FOUND at iteration 43: -6233.193
Iteration 50 / LogL: -6235.267 / Time: 0h:0m:3s (0h:0m:5s left)
Iteration 60 / LogL: -6233.867 / Time: 0h:0m:3s (0h:0m:4s left)
Iteration 70 / LogL: -6233.848 / Time: 0h:0m:4s (0h:0m:4s left)
Iteration 80 / LogL: -6233.879 / Time: 0h:0m:4s (0h:0m:3s left)
Iteration 90 / LogL: -6235.178 / Time: 0h:0m:5s (0h:0m:2s left)
Iteration 100 / LogL: -6234.162 / Time: 0h:0m:5s (0h:0m:2s left)
Iteration 110 / LogL: -6233.850 / Time: 0h:0m:6s (0h:0m:1s left)
Iteration 120 / LogL: -6260.295 / Time: 0h:0m:6s (0h:0m:1s left)
Iteration 130 / LogL: -6234.251 / Time: 0h:0m:7s (0h:0m:0s left)
Iteration 140 / LogL: -6233.856 / Time: 0h:0m:7s (0h:0m:0s left)
TREE SEARCH COMPLETED AFTER 143 ITERATIONS / Time: 0h:0m:7s

--------------------------------------------------------------------
|                    FINALIZING TREE SEARCH                        |
--------------------------------------------------------------------
Performs final model parameters optimization
Estimate model parameters (epsilon = 0.010)
1. Initial log-likelihood: -6233.193
Optimal log-likelihood: -6233.192
Rate parameters:  A-C: 1.033  A-G: 1.127  A-T: 1.105  C-G: 0.841  C-T: 1.287  G-T: 1.000
Base frequencies:   A: 0.238  C: 0.285  G: 0.250  T: 0.228
Gamma shape alpha: 5.693
Parameters optimization took 1 rounds (0.009 sec)
BEST SCORE FOUND : -6233.192

Testing tree branches by SH-like aLRT with 1000 replicates...
CPU Time used:  0.156 sec.
Total tree length: 10.104

Total number of iterations: 143
CPU time used for tree search: 7.620 sec (0h:0m:7s)
Wall-clock time used for tree search: 7.623 sec (0h:0m:7s)
Total CPU time used: 7.948 sec (0h:0m:7s)
Total wall-clock time used: 7.951 sec (0h:0m:7s)

Analysis results written to: 
  IQ-TREE report:                ../simulations/data_D10T10L20I10T10//S/888_pruned.fasta.iqtree
  Maximum-likelihood tree:       ../simulations/data_D10T10L20I10T10//S/888_pruned.fasta.treefile
  Likelihood distances:          ../simulations/data_D10T10L20I10T10//S/888_pruned.fasta.mldist
  Screen log file:               ../simulations/data_D10T10L20I10T10//S/888_pruned.fasta.log

Date and Time: Mon Jun  4 01:14:04 2018
