IQ-TREE version 1.4.2 for Linux 64-bit built Apr 15 2016
Copyright (c) 2011-2015 Nguyen Lam Tung, Olga Chernomor, Arndt von Haeseler and Bui Quang Minh.

Host:    meduse (AVX2, FMA3, 7 GB RAM)
Command: iqtree -s ../simulations/data_D8T8L15I8T8//S/893_pruned.fasta -m GTR+G -alrt 1000 -redo
Seed:    103077 (Using SPRNG - Scalable Parallel Random Number Generator)
Time:    Fri May 25 23:08:15 2018
Kernel:  AVX

NOTE: Consider using the multicore version because your CPU has 4 cores!

Reading alignment file ../simulations/data_D8T8L15I8T8//S/893_pruned.fasta ... Fasta format detected
Alignment most likely contains DNA/RNA sequences
Alignment has 26 sequences with 300 columns and 178 patterns (159 informative sites)
          Gap/Ambiguity  Composition  p-value
   1  n287_288    0.00%    passed     96.09%
   2  n290_291    0.00%    passed     93.18%
   3  n236_237    0.00%    passed     62.39%
   4  n278_279    0.00%    passed     98.93%
   5  n285_286    0.00%    passed     65.68%
   6  n265_266    0.00%    passed     76.53%
   7  n280_281    0.00%    passed     99.51%
   8  n299_300    0.00%    passed     90.18%
   9  n293_294    0.00%    passed     77.72%
  10  n274_275    0.00%    passed     98.81%
  11  n292_293    0.00%    passed     93.23%
  12  n296_297    0.00%    passed     81.24%
  13  n294_295    0.00%    passed     81.60%
  14  n275_276    0.00%    passed     71.93%
  15  n297_298    0.00%    passed     82.22%
  16  n289_290    0.00%    passed     91.33%
  17  n286_287    0.00%    passed     65.68%
  18  n255_256    0.00%    passed     29.32%
  19  n295_296    0.00%    passed     84.97%
  20  n266_267    0.00%    passed     72.05%
  21  n244_245    0.00%    passed     94.01%
  22  n298_299    0.00%    passed     82.22%
  23  n300_301    0.00%    passed     90.18%
  24  n200_201    0.00%    passed     78.78%
  25  n277_278    0.00%    passed     99.69%
  26  n251_252    0.00%    passed     39.16%
****  TOTAL       0.00%  0 sequences failed composition chi2 test (p-value<5%; df=3)
NOTE: 3 identical sequences (see below) will be ignored for subsequent analysis
NOTE: n286_287 (identical to n285_286) is ignored but added at the end
NOTE: n300_301 (identical to n299_300) is ignored but added at the end
NOTE: n298_299 (identical to n297_298) is ignored but added at the end

Create initial parsimony tree by phylogenetic likelihood library (PLL)... 0.001 seconds

NOTE: 0 MB RAM is required!
Estimate model parameters (epsilon = 0.100)
1. Initial log-likelihood: -2071.738
2. Current log-likelihood: -2016.422
3. Current log-likelihood: -2015.609
Optimal log-likelihood: -2015.593
Rate parameters:  A-C: 1.087  A-G: 1.223  A-T: 1.141  C-G: 1.100  C-T: 1.574  G-T: 1.000
Base frequencies:   A: 0.276  C: 0.245  G: 0.283  T: 0.196
Gamma shape alpha: 26.681
Parameters optimization took 3 rounds (0.029 sec)
--------------------------------------------------------------------
|             INITIALIZING CANDIDATE TREE SET                      |
--------------------------------------------------------------------
Computing ML distances based on estimated model parameters... 0.000 sec
Computing BIONJ tree...
0.000 seconds
Log-likelihood of BIONJ tree: -2015.408
Generating 98 parsimony trees... 0.084 seconds 18 distinct starting trees
Computing log-likelihood of 18 initial trees ... 0.035 seconds
Optimizing top 18 initial trees with NNI...
Iteration 1 / LogL: -2015.408 / Time: 0h:0m:0s
Estimate model parameters (epsilon = 0.100)
BETTER SCORE FOUND at iteration 1: -2015.354
Iteration 2 / LogL: -2015.357 / Time: 0h:0m:0s
Iteration 3 / LogL: -2015.357 / Time: 0h:0m:0s
Iteration 4 / LogL: -2015.357 / Time: 0h:0m:0s
Iteration 5 / LogL: -2015.357 / Time: 0h:0m:0s
Iteration 6 / LogL: -2015.357 / Time: 0h:0m:0s
Iteration 7 / LogL: -2015.357 / Time: 0h:0m:0s
Iteration 8 / LogL: -2015.357 / Time: 0h:0m:0s
Iteration 9 / LogL: -2015.357 / Time: 0h:0m:0s
Iteration 10 / LogL: -2015.646 / Time: 0h:0m:0s
Iteration 11 / LogL: -2015.648 / Time: 0h:0m:0s
Iteration 12 / LogL: -2015.648 / Time: 0h:0m:0s
Iteration 13 / LogL: -2015.648 / Time: 0h:0m:0s
Iteration 14 / LogL: -2015.648 / Time: 0h:0m:0s
Iteration 15 / LogL: -2015.648 / Time: 0h:0m:0s
Iteration 16 / LogL: -2015.648 / Time: 0h:0m:0s
Iteration 17 / LogL: -2015.648 / Time: 0h:0m:0s
Iteration 18 / LogL: -2015.648 / Time: 0h:0m:0s
Average CPU time for 1 NNI search: 0.006
Finish initializing candidate tree set. Number of distinct locally optimal trees: 18
Current best tree score: -2015.354 / CPU time: 0.212
--------------------------------------------------------------------
|               OPTIMIZING CANDIDATE TREE SET                      |
--------------------------------------------------------------------
Iteration 20 / LogL: -2015.355 / Time: 0h:0m:0s (0h:0m:1s left)
Iteration 30 / LogL: -2015.354 / Time: 0h:0m:0s (0h:0m:1s left)
Iteration 40 / LogL: -2015.398 / Time: 0h:0m:0s (0h:0m:0s left)
Iteration 50 / LogL: -2015.356 / Time: 0h:0m:0s (0h:0m:0s left)
Iteration 60 / LogL: -2015.364 / Time: 0h:0m:0s (0h:0m:0s left)
Iteration 70 / LogL: -2015.382 / Time: 0h:0m:1s (0h:0m:0s left)
Iteration 80 / LogL: -2015.647 / Time: 0h:0m:1s (0h:0m:0s left)
Iteration 90 / LogL: -2023.763 / Time: 0h:0m:1s (0h:0m:0s left)
Iteration 100 / LogL: -2015.354 / Time: 0h:0m:1s (0h:0m:0s left)
TREE SEARCH COMPLETED AFTER 101 ITERATIONS / Time: 0h:0m:1s

--------------------------------------------------------------------
|                    FINALIZING TREE SEARCH                        |
--------------------------------------------------------------------
Performs final model parameters optimization
Estimate model parameters (epsilon = 0.010)
1. Initial log-likelihood: -2015.354
Optimal log-likelihood: -2015.349
Rate parameters:  A-C: 1.121  A-G: 1.214  A-T: 1.180  C-G: 1.113  C-T: 1.551  G-T: 1.000
Base frequencies:   A: 0.276  C: 0.245  G: 0.283  T: 0.196
Gamma shape alpha: 26.573
Parameters optimization took 1 rounds (0.005 sec)
BEST SCORE FOUND : -2015.349

Testing tree branches by SH-like aLRT with 1000 replicates...
CPU Time used:  0.104 sec.
Total tree length: 1.194

Total number of iterations: 101
CPU time used for tree search: 1.452 sec (0h:0m:1s)
Wall-clock time used for tree search: 1.465 sec (0h:0m:1s)
Total CPU time used: 1.608 sec (0h:0m:1s)
Total wall-clock time used: 1.622 sec (0h:0m:1s)

Analysis results written to: 
  IQ-TREE report:                ../simulations/data_D8T8L15I8T8//S/893_pruned.fasta.iqtree
  Maximum-likelihood tree:       ../simulations/data_D8T8L15I8T8//S/893_pruned.fasta.treefile
  Likelihood distances:          ../simulations/data_D8T8L15I8T8//S/893_pruned.fasta.mldist
  Screen log file:               ../simulations/data_D8T8L15I8T8//S/893_pruned.fasta.log

Date and Time: Fri May 25 23:08:16 2018
