IQ-TREE version 1.4.2 for Linux 64-bit built Apr 15 2016
Copyright (c) 2011-2015 Nguyen Lam Tung, Olga Chernomor, Arndt von Haeseler and Bui Quang Minh.

Host:    meduse (AVX2, FMA3, 7 GB RAM)
Command: iqtree -s ../simulations/data_D8T8L15I8T8//S/896_pruned.fasta -m GTR+G -alrt 1000 -redo
Seed:    900616 (Using SPRNG - Scalable Parallel Random Number Generator)
Time:    Fri May 25 22:43:27 2018
Kernel:  AVX

NOTE: Consider using the multicore version because your CPU has 4 cores!

Reading alignment file ../simulations/data_D8T8L15I8T8//S/896_pruned.fasta ... Fasta format detected
Alignment most likely contains DNA/RNA sequences
Alignment has 26 sequences with 300 columns and 178 patterns (152 informative sites)
          Gap/Ambiguity  Composition  p-value
   1  n290_287    0.00%    passed     85.57%
   2  n289_286    0.00%    passed     87.04%
   3  n274_271    0.00%    passed     96.44%
   4  n297_294    0.00%    passed     98.63%
   5  n293_290    0.00%    passed     95.03%
   6  n236_233    0.00%    passed     93.10%
   7  n295_292    0.00%    passed     94.25%
   8  n294_291    0.00%    passed     92.73%
   9  n300_297    0.00%    passed     92.49%
  10  n286_283    0.00%    passed     92.68%
  11  n296_293    0.00%    passed     93.10%
  12  n275_272    0.00%    passed     99.52%
  13  n298_295    0.00%    passed     99.58%
  14  n255_252    0.00%    passed     97.06%
  15  n200_197    0.00%    passed     87.85%
  16  n280_277    0.00%    passed     95.14%
  17  n251_248    0.00%    passed     99.51%
  18  n285_282    0.00%    passed     85.31%
  19  n278_275    0.00%    passed     58.31%
  20  n244_241    0.00%    passed     82.99%
  21  n299_296    0.00%    passed     92.49%
  22  n287_284    0.00%    passed     88.19%
  23  n265_262    0.00%    passed     91.23%
  24  n277_274    0.00%    passed     69.19%
  25  n292_289    0.00%    passed     88.28%
  26  n266_263    0.00%    passed     98.66%
****  TOTAL       0.00%  0 sequences failed composition chi2 test (p-value<5%; df=3)
NOTE: 1 identical sequences (see below) will be ignored for subsequent analysis
NOTE: n299_296 (identical to n300_297) is ignored but added at the end

Create initial parsimony tree by phylogenetic likelihood library (PLL)... 0.001 seconds

NOTE: 0 MB RAM is required!
Estimate model parameters (epsilon = 0.100)
1. Initial log-likelihood: -2085.151
2. Current log-likelihood: -2048.877
3. Current log-likelihood: -2048.596
Optimal log-likelihood: -2048.567
Rate parameters:  A-C: 1.185  A-G: 1.014  A-T: 1.140  C-G: 0.904  C-T: 1.202  G-T: 1.000
Base frequencies:   A: 0.249  C: 0.251  G: 0.248  T: 0.252
Gamma shape alpha: 4.179
Parameters optimization took 3 rounds (0.032 sec)
--------------------------------------------------------------------
|             INITIALIZING CANDIDATE TREE SET                      |
--------------------------------------------------------------------
Computing ML distances based on estimated model parameters... 0.004 sec
Computing BIONJ tree...
0.000 seconds
Log-likelihood of BIONJ tree: -2048.567
Generating 98 parsimony trees... 0.128 seconds 16 distinct starting trees
Computing log-likelihood of 16 initial trees ... 0.039 seconds
Optimizing top 16 initial trees with NNI...
Iteration 1 / LogL: -2048.567 / Time: 0h:0m:0s
Estimate model parameters (epsilon = 0.100)
BETTER SCORE FOUND at iteration 1: -2048.541
Iteration 2 / LogL: -2048.543 / Time: 0h:0m:0s
Iteration 3 / LogL: -2048.543 / Time: 0h:0m:0s
Iteration 4 / LogL: -2048.543 / Time: 0h:0m:0s
Iteration 5 / LogL: -2048.543 / Time: 0h:0m:0s
Iteration 6 / LogL: -2048.543 / Time: 0h:0m:0s
Iteration 7 / LogL: -2048.543 / Time: 0h:0m:0s
Iteration 8 / LogL: -2048.543 / Time: 0h:0m:0s
Iteration 9 / LogL: -2048.543 / Time: 0h:0m:0s
Iteration 10 / LogL: -2048.545 / Time: 0h:0m:0s
Iteration 11 / LogL: -2048.545 / Time: 0h:0m:0s
Iteration 12 / LogL: -2048.545 / Time: 0h:0m:0s
Iteration 13 / LogL: -2048.546 / Time: 0h:0m:0s
Iteration 14 / LogL: -2048.546 / Time: 0h:0m:0s
Iteration 15 / LogL: -2048.546 / Time: 0h:0m:0s
Iteration 16 / LogL: -2048.546 / Time: 0h:0m:0s
Average CPU time for 1 NNI search: 0.009
Finish initializing candidate tree set. Number of distinct locally optimal trees: 9
Current best tree score: -2048.541 / CPU time: 0.320
--------------------------------------------------------------------
|               OPTIMIZING CANDIDATE TREE SET                      |
--------------------------------------------------------------------
Iteration 20 / LogL: -2048.542 / Time: 0h:0m:0s (0h:0m:1s left)
Iteration 30 / LogL: -2061.354 / Time: 0h:0m:0s (0h:0m:1s left)
Iteration 40 / LogL: -2048.556 / Time: 0h:0m:0s (0h:0m:1s left)
Iteration 50 / LogL: -2048.541 / Time: 0h:0m:1s (0h:0m:1s left)
Iteration 60 / LogL: -2048.542 / Time: 0h:0m:1s (0h:0m:0s left)
Iteration 70 / LogL: -2048.544 / Time: 0h:0m:1s (0h:0m:0s left)
Iteration 80 / LogL: -2048.541 / Time: 0h:0m:1s (0h:0m:0s left)
Iteration 90 / LogL: -2048.544 / Time: 0h:0m:2s (0h:0m:0s left)
Iteration 100 / LogL: -2048.546 / Time: 0h:0m:2s (0h:0m:0s left)
TREE SEARCH COMPLETED AFTER 101 ITERATIONS / Time: 0h:0m:2s

--------------------------------------------------------------------
|                    FINALIZING TREE SEARCH                        |
--------------------------------------------------------------------
Performs final model parameters optimization
Estimate model parameters (epsilon = 0.010)
1. Initial log-likelihood: -2048.541
Optimal log-likelihood: -2048.541
Rate parameters:  A-C: 1.191  A-G: 1.020  A-T: 1.131  C-G: 0.879  C-T: 1.221  G-T: 1.000
Base frequencies:   A: 0.249  C: 0.251  G: 0.248  T: 0.252
Gamma shape alpha: 4.169
Parameters optimization took 1 rounds (0.006 sec)
BEST SCORE FOUND : -2048.541

Testing tree branches by SH-like aLRT with 1000 replicates...
CPU Time used:  0.176 sec.
Total tree length: 1.212

Total number of iterations: 101
CPU time used for tree search: 2.180 sec (0h:0m:2s)
Wall-clock time used for tree search: 2.185 sec (0h:0m:2s)
Total CPU time used: 2.416 sec (0h:0m:2s)
Total wall-clock time used: 2.421 sec (0h:0m:2s)

Analysis results written to: 
  IQ-TREE report:                ../simulations/data_D8T8L15I8T8//S/896_pruned.fasta.iqtree
  Maximum-likelihood tree:       ../simulations/data_D8T8L15I8T8//S/896_pruned.fasta.treefile
  Likelihood distances:          ../simulations/data_D8T8L15I8T8//S/896_pruned.fasta.mldist
  Screen log file:               ../simulations/data_D8T8L15I8T8//S/896_pruned.fasta.log

Date and Time: Fri May 25 22:43:30 2018
