IQ-TREE version 1.4.2 for Linux 64-bit built Apr 15 2016
Copyright (c) 2011-2015 Nguyen Lam Tung, Olga Chernomor, Arndt von Haeseler and Bui Quang Minh.

Host:    meduse (AVX2, FMA3, 7 GB RAM)
Command: iqtree -s ../simulations/data_D10T10L20I10T10//S/899_pruned.fasta -m GTR+G -alrt 1000 -redo
Seed:    541908 (Using SPRNG - Scalable Parallel Random Number Generator)
Time:    Mon Jun  4 00:50:50 2018
Kernel:  AVX

NOTE: Consider using the multicore version because your CPU has 4 cores!

Reading alignment file ../simulations/data_D10T10L20I10T10//S/899_pruned.fasta ... Fasta format detected
Alignment most likely contains DNA/RNA sequences
Alignment has 26 sequences with 300 columns and 298 patterns (293 informative sites)
          Gap/Ambiguity  Composition  p-value
   1  n299_300    0.00%    passed     50.54%
   2  n300_301    0.00%    passed     44.05%
   3  n290_291    0.00%    passed     91.78%
   4  n244_245    0.00%    passed     58.34%
   5  n255_256    0.00%    passed     48.29%
   6  n277_278    0.00%    passed     14.34%
   7  n200_201    0.00%    passed     61.01%
   8  n236_237    0.00%    passed     23.76%
   9  n274_275    0.00%    passed     18.27%
  10  n289_290    0.00%    passed     80.82%
  11  n296_297    0.00%    passed     74.69%
  12  n275_276    0.00%    passed     45.19%
  13  n292_293    0.00%    passed     26.57%
  14  n278_279    0.00%    passed      6.44%
  15  n298_299    0.00%    passed     83.70%
  16  n297_298    0.00%    passed     71.28%
  17  n286_287    0.00%    passed      9.21%
  18  n285_286    0.00%    passed     20.40%
  19  n287_288    0.00%    passed     93.10%
  20  n251_252    0.00%    passed     23.03%
  21  n294_295    0.00%    passed     29.11%
  22  n295_296    0.00%    passed     43.84%
  23  n266_267    0.00%    passed     49.47%
  24  n265_266    0.00%    passed     20.36%
  25  n280_281    0.00%    passed     50.97%
  26  n293_294    0.00%    passed     34.32%
****  TOTAL       0.00%  0 sequences failed composition chi2 test (p-value<5%; df=3)

Create initial parsimony tree by phylogenetic likelihood library (PLL)... 0.002 seconds

NOTE: 1 MB RAM is required!
Estimate model parameters (epsilon = 0.100)
1. Initial log-likelihood: -5175.609
2. Current log-likelihood: -5095.543
3. Current log-likelihood: -5082.063
4. Current log-likelihood: -5079.093
5. Current log-likelihood: -5078.412
6. Current log-likelihood: -5078.276
Optimal log-likelihood: -5078.209
Rate parameters:  A-C: 1.163  A-G: 0.969  A-T: 0.843  C-G: 0.910  C-T: 1.275  G-T: 1.000
Base frequencies:   A: 0.216  C: 0.279  G: 0.249  T: 0.256
Gamma shape alpha: 4.529
Parameters optimization took 6 rounds (0.076 sec)
--------------------------------------------------------------------
|             INITIALIZING CANDIDATE TREE SET                      |
--------------------------------------------------------------------
Computing ML distances based on estimated model parameters... 0.004 sec
Computing BIONJ tree...
0.000 seconds
Log-likelihood of BIONJ tree: -5084.303
Generating 98 parsimony trees... 0.140 seconds 4 distinct starting trees
Computing log-likelihood of 4 initial trees ... 0.006 seconds
Optimizing top 4 initial trees with NNI...
Iteration 1 / LogL: -5077.232 / Time: 0h:0m:0s
Estimate model parameters (epsilon = 0.100)
BETTER TREE FOUND at iteration 1: -5076.436
Iteration 2 / LogL: -5077.335 / Time: 0h:0m:0s
Iteration 3 / LogL: -5077.335 / Time: 0h:0m:0s
Iteration 4 / LogL: -5076.426 / Time: 0h:0m:0s
Average CPU time for 1 NNI search: 0.017
Finish initializing candidate tree set. Number of distinct locally optimal trees: 3
Current best tree score: -5076.426 / CPU time: 0.212
--------------------------------------------------------------------
|               OPTIMIZING CANDIDATE TREE SET                      |
--------------------------------------------------------------------
Iteration 10 / LogL: -5081.034 / Time: 0h:0m:0s
Iteration 20 / LogL: -5076.702 / Time: 0h:0m:0s (0h:0m:3s left)
Iteration 30 / LogL: -5076.777 / Time: 0h:0m:1s (0h:0m:2s left)
Iteration 40 / LogL: -5084.730 / Time: 0h:0m:1s (0h:0m:2s left)
Iteration 50 / LogL: -5076.596 / Time: 0h:0m:1s (0h:0m:1s left)
Iteration 60 / LogL: -5082.043 / Time: 0h:0m:2s (0h:0m:1s left)
Iteration 70 / LogL: -5079.649 / Time: 0h:0m:2s (0h:0m:1s left)
Iteration 80 / LogL: -5082.243 / Time: 0h:0m:2s (0h:0m:0s left)
Iteration 90 / LogL: -5077.246 / Time: 0h:0m:3s (0h:0m:0s left)
Iteration 100 / LogL: -5077.446 / Time: 0h:0m:3s (0h:0m:0s left)
TREE SEARCH COMPLETED AFTER 101 ITERATIONS / Time: 0h:0m:3s

--------------------------------------------------------------------
|                    FINALIZING TREE SEARCH                        |
--------------------------------------------------------------------
Performs final model parameters optimization
Estimate model parameters (epsilon = 0.010)
1. Initial log-likelihood: -5076.426
Optimal log-likelihood: -5076.424
Rate parameters:  A-C: 1.173  A-G: 0.984  A-T: 0.836  C-G: 0.913  C-T: 1.280  G-T: 1.000
Base frequencies:   A: 0.216  C: 0.279  G: 0.249  T: 0.256
Gamma shape alpha: 4.607
Parameters optimization took 1 rounds (0.007 sec)
BEST SCORE FOUND : -5076.424

Testing tree branches by SH-like aLRT with 1000 replicates...
CPU Time used:  0.120 sec.
Total tree length: 8.439

Total number of iterations: 101
CPU time used for tree search: 3.364 sec (0h:0m:3s)
Wall-clock time used for tree search: 3.370 sec (0h:0m:3s)
Total CPU time used: 3.600 sec (0h:0m:3s)
Total wall-clock time used: 3.603 sec (0h:0m:3s)

Analysis results written to: 
  IQ-TREE report:                ../simulations/data_D10T10L20I10T10//S/899_pruned.fasta.iqtree
  Maximum-likelihood tree:       ../simulations/data_D10T10L20I10T10//S/899_pruned.fasta.treefile
  Likelihood distances:          ../simulations/data_D10T10L20I10T10//S/899_pruned.fasta.mldist
  Screen log file:               ../simulations/data_D10T10L20I10T10//S/899_pruned.fasta.log

Date and Time: Mon Jun  4 00:50:54 2018
