IQ-TREE version 1.4.2 for Linux 64-bit built Apr 15 2016
Copyright (c) 2011-2015 Nguyen Lam Tung, Olga Chernomor, Arndt von Haeseler and Bui Quang Minh.

Host:    meduse (AVX2, FMA3, 7 GB RAM)
Command: iqtree -s ../simulations/data_D10T10L20I10T10//S/8_pruned.fasta -m GTR+G -alrt 1000 -redo
Seed:    274294 (Using SPRNG - Scalable Parallel Random Number Generator)
Time:    Mon Jun  4 00:46:20 2018
Kernel:  AVX

NOTE: Consider using the multicore version because your CPU has 4 cores!

Reading alignment file ../simulations/data_D10T10L20I10T10//S/8_pruned.fasta ... Fasta format detected
Alignment most likely contains DNA/RNA sequences
Alignment has 26 sequences with 300 columns and 300 patterns (288 informative sites)
          Gap/Ambiguity  Composition  p-value
   1  n295_298    0.00%    passed     65.18%
   2  n290_293    0.00%    passed     44.19%
   3  n266_269    0.00%    passed     63.50%
   4  n255_258    0.00%    passed     53.33%
   5  n277_280    0.00%    passed     78.64%
   6  n299_302    0.00%    passed     39.25%
   7  n200_201    0.00%    passed     82.45%
   8  n274_277    0.00%    passed     51.56%
   9  n286_289    0.00%    passed     74.17%
  10  n292_295    0.00%    passed     35.87%
  11  n275_278    0.00%    passed     91.15%
  12  n278_281    0.00%    passed     98.77%
  13  n289_292    0.00%    passed     34.25%
  14  n285_288    0.00%    passed     77.87%
  15  n236_239    0.00%    passed     39.69%
  16  n251_254    0.00%    passed     90.47%
  17  n294_297    0.00%    passed     98.46%
  18  n287_290    0.00%    passed     44.06%
  19  n297_300    0.00%    passed     73.33%
  20  n293_296    0.00%    passed     84.06%
  21  n280_283    0.00%    passed     64.24%
  22  n265_268    0.00%    passed     28.16%
  23  n298_301    0.00%    passed     69.17%
  24  n300_303    0.00%    passed     36.31%
  25  n296_299    0.00%    passed     66.69%
  26  n244_247    0.00%    passed     63.44%
****  TOTAL       0.00%  0 sequences failed composition chi2 test (p-value<5%; df=3)

Create initial parsimony tree by phylogenetic likelihood library (PLL)... 0.002 seconds

NOTE: 1 MB RAM is required!
Estimate model parameters (epsilon = 0.100)
1. Initial log-likelihood: -5300.734
2. Current log-likelihood: -5195.521
3. Current log-likelihood: -5180.771
4. Current log-likelihood: -5178.708
5. Current log-likelihood: -5178.413
Optimal log-likelihood: -5178.365
Rate parameters:  A-C: 1.541  A-G: 1.229  A-T: 1.213  C-G: 0.859  C-T: 1.201  G-T: 1.000
Base frequencies:   A: 0.209  C: 0.285  G: 0.258  T: 0.247
Gamma shape alpha: 5.085
Parameters optimization took 5 rounds (0.072 sec)
--------------------------------------------------------------------
|             INITIALIZING CANDIDATE TREE SET                      |
--------------------------------------------------------------------
Computing ML distances based on estimated model parameters... 0.000 sec
Computing BIONJ tree...
0.000 seconds
Log-likelihood of BIONJ tree: -5186.178
Generating 98 parsimony trees... 0.147 seconds 9 distinct starting trees
Computing log-likelihood of 9 initial trees ... 0.021 seconds
Optimizing top 9 initial trees with NNI...
Iteration 1 / LogL: -5178.029 / Time: 0h:0m:0s
Estimate model parameters (epsilon = 0.100)
BETTER SCORE FOUND at iteration 1: -5177.775
Iteration 2 / LogL: -5177.827 / Time: 0h:0m:0s
Iteration 3 / LogL: -5177.780 / Time: 0h:0m:0s
Iteration 4 / LogL: -5177.562 / Time: 0h:0m:0s
Estimate model parameters (epsilon = 0.100)
BETTER TREE FOUND at iteration 4: -5177.315
Iteration 5 / LogL: -5177.538 / Time: 0h:0m:0s
Iteration 6 / LogL: -5177.855 / Time: 0h:0m:0s
Iteration 7 / LogL: -5177.615 / Time: 0h:0m:0s
Iteration 8 / LogL: -5177.614 / Time: 0h:0m:0s
Iteration 9 / LogL: -5177.798 / Time: 0h:0m:0s
Average CPU time for 1 NNI search: 0.014
Finish initializing candidate tree set. Number of distinct locally optimal trees: 2
Current best tree score: -5177.315 / CPU time: 0.296
--------------------------------------------------------------------
|               OPTIMIZING CANDIDATE TREE SET                      |
--------------------------------------------------------------------
Iteration 10 / LogL: -5178.022 / Time: 0h:0m:0s
Iteration 20 / LogL: -5177.484 / Time: 0h:0m:0s (0h:0m:3s left)
Iteration 30 / LogL: -5177.601 / Time: 0h:0m:1s (0h:0m:2s left)
Iteration 40 / LogL: -5198.572 / Time: 0h:0m:1s (0h:0m:2s left)
Iteration 50 / LogL: -5178.081 / Time: 0h:0m:1s (0h:0m:1s left)
Iteration 60 / LogL: -5178.413 / Time: 0h:0m:1s (0h:0m:1s left)
Iteration 70 / LogL: -5178.050 / Time: 0h:0m:2s (0h:0m:1s left)
Iteration 80 / LogL: -5182.671 / Time: 0h:0m:2s (0h:0m:0s left)
Iteration 90 / LogL: -5177.335 / Time: 0h:0m:2s (0h:0m:0s left)
Iteration 100 / LogL: -5177.771 / Time: 0h:0m:3s (0h:0m:0s left)
TREE SEARCH COMPLETED AFTER 101 ITERATIONS / Time: 0h:0m:3s

--------------------------------------------------------------------
|                    FINALIZING TREE SEARCH                        |
--------------------------------------------------------------------
Performs final model parameters optimization
Estimate model parameters (epsilon = 0.010)
1. Initial log-likelihood: -5177.315
Optimal log-likelihood: -5177.310
Rate parameters:  A-C: 1.540  A-G: 1.243  A-T: 1.225  C-G: 0.855  C-T: 1.195  G-T: 1.000
Base frequencies:   A: 0.209  C: 0.285  G: 0.258  T: 0.247
Gamma shape alpha: 5.059
Parameters optimization took 1 rounds (0.008 sec)
BEST SCORE FOUND : -5177.310

Testing tree branches by SH-like aLRT with 1000 replicates...
CPU Time used:  0.120 sec.
Total tree length: 8.222

Total number of iterations: 101
CPU time used for tree search: 3.236 sec (0h:0m:3s)
Wall-clock time used for tree search: 3.236 sec (0h:0m:3s)
Total CPU time used: 3.460 sec (0h:0m:3s)
Total wall-clock time used: 3.461 sec (0h:0m:3s)

Analysis results written to: 
  IQ-TREE report:                ../simulations/data_D10T10L20I10T10//S/8_pruned.fasta.iqtree
  Maximum-likelihood tree:       ../simulations/data_D10T10L20I10T10//S/8_pruned.fasta.treefile
  Likelihood distances:          ../simulations/data_D10T10L20I10T10//S/8_pruned.fasta.mldist
  Screen log file:               ../simulations/data_D10T10L20I10T10//S/8_pruned.fasta.log

Date and Time: Mon Jun  4 00:46:23 2018
