IQ-TREE version 1.4.2 for Linux 64-bit built Apr 15 2016
Copyright (c) 2011-2015 Nguyen Lam Tung, Olga Chernomor, Arndt von Haeseler and Bui Quang Minh.

Host:    meduse (AVX2, FMA3, 7 GB RAM)
Command: iqtree -s ../simulations/data_D10T10L20I10T10//S/905_pruned.fasta -m GTR+G -alrt 1000 -redo
Seed:    966217 (Using SPRNG - Scalable Parallel Random Number Generator)
Time:    Fri Jun  1 10:34:42 2018
Kernel:  AVX

NOTE: Consider using the multicore version because your CPU has 4 cores!

Reading alignment file ../simulations/data_D10T10L20I10T10//S/905_pruned.fasta ... Fasta format detected
Alignment most likely contains DNA/RNA sequences
Alignment has 26 sequences with 300 columns and 172 patterns (149 informative sites)
          Gap/Ambiguity  Composition  p-value
   1  n292_293    0.00%    passed     96.47%
   2  n287_288    0.00%    passed     95.59%
   3  n290_291    0.00%    passed     95.59%
   4  n294_295    0.00%    passed     92.67%
   5  n251_252    0.00%    passed     28.82%
   6  n286_287    0.00%    passed     69.66%
   7  n300_301    0.00%    passed     96.47%
   8  n275_276    0.00%    passed     97.20%
   9  n274_275    0.00%    passed     98.89%
  10  n289_290    0.00%    passed     98.02%
  11  n255_256    0.00%    passed     71.34%
  12  n236_237    0.00%    passed     76.84%
  13  n299_300    0.00%    passed     97.77%
  14  n278_279    0.00%    passed     95.92%
  15  n297_298    0.00%    passed     96.26%
  16  n298_299    0.00%    passed     96.26%
  17  n244_245    0.00%    passed     52.51%
  18  n293_294    0.00%    passed     90.73%
  19  n296_297    0.00%    passed     89.60%
  20  n295_296    0.00%    passed     86.01%
  21  n266_267    0.00%    passed     48.60%
  22  n200_201    0.00%    passed     88.30%
  23  n285_286    0.00%    passed     67.52%
  24  n277_278    0.00%    passed     99.81%
  25  n280_281    0.00%    passed     99.91%
  26  n265_266    0.00%    passed     36.24%
****  TOTAL       0.00%  0 sequences failed composition chi2 test (p-value<5%; df=3)
NOTE: 2 identical sequences (see below) will be ignored for subsequent analysis
NOTE: n300_301 (identical to n292_293) is ignored but added at the end
NOTE: n298_299 (identical to n297_298) is ignored but added at the end

Create initial parsimony tree by phylogenetic likelihood library (PLL)... 0.001 seconds

NOTE: 0 MB RAM is required!
Estimate model parameters (epsilon = 0.100)
1. Initial log-likelihood: -2035.759
2. Current log-likelihood: -1975.464
3. Current log-likelihood: -1975.038
Optimal log-likelihood: -1975.036
Rate parameters:  A-C: 1.281  A-G: 0.980  A-T: 1.043  C-G: 1.271  C-T: 1.351  G-T: 1.000
Base frequencies:   A: 0.244  C: 0.278  G: 0.273  T: 0.205
Gamma shape alpha: 998.371
Parameters optimization took 3 rounds (0.018 sec)
--------------------------------------------------------------------
|             INITIALIZING CANDIDATE TREE SET                      |
--------------------------------------------------------------------
Computing ML distances based on estimated model parameters... 0.004 sec
Computing BIONJ tree...
0.000 seconds
Log-likelihood of BIONJ tree: -1975.036
Generating 98 parsimony trees... 0.070 seconds 9 distinct starting trees
Computing log-likelihood of 9 initial trees ... 0.011 seconds
Optimizing top 9 initial trees with NNI...
Iteration 1 / LogL: -1975.036 / Time: 0h:0m:0s
Estimate model parameters (epsilon = 0.100)
BETTER SCORE FOUND at iteration 1: -1975.030
Iteration 2 / LogL: -1975.032 / Time: 0h:0m:0s
Iteration 3 / LogL: -1975.033 / Time: 0h:0m:0s
Iteration 4 / LogL: -1975.033 / Time: 0h:0m:0s
Iteration 5 / LogL: -1975.033 / Time: 0h:0m:0s
Iteration 6 / LogL: -1975.033 / Time: 0h:0m:0s
Iteration 7 / LogL: -1975.033 / Time: 0h:0m:0s
Iteration 8 / LogL: -1975.033 / Time: 0h:0m:0s
Iteration 9 / LogL: -1975.033 / Time: 0h:0m:0s
Average CPU time for 1 NNI search: 0.004
Finish initializing candidate tree set. Number of distinct locally optimal trees: 9
Current best tree score: -1975.030 / CPU time: 0.116
--------------------------------------------------------------------
|               OPTIMIZING CANDIDATE TREE SET                      |
--------------------------------------------------------------------
Iteration 10 / LogL: -1975.037 / Time: 0h:0m:0s
Iteration 20 / LogL: -1978.706 / Time: 0h:0m:0s (0h:0m:1s left)
Iteration 30 / LogL: -1975.030 / Time: 0h:0m:0s (0h:0m:0s left)
Iteration 40 / LogL: -1975.031 / Time: 0h:0m:0s (0h:0m:0s left)
Iteration 50 / LogL: -1975.030 / Time: 0h:0m:0s (0h:0m:0s left)
Iteration 60 / LogL: -1975.082 / Time: 0h:0m:0s (0h:0m:0s left)
Iteration 70 / LogL: -1975.115 / Time: 0h:0m:0s (0h:0m:0s left)
Iteration 80 / LogL: -1975.037 / Time: 0h:0m:1s (0h:0m:0s left)
Iteration 90 / LogL: -1979.829 / Time: 0h:0m:1s (0h:0m:0s left)
Iteration 100 / LogL: -1975.034 / Time: 0h:0m:1s (0h:0m:0s left)
TREE SEARCH COMPLETED AFTER 101 ITERATIONS / Time: 0h:0m:1s

--------------------------------------------------------------------
|                    FINALIZING TREE SEARCH                        |
--------------------------------------------------------------------
Performs final model parameters optimization
Estimate model parameters (epsilon = 0.010)
1. Initial log-likelihood: -1975.030
Optimal log-likelihood: -1975.029
Rate parameters:  A-C: 1.288  A-G: 0.989  A-T: 1.048  C-G: 1.290  C-T: 1.353  G-T: 1.000
Base frequencies:   A: 0.244  C: 0.278  G: 0.273  T: 0.205
Gamma shape alpha: 998.371
Parameters optimization took 1 rounds (0.004 sec)
BEST SCORE FOUND : -1975.029

Testing tree branches by SH-like aLRT with 1000 replicates...
CPU Time used:  0.092 sec.
Total tree length: 1.124

Total number of iterations: 101
CPU time used for tree search: 1.220 sec (0h:0m:1s)
Wall-clock time used for tree search: 1.223 sec (0h:0m:1s)
Total CPU time used: 1.344 sec (0h:0m:1s)
Total wall-clock time used: 1.350 sec (0h:0m:1s)

Analysis results written to: 
  IQ-TREE report:                ../simulations/data_D10T10L20I10T10//S/905_pruned.fasta.iqtree
  Maximum-likelihood tree:       ../simulations/data_D10T10L20I10T10//S/905_pruned.fasta.treefile
  Likelihood distances:          ../simulations/data_D10T10L20I10T10//S/905_pruned.fasta.mldist
  Screen log file:               ../simulations/data_D10T10L20I10T10//S/905_pruned.fasta.log

Date and Time: Fri Jun  1 10:34:44 2018
