IQ-TREE version 1.4.2 for Linux 64-bit built Apr 15 2016
Copyright (c) 2011-2015 Nguyen Lam Tung, Olga Chernomor, Arndt von Haeseler and Bui Quang Minh.

Host:    meduse (AVX2, FMA3, 7 GB RAM)
Command: iqtree -s ../simulations/data_D10T10L20I10T10//S/910_pruned.fasta -m GTR+G -alrt 1000 -redo
Seed:    625583 (Using SPRNG - Scalable Parallel Random Number Generator)
Time:    Mon Jun  4 01:15:51 2018
Kernel:  AVX

NOTE: Consider using the multicore version because your CPU has 4 cores!

Reading alignment file ../simulations/data_D10T10L20I10T10//S/910_pruned.fasta ... Fasta format detected
Alignment most likely contains DNA/RNA sequences
Alignment has 26 sequences with 300 columns and 299 patterns (292 informative sites)
          Gap/Ambiguity  Composition  p-value
   1  n299_300    0.00%    passed     57.16%
   2  n300_301    0.00%    passed     56.50%
   3  n290_291    0.00%    passed     79.09%
   4  n244_245    0.00%    passed     55.20%
   5  n255_256    0.00%    passed     81.31%
   6  n277_278    0.00%    passed     75.09%
   7  n200_201    0.00%    passed     74.26%
   8  n236_237    0.00%    passed     74.17%
   9  n274_275    0.00%    passed     64.70%
  10  n289_290    0.00%    passed     85.09%
  11  n296_297    0.00%    passed     77.80%
  12  n275_276    0.00%    passed     68.47%
  13  n292_293    0.00%    passed     71.39%
  14  n278_279    0.00%    passed     98.43%
  15  n298_299    0.00%    passed     99.99%
  16  n297_298    0.00%    passed     96.04%
  17  n286_287    0.00%    passed     96.01%
  18  n285_286    0.00%    passed     74.03%
  19  n287_288    0.00%    passed     93.38%
  20  n251_252    0.00%    passed     49.58%
  21  n294_295    0.00%    passed     30.52%
  22  n295_296    0.00%    passed     53.35%
  23  n266_267    0.00%    passed     88.74%
  24  n265_266    0.00%    passed     56.75%
  25  n280_281    0.00%    passed     69.27%
  26  n293_294    0.00%    passed     42.63%
****  TOTAL       0.00%  0 sequences failed composition chi2 test (p-value<5%; df=3)

Create initial parsimony tree by phylogenetic likelihood library (PLL)... 0.002 seconds

NOTE: 1 MB RAM is required!
Estimate model parameters (epsilon = 0.100)
1. Initial log-likelihood: -5345.064
2. Current log-likelihood: -5243.411
3. Current log-likelihood: -5228.804
4. Current log-likelihood: -5226.130
5. Current log-likelihood: -5225.580
6. Current log-likelihood: -5225.476
Optimal log-likelihood: -5225.389
Rate parameters:  A-C: 0.941  A-G: 1.448  A-T: 0.963  C-G: 1.069  C-T: 1.594  G-T: 1.000
Base frequencies:   A: 0.235  C: 0.266  G: 0.267  T: 0.232
Gamma shape alpha: 3.596
Parameters optimization took 6 rounds (0.079 sec)
--------------------------------------------------------------------
|             INITIALIZING CANDIDATE TREE SET                      |
--------------------------------------------------------------------
Computing ML distances based on estimated model parameters... 0.004 sec
WARNING: Some pairwise ML distances are too long (saturated)
Computing BIONJ tree...
0.000 seconds
Log-likelihood of BIONJ tree: -5225.835
Generating 98 parsimony trees... 0.165 seconds 2 distinct starting trees
Computing log-likelihood of 2 initial trees ... 0.000 seconds
Optimizing top 2 initial trees with NNI...
Iteration 1 / LogL: -5223.300 / Time: 0h:0m:0s
Estimate model parameters (epsilon = 0.100)
BETTER TREE FOUND at iteration 1: -5223.107
Iteration 2 / LogL: -5223.311 / Time: 0h:0m:0s
Average CPU time for 1 NNI search: 0.020
Finish initializing candidate tree set. Number of distinct locally optimal trees: 1
Current best tree score: -5223.107 / CPU time: 0.204
--------------------------------------------------------------------
|               OPTIMIZING CANDIDATE TREE SET                      |
--------------------------------------------------------------------
Iteration 10 / LogL: -5225.178 / Time: 0h:0m:0s
Estimate model parameters (epsilon = 0.010)
BETTER TREE FOUND at iteration 18: -5222.009
Iteration 20 / LogL: -5223.056 / Time: 0h:0m:0s (0h:0m:5s left)
Iteration 30 / LogL: -5223.277 / Time: 0h:0m:1s (0h:0m:4s left)
Iteration 40 / LogL: -5508.085 / Time: 0h:0m:1s (0h:0m:3s left)
Iteration 50 / LogL: -5223.051 / Time: 0h:0m:1s (0h:0m:2s left)
Iteration 60 / LogL: -5224.179 / Time: 0h:0m:2s (0h:0m:2s left)
Iteration 70 / LogL: -5223.510 / Time: 0h:0m:2s (0h:0m:1s left)
Iteration 80 / LogL: -5223.927 / Time: 0h:0m:2s (0h:0m:1s left)
Estimate model parameters (epsilon = 0.010)
UPDATE BEST LOG-LIKELIHOOD: -5221.616
Iteration 90 / LogL: -5221.833 / Time: 0h:0m:3s (0h:0m:1s left)
Iteration 100 / LogL: -5222.857 / Time: 0h:0m:3s (0h:0m:0s left)
Iteration 110 / LogL: -5222.688 / Time: 0h:0m:4s (0h:0m:0s left)
TREE SEARCH COMPLETED AFTER 118 ITERATIONS / Time: 0h:0m:4s

--------------------------------------------------------------------
|                    FINALIZING TREE SEARCH                        |
--------------------------------------------------------------------
Performs final model parameters optimization
Estimate model parameters (epsilon = 0.010)
1. Initial log-likelihood: -5221.616
Optimal log-likelihood: -5221.606
Rate parameters:  A-C: 1.014  A-G: 1.445  A-T: 0.988  C-G: 1.086  C-T: 1.548  G-T: 1.000
Base frequencies:   A: 0.235  C: 0.266  G: 0.267  T: 0.232
Gamma shape alpha: 3.496
Parameters optimization took 1 rounds (0.007 sec)
BEST SCORE FOUND : -5221.606

Testing tree branches by SH-like aLRT with 1000 replicates...
CPU Time used:  0.124 sec.
Total tree length: 10.607

Total number of iterations: 118
CPU time used for tree search: 4.144 sec (0h:0m:4s)
Wall-clock time used for tree search: 4.145 sec (0h:0m:4s)
Total CPU time used: 4.400 sec (0h:0m:4s)
Total wall-clock time used: 4.402 sec (0h:0m:4s)

Analysis results written to: 
  IQ-TREE report:                ../simulations/data_D10T10L20I10T10//S/910_pruned.fasta.iqtree
  Maximum-likelihood tree:       ../simulations/data_D10T10L20I10T10//S/910_pruned.fasta.treefile
  Likelihood distances:          ../simulations/data_D10T10L20I10T10//S/910_pruned.fasta.mldist
  Screen log file:               ../simulations/data_D10T10L20I10T10//S/910_pruned.fasta.log

Date and Time: Mon Jun  4 01:15:56 2018
