IQ-TREE version 1.4.2 for Linux 64-bit built Apr 15 2016
Copyright (c) 2011-2015 Nguyen Lam Tung, Olga Chernomor, Arndt von Haeseler and Bui Quang Minh.

Host:    meduse (AVX2, FMA3, 7 GB RAM)
Command: iqtree -s ../simulations/data_D10T10L20I10T10//S/915_pruned.fasta -m GTR+G -alrt 1000 -redo
Seed:    796674 (Using SPRNG - Scalable Parallel Random Number Generator)
Time:    Mon Jun  4 00:54:27 2018
Kernel:  AVX

NOTE: Consider using the multicore version because your CPU has 4 cores!

Reading alignment file ../simulations/data_D10T10L20I10T10//S/915_pruned.fasta ... Fasta format detected
Alignment most likely contains DNA/RNA sequences
Alignment has 25 sequences with 300 columns and 297 patterns (295 informative sites)
          Gap/Ambiguity  Composition  p-value
   1  n274_273    0.00%    passed     45.76%
   2  n280_279    0.00%    passed     64.44%
   3  n293_292    0.00%    passed     83.26%
   4  n289_288    0.00%    passed     84.26%
   5  n277_276    0.00%    passed      7.35%
   6  n265_264    0.00%    passed     25.62%
   7  n200_201    0.00%    passed     55.85%
   8  n299_298    0.00%    passed     77.39%
   9  n292_291    0.00%    passed     55.85%
  10  n287_286    0.00%    passed     83.55%
  11  n275_274    0.00%    passed     75.23%
  12  n266_265    0.00%    passed     34.03%
  13  n236_235    0.00%    passed     52.09%
  14  n290_289    0.00%    passed     85.07%
  15  n251_250    0.00%    passed      5.87%
  16  n278_277    0.00%    passed      9.76%
  17  n285_284    0.00%    passed     94.72%
  18  n286_285    0.00%    passed     91.03%
  19  n255_254    0.00%    passed     50.01%
  20  n294_293    0.00%    passed     49.68%
  21  n295_294    0.00%    passed     48.75%
  22  n296_295    0.00%    passed     74.27%
  23  n298_297    0.00%    passed     79.73%
  24  n297_296    0.00%    passed     74.61%
  25  n300_299    0.00%    passed     83.19%
****  TOTAL       0.00%  0 sequences failed composition chi2 test (p-value<5%; df=3)

Create initial parsimony tree by phylogenetic likelihood library (PLL)... 0.002 seconds

NOTE: 1 MB RAM is required!
Estimate model parameters (epsilon = 0.100)
1. Initial log-likelihood: -4919.391
2. Current log-likelihood: -4821.702
3. Current log-likelihood: -4808.728
4. Current log-likelihood: -4806.482
5. Current log-likelihood: -4805.782
6. Current log-likelihood: -4805.358
7. Current log-likelihood: -4805.095
8. Current log-likelihood: -4804.961
9. Current log-likelihood: -4804.842
10. Current log-likelihood: -4804.737
Optimal log-likelihood: -4804.678
Rate parameters:  A-C: 1.601  A-G: 1.316  A-T: 1.550  C-G: 0.994  C-T: 1.745  G-T: 1.000
Base frequencies:   A: 0.219  C: 0.280  G: 0.270  T: 0.231
Gamma shape alpha: 4.225
Parameters optimization took 10 rounds (0.102 sec)
--------------------------------------------------------------------
|             INITIALIZING CANDIDATE TREE SET                      |
--------------------------------------------------------------------
Computing ML distances based on estimated model parameters... 0.004 sec
WARNING: Some pairwise ML distances are too long (saturated)
Computing BIONJ tree...
0.001 seconds
Log-likelihood of BIONJ tree: -4814.861
Generating 98 parsimony trees... 0.129 seconds 3 distinct starting trees
Computing log-likelihood of 3 initial trees ... 0.003 seconds
Optimizing top 3 initial trees with NNI...
Iteration 1 / LogL: -4804.678 / Time: 0h:0m:0s
Estimate model parameters (epsilon = 0.100)
BETTER SCORE FOUND at iteration 1: -4804.658
Iteration 2 / LogL: -4806.095 / Time: 0h:0m:0s
Iteration 3 / LogL: -4805.269 / Time: 0h:0m:0s
Average CPU time for 1 NNI search: 0.016
Finish initializing candidate tree set. Number of distinct locally optimal trees: 2
Current best tree score: -4804.658 / CPU time: 0.180
--------------------------------------------------------------------
|               OPTIMIZING CANDIDATE TREE SET                      |
--------------------------------------------------------------------
Iteration 10 / LogL: -4852.110 / Time: 0h:0m:0s
Iteration 20 / LogL: -4804.913 / Time: 0h:0m:0s (0h:0m:3s left)
Iteration 30 / LogL: -4805.013 / Time: 0h:0m:1s (0h:0m:2s left)
Iteration 40 / LogL: -4804.731 / Time: 0h:0m:1s (0h:0m:2s left)
Iteration 50 / LogL: -4806.679 / Time: 0h:0m:1s (0h:0m:2s left)
Iteration 60 / LogL: -4808.856 / Time: 0h:0m:2s (0h:0m:1s left)
Iteration 70 / LogL: -4804.769 / Time: 0h:0m:2s (0h:0m:1s left)
Iteration 80 / LogL: -4805.281 / Time: 0h:0m:2s (0h:0m:0s left)
Iteration 90 / LogL: -4805.544 / Time: 0h:0m:3s (0h:0m:0s left)
Iteration 100 / LogL: -4804.704 / Time: 0h:0m:3s (0h:0m:0s left)
TREE SEARCH COMPLETED AFTER 101 ITERATIONS / Time: 0h:0m:3s

--------------------------------------------------------------------
|                    FINALIZING TREE SEARCH                        |
--------------------------------------------------------------------
Performs final model parameters optimization
Estimate model parameters (epsilon = 0.010)
1. Initial log-likelihood: -4804.657
2. Current log-likelihood: -4804.609
3. Current log-likelihood: -4804.584
Optimal log-likelihood: -4804.576
Rate parameters:  A-C: 1.582  A-G: 1.303  A-T: 1.537  C-G: 1.023  C-T: 1.716  G-T: 1.000
Base frequencies:   A: 0.219  C: 0.280  G: 0.270  T: 0.231
Gamma shape alpha: 4.536
Parameters optimization took 3 rounds (0.023 sec)
BEST SCORE FOUND : -4804.576

Testing tree branches by SH-like aLRT with 1000 replicates...
CPU Time used:  0.120 sec.
Total tree length: 8.466

Total number of iterations: 101
CPU time used for tree search: 3.520 sec (0h:0m:3s)
Wall-clock time used for tree search: 3.520 sec (0h:0m:3s)
Total CPU time used: 3.804 sec (0h:0m:3s)
Total wall-clock time used: 3.810 sec (0h:0m:3s)

Analysis results written to: 
  IQ-TREE report:                ../simulations/data_D10T10L20I10T10//S/915_pruned.fasta.iqtree
  Maximum-likelihood tree:       ../simulations/data_D10T10L20I10T10//S/915_pruned.fasta.treefile
  Likelihood distances:          ../simulations/data_D10T10L20I10T10//S/915_pruned.fasta.mldist
  Screen log file:               ../simulations/data_D10T10L20I10T10//S/915_pruned.fasta.log

Date and Time: Mon Jun  4 00:54:31 2018
