IQ-TREE version 1.4.2 for Linux 64-bit built Apr 15 2016
Copyright (c) 2011-2015 Nguyen Lam Tung, Olga Chernomor, Arndt von Haeseler and Bui Quang Minh.

Host:    meduse (AVX2, FMA3, 7 GB RAM)
Command: iqtree -s ../simulations/data_D10T10L20I10T10//S/919_pruned.fasta -m GTR+G -alrt 1000 -redo
Seed:    21569 (Using SPRNG - Scalable Parallel Random Number Generator)
Time:    Fri Jun  1 10:31:54 2018
Kernel:  AVX

NOTE: Consider using the multicore version because your CPU has 4 cores!

Reading alignment file ../simulations/data_D10T10L20I10T10//S/919_pruned.fasta ... Fasta format detected
Alignment most likely contains DNA/RNA sequences
Alignment has 26 sequences with 300 columns and 164 patterns (149 informative sites)
          Gap/Ambiguity  Composition  p-value
   1  n292_293    0.00%    passed     88.60%
   2  n287_288    0.00%    passed     99.58%
   3  n290_291    0.00%    passed     99.37%
   4  n294_295    0.00%    passed     95.22%
   5  n251_252    0.00%    passed     17.69%
   6  n286_287    0.00%    passed     43.52%
   7  n300_301    0.00%    passed     89.92%
   8  n275_276    0.00%    passed     95.22%
   9  n274_275    0.00%    passed     89.55%
  10  n289_290    0.00%    passed     98.43%
  11  n255_256    0.00%    passed     31.74%
  12  n236_237    0.00%    passed    100.00%
  13  n299_300    0.00%    passed     89.10%
  14  n278_279    0.00%    passed     92.67%
  15  n297_298    0.00%    passed     98.05%
  16  n298_299    0.00%    passed     98.05%
  17  n244_245    0.00%    passed     71.83%
  18  n293_294    0.00%    passed     95.22%
  19  n296_297    0.00%    passed     96.00%
  20  n295_296    0.00%    passed     98.43%
  21  n266_267    0.00%    passed     53.57%
  22  n200_201    0.00%    passed     94.93%
  23  n285_286    0.00%    passed     36.75%
  24  n277_278    0.00%    passed     98.11%
  25  n280_281    0.00%    passed     78.32%
  26  n265_266    0.00%    passed     72.63%
****  TOTAL       0.00%  0 sequences failed composition chi2 test (p-value<5%; df=3)
NOTE: 2 identical sequences (see below) will be ignored for subsequent analysis
NOTE: n293_294 (identical to n294_295) is ignored but added at the end
NOTE: n298_299 (identical to n297_298) is ignored but added at the end

Create initial parsimony tree by phylogenetic likelihood library (PLL)... 0.001 seconds

NOTE: 0 MB RAM is required!
Estimate model parameters (epsilon = 0.100)
1. Initial log-likelihood: -1972.193
2. Current log-likelihood: -1914.747
3. Current log-likelihood: -1914.287
Optimal log-likelihood: -1914.267
Rate parameters:  A-C: 0.706  A-G: 1.325  A-T: 0.658  C-G: 1.048  C-T: 1.063  G-T: 1.000
Base frequencies:   A: 0.247  C: 0.272  G: 0.213  T: 0.268
Gamma shape alpha: 998.602
Parameters optimization took 3 rounds (0.018 sec)
--------------------------------------------------------------------
|             INITIALIZING CANDIDATE TREE SET                      |
--------------------------------------------------------------------
Computing ML distances based on estimated model parameters... 0.000 sec
Computing BIONJ tree...
0.000 seconds
Log-likelihood of BIONJ tree: -1914.267
Generating 98 parsimony trees... 0.082 seconds 60 distinct starting trees
Computing log-likelihood of 60 initial trees ... 0.089 seconds
Optimizing top 20 initial trees with NNI...
Iteration 1 / LogL: -1914.268 / Time: 0h:0m:0s
Estimate model parameters (epsilon = 0.100)
BETTER SCORE FOUND at iteration 1: -1914.257
Iteration 2 / LogL: -1914.258 / Time: 0h:0m:0s
Iteration 3 / LogL: -1914.259 / Time: 0h:0m:0s
Iteration 4 / LogL: -1914.259 / Time: 0h:0m:0s
Iteration 5 / LogL: -1914.259 / Time: 0h:0m:0s
Iteration 6 / LogL: -1914.259 / Time: 0h:0m:0s
Iteration 7 / LogL: -1914.259 / Time: 0h:0m:0s
Iteration 8 / LogL: -1914.259 / Time: 0h:0m:0s
Iteration 9 / LogL: -1914.259 / Time: 0h:0m:0s
Iteration 10 / LogL: -1914.259 / Time: 0h:0m:0s
Iteration 11 / LogL: -1914.259 / Time: 0h:0m:0s
Iteration 12 / LogL: -1914.259 / Time: 0h:0m:0s
Iteration 13 / LogL: -1914.259 / Time: 0h:0m:0s
Iteration 14 / LogL: -1914.259 / Time: 0h:0m:0s
Iteration 15 / LogL: -1914.259 / Time: 0h:0m:0s
Iteration 16 / LogL: -1914.259 / Time: 0h:0m:0s
Iteration 17 / LogL: -1914.259 / Time: 0h:0m:0s
Iteration 18 / LogL: -1914.259 / Time: 0h:0m:0s
Iteration 19 / LogL: -1914.259 / Time: 0h:0m:0s
Iteration 20 / LogL: -1914.259 / Time: 0h:0m:0s
Average CPU time for 1 NNI search: 0.004
Finish initializing candidate tree set. Number of distinct locally optimal trees: 20
Current best tree score: -1914.257 / CPU time: 0.240
--------------------------------------------------------------------
|               OPTIMIZING CANDIDATE TREE SET                      |
--------------------------------------------------------------------
Iteration 30 / LogL: -1914.288 / Time: 0h:0m:0s (0h:0m:0s left)
Iteration 40 / LogL: -1914.257 / Time: 0h:0m:0s (0h:0m:0s left)
Iteration 50 / LogL: -1914.285 / Time: 0h:0m:0s (0h:0m:0s left)
Iteration 60 / LogL: -1916.686 / Time: 0h:0m:0s (0h:0m:0s left)
Iteration 70 / LogL: -1914.269 / Time: 0h:0m:0s (0h:0m:0s left)
Iteration 80 / LogL: -1914.261 / Time: 0h:0m:0s (0h:0m:0s left)
Iteration 90 / LogL: -1914.358 / Time: 0h:0m:1s (0h:0m:0s left)
Iteration 100 / LogL: -1914.335 / Time: 0h:0m:1s (0h:0m:0s left)
TREE SEARCH COMPLETED AFTER 101 ITERATIONS / Time: 0h:0m:1s

--------------------------------------------------------------------
|                    FINALIZING TREE SEARCH                        |
--------------------------------------------------------------------
Performs final model parameters optimization
Estimate model parameters (epsilon = 0.010)
1. Initial log-likelihood: -1914.257
Optimal log-likelihood: -1914.251
Rate parameters:  A-C: 0.712  A-G: 1.342  A-T: 0.667  C-G: 1.064  C-T: 1.078  G-T: 1.000
Base frequencies:   A: 0.247  C: 0.272  G: 0.213  T: 0.268
Gamma shape alpha: 998.602
Parameters optimization took 1 rounds (0.004 sec)
BEST SCORE FOUND : -1914.251

Testing tree branches by SH-like aLRT with 1000 replicates...
CPU Time used:  0.092 sec.
Total tree length: 1.062

Total number of iterations: 101
CPU time used for tree search: 1.112 sec (0h:0m:1s)
Wall-clock time used for tree search: 1.114 sec (0h:0m:1s)
Total CPU time used: 1.240 sec (0h:0m:1s)
Total wall-clock time used: 1.240 sec (0h:0m:1s)

Analysis results written to: 
  IQ-TREE report:                ../simulations/data_D10T10L20I10T10//S/919_pruned.fasta.iqtree
  Maximum-likelihood tree:       ../simulations/data_D10T10L20I10T10//S/919_pruned.fasta.treefile
  Likelihood distances:          ../simulations/data_D10T10L20I10T10//S/919_pruned.fasta.mldist
  Screen log file:               ../simulations/data_D10T10L20I10T10//S/919_pruned.fasta.log

Date and Time: Fri Jun  1 10:31:55 2018
