IQ-TREE version 1.4.2 for Linux 64-bit built Apr 15 2016
Copyright (c) 2011-2015 Nguyen Lam Tung, Olga Chernomor, Arndt von Haeseler and Bui Quang Minh.

Host:    meduse (AVX2, FMA3, 7 GB RAM)
Command: iqtree -s ../simulations/data_D10T10L20I10T10//S/929_pruned.fasta -m GTR+G -alrt 1000 -redo
Seed:    755557 (Using SPRNG - Scalable Parallel Random Number Generator)
Time:    Fri Jun  1 10:38:05 2018
Kernel:  AVX

NOTE: Consider using the multicore version because your CPU has 4 cores!

Reading alignment file ../simulations/data_D10T10L20I10T10//S/929_pruned.fasta ... Fasta format detected
Alignment most likely contains DNA/RNA sequences
Alignment has 26 sequences with 300 columns and 174 patterns (159 informative sites)
          Gap/Ambiguity  Composition  p-value
   1  n251_256    0.00%    passed     52.84%
   2  n299_304    0.00%    passed     99.71%
   3  n275_280    0.00%    passed     96.54%
   4  n286_291    0.00%    passed     95.09%
   5  n297_302    0.00%    passed     97.94%
   6  n265_270    0.00%    passed     98.39%
   7  n293_298    0.00%    passed     96.06%
   8  n285_290    0.00%    passed     96.06%
   9  n289_294    0.00%    passed     96.16%
  10  n294_299    0.00%    passed     97.94%
  11  n266_271    0.00%    passed     93.37%
  12  n274_279    0.00%    passed     97.30%
  13  n236_241    0.00%    passed     99.11%
  14  n290_295    0.00%    passed     94.01%
  15  n278_283    0.00%    passed     82.48%
  16  n287_292    0.00%    passed     97.18%
  17  n300_305    0.00%    passed     99.71%
  18  n277_282    0.00%    passed     84.48%
  19  n295_300    0.00%    passed     94.45%
  20  n296_301    0.00%    passed     92.33%
  21  n292_297    0.00%    passed     99.71%
  22  n244_249    0.00%    passed     98.93%
  23  n255_260    0.00%    passed     55.74%
  24  n200_205    0.00%    passed     96.26%
  25  n298_303    0.00%    passed     97.94%
  26  n280_285    0.00%    passed     98.77%
****  TOTAL       0.00%  0 sequences failed composition chi2 test (p-value<5%; df=3)
NOTE: 3 identical sequences (see below) will be ignored for subsequent analysis
NOTE: n300_305 (identical to n299_304) is ignored but added at the end
NOTE: n292_297 (identical to n299_304) is ignored but added at the end
NOTE: n298_303 (identical to n297_302) is ignored but added at the end

Create initial parsimony tree by phylogenetic likelihood library (PLL)... 0.001 seconds

NOTE: 0 MB RAM is required!
Estimate model parameters (epsilon = 0.100)
1. Initial log-likelihood: -2077.285
2. Current log-likelihood: -2040.528
3. Current log-likelihood: -2039.983
Optimal log-likelihood: -2039.967
Rate parameters:  A-C: 1.033  A-G: 1.268  A-T: 0.857  C-G: 0.981  C-T: 1.307  G-T: 1.000
Base frequencies:   A: 0.213  C: 0.271  G: 0.243  T: 0.273
Gamma shape alpha: 5.548
Parameters optimization took 3 rounds (0.017 sec)
--------------------------------------------------------------------
|             INITIALIZING CANDIDATE TREE SET                      |
--------------------------------------------------------------------
Computing ML distances based on estimated model parameters... 0.004 sec
Computing BIONJ tree...
0.000 seconds
Log-likelihood of BIONJ tree: -2039.967
Generating 98 parsimony trees... 0.067 seconds 16 distinct starting trees
Computing log-likelihood of 16 initial trees ... 0.022 seconds
Optimizing top 16 initial trees with NNI...
Iteration 1 / LogL: -2039.967 / Time: 0h:0m:0s
Estimate model parameters (epsilon = 0.100)
BETTER SCORE FOUND at iteration 1: -2039.941
Iteration 2 / LogL: -2039.943 / Time: 0h:0m:0s
Iteration 3 / LogL: -2039.944 / Time: 0h:0m:0s
Iteration 4 / LogL: -2039.944 / Time: 0h:0m:0s
Iteration 5 / LogL: -2039.944 / Time: 0h:0m:0s
Iteration 6 / LogL: -2039.944 / Time: 0h:0m:0s
Iteration 7 / LogL: -2039.944 / Time: 0h:0m:0s
Iteration 8 / LogL: -2039.944 / Time: 0h:0m:0s
Iteration 9 / LogL: -2040.013 / Time: 0h:0m:0s
Iteration 10 / LogL: -2039.942 / Time: 0h:0m:0s
Iteration 11 / LogL: -2039.942 / Time: 0h:0m:0s
Iteration 12 / LogL: -2039.942 / Time: 0h:0m:0s
Iteration 13 / LogL: -2039.942 / Time: 0h:0m:0s
Iteration 14 / LogL: -2040.011 / Time: 0h:0m:0s
Iteration 15 / LogL: -2040.011 / Time: 0h:0m:0s
Iteration 16 / LogL: -2040.011 / Time: 0h:0m:0s
Average CPU time for 1 NNI search: 0.005
Finish initializing candidate tree set. Number of distinct locally optimal trees: 9
Current best tree score: -2039.941 / CPU time: 0.168
--------------------------------------------------------------------
|               OPTIMIZING CANDIDATE TREE SET                      |
--------------------------------------------------------------------
Iteration 20 / LogL: -2039.991 / Time: 0h:0m:0s (0h:0m:1s left)
Iteration 30 / LogL: -2040.088 / Time: 0h:0m:0s (0h:0m:0s left)
Iteration 40 / LogL: -2039.946 / Time: 0h:0m:0s (0h:0m:0s left)
Iteration 50 / LogL: -2039.941 / Time: 0h:0m:0s (0h:0m:0s left)
Iteration 60 / LogL: -2039.973 / Time: 0h:0m:0s (0h:0m:0s left)
Iteration 70 / LogL: -2040.000 / Time: 0h:0m:0s (0h:0m:0s left)
Iteration 80 / LogL: -2039.941 / Time: 0h:0m:1s (0h:0m:0s left)
Iteration 90 / LogL: -2039.977 / Time: 0h:0m:1s (0h:0m:0s left)
Iteration 100 / LogL: -2039.943 / Time: 0h:0m:1s (0h:0m:0s left)
TREE SEARCH COMPLETED AFTER 101 ITERATIONS / Time: 0h:0m:1s

--------------------------------------------------------------------
|                    FINALIZING TREE SEARCH                        |
--------------------------------------------------------------------
Performs final model parameters optimization
Estimate model parameters (epsilon = 0.010)
1. Initial log-likelihood: -2039.941
Optimal log-likelihood: -2039.938
Rate parameters:  A-C: 1.035  A-G: 1.234  A-T: 0.868  C-G: 0.967  C-T: 1.310  G-T: 1.000
Base frequencies:   A: 0.213  C: 0.271  G: 0.243  T: 0.273
Gamma shape alpha: 5.537
Parameters optimization took 1 rounds (0.004 sec)
BEST SCORE FOUND : -2039.938

Testing tree branches by SH-like aLRT with 1000 replicates...
CPU Time used:  0.088 sec.
Total tree length: 1.240

Total number of iterations: 101
CPU time used for tree search: 1.228 sec (0h:0m:1s)
Wall-clock time used for tree search: 1.236 sec (0h:0m:1s)
Total CPU time used: 1.348 sec (0h:0m:1s)
Total wall-clock time used: 1.357 sec (0h:0m:1s)

Analysis results written to: 
  IQ-TREE report:                ../simulations/data_D10T10L20I10T10//S/929_pruned.fasta.iqtree
  Maximum-likelihood tree:       ../simulations/data_D10T10L20I10T10//S/929_pruned.fasta.treefile
  Likelihood distances:          ../simulations/data_D10T10L20I10T10//S/929_pruned.fasta.mldist
  Screen log file:               ../simulations/data_D10T10L20I10T10//S/929_pruned.fasta.log

Date and Time: Fri Jun  1 10:38:07 2018
