IQ-TREE version 1.4.2 for Linux 64-bit built Apr 15 2016
Copyright (c) 2011-2015 Nguyen Lam Tung, Olga Chernomor, Arndt von Haeseler and Bui Quang Minh.

Host:    meduse (AVX2, FMA3, 7 GB RAM)
Command: iqtree -s ../simulations/data_D10T10L20I10T10//S/934_pruned.fasta -m GTR+G -alrt 1000 -redo
Seed:    346357 (Using SPRNG - Scalable Parallel Random Number Generator)
Time:    Fri Jun  1 10:30:17 2018
Kernel:  AVX

NOTE: Consider using the multicore version because your CPU has 4 cores!

Reading alignment file ../simulations/data_D10T10L20I10T10//S/934_pruned.fasta ... Fasta format detected
Alignment most likely contains DNA/RNA sequences
Alignment has 26 sequences with 300 columns and 179 patterns (159 informative sites)
          Gap/Ambiguity  Composition  p-value
   1  n292_293    0.00%    passed     95.41%
   2  n287_288    0.00%    passed     71.78%
   3  n290_291    0.00%    passed     81.15%
   4  n294_295    0.00%    passed     94.89%
   5  n251_252    0.00%    passed     19.19%
   6  n286_287    0.00%    passed     73.40%
   7  n300_301    0.00%    passed     95.41%
   8  n275_276    0.00%    passed     85.56%
   9  n274_275    0.00%    passed     98.12%
  10  n289_290    0.00%    passed     71.78%
  11  n255_256    0.00%    passed     18.73%
  12  n236_237    0.00%    passed     89.02%
  13  n299_300    0.00%    passed     95.94%
  14  n278_279    0.00%    passed     96.70%
  15  n297_298    0.00%    passed     89.54%
  16  n298_299    0.00%    passed     94.74%
  17  n244_245    0.00%    passed     91.95%
  18  n293_294    0.00%    passed     97.98%
  19  n296_297    0.00%    passed     88.29%
  20  n295_296    0.00%    passed     86.24%
  21  n266_267    0.00%    passed     97.51%
  22  n200_201    0.00%    passed     81.34%
  23  n285_286    0.00%    passed     73.40%
  24  n277_278    0.00%    passed     98.51%
  25  n280_281    0.00%    passed     98.12%
  26  n265_266    0.00%    passed     99.88%
****  TOTAL       0.00%  0 sequences failed composition chi2 test (p-value<5%; df=3)
NOTE: 2 identical sequences (see below) will be ignored for subsequent analysis
NOTE: n285_286 (identical to n286_287) is ignored but added at the end
NOTE: n280_281 (identical to n274_275) is ignored but added at the end

Create initial parsimony tree by phylogenetic likelihood library (PLL)... 0.001 seconds

NOTE: 0 MB RAM is required!
Estimate model parameters (epsilon = 0.100)
1. Initial log-likelihood: -2030.004
2. Current log-likelihood: -1980.012
3. Current log-likelihood: -1979.512
Optimal log-likelihood: -1979.483
Rate parameters:  A-C: 0.984  A-G: 1.040  A-T: 1.052  C-G: 0.773  C-T: 1.291  G-T: 1.000
Base frequencies:   A: 0.239  C: 0.284  G: 0.283  T: 0.195
Gamma shape alpha: 14.436
Parameters optimization took 3 rounds (0.019 sec)
--------------------------------------------------------------------
|             INITIALIZING CANDIDATE TREE SET                      |
--------------------------------------------------------------------
Computing ML distances based on estimated model parameters... 0.000 sec
Computing BIONJ tree...
0.000 seconds
Log-likelihood of BIONJ tree: -1982.113
Generating 98 parsimony trees... 0.073 seconds 10 distinct starting trees
Computing log-likelihood of 10 initial trees ... 0.013 seconds
Optimizing top 10 initial trees with NNI...
Iteration 1 / LogL: -1979.484 / Time: 0h:0m:0s
Estimate model parameters (epsilon = 0.100)
BETTER SCORE FOUND at iteration 1: -1979.479
Iteration 2 / LogL: -1979.481 / Time: 0h:0m:0s
Iteration 3 / LogL: -1979.481 / Time: 0h:0m:0s
Iteration 4 / LogL: -1979.481 / Time: 0h:0m:0s
Iteration 5 / LogL: -1979.481 / Time: 0h:0m:0s
Iteration 6 / LogL: -1979.481 / Time: 0h:0m:0s
Iteration 7 / LogL: -1979.481 / Time: 0h:0m:0s
Iteration 8 / LogL: -1979.481 / Time: 0h:0m:0s
Iteration 9 / LogL: -1979.481 / Time: 0h:0m:0s
Iteration 10 / LogL: -1979.479 / Time: 0h:0m:0s
Average CPU time for 1 NNI search: 0.004
Finish initializing candidate tree set. Number of distinct locally optimal trees: 9
Current best tree score: -1979.479 / CPU time: 0.124
--------------------------------------------------------------------
|               OPTIMIZING CANDIDATE TREE SET                      |
--------------------------------------------------------------------
Iteration 20 / LogL: -1979.669 / Time: 0h:0m:0s (0h:0m:1s left)
Iteration 30 / LogL: -1979.484 / Time: 0h:0m:0s (0h:0m:0s left)
Iteration 40 / LogL: -1979.494 / Time: 0h:0m:0s (0h:0m:0s left)
Iteration 50 / LogL: -1979.488 / Time: 0h:0m:0s (0h:0m:0s left)
Iteration 60 / LogL: -1979.483 / Time: 0h:0m:0s (0h:0m:0s left)
Iteration 70 / LogL: -1979.484 / Time: 0h:0m:0s (0h:0m:0s left)
Iteration 80 / LogL: -1982.310 / Time: 0h:0m:0s (0h:0m:0s left)
Iteration 90 / LogL: -1983.806 / Time: 0h:0m:1s (0h:0m:0s left)
Iteration 100 / LogL: -1979.485 / Time: 0h:0m:1s (0h:0m:0s left)
TREE SEARCH COMPLETED AFTER 101 ITERATIONS / Time: 0h:0m:1s

--------------------------------------------------------------------
|                    FINALIZING TREE SEARCH                        |
--------------------------------------------------------------------
Performs final model parameters optimization
Estimate model parameters (epsilon = 0.010)
1. Initial log-likelihood: -1979.479
Optimal log-likelihood: -1979.478
Rate parameters:  A-C: 0.981  A-G: 1.037  A-T: 1.056  C-G: 0.776  C-T: 1.279  G-T: 1.000
Base frequencies:   A: 0.239  C: 0.284  G: 0.283  T: 0.195
Gamma shape alpha: 14.536
Parameters optimization took 1 rounds (0.004 sec)
BEST SCORE FOUND : -1979.478

Testing tree branches by SH-like aLRT with 1000 replicates...
CPU Time used:  0.096 sec.
Total tree length: 1.158

Total number of iterations: 101
CPU time used for tree search: 1.208 sec (0h:0m:1s)
Wall-clock time used for tree search: 1.213 sec (0h:0m:1s)
Total CPU time used: 1.340 sec (0h:0m:1s)
Total wall-clock time used: 1.345 sec (0h:0m:1s)

Analysis results written to: 
  IQ-TREE report:                ../simulations/data_D10T10L20I10T10//S/934_pruned.fasta.iqtree
  Maximum-likelihood tree:       ../simulations/data_D10T10L20I10T10//S/934_pruned.fasta.treefile
  Likelihood distances:          ../simulations/data_D10T10L20I10T10//S/934_pruned.fasta.mldist
  Screen log file:               ../simulations/data_D10T10L20I10T10//S/934_pruned.fasta.log

Date and Time: Fri Jun  1 10:30:18 2018
