IQ-TREE version 1.4.2 for Linux 64-bit built Apr 15 2016
Copyright (c) 2011-2015 Nguyen Lam Tung, Olga Chernomor, Arndt von Haeseler and Bui Quang Minh.

Host:    meduse (AVX2, FMA3, 7 GB RAM)
Command: iqtree -s ../simulations/data_D10T10L20I10T10//S/936_pruned.fasta -m GTR+G -alrt 1000 -redo
Seed:    942180 (Using SPRNG - Scalable Parallel Random Number Generator)
Time:    Mon Jun  4 01:03:09 2018
Kernel:  AVX

NOTE: Consider using the multicore version because your CPU has 4 cores!

Reading alignment file ../simulations/data_D10T10L20I10T10//S/936_pruned.fasta ... Fasta format detected
Alignment most likely contains DNA/RNA sequences
Alignment has 28 sequences with 300 columns and 300 patterns (297 informative sites)
          Gap/Ambiguity  Composition  p-value
   1  n293_324    0.00%    passed     51.65%
   2  n280_311    0.00%    passed     75.48%
   3  n290_321    0.00%    passed     47.93%
   4  n278_309    0.00%    passed     84.54%
   5  n244_271    0.00%    passed     70.29%
   6  n292_323    0.00%    passed     61.09%
   7  n297_328    0.00%    passed     61.43%
   8  n266_297    0.00%    passed     21.70%
   9  n300_331    0.00%    passed     72.48%
  10  n289_320    0.00%    passed     43.99%
  11  n277_308    0.00%    passed     89.85%
  12  n255_286    0.00%    failed      4.21%
  13  n296_327    0.00%    passed     91.54%
  14  n294_325    0.00%    passed     80.17%
  15  n200_215    0.00%    passed     55.82%
  16  n295_326    0.00%    passed     78.93%
  17  n236_261    0.00%    passed     77.89%
  18  n275_306    0.00%    passed     43.40%
  19  n265_296    0.00%    passed     33.07%
  20  n255_284    0.00%    failed      1.44%
  21  n251_278    0.00%    failed      0.62%
  22  n274_305    0.00%    passed     74.27%
  23  n287_318    0.00%    passed     74.62%
  24  n286_317    0.00%    passed     77.77%
  25  n285_316    0.00%    passed     45.21%
  26  n298_329    0.00%    passed     85.85%
  27  n251_280    0.00%    failed      2.03%
  28  n299_330    0.00%    passed     57.21%
****  TOTAL       0.00%  4 sequences failed composition chi2 test (p-value<5%; df=3)

Create initial parsimony tree by phylogenetic likelihood library (PLL)... 0.001 seconds

NOTE: 1 MB RAM is required!
Estimate model parameters (epsilon = 0.100)
1. Initial log-likelihood: -5981.207
2. Current log-likelihood: -5893.299
3. Current log-likelihood: -5874.738
4. Current log-likelihood: -5870.130
5. Current log-likelihood: -5868.842
6. Current log-likelihood: -5868.568
Optimal log-likelihood: -5868.507
Rate parameters:  A-C: 1.159  A-G: 1.312  A-T: 1.129  C-G: 0.991  C-T: 1.360  G-T: 1.000
Base frequencies:   A: 0.227  C: 0.281  G: 0.245  T: 0.247
Gamma shape alpha: 5.460
Parameters optimization took 6 rounds (0.082 sec)
--------------------------------------------------------------------
|             INITIALIZING CANDIDATE TREE SET                      |
--------------------------------------------------------------------
Computing ML distances based on estimated model parameters... 0.004 sec
WARNING: Some pairwise ML distances are too long (saturated)
Computing BIONJ tree...
0.000 seconds
Log-likelihood of BIONJ tree: -5880.645
Generating 98 parsimony trees... 0.170 seconds 7 distinct starting trees
Computing log-likelihood of 7 initial trees ... 0.017 seconds
Optimizing top 7 initial trees with NNI...
Iteration 1 / LogL: -5867.320 / Time: 0h:0m:0s
Estimate model parameters (epsilon = 0.100)
BETTER TREE FOUND at iteration 1: -5867.132
Iteration 2 / LogL: -5867.342 / Time: 0h:0m:0s
Iteration 3 / LogL: -5867.832 / Time: 0h:0m:0s
Iteration 4 / LogL: -5867.822 / Time: 0h:0m:0s
Iteration 5 / LogL: -5867.738 / Time: 0h:0m:0s
Iteration 6 / LogL: -5867.961 / Time: 0h:0m:0s
Iteration 7 / LogL: -5867.667 / Time: 0h:0m:0s
Average CPU time for 1 NNI search: 0.019
Finish initializing candidate tree set. Number of distinct locally optimal trees: 2
Current best tree score: -5867.132 / CPU time: 0.320
--------------------------------------------------------------------
|               OPTIMIZING CANDIDATE TREE SET                      |
--------------------------------------------------------------------
Iteration 10 / LogL: -5867.675 / Time: 0h:0m:0s
Iteration 20 / LogL: -5869.932 / Time: 0h:0m:0s (0h:0m:3s left)
Iteration 30 / LogL: -5867.763 / Time: 0h:0m:1s (0h:0m:3s left)
Iteration 40 / LogL: -5868.180 / Time: 0h:0m:1s (0h:0m:2s left)
Iteration 50 / LogL: -5867.618 / Time: 0h:0m:2s (0h:0m:2s left)
Iteration 60 / LogL: -5869.982 / Time: 0h:0m:2s (0h:0m:1s left)
Iteration 70 / LogL: -5869.307 / Time: 0h:0m:2s (0h:0m:1s left)
Iteration 80 / LogL: -5877.735 / Time: 0h:0m:3s (0h:0m:0s left)
Iteration 90 / LogL: -5867.278 / Time: 0h:0m:3s (0h:0m:0s left)
Iteration 100 / LogL: -5868.024 / Time: 0h:0m:3s (0h:0m:0s left)
TREE SEARCH COMPLETED AFTER 101 ITERATIONS / Time: 0h:0m:3s

--------------------------------------------------------------------
|                    FINALIZING TREE SEARCH                        |
--------------------------------------------------------------------
Performs final model parameters optimization
Estimate model parameters (epsilon = 0.010)
1. Initial log-likelihood: -5867.132
Optimal log-likelihood: -5867.125
Rate parameters:  A-C: 1.176  A-G: 1.320  A-T: 1.154  C-G: 0.992  C-T: 1.356  G-T: 1.000
Base frequencies:   A: 0.227  C: 0.281  G: 0.245  T: 0.247
Gamma shape alpha: 5.214
Parameters optimization took 1 rounds (0.008 sec)
BEST SCORE FOUND : -5867.125

Testing tree branches by SH-like aLRT with 1000 replicates...
CPU Time used:  0.132 sec.
Total tree length: 9.665

Total number of iterations: 101
CPU time used for tree search: 3.844 sec (0h:0m:3s)
Wall-clock time used for tree search: 3.846 sec (0h:0m:3s)
Total CPU time used: 4.104 sec (0h:0m:4s)
Total wall-clock time used: 4.102 sec (0h:0m:4s)

Analysis results written to: 
  IQ-TREE report:                ../simulations/data_D10T10L20I10T10//S/936_pruned.fasta.iqtree
  Maximum-likelihood tree:       ../simulations/data_D10T10L20I10T10//S/936_pruned.fasta.treefile
  Likelihood distances:          ../simulations/data_D10T10L20I10T10//S/936_pruned.fasta.mldist
  Screen log file:               ../simulations/data_D10T10L20I10T10//S/936_pruned.fasta.log

Date and Time: Mon Jun  4 01:03:14 2018
