IQ-TREE version 1.4.2 for Linux 64-bit built Apr 15 2016
Copyright (c) 2011-2015 Nguyen Lam Tung, Olga Chernomor, Arndt von Haeseler and Bui Quang Minh.

Host:    meduse (AVX2, FMA3, 7 GB RAM)
Command: iqtree -s ../simulations/data_D10T10L20I10T10//S/937_pruned.fasta -m GTR+G -alrt 1000 -redo
Seed:    308255 (Using SPRNG - Scalable Parallel Random Number Generator)
Time:    Mon Jun  4 01:03:47 2018
Kernel:  AVX

NOTE: Consider using the multicore version because your CPU has 4 cores!

Reading alignment file ../simulations/data_D10T10L20I10T10//S/937_pruned.fasta ... Fasta format detected
Alignment most likely contains DNA/RNA sequences
Alignment has 26 sequences with 300 columns and 300 patterns (295 informative sites)
          Gap/Ambiguity  Composition  p-value
   1  n299_300    0.00%    failed      1.76%
   2  n300_301    0.00%    failed      2.09%
   3  n290_291    0.00%    passed     95.67%
   4  n244_245    0.00%    passed     39.10%
   5  n255_256    0.00%    passed     17.24%
   6  n277_278    0.00%    passed     61.01%
   7  n200_201    0.00%    passed     44.79%
   8  n236_237    0.00%    passed     45.96%
   9  n274_275    0.00%    passed      7.89%
  10  n289_290    0.00%    passed     84.31%
  11  n296_297    0.00%    passed     61.80%
  12  n275_276    0.00%    passed     37.79%
  13  n292_293    0.00%    passed      8.51%
  14  n278_279    0.00%    passed     49.00%
  15  n298_299    0.00%    passed     92.30%
  16  n297_298    0.00%    passed     80.16%
  17  n286_287    0.00%    passed     71.02%
  18  n285_286    0.00%    passed     62.15%
  19  n287_288    0.00%    passed     76.14%
  20  n251_252    0.00%    passed     17.28%
  21  n294_295    0.00%    passed     56.46%
  22  n295_296    0.00%    passed     83.14%
  23  n266_267    0.00%    passed     53.52%
  24  n265_266    0.00%    passed     36.96%
  25  n280_281    0.00%    failed      2.84%
  26  n293_294    0.00%    passed     75.14%
****  TOTAL       0.00%  3 sequences failed composition chi2 test (p-value<5%; df=3)

Create initial parsimony tree by phylogenetic likelihood library (PLL)... 0.002 seconds

NOTE: 1 MB RAM is required!
Estimate model parameters (epsilon = 0.100)
1. Initial log-likelihood: -5219.822
2. Current log-likelihood: -5126.785
3. Current log-likelihood: -5112.090
4. Current log-likelihood: -5108.896
5. Current log-likelihood: -5108.093
6. Current log-likelihood: -5107.975
Optimal log-likelihood: -5107.903
Rate parameters:  A-C: 1.061  A-G: 1.571  A-T: 1.296  C-G: 1.052  C-T: 1.405  G-T: 1.000
Base frequencies:   A: 0.203  C: 0.296  G: 0.261  T: 0.241
Gamma shape alpha: 4.799
Parameters optimization took 6 rounds (0.079 sec)
--------------------------------------------------------------------
|             INITIALIZING CANDIDATE TREE SET                      |
--------------------------------------------------------------------
Computing ML distances based on estimated model parameters... 0.004 sec
Computing BIONJ tree...
0.000 seconds
Log-likelihood of BIONJ tree: -5114.737
Generating 98 parsimony trees... 0.144 seconds 3 distinct starting trees
Computing log-likelihood of 3 initial trees ... 0.003 seconds
Optimizing top 3 initial trees with NNI...
Iteration 1 / LogL: -5107.344 / Time: 0h:0m:0s
Estimate model parameters (epsilon = 0.100)
BETTER TREE FOUND at iteration 1: -5107.318
Iteration 2 / LogL: -5107.824 / Time: 0h:0m:0s
Iteration 3 / LogL: -5107.307 / Time: 0h:0m:0s
Estimate model parameters (epsilon = 0.100)
BETTER SCORE FOUND at iteration 3: -5107.292
Average CPU time for 1 NNI search: 0.016
Finish initializing candidate tree set. Number of distinct locally optimal trees: 1
Current best tree score: -5107.292 / CPU time: 0.196
--------------------------------------------------------------------
|               OPTIMIZING CANDIDATE TREE SET                      |
--------------------------------------------------------------------
Iteration 10 / LogL: -5108.003 / Time: 0h:0m:0s
Iteration 20 / LogL: -5107.637 / Time: 0h:0m:0s (0h:0m:3s left)
Iteration 30 / LogL: -5108.419 / Time: 0h:0m:1s (0h:0m:2s left)
Iteration 40 / LogL: -5107.805 / Time: 0h:0m:1s (0h:0m:2s left)
Iteration 50 / LogL: -5107.634 / Time: 0h:0m:1s (0h:0m:1s left)
Iteration 60 / LogL: -5108.204 / Time: 0h:0m:2s (0h:0m:1s left)
Iteration 70 / LogL: -5123.695 / Time: 0h:0m:2s (0h:0m:1s left)
Iteration 80 / LogL: -5107.802 / Time: 0h:0m:2s (0h:0m:0s left)
Iteration 90 / LogL: -5108.139 / Time: 0h:0m:3s (0h:0m:0s left)
Iteration 100 / LogL: -5107.363 / Time: 0h:0m:3s (0h:0m:0s left)
TREE SEARCH COMPLETED AFTER 101 ITERATIONS / Time: 0h:0m:3s

--------------------------------------------------------------------
|                    FINALIZING TREE SEARCH                        |
--------------------------------------------------------------------
Performs final model parameters optimization
Estimate model parameters (epsilon = 0.010)
1. Initial log-likelihood: -5107.292
Optimal log-likelihood: -5107.290
Rate parameters:  A-C: 1.055  A-G: 1.550  A-T: 1.276  C-G: 1.044  C-T: 1.399  G-T: 1.000
Base frequencies:   A: 0.203  C: 0.296  G: 0.261  T: 0.241
Gamma shape alpha: 4.777
Parameters optimization took 1 rounds (0.007 sec)
BEST SCORE FOUND : -5107.290

Testing tree branches by SH-like aLRT with 1000 replicates...
CPU Time used:  0.120 sec.
Total tree length: 7.811

Total number of iterations: 101
CPU time used for tree search: 3.492 sec (0h:0m:3s)
Wall-clock time used for tree search: 3.493 sec (0h:0m:3s)
Total CPU time used: 3.724 sec (0h:0m:3s)
Total wall-clock time used: 3.722 sec (0h:0m:3s)

Analysis results written to: 
  IQ-TREE report:                ../simulations/data_D10T10L20I10T10//S/937_pruned.fasta.iqtree
  Maximum-likelihood tree:       ../simulations/data_D10T10L20I10T10//S/937_pruned.fasta.treefile
  Likelihood distances:          ../simulations/data_D10T10L20I10T10//S/937_pruned.fasta.mldist
  Screen log file:               ../simulations/data_D10T10L20I10T10//S/937_pruned.fasta.log

Date and Time: Mon Jun  4 01:03:51 2018
