IQ-TREE version 1.4.2 for Linux 64-bit built Apr 15 2016
Copyright (c) 2011-2015 Nguyen Lam Tung, Olga Chernomor, Arndt von Haeseler and Bui Quang Minh.

Host:    meduse (AVX2, FMA3, 7 GB RAM)
Command: iqtree -s ../simulations/data_D10T10L20I10T10//S/95_pruned.fasta -m GTR+G -alrt 1000 -redo
Seed:    443101 (Using SPRNG - Scalable Parallel Random Number Generator)
Time:    Mon Jun  4 00:36:57 2018
Kernel:  AVX

NOTE: Consider using the multicore version because your CPU has 4 cores!

Reading alignment file ../simulations/data_D10T10L20I10T10//S/95_pruned.fasta ... Fasta format detected
Alignment most likely contains DNA/RNA sequences
Alignment has 24 sequences with 300 columns and 297 patterns (289 informative sites)
          Gap/Ambiguity  Composition  p-value
   1  n293_288    0.00%    passed     78.42%
   2  n251_248    0.00%    passed      6.56%
   3  n290_285    0.00%    passed     95.50%
   4  n244_245    0.00%    passed     63.94%
   5  n292_287    0.00%    passed     42.92%
   6  n266_263    0.00%    passed     13.11%
   7  n278_275    0.00%    passed     70.52%
   8  n200_201    0.00%    passed     38.77%
   9  n298_293    0.00%    passed     81.34%
  10  n296_291    0.00%    passed     77.23%
  11  n274_271    0.00%    passed     59.54%
  12  n300_295    0.00%    passed     44.01%
  13  n294_289    0.00%    passed     90.41%
  14  n280_277    0.00%    passed     87.04%
  15  n265_262    0.00%    passed     41.44%
  16  n275_272    0.00%    passed     87.23%
  17  n287_282    0.00%    passed     86.54%
  18  n299_294    0.00%    passed     62.33%
  19  n255_252    0.00%    passed     35.95%
  20  n295_290    0.00%    passed     82.24%
  21  n289_284    0.00%    passed     86.54%
  22  n277_274    0.00%    passed     65.45%
  23  n297_292    0.00%    passed     84.43%
  24  n236_237    0.00%    passed     91.05%
****  TOTAL       0.00%  0 sequences failed composition chi2 test (p-value<5%; df=3)

Create initial parsimony tree by phylogenetic likelihood library (PLL)... 0.001 seconds

NOTE: 1 MB RAM is required!
Estimate model parameters (epsilon = 0.100)
1. Initial log-likelihood: -4844.423
2. Current log-likelihood: -4750.621
3. Current log-likelihood: -4739.554
4. Current log-likelihood: -4736.950
5. Current log-likelihood: -4736.413
6. Current log-likelihood: -4736.311
Optimal log-likelihood: -4736.273
Rate parameters:  A-C: 1.169  A-G: 1.151  A-T: 1.127  C-G: 0.868  C-T: 1.633  G-T: 1.000
Base frequencies:   A: 0.241  C: 0.266  G: 0.271  T: 0.222
Gamma shape alpha: 3.434
Parameters optimization took 6 rounds (0.066 sec)
--------------------------------------------------------------------
|             INITIALIZING CANDIDATE TREE SET                      |
--------------------------------------------------------------------
Computing ML distances based on estimated model parameters... 0.004 sec
Computing BIONJ tree...
0.001 seconds
Log-likelihood of BIONJ tree: -4735.549
Generating 98 parsimony trees... 0.125 seconds 3 distinct starting trees
Computing log-likelihood of 3 initial trees ... 0.003 seconds
Optimizing top 3 initial trees with NNI...
Iteration 1 / LogL: -4735.501 / Time: 0h:0m:0s
Estimate model parameters (epsilon = 0.100)
BETTER TREE FOUND at iteration 1: -4735.487
Iteration 2 / LogL: -4735.605 / Time: 0h:0m:0s
Iteration 3 / LogL: -4735.894 / Time: 0h:0m:0s
Average CPU time for 1 NNI search: 0.015
Finish initializing candidate tree set. Number of distinct locally optimal trees: 2
Current best tree score: -4735.487 / CPU time: 0.168
--------------------------------------------------------------------
|               OPTIMIZING CANDIDATE TREE SET                      |
--------------------------------------------------------------------
Iteration 10 / LogL: -4735.640 / Time: 0h:0m:0s
Iteration 20 / LogL: -4736.678 / Time: 0h:0m:0s (0h:0m:3s left)
Iteration 30 / LogL: -4735.815 / Time: 0h:0m:1s (0h:0m:2s left)
Iteration 40 / LogL: -4735.642 / Time: 0h:0m:1s (0h:0m:2s left)
Iteration 50 / LogL: -4737.398 / Time: 0h:0m:1s (0h:0m:1s left)
Iteration 60 / LogL: -4735.523 / Time: 0h:0m:2s (0h:0m:1s left)
Iteration 70 / LogL: -4736.522 / Time: 0h:0m:2s (0h:0m:1s left)
Iteration 80 / LogL: -4735.555 / Time: 0h:0m:2s (0h:0m:0s left)
Iteration 90 / LogL: -4746.096 / Time: 0h:0m:3s (0h:0m:0s left)
Iteration 100 / LogL: -4735.696 / Time: 0h:0m:3s (0h:0m:0s left)
TREE SEARCH COMPLETED AFTER 101 ITERATIONS / Time: 0h:0m:3s

--------------------------------------------------------------------
|                    FINALIZING TREE SEARCH                        |
--------------------------------------------------------------------
Performs final model parameters optimization
Estimate model parameters (epsilon = 0.010)
1. Initial log-likelihood: -4735.487
Optimal log-likelihood: -4735.484
Rate parameters:  A-C: 1.181  A-G: 1.150  A-T: 1.126  C-G: 0.873  C-T: 1.645  G-T: 1.000
Base frequencies:   A: 0.241  C: 0.266  G: 0.271  T: 0.222
Gamma shape alpha: 3.372
Parameters optimization took 1 rounds (0.007 sec)
BEST SCORE FOUND : -4735.484

Testing tree branches by SH-like aLRT with 1000 replicates...
CPU Time used:  0.112 sec.
Total tree length: 8.437

Total number of iterations: 101
CPU time used for tree search: 3.592 sec (0h:0m:3s)
Wall-clock time used for tree search: 3.595 sec (0h:0m:3s)
Total CPU time used: 3.812 sec (0h:0m:3s)
Total wall-clock time used: 3.815 sec (0h:0m:3s)

Analysis results written to: 
  IQ-TREE report:                ../simulations/data_D10T10L20I10T10//S/95_pruned.fasta.iqtree
  Maximum-likelihood tree:       ../simulations/data_D10T10L20I10T10//S/95_pruned.fasta.treefile
  Likelihood distances:          ../simulations/data_D10T10L20I10T10//S/95_pruned.fasta.mldist
  Screen log file:               ../simulations/data_D10T10L20I10T10//S/95_pruned.fasta.log

Date and Time: Mon Jun  4 00:37:01 2018
