IQ-TREE version 1.4.2 for Linux 64-bit built Apr 15 2016
Copyright (c) 2011-2015 Nguyen Lam Tung, Olga Chernomor, Arndt von Haeseler and Bui Quang Minh.

Host:    meduse (AVX2, FMA3, 7 GB RAM)
Command: iqtree -s ../simulations/data_D8T8L15I8T8//S/962_pruned.fasta -m GTR+G -alrt 1000 -redo
Seed:    531811 (Using SPRNG - Scalable Parallel Random Number Generator)
Time:    Fri May 25 22:50:11 2018
Kernel:  AVX

NOTE: Consider using the multicore version because your CPU has 4 cores!

Reading alignment file ../simulations/data_D8T8L15I8T8//S/962_pruned.fasta ... Fasta format detected
Alignment most likely contains DNA/RNA sequences
Alignment has 25 sequences with 300 columns and 155 patterns (153 informative sites)
          Gap/Ambiguity  Composition  p-value
   1  n287_288    0.00%    passed     60.98%
   2  n290_291    0.00%    passed     61.49%
   3  n236_237    0.00%    passed     89.21%
   4  n278_279    0.00%    passed     43.42%
   5  n285_286    0.00%    passed     82.65%
   6  n265_266    0.00%    passed     83.11%
   7  n280_281    0.00%    passed     35.06%
   8  n299_300    0.00%    passed     35.06%
   9  n293_294    0.00%    passed     69.59%
  10  n274_275    0.00%    passed     30.90%
  11  n292_293    0.00%    passed     32.48%
  12  n296_297    0.00%    passed     61.49%
  13  n294_295    0.00%    passed     68.37%
  14  n275_276    0.00%    passed     76.80%
  15  n297_298    0.00%    passed     69.98%
  16  n289_290    0.00%    passed     61.49%
  17  n286_287    0.00%    passed     80.44%
  18  n255_256    0.00%    passed     45.84%
  19  n295_296    0.00%    passed     61.49%
  20  n266_267    0.00%    passed     85.10%
  21  n298_299    0.00%    passed     68.37%
  22  n300_301    0.00%    passed     35.06%
  23  n200_201    0.00%    passed     95.05%
  24  n277_278    0.00%    passed     48.87%
  25  n251_252    0.00%    passed     50.80%
****  TOTAL       0.00%  0 sequences failed composition chi2 test (p-value<5%; df=3)
NOTE: 3 identical sequences (see below) will be ignored for subsequent analysis
NOTE: n289_290 (identical to n290_291) is ignored but added at the end
NOTE: n300_301 (identical to n299_300) is ignored but added at the end
NOTE: n295_296 (identical to n296_297) is ignored but added at the end

Create initial parsimony tree by phylogenetic likelihood library (PLL)... 0.001 seconds

NOTE: 0 MB RAM is required!
Estimate model parameters (epsilon = 0.100)
1. Initial log-likelihood: -1827.355
2. Current log-likelihood: -1795.575
3. Current log-likelihood: -1795.228
Optimal log-likelihood: -1795.226
Rate parameters:  A-C: 0.939  A-G: 0.988  A-T: 0.809  C-G: 0.834  C-T: 0.908  G-T: 1.000
Base frequencies:   A: 0.243  C: 0.260  G: 0.270  T: 0.227
Gamma shape alpha: 6.480
Parameters optimization took 3 rounds (0.025 sec)
--------------------------------------------------------------------
|             INITIALIZING CANDIDATE TREE SET                      |
--------------------------------------------------------------------
Computing ML distances based on estimated model parameters... 0.004 sec
Computing BIONJ tree...
0.000 seconds
Log-likelihood of BIONJ tree: -1794.967
Generating 98 parsimony trees... 0.105 seconds 18 distinct starting trees
Computing log-likelihood of 18 initial trees ... 0.037 seconds
Optimizing top 18 initial trees with NNI...
Iteration 1 / LogL: -1794.967 / Time: 0h:0m:0s
Estimate model parameters (epsilon = 0.100)
BETTER SCORE FOUND at iteration 1: -1794.961
Iteration 2 / LogL: -1794.964 / Time: 0h:0m:0s
Iteration 3 / LogL: -1794.964 / Time: 0h:0m:0s
Iteration 4 / LogL: -1794.964 / Time: 0h:0m:0s
Iteration 5 / LogL: -1794.964 / Time: 0h:0m:0s
Iteration 6 / LogL: -1794.964 / Time: 0h:0m:0s
Iteration 7 / LogL: -1794.964 / Time: 0h:0m:0s
Iteration 8 / LogL: -1794.964 / Time: 0h:0m:0s
Iteration 9 / LogL: -1794.964 / Time: 0h:0m:0s
Iteration 10 / LogL: -1794.977 / Time: 0h:0m:0s
Iteration 11 / LogL: -1794.977 / Time: 0h:0m:0s
Iteration 12 / LogL: -1794.977 / Time: 0h:0m:0s
Iteration 13 / LogL: -1794.977 / Time: 0h:0m:0s
Iteration 14 / LogL: -1794.977 / Time: 0h:0m:0s
Iteration 15 / LogL: -1794.977 / Time: 0h:0m:0s
Iteration 16 / LogL: -1794.977 / Time: 0h:0m:0s
Iteration 17 / LogL: -1794.977 / Time: 0h:0m:0s
Iteration 18 / LogL: -1794.977 / Time: 0h:0m:0s
Average CPU time for 1 NNI search: 0.007
Finish initializing candidate tree set. Number of distinct locally optimal trees: 9
Current best tree score: -1794.961 / CPU time: 0.276
--------------------------------------------------------------------
|               OPTIMIZING CANDIDATE TREE SET                      |
--------------------------------------------------------------------
Iteration 20 / LogL: -1794.962 / Time: 0h:0m:0s (0h:0m:1s left)
Iteration 30 / LogL: -1794.962 / Time: 0h:0m:0s (0h:0m:1s left)
Iteration 40 / LogL: -1794.966 / Time: 0h:0m:0s (0h:0m:1s left)
Iteration 50 / LogL: -1794.963 / Time: 0h:0m:0s (0h:0m:0s left)
Iteration 60 / LogL: -1795.007 / Time: 0h:0m:1s (0h:0m:0s left)
Iteration 70 / LogL: -1794.962 / Time: 0h:0m:1s (0h:0m:0s left)
Iteration 80 / LogL: -1794.965 / Time: 0h:0m:1s (0h:0m:0s left)
Iteration 90 / LogL: -1794.962 / Time: 0h:0m:1s (0h:0m:0s left)
Iteration 100 / LogL: -1794.993 / Time: 0h:0m:1s (0h:0m:0s left)
TREE SEARCH COMPLETED AFTER 101 ITERATIONS / Time: 0h:0m:1s

--------------------------------------------------------------------
|                    FINALIZING TREE SEARCH                        |
--------------------------------------------------------------------
Performs final model parameters optimization
Estimate model parameters (epsilon = 0.010)
1. Initial log-likelihood: -1794.961
Optimal log-likelihood: -1794.960
Rate parameters:  A-C: 0.931  A-G: 0.981  A-T: 0.797  C-G: 0.826  C-T: 0.897  G-T: 1.000
Base frequencies:   A: 0.243  C: 0.260  G: 0.270  T: 0.227
Gamma shape alpha: 6.644
Parameters optimization took 1 rounds (0.005 sec)
BEST SCORE FOUND : -1794.960

Testing tree branches by SH-like aLRT with 1000 replicates...
CPU Time used:  0.124 sec.
Total tree length: 1.024

Total number of iterations: 101
CPU time used for tree search: 1.768 sec (0h:0m:1s)
Wall-clock time used for tree search: 1.797 sec (0h:0m:1s)
Total CPU time used: 1.940 sec (0h:0m:1s)
Total wall-clock time used: 1.974 sec (0h:0m:1s)

Analysis results written to: 
  IQ-TREE report:                ../simulations/data_D8T8L15I8T8//S/962_pruned.fasta.iqtree
  Maximum-likelihood tree:       ../simulations/data_D8T8L15I8T8//S/962_pruned.fasta.treefile
  Likelihood distances:          ../simulations/data_D8T8L15I8T8//S/962_pruned.fasta.mldist
  Screen log file:               ../simulations/data_D8T8L15I8T8//S/962_pruned.fasta.log

Date and Time: Fri May 25 22:50:13 2018
