IQ-TREE version 1.4.2 for Linux 64-bit built Apr 15 2016
Copyright (c) 2011-2015 Nguyen Lam Tung, Olga Chernomor, Arndt von Haeseler and Bui Quang Minh.

Host:    meduse (AVX2, FMA3, 7 GB RAM)
Command: iqtree -s ../simulations/data_D10T10L20I10T10//S/963_pruned.fasta -m GTR+G -alrt 1000 -redo
Seed:    16861 (Using SPRNG - Scalable Parallel Random Number Generator)
Time:    Fri Jun  1 10:47:46 2018
Kernel:  AVX

NOTE: Consider using the multicore version because your CPU has 4 cores!

Reading alignment file ../simulations/data_D10T10L20I10T10//S/963_pruned.fasta ... Fasta format detected
Alignment most likely contains DNA/RNA sequences
Alignment has 26 sequences with 300 columns and 180 patterns (159 informative sites)
          Gap/Ambiguity  Composition  p-value
   1  n292_293    0.00%    passed     81.69%
   2  n287_288    0.00%    passed     94.48%
   3  n290_291    0.00%    passed     76.45%
   4  n294_295    0.00%    passed     62.09%
   5  n251_252    0.00%    passed     62.34%
   6  n286_287    0.00%    passed     79.55%
   7  n300_301    0.00%    passed     76.43%
   8  n275_276    0.00%    passed     76.39%
   9  n274_275    0.00%    passed     82.00%
  10  n289_290    0.00%    passed     81.74%
  11  n255_256    0.00%    passed     41.24%
  12  n236_237    0.00%    passed     96.62%
  13  n299_300    0.00%    passed     76.43%
  14  n278_279    0.00%    passed     86.83%
  15  n297_298    0.00%    passed     69.89%
  16  n298_299    0.00%    passed     69.89%
  17  n244_245    0.00%    passed     87.19%
  18  n293_294    0.00%    passed     62.09%
  19  n296_297    0.00%    passed     71.14%
  20  n295_296    0.00%    passed     76.45%
  21  n266_267    0.00%    passed     87.88%
  22  n200_201    0.00%    passed     94.56%
  23  n285_286    0.00%    passed     78.18%
  24  n277_278    0.00%    passed     95.34%
  25  n280_281    0.00%    passed     83.14%
  26  n265_266    0.00%    passed     77.78%
****  TOTAL       0.00%  0 sequences failed composition chi2 test (p-value<5%; df=3)
NOTE: 3 identical sequences (see below) will be ignored for subsequent analysis
NOTE: n293_294 (identical to n294_295) is ignored but added at the end
NOTE: n299_300 (identical to n300_301) is ignored but added at the end
NOTE: n298_299 (identical to n297_298) is ignored but added at the end

Create initial parsimony tree by phylogenetic likelihood library (PLL)... 0.001 seconds

NOTE: 0 MB RAM is required!
Estimate model parameters (epsilon = 0.100)
1. Initial log-likelihood: -2017.865
2. Current log-likelihood: -1982.267
3. Current log-likelihood: -1981.926
Optimal log-likelihood: -1981.925
Rate parameters:  A-C: 1.125  A-G: 1.357  A-T: 1.144  C-G: 0.966  C-T: 1.238  G-T: 1.000
Base frequencies:   A: 0.260  C: 0.241  G: 0.255  T: 0.244
Gamma shape alpha: 22.879
Parameters optimization took 3 rounds (0.020 sec)
--------------------------------------------------------------------
|             INITIALIZING CANDIDATE TREE SET                      |
--------------------------------------------------------------------
Computing ML distances based on estimated model parameters... 0.000 sec
Computing BIONJ tree...
0.000 seconds
Log-likelihood of BIONJ tree: -1981.925
Generating 98 parsimony trees... 0.075 seconds 6 distinct starting trees
Computing log-likelihood of 6 initial trees ... 0.007 seconds
Optimizing top 6 initial trees with NNI...
Iteration 1 / LogL: -1981.926 / Time: 0h:0m:0s
Estimate model parameters (epsilon = 0.100)
BETTER SCORE FOUND at iteration 1: -1981.925
Iteration 2 / LogL: -1981.926 / Time: 0h:0m:0s
Iteration 3 / LogL: -1981.927 / Time: 0h:0m:0s
Iteration 4 / LogL: -1985.321 / Time: 0h:0m:0s
Iteration 5 / LogL: -1985.321 / Time: 0h:0m:0s
Iteration 6 / LogL: -1985.321 / Time: 0h:0m:0s
Average CPU time for 1 NNI search: 0.005
Finish initializing candidate tree set. Number of distinct locally optimal trees: 6
Current best tree score: -1981.925 / CPU time: 0.112
--------------------------------------------------------------------
|               OPTIMIZING CANDIDATE TREE SET                      |
--------------------------------------------------------------------
Iteration 10 / LogL: -1981.925 / Time: 0h:0m:0s
Iteration 20 / LogL: -1981.961 / Time: 0h:0m:0s (0h:0m:1s left)
Iteration 30 / LogL: -1985.322 / Time: 0h:0m:0s (0h:0m:1s left)
Iteration 40 / LogL: -1981.979 / Time: 0h:0m:0s (0h:0m:1s left)
Iteration 50 / LogL: -2199.867 / Time: 0h:0m:0s (0h:0m:0s left)
Iteration 60 / LogL: -1982.062 / Time: 0h:0m:0s (0h:0m:0s left)
Iteration 70 / LogL: -1981.925 / Time: 0h:0m:1s (0h:0m:0s left)
Iteration 80 / LogL: -1981.926 / Time: 0h:0m:1s (0h:0m:0s left)
Iteration 90 / LogL: -1981.925 / Time: 0h:0m:1s (0h:0m:0s left)
Iteration 100 / LogL: -2006.254 / Time: 0h:0m:1s (0h:0m:0s left)
TREE SEARCH COMPLETED AFTER 101 ITERATIONS / Time: 0h:0m:1s

--------------------------------------------------------------------
|                    FINALIZING TREE SEARCH                        |
--------------------------------------------------------------------
Performs final model parameters optimization
Estimate model parameters (epsilon = 0.010)
1. Initial log-likelihood: -1981.925
Optimal log-likelihood: -1981.925
Rate parameters:  A-C: 1.125  A-G: 1.357  A-T: 1.144  C-G: 0.966  C-T: 1.237  G-T: 1.000
Base frequencies:   A: 0.260  C: 0.241  G: 0.255  T: 0.244
Gamma shape alpha: 22.879
Parameters optimization took 1 rounds (0.006 sec)
BEST SCORE FOUND : -1981.925

Testing tree branches by SH-like aLRT with 1000 replicates...
CPU Time used:  0.108 sec.
Total tree length: 1.144

Total number of iterations: 101
CPU time used for tree search: 1.588 sec (0h:0m:1s)
Wall-clock time used for tree search: 1.589 sec (0h:0m:1s)
Total CPU time used: 1.732 sec (0h:0m:1s)
Total wall-clock time used: 1.736 sec (0h:0m:1s)

Analysis results written to: 
  IQ-TREE report:                ../simulations/data_D10T10L20I10T10//S/963_pruned.fasta.iqtree
  Maximum-likelihood tree:       ../simulations/data_D10T10L20I10T10//S/963_pruned.fasta.treefile
  Likelihood distances:          ../simulations/data_D10T10L20I10T10//S/963_pruned.fasta.mldist
  Screen log file:               ../simulations/data_D10T10L20I10T10//S/963_pruned.fasta.log

Date and Time: Fri Jun  1 10:47:47 2018
