IQ-TREE version 1.4.2 for Linux 64-bit built Apr 15 2016
Copyright (c) 2011-2015 Nguyen Lam Tung, Olga Chernomor, Arndt von Haeseler and Bui Quang Minh.

Host:    meduse (AVX2, FMA3, 7 GB RAM)
Command: iqtree -s ../simulations/data_D10T10L20I10T10//S/96_pruned.fasta -m GTR+G -alrt 1000 -redo
Seed:    79904 (Using SPRNG - Scalable Parallel Random Number Generator)
Time:    Mon Jun  4 00:44:24 2018
Kernel:  AVX

NOTE: Consider using the multicore version because your CPU has 4 cores!

Reading alignment file ../simulations/data_D10T10L20I10T10//S/96_pruned.fasta ... Fasta format detected
Alignment most likely contains DNA/RNA sequences
Alignment has 24 sequences with 300 columns and 299 patterns (292 informative sites)
          Gap/Ambiguity  Composition  p-value
   1  n274_273    0.00%    passed     37.59%
   2  n300_297    0.00%    passed     81.08%
   3  n277_276    0.00%    passed     40.50%
   4  n289_286    0.00%    passed     62.58%
   5  n265_264    0.00%    passed     14.09%
   6  n292_289    0.00%    passed     79.38%
   7  n298_295    0.00%    passed     82.04%
   8  n290_287    0.00%    passed     72.48%
   9  n296_293    0.00%    passed     36.62%
  10  n244_247    0.00%    passed     73.67%
  11  n299_296    0.00%    passed     69.90%
  12  n275_274    0.00%    passed     97.47%
  13  n266_265    0.00%    passed     13.81%
  14  n295_292    0.00%    passed     41.22%
  15  n236_239    0.00%    passed     39.21%
  16  n251_250    0.00%    passed     64.49%
  17  n200_203    0.00%    passed     21.40%
  18  n293_290    0.00%    passed     95.32%
  19  n278_277    0.00%    passed     34.76%
  20  n255_254    0.00%    passed     44.65%
  21  n297_294    0.00%    passed     81.19%
  22  n294_291    0.00%    passed     98.75%
  23  n287_284    0.00%    passed     63.41%
  24  n280_279    0.00%    passed     62.03%
****  TOTAL       0.00%  0 sequences failed composition chi2 test (p-value<5%; df=3)

Create initial parsimony tree by phylogenetic likelihood library (PLL)... 0.001 seconds

NOTE: 1 MB RAM is required!
Estimate model parameters (epsilon = 0.100)
1. Initial log-likelihood: -4712.662
2. Current log-likelihood: -4630.439
3. Current log-likelihood: -4618.349
4. Current log-likelihood: -4614.387
5. Current log-likelihood: -4612.243
6. Current log-likelihood: -4611.643
7. Current log-likelihood: -4611.504
Optimal log-likelihood: -4611.413
Rate parameters:  A-C: 0.979  A-G: 1.120  A-T: 1.100  C-G: 0.981  C-T: 1.453  G-T: 1.000
Base frequencies:   A: 0.248  C: 0.261  G: 0.255  T: 0.236
Gamma shape alpha: 4.782
Parameters optimization took 7 rounds (0.079 sec)
--------------------------------------------------------------------
|             INITIALIZING CANDIDATE TREE SET                      |
--------------------------------------------------------------------
Computing ML distances based on estimated model parameters... 0.004 sec
WARNING: Some pairwise ML distances are too long (saturated)
Computing BIONJ tree...
0.000 seconds
Log-likelihood of BIONJ tree: -4610.270
Generating 98 parsimony trees... 0.120 seconds 2 distinct starting trees
Computing log-likelihood of 2 initial trees ... 0.000 seconds
Optimizing top 2 initial trees with NNI...
Iteration 1 / LogL: -4609.118 / Time: 0h:0m:0s
Estimate model parameters (epsilon = 0.100)
BETTER TREE FOUND at iteration 1: -4609.046
Iteration 2 / LogL: -4611.503 / Time: 0h:0m:0s
Average CPU time for 1 NNI search: 0.012
Finish initializing candidate tree set. Number of distinct locally optimal trees: 2
Current best tree score: -4609.046 / CPU time: 0.144
--------------------------------------------------------------------
|               OPTIMIZING CANDIDATE TREE SET                      |
--------------------------------------------------------------------
Iteration 10 / LogL: -4614.221 / Time: 0h:0m:0s
Estimate model parameters (epsilon = 0.010)
BETTER TREE FOUND at iteration 12: -4607.631
Estimate model parameters (epsilon = 0.010)
BETTER TREE FOUND at iteration 16: -4605.367
Iteration 20 / LogL: -4605.652 / Time: 0h:0m:0s (0h:0m:4s left)
Iteration 30 / LogL: -4608.179 / Time: 0h:0m:1s (0h:0m:3s left)
Iteration 40 / LogL: -4607.021 / Time: 0h:0m:1s (0h:0m:2s left)
Iteration 50 / LogL: -4611.048 / Time: 0h:0m:1s (0h:0m:2s left)
Iteration 60 / LogL: -4608.339 / Time: 0h:0m:1s (0h:0m:1s left)
Iteration 70 / LogL: -4605.653 / Time: 0h:0m:2s (0h:0m:1s left)
Iteration 80 / LogL: -4606.464 / Time: 0h:0m:2s (0h:0m:1s left)
Iteration 90 / LogL: -4608.371 / Time: 0h:0m:2s (0h:0m:0s left)
Iteration 100 / LogL: -4607.985 / Time: 0h:0m:2s (0h:0m:0s left)
Iteration 110 / LogL: -4626.001 / Time: 0h:0m:3s (0h:0m:0s left)
TREE SEARCH COMPLETED AFTER 116 ITERATIONS / Time: 0h:0m:3s

--------------------------------------------------------------------
|                    FINALIZING TREE SEARCH                        |
--------------------------------------------------------------------
Performs final model parameters optimization
Estimate model parameters (epsilon = 0.010)
1. Initial log-likelihood: -4605.367
Optimal log-likelihood: -4605.365
Rate parameters:  A-C: 0.942  A-G: 1.119  A-T: 1.091  C-G: 0.992  C-T: 1.477  G-T: 1.000
Base frequencies:   A: 0.248  C: 0.261  G: 0.255  T: 0.236
Gamma shape alpha: 4.669
Parameters optimization took 1 rounds (0.006 sec)
BEST SCORE FOUND : -4605.365

Testing tree branches by SH-like aLRT with 1000 replicates...
CPU Time used:  0.108 sec.
Total tree length: 8.889

Total number of iterations: 116
CPU time used for tree search: 3.240 sec (0h:0m:3s)
Wall-clock time used for tree search: 3.242 sec (0h:0m:3s)
Total CPU time used: 3.472 sec (0h:0m:3s)
Total wall-clock time used: 3.474 sec (0h:0m:3s)

Analysis results written to: 
  IQ-TREE report:                ../simulations/data_D10T10L20I10T10//S/96_pruned.fasta.iqtree
  Maximum-likelihood tree:       ../simulations/data_D10T10L20I10T10//S/96_pruned.fasta.treefile
  Likelihood distances:          ../simulations/data_D10T10L20I10T10//S/96_pruned.fasta.mldist
  Screen log file:               ../simulations/data_D10T10L20I10T10//S/96_pruned.fasta.log

Date and Time: Mon Jun  4 00:44:27 2018
