IQ-TREE version 1.4.2 for Linux 64-bit built Apr 15 2016
Copyright (c) 2011-2015 Nguyen Lam Tung, Olga Chernomor, Arndt von Haeseler and Bui Quang Minh.

Host:    meduse (AVX2, FMA3, 7 GB RAM)
Command: iqtree -s ../simulations/data_D10T10L20I10T10//S/975_pruned.fasta -m GTR+G -alrt 1000 -redo
Seed:    133775 (Using SPRNG - Scalable Parallel Random Number Generator)
Time:    Fri Jun  1 10:35:40 2018
Kernel:  AVX

NOTE: Consider using the multicore version because your CPU has 4 cores!

Reading alignment file ../simulations/data_D10T10L20I10T10//S/975_pruned.fasta ... Fasta format detected
Alignment most likely contains DNA/RNA sequences
Alignment has 49 sequences with 300 columns and 226 patterns (199 informative sites)
          Gap/Ambiguity  Composition  p-value
   1  n298_453    0.00%    passed     70.47%
   2  n299_458    0.00%    passed     89.24%
   3  n293_446    0.00%    passed     94.06%
   4  n265_388    0.00%    passed     99.18%
   5  n293_444    0.00%    passed     72.33%
   6  n292_441    0.00%    passed     83.64%
   7  n295_450    0.00%    passed     91.52%
   8  n236_343    0.00%    passed     90.02%
   9  n251_364    0.00%    passed     85.44%
  10  n294_445    0.00%    passed     59.14%
  11  n265_390    0.00%    passed     76.60%
  12  n298_455    0.00%    passed     90.19%
  13  n287_434    0.00%    passed     90.10%
  14  n236_341    0.00%    passed     68.96%
  15  n287_432    0.00%    passed     83.70%
  16  n255_370    0.00%    passed     83.72%
  17  n300_459    0.00%    passed     89.24%
  18  n297_454    0.00%    passed     93.05%
  19  n294_447    0.00%    passed     96.61%
  20  n299_456    0.00%    passed     88.96%
  21  n280_419    0.00%    passed     85.13%
  22  n295_448    0.00%    passed     84.41%
  23  n292_443    0.00%    passed     83.04%
  24  n286_429    0.00%    passed     91.75%
  25  n274_405    0.00%    passed     93.53%
  26  n296_449    0.00%    passed     85.92%
  27  n266_389    0.00%    passed     84.06%
  28  n266_391    0.00%    passed     83.86%
  29  n296_451    0.00%    passed     91.52%
  30  n290_437    0.00%    passed     86.75%
  31  n286_431    0.00%    passed     84.73%
  32  n300_457    0.00%    passed     87.59%
  33  n278_415    0.00%    passed     97.05%
  34  n289_436    0.00%    passed     86.75%
  35  n289_438    0.00%    passed     94.28%
  36  n290_439    0.00%    passed     91.14%
  37  n277_414    0.00%    passed     97.40%
  38  n275_408    0.00%    passed     76.57%
  39  n297_452    0.00%    passed     70.47%
  40  n275_410    0.00%    passed     89.64%
  41  n200_287    0.00%    passed     35.65%
  42  n200_285    0.00%    passed     37.49%
  43  n285_428    0.00%    passed     87.12%
  44  n278_413    0.00%    passed     47.22%
  45  n244_353    0.00%    passed     67.68%
  46  n285_430    0.00%    passed     82.42%
  47  n274_407    0.00%    passed     95.96%
  48  n280_417    0.00%    passed     83.64%
  49  n277_412    0.00%    passed     45.72%
****  TOTAL       0.00%  0 sequences failed composition chi2 test (p-value<5%; df=3)
NOTE: 4 identical sequences (see below) will be ignored for subsequent analysis
NOTE: n297_452 (identical to n298_453) is ignored but added at the end
NOTE: n300_459 (identical to n299_458) is ignored but added at the end
NOTE: n296_451 (identical to n295_450) is ignored but added at the end
NOTE: n289_436 (identical to n290_437) is ignored but added at the end

Create initial parsimony tree by phylogenetic likelihood library (PLL)... 0.002 seconds

NOTE: 1 MB RAM is required!
Estimate model parameters (epsilon = 0.100)
1. Initial log-likelihood: -3049.956
2. Current log-likelihood: -2998.545
3. Current log-likelihood: -2998.085
Optimal log-likelihood: -2998.057
Rate parameters:  A-C: 1.475  A-G: 1.264  A-T: 1.032  C-G: 1.170  C-T: 1.122  G-T: 1.000
Base frequencies:   A: 0.226  C: 0.238  G: 0.253  T: 0.282
Gamma shape alpha: 4.010
Parameters optimization took 3 rounds (0.050 sec)
--------------------------------------------------------------------
|             INITIALIZING CANDIDATE TREE SET                      |
--------------------------------------------------------------------
Computing ML distances based on estimated model parameters... 0.008 sec
Computing BIONJ tree...
0.001 seconds
Log-likelihood of BIONJ tree: -3003.404
Generating 98 parsimony trees... 0.268 seconds 59 distinct starting trees
Computing log-likelihood of 59 initial trees ... 0.224 seconds
Optimizing top 20 initial trees with NNI...
Iteration 1 / LogL: -2998.058 / Time: 0h:0m:0s
Estimate model parameters (epsilon = 0.100)
BETTER SCORE FOUND at iteration 1: -2998.039
Iteration 2 / LogL: -2998.059 / Time: 0h:0m:0s
Iteration 3 / LogL: -2998.059 / Time: 0h:0m:0s
Iteration 4 / LogL: -2998.059 / Time: 0h:0m:0s
Iteration 5 / LogL: -2998.059 / Time: 0h:0m:0s
Iteration 6 / LogL: -2998.059 / Time: 0h:0m:0s
Iteration 7 / LogL: -2998.059 / Time: 0h:0m:0s
Iteration 8 / LogL: -2998.059 / Time: 0h:0m:0s
Iteration 9 / LogL: -2998.059 / Time: 0h:0m:0s
Iteration 10 / LogL: -2998.059 / Time: 0h:0m:0s
Iteration 11 / LogL: -2998.059 / Time: 0h:0m:0s
Iteration 12 / LogL: -2998.059 / Time: 0h:0m:0s
Iteration 13 / LogL: -2998.059 / Time: 0h:0m:0s
Iteration 14 / LogL: -2998.059 / Time: 0h:0m:0s
Iteration 15 / LogL: -2998.059 / Time: 0h:0m:0s
Iteration 16 / LogL: -2998.059 / Time: 0h:0m:0s
Iteration 17 / LogL: -2998.059 / Time: 0h:0m:0s
Iteration 18 / LogL: -2998.059 / Time: 0h:0m:0s
Iteration 19 / LogL: -2998.059 / Time: 0h:0m:0s
Iteration 20 / LogL: -2998.059 / Time: 0h:0m:0s
Average CPU time for 1 NNI search: 0.010
Finish initializing candidate tree set. Number of distinct locally optimal trees: 20
Current best tree score: -2998.039 / CPU time: 0.692
--------------------------------------------------------------------
|               OPTIMIZING CANDIDATE TREE SET                      |
--------------------------------------------------------------------
Iteration 30 / LogL: -2998.046 / Time: 0h:0m:1s (0h:0m:2s left)
Iteration 40 / LogL: -2998.089 / Time: 0h:0m:1s (0h:0m:2s left)
Iteration 50 / LogL: -2998.033 / Time: 0h:0m:1s (0h:0m:1s left)
Iteration 60 / LogL: -2998.032 / Time: 0h:0m:2s (0h:0m:1s left)
Iteration 70 / LogL: -3003.618 / Time: 0h:0m:2s (0h:0m:1s left)
Iteration 80 / LogL: -2998.042 / Time: 0h:0m:2s (0h:0m:0s left)
Iteration 90 / LogL: -2998.033 / Time: 0h:0m:3s (0h:0m:0s left)
Iteration 100 / LogL: -2998.032 / Time: 0h:0m:3s (0h:0m:0s left)
TREE SEARCH COMPLETED AFTER 101 ITERATIONS / Time: 0h:0m:3s

--------------------------------------------------------------------
|                    FINALIZING TREE SEARCH                        |
--------------------------------------------------------------------
Performs final model parameters optimization
Estimate model parameters (epsilon = 0.010)
1. Initial log-likelihood: -2998.031
Optimal log-likelihood: -2998.030
Rate parameters:  A-C: 1.475  A-G: 1.267  A-T: 1.037  C-G: 1.147  C-T: 1.127  G-T: 1.000
Base frequencies:   A: 0.226  C: 0.238  G: 0.253  T: 0.282
Gamma shape alpha: 4.027
Parameters optimization took 1 rounds (0.013 sec)
BEST SCORE FOUND : -2998.030

Testing tree branches by SH-like aLRT with 1000 replicates...
CPU Time used:  0.188 sec.
Total tree length: 1.819

Total number of iterations: 101
CPU time used for tree search: 3.540 sec (0h:0m:3s)
Wall-clock time used for tree search: 3.541 sec (0h:0m:3s)
Total CPU time used: 3.812 sec (0h:0m:3s)
Total wall-clock time used: 3.817 sec (0h:0m:3s)

Analysis results written to: 
  IQ-TREE report:                ../simulations/data_D10T10L20I10T10//S/975_pruned.fasta.iqtree
  Maximum-likelihood tree:       ../simulations/data_D10T10L20I10T10//S/975_pruned.fasta.treefile
  Likelihood distances:          ../simulations/data_D10T10L20I10T10//S/975_pruned.fasta.mldist
  Screen log file:               ../simulations/data_D10T10L20I10T10//S/975_pruned.fasta.log

Date and Time: Fri Jun  1 10:35:43 2018
