IQ-TREE version 1.4.2 for Linux 64-bit built Apr 15 2016
Copyright (c) 2011-2015 Nguyen Lam Tung, Olga Chernomor, Arndt von Haeseler and Bui Quang Minh.

Host:    meduse (AVX2, FMA3, 7 GB RAM)
Command: iqtree -s ../simulations/data_D8T8L15I8T8//S/978_pruned.fasta -m GTR+G -alrt 1000 -redo
Seed:    609994 (Using SPRNG - Scalable Parallel Random Number Generator)
Time:    Fri May 25 22:42:02 2018
Kernel:  AVX

NOTE: Consider using the multicore version because your CPU has 4 cores!

Reading alignment file ../simulations/data_D8T8L15I8T8//S/978_pruned.fasta ... Fasta format detected
Alignment most likely contains DNA/RNA sequences
Alignment has 26 sequences with 300 columns and 169 patterns (143 informative sites)
          Gap/Ambiguity  Composition  p-value
   1  n255_258    0.00%    passed     34.16%
   2  n278_281    0.00%    passed     58.20%
   3  n289_292    0.00%    passed     51.20%
   4  n277_280    0.00%    passed     58.20%
   5  n298_301    0.00%    passed     90.83%
   6  n286_289    0.00%    passed     87.51%
   7  n266_269    0.00%    passed     75.58%
   8  n297_300    0.00%    passed     88.38%
   9  n300_303    0.00%    passed     70.64%
  10  n251_254    0.00%    passed     38.85%
  11  n299_302    0.00%    passed     68.23%
  12  n280_283    0.00%    passed     72.47%
  13  n244_247    0.00%    passed     35.01%
  14  n285_288    0.00%    passed     87.51%
  15  n296_299    0.00%    passed     75.51%
  16  n236_239    0.00%    passed     65.68%
  17  n294_297    0.00%    passed     90.83%
  18  n287_290    0.00%    passed     47.73%
  19  n200_203    0.00%    passed     89.04%
  20  n274_277    0.00%    passed     71.74%
  21  n295_298    0.00%    passed     77.12%
  22  n265_268    0.00%    passed     90.86%
  23  n293_296    0.00%    passed     88.38%
  24  n275_278    0.00%    passed     89.74%
  25  n290_293    0.00%    passed     51.20%
  26  n292_295    0.00%    passed     70.64%
****  TOTAL       0.00%  0 sequences failed composition chi2 test (p-value<5%; df=3)
NOTE: 4 identical sequences (see below) will be ignored for subsequent analysis
NOTE: n290_293 (identical to n289_292) is ignored but added at the end
NOTE: n285_288 (identical to n286_289) is ignored but added at the end
NOTE: n293_296 (identical to n297_300) is ignored but added at the end
NOTE: n292_295 (identical to n300_303) is ignored but added at the end

Create initial parsimony tree by phylogenetic likelihood library (PLL)... 0.001 seconds

NOTE: 0 MB RAM is required!
Estimate model parameters (epsilon = 0.100)
1. Initial log-likelihood: -1988.950
2. Current log-likelihood: -1945.167
3. Current log-likelihood: -1944.844
Optimal log-likelihood: -1944.841
Rate parameters:  A-C: 0.812  A-G: 1.341  A-T: 1.075  C-G: 0.823  C-T: 1.383  G-T: 1.000
Base frequencies:   A: 0.238  C: 0.293  G: 0.245  T: 0.224
Gamma shape alpha: 4.243
Parameters optimization took 3 rounds (0.035 sec)
--------------------------------------------------------------------
|             INITIALIZING CANDIDATE TREE SET                      |
--------------------------------------------------------------------
Computing ML distances based on estimated model parameters... 0.004 sec
Computing BIONJ tree...
0.001 seconds
Log-likelihood of BIONJ tree: -1944.750
Generating 98 parsimony trees... 0.165 seconds 29 distinct starting trees
Computing log-likelihood of 29 initial trees ... 0.095 seconds
Optimizing top 20 initial trees with NNI...
Iteration 1 / LogL: -1944.751 / Time: 0h:0m:0s
Estimate model parameters (epsilon = 0.100)
BETTER SCORE FOUND at iteration 1: -1944.741
Iteration 2 / LogL: -1944.744 / Time: 0h:0m:0s
Iteration 3 / LogL: -1944.744 / Time: 0h:0m:0s
Iteration 4 / LogL: -1944.745 / Time: 0h:0m:0s
Iteration 5 / LogL: -1944.745 / Time: 0h:0m:0s
Iteration 6 / LogL: -1944.775 / Time: 0h:0m:0s
Iteration 7 / LogL: -1944.763 / Time: 0h:0m:0s
Iteration 8 / LogL: -1944.763 / Time: 0h:0m:0s
Iteration 9 / LogL: -1944.852 / Time: 0h:0m:0s
Iteration 10 / LogL: -1944.852 / Time: 0h:0m:0s
Iteration 11 / LogL: -1944.852 / Time: 0h:0m:0s
Iteration 12 / LogL: -1944.774 / Time: 0h:0m:0s
Iteration 13 / LogL: -1944.852 / Time: 0h:0m:0s
Iteration 14 / LogL: -1944.774 / Time: 0h:0m:0s
Iteration 15 / LogL: -1944.774 / Time: 0h:0m:0s
Iteration 16 / LogL: -1944.774 / Time: 0h:0m:0s
Iteration 17 / LogL: -1944.852 / Time: 0h:0m:0s
Iteration 18 / LogL: -1944.852 / Time: 0h:0m:0s
Iteration 19 / LogL: -1944.775 / Time: 0h:0m:0s
Iteration 20 / LogL: -1944.775 / Time: 0h:0m:0s
Average CPU time for 1 NNI search: 0.007
Finish initializing candidate tree set. Number of distinct locally optimal trees: 13
Current best tree score: -1944.741 / CPU time: 0.388
--------------------------------------------------------------------
|               OPTIMIZING CANDIDATE TREE SET                      |
--------------------------------------------------------------------
Iteration 30 / LogL: -1944.759 / Time: 0h:0m:0s (0h:0m:1s left)
Iteration 40 / LogL: -2086.837 / Time: 0h:0m:0s (0h:0m:1s left)
Iteration 50 / LogL: -1944.834 / Time: 0h:0m:1s (0h:0m:1s left)
Iteration 60 / LogL: -1944.742 / Time: 0h:0m:1s (0h:0m:0s left)
Iteration 70 / LogL: -1944.740 / Time: 0h:0m:1s (0h:0m:0s left)
Iteration 80 / LogL: -1944.863 / Time: 0h:0m:1s (0h:0m:0s left)
Iteration 90 / LogL: -1944.763 / Time: 0h:0m:2s (0h:0m:0s left)
Iteration 100 / LogL: -1944.742 / Time: 0h:0m:2s (0h:0m:0s left)
TREE SEARCH COMPLETED AFTER 101 ITERATIONS / Time: 0h:0m:2s

--------------------------------------------------------------------
|                    FINALIZING TREE SEARCH                        |
--------------------------------------------------------------------
Performs final model parameters optimization
Estimate model parameters (epsilon = 0.010)
1. Initial log-likelihood: -1944.740
Optimal log-likelihood: -1944.736
Rate parameters:  A-C: 0.832  A-G: 1.353  A-T: 1.106  C-G: 0.837  C-T: 1.403  G-T: 1.000
Base frequencies:   A: 0.238  C: 0.293  G: 0.245  T: 0.224
Gamma shape alpha: 4.262
Parameters optimization took 1 rounds (0.005 sec)
BEST SCORE FOUND : -1944.736

Testing tree branches by SH-like aLRT with 1000 replicates...
CPU Time used:  0.120 sec.
Total tree length: 1.126

Total number of iterations: 101
CPU time used for tree search: 2.144 sec (0h:0m:2s)
Wall-clock time used for tree search: 2.192 sec (0h:0m:2s)
Total CPU time used: 2.332 sec (0h:0m:2s)
Total wall-clock time used: 2.384 sec (0h:0m:2s)

Analysis results written to: 
  IQ-TREE report:                ../simulations/data_D8T8L15I8T8//S/978_pruned.fasta.iqtree
  Maximum-likelihood tree:       ../simulations/data_D8T8L15I8T8//S/978_pruned.fasta.treefile
  Likelihood distances:          ../simulations/data_D8T8L15I8T8//S/978_pruned.fasta.mldist
  Screen log file:               ../simulations/data_D8T8L15I8T8//S/978_pruned.fasta.log

Date and Time: Fri May 25 22:42:04 2018
