IQ-TREE version 1.4.2 for Linux 64-bit built Apr 15 2016
Copyright (c) 2011-2015 Nguyen Lam Tung, Olga Chernomor, Arndt von Haeseler and Bui Quang Minh.

Host:    meduse (AVX2, FMA3, 7 GB RAM)
Command: iqtree -s ../simulations/data_D10T10L20I10T10//S/97_pruned.fasta -m GTR+G -alrt 1000 -redo
Seed:    8173 (Using SPRNG - Scalable Parallel Random Number Generator)
Time:    Mon Jun  4 01:19:41 2018
Kernel:  AVX

NOTE: Consider using the multicore version because your CPU has 4 cores!

Reading alignment file ../simulations/data_D10T10L20I10T10//S/97_pruned.fasta ... Fasta format detected
Alignment most likely contains DNA/RNA sequences
Alignment has 24 sequences with 300 columns and 300 patterns (286 informative sites)
          Gap/Ambiguity  Composition  p-value
   1  n293_288    0.00%    passed     96.20%
   2  n251_248    0.00%    passed     91.34%
   3  n290_285    0.00%    passed     92.76%
   4  n244_245    0.00%    passed     66.66%
   5  n292_287    0.00%    passed     35.90%
   6  n266_263    0.00%    passed     89.66%
   7  n278_275    0.00%    passed     81.92%
   8  n200_201    0.00%    passed     68.06%
   9  n298_293    0.00%    passed     83.33%
  10  n296_291    0.00%    passed     63.66%
  11  n274_271    0.00%    passed     83.91%
  12  n300_295    0.00%    passed     41.17%
  13  n294_289    0.00%    passed     85.16%
  14  n280_277    0.00%    passed     34.02%
  15  n265_262    0.00%    passed     54.55%
  16  n275_272    0.00%    passed     61.60%
  17  n287_282    0.00%    passed     85.21%
  18  n299_294    0.00%    passed     41.98%
  19  n255_252    0.00%    passed     22.90%
  20  n295_290    0.00%    passed     79.94%
  21  n289_284    0.00%    passed     68.87%
  22  n277_274    0.00%    passed     31.62%
  23  n297_292    0.00%    passed     75.47%
  24  n236_237    0.00%    passed     54.37%
****  TOTAL       0.00%  0 sequences failed composition chi2 test (p-value<5%; df=3)

Create initial parsimony tree by phylogenetic likelihood library (PLL)... 0.001 seconds

NOTE: 1 MB RAM is required!
Estimate model parameters (epsilon = 0.100)
1. Initial log-likelihood: -4715.319
2. Current log-likelihood: -4636.851
3. Current log-likelihood: -4628.689
4. Current log-likelihood: -4626.512
5. Current log-likelihood: -4625.913
6. Current log-likelihood: -4625.758
Optimal log-likelihood: -4625.688
Rate parameters:  A-C: 1.036  A-G: 1.382  A-T: 0.850  C-G: 1.151  C-T: 1.437  G-T: 1.000
Base frequencies:   A: 0.233  C: 0.284  G: 0.221  T: 0.261
Gamma shape alpha: 2.896
Parameters optimization took 6 rounds (0.072 sec)
--------------------------------------------------------------------
|             INITIALIZING CANDIDATE TREE SET                      |
--------------------------------------------------------------------
Computing ML distances based on estimated model parameters... 0.004 sec
WARNING: Some pairwise ML distances are too long (saturated)
Computing BIONJ tree...
0.000 seconds
Log-likelihood of BIONJ tree: -4628.755
Generating 98 parsimony trees... 0.111 seconds 4 distinct starting trees
Computing log-likelihood of 4 initial trees ... 0.005 seconds
Optimizing top 4 initial trees with NNI...
Iteration 1 / LogL: -4624.964 / Time: 0h:0m:0s
Estimate model parameters (epsilon = 0.100)
BETTER TREE FOUND at iteration 1: -4624.852
Iteration 2 / LogL: -4625.011 / Time: 0h:0m:0s
Iteration 3 / LogL: -4625.011 / Time: 0h:0m:0s
Iteration 4 / LogL: -4627.402 / Time: 0h:0m:0s
Average CPU time for 1 NNI search: 0.013
Finish initializing candidate tree set. Number of distinct locally optimal trees: 4
Current best tree score: -4624.852 / CPU time: 0.168
--------------------------------------------------------------------
|               OPTIMIZING CANDIDATE TREE SET                      |
--------------------------------------------------------------------
Iteration 10 / LogL: -4627.235 / Time: 0h:0m:0s
Estimate model parameters (epsilon = 0.010)
BETTER TREE FOUND at iteration 12: -4624.350
Iteration 20 / LogL: -4632.898 / Time: 0h:0m:0s (0h:0m:3s left)
Iteration 30 / LogL: -4644.715 / Time: 0h:0m:0s (0h:0m:2s left)
Iteration 40 / LogL: -4625.343 / Time: 0h:0m:1s (0h:0m:2s left)
Iteration 50 / LogL: -4624.747 / Time: 0h:0m:1s (0h:0m:1s left)
Iteration 60 / LogL: -4626.859 / Time: 0h:0m:1s (0h:0m:1s left)
Iteration 70 / LogL: -4625.684 / Time: 0h:0m:2s (0h:0m:1s left)
Iteration 80 / LogL: -4624.623 / Time: 0h:0m:2s (0h:0m:0s left)
Iteration 90 / LogL: -4629.059 / Time: 0h:0m:2s (0h:0m:0s left)
Iteration 100 / LogL: -4640.789 / Time: 0h:0m:2s (0h:0m:0s left)
Iteration 110 / LogL: -4625.454 / Time: 0h:0m:3s (0h:0m:0s left)
TREE SEARCH COMPLETED AFTER 112 ITERATIONS / Time: 0h:0m:3s

--------------------------------------------------------------------
|                    FINALIZING TREE SEARCH                        |
--------------------------------------------------------------------
Performs final model parameters optimization
Estimate model parameters (epsilon = 0.010)
1. Initial log-likelihood: -4624.350
Optimal log-likelihood: -4624.343
Rate parameters:  A-C: 1.010  A-G: 1.387  A-T: 0.841  C-G: 1.111  C-T: 1.434  G-T: 1.000
Base frequencies:   A: 0.233  C: 0.284  G: 0.221  T: 0.261
Gamma shape alpha: 3.069
Parameters optimization took 1 rounds (0.006 sec)
BEST SCORE FOUND : -4624.343

Testing tree branches by SH-like aLRT with 1000 replicates...
CPU Time used:  0.108 sec.
Total tree length: 8.945

Total number of iterations: 112
CPU time used for tree search: 3.036 sec (0h:0m:3s)
Wall-clock time used for tree search: 3.036 sec (0h:0m:3s)
Total CPU time used: 3.296 sec (0h:0m:3s)
Total wall-clock time used: 3.295 sec (0h:0m:3s)

Analysis results written to: 
  IQ-TREE report:                ../simulations/data_D10T10L20I10T10//S/97_pruned.fasta.iqtree
  Maximum-likelihood tree:       ../simulations/data_D10T10L20I10T10//S/97_pruned.fasta.treefile
  Likelihood distances:          ../simulations/data_D10T10L20I10T10//S/97_pruned.fasta.mldist
  Screen log file:               ../simulations/data_D10T10L20I10T10//S/97_pruned.fasta.log

Date and Time: Mon Jun  4 01:19:44 2018
