IQ-TREE version 1.4.2 for Linux 64-bit built Apr 15 2016
Copyright (c) 2011-2015 Nguyen Lam Tung, Olga Chernomor, Arndt von Haeseler and Bui Quang Minh.

Host:    meduse (AVX2, FMA3, 7 GB RAM)
Command: iqtree -s ../simulations/data_D10T10L20I10T10//S/980_pruned.fasta -m GTR+G -alrt 1000 -redo
Seed:    31123 (Using SPRNG - Scalable Parallel Random Number Generator)
Time:    Fri Jun  1 10:49:09 2018
Kernel:  AVX

NOTE: Consider using the multicore version because your CPU has 4 cores!

Reading alignment file ../simulations/data_D10T10L20I10T10//S/980_pruned.fasta ... Fasta format detected
Alignment most likely contains DNA/RNA sequences
Alignment has 26 sequences with 300 columns and 182 patterns (154 informative sites)
          Gap/Ambiguity  Composition  p-value
   1  n300_303    0.00%    passed     75.11%
   2  n289_292    0.00%    passed     92.40%
   3  n290_293    0.00%    passed     92.10%
   4  n296_299    0.00%    passed     96.96%
   5  n255_258    0.00%    passed     60.19%
   6  n298_301    0.00%    passed     98.47%
   7  n297_300    0.00%    passed     98.47%
   8  n278_281    0.00%    passed     32.95%
   9  n287_290    0.00%    passed     92.40%
  10  n280_283    0.00%    passed     75.11%
  11  n285_288    0.00%    passed     94.54%
  12  n292_295    0.00%    passed     75.11%
  13  n236_239    0.00%    passed     71.88%
  14  n265_268    0.00%    passed     40.27%
  15  n275_278    0.00%    passed     95.25%
  16  n277_280    0.00%    passed     40.04%
  17  n299_302    0.00%    passed     76.10%
  18  n200_203    0.00%    passed     92.10%
  19  n266_269    0.00%    passed     58.48%
  20  n286_289    0.00%    passed     90.96%
  21  n251_254    0.00%    passed     73.11%
  22  n293_296    0.00%    passed     99.67%
  23  n244_247    0.00%    passed     82.46%
  24  n274_277    0.00%    passed     66.79%
  25  n295_298    0.00%    passed     97.96%
  26  n294_297    0.00%    passed     93.51%
****  TOTAL       0.00%  0 sequences failed composition chi2 test (p-value<5%; df=3)
NOTE: 3 identical sequences (see below) will be ignored for subsequent analysis
NOTE: n287_290 (identical to n289_292) is ignored but added at the end
NOTE: n297_300 (identical to n298_301) is ignored but added at the end
NOTE: n292_295 (identical to n280_283) is ignored but added at the end

Create initial parsimony tree by phylogenetic likelihood library (PLL)... 0.001 seconds

NOTE: 0 MB RAM is required!
Estimate model parameters (epsilon = 0.100)
1. Initial log-likelihood: -2070.692
2. Current log-likelihood: -2027.893
3. Current log-likelihood: -2027.545
Optimal log-likelihood: -2027.538
Rate parameters:  A-C: 1.429  A-G: 1.329  A-T: 1.387  C-G: 1.263  C-T: 1.788  G-T: 1.000
Base frequencies:   A: 0.214  C: 0.263  G: 0.274  T: 0.249
Gamma shape alpha: 18.186
Parameters optimization took 3 rounds (0.025 sec)
--------------------------------------------------------------------
|             INITIALIZING CANDIDATE TREE SET                      |
--------------------------------------------------------------------
Computing ML distances based on estimated model parameters... 0.004 sec
Computing BIONJ tree...
0.000 seconds
Log-likelihood of BIONJ tree: -2027.538
Generating 99 parsimony trees... 0.083 seconds 6 distinct starting trees
Computing log-likelihood of 6 initial trees ... 0.009 seconds
Optimizing top 6 initial trees with NNI...
Iteration 1 / LogL: -2027.502 / Time: 0h:0m:0s
Estimate model parameters (epsilon = 0.100)
BETTER SCORE FOUND at iteration 1: -2027.481
Iteration 2 / LogL: -2027.482 / Time: 0h:0m:0s
Iteration 3 / LogL: -2027.482 / Time: 0h:0m:0s
Iteration 4 / LogL: -2027.481 / Time: 0h:0m:0s
Iteration 5 / LogL: -2027.481 / Time: 0h:0m:0s
Iteration 6 / LogL: -2027.481 / Time: 0h:0m:0s
Average CPU time for 1 NNI search: 0.005
Finish initializing candidate tree set. Number of distinct locally optimal trees: 3
Current best tree score: -2027.481 / CPU time: 0.124
--------------------------------------------------------------------
|               OPTIMIZING CANDIDATE TREE SET                      |
--------------------------------------------------------------------
Iteration 10 / LogL: -2027.480 / Time: 0h:0m:0s
Iteration 20 / LogL: -2027.480 / Time: 0h:0m:0s (0h:0m:1s left)
Iteration 30 / LogL: -2030.714 / Time: 0h:0m:0s (0h:0m:1s left)
Iteration 40 / LogL: -2027.481 / Time: 0h:0m:0s (0h:0m:1s left)
Iteration 50 / LogL: -2027.480 / Time: 0h:0m:0s (0h:0m:0s left)
Iteration 60 / LogL: -2027.480 / Time: 0h:0m:0s (0h:0m:0s left)
Iteration 70 / LogL: -2027.488 / Time: 0h:0m:1s (0h:0m:0s left)
Iteration 80 / LogL: -2027.481 / Time: 0h:0m:1s (0h:0m:0s left)
Iteration 90 / LogL: -2027.481 / Time: 0h:0m:1s (0h:0m:0s left)
Iteration 100 / LogL: -2027.481 / Time: 0h:0m:1s (0h:0m:0s left)
TREE SEARCH COMPLETED AFTER 101 ITERATIONS / Time: 0h:0m:1s

--------------------------------------------------------------------
|                    FINALIZING TREE SEARCH                        |
--------------------------------------------------------------------
Performs final model parameters optimization
Estimate model parameters (epsilon = 0.010)
1. Initial log-likelihood: -2027.480
Optimal log-likelihood: -2027.476
Rate parameters:  A-C: 1.413  A-G: 1.328  A-T: 1.368  C-G: 1.228  C-T: 1.773  G-T: 1.000
Base frequencies:   A: 0.214  C: 0.263  G: 0.274  T: 0.249
Gamma shape alpha: 16.951
Parameters optimization took 1 rounds (0.006 sec)
BEST SCORE FOUND : -2027.476

Testing tree branches by SH-like aLRT with 1000 replicates...
CPU Time used:  0.104 sec.
Total tree length: 1.178

Total number of iterations: 101
CPU time used for tree search: 1.660 sec (0h:0m:1s)
Wall-clock time used for tree search: 1.658 sec (0h:0m:1s)
Total CPU time used: 1.804 sec (0h:0m:1s)
Total wall-clock time used: 1.807 sec (0h:0m:1s)

Analysis results written to: 
  IQ-TREE report:                ../simulations/data_D10T10L20I10T10//S/980_pruned.fasta.iqtree
  Maximum-likelihood tree:       ../simulations/data_D10T10L20I10T10//S/980_pruned.fasta.treefile
  Likelihood distances:          ../simulations/data_D10T10L20I10T10//S/980_pruned.fasta.mldist
  Screen log file:               ../simulations/data_D10T10L20I10T10//S/980_pruned.fasta.log

Date and Time: Fri Jun  1 10:49:10 2018
