IQ-TREE version 1.4.2 for Linux 64-bit built Apr 15 2016
Copyright (c) 2011-2015 Nguyen Lam Tung, Olga Chernomor, Arndt von Haeseler and Bui Quang Minh.

Host:    meduse (AVX2, FMA3, 7 GB RAM)
Command: iqtree -s ../simulations/data_D10T10L20I10T10//S/981_pruned.fasta -m GTR+G -alrt 1000 -redo
Seed:    64790 (Using SPRNG - Scalable Parallel Random Number Generator)
Time:    Fri Jun  1 10:29:45 2018
Kernel:  AVX

NOTE: Consider using the multicore version because your CPU has 4 cores!

Reading alignment file ../simulations/data_D10T10L20I10T10//S/981_pruned.fasta ... Fasta format detected
Alignment most likely contains DNA/RNA sequences
Alignment has 26 sequences with 300 columns and 167 patterns (149 informative sites)
          Gap/Ambiguity  Composition  p-value
   1  n292_293    0.00%    passed     99.68%
   2  n287_288    0.00%    passed     93.66%
   3  n290_291    0.00%    passed     95.72%
   4  n294_295    0.00%    passed     99.97%
   5  n251_252    0.00%    passed     80.28%
   6  n286_287    0.00%    passed     93.83%
   7  n300_301    0.00%    passed     99.65%
   8  n275_276    0.00%    passed     99.32%
   9  n274_275    0.00%    passed     98.78%
  10  n289_290    0.00%    passed     96.64%
  11  n255_256    0.00%    passed     88.37%
  12  n236_237    0.00%    passed     92.95%
  13  n299_300    0.00%    passed     99.65%
  14  n278_279    0.00%    passed     96.03%
  15  n297_298    0.00%    passed     98.43%
  16  n298_299    0.00%    passed     98.60%
  17  n244_245    0.00%    passed     76.55%
  18  n293_294    0.00%    passed     99.32%
  19  n296_297    0.00%    passed     96.64%
  20  n295_296    0.00%    passed     96.57%
  21  n266_267    0.00%    passed     96.18%
  22  n200_201    0.00%    passed     98.60%
  23  n285_286    0.00%    passed     94.44%
  24  n277_278    0.00%    passed     92.97%
  25  n280_281    0.00%    passed     97.40%
  26  n265_266    0.00%    passed     93.57%
****  TOTAL       0.00%  0 sequences failed composition chi2 test (p-value<5%; df=3)
NOTE: 2 identical sequences (see below) will be ignored for subsequent analysis
NOTE: n299_300 (identical to n300_301) is ignored but added at the end
NOTE: n293_294 (identical to n275_276) is ignored but added at the end

Create initial parsimony tree by phylogenetic likelihood library (PLL)... 0.001 seconds

NOTE: 0 MB RAM is required!
Estimate model parameters (epsilon = 0.100)
1. Initial log-likelihood: -1990.485
2. Current log-likelihood: -1945.361
3. Current log-likelihood: -1944.986
Optimal log-likelihood: -1944.970
Rate parameters:  A-C: 1.466  A-G: 1.286  A-T: 1.413  C-G: 1.550  C-T: 1.874  G-T: 1.000
Base frequencies:   A: 0.252  C: 0.249  G: 0.265  T: 0.234
Gamma shape alpha: 7.246
Parameters optimization took 3 rounds (0.019 sec)
--------------------------------------------------------------------
|             INITIALIZING CANDIDATE TREE SET                      |
--------------------------------------------------------------------
Computing ML distances based on estimated model parameters... 0.000 sec
Computing BIONJ tree...
0.000 seconds
Log-likelihood of BIONJ tree: -1948.385
Generating 98 parsimony trees... 0.093 seconds 34 distinct starting trees
Computing log-likelihood of 34 initial trees ... 0.053 seconds
Optimizing top 20 initial trees with NNI...
Iteration 1 / LogL: -1944.971 / Time: 0h:0m:0s
Estimate model parameters (epsilon = 0.100)
BETTER SCORE FOUND at iteration 1: -1944.966
Iteration 2 / LogL: -1944.967 / Time: 0h:0m:0s
Iteration 3 / LogL: -1944.967 / Time: 0h:0m:0s
Iteration 4 / LogL: -1944.967 / Time: 0h:0m:0s
Iteration 5 / LogL: -1944.967 / Time: 0h:0m:0s
Iteration 6 / LogL: -1944.967 / Time: 0h:0m:0s
Iteration 7 / LogL: -1944.967 / Time: 0h:0m:0s
Iteration 8 / LogL: -1944.967 / Time: 0h:0m:0s
Iteration 9 / LogL: -1944.967 / Time: 0h:0m:0s
Iteration 10 / LogL: -1944.967 / Time: 0h:0m:0s
Iteration 11 / LogL: -1944.967 / Time: 0h:0m:0s
Iteration 12 / LogL: -1944.967 / Time: 0h:0m:0s
Iteration 13 / LogL: -1944.967 / Time: 0h:0m:0s
Iteration 14 / LogL: -1944.967 / Time: 0h:0m:0s
Iteration 15 / LogL: -1944.967 / Time: 0h:0m:0s
Iteration 16 / LogL: -1944.967 / Time: 0h:0m:0s
Iteration 17 / LogL: -1944.967 / Time: 0h:0m:0s
Iteration 18 / LogL: -1944.967 / Time: 0h:0m:0s
Iteration 19 / LogL: -1944.967 / Time: 0h:0m:0s
Iteration 20 / LogL: -1944.967 / Time: 0h:0m:0s
Average CPU time for 1 NNI search: 0.004
Finish initializing candidate tree set. Number of distinct locally optimal trees: 20
Current best tree score: -1944.966 / CPU time: 0.220
--------------------------------------------------------------------
|               OPTIMIZING CANDIDATE TREE SET                      |
--------------------------------------------------------------------
Iteration 30 / LogL: -1944.965 / Time: 0h:0m:0s (0h:0m:0s left)
Iteration 40 / LogL: -1969.658 / Time: 0h:0m:0s (0h:0m:0s left)
Iteration 50 / LogL: -1944.968 / Time: 0h:0m:0s (0h:0m:0s left)
Iteration 60 / LogL: -1944.966 / Time: 0h:0m:0s (0h:0m:0s left)
Iteration 70 / LogL: -1944.965 / Time: 0h:0m:0s (0h:0m:0s left)
Iteration 80 / LogL: -1961.087 / Time: 0h:0m:1s (0h:0m:0s left)
Iteration 90 / LogL: -1944.965 / Time: 0h:0m:1s (0h:0m:0s left)
Iteration 100 / LogL: -1944.966 / Time: 0h:0m:1s (0h:0m:0s left)
TREE SEARCH COMPLETED AFTER 101 ITERATIONS / Time: 0h:0m:1s

--------------------------------------------------------------------
|                    FINALIZING TREE SEARCH                        |
--------------------------------------------------------------------
Performs final model parameters optimization
Estimate model parameters (epsilon = 0.010)
1. Initial log-likelihood: -1944.965
Optimal log-likelihood: -1944.962
Rate parameters:  A-C: 1.469  A-G: 1.289  A-T: 1.415  C-G: 1.555  C-T: 1.854  G-T: 1.000
Base frequencies:   A: 0.252  C: 0.249  G: 0.265  T: 0.234
Gamma shape alpha: 7.261
Parameters optimization took 1 rounds (0.004 sec)
BEST SCORE FOUND : -1944.962

Testing tree branches by SH-like aLRT with 1000 replicates...
CPU Time used:  0.092 sec.
Total tree length: 1.136

Total number of iterations: 101
CPU time used for tree search: 1.260 sec (0h:0m:1s)
Wall-clock time used for tree search: 1.263 sec (0h:0m:1s)
Total CPU time used: 1.384 sec (0h:0m:1s)
Total wall-clock time used: 1.390 sec (0h:0m:1s)

Analysis results written to: 
  IQ-TREE report:                ../simulations/data_D10T10L20I10T10//S/981_pruned.fasta.iqtree
  Maximum-likelihood tree:       ../simulations/data_D10T10L20I10T10//S/981_pruned.fasta.treefile
  Likelihood distances:          ../simulations/data_D10T10L20I10T10//S/981_pruned.fasta.mldist
  Screen log file:               ../simulations/data_D10T10L20I10T10//S/981_pruned.fasta.log

Date and Time: Fri Jun  1 10:29:46 2018
