IQ-TREE version 1.4.2 for Linux 64-bit built Apr 15 2016
Copyright (c) 2011-2015 Nguyen Lam Tung, Olga Chernomor, Arndt von Haeseler and Bui Quang Minh.

Host:    meduse (AVX2, FMA3, 7 GB RAM)
Command: iqtree -s ../simulations/data_D8T8L15I8T8//S/988_pruned.fasta -m GTR+G -alrt 1000 -redo
Seed:    672992 (Using SPRNG - Scalable Parallel Random Number Generator)
Time:    Fri May 25 22:46:59 2018
Kernel:  AVX

NOTE: Consider using the multicore version because your CPU has 4 cores!

Reading alignment file ../simulations/data_D8T8L15I8T8//S/988_pruned.fasta ... Fasta format detected
Alignment most likely contains DNA/RNA sequences
Alignment has 26 sequences with 300 columns and 182 patterns (167 informative sites)
          Gap/Ambiguity  Composition  p-value
   1  n287_288    0.00%    passed     75.69%
   2  n290_291    0.00%    passed     80.72%
   3  n236_237    0.00%    passed     57.85%
   4  n278_279    0.00%    passed     67.43%
   5  n285_286    0.00%    passed     97.12%
   6  n265_266    0.00%    passed     62.12%
   7  n280_281    0.00%    passed     31.26%
   8  n299_300    0.00%    passed     38.93%
   9  n293_294    0.00%    passed     63.35%
  10  n274_275    0.00%    passed     36.31%
  11  n292_293    0.00%    passed     31.84%
  12  n296_297    0.00%    passed     90.66%
  13  n294_295    0.00%    passed     55.71%
  14  n275_276    0.00%    passed     61.37%
  15  n297_298    0.00%    passed     76.10%
  16  n289_290    0.00%    passed     83.54%
  17  n286_287    0.00%    passed     94.51%
  18  n255_256    0.00%    passed     81.26%
  19  n295_296    0.00%    passed     84.62%
  20  n266_267    0.00%    passed     67.93%
  21  n244_245    0.00%    passed     14.12%
  22  n298_299    0.00%    passed     83.56%
  23  n300_301    0.00%    passed     46.34%
  24  n200_201    0.00%    passed     68.28%
  25  n277_278    0.00%    passed     53.07%
  26  n251_252    0.00%    passed     76.35%
****  TOTAL       0.00%  0 sequences failed composition chi2 test (p-value<5%; df=3)

Create initial parsimony tree by phylogenetic likelihood library (PLL)... 0.002 seconds

NOTE: 0 MB RAM is required!
Estimate model parameters (epsilon = 0.100)
1. Initial log-likelihood: -2066.962
2. Current log-likelihood: -2023.511
3. Current log-likelihood: -2023.092
Optimal log-likelihood: -2023.078
Rate parameters:  A-C: 1.443  A-G: 1.225  A-T: 1.109  C-G: 0.992  C-T: 1.772  G-T: 1.000
Base frequencies:   A: 0.264  C: 0.228  G: 0.262  T: 0.246
Gamma shape alpha: 72.184
Parameters optimization took 3 rounds (0.049 sec)
--------------------------------------------------------------------
|             INITIALIZING CANDIDATE TREE SET                      |
--------------------------------------------------------------------
Computing ML distances based on estimated model parameters... 0.000 sec
Computing BIONJ tree...
0.001 seconds
Log-likelihood of BIONJ tree: -2023.078
Generating 98 parsimony trees... 0.167 seconds 64 distinct starting trees
Computing log-likelihood of 64 initial trees ... 0.233 seconds
Optimizing top 20 initial trees with NNI...
Iteration 1 / LogL: -2023.079 / Time: 0h:0m:0s
Estimate model parameters (epsilon = 0.100)
BETTER SCORE FOUND at iteration 1: -2022.990
Iteration 2 / LogL: -2022.992 / Time: 0h:0m:0s
Iteration 3 / LogL: -2022.993 / Time: 0h:0m:0s
Iteration 4 / LogL: -2022.993 / Time: 0h:0m:0s
Iteration 5 / LogL: -2022.993 / Time: 0h:0m:0s
Iteration 6 / LogL: -2022.993 / Time: 0h:0m:0s
Iteration 7 / LogL: -2022.993 / Time: 0h:0m:0s
Iteration 8 / LogL: -2022.993 / Time: 0h:0m:0s
Iteration 9 / LogL: -2022.993 / Time: 0h:0m:0s
Iteration 10 / LogL: -2022.993 / Time: 0h:0m:0s
Iteration 11 / LogL: -2022.993 / Time: 0h:0m:0s
Iteration 12 / LogL: -2022.993 / Time: 0h:0m:0s
Iteration 13 / LogL: -2022.993 / Time: 0h:0m:0s
Iteration 14 / LogL: -2022.993 / Time: 0h:0m:0s
Iteration 15 / LogL: -2022.993 / Time: 0h:0m:0s
Iteration 16 / LogL: -2022.993 / Time: 0h:0m:0s
Iteration 17 / LogL: -2022.993 / Time: 0h:0m:0s
Iteration 18 / LogL: -2022.993 / Time: 0h:0m:0s
Iteration 19 / LogL: -2022.993 / Time: 0h:0m:0s
Iteration 20 / LogL: -2022.993 / Time: 0h:0m:0s
Average CPU time for 1 NNI search: 0.010
Finish initializing candidate tree set. Number of distinct locally optimal trees: 20
Current best tree score: -2022.990 / CPU time: 0.592
--------------------------------------------------------------------
|               OPTIMIZING CANDIDATE TREE SET                      |
--------------------------------------------------------------------
Iteration 30 / LogL: -2023.005 / Time: 0h:0m:0s (0h:0m:2s left)
Iteration 40 / LogL: -2043.805 / Time: 0h:0m:1s (0h:0m:1s left)
Iteration 50 / LogL: -2022.992 / Time: 0h:0m:1s (0h:0m:1s left)
Iteration 60 / LogL: -2023.000 / Time: 0h:0m:1s (0h:0m:1s left)
Iteration 70 / LogL: -2022.993 / Time: 0h:0m:1s (0h:0m:0s left)
Iteration 80 / LogL: -2401.216 / Time: 0h:0m:2s (0h:0m:0s left)
Iteration 90 / LogL: -2022.993 / Time: 0h:0m:2s (0h:0m:0s left)
Iteration 100 / LogL: -2023.015 / Time: 0h:0m:2s (0h:0m:0s left)
TREE SEARCH COMPLETED AFTER 101 ITERATIONS / Time: 0h:0m:2s

--------------------------------------------------------------------
|                    FINALIZING TREE SEARCH                        |
--------------------------------------------------------------------
Performs final model parameters optimization
Estimate model parameters (epsilon = 0.010)
1. Initial log-likelihood: -2022.990
2. Current log-likelihood: -2022.956
Optimal log-likelihood: -2022.951
Rate parameters:  A-C: 1.378  A-G: 1.177  A-T: 1.107  C-G: 0.902  C-T: 1.711  G-T: 1.000
Base frequencies:   A: 0.264  C: 0.228  G: 0.262  T: 0.246
Gamma shape alpha: 78.470
Parameters optimization took 2 rounds (0.015 sec)
BEST SCORE FOUND : -2022.951

Testing tree branches by SH-like aLRT with 1000 replicates...
CPU Time used:  0.160 sec.
Total tree length: 1.173

Total number of iterations: 101
CPU time used for tree search: 2.492 sec (0h:0m:2s)
Wall-clock time used for tree search: 2.495 sec (0h:0m:2s)
Total CPU time used: 2.736 sec (0h:0m:2s)
Total wall-clock time used: 2.748 sec (0h:0m:2s)

Analysis results written to: 
  IQ-TREE report:                ../simulations/data_D8T8L15I8T8//S/988_pruned.fasta.iqtree
  Maximum-likelihood tree:       ../simulations/data_D8T8L15I8T8//S/988_pruned.fasta.treefile
  Likelihood distances:          ../simulations/data_D8T8L15I8T8//S/988_pruned.fasta.mldist
  Screen log file:               ../simulations/data_D8T8L15I8T8//S/988_pruned.fasta.log

Date and Time: Fri May 25 22:47:02 2018
