IQ-TREE version 1.4.2 for Linux 64-bit built Apr 15 2016
Copyright (c) 2011-2015 Nguyen Lam Tung, Olga Chernomor, Arndt von Haeseler and Bui Quang Minh.

Host:    meduse (AVX2, FMA3, 7 GB RAM)
Command: iqtree -s ../simulations/data_D10T10L20I10T10//S/989_pruned.fasta -m GTR+G -alrt 1000 -redo
Seed:    657207 (Using SPRNG - Scalable Parallel Random Number Generator)
Time:    Fri Jun  1 10:46:56 2018
Kernel:  AVX

NOTE: Consider using the multicore version because your CPU has 4 cores!

Reading alignment file ../simulations/data_D10T10L20I10T10//S/989_pruned.fasta ... Fasta format detected
Alignment most likely contains DNA/RNA sequences
Alignment has 26 sequences with 300 columns and 186 patterns (159 informative sites)
          Gap/Ambiguity  Composition  p-value
   1  n292_291    0.00%    passed     75.41%
   2  n277_276    0.00%    passed     73.22%
   3  n299_298    0.00%    passed     76.81%
   4  n244_243    0.00%    passed     58.89%
   5  n278_277    0.00%    passed     80.38%
   6  n293_292    0.00%    passed     70.94%
   7  n290_289    0.00%    passed     92.52%
   8  n296_295    0.00%    passed     77.61%
   9  n297_296    0.00%    passed     80.86%
  10  n275_274    0.00%    passed     77.73%
  11  n287_286    0.00%    passed     87.80%
  12  n266_265    0.00%    passed     56.49%
  13  n265_264    0.00%    passed     54.35%
  14  n274_273    0.00%    passed     70.10%
  15  n295_294    0.00%    passed     75.94%
  16  n294_293    0.00%    passed     82.46%
  17  n289_288    0.00%    passed     90.78%
  18  n300_299    0.00%    passed     72.75%
  19  n280_279    0.00%    passed     62.85%
  20  n255_254    0.00%    passed     75.70%
  21  n285_284    0.00%    passed     94.51%
  22  n200_201    0.00%    passed     93.99%
  23  n298_297    0.00%    passed     85.89%
  24  n236_235    0.00%    passed     95.05%
  25  n286_285    0.00%    passed     96.77%
  26  n251_250    0.00%    passed     78.50%
****  TOTAL       0.00%  0 sequences failed composition chi2 test (p-value<5%; df=3)

Create initial parsimony tree by phylogenetic likelihood library (PLL)... 0.001 seconds

NOTE: 0 MB RAM is required!
Estimate model parameters (epsilon = 0.100)
1. Initial log-likelihood: -2171.833
2. Current log-likelihood: -2127.552
3. Current log-likelihood: -2127.299
Optimal log-likelihood: -2127.274
Rate parameters:  A-C: 1.058  A-G: 1.646  A-T: 1.148  C-G: 1.143  C-T: 1.105  G-T: 1.000
Base frequencies:   A: 0.243  C: 0.264  G: 0.234  T: 0.258
Gamma shape alpha: 8.144
Parameters optimization took 3 rounds (0.026 sec)
--------------------------------------------------------------------
|             INITIALIZING CANDIDATE TREE SET                      |
--------------------------------------------------------------------
Computing ML distances based on estimated model parameters... 0.000 sec
Computing BIONJ tree...
0.000 seconds
Log-likelihood of BIONJ tree: -2127.274
Generating 98 parsimony trees... 0.145 seconds 48 distinct starting trees
Computing log-likelihood of 48 initial trees ... 0.097 seconds
Optimizing top 20 initial trees with NNI...
Iteration 1 / LogL: -2127.274 / Time: 0h:0m:0s
Estimate model parameters (epsilon = 0.100)
BETTER SCORE FOUND at iteration 1: -2127.255
Iteration 2 / LogL: -2127.255 / Time: 0h:0m:0s
Iteration 3 / LogL: -2127.256 / Time: 0h:0m:0s
Iteration 4 / LogL: -2127.256 / Time: 0h:0m:0s
Iteration 5 / LogL: -2127.256 / Time: 0h:0m:0s
Iteration 6 / LogL: -2127.256 / Time: 0h:0m:0s
Iteration 7 / LogL: -2127.256 / Time: 0h:0m:0s
Iteration 8 / LogL: -2127.256 / Time: 0h:0m:0s
Iteration 9 / LogL: -2127.256 / Time: 0h:0m:0s
Iteration 10 / LogL: -2127.256 / Time: 0h:0m:0s
Iteration 11 / LogL: -2127.256 / Time: 0h:0m:0s
Iteration 12 / LogL: -2127.256 / Time: 0h:0m:0s
Iteration 13 / LogL: -2127.256 / Time: 0h:0m:0s
Iteration 14 / LogL: -2127.256 / Time: 0h:0m:0s
Iteration 15 / LogL: -2127.256 / Time: 0h:0m:0s
Iteration 16 / LogL: -2127.256 / Time: 0h:0m:0s
Iteration 17 / LogL: -2127.256 / Time: 0h:0m:0s
Iteration 18 / LogL: -2127.256 / Time: 0h:0m:0s
Iteration 19 / LogL: -2127.256 / Time: 0h:0m:0s
Iteration 20 / LogL: -2127.256 / Time: 0h:0m:0s
Average CPU time for 1 NNI search: 0.005
Finish initializing candidate tree set. Number of distinct locally optimal trees: 20
Current best tree score: -2127.255 / CPU time: 0.352
--------------------------------------------------------------------
|               OPTIMIZING CANDIDATE TREE SET                      |
--------------------------------------------------------------------
Iteration 30 / LogL: -2130.581 / Time: 0h:0m:0s (0h:0m:1s left)
Iteration 40 / LogL: -2131.986 / Time: 0h:0m:0s (0h:0m:1s left)
Iteration 50 / LogL: -2127.405 / Time: 0h:0m:0s (0h:0m:0s left)
Iteration 60 / LogL: -2127.265 / Time: 0h:0m:1s (0h:0m:0s left)
Iteration 70 / LogL: -2127.255 / Time: 0h:0m:1s (0h:0m:0s left)
Iteration 80 / LogL: -2128.558 / Time: 0h:0m:1s (0h:0m:0s left)
Iteration 90 / LogL: -2468.264 / Time: 0h:0m:1s (0h:0m:0s left)
Iteration 100 / LogL: -2437.001 / Time: 0h:0m:1s (0h:0m:0s left)
TREE SEARCH COMPLETED AFTER 101 ITERATIONS / Time: 0h:0m:1s

--------------------------------------------------------------------
|                    FINALIZING TREE SEARCH                        |
--------------------------------------------------------------------
Performs final model parameters optimization
Estimate model parameters (epsilon = 0.010)
1. Initial log-likelihood: -2127.255
Optimal log-likelihood: -2127.249
Rate parameters:  A-C: 1.030  A-G: 1.625  A-T: 1.115  C-G: 1.133  C-T: 1.089  G-T: 1.000
Base frequencies:   A: 0.243  C: 0.264  G: 0.234  T: 0.258
Gamma shape alpha: 8.276
Parameters optimization took 1 rounds (0.005 sec)
BEST SCORE FOUND : -2127.249

Testing tree branches by SH-like aLRT with 1000 replicates...
CPU Time used:  0.120 sec.
Total tree length: 1.259

Total number of iterations: 101
CPU time used for tree search: 1.816 sec (0h:0m:1s)
Wall-clock time used for tree search: 1.821 sec (0h:0m:1s)
Total CPU time used: 1.980 sec (0h:0m:1s)
Total wall-clock time used: 1.986 sec (0h:0m:1s)

Analysis results written to: 
  IQ-TREE report:                ../simulations/data_D10T10L20I10T10//S/989_pruned.fasta.iqtree
  Maximum-likelihood tree:       ../simulations/data_D10T10L20I10T10//S/989_pruned.fasta.treefile
  Likelihood distances:          ../simulations/data_D10T10L20I10T10//S/989_pruned.fasta.mldist
  Screen log file:               ../simulations/data_D10T10L20I10T10//S/989_pruned.fasta.log

Date and Time: Fri Jun  1 10:46:58 2018
