IQ-TREE version 1.4.2 for Linux 64-bit built Apr 15 2016
Copyright (c) 2011-2015 Nguyen Lam Tung, Olga Chernomor, Arndt von Haeseler and Bui Quang Minh.

Host:    meduse (AVX2, FMA3, 7 GB RAM)
Command: iqtree -s ../simulations/data_D10T10L20I10T10//S/990_pruned.fasta -m GTR+G -alrt 1000 -redo
Seed:    263598 (Using SPRNG - Scalable Parallel Random Number Generator)
Time:    Fri Jun  1 10:37:29 2018
Kernel:  AVX

NOTE: Consider using the multicore version because your CPU has 4 cores!

Reading alignment file ../simulations/data_D10T10L20I10T10//S/990_pruned.fasta ... Fasta format detected
Alignment most likely contains DNA/RNA sequences
Alignment has 26 sequences with 300 columns and 179 patterns (157 informative sites)
          Gap/Ambiguity  Composition  p-value
   1  n300_303    0.00%    passed     94.48%
   2  n292_293    0.00%    passed     95.26%
   3  n287_288    0.00%    passed     98.13%
   4  n296_298    0.00%    passed     96.27%
   5  n290_291    0.00%    passed     98.49%
   6  n294_295    0.00%    passed     98.84%
   7  n298_301    0.00%    passed     99.27%
   8  n251_252    0.00%    passed     86.29%
   9  n286_287    0.00%    passed     99.52%
  10  n297_300    0.00%    passed     99.50%
  11  n274_275    0.00%    passed     80.57%
  12  n289_290    0.00%    passed     99.27%
  13  n255_256    0.00%    passed     99.24%
  14  n275_276    0.00%    passed     99.27%
  15  n236_237    0.00%    passed     96.36%
  16  n278_279    0.00%    passed     93.21%
  17  n299_302    0.00%    passed     97.66%
  18  n265_266    0.00%    passed     99.66%
  19  n244_245    0.00%    passed     92.15%
  20  n293_294    0.00%    passed     99.67%
  21  n280_299    0.00%    passed     99.52%
  22  n295_296    0.00%    passed     98.49%
  23  n266_267    0.00%    passed     99.69%
  24  n200_201    0.00%    passed     89.87%
  25  n285_286    0.00%    passed     99.91%
  26  n277_278    0.00%    passed     94.39%
****  TOTAL       0.00%  0 sequences failed composition chi2 test (p-value<5%; df=3)

Create initial parsimony tree by phylogenetic likelihood library (PLL)... 0.001 seconds

NOTE: 0 MB RAM is required!
Estimate model parameters (epsilon = 0.100)
1. Initial log-likelihood: -2023.868
2. Current log-likelihood: -1978.648
3. Current log-likelihood: -1978.390
Optimal log-likelihood: -1978.388
Rate parameters:  A-C: 1.437  A-G: 1.305  A-T: 1.251  C-G: 1.173  C-T: 1.061  G-T: 1.000
Base frequencies:   A: 0.236  C: 0.271  G: 0.253  T: 0.240
Gamma shape alpha: 41.133
Parameters optimization took 3 rounds (0.018 sec)
--------------------------------------------------------------------
|             INITIALIZING CANDIDATE TREE SET                      |
--------------------------------------------------------------------
Computing ML distances based on estimated model parameters... 0.004 sec
Computing BIONJ tree...
0.000 seconds
Log-likelihood of BIONJ tree: -1978.387
Generating 98 parsimony trees... 0.086 seconds 81 distinct starting trees
Computing log-likelihood of 81 initial trees ... 0.143 seconds
Optimizing top 20 initial trees with NNI...
Iteration 1 / LogL: -1978.388 / Time: 0h:0m:0s
Estimate model parameters (epsilon = 0.100)
BETTER SCORE FOUND at iteration 1: -1978.371
Iteration 2 / LogL: -1978.373 / Time: 0h:0m:0s
Iteration 3 / LogL: -1978.374 / Time: 0h:0m:0s
Iteration 4 / LogL: -1978.374 / Time: 0h:0m:0s
Iteration 5 / LogL: -1978.374 / Time: 0h:0m:0s
Iteration 6 / LogL: -1978.374 / Time: 0h:0m:0s
Iteration 7 / LogL: -1978.374 / Time: 0h:0m:0s
Iteration 8 / LogL: -1978.374 / Time: 0h:0m:0s
Iteration 9 / LogL: -1978.374 / Time: 0h:0m:0s
Iteration 10 / LogL: -1978.374 / Time: 0h:0m:0s
Iteration 11 / LogL: -1978.374 / Time: 0h:0m:0s
Iteration 12 / LogL: -1978.374 / Time: 0h:0m:0s
Iteration 13 / LogL: -1978.374 / Time: 0h:0m:0s
Iteration 14 / LogL: -1978.374 / Time: 0h:0m:0s
Iteration 15 / LogL: -1978.374 / Time: 0h:0m:0s
Iteration 16 / LogL: -1978.374 / Time: 0h:0m:0s
Iteration 17 / LogL: -1978.374 / Time: 0h:0m:0s
Iteration 18 / LogL: -1978.374 / Time: 0h:0m:0s
Iteration 19 / LogL: -1978.374 / Time: 0h:0m:0s
Iteration 20 / LogL: -1978.374 / Time: 0h:0m:0s
Average CPU time for 1 NNI search: 0.004
Finish initializing candidate tree set. Number of distinct locally optimal trees: 20
Current best tree score: -1978.371 / CPU time: 0.312
--------------------------------------------------------------------
|               OPTIMIZING CANDIDATE TREE SET                      |
--------------------------------------------------------------------
Iteration 30 / LogL: -1978.371 / Time: 0h:0m:0s (0h:0m:1s left)
Iteration 40 / LogL: -2018.530 / Time: 0h:0m:0s (0h:0m:0s left)
Iteration 50 / LogL: -1978.371 / Time: 0h:0m:0s (0h:0m:0s left)
Iteration 60 / LogL: -1978.385 / Time: 0h:0m:0s (0h:0m:0s left)
Iteration 70 / LogL: -1978.382 / Time: 0h:0m:0s (0h:0m:0s left)
Iteration 80 / LogL: -1978.372 / Time: 0h:0m:1s (0h:0m:0s left)
Iteration 90 / LogL: -1978.373 / Time: 0h:0m:1s (0h:0m:0s left)
Iteration 100 / LogL: -2094.591 / Time: 0h:0m:1s (0h:0m:0s left)
TREE SEARCH COMPLETED AFTER 101 ITERATIONS / Time: 0h:0m:1s

--------------------------------------------------------------------
|                    FINALIZING TREE SEARCH                        |
--------------------------------------------------------------------
Performs final model parameters optimization
Estimate model parameters (epsilon = 0.010)
1. Initial log-likelihood: -1978.371
Optimal log-likelihood: -1978.368
Rate parameters:  A-C: 1.425  A-G: 1.292  A-T: 1.245  C-G: 1.143  C-T: 1.053  G-T: 1.000
Base frequencies:   A: 0.236  C: 0.271  G: 0.253  T: 0.240
Gamma shape alpha: 42.485
Parameters optimization took 1 rounds (0.004 sec)
BEST SCORE FOUND : -1978.368

Testing tree branches by SH-like aLRT with 1000 replicates...
CPU Time used:  0.104 sec.
Total tree length: 1.151

Total number of iterations: 101
CPU time used for tree search: 1.264 sec (0h:0m:1s)
Wall-clock time used for tree search: 1.261 sec (0h:0m:1s)
Total CPU time used: 1.400 sec (0h:0m:1s)
Total wall-clock time used: 1.399 sec (0h:0m:1s)

Analysis results written to: 
  IQ-TREE report:                ../simulations/data_D10T10L20I10T10//S/990_pruned.fasta.iqtree
  Maximum-likelihood tree:       ../simulations/data_D10T10L20I10T10//S/990_pruned.fasta.treefile
  Likelihood distances:          ../simulations/data_D10T10L20I10T10//S/990_pruned.fasta.mldist
  Screen log file:               ../simulations/data_D10T10L20I10T10//S/990_pruned.fasta.log

Date and Time: Fri Jun  1 10:37:30 2018
