IQ-TREE version 1.4.2 for Linux 64-bit built Apr 15 2016
Copyright (c) 2011-2015 Nguyen Lam Tung, Olga Chernomor, Arndt von Haeseler and Bui Quang Minh.

Host:    meduse (AVX2, FMA3, 7 GB RAM)
Command: iqtree -s ../simulations/data_D8T8L15I8T8//S/996_pruned.fasta -m GTR+G -alrt 1000 -redo
Seed:    955348 (Using SPRNG - Scalable Parallel Random Number Generator)
Time:    Fri May 25 23:04:33 2018
Kernel:  AVX

NOTE: Consider using the multicore version because your CPU has 4 cores!

Reading alignment file ../simulations/data_D8T8L15I8T8//S/996_pruned.fasta ... Fasta format detected
Alignment most likely contains DNA/RNA sequences
Alignment has 26 sequences with 300 columns and 165 patterns (152 informative sites)
          Gap/Ambiguity  Composition  p-value
   1  n287_288    0.00%    passed     96.29%
   2  n290_291    0.00%    passed     99.32%
   3  n236_237    0.00%    passed     99.96%
   4  n278_279    0.00%    passed     50.76%
   5  n285_286    0.00%    passed     99.84%
   6  n265_266    0.00%    passed     94.05%
   7  n280_281    0.00%    passed     91.91%
   8  n299_300    0.00%    passed     95.84%
   9  n293_294    0.00%    passed     99.85%
  10  n274_275    0.00%    passed     98.60%
  11  n292_293    0.00%    passed     95.84%
  12  n296_297    0.00%    passed     96.17%
  13  n294_295    0.00%    passed     99.58%
  14  n275_276    0.00%    passed     99.69%
  15  n297_298    0.00%    passed     98.53%
  16  n289_290    0.00%    passed     98.39%
  17  n286_287    0.00%    passed     99.56%
  18  n255_256    0.00%    passed     62.96%
  19  n295_296    0.00%    passed     97.90%
  20  n266_267    0.00%    passed     93.22%
  21  n244_245    0.00%    passed     17.21%
  22  n298_299    0.00%    passed     98.53%
  23  n300_301    0.00%    passed     92.88%
  24  n200_201    0.00%    passed     44.81%
  25  n277_278    0.00%    passed     65.50%
  26  n251_252    0.00%    passed     82.89%
****  TOTAL       0.00%  0 sequences failed composition chi2 test (p-value<5%; df=3)
NOTE: 2 identical sequences (see below) will be ignored for subsequent analysis
NOTE: n292_293 (identical to n299_300) is ignored but added at the end
NOTE: n298_299 (identical to n297_298) is ignored but added at the end

Create initial parsimony tree by phylogenetic likelihood library (PLL)... 0.001 seconds

NOTE: 0 MB RAM is required!
Estimate model parameters (epsilon = 0.100)
1. Initial log-likelihood: -1990.725
2. Current log-likelihood: -1941.030
3. Current log-likelihood: -1940.800
Optimal log-likelihood: -1940.792
Rate parameters:  A-C: 1.422  A-G: 1.274  A-T: 1.363  C-G: 0.936  C-T: 1.192  G-T: 1.000
Base frequencies:   A: 0.223  C: 0.287  G: 0.265  T: 0.226
Gamma shape alpha: 998.371
Parameters optimization took 3 rounds (0.032 sec)
--------------------------------------------------------------------
|             INITIALIZING CANDIDATE TREE SET                      |
--------------------------------------------------------------------
Computing ML distances based on estimated model parameters... 0.000 sec
Computing BIONJ tree...
0.000 seconds
Log-likelihood of BIONJ tree: -1940.792
Generating 99 parsimony trees... 0.127 seconds 3 distinct starting trees
Computing log-likelihood of 3 initial trees ... 0.005 seconds
Optimizing top 3 initial trees with NNI...
Iteration 1 / LogL: -1940.792 / Time: 0h:0m:0s
Estimate model parameters (epsilon = 0.100)
BETTER SCORE FOUND at iteration 1: -1940.786
Iteration 2 / LogL: -1940.788 / Time: 0h:0m:0s
Iteration 3 / LogL: -1940.788 / Time: 0h:0m:0s
Average CPU time for 1 NNI search: 0.008
Finish initializing candidate tree set. Number of distinct locally optimal trees: 3
Current best tree score: -1940.786 / CPU time: 0.152
--------------------------------------------------------------------
|               OPTIMIZING CANDIDATE TREE SET                      |
--------------------------------------------------------------------
Iteration 10 / LogL: -1940.791 / Time: 0h:0m:0s
Iteration 20 / LogL: -1940.786 / Time: 0h:0m:0s (0h:0m:2s left)
Iteration 30 / LogL: -1980.498 / Time: 0h:0m:0s (0h:0m:1s left)
Iteration 40 / LogL: -1940.789 / Time: 0h:0m:0s (0h:0m:1s left)
Iteration 50 / LogL: -1940.791 / Time: 0h:0m:1s (0h:0m:1s left)
Iteration 60 / LogL: -1940.789 / Time: 0h:0m:1s (0h:0m:0s left)
Iteration 70 / LogL: -1940.793 / Time: 0h:0m:1s (0h:0m:0s left)
Iteration 80 / LogL: -1940.786 / Time: 0h:0m:1s (0h:0m:0s left)
Iteration 90 / LogL: -2611.409 / Time: 0h:0m:1s (0h:0m:0s left)
Iteration 100 / LogL: -1945.273 / Time: 0h:0m:2s (0h:0m:0s left)
TREE SEARCH COMPLETED AFTER 101 ITERATIONS / Time: 0h:0m:2s

--------------------------------------------------------------------
|                    FINALIZING TREE SEARCH                        |
--------------------------------------------------------------------
Performs final model parameters optimization
Estimate model parameters (epsilon = 0.010)
1. Initial log-likelihood: -1940.786
Optimal log-likelihood: -1940.782
Rate parameters:  A-C: 1.436  A-G: 1.287  A-T: 1.377  C-G: 0.942  C-T: 1.204  G-T: 1.000
Base frequencies:   A: 0.223  C: 0.287  G: 0.265  T: 0.226
Gamma shape alpha: 998.371
Parameters optimization took 1 rounds (0.008 sec)
BEST SCORE FOUND : -1940.782

Testing tree branches by SH-like aLRT with 1000 replicates...
CPU Time used:  0.152 sec.
Total tree length: 1.077

Total number of iterations: 101
CPU time used for tree search: 1.992 sec (0h:0m:1s)
Wall-clock time used for tree search: 2.017 sec (0h:0m:2s)
Total CPU time used: 2.208 sec (0h:0m:2s)
Total wall-clock time used: 2.234 sec (0h:0m:2s)

Analysis results written to: 
  IQ-TREE report:                ../simulations/data_D8T8L15I8T8//S/996_pruned.fasta.iqtree
  Maximum-likelihood tree:       ../simulations/data_D8T8L15I8T8//S/996_pruned.fasta.treefile
  Likelihood distances:          ../simulations/data_D8T8L15I8T8//S/996_pruned.fasta.mldist
  Screen log file:               ../simulations/data_D8T8L15I8T8//S/996_pruned.fasta.log

Date and Time: Fri May 25 23:04:36 2018
