IQ-TREE version 1.4.2 for Linux 64-bit built Apr 15 2016
Copyright (c) 2011-2015 Nguyen Lam Tung, Olga Chernomor, Arndt von Haeseler and Bui Quang Minh.

Host:    meduse (AVX2, FMA3, 7 GB RAM)
Command: iqtree -s ../simulations/data_D10T0L20I10T10//S/1001_pruned.fasta -m GTR+G -alrt 1000 -redo
Seed:    615750 (Using SPRNG - Scalable Parallel Random Number Generator)
Time:    Sun Jun  3 23:32:23 2018
Kernel:  AVX

NOTE: Consider using the multicore version because your CPU has 4 cores!

Reading alignment file ../simulations/data_D10T0L20I10T10//S/1001_pruned.fasta ... Fasta format detected
Alignment most likely contains DNA/RNA sequences
Alignment has 26 sequences with 300 columns and 300 patterns (297 informative sites)
          Gap/Ambiguity  Composition  p-value
   1  n277_278    0.00%    passed     53.53%
   2  n286_287    0.00%    passed      5.63%
   3  n296_297    0.00%    passed     55.84%
   4  n285_286    0.00%    passed     29.81%
   5  n289_290    0.00%    passed     88.44%
   6  n274_275    0.00%    passed     74.77%
   7  n255_256    0.00%    passed      6.88%
   8  n275_276    0.00%    passed     92.40%
   9  n278_279    0.00%    passed     66.22%
  10  n299_300    0.00%    passed     81.87%
  11  n236_237    0.00%    passed    100.00%
  12  n293_294    0.00%    passed     79.69%
  13  n290_291    0.00%    passed     56.94%
  14  n297_298    0.00%    passed     95.70%
  15  n200_201    0.00%    passed     90.37%
  16  n292_293    0.00%    passed     73.10%
  17  n280_281    0.00%    passed     59.98%
  18  n295_296    0.00%    passed     50.03%
  19  n287_288    0.00%    passed     59.64%
  20  n244_245    0.00%    passed     42.68%
  21  n265_266    0.00%    passed     99.86%
  22  n266_267    0.00%    passed     67.77%
  23  n294_295    0.00%    passed     81.04%
  24  n251_252    0.00%    failed      2.71%
  25  n298_299    0.00%    passed     98.73%
  26  n300_301    0.00%    passed     93.87%
****  TOTAL       0.00%  1 sequences failed composition chi2 test (p-value<5%; df=3)

Create initial parsimony tree by phylogenetic likelihood library (PLL)... 0.002 seconds

NOTE: 1 MB RAM is required!
Estimate model parameters (epsilon = 0.100)
1. Initial log-likelihood: -5299.608
2. Current log-likelihood: -5198.849
3. Current log-likelihood: -5182.227
4. Current log-likelihood: -5179.813
5. Current log-likelihood: -5179.474
Optimal log-likelihood: -5179.405
Rate parameters:  A-C: 1.026  A-G: 1.271  A-T: 0.876  C-G: 0.866  C-T: 1.233  G-T: 1.000
Base frequencies:   A: 0.226  C: 0.277  G: 0.274  T: 0.223
Gamma shape alpha: 5.188
Parameters optimization took 5 rounds (0.060 sec)
--------------------------------------------------------------------
|             INITIALIZING CANDIDATE TREE SET                      |
--------------------------------------------------------------------
Computing ML distances based on estimated model parameters... 0.004 sec
WARNING: Some pairwise ML distances are too long (saturated)
Computing BIONJ tree...
0.000 seconds
Log-likelihood of BIONJ tree: -5187.686
Generating 98 parsimony trees... 0.196 seconds 2 distinct starting trees
Computing log-likelihood of 2 initial trees ... 0.000 seconds
Optimizing top 2 initial trees with NNI...
Iteration 1 / LogL: -5179.204 / Time: 0h:0m:0s
Estimate model parameters (epsilon = 0.100)
BETTER TREE FOUND at iteration 1: -5178.902
Iteration 2 / LogL: -5178.998 / Time: 0h:0m:0s
Average CPU time for 1 NNI search: 0.020
Finish initializing candidate tree set. Number of distinct locally optimal trees: 1
Current best tree score: -5178.902 / CPU time: 0.236
--------------------------------------------------------------------
|               OPTIMIZING CANDIDATE TREE SET                      |
--------------------------------------------------------------------
Iteration 10 / LogL: -5179.739 / Time: 0h:0m:0s
Iteration 20 / LogL: -5190.847 / Time: 0h:0m:0s (0h:0m:3s left)
Iteration 30 / LogL: -5194.354 / Time: 0h:0m:1s (0h:0m:3s left)
Iteration 40 / LogL: -5181.677 / Time: 0h:0m:1s (0h:0m:2s left)
Iteration 50 / LogL: -5179.243 / Time: 0h:0m:1s (0h:0m:2s left)
Iteration 60 / LogL: -5182.403 / Time: 0h:0m:2s (0h:0m:1s left)
Iteration 70 / LogL: -5180.479 / Time: 0h:0m:2s (0h:0m:1s left)
Iteration 80 / LogL: -5179.761 / Time: 0h:0m:2s (0h:0m:0s left)
Iteration 90 / LogL: -5181.755 / Time: 0h:0m:3s (0h:0m:0s left)
Iteration 100 / LogL: -5181.660 / Time: 0h:0m:3s (0h:0m:0s left)
TREE SEARCH COMPLETED AFTER 101 ITERATIONS / Time: 0h:0m:3s

--------------------------------------------------------------------
|                    FINALIZING TREE SEARCH                        |
--------------------------------------------------------------------
Performs final model parameters optimization
Estimate model parameters (epsilon = 0.010)
1. Initial log-likelihood: -5178.902
2. Current log-likelihood: -5178.877
Optimal log-likelihood: -5178.869
Rate parameters:  A-C: 1.050  A-G: 1.290  A-T: 0.892  C-G: 0.879  C-T: 1.249  G-T: 1.000
Base frequencies:   A: 0.226  C: 0.277  G: 0.274  T: 0.223
Gamma shape alpha: 5.439
Parameters optimization took 2 rounds (0.015 sec)
BEST SCORE FOUND : -5178.869

Testing tree branches by SH-like aLRT with 1000 replicates...
CPU Time used:  0.124 sec.
Total tree length: 8.053

Total number of iterations: 101
CPU time used for tree search: 3.504 sec (0h:0m:3s)
Wall-clock time used for tree search: 3.514 sec (0h:0m:3s)
Total CPU time used: 3.744 sec (0h:0m:3s)
Total wall-clock time used: 3.752 sec (0h:0m:3s)

Analysis results written to: 
  IQ-TREE report:                ../simulations/data_D10T0L20I10T10//S/1001_pruned.fasta.iqtree
  Maximum-likelihood tree:       ../simulations/data_D10T0L20I10T10//S/1001_pruned.fasta.treefile
  Likelihood distances:          ../simulations/data_D10T0L20I10T10//S/1001_pruned.fasta.mldist
  Screen log file:               ../simulations/data_D10T0L20I10T10//S/1001_pruned.fasta.log

Date and Time: Sun Jun  3 23:32:27 2018
