IQ-TREE version 1.4.2 for Linux 64-bit built Apr 15 2016
Copyright (c) 2011-2015 Nguyen Lam Tung, Olga Chernomor, Arndt von Haeseler and Bui Quang Minh.

Host:    meduse (AVX2, FMA3, 7 GB RAM)
Command: iqtree -s ../simulations/data_D10T0L20I10T10//S/1014_pruned.fasta -m GTR+G -alrt 1000 -redo
Seed:    193290 (Using SPRNG - Scalable Parallel Random Number Generator)
Time:    Fri Jun  1 10:44:01 2018
Kernel:  AVX

NOTE: Consider using the multicore version because your CPU has 4 cores!

Reading alignment file ../simulations/data_D10T0L20I10T10//S/1014_pruned.fasta ... Fasta format detected
Alignment most likely contains DNA/RNA sequences
Alignment has 23 sequences with 300 columns and 136 patterns (125 informative sites)
          Gap/Ambiguity  Composition  p-value
   1  n278_133    0.00%    passed     79.47%
   2  n275_130    0.00%    passed     98.04%
   3  n200_83     0.00%    passed     94.70%
   4  n236_103    0.00%    passed     72.68%
   5  n265_120    0.00%    passed     60.36%
   6  n287_142    0.00%    passed     99.79%
   7  n292_147    0.00%    passed     90.72%
   8  n290_145    0.00%    passed     98.92%
   9  n295_150    0.00%    passed     95.23%
  10  n285_140    0.00%    passed     81.03%
  11  n289_144    0.00%    passed     98.92%
  12  n299_154    0.00%    passed     90.72%
  13  n300_155    0.00%    passed     90.72%
  14  n297_152    0.00%    passed     88.11%
  15  n274_129    0.00%    passed     88.56%
  16  n286_141    0.00%    passed     88.92%
  17  n266_121    0.00%    passed     66.42%
  18  n277_132    0.00%    passed     81.38%
  19  n296_151    0.00%    passed     95.23%
  20  n293_148    0.00%    passed     82.33%
  21  n298_153    0.00%    passed     88.11%
  22  n294_149    0.00%    passed     82.33%
  23  n280_135    0.00%    passed     92.51%
****  TOTAL       0.00%  0 sequences failed composition chi2 test (p-value<5%; df=3)
NOTE: 6 identical sequences (see below) will be ignored for subsequent analysis
NOTE: n299_154 (identical to n292_147) is ignored but added at the end
NOTE: n300_155 (identical to n292_147) is ignored but added at the end
NOTE: n289_144 (identical to n290_145) is ignored but added at the end
NOTE: n296_151 (identical to n295_150) is ignored but added at the end
NOTE: n298_153 (identical to n297_152) is ignored but added at the end
NOTE: n294_149 (identical to n293_148) is ignored but added at the end

Create initial parsimony tree by phylogenetic likelihood library (PLL)... 0.000 seconds

NOTE: 0 MB RAM is required!
Estimate model parameters (epsilon = 0.100)
1. Initial log-likelihood: -1544.173
2. Current log-likelihood: -1510.589
3. Current log-likelihood: -1510.277
Optimal log-likelihood: -1510.240
Rate parameters:  A-C: 0.713  A-G: 0.866  A-T: 0.810  C-G: 0.807  C-T: 0.766  G-T: 1.000
Base frequencies:   A: 0.213  C: 0.283  G: 0.255  T: 0.248
Gamma shape alpha: 998.405
Parameters optimization took 3 rounds (0.011 sec)
--------------------------------------------------------------------
|             INITIALIZING CANDIDATE TREE SET                      |
--------------------------------------------------------------------
Computing ML distances based on estimated model parameters... 0.004 sec
Computing BIONJ tree...
0.000 seconds
Log-likelihood of BIONJ tree: -1510.240
Generating 98 parsimony trees... 0.052 seconds 3 distinct starting trees
Computing log-likelihood of 3 initial trees ... 0.001 seconds
Optimizing top 3 initial trees with NNI...
Iteration 1 / LogL: -1510.240 / Time: 0h:0m:0s
Estimate model parameters (epsilon = 0.100)
BETTER SCORE FOUND at iteration 1: -1510.223
Iteration 2 / LogL: -1510.223 / Time: 0h:0m:0s
Iteration 3 / LogL: -1510.224 / Time: 0h:0m:0s
Average CPU time for 1 NNI search: 0.003
Finish initializing candidate tree set. Number of distinct locally optimal trees: 3
Current best tree score: -1510.223 / CPU time: 0.056
--------------------------------------------------------------------
|               OPTIMIZING CANDIDATE TREE SET                      |
--------------------------------------------------------------------
Iteration 10 / LogL: -1510.234 / Time: 0h:0m:0s
Iteration 20 / LogL: -1510.243 / Time: 0h:0m:0s (0h:0m:0s left)
Iteration 30 / LogL: -1510.339 / Time: 0h:0m:0s (0h:0m:0s left)
Iteration 40 / LogL: -1510.223 / Time: 0h:0m:0s (0h:0m:0s left)
Iteration 50 / LogL: -1510.227 / Time: 0h:0m:0s (0h:0m:0s left)
Iteration 60 / LogL: -1518.328 / Time: 0h:0m:0s (0h:0m:0s left)
Iteration 70 / LogL: -1510.223 / Time: 0h:0m:0s (0h:0m:0s left)
Iteration 80 / LogL: -1510.377 / Time: 0h:0m:0s (0h:0m:0s left)
Iteration 90 / LogL: -1510.276 / Time: 0h:0m:0s (0h:0m:0s left)
Iteration 100 / LogL: -1518.327 / Time: 0h:0m:0s (0h:0m:0s left)
TREE SEARCH COMPLETED AFTER 101 ITERATIONS / Time: 0h:0m:0s

--------------------------------------------------------------------
|                    FINALIZING TREE SEARCH                        |
--------------------------------------------------------------------
Performs final model parameters optimization
Estimate model parameters (epsilon = 0.010)
1. Initial log-likelihood: -1510.223
Optimal log-likelihood: -1510.214
Rate parameters:  A-C: 0.734  A-G: 0.886  A-T: 0.828  C-G: 0.824  C-T: 0.779  G-T: 1.000
Base frequencies:   A: 0.213  C: 0.283  G: 0.255  T: 0.248
Gamma shape alpha: 998.405
Parameters optimization took 1 rounds (0.003 sec)
BEST SCORE FOUND : -1510.214

Testing tree branches by SH-like aLRT with 1000 replicates...
CPU Time used:  0.072 sec.
Total tree length: 0.749

Total number of iterations: 101
CPU time used for tree search: 0.848 sec (0h:0m:0s)
Wall-clock time used for tree search: 0.855 sec (0h:0m:0s)
Total CPU time used: 0.948 sec (0h:0m:0s)
Total wall-clock time used: 0.955 sec (0h:0m:0s)

Analysis results written to: 
  IQ-TREE report:                ../simulations/data_D10T0L20I10T10//S/1014_pruned.fasta.iqtree
  Maximum-likelihood tree:       ../simulations/data_D10T0L20I10T10//S/1014_pruned.fasta.treefile
  Likelihood distances:          ../simulations/data_D10T0L20I10T10//S/1014_pruned.fasta.mldist
  Screen log file:               ../simulations/data_D10T0L20I10T10//S/1014_pruned.fasta.log

Date and Time: Fri Jun  1 10:44:02 2018
