IQ-TREE version 1.4.2 for Linux 64-bit built Apr 15 2016
Copyright (c) 2011-2015 Nguyen Lam Tung, Olga Chernomor, Arndt von Haeseler and Bui Quang Minh.

Host:    meduse (AVX2, FMA3, 7 GB RAM)
Command: iqtree -s ../simulations/data_D10T0L20I10T10//S/1019_pruned.fasta -m GTR+G -alrt 1000 -redo
Seed:    60004 (Using SPRNG - Scalable Parallel Random Number Generator)
Time:    Sun Jun  3 20:09:51 2018
Kernel:  AVX

NOTE: Consider using the multicore version because your CPU has 4 cores!

Reading alignment file ../simulations/data_D10T0L20I10T10//S/1019_pruned.fasta ... Fasta format detected
Alignment most likely contains DNA/RNA sequences
Alignment has 4 sequences with 300 columns and 48 patterns (100 informative sites)
         Gap/Ambiguity  Composition  p-value
   1  n286_45    0.00%    passed     83.87%
   2  n265_42    0.00%    passed     85.69%
   3  n266_43    0.00%    passed     88.01%
   4  n285_44    0.00%    passed     90.36%
****  TOTAL      0.00%  0 sequences failed composition chi2 test (p-value<5%; df=3)

Create initial parsimony tree by phylogenetic likelihood library (PLL)... 0.000 seconds

NOTE: 0 MB RAM is required!
Estimate model parameters (epsilon = 0.100)
1. Initial log-likelihood: -1005.264
2. Current log-likelihood: -931.956
3. Current log-likelihood: -931.160
4. Current log-likelihood: -930.792
5. Current log-likelihood: -930.580
6. Current log-likelihood: -930.458
Optimal log-likelihood: -930.356
Rate parameters:  A-C: 1.050  A-G: 1.753  A-T: 1.630  C-G: 1.780  C-T: 1.194  G-T: 1.000
Base frequencies:   A: 0.231  C: 0.278  G: 0.243  T: 0.248
Gamma shape alpha: 8.133
Parameters optimization took 6 rounds (0.002 sec)
--------------------------------------------------------------------
|             INITIALIZING CANDIDATE TREE SET                      |
--------------------------------------------------------------------
Computing ML distances based on estimated model parameters... 0.000 sec
Computing BIONJ tree...
0.000 seconds
Log-likelihood of BIONJ tree: -930.355
Generating 99 parsimony trees... 0.003 seconds 1 distinct starting trees
Computing log-likelihood of 1 initial trees ... 0.000 seconds
Optimizing top 1 initial trees with NNI...
Iteration 1 / LogL: -930.355 / Time: 0h:0m:0s
Estimate model parameters (epsilon = 0.100)
BETTER SCORE FOUND at iteration 1: -930.320
Average CPU time for 1 NNI search: 0.000
Finish initializing candidate tree set. Number of distinct locally optimal trees: 1
Current best tree score: -930.320 / CPU time: 0.004
--------------------------------------------------------------------
|               OPTIMIZING CANDIDATE TREE SET                      |
--------------------------------------------------------------------
Iteration 10 / LogL: -930.320 / Time: 0h:0m:0s
Iteration 20 / LogL: -930.320 / Time: 0h:0m:0s (0h:0m:0s left)
Iteration 30 / LogL: -930.320 / Time: 0h:0m:0s (0h:0m:0s left)
Iteration 40 / LogL: -930.320 / Time: 0h:0m:0s (0h:0m:0s left)
Iteration 50 / LogL: -930.320 / Time: 0h:0m:0s (0h:0m:0s left)
Iteration 60 / LogL: -930.320 / Time: 0h:0m:0s (0h:0m:0s left)
Iteration 70 / LogL: -930.320 / Time: 0h:0m:0s (0h:0m:0s left)
Iteration 80 / LogL: -930.320 / Time: 0h:0m:0s (0h:0m:0s left)
Iteration 90 / LogL: -930.320 / Time: 0h:0m:0s (0h:0m:0s left)
Iteration 100 / LogL: -930.320 / Time: 0h:0m:0s (0h:0m:0s left)
TREE SEARCH COMPLETED AFTER 101 ITERATIONS / Time: 0h:0m:0s

--------------------------------------------------------------------
|                    FINALIZING TREE SEARCH                        |
--------------------------------------------------------------------
Performs final model parameters optimization
Estimate model parameters (epsilon = 0.010)
1. Initial log-likelihood: -930.320
2. Current log-likelihood: -930.310
3. Current log-likelihood: -930.297
Optimal log-likelihood: -930.290
Rate parameters:  A-C: 1.058  A-G: 1.730  A-T: 1.618  C-G: 1.770  C-T: 1.196  G-T: 1.000
Base frequencies:   A: 0.231  C: 0.278  G: 0.243  T: 0.248
Gamma shape alpha: 998.683
Parameters optimization took 3 rounds (0.001 sec)
BEST SCORE FOUND : -930.290

Testing tree branches by SH-like aLRT with 1000 replicates...
CPU Time used:  0.004 sec.
Total tree length: 0.673

Total number of iterations: 101
CPU time used for tree search: 0.020 sec (0h:0m:0s)
Wall-clock time used for tree search: 0.020 sec (0h:0m:0s)
Total CPU time used: 0.036 sec (0h:0m:0s)
Total wall-clock time used: 0.035 sec (0h:0m:0s)

Analysis results written to: 
  IQ-TREE report:                ../simulations/data_D10T0L20I10T10//S/1019_pruned.fasta.iqtree
  Maximum-likelihood tree:       ../simulations/data_D10T0L20I10T10//S/1019_pruned.fasta.treefile
  Likelihood distances:          ../simulations/data_D10T0L20I10T10//S/1019_pruned.fasta.mldist
  Screen log file:               ../simulations/data_D10T0L20I10T10//S/1019_pruned.fasta.log

Date and Time: Sun Jun  3 20:09:51 2018
