IQ-TREE version 1.4.2 for Linux 64-bit built Apr 15 2016
Copyright (c) 2011-2015 Nguyen Lam Tung, Olga Chernomor, Arndt von Haeseler and Bui Quang Minh.

Host:    meduse (AVX2, FMA3, 7 GB RAM)
Command: iqtree -s ../simulations/data_D10T0L20I10T10//S/1036_pruned.fasta -m GTR+G -alrt 1000 -redo
Seed:    885656 (Using SPRNG - Scalable Parallel Random Number Generator)
Time:    Sun Jun  3 07:03:56 2018
Kernel:  AVX

NOTE: Consider using the multicore version because your CPU has 4 cores!

Reading alignment file ../simulations/data_D10T0L20I10T10//S/1036_pruned.fasta ... Fasta format detected
Alignment most likely contains DNA/RNA sequences
Alignment has 4 sequences with 300 columns and 73 patterns (129 informative sites)
         Gap/Ambiguity  Composition  p-value
   1  n286_45    0.00%    passed     78.19%
   2  n266_43    0.00%    passed     76.21%
   3  n265_42    0.00%    passed     86.79%
   4  n285_44    0.00%    passed     91.11%
****  TOTAL      0.00%  0 sequences failed composition chi2 test (p-value<5%; df=3)

Create initial parsimony tree by phylogenetic likelihood library (PLL)... 0.000 seconds

NOTE: 0 MB RAM is required!
Estimate model parameters (epsilon = 0.100)
1. Initial log-likelihood: -1326.426
2. Current log-likelihood: -1127.030
Optimal log-likelihood: -1126.938
Rate parameters:  A-C: 0.950  A-G: 1.335  A-T: 0.614  C-G: 1.362  C-T: 1.664  G-T: 1.000
Base frequencies:   A: 0.230  C: 0.293  G: 0.250  T: 0.227
Gamma shape alpha: 1.027
Parameters optimization took 2 rounds (0.001 sec)
--------------------------------------------------------------------
|             INITIALIZING CANDIDATE TREE SET                      |
--------------------------------------------------------------------
Computing ML distances based on estimated model parameters... 0.000 sec
Computing BIONJ tree...
0.000 seconds
Log-likelihood of BIONJ tree: -1126.904
Generating 99 parsimony trees... 0.005 seconds 1 distinct starting trees
Computing log-likelihood of 1 initial trees ... 0.000 seconds
Optimizing top 1 initial trees with NNI...
Iteration 1 / LogL: -1126.904 / Time: 0h:0m:0s
Estimate model parameters (epsilon = 0.100)
BETTER SCORE FOUND at iteration 1: -1126.827
Average CPU time for 1 NNI search: 0.000
Finish initializing candidate tree set. Number of distinct locally optimal trees: 1
Current best tree score: -1126.827 / CPU time: 0.004
--------------------------------------------------------------------
|               OPTIMIZING CANDIDATE TREE SET                      |
--------------------------------------------------------------------
Iteration 10 / LogL: -1126.827 / Time: 0h:0m:0s
Iteration 20 / LogL: -1126.827 / Time: 0h:0m:0s (0h:0m:0s left)
Iteration 30 / LogL: -1126.827 / Time: 0h:0m:0s (0h:0m:0s left)
Iteration 40 / LogL: -1126.827 / Time: 0h:0m:0s (0h:0m:0s left)
Iteration 50 / LogL: -1126.827 / Time: 0h:0m:0s (0h:0m:0s left)
Iteration 60 / LogL: -1126.827 / Time: 0h:0m:0s (0h:0m:0s left)
Iteration 70 / LogL: -1126.827 / Time: 0h:0m:0s (0h:0m:0s left)
Iteration 80 / LogL: -1126.827 / Time: 0h:0m:0s (0h:0m:0s left)
Iteration 90 / LogL: -1126.827 / Time: 0h:0m:0s (0h:0m:0s left)
Iteration 100 / LogL: -1126.827 / Time: 0h:0m:0s (0h:0m:0s left)
TREE SEARCH COMPLETED AFTER 101 ITERATIONS / Time: 0h:0m:0s

--------------------------------------------------------------------
|                    FINALIZING TREE SEARCH                        |
--------------------------------------------------------------------
Performs final model parameters optimization
Estimate model parameters (epsilon = 0.010)
1. Initial log-likelihood: -1126.827
2. Current log-likelihood: -1126.795
3. Current log-likelihood: -1126.772
4. Current log-likelihood: -1126.741
5. Current log-likelihood: -1126.729
Optimal log-likelihood: -1126.723
Rate parameters:  A-C: 0.813  A-G: 1.142  A-T: 0.519  C-G: 1.146  C-T: 1.416  G-T: 1.000
Base frequencies:   A: 0.230  C: 0.293  G: 0.250  T: 0.227
Gamma shape alpha: 1.053
Parameters optimization took 5 rounds (0.002 sec)
BEST SCORE FOUND : -1126.723

Testing tree branches by SH-like aLRT with 1000 replicates...
CPU Time used:  0.004 sec.
Total tree length: 3.038

Total number of iterations: 101
CPU time used for tree search: 0.028 sec (0h:0m:0s)
Wall-clock time used for tree search: 0.029 sec (0h:0m:0s)
Total CPU time used: 0.048 sec (0h:0m:0s)
Total wall-clock time used: 0.050 sec (0h:0m:0s)

Analysis results written to: 
  IQ-TREE report:                ../simulations/data_D10T0L20I10T10//S/1036_pruned.fasta.iqtree
  Maximum-likelihood tree:       ../simulations/data_D10T0L20I10T10//S/1036_pruned.fasta.treefile
  Likelihood distances:          ../simulations/data_D10T0L20I10T10//S/1036_pruned.fasta.mldist
  Screen log file:               ../simulations/data_D10T0L20I10T10//S/1036_pruned.fasta.log

Date and Time: Sun Jun  3 07:03:56 2018
