IQ-TREE version 1.4.2 for Linux 64-bit built Apr 15 2016
Copyright (c) 2011-2015 Nguyen Lam Tung, Olga Chernomor, Arndt von Haeseler and Bui Quang Minh.

Host:    meduse (AVX2, FMA3, 7 GB RAM)
Command: iqtree -s ../simulations/data_D10T0L20I10T10//S/103_pruned.fasta -m GTR+G -alrt 1000 -redo
Seed:    592872 (Using SPRNG - Scalable Parallel Random Number Generator)
Time:    Sun Jun  3 23:26:12 2018
Kernel:  AVX

NOTE: Consider using the multicore version because your CPU has 4 cores!

Reading alignment file ../simulations/data_D10T0L20I10T10//S/103_pruned.fasta ... Fasta format detected
Alignment most likely contains DNA/RNA sequences
Alignment has 26 sequences with 300 columns and 300 patterns (291 informative sites)
          Gap/Ambiguity  Composition  p-value
   1  n277_278    0.00%    passed     77.09%
   2  n286_287    0.00%    passed     23.63%
   3  n296_297    0.00%    passed     95.76%
   4  n285_286    0.00%    passed     23.51%
   5  n289_290    0.00%    passed     78.94%
   6  n274_275    0.00%    passed     69.64%
   7  n255_256    0.00%    failed      4.15%
   8  n275_276    0.00%    passed     62.83%
   9  n278_279    0.00%    passed     49.86%
  10  n299_300    0.00%    passed     87.58%
  11  n236_237    0.00%    passed     80.71%
  12  n293_294    0.00%    passed     54.93%
  13  n290_291    0.00%    passed     90.79%
  14  n297_298    0.00%    passed     85.55%
  15  n200_201    0.00%    passed     93.41%
  16  n292_293    0.00%    passed     85.49%
  17  n280_281    0.00%    passed     58.55%
  18  n295_296    0.00%    passed     96.61%
  19  n287_288    0.00%    passed     98.47%
  20  n244_245    0.00%    passed     13.56%
  21  n265_266    0.00%    passed     97.82%
  22  n266_267    0.00%    passed     92.05%
  23  n294_295    0.00%    passed     31.83%
  24  n251_252    0.00%    passed     21.33%
  25  n298_299    0.00%    passed     83.07%
  26  n300_301    0.00%    passed     85.83%
****  TOTAL       0.00%  1 sequences failed composition chi2 test (p-value<5%; df=3)

Create initial parsimony tree by phylogenetic likelihood library (PLL)... 0.001 seconds

NOTE: 1 MB RAM is required!
Estimate model parameters (epsilon = 0.100)
1. Initial log-likelihood: -5423.757
2. Current log-likelihood: -5333.392
3. Current log-likelihood: -5320.405
4. Current log-likelihood: -5318.208
5. Current log-likelihood: -5317.789
Optimal log-likelihood: -5317.683
Rate parameters:  A-C: 1.325  A-G: 1.292  A-T: 1.192  C-G: 0.961  C-T: 1.462  G-T: 1.000
Base frequencies:   A: 0.222  C: 0.284  G: 0.253  T: 0.241
Gamma shape alpha: 3.906
Parameters optimization took 5 rounds (0.068 sec)
--------------------------------------------------------------------
|             INITIALIZING CANDIDATE TREE SET                      |
--------------------------------------------------------------------
Computing ML distances based on estimated model parameters... 0.004 sec
WARNING: Some pairwise ML distances are too long (saturated)
Computing BIONJ tree...
0.000 seconds
Log-likelihood of BIONJ tree: -5314.423
Generating 98 parsimony trees... 0.141 seconds 7 distinct starting trees
Computing log-likelihood of 7 initial trees ... 0.015 seconds
Optimizing top 7 initial trees with NNI...
Iteration 1 / LogL: -5314.423 / Time: 0h:0m:0s
Estimate model parameters (epsilon = 0.100)
BETTER SCORE FOUND at iteration 1: -5314.350
Iteration 2 / LogL: -5314.498 / Time: 0h:0m:0s
Iteration 3 / LogL: -5314.481 / Time: 0h:0m:0s
Iteration 4 / LogL: -5314.481 / Time: 0h:0m:0s
Iteration 5 / LogL: -5314.477 / Time: 0h:0m:0s
Iteration 6 / LogL: -5314.477 / Time: 0h:0m:0s
Iteration 7 / LogL: -5314.477 / Time: 0h:0m:0s
Average CPU time for 1 NNI search: 0.025
Finish initializing candidate tree set. Number of distinct locally optimal trees: 3
Current best tree score: -5314.350 / CPU time: 0.320
--------------------------------------------------------------------
|               OPTIMIZING CANDIDATE TREE SET                      |
--------------------------------------------------------------------
Iteration 10 / LogL: -5314.908 / Time: 0h:0m:0s
Iteration 20 / LogL: -5314.591 / Time: 0h:0m:0s (0h:0m:3s left)
Iteration 30 / LogL: -5317.586 / Time: 0h:0m:1s (0h:0m:2s left)
Iteration 40 / LogL: -5324.773 / Time: 0h:0m:1s (0h:0m:2s left)
Iteration 50 / LogL: -5317.824 / Time: 0h:0m:1s (0h:0m:1s left)
Iteration 60 / LogL: -5316.636 / Time: 0h:0m:2s (0h:0m:1s left)
Iteration 70 / LogL: -5314.604 / Time: 0h:0m:2s (0h:0m:1s left)
Iteration 80 / LogL: -5318.739 / Time: 0h:0m:2s (0h:0m:0s left)
Iteration 90 / LogL: -5314.714 / Time: 0h:0m:3s (0h:0m:0s left)
Iteration 100 / LogL: -5317.867 / Time: 0h:0m:3s (0h:0m:0s left)
TREE SEARCH COMPLETED AFTER 101 ITERATIONS / Time: 0h:0m:3s

--------------------------------------------------------------------
|                    FINALIZING TREE SEARCH                        |
--------------------------------------------------------------------
Performs final model parameters optimization
Estimate model parameters (epsilon = 0.010)
1. Initial log-likelihood: -5314.350
Optimal log-likelihood: -5314.339
Rate parameters:  A-C: 1.294  A-G: 1.306  A-T: 1.159  C-G: 0.956  C-T: 1.463  G-T: 1.000
Base frequencies:   A: 0.222  C: 0.284  G: 0.253  T: 0.241
Gamma shape alpha: 4.038
Parameters optimization took 1 rounds (0.009 sec)
BEST SCORE FOUND : -5314.339

Testing tree branches by SH-like aLRT with 1000 replicates...
CPU Time used:  0.120 sec.
Total tree length: 9.228

Total number of iterations: 101
CPU time used for tree search: 3.288 sec (0h:0m:3s)
Wall-clock time used for tree search: 3.294 sec (0h:0m:3s)
Total CPU time used: 3.520 sec (0h:0m:3s)
Total wall-clock time used: 3.527 sec (0h:0m:3s)

Analysis results written to: 
  IQ-TREE report:                ../simulations/data_D10T0L20I10T10//S/103_pruned.fasta.iqtree
  Maximum-likelihood tree:       ../simulations/data_D10T0L20I10T10//S/103_pruned.fasta.treefile
  Likelihood distances:          ../simulations/data_D10T0L20I10T10//S/103_pruned.fasta.mldist
  Screen log file:               ../simulations/data_D10T0L20I10T10//S/103_pruned.fasta.log

Date and Time: Sun Jun  3 23:26:16 2018
