IQ-TREE version 1.4.2 for Linux 64-bit built Apr 15 2016
Copyright (c) 2011-2015 Nguyen Lam Tung, Olga Chernomor, Arndt von Haeseler and Bui Quang Minh.

Host:    meduse (AVX2, FMA3, 7 GB RAM)
Command: iqtree -s ../simulations/data_D10T0L20I10T10//S/104_pruned.fasta -m GTR+G -alrt 1000 -redo
Seed:    184548 (Using SPRNG - Scalable Parallel Random Number Generator)
Time:    Fri Jun  1 10:53:55 2018
Kernel:  AVX

NOTE: Consider using the multicore version because your CPU has 4 cores!

Reading alignment file ../simulations/data_D10T0L20I10T10//S/104_pruned.fasta ... Fasta format detected
Alignment most likely contains DNA/RNA sequences
Alignment has 26 sequences with 300 columns and 165 patterns (145 informative sites)
          Gap/Ambiguity  Composition  p-value
   1  n274_277    0.00%    passed     98.43%
   2  n294_297    0.00%    passed     82.54%
   3  n280_283    0.00%    passed     98.43%
   4  n255_258    0.00%    passed     82.97%
   5  n285_288    0.00%    passed     78.70%
   6  n289_292    0.00%    passed     97.89%
   7  n292_295    0.00%    passed     90.79%
   8  n293_296    0.00%    passed     86.77%
   9  n275_278    0.00%    passed     95.06%
  10  n286_289    0.00%    passed     68.30%
  11  n287_290    0.00%    passed     99.38%
  12  n244_245    0.00%    passed     94.22%
  13  n297_300    0.00%    passed     96.60%
  14  n200_201    0.00%    passed     90.88%
  15  n266_269    0.00%    passed     64.20%
  16  n295_298    0.00%    passed     95.06%
  17  n290_293    0.00%    passed     98.90%
  18  n236_237    0.00%    passed     95.06%
  19  n298_301    0.00%    passed     95.12%
  20  n251_254    0.00%    passed     70.60%
  21  n296_299    0.00%    passed     95.18%
  22  n265_268    0.00%    passed     81.51%
  23  n299_302    0.00%    passed     96.11%
  24  n277_280    0.00%    passed     93.26%
  25  n278_281    0.00%    passed     95.58%
  26  n300_303    0.00%    passed     96.11%
****  TOTAL       0.00%  0 sequences failed composition chi2 test (p-value<5%; df=3)
NOTE: 1 identical sequences (see below) will be ignored for subsequent analysis
NOTE: n300_303 (identical to n299_302) is ignored but added at the end

Create initial parsimony tree by phylogenetic likelihood library (PLL)... 0.001 seconds

NOTE: 0 MB RAM is required!
Estimate model parameters (epsilon = 0.100)
1. Initial log-likelihood: -1909.548
2. Current log-likelihood: -1868.872
3. Current log-likelihood: -1868.720
Optimal log-likelihood: -1868.720
Rate parameters:  A-C: 1.103  A-G: 0.611  A-T: 1.256  C-G: 1.206  C-T: 1.127  G-T: 1.000
Base frequencies:   A: 0.267  C: 0.266  G: 0.252  T: 0.215
Gamma shape alpha: 10.609
Parameters optimization took 3 rounds (0.023 sec)
--------------------------------------------------------------------
|             INITIALIZING CANDIDATE TREE SET                      |
--------------------------------------------------------------------
Computing ML distances based on estimated model parameters... 0.000 sec
Computing BIONJ tree...
0.000 seconds
Log-likelihood of BIONJ tree: -1868.720
Generating 98 parsimony trees... 0.083 seconds 25 distinct starting trees
Computing log-likelihood of 25 initial trees ... 0.041 seconds
Optimizing top 20 initial trees with NNI...
Iteration 1 / LogL: -1868.720 / Time: 0h:0m:0s
Estimate model parameters (epsilon = 0.100)
BETTER SCORE FOUND at iteration 1: -1868.719
Iteration 2 / LogL: -1868.720 / Time: 0h:0m:0s
Iteration 3 / LogL: -1868.721 / Time: 0h:0m:0s
Iteration 4 / LogL: -1868.721 / Time: 0h:0m:0s
Iteration 5 / LogL: -1868.721 / Time: 0h:0m:0s
Iteration 6 / LogL: -1868.721 / Time: 0h:0m:0s
Iteration 7 / LogL: -1868.721 / Time: 0h:0m:0s
Iteration 8 / LogL: -1868.721 / Time: 0h:0m:0s
Iteration 9 / LogL: -1868.721 / Time: 0h:0m:0s
Iteration 10 / LogL: -1868.721 / Time: 0h:0m:0s
Iteration 11 / LogL: -1868.721 / Time: 0h:0m:0s
Iteration 12 / LogL: -1868.721 / Time: 0h:0m:0s
Iteration 13 / LogL: -1868.721 / Time: 0h:0m:0s
Iteration 14 / LogL: -1868.721 / Time: 0h:0m:0s
Iteration 15 / LogL: -1868.721 / Time: 0h:0m:0s
Iteration 16 / LogL: -1868.721 / Time: 0h:0m:0s
Iteration 17 / LogL: -1868.721 / Time: 0h:0m:0s
Iteration 18 / LogL: -1868.721 / Time: 0h:0m:0s
Iteration 19 / LogL: -1868.721 / Time: 0h:0m:0s
Iteration 20 / LogL: -1868.721 / Time: 0h:0m:0s
Average CPU time for 1 NNI search: 0.004
Finish initializing candidate tree set. Number of distinct locally optimal trees: 20
Current best tree score: -1868.719 / CPU time: 0.204
--------------------------------------------------------------------
|               OPTIMIZING CANDIDATE TREE SET                      |
--------------------------------------------------------------------
Iteration 30 / LogL: -1868.720 / Time: 0h:0m:0s (0h:0m:0s left)
Iteration 40 / LogL: -1868.734 / Time: 0h:0m:0s (0h:0m:0s left)
Iteration 50 / LogL: -1868.720 / Time: 0h:0m:0s (0h:0m:0s left)
Iteration 60 / LogL: -1868.721 / Time: 0h:0m:0s (0h:0m:0s left)
Iteration 70 / LogL: -1877.267 / Time: 0h:0m:0s (0h:0m:0s left)
Iteration 80 / LogL: -1868.846 / Time: 0h:0m:1s (0h:0m:0s left)
Iteration 90 / LogL: -1868.722 / Time: 0h:0m:1s (0h:0m:0s left)
Iteration 100 / LogL: -1868.719 / Time: 0h:0m:1s (0h:0m:0s left)
TREE SEARCH COMPLETED AFTER 101 ITERATIONS / Time: 0h:0m:1s

--------------------------------------------------------------------
|                    FINALIZING TREE SEARCH                        |
--------------------------------------------------------------------
Performs final model parameters optimization
Estimate model parameters (epsilon = 0.010)
1. Initial log-likelihood: -1868.719
Optimal log-likelihood: -1868.719
Rate parameters:  A-C: 1.104  A-G: 0.612  A-T: 1.257  C-G: 1.208  C-T: 1.128  G-T: 1.000
Base frequencies:   A: 0.267  C: 0.266  G: 0.252  T: 0.215
Gamma shape alpha: 10.609
Parameters optimization took 1 rounds (0.004 sec)
BEST SCORE FOUND : -1868.719

Testing tree branches by SH-like aLRT with 1000 replicates...
CPU Time used:  0.100 sec.
Total tree length: 1.042

Total number of iterations: 101
CPU time used for tree search: 1.260 sec (0h:0m:1s)
Wall-clock time used for tree search: 1.262 sec (0h:0m:1s)
Total CPU time used: 1.396 sec (0h:0m:1s)
Total wall-clock time used: 1.399 sec (0h:0m:1s)

Analysis results written to: 
  IQ-TREE report:                ../simulations/data_D10T0L20I10T10//S/104_pruned.fasta.iqtree
  Maximum-likelihood tree:       ../simulations/data_D10T0L20I10T10//S/104_pruned.fasta.treefile
  Likelihood distances:          ../simulations/data_D10T0L20I10T10//S/104_pruned.fasta.mldist
  Screen log file:               ../simulations/data_D10T0L20I10T10//S/104_pruned.fasta.log

Date and Time: Fri Jun  1 10:53:56 2018
