IQ-TREE version 1.4.2 for Linux 64-bit built Apr 15 2016
Copyright (c) 2011-2015 Nguyen Lam Tung, Olga Chernomor, Arndt von Haeseler and Bui Quang Minh.

Host:    meduse (AVX2, FMA3, 7 GB RAM)
Command: iqtree -s ../simulations/data_D8T0L15I8T8//S/1059_pruned.fasta -m GTR+G -alrt 1000 -redo
Seed:    175410 (Using SPRNG - Scalable Parallel Random Number Generator)
Time:    Fri May 25 23:02:40 2018
Kernel:  AVX

NOTE: Consider using the multicore version because your CPU has 4 cores!

Reading alignment file ../simulations/data_D8T0L15I8T8//S/1059_pruned.fasta ... Fasta format detected
Alignment most likely contains DNA/RNA sequences
Alignment has 10 sequences with 300 columns and 20 patterns (9 informative sites)
         Gap/Ambiguity  Composition  p-value
   1  n287_14    0.00%    passed     99.12%
   2  n295_20    0.00%    passed     99.36%
   3  n289_16    0.00%    passed     99.54%
   4  n275_10    0.00%    passed     99.87%
   5  n293_18    0.00%    passed     99.80%
   6  n297_22    0.00%    passed     98.73%
   7  n290_17    0.00%    passed     99.86%
   8  n298_23    0.00%    passed     98.97%
   9  n294_19    0.00%    passed     99.80%
  10  n296_21    0.00%    passed     99.86%
****  TOTAL      0.00%  0 sequences failed composition chi2 test (p-value<5%; df=3)
NOTE: 2 identical sequences (see below) will be ignored for subsequent analysis
NOTE: n294_19 (identical to n293_18) is ignored but added at the end
NOTE: n296_21 (identical to n290_17) is ignored but added at the end

Create initial parsimony tree by phylogenetic likelihood library (PLL)... 0.000 seconds

NOTE: 0 MB RAM is required!
Estimate model parameters (epsilon = 0.100)
1. Initial log-likelihood: -538.750
2. Current log-likelihood: -529.806
Optimal log-likelihood: -529.762
Rate parameters:  A-C: 0.307  A-G: 1.434  A-T: 0.932  C-G: 0.900  C-T: 0.668  G-T: 1.000
Base frequencies:   A: 0.248  C: 0.237  G: 0.268  T: 0.248
Gamma shape alpha: 998.448
Parameters optimization took 2 rounds (0.002 sec)
--------------------------------------------------------------------
|             INITIALIZING CANDIDATE TREE SET                      |
--------------------------------------------------------------------
Computing ML distances based on estimated model parameters... 0.000 sec
Computing BIONJ tree...
0.000 seconds
Log-likelihood of BIONJ tree: -529.761
Generating 98 parsimony trees... 0.022 seconds 38 distinct starting trees
Computing log-likelihood of 38 initial trees ... 0.012 seconds
Optimizing top 20 initial trees with NNI...
Iteration 1 / LogL: -529.762 / Time: 0h:0m:0s
Estimate model parameters (epsilon = 0.100)
BETTER SCORE FOUND at iteration 1: -529.754
Iteration 2 / LogL: -529.755 / Time: 0h:0m:0s
Iteration 3 / LogL: -529.755 / Time: 0h:0m:0s
Iteration 4 / LogL: -529.755 / Time: 0h:0m:0s
Iteration 5 / LogL: -529.755 / Time: 0h:0m:0s
Iteration 6 / LogL: -529.755 / Time: 0h:0m:0s
Iteration 7 / LogL: -529.755 / Time: 0h:0m:0s
Iteration 8 / LogL: -529.755 / Time: 0h:0m:0s
Iteration 9 / LogL: -529.755 / Time: 0h:0m:0s
Iteration 10 / LogL: -529.755 / Time: 0h:0m:0s
Iteration 11 / LogL: -529.755 / Time: 0h:0m:0s
Iteration 12 / LogL: -529.755 / Time: 0h:0m:0s
Iteration 13 / LogL: -529.755 / Time: 0h:0m:0s
Iteration 14 / LogL: -529.755 / Time: 0h:0m:0s
Iteration 15 / LogL: -529.755 / Time: 0h:0m:0s
Iteration 16 / LogL: -529.755 / Time: 0h:0m:0s
Iteration 17 / LogL: -529.755 / Time: 0h:0m:0s
Iteration 18 / LogL: -529.755 / Time: 0h:0m:0s
Iteration 19 / LogL: -529.755 / Time: 0h:0m:0s
Iteration 20 / LogL: -529.755 / Time: 0h:0m:0s
Average CPU time for 1 NNI search: 0.001
Finish initializing candidate tree set. Number of distinct locally optimal trees: 20
Current best tree score: -529.754 / CPU time: 0.036
--------------------------------------------------------------------
|               OPTIMIZING CANDIDATE TREE SET                      |
--------------------------------------------------------------------
Iteration 30 / LogL: -529.755 / Time: 0h:0m:0s (0h:0m:0s left)
Iteration 40 / LogL: -601.247 / Time: 0h:0m:0s (0h:0m:0s left)
Iteration 50 / LogL: -529.754 / Time: 0h:0m:0s (0h:0m:0s left)
Iteration 60 / LogL: -529.754 / Time: 0h:0m:0s (0h:0m:0s left)
Iteration 70 / LogL: -529.755 / Time: 0h:0m:0s (0h:0m:0s left)
Iteration 80 / LogL: -529.754 / Time: 0h:0m:0s (0h:0m:0s left)
Iteration 90 / LogL: -529.754 / Time: 0h:0m:0s (0h:0m:0s left)
Iteration 100 / LogL: -529.754 / Time: 0h:0m:0s (0h:0m:0s left)
TREE SEARCH COMPLETED AFTER 101 ITERATIONS / Time: 0h:0m:0s

--------------------------------------------------------------------
|                    FINALIZING TREE SEARCH                        |
--------------------------------------------------------------------
Performs final model parameters optimization
Estimate model parameters (epsilon = 0.010)
1. Initial log-likelihood: -529.754
Optimal log-likelihood: -529.748
Rate parameters:  A-C: 0.339  A-G: 1.477  A-T: 0.961  C-G: 0.935  C-T: 0.674  G-T: 1.000
Base frequencies:   A: 0.248  C: 0.237  G: 0.268  T: 0.248
Gamma shape alpha: 998.448
Parameters optimization took 1 rounds (0.001 sec)
BEST SCORE FOUND : -529.748

Testing tree branches by SH-like aLRT with 1000 replicates...
CPU Time used:  0.016 sec.
Total tree length: 0.057

Total number of iterations: 101
CPU time used for tree search: 0.120 sec (0h:0m:0s)
Wall-clock time used for tree search: 0.133 sec (0h:0m:0s)
Total CPU time used: 0.160 sec (0h:0m:0s)
Total wall-clock time used: 0.170 sec (0h:0m:0s)

Analysis results written to: 
  IQ-TREE report:                ../simulations/data_D8T0L15I8T8//S/1059_pruned.fasta.iqtree
  Maximum-likelihood tree:       ../simulations/data_D8T0L15I8T8//S/1059_pruned.fasta.treefile
  Likelihood distances:          ../simulations/data_D8T0L15I8T8//S/1059_pruned.fasta.mldist
  Screen log file:               ../simulations/data_D8T0L15I8T8//S/1059_pruned.fasta.log

Date and Time: Fri May 25 23:02:40 2018
