IQ-TREE version 1.4.2 for Linux 64-bit built Apr 15 2016
Copyright (c) 2011-2015 Nguyen Lam Tung, Olga Chernomor, Arndt von Haeseler and Bui Quang Minh.

Host:    meduse (AVX2, FMA3, 7 GB RAM)
Command: iqtree -s ../simulations/data_D10T0L20I10T10//S/1060_pruned.fasta -m GTR+G -alrt 1000 -redo
Seed:    870808 (Using SPRNG - Scalable Parallel Random Number Generator)
Time:    Sun Jun  3 19:33:38 2018
Kernel:  AVX

NOTE: Consider using the multicore version because your CPU has 4 cores!

Reading alignment file ../simulations/data_D10T0L20I10T10//S/1060_pruned.fasta ... Fasta format detected
Alignment most likely contains DNA/RNA sequences
Alignment has 7 sequences with 300 columns and 61 patterns (66 informative sites)
         Gap/Ambiguity  Composition  p-value
   1  n280_27    0.00%    passed     98.02%
   2  n278_25    0.00%    passed     92.09%
   3  n277_24    0.00%    passed     65.30%
   4  n292_31    0.00%    passed     93.72%
   5  n274_23    0.00%    passed     97.92%
   6  n299_32    0.00%    passed     97.24%
   7  n300_33    0.00%    passed     96.82%
****  TOTAL      0.00%  0 sequences failed composition chi2 test (p-value<5%; df=3)

Create initial parsimony tree by phylogenetic likelihood library (PLL)... 0.000 seconds

NOTE: 0 MB RAM is required!
Estimate model parameters (epsilon = 0.100)
1. Initial log-likelihood: -999.732
2. Current log-likelihood: -956.122
3. Current log-likelihood: -955.298
Optimal log-likelihood: -955.280
Rate parameters:  A-C: 1.042  A-G: 1.111  A-T: 1.373  C-G: 0.904  C-T: 1.319  G-T: 1.000
Base frequencies:   A: 0.290  C: 0.250  G: 0.236  T: 0.224
Gamma shape alpha: 998.246
Parameters optimization took 3 rounds (0.002 sec)
--------------------------------------------------------------------
|             INITIALIZING CANDIDATE TREE SET                      |
--------------------------------------------------------------------
Computing ML distances based on estimated model parameters... 0.000 sec
Computing BIONJ tree...
0.000 seconds
Log-likelihood of BIONJ tree: -955.280
Generating 99 parsimony trees... 0.011 seconds 1 distinct starting trees
Computing log-likelihood of 1 initial trees ... 0.000 seconds
Optimizing top 1 initial trees with NNI...
Iteration 1 / LogL: -955.280 / Time: 0h:0m:0s
Estimate model parameters (epsilon = 0.100)
BETTER SCORE FOUND at iteration 1: -955.272
Average CPU time for 1 NNI search: 0.000
Finish initializing candidate tree set. Number of distinct locally optimal trees: 1
Current best tree score: -955.272 / CPU time: 0.012
--------------------------------------------------------------------
|               OPTIMIZING CANDIDATE TREE SET                      |
--------------------------------------------------------------------
Iteration 10 / LogL: -1257.702 / Time: 0h:0m:0s
Iteration 20 / LogL: -1265.415 / Time: 0h:0m:0s (0h:0m:0s left)
Iteration 30 / LogL: -955.272 / Time: 0h:0m:0s (0h:0m:0s left)
Iteration 40 / LogL: -955.273 / Time: 0h:0m:0s (0h:0m:0s left)
Iteration 50 / LogL: -956.399 / Time: 0h:0m:0s (0h:0m:0s left)
Iteration 60 / LogL: -956.714 / Time: 0h:0m:0s (0h:0m:0s left)
Iteration 70 / LogL: -955.272 / Time: 0h:0m:0s (0h:0m:0s left)
Iteration 80 / LogL: -1307.436 / Time: 0h:0m:0s (0h:0m:0s left)
Iteration 90 / LogL: -955.272 / Time: 0h:0m:0s (0h:0m:0s left)
Iteration 100 / LogL: -955.273 / Time: 0h:0m:0s (0h:0m:0s left)
TREE SEARCH COMPLETED AFTER 101 ITERATIONS / Time: 0h:0m:0s

--------------------------------------------------------------------
|                    FINALIZING TREE SEARCH                        |
--------------------------------------------------------------------
Performs final model parameters optimization
Estimate model parameters (epsilon = 0.010)
1. Initial log-likelihood: -955.272
Optimal log-likelihood: -955.268
Rate parameters:  A-C: 1.038  A-G: 1.084  A-T: 1.354  C-G: 0.884  C-T: 1.298  G-T: 1.000
Base frequencies:   A: 0.290  C: 0.250  G: 0.236  T: 0.224
Gamma shape alpha: 998.246
Parameters optimization took 1 rounds (0.001 sec)
BEST SCORE FOUND : -955.268

Testing tree branches by SH-like aLRT with 1000 replicates...
CPU Time used:  0.016 sec.
Total tree length: 0.419

Total number of iterations: 101
CPU time used for tree search: 0.116 sec (0h:0m:0s)
Wall-clock time used for tree search: 0.117 sec (0h:0m:0s)
Total CPU time used: 0.136 sec (0h:0m:0s)
Total wall-clock time used: 0.144 sec (0h:0m:0s)

Analysis results written to: 
  IQ-TREE report:                ../simulations/data_D10T0L20I10T10//S/1060_pruned.fasta.iqtree
  Maximum-likelihood tree:       ../simulations/data_D10T0L20I10T10//S/1060_pruned.fasta.treefile
  Likelihood distances:          ../simulations/data_D10T0L20I10T10//S/1060_pruned.fasta.mldist
  Screen log file:               ../simulations/data_D10T0L20I10T10//S/1060_pruned.fasta.log

Date and Time: Sun Jun  3 19:33:39 2018
