IQ-TREE version 1.4.2 for Linux 64-bit built Apr 15 2016
Copyright (c) 2011-2015 Nguyen Lam Tung, Olga Chernomor, Arndt von Haeseler and Bui Quang Minh.

Host:    meduse (AVX2, FMA3, 7 GB RAM)
Command: iqtree -s ../simulations/data_D10T0L20I10T10//S/1071_pruned.fasta -m GTR+G -alrt 1000 -redo
Seed:    741186 (Using SPRNG - Scalable Parallel Random Number Generator)
Time:    Sun Jun  3 23:12:20 2018
Kernel:  AVX

NOTE: Consider using the multicore version because your CPU has 4 cores!

Reading alignment file ../simulations/data_D10T0L20I10T10//S/1071_pruned.fasta ... Fasta format detected
Alignment most likely contains DNA/RNA sequences
Alignment has 7 sequences with 300 columns and 81 patterns (77 informative sites)
         Gap/Ambiguity  Composition  p-value
   1  n292_31    0.00%    passed     93.94%
   2  n299_32    0.00%    passed     63.45%
   3  n277_24    0.00%    passed     51.10%
   4  n278_25    0.00%    passed     43.27%
   5  n280_27    0.00%    passed     92.74%
   6  n300_33    0.00%    passed     73.39%
   7  n274_23    0.00%    passed     95.69%
****  TOTAL      0.00%  0 sequences failed composition chi2 test (p-value<5%; df=3)

Create initial parsimony tree by phylogenetic likelihood library (PLL)... 0.000 seconds

NOTE: 0 MB RAM is required!
Estimate model parameters (epsilon = 0.100)
1. Initial log-likelihood: -1168.809
2. Current log-likelihood: -1133.696
3. Current log-likelihood: -1133.579
Optimal log-likelihood: -1133.560
Rate parameters:  A-C: 1.074  A-G: 1.144  A-T: 0.956  C-G: 0.662  C-T: 1.296  G-T: 1.000
Base frequencies:   A: 0.257  C: 0.261  G: 0.251  T: 0.230
Gamma shape alpha: 1.609
Parameters optimization took 3 rounds (0.003 sec)
--------------------------------------------------------------------
|             INITIALIZING CANDIDATE TREE SET                      |
--------------------------------------------------------------------
Computing ML distances based on estimated model parameters... 0.000 sec
Computing BIONJ tree...
0.000 seconds
Log-likelihood of BIONJ tree: -1133.560
Generating 99 parsimony trees... 0.009 seconds 2 distinct starting trees
Computing log-likelihood of 2 initial trees ... 0.001 seconds
Optimizing top 2 initial trees with NNI...
Iteration 1 / LogL: -1133.560 / Time: 0h:0m:0s
Estimate model parameters (epsilon = 0.100)
BETTER SCORE FOUND at iteration 1: -1133.555
Iteration 2 / LogL: -1133.556 / Time: 0h:0m:0s
Average CPU time for 1 NNI search: 0.002
Finish initializing candidate tree set. Number of distinct locally optimal trees: 1
Current best tree score: -1133.555 / CPU time: 0.012
--------------------------------------------------------------------
|               OPTIMIZING CANDIDATE TREE SET                      |
--------------------------------------------------------------------
Iteration 10 / LogL: -1133.557 / Time: 0h:0m:0s
Iteration 20 / LogL: -1133.557 / Time: 0h:0m:0s (0h:0m:0s left)
Iteration 30 / LogL: -1425.473 / Time: 0h:0m:0s (0h:0m:0s left)
Iteration 40 / LogL: -1133.939 / Time: 0h:0m:0s (0h:0m:0s left)
Iteration 50 / LogL: -1133.561 / Time: 0h:0m:0s (0h:0m:0s left)
Iteration 60 / LogL: -1133.937 / Time: 0h:0m:0s (0h:0m:0s left)
Iteration 70 / LogL: -1133.939 / Time: 0h:0m:0s (0h:0m:0s left)
Iteration 80 / LogL: -1133.557 / Time: 0h:0m:0s (0h:0m:0s left)
Iteration 90 / LogL: -1419.785 / Time: 0h:0m:0s (0h:0m:0s left)
Iteration 100 / LogL: -1419.785 / Time: 0h:0m:0s (0h:0m:0s left)
TREE SEARCH COMPLETED AFTER 101 ITERATIONS / Time: 0h:0m:0s

--------------------------------------------------------------------
|                    FINALIZING TREE SEARCH                        |
--------------------------------------------------------------------
Performs final model parameters optimization
Estimate model parameters (epsilon = 0.010)
1. Initial log-likelihood: -1133.555
Optimal log-likelihood: -1133.553
Rate parameters:  A-C: 1.069  A-G: 1.143  A-T: 0.947  C-G: 0.670  C-T: 1.312  G-T: 1.000
Base frequencies:   A: 0.257  C: 0.261  G: 0.251  T: 0.230
Gamma shape alpha: 1.621
Parameters optimization took 1 rounds (0.001 sec)
BEST SCORE FOUND : -1133.553

Testing tree branches by SH-like aLRT with 1000 replicates...
CPU Time used:  0.020 sec.
Total tree length: 0.658

Total number of iterations: 101
CPU time used for tree search: 0.172 sec (0h:0m:0s)
Wall-clock time used for tree search: 0.178 sec (0h:0m:0s)
Total CPU time used: 0.204 sec (0h:0m:0s)
Total wall-clock time used: 0.208 sec (0h:0m:0s)

Analysis results written to: 
  IQ-TREE report:                ../simulations/data_D10T0L20I10T10//S/1071_pruned.fasta.iqtree
  Maximum-likelihood tree:       ../simulations/data_D10T0L20I10T10//S/1071_pruned.fasta.treefile
  Likelihood distances:          ../simulations/data_D10T0L20I10T10//S/1071_pruned.fasta.mldist
  Screen log file:               ../simulations/data_D10T0L20I10T10//S/1071_pruned.fasta.log

Date and Time: Sun Jun  3 23:12:20 2018
