IQ-TREE version 1.4.2 for Linux 64-bit built Apr 15 2016
Copyright (c) 2011-2015 Nguyen Lam Tung, Olga Chernomor, Arndt von Haeseler and Bui Quang Minh.

Host:    meduse (AVX2, FMA3, 7 GB RAM)
Command: iqtree -s ../simulations/data_D10T0L20I10T10//S/1075_pruned.fasta -m GTR+G -alrt 1000 -redo
Seed:    734061 (Using SPRNG - Scalable Parallel Random Number Generator)
Time:    Sun Jun  3 19:41:07 2018
Kernel:  AVX

NOTE: Consider using the multicore version because your CPU has 4 cores!

Reading alignment file ../simulations/data_D10T0L20I10T10//S/1075_pruned.fasta ... Fasta format detected
Alignment most likely contains DNA/RNA sequences
Alignment has 11 sequences with 300 columns and 109 patterns (79 informative sites)
         Gap/Ambiguity  Composition  p-value
   1  n297_26    0.00%    passed     94.36%
   2  n296_25    0.00%    passed     93.39%
   3  n294_23    0.00%    passed     81.59%
   4  n275_14    0.00%    passed     93.87%
   5  n295_24    0.00%    passed     94.80%
   6  n298_27    0.00%    passed     93.81%
   7  n287_18    0.00%    passed     94.29%
   8  n290_21    0.00%    passed     73.52%
   9  n289_20    0.00%    passed     91.59%
  10  n293_22    0.00%    passed     66.58%
  11  n236_5     0.00%    passed     88.44%
****  TOTAL      0.00%  0 sequences failed composition chi2 test (p-value<5%; df=3)

Create initial parsimony tree by phylogenetic likelihood library (PLL)... 0.000 seconds

NOTE: 0 MB RAM is required!
Estimate model parameters (epsilon = 0.100)
1. Initial log-likelihood: -1388.811
2. Current log-likelihood: -1320.577
3. Current log-likelihood: -1319.477
Optimal log-likelihood: -1319.387
Rate parameters:  A-C: 1.144  A-G: 2.029  A-T: 1.306  C-G: 1.200  C-T: 1.322  G-T: 1.000
Base frequencies:   A: 0.215  C: 0.314  G: 0.199  T: 0.272
Gamma shape alpha: 28.558
Parameters optimization took 3 rounds (0.010 sec)
--------------------------------------------------------------------
|             INITIALIZING CANDIDATE TREE SET                      |
--------------------------------------------------------------------
Computing ML distances based on estimated model parameters... 0.000 sec
Computing BIONJ tree...
0.000 seconds
Log-likelihood of BIONJ tree: -1319.387
Generating 98 parsimony trees... 0.022 seconds 7 distinct starting trees
Computing log-likelihood of 7 initial trees ... 0.006 seconds
Optimizing top 7 initial trees with NNI...
Iteration 1 / LogL: -1318.848 / Time: 0h:0m:0s
Estimate model parameters (epsilon = 0.100)
BETTER SCORE FOUND at iteration 1: -1318.814
Iteration 2 / LogL: -1318.816 / Time: 0h:0m:0s
Iteration 3 / LogL: -1318.816 / Time: 0h:0m:0s
Iteration 4 / LogL: -1318.815 / Time: 0h:0m:0s
Iteration 5 / LogL: -1318.815 / Time: 0h:0m:0s
Iteration 6 / LogL: -1318.815 / Time: 0h:0m:0s
Iteration 7 / LogL: -1318.815 / Time: 0h:0m:0s
Average CPU time for 1 NNI search: 0.002
Finish initializing candidate tree set. Number of distinct locally optimal trees: 3
Current best tree score: -1318.814 / CPU time: 0.040
--------------------------------------------------------------------
|               OPTIMIZING CANDIDATE TREE SET                      |
--------------------------------------------------------------------
Iteration 10 / LogL: -1318.814 / Time: 0h:0m:0s
Iteration 20 / LogL: -1318.875 / Time: 0h:0m:0s (0h:0m:0s left)
Iteration 30 / LogL: -1318.815 / Time: 0h:0m:0s (0h:0m:0s left)
Iteration 40 / LogL: -1318.990 / Time: 0h:0m:0s (0h:0m:0s left)
Iteration 50 / LogL: -1318.991 / Time: 0h:0m:0s (0h:0m:0s left)
Iteration 60 / LogL: -1318.825 / Time: 0h:0m:0s (0h:0m:0s left)
Iteration 70 / LogL: -1318.817 / Time: 0h:0m:0s (0h:0m:0s left)
Iteration 80 / LogL: -1318.923 / Time: 0h:0m:0s (0h:0m:0s left)
Iteration 90 / LogL: -1318.991 / Time: 0h:0m:0s (0h:0m:0s left)
Iteration 100 / LogL: -1318.899 / Time: 0h:0m:0s (0h:0m:0s left)
TREE SEARCH COMPLETED AFTER 101 ITERATIONS / Time: 0h:0m:0s

--------------------------------------------------------------------
|                    FINALIZING TREE SEARCH                        |
--------------------------------------------------------------------
Performs final model parameters optimization
Estimate model parameters (epsilon = 0.010)
1. Initial log-likelihood: -1318.814
2. Current log-likelihood: -1318.795
3. Current log-likelihood: -1318.784
Optimal log-likelihood: -1318.779
Rate parameters:  A-C: 1.093  A-G: 1.909  A-T: 1.259  C-G: 1.140  C-T: 1.240  G-T: 1.000
Base frequencies:   A: 0.215  C: 0.314  G: 0.199  T: 0.272
Gamma shape alpha: 65.566
Parameters optimization took 3 rounds (0.004 sec)
BEST SCORE FOUND : -1318.779

Testing tree branches by SH-like aLRT with 1000 replicates...
CPU Time used:  0.036 sec.
Total tree length: 0.730

Total number of iterations: 101
CPU time used for tree search: 0.356 sec (0h:0m:0s)
Wall-clock time used for tree search: 0.362 sec (0h:0m:0s)
Total CPU time used: 0.416 sec (0h:0m:0s)
Total wall-clock time used: 0.422 sec (0h:0m:0s)

Analysis results written to: 
  IQ-TREE report:                ../simulations/data_D10T0L20I10T10//S/1075_pruned.fasta.iqtree
  Maximum-likelihood tree:       ../simulations/data_D10T0L20I10T10//S/1075_pruned.fasta.treefile
  Likelihood distances:          ../simulations/data_D10T0L20I10T10//S/1075_pruned.fasta.mldist
  Screen log file:               ../simulations/data_D10T0L20I10T10//S/1075_pruned.fasta.log

Date and Time: Sun Jun  3 19:41:08 2018
