IQ-TREE version 1.4.2 for Linux 64-bit built Apr 15 2016
Copyright (c) 2011-2015 Nguyen Lam Tung, Olga Chernomor, Arndt von Haeseler and Bui Quang Minh.

Host:    meduse (AVX2, FMA3, 7 GB RAM)
Command: iqtree -s ../simulations/data_D10T0L20I10T10//S/109_pruned.fasta -m GTR+G -alrt 1000 -redo
Seed:    202061 (Using SPRNG - Scalable Parallel Random Number Generator)
Time:    Sun Jun  3 23:46:06 2018
Kernel:  AVX

NOTE: Consider using the multicore version because your CPU has 4 cores!

Reading alignment file ../simulations/data_D10T0L20I10T10//S/109_pruned.fasta ... Fasta format detected
Alignment most likely contains DNA/RNA sequences
Alignment has 26 sequences with 300 columns and 300 patterns (292 informative sites)
          Gap/Ambiguity  Composition  p-value
   1  n277_278    0.00%    passed     88.29%
   2  n286_287    0.00%    passed     55.03%
   3  n296_297    0.00%    passed     66.25%
   4  n285_286    0.00%    passed     93.83%
   5  n289_290    0.00%    passed     96.50%
   6  n274_275    0.00%    passed     58.68%
   7  n255_256    0.00%    passed     13.75%
   8  n275_276    0.00%    passed     57.45%
   9  n278_279    0.00%    passed     98.79%
  10  n299_300    0.00%    passed     80.99%
  11  n236_237    0.00%    passed     12.08%
  12  n293_294    0.00%    passed     74.02%
  13  n290_291    0.00%    passed     90.49%
  14  n297_298    0.00%    passed     33.63%
  15  n200_201    0.00%    passed     51.07%
  16  n292_293    0.00%    passed     88.28%
  17  n280_281    0.00%    passed     73.37%
  18  n295_296    0.00%    passed     81.60%
  19  n287_288    0.00%    passed     92.40%
  20  n244_245    0.00%    passed     54.23%
  21  n265_266    0.00%    passed     10.56%
  22  n266_267    0.00%    passed     31.96%
  23  n294_295    0.00%    passed     92.40%
  24  n251_252    0.00%    passed     19.86%
  25  n298_299    0.00%    passed     51.15%
  26  n300_301    0.00%    passed     73.55%
****  TOTAL       0.00%  0 sequences failed composition chi2 test (p-value<5%; df=3)

Create initial parsimony tree by phylogenetic likelihood library (PLL)... 0.002 seconds

NOTE: 1 MB RAM is required!
Estimate model parameters (epsilon = 0.100)
1. Initial log-likelihood: -5292.539
2. Current log-likelihood: -5190.376
3. Current log-likelihood: -5174.146
4. Current log-likelihood: -5170.586
5. Current log-likelihood: -5169.795
6. Current log-likelihood: -5169.604
Optimal log-likelihood: -5169.551
Rate parameters:  A-C: 1.438  A-G: 1.470  A-T: 1.038  C-G: 1.215  C-T: 1.432  G-T: 1.000
Base frequencies:   A: 0.216  C: 0.280  G: 0.252  T: 0.252
Gamma shape alpha: 4.381
Parameters optimization took 6 rounds (0.077 sec)
--------------------------------------------------------------------
|             INITIALIZING CANDIDATE TREE SET                      |
--------------------------------------------------------------------
Computing ML distances based on estimated model parameters... 0.004 sec
WARNING: Some pairwise ML distances are too long (saturated)
Computing BIONJ tree...
0.000 seconds
Log-likelihood of BIONJ tree: -5185.526
Generating 98 parsimony trees... 0.158 seconds 3 distinct starting trees
Computing log-likelihood of 3 initial trees ... 0.003 seconds
Optimizing top 3 initial trees with NNI...
Iteration 1 / LogL: -5169.379 / Time: 0h:0m:0s
Estimate model parameters (epsilon = 0.100)
BETTER TREE FOUND at iteration 1: -5169.291
Iteration 2 / LogL: -5170.417 / Time: 0h:0m:0s
Iteration 3 / LogL: -5168.854 / Time: 0h:0m:0s
Estimate model parameters (epsilon = 0.100)
BETTER TREE FOUND at iteration 3: -5168.838
Average CPU time for 1 NNI search: 0.020
Finish initializing candidate tree set. Number of distinct locally optimal trees: 2
Current best tree score: -5168.838 / CPU time: 0.220
--------------------------------------------------------------------
|               OPTIMIZING CANDIDATE TREE SET                      |
--------------------------------------------------------------------
Iteration 10 / LogL: -5175.878 / Time: 0h:0m:0s
Estimate model parameters (epsilon = 0.010)
BETTER TREE FOUND at iteration 17: -5167.886
Iteration 20 / LogL: -5168.275 / Time: 0h:0m:0s (0h:0m:5s left)
Iteration 30 / LogL: -5169.906 / Time: 0h:0m:1s (0h:0m:3s left)
Iteration 40 / LogL: -5167.893 / Time: 0h:0m:1s (0h:0m:3s left)
Iteration 50 / LogL: -5168.010 / Time: 0h:0m:1s (0h:0m:2s left)
Iteration 60 / LogL: -5172.044 / Time: 0h:0m:2s (0h:0m:2s left)
Iteration 70 / LogL: -5170.506 / Time: 0h:0m:2s (0h:0m:1s left)
Iteration 80 / LogL: -5168.912 / Time: 0h:0m:3s (0h:0m:1s left)
Iteration 90 / LogL: -5170.621 / Time: 0h:0m:3s (0h:0m:1s left)
Iteration 100 / LogL: -5170.521 / Time: 0h:0m:3s (0h:0m:0s left)
Iteration 110 / LogL: -5170.665 / Time: 0h:0m:3s (0h:0m:0s left)
TREE SEARCH COMPLETED AFTER 117 ITERATIONS / Time: 0h:0m:4s

--------------------------------------------------------------------
|                    FINALIZING TREE SEARCH                        |
--------------------------------------------------------------------
Performs final model parameters optimization
Estimate model parameters (epsilon = 0.010)
1. Initial log-likelihood: -5167.886
Optimal log-likelihood: -5167.879
Rate parameters:  A-C: 1.430  A-G: 1.490  A-T: 1.024  C-G: 1.243  C-T: 1.453  G-T: 1.000
Base frequencies:   A: 0.216  C: 0.280  G: 0.252  T: 0.252
Gamma shape alpha: 4.417
Parameters optimization took 1 rounds (0.007 sec)
BEST SCORE FOUND : -5167.879

Testing tree branches by SH-like aLRT with 1000 replicates...
CPU Time used:  0.120 sec.
Total tree length: 10.203

Total number of iterations: 117
CPU time used for tree search: 4.096 sec (0h:0m:4s)
Wall-clock time used for tree search: 4.096 sec (0h:0m:4s)
Total CPU time used: 4.348 sec (0h:0m:4s)
Total wall-clock time used: 4.353 sec (0h:0m:4s)

Analysis results written to: 
  IQ-TREE report:                ../simulations/data_D10T0L20I10T10//S/109_pruned.fasta.iqtree
  Maximum-likelihood tree:       ../simulations/data_D10T0L20I10T10//S/109_pruned.fasta.treefile
  Likelihood distances:          ../simulations/data_D10T0L20I10T10//S/109_pruned.fasta.mldist
  Screen log file:               ../simulations/data_D10T0L20I10T10//S/109_pruned.fasta.log

Date and Time: Sun Jun  3 23:46:10 2018
