IQ-TREE version 1.4.2 for Linux 64-bit built Apr 15 2016
Copyright (c) 2011-2015 Nguyen Lam Tung, Olga Chernomor, Arndt von Haeseler and Bui Quang Minh.

Host:    meduse (AVX2, FMA3, 7 GB RAM)
Command: iqtree -s ../simulations/data_D10T0L20I10T10//S/1106_pruned.fasta -m GTR+G -alrt 1000 -redo
Seed:    932582 (Using SPRNG - Scalable Parallel Random Number Generator)
Time:    Mon Jun  4 00:05:36 2018
Kernel:  AVX

NOTE: Consider using the multicore version because your CPU has 4 cores!

Reading alignment file ../simulations/data_D10T0L20I10T10//S/1106_pruned.fasta ... Fasta format detected
Alignment most likely contains DNA/RNA sequences
Alignment has 10 sequences with 300 columns and 110 patterns (82 informative sites)
         Gap/Ambiguity  Composition  p-value
   1  n297_22    0.00%    passed     71.36%
   2  n287_14    0.00%    passed     97.13%
   3  n295_20    0.00%    passed     86.34%
   4  n275_10    0.00%    passed     85.87%
   5  n290_17    0.00%    passed     74.94%
   6  n296_21    0.00%    passed     59.21%
   7  n294_19    0.00%    passed     86.12%
   8  n289_16    0.00%    passed     86.04%
   9  n298_23    0.00%    passed     91.78%
  10  n293_18    0.00%    passed     84.10%
****  TOTAL      0.00%  0 sequences failed composition chi2 test (p-value<5%; df=3)

Create initial parsimony tree by phylogenetic likelihood library (PLL)... 0.000 seconds

NOTE: 0 MB RAM is required!
Estimate model parameters (epsilon = 0.100)
1. Initial log-likelihood: -1362.607
2. Current log-likelihood: -1303.479
3. Current log-likelihood: -1303.295
Optimal log-likelihood: -1303.294
Rate parameters:  A-C: 1.010  A-G: 1.135  A-T: 0.994  C-G: 0.916  C-T: 1.327  G-T: 1.000
Base frequencies:   A: 0.214  C: 0.280  G: 0.232  T: 0.274
Gamma shape alpha: 5.248
Parameters optimization took 3 rounds (0.006 sec)
--------------------------------------------------------------------
|             INITIALIZING CANDIDATE TREE SET                      |
--------------------------------------------------------------------
Computing ML distances based on estimated model parameters... 0.000 sec
Computing BIONJ tree...
0.000 seconds
Log-likelihood of BIONJ tree: -1303.351
Generating 98 parsimony trees... 0.019 seconds 2 distinct starting trees
Computing log-likelihood of 2 initial trees ... 0.000 seconds
Optimizing top 2 initial trees with NNI...
Iteration 1 / LogL: -1303.294 / Time: 0h:0m:0s
Estimate model parameters (epsilon = 0.100)
BETTER SCORE FOUND at iteration 1: -1303.294
Iteration 2 / LogL: -1303.294 / Time: 0h:0m:0s
Average CPU time for 1 NNI search: 0.000
Finish initializing candidate tree set. Number of distinct locally optimal trees: 1
Current best tree score: -1303.294 / CPU time: 0.020
--------------------------------------------------------------------
|               OPTIMIZING CANDIDATE TREE SET                      |
--------------------------------------------------------------------
Iteration 10 / LogL: -1303.295 / Time: 0h:0m:0s
Iteration 20 / LogL: -1303.297 / Time: 0h:0m:0s (0h:0m:0s left)
Iteration 30 / LogL: -1491.631 / Time: 0h:0m:0s (0h:0m:0s left)
Iteration 40 / LogL: -1544.412 / Time: 0h:0m:0s (0h:0m:0s left)
Iteration 50 / LogL: -1303.295 / Time: 0h:0m:0s (0h:0m:0s left)
Iteration 60 / LogL: -1355.015 / Time: 0h:0m:0s (0h:0m:0s left)
Iteration 70 / LogL: -1303.350 / Time: 0h:0m:0s (0h:0m:0s left)
Iteration 80 / LogL: -1649.231 / Time: 0h:0m:0s (0h:0m:0s left)
Iteration 90 / LogL: -1303.294 / Time: 0h:0m:0s (0h:0m:0s left)
Iteration 100 / LogL: -1357.493 / Time: 0h:0m:0s (0h:0m:0s left)
TREE SEARCH COMPLETED AFTER 101 ITERATIONS / Time: 0h:0m:0s

--------------------------------------------------------------------
|                    FINALIZING TREE SEARCH                        |
--------------------------------------------------------------------
Performs final model parameters optimization
Estimate model parameters (epsilon = 0.010)
1. Initial log-likelihood: -1303.294
Optimal log-likelihood: -1303.294
Rate parameters:  A-C: 1.012  A-G: 1.137  A-T: 0.994  C-G: 0.917  C-T: 1.332  G-T: 1.000
Base frequencies:   A: 0.214  C: 0.280  G: 0.232  T: 0.274
Gamma shape alpha: 5.248
Parameters optimization took 1 rounds (0.001 sec)
BEST SCORE FOUND : -1303.294

Testing tree branches by SH-like aLRT with 1000 replicates...
CPU Time used:  0.032 sec.
Total tree length: 0.642

Total number of iterations: 101
CPU time used for tree search: 0.304 sec (0h:0m:0s)
Wall-clock time used for tree search: 0.304 sec (0h:0m:0s)
Total CPU time used: 0.352 sec (0h:0m:0s)
Total wall-clock time used: 0.354 sec (0h:0m:0s)

Analysis results written to: 
  IQ-TREE report:                ../simulations/data_D10T0L20I10T10//S/1106_pruned.fasta.iqtree
  Maximum-likelihood tree:       ../simulations/data_D10T0L20I10T10//S/1106_pruned.fasta.treefile
  Likelihood distances:          ../simulations/data_D10T0L20I10T10//S/1106_pruned.fasta.mldist
  Screen log file:               ../simulations/data_D10T0L20I10T10//S/1106_pruned.fasta.log

Date and Time: Mon Jun  4 00:05:37 2018
