IQ-TREE version 1.4.2 for Linux 64-bit built Apr 15 2016
Copyright (c) 2011-2015 Nguyen Lam Tung, Olga Chernomor, Arndt von Haeseler and Bui Quang Minh.

Host:    meduse (AVX2, FMA3, 7 GB RAM)
Command: iqtree -s ../simulations/data_D10T0L20I10T10//S/118_pruned.fasta -m GTR+G -alrt 1000 -redo
Seed:    902078 (Using SPRNG - Scalable Parallel Random Number Generator)
Time:    Sun Jun  3 23:55:42 2018
Kernel:  AVX

NOTE: Consider using the multicore version because your CPU has 4 cores!

Reading alignment file ../simulations/data_D10T0L20I10T10//S/118_pruned.fasta ... Fasta format detected
Alignment most likely contains DNA/RNA sequences
Alignment has 14 sequences with 300 columns and 284 patterns (272 informative sites)
          Gap/Ambiguity  Composition  p-value
   1  n285_236    0.00%    passed     15.74%
   2  n255_216    0.00%    passed     32.38%
   3  n280_233    0.00%    passed     58.04%
   4  n251_212    0.00%    passed     33.77%
   5  n244_205    0.00%    passed     39.58%
   6  n278_231    0.00%    passed     41.56%
   7  n292_239    0.00%    passed     74.56%
   8  n299_240    0.00%    passed     84.38%
   9  n265_224    0.00%    passed     52.54%
  10  n266_225    0.00%    passed     72.95%
  11  n274_229    0.00%    passed     90.83%
  12  n300_241    0.00%    passed     78.38%
  13  n286_237    0.00%    passed      9.20%
  14  n277_230    0.00%    passed     85.34%
****  TOTAL       0.00%  0 sequences failed composition chi2 test (p-value<5%; df=3)

Create initial parsimony tree by phylogenetic likelihood library (PLL)... 0.000 seconds

NOTE: 0 MB RAM is required!
Estimate model parameters (epsilon = 0.100)
1. Initial log-likelihood: -3179.096
2. Current log-likelihood: -3120.234
3. Current log-likelihood: -3108.488
4. Current log-likelihood: -3103.754
5. Current log-likelihood: -3102.094
6. Current log-likelihood: -3101.626
7. Current log-likelihood: -3101.508
Optimal log-likelihood: -3101.438
Rate parameters:  A-C: 1.053  A-G: 0.947  A-T: 1.402  C-G: 1.054  C-T: 1.036  G-T: 1.000
Base frequencies:   A: 0.230  C: 0.278  G: 0.260  T: 0.231
Gamma shape alpha: 7.232
Parameters optimization took 7 rounds (0.040 sec)
--------------------------------------------------------------------
|             INITIALIZING CANDIDATE TREE SET                      |
--------------------------------------------------------------------
Computing ML distances based on estimated model parameters... 0.000 sec
Computing BIONJ tree...
0.000 seconds
Log-likelihood of BIONJ tree: -3101.396
Generating 99 parsimony trees... 0.045 seconds 1 distinct starting trees
Computing log-likelihood of 1 initial trees ... 0.000 seconds
Optimizing top 1 initial trees with NNI...
Iteration 1 / LogL: -3101.156 / Time: 0h:0m:0s
Estimate model parameters (epsilon = 0.100)
BETTER TREE FOUND at iteration 1: -3101.125
Average CPU time for 1 NNI search: 0.008
Finish initializing candidate tree set. Number of distinct locally optimal trees: 1
Current best tree score: -3101.125 / CPU time: 0.048
--------------------------------------------------------------------
|               OPTIMIZING CANDIDATE TREE SET                      |
--------------------------------------------------------------------
Iteration 10 / LogL: -3101.606 / Time: 0h:0m:0s
Iteration 20 / LogL: -3102.251 / Time: 0h:0m:0s (0h:0m:1s left)
Iteration 30 / LogL: -3106.221 / Time: 0h:0m:0s (0h:0m:1s left)
Iteration 40 / LogL: -3108.013 / Time: 0h:0m:0s (0h:0m:0s left)
Iteration 50 / LogL: -3108.227 / Time: 0h:0m:0s (0h:0m:0s left)
Iteration 60 / LogL: -3101.933 / Time: 0h:0m:0s (0h:0m:0s left)
Iteration 70 / LogL: -3105.342 / Time: 0h:0m:1s (0h:0m:0s left)
Iteration 80 / LogL: -3105.616 / Time: 0h:0m:1s (0h:0m:0s left)
Iteration 90 / LogL: -3227.041 / Time: 0h:0m:1s (0h:0m:0s left)
Iteration 100 / LogL: -3105.906 / Time: 0h:0m:1s (0h:0m:0s left)
TREE SEARCH COMPLETED AFTER 101 ITERATIONS / Time: 0h:0m:1s

--------------------------------------------------------------------
|                    FINALIZING TREE SEARCH                        |
--------------------------------------------------------------------
Performs final model parameters optimization
Estimate model parameters (epsilon = 0.010)
1. Initial log-likelihood: -3101.123
Optimal log-likelihood: -3101.117
Rate parameters:  A-C: 1.053  A-G: 0.945  A-T: 1.399  C-G: 1.044  C-T: 1.052  G-T: 1.000
Base frequencies:   A: 0.230  C: 0.278  G: 0.260  T: 0.231
Gamma shape alpha: 8.051
Parameters optimization took 1 rounds (0.005 sec)
BEST SCORE FOUND : -3101.117

Testing tree branches by SH-like aLRT with 1000 replicates...
CPU Time used:  0.060 sec.
Total tree length: 4.839

Total number of iterations: 101
CPU time used for tree search: 1.336 sec (0h:0m:1s)
Wall-clock time used for tree search: 1.341 sec (0h:0m:1s)
Total CPU time used: 1.452 sec (0h:0m:1s)
Total wall-clock time used: 1.460 sec (0h:0m:1s)

Analysis results written to: 
  IQ-TREE report:                ../simulations/data_D10T0L20I10T10//S/118_pruned.fasta.iqtree
  Maximum-likelihood tree:       ../simulations/data_D10T0L20I10T10//S/118_pruned.fasta.treefile
  Likelihood distances:          ../simulations/data_D10T0L20I10T10//S/118_pruned.fasta.mldist
  Screen log file:               ../simulations/data_D10T0L20I10T10//S/118_pruned.fasta.log

Date and Time: Sun Jun  3 23:55:44 2018
