IQ-TREE version 1.4.2 for Linux 64-bit built Apr 15 2016
Copyright (c) 2011-2015 Nguyen Lam Tung, Olga Chernomor, Arndt von Haeseler and Bui Quang Minh.

Host:    meduse (AVX2, FMA3, 7 GB RAM)
Command: iqtree -s ../simulations/data_D10T0L20I10T10//S/139_pruned.fasta -m GTR+G -alrt 1000 -redo
Seed:    466928 (Using SPRNG - Scalable Parallel Random Number Generator)
Time:    Fri Jun  1 10:43:12 2018
Kernel:  AVX

NOTE: Consider using the multicore version because your CPU has 4 cores!

Reading alignment file ../simulations/data_D10T0L20I10T10//S/139_pruned.fasta ... Fasta format detected
Alignment most likely contains DNA/RNA sequences
Alignment has 26 sequences with 300 columns and 166 patterns (146 informative sites)
          Gap/Ambiguity  Composition  p-value
   1  n289_290    0.00%    passed     89.37%
   2  n294_295    0.00%    passed     88.99%
   3  n295_296    0.00%    passed     97.64%
   4  n266_267    0.00%    passed     83.61%
   5  n299_300    0.00%    passed     85.72%
   6  n298_299    0.00%    passed     93.06%
   7  n290_291    0.00%    passed     88.99%
   8  n274_275    0.00%    passed     73.95%
   9  n251_252    0.00%    passed     43.75%
  10  n293_294    0.00%    passed     88.99%
  11  n265_266    0.00%    passed     83.54%
  12  n296_297    0.00%    passed     93.48%
  13  n300_301    0.00%    passed     85.72%
  14  n244_245    0.00%    passed     78.04%
  15  n278_279    0.00%    passed     78.53%
  16  n287_288    0.00%    passed     92.03%
  17  n200_201    0.00%    passed     82.18%
  18  n277_278    0.00%    passed     81.84%
  19  n297_298    0.00%    passed     93.06%
  20  n236_237    0.00%    passed     89.10%
  21  n280_281    0.00%    passed     76.13%
  22  n285_286    0.00%    passed     68.31%
  23  n275_276    0.00%    passed     88.72%
  24  n255_256    0.00%    passed     57.53%
  25  n292_293    0.00%    passed     75.70%
  26  n286_287    0.00%    passed     77.40%
****  TOTAL       0.00%  0 sequences failed composition chi2 test (p-value<5%; df=3)
NOTE: 3 identical sequences (see below) will be ignored for subsequent analysis
NOTE: n293_294 (identical to n294_295) is ignored but added at the end
NOTE: n300_301 (identical to n299_300) is ignored but added at the end
NOTE: n297_298 (identical to n298_299) is ignored but added at the end

Create initial parsimony tree by phylogenetic likelihood library (PLL)... 0.001 seconds

NOTE: 0 MB RAM is required!
Estimate model parameters (epsilon = 0.100)
1. Initial log-likelihood: -1989.322
2. Current log-likelihood: -1960.495
3. Current log-likelihood: -1960.258
Optimal log-likelihood: -1960.180
Rate parameters:  A-C: 1.201  A-G: 1.319  A-T: 1.246  C-G: 1.277  C-T: 1.420  G-T: 1.000
Base frequencies:   A: 0.242  C: 0.265  G: 0.278  T: 0.215
Gamma shape alpha: 2.994
Parameters optimization took 3 rounds (0.018 sec)
--------------------------------------------------------------------
|             INITIALIZING CANDIDATE TREE SET                      |
--------------------------------------------------------------------
Computing ML distances based on estimated model parameters... 0.000 sec
Computing BIONJ tree...
0.000 seconds
Log-likelihood of BIONJ tree: -1960.180
Generating 98 parsimony trees... 0.101 seconds 3 distinct starting trees
Computing log-likelihood of 3 initial trees ... 0.002 seconds
Optimizing top 3 initial trees with NNI...
Iteration 1 / LogL: -1960.180 / Time: 0h:0m:0s
Estimate model parameters (epsilon = 0.100)
BETTER SCORE FOUND at iteration 1: -1960.155
Iteration 2 / LogL: -1960.156 / Time: 0h:0m:0s
Iteration 3 / LogL: -1960.157 / Time: 0h:0m:0s
Average CPU time for 1 NNI search: 0.005
Finish initializing candidate tree set. Number of distinct locally optimal trees: 3
Current best tree score: -1960.155 / CPU time: 0.120
--------------------------------------------------------------------
|               OPTIMIZING CANDIDATE TREE SET                      |
--------------------------------------------------------------------
Iteration 10 / LogL: -1973.689 / Time: 0h:0m:0s
Iteration 20 / LogL: -1961.781 / Time: 0h:0m:0s (0h:0m:1s left)
Iteration 30 / LogL: -1960.172 / Time: 0h:0m:0s (0h:0m:1s left)
Iteration 40 / LogL: -1960.183 / Time: 0h:0m:0s (0h:0m:1s left)
Iteration 50 / LogL: -1960.178 / Time: 0h:0m:0s (0h:0m:0s left)
Iteration 60 / LogL: -1961.782 / Time: 0h:0m:0s (0h:0m:0s left)
Iteration 70 / LogL: -1960.155 / Time: 0h:0m:1s (0h:0m:0s left)
Iteration 80 / LogL: -1960.156 / Time: 0h:0m:1s (0h:0m:0s left)
Iteration 90 / LogL: -1960.169 / Time: 0h:0m:1s (0h:0m:0s left)
Iteration 100 / LogL: -1960.155 / Time: 0h:0m:1s (0h:0m:0s left)
TREE SEARCH COMPLETED AFTER 101 ITERATIONS / Time: 0h:0m:1s

--------------------------------------------------------------------
|                    FINALIZING TREE SEARCH                        |
--------------------------------------------------------------------
Performs final model parameters optimization
Estimate model parameters (epsilon = 0.010)
1. Initial log-likelihood: -1960.155
2. Current log-likelihood: -1960.141
Optimal log-likelihood: -1960.138
Rate parameters:  A-C: 1.259  A-G: 1.387  A-T: 1.302  C-G: 1.351  C-T: 1.487  G-T: 1.000
Base frequencies:   A: 0.242  C: 0.265  G: 0.278  T: 0.215
Gamma shape alpha: 2.994
Parameters optimization took 2 rounds (0.007 sec)
BEST SCORE FOUND : -1960.138

Testing tree branches by SH-like aLRT with 1000 replicates...
CPU Time used:  0.100 sec.
Total tree length: 1.173

Total number of iterations: 101
CPU time used for tree search: 1.540 sec (0h:0m:1s)
Wall-clock time used for tree search: 1.540 sec (0h:0m:1s)
Total CPU time used: 1.672 sec (0h:0m:1s)
Total wall-clock time used: 1.682 sec (0h:0m:1s)

Analysis results written to: 
  IQ-TREE report:                ../simulations/data_D10T0L20I10T10//S/139_pruned.fasta.iqtree
  Maximum-likelihood tree:       ../simulations/data_D10T0L20I10T10//S/139_pruned.fasta.treefile
  Likelihood distances:          ../simulations/data_D10T0L20I10T10//S/139_pruned.fasta.mldist
  Screen log file:               ../simulations/data_D10T0L20I10T10//S/139_pruned.fasta.log

Date and Time: Fri Jun  1 10:43:14 2018
