IQ-TREE version 1.4.2 for Linux 64-bit built Apr 15 2016
Copyright (c) 2011-2015 Nguyen Lam Tung, Olga Chernomor, Arndt von Haeseler and Bui Quang Minh.

Host:    meduse (AVX2, FMA3, 7 GB RAM)
Command: iqtree -s ../simulations/data_D8T0L15I8T8//S/13_pruned.fasta -m GTR+G -alrt 1000 -redo
Seed:    494324 (Using SPRNG - Scalable Parallel Random Number Generator)
Time:    Fri May 25 22:38:09 2018
Kernel:  AVX

NOTE: Consider using the multicore version because your CPU has 4 cores!

Reading alignment file ../simulations/data_D8T0L15I8T8//S/13_pruned.fasta ... Fasta format detected
Alignment most likely contains DNA/RNA sequences
Alignment has 26 sequences with 300 columns and 178 patterns (154 informative sites)
          Gap/Ambiguity  Composition  p-value
   1  n285_292    0.00%    passed     56.35%
   2  n251_258    0.00%    passed     95.91%
   3  n200_201    0.00%    passed     86.25%
   4  n275_282    0.00%    passed     99.09%
   5  n289_296    0.00%    passed     93.78%
   6  n277_284    0.00%    passed     97.30%
   7  n244_249    0.00%    passed     44.06%
   8  n287_294    0.00%    passed     95.60%
   9  n295_302    0.00%    passed     92.21%
  10  n296_303    0.00%    passed     92.21%
  11  n266_273    0.00%    passed     70.69%
  12  n255_262    0.00%    passed     58.02%
  13  n294_301    0.00%    passed     99.88%
  14  n290_297    0.00%    passed     95.60%
  15  n274_281    0.00%    passed     99.15%
  16  n292_299    0.00%    passed     99.90%
  17  n236_241    0.00%    passed     99.04%
  18  n298_305    0.00%    passed     99.88%
  19  n299_306    0.00%    passed     99.67%
  20  n297_304    0.00%    passed     98.14%
  21  n280_287    0.00%    passed     97.87%
  22  n300_307    0.00%    passed     99.67%
  23  n286_293    0.00%    passed     58.74%
  24  n265_272    0.00%    passed     59.79%
  25  n293_300    0.00%    passed     99.79%
  26  n278_285    0.00%    passed     94.53%
****  TOTAL       0.00%  0 sequences failed composition chi2 test (p-value<5%; df=3)
NOTE: 3 identical sequences (see below) will be ignored for subsequent analysis
NOTE: n290_297 (identical to n287_294) is ignored but added at the end
NOTE: n296_303 (identical to n295_302) is ignored but added at the end
NOTE: n300_307 (identical to n299_306) is ignored but added at the end

Create initial parsimony tree by phylogenetic likelihood library (PLL)... 0.001 seconds

NOTE: 0 MB RAM is required!
Estimate model parameters (epsilon = 0.100)
1. Initial log-likelihood: -2054.158
2. Current log-likelihood: -2020.404
3. Current log-likelihood: -2020.219
Optimal log-likelihood: -2020.217
Rate parameters:  A-C: 1.265  A-G: 1.007  A-T: 0.860  C-G: 1.081  C-T: 1.579  G-T: 1.000
Base frequencies:   A: 0.278  C: 0.233  G: 0.261  T: 0.227
Gamma shape alpha: 2.483
Parameters optimization took 3 rounds (0.035 sec)
--------------------------------------------------------------------
|             INITIALIZING CANDIDATE TREE SET                      |
--------------------------------------------------------------------
Computing ML distances based on estimated model parameters... 0.004 sec
Computing BIONJ tree...
0.001 seconds
Log-likelihood of BIONJ tree: -2020.217
Generating 99 parsimony trees... 0.111 seconds 10 distinct starting trees
Computing log-likelihood of 10 initial trees ... 0.022 seconds
Optimizing top 10 initial trees with NNI...
Iteration 1 / LogL: -2020.217 / Time: 0h:0m:0s
Estimate model parameters (epsilon = 0.100)
BETTER SCORE FOUND at iteration 1: -2020.215
Iteration 2 / LogL: -2020.218 / Time: 0h:0m:0s
Iteration 3 / LogL: -2020.218 / Time: 0h:0m:0s
Iteration 4 / LogL: -2020.218 / Time: 0h:0m:0s
Iteration 5 / LogL: -2020.218 / Time: 0h:0m:0s
Iteration 6 / LogL: -2020.218 / Time: 0h:0m:0s
Iteration 7 / LogL: -2020.218 / Time: 0h:0m:0s
Iteration 8 / LogL: -2020.218 / Time: 0h:0m:0s
Iteration 9 / LogL: -2020.218 / Time: 0h:0m:0s
Iteration 10 / LogL: -2020.216 / Time: 0h:0m:0s
Average CPU time for 1 NNI search: 0.008
Finish initializing candidate tree set. Number of distinct locally optimal trees: 9
Current best tree score: -2020.215 / CPU time: 0.208
--------------------------------------------------------------------
|               OPTIMIZING CANDIDATE TREE SET                      |
--------------------------------------------------------------------
Iteration 20 / LogL: -2020.221 / Time: 0h:0m:0s (0h:0m:1s left)
Iteration 30 / LogL: -2020.216 / Time: 0h:0m:0s (0h:0m:1s left)
Iteration 40 / LogL: -2020.219 / Time: 0h:0m:0s (0h:0m:1s left)
Iteration 50 / LogL: -2020.222 / Time: 0h:0m:1s (0h:0m:1s left)
Iteration 60 / LogL: -2020.236 / Time: 0h:0m:1s (0h:0m:0s left)
Iteration 70 / LogL: -2020.220 / Time: 0h:0m:1s (0h:0m:0s left)
Iteration 80 / LogL: -2020.230 / Time: 0h:0m:1s (0h:0m:0s left)
Iteration 90 / LogL: -2020.215 / Time: 0h:0m:1s (0h:0m:0s left)
Iteration 100 / LogL: -2020.231 / Time: 0h:0m:2s (0h:0m:0s left)
TREE SEARCH COMPLETED AFTER 101 ITERATIONS / Time: 0h:0m:2s

--------------------------------------------------------------------
|                    FINALIZING TREE SEARCH                        |
--------------------------------------------------------------------
Performs final model parameters optimization
Estimate model parameters (epsilon = 0.010)
1. Initial log-likelihood: -2020.215
Optimal log-likelihood: -2020.215
Rate parameters:  A-C: 1.263  A-G: 1.005  A-T: 0.859  C-G: 1.079  C-T: 1.574  G-T: 1.000
Base frequencies:   A: 0.278  C: 0.233  G: 0.261  T: 0.227
Gamma shape alpha: 2.483
Parameters optimization took 1 rounds (0.006 sec)
BEST SCORE FOUND : -2020.215

Testing tree branches by SH-like aLRT with 1000 replicates...
CPU Time used:  0.144 sec.
Total tree length: 1.263

Total number of iterations: 101
CPU time used for tree search: 2.068 sec (0h:0m:2s)
Wall-clock time used for tree search: 2.071 sec (0h:0m:2s)
Total CPU time used: 2.276 sec (0h:0m:2s)
Total wall-clock time used: 2.288 sec (0h:0m:2s)

Analysis results written to: 
  IQ-TREE report:                ../simulations/data_D8T0L15I8T8//S/13_pruned.fasta.iqtree
  Maximum-likelihood tree:       ../simulations/data_D8T0L15I8T8//S/13_pruned.fasta.treefile
  Likelihood distances:          ../simulations/data_D8T0L15I8T8//S/13_pruned.fasta.mldist
  Screen log file:               ../simulations/data_D8T0L15I8T8//S/13_pruned.fasta.log

Date and Time: Fri May 25 22:38:11 2018
