IQ-TREE version 1.4.2 for Linux 64-bit built Apr 15 2016
Copyright (c) 2011-2015 Nguyen Lam Tung, Olga Chernomor, Arndt von Haeseler and Bui Quang Minh.

Host:    meduse (AVX2, FMA3, 7 GB RAM)
Command: iqtree -s ../simulations/data_D10T0L20I10T10//S/145_pruned.fasta -m GTR+G -alrt 1000 -redo
Seed:    901143 (Using SPRNG - Scalable Parallel Random Number Generator)
Time:    Sun Jun  3 23:16:06 2018
Kernel:  AVX

NOTE: Consider using the multicore version because your CPU has 4 cores!

Reading alignment file ../simulations/data_D10T0L20I10T10//S/145_pruned.fasta ... Fasta format detected
Alignment most likely contains DNA/RNA sequences
Alignment has 26 sequences with 300 columns and 300 patterns (295 informative sites)
          Gap/Ambiguity  Composition  p-value
   1  n277_280    0.00%    passed     53.19%
   2  n285_288    0.00%    passed     87.79%
   3  n278_281    0.00%    passed     61.19%
   4  n297_300    0.00%    passed     67.39%
   5  n251_254    0.00%    passed     81.43%
   6  n280_283    0.00%    passed     71.33%
   7  n294_297    0.00%    passed     86.11%
   8  n275_278    0.00%    passed     65.60%
   9  n289_292    0.00%    passed     70.99%
  10  n274_277    0.00%    passed     71.33%
  11  n265_268    0.00%    passed     68.69%
  12  n298_301    0.00%    passed     49.65%
  13  n266_269    0.00%    passed     89.67%
  14  n287_290    0.00%    passed     87.03%
  15  n295_298    0.00%    passed     98.68%
  16  n255_258    0.00%    passed     45.24%
  17  n200_201    0.00%    passed     14.98%
  18  n296_299    0.00%    passed     99.67%
  19  n293_296    0.00%    passed     93.54%
  20  n299_302    0.00%    passed     76.81%
  21  n292_295    0.00%    passed     66.97%
  22  n300_303    0.00%    passed     77.15%
  23  n286_289    0.00%    passed     93.16%
  24  n290_293    0.00%    passed     82.03%
  25  n236_239    0.00%    passed     89.58%
  26  n244_247    0.00%    passed     42.05%
****  TOTAL       0.00%  0 sequences failed composition chi2 test (p-value<5%; df=3)

Create initial parsimony tree by phylogenetic likelihood library (PLL)... 0.002 seconds

NOTE: 1 MB RAM is required!
Estimate model parameters (epsilon = 0.100)
1. Initial log-likelihood: -5386.821
2. Current log-likelihood: -5290.365
3. Current log-likelihood: -5276.902
4. Current log-likelihood: -5274.092
5. Current log-likelihood: -5273.247
6. Current log-likelihood: -5273.142
Optimal log-likelihood: -5273.067
Rate parameters:  A-C: 1.052  A-G: 1.207  A-T: 1.077  C-G: 1.024  C-T: 1.485  G-T: 1.000
Base frequencies:   A: 0.244  C: 0.275  G: 0.256  T: 0.225
Gamma shape alpha: 4.893
Parameters optimization took 6 rounds (0.074 sec)
--------------------------------------------------------------------
|             INITIALIZING CANDIDATE TREE SET                      |
--------------------------------------------------------------------
Computing ML distances based on estimated model parameters... 0.004 sec
WARNING: Some pairwise ML distances are too long (saturated)
Computing BIONJ tree...
0.000 seconds
Log-likelihood of BIONJ tree: -5273.344
Generating 98 parsimony trees... 0.143 seconds 3 distinct starting trees
Computing log-likelihood of 3 initial trees ... 0.003 seconds
Optimizing top 3 initial trees with NNI...
Iteration 1 / LogL: -5271.870 / Time: 0h:0m:0s
Estimate model parameters (epsilon = 0.100)
BETTER TREE FOUND at iteration 1: -5271.605
Iteration 2 / LogL: -5272.077 / Time: 0h:0m:0s
Iteration 3 / LogL: -5272.368 / Time: 0h:0m:0s
Average CPU time for 1 NNI search: 0.017
Finish initializing candidate tree set. Number of distinct locally optimal trees: 3
Current best tree score: -5271.605 / CPU time: 0.200
--------------------------------------------------------------------
|               OPTIMIZING CANDIDATE TREE SET                      |
--------------------------------------------------------------------
Iteration 10 / LogL: -5271.870 / Time: 0h:0m:0s
Iteration 20 / LogL: -5273.067 / Time: 0h:0m:0s (0h:0m:3s left)
Iteration 30 / LogL: -5271.825 / Time: 0h:0m:1s (0h:0m:2s left)
Iteration 40 / LogL: -5271.978 / Time: 0h:0m:1s (0h:0m:2s left)
Iteration 50 / LogL: -5280.637 / Time: 0h:0m:1s (0h:0m:1s left)
Iteration 60 / LogL: -5271.954 / Time: 0h:0m:2s (0h:0m:1s left)
Iteration 70 / LogL: -5274.592 / Time: 0h:0m:2s (0h:0m:1s left)
Iteration 80 / LogL: -5276.902 / Time: 0h:0m:2s (0h:0m:0s left)
Iteration 90 / LogL: -5274.737 / Time: 0h:0m:3s (0h:0m:0s left)
Iteration 100 / LogL: -5271.837 / Time: 0h:0m:3s (0h:0m:0s left)
TREE SEARCH COMPLETED AFTER 101 ITERATIONS / Time: 0h:0m:3s

--------------------------------------------------------------------
|                    FINALIZING TREE SEARCH                        |
--------------------------------------------------------------------
Performs final model parameters optimization
Estimate model parameters (epsilon = 0.010)
1. Initial log-likelihood: -5271.605
Optimal log-likelihood: -5271.590
Rate parameters:  A-C: 1.048  A-G: 1.195  A-T: 1.049  C-G: 1.018  C-T: 1.480  G-T: 1.000
Base frequencies:   A: 0.244  C: 0.275  G: 0.256  T: 0.225
Gamma shape alpha: 5.048
Parameters optimization took 1 rounds (0.009 sec)
BEST SCORE FOUND : -5271.590

Testing tree branches by SH-like aLRT with 1000 replicates...
CPU Time used:  0.116 sec.
Total tree length: 9.094

Total number of iterations: 101
CPU time used for tree search: 3.344 sec (0h:0m:3s)
Wall-clock time used for tree search: 3.345 sec (0h:0m:3s)
Total CPU time used: 3.568 sec (0h:0m:3s)
Total wall-clock time used: 3.574 sec (0h:0m:3s)

Analysis results written to: 
  IQ-TREE report:                ../simulations/data_D10T0L20I10T10//S/145_pruned.fasta.iqtree
  Maximum-likelihood tree:       ../simulations/data_D10T0L20I10T10//S/145_pruned.fasta.treefile
  Likelihood distances:          ../simulations/data_D10T0L20I10T10//S/145_pruned.fasta.mldist
  Screen log file:               ../simulations/data_D10T0L20I10T10//S/145_pruned.fasta.log

Date and Time: Sun Jun  3 23:16:10 2018
