IQ-TREE version 1.4.2 for Linux 64-bit built Apr 15 2016
Copyright (c) 2011-2015 Nguyen Lam Tung, Olga Chernomor, Arndt von Haeseler and Bui Quang Minh.

Host:    meduse (AVX2, FMA3, 7 GB RAM)
Command: iqtree -s ../simulations/data_D10T0L20I10T10//S/149_pruned.fasta -m GTR+G -alrt 1000 -redo
Seed:    82990 (Using SPRNG - Scalable Parallel Random Number Generator)
Time:    Fri Jun  1 10:56:42 2018
Kernel:  AVX

NOTE: Consider using the multicore version because your CPU has 4 cores!

Reading alignment file ../simulations/data_D10T0L20I10T10//S/149_pruned.fasta ... Fasta format detected
Alignment most likely contains DNA/RNA sequences
Alignment has 26 sequences with 300 columns and 164 patterns (153 informative sites)
          Gap/Ambiguity  Composition  p-value
   1  n289_290    0.00%    passed     89.29%
   2  n294_295    0.00%    passed     91.40%
   3  n295_296    0.00%    passed     93.50%
   4  n266_267    0.00%    passed     96.27%
   5  n299_300    0.00%    passed     95.88%
   6  n298_299    0.00%    passed     93.74%
   7  n290_291    0.00%    passed     91.99%
   8  n274_275    0.00%    passed     97.98%
   9  n251_252    0.00%    passed     77.04%
  10  n293_294    0.00%    passed     93.13%
  11  n265_266    0.00%    passed     89.37%
  12  n296_297    0.00%    passed     91.17%
  13  n300_301    0.00%    passed     95.88%
  14  n244_245    0.00%    passed     60.69%
  15  n278_279    0.00%    passed     68.13%
  16  n287_288    0.00%    passed     77.35%
  17  n200_201    0.00%    passed     91.18%
  18  n277_278    0.00%    passed     73.93%
  19  n297_298    0.00%    passed     93.74%
  20  n236_237    0.00%    passed     71.60%
  21  n280_281    0.00%    passed     97.27%
  22  n285_286    0.00%    passed     83.25%
  23  n275_276    0.00%    passed     93.22%
  24  n255_256    0.00%    passed     93.13%
  25  n292_293    0.00%    passed     97.03%
  26  n286_287    0.00%    passed     93.34%
****  TOTAL       0.00%  0 sequences failed composition chi2 test (p-value<5%; df=3)
NOTE: 2 identical sequences (see below) will be ignored for subsequent analysis
NOTE: n300_301 (identical to n299_300) is ignored but added at the end
NOTE: n297_298 (identical to n298_299) is ignored but added at the end

Create initial parsimony tree by phylogenetic likelihood library (PLL)... 0.001 seconds

NOTE: 0 MB RAM is required!
Estimate model parameters (epsilon = 0.100)
1. Initial log-likelihood: -1951.809
2. Current log-likelihood: -1911.070
3. Current log-likelihood: -1910.654
Optimal log-likelihood: -1910.617
Rate parameters:  A-C: 1.149  A-G: 1.306  A-T: 0.842  C-G: 0.856  C-T: 1.775  G-T: 1.000
Base frequencies:   A: 0.229  C: 0.223  G: 0.319  T: 0.229
Gamma shape alpha: 6.471
Parameters optimization took 3 rounds (0.021 sec)
--------------------------------------------------------------------
|             INITIALIZING CANDIDATE TREE SET                      |
--------------------------------------------------------------------
Computing ML distances based on estimated model parameters... 0.004 sec
Computing BIONJ tree...
0.000 seconds
Log-likelihood of BIONJ tree: -1910.874
Generating 98 parsimony trees... 0.086 seconds 33 distinct starting trees
Computing log-likelihood of 33 initial trees ... 0.051 seconds
Optimizing top 20 initial trees with NNI...
Iteration 1 / LogL: -1910.617 / Time: 0h:0m:0s
Estimate model parameters (epsilon = 0.100)
BETTER SCORE FOUND at iteration 1: -1910.601
Iteration 2 / LogL: -1910.603 / Time: 0h:0m:0s
Iteration 3 / LogL: -1910.603 / Time: 0h:0m:0s
Iteration 4 / LogL: -1910.603 / Time: 0h:0m:0s
Iteration 5 / LogL: -1910.603 / Time: 0h:0m:0s
Iteration 6 / LogL: -1910.603 / Time: 0h:0m:0s
Iteration 7 / LogL: -1910.603 / Time: 0h:0m:0s
Iteration 8 / LogL: -1910.603 / Time: 0h:0m:0s
Iteration 9 / LogL: -1910.603 / Time: 0h:0m:0s
Iteration 10 / LogL: -1910.601 / Time: 0h:0m:0s
Iteration 11 / LogL: -1910.878 / Time: 0h:0m:0s
Iteration 12 / LogL: -1910.878 / Time: 0h:0m:0s
Iteration 13 / LogL: -1910.841 / Time: 0h:0m:0s
Iteration 14 / LogL: -1910.878 / Time: 0h:0m:0s
Iteration 15 / LogL: -1910.878 / Time: 0h:0m:0s
Iteration 16 / LogL: -1910.878 / Time: 0h:0m:0s
Iteration 17 / LogL: -1910.878 / Time: 0h:0m:0s
Iteration 18 / LogL: -1910.878 / Time: 0h:0m:0s
Iteration 19 / LogL: -1910.841 / Time: 0h:0m:0s
Iteration 20 / LogL: -1910.841 / Time: 0h:0m:0s
Average CPU time for 1 NNI search: 0.004
Finish initializing candidate tree set. Number of distinct locally optimal trees: 16
Current best tree score: -1910.601 / CPU time: 0.224
--------------------------------------------------------------------
|               OPTIMIZING CANDIDATE TREE SET                      |
--------------------------------------------------------------------
Iteration 30 / LogL: -1910.842 / Time: 0h:0m:0s (0h:0m:0s left)
Iteration 40 / LogL: -1911.856 / Time: 0h:0m:0s (0h:0m:0s left)
Iteration 50 / LogL: -1910.601 / Time: 0h:0m:0s (0h:0m:0s left)
Iteration 60 / LogL: -1910.601 / Time: 0h:0m:0s (0h:0m:0s left)
Iteration 70 / LogL: -1910.825 / Time: 0h:0m:0s (0h:0m:0s left)
Iteration 80 / LogL: -1910.603 / Time: 0h:0m:1s (0h:0m:0s left)
Iteration 90 / LogL: -1910.602 / Time: 0h:0m:1s (0h:0m:0s left)
Iteration 100 / LogL: -1910.877 / Time: 0h:0m:1s (0h:0m:0s left)
TREE SEARCH COMPLETED AFTER 101 ITERATIONS / Time: 0h:0m:1s

--------------------------------------------------------------------
|                    FINALIZING TREE SEARCH                        |
--------------------------------------------------------------------
Performs final model parameters optimization
Estimate model parameters (epsilon = 0.010)
1. Initial log-likelihood: -1910.601
Optimal log-likelihood: -1910.592
Rate parameters:  A-C: 1.127  A-G: 1.289  A-T: 0.831  C-G: 0.850  C-T: 1.743  G-T: 1.000
Base frequencies:   A: 0.229  C: 0.223  G: 0.319  T: 0.229
Gamma shape alpha: 6.512
Parameters optimization took 1 rounds (0.005 sec)
BEST SCORE FOUND : -1910.592

Testing tree branches by SH-like aLRT with 1000 replicates...
CPU Time used:  0.096 sec.
Total tree length: 1.097

Total number of iterations: 101
CPU time used for tree search: 1.316 sec (0h:0m:1s)
Wall-clock time used for tree search: 1.313 sec (0h:0m:1s)
Total CPU time used: 1.448 sec (0h:0m:1s)
Total wall-clock time used: 1.447 sec (0h:0m:1s)

Analysis results written to: 
  IQ-TREE report:                ../simulations/data_D10T0L20I10T10//S/149_pruned.fasta.iqtree
  Maximum-likelihood tree:       ../simulations/data_D10T0L20I10T10//S/149_pruned.fasta.treefile
  Likelihood distances:          ../simulations/data_D10T0L20I10T10//S/149_pruned.fasta.mldist
  Screen log file:               ../simulations/data_D10T0L20I10T10//S/149_pruned.fasta.log

Date and Time: Fri Jun  1 10:56:43 2018
