IQ-TREE version 1.4.2 for Linux 64-bit built Apr 15 2016
Copyright (c) 2011-2015 Nguyen Lam Tung, Olga Chernomor, Arndt von Haeseler and Bui Quang Minh.

Host:    meduse (AVX2, FMA3, 7 GB RAM)
Command: iqtree -s ../simulations/data_D10T0L20I10T10//S/152_pruned.fasta -m GTR+G -alrt 1000 -redo
Seed:    455697 (Using SPRNG - Scalable Parallel Random Number Generator)
Time:    Sun Jun  3 23:31:03 2018
Kernel:  AVX

NOTE: Consider using the multicore version because your CPU has 4 cores!

Reading alignment file ../simulations/data_D10T0L20I10T10//S/152_pruned.fasta ... Fasta format detected
Alignment most likely contains DNA/RNA sequences
Alignment has 26 sequences with 300 columns and 298 patterns (291 informative sites)
          Gap/Ambiguity  Composition  p-value
   1  n277_278    0.00%    passed     81.09%
   2  n286_287    0.00%    passed     52.50%
   3  n296_297    0.00%    passed     83.85%
   4  n285_286    0.00%    passed     33.11%
   5  n289_290    0.00%    passed     73.33%
   6  n274_275    0.00%    passed     88.41%
   7  n255_256    0.00%    passed     32.10%
   8  n275_276    0.00%    passed     37.20%
   9  n278_279    0.00%    passed     73.36%
  10  n299_300    0.00%    passed     52.25%
  11  n236_237    0.00%    passed     40.99%
  12  n293_294    0.00%    passed     86.06%
  13  n290_291    0.00%    passed     76.87%
  14  n297_298    0.00%    passed     79.92%
  15  n200_201    0.00%    passed     72.94%
  16  n292_293    0.00%    passed     66.37%
  17  n280_281    0.00%    passed     81.78%
  18  n295_296    0.00%    passed     91.65%
  19  n287_288    0.00%    passed     83.81%
  20  n244_245    0.00%    passed     15.52%
  21  n265_266    0.00%    passed      7.49%
  22  n266_267    0.00%    failed      2.46%
  23  n294_295    0.00%    passed     99.75%
  24  n251_252    0.00%    passed     53.63%
  25  n298_299    0.00%    passed     80.83%
  26  n300_301    0.00%    passed     66.37%
****  TOTAL       0.00%  1 sequences failed composition chi2 test (p-value<5%; df=3)

Create initial parsimony tree by phylogenetic likelihood library (PLL)... 0.002 seconds

NOTE: 1 MB RAM is required!
Estimate model parameters (epsilon = 0.100)
1. Initial log-likelihood: -5168.162
2. Current log-likelihood: -5084.452
3. Current log-likelihood: -5073.267
4. Current log-likelihood: -5070.761
5. Current log-likelihood: -5070.144
6. Current log-likelihood: -5070.024
Optimal log-likelihood: -5069.986
Rate parameters:  A-C: 1.218  A-G: 1.296  A-T: 0.954  C-G: 0.846  C-T: 1.366  G-T: 1.000
Base frequencies:   A: 0.232  C: 0.276  G: 0.245  T: 0.247
Gamma shape alpha: 3.382
Parameters optimization took 6 rounds (0.072 sec)
--------------------------------------------------------------------
|             INITIALIZING CANDIDATE TREE SET                      |
--------------------------------------------------------------------
Computing ML distances based on estimated model parameters... 0.004 sec
WARNING: Some pairwise ML distances are too long (saturated)
Computing BIONJ tree...
0.000 seconds
Log-likelihood of BIONJ tree: -5068.431
Generating 98 parsimony trees... 0.167 seconds 3 distinct starting trees
Computing log-likelihood of 3 initial trees ... 0.003 seconds
Optimizing top 3 initial trees with NNI...
Iteration 1 / LogL: -5065.026 / Time: 0h:0m:0s
Estimate model parameters (epsilon = 0.100)
BETTER TREE FOUND at iteration 1: -5064.772
Iteration 2 / LogL: -5065.786 / Time: 0h:0m:0s
Iteration 3 / LogL: -5065.878 / Time: 0h:0m:0s
Average CPU time for 1 NNI search: 0.027
Finish initializing candidate tree set. Number of distinct locally optimal trees: 2
Current best tree score: -5064.772 / CPU time: 0.240
--------------------------------------------------------------------
|               OPTIMIZING CANDIDATE TREE SET                      |
--------------------------------------------------------------------
Estimate model parameters (epsilon = 0.010)
UPDATE BEST LOG-LIKELIHOOD: -5064.642
Iteration 10 / LogL: -5263.156 / Time: 0h:0m:0s
Iteration 20 / LogL: -5073.466 / Time: 0h:0m:0s (0h:0m:4s left)
Iteration 30 / LogL: -5064.547 / Time: 0h:0m:1s (0h:0m:3s left)
Estimate model parameters (epsilon = 0.010)
UPDATE BEST LOG-LIKELIHOOD: -5064.004
Iteration 40 / LogL: -5065.065 / Time: 0h:0m:1s (0h:0m:2s left)
Iteration 50 / LogL: -5064.721 / Time: 0h:0m:1s (0h:0m:1s left)
Iteration 60 / LogL: -5064.821 / Time: 0h:0m:2s (0h:0m:1s left)
Iteration 70 / LogL: -5065.183 / Time: 0h:0m:2s (0h:0m:1s left)
Iteration 80 / LogL: -5077.836 / Time: 0h:0m:2s (0h:0m:0s left)
Iteration 90 / LogL: -5065.894 / Time: 0h:0m:3s (0h:0m:0s left)
Iteration 100 / LogL: -5064.385 / Time: 0h:0m:3s (0h:0m:0s left)
TREE SEARCH COMPLETED AFTER 101 ITERATIONS / Time: 0h:0m:3s

--------------------------------------------------------------------
|                    FINALIZING TREE SEARCH                        |
--------------------------------------------------------------------
Performs final model parameters optimization
Estimate model parameters (epsilon = 0.010)
1. Initial log-likelihood: -5064.004
Optimal log-likelihood: -5063.997
Rate parameters:  A-C: 1.266  A-G: 1.375  A-T: 1.009  C-G: 0.869  C-T: 1.424  G-T: 1.000
Base frequencies:   A: 0.232  C: 0.276  G: 0.245  T: 0.247
Gamma shape alpha: 3.256
Parameters optimization took 1 rounds (0.008 sec)
BEST SCORE FOUND : -5063.997

Testing tree branches by SH-like aLRT with 1000 replicates...
CPU Time used:  0.124 sec.
Total tree length: 9.106

Total number of iterations: 101
CPU time used for tree search: 3.472 sec (0h:0m:3s)
Wall-clock time used for tree search: 3.479 sec (0h:0m:3s)
Total CPU time used: 3.704 sec (0h:0m:3s)
Total wall-clock time used: 3.718 sec (0h:0m:3s)

Analysis results written to: 
  IQ-TREE report:                ../simulations/data_D10T0L20I10T10//S/152_pruned.fasta.iqtree
  Maximum-likelihood tree:       ../simulations/data_D10T0L20I10T10//S/152_pruned.fasta.treefile
  Likelihood distances:          ../simulations/data_D10T0L20I10T10//S/152_pruned.fasta.mldist
  Screen log file:               ../simulations/data_D10T0L20I10T10//S/152_pruned.fasta.log

Date and Time: Sun Jun  3 23:31:07 2018
