IQ-TREE version 1.4.2 for Linux 64-bit built Apr 15 2016
Copyright (c) 2011-2015 Nguyen Lam Tung, Olga Chernomor, Arndt von Haeseler and Bui Quang Minh.

Host:    meduse (AVX2, FMA3, 7 GB RAM)
Command: iqtree -s ../simulations/data_D10T0L20I10T10//S/154_pruned.fasta -m GTR+G -alrt 1000 -redo
Seed:    617207 (Using SPRNG - Scalable Parallel Random Number Generator)
Time:    Fri Jun  1 11:02:29 2018
Kernel:  AVX

NOTE: Consider using the multicore version because your CPU has 4 cores!

Reading alignment file ../simulations/data_D10T0L20I10T10//S/154_pruned.fasta ... Fasta format detected
Alignment most likely contains DNA/RNA sequences
Alignment has 26 sequences with 300 columns and 178 patterns (161 informative sites)
          Gap/Ambiguity  Composition  p-value
   1  n289_290    0.00%    passed     94.54%
   2  n294_295    0.00%    passed     97.53%
   3  n295_296    0.00%    passed     87.94%
   4  n266_267    0.00%    passed     96.78%
   5  n299_300    0.00%    passed     67.52%
   6  n298_299    0.00%    passed     94.47%
   7  n290_291    0.00%    passed     92.09%
   8  n274_275    0.00%    passed     69.02%
   9  n251_252    0.00%    passed     13.64%
  10  n293_294    0.00%    passed     97.41%
  11  n265_266    0.00%    passed     87.21%
  12  n296_297    0.00%    passed     96.61%
  13  n300_301    0.00%    passed     69.58%
  14  n244_245    0.00%    passed     62.32%
  15  n278_279    0.00%    passed     78.76%
  16  n287_288    0.00%    passed     94.30%
  17  n200_201    0.00%    passed     83.12%
  18  n277_278    0.00%    passed     71.08%
  19  n297_298    0.00%    passed     94.88%
  20  n236_237    0.00%    passed     90.65%
  21  n280_281    0.00%    passed     67.42%
  22  n285_286    0.00%    passed     84.33%
  23  n275_276    0.00%    passed     96.26%
  24  n255_256    0.00%    passed     23.59%
  25  n292_293    0.00%    passed     65.16%
  26  n286_287    0.00%    passed     96.11%
****  TOTAL       0.00%  0 sequences failed composition chi2 test (p-value<5%; df=3)

Create initial parsimony tree by phylogenetic likelihood library (PLL)... 0.001 seconds

NOTE: 0 MB RAM is required!
Estimate model parameters (epsilon = 0.100)
1. Initial log-likelihood: -2064.594
2. Current log-likelihood: -2013.819
3. Current log-likelihood: -2013.325
Optimal log-likelihood: -2013.316
Rate parameters:  A-C: 1.353  A-G: 1.197  A-T: 0.541  C-G: 1.013  C-T: 1.198  G-T: 1.000
Base frequencies:   A: 0.213  C: 0.247  G: 0.299  T: 0.241
Gamma shape alpha: 998.360
Parameters optimization took 3 rounds (0.020 sec)
--------------------------------------------------------------------
|             INITIALIZING CANDIDATE TREE SET                      |
--------------------------------------------------------------------
Computing ML distances based on estimated model parameters... 0.000 sec
Computing BIONJ tree...
0.000 seconds
Log-likelihood of BIONJ tree: -2013.316
Generating 98 parsimony trees... 0.086 seconds 83 distinct starting trees
Computing log-likelihood of 83 initial trees ... 0.145 seconds
Optimizing top 20 initial trees with NNI...
Iteration 1 / LogL: -2013.029 / Time: 0h:0m:0s
Estimate model parameters (epsilon = 0.100)
BETTER SCORE FOUND at iteration 1: -2013.023
Iteration 2 / LogL: -2013.025 / Time: 0h:0m:0s
Iteration 3 / LogL: -2013.025 / Time: 0h:0m:0s
Iteration 4 / LogL: -2013.025 / Time: 0h:0m:0s
Iteration 5 / LogL: -2013.025 / Time: 0h:0m:0s
Iteration 6 / LogL: -2013.025 / Time: 0h:0m:0s
Iteration 7 / LogL: -2013.025 / Time: 0h:0m:0s
Iteration 8 / LogL: -2013.025 / Time: 0h:0m:0s
Iteration 9 / LogL: -2013.025 / Time: 0h:0m:0s
Iteration 10 / LogL: -2013.025 / Time: 0h:0m:0s
Iteration 11 / LogL: -2013.025 / Time: 0h:0m:0s
Iteration 12 / LogL: -2013.025 / Time: 0h:0m:0s
Iteration 13 / LogL: -2013.025 / Time: 0h:0m:0s
Iteration 14 / LogL: -2013.025 / Time: 0h:0m:0s
Iteration 15 / LogL: -2013.025 / Time: 0h:0m:0s
Iteration 16 / LogL: -2013.025 / Time: 0h:0m:0s
Iteration 17 / LogL: -2013.025 / Time: 0h:0m:0s
Iteration 18 / LogL: -2013.025 / Time: 0h:0m:0s
Iteration 19 / LogL: -2013.025 / Time: 0h:0m:0s
Iteration 20 / LogL: -2013.025 / Time: 0h:0m:0s
Average CPU time for 1 NNI search: 0.004
Finish initializing candidate tree set. Number of distinct locally optimal trees: 20
Current best tree score: -2013.023 / CPU time: 0.320
--------------------------------------------------------------------
|               OPTIMIZING CANDIDATE TREE SET                      |
--------------------------------------------------------------------
Iteration 30 / LogL: -2013.024 / Time: 0h:0m:0s (0h:0m:1s left)
Iteration 40 / LogL: -2013.024 / Time: 0h:0m:0s (0h:0m:1s left)
Iteration 50 / LogL: -2013.023 / Time: 0h:0m:0s (0h:0m:0s left)
Iteration 60 / LogL: -2013.027 / Time: 0h:0m:0s (0h:0m:0s left)
Iteration 70 / LogL: -2013.313 / Time: 0h:0m:1s (0h:0m:0s left)
Iteration 80 / LogL: -2013.024 / Time: 0h:0m:1s (0h:0m:0s left)
Iteration 90 / LogL: -2013.024 / Time: 0h:0m:1s (0h:0m:0s left)
Iteration 100 / LogL: -2013.023 / Time: 0h:0m:1s (0h:0m:0s left)
TREE SEARCH COMPLETED AFTER 101 ITERATIONS / Time: 0h:0m:1s

--------------------------------------------------------------------
|                    FINALIZING TREE SEARCH                        |
--------------------------------------------------------------------
Performs final model parameters optimization
Estimate model parameters (epsilon = 0.010)
1. Initial log-likelihood: -2013.023
Optimal log-likelihood: -2013.021
Rate parameters:  A-C: 1.343  A-G: 1.191  A-T: 0.536  C-G: 1.001  C-T: 1.188  G-T: 1.000
Base frequencies:   A: 0.213  C: 0.247  G: 0.299  T: 0.241
Gamma shape alpha: 998.360
Parameters optimization took 1 rounds (0.006 sec)
BEST SCORE FOUND : -2013.021

Testing tree branches by SH-like aLRT with 1000 replicates...
CPU Time used:  0.124 sec.
Total tree length: 1.152

Total number of iterations: 101
CPU time used for tree search: 1.484 sec (0h:0m:1s)
Wall-clock time used for tree search: 1.487 sec (0h:0m:1s)
Total CPU time used: 1.644 sec (0h:0m:1s)
Total wall-clock time used: 1.650 sec (0h:0m:1s)

Analysis results written to: 
  IQ-TREE report:                ../simulations/data_D10T0L20I10T10//S/154_pruned.fasta.iqtree
  Maximum-likelihood tree:       ../simulations/data_D10T0L20I10T10//S/154_pruned.fasta.treefile
  Likelihood distances:          ../simulations/data_D10T0L20I10T10//S/154_pruned.fasta.mldist
  Screen log file:               ../simulations/data_D10T0L20I10T10//S/154_pruned.fasta.log

Date and Time: Fri Jun  1 11:02:31 2018
