IQ-TREE version 1.4.2 for Linux 64-bit built Apr 15 2016
Copyright (c) 2011-2015 Nguyen Lam Tung, Olga Chernomor, Arndt von Haeseler and Bui Quang Minh.

Host:    meduse (AVX2, FMA3, 7 GB RAM)
Command: iqtree -s ../simulations/data_D10T0L20I10T10//S/155_pruned.fasta -m GTR+G -alrt 1000 -redo
Seed:    351127 (Using SPRNG - Scalable Parallel Random Number Generator)
Time:    Fri Jun  1 10:59:08 2018
Kernel:  AVX

NOTE: Consider using the multicore version because your CPU has 4 cores!

Reading alignment file ../simulations/data_D10T0L20I10T10//S/155_pruned.fasta ... Fasta format detected
Alignment most likely contains DNA/RNA sequences
Alignment has 26 sequences with 300 columns and 170 patterns (147 informative sites)
          Gap/Ambiguity  Composition  p-value
   1  n289_290    0.00%    passed     94.84%
   2  n294_295    0.00%    passed     94.00%
   3  n295_296    0.00%    passed     97.14%
   4  n266_267    0.00%    passed     98.62%
   5  n299_300    0.00%    passed     99.76%
   6  n298_299    0.00%    passed     96.02%
   7  n290_291    0.00%    passed     96.94%
   8  n274_275    0.00%    passed     99.76%
   9  n251_252    0.00%    passed     53.25%
  10  n293_294    0.00%    passed     95.92%
  11  n265_266    0.00%    passed     98.45%
  12  n296_297    0.00%    passed     95.61%
  13  n300_301    0.00%    passed     99.76%
  14  n244_245    0.00%    passed     80.32%
  15  n278_279    0.00%    passed     99.48%
  16  n287_288    0.00%    passed     98.50%
  17  n200_201    0.00%    passed     39.74%
  18  n277_278    0.00%    passed     96.94%
  19  n297_298    0.00%    passed     96.67%
  20  n236_237    0.00%    passed     99.71%
  21  n280_281    0.00%    passed     99.05%
  22  n285_286    0.00%    passed     89.99%
  23  n275_276    0.00%    passed     96.27%
  24  n255_256    0.00%    passed     68.08%
  25  n292_293    0.00%    passed     99.76%
  26  n286_287    0.00%    passed     73.04%
****  TOTAL       0.00%  0 sequences failed composition chi2 test (p-value<5%; df=3)
NOTE: 3 identical sequences (see below) will be ignored for subsequent analysis
NOTE: n274_275 (identical to n299_300) is ignored but added at the end
NOTE: n300_301 (identical to n299_300) is ignored but added at the end
NOTE: n292_293 (identical to n299_300) is ignored but added at the end

Create initial parsimony tree by phylogenetic likelihood library (PLL)... 0.001 seconds

NOTE: 0 MB RAM is required!
Estimate model parameters (epsilon = 0.100)
1. Initial log-likelihood: -1982.842
2. Current log-likelihood: -1943.640
3. Current log-likelihood: -1943.385
Optimal log-likelihood: -1943.380
Rate parameters:  A-C: 0.885  A-G: 0.946  A-T: 1.032  C-G: 1.039  C-T: 1.678  G-T: 1.000
Base frequencies:   A: 0.232  C: 0.244  G: 0.303  T: 0.221
Gamma shape alpha: 12.585
Parameters optimization took 3 rounds (0.018 sec)
--------------------------------------------------------------------
|             INITIALIZING CANDIDATE TREE SET                      |
--------------------------------------------------------------------
Computing ML distances based on estimated model parameters... 0.000 sec
Computing BIONJ tree...
0.000 seconds
Log-likelihood of BIONJ tree: -1943.379
Generating 98 parsimony trees... 0.068 seconds 9 distinct starting trees
Computing log-likelihood of 9 initial trees ... 0.010 seconds
Optimizing top 9 initial trees with NNI...
Iteration 1 / LogL: -1943.380 / Time: 0h:0m:0s
Estimate model parameters (epsilon = 0.100)
BETTER SCORE FOUND at iteration 1: -1943.378
Iteration 2 / LogL: -1943.380 / Time: 0h:0m:0s
Iteration 3 / LogL: -1943.380 / Time: 0h:0m:0s
Iteration 4 / LogL: -1943.380 / Time: 0h:0m:0s
Iteration 5 / LogL: -1943.380 / Time: 0h:0m:0s
Iteration 6 / LogL: -1943.380 / Time: 0h:0m:0s
Iteration 7 / LogL: -1943.380 / Time: 0h:0m:0s
Iteration 8 / LogL: -1943.380 / Time: 0h:0m:0s
Iteration 9 / LogL: -1943.380 / Time: 0h:0m:0s
Average CPU time for 1 NNI search: 0.004
Finish initializing candidate tree set. Number of distinct locally optimal trees: 9
Current best tree score: -1943.378 / CPU time: 0.108
--------------------------------------------------------------------
|               OPTIMIZING CANDIDATE TREE SET                      |
--------------------------------------------------------------------
Iteration 10 / LogL: -1943.419 / Time: 0h:0m:0s
Iteration 20 / LogL: -1943.379 / Time: 0h:0m:0s (0h:0m:1s left)
Iteration 30 / LogL: -1943.419 / Time: 0h:0m:0s (0h:0m:0s left)
Iteration 40 / LogL: -1943.379 / Time: 0h:0m:0s (0h:0m:0s left)
Iteration 50 / LogL: -1943.378 / Time: 0h:0m:0s (0h:0m:0s left)
Iteration 60 / LogL: -1943.380 / Time: 0h:0m:0s (0h:0m:0s left)
Iteration 70 / LogL: -1943.475 / Time: 0h:0m:0s (0h:0m:0s left)
Iteration 80 / LogL: -1943.409 / Time: 0h:0m:0s (0h:0m:0s left)
Iteration 90 / LogL: -1943.396 / Time: 0h:0m:1s (0h:0m:0s left)
Iteration 100 / LogL: -1943.446 / Time: 0h:0m:1s (0h:0m:0s left)
TREE SEARCH COMPLETED AFTER 101 ITERATIONS / Time: 0h:0m:1s

--------------------------------------------------------------------
|                    FINALIZING TREE SEARCH                        |
--------------------------------------------------------------------
Performs final model parameters optimization
Estimate model parameters (epsilon = 0.010)
1. Initial log-likelihood: -1943.378
Optimal log-likelihood: -1943.378
Rate parameters:  A-C: 0.886  A-G: 0.946  A-T: 1.033  C-G: 1.037  C-T: 1.673  G-T: 1.000
Base frequencies:   A: 0.232  C: 0.244  G: 0.303  T: 0.221
Gamma shape alpha: 12.624
Parameters optimization took 1 rounds (0.004 sec)
BEST SCORE FOUND : -1943.378

Testing tree branches by SH-like aLRT with 1000 replicates...
CPU Time used:  0.088 sec.
Total tree length: 1.108

Total number of iterations: 101
CPU time used for tree search: 1.172 sec (0h:0m:1s)
Wall-clock time used for tree search: 1.180 sec (0h:0m:1s)
Total CPU time used: 1.296 sec (0h:0m:1s)
Total wall-clock time used: 1.305 sec (0h:0m:1s)

Analysis results written to: 
  IQ-TREE report:                ../simulations/data_D10T0L20I10T10//S/155_pruned.fasta.iqtree
  Maximum-likelihood tree:       ../simulations/data_D10T0L20I10T10//S/155_pruned.fasta.treefile
  Likelihood distances:          ../simulations/data_D10T0L20I10T10//S/155_pruned.fasta.mldist
  Screen log file:               ../simulations/data_D10T0L20I10T10//S/155_pruned.fasta.log

Date and Time: Fri Jun  1 10:59:09 2018
