IQ-TREE version 1.4.2 for Linux 64-bit built Apr 15 2016
Copyright (c) 2011-2015 Nguyen Lam Tung, Olga Chernomor, Arndt von Haeseler and Bui Quang Minh.

Host:    meduse (AVX2, FMA3, 7 GB RAM)
Command: iqtree -s ../simulations/data_D10T0L20I10T10//S/159_pruned.fasta -m GTR+G -alrt 1000 -redo
Seed:    266368 (Using SPRNG - Scalable Parallel Random Number Generator)
Time:    Fri Jun  1 10:59:11 2018
Kernel:  AVX

NOTE: Consider using the multicore version because your CPU has 4 cores!

Reading alignment file ../simulations/data_D10T0L20I10T10//S/159_pruned.fasta ... Fasta format detected
Alignment most likely contains DNA/RNA sequences
Alignment has 26 sequences with 300 columns and 172 patterns (156 informative sites)
          Gap/Ambiguity  Composition  p-value
   1  n289_290    0.00%    passed     99.17%
   2  n294_295    0.00%    passed     99.82%
   3  n295_296    0.00%    passed     99.43%
   4  n266_267    0.00%    passed     82.96%
   5  n299_300    0.00%    passed     98.08%
   6  n298_299    0.00%    passed     99.89%
   7  n290_291    0.00%    passed     98.23%
   8  n274_275    0.00%    passed     93.52%
   9  n251_252    0.00%    passed     17.13%
  10  n293_294    0.00%    passed     99.82%
  11  n265_266    0.00%    passed     88.36%
  12  n296_297    0.00%    passed     99.02%
  13  n300_301    0.00%    passed     98.08%
  14  n244_245    0.00%    passed     26.15%
  15  n278_279    0.00%    passed     88.94%
  16  n287_288    0.00%    passed     98.20%
  17  n200_201    0.00%    passed     99.05%
  18  n277_278    0.00%    passed     77.98%
  19  n297_298    0.00%    passed     99.23%
  20  n236_237    0.00%    passed     93.33%
  21  n280_281    0.00%    passed     95.47%
  22  n285_286    0.00%    passed     83.17%
  23  n275_276    0.00%    passed     99.35%
  24  n255_256    0.00%    passed     22.64%
  25  n292_293    0.00%    passed     99.32%
  26  n286_287    0.00%    passed     84.87%
****  TOTAL       0.00%  0 sequences failed composition chi2 test (p-value<5%; df=3)
NOTE: 2 identical sequences (see below) will be ignored for subsequent analysis
NOTE: n293_294 (identical to n294_295) is ignored but added at the end
NOTE: n300_301 (identical to n299_300) is ignored but added at the end

Create initial parsimony tree by phylogenetic likelihood library (PLL)... 0.001 seconds

NOTE: 0 MB RAM is required!
Estimate model parameters (epsilon = 0.100)
1. Initial log-likelihood: -2030.852
2. Current log-likelihood: -1996.231
3. Current log-likelihood: -1995.853
Optimal log-likelihood: -1995.849
Rate parameters:  A-C: 0.880  A-G: 0.865  A-T: 0.982  C-G: 1.036  C-T: 1.276  G-T: 1.000
Base frequencies:   A: 0.296  C: 0.273  G: 0.205  T: 0.225
Gamma shape alpha: 4.248
Parameters optimization took 3 rounds (0.025 sec)
--------------------------------------------------------------------
|             INITIALIZING CANDIDATE TREE SET                      |
--------------------------------------------------------------------
Computing ML distances based on estimated model parameters... 0.004 sec
Computing BIONJ tree...
0.000 seconds
Log-likelihood of BIONJ tree: -1995.849
Generating 98 parsimony trees... 0.075 seconds 3 distinct starting trees
Computing log-likelihood of 3 initial trees ... 0.002 seconds
Optimizing top 3 initial trees with NNI...
Iteration 1 / LogL: -1995.849 / Time: 0h:0m:0s
Estimate model parameters (epsilon = 0.100)
BETTER SCORE FOUND at iteration 1: -1995.848
Iteration 2 / LogL: -1995.850 / Time: 0h:0m:0s
Iteration 3 / LogL: -1995.850 / Time: 0h:0m:0s
Average CPU time for 1 NNI search: 0.004
Finish initializing candidate tree set. Number of distinct locally optimal trees: 3
Current best tree score: -1995.848 / CPU time: 0.092
--------------------------------------------------------------------
|               OPTIMIZING CANDIDATE TREE SET                      |
--------------------------------------------------------------------
Iteration 10 / LogL: -1995.849 / Time: 0h:0m:0s
Iteration 20 / LogL: -1995.854 / Time: 0h:0m:0s (0h:0m:1s left)
Iteration 30 / LogL: -1995.849 / Time: 0h:0m:0s (0h:0m:1s left)
Iteration 40 / LogL: -1995.848 / Time: 0h:0m:0s (0h:0m:0s left)
Iteration 50 / LogL: -1995.854 / Time: 0h:0m:0s (0h:0m:0s left)
Iteration 60 / LogL: -1995.850 / Time: 0h:0m:0s (0h:0m:0s left)
Iteration 70 / LogL: -1995.849 / Time: 0h:0m:0s (0h:0m:0s left)
Iteration 80 / LogL: -1995.850 / Time: 0h:0m:1s (0h:0m:0s left)
Iteration 90 / LogL: -1995.875 / Time: 0h:0m:1s (0h:0m:0s left)
Iteration 100 / LogL: -1995.853 / Time: 0h:0m:1s (0h:0m:0s left)
TREE SEARCH COMPLETED AFTER 101 ITERATIONS / Time: 0h:0m:1s

--------------------------------------------------------------------
|                    FINALIZING TREE SEARCH                        |
--------------------------------------------------------------------
Performs final model parameters optimization
Estimate model parameters (epsilon = 0.010)
1. Initial log-likelihood: -1995.848
Optimal log-likelihood: -1995.848
Rate parameters:  A-C: 0.880  A-G: 0.865  A-T: 0.982  C-G: 1.036  C-T: 1.273  G-T: 1.000
Base frequencies:   A: 0.296  C: 0.273  G: 0.205  T: 0.225
Gamma shape alpha: 4.252
Parameters optimization took 1 rounds (0.004 sec)
BEST SCORE FOUND : -1995.848

Testing tree branches by SH-like aLRT with 1000 replicates...
CPU Time used:  0.096 sec.
Total tree length: 1.202

Total number of iterations: 101
CPU time used for tree search: 1.328 sec (0h:0m:1s)
Wall-clock time used for tree search: 1.325 sec (0h:0m:1s)
Total CPU time used: 1.464 sec (0h:0m:1s)
Total wall-clock time used: 1.464 sec (0h:0m:1s)

Analysis results written to: 
  IQ-TREE report:                ../simulations/data_D10T0L20I10T10//S/159_pruned.fasta.iqtree
  Maximum-likelihood tree:       ../simulations/data_D10T0L20I10T10//S/159_pruned.fasta.treefile
  Likelihood distances:          ../simulations/data_D10T0L20I10T10//S/159_pruned.fasta.mldist
  Screen log file:               ../simulations/data_D10T0L20I10T10//S/159_pruned.fasta.log

Date and Time: Fri Jun  1 10:59:12 2018
