IQ-TREE version 1.4.2 for Linux 64-bit built Apr 15 2016
Copyright (c) 2011-2015 Nguyen Lam Tung, Olga Chernomor, Arndt von Haeseler and Bui Quang Minh.

Host:    meduse (AVX2, FMA3, 7 GB RAM)
Command: iqtree -s ../simulations/data_D10T0L20I10T10//S/15_pruned.fasta -m GTR+G -alrt 1000 -redo
Seed:    723686 (Using SPRNG - Scalable Parallel Random Number Generator)
Time:    Fri Jun  1 10:45:41 2018
Kernel:  AVX

NOTE: Consider using the multicore version because your CPU has 4 cores!

Reading alignment file ../simulations/data_D10T0L20I10T10//S/15_pruned.fasta ... Fasta format detected
Alignment most likely contains DNA/RNA sequences
Alignment has 26 sequences with 300 columns and 178 patterns (157 informative sites)
          Gap/Ambiguity  Composition  p-value
   1  n289_290    0.00%    passed     99.49%
   2  n294_295    0.00%    passed     93.78%
   3  n295_296    0.00%    passed     98.47%
   4  n266_267    0.00%    passed     85.88%
   5  n299_300    0.00%    passed     99.72%
   6  n298_299    0.00%    passed     90.66%
   7  n290_291    0.00%    passed     99.72%
   8  n274_275    0.00%    passed     99.78%
   9  n251_252    0.00%    passed     41.31%
  10  n293_294    0.00%    passed     96.59%
  11  n265_266    0.00%    passed     66.48%
  12  n296_297    0.00%    passed     97.45%
  13  n300_301    0.00%    passed     99.72%
  14  n244_245    0.00%    passed     40.16%
  15  n278_279    0.00%    passed     82.48%
  16  n287_288    0.00%    passed     99.49%
  17  n200_201    0.00%    passed     83.59%
  18  n277_278    0.00%    passed     82.46%
  19  n297_298    0.00%    passed     81.43%
  20  n236_237    0.00%    passed     83.20%
  21  n280_281    0.00%    passed     99.10%
  22  n285_286    0.00%    passed     84.92%
  23  n275_276    0.00%    passed     99.39%
  24  n255_256    0.00%    passed     14.28%
  25  n292_293    0.00%    passed     99.72%
  26  n286_287    0.00%    passed     89.19%
****  TOTAL       0.00%  0 sequences failed composition chi2 test (p-value<5%; df=3)
NOTE: 2 identical sequences (see below) will be ignored for subsequent analysis
NOTE: n300_301 (identical to n299_300) is ignored but added at the end
NOTE: n292_293 (identical to n299_300) is ignored but added at the end

Create initial parsimony tree by phylogenetic likelihood library (PLL)... 0.001 seconds

NOTE: 0 MB RAM is required!
Estimate model parameters (epsilon = 0.100)
1. Initial log-likelihood: -2220.400
2. Current log-likelihood: -2179.601
3. Current log-likelihood: -2179.299
4. Current log-likelihood: -2179.166
Optimal log-likelihood: -2179.150
Rate parameters:  A-C: 1.004  A-G: 1.165  A-T: 1.323  C-G: 1.242  C-T: 1.635  G-T: 1.000
Base frequencies:   A: 0.195  C: 0.270  G: 0.283  T: 0.252
Gamma shape alpha: 4.565
Parameters optimization took 4 rounds (0.030 sec)
--------------------------------------------------------------------
|             INITIALIZING CANDIDATE TREE SET                      |
--------------------------------------------------------------------
Computing ML distances based on estimated model parameters... 0.004 sec
Computing BIONJ tree...
0.000 seconds
Log-likelihood of BIONJ tree: -2181.029
Generating 98 parsimony trees... 0.121 seconds 34 distinct starting trees
Computing log-likelihood of 34 initial trees ... 0.073 seconds
Optimizing top 20 initial trees with NNI...
Iteration 1 / LogL: -2179.151 / Time: 0h:0m:0s
Estimate model parameters (epsilon = 0.100)
BETTER SCORE FOUND at iteration 1: -2179.148
Iteration 2 / LogL: -2179.150 / Time: 0h:0m:0s
Iteration 3 / LogL: -2179.150 / Time: 0h:0m:0s
Iteration 4 / LogL: -2179.150 / Time: 0h:0m:0s
Iteration 5 / LogL: -2179.150 / Time: 0h:0m:0s
Iteration 6 / LogL: -2179.150 / Time: 0h:0m:0s
Iteration 7 / LogL: -2179.150 / Time: 0h:0m:0s
Iteration 8 / LogL: -2179.150 / Time: 0h:0m:0s
Iteration 9 / LogL: -2179.150 / Time: 0h:0m:0s
Iteration 10 / LogL: -2179.150 / Time: 0h:0m:0s
Iteration 11 / LogL: -2179.150 / Time: 0h:0m:0s
Iteration 12 / LogL: -2179.150 / Time: 0h:0m:0s
Iteration 13 / LogL: -2179.150 / Time: 0h:0m:0s
Iteration 14 / LogL: -2179.150 / Time: 0h:0m:0s
Iteration 15 / LogL: -2179.150 / Time: 0h:0m:0s
Iteration 16 / LogL: -2179.150 / Time: 0h:0m:0s
Iteration 17 / LogL: -2179.150 / Time: 0h:0m:0s
Iteration 18 / LogL: -2179.150 / Time: 0h:0m:0s
Iteration 19 / LogL: -2179.150 / Time: 0h:0m:0s
Iteration 20 / LogL: -2179.150 / Time: 0h:0m:0s
Average CPU time for 1 NNI search: 0.005
Finish initializing candidate tree set. Number of distinct locally optimal trees: 20
Current best tree score: -2179.148 / CPU time: 0.300
--------------------------------------------------------------------
|               OPTIMIZING CANDIDATE TREE SET                      |
--------------------------------------------------------------------
Iteration 30 / LogL: -2179.169 / Time: 0h:0m:0s (0h:0m:1s left)
Iteration 40 / LogL: -2206.831 / Time: 0h:0m:0s (0h:0m:1s left)
Iteration 50 / LogL: -2184.979 / Time: 0h:0m:0s (0h:0m:0s left)
Iteration 60 / LogL: -2179.187 / Time: 0h:0m:0s (0h:0m:0s left)
Iteration 70 / LogL: -2179.149 / Time: 0h:0m:1s (0h:0m:0s left)
Iteration 80 / LogL: -2179.191 / Time: 0h:0m:1s (0h:0m:0s left)
Iteration 90 / LogL: -2179.152 / Time: 0h:0m:1s (0h:0m:0s left)
Iteration 100 / LogL: -2206.830 / Time: 0h:0m:1s (0h:0m:0s left)
TREE SEARCH COMPLETED AFTER 101 ITERATIONS / Time: 0h:0m:1s

--------------------------------------------------------------------
|                    FINALIZING TREE SEARCH                        |
--------------------------------------------------------------------
Performs final model parameters optimization
Estimate model parameters (epsilon = 0.010)
1. Initial log-likelihood: -2179.148
2. Current log-likelihood: -2179.131
Optimal log-likelihood: -2179.129
Rate parameters:  A-C: 0.975  A-G: 1.131  A-T: 1.288  C-G: 1.228  C-T: 1.592  G-T: 1.000
Base frequencies:   A: 0.195  C: 0.270  G: 0.283  T: 0.252
Gamma shape alpha: 4.575
Parameters optimization took 2 rounds (0.009 sec)
BEST SCORE FOUND : -2179.129

Testing tree branches by SH-like aLRT with 1000 replicates...
CPU Time used:  0.120 sec.
Total tree length: 1.338

Total number of iterations: 101
CPU time used for tree search: 1.588 sec (0h:0m:1s)
Wall-clock time used for tree search: 1.586 sec (0h:0m:1s)
Total CPU time used: 1.760 sec (0h:0m:1s)
Total wall-clock time used: 1.764 sec (0h:0m:1s)

Analysis results written to: 
  IQ-TREE report:                ../simulations/data_D10T0L20I10T10//S/15_pruned.fasta.iqtree
  Maximum-likelihood tree:       ../simulations/data_D10T0L20I10T10//S/15_pruned.fasta.treefile
  Likelihood distances:          ../simulations/data_D10T0L20I10T10//S/15_pruned.fasta.mldist
  Screen log file:               ../simulations/data_D10T0L20I10T10//S/15_pruned.fasta.log

Date and Time: Fri Jun  1 10:45:43 2018
