IQ-TREE version 1.4.2 for Linux 64-bit built Apr 15 2016
Copyright (c) 2011-2015 Nguyen Lam Tung, Olga Chernomor, Arndt von Haeseler and Bui Quang Minh.

Host:    meduse (AVX2, FMA3, 7 GB RAM)
Command: iqtree -s ../simulations/data_D10T0L20I10T10//S/162_pruned.fasta -m GTR+G -alrt 1000 -redo
Seed:    642831 (Using SPRNG - Scalable Parallel Random Number Generator)
Time:    Sun Jun  3 23:55:02 2018
Kernel:  AVX

NOTE: Consider using the multicore version because your CPU has 4 cores!

Reading alignment file ../simulations/data_D10T0L20I10T10//S/162_pruned.fasta ... Fasta format detected
Alignment most likely contains DNA/RNA sequences
Alignment has 26 sequences with 300 columns and 300 patterns (289 informative sites)
          Gap/Ambiguity  Composition  p-value
   1  n277_278    0.00%    passed     13.65%
   2  n286_287    0.00%    passed     50.00%
   3  n296_297    0.00%    passed     37.74%
   4  n285_286    0.00%    passed     28.97%
   5  n289_290    0.00%    passed     40.25%
   6  n274_275    0.00%    passed     12.22%
   7  n255_256    0.00%    passed     36.92%
   8  n275_276    0.00%    passed     84.51%
   9  n278_279    0.00%    passed     13.72%
  10  n299_300    0.00%    passed     12.95%
  11  n236_237    0.00%    passed     88.41%
  12  n293_294    0.00%    passed     95.60%
  13  n290_291    0.00%    passed     24.11%
  14  n297_298    0.00%    passed     89.26%
  15  n200_201    0.00%    passed     77.73%
  16  n292_293    0.00%    passed     13.81%
  17  n280_281    0.00%    passed     13.39%
  18  n295_296    0.00%    passed     47.25%
  19  n287_288    0.00%    passed     54.08%
  20  n244_245    0.00%    passed      8.31%
  21  n265_266    0.00%    passed     61.57%
  22  n266_267    0.00%    passed     49.97%
  23  n294_295    0.00%    passed     75.66%
  24  n251_252    0.00%    passed     92.82%
  25  n298_299    0.00%    passed     87.37%
  26  n300_301    0.00%    passed     12.19%
****  TOTAL       0.00%  0 sequences failed composition chi2 test (p-value<5%; df=3)

Create initial parsimony tree by phylogenetic likelihood library (PLL)... 0.002 seconds

NOTE: 1 MB RAM is required!
Estimate model parameters (epsilon = 0.100)
1. Initial log-likelihood: -5274.159
2. Current log-likelihood: -5197.068
3. Current log-likelihood: -5184.738
4. Current log-likelihood: -5182.156
5. Current log-likelihood: -5181.748
Optimal log-likelihood: -5181.658
Rate parameters:  A-C: 0.953  A-G: 1.040  A-T: 0.927  C-G: 0.939  C-T: 1.136  G-T: 1.000
Base frequencies:   A: 0.229  C: 0.300  G: 0.227  T: 0.244
Gamma shape alpha: 4.099
Parameters optimization took 5 rounds (0.060 sec)
--------------------------------------------------------------------
|             INITIALIZING CANDIDATE TREE SET                      |
--------------------------------------------------------------------
Computing ML distances based on estimated model parameters... 0.004 sec
Computing BIONJ tree...
0.000 seconds
Log-likelihood of BIONJ tree: -5181.041
Generating 98 parsimony trees... 0.119 seconds 4 distinct starting trees
Computing log-likelihood of 4 initial trees ... 0.006 seconds
Optimizing top 4 initial trees with NNI...
Iteration 1 / LogL: -5181.041 / Time: 0h:0m:0s
Estimate model parameters (epsilon = 0.100)
BETTER SCORE FOUND at iteration 1: -5181.027
Iteration 2 / LogL: -5181.083 / Time: 0h:0m:0s
Iteration 3 / LogL: -5181.139 / Time: 0h:0m:0s
Iteration 4 / LogL: -5181.330 / Time: 0h:0m:0s
Average CPU time for 1 NNI search: 0.012
Finish initializing candidate tree set. Number of distinct locally optimal trees: 1
Current best tree score: -5181.027 / CPU time: 0.172
--------------------------------------------------------------------
|               OPTIMIZING CANDIDATE TREE SET                      |
--------------------------------------------------------------------
Iteration 10 / LogL: -5183.295 / Time: 0h:0m:0s
Iteration 20 / LogL: -5181.118 / Time: 0h:0m:0s (0h:0m:3s left)
Iteration 30 / LogL: -5185.532 / Time: 0h:0m:1s (0h:0m:2s left)
Iteration 40 / LogL: -5181.438 / Time: 0h:0m:1s (0h:0m:2s left)
Iteration 50 / LogL: -5183.545 / Time: 0h:0m:1s (0h:0m:1s left)
Iteration 60 / LogL: -5183.530 / Time: 0h:0m:1s (0h:0m:1s left)
Iteration 70 / LogL: -5181.874 / Time: 0h:0m:2s (0h:0m:1s left)
Iteration 80 / LogL: -5181.116 / Time: 0h:0m:2s (0h:0m:0s left)
Iteration 90 / LogL: -5183.436 / Time: 0h:0m:2s (0h:0m:0s left)
Iteration 100 / LogL: -5183.165 / Time: 0h:0m:3s (0h:0m:0s left)
TREE SEARCH COMPLETED AFTER 101 ITERATIONS / Time: 0h:0m:3s

--------------------------------------------------------------------
|                    FINALIZING TREE SEARCH                        |
--------------------------------------------------------------------
Performs final model parameters optimization
Estimate model parameters (epsilon = 0.010)
1. Initial log-likelihood: -5181.027
Optimal log-likelihood: -5181.026
Rate parameters:  A-C: 0.960  A-G: 1.032  A-T: 0.937  C-G: 0.949  C-T: 1.138  G-T: 1.000
Base frequencies:   A: 0.229  C: 0.300  G: 0.227  T: 0.244
Gamma shape alpha: 4.143
Parameters optimization took 1 rounds (0.009 sec)
BEST SCORE FOUND : -5181.026

Testing tree branches by SH-like aLRT with 1000 replicates...
CPU Time used:  0.120 sec.
Total tree length: 7.916

Total number of iterations: 101
CPU time used for tree search: 3.148 sec (0h:0m:3s)
Wall-clock time used for tree search: 3.148 sec (0h:0m:3s)
Total CPU time used: 3.364 sec (0h:0m:3s)
Total wall-clock time used: 3.369 sec (0h:0m:3s)

Analysis results written to: 
  IQ-TREE report:                ../simulations/data_D10T0L20I10T10//S/162_pruned.fasta.iqtree
  Maximum-likelihood tree:       ../simulations/data_D10T0L20I10T10//S/162_pruned.fasta.treefile
  Likelihood distances:          ../simulations/data_D10T0L20I10T10//S/162_pruned.fasta.mldist
  Screen log file:               ../simulations/data_D10T0L20I10T10//S/162_pruned.fasta.log

Date and Time: Sun Jun  3 23:55:06 2018
