IQ-TREE version 1.4.2 for Linux 64-bit built Apr 15 2016
Copyright (c) 2011-2015 Nguyen Lam Tung, Olga Chernomor, Arndt von Haeseler and Bui Quang Minh.

Host:    meduse (AVX2, FMA3, 7 GB RAM)
Command: iqtree -s ../simulations/data_D10T0L20I10T10//S/164_pruned.fasta -m GTR+G -alrt 1000 -redo
Seed:    798563 (Using SPRNG - Scalable Parallel Random Number Generator)
Time:    Fri Jun  1 10:52:50 2018
Kernel:  AVX

NOTE: Consider using the multicore version because your CPU has 4 cores!

Reading alignment file ../simulations/data_D10T0L20I10T10//S/164_pruned.fasta ... Fasta format detected
Alignment most likely contains DNA/RNA sequences
Alignment has 26 sequences with 300 columns and 170 patterns (144 informative sites)
          Gap/Ambiguity  Composition  p-value
   1  n289_290    0.00%    passed     98.90%
   2  n294_295    0.00%    passed     95.56%
   3  n295_296    0.00%    passed     94.31%
   4  n266_267    0.00%    passed     93.99%
   5  n299_300    0.00%    passed     79.70%
   6  n298_299    0.00%    passed     97.17%
   7  n290_291    0.00%    passed     98.90%
   8  n274_275    0.00%    passed     79.70%
   9  n251_252    0.00%    passed     73.85%
  10  n293_294    0.00%    passed     97.25%
  11  n265_266    0.00%    passed     99.11%
  12  n296_297    0.00%    passed     94.31%
  13  n300_301    0.00%    passed     85.39%
  14  n244_245    0.00%    passed     94.09%
  15  n278_279    0.00%    passed     94.39%
  16  n287_288    0.00%    passed     97.39%
  17  n200_201    0.00%    passed     99.48%
  18  n277_278    0.00%    passed     94.15%
  19  n297_298    0.00%    passed     94.75%
  20  n236_237    0.00%    passed     80.57%
  21  n280_281    0.00%    passed     79.33%
  22  n285_286    0.00%    passed     62.84%
  23  n275_276    0.00%    passed     98.34%
  24  n255_256    0.00%    passed     84.38%
  25  n292_293    0.00%    passed     85.63%
  26  n286_287    0.00%    passed     62.84%
****  TOTAL       0.00%  0 sequences failed composition chi2 test (p-value<5%; df=3)
NOTE: 2 identical sequences (see below) will be ignored for subsequent analysis
NOTE: n290_291 (identical to n289_290) is ignored but added at the end
NOTE: n296_297 (identical to n295_296) is ignored but added at the end

Create initial parsimony tree by phylogenetic likelihood library (PLL)... 0.001 seconds

NOTE: 0 MB RAM is required!
Estimate model parameters (epsilon = 0.100)
1. Initial log-likelihood: -1988.033
2. Current log-likelihood: -1941.873
3. Current log-likelihood: -1941.407
Optimal log-likelihood: -1941.383
Rate parameters:  A-C: 0.740  A-G: 1.068  A-T: 0.753  C-G: 1.063  C-T: 0.959  G-T: 1.000
Base frequencies:   A: 0.262  C: 0.261  G: 0.226  T: 0.251
Gamma shape alpha: 9.518
Parameters optimization took 3 rounds (0.020 sec)
--------------------------------------------------------------------
|             INITIALIZING CANDIDATE TREE SET                      |
--------------------------------------------------------------------
Computing ML distances based on estimated model parameters... 0.004 sec
Computing BIONJ tree...
0.000 seconds
Log-likelihood of BIONJ tree: -1941.382
Generating 98 parsimony trees... 0.086 seconds 62 distinct starting trees
Computing log-likelihood of 62 initial trees ... 0.108 seconds
Optimizing top 20 initial trees with NNI...
Iteration 1 / LogL: -1941.382 / Time: 0h:0m:0s
Estimate model parameters (epsilon = 0.100)
BETTER SCORE FOUND at iteration 1: -1941.369
Iteration 2 / LogL: -1941.371 / Time: 0h:0m:0s
Iteration 3 / LogL: -1941.372 / Time: 0h:0m:0s
Iteration 4 / LogL: -1941.372 / Time: 0h:0m:0s
Iteration 5 / LogL: -1941.372 / Time: 0h:0m:0s
Iteration 6 / LogL: -1941.372 / Time: 0h:0m:0s
Iteration 7 / LogL: -1941.372 / Time: 0h:0m:0s
Iteration 8 / LogL: -1941.372 / Time: 0h:0m:0s
Iteration 9 / LogL: -1941.372 / Time: 0h:0m:0s
Iteration 10 / LogL: -1941.372 / Time: 0h:0m:0s
Iteration 11 / LogL: -1941.372 / Time: 0h:0m:0s
Iteration 12 / LogL: -1941.372 / Time: 0h:0m:0s
Iteration 13 / LogL: -1941.372 / Time: 0h:0m:0s
Iteration 14 / LogL: -1941.372 / Time: 0h:0m:0s
Iteration 15 / LogL: -1941.372 / Time: 0h:0m:0s
Iteration 16 / LogL: -1941.372 / Time: 0h:0m:0s
Iteration 17 / LogL: -1941.372 / Time: 0h:0m:0s
Iteration 18 / LogL: -1941.372 / Time: 0h:0m:0s
Iteration 19 / LogL: -1941.372 / Time: 0h:0m:0s
Iteration 20 / LogL: -1941.372 / Time: 0h:0m:0s
Average CPU time for 1 NNI search: 0.004
Finish initializing candidate tree set. Number of distinct locally optimal trees: 20
Current best tree score: -1941.369 / CPU time: 0.280
--------------------------------------------------------------------
|               OPTIMIZING CANDIDATE TREE SET                      |
--------------------------------------------------------------------
Iteration 30 / LogL: -1941.382 / Time: 0h:0m:0s (0h:0m:1s left)
Iteration 40 / LogL: -1941.373 / Time: 0h:0m:0s (0h:0m:0s left)
Iteration 50 / LogL: -1945.940 / Time: 0h:0m:0s (0h:0m:0s left)
Iteration 60 / LogL: -1949.412 / Time: 0h:0m:0s (0h:0m:0s left)
Iteration 70 / LogL: -1945.939 / Time: 0h:0m:0s (0h:0m:0s left)
Iteration 80 / LogL: -1941.370 / Time: 0h:0m:1s (0h:0m:0s left)
Iteration 90 / LogL: -1941.370 / Time: 0h:0m:1s (0h:0m:0s left)
Iteration 100 / LogL: -1941.370 / Time: 0h:0m:1s (0h:0m:0s left)
TREE SEARCH COMPLETED AFTER 101 ITERATIONS / Time: 0h:0m:1s

--------------------------------------------------------------------
|                    FINALIZING TREE SEARCH                        |
--------------------------------------------------------------------
Performs final model parameters optimization
Estimate model parameters (epsilon = 0.010)
1. Initial log-likelihood: -1941.369
Optimal log-likelihood: -1941.362
Rate parameters:  A-C: 0.730  A-G: 1.050  A-T: 0.743  C-G: 1.043  C-T: 0.942  G-T: 1.000
Base frequencies:   A: 0.262  C: 0.261  G: 0.226  T: 0.251
Gamma shape alpha: 9.535
Parameters optimization took 1 rounds (0.004 sec)
BEST SCORE FOUND : -1941.362

Testing tree branches by SH-like aLRT with 1000 replicates...
CPU Time used:  0.100 sec.
Total tree length: 1.137

Total number of iterations: 101
CPU time used for tree search: 1.308 sec (0h:0m:1s)
Wall-clock time used for tree search: 1.306 sec (0h:0m:1s)
Total CPU time used: 1.444 sec (0h:0m:1s)
Total wall-clock time used: 1.443 sec (0h:0m:1s)

Analysis results written to: 
  IQ-TREE report:                ../simulations/data_D10T0L20I10T10//S/164_pruned.fasta.iqtree
  Maximum-likelihood tree:       ../simulations/data_D10T0L20I10T10//S/164_pruned.fasta.treefile
  Likelihood distances:          ../simulations/data_D10T0L20I10T10//S/164_pruned.fasta.mldist
  Screen log file:               ../simulations/data_D10T0L20I10T10//S/164_pruned.fasta.log

Date and Time: Fri Jun  1 10:52:52 2018
