IQ-TREE version 1.4.2 for Linux 64-bit built Apr 15 2016
Copyright (c) 2011-2015 Nguyen Lam Tung, Olga Chernomor, Arndt von Haeseler and Bui Quang Minh.

Host:    meduse (AVX2, FMA3, 7 GB RAM)
Command: iqtree -s ../simulations/data_D10T0L20I10T10//S/166_pruned.fasta -m GTR+G -alrt 1000 -redo
Seed:    695525 (Using SPRNG - Scalable Parallel Random Number Generator)
Time:    Sun Jun  3 23:58:17 2018
Kernel:  AVX

NOTE: Consider using the multicore version because your CPU has 4 cores!

Reading alignment file ../simulations/data_D10T0L20I10T10//S/166_pruned.fasta ... Fasta format detected
Alignment most likely contains DNA/RNA sequences
Alignment has 27 sequences with 300 columns and 299 patterns (295 informative sites)
          Gap/Ambiguity  Composition  p-value
   1  n277_278    0.00%    passed     61.97%
   2  n286_287    0.00%    passed     41.11%
   3  n296_297    0.00%    passed     55.43%
   4  n285_286    0.00%    passed     17.36%
   5  n289_290    0.00%    passed     60.03%
   6  n275_276    0.00%    passed     79.17%
   7  n278_279    0.00%    passed     27.94%
   8  n293_294    0.00%    passed     98.66%
   9  n266_267    0.00%    passed     89.11%
  10  n236_237    0.00%    passed     41.52%
  11  n274_275    0.00%    passed     85.39%
  12  n255_300    0.00%    passed     24.26%
  13  n290_291    0.00%    passed     83.65%
  14  n297_298    0.00%    passed     99.33%
  15  n200_201    0.00%    passed     96.01%
  16  n292_293    0.00%    passed     76.31%
  17  n280_281    0.00%    passed     82.99%
  18  n295_296    0.00%    passed     41.33%
  19  n300_303    0.00%    passed     60.82%
  20  n287_288    0.00%    passed     61.83%
  21  n294_295    0.00%    passed     94.47%
  22  n244_245    0.00%    passed     91.87%
  23  n299_302    0.00%    passed     68.94%
  24  n265_266    0.00%    passed     98.18%
  25  n251_252    0.00%    passed     44.49%
  26  n298_299    0.00%    passed     99.67%
  27  n255_301    0.00%    passed     34.85%
****  TOTAL       0.00%  0 sequences failed composition chi2 test (p-value<5%; df=3)

Create initial parsimony tree by phylogenetic likelihood library (PLL)... 0.002 seconds

NOTE: 1 MB RAM is required!
Estimate model parameters (epsilon = 0.100)
1. Initial log-likelihood: -5246.177
2. Current log-likelihood: -5158.961
3. Current log-likelihood: -5145.367
4. Current log-likelihood: -5141.939
5. Current log-likelihood: -5140.543
6. Current log-likelihood: -5140.060
Optimal log-likelihood: -5139.927
Rate parameters:  A-C: 1.475  A-G: 1.217  A-T: 1.202  C-G: 1.149  C-T: 1.392  G-T: 1.000
Base frequencies:   A: 0.242  C: 0.263  G: 0.257  T: 0.238
Gamma shape alpha: 4.396
Parameters optimization took 6 rounds (0.079 sec)
--------------------------------------------------------------------
|             INITIALIZING CANDIDATE TREE SET                      |
--------------------------------------------------------------------
Computing ML distances based on estimated model parameters... 0.004 sec
WARNING: Some pairwise ML distances are too long (saturated)
Computing BIONJ tree...
0.000 seconds
Log-likelihood of BIONJ tree: -5155.844
Generating 98 parsimony trees... 0.165 seconds 2 distinct starting trees
Computing log-likelihood of 2 initial trees ... 0.000 seconds
Optimizing top 2 initial trees with NNI...
Iteration 1 / LogL: -5139.899 / Time: 0h:0m:0s
Estimate model parameters (epsilon = 0.100)
BETTER TREE FOUND at iteration 1: -5139.858
Iteration 2 / LogL: -5141.340 / Time: 0h:0m:0s
Average CPU time for 1 NNI search: 0.014
Finish initializing candidate tree set. Number of distinct locally optimal trees: 2
Current best tree score: -5139.858 / CPU time: 0.188
--------------------------------------------------------------------
|               OPTIMIZING CANDIDATE TREE SET                      |
--------------------------------------------------------------------
Iteration 10 / LogL: -5183.442 / Time: 0h:0m:0s
Iteration 20 / LogL: -5139.939 / Time: 0h:0m:0s (0h:0m:3s left)
Estimate model parameters (epsilon = 0.010)
UPDATE BEST LOG-LIKELIHOOD: -5139.798
Iteration 30 / LogL: -5140.909 / Time: 0h:0m:1s (0h:0m:3s left)
Iteration 40 / LogL: -5140.489 / Time: 0h:0m:1s (0h:0m:2s left)
Iteration 50 / LogL: -5140.287 / Time: 0h:0m:1s (0h:0m:1s left)
Iteration 60 / LogL: -5140.625 / Time: 0h:0m:2s (0h:0m:1s left)
Iteration 70 / LogL: -5140.366 / Time: 0h:0m:2s (0h:0m:1s left)
Iteration 80 / LogL: -5139.839 / Time: 0h:0m:2s (0h:0m:0s left)
Iteration 90 / LogL: -5139.879 / Time: 0h:0m:3s (0h:0m:0s left)
Iteration 100 / LogL: -5141.328 / Time: 0h:0m:3s (0h:0m:0s left)
TREE SEARCH COMPLETED AFTER 101 ITERATIONS / Time: 0h:0m:3s

--------------------------------------------------------------------
|                    FINALIZING TREE SEARCH                        |
--------------------------------------------------------------------
Performs final model parameters optimization
Estimate model parameters (epsilon = 0.010)
1. Initial log-likelihood: -5139.798
Optimal log-likelihood: -5139.794
Rate parameters:  A-C: 1.481  A-G: 1.227  A-T: 1.206  C-G: 1.158  C-T: 1.402  G-T: 1.000
Base frequencies:   A: 0.242  C: 0.263  G: 0.257  T: 0.238
Gamma shape alpha: 4.595
Parameters optimization took 1 rounds (0.008 sec)
BEST SCORE FOUND : -5139.794

Testing tree branches by SH-like aLRT with 1000 replicates...
CPU Time used:  0.136 sec.
Total tree length: 8.548

Total number of iterations: 101
CPU time used for tree search: 3.768 sec (0h:0m:3s)
Wall-clock time used for tree search: 3.776 sec (0h:0m:3s)
Total CPU time used: 4.032 sec (0h:0m:4s)
Total wall-clock time used: 4.046 sec (0h:0m:4s)

Analysis results written to: 
  IQ-TREE report:                ../simulations/data_D10T0L20I10T10//S/166_pruned.fasta.iqtree
  Maximum-likelihood tree:       ../simulations/data_D10T0L20I10T10//S/166_pruned.fasta.treefile
  Likelihood distances:          ../simulations/data_D10T0L20I10T10//S/166_pruned.fasta.mldist
  Screen log file:               ../simulations/data_D10T0L20I10T10//S/166_pruned.fasta.log

Date and Time: Sun Jun  3 23:58:21 2018
