IQ-TREE version 1.4.2 for Linux 64-bit built Apr 15 2016
Copyright (c) 2011-2015 Nguyen Lam Tung, Olga Chernomor, Arndt von Haeseler and Bui Quang Minh.

Host:    meduse (AVX2, FMA3, 7 GB RAM)
Command: iqtree -s ../simulations/data_D8T0L15I8T8//S/167_pruned.fasta -m GTR+G -alrt 1000 -redo
Seed:    571758 (Using SPRNG - Scalable Parallel Random Number Generator)
Time:    Fri May 25 22:58:18 2018
Kernel:  AVX

NOTE: Consider using the multicore version because your CPU has 4 cores!

Reading alignment file ../simulations/data_D8T0L15I8T8//S/167_pruned.fasta ... Fasta format detected
Alignment most likely contains DNA/RNA sequences
Alignment has 26 sequences with 300 columns and 177 patterns (151 informative sites)
          Gap/Ambiguity  Composition  p-value
   1  n298_299    0.00%    passed     92.45%
   2  n280_281    0.00%    passed     93.76%
   3  n200_201    0.00%    passed     99.90%
   4  n286_287    0.00%    passed     97.76%
   5  n287_288    0.00%    passed     90.34%
   6  n266_267    0.00%    passed     82.43%
   7  n292_293    0.00%    passed     89.65%
   8  n293_294    0.00%    passed     86.82%
   9  n275_276    0.00%    passed     92.46%
  10  n289_290    0.00%    passed     92.39%
  11  n297_298    0.00%    passed     92.45%
  12  n278_279    0.00%    passed     83.11%
  13  n295_296    0.00%    passed     87.65%
  14  n251_252    0.00%    passed     69.47%
  15  n274_275    0.00%    passed     88.55%
  16  n290_291    0.00%    passed     85.72%
  17  n236_237    0.00%    passed     96.49%
  18  n255_256    0.00%    passed     45.83%
  19  n285_286    0.00%    passed     98.06%
  20  n294_295    0.00%    passed     86.89%
  21  n300_301    0.00%    passed     84.26%
  22  n265_266    0.00%    passed     59.46%
  23  n296_297    0.00%    passed     76.87%
  24  n299_300    0.00%    passed     84.26%
  25  n244_245    0.00%    passed     73.71%
  26  n277_278    0.00%    passed     74.04%
****  TOTAL       0.00%  0 sequences failed composition chi2 test (p-value<5%; df=3)
NOTE: 2 identical sequences (see below) will be ignored for subsequent analysis
NOTE: n297_298 (identical to n298_299) is ignored but added at the end
NOTE: n299_300 (identical to n300_301) is ignored but added at the end

Create initial parsimony tree by phylogenetic likelihood library (PLL)... 0.001 seconds

NOTE: 0 MB RAM is required!
Estimate model parameters (epsilon = 0.100)
1. Initial log-likelihood: -2016.352
2. Current log-likelihood: -1970.849
3. Current log-likelihood: -1970.433
Optimal log-likelihood: -1970.352
Rate parameters:  A-C: 1.025  A-G: 1.495  A-T: 0.729  C-G: 0.935  C-T: 0.928  G-T: 1.000
Base frequencies:   A: 0.202  C: 0.289  G: 0.246  T: 0.263
Gamma shape alpha: 998.343
Parameters optimization took 3 rounds (0.028 sec)
--------------------------------------------------------------------
|             INITIALIZING CANDIDATE TREE SET                      |
--------------------------------------------------------------------
Computing ML distances based on estimated model parameters... 0.000 sec
Computing BIONJ tree...
0.000 seconds
Log-likelihood of BIONJ tree: -1970.351
Generating 98 parsimony trees... 0.121 seconds 84 distinct starting trees
Computing log-likelihood of 84 initial trees ... 0.207 seconds
Optimizing top 20 initial trees with NNI...
Iteration 1 / LogL: -1970.351 / Time: 0h:0m:0s
Estimate model parameters (epsilon = 0.100)
BETTER SCORE FOUND at iteration 1: -1970.308
Iteration 2 / LogL: -1970.309 / Time: 0h:0m:0s
Iteration 3 / LogL: -1970.309 / Time: 0h:0m:0s
Iteration 4 / LogL: -1970.309 / Time: 0h:0m:0s
Iteration 5 / LogL: -1970.309 / Time: 0h:0m:0s
Iteration 6 / LogL: -1970.309 / Time: 0h:0m:0s
Iteration 7 / LogL: -1970.309 / Time: 0h:0m:0s
Iteration 8 / LogL: -1970.309 / Time: 0h:0m:0s
Iteration 9 / LogL: -1970.309 / Time: 0h:0m:0s
Iteration 10 / LogL: -1970.309 / Time: 0h:0m:0s
Iteration 11 / LogL: -1970.309 / Time: 0h:0m:0s
Iteration 12 / LogL: -1970.309 / Time: 0h:0m:0s
Iteration 13 / LogL: -1970.309 / Time: 0h:0m:0s
Iteration 14 / LogL: -1970.309 / Time: 0h:0m:0s
Iteration 15 / LogL: -1970.309 / Time: 0h:0m:0s
Iteration 16 / LogL: -1970.309 / Time: 0h:0m:0s
Iteration 17 / LogL: -1970.309 / Time: 0h:0m:0s
Iteration 18 / LogL: -1970.309 / Time: 0h:0m:0s
Iteration 19 / LogL: -1970.309 / Time: 0h:0m:0s
Iteration 20 / LogL: -1970.309 / Time: 0h:0m:0s
Average CPU time for 1 NNI search: 0.006
Finish initializing candidate tree set. Number of distinct locally optimal trees: 20
Current best tree score: -1970.308 / CPU time: 0.448
--------------------------------------------------------------------
|               OPTIMIZING CANDIDATE TREE SET                      |
--------------------------------------------------------------------
Iteration 30 / LogL: -1970.362 / Time: 0h:0m:0s (0h:0m:1s left)
Iteration 40 / LogL: -1983.329 / Time: 0h:0m:0s (0h:0m:1s left)
Iteration 50 / LogL: -1970.444 / Time: 0h:0m:1s (0h:0m:1s left)
Iteration 60 / LogL: -1998.464 / Time: 0h:0m:1s (0h:0m:0s left)
Iteration 70 / LogL: -1970.308 / Time: 0h:0m:1s (0h:0m:0s left)
Iteration 80 / LogL: -1970.309 / Time: 0h:0m:1s (0h:0m:0s left)
Iteration 90 / LogL: -1970.308 / Time: 0h:0m:1s (0h:0m:0s left)
Iteration 100 / LogL: -1970.308 / Time: 0h:0m:1s (0h:0m:0s left)
TREE SEARCH COMPLETED AFTER 101 ITERATIONS / Time: 0h:0m:1s

--------------------------------------------------------------------
|                    FINALIZING TREE SEARCH                        |
--------------------------------------------------------------------
Performs final model parameters optimization
Estimate model parameters (epsilon = 0.010)
1. Initial log-likelihood: -1970.308
2. Current log-likelihood: -1970.281
3. Current log-likelihood: -1970.264
4. Current log-likelihood: -1970.254
Optimal log-likelihood: -1970.247
Rate parameters:  A-C: 1.079  A-G: 1.586  A-T: 0.759  C-G: 0.996  C-T: 0.953  G-T: 1.000
Base frequencies:   A: 0.202  C: 0.289  G: 0.246  T: 0.263
Gamma shape alpha: 998.343
Parameters optimization took 4 rounds (0.027 sec)
BEST SCORE FOUND : -1970.247

Testing tree branches by SH-like aLRT with 1000 replicates...
CPU Time used:  0.132 sec.
Total tree length: 1.098

Total number of iterations: 101
CPU time used for tree search: 1.856 sec (0h:0m:1s)
Wall-clock time used for tree search: 1.855 sec (0h:0m:1s)
Total CPU time used: 2.060 sec (0h:0m:2s)
Total wall-clock time used: 2.061 sec (0h:0m:2s)

Analysis results written to: 
  IQ-TREE report:                ../simulations/data_D8T0L15I8T8//S/167_pruned.fasta.iqtree
  Maximum-likelihood tree:       ../simulations/data_D8T0L15I8T8//S/167_pruned.fasta.treefile
  Likelihood distances:          ../simulations/data_D8T0L15I8T8//S/167_pruned.fasta.mldist
  Screen log file:               ../simulations/data_D8T0L15I8T8//S/167_pruned.fasta.log

Date and Time: Fri May 25 22:58:20 2018
