IQ-TREE version 1.4.2 for Linux 64-bit built Apr 15 2016
Copyright (c) 2011-2015 Nguyen Lam Tung, Olga Chernomor, Arndt von Haeseler and Bui Quang Minh.

Host:    meduse (AVX2, FMA3, 7 GB RAM)
Command: iqtree -s ../simulations/data_D10T0L20I10T10//S/168_pruned.fasta -m GTR+G -alrt 1000 -redo
Seed:    738519 (Using SPRNG - Scalable Parallel Random Number Generator)
Time:    Sun Jun  3 23:38:56 2018
Kernel:  AVX

NOTE: Consider using the multicore version because your CPU has 4 cores!

Reading alignment file ../simulations/data_D10T0L20I10T10//S/168_pruned.fasta ... Fasta format detected
Alignment most likely contains DNA/RNA sequences
Alignment has 26 sequences with 300 columns and 300 patterns (292 informative sites)
          Gap/Ambiguity  Composition  p-value
   1  n277_278    0.00%    passed     25.52%
   2  n286_287    0.00%    passed     29.94%
   3  n296_297    0.00%    passed     78.38%
   4  n285_286    0.00%    passed     20.97%
   5  n289_290    0.00%    passed     61.95%
   6  n274_275    0.00%    passed     53.87%
   7  n255_256    0.00%    passed     76.18%
   8  n275_276    0.00%    passed     82.43%
   9  n278_279    0.00%    passed     47.02%
  10  n299_300    0.00%    passed     49.93%
  11  n236_237    0.00%    passed     83.47%
  12  n293_294    0.00%    passed     42.27%
  13  n290_291    0.00%    passed     65.48%
  14  n297_298    0.00%    passed     38.13%
  15  n200_201    0.00%    passed     37.44%
  16  n292_293    0.00%    passed     49.57%
  17  n280_281    0.00%    passed     46.15%
  18  n295_296    0.00%    passed     78.17%
  19  n287_288    0.00%    passed     48.46%
  20  n244_245    0.00%    passed     23.36%
  21  n265_266    0.00%    passed     80.21%
  22  n266_267    0.00%    passed     65.60%
  23  n294_295    0.00%    passed     38.37%
  24  n251_252    0.00%    passed     46.35%
  25  n298_299    0.00%    passed     26.05%
  26  n300_301    0.00%    passed     53.87%
****  TOTAL       0.00%  0 sequences failed composition chi2 test (p-value<5%; df=3)

Create initial parsimony tree by phylogenetic likelihood library (PLL)... 0.002 seconds

NOTE: 1 MB RAM is required!
Estimate model parameters (epsilon = 0.100)
1. Initial log-likelihood: -5179.168
2. Current log-likelihood: -5088.541
3. Current log-likelihood: -5074.249
4. Current log-likelihood: -5070.464
5. Current log-likelihood: -5069.553
6. Current log-likelihood: -5069.378
Optimal log-likelihood: -5069.339
Rate parameters:  A-C: 0.829  A-G: 1.282  A-T: 0.876  C-G: 0.892  C-T: 1.238  G-T: 1.000
Base frequencies:   A: 0.213  C: 0.289  G: 0.253  T: 0.245
Gamma shape alpha: 5.032
Parameters optimization took 6 rounds (0.083 sec)
--------------------------------------------------------------------
|             INITIALIZING CANDIDATE TREE SET                      |
--------------------------------------------------------------------
Computing ML distances based on estimated model parameters... 0.004 sec
Computing BIONJ tree...
0.000 seconds
Log-likelihood of BIONJ tree: -5069.925
Generating 98 parsimony trees... 0.163 seconds 4 distinct starting trees
Computing log-likelihood of 4 initial trees ... 0.006 seconds
Optimizing top 4 initial trees with NNI...
Iteration 1 / LogL: -5068.575 / Time: 0h:0m:0s
Estimate model parameters (epsilon = 0.100)
BETTER TREE FOUND at iteration 1: -5068.554
Iteration 2 / LogL: -5068.730 / Time: 0h:0m:0s
Iteration 3 / LogL: -5068.730 / Time: 0h:0m:0s
Iteration 4 / LogL: -5068.566 / Time: 0h:0m:0s
Average CPU time for 1 NNI search: 0.014
Finish initializing candidate tree set. Number of distinct locally optimal trees: 3
Current best tree score: -5068.554 / CPU time: 0.228
--------------------------------------------------------------------
|               OPTIMIZING CANDIDATE TREE SET                      |
--------------------------------------------------------------------
Iteration 10 / LogL: -5068.717 / Time: 0h:0m:0s
Iteration 20 / LogL: -5089.273 / Time: 0h:0m:0s (0h:0m:3s left)
Iteration 30 / LogL: -5068.575 / Time: 0h:0m:1s (0h:0m:2s left)
Iteration 40 / LogL: -5069.901 / Time: 0h:0m:1s (0h:0m:2s left)
Iteration 50 / LogL: -5079.377 / Time: 0h:0m:1s (0h:0m:1s left)
Iteration 60 / LogL: -5069.387 / Time: 0h:0m:2s (0h:0m:1s left)
Iteration 70 / LogL: -5068.681 / Time: 0h:0m:2s (0h:0m:1s left)
Iteration 80 / LogL: -5069.300 / Time: 0h:0m:2s (0h:0m:0s left)
Iteration 90 / LogL: -5068.755 / Time: 0h:0m:3s (0h:0m:0s left)
Iteration 100 / LogL: -5068.572 / Time: 0h:0m:3s (0h:0m:0s left)
TREE SEARCH COMPLETED AFTER 101 ITERATIONS / Time: 0h:0m:3s

--------------------------------------------------------------------
|                    FINALIZING TREE SEARCH                        |
--------------------------------------------------------------------
Performs final model parameters optimization
Estimate model parameters (epsilon = 0.010)
1. Initial log-likelihood: -5068.554
Optimal log-likelihood: -5068.550
Rate parameters:  A-C: 0.832  A-G: 1.283  A-T: 0.874  C-G: 0.896  C-T: 1.245  G-T: 1.000
Base frequencies:   A: 0.213  C: 0.289  G: 0.253  T: 0.245
Gamma shape alpha: 5.102
Parameters optimization took 1 rounds (0.008 sec)
BEST SCORE FOUND : -5068.550

Testing tree branches by SH-like aLRT with 1000 replicates...
CPU Time used:  0.120 sec.
Total tree length: 7.861

Total number of iterations: 101
CPU time used for tree search: 3.452 sec (0h:0m:3s)
Wall-clock time used for tree search: 3.456 sec (0h:0m:3s)
Total CPU time used: 3.696 sec (0h:0m:3s)
Total wall-clock time used: 3.699 sec (0h:0m:3s)

Analysis results written to: 
  IQ-TREE report:                ../simulations/data_D10T0L20I10T10//S/168_pruned.fasta.iqtree
  Maximum-likelihood tree:       ../simulations/data_D10T0L20I10T10//S/168_pruned.fasta.treefile
  Likelihood distances:          ../simulations/data_D10T0L20I10T10//S/168_pruned.fasta.mldist
  Screen log file:               ../simulations/data_D10T0L20I10T10//S/168_pruned.fasta.log

Date and Time: Sun Jun  3 23:39:00 2018
