IQ-TREE version 1.4.2 for Linux 64-bit built Apr 15 2016
Copyright (c) 2011-2015 Nguyen Lam Tung, Olga Chernomor, Arndt von Haeseler and Bui Quang Minh.

Host:    meduse (AVX2, FMA3, 7 GB RAM)
Command: iqtree -s ../simulations/data_D8T0L15I8T8//S/16_pruned.fasta -m GTR+G -alrt 1000 -redo
Seed:    533983 (Using SPRNG - Scalable Parallel Random Number Generator)
Time:    Fri May 25 23:06:46 2018
Kernel:  AVX

NOTE: Consider using the multicore version because your CPU has 4 cores!

Reading alignment file ../simulations/data_D8T0L15I8T8//S/16_pruned.fasta ... Fasta format detected
Alignment most likely contains DNA/RNA sequences
Alignment has 26 sequences with 300 columns and 167 patterns (148 informative sites)
          Gap/Ambiguity  Composition  p-value
   1  n298_299    0.00%    passed     94.07%
   2  n280_281    0.00%    passed     88.68%
   3  n200_201    0.00%    passed     98.47%
   4  n286_287    0.00%    passed     75.57%
   5  n287_288    0.00%    passed     97.05%
   6  n266_267    0.00%    passed     62.33%
   7  n292_293    0.00%    passed     89.95%
   8  n293_294    0.00%    passed     97.72%
   9  n275_276    0.00%    passed     85.55%
  10  n289_290    0.00%    passed     97.37%
  11  n297_298    0.00%    passed     94.07%
  12  n278_279    0.00%    passed     58.39%
  13  n295_296    0.00%    passed     95.71%
  14  n251_252    0.00%    passed     49.58%
  15  n274_275    0.00%    passed     93.70%
  16  n290_291    0.00%    passed     97.03%
  17  n236_237    0.00%    passed     99.33%
  18  n255_256    0.00%    passed     59.47%
  19  n285_286    0.00%    passed     75.57%
  20  n294_295    0.00%    passed     98.94%
  21  n300_301    0.00%    passed     91.79%
  22  n265_266    0.00%    passed     82.36%
  23  n296_297    0.00%    passed     95.71%
  24  n299_300    0.00%    passed     93.46%
  25  n244_245    0.00%    passed     66.48%
  26  n277_278    0.00%    passed     79.17%
****  TOTAL       0.00%  0 sequences failed composition chi2 test (p-value<5%; df=3)
NOTE: 3 identical sequences (see below) will be ignored for subsequent analysis
NOTE: n297_298 (identical to n298_299) is ignored but added at the end
NOTE: n285_286 (identical to n286_287) is ignored but added at the end
NOTE: n296_297 (identical to n295_296) is ignored but added at the end

Create initial parsimony tree by phylogenetic likelihood library (PLL)... 0.001 seconds

NOTE: 0 MB RAM is required!
Estimate model parameters (epsilon = 0.100)
1. Initial log-likelihood: -2025.345
2. Current log-likelihood: -1988.180
3. Current log-likelihood: -1988.024
Optimal log-likelihood: -1988.016
Rate parameters:  A-C: 0.737  A-G: 0.729  A-T: 1.325  C-G: 0.742  C-T: 0.917  G-T: 1.000
Base frequencies:   A: 0.230  C: 0.256  G: 0.301  T: 0.213
Gamma shape alpha: 2.685
Parameters optimization took 3 rounds (0.036 sec)
--------------------------------------------------------------------
|             INITIALIZING CANDIDATE TREE SET                      |
--------------------------------------------------------------------
Computing ML distances based on estimated model parameters... 0.004 sec
Computing BIONJ tree...
0.001 seconds
Log-likelihood of BIONJ tree: -1988.016
Generating 98 parsimony trees... 0.128 seconds 26 distinct starting trees
Computing log-likelihood of 26 initial trees ... 0.062 seconds
Optimizing top 20 initial trees with NNI...
Iteration 1 / LogL: -1988.017 / Time: 0h:0m:0s
Estimate model parameters (epsilon = 0.100)
BETTER SCORE FOUND at iteration 1: -1988.013
Iteration 2 / LogL: -1988.015 / Time: 0h:0m:0s
Iteration 3 / LogL: -1988.015 / Time: 0h:0m:0s
Iteration 4 / LogL: -1988.015 / Time: 0h:0m:0s
Iteration 5 / LogL: -1988.015 / Time: 0h:0m:0s
Iteration 6 / LogL: -1988.015 / Time: 0h:0m:0s
Iteration 7 / LogL: -1988.015 / Time: 0h:0m:0s
Iteration 8 / LogL: -1988.015 / Time: 0h:0m:0s
Iteration 9 / LogL: -1988.015 / Time: 0h:0m:0s
Iteration 10 / LogL: -1988.015 / Time: 0h:0m:0s
Iteration 11 / LogL: -1988.015 / Time: 0h:0m:0s
Iteration 12 / LogL: -1988.015 / Time: 0h:0m:0s
Iteration 13 / LogL: -1988.015 / Time: 0h:0m:0s
Iteration 14 / LogL: -1988.015 / Time: 0h:0m:0s
Iteration 15 / LogL: -1988.015 / Time: 0h:0m:0s
Iteration 16 / LogL: -1988.015 / Time: 0h:0m:0s
Iteration 17 / LogL: -1988.015 / Time: 0h:0m:0s
Iteration 18 / LogL: -1988.015 / Time: 0h:0m:0s
Iteration 19 / LogL: -1988.015 / Time: 0h:0m:0s
Iteration 20 / LogL: -1988.015 / Time: 0h:0m:0s
Average CPU time for 1 NNI search: 0.006
Finish initializing candidate tree set. Number of distinct locally optimal trees: 20
Current best tree score: -1988.013 / CPU time: 0.320
--------------------------------------------------------------------
|               OPTIMIZING CANDIDATE TREE SET                      |
--------------------------------------------------------------------
Iteration 30 / LogL: -1988.178 / Time: 0h:0m:0s (0h:0m:1s left)
Iteration 40 / LogL: -1988.021 / Time: 0h:0m:0s (0h:0m:1s left)
Iteration 50 / LogL: -2023.012 / Time: 0h:0m:0s (0h:0m:0s left)
Iteration 60 / LogL: -1988.017 / Time: 0h:0m:1s (0h:0m:0s left)
Iteration 70 / LogL: -1988.021 / Time: 0h:0m:1s (0h:0m:0s left)
Iteration 80 / LogL: -1988.189 / Time: 0h:0m:1s (0h:0m:0s left)
Iteration 90 / LogL: -2028.974 / Time: 0h:0m:1s (0h:0m:0s left)
Iteration 100 / LogL: -1988.111 / Time: 0h:0m:1s (0h:0m:0s left)
TREE SEARCH COMPLETED AFTER 101 ITERATIONS / Time: 0h:0m:1s

--------------------------------------------------------------------
|                    FINALIZING TREE SEARCH                        |
--------------------------------------------------------------------
Performs final model parameters optimization
Estimate model parameters (epsilon = 0.010)
1. Initial log-likelihood: -1988.013
Optimal log-likelihood: -1988.012
Rate parameters:  A-C: 0.742  A-G: 0.735  A-T: 1.334  C-G: 0.747  C-T: 0.923  G-T: 1.000
Base frequencies:   A: 0.230  C: 0.256  G: 0.301  T: 0.213
Gamma shape alpha: 2.687
Parameters optimization took 1 rounds (0.006 sec)
BEST SCORE FOUND : -1988.012

Testing tree branches by SH-like aLRT with 1000 replicates...
CPU Time used:  0.136 sec.
Total tree length: 1.213

Total number of iterations: 101
CPU time used for tree search: 1.856 sec (0h:0m:1s)
Wall-clock time used for tree search: 1.858 sec (0h:0m:1s)
Total CPU time used: 2.052 sec (0h:0m:2s)
Total wall-clock time used: 2.059 sec (0h:0m:2s)

Analysis results written to: 
  IQ-TREE report:                ../simulations/data_D8T0L15I8T8//S/16_pruned.fasta.iqtree
  Maximum-likelihood tree:       ../simulations/data_D8T0L15I8T8//S/16_pruned.fasta.treefile
  Likelihood distances:          ../simulations/data_D8T0L15I8T8//S/16_pruned.fasta.mldist
  Screen log file:               ../simulations/data_D8T0L15I8T8//S/16_pruned.fasta.log

Date and Time: Fri May 25 23:06:48 2018
