IQ-TREE version 1.4.2 for Linux 64-bit built Apr 15 2016
Copyright (c) 2011-2015 Nguyen Lam Tung, Olga Chernomor, Arndt von Haeseler and Bui Quang Minh.

Host:    meduse (AVX2, FMA3, 7 GB RAM)
Command: iqtree -s ../simulations/data_D10T0L20I10T10//S/173_pruned.fasta -m GTR+G -alrt 1000 -redo
Seed:    879468 (Using SPRNG - Scalable Parallel Random Number Generator)
Time:    Sun Jun  3 23:42:39 2018
Kernel:  AVX

NOTE: Consider using the multicore version because your CPU has 4 cores!

Reading alignment file ../simulations/data_D10T0L20I10T10//S/173_pruned.fasta ... Fasta format detected
Alignment most likely contains DNA/RNA sequences
Alignment has 26 sequences with 300 columns and 300 patterns (294 informative sites)
          Gap/Ambiguity  Composition  p-value
   1  n277_278    0.00%    passed     31.99%
   2  n286_287    0.00%    passed     70.49%
   3  n296_297    0.00%    passed     32.42%
   4  n285_286    0.00%    passed     48.42%
   5  n289_290    0.00%    passed     32.45%
   6  n274_275    0.00%    passed     58.43%
   7  n255_256    0.00%    passed     88.93%
   8  n275_276    0.00%    passed     85.49%
   9  n278_279    0.00%    passed     60.63%
  10  n299_300    0.00%    passed     86.81%
  11  n236_237    0.00%    passed     43.89%
  12  n293_294    0.00%    passed     67.15%
  13  n290_291    0.00%    passed     81.08%
  14  n297_298    0.00%    passed     66.93%
  15  n200_201    0.00%    passed     32.28%
  16  n292_293    0.00%    passed     98.46%
  17  n280_281    0.00%    passed     81.85%
  18  n295_296    0.00%    passed     53.52%
  19  n287_288    0.00%    passed     27.39%
  20  n244_245    0.00%    passed     97.27%
  21  n265_266    0.00%    passed     19.32%
  22  n266_267    0.00%    passed     68.45%
  23  n294_295    0.00%    passed     53.32%
  24  n251_252    0.00%    passed     70.49%
  25  n298_299    0.00%    passed     91.54%
  26  n300_301    0.00%    passed     89.89%
****  TOTAL       0.00%  0 sequences failed composition chi2 test (p-value<5%; df=3)

Create initial parsimony tree by phylogenetic likelihood library (PLL)... 0.002 seconds

NOTE: 1 MB RAM is required!
Estimate model parameters (epsilon = 0.100)
1. Initial log-likelihood: -5234.658
2. Current log-likelihood: -5153.404
3. Current log-likelihood: -5141.418
4. Current log-likelihood: -5138.857
5. Current log-likelihood: -5138.329
6. Current log-likelihood: -5138.226
Optimal log-likelihood: -5138.159
Rate parameters:  A-C: 0.917  A-G: 1.221  A-T: 0.873  C-G: 0.842  C-T: 1.119  G-T: 1.000
Base frequencies:   A: 0.232  C: 0.269  G: 0.252  T: 0.247
Gamma shape alpha: 3.199
Parameters optimization took 6 rounds (0.079 sec)
--------------------------------------------------------------------
|             INITIALIZING CANDIDATE TREE SET                      |
--------------------------------------------------------------------
Computing ML distances based on estimated model parameters... 0.004 sec
Computing BIONJ tree...
0.000 seconds
Log-likelihood of BIONJ tree: -5144.600
Generating 98 parsimony trees... 0.150 seconds 2 distinct starting trees
Computing log-likelihood of 2 initial trees ... 0.000 seconds
Optimizing top 2 initial trees with NNI...
Iteration 1 / LogL: -5137.017 / Time: 0h:0m:0s
Estimate model parameters (epsilon = 0.100)
BETTER TREE FOUND at iteration 1: -5136.960
Iteration 2 / LogL: -5137.939 / Time: 0h:0m:0s
Average CPU time for 1 NNI search: 0.018
Finish initializing candidate tree set. Number of distinct locally optimal trees: 2
Current best tree score: -5136.960 / CPU time: 0.180
--------------------------------------------------------------------
|               OPTIMIZING CANDIDATE TREE SET                      |
--------------------------------------------------------------------
Iteration 10 / LogL: -5140.413 / Time: 0h:0m:0s
Iteration 20 / LogL: -5138.357 / Time: 0h:0m:0s (0h:0m:3s left)
Iteration 30 / LogL: -5146.220 / Time: 0h:0m:1s (0h:0m:2s left)
Iteration 40 / LogL: -5138.958 / Time: 0h:0m:1s (0h:0m:2s left)
Iteration 50 / LogL: -5140.795 / Time: 0h:0m:1s (0h:0m:1s left)
Iteration 60 / LogL: -5137.886 / Time: 0h:0m:1s (0h:0m:1s left)
Iteration 70 / LogL: -5143.980 / Time: 0h:0m:2s (0h:0m:0s left)
Iteration 80 / LogL: -5137.755 / Time: 0h:0m:2s (0h:0m:0s left)
Iteration 90 / LogL: -5137.884 / Time: 0h:0m:2s (0h:0m:0s left)
Iteration 100 / LogL: -5185.042 / Time: 0h:0m:2s (0h:0m:0s left)
TREE SEARCH COMPLETED AFTER 101 ITERATIONS / Time: 0h:0m:3s

--------------------------------------------------------------------
|                    FINALIZING TREE SEARCH                        |
--------------------------------------------------------------------
Performs final model parameters optimization
Estimate model parameters (epsilon = 0.010)
1. Initial log-likelihood: -5136.960
Optimal log-likelihood: -5136.957
Rate parameters:  A-C: 0.918  A-G: 1.213  A-T: 0.872  C-G: 0.843  C-T: 1.130  G-T: 1.000
Base frequencies:   A: 0.232  C: 0.269  G: 0.252  T: 0.247
Gamma shape alpha: 3.215
Parameters optimization took 1 rounds (0.009 sec)
BEST SCORE FOUND : -5136.957

Testing tree branches by SH-like aLRT with 1000 replicates...
CPU Time used:  0.120 sec.
Total tree length: 8.310

Total number of iterations: 101
CPU time used for tree search: 2.896 sec (0h:0m:2s)
Wall-clock time used for tree search: 2.900 sec (0h:0m:2s)
Total CPU time used: 3.132 sec (0h:0m:3s)
Total wall-clock time used: 3.143 sec (0h:0m:3s)

Analysis results written to: 
  IQ-TREE report:                ../simulations/data_D10T0L20I10T10//S/173_pruned.fasta.iqtree
  Maximum-likelihood tree:       ../simulations/data_D10T0L20I10T10//S/173_pruned.fasta.treefile
  Likelihood distances:          ../simulations/data_D10T0L20I10T10//S/173_pruned.fasta.mldist
  Screen log file:               ../simulations/data_D10T0L20I10T10//S/173_pruned.fasta.log

Date and Time: Sun Jun  3 23:42:43 2018
