IQ-TREE version 1.4.2 for Linux 64-bit built Apr 15 2016
Copyright (c) 2011-2015 Nguyen Lam Tung, Olga Chernomor, Arndt von Haeseler and Bui Quang Minh.

Host:    meduse (AVX2, FMA3, 7 GB RAM)
Command: iqtree -s ../simulations/data_D10T0L20I10T10//S/186_pruned.fasta -m GTR+G -alrt 1000 -redo
Seed:    882771 (Using SPRNG - Scalable Parallel Random Number Generator)
Time:    Sun Jun  3 23:44:29 2018
Kernel:  AVX

NOTE: Consider using the multicore version because your CPU has 4 cores!

Reading alignment file ../simulations/data_D10T0L20I10T10//S/186_pruned.fasta ... Fasta format detected
Alignment most likely contains DNA/RNA sequences
Alignment has 28 sequences with 300 columns and 300 patterns (296 informative sites)
          Gap/Ambiguity  Composition  p-value
   1  n277_304    0.00%    passed     60.95%
   2  n285_312    0.00%    passed     83.32%
   3  n287_314    0.00%    passed     50.48%
   4  n294_321    0.00%    passed     86.86%
   5  n299_326    0.00%    passed     79.35%
   6  n298_325    0.00%    passed     98.42%
   7  n200_213    0.00%    passed     59.75%
   8  n293_320    0.00%    passed    100.00%
   9  n290_317    0.00%    passed     36.96%
  10  n244_267    0.00%    passed      9.36%
  11  n236_257    0.00%    passed     69.74%
  12  n265_292    0.00%    failed      3.04%
  13  n255_280    0.00%    failed      3.19%
  14  n275_302    0.00%    passed     86.11%
  15  n289_316    0.00%    passed     40.25%
  16  n255_282    0.00%    passed     80.44%
  17  n280_307    0.00%    passed     71.12%
  18  n266_293    0.00%    passed      9.14%
  19  n292_319    0.00%    passed     63.01%
  20  n300_327    0.00%    passed     87.18%
  21  n278_305    0.00%    passed     44.20%
  22  n251_276    0.00%    passed     73.21%
  23  n274_301    0.00%    passed     77.10%
  24  n286_313    0.00%    passed     71.36%
  25  n251_274    0.00%    passed      7.05%
  26  n296_323    0.00%    passed     55.38%
  27  n295_322    0.00%    passed     62.92%
  28  n297_324    0.00%    passed     70.20%
****  TOTAL       0.00%  2 sequences failed composition chi2 test (p-value<5%; df=3)

Create initial parsimony tree by phylogenetic likelihood library (PLL)... 0.002 seconds

NOTE: 1 MB RAM is required!
Estimate model parameters (epsilon = 0.100)
1. Initial log-likelihood: -5972.215
2. Current log-likelihood: -5866.502
3. Current log-likelihood: -5848.661
4. Current log-likelihood: -5843.860
5. Current log-likelihood: -5842.586
6. Current log-likelihood: -5842.263
Optimal log-likelihood: -5842.121
Rate parameters:  A-C: 0.882  A-G: 1.068  A-T: 1.108  C-G: 1.070  C-T: 1.568  G-T: 1.000
Base frequencies:   A: 0.256  C: 0.261  G: 0.263  T: 0.220
Gamma shape alpha: 4.382
Parameters optimization took 6 rounds (0.078 sec)
--------------------------------------------------------------------
|             INITIALIZING CANDIDATE TREE SET                      |
--------------------------------------------------------------------
Computing ML distances based on estimated model parameters... 0.004 sec
WARNING: Some pairwise ML distances are too long (saturated)
Computing BIONJ tree...
0.000 seconds
Log-likelihood of BIONJ tree: -5863.178
Generating 98 parsimony trees... 0.170 seconds 3 distinct starting trees
Computing log-likelihood of 3 initial trees ... 0.003 seconds
Optimizing top 3 initial trees with NNI...
Iteration 1 / LogL: -5837.731 / Time: 0h:0m:0s
Estimate model parameters (epsilon = 0.100)
BETTER TREE FOUND at iteration 1: -5837.601
Iteration 2 / LogL: -5837.684 / Time: 0h:0m:0s
Iteration 3 / LogL: -5837.749 / Time: 0h:0m:0s
Average CPU time for 1 NNI search: 0.024
Finish initializing candidate tree set. Number of distinct locally optimal trees: 3
Current best tree score: -5837.601 / CPU time: 0.244
--------------------------------------------------------------------
|               OPTIMIZING CANDIDATE TREE SET                      |
--------------------------------------------------------------------
Estimate model parameters (epsilon = 0.010)
BETTER TREE FOUND at iteration 4: -5837.385
Iteration 10 / LogL: -5837.640 / Time: 0h:0m:0s
Iteration 20 / LogL: -5838.801 / Time: 0h:0m:1s (0h:0m:4s left)
Iteration 30 / LogL: -5838.469 / Time: 0h:0m:1s (0h:0m:3s left)
Iteration 40 / LogL: -5837.442 / Time: 0h:0m:1s (0h:0m:3s left)
Iteration 50 / LogL: -5840.701 / Time: 0h:0m:2s (0h:0m:2s left)
Iteration 60 / LogL: -5848.504 / Time: 0h:0m:2s (0h:0m:1s left)
Iteration 70 / LogL: -5837.430 / Time: 0h:0m:3s (0h:0m:1s left)
Iteration 80 / LogL: -5837.409 / Time: 0h:0m:3s (0h:0m:1s left)
Iteration 90 / LogL: -5840.010 / Time: 0h:0m:3s (0h:0m:0s left)
Iteration 100 / LogL: -5843.923 / Time: 0h:0m:4s (0h:0m:0s left)
TREE SEARCH COMPLETED AFTER 104 ITERATIONS / Time: 0h:0m:4s

--------------------------------------------------------------------
|                    FINALIZING TREE SEARCH                        |
--------------------------------------------------------------------
Performs final model parameters optimization
Estimate model parameters (epsilon = 0.010)
1. Initial log-likelihood: -5837.385
Optimal log-likelihood: -5837.383
Rate parameters:  A-C: 0.886  A-G: 1.063  A-T: 1.123  C-G: 1.075  C-T: 1.548  G-T: 1.000
Base frequencies:   A: 0.256  C: 0.261  G: 0.263  T: 0.220
Gamma shape alpha: 4.580
Parameters optimization took 1 rounds (0.007 sec)
BEST SCORE FOUND : -5837.383

Testing tree branches by SH-like aLRT with 1000 replicates...
CPU Time used:  0.132 sec.
Total tree length: 11.483

Total number of iterations: 104
CPU time used for tree search: 4.480 sec (0h:0m:4s)
Wall-clock time used for tree search: 4.483 sec (0h:0m:4s)
Total CPU time used: 4.752 sec (0h:0m:4s)
Total wall-clock time used: 4.761 sec (0h:0m:4s)

Analysis results written to: 
  IQ-TREE report:                ../simulations/data_D10T0L20I10T10//S/186_pruned.fasta.iqtree
  Maximum-likelihood tree:       ../simulations/data_D10T0L20I10T10//S/186_pruned.fasta.treefile
  Likelihood distances:          ../simulations/data_D10T0L20I10T10//S/186_pruned.fasta.mldist
  Screen log file:               ../simulations/data_D10T0L20I10T10//S/186_pruned.fasta.log

Date and Time: Sun Jun  3 23:44:34 2018
