IQ-TREE version 1.4.2 for Linux 64-bit built Apr 15 2016
Copyright (c) 2011-2015 Nguyen Lam Tung, Olga Chernomor, Arndt von Haeseler and Bui Quang Minh.

Host:    meduse (AVX2, FMA3, 7 GB RAM)
Command: iqtree -s ../simulations/data_D8T0L15I8T8//S/18_pruned.fasta -m GTR+G -alrt 1000 -redo
Seed:    923506 (Using SPRNG - Scalable Parallel Random Number Generator)
Time:    Fri May 25 22:37:21 2018
Kernel:  AVX

NOTE: Consider using the multicore version because your CPU has 4 cores!

Reading alignment file ../simulations/data_D8T0L15I8T8//S/18_pruned.fasta ... Fasta format detected
Alignment most likely contains DNA/RNA sequences
Alignment has 26 sequences with 300 columns and 164 patterns (139 informative sites)
          Gap/Ambiguity  Composition  p-value
   1  n285_292    0.00%    passed     91.49%
   2  n251_258    0.00%    passed     99.27%
   3  n293_300    0.00%    passed     98.25%
   4  n275_282    0.00%    passed     97.95%
   5  n277_284    0.00%    passed     98.04%
   6  n287_294    0.00%    passed     99.73%
   7  n295_302    0.00%    passed     99.33%
   8  n200_207    0.00%    passed     77.06%
   9  n292_299    0.00%    passed     94.97%
  10  n297_304    0.00%    passed     97.67%
  11  n294_301    0.00%    passed     97.28%
  12  n296_303    0.00%    passed     99.42%
  13  n255_262    0.00%    passed     87.51%
  14  n274_281    0.00%    passed     93.51%
  15  n298_305    0.00%    passed     95.04%
  16  n266_273    0.00%    passed     99.43%
  17  n290_297    0.00%    passed     99.71%
  18  n278_285    0.00%    passed     95.99%
  19  n244_251    0.00%    passed     94.71%
  20  n236_243    0.00%    passed     92.66%
  21  n280_287    0.00%    passed     98.00%
  22  n286_293    0.00%    passed     98.35%
  23  n299_306    0.00%    passed     94.97%
  24  n300_307    0.00%    passed     94.97%
  25  n265_272    0.00%    passed     98.77%
  26  n289_296    0.00%    passed     99.73%
****  TOTAL       0.00%  0 sequences failed composition chi2 test (p-value<5%; df=3)
NOTE: 1 identical sequences (see below) will be ignored for subsequent analysis
NOTE: n300_307 (identical to n299_306) is ignored but added at the end

Create initial parsimony tree by phylogenetic likelihood library (PLL)... 0.002 seconds

NOTE: 0 MB RAM is required!
Estimate model parameters (epsilon = 0.100)
1. Initial log-likelihood: -1995.171
2. Current log-likelihood: -1959.912
3. Current log-likelihood: -1959.586
Optimal log-likelihood: -1959.577
Rate parameters:  A-C: 1.160  A-G: 1.220  A-T: 0.987  C-G: 1.058  C-T: 1.137  G-T: 1.000
Base frequencies:   A: 0.263  C: 0.263  G: 0.229  T: 0.245
Gamma shape alpha: 2.745
Parameters optimization took 3 rounds (0.038 sec)
--------------------------------------------------------------------
|             INITIALIZING CANDIDATE TREE SET                      |
--------------------------------------------------------------------
Computing ML distances based on estimated model parameters... 0.004 sec
Computing BIONJ tree...
0.001 seconds
Log-likelihood of BIONJ tree: -1962.491
Generating 98 parsimony trees... 0.163 seconds 19 distinct starting trees
Computing log-likelihood of 19 initial trees ... 0.052 seconds
Optimizing top 19 initial trees with NNI...
Iteration 1 / LogL: -1958.824 / Time: 0h:0m:0s
Estimate model parameters (epsilon = 0.100)
BETTER SCORE FOUND at iteration 1: -1958.802
Iteration 2 / LogL: -1958.807 / Time: 0h:0m:0s
Iteration 3 / LogL: -1958.807 / Time: 0h:0m:0s
Iteration 4 / LogL: -1958.808 / Time: 0h:0m:0s
Iteration 5 / LogL: -1958.808 / Time: 0h:0m:0s
Iteration 6 / LogL: -1958.808 / Time: 0h:0m:0s
Iteration 7 / LogL: -1958.808 / Time: 0h:0m:0s
Iteration 8 / LogL: -1958.808 / Time: 0h:0m:0s
Iteration 9 / LogL: -1958.803 / Time: 0h:0m:0s
Iteration 10 / LogL: -1958.803 / Time: 0h:0m:0s
Iteration 11 / LogL: -1958.803 / Time: 0h:0m:0s
Iteration 12 / LogL: -1958.803 / Time: 0h:0m:0s
Iteration 13 / LogL: -1958.803 / Time: 0h:0m:0s
Iteration 14 / LogL: -1958.803 / Time: 0h:0m:0s
Iteration 15 / LogL: -1958.803 / Time: 0h:0m:0s
Iteration 16 / LogL: -1958.803 / Time: 0h:0m:0s
Iteration 17 / LogL: -1958.803 / Time: 0h:0m:0s
Iteration 18 / LogL: -1960.720 / Time: 0h:0m:0s
Iteration 19 / LogL: -1960.721 / Time: 0h:0m:0s
Average CPU time for 1 NNI search: 0.013
Finish initializing candidate tree set. Number of distinct locally optimal trees: 11
Current best tree score: -1958.802 / CPU time: 0.448
--------------------------------------------------------------------
|               OPTIMIZING CANDIDATE TREE SET                      |
--------------------------------------------------------------------
Iteration 20 / LogL: -1960.716 / Time: 0h:0m:0s (0h:0m:2s left)
Iteration 30 / LogL: -1969.718 / Time: 0h:0m:0s (0h:0m:1s left)
Iteration 40 / LogL: -1958.802 / Time: 0h:0m:1s (0h:0m:1s left)
Iteration 50 / LogL: -1969.285 / Time: 0h:0m:1s (0h:0m:1s left)
Iteration 60 / LogL: -1958.806 / Time: 0h:0m:1s (0h:0m:1s left)
Iteration 70 / LogL: -1958.809 / Time: 0h:0m:1s (0h:0m:0s left)
Iteration 80 / LogL: -1959.585 / Time: 0h:0m:2s (0h:0m:0s left)
Iteration 90 / LogL: -1959.172 / Time: 0h:0m:2s (0h:0m:0s left)
Iteration 100 / LogL: -1958.804 / Time: 0h:0m:2s (0h:0m:0s left)
TREE SEARCH COMPLETED AFTER 101 ITERATIONS / Time: 0h:0m:2s

--------------------------------------------------------------------
|                    FINALIZING TREE SEARCH                        |
--------------------------------------------------------------------
Performs final model parameters optimization
Estimate model parameters (epsilon = 0.010)
1. Initial log-likelihood: -1958.802
Optimal log-likelihood: -1958.794
Rate parameters:  A-C: 1.183  A-G: 1.251  A-T: 1.008  C-G: 1.079  C-T: 1.169  G-T: 1.000
Base frequencies:   A: 0.263  C: 0.263  G: 0.229  T: 0.245
Gamma shape alpha: 2.790
Parameters optimization took 1 rounds (0.008 sec)
BEST SCORE FOUND : -1958.794

Testing tree branches by SH-like aLRT with 1000 replicates...
CPU Time used:  0.204 sec.
Total tree length: 1.146

Total number of iterations: 101
CPU time used for tree search: 2.920 sec (0h:0m:2s)
Wall-clock time used for tree search: 2.932 sec (0h:0m:2s)
Total CPU time used: 3.192 sec (0h:0m:3s)
Total wall-clock time used: 3.205 sec (0h:0m:3s)

Analysis results written to: 
  IQ-TREE report:                ../simulations/data_D8T0L15I8T8//S/18_pruned.fasta.iqtree
  Maximum-likelihood tree:       ../simulations/data_D8T0L15I8T8//S/18_pruned.fasta.treefile
  Likelihood distances:          ../simulations/data_D8T0L15I8T8//S/18_pruned.fasta.mldist
  Screen log file:               ../simulations/data_D8T0L15I8T8//S/18_pruned.fasta.log

Date and Time: Fri May 25 22:37:25 2018
