IQ-TREE version 1.4.2 for Linux 64-bit built Apr 15 2016
Copyright (c) 2011-2015 Nguyen Lam Tung, Olga Chernomor, Arndt von Haeseler and Bui Quang Minh.

Host:    meduse (AVX2, FMA3, 7 GB RAM)
Command: iqtree -s ../simulations/data_D8T0L15I8T8//S/200_pruned.fasta -m GTR+G -alrt 1000 -redo
Seed:    478841 (Using SPRNG - Scalable Parallel Random Number Generator)
Time:    Fri May 25 22:33:29 2018
Kernel:  AVX

NOTE: Consider using the multicore version because your CPU has 4 cores!

Reading alignment file ../simulations/data_D8T0L15I8T8//S/200_pruned.fasta ... Fasta format detected
Alignment most likely contains DNA/RNA sequences
Alignment has 25 sequences with 300 columns and 175 patterns (145 informative sites)
          Gap/Ambiguity  Composition  p-value
   1  n266_265    0.00%    passed     79.45%
   2  n293_292    0.00%    passed     87.70%
   3  n278_277    0.00%    passed     88.82%
   4  n274_273    0.00%    passed     74.53%
   5  n287_286    0.00%    passed     90.23%
   6  n286_285    0.00%    passed     97.16%
   7  n289_288    0.00%    passed     88.92%
   8  n277_276    0.00%    passed     91.64%
   9  n300_299    0.00%    passed     84.14%
  10  n294_293    0.00%    passed     83.85%
  11  n295_294    0.00%    passed     80.28%
  12  n275_274    0.00%    passed     83.85%
  13  n292_291    0.00%    passed     89.64%
  14  n244_243    0.00%    passed     69.18%
  15  n236_235    0.00%    passed     73.76%
  16  n280_279    0.00%    passed     84.14%
  17  n285_284    0.00%    passed     97.16%
  18  n296_295    0.00%    passed     83.00%
  19  n290_289    0.00%    passed     83.76%
  20  n200_199    0.00%    passed     95.28%
  21  n251_250    0.00%    passed     85.71%
  22  n297_296    0.00%    passed     82.33%
  23  n298_297    0.00%    passed     80.64%
  24  n299_298    0.00%    passed     89.93%
  25  n265_264    0.00%    passed     88.03%
****  TOTAL       0.00%  0 sequences failed composition chi2 test (p-value<5%; df=3)
NOTE: 1 identical sequences (see below) will be ignored for subsequent analysis
NOTE: n275_274 (identical to n294_293) is ignored but added at the end

Create initial parsimony tree by phylogenetic likelihood library (PLL)... 0.001 seconds

NOTE: 0 MB RAM is required!
Estimate model parameters (epsilon = 0.100)
1. Initial log-likelihood: -2008.236
2. Current log-likelihood: -1955.104
3. Current log-likelihood: -1954.647
Optimal log-likelihood: -1954.644
Rate parameters:  A-C: 1.046  A-G: 0.924  A-T: 0.824  C-G: 0.910  C-T: 0.875  G-T: 1.000
Base frequencies:   A: 0.238  C: 0.268  G: 0.267  T: 0.227
Gamma shape alpha: 9.291
Parameters optimization took 3 rounds (0.028 sec)
--------------------------------------------------------------------
|             INITIALIZING CANDIDATE TREE SET                      |
--------------------------------------------------------------------
Computing ML distances based on estimated model parameters... 0.000 sec
Computing BIONJ tree...
0.000 seconds
Log-likelihood of BIONJ tree: -1954.694
Generating 98 parsimony trees... 0.079 seconds 84 distinct starting trees
Computing log-likelihood of 84 initial trees ... 0.168 seconds
Optimizing top 20 initial trees with NNI...
Iteration 1 / LogL: -1954.644 / Time: 0h:0m:0s
Estimate model parameters (epsilon = 0.100)
BETTER SCORE FOUND at iteration 1: -1954.641
Iteration 2 / LogL: -1954.647 / Time: 0h:0m:0s
Iteration 3 / LogL: -1954.647 / Time: 0h:0m:0s
Iteration 4 / LogL: -1954.647 / Time: 0h:0m:0s
Iteration 5 / LogL: -1954.647 / Time: 0h:0m:0s
Iteration 6 / LogL: -1954.647 / Time: 0h:0m:0s
Iteration 7 / LogL: -1954.647 / Time: 0h:0m:0s
Iteration 8 / LogL: -1954.647 / Time: 0h:0m:0s
Iteration 9 / LogL: -1954.647 / Time: 0h:0m:0s
Iteration 10 / LogL: -1954.647 / Time: 0h:0m:0s
Iteration 11 / LogL: -1954.647 / Time: 0h:0m:0s
Iteration 12 / LogL: -1954.647 / Time: 0h:0m:0s
Iteration 13 / LogL: -1954.647 / Time: 0h:0m:0s
Iteration 14 / LogL: -1954.647 / Time: 0h:0m:0s
Iteration 15 / LogL: -1954.647 / Time: 0h:0m:0s
Iteration 16 / LogL: -1954.647 / Time: 0h:0m:0s
Iteration 17 / LogL: -1954.647 / Time: 0h:0m:0s
Iteration 18 / LogL: -1954.647 / Time: 0h:0m:0s
Iteration 19 / LogL: -1954.647 / Time: 0h:0m:0s
Iteration 20 / LogL: -1954.647 / Time: 0h:0m:0s
Average CPU time for 1 NNI search: 0.005
Finish initializing candidate tree set. Number of distinct locally optimal trees: 20
Current best tree score: -1954.641 / CPU time: 0.352
--------------------------------------------------------------------
|               OPTIMIZING CANDIDATE TREE SET                      |
--------------------------------------------------------------------
Iteration 30 / LogL: -1954.641 / Time: 0h:0m:0s (0h:0m:1s left)
Iteration 40 / LogL: -1954.671 / Time: 0h:0m:0s (0h:0m:1s left)
Iteration 50 / LogL: -1954.642 / Time: 0h:0m:0s (0h:0m:0s left)
Iteration 60 / LogL: -1954.735 / Time: 0h:0m:0s (0h:0m:0s left)
Iteration 70 / LogL: -1954.641 / Time: 0h:0m:1s (0h:0m:0s left)
Iteration 80 / LogL: -1954.641 / Time: 0h:0m:1s (0h:0m:0s left)
Iteration 90 / LogL: -1954.641 / Time: 0h:0m:1s (0h:0m:0s left)
Iteration 100 / LogL: -1954.742 / Time: 0h:0m:1s (0h:0m:0s left)
TREE SEARCH COMPLETED AFTER 101 ITERATIONS / Time: 0h:0m:1s

--------------------------------------------------------------------
|                    FINALIZING TREE SEARCH                        |
--------------------------------------------------------------------
Performs final model parameters optimization
Estimate model parameters (epsilon = 0.010)
1. Initial log-likelihood: -1954.641
Optimal log-likelihood: -1954.640
Rate parameters:  A-C: 1.050  A-G: 0.931  A-T: 0.829  C-G: 0.914  C-T: 0.878  G-T: 1.000
Base frequencies:   A: 0.238  C: 0.268  G: 0.267  T: 0.227
Gamma shape alpha: 9.307
Parameters optimization took 1 rounds (0.007 sec)
BEST SCORE FOUND : -1954.640

Testing tree branches by SH-like aLRT with 1000 replicates...
CPU Time used:  0.116 sec.
Total tree length: 1.154

Total number of iterations: 101
CPU time used for tree search: 1.504 sec (0h:0m:1s)
Wall-clock time used for tree search: 1.509 sec (0h:0m:1s)
Total CPU time used: 1.668 sec (0h:0m:1s)
Total wall-clock time used: 1.676 sec (0h:0m:1s)

Analysis results written to: 
  IQ-TREE report:                ../simulations/data_D8T0L15I8T8//S/200_pruned.fasta.iqtree
  Maximum-likelihood tree:       ../simulations/data_D8T0L15I8T8//S/200_pruned.fasta.treefile
  Likelihood distances:          ../simulations/data_D8T0L15I8T8//S/200_pruned.fasta.mldist
  Screen log file:               ../simulations/data_D8T0L15I8T8//S/200_pruned.fasta.log

Date and Time: Fri May 25 22:33:31 2018
