IQ-TREE version 1.4.2 for Linux 64-bit built Apr 15 2016
Copyright (c) 2011-2015 Nguyen Lam Tung, Olga Chernomor, Arndt von Haeseler and Bui Quang Minh.

Host:    meduse (AVX2, FMA3, 7 GB RAM)
Command: iqtree -s ../simulations/data_D10T0L20I10T10//S/201_pruned.fasta -m GTR+G -alrt 1000 -redo
Seed:    960109 (Using SPRNG - Scalable Parallel Random Number Generator)
Time:    Fri Jun  1 10:55:54 2018
Kernel:  AVX

NOTE: Consider using the multicore version because your CPU has 4 cores!

Reading alignment file ../simulations/data_D10T0L20I10T10//S/201_pruned.fasta ... Fasta format detected
Alignment most likely contains DNA/RNA sequences
Alignment has 25 sequences with 300 columns and 165 patterns (148 informative sites)
          Gap/Ambiguity  Composition  p-value
   1  n289_290    0.00%    passed     95.12%
   2  n294_295    0.00%    passed     99.95%
   3  n295_296    0.00%    passed     94.35%
   4  n266_267    0.00%    passed     77.47%
   5  n299_300    0.00%    passed     98.29%
   6  n298_299    0.00%    passed     99.09%
   7  n290_291    0.00%    passed     94.66%
   8  n274_275    0.00%    passed     94.04%
   9  n251_252    0.00%    passed     86.91%
  10  n293_294    0.00%    passed     97.66%
  11  n265_266    0.00%    passed     69.93%
  12  n296_297    0.00%    passed     94.35%
  13  n300_301    0.00%    passed     95.90%
  14  n244_245    0.00%    passed     41.71%
  15  n278_279    0.00%    passed     90.24%
  16  n287_288    0.00%    passed     95.12%
  17  n277_278    0.00%    passed     96.30%
  18  n297_298    0.00%    passed     99.09%
  19  n236_237    0.00%    passed     92.16%
  20  n280_281    0.00%    passed     96.30%
  21  n285_286    0.00%    passed     98.26%
  22  n275_276    0.00%    passed     99.72%
  23  n255_256    0.00%    passed     92.27%
  24  n292_293    0.00%    passed     97.54%
  25  n286_287    0.00%    passed     96.37%
****  TOTAL       0.00%  0 sequences failed composition chi2 test (p-value<5%; df=3)
NOTE: 3 identical sequences (see below) will be ignored for subsequent analysis
NOTE: n287_288 (identical to n289_290) is ignored but added at the end
NOTE: n296_297 (identical to n295_296) is ignored but added at the end
NOTE: n297_298 (identical to n298_299) is ignored but added at the end

Create initial parsimony tree by phylogenetic likelihood library (PLL)... 0.001 seconds

NOTE: 0 MB RAM is required!
Estimate model parameters (epsilon = 0.100)
1. Initial log-likelihood: -1882.181
2. Current log-likelihood: -1844.563
3. Current log-likelihood: -1844.238
Optimal log-likelihood: -1844.158
Rate parameters:  A-C: 0.943  A-G: 1.129  A-T: 0.760  C-G: 1.072  C-T: 1.009  G-T: 1.000
Base frequencies:   A: 0.239  C: 0.273  G: 0.241  T: 0.247
Gamma shape alpha: 5.652
Parameters optimization took 3 rounds (0.018 sec)
--------------------------------------------------------------------
|             INITIALIZING CANDIDATE TREE SET                      |
--------------------------------------------------------------------
Computing ML distances based on estimated model parameters... 0.000 sec
Computing BIONJ tree...
0.000 seconds
Log-likelihood of BIONJ tree: -1844.612
Generating 98 parsimony trees... 0.077 seconds 95 distinct starting trees
Computing log-likelihood of 95 initial trees ... 0.142 seconds
Optimizing top 20 initial trees with NNI...
Iteration 1 / LogL: -1844.159 / Time: 0h:0m:0s
Estimate model parameters (epsilon = 0.100)
BETTER SCORE FOUND at iteration 1: -1844.114
Iteration 2 / LogL: -1844.115 / Time: 0h:0m:0s
Iteration 3 / LogL: -1844.115 / Time: 0h:0m:0s
Iteration 4 / LogL: -1844.115 / Time: 0h:0m:0s
Iteration 5 / LogL: -1844.115 / Time: 0h:0m:0s
Iteration 6 / LogL: -1844.115 / Time: 0h:0m:0s
Iteration 7 / LogL: -1844.115 / Time: 0h:0m:0s
Iteration 8 / LogL: -1844.115 / Time: 0h:0m:0s
Iteration 9 / LogL: -1844.115 / Time: 0h:0m:0s
Iteration 10 / LogL: -1844.115 / Time: 0h:0m:0s
Iteration 11 / LogL: -1844.115 / Time: 0h:0m:0s
Iteration 12 / LogL: -1844.115 / Time: 0h:0m:0s
Iteration 13 / LogL: -1844.115 / Time: 0h:0m:0s
Iteration 14 / LogL: -1844.115 / Time: 0h:0m:0s
Iteration 15 / LogL: -1844.115 / Time: 0h:0m:0s
Iteration 16 / LogL: -1844.115 / Time: 0h:0m:0s
Iteration 17 / LogL: -1844.115 / Time: 0h:0m:0s
Iteration 18 / LogL: -1844.115 / Time: 0h:0m:0s
Iteration 19 / LogL: -1844.115 / Time: 0h:0m:0s
Iteration 20 / LogL: -1844.115 / Time: 0h:0m:0s
Average CPU time for 1 NNI search: 0.004
Finish initializing candidate tree set. Number of distinct locally optimal trees: 20
Current best tree score: -1844.114 / CPU time: 0.288
--------------------------------------------------------------------
|               OPTIMIZING CANDIDATE TREE SET                      |
--------------------------------------------------------------------
Iteration 30 / LogL: -2055.450 / Time: 0h:0m:0s (0h:0m:1s left)
Iteration 40 / LogL: -1997.022 / Time: 0h:0m:0s (0h:0m:0s left)
Iteration 50 / LogL: -1856.713 / Time: 0h:0m:0s (0h:0m:0s left)
Iteration 60 / LogL: -1858.786 / Time: 0h:0m:0s (0h:0m:0s left)
Iteration 70 / LogL: -1844.116 / Time: 0h:0m:0s (0h:0m:0s left)
Iteration 80 / LogL: -2004.587 / Time: 0h:0m:0s (0h:0m:0s left)
Iteration 90 / LogL: -1844.116 / Time: 0h:0m:1s (0h:0m:0s left)
Iteration 100 / LogL: -1844.115 / Time: 0h:0m:1s (0h:0m:0s left)
TREE SEARCH COMPLETED AFTER 101 ITERATIONS / Time: 0h:0m:1s

--------------------------------------------------------------------
|                    FINALIZING TREE SEARCH                        |
--------------------------------------------------------------------
Performs final model parameters optimization
Estimate model parameters (epsilon = 0.010)
1. Initial log-likelihood: -1844.114
2. Current log-likelihood: -1844.088
3. Current log-likelihood: -1844.073
Optimal log-likelihood: -1844.064
Rate parameters:  A-C: 0.993  A-G: 1.187  A-T: 0.812  C-G: 1.121  C-T: 1.051  G-T: 1.000
Base frequencies:   A: 0.239  C: 0.273  G: 0.241  T: 0.247
Gamma shape alpha: 5.714
Parameters optimization took 3 rounds (0.010 sec)
BEST SCORE FOUND : -1844.064

Testing tree branches by SH-like aLRT with 1000 replicates...
CPU Time used:  0.088 sec.
Total tree length: 1.101

Total number of iterations: 101
CPU time used for tree search: 1.092 sec (0h:0m:1s)
Wall-clock time used for tree search: 1.094 sec (0h:0m:1s)
Total CPU time used: 1.224 sec (0h:0m:1s)
Total wall-clock time used: 1.224 sec (0h:0m:1s)

Analysis results written to: 
  IQ-TREE report:                ../simulations/data_D10T0L20I10T10//S/201_pruned.fasta.iqtree
  Maximum-likelihood tree:       ../simulations/data_D10T0L20I10T10//S/201_pruned.fasta.treefile
  Likelihood distances:          ../simulations/data_D10T0L20I10T10//S/201_pruned.fasta.mldist
  Screen log file:               ../simulations/data_D10T0L20I10T10//S/201_pruned.fasta.log

Date and Time: Fri Jun  1 10:55:56 2018
