IQ-TREE version 1.4.2 for Linux 64-bit built Apr 15 2016
Copyright (c) 2011-2015 Nguyen Lam Tung, Olga Chernomor, Arndt von Haeseler and Bui Quang Minh.

Host:    meduse (AVX2, FMA3, 7 GB RAM)
Command: iqtree -s ../simulations/data_D8T0L15I8T8//S/202_pruned.fasta -m GTR+G -alrt 1000 -redo
Seed:    435212 (Using SPRNG - Scalable Parallel Random Number Generator)
Time:    Fri May 25 22:42:00 2018
Kernel:  AVX

NOTE: Consider using the multicore version because your CPU has 4 cores!

Reading alignment file ../simulations/data_D8T0L15I8T8//S/202_pruned.fasta ... Fasta format detected
Alignment most likely contains DNA/RNA sequences
Alignment has 26 sequences with 300 columns and 175 patterns (151 informative sites)
          Gap/Ambiguity  Composition  p-value
   1  n298_299    0.00%    passed     96.38%
   2  n280_281    0.00%    passed     96.62%
   3  n200_201    0.00%    passed     98.19%
   4  n286_287    0.00%    passed     89.30%
   5  n287_288    0.00%    passed     96.25%
   6  n266_267    0.00%    passed     63.46%
   7  n292_293    0.00%    passed     95.82%
   8  n293_294    0.00%    passed     93.72%
   9  n275_276    0.00%    passed     98.82%
  10  n289_290    0.00%    passed     87.61%
  11  n297_298    0.00%    passed     96.38%
  12  n278_279    0.00%    passed     86.08%
  13  n295_296    0.00%    passed     95.54%
  14  n251_252    0.00%    passed     76.92%
  15  n274_275    0.00%    passed     90.72%
  16  n290_291    0.00%    passed     94.85%
  17  n236_237    0.00%    passed     91.02%
  18  n255_256    0.00%    passed     82.50%
  19  n285_286    0.00%    passed     88.01%
  20  n294_295    0.00%    passed     93.72%
  21  n300_301    0.00%    passed     93.87%
  22  n265_266    0.00%    passed     78.89%
  23  n296_297    0.00%    passed     94.51%
  24  n299_300    0.00%    passed     94.95%
  25  n244_245    0.00%    passed     99.00%
  26  n277_278    0.00%    passed     86.08%
****  TOTAL       0.00%  0 sequences failed composition chi2 test (p-value<5%; df=3)
NOTE: 2 identical sequences (see below) will be ignored for subsequent analysis
NOTE: n297_298 (identical to n298_299) is ignored but added at the end
NOTE: n294_295 (identical to n293_294) is ignored but added at the end

Create initial parsimony tree by phylogenetic likelihood library (PLL)... 0.002 seconds

NOTE: 0 MB RAM is required!
Estimate model parameters (epsilon = 0.100)
1. Initial log-likelihood: -2052.142
2. Current log-likelihood: -2016.083
3. Current log-likelihood: -2015.816
Optimal log-likelihood: -2015.809
Rate parameters:  A-C: 1.788  A-G: 1.825  A-T: 1.362  C-G: 1.850  C-T: 1.792  G-T: 1.000
Base frequencies:   A: 0.232  C: 0.242  G: 0.283  T: 0.244
Gamma shape alpha: 3.436
Parameters optimization took 3 rounds (0.066 sec)
--------------------------------------------------------------------
|             INITIALIZING CANDIDATE TREE SET                      |
--------------------------------------------------------------------
Computing ML distances based on estimated model parameters... 0.004 sec
Computing BIONJ tree...
0.001 seconds
Log-likelihood of BIONJ tree: -2015.933
Generating 98 parsimony trees... 0.191 seconds 13 distinct starting trees
Computing log-likelihood of 13 initial trees ... 0.039 seconds
Optimizing top 13 initial trees with NNI...
Iteration 1 / LogL: -2015.809 / Time: 0h:0m:0s
Estimate model parameters (epsilon = 0.100)
BETTER SCORE FOUND at iteration 1: -2015.807
Iteration 2 / LogL: -2015.811 / Time: 0h:0m:0s
Iteration 3 / LogL: -2015.811 / Time: 0h:0m:0s
Iteration 4 / LogL: -2015.811 / Time: 0h:0m:0s
Iteration 5 / LogL: -2015.811 / Time: 0h:0m:0s
Iteration 6 / LogL: -2015.811 / Time: 0h:0m:0s
Iteration 7 / LogL: -2015.811 / Time: 0h:0m:0s
Iteration 8 / LogL: -2015.811 / Time: 0h:0m:0s
Iteration 9 / LogL: -2015.811 / Time: 0h:0m:0s
Iteration 10 / LogL: -2015.808 / Time: 0h:0m:0s
Iteration 11 / LogL: -2015.807 / Time: 0h:0m:0s
Iteration 12 / LogL: -2015.808 / Time: 0h:0m:0s
Iteration 13 / LogL: -2015.808 / Time: 0h:0m:0s
Average CPU time for 1 NNI search: 0.010
Finish initializing candidate tree set. Number of distinct locally optimal trees: 9
Current best tree score: -2015.807 / CPU time: 0.368
--------------------------------------------------------------------
|               OPTIMIZING CANDIDATE TREE SET                      |
--------------------------------------------------------------------
Iteration 20 / LogL: -2015.807 / Time: 0h:0m:0s (0h:0m:2s left)
Iteration 30 / LogL: -2019.275 / Time: 0h:0m:0s (0h:0m:2s left)
Iteration 40 / LogL: -2019.276 / Time: 0h:0m:1s (0h:0m:1s left)
Iteration 50 / LogL: -2015.809 / Time: 0h:0m:1s (0h:0m:1s left)
Iteration 60 / LogL: -2015.824 / Time: 0h:0m:1s (0h:0m:1s left)
Iteration 70 / LogL: -2015.809 / Time: 0h:0m:1s (0h:0m:0s left)
Iteration 80 / LogL: -2020.367 / Time: 0h:0m:2s (0h:0m:0s left)
Iteration 90 / LogL: -2021.049 / Time: 0h:0m:2s (0h:0m:0s left)
Iteration 100 / LogL: -2021.709 / Time: 0h:0m:2s (0h:0m:0s left)
TREE SEARCH COMPLETED AFTER 101 ITERATIONS / Time: 0h:0m:2s

--------------------------------------------------------------------
|                    FINALIZING TREE SEARCH                        |
--------------------------------------------------------------------
Performs final model parameters optimization
Estimate model parameters (epsilon = 0.010)
1. Initial log-likelihood: -2015.807
Optimal log-likelihood: -2015.806
Rate parameters:  A-C: 1.775  A-G: 1.817  A-T: 1.362  C-G: 1.847  C-T: 1.782  G-T: 1.000
Base frequencies:   A: 0.232  C: 0.242  G: 0.283  T: 0.244
Gamma shape alpha: 3.440
Parameters optimization took 1 rounds (0.010 sec)
BEST SCORE FOUND : -2015.806

Testing tree branches by SH-like aLRT with 1000 replicates...
CPU Time used:  0.172 sec.
Total tree length: 1.196

Total number of iterations: 101
CPU time used for tree search: 2.720 sec (0h:0m:2s)
Wall-clock time used for tree search: 2.764 sec (0h:0m:2s)
Total CPU time used: 2.996 sec (0h:0m:2s)
Total wall-clock time used: 3.046 sec (0h:0m:3s)

Analysis results written to: 
  IQ-TREE report:                ../simulations/data_D8T0L15I8T8//S/202_pruned.fasta.iqtree
  Maximum-likelihood tree:       ../simulations/data_D8T0L15I8T8//S/202_pruned.fasta.treefile
  Likelihood distances:          ../simulations/data_D8T0L15I8T8//S/202_pruned.fasta.mldist
  Screen log file:               ../simulations/data_D8T0L15I8T8//S/202_pruned.fasta.log

Date and Time: Fri May 25 22:42:03 2018
