IQ-TREE version 1.4.2 for Linux 64-bit built Apr 15 2016
Copyright (c) 2011-2015 Nguyen Lam Tung, Olga Chernomor, Arndt von Haeseler and Bui Quang Minh.

Host:    meduse (AVX2, FMA3, 7 GB RAM)
Command: iqtree -s ../simulations/data_D8T0L15I8T8//S/208_pruned.fasta -m GTR+G -alrt 1000 -redo
Seed:    573811 (Using SPRNG - Scalable Parallel Random Number Generator)
Time:    Fri May 25 23:00:19 2018
Kernel:  AVX

NOTE: Consider using the multicore version because your CPU has 4 cores!

Reading alignment file ../simulations/data_D8T0L15I8T8//S/208_pruned.fasta ... Fasta format detected
Alignment most likely contains DNA/RNA sequences
Alignment has 26 sequences with 300 columns and 175 patterns (158 informative sites)
          Gap/Ambiguity  Composition  p-value
   1  n266_265    0.00%    passed     95.11%
   2  n297_296    0.00%    passed     94.78%
   3  n244_243    0.00%    passed     98.56%
   4  n278_277    0.00%    passed     92.90%
   5  n274_273    0.00%    passed     87.18%
   6  n287_286    0.00%    passed     98.77%
   7  n294_293    0.00%    passed     99.49%
   8  n296_295    0.00%    passed     96.53%
   9  n277_276    0.00%    passed     92.65%
  10  n300_299    0.00%    passed     80.71%
  11  n295_294    0.00%    passed     95.74%
  12  n275_274    0.00%    passed     99.84%
  13  n292_291    0.00%    passed     71.33%
  14  n236_235    0.00%    passed     88.12%
  15  n280_279    0.00%    passed     86.33%
  16  n289_288    0.00%    passed     91.81%
  17  n285_284    0.00%    passed     45.81%
  18  n293_292    0.00%    passed     99.49%
  19  n290_289    0.00%    passed     91.49%
  20  n200_199    0.00%    passed     85.86%
  21  n251_250    0.00%    passed     93.10%
  22  n255_254    0.00%    passed     98.49%
  23  n286_285    0.00%    passed     53.51%
  24  n298_297    0.00%    passed     99.18%
  25  n299_298    0.00%    passed     81.54%
  26  n265_264    0.00%    passed     94.67%
****  TOTAL       0.00%  0 sequences failed composition chi2 test (p-value<5%; df=3)

Create initial parsimony tree by phylogenetic likelihood library (PLL)... 0.002 seconds

NOTE: 0 MB RAM is required!
Estimate model parameters (epsilon = 0.100)
1. Initial log-likelihood: -2063.361
2. Current log-likelihood: -2023.539
3. Current log-likelihood: -2023.116
Optimal log-likelihood: -2023.092
Rate parameters:  A-C: 1.085  A-G: 1.229  A-T: 1.067  C-G: 1.052  C-T: 1.119  G-T: 1.000
Base frequencies:   A: 0.242  C: 0.260  G: 0.261  T: 0.237
Gamma shape alpha: 10.601
Parameters optimization took 3 rounds (0.028 sec)
--------------------------------------------------------------------
|             INITIALIZING CANDIDATE TREE SET                      |
--------------------------------------------------------------------
Computing ML distances based on estimated model parameters... 0.004 sec
Computing BIONJ tree...
0.000 seconds
Log-likelihood of BIONJ tree: -2023.176
Generating 98 parsimony trees... 0.166 seconds 10 distinct starting trees
Computing log-likelihood of 10 initial trees ... 0.023 seconds
Optimizing top 10 initial trees with NNI...
Iteration 1 / LogL: -2023.092 / Time: 0h:0m:0s
Estimate model parameters (epsilon = 0.100)
BETTER SCORE FOUND at iteration 1: -2023.079
Iteration 2 / LogL: -2023.081 / Time: 0h:0m:0s
Iteration 3 / LogL: -2023.081 / Time: 0h:0m:0s
Iteration 4 / LogL: -2023.081 / Time: 0h:0m:0s
Iteration 5 / LogL: -2023.081 / Time: 0h:0m:0s
Iteration 6 / LogL: -2023.081 / Time: 0h:0m:0s
Iteration 7 / LogL: -2023.081 / Time: 0h:0m:0s
Iteration 8 / LogL: -2023.081 / Time: 0h:0m:0s
Iteration 9 / LogL: -2023.081 / Time: 0h:0m:0s
Iteration 10 / LogL: -2023.079 / Time: 0h:0m:0s
Average CPU time for 1 NNI search: 0.008
Finish initializing candidate tree set. Number of distinct locally optimal trees: 9
Current best tree score: -2023.079 / CPU time: 0.268
--------------------------------------------------------------------
|               OPTIMIZING CANDIDATE TREE SET                      |
--------------------------------------------------------------------
Iteration 20 / LogL: -2023.105 / Time: 0h:0m:0s (0h:0m:2s left)
Iteration 30 / LogL: -2033.179 / Time: 0h:0m:0s (0h:0m:1s left)
Iteration 40 / LogL: -2037.284 / Time: 0h:0m:0s (0h:0m:1s left)
Iteration 50 / LogL: -2023.136 / Time: 0h:0m:1s (0h:0m:1s left)
Iteration 60 / LogL: -2023.079 / Time: 0h:0m:1s (0h:0m:1s left)
Iteration 70 / LogL: -2023.079 / Time: 0h:0m:1s (0h:0m:0s left)
Iteration 80 / LogL: -2023.167 / Time: 0h:0m:1s (0h:0m:0s left)
Iteration 90 / LogL: -2023.079 / Time: 0h:0m:2s (0h:0m:0s left)
Iteration 100 / LogL: -2333.753 / Time: 0h:0m:2s (0h:0m:0s left)
TREE SEARCH COMPLETED AFTER 101 ITERATIONS / Time: 0h:0m:2s

--------------------------------------------------------------------
|                    FINALIZING TREE SEARCH                        |
--------------------------------------------------------------------
Performs final model parameters optimization
Estimate model parameters (epsilon = 0.010)
1. Initial log-likelihood: -2023.078
Optimal log-likelihood: -2023.074
Rate parameters:  A-C: 1.069  A-G: 1.205  A-T: 1.044  C-G: 1.037  C-T: 1.117  G-T: 1.000
Base frequencies:   A: 0.242  C: 0.260  G: 0.261  T: 0.237
Gamma shape alpha: 10.518
Parameters optimization took 1 rounds (0.007 sec)
BEST SCORE FOUND : -2023.074

Testing tree branches by SH-like aLRT with 1000 replicates...
CPU Time used:  0.184 sec.
Total tree length: 1.170

Total number of iterations: 101
CPU time used for tree search: 2.336 sec (0h:0m:2s)
Wall-clock time used for tree search: 2.341 sec (0h:0m:2s)
Total CPU time used: 2.572 sec (0h:0m:2s)
Total wall-clock time used: 2.580 sec (0h:0m:2s)

Analysis results written to: 
  IQ-TREE report:                ../simulations/data_D8T0L15I8T8//S/208_pruned.fasta.iqtree
  Maximum-likelihood tree:       ../simulations/data_D8T0L15I8T8//S/208_pruned.fasta.treefile
  Likelihood distances:          ../simulations/data_D8T0L15I8T8//S/208_pruned.fasta.mldist
  Screen log file:               ../simulations/data_D8T0L15I8T8//S/208_pruned.fasta.log

Date and Time: Fri May 25 23:00:22 2018
