IQ-TREE version 1.4.2 for Linux 64-bit built Apr 15 2016
Copyright (c) 2011-2015 Nguyen Lam Tung, Olga Chernomor, Arndt von Haeseler and Bui Quang Minh.

Host:    meduse (AVX2, FMA3, 7 GB RAM)
Command: iqtree -s ../simulations/data_D10T0L20I10T10//S/212_pruned.fasta -m GTR+G -alrt 1000 -redo
Seed:    663525 (Using SPRNG - Scalable Parallel Random Number Generator)
Time:    Fri Jun  1 10:50:48 2018
Kernel:  AVX

NOTE: Consider using the multicore version because your CPU has 4 cores!

Reading alignment file ../simulations/data_D10T0L20I10T10//S/212_pruned.fasta ... Fasta format detected
Alignment most likely contains DNA/RNA sequences
Alignment has 26 sequences with 300 columns and 180 patterns (148 informative sites)
          Gap/Ambiguity  Composition  p-value
   1  n289_290    0.00%    passed     92.57%
   2  n294_295    0.00%    passed     92.57%
   3  n295_296    0.00%    passed     85.92%
   4  n266_267    0.00%    passed     79.20%
   5  n299_300    0.00%    passed     87.61%
   6  n298_299    0.00%    passed     90.01%
   7  n290_291    0.00%    passed     91.64%
   8  n274_275    0.00%    passed     57.97%
   9  n251_252    0.00%    passed     86.67%
  10  n293_294    0.00%    passed     92.57%
  11  n265_266    0.00%    passed     79.20%
  12  n296_297    0.00%    passed     84.32%
  13  n300_301    0.00%    passed     74.89%
  14  n244_245    0.00%    passed     90.68%
  15  n278_279    0.00%    passed     78.02%
  16  n287_288    0.00%    passed     87.69%
  17  n200_201    0.00%    passed     77.25%
  18  n277_278    0.00%    passed     91.47%
  19  n297_298    0.00%    passed     91.40%
  20  n236_237    0.00%    passed     94.81%
  21  n280_281    0.00%    passed     81.13%
  22  n285_286    0.00%    passed     94.54%
  23  n275_276    0.00%    passed     92.15%
  24  n255_256    0.00%    passed     93.55%
  25  n292_293    0.00%    passed     74.89%
  26  n286_287    0.00%    passed     97.24%
****  TOTAL       0.00%  0 sequences failed composition chi2 test (p-value<5%; df=3)
NOTE: 2 identical sequences (see below) will be ignored for subsequent analysis
NOTE: n293_294 (identical to n294_295) is ignored but added at the end
NOTE: n292_293 (identical to n300_301) is ignored but added at the end

Create initial parsimony tree by phylogenetic likelihood library (PLL)... 0.001 seconds

NOTE: 0 MB RAM is required!
Estimate model parameters (epsilon = 0.100)
1. Initial log-likelihood: -2062.485
2. Current log-likelihood: -2016.033
3. Current log-likelihood: -2015.784
Optimal log-likelihood: -2015.782
Rate parameters:  A-C: 1.320  A-G: 1.331  A-T: 1.507  C-G: 1.014  C-T: 1.565  G-T: 1.000
Base frequencies:   A: 0.261  C: 0.257  G: 0.242  T: 0.241
Gamma shape alpha: 14.504
Parameters optimization took 3 rounds (0.020 sec)
--------------------------------------------------------------------
|             INITIALIZING CANDIDATE TREE SET                      |
--------------------------------------------------------------------
Computing ML distances based on estimated model parameters... 0.004 sec
Computing BIONJ tree...
0.000 seconds
Log-likelihood of BIONJ tree: -2015.727
Generating 98 parsimony trees... 0.087 seconds 18 distinct starting trees
Computing log-likelihood of 18 initial trees ... 0.033 seconds
Optimizing top 18 initial trees with NNI...
Iteration 1 / LogL: -2015.727 / Time: 0h:0m:0s
Estimate model parameters (epsilon = 0.100)
BETTER SCORE FOUND at iteration 1: -2015.725
Iteration 2 / LogL: -2015.727 / Time: 0h:0m:0s
Iteration 3 / LogL: -2015.727 / Time: 0h:0m:0s
Iteration 4 / LogL: -2015.727 / Time: 0h:0m:0s
Iteration 5 / LogL: -2015.727 / Time: 0h:0m:0s
Iteration 6 / LogL: -2015.727 / Time: 0h:0m:0s
Iteration 7 / LogL: -2015.727 / Time: 0h:0m:0s
Iteration 8 / LogL: -2015.727 / Time: 0h:0m:0s
Iteration 9 / LogL: -2015.727 / Time: 0h:0m:0s
Iteration 10 / LogL: -2015.725 / Time: 0h:0m:0s
Iteration 11 / LogL: -2015.725 / Time: 0h:0m:0s
Iteration 12 / LogL: -2015.725 / Time: 0h:0m:0s
Iteration 13 / LogL: -2015.725 / Time: 0h:0m:0s
Iteration 14 / LogL: -2015.725 / Time: 0h:0m:0s
Iteration 15 / LogL: -2015.725 / Time: 0h:0m:0s
Iteration 16 / LogL: -2015.725 / Time: 0h:0m:0s
Iteration 17 / LogL: -2015.725 / Time: 0h:0m:0s
Iteration 18 / LogL: -2015.725 / Time: 0h:0m:0s
Average CPU time for 1 NNI search: 0.006
Finish initializing candidate tree set. Number of distinct locally optimal trees: 9
Current best tree score: -2015.725 / CPU time: 0.220
--------------------------------------------------------------------
|               OPTIMIZING CANDIDATE TREE SET                      |
--------------------------------------------------------------------
Iteration 20 / LogL: -2015.726 / Time: 0h:0m:0s (0h:0m:1s left)
Iteration 30 / LogL: -2015.782 / Time: 0h:0m:0s (0h:0m:1s left)
Iteration 40 / LogL: -2015.725 / Time: 0h:0m:0s (0h:0m:0s left)
Iteration 50 / LogL: -2015.734 / Time: 0h:0m:0s (0h:0m:0s left)
Iteration 60 / LogL: -2015.725 / Time: 0h:0m:0s (0h:0m:0s left)
Iteration 70 / LogL: -2015.782 / Time: 0h:0m:1s (0h:0m:0s left)
Iteration 80 / LogL: -2015.782 / Time: 0h:0m:1s (0h:0m:0s left)
Iteration 90 / LogL: -2015.725 / Time: 0h:0m:1s (0h:0m:0s left)
Iteration 100 / LogL: -2015.744 / Time: 0h:0m:1s (0h:0m:0s left)
TREE SEARCH COMPLETED AFTER 101 ITERATIONS / Time: 0h:0m:1s

--------------------------------------------------------------------
|                    FINALIZING TREE SEARCH                        |
--------------------------------------------------------------------
Performs final model parameters optimization
Estimate model parameters (epsilon = 0.010)
1. Initial log-likelihood: -2015.725
Optimal log-likelihood: -2015.724
Rate parameters:  A-C: 1.309  A-G: 1.326  A-T: 1.502  C-G: 1.008  C-T: 1.555  G-T: 1.000
Base frequencies:   A: 0.261  C: 0.257  G: 0.242  T: 0.241
Gamma shape alpha: 15.429
Parameters optimization took 1 rounds (0.004 sec)
BEST SCORE FOUND : -2015.724

Testing tree branches by SH-like aLRT with 1000 replicates...
CPU Time used:  0.116 sec.
Total tree length: 1.152

Total number of iterations: 101
CPU time used for tree search: 1.560 sec (0h:0m:1s)
Wall-clock time used for tree search: 1.564 sec (0h:0m:1s)
Total CPU time used: 1.712 sec (0h:0m:1s)
Total wall-clock time used: 1.718 sec (0h:0m:1s)

Analysis results written to: 
  IQ-TREE report:                ../simulations/data_D10T0L20I10T10//S/212_pruned.fasta.iqtree
  Maximum-likelihood tree:       ../simulations/data_D10T0L20I10T10//S/212_pruned.fasta.treefile
  Likelihood distances:          ../simulations/data_D10T0L20I10T10//S/212_pruned.fasta.mldist
  Screen log file:               ../simulations/data_D10T0L20I10T10//S/212_pruned.fasta.log

Date and Time: Fri Jun  1 10:50:50 2018
