IQ-TREE version 1.4.2 for Linux 64-bit built Apr 15 2016
Copyright (c) 2011-2015 Nguyen Lam Tung, Olga Chernomor, Arndt von Haeseler and Bui Quang Minh.

Host:    meduse (AVX2, FMA3, 7 GB RAM)
Command: iqtree -s ../simulations/data_D8T0L15I8T8//S/213_pruned.fasta -m GTR+G -alrt 1000 -redo
Seed:    999665 (Using SPRNG - Scalable Parallel Random Number Generator)
Time:    Fri May 25 22:55:26 2018
Kernel:  AVX

NOTE: Consider using the multicore version because your CPU has 4 cores!

Reading alignment file ../simulations/data_D8T0L15I8T8//S/213_pruned.fasta ... Fasta format detected
Alignment most likely contains DNA/RNA sequences
Alignment has 26 sequences with 300 columns and 176 patterns (144 informative sites)
          Gap/Ambiguity  Composition  p-value
   1  n292_295    0.00%    passed     90.00%
   2  n300_303    0.00%    passed     92.02%
   3  n293_296    0.00%    passed     93.78%
   4  n280_283    0.00%    passed     93.21%
   5  n289_292    0.00%    passed     80.91%
   6  n286_289    0.00%    passed     69.55%
   7  n236_239    0.00%    passed     88.97%
   8  n298_301    0.00%    passed     94.97%
   9  n251_254    0.00%    passed     27.78%
  10  n290_293    0.00%    passed     85.91%
  11  n277_280    0.00%    passed     88.87%
  12  n265_268    0.00%    passed     59.61%
  13  n275_278    0.00%    passed     93.75%
  14  n274_277    0.00%    passed     91.69%
  15  n266_269    0.00%    passed     82.53%
  16  n287_290    0.00%    passed     84.59%
  17  n278_281    0.00%    passed     79.72%
  18  n255_258    0.00%    passed     22.96%
  19  n200_203    0.00%    passed     82.96%
  20  n295_298    0.00%    passed     81.09%
  21  n285_288    0.00%    passed     76.06%
  22  n296_299    0.00%    passed     81.64%
  23  n294_297    0.00%    passed     86.83%
  24  n299_302    0.00%    passed     88.46%
  25  n297_300    0.00%    passed     87.42%
  26  n244_247    0.00%    passed     84.69%
****  TOTAL       0.00%  0 sequences failed composition chi2 test (p-value<5%; df=3)

Create initial parsimony tree by phylogenetic likelihood library (PLL)... 0.001 seconds

NOTE: 0 MB RAM is required!
Estimate model parameters (epsilon = 0.100)
1. Initial log-likelihood: -2056.635
2. Current log-likelihood: -2007.635
3. Current log-likelihood: -2007.306
Optimal log-likelihood: -2007.287
Rate parameters:  A-C: 0.978  A-G: 1.575  A-T: 1.192  C-G: 0.815  C-T: 0.976  G-T: 1.000
Base frequencies:   A: 0.208  C: 0.287  G: 0.269  T: 0.237
Gamma shape alpha: 6.041
Parameters optimization took 3 rounds (0.040 sec)
--------------------------------------------------------------------
|             INITIALIZING CANDIDATE TREE SET                      |
--------------------------------------------------------------------
Computing ML distances based on estimated model parameters... 0.004 sec
Computing BIONJ tree...
0.001 seconds
Log-likelihood of BIONJ tree: -2007.793
Generating 98 parsimony trees... 0.153 seconds 46 distinct starting trees
Computing log-likelihood of 46 initial trees ... 0.136 seconds
Optimizing top 20 initial trees with NNI...
Iteration 1 / LogL: -2007.125 / Time: 0h:0m:0s
Estimate model parameters (epsilon = 0.100)
BETTER SCORE FOUND at iteration 1: -2007.093
Iteration 2 / LogL: -2007.096 / Time: 0h:0m:0s
Iteration 3 / LogL: -2007.096 / Time: 0h:0m:0s
Iteration 4 / LogL: -2007.096 / Time: 0h:0m:0s
Iteration 5 / LogL: -2007.096 / Time: 0h:0m:0s
Iteration 6 / LogL: -2007.096 / Time: 0h:0m:0s
Iteration 7 / LogL: -2007.096 / Time: 0h:0m:0s
Iteration 8 / LogL: -2007.096 / Time: 0h:0m:0s
Iteration 9 / LogL: -2007.096 / Time: 0h:0m:0s
Iteration 10 / LogL: -2007.096 / Time: 0h:0m:0s
Iteration 11 / LogL: -2007.096 / Time: 0h:0m:0s
Iteration 12 / LogL: -2007.096 / Time: 0h:0m:0s
Iteration 13 / LogL: -2007.093 / Time: 0h:0m:0s
Iteration 14 / LogL: -2007.093 / Time: 0h:0m:0s
Iteration 15 / LogL: -2007.093 / Time: 0h:0m:0s
Iteration 16 / LogL: -2007.093 / Time: 0h:0m:0s
Iteration 17 / LogL: -2007.093 / Time: 0h:0m:0s
Iteration 18 / LogL: -2007.093 / Time: 0h:0m:0s
Iteration 19 / LogL: -2007.093 / Time: 0h:0m:0s
Iteration 20 / LogL: -2007.177 / Time: 0h:0m:0s
Average CPU time for 1 NNI search: 0.008
Finish initializing candidate tree set. Number of distinct locally optimal trees: 15
Current best tree score: -2007.093 / CPU time: 0.452
--------------------------------------------------------------------
|               OPTIMIZING CANDIDATE TREE SET                      |
--------------------------------------------------------------------
Iteration 30 / LogL: -2007.094 / Time: 0h:0m:0s (0h:0m:1s left)
Iteration 40 / LogL: -2018.937 / Time: 0h:0m:1s (0h:0m:1s left)
Iteration 50 / LogL: -2007.094 / Time: 0h:0m:1s (0h:0m:1s left)
Iteration 60 / LogL: -2007.094 / Time: 0h:0m:1s (0h:0m:0s left)
Iteration 70 / LogL: -2007.093 / Time: 0h:0m:1s (0h:0m:0s left)
Iteration 80 / LogL: -2007.093 / Time: 0h:0m:1s (0h:0m:0s left)
Iteration 90 / LogL: -2007.096 / Time: 0h:0m:2s (0h:0m:0s left)
Iteration 100 / LogL: -2007.272 / Time: 0h:0m:2s (0h:0m:0s left)
TREE SEARCH COMPLETED AFTER 101 ITERATIONS / Time: 0h:0m:2s

--------------------------------------------------------------------
|                    FINALIZING TREE SEARCH                        |
--------------------------------------------------------------------
Performs final model parameters optimization
Estimate model parameters (epsilon = 0.010)
1. Initial log-likelihood: -2007.092
Optimal log-likelihood: -2007.091
Rate parameters:  A-C: 0.959  A-G: 1.566  A-T: 1.203  C-G: 0.839  C-T: 0.978  G-T: 1.000
Base frequencies:   A: 0.208  C: 0.287  G: 0.269  T: 0.237
Gamma shape alpha: 6.078
Parameters optimization took 1 rounds (0.007 sec)
BEST SCORE FOUND : -2007.091

Testing tree branches by SH-like aLRT with 1000 replicates...
CPU Time used:  0.172 sec.
Total tree length: 1.195

Total number of iterations: 101
CPU time used for tree search: 2.320 sec (0h:0m:2s)
Wall-clock time used for tree search: 2.318 sec (0h:0m:2s)
Total CPU time used: 2.560 sec (0h:0m:2s)
Total wall-clock time used: 2.563 sec (0h:0m:2s)

Analysis results written to: 
  IQ-TREE report:                ../simulations/data_D8T0L15I8T8//S/213_pruned.fasta.iqtree
  Maximum-likelihood tree:       ../simulations/data_D8T0L15I8T8//S/213_pruned.fasta.treefile
  Likelihood distances:          ../simulations/data_D8T0L15I8T8//S/213_pruned.fasta.mldist
  Screen log file:               ../simulations/data_D8T0L15I8T8//S/213_pruned.fasta.log

Date and Time: Fri May 25 22:55:29 2018
