IQ-TREE version 1.4.2 for Linux 64-bit built Apr 15 2016
Copyright (c) 2011-2015 Nguyen Lam Tung, Olga Chernomor, Arndt von Haeseler and Bui Quang Minh.

Host:    meduse (AVX2, FMA3, 7 GB RAM)
Command: iqtree -s ../simulations/data_D10T0L20I10T10//S/216_pruned.fasta -m GTR+G -alrt 1000 -redo
Seed:    110463 (Using SPRNG - Scalable Parallel Random Number Generator)
Time:    Sun Jun  3 23:35:19 2018
Kernel:  AVX

NOTE: Consider using the multicore version because your CPU has 4 cores!

Reading alignment file ../simulations/data_D10T0L20I10T10//S/216_pruned.fasta ... Fasta format detected
Alignment most likely contains DNA/RNA sequences
Alignment has 26 sequences with 300 columns and 299 patterns (297 informative sites)
          Gap/Ambiguity  Composition  p-value
   1  n277_278    0.00%    passed     45.47%
   2  n286_287    0.00%    passed     81.28%
   3  n296_297    0.00%    passed     38.17%
   4  n285_286    0.00%    passed     97.45%
   5  n289_290    0.00%    passed     69.55%
   6  n274_275    0.00%    passed      6.49%
   7  n255_256    0.00%    passed     22.73%
   8  n275_276    0.00%    passed     62.60%
   9  n278_279    0.00%    passed     41.61%
  10  n299_300    0.00%    passed     12.70%
  11  n236_237    0.00%    passed     33.07%
  12  n293_294    0.00%    passed     74.26%
  13  n290_291    0.00%    passed     46.18%
  14  n297_298    0.00%    passed     87.74%
  15  n200_201    0.00%    passed     86.61%
  16  n292_293    0.00%    passed      9.37%
  17  n280_281    0.00%    passed     17.56%
  18  n295_296    0.00%    passed     53.45%
  19  n287_288    0.00%    passed     70.56%
  20  n244_245    0.00%    passed     35.72%
  21  n265_266    0.00%    passed     62.87%
  22  n266_267    0.00%    passed     77.17%
  23  n294_295    0.00%    passed     77.05%
  24  n251_252    0.00%    passed     59.15%
  25  n298_299    0.00%    passed     64.74%
  26  n300_301    0.00%    passed      6.28%
****  TOTAL       0.00%  0 sequences failed composition chi2 test (p-value<5%; df=3)

Create initial parsimony tree by phylogenetic likelihood library (PLL)... 0.002 seconds

NOTE: 1 MB RAM is required!
Estimate model parameters (epsilon = 0.100)
1. Initial log-likelihood: -5419.154
2. Current log-likelihood: -5323.665
3. Current log-likelihood: -5308.344
4. Current log-likelihood: -5304.927
5. Current log-likelihood: -5303.933
6. Current log-likelihood: -5303.774
Optimal log-likelihood: -5303.680
Rate parameters:  A-C: 0.963  A-G: 1.128  A-T: 0.976  C-G: 0.740  C-T: 1.278  G-T: 1.000
Base frequencies:   A: 0.243  C: 0.273  G: 0.263  T: 0.222
Gamma shape alpha: 3.677
Parameters optimization took 6 rounds (0.078 sec)
--------------------------------------------------------------------
|             INITIALIZING CANDIDATE TREE SET                      |
--------------------------------------------------------------------
Computing ML distances based on estimated model parameters... 0.004 sec
WARNING: Some pairwise ML distances are too long (saturated)
Computing BIONJ tree...
0.000 seconds
Log-likelihood of BIONJ tree: -5303.661
Generating 98 parsimony trees... 0.153 seconds 3 distinct starting trees
Computing log-likelihood of 3 initial trees ... 0.003 seconds
Optimizing top 3 initial trees with NNI...
Iteration 1 / LogL: -5299.842 / Time: 0h:0m:0s
Estimate model parameters (epsilon = 0.100)
BETTER TREE FOUND at iteration 1: -5299.282
Iteration 2 / LogL: -5299.595 / Time: 0h:0m:0s
Iteration 3 / LogL: -5299.312 / Time: 0h:0m:0s
Average CPU time for 1 NNI search: 0.032
Finish initializing candidate tree set. Number of distinct locally optimal trees: 2
Current best tree score: -5299.282 / CPU time: 0.256
--------------------------------------------------------------------
|               OPTIMIZING CANDIDATE TREE SET                      |
--------------------------------------------------------------------
Estimate model parameters (epsilon = 0.010)
UPDATE BEST LOG-LIKELIHOOD: -5299.114
Iteration 10 / LogL: -5299.322 / Time: 0h:0m:0s
Iteration 20 / LogL: -5300.511 / Time: 0h:0m:1s (0h:0m:4s left)
Iteration 30 / LogL: -5299.639 / Time: 0h:0m:1s (0h:0m:3s left)
Estimate model parameters (epsilon = 0.010)
BETTER TREE FOUND at iteration 35: -5298.040
Iteration 40 / LogL: -5299.121 / Time: 0h:0m:1s (0h:0m:4s left)
Iteration 50 / LogL: -5299.184 / Time: 0h:0m:2s (0h:0m:3s left)
Iteration 60 / LogL: -5299.144 / Time: 0h:0m:2s (0h:0m:3s left)
Iteration 70 / LogL: -5299.118 / Time: 0h:0m:2s (0h:0m:2s left)
Iteration 80 / LogL: -5299.479 / Time: 0h:0m:3s (0h:0m:2s left)
Iteration 90 / LogL: -5299.127 / Time: 0h:0m:3s (0h:0m:1s left)
Iteration 100 / LogL: -5299.120 / Time: 0h:0m:4s (0h:0m:1s left)
Iteration 110 / LogL: -5308.462 / Time: 0h:0m:4s (0h:0m:1s left)
Iteration 120 / LogL: -5299.178 / Time: 0h:0m:4s (0h:0m:0s left)
Iteration 130 / LogL: -5301.372 / Time: 0h:0m:5s (0h:0m:0s left)
TREE SEARCH COMPLETED AFTER 135 ITERATIONS / Time: 0h:0m:5s

--------------------------------------------------------------------
|                    FINALIZING TREE SEARCH                        |
--------------------------------------------------------------------
Performs final model parameters optimization
Estimate model parameters (epsilon = 0.010)
1. Initial log-likelihood: -5298.040
Optimal log-likelihood: -5298.034
Rate parameters:  A-C: 0.974  A-G: 1.163  A-T: 0.989  C-G: 0.755  C-T: 1.298  G-T: 1.000
Base frequencies:   A: 0.243  C: 0.273  G: 0.263  T: 0.222
Gamma shape alpha: 3.743
Parameters optimization took 1 rounds (0.007 sec)
BEST SCORE FOUND : -5298.034

Testing tree branches by SH-like aLRT with 1000 replicates...
CPU Time used:  0.124 sec.
Total tree length: 9.860

Total number of iterations: 135
CPU time used for tree search: 5.196 sec (0h:0m:5s)
Wall-clock time used for tree search: 5.200 sec (0h:0m:5s)
Total CPU time used: 5.448 sec (0h:0m:5s)
Total wall-clock time used: 5.451 sec (0h:0m:5s)

Analysis results written to: 
  IQ-TREE report:                ../simulations/data_D10T0L20I10T10//S/216_pruned.fasta.iqtree
  Maximum-likelihood tree:       ../simulations/data_D10T0L20I10T10//S/216_pruned.fasta.treefile
  Likelihood distances:          ../simulations/data_D10T0L20I10T10//S/216_pruned.fasta.mldist
  Screen log file:               ../simulations/data_D10T0L20I10T10//S/216_pruned.fasta.log

Date and Time: Sun Jun  3 23:35:24 2018
