IQ-TREE version 1.4.2 for Linux 64-bit built Apr 15 2016
Copyright (c) 2011-2015 Nguyen Lam Tung, Olga Chernomor, Arndt von Haeseler and Bui Quang Minh.

Host:    meduse (AVX2, FMA3, 7 GB RAM)
Command: iqtree -s ../simulations/data_D10T0L20I10T10//S/21_pruned.fasta -m GTR+G -alrt 1000 -redo
Seed:    859338 (Using SPRNG - Scalable Parallel Random Number Generator)
Time:    Fri Jun  1 11:07:13 2018
Kernel:  AVX

NOTE: Consider using the multicore version because your CPU has 4 cores!

Reading alignment file ../simulations/data_D10T0L20I10T10//S/21_pruned.fasta ... Fasta format detected
Alignment most likely contains DNA/RNA sequences
Alignment has 26 sequences with 300 columns and 177 patterns (148 informative sites)
          Gap/Ambiguity  Composition  p-value
   1  n287_286    0.00%    passed     99.04%
   2  n294_293    0.00%    passed     94.54%
   3  n277_276    0.00%    passed     72.24%
   4  n298_297    0.00%    passed     89.85%
   5  n278_277    0.00%    passed     57.32%
   6  n274_273    0.00%    passed     91.97%
   7  n299_298    0.00%    passed     94.48%
   8  n265_264    0.00%    passed     98.59%
   9  n296_295    0.00%    passed     96.45%
  10  n289_288    0.00%    passed     98.94%
  11  n285_284    0.00%    passed     96.68%
  12  n244_243    0.00%    passed     57.28%
  13  n300_299    0.00%    passed     94.48%
  14  n280_279    0.00%    passed     97.06%
  15  n200_201    0.00%    passed     82.05%
  16  n293_292    0.00%    passed     91.58%
  17  n295_294    0.00%    passed     96.13%
  18  n297_296    0.00%    passed     86.87%
  19  n236_237    0.00%    passed     96.70%
  20  n286_285    0.00%    passed     93.10%
  21  n290_289    0.00%    passed     97.80%
  22  n255_254    0.00%    passed     64.71%
  23  n266_265    0.00%    passed     96.71%
  24  n275_274    0.00%    passed     95.39%
  25  n251_250    0.00%    passed     72.14%
  26  n292_291    0.00%    passed     94.48%
****  TOTAL       0.00%  0 sequences failed composition chi2 test (p-value<5%; df=3)
NOTE: 2 identical sequences (see below) will be ignored for subsequent analysis
NOTE: n300_299 (identical to n299_298) is ignored but added at the end
NOTE: n292_291 (identical to n299_298) is ignored but added at the end

Create initial parsimony tree by phylogenetic likelihood library (PLL)... 0.001 seconds

NOTE: 0 MB RAM is required!
Estimate model parameters (epsilon = 0.100)
1. Initial log-likelihood: -2082.347
2. Current log-likelihood: -2037.084
3. Current log-likelihood: -2036.878
Optimal log-likelihood: -2036.876
Rate parameters:  A-C: 0.951  A-G: 0.973  A-T: 1.291  C-G: 0.999  C-T: 1.243  G-T: 1.000
Base frequencies:   A: 0.281  C: 0.250  G: 0.258  T: 0.211
Gamma shape alpha: 4.166
Parameters optimization took 3 rounds (0.023 sec)
--------------------------------------------------------------------
|             INITIALIZING CANDIDATE TREE SET                      |
--------------------------------------------------------------------
Computing ML distances based on estimated model parameters... 0.000 sec
Computing BIONJ tree...
0.000 seconds
Log-likelihood of BIONJ tree: -2037.134
Generating 98 parsimony trees... 0.091 seconds 18 distinct starting trees
Computing log-likelihood of 18 initial trees ... 0.027 seconds
Optimizing top 18 initial trees with NNI...
Iteration 1 / LogL: -2036.866 / Time: 0h:0m:0s
Estimate model parameters (epsilon = 0.100)
BETTER SCORE FOUND at iteration 1: -2036.863
Iteration 2 / LogL: -2036.865 / Time: 0h:0m:0s
Iteration 3 / LogL: -2036.865 / Time: 0h:0m:0s
Iteration 4 / LogL: -2036.863 / Time: 0h:0m:0s
Iteration 5 / LogL: -2036.863 / Time: 0h:0m:0s
Iteration 6 / LogL: -2036.863 / Time: 0h:0m:0s
Iteration 7 / LogL: -2036.863 / Time: 0h:0m:0s
Iteration 8 / LogL: -2036.863 / Time: 0h:0m:0s
Iteration 9 / LogL: -2036.863 / Time: 0h:0m:0s
Iteration 10 / LogL: -2036.862 / Time: 0h:0m:0s
Iteration 11 / LogL: -2036.863 / Time: 0h:0m:0s
Iteration 12 / LogL: -2036.863 / Time: 0h:0m:0s
Iteration 13 / LogL: -2036.863 / Time: 0h:0m:0s
Iteration 14 / LogL: -2036.863 / Time: 0h:0m:0s
Iteration 15 / LogL: -2036.863 / Time: 0h:0m:0s
Iteration 16 / LogL: -2036.863 / Time: 0h:0m:0s
Iteration 17 / LogL: -2036.863 / Time: 0h:0m:0s
Iteration 18 / LogL: -2036.863 / Time: 0h:0m:0s
Average CPU time for 1 NNI search: 0.005
Finish initializing candidate tree set. Number of distinct locally optimal trees: 3
Current best tree score: -2036.862 / CPU time: 0.216
--------------------------------------------------------------------
|               OPTIMIZING CANDIDATE TREE SET                      |
--------------------------------------------------------------------
Iteration 20 / LogL: -2036.864 / Time: 0h:0m:0s (0h:0m:1s left)
Iteration 30 / LogL: -2036.872 / Time: 0h:0m:0s (0h:0m:0s left)
Iteration 40 / LogL: -2052.224 / Time: 0h:0m:0s (0h:0m:0s left)
Iteration 50 / LogL: -2036.934 / Time: 0h:0m:0s (0h:0m:0s left)
Iteration 60 / LogL: -2036.864 / Time: 0h:0m:0s (0h:0m:0s left)
Iteration 70 / LogL: -2036.864 / Time: 0h:0m:0s (0h:0m:0s left)
Iteration 80 / LogL: -2037.007 / Time: 0h:0m:1s (0h:0m:0s left)
Iteration 90 / LogL: -2036.876 / Time: 0h:0m:1s (0h:0m:0s left)
Iteration 100 / LogL: -2036.864 / Time: 0h:0m:1s (0h:0m:0s left)
TREE SEARCH COMPLETED AFTER 101 ITERATIONS / Time: 0h:0m:1s

--------------------------------------------------------------------
|                    FINALIZING TREE SEARCH                        |
--------------------------------------------------------------------
Performs final model parameters optimization
Estimate model parameters (epsilon = 0.010)
1. Initial log-likelihood: -2036.862
Optimal log-likelihood: -2036.862
Rate parameters:  A-C: 0.960  A-G: 0.979  A-T: 1.292  C-G: 1.005  C-T: 1.246  G-T: 1.000
Base frequencies:   A: 0.281  C: 0.250  G: 0.258  T: 0.211
Gamma shape alpha: 4.170
Parameters optimization took 1 rounds (0.004 sec)
BEST SCORE FOUND : -2036.862

Testing tree branches by SH-like aLRT with 1000 replicates...
CPU Time used:  0.092 sec.
Total tree length: 1.184

Total number of iterations: 101
CPU time used for tree search: 1.392 sec (0h:0m:1s)
Wall-clock time used for tree search: 1.391 sec (0h:0m:1s)
Total CPU time used: 1.524 sec (0h:0m:1s)
Total wall-clock time used: 1.525 sec (0h:0m:1s)

Analysis results written to: 
  IQ-TREE report:                ../simulations/data_D10T0L20I10T10//S/21_pruned.fasta.iqtree
  Maximum-likelihood tree:       ../simulations/data_D10T0L20I10T10//S/21_pruned.fasta.treefile
  Likelihood distances:          ../simulations/data_D10T0L20I10T10//S/21_pruned.fasta.mldist
  Screen log file:               ../simulations/data_D10T0L20I10T10//S/21_pruned.fasta.log

Date and Time: Fri Jun  1 11:07:15 2018
