IQ-TREE version 1.4.2 for Linux 64-bit built Apr 15 2016
Copyright (c) 2011-2015 Nguyen Lam Tung, Olga Chernomor, Arndt von Haeseler and Bui Quang Minh.

Host:    meduse (AVX2, FMA3, 7 GB RAM)
Command: iqtree -s ../simulations/data_D10T0L20I10T10//S/227_pruned.fasta -m GTR+G -alrt 1000 -redo
Seed:    908191 (Using SPRNG - Scalable Parallel Random Number Generator)
Time:    Fri Jun  1 10:54:59 2018
Kernel:  AVX

NOTE: Consider using the multicore version because your CPU has 4 cores!

Reading alignment file ../simulations/data_D10T0L20I10T10//S/227_pruned.fasta ... Fasta format detected
Alignment most likely contains DNA/RNA sequences
Alignment has 26 sequences with 300 columns and 177 patterns (159 informative sites)
          Gap/Ambiguity  Composition  p-value
   1  n289_290    0.00%    passed     88.80%
   2  n294_295    0.00%    passed     92.44%
   3  n295_296    0.00%    passed     97.40%
   4  n266_267    0.00%    passed     91.35%
   5  n299_300    0.00%    passed     89.16%
   6  n298_299    0.00%    passed     93.99%
   7  n290_291    0.00%    passed     93.47%
   8  n274_275    0.00%    passed     73.17%
   9  n251_252    0.00%    passed     36.24%
  10  n293_294    0.00%    passed     92.44%
  11  n265_266    0.00%    passed     92.03%
  12  n296_297    0.00%    passed     95.27%
  13  n300_301    0.00%    passed     82.25%
  14  n244_245    0.00%    passed     93.50%
  15  n278_279    0.00%    passed     85.60%
  16  n287_288    0.00%    passed     96.30%
  17  n200_201    0.00%    passed     56.62%
  18  n277_278    0.00%    passed     89.12%
  19  n297_298    0.00%    passed     93.99%
  20  n236_237    0.00%    passed     99.73%
  21  n280_281    0.00%    passed     80.14%
  22  n285_286    0.00%    passed     79.88%
  23  n275_276    0.00%    passed     87.29%
  24  n255_256    0.00%    passed     39.81%
  25  n292_293    0.00%    passed     82.25%
  26  n286_287    0.00%    passed     71.62%
****  TOTAL       0.00%  0 sequences failed composition chi2 test (p-value<5%; df=3)
NOTE: 2 identical sequences (see below) will be ignored for subsequent analysis
NOTE: n293_294 (identical to n294_295) is ignored but added at the end
NOTE: n297_298 (identical to n298_299) is ignored but added at the end

Create initial parsimony tree by phylogenetic likelihood library (PLL)... 0.001 seconds

NOTE: 0 MB RAM is required!
Estimate model parameters (epsilon = 0.100)
1. Initial log-likelihood: -2054.414
2. Current log-likelihood: -2013.456
3. Current log-likelihood: -2012.687
Optimal log-likelihood: -2012.637
Rate parameters:  A-C: 1.627  A-G: 1.979  A-T: 2.043  C-G: 1.902  C-T: 2.087  G-T: 1.000
Base frequencies:   A: 0.206  C: 0.285  G: 0.287  T: 0.222
Gamma shape alpha: 6.675
Parameters optimization took 3 rounds (0.022 sec)
--------------------------------------------------------------------
|             INITIALIZING CANDIDATE TREE SET                      |
--------------------------------------------------------------------
Computing ML distances based on estimated model parameters... 0.000 sec
Computing BIONJ tree...
0.000 seconds
Log-likelihood of BIONJ tree: -2012.637
Generating 98 parsimony trees... 0.074 seconds 3 distinct starting trees
Computing log-likelihood of 3 initial trees ... 0.002 seconds
Optimizing top 3 initial trees with NNI...
Iteration 1 / LogL: -2012.637 / Time: 0h:0m:0s
Estimate model parameters (epsilon = 0.100)
BETTER SCORE FOUND at iteration 1: -2012.604
Iteration 2 / LogL: -2012.606 / Time: 0h:0m:0s
Iteration 3 / LogL: -2012.627 / Time: 0h:0m:0s
Average CPU time for 1 NNI search: 0.004
Finish initializing candidate tree set. Number of distinct locally optimal trees: 3
Current best tree score: -2012.604 / CPU time: 0.088
--------------------------------------------------------------------
|               OPTIMIZING CANDIDATE TREE SET                      |
--------------------------------------------------------------------
Iteration 10 / LogL: -2012.655 / Time: 0h:0m:0s
Iteration 20 / LogL: -2013.123 / Time: 0h:0m:0s (0h:0m:1s left)
Iteration 30 / LogL: -2012.608 / Time: 0h:0m:0s (0h:0m:1s left)
Iteration 40 / LogL: -2012.609 / Time: 0h:0m:0s (0h:0m:0s left)
Iteration 50 / LogL: -2012.604 / Time: 0h:0m:0s (0h:0m:0s left)
Iteration 60 / LogL: -2012.653 / Time: 0h:0m:0s (0h:0m:0s left)
Iteration 70 / LogL: -2012.614 / Time: 0h:0m:1s (0h:0m:0s left)
Iteration 80 / LogL: -2012.605 / Time: 0h:0m:1s (0h:0m:0s left)
Iteration 90 / LogL: -2012.615 / Time: 0h:0m:1s (0h:0m:0s left)
Iteration 100 / LogL: -2013.149 / Time: 0h:0m:1s (0h:0m:0s left)
TREE SEARCH COMPLETED AFTER 101 ITERATIONS / Time: 0h:0m:1s

--------------------------------------------------------------------
|                    FINALIZING TREE SEARCH                        |
--------------------------------------------------------------------
Performs final model parameters optimization
Estimate model parameters (epsilon = 0.010)
1. Initial log-likelihood: -2012.604
2. Current log-likelihood: -2012.578
3. Current log-likelihood: -2012.560
4. Current log-likelihood: -2012.548
Optimal log-likelihood: -2012.538
Rate parameters:  A-C: 1.545  A-G: 1.878  A-T: 1.931  C-G: 1.772  C-T: 1.997  G-T: 1.000
Base frequencies:   A: 0.206  C: 0.285  G: 0.287  T: 0.222
Gamma shape alpha: 6.809
Parameters optimization took 4 rounds (0.014 sec)
BEST SCORE FOUND : -2012.538

Testing tree branches by SH-like aLRT with 1000 replicates...
CPU Time used:  0.100 sec.
Total tree length: 1.219

Total number of iterations: 101
CPU time used for tree search: 1.556 sec (0h:0m:1s)
Wall-clock time used for tree search: 1.557 sec (0h:0m:1s)
Total CPU time used: 1.704 sec (0h:0m:1s)
Total wall-clock time used: 1.702 sec (0h:0m:1s)

Analysis results written to: 
  IQ-TREE report:                ../simulations/data_D10T0L20I10T10//S/227_pruned.fasta.iqtree
  Maximum-likelihood tree:       ../simulations/data_D10T0L20I10T10//S/227_pruned.fasta.treefile
  Likelihood distances:          ../simulations/data_D10T0L20I10T10//S/227_pruned.fasta.mldist
  Screen log file:               ../simulations/data_D10T0L20I10T10//S/227_pruned.fasta.log

Date and Time: Fri Jun  1 10:55:01 2018
