IQ-TREE version 1.4.2 for Linux 64-bit built Apr 15 2016
Copyright (c) 2011-2015 Nguyen Lam Tung, Olga Chernomor, Arndt von Haeseler and Bui Quang Minh.

Host:    meduse (AVX2, FMA3, 7 GB RAM)
Command: iqtree -s ../simulations/data_D10T0L20I10T10//S/228_pruned.fasta -m GTR+G -alrt 1000 -redo
Seed:    557299 (Using SPRNG - Scalable Parallel Random Number Generator)
Time:    Fri Jun  1 10:44:53 2018
Kernel:  AVX

NOTE: Consider using the multicore version because your CPU has 4 cores!

Reading alignment file ../simulations/data_D10T0L20I10T10//S/228_pruned.fasta ... Fasta format detected
Alignment most likely contains DNA/RNA sequences
Alignment has 19 sequences with 300 columns and 160 patterns (129 informative sites)
          Gap/Ambiguity  Composition  p-value
   1  n289_264    0.00%    passed     97.21%
   2  n266_251    0.00%    passed     85.40%
   3  n255_244    0.00%    passed     94.39%
   4  n286_261    0.00%    passed     99.57%
   5  n287_262    0.00%    passed     97.88%
   6  n295_268    0.00%    passed     98.96%
   7  n275_256    0.00%    passed     98.41%
   8  n293_266    0.00%    passed     98.23%
   9  n244_235    0.00%    passed     79.75%
  10  n200_199    0.00%    passed     99.80%
  11  n290_265    0.00%    passed     96.50%
  12  n298_271    0.00%    passed     98.89%
  13  n297_270    0.00%    passed     98.90%
  14  n285_260    0.00%    passed     99.64%
  15  n236_227    0.00%    passed     99.32%
  16  n251_242    0.00%    passed     97.00%
  17  n296_269    0.00%    passed     99.28%
  18  n265_250    0.00%    passed     83.91%
  19  n294_267    0.00%    passed     96.35%
****  TOTAL       0.00%  0 sequences failed composition chi2 test (p-value<5%; df=3)

Create initial parsimony tree by phylogenetic likelihood library (PLL)... 0.000 seconds

NOTE: 0 MB RAM is required!
Estimate model parameters (epsilon = 0.100)
1. Initial log-likelihood: -1829.113
2. Current log-likelihood: -1769.807
3. Current log-likelihood: -1769.084
Optimal log-likelihood: -1769.044
Rate parameters:  A-C: 1.812  A-G: 1.359  A-T: 1.401  C-G: 1.421  C-T: 2.566  G-T: 1.000
Base frequencies:   A: 0.226  C: 0.246  G: 0.289  T: 0.239
Gamma shape alpha: 998.974
Parameters optimization took 3 rounds (0.018 sec)
--------------------------------------------------------------------
|             INITIALIZING CANDIDATE TREE SET                      |
--------------------------------------------------------------------
Computing ML distances based on estimated model parameters... 0.004 sec
Computing BIONJ tree...
0.000 seconds
Log-likelihood of BIONJ tree: -1769.044
Generating 99 parsimony trees... 0.062 seconds 12 distinct starting trees
Computing log-likelihood of 12 initial trees ... 0.016 seconds
Optimizing top 12 initial trees with NNI...
Iteration 1 / LogL: -1769.044 / Time: 0h:0m:0s
Estimate model parameters (epsilon = 0.100)
BETTER SCORE FOUND at iteration 1: -1769.019
Iteration 2 / LogL: -1769.022 / Time: 0h:0m:0s
Iteration 3 / LogL: -1769.022 / Time: 0h:0m:0s
Iteration 4 / LogL: -1769.022 / Time: 0h:0m:0s
Iteration 5 / LogL: -1769.022 / Time: 0h:0m:0s
Iteration 6 / LogL: -1769.022 / Time: 0h:0m:0s
Iteration 7 / LogL: -1769.022 / Time: 0h:0m:0s
Iteration 8 / LogL: -1769.022 / Time: 0h:0m:0s
Iteration 9 / LogL: -1769.022 / Time: 0h:0m:0s
Iteration 10 / LogL: -1769.022 / Time: 0h:0m:0s
Iteration 11 / LogL: -1769.022 / Time: 0h:0m:0s
Iteration 12 / LogL: -1769.022 / Time: 0h:0m:0s
Average CPU time for 1 NNI search: 0.003
Finish initializing candidate tree set. Number of distinct locally optimal trees: 12
Current best tree score: -1769.019 / CPU time: 0.120
--------------------------------------------------------------------
|               OPTIMIZING CANDIDATE TREE SET                      |
--------------------------------------------------------------------
Iteration 20 / LogL: -1769.019 / Time: 0h:0m:0s (0h:0m:0s left)
Iteration 30 / LogL: -1769.160 / Time: 0h:0m:0s (0h:0m:0s left)
Iteration 40 / LogL: -1769.027 / Time: 0h:0m:0s (0h:0m:0s left)
Iteration 50 / LogL: -1795.395 / Time: 0h:0m:0s (0h:0m:0s left)
Iteration 60 / LogL: -1769.021 / Time: 0h:0m:0s (0h:0m:0s left)
Iteration 70 / LogL: -1769.043 / Time: 0h:0m:0s (0h:0m:0s left)
Iteration 80 / LogL: -1769.019 / Time: 0h:0m:0s (0h:0m:0s left)
Iteration 90 / LogL: -1769.019 / Time: 0h:0m:0s (0h:0m:0s left)
Iteration 100 / LogL: -1769.019 / Time: 0h:0m:0s (0h:0m:0s left)
TREE SEARCH COMPLETED AFTER 101 ITERATIONS / Time: 0h:0m:0s

--------------------------------------------------------------------
|                    FINALIZING TREE SEARCH                        |
--------------------------------------------------------------------
Performs final model parameters optimization
Estimate model parameters (epsilon = 0.010)
1. Initial log-likelihood: -1769.019
2. Current log-likelihood: -1769.001
3. Current log-likelihood: -1768.990
Optimal log-likelihood: -1768.982
Rate parameters:  A-C: 1.741  A-G: 1.320  A-T: 1.344  C-G: 1.377  C-T: 2.462  G-T: 1.000
Base frequencies:   A: 0.226  C: 0.246  G: 0.289  T: 0.239
Gamma shape alpha: 998.974
Parameters optimization took 3 rounds (0.012 sec)
BEST SCORE FOUND : -1768.982

Testing tree branches by SH-like aLRT with 1000 replicates...
CPU Time used:  0.084 sec.
Total tree length: 1.061

Total number of iterations: 101
CPU time used for tree search: 0.908 sec (0h:0m:0s)
Wall-clock time used for tree search: 0.909 sec (0h:0m:0s)
Total CPU time used: 1.032 sec (0h:0m:1s)
Total wall-clock time used: 1.034 sec (0h:0m:1s)

Analysis results written to: 
  IQ-TREE report:                ../simulations/data_D10T0L20I10T10//S/228_pruned.fasta.iqtree
  Maximum-likelihood tree:       ../simulations/data_D10T0L20I10T10//S/228_pruned.fasta.treefile
  Likelihood distances:          ../simulations/data_D10T0L20I10T10//S/228_pruned.fasta.mldist
  Screen log file:               ../simulations/data_D10T0L20I10T10//S/228_pruned.fasta.log

Date and Time: Fri Jun  1 10:44:54 2018
