IQ-TREE version 1.4.2 for Linux 64-bit built Apr 15 2016
Copyright (c) 2011-2015 Nguyen Lam Tung, Olga Chernomor, Arndt von Haeseler and Bui Quang Minh.

Host:    meduse (AVX2, FMA3, 7 GB RAM)
Command: iqtree -s ../simulations/data_D10T0L20I10T10//S/235_pruned.fasta -m GTR+G -alrt 1000 -redo
Seed:    95907 (Using SPRNG - Scalable Parallel Random Number Generator)
Time:    Mon Jun  4 00:10:22 2018
Kernel:  AVX

NOTE: Consider using the multicore version because your CPU has 4 cores!

Reading alignment file ../simulations/data_D10T0L20I10T10//S/235_pruned.fasta ... Fasta format detected
Alignment most likely contains DNA/RNA sequences
Alignment has 26 sequences with 300 columns and 299 patterns (294 informative sites)
          Gap/Ambiguity  Composition  p-value
   1  n200_197    0.00%    passed     77.25%
   2  n280_277    0.00%    passed     30.57%
   3  n275_272    0.00%    passed     23.60%
   4  n255_252    0.00%    passed     26.23%
   5  n292_289    0.00%    passed     40.25%
   6  n294_291    0.00%    passed     76.60%
   7  n297_294    0.00%    passed     72.63%
   8  n286_283    0.00%    passed     42.96%
   9  n278_275    0.00%    passed     64.86%
  10  n287_284    0.00%    passed     65.44%
  11  n300_297    0.00%    passed     42.90%
  12  n293_290    0.00%    passed     46.29%
  13  n244_241    0.00%    passed     36.32%
  14  n285_282    0.00%    passed     62.18%
  15  n236_233    0.00%    passed     40.12%
  16  n274_271    0.00%    passed     39.96%
  17  n289_286    0.00%    passed     70.86%
  18  n296_293    0.00%    passed     61.88%
  19  n251_248    0.00%    passed     98.60%
  20  n266_263    0.00%    passed     94.92%
  21  n298_295    0.00%    passed     57.48%
  22  n295_292    0.00%    passed     54.44%
  23  n265_262    0.00%    passed     80.22%
  24  n277_274    0.00%    passed     81.49%
  25  n290_287    0.00%    passed     70.29%
  26  n299_296    0.00%    passed     29.64%
****  TOTAL       0.00%  0 sequences failed composition chi2 test (p-value<5%; df=3)

Create initial parsimony tree by phylogenetic likelihood library (PLL)... 0.002 seconds

NOTE: 1 MB RAM is required!
Estimate model parameters (epsilon = 0.100)
1. Initial log-likelihood: -5326.336
2. Current log-likelihood: -5226.829
3. Current log-likelihood: -5212.012
4. Current log-likelihood: -5207.549
5. Current log-likelihood: -5206.275
6. Current log-likelihood: -5205.947
Optimal log-likelihood: -5205.813
Rate parameters:  A-C: 0.915  A-G: 0.970  A-T: 0.911  C-G: 0.708  C-T: 0.894  G-T: 1.000
Base frequencies:   A: 0.240  C: 0.276  G: 0.249  T: 0.235
Gamma shape alpha: 5.799
Parameters optimization took 6 rounds (0.081 sec)
--------------------------------------------------------------------
|             INITIALIZING CANDIDATE TREE SET                      |
--------------------------------------------------------------------
Computing ML distances based on estimated model parameters... 0.004 sec
WARNING: Some pairwise ML distances are too long (saturated)
Computing BIONJ tree...
0.000 seconds
Log-likelihood of BIONJ tree: -5239.157
Generating 98 parsimony trees... 0.159 seconds 13 distinct starting trees
Computing log-likelihood of 13 initial trees ... 0.036 seconds
Optimizing top 13 initial trees with NNI...
Iteration 1 / LogL: -5204.708 / Time: 0h:0m:0s
Estimate model parameters (epsilon = 0.100)
BETTER TREE FOUND at iteration 1: -5204.656
Iteration 2 / LogL: -5205.178 / Time: 0h:0m:0s
Iteration 3 / LogL: -5205.480 / Time: 0h:0m:0s
Iteration 4 / LogL: -5205.476 / Time: 0h:0m:0s
Iteration 5 / LogL: -5205.534 / Time: 0h:0m:0s
Iteration 6 / LogL: -5205.535 / Time: 0h:0m:0s
Iteration 7 / LogL: -5205.510 / Time: 0h:0m:0s
Iteration 8 / LogL: -5205.510 / Time: 0h:0m:0s
Iteration 9 / LogL: -5205.530 / Time: 0h:0m:0s
Iteration 10 / LogL: -5205.530 / Time: 0h:0m:0s
Iteration 11 / LogL: -5205.506 / Time: 0h:0m:0s
Iteration 12 / LogL: -5205.506 / Time: 0h:0m:0s
Iteration 13 / LogL: -5204.184 / Time: 0h:0m:0s
Estimate model parameters (epsilon = 0.100)
BETTER TREE FOUND at iteration 13: -5203.976
Average CPU time for 1 NNI search: 0.016
Finish initializing candidate tree set. Number of distinct locally optimal trees: 2
Current best tree score: -5203.976 / CPU time: 0.400
--------------------------------------------------------------------
|               OPTIMIZING CANDIDATE TREE SET                      |
--------------------------------------------------------------------
Iteration 20 / LogL: -5204.607 / Time: 0h:0m:0s (0h:0m:3s left)
Iteration 30 / LogL: -5204.115 / Time: 0h:0m:1s (0h:0m:2s left)
Iteration 40 / LogL: -5205.117 / Time: 0h:0m:1s (0h:0m:2s left)
Iteration 50 / LogL: -5204.151 / Time: 0h:0m:1s (0h:0m:1s left)
Iteration 60 / LogL: -5206.551 / Time: 0h:0m:2s (0h:0m:1s left)
Iteration 70 / LogL: -5205.222 / Time: 0h:0m:2s (0h:0m:1s left)
Iteration 80 / LogL: -5204.706 / Time: 0h:0m:2s (0h:0m:0s left)
Iteration 90 / LogL: -5209.203 / Time: 0h:0m:3s (0h:0m:0s left)
Iteration 100 / LogL: -5205.077 / Time: 0h:0m:3s (0h:0m:0s left)
TREE SEARCH COMPLETED AFTER 101 ITERATIONS / Time: 0h:0m:3s

--------------------------------------------------------------------
|                    FINALIZING TREE SEARCH                        |
--------------------------------------------------------------------
Performs final model parameters optimization
Estimate model parameters (epsilon = 0.010)
1. Initial log-likelihood: -5203.976
Optimal log-likelihood: -5203.971
Rate parameters:  A-C: 0.933  A-G: 0.995  A-T: 0.942  C-G: 0.726  C-T: 0.913  G-T: 1.000
Base frequencies:   A: 0.240  C: 0.276  G: 0.249  T: 0.235
Gamma shape alpha: 5.907
Parameters optimization took 1 rounds (0.008 sec)
BEST SCORE FOUND : -5203.971

Testing tree branches by SH-like aLRT with 1000 replicates...
CPU Time used:  0.120 sec.
Total tree length: 8.577

Total number of iterations: 101
CPU time used for tree search: 3.664 sec (0h:0m:3s)
Wall-clock time used for tree search: 3.670 sec (0h:0m:3s)
Total CPU time used: 3.912 sec (0h:0m:3s)
Total wall-clock time used: 3.917 sec (0h:0m:3s)

Analysis results written to: 
  IQ-TREE report:                ../simulations/data_D10T0L20I10T10//S/235_pruned.fasta.iqtree
  Maximum-likelihood tree:       ../simulations/data_D10T0L20I10T10//S/235_pruned.fasta.treefile
  Likelihood distances:          ../simulations/data_D10T0L20I10T10//S/235_pruned.fasta.mldist
  Screen log file:               ../simulations/data_D10T0L20I10T10//S/235_pruned.fasta.log

Date and Time: Mon Jun  4 00:10:26 2018
