IQ-TREE version 1.4.2 for Linux 64-bit built Apr 15 2016
Copyright (c) 2011-2015 Nguyen Lam Tung, Olga Chernomor, Arndt von Haeseler and Bui Quang Minh.

Host:    meduse (AVX2, FMA3, 7 GB RAM)
Command: iqtree -s ../simulations/data_D10T0L20I10T10//S/241_pruned.fasta -m GTR+G -alrt 1000 -redo
Seed:    475851 (Using SPRNG - Scalable Parallel Random Number Generator)
Time:    Sun Jun  3 23:37:07 2018
Kernel:  AVX

NOTE: Consider using the multicore version because your CPU has 4 cores!

Reading alignment file ../simulations/data_D10T0L20I10T10//S/241_pruned.fasta ... Fasta format detected
Alignment most likely contains DNA/RNA sequences
Alignment has 26 sequences with 300 columns and 299 patterns (295 informative sites)
          Gap/Ambiguity  Composition  p-value
   1  n277_278    0.00%    passed     37.62%
   2  n286_287    0.00%    passed     48.29%
   3  n296_297    0.00%    passed     77.11%
   4  n285_286    0.00%    passed     32.01%
   5  n289_290    0.00%    passed     54.86%
   6  n274_275    0.00%    failed      1.65%
   7  n255_256    0.00%    passed     80.57%
   8  n275_276    0.00%    passed     41.45%
   9  n278_279    0.00%    passed     35.36%
  10  n299_300    0.00%    failed      2.38%
  11  n236_237    0.00%    passed     84.31%
  12  n293_294    0.00%    passed     27.87%
  13  n290_291    0.00%    passed     23.59%
  14  n297_298    0.00%    passed     60.54%
  15  n200_201    0.00%    failed      2.84%
  16  n292_293    0.00%    failed      2.56%
  17  n280_281    0.00%    failed      2.71%
  18  n295_296    0.00%    passed     54.06%
  19  n287_288    0.00%    passed     18.01%
  20  n244_245    0.00%    passed     79.00%
  21  n265_266    0.00%    passed     41.31%
  22  n266_267    0.00%    passed     47.69%
  23  n294_295    0.00%    passed     29.20%
  24  n251_252    0.00%    passed     41.21%
  25  n298_299    0.00%    passed     49.78%
  26  n300_301    0.00%    failed      1.43%
****  TOTAL       0.00%  6 sequences failed composition chi2 test (p-value<5%; df=3)

Create initial parsimony tree by phylogenetic likelihood library (PLL)... 0.001 seconds

NOTE: 1 MB RAM is required!
Estimate model parameters (epsilon = 0.100)
1. Initial log-likelihood: -5206.626
2. Current log-likelihood: -5102.250
3. Current log-likelihood: -5087.057
4. Current log-likelihood: -5084.273
5. Current log-likelihood: -5083.598
6. Current log-likelihood: -5083.393
Optimal log-likelihood: -5083.323
Rate parameters:  A-C: 1.511  A-G: 1.331  A-T: 1.088  C-G: 1.212  C-T: 1.494  G-T: 1.000
Base frequencies:   A: 0.231  C: 0.292  G: 0.249  T: 0.228
Gamma shape alpha: 2.604
Parameters optimization took 6 rounds (0.067 sec)
--------------------------------------------------------------------
|             INITIALIZING CANDIDATE TREE SET                      |
--------------------------------------------------------------------
Computing ML distances based on estimated model parameters... 0.004 sec
WARNING: Some pairwise ML distances are too long (saturated)
Computing BIONJ tree...
0.000 seconds
Log-likelihood of BIONJ tree: -5097.512
Generating 98 parsimony trees... 0.163 seconds 2 distinct starting trees
Computing log-likelihood of 2 initial trees ... 0.000 seconds
Optimizing top 2 initial trees with NNI...
Iteration 1 / LogL: -5083.291 / Time: 0h:0m:0s
Estimate model parameters (epsilon = 0.100)
BETTER TREE FOUND at iteration 1: -5083.258
Iteration 2 / LogL: -5082.502 / Time: 0h:0m:0s
Estimate model parameters (epsilon = 0.100)
BETTER TREE FOUND at iteration 2: -5082.458
Average CPU time for 1 NNI search: 0.018
Finish initializing candidate tree set. Number of distinct locally optimal trees: 2
Current best tree score: -5082.458 / CPU time: 0.200
--------------------------------------------------------------------
|               OPTIMIZING CANDIDATE TREE SET                      |
--------------------------------------------------------------------
Estimate model parameters (epsilon = 0.010)
BETTER TREE FOUND at iteration 6: -5080.916
Iteration 10 / LogL: -5100.506 / Time: 0h:0m:0s
Iteration 20 / LogL: -5081.986 / Time: 0h:0m:1s (0h:0m:4s left)
Iteration 30 / LogL: -5082.661 / Time: 0h:0m:1s (0h:0m:3s left)
Iteration 40 / LogL: -5081.726 / Time: 0h:0m:1s (0h:0m:3s left)
Iteration 50 / LogL: -5087.596 / Time: 0h:0m:2s (0h:0m:2s left)
Iteration 60 / LogL: -5081.639 / Time: 0h:0m:2s (0h:0m:1s left)
Iteration 70 / LogL: -5089.472 / Time: 0h:0m:2s (0h:0m:1s left)
Iteration 80 / LogL: -5081.918 / Time: 0h:0m:3s (0h:0m:1s left)
Iteration 90 / LogL: -5082.995 / Time: 0h:0m:3s (0h:0m:0s left)
Iteration 100 / LogL: -5081.383 / Time: 0h:0m:3s (0h:0m:0s left)
TREE SEARCH COMPLETED AFTER 106 ITERATIONS / Time: 0h:0m:4s

--------------------------------------------------------------------
|                    FINALIZING TREE SEARCH                        |
--------------------------------------------------------------------
Performs final model parameters optimization
Estimate model parameters (epsilon = 0.010)
1. Initial log-likelihood: -5080.916
Optimal log-likelihood: -5080.915
Rate parameters:  A-C: 1.591  A-G: 1.386  A-T: 1.174  C-G: 1.267  C-T: 1.524  G-T: 1.000
Base frequencies:   A: 0.231  C: 0.292  G: 0.249  T: 0.228
Gamma shape alpha: 2.729
Parameters optimization took 1 rounds (0.007 sec)
BEST SCORE FOUND : -5080.915

Testing tree branches by SH-like aLRT with 1000 replicates...
CPU Time used:  0.124 sec.
Total tree length: 12.696

Total number of iterations: 106
CPU time used for tree search: 4.016 sec (0h:0m:4s)
Wall-clock time used for tree search: 4.015 sec (0h:0m:4s)
Total CPU time used: 4.288 sec (0h:0m:4s)
Total wall-clock time used: 4.289 sec (0h:0m:4s)

Analysis results written to: 
  IQ-TREE report:                ../simulations/data_D10T0L20I10T10//S/241_pruned.fasta.iqtree
  Maximum-likelihood tree:       ../simulations/data_D10T0L20I10T10//S/241_pruned.fasta.treefile
  Likelihood distances:          ../simulations/data_D10T0L20I10T10//S/241_pruned.fasta.mldist
  Screen log file:               ../simulations/data_D10T0L20I10T10//S/241_pruned.fasta.log

Date and Time: Sun Jun  3 23:37:11 2018
