IQ-TREE version 1.4.2 for Linux 64-bit built Apr 15 2016
Copyright (c) 2011-2015 Nguyen Lam Tung, Olga Chernomor, Arndt von Haeseler and Bui Quang Minh.

Host:    meduse (AVX2, FMA3, 7 GB RAM)
Command: iqtree -s ../simulations/data_D10T0L20I10T10//S/242_pruned.fasta -m GTR+G -alrt 1000 -redo
Seed:    702782 (Using SPRNG - Scalable Parallel Random Number Generator)
Time:    Mon Jun  4 00:13:02 2018
Kernel:  AVX

NOTE: Consider using the multicore version because your CPU has 4 cores!

Reading alignment file ../simulations/data_D10T0L20I10T10//S/242_pruned.fasta ... Fasta format detected
Alignment most likely contains DNA/RNA sequences
Alignment has 26 sequences with 300 columns and 300 patterns (296 informative sites)
          Gap/Ambiguity  Composition  p-value
   1  n277_278    0.00%    passed     57.32%
   2  n286_287    0.00%    passed     12.63%
   3  n296_297    0.00%    passed     64.14%
   4  n285_286    0.00%    passed     17.35%
   5  n289_290    0.00%    passed     36.80%
   6  n274_275    0.00%    passed     59.53%
   7  n255_256    0.00%    passed     52.16%
   8  n275_276    0.00%    passed     70.33%
   9  n278_279    0.00%    passed     80.15%
  10  n299_300    0.00%    passed     54.39%
  11  n236_237    0.00%    passed     28.59%
  12  n293_294    0.00%    passed     28.08%
  13  n290_291    0.00%    passed     71.83%
  14  n297_298    0.00%    passed     97.85%
  15  n200_201    0.00%    passed      7.54%
  16  n292_293    0.00%    passed     78.77%
  17  n280_281    0.00%    passed     53.14%
  18  n295_296    0.00%    passed     97.26%
  19  n287_288    0.00%    passed     40.58%
  20  n244_245    0.00%    passed     11.42%
  21  n265_266    0.00%    passed     17.92%
  22  n266_267    0.00%    passed     36.28%
  23  n294_295    0.00%    passed     31.71%
  24  n251_252    0.00%    passed     86.33%
  25  n298_299    0.00%    passed     82.73%
  26  n300_301    0.00%    passed     58.07%
****  TOTAL       0.00%  0 sequences failed composition chi2 test (p-value<5%; df=3)

Create initial parsimony tree by phylogenetic likelihood library (PLL)... 0.002 seconds

NOTE: 1 MB RAM is required!
Estimate model parameters (epsilon = 0.100)
1. Initial log-likelihood: -5245.156
2. Current log-likelihood: -5149.966
3. Current log-likelihood: -5141.925
4. Current log-likelihood: -5140.054
5. Current log-likelihood: -5139.585
6. Current log-likelihood: -5139.470
Optimal log-likelihood: -5139.414
Rate parameters:  A-C: 0.850  A-G: 1.452  A-T: 1.086  C-G: 0.840  C-T: 1.397  G-T: 1.000
Base frequencies:   A: 0.244  C: 0.304  G: 0.219  T: 0.233
Gamma shape alpha: 2.574
Parameters optimization took 6 rounds (0.078 sec)
--------------------------------------------------------------------
|             INITIALIZING CANDIDATE TREE SET                      |
--------------------------------------------------------------------
Computing ML distances based on estimated model parameters... 0.004 sec
WARNING: Some pairwise ML distances are too long (saturated)
Computing BIONJ tree...
0.000 seconds
Log-likelihood of BIONJ tree: -5151.305
Generating 98 parsimony trees... 0.138 seconds 2 distinct starting trees
Computing log-likelihood of 2 initial trees ... 0.000 seconds
Optimizing top 2 initial trees with NNI...
Iteration 1 / LogL: -5139.414 / Time: 0h:0m:0s
Estimate model parameters (epsilon = 0.100)
BETTER SCORE FOUND at iteration 1: -5139.393
Iteration 2 / LogL: -5139.682 / Time: 0h:0m:0s
Average CPU time for 1 NNI search: 0.012
Finish initializing candidate tree set. Number of distinct locally optimal trees: 1
Current best tree score: -5139.393 / CPU time: 0.164
--------------------------------------------------------------------
|               OPTIMIZING CANDIDATE TREE SET                      |
--------------------------------------------------------------------
Iteration 10 / LogL: -5149.346 / Time: 0h:0m:0s
Estimate model parameters (epsilon = 0.010)
BETTER TREE FOUND at iteration 11: -5138.115
Estimate model parameters (epsilon = 0.010)
BETTER TREE FOUND at iteration 14: -5137.583
Iteration 20 / LogL: -5138.244 / Time: 0h:0m:0s (0h:0m:4s left)
Iteration 30 / LogL: -5137.708 / Time: 0h:0m:1s (0h:0m:3s left)
Iteration 40 / LogL: -5137.938 / Time: 0h:0m:1s (0h:0m:3s left)
Iteration 50 / LogL: -5145.762 / Time: 0h:0m:1s (0h:0m:2s left)
Iteration 60 / LogL: -5140.182 / Time: 0h:0m:2s (0h:0m:2s left)
Iteration 70 / LogL: -5138.240 / Time: 0h:0m:2s (0h:0m:1s left)
Iteration 80 / LogL: -5138.184 / Time: 0h:0m:3s (0h:0m:1s left)
Iteration 90 / LogL: -5138.226 / Time: 0h:0m:3s (0h:0m:0s left)
Iteration 100 / LogL: -5145.312 / Time: 0h:0m:3s (0h:0m:0s left)
Iteration 110 / LogL: -5137.710 / Time: 0h:0m:4s (0h:0m:0s left)
TREE SEARCH COMPLETED AFTER 114 ITERATIONS / Time: 0h:0m:4s

--------------------------------------------------------------------
|                    FINALIZING TREE SEARCH                        |
--------------------------------------------------------------------
Performs final model parameters optimization
Estimate model parameters (epsilon = 0.010)
1. Initial log-likelihood: -5137.583
Optimal log-likelihood: -5137.579
Rate parameters:  A-C: 0.873  A-G: 1.514  A-T: 1.124  C-G: 0.866  C-T: 1.385  G-T: 1.000
Base frequencies:   A: 0.244  C: 0.304  G: 0.219  T: 0.233
Gamma shape alpha: 2.532
Parameters optimization took 1 rounds (0.007 sec)
BEST SCORE FOUND : -5137.579

Testing tree branches by SH-like aLRT with 1000 replicates...
CPU Time used:  0.124 sec.
Total tree length: 10.078

Total number of iterations: 114
CPU time used for tree search: 4.108 sec (0h:0m:4s)
Wall-clock time used for tree search: 4.106 sec (0h:0m:4s)
Total CPU time used: 4.372 sec (0h:0m:4s)
Total wall-clock time used: 4.373 sec (0h:0m:4s)

Analysis results written to: 
  IQ-TREE report:                ../simulations/data_D10T0L20I10T10//S/242_pruned.fasta.iqtree
  Maximum-likelihood tree:       ../simulations/data_D10T0L20I10T10//S/242_pruned.fasta.treefile
  Likelihood distances:          ../simulations/data_D10T0L20I10T10//S/242_pruned.fasta.mldist
  Screen log file:               ../simulations/data_D10T0L20I10T10//S/242_pruned.fasta.log

Date and Time: Mon Jun  4 00:13:07 2018
