IQ-TREE version 1.4.2 for Linux 64-bit built Apr 15 2016
Copyright (c) 2011-2015 Nguyen Lam Tung, Olga Chernomor, Arndt von Haeseler and Bui Quang Minh.

Host:    meduse (AVX2, FMA3, 7 GB RAM)
Command: iqtree -s ../simulations/data_D8T0L15I8T8//S/258_pruned.fasta -m GTR+G -alrt 1000 -redo
Seed:    128054 (Using SPRNG - Scalable Parallel Random Number Generator)
Time:    Fri May 25 23:02:58 2018
Kernel:  AVX

NOTE: Consider using the multicore version because your CPU has 4 cores!

Reading alignment file ../simulations/data_D8T0L15I8T8//S/258_pruned.fasta ... Fasta format detected
Alignment most likely contains DNA/RNA sequences
Alignment has 26 sequences with 300 columns and 175 patterns (152 informative sites)
          Gap/Ambiguity  Composition  p-value
   1  n298_299    0.00%    passed     97.15%
   2  n280_281    0.00%    passed     93.45%
   3  n200_201    0.00%    passed     73.96%
   4  n286_287    0.00%    passed     77.02%
   5  n287_288    0.00%    passed     99.91%
   6  n266_267    0.00%    passed     91.31%
   7  n292_293    0.00%    passed     93.55%
   8  n293_294    0.00%    passed     97.15%
   9  n275_276    0.00%    passed     97.63%
  10  n289_290    0.00%    passed     97.63%
  11  n297_298    0.00%    passed     98.52%
  12  n278_279    0.00%    passed     89.47%
  13  n295_296    0.00%    passed     97.91%
  14  n251_252    0.00%    passed     88.62%
  15  n274_275    0.00%    passed     93.48%
  16  n290_291    0.00%    passed     99.19%
  17  n236_237    0.00%    passed     82.88%
  18  n255_256    0.00%    passed     96.19%
  19  n285_286    0.00%    passed     80.05%
  20  n294_295    0.00%    passed     98.73%
  21  n300_301    0.00%    passed     89.16%
  22  n265_266    0.00%    passed     98.20%
  23  n296_297    0.00%    passed     97.63%
  24  n299_300    0.00%    passed     89.16%
  25  n244_245    0.00%    passed     98.73%
  26  n277_278    0.00%    passed     98.46%
****  TOTAL       0.00%  0 sequences failed composition chi2 test (p-value<5%; df=3)
NOTE: 1 identical sequences (see below) will be ignored for subsequent analysis
NOTE: n299_300 (identical to n300_301) is ignored but added at the end

Create initial parsimony tree by phylogenetic likelihood library (PLL)... 0.001 seconds

NOTE: 0 MB RAM is required!
Estimate model parameters (epsilon = 0.100)
1. Initial log-likelihood: -2035.201
2. Current log-likelihood: -2004.216
3. Current log-likelihood: -2003.942
Optimal log-likelihood: -2003.940
Rate parameters:  A-C: 1.265  A-G: 1.302  A-T: 0.908  C-G: 1.129  C-T: 1.263  G-T: 1.000
Base frequencies:   A: 0.225  C: 0.263  G: 0.246  T: 0.267
Gamma shape alpha: 7.018
Parameters optimization took 3 rounds (0.030 sec)
--------------------------------------------------------------------
|             INITIALIZING CANDIDATE TREE SET                      |
--------------------------------------------------------------------
Computing ML distances based on estimated model parameters... 0.004 sec
Computing BIONJ tree...
0.000 seconds
Log-likelihood of BIONJ tree: -2003.193
Generating 98 parsimony trees... 0.146 seconds 49 distinct starting trees
Computing log-likelihood of 49 initial trees ... 0.146 seconds
Optimizing top 20 initial trees with NNI...
Iteration 1 / LogL: -2003.193 / Time: 0h:0m:0s
Estimate model parameters (epsilon = 0.100)
BETTER SCORE FOUND at iteration 1: -2003.171
Iteration 2 / LogL: -2003.175 / Time: 0h:0m:0s
Iteration 3 / LogL: -2003.175 / Time: 0h:0m:0s
Iteration 4 / LogL: -2003.175 / Time: 0h:0m:0s
Iteration 5 / LogL: -2003.175 / Time: 0h:0m:0s
Iteration 6 / LogL: -2003.175 / Time: 0h:0m:0s
Iteration 7 / LogL: -2003.175 / Time: 0h:0m:0s
Iteration 8 / LogL: -2003.175 / Time: 0h:0m:0s
Iteration 9 / LogL: -2003.175 / Time: 0h:0m:0s
Iteration 10 / LogL: -2003.175 / Time: 0h:0m:0s
Iteration 11 / LogL: -2003.175 / Time: 0h:0m:0s
Iteration 12 / LogL: -2003.175 / Time: 0h:0m:0s
Iteration 13 / LogL: -2003.175 / Time: 0h:0m:0s
Iteration 14 / LogL: -2003.175 / Time: 0h:0m:0s
Iteration 15 / LogL: -2003.175 / Time: 0h:0m:0s
Iteration 16 / LogL: -2003.175 / Time: 0h:0m:0s
Iteration 17 / LogL: -2003.175 / Time: 0h:0m:0s
Iteration 18 / LogL: -2003.175 / Time: 0h:0m:0s
Iteration 19 / LogL: -2003.175 / Time: 0h:0m:0s
Iteration 20 / LogL: -2003.175 / Time: 0h:0m:0s
Average CPU time for 1 NNI search: 0.007
Finish initializing candidate tree set. Number of distinct locally optimal trees: 20
Current best tree score: -2003.171 / CPU time: 0.428
--------------------------------------------------------------------
|               OPTIMIZING CANDIDATE TREE SET                      |
--------------------------------------------------------------------
Iteration 30 / LogL: -2003.175 / Time: 0h:0m:0s (0h:0m:1s left)
Iteration 40 / LogL: -2003.171 / Time: 0h:0m:0s (0h:0m:1s left)
Iteration 50 / LogL: -2003.177 / Time: 0h:0m:1s (0h:0m:1s left)
Iteration 60 / LogL: -2003.180 / Time: 0h:0m:1s (0h:0m:0s left)
Iteration 70 / LogL: -2003.171 / Time: 0h:0m:1s (0h:0m:0s left)
Iteration 80 / LogL: -2003.171 / Time: 0h:0m:1s (0h:0m:0s left)
Iteration 90 / LogL: -2003.198 / Time: 0h:0m:2s (0h:0m:0s left)
Iteration 100 / LogL: -2301.084 / Time: 0h:0m:2s (0h:0m:0s left)
TREE SEARCH COMPLETED AFTER 101 ITERATIONS / Time: 0h:0m:2s

--------------------------------------------------------------------
|                    FINALIZING TREE SEARCH                        |
--------------------------------------------------------------------
Performs final model parameters optimization
Estimate model parameters (epsilon = 0.010)
1. Initial log-likelihood: -2003.171
Optimal log-likelihood: -2003.171
Rate parameters:  A-C: 1.270  A-G: 1.310  A-T: 0.915  C-G: 1.134  C-T: 1.243  G-T: 1.000
Base frequencies:   A: 0.225  C: 0.263  G: 0.246  T: 0.267
Gamma shape alpha: 8.149
Parameters optimization took 1 rounds (0.008 sec)
BEST SCORE FOUND : -2003.171

Testing tree branches by SH-like aLRT with 1000 replicates...
CPU Time used:  0.160 sec.
Total tree length: 1.145

Total number of iterations: 101
CPU time used for tree search: 2.280 sec (0h:0m:2s)
Wall-clock time used for tree search: 2.281 sec (0h:0m:2s)
Total CPU time used: 2.496 sec (0h:0m:2s)
Total wall-clock time used: 2.502 sec (0h:0m:2s)

Analysis results written to: 
  IQ-TREE report:                ../simulations/data_D8T0L15I8T8//S/258_pruned.fasta.iqtree
  Maximum-likelihood tree:       ../simulations/data_D8T0L15I8T8//S/258_pruned.fasta.treefile
  Likelihood distances:          ../simulations/data_D8T0L15I8T8//S/258_pruned.fasta.mldist
  Screen log file:               ../simulations/data_D8T0L15I8T8//S/258_pruned.fasta.log

Date and Time: Fri May 25 23:03:00 2018
