IQ-TREE version 1.4.2 for Linux 64-bit built Apr 15 2016
Copyright (c) 2011-2015 Nguyen Lam Tung, Olga Chernomor, Arndt von Haeseler and Bui Quang Minh.

Host:    meduse (AVX2, FMA3, 7 GB RAM)
Command: iqtree -s ../simulations/data_D10T0L20I10T10//S/265_pruned.fasta -m GTR+G -alrt 1000 -redo
Seed:    621191 (Using SPRNG - Scalable Parallel Random Number Generator)
Time:    Fri Jun  1 10:52:03 2018
Kernel:  AVX

NOTE: Consider using the multicore version because your CPU has 4 cores!

Reading alignment file ../simulations/data_D10T0L20I10T10//S/265_pruned.fasta ... Fasta format detected
Alignment most likely contains DNA/RNA sequences
Alignment has 26 sequences with 300 columns and 178 patterns (165 informative sites)
          Gap/Ambiguity  Composition  p-value
   1  n289_290    0.00%    passed     95.91%
   2  n294_295    0.00%    passed     97.32%
   3  n295_296    0.00%    passed     90.41%
   4  n266_267    0.00%    passed     79.20%
   5  n299_300    0.00%    passed     83.90%
   6  n298_299    0.00%    passed     98.01%
   7  n290_291    0.00%    passed     96.82%
   8  n274_275    0.00%    passed     78.99%
   9  n251_252    0.00%    passed     97.55%
  10  n293_294    0.00%    passed     98.01%
  11  n265_266    0.00%    passed     88.65%
  12  n296_297    0.00%    passed     96.54%
  13  n300_301    0.00%    passed     83.90%
  14  n244_245    0.00%    passed     67.60%
  15  n278_279    0.00%    passed     69.21%
  16  n287_288    0.00%    passed     96.82%
  17  n200_201    0.00%    passed     69.69%
  18  n277_278    0.00%    passed     52.77%
  19  n297_298    0.00%    passed     98.01%
  20  n236_237    0.00%    passed     87.49%
  21  n280_281    0.00%    passed     67.86%
  22  n285_286    0.00%    passed     60.68%
  23  n275_276    0.00%    passed     98.57%
  24  n255_256    0.00%    passed     93.90%
  25  n292_293    0.00%    passed     83.90%
  26  n286_287    0.00%    passed     62.62%
****  TOTAL       0.00%  0 sequences failed composition chi2 test (p-value<5%; df=3)
NOTE: 5 identical sequences (see below) will be ignored for subsequent analysis
NOTE: n300_301 (identical to n299_300) is ignored but added at the end
NOTE: n292_293 (identical to n299_300) is ignored but added at the end
NOTE: n293_294 (identical to n298_299) is ignored but added at the end
NOTE: n297_298 (identical to n298_299) is ignored but added at the end
NOTE: n287_288 (identical to n290_291) is ignored but added at the end

Create initial parsimony tree by phylogenetic likelihood library (PLL)... 0.001 seconds

NOTE: 0 MB RAM is required!
Estimate model parameters (epsilon = 0.100)
1. Initial log-likelihood: -1999.831
2. Current log-likelihood: -1957.791
3. Current log-likelihood: -1957.383
Optimal log-likelihood: -1957.350
Rate parameters:  A-C: 1.010  A-G: 0.825  A-T: 1.005  C-G: 0.835  C-T: 1.047  G-T: 1.000
Base frequencies:   A: 0.244  C: 0.277  G: 0.272  T: 0.206
Gamma shape alpha: 10.631
Parameters optimization took 3 rounds (0.018 sec)
--------------------------------------------------------------------
|             INITIALIZING CANDIDATE TREE SET                      |
--------------------------------------------------------------------
Computing ML distances based on estimated model parameters... 0.000 sec
Computing BIONJ tree...
0.000 seconds
Log-likelihood of BIONJ tree: -1957.350
Generating 98 parsimony trees... 0.061 seconds 9 distinct starting trees
Computing log-likelihood of 9 initial trees ... 0.010 seconds
Optimizing top 9 initial trees with NNI...
Iteration 1 / LogL: -1957.350 / Time: 0h:0m:0s
Estimate model parameters (epsilon = 0.100)
BETTER SCORE FOUND at iteration 1: -1957.332
Iteration 2 / LogL: -1957.333 / Time: 0h:0m:0s
Iteration 3 / LogL: -1957.334 / Time: 0h:0m:0s
Iteration 4 / LogL: -1957.334 / Time: 0h:0m:0s
Iteration 5 / LogL: -1957.334 / Time: 0h:0m:0s
Iteration 6 / LogL: -1957.334 / Time: 0h:0m:0s
Iteration 7 / LogL: -1957.334 / Time: 0h:0m:0s
Iteration 8 / LogL: -1957.334 / Time: 0h:0m:0s
Iteration 9 / LogL: -1957.334 / Time: 0h:0m:0s
Average CPU time for 1 NNI search: 0.004
Finish initializing candidate tree set. Number of distinct locally optimal trees: 9
Current best tree score: -1957.332 / CPU time: 0.104
--------------------------------------------------------------------
|               OPTIMIZING CANDIDATE TREE SET                      |
--------------------------------------------------------------------
Iteration 10 / LogL: -1960.608 / Time: 0h:0m:0s
Iteration 20 / LogL: -1957.334 / Time: 0h:0m:0s (0h:0m:1s left)
Iteration 30 / LogL: -1957.347 / Time: 0h:0m:0s (0h:0m:0s left)
Iteration 40 / LogL: -1957.430 / Time: 0h:0m:0s (0h:0m:0s left)
Iteration 50 / LogL: -1957.354 / Time: 0h:0m:0s (0h:0m:0s left)
Iteration 60 / LogL: -1957.334 / Time: 0h:0m:0s (0h:0m:0s left)
Iteration 70 / LogL: -1957.630 / Time: 0h:0m:0s (0h:0m:0s left)
Iteration 80 / LogL: -1957.341 / Time: 0h:0m:0s (0h:0m:0s left)
Iteration 90 / LogL: -1957.332 / Time: 0h:0m:0s (0h:0m:0s left)
Iteration 100 / LogL: -1957.356 / Time: 0h:0m:1s (0h:0m:0s left)
TREE SEARCH COMPLETED AFTER 101 ITERATIONS / Time: 0h:0m:1s

--------------------------------------------------------------------
|                    FINALIZING TREE SEARCH                        |
--------------------------------------------------------------------
Performs final model parameters optimization
Estimate model parameters (epsilon = 0.010)
1. Initial log-likelihood: -1957.332
2. Current log-likelihood: -1957.321
Optimal log-likelihood: -1957.315
Rate parameters:  A-C: 1.030  A-G: 0.840  A-T: 1.031  C-G: 0.872  C-T: 1.074  G-T: 1.000
Base frequencies:   A: 0.244  C: 0.277  G: 0.272  T: 0.206
Gamma shape alpha: 10.772
Parameters optimization took 2 rounds (0.007 sec)
BEST SCORE FOUND : -1957.315

Testing tree branches by SH-like aLRT with 1000 replicates...
CPU Time used:  0.088 sec.
Total tree length: 1.167

Total number of iterations: 101
CPU time used for tree search: 1.072 sec (0h:0m:1s)
Wall-clock time used for tree search: 1.076 sec (0h:0m:1s)
Total CPU time used: 1.192 sec (0h:0m:1s)
Total wall-clock time used: 1.199 sec (0h:0m:1s)

Analysis results written to: 
  IQ-TREE report:                ../simulations/data_D10T0L20I10T10//S/265_pruned.fasta.iqtree
  Maximum-likelihood tree:       ../simulations/data_D10T0L20I10T10//S/265_pruned.fasta.treefile
  Likelihood distances:          ../simulations/data_D10T0L20I10T10//S/265_pruned.fasta.mldist
  Screen log file:               ../simulations/data_D10T0L20I10T10//S/265_pruned.fasta.log

Date and Time: Fri Jun  1 10:52:04 2018
