IQ-TREE version 1.4.2 for Linux 64-bit built Apr 15 2016
Copyright (c) 2011-2015 Nguyen Lam Tung, Olga Chernomor, Arndt von Haeseler and Bui Quang Minh.

Host:    meduse (AVX2, FMA3, 7 GB RAM)
Command: iqtree -s ../simulations/data_D8T0L15I8T8//S/266_pruned.fasta -m GTR+G -alrt 1000 -redo
Seed:    775468 (Using SPRNG - Scalable Parallel Random Number Generator)
Time:    Fri May 25 22:56:12 2018
Kernel:  AVX

NOTE: Consider using the multicore version because your CPU has 4 cores!

Reading alignment file ../simulations/data_D8T0L15I8T8//S/266_pruned.fasta ... Fasta format detected
Alignment most likely contains DNA/RNA sequences
Alignment has 26 sequences with 300 columns and 173 patterns (150 informative sites)
          Gap/Ambiguity  Composition  p-value
   1  n298_299    0.00%    passed     77.96%
   2  n280_281    0.00%    passed     60.72%
   3  n200_201    0.00%    passed     94.31%
   4  n286_287    0.00%    passed     53.32%
   5  n287_288    0.00%    passed     91.44%
   6  n266_267    0.00%    passed     82.23%
   7  n292_293    0.00%    passed     76.04%
   8  n293_294    0.00%    passed     87.70%
   9  n275_276    0.00%    passed     80.60%
  10  n289_290    0.00%    passed     95.60%
  11  n297_298    0.00%    passed     75.08%
  12  n278_279    0.00%    passed     79.31%
  13  n295_296    0.00%    passed     88.13%
  14  n251_252    0.00%    passed     59.46%
  15  n274_275    0.00%    passed     64.78%
  16  n290_291    0.00%    passed     92.32%
  17  n236_237    0.00%    passed     98.14%
  18  n255_256    0.00%    passed     70.87%
  19  n285_286    0.00%    passed     62.55%
  20  n294_295    0.00%    passed     87.70%
  21  n300_301    0.00%    passed     66.74%
  22  n265_266    0.00%    passed     92.23%
  23  n296_297    0.00%    passed     79.34%
  24  n299_300    0.00%    passed     66.74%
  25  n244_245    0.00%    passed     63.00%
  26  n277_278    0.00%    passed     86.21%
****  TOTAL       0.00%  0 sequences failed composition chi2 test (p-value<5%; df=3)
NOTE: 2 identical sequences (see below) will be ignored for subsequent analysis
NOTE: n294_295 (identical to n293_294) is ignored but added at the end
NOTE: n299_300 (identical to n300_301) is ignored but added at the end

Create initial parsimony tree by phylogenetic likelihood library (PLL)... 0.001 seconds

NOTE: 0 MB RAM is required!
Estimate model parameters (epsilon = 0.100)
1. Initial log-likelihood: -2048.147
2. Current log-likelihood: -2013.351
3. Current log-likelihood: -2012.974
Optimal log-likelihood: -2012.965
Rate parameters:  A-C: 1.187  A-G: 1.538  A-T: 1.269  C-G: 1.189  C-T: 1.667  G-T: 1.000
Base frequencies:   A: 0.270  C: 0.259  G: 0.233  T: 0.238
Gamma shape alpha: 5.299
Parameters optimization took 3 rounds (0.042 sec)
--------------------------------------------------------------------
|             INITIALIZING CANDIDATE TREE SET                      |
--------------------------------------------------------------------
Computing ML distances based on estimated model parameters... 0.004 sec
Computing BIONJ tree...
0.001 seconds
Log-likelihood of BIONJ tree: -2014.010
Generating 98 parsimony trees... 0.181 seconds 7 distinct starting trees
Computing log-likelihood of 7 initial trees ... 0.014 seconds
Optimizing top 7 initial trees with NNI...
Iteration 1 / LogL: -2011.565 / Time: 0h:0m:0s
Estimate model parameters (epsilon = 0.100)
BETTER SCORE FOUND at iteration 1: -2011.552
Iteration 2 / LogL: -2011.554 / Time: 0h:0m:0s
Iteration 3 / LogL: -2011.554 / Time: 0h:0m:0s
Iteration 4 / LogL: -2012.954 / Time: 0h:0m:0s
Iteration 5 / LogL: -2011.552 / Time: 0h:0m:0s
Iteration 6 / LogL: -2012.955 / Time: 0h:0m:0s
Iteration 7 / LogL: -2011.556 / Time: 0h:0m:0s
Average CPU time for 1 NNI search: 0.007
Finish initializing candidate tree set. Number of distinct locally optimal trees: 5
Current best tree score: -2011.552 / CPU time: 0.240
--------------------------------------------------------------------
|               OPTIMIZING CANDIDATE TREE SET                      |
--------------------------------------------------------------------
Iteration 10 / LogL: -2011.576 / Time: 0h:0m:0s
Iteration 20 / LogL: -2011.553 / Time: 0h:0m:0s (0h:0m:2s left)
Iteration 30 / LogL: -2012.962 / Time: 0h:0m:0s (0h:0m:1s left)
Iteration 40 / LogL: -2011.557 / Time: 0h:0m:1s (0h:0m:1s left)
Iteration 50 / LogL: -2036.734 / Time: 0h:0m:1s (0h:0m:1s left)
Iteration 60 / LogL: -2011.552 / Time: 0h:0m:1s (0h:0m:0s left)
Iteration 70 / LogL: -2013.279 / Time: 0h:0m:1s (0h:0m:0s left)
Iteration 80 / LogL: -2011.553 / Time: 0h:0m:1s (0h:0m:0s left)
Iteration 90 / LogL: -2011.558 / Time: 0h:0m:1s (0h:0m:0s left)
Iteration 100 / LogL: -2036.736 / Time: 0h:0m:2s (0h:0m:0s left)
TREE SEARCH COMPLETED AFTER 101 ITERATIONS / Time: 0h:0m:2s

--------------------------------------------------------------------
|                    FINALIZING TREE SEARCH                        |
--------------------------------------------------------------------
Performs final model parameters optimization
Estimate model parameters (epsilon = 0.010)
1. Initial log-likelihood: -2011.552
Optimal log-likelihood: -2011.547
Rate parameters:  A-C: 1.172  A-G: 1.513  A-T: 1.241  C-G: 1.181  C-T: 1.648  G-T: 1.000
Base frequencies:   A: 0.270  C: 0.259  G: 0.233  T: 0.238
Gamma shape alpha: 5.235
Parameters optimization took 1 rounds (0.006 sec)
BEST SCORE FOUND : -2011.547

Testing tree branches by SH-like aLRT with 1000 replicates...
CPU Time used:  0.140 sec.
Total tree length: 1.213

Total number of iterations: 101
CPU time used for tree search: 2.096 sec (0h:0m:2s)
Wall-clock time used for tree search: 2.131 sec (0h:0m:2s)
Total CPU time used: 2.316 sec (0h:0m:2s)
Total wall-clock time used: 2.352 sec (0h:0m:2s)

Analysis results written to: 
  IQ-TREE report:                ../simulations/data_D8T0L15I8T8//S/266_pruned.fasta.iqtree
  Maximum-likelihood tree:       ../simulations/data_D8T0L15I8T8//S/266_pruned.fasta.treefile
  Likelihood distances:          ../simulations/data_D8T0L15I8T8//S/266_pruned.fasta.mldist
  Screen log file:               ../simulations/data_D8T0L15I8T8//S/266_pruned.fasta.log

Date and Time: Fri May 25 22:56:15 2018
