IQ-TREE version 1.4.2 for Linux 64-bit built Apr 15 2016
Copyright (c) 2011-2015 Nguyen Lam Tung, Olga Chernomor, Arndt von Haeseler and Bui Quang Minh.

Host:    meduse (AVX2, FMA3, 7 GB RAM)
Command: iqtree -s ../simulations/data_D10T0L20I10T10//S/273_pruned.fasta -m GTR+G -alrt 1000 -redo
Seed:    36250 (Using SPRNG - Scalable Parallel Random Number Generator)
Time:    Fri Jun  1 10:47:50 2018
Kernel:  AVX

NOTE: Consider using the multicore version because your CPU has 4 cores!

Reading alignment file ../simulations/data_D10T0L20I10T10//S/273_pruned.fasta ... Fasta format detected
Alignment most likely contains DNA/RNA sequences
Alignment has 26 sequences with 300 columns and 174 patterns (139 informative sites)
          Gap/Ambiguity  Composition  p-value
   1  n289_290    0.00%    passed     79.38%
   2  n294_295    0.00%    passed     78.67%
   3  n295_296    0.00%    passed     72.91%
   4  n266_267    0.00%    passed     52.24%
   5  n299_300    0.00%    passed     86.91%
   6  n298_299    0.00%    passed     57.13%
   7  n290_291    0.00%    passed     81.43%
   8  n274_275    0.00%    passed     98.24%
   9  n251_252    0.00%    passed     57.20%
  10  n293_294    0.00%    passed     78.67%
  11  n265_266    0.00%    passed     61.79%
  12  n296_297    0.00%    passed     78.60%
  13  n300_301    0.00%    passed     86.91%
  14  n244_245    0.00%    passed     87.84%
  15  n278_279    0.00%    passed     99.37%
  16  n287_288    0.00%    passed     79.38%
  17  n200_201    0.00%    passed     84.93%
  18  n277_278    0.00%    passed     98.34%
  19  n297_298    0.00%    passed     48.83%
  20  n236_237    0.00%    passed     94.22%
  21  n280_281    0.00%    passed     76.13%
  22  n285_286    0.00%    passed     35.29%
  23  n275_276    0.00%    passed     77.84%
  24  n255_256    0.00%    passed     70.74%
  25  n292_293    0.00%    passed     88.97%
  26  n286_287    0.00%    passed     47.01%
****  TOTAL       0.00%  0 sequences failed composition chi2 test (p-value<5%; df=3)
NOTE: 3 identical sequences (see below) will be ignored for subsequent analysis
NOTE: n287_288 (identical to n289_290) is ignored but added at the end
NOTE: n293_294 (identical to n294_295) is ignored but added at the end
NOTE: n300_301 (identical to n299_300) is ignored but added at the end

Create initial parsimony tree by phylogenetic likelihood library (PLL)... 0.001 seconds

NOTE: 0 MB RAM is required!
Estimate model parameters (epsilon = 0.100)
1. Initial log-likelihood: -2041.913
2. Current log-likelihood: -1983.545
3. Current log-likelihood: -1983.119
Optimal log-likelihood: -1983.111
Rate parameters:  A-C: 1.331  A-G: 1.711  A-T: 1.783  C-G: 1.380  C-T: 1.374  G-T: 1.000
Base frequencies:   A: 0.222  C: 0.269  G: 0.224  T: 0.286
Gamma shape alpha: 34.764
Parameters optimization took 3 rounds (0.020 sec)
--------------------------------------------------------------------
|             INITIALIZING CANDIDATE TREE SET                      |
--------------------------------------------------------------------
Computing ML distances based on estimated model parameters... 0.000 sec
Computing BIONJ tree...
0.000 seconds
Log-likelihood of BIONJ tree: -1983.111
Generating 99 parsimony trees... 0.143 seconds 3 distinct starting trees
Computing log-likelihood of 3 initial trees ... 0.005 seconds
Optimizing top 3 initial trees with NNI...
Iteration 1 / LogL: -1983.111 / Time: 0h:0m:0s
Estimate model parameters (epsilon = 0.100)
BETTER SCORE FOUND at iteration 1: -1983.111
Iteration 2 / LogL: -1983.112 / Time: 0h:0m:0s
Iteration 3 / LogL: -1983.112 / Time: 0h:0m:0s
Average CPU time for 1 NNI search: 0.008
Finish initializing candidate tree set. Number of distinct locally optimal trees: 3
Current best tree score: -1983.111 / CPU time: 0.176
--------------------------------------------------------------------
|               OPTIMIZING CANDIDATE TREE SET                      |
--------------------------------------------------------------------
Iteration 10 / LogL: -1983.126 / Time: 0h:0m:0s
Iteration 20 / LogL: -2024.724 / Time: 0h:0m:0s (0h:0m:1s left)
Iteration 30 / LogL: -1983.111 / Time: 0h:0m:0s (0h:0m:1s left)
Iteration 40 / LogL: -1983.111 / Time: 0h:0m:0s (0h:0m:1s left)
Iteration 50 / LogL: -1983.111 / Time: 0h:0m:0s (0h:0m:0s left)
Iteration 60 / LogL: -1983.111 / Time: 0h:0m:1s (0h:0m:0s left)
Iteration 70 / LogL: -1983.230 / Time: 0h:0m:1s (0h:0m:0s left)
Iteration 80 / LogL: -1983.111 / Time: 0h:0m:1s (0h:0m:0s left)
Iteration 90 / LogL: -1983.111 / Time: 0h:0m:1s (0h:0m:0s left)
Iteration 100 / LogL: -2024.724 / Time: 0h:0m:1s (0h:0m:0s left)
TREE SEARCH COMPLETED AFTER 101 ITERATIONS / Time: 0h:0m:1s

--------------------------------------------------------------------
|                    FINALIZING TREE SEARCH                        |
--------------------------------------------------------------------
Performs final model parameters optimization
Estimate model parameters (epsilon = 0.010)
1. Initial log-likelihood: -1983.110
Optimal log-likelihood: -1983.104
Rate parameters:  A-C: 1.329  A-G: 1.693  A-T: 1.770  C-G: 1.374  C-T: 1.357  G-T: 1.000
Base frequencies:   A: 0.222  C: 0.269  G: 0.224  T: 0.286
Gamma shape alpha: 34.812
Parameters optimization took 1 rounds (0.004 sec)
BEST SCORE FOUND : -1983.104

Testing tree branches by SH-like aLRT with 1000 replicates...
CPU Time used:  0.104 sec.
Total tree length: 1.112

Total number of iterations: 101
CPU time used for tree search: 1.596 sec (0h:0m:1s)
Wall-clock time used for tree search: 1.599 sec (0h:0m:1s)
Total CPU time used: 1.732 sec (0h:0m:1s)
Total wall-clock time used: 1.740 sec (0h:0m:1s)

Analysis results written to: 
  IQ-TREE report:                ../simulations/data_D10T0L20I10T10//S/273_pruned.fasta.iqtree
  Maximum-likelihood tree:       ../simulations/data_D10T0L20I10T10//S/273_pruned.fasta.treefile
  Likelihood distances:          ../simulations/data_D10T0L20I10T10//S/273_pruned.fasta.mldist
  Screen log file:               ../simulations/data_D10T0L20I10T10//S/273_pruned.fasta.log

Date and Time: Fri Jun  1 10:47:51 2018
