IQ-TREE version 1.4.2 for Linux 64-bit built Apr 15 2016
Copyright (c) 2011-2015 Nguyen Lam Tung, Olga Chernomor, Arndt von Haeseler and Bui Quang Minh.

Host:    meduse (AVX2, FMA3, 7 GB RAM)
Command: iqtree -s ../simulations/data_D8T0L15I8T8//S/281_pruned.fasta -m GTR+G -alrt 1000 -redo
Seed:    135636 (Using SPRNG - Scalable Parallel Random Number Generator)
Time:    Fri May 25 22:37:49 2018
Kernel:  AVX

NOTE: Consider using the multicore version because your CPU has 4 cores!

Reading alignment file ../simulations/data_D8T0L15I8T8//S/281_pruned.fasta ... Fasta format detected
Alignment most likely contains DNA/RNA sequences
Alignment has 26 sequences with 300 columns and 169 patterns (154 informative sites)
          Gap/Ambiguity  Composition  p-value
   1  n298_299    0.00%    passed     84.35%
   2  n280_281    0.00%    passed     97.02%
   3  n200_201    0.00%    passed     92.84%
   4  n286_287    0.00%    passed     32.14%
   5  n287_288    0.00%    passed     76.00%
   6  n266_267    0.00%    passed     86.62%
   7  n292_293    0.00%    passed     95.11%
   8  n293_294    0.00%    passed     91.80%
   9  n275_276    0.00%    passed     93.66%
  10  n289_290    0.00%    passed     75.46%
  11  n297_298    0.00%    passed     86.87%
  12  n278_279    0.00%    passed     91.01%
  13  n295_296    0.00%    passed     76.00%
  14  n251_252    0.00%    passed     56.41%
  15  n274_275    0.00%    passed     97.02%
  16  n290_291    0.00%    passed     76.00%
  17  n236_237    0.00%    passed     78.82%
  18  n255_256    0.00%    passed     76.06%
  19  n285_286    0.00%    passed     32.14%
  20  n294_295    0.00%    passed     89.81%
  21  n300_301    0.00%    passed     97.44%
  22  n265_266    0.00%    passed     74.39%
  23  n296_297    0.00%    passed     77.78%
  24  n299_300    0.00%    passed     95.11%
  25  n244_245    0.00%    passed     62.14%
  26  n277_278    0.00%    passed     93.58%
****  TOTAL       0.00%  0 sequences failed composition chi2 test (p-value<5%; df=3)
NOTE: 4 identical sequences (see below) will be ignored for subsequent analysis
NOTE: n285_286 (identical to n286_287) is ignored but added at the end
NOTE: n295_296 (identical to n287_288) is ignored but added at the end
NOTE: n290_291 (identical to n287_288) is ignored but added at the end
NOTE: n299_300 (identical to n292_293) is ignored but added at the end

Create initial parsimony tree by phylogenetic likelihood library (PLL)... 0.001 seconds

NOTE: 0 MB RAM is required!
Estimate model parameters (epsilon = 0.100)
1. Initial log-likelihood: -1960.467
2. Current log-likelihood: -1901.482
3. Current log-likelihood: -1901.077
Optimal log-likelihood: -1901.044
Rate parameters:  A-C: 0.593  A-G: 0.925  A-T: 0.976  C-G: 0.676  C-T: 0.894  G-T: 1.000
Base frequencies:   A: 0.208  C: 0.322  G: 0.242  T: 0.229
Gamma shape alpha: 70.635
Parameters optimization took 3 rounds (0.033 sec)
--------------------------------------------------------------------
|             INITIALIZING CANDIDATE TREE SET                      |
--------------------------------------------------------------------
Computing ML distances based on estimated model parameters... 0.000 sec
Computing BIONJ tree...
0.000 seconds
Log-likelihood of BIONJ tree: -1901.154
Generating 98 parsimony trees... 0.094 seconds 69 distinct starting trees
Computing log-likelihood of 69 initial trees ... 0.149 seconds
Optimizing top 20 initial trees with NNI...
Iteration 1 / LogL: -1901.044 / Time: 0h:0m:0s
Estimate model parameters (epsilon = 0.100)
BETTER SCORE FOUND at iteration 1: -1901.020
Iteration 2 / LogL: -1901.023 / Time: 0h:0m:0s
Iteration 3 / LogL: -1901.023 / Time: 0h:0m:0s
Iteration 4 / LogL: -1901.023 / Time: 0h:0m:0s
Iteration 5 / LogL: -1901.023 / Time: 0h:0m:0s
Iteration 6 / LogL: -1901.023 / Time: 0h:0m:0s
Iteration 7 / LogL: -1901.023 / Time: 0h:0m:0s
Iteration 8 / LogL: -1901.023 / Time: 0h:0m:0s
Iteration 9 / LogL: -1901.023 / Time: 0h:0m:0s
Iteration 10 / LogL: -1901.023 / Time: 0h:0m:0s
Iteration 11 / LogL: -1901.023 / Time: 0h:0m:0s
Iteration 12 / LogL: -1901.023 / Time: 0h:0m:0s
Iteration 13 / LogL: -1901.023 / Time: 0h:0m:0s
Iteration 14 / LogL: -1901.023 / Time: 0h:0m:0s
Iteration 15 / LogL: -1901.023 / Time: 0h:0m:0s
Iteration 16 / LogL: -1901.023 / Time: 0h:0m:0s
Iteration 17 / LogL: -1901.023 / Time: 0h:0m:0s
Iteration 18 / LogL: -1901.023 / Time: 0h:0m:0s
Iteration 19 / LogL: -1901.023 / Time: 0h:0m:0s
Iteration 20 / LogL: -1901.023 / Time: 0h:0m:0s
Average CPU time for 1 NNI search: 0.005
Finish initializing candidate tree set. Number of distinct locally optimal trees: 20
Current best tree score: -1901.020 / CPU time: 0.344
--------------------------------------------------------------------
|               OPTIMIZING CANDIDATE TREE SET                      |
--------------------------------------------------------------------
Iteration 30 / LogL: -1901.118 / Time: 0h:0m:0s (0h:0m:1s left)
Iteration 40 / LogL: -1901.021 / Time: 0h:0m:0s (0h:0m:1s left)
Iteration 50 / LogL: -1901.020 / Time: 0h:0m:0s (0h:0m:0s left)
Iteration 60 / LogL: -1901.082 / Time: 0h:0m:1s (0h:0m:0s left)
Iteration 70 / LogL: -1928.579 / Time: 0h:0m:1s (0h:0m:0s left)
Iteration 80 / LogL: -1901.020 / Time: 0h:0m:1s (0h:0m:0s left)
Iteration 90 / LogL: -1901.020 / Time: 0h:0m:1s (0h:0m:0s left)
Iteration 100 / LogL: -1901.132 / Time: 0h:0m:1s (0h:0m:0s left)
TREE SEARCH COMPLETED AFTER 101 ITERATIONS / Time: 0h:0m:1s

--------------------------------------------------------------------
|                    FINALIZING TREE SEARCH                        |
--------------------------------------------------------------------
Performs final model parameters optimization
Estimate model parameters (epsilon = 0.010)
1. Initial log-likelihood: -1901.019
2. Current log-likelihood: -1901.003
Optimal log-likelihood: -1900.998
Rate parameters:  A-C: 0.564  A-G: 0.888  A-T: 0.935  C-G: 0.658  C-T: 0.863  G-T: 1.000
Base frequencies:   A: 0.208  C: 0.322  G: 0.242  T: 0.229
Gamma shape alpha: 81.607
Parameters optimization took 2 rounds (0.013 sec)
BEST SCORE FOUND : -1900.998

Testing tree branches by SH-like aLRT with 1000 replicates...
CPU Time used:  0.124 sec.
Total tree length: 1.112

Total number of iterations: 101
CPU time used for tree search: 1.600 sec (0h:0m:1s)
Wall-clock time used for tree search: 1.609 sec (0h:0m:1s)
Total CPU time used: 1.788 sec (0h:0m:1s)
Total wall-clock time used: 1.797 sec (0h:0m:1s)

Analysis results written to: 
  IQ-TREE report:                ../simulations/data_D8T0L15I8T8//S/281_pruned.fasta.iqtree
  Maximum-likelihood tree:       ../simulations/data_D8T0L15I8T8//S/281_pruned.fasta.treefile
  Likelihood distances:          ../simulations/data_D8T0L15I8T8//S/281_pruned.fasta.mldist
  Screen log file:               ../simulations/data_D8T0L15I8T8//S/281_pruned.fasta.log

Date and Time: Fri May 25 22:37:50 2018
