IQ-TREE version 1.4.2 for Linux 64-bit built Apr 15 2016
Copyright (c) 2011-2015 Nguyen Lam Tung, Olga Chernomor, Arndt von Haeseler and Bui Quang Minh.

Host:    meduse (AVX2, FMA3, 7 GB RAM)
Command: iqtree -s ../simulations/data_D10T0L20I10T10//S/283_pruned.fasta -m GTR+G -alrt 1000 -redo
Seed:    758374 (Using SPRNG - Scalable Parallel Random Number Generator)
Time:    Sun Jun  3 23:58:21 2018
Kernel:  AVX

NOTE: Consider using the multicore version because your CPU has 4 cores!

Reading alignment file ../simulations/data_D10T0L20I10T10//S/283_pruned.fasta ... Fasta format detected
Alignment most likely contains DNA/RNA sequences
Alignment has 26 sequences with 300 columns and 300 patterns (291 informative sites)
          Gap/Ambiguity  Composition  p-value
   1  n277_278    0.00%    passed     84.68%
   2  n286_287    0.00%    passed     27.95%
   3  n296_297    0.00%    passed     36.58%
   4  n285_286    0.00%    passed     26.93%
   5  n289_290    0.00%    passed     45.65%
   6  n274_275    0.00%    passed     92.55%
   7  n255_256    0.00%    passed     70.19%
   8  n275_276    0.00%    passed     80.40%
   9  n278_279    0.00%    passed     75.93%
  10  n299_300    0.00%    passed     57.70%
  11  n236_237    0.00%    passed     37.68%
  12  n293_294    0.00%    passed     36.07%
  13  n290_291    0.00%    passed     44.19%
  14  n297_298    0.00%    passed     44.24%
  15  n200_201    0.00%    passed     89.91%
  16  n292_293    0.00%    passed     36.81%
  17  n280_281    0.00%    passed     80.86%
  18  n295_296    0.00%    passed     12.10%
  19  n287_288    0.00%    passed     55.59%
  20  n244_245    0.00%    passed     84.89%
  21  n265_266    0.00%    passed     46.55%
  22  n266_267    0.00%    failed      4.74%
  23  n294_295    0.00%    passed     45.81%
  24  n251_252    0.00%    passed     24.77%
  25  n298_299    0.00%    passed     33.77%
  26  n300_301    0.00%    passed     68.62%
****  TOTAL       0.00%  1 sequences failed composition chi2 test (p-value<5%; df=3)

Create initial parsimony tree by phylogenetic likelihood library (PLL)... 0.001 seconds

NOTE: 1 MB RAM is required!
Estimate model parameters (epsilon = 0.100)
1. Initial log-likelihood: -5288.922
2. Current log-likelihood: -5194.261
3. Current log-likelihood: -5176.604
4. Current log-likelihood: -5173.642
5. Current log-likelihood: -5173.139
Optimal log-likelihood: -5173.020
Rate parameters:  A-C: 1.402  A-G: 1.297  A-T: 1.045  C-G: 1.026  C-T: 1.372  G-T: 1.000
Base frequencies:   A: 0.209  C: 0.266  G: 0.270  T: 0.255
Gamma shape alpha: 5.279
Parameters optimization took 5 rounds (0.072 sec)
--------------------------------------------------------------------
|             INITIALIZING CANDIDATE TREE SET                      |
--------------------------------------------------------------------
Computing ML distances based on estimated model parameters... 0.004 sec
Computing BIONJ tree...
0.000 seconds
Log-likelihood of BIONJ tree: -5172.710
Generating 98 parsimony trees... 0.149 seconds 6 distinct starting trees
Computing log-likelihood of 6 initial trees ... 0.012 seconds
Optimizing top 6 initial trees with NNI...
Iteration 1 / LogL: -5172.346 / Time: 0h:0m:0s
Estimate model parameters (epsilon = 0.100)
BETTER TREE FOUND at iteration 1: -5172.314
Iteration 2 / LogL: -5172.736 / Time: 0h:0m:0s
Iteration 3 / LogL: -5172.621 / Time: 0h:0m:0s
Iteration 4 / LogL: -5172.542 / Time: 0h:0m:0s
Iteration 5 / LogL: -5172.465 / Time: 0h:0m:0s
Iteration 6 / LogL: -5172.544 / Time: 0h:0m:0s
Average CPU time for 1 NNI search: 0.014
Finish initializing candidate tree set. Number of distinct locally optimal trees: 3
Current best tree score: -5172.314 / CPU time: 0.240
--------------------------------------------------------------------
|               OPTIMIZING CANDIDATE TREE SET                      |
--------------------------------------------------------------------
Iteration 10 / LogL: -5172.558 / Time: 0h:0m:0s
Iteration 20 / LogL: -5174.482 / Time: 0h:0m:0s (0h:0m:3s left)
Iteration 30 / LogL: -5172.498 / Time: 0h:0m:1s (0h:0m:2s left)
Estimate model parameters (epsilon = 0.010)
UPDATE BEST LOG-LIKELIHOOD: -5172.268
Iteration 40 / LogL: -5172.667 / Time: 0h:0m:1s (0h:0m:2s left)
Iteration 50 / LogL: -5172.408 / Time: 0h:0m:1s (0h:0m:2s left)
Iteration 60 / LogL: -5173.993 / Time: 0h:0m:2s (0h:0m:1s left)
Iteration 70 / LogL: -5172.344 / Time: 0h:0m:2s (0h:0m:1s left)
Iteration 80 / LogL: -5172.676 / Time: 0h:0m:3s (0h:0m:0s left)
Iteration 90 / LogL: -5175.951 / Time: 0h:0m:3s (0h:0m:0s left)
Iteration 100 / LogL: -5172.301 / Time: 0h:0m:3s (0h:0m:0s left)
TREE SEARCH COMPLETED AFTER 101 ITERATIONS / Time: 0h:0m:3s

--------------------------------------------------------------------
|                    FINALIZING TREE SEARCH                        |
--------------------------------------------------------------------
Performs final model parameters optimization
Estimate model parameters (epsilon = 0.010)
1. Initial log-likelihood: -5172.268
Optimal log-likelihood: -5172.264
Rate parameters:  A-C: 1.451  A-G: 1.327  A-T: 1.068  C-G: 1.057  C-T: 1.392  G-T: 1.000
Base frequencies:   A: 0.209  C: 0.266  G: 0.270  T: 0.255
Gamma shape alpha: 5.319
Parameters optimization took 1 rounds (0.008 sec)
BEST SCORE FOUND : -5172.264

Testing tree branches by SH-like aLRT with 1000 replicates...
CPU Time used:  0.128 sec.
Total tree length: 8.250

Total number of iterations: 101
CPU time used for tree search: 3.620 sec (0h:0m:3s)
Wall-clock time used for tree search: 3.624 sec (0h:0m:3s)
Total CPU time used: 3.868 sec (0h:0m:3s)
Total wall-clock time used: 3.873 sec (0h:0m:3s)

Analysis results written to: 
  IQ-TREE report:                ../simulations/data_D10T0L20I10T10//S/283_pruned.fasta.iqtree
  Maximum-likelihood tree:       ../simulations/data_D10T0L20I10T10//S/283_pruned.fasta.treefile
  Likelihood distances:          ../simulations/data_D10T0L20I10T10//S/283_pruned.fasta.mldist
  Screen log file:               ../simulations/data_D10T0L20I10T10//S/283_pruned.fasta.log

Date and Time: Sun Jun  3 23:58:25 2018
