IQ-TREE version 1.4.2 for Linux 64-bit built Apr 15 2016
Copyright (c) 2011-2015 Nguyen Lam Tung, Olga Chernomor, Arndt von Haeseler and Bui Quang Minh.

Host:    meduse (AVX2, FMA3, 7 GB RAM)
Command: iqtree -s ../simulations/data_D10T0L20I10T10//S/294_pruned.fasta -m GTR+G -alrt 1000 -redo
Seed:    77308 (Using SPRNG - Scalable Parallel Random Number Generator)
Time:    Fri Jun  1 10:43:42 2018
Kernel:  AVX

NOTE: Consider using the multicore version because your CPU has 4 cores!

Reading alignment file ../simulations/data_D10T0L20I10T10//S/294_pruned.fasta ... Fasta format detected
Alignment most likely contains DNA/RNA sequences
Alignment has 26 sequences with 300 columns and 177 patterns (152 informative sites)
          Gap/Ambiguity  Composition  p-value
   1  n289_290    0.00%    passed     99.82%
   2  n294_295    0.00%    passed     97.65%
   3  n295_296    0.00%    passed     98.02%
   4  n266_267    0.00%    passed     85.56%
   5  n299_300    0.00%    passed     81.87%
   6  n298_299    0.00%    passed     93.63%
   7  n290_291    0.00%    passed     97.87%
   8  n274_275    0.00%    passed     89.13%
   9  n251_252    0.00%    passed     74.43%
  10  n293_294    0.00%    passed     92.93%
  11  n265_266    0.00%    passed     74.56%
  12  n296_297    0.00%    passed     98.02%
  13  n300_301    0.00%    passed     87.64%
  14  n244_245    0.00%    passed     96.12%
  15  n278_279    0.00%    passed     95.21%
  16  n287_288    0.00%    passed     99.82%
  17  n200_201    0.00%    passed     90.05%
  18  n277_278    0.00%    passed     96.33%
  19  n297_298    0.00%    passed     93.54%
  20  n236_237    0.00%    passed     96.60%
  21  n280_281    0.00%    passed     86.10%
  22  n285_286    0.00%    passed     98.44%
  23  n275_276    0.00%    passed     99.74%
  24  n255_256    0.00%    passed     78.20%
  25  n292_293    0.00%    passed     87.64%
  26  n286_287    0.00%    passed     99.14%
****  TOTAL       0.00%  0 sequences failed composition chi2 test (p-value<5%; df=3)
NOTE: 2 identical sequences (see below) will be ignored for subsequent analysis
NOTE: n287_288 (identical to n289_290) is ignored but added at the end
NOTE: n296_297 (identical to n295_296) is ignored but added at the end

Create initial parsimony tree by phylogenetic likelihood library (PLL)... 0.001 seconds

NOTE: 0 MB RAM is required!
Estimate model parameters (epsilon = 0.100)
1. Initial log-likelihood: -2056.656
2. Current log-likelihood: -2026.351
3. Current log-likelihood: -2026.130
Optimal log-likelihood: -2026.054
Rate parameters:  A-C: 0.816  A-G: 1.407  A-T: 1.260  C-G: 1.242  C-T: 1.100  G-T: 1.000
Base frequencies:   A: 0.257  C: 0.278  G: 0.246  T: 0.219
Gamma shape alpha: 3.735
Parameters optimization took 3 rounds (0.019 sec)
--------------------------------------------------------------------
|             INITIALIZING CANDIDATE TREE SET                      |
--------------------------------------------------------------------
Computing ML distances based on estimated model parameters... 0.000 sec
Computing BIONJ tree...
0.000 seconds
Log-likelihood of BIONJ tree: -2026.054
Generating 98 parsimony trees... 0.082 seconds 3 distinct starting trees
Computing log-likelihood of 3 initial trees ... 0.002 seconds
Optimizing top 3 initial trees with NNI...
Iteration 1 / LogL: -2026.054 / Time: 0h:0m:0s
Estimate model parameters (epsilon = 0.100)
BETTER SCORE FOUND at iteration 1: -2026.042
Iteration 2 / LogL: -2026.043 / Time: 0h:0m:0s
Iteration 3 / LogL: -2026.044 / Time: 0h:0m:0s
Average CPU time for 1 NNI search: 0.005
Finish initializing candidate tree set. Number of distinct locally optimal trees: 3
Current best tree score: -2026.042 / CPU time: 0.104
--------------------------------------------------------------------
|               OPTIMIZING CANDIDATE TREE SET                      |
--------------------------------------------------------------------
Iteration 10 / LogL: -2026.042 / Time: 0h:0m:0s
Iteration 20 / LogL: -2026.045 / Time: 0h:0m:0s (0h:0m:1s left)
Iteration 30 / LogL: -2026.047 / Time: 0h:0m:0s (0h:0m:1s left)
Iteration 40 / LogL: -2026.185 / Time: 0h:0m:0s (0h:0m:1s left)
Iteration 50 / LogL: -2026.049 / Time: 0h:0m:0s (0h:0m:0s left)
Iteration 60 / LogL: -2026.067 / Time: 0h:0m:1s (0h:0m:0s left)
Iteration 70 / LogL: -2026.057 / Time: 0h:0m:1s (0h:0m:0s left)
Iteration 80 / LogL: -2026.063 / Time: 0h:0m:1s (0h:0m:0s left)
Iteration 90 / LogL: -2026.142 / Time: 0h:0m:1s (0h:0m:0s left)
Iteration 100 / LogL: -2026.070 / Time: 0h:0m:1s (0h:0m:0s left)
TREE SEARCH COMPLETED AFTER 101 ITERATIONS / Time: 0h:0m:1s

--------------------------------------------------------------------
|                    FINALIZING TREE SEARCH                        |
--------------------------------------------------------------------
Performs final model parameters optimization
Estimate model parameters (epsilon = 0.010)
1. Initial log-likelihood: -2026.042
2. Current log-likelihood: -2026.008
Optimal log-likelihood: -2026.003
Rate parameters:  A-C: 0.794  A-G: 1.345  A-T: 1.205  C-G: 1.181  C-T: 1.045  G-T: 1.000
Base frequencies:   A: 0.257  C: 0.278  G: 0.246  T: 0.219
Gamma shape alpha: 3.737
Parameters optimization took 2 rounds (0.008 sec)
BEST SCORE FOUND : -2026.003

Testing tree branches by SH-like aLRT with 1000 replicates...
CPU Time used:  0.108 sec.
Total tree length: 1.190

Total number of iterations: 101
CPU time used for tree search: 1.636 sec (0h:0m:1s)
Wall-clock time used for tree search: 1.636 sec (0h:0m:1s)
Total CPU time used: 1.780 sec (0h:0m:1s)
Total wall-clock time used: 1.783 sec (0h:0m:1s)

Analysis results written to: 
  IQ-TREE report:                ../simulations/data_D10T0L20I10T10//S/294_pruned.fasta.iqtree
  Maximum-likelihood tree:       ../simulations/data_D10T0L20I10T10//S/294_pruned.fasta.treefile
  Likelihood distances:          ../simulations/data_D10T0L20I10T10//S/294_pruned.fasta.mldist
  Screen log file:               ../simulations/data_D10T0L20I10T10//S/294_pruned.fasta.log

Date and Time: Fri Jun  1 10:43:43 2018
