IQ-TREE version 1.4.2 for Linux 64-bit built Apr 15 2016
Copyright (c) 2011-2015 Nguyen Lam Tung, Olga Chernomor, Arndt von Haeseler and Bui Quang Minh.

Host:    meduse (AVX2, FMA3, 7 GB RAM)
Command: iqtree -s ../simulations/data_D8T0L15I8T8//S/295_pruned.fasta -m GTR+G -alrt 1000 -redo
Seed:    792723 (Using SPRNG - Scalable Parallel Random Number Generator)
Time:    Fri May 25 22:59:29 2018
Kernel:  AVX

NOTE: Consider using the multicore version because your CPU has 4 cores!

Reading alignment file ../simulations/data_D8T0L15I8T8//S/295_pruned.fasta ... Fasta format detected
Alignment most likely contains DNA/RNA sequences
Alignment has 26 sequences with 300 columns and 180 patterns (156 informative sites)
          Gap/Ambiguity  Composition  p-value
   1  n298_299    0.00%    passed     85.96%
   2  n280_281    0.00%    passed     96.87%
   3  n200_201    0.00%    passed     88.81%
   4  n286_287    0.00%    passed     90.48%
   5  n287_288    0.00%    passed     97.15%
   6  n266_267    0.00%    passed     91.96%
   7  n292_293    0.00%    passed     89.30%
   8  n293_294    0.00%    passed     90.31%
   9  n275_276    0.00%    passed     77.19%
  10  n289_290    0.00%    passed     91.65%
  11  n297_298    0.00%    passed     87.48%
  12  n278_279    0.00%    passed     77.63%
  13  n295_296    0.00%    passed     98.81%
  14  n251_252    0.00%    passed     65.90%
  15  n274_275    0.00%    passed     95.11%
  16  n290_291    0.00%    passed     95.08%
  17  n236_237    0.00%    passed     95.68%
  18  n255_256    0.00%    passed     58.37%
  19  n285_286    0.00%    passed     80.92%
  20  n294_295    0.00%    passed     94.59%
  21  n300_301    0.00%    passed     93.90%
  22  n265_266    0.00%    passed     80.97%
  23  n296_297    0.00%    passed     96.88%
  24  n299_300    0.00%    passed     93.24%
  25  n244_245    0.00%    passed     82.06%
  26  n277_278    0.00%    passed     59.37%
****  TOTAL       0.00%  0 sequences failed composition chi2 test (p-value<5%; df=3)

Create initial parsimony tree by phylogenetic likelihood library (PLL)... 0.001 seconds

NOTE: 0 MB RAM is required!
Estimate model parameters (epsilon = 0.100)
1. Initial log-likelihood: -2099.475
2. Current log-likelihood: -2035.718
3. Current log-likelihood: -2035.171
Optimal log-likelihood: -2035.155
Rate parameters:  A-C: 0.798  A-G: 0.864  A-T: 1.027  C-G: 0.995  C-T: 1.083  G-T: 1.000
Base frequencies:   A: 0.246  C: 0.251  G: 0.268  T: 0.235
Gamma shape alpha: 998.282
Parameters optimization took 3 rounds (0.040 sec)
--------------------------------------------------------------------
|             INITIALIZING CANDIDATE TREE SET                      |
--------------------------------------------------------------------
Computing ML distances based on estimated model parameters... 0.000 sec
Computing BIONJ tree...
0.001 seconds
Log-likelihood of BIONJ tree: -2035.182
Generating 98 parsimony trees... 0.216 seconds 57 distinct starting trees
Computing log-likelihood of 57 initial trees ... 0.191 seconds
Optimizing top 20 initial trees with NNI...
Iteration 1 / LogL: -2035.083 / Time: 0h:0m:0s
Estimate model parameters (epsilon = 0.100)
BETTER TREE FOUND at iteration 1: -2035.070
Iteration 2 / LogL: -2035.070 / Time: 0h:0m:0s
Iteration 3 / LogL: -2035.070 / Time: 0h:0m:0s
Iteration 4 / LogL: -2035.070 / Time: 0h:0m:0s
Iteration 5 / LogL: -2035.070 / Time: 0h:0m:0s
Iteration 6 / LogL: -2035.070 / Time: 0h:0m:0s
Iteration 7 / LogL: -2035.070 / Time: 0h:0m:0s
Iteration 8 / LogL: -2035.070 / Time: 0h:0m:0s
Iteration 9 / LogL: -2035.070 / Time: 0h:0m:0s
Iteration 10 / LogL: -2035.070 / Time: 0h:0m:0s
Iteration 11 / LogL: -2035.070 / Time: 0h:0m:0s
Iteration 12 / LogL: -2035.070 / Time: 0h:0m:0s
Iteration 13 / LogL: -2035.070 / Time: 0h:0m:0s
Iteration 14 / LogL: -2035.070 / Time: 0h:0m:0s
Iteration 15 / LogL: -2035.070 / Time: 0h:0m:0s
Iteration 16 / LogL: -2035.070 / Time: 0h:0m:0s
Iteration 17 / LogL: -2035.070 / Time: 0h:0m:0s
Iteration 18 / LogL: -2035.070 / Time: 0h:0m:0s
Iteration 19 / LogL: -2035.070 / Time: 0h:0m:0s
Iteration 20 / LogL: -2035.070 / Time: 0h:0m:0s
Average CPU time for 1 NNI search: 0.009
Finish initializing candidate tree set. Number of distinct locally optimal trees: 20
Current best tree score: -2035.070 / CPU time: 0.572
--------------------------------------------------------------------
|               OPTIMIZING CANDIDATE TREE SET                      |
--------------------------------------------------------------------
Iteration 30 / LogL: -2035.070 / Time: 0h:0m:0s (0h:0m:2s left)
Iteration 40 / LogL: -2035.070 / Time: 0h:0m:1s (0h:0m:1s left)
Iteration 50 / LogL: -2035.070 / Time: 0h:0m:1s (0h:0m:1s left)
Iteration 60 / LogL: -2035.072 / Time: 0h:0m:1s (0h:0m:1s left)
Iteration 70 / LogL: -2039.305 / Time: 0h:0m:1s (0h:0m:0s left)
Iteration 80 / LogL: -2035.074 / Time: 0h:0m:1s (0h:0m:0s left)
Iteration 90 / LogL: -2035.070 / Time: 0h:0m:2s (0h:0m:0s left)
Iteration 100 / LogL: -2035.076 / Time: 0h:0m:2s (0h:0m:0s left)
TREE SEARCH COMPLETED AFTER 101 ITERATIONS / Time: 0h:0m:2s

--------------------------------------------------------------------
|                    FINALIZING TREE SEARCH                        |
--------------------------------------------------------------------
Performs final model parameters optimization
Estimate model parameters (epsilon = 0.010)
1. Initial log-likelihood: -2035.070
Optimal log-likelihood: -2035.065
Rate parameters:  A-C: 0.788  A-G: 0.856  A-T: 1.002  C-G: 0.984  C-T: 1.074  G-T: 1.000
Base frequencies:   A: 0.246  C: 0.251  G: 0.268  T: 0.235
Gamma shape alpha: 998.282
Parameters optimization took 1 rounds (0.007 sec)
BEST SCORE FOUND : -2035.065

Testing tree branches by SH-like aLRT with 1000 replicates...
CPU Time used:  0.156 sec.
Total tree length: 1.173

Total number of iterations: 101
CPU time used for tree search: 2.372 sec (0h:0m:2s)
Wall-clock time used for tree search: 2.387 sec (0h:0m:2s)
Total CPU time used: 2.600 sec (0h:0m:2s)
Total wall-clock time used: 2.624 sec (0h:0m:2s)

Analysis results written to: 
  IQ-TREE report:                ../simulations/data_D8T0L15I8T8//S/295_pruned.fasta.iqtree
  Maximum-likelihood tree:       ../simulations/data_D8T0L15I8T8//S/295_pruned.fasta.treefile
  Likelihood distances:          ../simulations/data_D8T0L15I8T8//S/295_pruned.fasta.mldist
  Screen log file:               ../simulations/data_D8T0L15I8T8//S/295_pruned.fasta.log

Date and Time: Fri May 25 22:59:32 2018
