IQ-TREE version 1.4.2 for Linux 64-bit built Apr 15 2016
Copyright (c) 2011-2015 Nguyen Lam Tung, Olga Chernomor, Arndt von Haeseler and Bui Quang Minh.

Host:    meduse (AVX2, FMA3, 7 GB RAM)
Command: iqtree -s ../simulations/data_D8T0L15I8T8//S/299_pruned.fasta -m GTR+G -alrt 1000 -redo
Seed:    159890 (Using SPRNG - Scalable Parallel Random Number Generator)
Time:    Fri May 25 22:34:33 2018
Kernel:  AVX

NOTE: Consider using the multicore version because your CPU has 4 cores!

Reading alignment file ../simulations/data_D8T0L15I8T8//S/299_pruned.fasta ... Fasta format detected
Alignment most likely contains DNA/RNA sequences
Alignment has 26 sequences with 300 columns and 171 patterns (155 informative sites)
          Gap/Ambiguity  Composition  p-value
   1  n298_299    0.00%    passed     98.47%
   2  n280_281    0.00%    passed     81.73%
   3  n200_201    0.00%    passed     71.06%
   4  n286_287    0.00%    passed     78.00%
   5  n287_288    0.00%    passed     71.99%
   6  n266_267    0.00%    passed     84.58%
   7  n292_293    0.00%    passed     66.47%
   8  n293_294    0.00%    passed     96.22%
   9  n275_276    0.00%    passed     93.23%
  10  n289_290    0.00%    passed     71.99%
  11  n297_298    0.00%    passed     98.47%
  12  n278_279    0.00%    passed     54.55%
  13  n295_296    0.00%    passed     80.71%
  14  n251_252    0.00%    passed     67.90%
  15  n274_275    0.00%    passed     75.72%
  16  n290_291    0.00%    passed     66.06%
  17  n236_237    0.00%    passed     99.59%
  18  n255_256    0.00%    passed     50.06%
  19  n285_286    0.00%    passed     72.06%
  20  n294_295    0.00%    passed     95.94%
  21  n300_301    0.00%    passed     75.33%
  22  n265_266    0.00%    passed     89.90%
  23  n296_297    0.00%    passed     83.43%
  24  n299_300    0.00%    passed     75.33%
  25  n244_245    0.00%    passed     34.59%
  26  n277_278    0.00%    passed     73.59%
****  TOTAL       0.00%  0 sequences failed composition chi2 test (p-value<5%; df=3)
NOTE: 2 identical sequences (see below) will be ignored for subsequent analysis
NOTE: n297_298 (identical to n298_299) is ignored but added at the end
NOTE: n299_300 (identical to n300_301) is ignored but added at the end

Create initial parsimony tree by phylogenetic likelihood library (PLL)... 0.001 seconds

NOTE: 0 MB RAM is required!
Estimate model parameters (epsilon = 0.100)
1. Initial log-likelihood: -2058.292
2. Current log-likelihood: -2022.184
3. Current log-likelihood: -2021.795
Optimal log-likelihood: -2021.786
Rate parameters:  A-C: 1.439  A-G: 1.279  A-T: 1.554  C-G: 0.940  C-T: 1.113  G-T: 1.000
Base frequencies:   A: 0.207  C: 0.268  G: 0.274  T: 0.250
Gamma shape alpha: 6.951
Parameters optimization took 3 rounds (0.039 sec)
--------------------------------------------------------------------
|             INITIALIZING CANDIDATE TREE SET                      |
--------------------------------------------------------------------
Computing ML distances based on estimated model parameters... 0.004 sec
Computing BIONJ tree...
0.000 seconds
Log-likelihood of BIONJ tree: -2023.173
Generating 98 parsimony trees... 0.090 seconds 2 distinct starting trees
Computing log-likelihood of 2 initial trees ... 0.000 seconds
Optimizing top 2 initial trees with NNI...
Iteration 1 / LogL: -2021.786 / Time: 0h:0m:0s
Estimate model parameters (epsilon = 0.100)
BETTER SCORE FOUND at iteration 1: -2021.784
Iteration 2 / LogL: -2021.784 / Time: 0h:0m:0s
Average CPU time for 1 NNI search: 0.008
Finish initializing candidate tree set. Number of distinct locally optimal trees: 1
Current best tree score: -2021.784 / CPU time: 0.104
--------------------------------------------------------------------
|               OPTIMIZING CANDIDATE TREE SET                      |
--------------------------------------------------------------------
Iteration 10 / LogL: -2021.905 / Time: 0h:0m:0s
Iteration 20 / LogL: -2021.802 / Time: 0h:0m:0s (0h:0m:1s left)
Iteration 30 / LogL: -2021.924 / Time: 0h:0m:0s (0h:0m:1s left)
Iteration 40 / LogL: -2021.820 / Time: 0h:0m:0s (0h:0m:1s left)
Iteration 50 / LogL: -2021.785 / Time: 0h:0m:0s (0h:0m:0s left)
Iteration 60 / LogL: -2021.790 / Time: 0h:0m:1s (0h:0m:0s left)
Iteration 70 / LogL: -2021.785 / Time: 0h:0m:1s (0h:0m:0s left)
Iteration 80 / LogL: -2021.808 / Time: 0h:0m:1s (0h:0m:0s left)
Iteration 90 / LogL: -2021.912 / Time: 0h:0m:1s (0h:0m:0s left)
Iteration 100 / LogL: -2021.789 / Time: 0h:0m:1s (0h:0m:0s left)
TREE SEARCH COMPLETED AFTER 101 ITERATIONS / Time: 0h:0m:1s

--------------------------------------------------------------------
|                    FINALIZING TREE SEARCH                        |
--------------------------------------------------------------------
Performs final model parameters optimization
Estimate model parameters (epsilon = 0.010)
1. Initial log-likelihood: -2021.784
Optimal log-likelihood: -2021.784
Rate parameters:  A-C: 1.436  A-G: 1.279  A-T: 1.561  C-G: 0.939  C-T: 1.114  G-T: 1.000
Base frequencies:   A: 0.207  C: 0.268  G: 0.274  T: 0.250
Gamma shape alpha: 6.971
Parameters optimization took 1 rounds (0.005 sec)
BEST SCORE FOUND : -2021.784

Testing tree branches by SH-like aLRT with 1000 replicates...
CPU Time used:  0.104 sec.
Total tree length: 1.211

Total number of iterations: 101
CPU time used for tree search: 1.592 sec (0h:0m:1s)
Wall-clock time used for tree search: 1.598 sec (0h:0m:1s)
Total CPU time used: 1.760 sec (0h:0m:1s)
Total wall-clock time used: 1.762 sec (0h:0m:1s)

Analysis results written to: 
  IQ-TREE report:                ../simulations/data_D8T0L15I8T8//S/299_pruned.fasta.iqtree
  Maximum-likelihood tree:       ../simulations/data_D8T0L15I8T8//S/299_pruned.fasta.treefile
  Likelihood distances:          ../simulations/data_D8T0L15I8T8//S/299_pruned.fasta.mldist
  Screen log file:               ../simulations/data_D8T0L15I8T8//S/299_pruned.fasta.log

Date and Time: Fri May 25 22:34:34 2018
