IQ-TREE version 1.4.2 for Linux 64-bit built Apr 15 2016
Copyright (c) 2011-2015 Nguyen Lam Tung, Olga Chernomor, Arndt von Haeseler and Bui Quang Minh.

Host:    meduse (AVX2, FMA3, 7 GB RAM)
Command: iqtree -s ../simulations/data_D8T0L15I8T8//S/300_pruned.fasta -m GTR+G -alrt 1000 -redo
Seed:    537480 (Using SPRNG - Scalable Parallel Random Number Generator)
Time:    Fri May 25 22:32:22 2018
Kernel:  AVX

NOTE: Consider using the multicore version because your CPU has 4 cores!

Reading alignment file ../simulations/data_D8T0L15I8T8//S/300_pruned.fasta ... Fasta format detected
Alignment most likely contains DNA/RNA sequences
Alignment has 26 sequences with 300 columns and 176 patterns (160 informative sites)
          Gap/Ambiguity  Composition  p-value
   1  n298_299    0.00%    passed     99.22%
   2  n280_281    0.00%    passed     98.23%
   3  n200_201    0.00%    passed     96.44%
   4  n286_287    0.00%    passed     95.88%
   5  n287_288    0.00%    passed     99.14%
   6  n266_267    0.00%    passed     95.79%
   7  n292_293    0.00%    passed     99.94%
   8  n293_294    0.00%    passed     98.27%
   9  n275_276    0.00%    passed     95.35%
  10  n289_290    0.00%    passed     99.59%
  11  n297_298    0.00%    passed     97.76%
  12  n278_279    0.00%    passed     99.96%
  13  n295_296    0.00%    passed     92.12%
  14  n251_252    0.00%    passed     85.13%
  15  n274_275    0.00%    passed     95.79%
  16  n290_291    0.00%    passed     99.59%
  17  n236_237    0.00%    passed     95.83%
  18  n255_256    0.00%    passed     95.38%
  19  n285_286    0.00%    passed     95.48%
  20  n294_295    0.00%    passed     98.27%
  21  n300_301    0.00%    passed     99.94%
  22  n265_266    0.00%    passed     90.54%
  23  n296_297    0.00%    passed     95.49%
  24  n299_300    0.00%    passed     99.94%
  25  n244_245    0.00%    passed     67.27%
  26  n277_278    0.00%    passed     99.66%
****  TOTAL       0.00%  0 sequences failed composition chi2 test (p-value<5%; df=3)
NOTE: 4 identical sequences (see below) will be ignored for subsequent analysis
NOTE: n300_301 (identical to n292_293) is ignored but added at the end
NOTE: n299_300 (identical to n292_293) is ignored but added at the end
NOTE: n294_295 (identical to n293_294) is ignored but added at the end
NOTE: n290_291 (identical to n289_290) is ignored but added at the end

Create initial parsimony tree by phylogenetic likelihood library (PLL)... 0.001 seconds

NOTE: 0 MB RAM is required!
Estimate model parameters (epsilon = 0.100)
1. Initial log-likelihood: -2056.591
2. Current log-likelihood: -2005.590
3. Current log-likelihood: -2005.109
Optimal log-likelihood: -2005.065
Rate parameters:  A-C: 1.472  A-G: 1.077  A-T: 1.039  C-G: 1.085  C-T: 1.604  G-T: 1.000
Base frequencies:   A: 0.267  C: 0.237  G: 0.266  T: 0.231
Gamma shape alpha: 27.728
Parameters optimization took 3 rounds (0.024 sec)
--------------------------------------------------------------------
|             INITIALIZING CANDIDATE TREE SET                      |
--------------------------------------------------------------------
Computing ML distances based on estimated model parameters... 0.004 sec
Computing BIONJ tree...
0.000 seconds
Log-likelihood of BIONJ tree: -2005.064
Generating 98 parsimony trees... 0.075 seconds 3 distinct starting trees
Computing log-likelihood of 3 initial trees ... 0.002 seconds
Optimizing top 3 initial trees with NNI...
Iteration 1 / LogL: -2005.065 / Time: 0h:0m:0s
Estimate model parameters (epsilon = 0.100)
BETTER SCORE FOUND at iteration 1: -2005.054
Iteration 2 / LogL: -2005.055 / Time: 0h:0m:0s
Iteration 3 / LogL: -2005.056 / Time: 0h:0m:0s
Average CPU time for 1 NNI search: 0.005
Finish initializing candidate tree set. Number of distinct locally optimal trees: 3
Current best tree score: -2005.054 / CPU time: 0.096
--------------------------------------------------------------------
|               OPTIMIZING CANDIDATE TREE SET                      |
--------------------------------------------------------------------
Iteration 10 / LogL: -2005.089 / Time: 0h:0m:0s
Iteration 20 / LogL: -2005.054 / Time: 0h:0m:0s (0h:0m:1s left)
Iteration 30 / LogL: -2005.054 / Time: 0h:0m:0s (0h:0m:1s left)
Iteration 40 / LogL: -2005.055 / Time: 0h:0m:0s (0h:0m:0s left)
Iteration 50 / LogL: -2012.026 / Time: 0h:0m:0s (0h:0m:0s left)
Iteration 60 / LogL: -2005.069 / Time: 0h:0m:0s (0h:0m:0s left)
Iteration 70 / LogL: -2271.888 / Time: 0h:0m:1s (0h:0m:0s left)
Iteration 80 / LogL: -2005.054 / Time: 0h:0m:1s (0h:0m:0s left)
Iteration 90 / LogL: -2005.054 / Time: 0h:0m:1s (0h:0m:0s left)
Iteration 100 / LogL: -2534.236 / Time: 0h:0m:1s (0h:0m:0s left)
TREE SEARCH COMPLETED AFTER 101 ITERATIONS / Time: 0h:0m:1s

--------------------------------------------------------------------
|                    FINALIZING TREE SEARCH                        |
--------------------------------------------------------------------
Performs final model parameters optimization
Estimate model parameters (epsilon = 0.010)
1. Initial log-likelihood: -2005.054
2. Current log-likelihood: -2005.043
Optimal log-likelihood: -2005.040
Rate parameters:  A-C: 1.435  A-G: 1.036  A-T: 1.018  C-G: 1.058  C-T: 1.556  G-T: 1.000
Base frequencies:   A: 0.267  C: 0.237  G: 0.266  T: 0.231
Gamma shape alpha: 27.662
Parameters optimization took 2 rounds (0.007 sec)
BEST SCORE FOUND : -2005.040

Testing tree branches by SH-like aLRT with 1000 replicates...
CPU Time used:  0.092 sec.
Total tree length: 1.209

Total number of iterations: 101
CPU time used for tree search: 1.404 sec (0h:0m:1s)
Wall-clock time used for tree search: 1.401 sec (0h:0m:1s)
Total CPU time used: 1.540 sec (0h:0m:1s)
Total wall-clock time used: 1.543 sec (0h:0m:1s)

Analysis results written to: 
  IQ-TREE report:                ../simulations/data_D8T0L15I8T8//S/300_pruned.fasta.iqtree
  Maximum-likelihood tree:       ../simulations/data_D8T0L15I8T8//S/300_pruned.fasta.treefile
  Likelihood distances:          ../simulations/data_D8T0L15I8T8//S/300_pruned.fasta.mldist
  Screen log file:               ../simulations/data_D8T0L15I8T8//S/300_pruned.fasta.log

Date and Time: Fri May 25 22:32:24 2018
