IQ-TREE version 1.4.2 for Linux 64-bit built Apr 15 2016
Copyright (c) 2011-2015 Nguyen Lam Tung, Olga Chernomor, Arndt von Haeseler and Bui Quang Minh.

Host:    meduse (AVX2, FMA3, 7 GB RAM)
Command: iqtree -s ../simulations/data_D10T0L20I10T10//S/302_pruned.fasta -m GTR+G -alrt 1000 -redo
Seed:    8937 (Using SPRNG - Scalable Parallel Random Number Generator)
Time:    Sun Jun  3 23:47:51 2018
Kernel:  AVX

NOTE: Consider using the multicore version because your CPU has 4 cores!

Reading alignment file ../simulations/data_D10T0L20I10T10//S/302_pruned.fasta ... Fasta format detected
Alignment most likely contains DNA/RNA sequences
Alignment has 26 sequences with 300 columns and 300 patterns (296 informative sites)
          Gap/Ambiguity  Composition  p-value
   1  n277_278    0.00%    passed     33.43%
   2  n286_287    0.00%    passed     95.18%
   3  n296_297    0.00%    passed     90.43%
   4  n285_286    0.00%    passed     88.62%
   5  n289_290    0.00%    passed     99.49%
   6  n274_275    0.00%    passed     81.71%
   7  n255_256    0.00%    passed     95.89%
   8  n275_276    0.00%    passed     80.75%
   9  n278_279    0.00%    passed     34.60%
  10  n299_300    0.00%    passed     87.29%
  11  n236_237    0.00%    passed     29.69%
  12  n293_294    0.00%    passed     58.63%
  13  n290_291    0.00%    passed     90.73%
  14  n297_298    0.00%    passed     92.21%
  15  n200_201    0.00%    passed     63.58%
  16  n292_293    0.00%    passed     72.20%
  17  n280_281    0.00%    passed     68.60%
  18  n295_296    0.00%    passed     80.93%
  19  n287_288    0.00%    passed     92.48%
  20  n244_245    0.00%    failed      0.88%
  21  n265_266    0.00%    passed     60.73%
  22  n266_267    0.00%    passed     37.97%
  23  n294_295    0.00%    passed     69.98%
  24  n251_252    0.00%    passed     54.40%
  25  n298_299    0.00%    passed     97.11%
  26  n300_301    0.00%    passed     67.11%
****  TOTAL       0.00%  1 sequences failed composition chi2 test (p-value<5%; df=3)

Create initial parsimony tree by phylogenetic likelihood library (PLL)... 0.002 seconds

NOTE: 1 MB RAM is required!
Estimate model parameters (epsilon = 0.100)
1. Initial log-likelihood: -5268.416
2. Current log-likelihood: -5174.645
3. Current log-likelihood: -5162.740
4. Current log-likelihood: -5160.391
5. Current log-likelihood: -5159.888
6. Current log-likelihood: -5159.778
Optimal log-likelihood: -5159.730
Rate parameters:  A-C: 0.964  A-G: 1.148  A-T: 0.977  C-G: 0.903  C-T: 1.230  G-T: 1.000
Base frequencies:   A: 0.252  C: 0.274  G: 0.251  T: 0.223
Gamma shape alpha: 3.608
Parameters optimization took 6 rounds (0.070 sec)
--------------------------------------------------------------------
|             INITIALIZING CANDIDATE TREE SET                      |
--------------------------------------------------------------------
Computing ML distances based on estimated model parameters... 0.004 sec
WARNING: Some pairwise ML distances are too long (saturated)
Computing BIONJ tree...
0.000 seconds
Log-likelihood of BIONJ tree: -5162.054
Generating 98 parsimony trees... 0.138 seconds 4 distinct starting trees
Computing log-likelihood of 4 initial trees ... 0.006 seconds
Optimizing top 4 initial trees with NNI...
Iteration 1 / LogL: -5159.705 / Time: 0h:0m:0s
Estimate model parameters (epsilon = 0.100)
BETTER TREE FOUND at iteration 1: -5159.683
Iteration 2 / LogL: -5159.718 / Time: 0h:0m:0s
Iteration 3 / LogL: -5159.718 / Time: 0h:0m:0s
Iteration 4 / LogL: -5159.333 / Time: 0h:0m:0s
Estimate model parameters (epsilon = 0.100)
BETTER TREE FOUND at iteration 4: -5159.302
Average CPU time for 1 NNI search: 0.019
Finish initializing candidate tree set. Number of distinct locally optimal trees: 4
Current best tree score: -5159.302 / CPU time: 0.220
--------------------------------------------------------------------
|               OPTIMIZING CANDIDATE TREE SET                      |
--------------------------------------------------------------------
Iteration 10 / LogL: -5159.348 / Time: 0h:0m:0s
Iteration 20 / LogL: -5182.072 / Time: 0h:0m:0s (0h:0m:3s left)
Iteration 30 / LogL: -5159.330 / Time: 0h:0m:1s (0h:0m:2s left)
Iteration 40 / LogL: -5159.310 / Time: 0h:0m:1s (0h:0m:2s left)
Iteration 50 / LogL: -5159.307 / Time: 0h:0m:1s (0h:0m:2s left)
Iteration 60 / LogL: -5159.305 / Time: 0h:0m:2s (0h:0m:1s left)
Iteration 70 / LogL: -5159.512 / Time: 0h:0m:2s (0h:0m:1s left)
Iteration 80 / LogL: -5161.198 / Time: 0h:0m:3s (0h:0m:0s left)
Iteration 90 / LogL: -5159.347 / Time: 0h:0m:3s (0h:0m:0s left)
Iteration 100 / LogL: -5159.338 / Time: 0h:0m:3s (0h:0m:0s left)
TREE SEARCH COMPLETED AFTER 101 ITERATIONS / Time: 0h:0m:3s

--------------------------------------------------------------------
|                    FINALIZING TREE SEARCH                        |
--------------------------------------------------------------------
Performs final model parameters optimization
Estimate model parameters (epsilon = 0.010)
1. Initial log-likelihood: -5159.301
Optimal log-likelihood: -5159.292
Rate parameters:  A-C: 0.977  A-G: 1.169  A-T: 0.981  C-G: 0.920  C-T: 1.263  G-T: 1.000
Base frequencies:   A: 0.252  C: 0.274  G: 0.251  T: 0.223
Gamma shape alpha: 3.632
Parameters optimization took 1 rounds (0.006 sec)
BEST SCORE FOUND : -5159.292

Testing tree branches by SH-like aLRT with 1000 replicates...
CPU Time used:  0.120 sec.
Total tree length: 10.045

Total number of iterations: 101
CPU time used for tree search: 3.744 sec (0h:0m:3s)
Wall-clock time used for tree search: 3.746 sec (0h:0m:3s)
Total CPU time used: 3.992 sec (0h:0m:3s)
Total wall-clock time used: 3.992 sec (0h:0m:3s)

Analysis results written to: 
  IQ-TREE report:                ../simulations/data_D10T0L20I10T10//S/302_pruned.fasta.iqtree
  Maximum-likelihood tree:       ../simulations/data_D10T0L20I10T10//S/302_pruned.fasta.treefile
  Likelihood distances:          ../simulations/data_D10T0L20I10T10//S/302_pruned.fasta.mldist
  Screen log file:               ../simulations/data_D10T0L20I10T10//S/302_pruned.fasta.log

Date and Time: Sun Jun  3 23:47:54 2018
