IQ-TREE version 1.4.2 for Linux 64-bit built Apr 15 2016
Copyright (c) 2011-2015 Nguyen Lam Tung, Olga Chernomor, Arndt von Haeseler and Bui Quang Minh.

Host:    meduse (AVX2, FMA3, 7 GB RAM)
Command: iqtree -s ../simulations/data_D10T0L20I10T10//S/304_pruned.fasta -m GTR+G -alrt 1000 -redo
Seed:    476962 (Using SPRNG - Scalable Parallel Random Number Generator)
Time:    Sun Jun  3 23:27:59 2018
Kernel:  AVX

NOTE: Consider using the multicore version because your CPU has 4 cores!

Reading alignment file ../simulations/data_D10T0L20I10T10//S/304_pruned.fasta ... Fasta format detected
Alignment most likely contains DNA/RNA sequences
Alignment has 26 sequences with 300 columns and 298 patterns (288 informative sites)
          Gap/Ambiguity  Composition  p-value
   1  n277_278    0.00%    passed     15.75%
   2  n286_287    0.00%    passed     36.65%
   3  n296_297    0.00%    passed     77.98%
   4  n285_286    0.00%    passed     40.35%
   5  n289_290    0.00%    passed     98.11%
   6  n274_275    0.00%    passed     66.80%
   7  n255_256    0.00%    passed     12.58%
   8  n275_276    0.00%    passed     50.61%
   9  n278_279    0.00%    passed     45.12%
  10  n299_300    0.00%    passed     88.78%
  11  n236_237    0.00%    passed     81.46%
  12  n293_294    0.00%    passed     92.53%
  13  n290_291    0.00%    passed     89.26%
  14  n297_298    0.00%    passed     55.36%
  15  n200_201    0.00%    passed     39.74%
  16  n292_293    0.00%    passed     83.80%
  17  n280_281    0.00%    passed     18.35%
  18  n295_296    0.00%    passed     90.08%
  19  n287_288    0.00%    passed     94.58%
  20  n244_245    0.00%    passed     67.91%
  21  n265_266    0.00%    passed     66.36%
  22  n266_267    0.00%    passed     47.59%
  23  n294_295    0.00%    passed     70.99%
  24  n251_252    0.00%    failed      4.40%
  25  n298_299    0.00%    passed     69.67%
  26  n300_301    0.00%    passed     93.31%
****  TOTAL       0.00%  1 sequences failed composition chi2 test (p-value<5%; df=3)

Create initial parsimony tree by phylogenetic likelihood library (PLL)... 0.002 seconds

NOTE: 1 MB RAM is required!
Estimate model parameters (epsilon = 0.100)
1. Initial log-likelihood: -5309.546
2. Current log-likelihood: -5211.546
3. Current log-likelihood: -5197.695
4. Current log-likelihood: -5196.081
5. Current log-likelihood: -5195.775
Optimal log-likelihood: -5195.665
Rate parameters:  A-C: 1.484  A-G: 1.540  A-T: 1.297  C-G: 1.272  C-T: 2.066  G-T: 1.000
Base frequencies:   A: 0.245  C: 0.252  G: 0.239  T: 0.265
Gamma shape alpha: 3.835
Parameters optimization took 5 rounds (0.061 sec)
--------------------------------------------------------------------
|             INITIALIZING CANDIDATE TREE SET                      |
--------------------------------------------------------------------
Computing ML distances based on estimated model parameters... 0.004 sec
WARNING: Some pairwise ML distances are too long (saturated)
Computing BIONJ tree...
0.000 seconds
Log-likelihood of BIONJ tree: -5219.821
Generating 98 parsimony trees... 0.141 seconds 3 distinct starting trees
Computing log-likelihood of 3 initial trees ... 0.003 seconds
Optimizing top 3 initial trees with NNI...
Iteration 1 / LogL: -5195.414 / Time: 0h:0m:0s
Estimate model parameters (epsilon = 0.100)
BETTER TREE FOUND at iteration 1: -5195.375
Iteration 2 / LogL: -5196.093 / Time: 0h:0m:0s
Iteration 3 / LogL: -5195.425 / Time: 0h:0m:0s
Average CPU time for 1 NNI search: 0.015
Finish initializing candidate tree set. Number of distinct locally optimal trees: 1
Current best tree score: -5195.375 / CPU time: 0.188
--------------------------------------------------------------------
|               OPTIMIZING CANDIDATE TREE SET                      |
--------------------------------------------------------------------
Iteration 10 / LogL: -5195.636 / Time: 0h:0m:0s
Iteration 20 / LogL: -5198.227 / Time: 0h:0m:0s (0h:0m:3s left)
Iteration 30 / LogL: -5195.400 / Time: 0h:0m:1s (0h:0m:2s left)
Iteration 40 / LogL: -5198.586 / Time: 0h:0m:1s (0h:0m:2s left)
Iteration 50 / LogL: -5198.553 / Time: 0h:0m:1s (0h:0m:1s left)
Iteration 60 / LogL: -5195.419 / Time: 0h:0m:2s (0h:0m:1s left)
Iteration 70 / LogL: -5196.108 / Time: 0h:0m:2s (0h:0m:1s left)
Iteration 80 / LogL: -5196.266 / Time: 0h:0m:2s (0h:0m:0s left)
Iteration 90 / LogL: -5195.687 / Time: 0h:0m:3s (0h:0m:0s left)
Iteration 100 / LogL: -5195.521 / Time: 0h:0m:3s (0h:0m:0s left)
TREE SEARCH COMPLETED AFTER 101 ITERATIONS / Time: 0h:0m:3s

--------------------------------------------------------------------
|                    FINALIZING TREE SEARCH                        |
--------------------------------------------------------------------
Performs final model parameters optimization
Estimate model parameters (epsilon = 0.010)
1. Initial log-likelihood: -5195.375
2. Current log-likelihood: -5195.338
Optimal log-likelihood: -5195.332
Rate parameters:  A-C: 1.445  A-G: 1.504  A-T: 1.258  C-G: 1.249  C-T: 2.007  G-T: 1.000
Base frequencies:   A: 0.245  C: 0.252  G: 0.239  T: 0.265
Gamma shape alpha: 3.906
Parameters optimization took 2 rounds (0.016 sec)
BEST SCORE FOUND : -5195.332

Testing tree branches by SH-like aLRT with 1000 replicates...
CPU Time used:  0.124 sec.
Total tree length: 8.904

Total number of iterations: 101
CPU time used for tree search: 3.424 sec (0h:0m:3s)
Wall-clock time used for tree search: 3.426 sec (0h:0m:3s)
Total CPU time used: 3.664 sec (0h:0m:3s)
Total wall-clock time used: 3.664 sec (0h:0m:3s)

Analysis results written to: 
  IQ-TREE report:                ../simulations/data_D10T0L20I10T10//S/304_pruned.fasta.iqtree
  Maximum-likelihood tree:       ../simulations/data_D10T0L20I10T10//S/304_pruned.fasta.treefile
  Likelihood distances:          ../simulations/data_D10T0L20I10T10//S/304_pruned.fasta.mldist
  Screen log file:               ../simulations/data_D10T0L20I10T10//S/304_pruned.fasta.log

Date and Time: Sun Jun  3 23:28:03 2018
