IQ-TREE version 1.4.2 for Linux 64-bit built Apr 15 2016
Copyright (c) 2011-2015 Nguyen Lam Tung, Olga Chernomor, Arndt von Haeseler and Bui Quang Minh.

Host:    meduse (AVX2, FMA3, 7 GB RAM)
Command: iqtree -s ../simulations/data_D10T0L20I10T10//S/306_pruned.fasta -m GTR+G -alrt 1000 -redo
Seed:    967811 (Using SPRNG - Scalable Parallel Random Number Generator)
Time:    Sun Jun  3 23:12:20 2018
Kernel:  AVX

NOTE: Consider using the multicore version because your CPU has 4 cores!

Reading alignment file ../simulations/data_D10T0L20I10T10//S/306_pruned.fasta ... Fasta format detected
Alignment most likely contains DNA/RNA sequences
Alignment has 26 sequences with 300 columns and 298 patterns (290 informative sites)
          Gap/Ambiguity  Composition  p-value
   1  n277_278    0.00%    passed     44.93%
   2  n286_287    0.00%    passed     74.29%
   3  n296_297    0.00%    passed     88.31%
   4  n285_286    0.00%    passed     31.81%
   5  n289_290    0.00%    passed     89.19%
   6  n274_275    0.00%    passed     23.73%
   7  n255_256    0.00%    passed     94.93%
   8  n275_276    0.00%    passed     91.70%
   9  n278_279    0.00%    passed     95.24%
  10  n299_300    0.00%    passed     51.51%
  11  n236_237    0.00%    failed      5.00%
  12  n293_294    0.00%    passed     69.71%
  13  n290_291    0.00%    passed     91.58%
  14  n297_298    0.00%    passed     84.20%
  15  n200_201    0.00%    passed     95.57%
  16  n292_293    0.00%    passed     57.74%
  17  n280_281    0.00%    passed     54.41%
  18  n295_296    0.00%    passed     97.27%
  19  n287_288    0.00%    passed     68.42%
  20  n244_245    0.00%    passed     23.48%
  21  n265_266    0.00%    passed     40.75%
  22  n266_267    0.00%    passed     52.28%
  23  n294_295    0.00%    passed     40.61%
  24  n251_252    0.00%    passed     63.61%
  25  n298_299    0.00%    passed     92.50%
  26  n300_301    0.00%    passed     52.03%
****  TOTAL       0.00%  1 sequences failed composition chi2 test (p-value<5%; df=3)

Create initial parsimony tree by phylogenetic likelihood library (PLL)... 0.002 seconds

NOTE: 1 MB RAM is required!
Estimate model parameters (epsilon = 0.100)
1. Initial log-likelihood: -5368.762
2. Current log-likelihood: -5280.985
3. Current log-likelihood: -5268.828
4. Current log-likelihood: -5266.615
5. Current log-likelihood: -5266.154
Optimal log-likelihood: -5266.033
Rate parameters:  A-C: 1.007  A-G: 1.211  A-T: 0.877  C-G: 0.902  C-T: 1.475  G-T: 1.000
Base frequencies:   A: 0.242  C: 0.280  G: 0.253  T: 0.225
Gamma shape alpha: 3.271
Parameters optimization took 5 rounds (0.068 sec)
--------------------------------------------------------------------
|             INITIALIZING CANDIDATE TREE SET                      |
--------------------------------------------------------------------
Computing ML distances based on estimated model parameters... 0.008 sec
Computing BIONJ tree...
0.000 seconds
Log-likelihood of BIONJ tree: -5289.121
Generating 98 parsimony trees... 0.153 seconds 2 distinct starting trees
Computing log-likelihood of 2 initial trees ... 0.000 seconds
Optimizing top 2 initial trees with NNI...
Iteration 1 / LogL: -5265.788 / Time: 0h:0m:0s
Estimate model parameters (epsilon = 0.100)
BETTER TREE FOUND at iteration 1: -5265.690
Iteration 2 / LogL: -5266.363 / Time: 0h:0m:0s
Average CPU time for 1 NNI search: 0.022
Finish initializing candidate tree set. Number of distinct locally optimal trees: 2
Current best tree score: -5265.690 / CPU time: 0.196
--------------------------------------------------------------------
|               OPTIMIZING CANDIDATE TREE SET                      |
--------------------------------------------------------------------
Estimate model parameters (epsilon = 0.010)
BETTER TREE FOUND at iteration 3: -5262.614
Estimate model parameters (epsilon = 0.010)
BETTER TREE FOUND at iteration 4: -5262.421
Iteration 10 / LogL: -5262.496 / Time: 0h:0m:0s
Iteration 20 / LogL: -5262.510 / Time: 0h:0m:0s (0h:0m:4s left)
Iteration 30 / LogL: -5265.271 / Time: 0h:0m:1s (0h:0m:3s left)
Iteration 40 / LogL: -5262.484 / Time: 0h:0m:1s (0h:0m:2s left)
Iteration 50 / LogL: -5270.041 / Time: 0h:0m:1s (0h:0m:2s left)
Iteration 60 / LogL: -5267.099 / Time: 0h:0m:2s (0h:0m:1s left)
Iteration 70 / LogL: -5262.819 / Time: 0h:0m:2s (0h:0m:1s left)
Iteration 80 / LogL: -5267.002 / Time: 0h:0m:2s (0h:0m:0s left)
Iteration 90 / LogL: -5262.429 / Time: 0h:0m:3s (0h:0m:0s left)
Iteration 100 / LogL: -5262.591 / Time: 0h:0m:3s (0h:0m:0s left)
TREE SEARCH COMPLETED AFTER 104 ITERATIONS / Time: 0h:0m:3s

--------------------------------------------------------------------
|                    FINALIZING TREE SEARCH                        |
--------------------------------------------------------------------
Performs final model parameters optimization
Estimate model parameters (epsilon = 0.010)
1. Initial log-likelihood: -5262.421
Optimal log-likelihood: -5262.418
Rate parameters:  A-C: 1.003  A-G: 1.222  A-T: 0.887  C-G: 0.908  C-T: 1.492  G-T: 1.000
Base frequencies:   A: 0.242  C: 0.280  G: 0.253  T: 0.225
Gamma shape alpha: 3.553
Parameters optimization took 1 rounds (0.007 sec)
BEST SCORE FOUND : -5262.418

Testing tree branches by SH-like aLRT with 1000 replicates...
CPU Time used:  0.132 sec.
Total tree length: 9.296

Total number of iterations: 104
CPU time used for tree search: 3.604 sec (0h:0m:3s)
Wall-clock time used for tree search: 3.606 sec (0h:0m:3s)
Total CPU time used: 3.844 sec (0h:0m:3s)
Total wall-clock time used: 3.846 sec (0h:0m:3s)

Analysis results written to: 
  IQ-TREE report:                ../simulations/data_D10T0L20I10T10//S/306_pruned.fasta.iqtree
  Maximum-likelihood tree:       ../simulations/data_D10T0L20I10T10//S/306_pruned.fasta.treefile
  Likelihood distances:          ../simulations/data_D10T0L20I10T10//S/306_pruned.fasta.mldist
  Screen log file:               ../simulations/data_D10T0L20I10T10//S/306_pruned.fasta.log

Date and Time: Sun Jun  3 23:12:24 2018
