IQ-TREE version 1.4.2 for Linux 64-bit built Apr 15 2016
Copyright (c) 2011-2015 Nguyen Lam Tung, Olga Chernomor, Arndt von Haeseler and Bui Quang Minh.

Host:    meduse (AVX2, FMA3, 7 GB RAM)
Command: iqtree -s ../simulations/data_D8T0L15I8T8//S/315_pruned.fasta -m GTR+G -alrt 1000 -redo
Seed:    322451 (Using SPRNG - Scalable Parallel Random Number Generator)
Time:    Fri May 25 22:41:33 2018
Kernel:  AVX

NOTE: Consider using the multicore version because your CPU has 4 cores!

Reading alignment file ../simulations/data_D8T0L15I8T8//S/315_pruned.fasta ... Fasta format detected
Alignment most likely contains DNA/RNA sequences
Alignment has 26 sequences with 300 columns and 181 patterns (161 informative sites)
          Gap/Ambiguity  Composition  p-value
   1  n266_265    0.00%    passed     90.70%
   2  n200_199    0.00%    passed     79.83%
   3  n297_296    0.00%    passed     92.88%
   4  n244_243    0.00%    passed     81.29%
   5  n278_277    0.00%    passed     96.45%
   6  n274_273    0.00%    passed     72.77%
   7  n287_286    0.00%    passed     82.84%
   8  n294_293    0.00%    passed     92.77%
   9  n296_295    0.00%    passed     80.23%
  10  n277_276    0.00%    passed     94.12%
  11  n300_299    0.00%    passed     72.77%
  12  n295_294    0.00%    passed     80.23%
  13  n251_250    0.00%    passed     84.47%
  14  n275_274    0.00%    passed     92.04%
  15  n292_291    0.00%    passed     71.66%
  16  n236_235    0.00%    passed     86.09%
  17  n280_279    0.00%    passed     79.89%
  18  n289_288    0.00%    passed     82.84%
  19  n293_292    0.00%    passed     92.04%
  20  n290_289    0.00%    passed     82.84%
  21  n286_285    0.00%    passed     69.36%
  22  n285_284    0.00%    passed     79.94%
  23  n255_254    0.00%    passed     61.85%
  24  n299_298    0.00%    passed     76.65%
  25  n298_297    0.00%    passed     92.88%
  26  n265_264    0.00%    passed     75.42%
****  TOTAL       0.00%  0 sequences failed composition chi2 test (p-value<5%; df=3)
NOTE: 5 identical sequences (see below) will be ignored for subsequent analysis
NOTE: n298_297 (identical to n297_296) is ignored but added at the end
NOTE: n300_299 (identical to n274_273) is ignored but added at the end
NOTE: n289_288 (identical to n287_286) is ignored but added at the end
NOTE: n290_289 (identical to n287_286) is ignored but added at the end
NOTE: n295_294 (identical to n296_295) is ignored but added at the end

Create initial parsimony tree by phylogenetic likelihood library (PLL)... 0.001 seconds

NOTE: 0 MB RAM is required!
Estimate model parameters (epsilon = 0.100)
1. Initial log-likelihood: -2068.979
2. Current log-likelihood: -2002.392
3. Current log-likelihood: -2002.086
Optimal log-likelihood: -2002.053
Rate parameters:  A-C: 1.877  A-G: 2.106  A-T: 1.612  C-G: 1.523  C-T: 2.766  G-T: 1.000
Base frequencies:   A: 0.233  C: 0.259  G: 0.282  T: 0.227
Gamma shape alpha: 12.057
Parameters optimization took 3 rounds (0.030 sec)
--------------------------------------------------------------------
|             INITIALIZING CANDIDATE TREE SET                      |
--------------------------------------------------------------------
Computing ML distances based on estimated model parameters... 0.000 sec
Computing BIONJ tree...
0.000 seconds
Log-likelihood of BIONJ tree: -2001.885
Generating 98 parsimony trees... 0.125 seconds 74 distinct starting trees
Computing log-likelihood of 74 initial trees ... 0.163 seconds
Optimizing top 20 initial trees with NNI...
Iteration 1 / LogL: -2001.885 / Time: 0h:0m:0s
Estimate model parameters (epsilon = 0.100)
BETTER SCORE FOUND at iteration 1: -2001.853
Iteration 2 / LogL: -2001.854 / Time: 0h:0m:0s
Iteration 3 / LogL: -2001.854 / Time: 0h:0m:0s
Iteration 4 / LogL: -2001.854 / Time: 0h:0m:0s
Iteration 5 / LogL: -2001.854 / Time: 0h:0m:0s
Iteration 6 / LogL: -2001.854 / Time: 0h:0m:0s
Iteration 7 / LogL: -2001.854 / Time: 0h:0m:0s
Iteration 8 / LogL: -2001.854 / Time: 0h:0m:0s
Iteration 9 / LogL: -2001.854 / Time: 0h:0m:0s
Iteration 10 / LogL: -2001.854 / Time: 0h:0m:0s
Iteration 11 / LogL: -2001.854 / Time: 0h:0m:0s
Iteration 12 / LogL: -2001.854 / Time: 0h:0m:0s
Iteration 13 / LogL: -2001.854 / Time: 0h:0m:0s
Iteration 14 / LogL: -2001.854 / Time: 0h:0m:0s
Iteration 15 / LogL: -2001.854 / Time: 0h:0m:0s
Iteration 16 / LogL: -2001.854 / Time: 0h:0m:0s
Iteration 17 / LogL: -2001.854 / Time: 0h:0m:0s
Iteration 18 / LogL: -2001.854 / Time: 0h:0m:0s
Iteration 19 / LogL: -2001.854 / Time: 0h:0m:0s
Iteration 20 / LogL: -2001.854 / Time: 0h:0m:0s
Average CPU time for 1 NNI search: 0.007
Finish initializing candidate tree set. Number of distinct locally optimal trees: 16
Current best tree score: -2001.853 / CPU time: 0.412
--------------------------------------------------------------------
|               OPTIMIZING CANDIDATE TREE SET                      |
--------------------------------------------------------------------
Iteration 30 / LogL: -2001.854 / Time: 0h:0m:0s (0h:0m:1s left)
Iteration 40 / LogL: -2001.854 / Time: 0h:0m:0s (0h:0m:1s left)
Iteration 50 / LogL: -2001.854 / Time: 0h:0m:1s (0h:0m:1s left)
Iteration 60 / LogL: -2001.859 / Time: 0h:0m:1s (0h:0m:0s left)
Iteration 70 / LogL: -2001.861 / Time: 0h:0m:1s (0h:0m:0s left)
Iteration 80 / LogL: -2001.861 / Time: 0h:0m:1s (0h:0m:0s left)
Iteration 90 / LogL: -2001.865 / Time: 0h:0m:1s (0h:0m:0s left)
Iteration 100 / LogL: -2001.857 / Time: 0h:0m:2s (0h:0m:0s left)
TREE SEARCH COMPLETED AFTER 101 ITERATIONS / Time: 0h:0m:2s

--------------------------------------------------------------------
|                    FINALIZING TREE SEARCH                        |
--------------------------------------------------------------------
Performs final model parameters optimization
Estimate model parameters (epsilon = 0.010)
1. Initial log-likelihood: -2001.853
2. Current log-likelihood: -2001.833
3. Current log-likelihood: -2001.819
4. Current log-likelihood: -2001.808
Optimal log-likelihood: -2001.800
Rate parameters:  A-C: 1.812  A-G: 1.989  A-T: 1.528  C-G: 1.527  C-T: 2.655  G-T: 1.000
Base frequencies:   A: 0.233  C: 0.259  G: 0.282  T: 0.227
Gamma shape alpha: 12.144
Parameters optimization took 4 rounds (0.023 sec)
BEST SCORE FOUND : -2001.800

Testing tree branches by SH-like aLRT with 1000 replicates...
CPU Time used:  0.128 sec.
Total tree length: 1.181

Total number of iterations: 101
CPU time used for tree search: 2.064 sec (0h:0m:2s)
Wall-clock time used for tree search: 2.096 sec (0h:0m:2s)
Total CPU time used: 2.264 sec (0h:0m:2s)
Total wall-clock time used: 2.294 sec (0h:0m:2s)

Analysis results written to: 
  IQ-TREE report:                ../simulations/data_D8T0L15I8T8//S/315_pruned.fasta.iqtree
  Maximum-likelihood tree:       ../simulations/data_D8T0L15I8T8//S/315_pruned.fasta.treefile
  Likelihood distances:          ../simulations/data_D8T0L15I8T8//S/315_pruned.fasta.mldist
  Screen log file:               ../simulations/data_D8T0L15I8T8//S/315_pruned.fasta.log

Date and Time: Fri May 25 22:41:35 2018
