IQ-TREE version 1.4.2 for Linux 64-bit built Apr 15 2016
Copyright (c) 2011-2015 Nguyen Lam Tung, Olga Chernomor, Arndt von Haeseler and Bui Quang Minh.

Host:    meduse (AVX2, FMA3, 7 GB RAM)
Command: iqtree -s ../simulations/data_D10T0L20I10T10//S/317_pruned.fasta -m GTR+G -alrt 1000 -redo
Seed:    183562 (Using SPRNG - Scalable Parallel Random Number Generator)
Time:    Mon Jun  4 00:07:02 2018
Kernel:  AVX

NOTE: Consider using the multicore version because your CPU has 4 cores!

Reading alignment file ../simulations/data_D10T0L20I10T10//S/317_pruned.fasta ... Fasta format detected
Alignment most likely contains DNA/RNA sequences
Alignment has 25 sequences with 300 columns and 297 patterns (288 informative sites)
          Gap/Ambiguity  Composition  p-value
   1  n286_279    0.00%    passed     50.57%
   2  n274_267    0.00%    passed     75.52%
   3  n297_290    0.00%    passed     91.95%
   4  n294_287    0.00%    passed     91.68%
   5  n265_258    0.00%    passed     87.69%
   6  n290_283    0.00%    passed     87.07%
   7  n200_199    0.00%    passed     38.79%
   8  n277_270    0.00%    passed     63.07%
   9  n296_289    0.00%    passed     97.24%
  10  n266_259    0.00%    passed     38.00%
  11  n285_278    0.00%    passed     49.78%
  12  n300_293    0.00%    passed     89.65%
  13  n255_248    0.00%    passed     48.35%
  14  n275_268    0.00%    passed     97.95%
  15  n289_282    0.00%    passed     62.32%
  16  n299_292    0.00%    passed     89.63%
  17  n292_285    0.00%    passed     96.29%
  18  n293_286    0.00%    passed     76.91%
  19  n280_273    0.00%    passed     89.38%
  20  n278_271    0.00%    passed     68.08%
  21  n295_288    0.00%    passed     93.57%
  22  n287_280    0.00%    passed     52.55%
  23  n298_291    0.00%    passed     89.18%
  24  n251_244    0.00%    passed     94.79%
  25  n236_231    0.00%    passed     51.72%
****  TOTAL       0.00%  0 sequences failed composition chi2 test (p-value<5%; df=3)

Create initial parsimony tree by phylogenetic likelihood library (PLL)... 0.001 seconds

NOTE: 1 MB RAM is required!
Estimate model parameters (epsilon = 0.100)
1. Initial log-likelihood: -4899.259
2. Current log-likelihood: -4815.225
3. Current log-likelihood: -4804.997
4. Current log-likelihood: -4803.179
5. Current log-likelihood: -4802.686
Optimal log-likelihood: -4802.598
Rate parameters:  A-C: 1.134  A-G: 1.283  A-T: 1.257  C-G: 0.920  C-T: 1.428  G-T: 1.000
Base frequencies:   A: 0.235  C: 0.289  G: 0.245  T: 0.232
Gamma shape alpha: 3.642
Parameters optimization took 5 rounds (0.066 sec)
--------------------------------------------------------------------
|             INITIALIZING CANDIDATE TREE SET                      |
--------------------------------------------------------------------
Computing ML distances based on estimated model parameters... 0.004 sec
Computing BIONJ tree...
0.001 seconds
Log-likelihood of BIONJ tree: -4839.154
Generating 98 parsimony trees... 0.113 seconds 3 distinct starting trees
Computing log-likelihood of 3 initial trees ... 0.003 seconds
Optimizing top 3 initial trees with NNI...
Iteration 1 / LogL: -4802.598 / Time: 0h:0m:0s
Estimate model parameters (epsilon = 0.100)
BETTER SCORE FOUND at iteration 1: -4802.550
Iteration 2 / LogL: -4802.824 / Time: 0h:0m:0s
Iteration 3 / LogL: -4802.663 / Time: 0h:0m:0s
Average CPU time for 1 NNI search: 0.013
Finish initializing candidate tree set. Number of distinct locally optimal trees: 1
Current best tree score: -4802.550 / CPU time: 0.156
--------------------------------------------------------------------
|               OPTIMIZING CANDIDATE TREE SET                      |
--------------------------------------------------------------------
Iteration 10 / LogL: -4808.716 / Time: 0h:0m:0s
Iteration 20 / LogL: -4808.844 / Time: 0h:0m:0s (0h:0m:3s left)
Iteration 30 / LogL: -4810.826 / Time: 0h:0m:1s (0h:0m:2s left)
Iteration 40 / LogL: -4810.132 / Time: 0h:0m:1s (0h:0m:2s left)
Iteration 50 / LogL: -4808.689 / Time: 0h:0m:1s (0h:0m:1s left)
Iteration 60 / LogL: -4802.599 / Time: 0h:0m:2s (0h:0m:1s left)
Iteration 70 / LogL: -4803.155 / Time: 0h:0m:2s (0h:0m:1s left)
Iteration 80 / LogL: -4808.610 / Time: 0h:0m:2s (0h:0m:0s left)
Iteration 90 / LogL: -4808.770 / Time: 0h:0m:3s (0h:0m:0s left)
Iteration 100 / LogL: -4803.727 / Time: 0h:0m:3s (0h:0m:0s left)
TREE SEARCH COMPLETED AFTER 101 ITERATIONS / Time: 0h:0m:3s

--------------------------------------------------------------------
|                    FINALIZING TREE SEARCH                        |
--------------------------------------------------------------------
Performs final model parameters optimization
Estimate model parameters (epsilon = 0.010)
1. Initial log-likelihood: -4802.550
Optimal log-likelihood: -4802.542
Rate parameters:  A-C: 1.129  A-G: 1.295  A-T: 1.233  C-G: 0.936  C-T: 1.417  G-T: 1.000
Base frequencies:   A: 0.235  C: 0.289  G: 0.245  T: 0.232
Gamma shape alpha: 3.693
Parameters optimization took 1 rounds (0.009 sec)
BEST SCORE FOUND : -4802.542

Testing tree branches by SH-like aLRT with 1000 replicates...
CPU Time used:  0.120 sec.
Total tree length: 7.231

Total number of iterations: 101
CPU time used for tree search: 3.500 sec (0h:0m:3s)
Wall-clock time used for tree search: 3.505 sec (0h:0m:3s)
Total CPU time used: 3.728 sec (0h:0m:3s)
Total wall-clock time used: 3.734 sec (0h:0m:3s)

Analysis results written to: 
  IQ-TREE report:                ../simulations/data_D10T0L20I10T10//S/317_pruned.fasta.iqtree
  Maximum-likelihood tree:       ../simulations/data_D10T0L20I10T10//S/317_pruned.fasta.treefile
  Likelihood distances:          ../simulations/data_D10T0L20I10T10//S/317_pruned.fasta.mldist
  Screen log file:               ../simulations/data_D10T0L20I10T10//S/317_pruned.fasta.log

Date and Time: Mon Jun  4 00:07:05 2018
