IQ-TREE version 1.4.2 for Linux 64-bit built Apr 15 2016
Copyright (c) 2011-2015 Nguyen Lam Tung, Olga Chernomor, Arndt von Haeseler and Bui Quang Minh.

Host:    meduse (AVX2, FMA3, 7 GB RAM)
Command: iqtree -s ../simulations/data_D10T0L20I10T10//S/320_pruned.fasta -m GTR+G -alrt 1000 -redo
Seed:    14854 (Using SPRNG - Scalable Parallel Random Number Generator)
Time:    Sun Jun  3 23:38:26 2018
Kernel:  AVX

NOTE: Consider using the multicore version because your CPU has 4 cores!

Reading alignment file ../simulations/data_D10T0L20I10T10//S/320_pruned.fasta ... Fasta format detected
Alignment most likely contains DNA/RNA sequences
Alignment has 26 sequences with 300 columns and 299 patterns (295 informative sites)
          Gap/Ambiguity  Composition  p-value
   1  n277_278    0.00%    passed     73.20%
   2  n286_287    0.00%    passed     19.43%
   3  n296_297    0.00%    passed     71.34%
   4  n285_286    0.00%    passed     20.81%
   5  n289_290    0.00%    passed     69.19%
   6  n274_275    0.00%    passed     82.79%
   7  n255_256    0.00%    passed     98.04%
   8  n275_276    0.00%    passed     91.63%
   9  n278_279    0.00%    passed     61.07%
  10  n299_300    0.00%    passed     79.21%
  11  n236_237    0.00%    passed     63.69%
  12  n293_294    0.00%    passed     89.69%
  13  n290_291    0.00%    passed     83.47%
  14  n297_298    0.00%    passed     60.04%
  15  n200_201    0.00%    passed     95.64%
  16  n292_293    0.00%    passed     54.63%
  17  n280_281    0.00%    passed     77.07%
  18  n295_296    0.00%    passed     84.63%
  19  n287_288    0.00%    passed     67.70%
  20  n244_245    0.00%    passed     56.07%
  21  n265_266    0.00%    passed     63.87%
  22  n266_267    0.00%    passed     78.53%
  23  n294_295    0.00%    passed     97.31%
  24  n251_252    0.00%    passed     81.75%
  25  n298_299    0.00%    passed     60.04%
  26  n300_301    0.00%    passed     71.27%
****  TOTAL       0.00%  0 sequences failed composition chi2 test (p-value<5%; df=3)

Create initial parsimony tree by phylogenetic likelihood library (PLL)... 0.002 seconds

NOTE: 1 MB RAM is required!
Estimate model parameters (epsilon = 0.100)
1. Initial log-likelihood: -5403.080
2. Current log-likelihood: -5311.465
3. Current log-likelihood: -5296.804
4. Current log-likelihood: -5293.760
5. Current log-likelihood: -5293.003
6. Current log-likelihood: -5292.825
Optimal log-likelihood: -5292.715
Rate parameters:  A-C: 1.378  A-G: 1.346  A-T: 1.277  C-G: 1.179  C-T: 1.595  G-T: 1.000
Base frequencies:   A: 0.226  C: 0.271  G: 0.258  T: 0.245
Gamma shape alpha: 3.489
Parameters optimization took 6 rounds (0.074 sec)
--------------------------------------------------------------------
|             INITIALIZING CANDIDATE TREE SET                      |
--------------------------------------------------------------------
Computing ML distances based on estimated model parameters... 0.004 sec
WARNING: Some pairwise ML distances are too long (saturated)
Computing BIONJ tree...
0.000 seconds
Log-likelihood of BIONJ tree: -5293.464
Generating 98 parsimony trees... 0.149 seconds 2 distinct starting trees
Computing log-likelihood of 2 initial trees ... 0.000 seconds
Optimizing top 2 initial trees with NNI...
Iteration 1 / LogL: -5288.869 / Time: 0h:0m:0s
Estimate model parameters (epsilon = 0.100)
BETTER TREE FOUND at iteration 1: -5288.613
Iteration 2 / LogL: -5290.271 / Time: 0h:0m:0s
Average CPU time for 1 NNI search: 0.020
Finish initializing candidate tree set. Number of distinct locally optimal trees: 2
Current best tree score: -5288.613 / CPU time: 0.184
--------------------------------------------------------------------
|               OPTIMIZING CANDIDATE TREE SET                      |
--------------------------------------------------------------------
Iteration 10 / LogL: -5288.634 / Time: 0h:0m:0s
Iteration 20 / LogL: -5289.563 / Time: 0h:0m:0s (0h:0m:3s left)
Iteration 30 / LogL: -5289.067 / Time: 0h:0m:1s (0h:0m:2s left)
Iteration 40 / LogL: -5289.234 / Time: 0h:0m:1s (0h:0m:2s left)
Iteration 50 / LogL: -5288.531 / Time: 0h:0m:1s (0h:0m:1s left)
Estimate model parameters (epsilon = 0.010)
UPDATE BEST LOG-LIKELIHOOD: -5288.384
Iteration 60 / LogL: -5290.075 / Time: 0h:0m:2s (0h:0m:1s left)
Iteration 70 / LogL: -5302.219 / Time: 0h:0m:2s (0h:0m:1s left)
Iteration 80 / LogL: -5289.942 / Time: 0h:0m:2s (0h:0m:0s left)
Iteration 90 / LogL: -5289.596 / Time: 0h:0m:2s (0h:0m:0s left)
Iteration 100 / LogL: -5289.949 / Time: 0h:0m:3s (0h:0m:0s left)
TREE SEARCH COMPLETED AFTER 101 ITERATIONS / Time: 0h:0m:3s

--------------------------------------------------------------------
|                    FINALIZING TREE SEARCH                        |
--------------------------------------------------------------------
Performs final model parameters optimization
Estimate model parameters (epsilon = 0.010)
1. Initial log-likelihood: -5288.384
Optimal log-likelihood: -5288.383
Rate parameters:  A-C: 1.293  A-G: 1.303  A-T: 1.243  C-G: 1.126  C-T: 1.561  G-T: 1.000
Base frequencies:   A: 0.226  C: 0.271  G: 0.258  T: 0.245
Gamma shape alpha: 3.378
Parameters optimization took 1 rounds (0.007 sec)
BEST SCORE FOUND : -5288.383

Testing tree branches by SH-like aLRT with 1000 replicates...
CPU Time used:  0.124 sec.
Total tree length: 9.633

Total number of iterations: 101
CPU time used for tree search: 3.204 sec (0h:0m:3s)
Wall-clock time used for tree search: 3.208 sec (0h:0m:3s)
Total CPU time used: 3.436 sec (0h:0m:3s)
Total wall-clock time used: 3.445 sec (0h:0m:3s)

Analysis results written to: 
  IQ-TREE report:                ../simulations/data_D10T0L20I10T10//S/320_pruned.fasta.iqtree
  Maximum-likelihood tree:       ../simulations/data_D10T0L20I10T10//S/320_pruned.fasta.treefile
  Likelihood distances:          ../simulations/data_D10T0L20I10T10//S/320_pruned.fasta.mldist
  Screen log file:               ../simulations/data_D10T0L20I10T10//S/320_pruned.fasta.log

Date and Time: Sun Jun  3 23:38:29 2018
