IQ-TREE version 1.4.2 for Linux 64-bit built Apr 15 2016
Copyright (c) 2011-2015 Nguyen Lam Tung, Olga Chernomor, Arndt von Haeseler and Bui Quang Minh.

Host:    meduse (AVX2, FMA3, 7 GB RAM)
Command: iqtree -s ../simulations/data_D10T0L20I10T10//S/321_pruned.fasta -m GTR+G -alrt 1000 -redo
Seed:    381421 (Using SPRNG - Scalable Parallel Random Number Generator)
Time:    Sun Jun  3 23:26:34 2018
Kernel:  AVX

NOTE: Consider using the multicore version because your CPU has 4 cores!

Reading alignment file ../simulations/data_D10T0L20I10T10//S/321_pruned.fasta ... Fasta format detected
Alignment most likely contains DNA/RNA sequences
Alignment has 26 sequences with 300 columns and 300 patterns (293 informative sites)
          Gap/Ambiguity  Composition  p-value
   1  n277_278    0.00%    passed     58.98%
   2  n286_287    0.00%    passed     20.48%
   3  n296_297    0.00%    passed     81.17%
   4  n285_286    0.00%    passed     64.02%
   5  n289_290    0.00%    passed     90.89%
   6  n274_275    0.00%    passed     50.49%
   7  n255_256    0.00%    failed      3.59%
   8  n275_276    0.00%    passed     93.83%
   9  n278_279    0.00%    passed      8.61%
  10  n299_300    0.00%    passed     54.05%
  11  n236_237    0.00%    passed     71.51%
  12  n293_294    0.00%    passed     40.83%
  13  n290_291    0.00%    passed     73.83%
  14  n297_298    0.00%    passed     58.86%
  15  n200_201    0.00%    passed     60.17%
  16  n292_293    0.00%    passed     46.01%
  17  n280_281    0.00%    passed     36.11%
  18  n295_296    0.00%    passed     76.25%
  19  n287_288    0.00%    passed     94.68%
  20  n244_245    0.00%    failed      1.37%
  21  n265_266    0.00%    passed     98.24%
  22  n266_267    0.00%    passed     96.76%
  23  n294_295    0.00%    passed     65.54%
  24  n251_252    0.00%    passed     21.95%
  25  n298_299    0.00%    passed     68.88%
  26  n300_301    0.00%    passed     42.95%
****  TOTAL       0.00%  2 sequences failed composition chi2 test (p-value<5%; df=3)

Create initial parsimony tree by phylogenetic likelihood library (PLL)... 0.001 seconds

NOTE: 1 MB RAM is required!
Estimate model parameters (epsilon = 0.100)
1. Initial log-likelihood: -5254.557
2. Current log-likelihood: -5128.591
3. Current log-likelihood: -5115.633
4. Current log-likelihood: -5114.032
5. Current log-likelihood: -5113.714
Optimal log-likelihood: -5113.631
Rate parameters:  A-C: 1.285  A-G: 1.669  A-T: 1.650  C-G: 1.104  C-T: 1.387  G-T: 1.000
Base frequencies:   A: 0.204  C: 0.285  G: 0.253  T: 0.259
Gamma shape alpha: 4.541
Parameters optimization took 5 rounds (0.076 sec)
--------------------------------------------------------------------
|             INITIALIZING CANDIDATE TREE SET                      |
--------------------------------------------------------------------
Computing ML distances based on estimated model parameters... 0.004 sec
WARNING: Some pairwise ML distances are too long (saturated)
Computing BIONJ tree...
0.000 seconds
Log-likelihood of BIONJ tree: -5147.553
Generating 98 parsimony trees... 0.126 seconds 4 distinct starting trees
Computing log-likelihood of 4 initial trees ... 0.006 seconds
Optimizing top 4 initial trees with NNI...
Iteration 1 / LogL: -5113.616 / Time: 0h:0m:0s
Estimate model parameters (epsilon = 0.100)
BETTER TREE FOUND at iteration 1: -5113.579
Iteration 2 / LogL: -5112.342 / Time: 0h:0m:0s
Estimate model parameters (epsilon = 0.100)
BETTER TREE FOUND at iteration 2: -5112.129
Iteration 3 / LogL: -5112.277 / Time: 0h:0m:0s
Iteration 4 / LogL: -5112.012 / Time: 0h:0m:0s
Estimate model parameters (epsilon = 0.100)
BETTER SCORE FOUND at iteration 4: -5111.968
Average CPU time for 1 NNI search: 0.029
Finish initializing candidate tree set. Number of distinct locally optimal trees: 3
Current best tree score: -5111.968 / CPU time: 0.248
--------------------------------------------------------------------
|               OPTIMIZING CANDIDATE TREE SET                      |
--------------------------------------------------------------------
Iteration 10 / LogL: -5114.644 / Time: 0h:0m:0s
Iteration 20 / LogL: -5120.451 / Time: 0h:0m:0s (0h:0m:4s left)
Iteration 30 / LogL: -5498.130 / Time: 0h:0m:1s (0h:0m:3s left)
Estimate model parameters (epsilon = 0.010)
BETTER TREE FOUND at iteration 38: -5111.585
Iteration 40 / LogL: -5111.644 / Time: 0h:0m:1s (0h:0m:4s left)
Iteration 50 / LogL: -5112.218 / Time: 0h:0m:2s (0h:0m:3s left)
Iteration 60 / LogL: -5224.049 / Time: 0h:0m:2s (0h:0m:3s left)
Iteration 70 / LogL: -5568.501 / Time: 0h:0m:2s (0h:0m:2s left)
Iteration 80 / LogL: -5262.888 / Time: 0h:0m:2s (0h:0m:2s left)
Iteration 90 / LogL: -5112.465 / Time: 0h:0m:3s (0h:0m:1s left)
Iteration 100 / LogL: -5114.930 / Time: 0h:0m:3s (0h:0m:1s left)
Iteration 110 / LogL: -5111.648 / Time: 0h:0m:4s (0h:0m:1s left)
Iteration 120 / LogL: -5111.589 / Time: 0h:0m:4s (0h:0m:0s left)
Iteration 130 / LogL: -5117.892 / Time: 0h:0m:4s (0h:0m:0s left)
TREE SEARCH COMPLETED AFTER 138 ITERATIONS / Time: 0h:0m:4s

--------------------------------------------------------------------
|                    FINALIZING TREE SEARCH                        |
--------------------------------------------------------------------
Performs final model parameters optimization
Estimate model parameters (epsilon = 0.010)
1. Initial log-likelihood: -5111.583
Optimal log-likelihood: -5111.576
Rate parameters:  A-C: 1.318  A-G: 1.707  A-T: 1.752  C-G: 1.163  C-T: 1.444  G-T: 1.000
Base frequencies:   A: 0.204  C: 0.285  G: 0.253  T: 0.259
Gamma shape alpha: 4.601
Parameters optimization took 1 rounds (0.007 sec)
BEST SCORE FOUND : -5111.576

Testing tree branches by SH-like aLRT with 1000 replicates...
CPU Time used:  0.120 sec.
Total tree length: 11.070

Total number of iterations: 138
CPU time used for tree search: 4.860 sec (0h:0m:4s)
Wall-clock time used for tree search: 4.860 sec (0h:0m:4s)
Total CPU time used: 5.108 sec (0h:0m:5s)
Total wall-clock time used: 5.113 sec (0h:0m:5s)

Analysis results written to: 
  IQ-TREE report:                ../simulations/data_D10T0L20I10T10//S/321_pruned.fasta.iqtree
  Maximum-likelihood tree:       ../simulations/data_D10T0L20I10T10//S/321_pruned.fasta.treefile
  Likelihood distances:          ../simulations/data_D10T0L20I10T10//S/321_pruned.fasta.mldist
  Screen log file:               ../simulations/data_D10T0L20I10T10//S/321_pruned.fasta.log

Date and Time: Sun Jun  3 23:26:39 2018
