IQ-TREE version 1.4.2 for Linux 64-bit built Apr 15 2016
Copyright (c) 2011-2015 Nguyen Lam Tung, Olga Chernomor, Arndt von Haeseler and Bui Quang Minh.

Host:    meduse (AVX2, FMA3, 7 GB RAM)
Command: iqtree -s ../simulations/data_D10T0L20I10T10//S/324_pruned.fasta -m GTR+G -alrt 1000 -redo
Seed:    126898 (Using SPRNG - Scalable Parallel Random Number Generator)
Time:    Sun Jun  3 23:43:03 2018
Kernel:  AVX

NOTE: Consider using the multicore version because your CPU has 4 cores!

Reading alignment file ../simulations/data_D10T0L20I10T10//S/324_pruned.fasta ... Fasta format detected
Alignment most likely contains DNA/RNA sequences
Alignment has 21 sequences with 300 columns and 298 patterns (294 informative sites)
          Gap/Ambiguity  Composition  p-value
   1  n278_277    0.00%    failed      3.80%
   2  n277_276    0.00%    passed      7.67%
   3  n297_290    0.00%    passed     78.75%
   4  n294_287    0.00%    passed     91.17%
   5  n290_285    0.00%    passed     81.74%
   6  n287_282    0.00%    passed     31.61%
   7  n285_280    0.00%    passed     25.93%
   8  n296_289    0.00%    passed     75.14%
   9  n289_284    0.00%    passed     64.49%
  10  n293_286    0.00%    passed     98.40%
  11  n236_237    0.00%    passed     85.27%
  12  n200_201    0.00%    passed      6.54%
  13  n275_274    0.00%    passed     93.86%
  14  n266_267    0.00%    passed     56.96%
  15  n255_256    0.00%    passed     80.19%
  16  n244_245    0.00%    passed     31.39%
  17  n298_291    0.00%    passed     87.19%
  18  n295_288    0.00%    passed     73.60%
  19  n265_266    0.00%    passed     98.06%
  20  n251_252    0.00%    passed     54.86%
  21  n286_281    0.00%    passed     40.32%
****  TOTAL       0.00%  1 sequences failed composition chi2 test (p-value<5%; df=3)

Create initial parsimony tree by phylogenetic likelihood library (PLL)... 0.001 seconds

NOTE: 0 MB RAM is required!
Estimate model parameters (epsilon = 0.100)
1. Initial log-likelihood: -4714.081
2. Current log-likelihood: -4630.104
3. Current log-likelihood: -4612.469
4. Current log-likelihood: -4607.414
5. Current log-likelihood: -4605.850
6. Current log-likelihood: -4605.454
7. Current log-likelihood: -4605.347
Optimal log-likelihood: -4605.274
Rate parameters:  A-C: 1.207  A-G: 1.369  A-T: 0.881  C-G: 1.059  C-T: 0.987  G-T: 1.000
Base frequencies:   A: 0.227  C: 0.265  G: 0.247  T: 0.262
Gamma shape alpha: 6.193
Parameters optimization took 7 rounds (0.061 sec)
--------------------------------------------------------------------
|             INITIALIZING CANDIDATE TREE SET                      |
--------------------------------------------------------------------
Computing ML distances based on estimated model parameters... 0.004 sec
WARNING: Some pairwise ML distances are too long (saturated)
Computing BIONJ tree...
0.000 seconds
Log-likelihood of BIONJ tree: -4605.363
Generating 98 parsimony trees... 0.097 seconds 2 distinct starting trees
Computing log-likelihood of 2 initial trees ... 0.000 seconds
Optimizing top 2 initial trees with NNI...
Iteration 1 / LogL: -4605.274 / Time: 0h:0m:0s
Estimate model parameters (epsilon = 0.100)
BETTER SCORE FOUND at iteration 1: -4605.236
Iteration 2 / LogL: -4605.183 / Time: 0h:0m:0s
Estimate model parameters (epsilon = 0.100)
BETTER TREE FOUND at iteration 2: -4605.115
Average CPU time for 1 NNI search: 0.012
Finish initializing candidate tree set. Number of distinct locally optimal trees: 2
Current best tree score: -4605.115 / CPU time: 0.120
--------------------------------------------------------------------
|               OPTIMIZING CANDIDATE TREE SET                      |
--------------------------------------------------------------------
Iteration 10 / LogL: -4606.264 / Time: 0h:0m:0s
Estimate model parameters (epsilon = 0.010)
UPDATE BEST LOG-LIKELIHOOD: -4604.892
Iteration 20 / LogL: -4605.305 / Time: 0h:0m:0s (0h:0m:2s left)
Iteration 30 / LogL: -4634.715 / Time: 0h:0m:0s (0h:0m:2s left)
Iteration 40 / LogL: -4605.232 / Time: 0h:0m:1s (0h:0m:1s left)
Iteration 50 / LogL: -4606.694 / Time: 0h:0m:1s (0h:0m:1s left)
Iteration 60 / LogL: -4624.614 / Time: 0h:0m:1s (0h:0m:1s left)
Iteration 70 / LogL: -4653.206 / Time: 0h:0m:1s (0h:0m:0s left)
Iteration 80 / LogL: -4615.099 / Time: 0h:0m:2s (0h:0m:0s left)
Iteration 90 / LogL: -4605.412 / Time: 0h:0m:2s (0h:0m:0s left)
Iteration 100 / LogL: -4605.478 / Time: 0h:0m:2s (0h:0m:0s left)
TREE SEARCH COMPLETED AFTER 101 ITERATIONS / Time: 0h:0m:2s

--------------------------------------------------------------------
|                    FINALIZING TREE SEARCH                        |
--------------------------------------------------------------------
Performs final model parameters optimization
Estimate model parameters (epsilon = 0.010)
1. Initial log-likelihood: -4604.892
Optimal log-likelihood: -4604.890
Rate parameters:  A-C: 1.225  A-G: 1.383  A-T: 0.886  C-G: 1.060  C-T: 0.967  G-T: 1.000
Base frequencies:   A: 0.227  C: 0.265  G: 0.247  T: 0.262
Gamma shape alpha: 6.111
Parameters optimization took 1 rounds (0.006 sec)
BEST SCORE FOUND : -4604.890

Testing tree branches by SH-like aLRT with 1000 replicates...
CPU Time used:  0.096 sec.
Total tree length: 7.962

Total number of iterations: 101
CPU time used for tree search: 2.500 sec (0h:0m:2s)
Wall-clock time used for tree search: 2.504 sec (0h:0m:2s)
Total CPU time used: 2.680 sec (0h:0m:2s)
Total wall-clock time used: 2.687 sec (0h:0m:2s)

Analysis results written to: 
  IQ-TREE report:                ../simulations/data_D10T0L20I10T10//S/324_pruned.fasta.iqtree
  Maximum-likelihood tree:       ../simulations/data_D10T0L20I10T10//S/324_pruned.fasta.treefile
  Likelihood distances:          ../simulations/data_D10T0L20I10T10//S/324_pruned.fasta.mldist
  Screen log file:               ../simulations/data_D10T0L20I10T10//S/324_pruned.fasta.log

Date and Time: Sun Jun  3 23:43:05 2018
