IQ-TREE version 1.4.2 for Linux 64-bit built Apr 15 2016
Copyright (c) 2011-2015 Nguyen Lam Tung, Olga Chernomor, Arndt von Haeseler and Bui Quang Minh.

Host:    meduse (AVX2, FMA3, 7 GB RAM)
Command: iqtree -s ../simulations/data_D10T0L20I10T10//S/325_pruned.fasta -m GTR+G -alrt 1000 -redo
Seed:    181810 (Using SPRNG - Scalable Parallel Random Number Generator)
Time:    Fri Jun  1 10:57:20 2018
Kernel:  AVX

NOTE: Consider using the multicore version because your CPU has 4 cores!

Reading alignment file ../simulations/data_D10T0L20I10T10//S/325_pruned.fasta ... Fasta format detected
Alignment most likely contains DNA/RNA sequences
Alignment has 26 sequences with 300 columns and 180 patterns (157 informative sites)
          Gap/Ambiguity  Composition  p-value
   1  n289_290    0.00%    passed     92.53%
   2  n294_295    0.00%    passed     93.19%
   3  n295_296    0.00%    passed     88.25%
   4  n266_267    0.00%    passed     78.01%
   5  n299_300    0.00%    passed     65.03%
   6  n298_299    0.00%    passed     78.85%
   7  n290_291    0.00%    passed     93.28%
   8  n274_275    0.00%    passed     66.59%
   9  n251_252    0.00%    passed     97.03%
  10  n293_294    0.00%    passed     96.50%
  11  n265_266    0.00%    passed     99.53%
  12  n296_297    0.00%    passed     94.70%
  13  n300_301    0.00%    passed     65.03%
  14  n244_245    0.00%    passed     90.67%
  15  n278_279    0.00%    passed     56.77%
  16  n287_288    0.00%    passed     95.92%
  17  n200_201    0.00%    passed     25.30%
  18  n277_278    0.00%    passed     58.94%
  19  n297_298    0.00%    passed     88.25%
  20  n236_237    0.00%    passed     76.04%
  21  n280_281    0.00%    passed     62.44%
  22  n285_286    0.00%    passed     89.97%
  23  n275_276    0.00%    passed     89.37%
  24  n255_256    0.00%    passed     96.62%
  25  n292_293    0.00%    passed     66.59%
  26  n286_287    0.00%    passed     89.97%
****  TOTAL       0.00%  0 sequences failed composition chi2 test (p-value<5%; df=3)
NOTE: 1 identical sequences (see below) will be ignored for subsequent analysis
NOTE: n300_301 (identical to n299_300) is ignored but added at the end

Create initial parsimony tree by phylogenetic likelihood library (PLL)... 0.001 seconds

NOTE: 0 MB RAM is required!
Estimate model parameters (epsilon = 0.100)
1. Initial log-likelihood: -2081.093
2. Current log-likelihood: -2046.947
3. Current log-likelihood: -2046.452
Optimal log-likelihood: -2046.444
Rate parameters:  A-C: 1.033  A-G: 1.517  A-T: 1.162  C-G: 1.086  C-T: 1.008  G-T: 1.000
Base frequencies:   A: 0.268  C: 0.261  G: 0.227  T: 0.244
Gamma shape alpha: 5.988
Parameters optimization took 3 rounds (0.024 sec)
--------------------------------------------------------------------
|             INITIALIZING CANDIDATE TREE SET                      |
--------------------------------------------------------------------
Computing ML distances based on estimated model parameters... 0.000 sec
Computing BIONJ tree...
0.000 seconds
Log-likelihood of BIONJ tree: -2046.423
Generating 98 parsimony trees... 0.077 seconds 27 distinct starting trees
Computing log-likelihood of 27 initial trees ... 0.045 seconds
Optimizing top 20 initial trees with NNI...
Iteration 1 / LogL: -2046.423 / Time: 0h:0m:0s
Estimate model parameters (epsilon = 0.100)
BETTER SCORE FOUND at iteration 1: -2046.419
Iteration 2 / LogL: -2046.434 / Time: 0h:0m:0s
Iteration 3 / LogL: -2046.434 / Time: 0h:0m:0s
Iteration 4 / LogL: -2046.434 / Time: 0h:0m:0s
Iteration 5 / LogL: -2046.434 / Time: 0h:0m:0s
Iteration 6 / LogL: -2046.434 / Time: 0h:0m:0s
Iteration 7 / LogL: -2046.434 / Time: 0h:0m:0s
Iteration 8 / LogL: -2046.434 / Time: 0h:0m:0s
Iteration 9 / LogL: -2046.434 / Time: 0h:0m:0s
Iteration 10 / LogL: -2046.437 / Time: 0h:0m:0s
Iteration 11 / LogL: -2046.437 / Time: 0h:0m:0s
Iteration 12 / LogL: -2046.437 / Time: 0h:0m:0s
Iteration 13 / LogL: -2046.437 / Time: 0h:0m:0s
Iteration 14 / LogL: -2046.437 / Time: 0h:0m:0s
Iteration 15 / LogL: -2046.437 / Time: 0h:0m:0s
Iteration 16 / LogL: -2046.437 / Time: 0h:0m:0s
Iteration 17 / LogL: -2046.437 / Time: 0h:0m:0s
Iteration 18 / LogL: -2046.437 / Time: 0h:0m:0s
Iteration 19 / LogL: -2046.437 / Time: 0h:0m:0s
Iteration 20 / LogL: -2046.437 / Time: 0h:0m:0s
Average CPU time for 1 NNI search: 0.005
Finish initializing candidate tree set. Number of distinct locally optimal trees: 9
Current best tree score: -2046.419 / CPU time: 0.220
--------------------------------------------------------------------
|               OPTIMIZING CANDIDATE TREE SET                      |
--------------------------------------------------------------------
Iteration 30 / LogL: -2046.419 / Time: 0h:0m:0s (0h:0m:0s left)
Iteration 40 / LogL: -2049.760 / Time: 0h:0m:0s (0h:0m:0s left)
Iteration 50 / LogL: -2046.446 / Time: 0h:0m:0s (0h:0m:0s left)
Iteration 60 / LogL: -2046.438 / Time: 0h:0m:0s (0h:0m:0s left)
Iteration 70 / LogL: -2046.419 / Time: 0h:0m:0s (0h:0m:0s left)
Iteration 80 / LogL: -2046.426 / Time: 0h:0m:1s (0h:0m:0s left)
Iteration 90 / LogL: -2046.419 / Time: 0h:0m:1s (0h:0m:0s left)
Iteration 100 / LogL: -2046.437 / Time: 0h:0m:1s (0h:0m:0s left)
TREE SEARCH COMPLETED AFTER 101 ITERATIONS / Time: 0h:0m:1s

--------------------------------------------------------------------
|                    FINALIZING TREE SEARCH                        |
--------------------------------------------------------------------
Performs final model parameters optimization
Estimate model parameters (epsilon = 0.010)
1. Initial log-likelihood: -2046.419
Optimal log-likelihood: -2046.419
Rate parameters:  A-C: 1.029  A-G: 1.520  A-T: 1.160  C-G: 1.082  C-T: 0.990  G-T: 1.000
Base frequencies:   A: 0.268  C: 0.261  G: 0.227  T: 0.244
Gamma shape alpha: 5.999
Parameters optimization took 1 rounds (0.004 sec)
BEST SCORE FOUND : -2046.419

Testing tree branches by SH-like aLRT with 1000 replicates...
CPU Time used:  0.096 sec.
Total tree length: 1.203

Total number of iterations: 101
CPU time used for tree search: 1.372 sec (0h:0m:1s)
Wall-clock time used for tree search: 1.370 sec (0h:0m:1s)
Total CPU time used: 1.504 sec (0h:0m:1s)
Total wall-clock time used: 1.510 sec (0h:0m:1s)

Analysis results written to: 
  IQ-TREE report:                ../simulations/data_D10T0L20I10T10//S/325_pruned.fasta.iqtree
  Maximum-likelihood tree:       ../simulations/data_D10T0L20I10T10//S/325_pruned.fasta.treefile
  Likelihood distances:          ../simulations/data_D10T0L20I10T10//S/325_pruned.fasta.mldist
  Screen log file:               ../simulations/data_D10T0L20I10T10//S/325_pruned.fasta.log

Date and Time: Fri Jun  1 10:57:21 2018
