IQ-TREE version 1.4.2 for Linux 64-bit built Apr 15 2016
Copyright (c) 2011-2015 Nguyen Lam Tung, Olga Chernomor, Arndt von Haeseler and Bui Quang Minh.

Host:    meduse (AVX2, FMA3, 7 GB RAM)
Command: iqtree -s ../simulations/data_D10T0L20I10T10//S/32_pruned.fasta -m GTR+G -alrt 1000 -redo
Seed:    746976 (Using SPRNG - Scalable Parallel Random Number Generator)
Time:    Fri Jun  1 11:03:21 2018
Kernel:  AVX

NOTE: Consider using the multicore version because your CPU has 4 cores!

Reading alignment file ../simulations/data_D10T0L20I10T10//S/32_pruned.fasta ... Fasta format detected
Alignment most likely contains DNA/RNA sequences
Alignment has 26 sequences with 300 columns and 190 patterns (167 informative sites)
          Gap/Ambiguity  Composition  p-value
   1  n289_290    0.00%    passed     90.24%
   2  n294_295    0.00%    passed     99.53%
   3  n295_296    0.00%    passed     79.48%
   4  n266_267    0.00%    passed     70.13%
   5  n299_300    0.00%    passed     77.29%
   6  n298_299    0.00%    passed     92.51%
   7  n290_291    0.00%    passed     90.24%
   8  n274_275    0.00%    passed     80.38%
   9  n251_252    0.00%    passed     98.51%
  10  n293_294    0.00%    passed     98.71%
  11  n265_266    0.00%    passed     81.19%
  12  n296_297    0.00%    passed     79.56%
  13  n300_301    0.00%    passed     77.29%
  14  n244_245    0.00%    passed     55.35%
  15  n278_279    0.00%    passed     80.13%
  16  n287_288    0.00%    passed     90.24%
  17  n200_201    0.00%    passed     91.42%
  18  n277_278    0.00%    passed     81.45%
  19  n297_298    0.00%    passed     92.51%
  20  n236_237    0.00%    passed     96.67%
  21  n280_281    0.00%    passed     79.96%
  22  n285_286    0.00%    passed     91.92%
  23  n275_276    0.00%    passed     96.31%
  24  n255_256    0.00%    passed     98.21%
  25  n292_293    0.00%    passed     77.29%
  26  n286_287    0.00%    passed     88.84%
****  TOTAL       0.00%  0 sequences failed composition chi2 test (p-value<5%; df=3)
NOTE: 4 identical sequences (see below) will be ignored for subsequent analysis
NOTE: n290_291 (identical to n289_290) is ignored but added at the end
NOTE: n287_288 (identical to n289_290) is ignored but added at the end
NOTE: n300_301 (identical to n299_300) is ignored but added at the end
NOTE: n292_293 (identical to n299_300) is ignored but added at the end

Create initial parsimony tree by phylogenetic likelihood library (PLL)... 0.001 seconds

NOTE: 0 MB RAM is required!
Estimate model parameters (epsilon = 0.100)
1. Initial log-likelihood: -2052.132
2. Current log-likelihood: -2007.450
3. Current log-likelihood: -2006.899
Optimal log-likelihood: -2006.888
Rate parameters:  A-C: 1.102  A-G: 1.118  A-T: 0.881  C-G: 1.154  C-T: 0.913  G-T: 1.000
Base frequencies:   A: 0.240  C: 0.262  G: 0.258  T: 0.240
Gamma shape alpha: 998.408
Parameters optimization took 3 rounds (0.016 sec)
--------------------------------------------------------------------
|             INITIALIZING CANDIDATE TREE SET                      |
--------------------------------------------------------------------
Computing ML distances based on estimated model parameters... 0.000 sec
Computing BIONJ tree...
0.000 seconds
Log-likelihood of BIONJ tree: -2006.888
Generating 99 parsimony trees... 0.069 seconds 3 distinct starting trees
Computing log-likelihood of 3 initial trees ... 0.003 seconds
Optimizing top 3 initial trees with NNI...
Iteration 1 / LogL: -2006.888 / Time: 0h:0m:0s
Estimate model parameters (epsilon = 0.100)
BETTER SCORE FOUND at iteration 1: -2006.829
Iteration 2 / LogL: -2006.831 / Time: 0h:0m:0s
Iteration 3 / LogL: -2006.831 / Time: 0h:0m:0s
Average CPU time for 1 NNI search: 0.005
Finish initializing candidate tree set. Number of distinct locally optimal trees: 3
Current best tree score: -2006.829 / CPU time: 0.088
--------------------------------------------------------------------
|               OPTIMIZING CANDIDATE TREE SET                      |
--------------------------------------------------------------------
Iteration 10 / LogL: -2006.843 / Time: 0h:0m:0s
Iteration 20 / LogL: -2006.830 / Time: 0h:0m:0s (0h:0m:1s left)
Iteration 30 / LogL: -2034.634 / Time: 0h:0m:0s (0h:0m:1s left)
Iteration 40 / LogL: -2006.839 / Time: 0h:0m:0s (0h:0m:0s left)
Iteration 50 / LogL: -2006.830 / Time: 0h:0m:0s (0h:0m:0s left)
Iteration 60 / LogL: -2006.829 / Time: 0h:0m:0s (0h:0m:0s left)
Iteration 70 / LogL: -2006.830 / Time: 0h:0m:0s (0h:0m:0s left)
Iteration 80 / LogL: -2006.831 / Time: 0h:0m:1s (0h:0m:0s left)
Iteration 90 / LogL: -2006.882 / Time: 0h:0m:1s (0h:0m:0s left)
Iteration 100 / LogL: -2006.920 / Time: 0h:0m:1s (0h:0m:0s left)
TREE SEARCH COMPLETED AFTER 101 ITERATIONS / Time: 0h:0m:1s

--------------------------------------------------------------------
|                    FINALIZING TREE SEARCH                        |
--------------------------------------------------------------------
Performs final model parameters optimization
Estimate model parameters (epsilon = 0.010)
1. Initial log-likelihood: -2006.829
Optimal log-likelihood: -2006.828
Rate parameters:  A-C: 1.118  A-G: 1.136  A-T: 0.875  C-G: 1.171  C-T: 0.872  G-T: 1.000
Base frequencies:   A: 0.240  C: 0.262  G: 0.258  T: 0.240
Gamma shape alpha: 998.408
Parameters optimization took 1 rounds (0.006 sec)
BEST SCORE FOUND : -2006.828

Testing tree branches by SH-like aLRT with 1000 replicates...
CPU Time used:  0.120 sec.
Total tree length: 1.139

Total number of iterations: 101
CPU time used for tree search: 1.416 sec (0h:0m:1s)
Wall-clock time used for tree search: 1.420 sec (0h:0m:1s)
Total CPU time used: 1.568 sec (0h:0m:1s)
Total wall-clock time used: 1.571 sec (0h:0m:1s)

Analysis results written to: 
  IQ-TREE report:                ../simulations/data_D10T0L20I10T10//S/32_pruned.fasta.iqtree
  Maximum-likelihood tree:       ../simulations/data_D10T0L20I10T10//S/32_pruned.fasta.treefile
  Likelihood distances:          ../simulations/data_D10T0L20I10T10//S/32_pruned.fasta.mldist
  Screen log file:               ../simulations/data_D10T0L20I10T10//S/32_pruned.fasta.log

Date and Time: Fri Jun  1 11:03:23 2018
