IQ-TREE version 1.4.2 for Linux 64-bit built Apr 15 2016
Copyright (c) 2011-2015 Nguyen Lam Tung, Olga Chernomor, Arndt von Haeseler and Bui Quang Minh.

Host:    meduse (AVX2, FMA3, 7 GB RAM)
Command: iqtree -s ../simulations/data_D8T0L15I8T8//S/330_pruned.fasta -m GTR+G -alrt 1000 -redo
Seed:    831804 (Using SPRNG - Scalable Parallel Random Number Generator)
Time:    Fri May 25 23:03:41 2018
Kernel:  AVX

NOTE: Consider using the multicore version because your CPU has 4 cores!

Reading alignment file ../simulations/data_D8T0L15I8T8//S/330_pruned.fasta ... Fasta format detected
Alignment most likely contains DNA/RNA sequences
Alignment has 26 sequences with 300 columns and 167 patterns (137 informative sites)
          Gap/Ambiguity  Composition  p-value
   1  n298_299    0.00%    passed     85.41%
   2  n280_281    0.00%    passed     94.96%
   3  n200_201    0.00%    passed     90.60%
   4  n286_287    0.00%    passed     97.34%
   5  n287_288    0.00%    passed     88.96%
   6  n266_267    0.00%    passed     96.98%
   7  n292_293    0.00%    passed     94.50%
   8  n293_294    0.00%    passed     91.64%
   9  n275_276    0.00%    passed     90.29%
  10  n289_290    0.00%    passed     91.23%
  11  n297_298    0.00%    passed     88.56%
  12  n278_279    0.00%    passed     97.92%
  13  n295_296    0.00%    passed     91.26%
  14  n251_252    0.00%    passed     35.41%
  15  n274_275    0.00%    passed     95.03%
  16  n290_291    0.00%    passed     86.36%
  17  n236_237    0.00%    passed     72.38%
  18  n255_256    0.00%    passed     54.18%
  19  n285_286    0.00%    passed     96.72%
  20  n294_295    0.00%    passed     91.64%
  21  n300_301    0.00%    passed     90.37%
  22  n265_266    0.00%    passed     96.79%
  23  n296_297    0.00%    passed     90.13%
  24  n299_300    0.00%    passed     90.86%
  25  n244_245    0.00%    passed     79.52%
  26  n277_278    0.00%    passed     96.61%
****  TOTAL       0.00%  0 sequences failed composition chi2 test (p-value<5%; df=3)
NOTE: 1 identical sequences (see below) will be ignored for subsequent analysis
NOTE: n294_295 (identical to n293_294) is ignored but added at the end

Create initial parsimony tree by phylogenetic likelihood library (PLL)... 0.001 seconds

NOTE: 0 MB RAM is required!
Estimate model parameters (epsilon = 0.100)
1. Initial log-likelihood: -2001.862
2. Current log-likelihood: -1965.997
3. Current log-likelihood: -1965.808
Optimal log-likelihood: -1965.798
Rate parameters:  A-C: 0.869  A-G: 1.058  A-T: 0.629  C-G: 0.772  C-T: 1.332  G-T: 1.000
Base frequencies:   A: 0.246  C: 0.262  G: 0.231  T: 0.261
Gamma shape alpha: 2.142
Parameters optimization took 3 rounds (0.039 sec)
--------------------------------------------------------------------
|             INITIALIZING CANDIDATE TREE SET                      |
--------------------------------------------------------------------
Computing ML distances based on estimated model parameters... 0.004 sec
Computing BIONJ tree...
0.000 seconds
Log-likelihood of BIONJ tree: -1963.096
Generating 98 parsimony trees... 0.112 seconds 20 distinct starting trees
Computing log-likelihood of 20 initial trees ... 0.051 seconds
Optimizing top 20 initial trees with NNI...
Iteration 1 / LogL: -1963.062 / Time: 0h:0m:0s
Estimate model parameters (epsilon = 0.100)
BETTER SCORE FOUND at iteration 1: -1963.040
Iteration 2 / LogL: -1963.042 / Time: 0h:0m:0s
Iteration 3 / LogL: -1963.042 / Time: 0h:0m:0s
Iteration 4 / LogL: -1963.042 / Time: 0h:0m:0s
Iteration 5 / LogL: -1963.042 / Time: 0h:0m:0s
Iteration 6 / LogL: -1963.042 / Time: 0h:0m:0s
Iteration 7 / LogL: -1963.042 / Time: 0h:0m:0s
Iteration 8 / LogL: -1963.042 / Time: 0h:0m:0s
Iteration 9 / LogL: -1963.040 / Time: 0h:0m:0s
Iteration 10 / LogL: -1963.040 / Time: 0h:0m:0s
Iteration 11 / LogL: -1963.040 / Time: 0h:0m:0s
Iteration 12 / LogL: -1963.040 / Time: 0h:0m:0s
Iteration 13 / LogL: -1963.040 / Time: 0h:0m:0s
Iteration 14 / LogL: -1963.040 / Time: 0h:0m:0s
Iteration 15 / LogL: -1963.040 / Time: 0h:0m:0s
Iteration 16 / LogL: -1963.074 / Time: 0h:0m:0s
Iteration 17 / LogL: -1963.074 / Time: 0h:0m:0s
Iteration 18 / LogL: -1963.074 / Time: 0h:0m:0s
Iteration 19 / LogL: -1963.074 / Time: 0h:0m:0s
Iteration 20 / LogL: -1963.074 / Time: 0h:0m:0s
Average CPU time for 1 NNI search: 0.008
Finish initializing candidate tree set. Number of distinct locally optimal trees: 11
Current best tree score: -1963.040 / CPU time: 0.316
--------------------------------------------------------------------
|               OPTIMIZING CANDIDATE TREE SET                      |
--------------------------------------------------------------------
Iteration 30 / LogL: -1963.050 / Time: 0h:0m:0s (0h:0m:1s left)
Iteration 40 / LogL: -1963.075 / Time: 0h:0m:0s (0h:0m:1s left)
Iteration 50 / LogL: -1963.040 / Time: 0h:0m:1s (0h:0m:1s left)
Iteration 60 / LogL: -1963.075 / Time: 0h:0m:1s (0h:0m:0s left)
Iteration 70 / LogL: -1963.040 / Time: 0h:0m:1s (0h:0m:0s left)
Iteration 80 / LogL: -1963.040 / Time: 0h:0m:1s (0h:0m:0s left)
Iteration 90 / LogL: -1974.111 / Time: 0h:0m:1s (0h:0m:0s left)
Iteration 100 / LogL: -1963.040 / Time: 0h:0m:2s (0h:0m:0s left)
TREE SEARCH COMPLETED AFTER 101 ITERATIONS / Time: 0h:0m:2s

--------------------------------------------------------------------
|                    FINALIZING TREE SEARCH                        |
--------------------------------------------------------------------
Performs final model parameters optimization
Estimate model parameters (epsilon = 0.010)
1. Initial log-likelihood: -1963.039
Optimal log-likelihood: -1963.030
Rate parameters:  A-C: 0.856  A-G: 1.046  A-T: 0.620  C-G: 0.759  C-T: 1.298  G-T: 1.000
Base frequencies:   A: 0.246  C: 0.262  G: 0.231  T: 0.261
Gamma shape alpha: 2.172
Parameters optimization took 1 rounds (0.009 sec)
BEST SCORE FOUND : -1963.030

Testing tree branches by SH-like aLRT with 1000 replicates...
CPU Time used:  0.136 sec.
Total tree length: 1.170

Total number of iterations: 101
CPU time used for tree search: 2.080 sec (0h:0m:2s)
Wall-clock time used for tree search: 2.100 sec (0h:0m:2s)
Total CPU time used: 2.280 sec (0h:0m:2s)
Total wall-clock time used: 2.304 sec (0h:0m:2s)

Analysis results written to: 
  IQ-TREE report:                ../simulations/data_D8T0L15I8T8//S/330_pruned.fasta.iqtree
  Maximum-likelihood tree:       ../simulations/data_D8T0L15I8T8//S/330_pruned.fasta.treefile
  Likelihood distances:          ../simulations/data_D8T0L15I8T8//S/330_pruned.fasta.mldist
  Screen log file:               ../simulations/data_D8T0L15I8T8//S/330_pruned.fasta.log

Date and Time: Fri May 25 23:03:44 2018
