IQ-TREE version 1.4.2 for Linux 64-bit built Apr 15 2016
Copyright (c) 2011-2015 Nguyen Lam Tung, Olga Chernomor, Arndt von Haeseler and Bui Quang Minh.

Host:    meduse (AVX2, FMA3, 7 GB RAM)
Command: iqtree -s ../simulations/data_D10T0L20I10T10//S/332_pruned.fasta -m GTR+G -alrt 1000 -redo
Seed:    509979 (Using SPRNG - Scalable Parallel Random Number Generator)
Time:    Sun Jun  3 23:58:06 2018
Kernel:  AVX

NOTE: Consider using the multicore version because your CPU has 4 cores!

Reading alignment file ../simulations/data_D10T0L20I10T10//S/332_pruned.fasta ... Fasta format detected
Alignment most likely contains DNA/RNA sequences
Alignment has 26 sequences with 300 columns and 299 patterns (293 informative sites)
          Gap/Ambiguity  Composition  p-value
   1  n277_278    0.00%    passed     49.15%
   2  n286_287    0.00%    passed     67.87%
   3  n296_297    0.00%    passed     68.16%
   4  n285_286    0.00%    passed     77.10%
   5  n289_290    0.00%    passed     35.52%
   6  n274_275    0.00%    passed     57.10%
   7  n255_256    0.00%    failed      3.19%
   8  n275_276    0.00%    passed     95.06%
   9  n278_279    0.00%    passed     98.33%
  10  n299_300    0.00%    passed     36.64%
  11  n236_237    0.00%    passed     30.82%
  12  n293_294    0.00%    passed     40.48%
  13  n290_291    0.00%    passed     66.87%
  14  n297_298    0.00%    passed     87.18%
  15  n200_201    0.00%    passed     44.85%
  16  n292_293    0.00%    passed     55.79%
  17  n280_281    0.00%    passed     40.04%
  18  n295_296    0.00%    passed     68.32%
  19  n287_288    0.00%    passed     67.81%
  20  n244_245    0.00%    passed     12.05%
  21  n265_266    0.00%    passed     17.80%
  22  n266_267    0.00%    passed     18.77%
  23  n294_295    0.00%    passed     61.32%
  24  n251_252    0.00%    passed     27.91%
  25  n298_299    0.00%    passed     85.62%
  26  n300_301    0.00%    passed     19.69%
****  TOTAL       0.00%  1 sequences failed composition chi2 test (p-value<5%; df=3)

Create initial parsimony tree by phylogenetic likelihood library (PLL)... 0.002 seconds

NOTE: 1 MB RAM is required!
Estimate model parameters (epsilon = 0.100)
1. Initial log-likelihood: -5194.851
2. Current log-likelihood: -5109.475
3. Current log-likelihood: -5096.839
4. Current log-likelihood: -5093.943
5. Current log-likelihood: -5093.303
6. Current log-likelihood: -5093.168
Optimal log-likelihood: -5093.094
Rate parameters:  A-C: 1.345  A-G: 1.151  A-T: 0.847  C-G: 0.938  C-T: 1.432  G-T: 1.000
Base frequencies:   A: 0.232  C: 0.264  G: 0.258  T: 0.246
Gamma shape alpha: 3.894
Parameters optimization took 6 rounds (0.075 sec)
--------------------------------------------------------------------
|             INITIALIZING CANDIDATE TREE SET                      |
--------------------------------------------------------------------
Computing ML distances based on estimated model parameters... 0.004 sec
WARNING: Some pairwise ML distances are too long (saturated)
Computing BIONJ tree...
0.000 seconds
Log-likelihood of BIONJ tree: -5110.277
Generating 98 parsimony trees... 0.161 seconds 4 distinct starting trees
Computing log-likelihood of 4 initial trees ... 0.006 seconds
Optimizing top 4 initial trees with NNI...
Iteration 1 / LogL: -5092.247 / Time: 0h:0m:0s
Estimate model parameters (epsilon = 0.100)
BETTER TREE FOUND at iteration 1: -5091.998
Iteration 2 / LogL: -5093.006 / Time: 0h:0m:0s
Iteration 3 / LogL: -5093.001 / Time: 0h:0m:0s
Iteration 4 / LogL: -5092.051 / Time: 0h:0m:0s
Average CPU time for 1 NNI search: 0.018
Finish initializing candidate tree set. Number of distinct locally optimal trees: 2
Current best tree score: -5091.998 / CPU time: 0.236
--------------------------------------------------------------------
|               OPTIMIZING CANDIDATE TREE SET                      |
--------------------------------------------------------------------
Estimate model parameters (epsilon = 0.010)
UPDATE BEST LOG-LIKELIHOOD: -5091.860
Iteration 10 / LogL: -5092.119 / Time: 0h:0m:0s
Estimate model parameters (epsilon = 0.010)
UPDATE BEST LOG-LIKELIHOOD: -5091.583
Iteration 20 / LogL: -5092.934 / Time: 0h:0m:0s (0h:0m:3s left)
Iteration 30 / LogL: -5102.034 / Time: 0h:0m:1s (0h:0m:3s left)
Iteration 40 / LogL: -5094.319 / Time: 0h:0m:1s (0h:0m:2s left)
Iteration 50 / LogL: -5092.214 / Time: 0h:0m:1s (0h:0m:1s left)
Iteration 60 / LogL: -5092.703 / Time: 0h:0m:2s (0h:0m:1s left)
Iteration 70 / LogL: -5091.863 / Time: 0h:0m:2s (0h:0m:1s left)
Iteration 80 / LogL: -5092.210 / Time: 0h:0m:2s (0h:0m:0s left)
Iteration 90 / LogL: -5092.506 / Time: 0h:0m:3s (0h:0m:0s left)
Iteration 100 / LogL: -5092.058 / Time: 0h:0m:3s (0h:0m:0s left)
TREE SEARCH COMPLETED AFTER 101 ITERATIONS / Time: 0h:0m:3s

--------------------------------------------------------------------
|                    FINALIZING TREE SEARCH                        |
--------------------------------------------------------------------
Performs final model parameters optimization
Estimate model parameters (epsilon = 0.010)
1. Initial log-likelihood: -5091.583
Optimal log-likelihood: -5091.582
Rate parameters:  A-C: 1.316  A-G: 1.134  A-T: 0.843  C-G: 0.927  C-T: 1.447  G-T: 1.000
Base frequencies:   A: 0.232  C: 0.264  G: 0.258  T: 0.246
Gamma shape alpha: 3.876
Parameters optimization took 1 rounds (0.010 sec)
BEST SCORE FOUND : -5091.582

Testing tree branches by SH-like aLRT with 1000 replicates...
CPU Time used:  0.124 sec.
Total tree length: 8.908

Total number of iterations: 101
CPU time used for tree search: 3.304 sec (0h:0m:3s)
Wall-clock time used for tree search: 3.304 sec (0h:0m:3s)
Total CPU time used: 3.540 sec (0h:0m:3s)
Total wall-clock time used: 3.543 sec (0h:0m:3s)

Analysis results written to: 
  IQ-TREE report:                ../simulations/data_D10T0L20I10T10//S/332_pruned.fasta.iqtree
  Maximum-likelihood tree:       ../simulations/data_D10T0L20I10T10//S/332_pruned.fasta.treefile
  Likelihood distances:          ../simulations/data_D10T0L20I10T10//S/332_pruned.fasta.mldist
  Screen log file:               ../simulations/data_D10T0L20I10T10//S/332_pruned.fasta.log

Date and Time: Sun Jun  3 23:58:10 2018
