IQ-TREE version 1.4.2 for Linux 64-bit built Apr 15 2016
Copyright (c) 2011-2015 Nguyen Lam Tung, Olga Chernomor, Arndt von Haeseler and Bui Quang Minh.

Host:    meduse (AVX2, FMA3, 7 GB RAM)
Command: iqtree -s ../simulations/data_D10T0L20I10T10//S/334_pruned.fasta -m GTR+G -alrt 1000 -redo
Seed:    829332 (Using SPRNG - Scalable Parallel Random Number Generator)
Time:    Fri Jun  1 11:08:27 2018
Kernel:  AVX

NOTE: Consider using the multicore version because your CPU has 4 cores!

Reading alignment file ../simulations/data_D10T0L20I10T10//S/334_pruned.fasta ... Fasta format detected
Alignment most likely contains DNA/RNA sequences
Alignment has 26 sequences with 300 columns and 170 patterns (142 informative sites)
          Gap/Ambiguity  Composition  p-value
   1  n289_290    0.00%    passed     85.73%
   2  n294_295    0.00%    passed     98.75%
   3  n295_296    0.00%    passed     87.83%
   4  n266_267    0.00%    passed     97.00%
   5  n299_300    0.00%    passed     92.60%
   6  n298_299    0.00%    passed     99.60%
   7  n290_291    0.00%    passed     85.12%
   8  n274_275    0.00%    passed     91.40%
   9  n251_252    0.00%    passed     47.28%
  10  n293_294    0.00%    passed     99.78%
  11  n265_266    0.00%    passed     99.22%
  12  n296_297    0.00%    passed     82.62%
  13  n300_301    0.00%    passed     96.14%
  14  n244_245    0.00%    passed     59.64%
  15  n278_279    0.00%    passed     95.36%
  16  n287_288    0.00%    passed     76.06%
  17  n200_201    0.00%    passed     82.92%
  18  n277_278    0.00%    passed     98.57%
  19  n297_298    0.00%    passed     99.24%
  20  n236_237    0.00%    passed     97.73%
  21  n280_281    0.00%    passed     97.79%
  22  n285_286    0.00%    passed     93.84%
  23  n275_276    0.00%    passed     99.15%
  24  n255_256    0.00%    passed     45.20%
  25  n292_293    0.00%    passed     95.09%
  26  n286_287    0.00%    passed     89.36%
****  TOTAL       0.00%  0 sequences failed composition chi2 test (p-value<5%; df=3)

Create initial parsimony tree by phylogenetic likelihood library (PLL)... 0.001 seconds

NOTE: 0 MB RAM is required!
Estimate model parameters (epsilon = 0.100)
1. Initial log-likelihood: -1925.377
2. Current log-likelihood: -1876.521
3. Current log-likelihood: -1876.157
Optimal log-likelihood: -1876.083
Rate parameters:  A-C: 1.081  A-G: 1.098  A-T: 0.820  C-G: 0.872  C-T: 1.428  G-T: 1.000
Base frequencies:   A: 0.262  C: 0.250  G: 0.232  T: 0.256
Gamma shape alpha: 998.394
Parameters optimization took 3 rounds (0.018 sec)
--------------------------------------------------------------------
|             INITIALIZING CANDIDATE TREE SET                      |
--------------------------------------------------------------------
Computing ML distances based on estimated model parameters... 0.004 sec
Computing BIONJ tree...
0.000 seconds
Log-likelihood of BIONJ tree: -1876.083
Generating 98 parsimony trees... 0.083 seconds 98 distinct starting trees
Computing log-likelihood of 98 initial trees ... 0.174 seconds
Optimizing top 20 initial trees with NNI...
Iteration 1 / LogL: -1876.084 / Time: 0h:0m:0s
Estimate model parameters (epsilon = 0.100)
BETTER SCORE FOUND at iteration 1: -1876.041
Iteration 2 / LogL: -1876.043 / Time: 0h:0m:0s
Iteration 3 / LogL: -1876.044 / Time: 0h:0m:0s
Iteration 4 / LogL: -1876.044 / Time: 0h:0m:0s
Iteration 5 / LogL: -1876.044 / Time: 0h:0m:0s
Iteration 6 / LogL: -1876.044 / Time: 0h:0m:0s
Iteration 7 / LogL: -1876.044 / Time: 0h:0m:0s
Iteration 8 / LogL: -1876.044 / Time: 0h:0m:0s
Iteration 9 / LogL: -1876.044 / Time: 0h:0m:0s
Iteration 10 / LogL: -1876.044 / Time: 0h:0m:0s
Iteration 11 / LogL: -1876.044 / Time: 0h:0m:0s
Iteration 12 / LogL: -1876.044 / Time: 0h:0m:0s
Iteration 13 / LogL: -1876.044 / Time: 0h:0m:0s
Iteration 14 / LogL: -1876.044 / Time: 0h:0m:0s
Iteration 15 / LogL: -1876.044 / Time: 0h:0m:0s
Iteration 16 / LogL: -1876.044 / Time: 0h:0m:0s
Iteration 17 / LogL: -1876.044 / Time: 0h:0m:0s
Iteration 18 / LogL: -1876.044 / Time: 0h:0m:0s
Iteration 19 / LogL: -1876.044 / Time: 0h:0m:0s
Iteration 20 / LogL: -1876.044 / Time: 0h:0m:0s
Average CPU time for 1 NNI search: 0.004
Finish initializing candidate tree set. Number of distinct locally optimal trees: 20
Current best tree score: -1876.041 / CPU time: 0.344
--------------------------------------------------------------------
|               OPTIMIZING CANDIDATE TREE SET                      |
--------------------------------------------------------------------
Iteration 30 / LogL: -1883.479 / Time: 0h:0m:0s (0h:0m:1s left)
Iteration 40 / LogL: -1876.044 / Time: 0h:0m:0s (0h:0m:0s left)
Iteration 50 / LogL: -1876.041 / Time: 0h:0m:0s (0h:0m:0s left)
Iteration 60 / LogL: -1876.093 / Time: 0h:0m:0s (0h:0m:0s left)
Iteration 70 / LogL: -2056.117 / Time: 0h:0m:0s (0h:0m:0s left)
Iteration 80 / LogL: -2064.964 / Time: 0h:0m:1s (0h:0m:0s left)
Iteration 90 / LogL: -1876.044 / Time: 0h:0m:1s (0h:0m:0s left)
Iteration 100 / LogL: -1876.056 / Time: 0h:0m:1s (0h:0m:0s left)
TREE SEARCH COMPLETED AFTER 101 ITERATIONS / Time: 0h:0m:1s

--------------------------------------------------------------------
|                    FINALIZING TREE SEARCH                        |
--------------------------------------------------------------------
Performs final model parameters optimization
Estimate model parameters (epsilon = 0.010)
1. Initial log-likelihood: -1876.041
2. Current log-likelihood: -1876.017
3. Current log-likelihood: -1876.002
Optimal log-likelihood: -1875.992
Rate parameters:  A-C: 1.140  A-G: 1.137  A-T: 0.867  C-G: 0.904  C-T: 1.492  G-T: 1.000
Base frequencies:   A: 0.262  C: 0.250  G: 0.232  T: 0.256
Gamma shape alpha: 998.394
Parameters optimization took 3 rounds (0.014 sec)
BEST SCORE FOUND : -1875.992

Testing tree branches by SH-like aLRT with 1000 replicates...
CPU Time used:  0.104 sec.
Total tree length: 1.025

Total number of iterations: 101
CPU time used for tree search: 1.348 sec (0h:0m:1s)
Wall-clock time used for tree search: 1.351 sec (0h:0m:1s)
Total CPU time used: 1.500 sec (0h:0m:1s)
Total wall-clock time used: 1.502 sec (0h:0m:1s)

Analysis results written to: 
  IQ-TREE report:                ../simulations/data_D10T0L20I10T10//S/334_pruned.fasta.iqtree
  Maximum-likelihood tree:       ../simulations/data_D10T0L20I10T10//S/334_pruned.fasta.treefile
  Likelihood distances:          ../simulations/data_D10T0L20I10T10//S/334_pruned.fasta.mldist
  Screen log file:               ../simulations/data_D10T0L20I10T10//S/334_pruned.fasta.log

Date and Time: Fri Jun  1 11:08:29 2018
