IQ-TREE version 1.4.2 for Linux 64-bit built Apr 15 2016
Copyright (c) 2011-2015 Nguyen Lam Tung, Olga Chernomor, Arndt von Haeseler and Bui Quang Minh.

Host:    meduse (AVX2, FMA3, 7 GB RAM)
Command: iqtree -s ../simulations/data_D10T0L20I10T10//S/33_pruned.fasta -m GTR+G -alrt 1000 -redo
Seed:    79115 (Using SPRNG - Scalable Parallel Random Number Generator)
Time:    Mon Jun  4 00:11:34 2018
Kernel:  AVX

NOTE: Consider using the multicore version because your CPU has 4 cores!

Reading alignment file ../simulations/data_D10T0L20I10T10//S/33_pruned.fasta ... Fasta format detected
Alignment most likely contains DNA/RNA sequences
Alignment has 26 sequences with 300 columns and 299 patterns (291 informative sites)
          Gap/Ambiguity  Composition  p-value
   1  n277_278    0.00%    passed     34.73%
   2  n286_287    0.00%    passed     69.28%
   3  n296_297    0.00%    passed      8.88%
   4  n285_286    0.00%    passed     56.49%
   5  n289_290    0.00%    passed     32.72%
   6  n274_275    0.00%    passed     13.86%
   7  n255_256    0.00%    passed     24.62%
   8  n275_276    0.00%    passed     53.27%
   9  n278_279    0.00%    passed     42.74%
  10  n299_300    0.00%    passed     49.00%
  11  n236_237    0.00%    passed     83.97%
  12  n293_294    0.00%    passed     52.48%
  13  n290_291    0.00%    passed     67.56%
  14  n297_298    0.00%    passed     73.89%
  15  n200_201    0.00%    passed     33.21%
  16  n292_293    0.00%    passed     22.88%
  17  n280_281    0.00%    passed     11.78%
  18  n295_296    0.00%    passed      5.22%
  19  n287_288    0.00%    passed     65.90%
  20  n244_245    0.00%    passed     61.57%
  21  n265_266    0.00%    passed     23.38%
  22  n266_267    0.00%    passed     55.68%
  23  n294_295    0.00%    passed     59.24%
  24  n251_252    0.00%    passed     29.63%
  25  n298_299    0.00%    passed     77.43%
  26  n300_301    0.00%    passed     33.37%
****  TOTAL       0.00%  0 sequences failed composition chi2 test (p-value<5%; df=3)

Create initial parsimony tree by phylogenetic likelihood library (PLL)... 0.002 seconds

NOTE: 1 MB RAM is required!
Estimate model parameters (epsilon = 0.100)
1. Initial log-likelihood: -5227.537
2. Current log-likelihood: -5141.105
3. Current log-likelihood: -5126.751
4. Current log-likelihood: -5123.554
5. Current log-likelihood: -5122.686
6. Current log-likelihood: -5122.543
Optimal log-likelihood: -5122.481
Rate parameters:  A-C: 1.258  A-G: 1.519  A-T: 1.033  C-G: 1.035  C-T: 1.328  G-T: 1.000
Base frequencies:   A: 0.223  C: 0.262  G: 0.255  T: 0.260
Gamma shape alpha: 4.456
Parameters optimization took 6 rounds (0.072 sec)
--------------------------------------------------------------------
|             INITIALIZING CANDIDATE TREE SET                      |
--------------------------------------------------------------------
Computing ML distances based on estimated model parameters... 0.004 sec
WARNING: Some pairwise ML distances are too long (saturated)
Computing BIONJ tree...
0.000 seconds
Log-likelihood of BIONJ tree: -5129.539
Generating 98 parsimony trees... 0.137 seconds 7 distinct starting trees
Computing log-likelihood of 7 initial trees ... 0.014 seconds
Optimizing top 7 initial trees with NNI...
Iteration 1 / LogL: -5121.765 / Time: 0h:0m:0s
Estimate model parameters (epsilon = 0.100)
BETTER TREE FOUND at iteration 1: -5121.573
Iteration 2 / LogL: -5122.032 / Time: 0h:0m:0s
Iteration 3 / LogL: -5122.032 / Time: 0h:0m:0s
Iteration 4 / LogL: -5122.033 / Time: 0h:0m:0s
Iteration 5 / LogL: -5122.033 / Time: 0h:0m:0s
Iteration 6 / LogL: -5122.033 / Time: 0h:0m:0s
Iteration 7 / LogL: -5129.468 / Time: 0h:0m:0s
Average CPU time for 1 NNI search: 0.018
Finish initializing candidate tree set. Number of distinct locally optimal trees: 5
Current best tree score: -5121.573 / CPU time: 0.276
--------------------------------------------------------------------
|               OPTIMIZING CANDIDATE TREE SET                      |
--------------------------------------------------------------------
Iteration 10 / LogL: -5121.814 / Time: 0h:0m:0s
Iteration 20 / LogL: -5130.983 / Time: 0h:0m:0s (0h:0m:3s left)
Iteration 30 / LogL: -5122.310 / Time: 0h:0m:1s (0h:0m:2s left)
Iteration 40 / LogL: -5123.186 / Time: 0h:0m:1s (0h:0m:2s left)
Iteration 50 / LogL: -5122.529 / Time: 0h:0m:1s (0h:0m:1s left)
Iteration 60 / LogL: -5122.773 / Time: 0h:0m:2s (0h:0m:1s left)
Estimate model parameters (epsilon = 0.010)
UPDATE BEST LOG-LIKELIHOOD: -5120.970
Iteration 70 / LogL: -5121.799 / Time: 0h:0m:2s (0h:0m:1s left)
Iteration 80 / LogL: -5133.602 / Time: 0h:0m:2s (0h:0m:0s left)
Iteration 90 / LogL: -5121.752 / Time: 0h:0m:3s (0h:0m:0s left)
Iteration 100 / LogL: -5121.651 / Time: 0h:0m:3s (0h:0m:0s left)
TREE SEARCH COMPLETED AFTER 101 ITERATIONS / Time: 0h:0m:3s

--------------------------------------------------------------------
|                    FINALIZING TREE SEARCH                        |
--------------------------------------------------------------------
Performs final model parameters optimization
Estimate model parameters (epsilon = 0.010)
1. Initial log-likelihood: -5120.970
Optimal log-likelihood: -5120.969
Rate parameters:  A-C: 1.233  A-G: 1.562  A-T: 1.072  C-G: 1.066  C-T: 1.345  G-T: 1.000
Base frequencies:   A: 0.223  C: 0.262  G: 0.255  T: 0.260
Gamma shape alpha: 4.336
Parameters optimization took 1 rounds (0.007 sec)
BEST SCORE FOUND : -5120.969

Testing tree branches by SH-like aLRT with 1000 replicates...
CPU Time used:  0.120 sec.
Total tree length: 8.930

Total number of iterations: 101
CPU time used for tree search: 3.428 sec (0h:0m:3s)
Wall-clock time used for tree search: 3.433 sec (0h:0m:3s)
Total CPU time used: 3.652 sec (0h:0m:3s)
Total wall-clock time used: 3.666 sec (0h:0m:3s)

Analysis results written to: 
  IQ-TREE report:                ../simulations/data_D10T0L20I10T10//S/33_pruned.fasta.iqtree
  Maximum-likelihood tree:       ../simulations/data_D10T0L20I10T10//S/33_pruned.fasta.treefile
  Likelihood distances:          ../simulations/data_D10T0L20I10T10//S/33_pruned.fasta.mldist
  Screen log file:               ../simulations/data_D10T0L20I10T10//S/33_pruned.fasta.log

Date and Time: Mon Jun  4 00:11:37 2018
