IQ-TREE version 1.4.2 for Linux 64-bit built Apr 15 2016
Copyright (c) 2011-2015 Nguyen Lam Tung, Olga Chernomor, Arndt von Haeseler and Bui Quang Minh.

Host:    meduse (AVX2, FMA3, 7 GB RAM)
Command: iqtree -s ../simulations/data_D10T0L20I10T10//S/34_pruned.fasta -m GTR+G -alrt 1000 -redo
Seed:    876048 (Using SPRNG - Scalable Parallel Random Number Generator)
Time:    Sun Jun  3 23:19:26 2018
Kernel:  AVX

NOTE: Consider using the multicore version because your CPU has 4 cores!

Reading alignment file ../simulations/data_D10T0L20I10T10//S/34_pruned.fasta ... Fasta format detected
Alignment most likely contains DNA/RNA sequences
Alignment has 26 sequences with 300 columns and 300 patterns (299 informative sites)
          Gap/Ambiguity  Composition  p-value
   1  n277_278    0.00%    passed     60.31%
   2  n286_287    0.00%    passed     32.86%
   3  n296_297    0.00%    passed     91.15%
   4  n285_286    0.00%    passed     15.24%
   5  n289_290    0.00%    passed     98.81%
   6  n274_275    0.00%    passed     62.75%
   7  n255_256    0.00%    passed     29.05%
   8  n275_276    0.00%    passed     36.00%
   9  n278_279    0.00%    passed     31.90%
  10  n299_300    0.00%    passed     37.35%
  11  n236_237    0.00%    passed     43.59%
  12  n293_294    0.00%    passed     69.35%
  13  n290_291    0.00%    passed     85.31%
  14  n297_298    0.00%    passed     38.27%
  15  n200_201    0.00%    passed     30.38%
  16  n292_293    0.00%    passed     45.12%
  17  n280_281    0.00%    passed     20.36%
  18  n295_296    0.00%    passed     91.65%
  19  n287_288    0.00%    passed     95.51%
  20  n244_245    0.00%    passed     92.52%
  21  n265_266    0.00%    passed     26.40%
  22  n266_267    0.00%    passed     20.82%
  23  n294_295    0.00%    passed     84.20%
  24  n251_252    0.00%    passed      7.93%
  25  n298_299    0.00%    passed     40.69%
  26  n300_301    0.00%    passed     52.40%
****  TOTAL       0.00%  0 sequences failed composition chi2 test (p-value<5%; df=3)

Create initial parsimony tree by phylogenetic likelihood library (PLL)... 0.002 seconds

NOTE: 1 MB RAM is required!
Estimate model parameters (epsilon = 0.100)
1. Initial log-likelihood: -5478.092
2. Current log-likelihood: -5368.448
3. Current log-likelihood: -5352.517
4. Current log-likelihood: -5349.708
5. Current log-likelihood: -5349.072
6. Current log-likelihood: -5348.880
Optimal log-likelihood: -5348.782
Rate parameters:  A-C: 0.858  A-G: 1.008  A-T: 0.675  C-G: 0.808  C-T: 1.184  G-T: 1.000
Base frequencies:   A: 0.234  C: 0.278  G: 0.253  T: 0.234
Gamma shape alpha: 4.877
Parameters optimization took 6 rounds (0.070 sec)
--------------------------------------------------------------------
|             INITIALIZING CANDIDATE TREE SET                      |
--------------------------------------------------------------------
Computing ML distances based on estimated model parameters... 0.004 sec
WARNING: Some pairwise ML distances are too long (saturated)
Computing BIONJ tree...
0.000 seconds
Log-likelihood of BIONJ tree: -5384.302
Generating 98 parsimony trees... 0.138 seconds 13 distinct starting trees
Computing log-likelihood of 13 initial trees ... 0.035 seconds
Optimizing top 13 initial trees with NNI...
Iteration 1 / LogL: -5348.328 / Time: 0h:0m:0s
Estimate model parameters (epsilon = 0.100)
BETTER TREE FOUND at iteration 1: -5348.215
Iteration 2 / LogL: -5348.488 / Time: 0h:0m:0s
Iteration 3 / LogL: -5348.488 / Time: 0h:0m:0s
Iteration 4 / LogL: -5348.493 / Time: 0h:0m:0s
Iteration 5 / LogL: -5348.496 / Time: 0h:0m:0s
Iteration 6 / LogL: -5348.495 / Time: 0h:0m:0s
Iteration 7 / LogL: -5348.486 / Time: 0h:0m:0s
Iteration 8 / LogL: -5348.486 / Time: 0h:0m:0s
Iteration 9 / LogL: -5348.491 / Time: 0h:0m:0s
Iteration 10 / LogL: -5348.494 / Time: 0h:0m:0s
Iteration 11 / LogL: -5348.493 / Time: 0h:0m:0s
Iteration 12 / LogL: -5348.493 / Time: 0h:0m:0s
Iteration 13 / LogL: -5356.250 / Time: 0h:0m:0s
Average CPU time for 1 NNI search: 0.018
Finish initializing candidate tree set. Number of distinct locally optimal trees: 4
Current best tree score: -5348.215 / CPU time: 0.416
--------------------------------------------------------------------
|               OPTIMIZING CANDIDATE TREE SET                      |
--------------------------------------------------------------------
Iteration 20 / LogL: -5351.347 / Time: 0h:0m:0s (0h:0m:3s left)
Iteration 30 / LogL: -5354.963 / Time: 0h:0m:1s (0h:0m:2s left)
Iteration 40 / LogL: -5571.568 / Time: 0h:0m:1s (0h:0m:2s left)
Iteration 50 / LogL: -5351.978 / Time: 0h:0m:1s (0h:0m:1s left)
Iteration 60 / LogL: -5351.278 / Time: 0h:0m:2s (0h:0m:1s left)
Iteration 70 / LogL: -5348.663 / Time: 0h:0m:2s (0h:0m:1s left)
Iteration 80 / LogL: -5350.350 / Time: 0h:0m:3s (0h:0m:0s left)
Iteration 90 / LogL: -5348.314 / Time: 0h:0m:3s (0h:0m:0s left)
Iteration 100 / LogL: -5348.877 / Time: 0h:0m:3s (0h:0m:0s left)
TREE SEARCH COMPLETED AFTER 101 ITERATIONS / Time: 0h:0m:3s

--------------------------------------------------------------------
|                    FINALIZING TREE SEARCH                        |
--------------------------------------------------------------------
Performs final model parameters optimization
Estimate model parameters (epsilon = 0.010)
1. Initial log-likelihood: -5348.215
2. Current log-likelihood: -5348.183
Optimal log-likelihood: -5348.169
Rate parameters:  A-C: 0.846  A-G: 0.992  A-T: 0.666  C-G: 0.789  C-T: 1.157  G-T: 1.000
Base frequencies:   A: 0.234  C: 0.278  G: 0.253  T: 0.234
Gamma shape alpha: 5.120
Parameters optimization took 2 rounds (0.017 sec)
BEST SCORE FOUND : -5348.169

Testing tree branches by SH-like aLRT with 1000 replicates...
CPU Time used:  0.128 sec.
Total tree length: 10.060

Total number of iterations: 101
CPU time used for tree search: 3.672 sec (0h:0m:3s)
Wall-clock time used for tree search: 3.673 sec (0h:0m:3s)
Total CPU time used: 3.948 sec (0h:0m:3s)
Total wall-clock time used: 3.948 sec (0h:0m:3s)

Analysis results written to: 
  IQ-TREE report:                ../simulations/data_D10T0L20I10T10//S/34_pruned.fasta.iqtree
  Maximum-likelihood tree:       ../simulations/data_D10T0L20I10T10//S/34_pruned.fasta.treefile
  Likelihood distances:          ../simulations/data_D10T0L20I10T10//S/34_pruned.fasta.mldist
  Screen log file:               ../simulations/data_D10T0L20I10T10//S/34_pruned.fasta.log

Date and Time: Sun Jun  3 23:19:30 2018
