IQ-TREE version 1.4.2 for Linux 64-bit built Apr 15 2016
Copyright (c) 2011-2015 Nguyen Lam Tung, Olga Chernomor, Arndt von Haeseler and Bui Quang Minh.

Host:    meduse (AVX2, FMA3, 7 GB RAM)
Command: iqtree -s ../simulations/data_D8T0L15I8T8//S/351_pruned.fasta -m GTR+G -alrt 1000 -redo
Seed:    770666 (Using SPRNG - Scalable Parallel Random Number Generator)
Time:    Fri May 25 23:04:36 2018
Kernel:  AVX

NOTE: Consider using the multicore version because your CPU has 4 cores!

Reading alignment file ../simulations/data_D8T0L15I8T8//S/351_pruned.fasta ... Fasta format detected
Alignment most likely contains DNA/RNA sequences
Alignment has 26 sequences with 300 columns and 164 patterns (155 informative sites)
          Gap/Ambiguity  Composition  p-value
   1  n298_299    0.00%    passed     84.69%
   2  n280_281    0.00%    passed     90.76%
   3  n200_201    0.00%    passed     86.11%
   4  n286_287    0.00%    passed     40.77%
   5  n287_288    0.00%    passed     93.48%
   6  n266_267    0.00%    passed     75.40%
   7  n292_293    0.00%    passed     72.37%
   8  n293_294    0.00%    passed     77.75%
   9  n275_276    0.00%    passed     77.06%
  10  n289_290    0.00%    passed     90.77%
  11  n297_298    0.00%    passed     88.41%
  12  n278_279    0.00%    passed     73.08%
  13  n295_296    0.00%    passed     89.00%
  14  n251_252    0.00%    passed     39.33%
  15  n274_275    0.00%    passed     74.98%
  16  n290_291    0.00%    passed     88.43%
  17  n236_237    0.00%    passed     92.38%
  18  n255_256    0.00%    passed     50.08%
  19  n285_286    0.00%    passed     28.61%
  20  n294_295    0.00%    passed     73.28%
  21  n300_301    0.00%    passed     74.98%
  22  n265_266    0.00%    passed     77.06%
  23  n296_297    0.00%    passed     89.00%
  24  n299_300    0.00%    passed     82.68%
  25  n244_245    0.00%    passed     36.02%
  26  n277_278    0.00%    passed     76.60%
****  TOTAL       0.00%  0 sequences failed composition chi2 test (p-value<5%; df=3)
NOTE: 1 identical sequences (see below) will be ignored for subsequent analysis
NOTE: n296_297 (identical to n295_296) is ignored but added at the end

Create initial parsimony tree by phylogenetic likelihood library (PLL)... 0.001 seconds

NOTE: 0 MB RAM is required!
Estimate model parameters (epsilon = 0.100)
1. Initial log-likelihood: -1944.752
2. Current log-likelihood: -1897.236
3. Current log-likelihood: -1896.705
Optimal log-likelihood: -1896.701
Rate parameters:  A-C: 0.840  A-G: 1.192  A-T: 0.852  C-G: 0.930  C-T: 1.208  G-T: 1.000
Base frequencies:   A: 0.250  C: 0.282  G: 0.214  T: 0.254
Gamma shape alpha: 998.396
Parameters optimization took 3 rounds (0.045 sec)
--------------------------------------------------------------------
|             INITIALIZING CANDIDATE TREE SET                      |
--------------------------------------------------------------------
Computing ML distances based on estimated model parameters... 0.004 sec
Computing BIONJ tree...
0.001 seconds
Log-likelihood of BIONJ tree: -1901.605
Generating 98 parsimony trees... 0.184 seconds 80 distinct starting trees
Computing log-likelihood of 80 initial trees ... 0.261 seconds
Optimizing top 20 initial trees with NNI...
Iteration 1 / LogL: -1896.701 / Time: 0h:0m:0s
Estimate model parameters (epsilon = 0.100)
BETTER SCORE FOUND at iteration 1: -1896.700
Iteration 2 / LogL: -1896.702 / Time: 0h:0m:0s
Iteration 3 / LogL: -1896.702 / Time: 0h:0m:0s
Iteration 4 / LogL: -1896.702 / Time: 0h:0m:0s
Iteration 5 / LogL: -1896.702 / Time: 0h:0m:0s
Iteration 6 / LogL: -1896.702 / Time: 0h:0m:0s
Iteration 7 / LogL: -1896.702 / Time: 0h:0m:0s
Iteration 8 / LogL: -1896.702 / Time: 0h:0m:0s
Iteration 9 / LogL: -1896.702 / Time: 0h:0m:0s
Iteration 10 / LogL: -1896.702 / Time: 0h:0m:0s
Iteration 11 / LogL: -1896.702 / Time: 0h:0m:0s
Iteration 12 / LogL: -1896.702 / Time: 0h:0m:0s
Iteration 13 / LogL: -1896.702 / Time: 0h:0m:0s
Iteration 14 / LogL: -1896.702 / Time: 0h:0m:0s
Iteration 15 / LogL: -1896.702 / Time: 0h:0m:0s
Iteration 16 / LogL: -1896.702 / Time: 0h:0m:0s
Iteration 17 / LogL: -1896.702 / Time: 0h:0m:0s
Iteration 18 / LogL: -1896.702 / Time: 0h:0m:0s
Iteration 19 / LogL: -1896.702 / Time: 0h:0m:0s
Iteration 20 / LogL: -1896.702 / Time: 0h:0m:0s
Average CPU time for 1 NNI search: 0.007
Finish initializing candidate tree set. Number of distinct locally optimal trees: 20
Current best tree score: -1896.700 / CPU time: 0.552
--------------------------------------------------------------------
|               OPTIMIZING CANDIDATE TREE SET                      |
--------------------------------------------------------------------
Iteration 30 / LogL: -1896.702 / Time: 0h:0m:0s (0h:0m:1s left)
Iteration 40 / LogL: -1896.771 / Time: 0h:0m:1s (0h:0m:1s left)
Iteration 50 / LogL: -1896.700 / Time: 0h:0m:1s (0h:0m:1s left)
Iteration 60 / LogL: -1896.702 / Time: 0h:0m:1s (0h:0m:0s left)
Iteration 70 / LogL: -1902.162 / Time: 0h:0m:1s (0h:0m:0s left)
Iteration 80 / LogL: -1896.701 / Time: 0h:0m:1s (0h:0m:0s left)
Iteration 90 / LogL: -1896.702 / Time: 0h:0m:2s (0h:0m:0s left)
Iteration 100 / LogL: -1913.658 / Time: 0h:0m:2s (0h:0m:0s left)
TREE SEARCH COMPLETED AFTER 101 ITERATIONS / Time: 0h:0m:2s

--------------------------------------------------------------------
|                    FINALIZING TREE SEARCH                        |
--------------------------------------------------------------------
Performs final model parameters optimization
Estimate model parameters (epsilon = 0.010)
1. Initial log-likelihood: -1896.700
Optimal log-likelihood: -1896.700
Rate parameters:  A-C: 0.841  A-G: 1.195  A-T: 0.854  C-G: 0.932  C-T: 1.210  G-T: 1.000
Base frequencies:   A: 0.250  C: 0.282  G: 0.214  T: 0.254
Gamma shape alpha: 998.396
Parameters optimization took 1 rounds (0.006 sec)
BEST SCORE FOUND : -1896.700

Testing tree branches by SH-like aLRT with 1000 replicates...
CPU Time used:  0.156 sec.
Total tree length: 1.062

Total number of iterations: 101
CPU time used for tree search: 2.124 sec (0h:0m:2s)
Wall-clock time used for tree search: 2.161 sec (0h:0m:2s)
Total CPU time used: 2.348 sec (0h:0m:2s)
Total wall-clock time used: 2.390 sec (0h:0m:2s)

Analysis results written to: 
  IQ-TREE report:                ../simulations/data_D8T0L15I8T8//S/351_pruned.fasta.iqtree
  Maximum-likelihood tree:       ../simulations/data_D8T0L15I8T8//S/351_pruned.fasta.treefile
  Likelihood distances:          ../simulations/data_D8T0L15I8T8//S/351_pruned.fasta.mldist
  Screen log file:               ../simulations/data_D8T0L15I8T8//S/351_pruned.fasta.log

Date and Time: Fri May 25 23:04:39 2018
