IQ-TREE version 1.4.2 for Linux 64-bit built Apr 15 2016
Copyright (c) 2011-2015 Nguyen Lam Tung, Olga Chernomor, Arndt von Haeseler and Bui Quang Minh.

Host:    meduse (AVX2, FMA3, 7 GB RAM)
Command: iqtree -s ../simulations/data_D8T0L15I8T8//S/359_pruned.fasta -m GTR+G -alrt 1000 -redo
Seed:    59421 (Using SPRNG - Scalable Parallel Random Number Generator)
Time:    Fri May 25 22:35:15 2018
Kernel:  AVX

NOTE: Consider using the multicore version because your CPU has 4 cores!

Reading alignment file ../simulations/data_D8T0L15I8T8//S/359_pruned.fasta ... Fasta format detected
Alignment most likely contains DNA/RNA sequences
Alignment has 26 sequences with 300 columns and 177 patterns (161 informative sites)
          Gap/Ambiguity  Composition  p-value
   1  n298_299    0.00%    passed     99.63%
   2  n280_281    0.00%    passed     88.12%
   3  n200_201    0.00%    passed     79.72%
   4  n286_287    0.00%    passed     56.31%
   5  n287_288    0.00%    passed     93.14%
   6  n266_267    0.00%    passed     98.55%
   7  n292_293    0.00%    passed     72.23%
   8  n293_294    0.00%    passed     99.84%
   9  n275_276    0.00%    passed     94.68%
  10  n289_290    0.00%    passed     95.31%
  11  n297_298    0.00%    passed     99.76%
  12  n278_279    0.00%    passed     99.99%
  13  n295_296    0.00%    passed     73.84%
  14  n251_252    0.00%    passed     33.52%
  15  n274_275    0.00%    passed     78.71%
  16  n290_291    0.00%    passed     95.31%
  17  n236_237    0.00%    passed     90.77%
  18  n255_256    0.00%    passed     32.32%
  19  n285_286    0.00%    passed     65.24%
  20  n294_295    0.00%    passed     99.76%
  21  n300_301    0.00%    passed     72.23%
  22  n265_266    0.00%    passed     98.39%
  23  n296_297    0.00%    passed     80.02%
  24  n299_300    0.00%    passed     80.56%
  25  n244_245    0.00%    failed      3.73%
  26  n277_278    0.00%    passed     99.10%
****  TOTAL       0.00%  1 sequences failed composition chi2 test (p-value<5%; df=3)
NOTE: 2 identical sequences (see below) will be ignored for subsequent analysis
NOTE: n300_301 (identical to n292_293) is ignored but added at the end
NOTE: n290_291 (identical to n289_290) is ignored but added at the end

Create initial parsimony tree by phylogenetic likelihood library (PLL)... 0.001 seconds

NOTE: 0 MB RAM is required!
Estimate model parameters (epsilon = 0.100)
1. Initial log-likelihood: -2066.568
2. Current log-likelihood: -2022.730
3. Current log-likelihood: -2022.043
Optimal log-likelihood: -2022.026
Rate parameters:  A-C: 1.006  A-G: 0.779  A-T: 0.892  C-G: 0.956  C-T: 0.939  G-T: 1.000
Base frequencies:   A: 0.240  C: 0.259  G: 0.245  T: 0.256
Gamma shape alpha: 16.917
Parameters optimization took 3 rounds (0.031 sec)
--------------------------------------------------------------------
|             INITIALIZING CANDIDATE TREE SET                      |
--------------------------------------------------------------------
Computing ML distances based on estimated model parameters... 0.004 sec
Computing BIONJ tree...
0.001 seconds
Log-likelihood of BIONJ tree: -2022.026
Generating 98 parsimony trees... 0.129 seconds 29 distinct starting trees
Computing log-likelihood of 29 initial trees ... 0.101 seconds
Optimizing top 20 initial trees with NNI...
Iteration 1 / LogL: -2022.026 / Time: 0h:0m:0s
Estimate model parameters (epsilon = 0.100)
BETTER SCORE FOUND at iteration 1: -2022.018
Iteration 2 / LogL: -2022.020 / Time: 0h:0m:0s
Iteration 3 / LogL: -2022.023 / Time: 0h:0m:0s
Iteration 4 / LogL: -2022.023 / Time: 0h:0m:0s
Iteration 5 / LogL: -2022.023 / Time: 0h:0m:0s
Iteration 6 / LogL: -2022.023 / Time: 0h:0m:0s
Iteration 7 / LogL: -2022.023 / Time: 0h:0m:0s
Iteration 8 / LogL: -2022.023 / Time: 0h:0m:0s
Iteration 9 / LogL: -2022.023 / Time: 0h:0m:0s
Iteration 10 / LogL: -2022.023 / Time: 0h:0m:0s
Iteration 11 / LogL: -2022.023 / Time: 0h:0m:0s
Iteration 12 / LogL: -2022.023 / Time: 0h:0m:0s
Iteration 13 / LogL: -2022.023 / Time: 0h:0m:0s
Iteration 14 / LogL: -2022.023 / Time: 0h:0m:0s
Iteration 15 / LogL: -2022.023 / Time: 0h:0m:0s
Iteration 16 / LogL: -2022.023 / Time: 0h:0m:0s
Iteration 17 / LogL: -2022.023 / Time: 0h:0m:0s
Iteration 18 / LogL: -2022.023 / Time: 0h:0m:0s
Iteration 19 / LogL: -2022.023 / Time: 0h:0m:0s
Iteration 20 / LogL: -2022.023 / Time: 0h:0m:0s
Average CPU time for 1 NNI search: 0.008
Finish initializing candidate tree set. Number of distinct locally optimal trees: 20
Current best tree score: -2022.018 / CPU time: 0.392
--------------------------------------------------------------------
|               OPTIMIZING CANDIDATE TREE SET                      |
--------------------------------------------------------------------
Iteration 30 / LogL: -2022.033 / Time: 0h:0m:0s (0h:0m:1s left)
Iteration 40 / LogL: -2022.021 / Time: 0h:0m:0s (0h:0m:1s left)
Iteration 50 / LogL: -2022.018 / Time: 0h:0m:1s (0h:0m:1s left)
Iteration 60 / LogL: -2022.019 / Time: 0h:0m:1s (0h:0m:0s left)
Iteration 70 / LogL: -2022.021 / Time: 0h:0m:1s (0h:0m:0s left)
Iteration 80 / LogL: -2022.023 / Time: 0h:0m:1s (0h:0m:0s left)
Iteration 90 / LogL: -2022.030 / Time: 0h:0m:1s (0h:0m:0s left)
Iteration 100 / LogL: -2022.057 / Time: 0h:0m:1s (0h:0m:0s left)
TREE SEARCH COMPLETED AFTER 101 ITERATIONS / Time: 0h:0m:1s

--------------------------------------------------------------------
|                    FINALIZING TREE SEARCH                        |
--------------------------------------------------------------------
Performs final model parameters optimization
Estimate model parameters (epsilon = 0.010)
1. Initial log-likelihood: -2022.018
Optimal log-likelihood: -2022.015
Rate parameters:  A-C: 1.018  A-G: 0.792  A-T: 0.902  C-G: 0.966  C-T: 0.948  G-T: 1.000
Base frequencies:   A: 0.240  C: 0.259  G: 0.245  T: 0.256
Gamma shape alpha: 16.991
Parameters optimization took 1 rounds (0.007 sec)
BEST SCORE FOUND : -2022.015

Testing tree branches by SH-like aLRT with 1000 replicates...
CPU Time used:  0.136 sec.
Total tree length: 1.228

Total number of iterations: 101
CPU time used for tree search: 1.884 sec (0h:0m:1s)
Wall-clock time used for tree search: 1.887 sec (0h:0m:1s)
Total CPU time used: 2.092 sec (0h:0m:2s)
Total wall-clock time used: 2.097 sec (0h:0m:2s)

Analysis results written to: 
  IQ-TREE report:                ../simulations/data_D8T0L15I8T8//S/359_pruned.fasta.iqtree
  Maximum-likelihood tree:       ../simulations/data_D8T0L15I8T8//S/359_pruned.fasta.treefile
  Likelihood distances:          ../simulations/data_D8T0L15I8T8//S/359_pruned.fasta.mldist
  Screen log file:               ../simulations/data_D8T0L15I8T8//S/359_pruned.fasta.log

Date and Time: Fri May 25 22:35:17 2018
