IQ-TREE version 1.4.2 for Linux 64-bit built Apr 15 2016
Copyright (c) 2011-2015 Nguyen Lam Tung, Olga Chernomor, Arndt von Haeseler and Bui Quang Minh.

Host:    meduse (AVX2, FMA3, 7 GB RAM)
Command: iqtree -s ../simulations/data_D8T0L15I8T8//S/362_pruned.fasta -m GTR+G -alrt 1000 -redo
Seed:    378753 (Using SPRNG - Scalable Parallel Random Number Generator)
Time:    Fri May 25 22:49:10 2018
Kernel:  AVX

NOTE: Consider using the multicore version because your CPU has 4 cores!

Reading alignment file ../simulations/data_D8T0L15I8T8//S/362_pruned.fasta ... Fasta format detected
Alignment most likely contains DNA/RNA sequences
Alignment has 38 sequences with 300 columns and 209 patterns (174 informative sites)
          Gap/Ambiguity  Composition  p-value
   1  n294_343    0.00%    passed     93.58%
   2  n236_269    0.00%    passed     90.67%
   3  n286_329    0.00%    passed     83.83%
   4  n295_346    0.00%    passed     84.65%
   5  n200_229    0.00%    passed     96.95%
   6  n299_352    0.00%    passed     84.60%
   7  n265_300    0.00%    passed     38.59%
   8  n290_335    0.00%    passed     79.24%
   9  n293_340    0.00%    passed     94.74%
  10  n266_301    0.00%    passed     61.23%
  11  n289_336    0.00%    passed     85.07%
  12  n255_290    0.00%    passed     78.07%
  13  n294_341    0.00%    passed     95.10%
  14  n298_351    0.00%    passed     87.63%
  15  n296_347    0.00%    passed     88.68%
  16  n292_339    0.00%    passed     80.63%
  17  n290_337    0.00%    passed     85.07%
  18  n285_328    0.00%    passed     77.83%
  19  n298_349    0.00%    passed     93.12%
  20  n277_318    0.00%    passed     96.68%
  21  n295_344    0.00%    passed     89.22%
  22  n274_313    0.00%    passed     88.31%
  23  n244_279    0.00%    passed     93.12%
  24  n200_227    0.00%    passed     89.93%
  25  n275_314    0.00%    passed     93.12%
  26  n287_332    0.00%    passed     90.15%
  27  n297_348    0.00%    passed     95.21%
  28  n297_350    0.00%    passed     86.33%
  29  n275_316    0.00%    passed     94.27%
  30  n236_267    0.00%    passed     67.54%
  31  n280_321    0.00%    passed     88.75%
  32  n251_286    0.00%    passed     84.73%
  33  n289_334    0.00%    passed     85.12%
  34  n293_342    0.00%    passed     94.30%
  35  n300_353    0.00%    passed     84.60%
  36  n296_345    0.00%    passed     89.22%
  37  n278_319    0.00%    passed     92.11%
  38  n287_330    0.00%    passed     91.54%
****  TOTAL       0.00%  0 sequences failed composition chi2 test (p-value<5%; df=3)
NOTE: 3 identical sequences (see below) will be ignored for subsequent analysis
NOTE: n300_353 (identical to n299_352) is ignored but added at the end
NOTE: n290_337 (identical to n289_336) is ignored but added at the end
NOTE: n296_345 (identical to n295_344) is ignored but added at the end

Create initial parsimony tree by phylogenetic likelihood library (PLL)... 0.002 seconds

NOTE: 1 MB RAM is required!
Estimate model parameters (epsilon = 0.100)
1. Initial log-likelihood: -2449.987
2. Current log-likelihood: -2391.067
3. Current log-likelihood: -2390.348
Optimal log-likelihood: -2390.333
Rate parameters:  A-C: 0.870  A-G: 1.522  A-T: 0.986  C-G: 1.230  C-T: 1.157  G-T: 1.000
Base frequencies:   A: 0.231  C: 0.270  G: 0.215  T: 0.284
Gamma shape alpha: 14.271
Parameters optimization took 3 rounds (0.064 sec)
--------------------------------------------------------------------
|             INITIALIZING CANDIDATE TREE SET                      |
--------------------------------------------------------------------
Computing ML distances based on estimated model parameters... 0.016 sec
Computing BIONJ tree...
0.001 seconds
Log-likelihood of BIONJ tree: -2390.332
Generating 98 parsimony trees... 0.223 seconds 94 distinct starting trees
Computing log-likelihood of 94 initial trees ... 0.403 seconds
Optimizing top 20 initial trees with NNI...
Iteration 1 / LogL: -2390.333 / Time: 0h:0m:0s
Estimate model parameters (epsilon = 0.100)
BETTER SCORE FOUND at iteration 1: -2390.330
Iteration 2 / LogL: -2390.332 / Time: 0h:0m:0s
Iteration 3 / LogL: -2390.332 / Time: 0h:0m:0s
Iteration 4 / LogL: -2390.332 / Time: 0h:0m:0s
Iteration 5 / LogL: -2390.332 / Time: 0h:0m:0s
Iteration 6 / LogL: -2390.332 / Time: 0h:0m:0s
Iteration 7 / LogL: -2390.332 / Time: 0h:0m:0s
Iteration 8 / LogL: -2390.332 / Time: 0h:0m:0s
Iteration 9 / LogL: -2390.332 / Time: 0h:0m:0s
Iteration 10 / LogL: -2390.332 / Time: 0h:0m:0s
Iteration 11 / LogL: -2390.332 / Time: 0h:0m:0s
Iteration 12 / LogL: -2390.332 / Time: 0h:0m:0s
Iteration 13 / LogL: -2390.332 / Time: 0h:0m:0s
Iteration 14 / LogL: -2390.332 / Time: 0h:0m:0s
Iteration 15 / LogL: -2390.332 / Time: 0h:0m:0s
Iteration 16 / LogL: -2390.332 / Time: 0h:0m:0s
Iteration 17 / LogL: -2390.332 / Time: 0h:0m:0s
Iteration 18 / LogL: -2390.332 / Time: 0h:0m:0s
Iteration 19 / LogL: -2390.332 / Time: 0h:0m:0s
Iteration 20 / LogL: -2390.332 / Time: 0h:0m:0s
Average CPU time for 1 NNI search: 0.011
Finish initializing candidate tree set. Number of distinct locally optimal trees: 20
Current best tree score: -2390.330 / CPU time: 0.848
--------------------------------------------------------------------
|               OPTIMIZING CANDIDATE TREE SET                      |
--------------------------------------------------------------------
Iteration 30 / LogL: -2397.605 / Time: 0h:0m:1s (0h:0m:3s left)
Iteration 40 / LogL: -2390.330 / Time: 0h:0m:1s (0h:0m:2s left)
Iteration 50 / LogL: -2393.755 / Time: 0h:0m:1s (0h:0m:1s left)
Iteration 60 / LogL: -2408.329 / Time: 0h:0m:2s (0h:0m:1s left)
Iteration 70 / LogL: -2390.330 / Time: 0h:0m:2s (0h:0m:1s left)
Iteration 80 / LogL: -2390.331 / Time: 0h:0m:2s (0h:0m:0s left)
Iteration 90 / LogL: -2393.761 / Time: 0h:0m:3s (0h:0m:0s left)
Iteration 100 / LogL: -2390.333 / Time: 0h:0m:3s (0h:0m:0s left)
TREE SEARCH COMPLETED AFTER 101 ITERATIONS / Time: 0h:0m:3s

--------------------------------------------------------------------
|                    FINALIZING TREE SEARCH                        |
--------------------------------------------------------------------
Performs final model parameters optimization
Estimate model parameters (epsilon = 0.010)
1. Initial log-likelihood: -2390.330
Optimal log-likelihood: -2390.329
Rate parameters:  A-C: 0.866  A-G: 1.520  A-T: 0.982  C-G: 1.222  C-T: 1.151  G-T: 1.000
Base frequencies:   A: 0.231  C: 0.270  G: 0.215  T: 0.284
Gamma shape alpha: 14.289
Parameters optimization took 1 rounds (0.010 sec)
BEST SCORE FOUND : -2390.329

Testing tree branches by SH-like aLRT with 1000 replicates...
CPU Time used:  0.220 sec.
Total tree length: 1.401

Total number of iterations: 101
CPU time used for tree search: 3.400 sec (0h:0m:3s)
Wall-clock time used for tree search: 3.400 sec (0h:0m:3s)
Total CPU time used: 3.740 sec (0h:0m:3s)
Total wall-clock time used: 3.745 sec (0h:0m:3s)

Analysis results written to: 
  IQ-TREE report:                ../simulations/data_D8T0L15I8T8//S/362_pruned.fasta.iqtree
  Maximum-likelihood tree:       ../simulations/data_D8T0L15I8T8//S/362_pruned.fasta.treefile
  Likelihood distances:          ../simulations/data_D8T0L15I8T8//S/362_pruned.fasta.mldist
  Screen log file:               ../simulations/data_D8T0L15I8T8//S/362_pruned.fasta.log

Date and Time: Fri May 25 22:49:14 2018
