IQ-TREE version 1.4.2 for Linux 64-bit built Apr 15 2016
Copyright (c) 2011-2015 Nguyen Lam Tung, Olga Chernomor, Arndt von Haeseler and Bui Quang Minh.

Host:    meduse (AVX2, FMA3, 7 GB RAM)
Command: iqtree -s ../simulations/data_D10T0L20I10T10//S/367_pruned.fasta -m GTR+G -alrt 1000 -redo
Seed:    134813 (Using SPRNG - Scalable Parallel Random Number Generator)
Time:    Sun Jun  3 23:54:04 2018
Kernel:  AVX

NOTE: Consider using the multicore version because your CPU has 4 cores!

Reading alignment file ../simulations/data_D10T0L20I10T10//S/367_pruned.fasta ... Fasta format detected
Alignment most likely contains DNA/RNA sequences
Alignment has 26 sequences with 300 columns and 300 patterns (297 informative sites)
          Gap/Ambiguity  Composition  p-value
   1  n277_278    0.00%    passed     98.13%
   2  n286_287    0.00%    passed     79.44%
   3  n296_297    0.00%    passed     86.25%
   4  n285_286    0.00%    passed     47.38%
   5  n289_290    0.00%    passed     34.25%
   6  n274_275    0.00%    passed     64.57%
   7  n255_256    0.00%    passed     90.04%
   8  n275_276    0.00%    passed     94.43%
   9  n278_279    0.00%    passed     95.40%
  10  n299_300    0.00%    passed     81.45%
  11  n236_237    0.00%    passed     86.99%
  12  n293_294    0.00%    passed     93.49%
  13  n290_291    0.00%    passed     81.54%
  14  n297_298    0.00%    passed     82.11%
  15  n200_201    0.00%    failed      2.99%
  16  n292_293    0.00%    passed     72.30%
  17  n280_281    0.00%    passed     30.02%
  18  n295_296    0.00%    passed     82.09%
  19  n287_288    0.00%    passed     56.97%
  20  n244_245    0.00%    passed     50.78%
  21  n265_266    0.00%    passed     71.05%
  22  n266_267    0.00%    passed     80.78%
  23  n294_295    0.00%    passed     87.85%
  24  n251_252    0.00%    passed     11.47%
  25  n298_299    0.00%    passed     62.67%
  26  n300_301    0.00%    passed     97.98%
****  TOTAL       0.00%  1 sequences failed composition chi2 test (p-value<5%; df=3)

Create initial parsimony tree by phylogenetic likelihood library (PLL)... 0.002 seconds

NOTE: 1 MB RAM is required!
Estimate model parameters (epsilon = 0.100)
1. Initial log-likelihood: -5299.750
2. Current log-likelihood: -5204.889
3. Current log-likelihood: -5186.538
4. Current log-likelihood: -5181.710
5. Current log-likelihood: -5180.504
6. Current log-likelihood: -5180.077
7. Current log-likelihood: -5179.966
Optimal log-likelihood: -5179.833
Rate parameters:  A-C: 1.019  A-G: 1.261  A-T: 0.950  C-G: 0.885  C-T: 1.246  G-T: 1.000
Base frequencies:   A: 0.221  C: 0.267  G: 0.261  T: 0.251
Gamma shape alpha: 7.635
Parameters optimization took 7 rounds (0.089 sec)
--------------------------------------------------------------------
|             INITIALIZING CANDIDATE TREE SET                      |
--------------------------------------------------------------------
Computing ML distances based on estimated model parameters... 0.004 sec
WARNING: Some pairwise ML distances are too long (saturated)
Computing BIONJ tree...
0.000 seconds
Log-likelihood of BIONJ tree: -5184.180
Generating 98 parsimony trees... 0.143 seconds 7 distinct starting trees
Computing log-likelihood of 7 initial trees ... 0.015 seconds
Optimizing top 7 initial trees with NNI...
Iteration 1 / LogL: -5179.639 / Time: 0h:0m:0s
Estimate model parameters (epsilon = 0.100)
BETTER TREE FOUND at iteration 1: -5179.560
Iteration 2 / LogL: -5180.398 / Time: 0h:0m:0s
Iteration 3 / LogL: -5180.399 / Time: 0h:0m:0s
Iteration 4 / LogL: -5180.399 / Time: 0h:0m:0s
Iteration 5 / LogL: -5180.089 / Time: 0h:0m:0s
Iteration 6 / LogL: -5180.089 / Time: 0h:0m:0s
Iteration 7 / LogL: -5176.351 / Time: 0h:0m:0s
Estimate model parameters (epsilon = 0.100)
BETTER TREE FOUND at iteration 7: -5176.096
Average CPU time for 1 NNI search: 0.016
Finish initializing candidate tree set. Number of distinct locally optimal trees: 4
Current best tree score: -5176.096 / CPU time: 0.268
--------------------------------------------------------------------
|               OPTIMIZING CANDIDATE TREE SET                      |
--------------------------------------------------------------------
Iteration 10 / LogL: -5183.481 / Time: 0h:0m:0s
Iteration 20 / LogL: -5176.637 / Time: 0h:0m:0s (0h:0m:3s left)
Estimate model parameters (epsilon = 0.010)
UPDATE BEST LOG-LIKELIHOOD: -5175.986
Iteration 30 / LogL: -5201.325 / Time: 0h:0m:1s (0h:0m:3s left)
Iteration 40 / LogL: -5181.567 / Time: 0h:0m:1s (0h:0m:2s left)
Iteration 50 / LogL: -5192.796 / Time: 0h:0m:2s (0h:0m:2s left)
Iteration 60 / LogL: -5180.080 / Time: 0h:0m:2s (0h:0m:1s left)
Iteration 70 / LogL: -5177.415 / Time: 0h:0m:2s (0h:0m:1s left)
Iteration 80 / LogL: -5187.622 / Time: 0h:0m:3s (0h:0m:0s left)
Iteration 90 / LogL: -5182.199 / Time: 0h:0m:3s (0h:0m:0s left)
Iteration 100 / LogL: -5176.162 / Time: 0h:0m:3s (0h:0m:0s left)
TREE SEARCH COMPLETED AFTER 101 ITERATIONS / Time: 0h:0m:3s

--------------------------------------------------------------------
|                    FINALIZING TREE SEARCH                        |
--------------------------------------------------------------------
Performs final model parameters optimization
Estimate model parameters (epsilon = 0.010)
1. Initial log-likelihood: -5175.986
Optimal log-likelihood: -5175.982
Rate parameters:  A-C: 1.053  A-G: 1.305  A-T: 0.971  C-G: 0.934  C-T: 1.292  G-T: 1.000
Base frequencies:   A: 0.221  C: 0.267  G: 0.261  T: 0.251
Gamma shape alpha: 9.164
Parameters optimization took 1 rounds (0.007 sec)
BEST SCORE FOUND : -5175.982

Testing tree branches by SH-like aLRT with 1000 replicates...
CPU Time used:  0.124 sec.
Total tree length: 8.341

Total number of iterations: 101
CPU time used for tree search: 3.656 sec (0h:0m:3s)
Wall-clock time used for tree search: 3.656 sec (0h:0m:3s)
Total CPU time used: 3.936 sec (0h:0m:3s)
Total wall-clock time used: 3.942 sec (0h:0m:3s)

Analysis results written to: 
  IQ-TREE report:                ../simulations/data_D10T0L20I10T10//S/367_pruned.fasta.iqtree
  Maximum-likelihood tree:       ../simulations/data_D10T0L20I10T10//S/367_pruned.fasta.treefile
  Likelihood distances:          ../simulations/data_D10T0L20I10T10//S/367_pruned.fasta.mldist
  Screen log file:               ../simulations/data_D10T0L20I10T10//S/367_pruned.fasta.log

Date and Time: Sun Jun  3 23:54:08 2018
