IQ-TREE version 1.4.2 for Linux 64-bit built Apr 15 2016
Copyright (c) 2011-2015 Nguyen Lam Tung, Olga Chernomor, Arndt von Haeseler and Bui Quang Minh.

Host:    meduse (AVX2, FMA3, 7 GB RAM)
Command: iqtree -s ../simulations/data_D10T0L20I10T10//S/370_pruned.fasta -m GTR+G -alrt 1000 -redo
Seed:    761245 (Using SPRNG - Scalable Parallel Random Number Generator)
Time:    Mon Jun  4 00:11:37 2018
Kernel:  AVX

NOTE: Consider using the multicore version because your CPU has 4 cores!

Reading alignment file ../simulations/data_D10T0L20I10T10//S/370_pruned.fasta ... Fasta format detected
Alignment most likely contains DNA/RNA sequences
Alignment has 26 sequences with 300 columns and 300 patterns (290 informative sites)
          Gap/Ambiguity  Composition  p-value
   1  n277_278    0.00%    passed     98.70%
   2  n286_287    0.00%    passed     22.34%
   3  n296_297    0.00%    passed     71.76%
   4  n285_286    0.00%    passed      8.44%
   5  n289_290    0.00%    passed     24.65%
   6  n274_275    0.00%    passed     92.15%
   7  n255_256    0.00%    passed     26.51%
   8  n275_276    0.00%    passed     97.63%
   9  n278_279    0.00%    passed     88.92%
  10  n299_300    0.00%    passed     94.10%
  11  n236_237    0.00%    passed     89.57%
  12  n293_294    0.00%    passed     77.04%
  13  n290_291    0.00%    passed     35.19%
  14  n297_298    0.00%    passed     96.75%
  15  n200_201    0.00%    passed     93.32%
  16  n292_293    0.00%    passed     88.78%
  17  n280_281    0.00%    passed     71.54%
  18  n295_296    0.00%    passed     87.54%
  19  n287_288    0.00%    passed     34.43%
  20  n244_245    0.00%    passed     43.45%
  21  n265_266    0.00%    passed     53.04%
  22  n266_267    0.00%    passed     50.10%
  23  n294_295    0.00%    passed     89.31%
  24  n251_252    0.00%    passed     86.24%
  25  n298_299    0.00%    passed     92.04%
  26  n300_301    0.00%    passed     96.00%
****  TOTAL       0.00%  0 sequences failed composition chi2 test (p-value<5%; df=3)

Create initial parsimony tree by phylogenetic likelihood library (PLL)... 0.001 seconds

NOTE: 1 MB RAM is required!
Estimate model parameters (epsilon = 0.100)
1. Initial log-likelihood: -5133.510
2. Current log-likelihood: -5038.836
3. Current log-likelihood: -5024.964
4. Current log-likelihood: -5021.748
5. Current log-likelihood: -5020.645
6. Current log-likelihood: -5020.398
Optimal log-likelihood: -5020.343
Rate parameters:  A-C: 0.846  A-G: 1.040  A-T: 0.728  C-G: 0.794  C-T: 0.917  G-T: 1.000
Base frequencies:   A: 0.222  C: 0.289  G: 0.259  T: 0.230
Gamma shape alpha: 4.433
Parameters optimization took 6 rounds (0.080 sec)
--------------------------------------------------------------------
|             INITIALIZING CANDIDATE TREE SET                      |
--------------------------------------------------------------------
Computing ML distances based on estimated model parameters... 0.004 sec
WARNING: Some pairwise ML distances are too long (saturated)
Computing BIONJ tree...
0.000 seconds
Log-likelihood of BIONJ tree: -5034.269
Generating 98 parsimony trees... 0.157 seconds 7 distinct starting trees
Computing log-likelihood of 7 initial trees ... 0.015 seconds
Optimizing top 7 initial trees with NNI...
Iteration 1 / LogL: -5020.181 / Time: 0h:0m:0s
Estimate model parameters (epsilon = 0.100)
BETTER SCORE FOUND at iteration 1: -5019.721
Iteration 2 / LogL: -5019.858 / Time: 0h:0m:0s
Iteration 3 / LogL: -5019.748 / Time: 0h:0m:0s
Iteration 4 / LogL: -5019.926 / Time: 0h:0m:0s
Iteration 5 / LogL: -5019.854 / Time: 0h:0m:0s
Iteration 6 / LogL: -5019.922 / Time: 0h:0m:0s
Iteration 7 / LogL: -5019.803 / Time: 0h:0m:0s
Average CPU time for 1 NNI search: 0.015
Finish initializing candidate tree set. Number of distinct locally optimal trees: 1
Current best tree score: -5019.721 / CPU time: 0.280
--------------------------------------------------------------------
|               OPTIMIZING CANDIDATE TREE SET                      |
--------------------------------------------------------------------
Iteration 10 / LogL: -5019.964 / Time: 0h:0m:0s
Iteration 20 / LogL: -5025.599 / Time: 0h:0m:0s (0h:0m:3s left)
Iteration 30 / LogL: -5024.959 / Time: 0h:0m:1s (0h:0m:2s left)
Iteration 40 / LogL: -5020.308 / Time: 0h:0m:1s (0h:0m:2s left)
Estimate model parameters (epsilon = 0.010)
BETTER TREE FOUND at iteration 42: -5019.481
Iteration 50 / LogL: -5020.088 / Time: 0h:0m:1s (0h:0m:3s left)
Iteration 60 / LogL: -5019.855 / Time: 0h:0m:2s (0h:0m:2s left)
Iteration 70 / LogL: -5019.899 / Time: 0h:0m:2s (0h:0m:2s left)
Iteration 80 / LogL: -5019.653 / Time: 0h:0m:2s (0h:0m:2s left)
Iteration 90 / LogL: -5020.228 / Time: 0h:0m:3s (0h:0m:1s left)
Iteration 100 / LogL: -5023.926 / Time: 0h:0m:3s (0h:0m:1s left)
Iteration 110 / LogL: -5019.511 / Time: 0h:0m:3s (0h:0m:1s left)
Iteration 120 / LogL: -5019.480 / Time: 0h:0m:4s (0h:0m:0s left)
Iteration 130 / LogL: -5022.406 / Time: 0h:0m:4s (0h:0m:0s left)
Iteration 140 / LogL: -5020.980 / Time: 0h:0m:4s (0h:0m:0s left)
TREE SEARCH COMPLETED AFTER 142 ITERATIONS / Time: 0h:0m:4s

--------------------------------------------------------------------
|                    FINALIZING TREE SEARCH                        |
--------------------------------------------------------------------
Performs final model parameters optimization
Estimate model parameters (epsilon = 0.010)
1. Initial log-likelihood: -5019.480
Optimal log-likelihood: -5019.470
Rate parameters:  A-C: 0.847  A-G: 1.058  A-T: 0.745  C-G: 0.795  C-T: 0.925  G-T: 1.000
Base frequencies:   A: 0.222  C: 0.289  G: 0.259  T: 0.230
Gamma shape alpha: 4.152
Parameters optimization took 1 rounds (0.007 sec)
BEST SCORE FOUND : -5019.470

Testing tree branches by SH-like aLRT with 1000 replicates...
CPU Time used:  0.120 sec.
Total tree length: 9.206

Total number of iterations: 142
CPU time used for tree search: 4.664 sec (0h:0m:4s)
Wall-clock time used for tree search: 4.667 sec (0h:0m:4s)
Total CPU time used: 4.908 sec (0h:0m:4s)
Total wall-clock time used: 4.913 sec (0h:0m:4s)

Analysis results written to: 
  IQ-TREE report:                ../simulations/data_D10T0L20I10T10//S/370_pruned.fasta.iqtree
  Maximum-likelihood tree:       ../simulations/data_D10T0L20I10T10//S/370_pruned.fasta.treefile
  Likelihood distances:          ../simulations/data_D10T0L20I10T10//S/370_pruned.fasta.mldist
  Screen log file:               ../simulations/data_D10T0L20I10T10//S/370_pruned.fasta.log

Date and Time: Mon Jun  4 00:11:42 2018
