IQ-TREE version 1.4.2 for Linux 64-bit built Apr 15 2016
Copyright (c) 2011-2015 Nguyen Lam Tung, Olga Chernomor, Arndt von Haeseler and Bui Quang Minh.

Host:    meduse (AVX2, FMA3, 7 GB RAM)
Command: iqtree -s ../simulations/data_D8T0L15I8T8//S/372_pruned.fasta -m GTR+G -alrt 1000 -redo
Seed:    167809 (Using SPRNG - Scalable Parallel Random Number Generator)
Time:    Fri May 25 22:39:48 2018
Kernel:  AVX

NOTE: Consider using the multicore version because your CPU has 4 cores!

Reading alignment file ../simulations/data_D8T0L15I8T8//S/372_pruned.fasta ... Fasta format detected
Alignment most likely contains DNA/RNA sequences
Alignment has 24 sequences with 300 columns and 163 patterns (130 informative sites)
          Gap/Ambiguity  Composition  p-value
   1  n277_258    0.00%    passed     91.61%
   2  n289_270    0.00%    passed     79.13%
   3  n244_229    0.00%    passed     20.48%
   4  n299_280    0.00%    passed     62.24%
   5  n286_267    0.00%    passed     73.13%
   6  n293_274    0.00%    passed     80.84%
   7  n275_256    0.00%    passed     92.86%
   8  n290_271    0.00%    passed     62.39%
   9  n295_276    0.00%    passed     78.51%
  10  n280_261    0.00%    passed     64.50%
  11  n287_268    0.00%    passed     77.53%
  12  n200_195    0.00%    passed     98.62%
  13  n274_255    0.00%    passed     72.07%
  14  n292_273    0.00%    passed     60.17%
  15  n285_266    0.00%    passed     83.89%
  16  n296_277    0.00%    passed     85.24%
  17  n278_259    0.00%    passed     90.27%
  18  n265_246    0.00%    passed     94.65%
  19  n298_279    0.00%    passed     84.96%
  20  n294_275    0.00%    passed     90.52%
  21  n266_247    0.00%    passed     99.60%
  22  n236_223    0.00%    passed     98.97%
  23  n297_278    0.00%    passed     89.37%
  24  n300_281    0.00%    passed     67.47%
****  TOTAL       0.00%  0 sequences failed composition chi2 test (p-value<5%; df=3)

Create initial parsimony tree by phylogenetic likelihood library (PLL)... 0.001 seconds

NOTE: 0 MB RAM is required!
Estimate model parameters (epsilon = 0.100)
1. Initial log-likelihood: -1914.362
2. Current log-likelihood: -1861.423
3. Current log-likelihood: -1860.851
Optimal log-likelihood: -1860.790
Rate parameters:  A-C: 1.189  A-G: 1.081  A-T: 1.523  C-G: 1.626  C-T: 1.205  G-T: 1.000
Base frequencies:   A: 0.239  C: 0.269  G: 0.244  T: 0.248
Gamma shape alpha: 4.875
Parameters optimization took 3 rounds (0.039 sec)
--------------------------------------------------------------------
|             INITIALIZING CANDIDATE TREE SET                      |
--------------------------------------------------------------------
Computing ML distances based on estimated model parameters... 0.004 sec
Computing BIONJ tree...
0.000 seconds
Log-likelihood of BIONJ tree: -1860.790
Generating 98 parsimony trees... 0.124 seconds 89 distinct starting trees
Computing log-likelihood of 89 initial trees ... 0.207 seconds
Optimizing top 20 initial trees with NNI...
Iteration 1 / LogL: -1860.790 / Time: 0h:0m:0s
Estimate model parameters (epsilon = 0.100)
BETTER SCORE FOUND at iteration 1: -1860.787
Iteration 2 / LogL: -1860.789 / Time: 0h:0m:0s
Iteration 3 / LogL: -1860.791 / Time: 0h:0m:0s
Iteration 4 / LogL: -1860.791 / Time: 0h:0m:0s
Iteration 5 / LogL: -1860.791 / Time: 0h:0m:0s
Iteration 6 / LogL: -1860.791 / Time: 0h:0m:0s
Iteration 7 / LogL: -1860.791 / Time: 0h:0m:0s
Iteration 8 / LogL: -1860.791 / Time: 0h:0m:0s
Iteration 9 / LogL: -1860.791 / Time: 0h:0m:0s
Iteration 10 / LogL: -1860.791 / Time: 0h:0m:0s
Iteration 11 / LogL: -1860.791 / Time: 0h:0m:0s
Iteration 12 / LogL: -1860.791 / Time: 0h:0m:0s
Iteration 13 / LogL: -1860.791 / Time: 0h:0m:0s
Iteration 14 / LogL: -1860.792 / Time: 0h:0m:0s
Iteration 15 / LogL: -1860.792 / Time: 0h:0m:0s
Iteration 16 / LogL: -1860.792 / Time: 0h:0m:0s
Iteration 17 / LogL: -1860.792 / Time: 0h:0m:0s
Iteration 18 / LogL: -1860.792 / Time: 0h:0m:0s
Iteration 19 / LogL: -1860.792 / Time: 0h:0m:0s
Iteration 20 / LogL: -1860.792 / Time: 0h:0m:0s
Average CPU time for 1 NNI search: 0.007
Finish initializing candidate tree set. Number of distinct locally optimal trees: 20
Current best tree score: -1860.787 / CPU time: 0.468
--------------------------------------------------------------------
|               OPTIMIZING CANDIDATE TREE SET                      |
--------------------------------------------------------------------
Iteration 30 / LogL: -1860.792 / Time: 0h:0m:0s (0h:0m:1s left)
Iteration 40 / LogL: -1860.791 / Time: 0h:0m:0s (0h:0m:1s left)
Iteration 50 / LogL: -1860.790 / Time: 0h:0m:1s (0h:0m:1s left)
Iteration 60 / LogL: -1871.437 / Time: 0h:0m:1s (0h:0m:0s left)
Iteration 70 / LogL: -1860.789 / Time: 0h:0m:1s (0h:0m:0s left)
Iteration 80 / LogL: -1860.788 / Time: 0h:0m:1s (0h:0m:0s left)
Iteration 90 / LogL: -1860.956 / Time: 0h:0m:2s (0h:0m:0s left)
Iteration 100 / LogL: -1892.679 / Time: 0h:0m:2s (0h:0m:0s left)
TREE SEARCH COMPLETED AFTER 101 ITERATIONS / Time: 0h:0m:2s

--------------------------------------------------------------------
|                    FINALIZING TREE SEARCH                        |
--------------------------------------------------------------------
Performs final model parameters optimization
Estimate model parameters (epsilon = 0.010)
1. Initial log-likelihood: -1860.787
2. Current log-likelihood: -1860.764
Optimal log-likelihood: -1860.758
Rate parameters:  A-C: 1.132  A-G: 1.038  A-T: 1.478  C-G: 1.585  C-T: 1.187  G-T: 1.000
Base frequencies:   A: 0.239  C: 0.269  G: 0.244  T: 0.248
Gamma shape alpha: 4.958
Parameters optimization took 2 rounds (0.015 sec)
BEST SCORE FOUND : -1860.758

Testing tree branches by SH-like aLRT with 1000 replicates...
CPU Time used:  0.148 sec.
Total tree length: 1.130

Total number of iterations: 101
CPU time used for tree search: 2.140 sec (0h:0m:2s)
Wall-clock time used for tree search: 2.157 sec (0h:0m:2s)
Total CPU time used: 2.368 sec (0h:0m:2s)
Total wall-clock time used: 2.388 sec (0h:0m:2s)

Analysis results written to: 
  IQ-TREE report:                ../simulations/data_D8T0L15I8T8//S/372_pruned.fasta.iqtree
  Maximum-likelihood tree:       ../simulations/data_D8T0L15I8T8//S/372_pruned.fasta.treefile
  Likelihood distances:          ../simulations/data_D8T0L15I8T8//S/372_pruned.fasta.mldist
  Screen log file:               ../simulations/data_D8T0L15I8T8//S/372_pruned.fasta.log

Date and Time: Fri May 25 22:39:50 2018
