IQ-TREE version 1.4.2 for Linux 64-bit built Apr 15 2016
Copyright (c) 2011-2015 Nguyen Lam Tung, Olga Chernomor, Arndt von Haeseler and Bui Quang Minh.

Host:    meduse (AVX2, FMA3, 7 GB RAM)
Command: iqtree -s ../simulations/data_D10T0L20I10T10//S/374_pruned.fasta -m GTR+G -alrt 1000 -redo
Seed:    414269 (Using SPRNG - Scalable Parallel Random Number Generator)
Time:    Fri Jun  1 10:52:41 2018
Kernel:  AVX

NOTE: Consider using the multicore version because your CPU has 4 cores!

Reading alignment file ../simulations/data_D10T0L20I10T10//S/374_pruned.fasta ... Fasta format detected
Alignment most likely contains DNA/RNA sequences
Alignment has 26 sequences with 300 columns and 174 patterns (155 informative sites)
          Gap/Ambiguity  Composition  p-value
   1  n289_290    0.00%    passed     96.68%
   2  n294_295    0.00%    passed     98.83%
   3  n295_296    0.00%    passed     95.54%
   4  n266_267    0.00%    passed     78.70%
   5  n299_300    0.00%    passed     82.55%
   6  n298_299    0.00%    passed     99.74%
   7  n290_291    0.00%    passed     96.58%
   8  n274_275    0.00%    passed     84.39%
   9  n251_252    0.00%    passed     75.45%
  10  n293_294    0.00%    passed     99.06%
  11  n265_266    0.00%    passed     75.23%
  12  n296_297    0.00%    passed     95.54%
  13  n300_301    0.00%    passed     82.55%
  14  n244_245    0.00%    passed     83.67%
  15  n278_279    0.00%    passed     93.35%
  16  n287_288    0.00%    passed     93.54%
  17  n200_201    0.00%    passed     99.90%
  18  n277_278    0.00%    passed     91.11%
  19  n297_298    0.00%    passed     99.94%
  20  n236_237    0.00%    passed     44.67%
  21  n280_281    0.00%    passed     71.72%
  22  n285_286    0.00%    passed     78.02%
  23  n275_276    0.00%    passed     96.66%
  24  n255_256    0.00%    passed     90.12%
  25  n292_293    0.00%    passed     82.55%
  26  n286_287    0.00%    passed     70.16%
****  TOTAL       0.00%  0 sequences failed composition chi2 test (p-value<5%; df=3)
NOTE: 3 identical sequences (see below) will be ignored for subsequent analysis
NOTE: n296_297 (identical to n295_296) is ignored but added at the end
NOTE: n300_301 (identical to n299_300) is ignored but added at the end
NOTE: n292_293 (identical to n299_300) is ignored but added at the end

Create initial parsimony tree by phylogenetic likelihood library (PLL)... 0.001 seconds

NOTE: 0 MB RAM is required!
Estimate model parameters (epsilon = 0.100)
1. Initial log-likelihood: -2037.567
2. Current log-likelihood: -1999.046
3. Current log-likelihood: -1998.714
Optimal log-likelihood: -1998.691
Rate parameters:  A-C: 0.883  A-G: 1.047  A-T: 0.823  C-G: 0.869  C-T: 0.848  G-T: 1.000
Base frequencies:   A: 0.223  C: 0.274  G: 0.243  T: 0.261
Gamma shape alpha: 7.119
Parameters optimization took 3 rounds (0.018 sec)
--------------------------------------------------------------------
|             INITIALIZING CANDIDATE TREE SET                      |
--------------------------------------------------------------------
Computing ML distances based on estimated model parameters... 0.000 sec
Computing BIONJ tree...
0.000 seconds
Log-likelihood of BIONJ tree: -1998.691
Generating 98 parsimony trees... 0.072 seconds 37 distinct starting trees
Computing log-likelihood of 37 initial trees ... 0.055 seconds
Optimizing top 20 initial trees with NNI...
Iteration 1 / LogL: -1998.691 / Time: 0h:0m:0s
Estimate model parameters (epsilon = 0.100)
BETTER SCORE FOUND at iteration 1: -1998.681
Iteration 2 / LogL: -1998.682 / Time: 0h:0m:0s
Iteration 3 / LogL: -1998.682 / Time: 0h:0m:0s
Iteration 4 / LogL: -1998.682 / Time: 0h:0m:0s
Iteration 5 / LogL: -1998.682 / Time: 0h:0m:0s
Iteration 6 / LogL: -1998.682 / Time: 0h:0m:0s
Iteration 7 / LogL: -1998.682 / Time: 0h:0m:0s
Iteration 8 / LogL: -1998.682 / Time: 0h:0m:0s
Iteration 9 / LogL: -1998.682 / Time: 0h:0m:0s
Iteration 10 / LogL: -1998.682 / Time: 0h:0m:0s
Iteration 11 / LogL: -1998.682 / Time: 0h:0m:0s
Iteration 12 / LogL: -1998.682 / Time: 0h:0m:0s
Iteration 13 / LogL: -1998.682 / Time: 0h:0m:0s
Iteration 14 / LogL: -1998.682 / Time: 0h:0m:0s
Iteration 15 / LogL: -1998.682 / Time: 0h:0m:0s
Iteration 16 / LogL: -1998.682 / Time: 0h:0m:0s
Iteration 17 / LogL: -1998.682 / Time: 0h:0m:0s
Iteration 18 / LogL: -1998.682 / Time: 0h:0m:0s
Iteration 19 / LogL: -1998.682 / Time: 0h:0m:0s
Iteration 20 / LogL: -1998.682 / Time: 0h:0m:0s
Average CPU time for 1 NNI search: 0.004
Finish initializing candidate tree set. Number of distinct locally optimal trees: 20
Current best tree score: -1998.681 / CPU time: 0.204
--------------------------------------------------------------------
|               OPTIMIZING CANDIDATE TREE SET                      |
--------------------------------------------------------------------
Iteration 30 / LogL: -1998.710 / Time: 0h:0m:0s (0h:0m:0s left)
Iteration 40 / LogL: -1998.753 / Time: 0h:0m:0s (0h:0m:0s left)
Iteration 50 / LogL: -1998.773 / Time: 0h:0m:0s (0h:0m:0s left)
Iteration 60 / LogL: -1998.681 / Time: 0h:0m:0s (0h:0m:0s left)
Iteration 70 / LogL: -1998.681 / Time: 0h:0m:0s (0h:0m:0s left)
Iteration 80 / LogL: -1998.740 / Time: 0h:0m:0s (0h:0m:0s left)
Iteration 90 / LogL: -1998.697 / Time: 0h:0m:0s (0h:0m:0s left)
Iteration 100 / LogL: -1998.731 / Time: 0h:0m:1s (0h:0m:0s left)
TREE SEARCH COMPLETED AFTER 101 ITERATIONS / Time: 0h:0m:1s

--------------------------------------------------------------------
|                    FINALIZING TREE SEARCH                        |
--------------------------------------------------------------------
Performs final model parameters optimization
Estimate model parameters (epsilon = 0.010)
1. Initial log-likelihood: -1998.681
Optimal log-likelihood: -1998.675
Rate parameters:  A-C: 0.870  A-G: 1.032  A-T: 0.817  C-G: 0.857  C-T: 0.833  G-T: 1.000
Base frequencies:   A: 0.223  C: 0.274  G: 0.243  T: 0.261
Gamma shape alpha: 7.165
Parameters optimization took 1 rounds (0.004 sec)
BEST SCORE FOUND : -1998.675

Testing tree branches by SH-like aLRT with 1000 replicates...
CPU Time used:  0.088 sec.
Total tree length: 1.145

Total number of iterations: 101
CPU time used for tree search: 1.080 sec (0h:0m:1s)
Wall-clock time used for tree search: 1.082 sec (0h:0m:1s)
Total CPU time used: 1.200 sec (0h:0m:1s)
Total wall-clock time used: 1.205 sec (0h:0m:1s)

Analysis results written to: 
  IQ-TREE report:                ../simulations/data_D10T0L20I10T10//S/374_pruned.fasta.iqtree
  Maximum-likelihood tree:       ../simulations/data_D10T0L20I10T10//S/374_pruned.fasta.treefile
  Likelihood distances:          ../simulations/data_D10T0L20I10T10//S/374_pruned.fasta.mldist
  Screen log file:               ../simulations/data_D10T0L20I10T10//S/374_pruned.fasta.log

Date and Time: Fri Jun  1 10:52:42 2018
