IQ-TREE version 1.4.2 for Linux 64-bit built Apr 15 2016
Copyright (c) 2011-2015 Nguyen Lam Tung, Olga Chernomor, Arndt von Haeseler and Bui Quang Minh.

Host:    meduse (AVX2, FMA3, 7 GB RAM)
Command: iqtree -s ../simulations/data_D10T0L20I10T10//S/383_pruned.fasta -m GTR+G -alrt 1000 -redo
Seed:    445018 (Using SPRNG - Scalable Parallel Random Number Generator)
Time:    Sun Jun  3 23:20:11 2018
Kernel:  AVX

NOTE: Consider using the multicore version because your CPU has 4 cores!

Reading alignment file ../simulations/data_D10T0L20I10T10//S/383_pruned.fasta ... Fasta format detected
Alignment most likely contains DNA/RNA sequences
Alignment has 24 sequences with 300 columns and 299 patterns (293 informative sites)
          Gap/Ambiguity  Composition  p-value
   1  n278_277    0.00%    passed     76.80%
   2  n277_276    0.00%    passed     67.52%
   3  n292_289    0.00%    passed     88.40%
   4  n265_264    0.00%    passed     17.05%
   5  n294_291    0.00%    passed     76.15%
   6  n297_294    0.00%    passed     85.56%
   7  n275_274    0.00%    passed     49.36%
   8  n287_284    0.00%    passed     92.05%
   9  n300_297    0.00%    passed     82.82%
  10  n293_290    0.00%    passed     83.03%
  11  n266_265    0.00%    passed     35.35%
  12  n200_199    0.00%    passed     70.02%
  13  n280_279    0.00%    passed     83.86%
  14  n236_235    0.00%    passed     55.92%
  15  n289_286    0.00%    passed     79.31%
  16  n296_293    0.00%    passed     82.34%
  17  n251_250    0.00%    passed     77.36%
  18  n295_292    0.00%    passed     82.71%
  19  n298_295    0.00%    passed     99.37%
  20  n274_273    0.00%    passed     97.69%
  21  n244_243    0.00%    passed     67.62%
  22  n290_287    0.00%    passed     86.61%
  23  n299_296    0.00%    passed     83.81%
  24  n255_254    0.00%    passed     68.84%
****  TOTAL       0.00%  0 sequences failed composition chi2 test (p-value<5%; df=3)

Create initial parsimony tree by phylogenetic likelihood library (PLL)... 0.001 seconds

NOTE: 1 MB RAM is required!
Estimate model parameters (epsilon = 0.100)
1. Initial log-likelihood: -4917.966
2. Current log-likelihood: -4815.603
3. Current log-likelihood: -4800.178
4. Current log-likelihood: -4796.240
5. Current log-likelihood: -4794.800
6. Current log-likelihood: -4794.130
7. Current log-likelihood: -4794.025
Optimal log-likelihood: -4793.981
Rate parameters:  A-C: 1.070  A-G: 1.081  A-T: 0.761  C-G: 0.922  C-T: 1.460  G-T: 1.000
Base frequencies:   A: 0.245  C: 0.260  G: 0.249  T: 0.246
Gamma shape alpha: 4.659
Parameters optimization took 7 rounds (0.081 sec)
--------------------------------------------------------------------
|             INITIALIZING CANDIDATE TREE SET                      |
--------------------------------------------------------------------
Computing ML distances based on estimated model parameters... 0.000 sec
WARNING: Some pairwise ML distances are too long (saturated)
Computing BIONJ tree...
0.000 seconds
Log-likelihood of BIONJ tree: -4804.043
Generating 98 parsimony trees... 0.125 seconds 5 distinct starting trees
Computing log-likelihood of 5 initial trees ... 0.008 seconds
Optimizing top 5 initial trees with NNI...
Iteration 1 / LogL: -4793.716 / Time: 0h:0m:0s
Estimate model parameters (epsilon = 0.100)
BETTER TREE FOUND at iteration 1: -4793.599
Iteration 2 / LogL: -4795.787 / Time: 0h:0m:0s
Iteration 3 / LogL: -4795.748 / Time: 0h:0m:0s
Iteration 4 / LogL: -4795.959 / Time: 0h:0m:0s
Iteration 5 / LogL: -4794.193 / Time: 0h:0m:0s
Average CPU time for 1 NNI search: 0.013
Finish initializing candidate tree set. Number of distinct locally optimal trees: 2
Current best tree score: -4793.599 / CPU time: 0.196
--------------------------------------------------------------------
|               OPTIMIZING CANDIDATE TREE SET                      |
--------------------------------------------------------------------
Estimate model parameters (epsilon = 0.010)
BETTER TREE FOUND at iteration 8: -4793.226
Iteration 10 / LogL: -4809.371 / Time: 0h:0m:0s
Iteration 20 / LogL: -4800.743 / Time: 0h:0m:0s (0h:0m:3s left)
Iteration 30 / LogL: -4793.519 / Time: 0h:0m:1s (0h:0m:2s left)
Iteration 40 / LogL: -4797.586 / Time: 0h:0m:1s (0h:0m:2s left)
Iteration 50 / LogL: -4797.044 / Time: 0h:0m:1s (0h:0m:1s left)
Iteration 60 / LogL: -4793.921 / Time: 0h:0m:1s (0h:0m:1s left)
Iteration 70 / LogL: -4793.616 / Time: 0h:0m:2s (0h:0m:1s left)
Iteration 80 / LogL: -4795.044 / Time: 0h:0m:2s (0h:0m:0s left)
Iteration 90 / LogL: -4793.451 / Time: 0h:0m:2s (0h:0m:0s left)
Iteration 100 / LogL: -4799.515 / Time: 0h:0m:3s (0h:0m:0s left)
TREE SEARCH COMPLETED AFTER 108 ITERATIONS / Time: 0h:0m:3s

--------------------------------------------------------------------
|                    FINALIZING TREE SEARCH                        |
--------------------------------------------------------------------
Performs final model parameters optimization
Estimate model parameters (epsilon = 0.010)
1. Initial log-likelihood: -4793.226
Optimal log-likelihood: -4793.214
Rate parameters:  A-C: 1.068  A-G: 1.077  A-T: 0.764  C-G: 0.902  C-T: 1.454  G-T: 1.000
Base frequencies:   A: 0.245  C: 0.260  G: 0.249  T: 0.246
Gamma shape alpha: 4.633
Parameters optimization took 1 rounds (0.006 sec)
BEST SCORE FOUND : -4793.214

Testing tree branches by SH-like aLRT with 1000 replicates...
Alternative NNI shows better log-likelihood -4793.191 > -4793.214
CPU Time used:  0.116 sec.
Total tree length: 9.855

Total number of iterations: 108
CPU time used for tree search: 3.320 sec (0h:0m:3s)
Wall-clock time used for tree search: 3.320 sec (0h:0m:3s)
Total CPU time used: 3.564 sec (0h:0m:3s)
Total wall-clock time used: 3.565 sec (0h:0m:3s)

Analysis results written to: 
  IQ-TREE report:                ../simulations/data_D10T0L20I10T10//S/383_pruned.fasta.iqtree
  Maximum-likelihood tree:       ../simulations/data_D10T0L20I10T10//S/383_pruned.fasta.treefile
  Likelihood distances:          ../simulations/data_D10T0L20I10T10//S/383_pruned.fasta.mldist
  Screen log file:               ../simulations/data_D10T0L20I10T10//S/383_pruned.fasta.log

Date and Time: Sun Jun  3 23:20:15 2018
