IQ-TREE version 1.4.2 for Linux 64-bit built Apr 15 2016
Copyright (c) 2011-2015 Nguyen Lam Tung, Olga Chernomor, Arndt von Haeseler and Bui Quang Minh.

Host:    meduse (AVX2, FMA3, 7 GB RAM)
Command: iqtree -s ../simulations/data_D10T0L20I10T10//S/386_pruned.fasta -m GTR+G -alrt 1000 -redo
Seed:    130871 (Using SPRNG - Scalable Parallel Random Number Generator)
Time:    Mon Jun  4 00:06:43 2018
Kernel:  AVX

NOTE: Consider using the multicore version because your CPU has 4 cores!

Reading alignment file ../simulations/data_D10T0L20I10T10//S/386_pruned.fasta ... Fasta format detected
Alignment most likely contains DNA/RNA sequences
Alignment has 26 sequences with 300 columns and 299 patterns (292 informative sites)
          Gap/Ambiguity  Composition  p-value
   1  n277_278    0.00%    passed     44.85%
   2  n286_287    0.00%    passed     58.74%
   3  n296_297    0.00%    passed     90.06%
   4  n285_286    0.00%    passed     74.72%
   5  n289_290    0.00%    passed     78.00%
   6  n274_275    0.00%    passed     38.90%
   7  n255_256    0.00%    passed     79.02%
   8  n275_276    0.00%    passed     87.26%
   9  n278_279    0.00%    passed     25.27%
  10  n299_300    0.00%    passed     58.38%
  11  n236_237    0.00%    passed     41.47%
  12  n293_294    0.00%    passed     54.68%
  13  n290_291    0.00%    passed     71.68%
  14  n297_298    0.00%    passed     38.86%
  15  n200_201    0.00%    passed     15.23%
  16  n292_293    0.00%    passed     89.10%
  17  n280_281    0.00%    passed     49.24%
  18  n295_296    0.00%    passed     87.11%
  19  n287_288    0.00%    passed     64.33%
  20  n244_245    0.00%    passed     10.19%
  21  n265_266    0.00%    passed     34.68%
  22  n266_267    0.00%    passed     73.01%
  23  n294_295    0.00%    passed     36.68%
  24  n251_252    0.00%    passed     61.99%
  25  n298_299    0.00%    passed     36.66%
  26  n300_301    0.00%    passed     69.67%
****  TOTAL       0.00%  0 sequences failed composition chi2 test (p-value<5%; df=3)

Create initial parsimony tree by phylogenetic likelihood library (PLL)... 0.002 seconds

NOTE: 1 MB RAM is required!
Estimate model parameters (epsilon = 0.100)
1. Initial log-likelihood: -5209.414
2. Current log-likelihood: -5127.927
3. Current log-likelihood: -5111.271
4. Current log-likelihood: -5106.973
5. Current log-likelihood: -5106.067
6. Current log-likelihood: -5105.910
Optimal log-likelihood: -5105.849
Rate parameters:  A-C: 1.218  A-G: 1.270  A-T: 1.227  C-G: 1.228  C-T: 1.327  G-T: 1.000
Base frequencies:   A: 0.233  C: 0.265  G: 0.260  T: 0.242
Gamma shape alpha: 4.732
Parameters optimization took 6 rounds (0.074 sec)
--------------------------------------------------------------------
|             INITIALIZING CANDIDATE TREE SET                      |
--------------------------------------------------------------------
Computing ML distances based on estimated model parameters... 0.004 sec
WARNING: Some pairwise ML distances are too long (saturated)
Computing BIONJ tree...
0.000 seconds
Log-likelihood of BIONJ tree: -5110.576
Generating 98 parsimony trees... 0.153 seconds 2 distinct starting trees
Computing log-likelihood of 2 initial trees ... 0.000 seconds
Optimizing top 2 initial trees with NNI...
Iteration 1 / LogL: -5105.849 / Time: 0h:0m:0s
Estimate model parameters (epsilon = 0.100)
BETTER SCORE FOUND at iteration 1: -5105.832
Iteration 2 / LogL: -5106.687 / Time: 0h:0m:0s
Average CPU time for 1 NNI search: 0.014
Finish initializing candidate tree set. Number of distinct locally optimal trees: 2
Current best tree score: -5105.832 / CPU time: 0.176
--------------------------------------------------------------------
|               OPTIMIZING CANDIDATE TREE SET                      |
--------------------------------------------------------------------
Iteration 10 / LogL: -5106.509 / Time: 0h:0m:0s
Iteration 20 / LogL: -5106.631 / Time: 0h:0m:0s (0h:0m:3s left)
Iteration 30 / LogL: -5116.485 / Time: 0h:0m:1s (0h:0m:2s left)
Iteration 40 / LogL: -5106.820 / Time: 0h:0m:1s (0h:0m:2s left)
Iteration 50 / LogL: -5107.531 / Time: 0h:0m:1s (0h:0m:1s left)
Iteration 60 / LogL: -5106.158 / Time: 0h:0m:2s (0h:0m:1s left)
Iteration 70 / LogL: -5106.729 / Time: 0h:0m:2s (0h:0m:1s left)
Iteration 80 / LogL: -5106.974 / Time: 0h:0m:2s (0h:0m:0s left)
Iteration 90 / LogL: -5106.556 / Time: 0h:0m:2s (0h:0m:0s left)
Iteration 100 / LogL: -5113.043 / Time: 0h:0m:3s (0h:0m:0s left)
TREE SEARCH COMPLETED AFTER 101 ITERATIONS / Time: 0h:0m:3s

--------------------------------------------------------------------
|                    FINALIZING TREE SEARCH                        |
--------------------------------------------------------------------
Performs final model parameters optimization
Estimate model parameters (epsilon = 0.010)
1. Initial log-likelihood: -5105.832
Optimal log-likelihood: -5105.822
Rate parameters:  A-C: 1.207  A-G: 1.260  A-T: 1.218  C-G: 1.218  C-T: 1.313  G-T: 1.000
Base frequencies:   A: 0.233  C: 0.265  G: 0.260  T: 0.242
Gamma shape alpha: 4.771
Parameters optimization took 1 rounds (0.007 sec)
BEST SCORE FOUND : -5105.822

Testing tree branches by SH-like aLRT with 1000 replicates...
CPU Time used:  0.116 sec.
Total tree length: 8.326

Total number of iterations: 101
CPU time used for tree search: 3.176 sec (0h:0m:3s)
Wall-clock time used for tree search: 3.179 sec (0h:0m:3s)
Total CPU time used: 3.416 sec (0h:0m:3s)
Total wall-clock time used: 3.422 sec (0h:0m:3s)

Analysis results written to: 
  IQ-TREE report:                ../simulations/data_D10T0L20I10T10//S/386_pruned.fasta.iqtree
  Maximum-likelihood tree:       ../simulations/data_D10T0L20I10T10//S/386_pruned.fasta.treefile
  Likelihood distances:          ../simulations/data_D10T0L20I10T10//S/386_pruned.fasta.mldist
  Screen log file:               ../simulations/data_D10T0L20I10T10//S/386_pruned.fasta.log

Date and Time: Mon Jun  4 00:06:46 2018
