IQ-TREE version 1.4.2 for Linux 64-bit built Apr 15 2016
Copyright (c) 2011-2015 Nguyen Lam Tung, Olga Chernomor, Arndt von Haeseler and Bui Quang Minh.

Host:    meduse (AVX2, FMA3, 7 GB RAM)
Command: iqtree -s ../simulations/data_D10T0L20I10T10//S/392_pruned.fasta -m GTR+G -alrt 1000 -redo
Seed:    166789 (Using SPRNG - Scalable Parallel Random Number Generator)
Time:    Fri Jun  1 11:01:45 2018
Kernel:  AVX

NOTE: Consider using the multicore version because your CPU has 4 cores!

Reading alignment file ../simulations/data_D10T0L20I10T10//S/392_pruned.fasta ... Fasta format detected
Alignment most likely contains DNA/RNA sequences
Alignment has 26 sequences with 300 columns and 167 patterns (151 informative sites)
          Gap/Ambiguity  Composition  p-value
   1  n289_290    0.00%    passed     99.03%
   2  n294_295    0.00%    passed     95.79%
   3  n295_296    0.00%    passed     99.35%
   4  n266_267    0.00%    passed     95.24%
   5  n299_300    0.00%    passed     88.80%
   6  n298_299    0.00%    passed     98.29%
   7  n290_291    0.00%    passed     97.94%
   8  n274_275    0.00%    passed     93.90%
   9  n251_252    0.00%    passed     88.53%
  10  n293_294    0.00%    passed     91.28%
  11  n265_266    0.00%    passed     96.36%
  12  n296_297    0.00%    passed     96.84%
  13  n300_301    0.00%    passed     91.99%
  14  n244_245    0.00%    passed     99.52%
  15  n278_279    0.00%    passed     81.10%
  16  n287_288    0.00%    passed     97.45%
  17  n200_201    0.00%    passed     82.53%
  18  n277_278    0.00%    passed     77.79%
  19  n297_298    0.00%    passed     98.00%
  20  n236_237    0.00%    passed     98.29%
  21  n280_281    0.00%    passed     94.01%
  22  n285_286    0.00%    passed     98.82%
  23  n275_276    0.00%    passed     95.52%
  24  n255_256    0.00%    passed     78.53%
  25  n292_293    0.00%    passed     91.99%
  26  n286_287    0.00%    passed     99.59%
****  TOTAL       0.00%  0 sequences failed composition chi2 test (p-value<5%; df=3)
NOTE: 1 identical sequences (see below) will be ignored for subsequent analysis
NOTE: n292_293 (identical to n300_301) is ignored but added at the end

Create initial parsimony tree by phylogenetic likelihood library (PLL)... 0.001 seconds

NOTE: 0 MB RAM is required!
Estimate model parameters (epsilon = 0.100)
1. Initial log-likelihood: -1927.555
2. Current log-likelihood: -1900.977
3. Current log-likelihood: -1900.824
Optimal log-likelihood: -1900.813
Rate parameters:  A-C: 0.944  A-G: 1.055  A-T: 0.667  C-G: 1.157  C-T: 1.180  G-T: 1.000
Base frequencies:   A: 0.211  C: 0.264  G: 0.261  T: 0.263
Gamma shape alpha: 4.169
Parameters optimization took 3 rounds (0.032 sec)
--------------------------------------------------------------------
|             INITIALIZING CANDIDATE TREE SET                      |
--------------------------------------------------------------------
Computing ML distances based on estimated model parameters... 0.004 sec
Computing BIONJ tree...
0.001 seconds
Log-likelihood of BIONJ tree: -1900.813
Generating 98 parsimony trees... 0.115 seconds 9 distinct starting trees
Computing log-likelihood of 9 initial trees ... 0.018 seconds
Optimizing top 9 initial trees with NNI...
Iteration 1 / LogL: -1900.814 / Time: 0h:0m:0s
Estimate model parameters (epsilon = 0.100)
BETTER SCORE FOUND at iteration 1: -1900.808
Iteration 2 / LogL: -1900.809 / Time: 0h:0m:0s
Iteration 3 / LogL: -1900.810 / Time: 0h:0m:0s
Iteration 4 / LogL: -1900.810 / Time: 0h:0m:0s
Iteration 5 / LogL: -1900.810 / Time: 0h:0m:0s
Iteration 6 / LogL: -1900.810 / Time: 0h:0m:0s
Iteration 7 / LogL: -1900.810 / Time: 0h:0m:0s
Iteration 8 / LogL: -1900.810 / Time: 0h:0m:0s
Iteration 9 / LogL: -1900.810 / Time: 0h:0m:0s
Average CPU time for 1 NNI search: 0.006
Finish initializing candidate tree set. Number of distinct locally optimal trees: 9
Current best tree score: -1900.808 / CPU time: 0.180
--------------------------------------------------------------------
|               OPTIMIZING CANDIDATE TREE SET                      |
--------------------------------------------------------------------
Iteration 10 / LogL: -1900.809 / Time: 0h:0m:0s
Iteration 20 / LogL: -1900.808 / Time: 0h:0m:0s (0h:0m:1s left)
Iteration 30 / LogL: -1911.914 / Time: 0h:0m:0s (0h:0m:1s left)
Iteration 40 / LogL: -1911.918 / Time: 0h:0m:0s (0h:0m:1s left)
Iteration 50 / LogL: -1955.485 / Time: 0h:0m:0s (0h:0m:0s left)
Iteration 60 / LogL: -1900.810 / Time: 0h:0m:1s (0h:0m:0s left)
Iteration 70 / LogL: -1956.819 / Time: 0h:0m:1s (0h:0m:0s left)
Iteration 80 / LogL: -1900.808 / Time: 0h:0m:1s (0h:0m:0s left)
Iteration 90 / LogL: -1900.844 / Time: 0h:0m:1s (0h:0m:0s left)
Iteration 100 / LogL: -1900.812 / Time: 0h:0m:1s (0h:0m:0s left)
TREE SEARCH COMPLETED AFTER 101 ITERATIONS / Time: 0h:0m:1s

--------------------------------------------------------------------
|                    FINALIZING TREE SEARCH                        |
--------------------------------------------------------------------
Performs final model parameters optimization
Estimate model parameters (epsilon = 0.010)
1. Initial log-likelihood: -1900.808
Optimal log-likelihood: -1900.805
Rate parameters:  A-C: 0.952  A-G: 1.066  A-T: 0.672  C-G: 1.172  C-T: 1.190  G-T: 1.000
Base frequencies:   A: 0.211  C: 0.264  G: 0.261  T: 0.263
Gamma shape alpha: 4.169
Parameters optimization took 1 rounds (0.004 sec)
BEST SCORE FOUND : -1900.805

Testing tree branches by SH-like aLRT with 1000 replicates...
CPU Time used:  0.104 sec.
Total tree length: 1.047

Total number of iterations: 101
CPU time used for tree search: 1.492 sec (0h:0m:1s)
Wall-clock time used for tree search: 1.503 sec (0h:0m:1s)
Total CPU time used: 1.660 sec (0h:0m:1s)
Total wall-clock time used: 1.667 sec (0h:0m:1s)

Analysis results written to: 
  IQ-TREE report:                ../simulations/data_D10T0L20I10T10//S/392_pruned.fasta.iqtree
  Maximum-likelihood tree:       ../simulations/data_D10T0L20I10T10//S/392_pruned.fasta.treefile
  Likelihood distances:          ../simulations/data_D10T0L20I10T10//S/392_pruned.fasta.mldist
  Screen log file:               ../simulations/data_D10T0L20I10T10//S/392_pruned.fasta.log

Date and Time: Fri Jun  1 11:01:46 2018
