IQ-TREE version 1.4.2 for Linux 64-bit built Apr 15 2016
Copyright (c) 2011-2015 Nguyen Lam Tung, Olga Chernomor, Arndt von Haeseler and Bui Quang Minh.

Host:    meduse (AVX2, FMA3, 7 GB RAM)
Command: iqtree -s ../simulations/data_D8T0L15I8T8//S/399_pruned.fasta -m GTR+G -alrt 1000 -redo
Seed:    759381 (Using SPRNG - Scalable Parallel Random Number Generator)
Time:    Fri May 25 23:06:58 2018
Kernel:  AVX

NOTE: Consider using the multicore version because your CPU has 4 cores!

Reading alignment file ../simulations/data_D8T0L15I8T8//S/399_pruned.fasta ... Fasta format detected
Alignment most likely contains DNA/RNA sequences
Alignment has 22 sequences with 300 columns and 140 patterns (122 informative sites)
          Gap/Ambiguity  Composition  p-value
   1  n298_255    0.00%    passed     99.99%
   2  n296_253    0.00%    passed     99.56%
   3  n297_254    0.00%    passed     99.99%
   4  n244_211    0.00%    passed     84.15%
   5  n293_250    0.00%    passed     99.87%
   6  n287_244    0.00%    passed     92.99%
   7  n277_236    0.00%    passed     83.80%
   8  n294_251    0.00%    passed     99.74%
   9  n300_257    0.00%    passed     97.02%
  10  n251_214    0.00%    passed     89.65%
  11  n280_239    0.00%    passed     95.11%
  12  n278_237    0.00%    passed     85.05%
  13  n289_246    0.00%    passed     95.41%
  14  n275_234    0.00%    passed     99.51%
  15  n295_252    0.00%    passed     99.41%
  16  n292_249    0.00%    passed     95.11%
  17  n299_256    0.00%    passed     98.94%
  18  n255_218    0.00%    passed     87.05%
  19  n274_233    0.00%    passed     99.05%
  20  n200_173    0.00%    passed     75.46%
  21  n236_203    0.00%    passed     98.85%
  22  n290_247    0.00%    passed     95.41%
****  TOTAL       0.00%  0 sequences failed composition chi2 test (p-value<5%; df=3)
NOTE: 3 identical sequences (see below) will be ignored for subsequent analysis
NOTE: n297_254 (identical to n298_255) is ignored but added at the end
NOTE: n292_249 (identical to n280_239) is ignored but added at the end
NOTE: n290_247 (identical to n289_246) is ignored but added at the end

Create initial parsimony tree by phylogenetic likelihood library (PLL)... 0.001 seconds

NOTE: 0 MB RAM is required!
Estimate model parameters (epsilon = 0.100)
1. Initial log-likelihood: -1693.895
2. Current log-likelihood: -1651.097
3. Current log-likelihood: -1650.746
Optimal log-likelihood: -1650.726
Rate parameters:  A-C: 1.516  A-G: 1.466  A-T: 1.153  C-G: 1.557  C-T: 1.781  G-T: 1.000
Base frequencies:   A: 0.268  C: 0.238  G: 0.236  T: 0.257
Gamma shape alpha: 4.722
Parameters optimization took 3 rounds (0.022 sec)
--------------------------------------------------------------------
|             INITIALIZING CANDIDATE TREE SET                      |
--------------------------------------------------------------------
Computing ML distances based on estimated model parameters... 0.000 sec
Computing BIONJ tree...
0.000 seconds
Log-likelihood of BIONJ tree: -1656.901
Generating 98 parsimony trees... 0.083 seconds 10 distinct starting trees
Computing log-likelihood of 10 initial trees ... 0.014 seconds
Optimizing top 10 initial trees with NNI...
Iteration 1 / LogL: -1650.721 / Time: 0h:0m:0s
Estimate model parameters (epsilon = 0.100)
BETTER TREE FOUND at iteration 1: -1650.720
Iteration 2 / LogL: -1650.721 / Time: 0h:0m:0s
Iteration 3 / LogL: -1650.721 / Time: 0h:0m:0s
Iteration 4 / LogL: -1650.721 / Time: 0h:0m:0s
Iteration 5 / LogL: -1650.721 / Time: 0h:0m:0s
Iteration 6 / LogL: -1650.721 / Time: 0h:0m:0s
Iteration 7 / LogL: -1650.741 / Time: 0h:0m:0s
Iteration 8 / LogL: -1650.741 / Time: 0h:0m:0s
Iteration 9 / LogL: -1650.741 / Time: 0h:0m:0s
Iteration 10 / LogL: -1650.721 / Time: 0h:0m:0s
Average CPU time for 1 NNI search: 0.005
Finish initializing candidate tree set. Number of distinct locally optimal trees: 3
Current best tree score: -1650.720 / CPU time: 0.144
--------------------------------------------------------------------
|               OPTIMIZING CANDIDATE TREE SET                      |
--------------------------------------------------------------------
Iteration 20 / LogL: -1650.724 / Time: 0h:0m:0s (0h:0m:1s left)
Iteration 30 / LogL: -1650.721 / Time: 0h:0m:0s (0h:0m:1s left)
Iteration 40 / LogL: -1650.721 / Time: 0h:0m:0s (0h:0m:0s left)
Iteration 50 / LogL: -1650.721 / Time: 0h:0m:0s (0h:0m:0s left)
Iteration 60 / LogL: -1650.721 / Time: 0h:0m:0s (0h:0m:0s left)
Iteration 70 / LogL: -1650.721 / Time: 0h:0m:0s (0h:0m:0s left)
Iteration 80 / LogL: -1650.724 / Time: 0h:0m:1s (0h:0m:0s left)
Iteration 90 / LogL: -1650.774 / Time: 0h:0m:1s (0h:0m:0s left)
Iteration 100 / LogL: -1650.722 / Time: 0h:0m:1s (0h:0m:0s left)
TREE SEARCH COMPLETED AFTER 101 ITERATIONS / Time: 0h:0m:1s

--------------------------------------------------------------------
|                    FINALIZING TREE SEARCH                        |
--------------------------------------------------------------------
Performs final model parameters optimization
Estimate model parameters (epsilon = 0.010)
1. Initial log-likelihood: -1650.720
Optimal log-likelihood: -1650.719
Rate parameters:  A-C: 1.514  A-G: 1.467  A-T: 1.152  C-G: 1.552  C-T: 1.782  G-T: 1.000
Base frequencies:   A: 0.268  C: 0.238  G: 0.236  T: 0.257
Gamma shape alpha: 4.717
Parameters optimization took 1 rounds (0.005 sec)
BEST SCORE FOUND : -1650.719

Testing tree branches by SH-like aLRT with 1000 replicates...
CPU Time used:  0.124 sec.
Total tree length: 0.962

Total number of iterations: 101
CPU time used for tree search: 1.316 sec (0h:0m:1s)
Wall-clock time used for tree search: 1.324 sec (0h:0m:1s)
Total CPU time used: 1.484 sec (0h:0m:1s)
Total wall-clock time used: 1.494 sec (0h:0m:1s)

Analysis results written to: 
  IQ-TREE report:                ../simulations/data_D8T0L15I8T8//S/399_pruned.fasta.iqtree
  Maximum-likelihood tree:       ../simulations/data_D8T0L15I8T8//S/399_pruned.fasta.treefile
  Likelihood distances:          ../simulations/data_D8T0L15I8T8//S/399_pruned.fasta.mldist
  Screen log file:               ../simulations/data_D8T0L15I8T8//S/399_pruned.fasta.log

Date and Time: Fri May 25 23:07:00 2018
