IQ-TREE version 1.4.2 for Linux 64-bit built Apr 15 2016
Copyright (c) 2011-2015 Nguyen Lam Tung, Olga Chernomor, Arndt von Haeseler and Bui Quang Minh.

Host:    meduse (AVX2, FMA3, 7 GB RAM)
Command: iqtree -s ../simulations/data_D10T0L20I10T10//S/39_pruned.fasta -m GTR+G -alrt 1000 -redo
Seed:    259582 (Using SPRNG - Scalable Parallel Random Number Generator)
Time:    Sun Jun  3 23:33:23 2018
Kernel:  AVX

NOTE: Consider using the multicore version because your CPU has 4 cores!

Reading alignment file ../simulations/data_D10T0L20I10T10//S/39_pruned.fasta ... Fasta format detected
Alignment most likely contains DNA/RNA sequences
Alignment has 27 sequences with 300 columns and 300 patterns (299 informative sites)
          Gap/Ambiguity  Composition  p-value
   1  n277_280    0.00%    passed     16.37%
   2  n285_288    0.00%    passed     45.68%
   3  n236_237    0.00%    passed     33.11%
   4  n297_300    0.00%    passed     68.20%
   5  n280_283    0.00%    passed     62.17%
   6  n287_290    0.00%    passed     15.49%
   7  n274_277    0.00%    passed     51.41%
   8  n200_259    0.00%    passed     77.31%
   9  n294_297    0.00%    passed     75.60%
  10  n275_278    0.00%    passed     62.28%
  11  n200_258    0.00%    passed     90.37%
  12  n289_292    0.00%    passed     35.54%
  13  n255_256    0.00%    passed     56.91%
  14  n296_299    0.00%    passed     14.76%
  15  n265_268    0.00%    passed     66.20%
  16  n298_301    0.00%    passed     62.21%
  17  n266_269    0.00%    passed     70.60%
  18  n295_298    0.00%    passed     19.85%
  19  n278_281    0.00%    failed      4.13%
  20  n286_289    0.00%    passed     21.88%
  21  n293_296    0.00%    passed     54.62%
  22  n292_295    0.00%    passed     69.00%
  23  n300_303    0.00%    passed     75.36%
  24  n244_245    0.00%    passed     28.05%
  25  n299_302    0.00%    passed     89.95%
  26  n251_252    0.00%    passed     76.89%
  27  n290_293    0.00%    passed     15.49%
****  TOTAL       0.00%  1 sequences failed composition chi2 test (p-value<5%; df=3)

Create initial parsimony tree by phylogenetic likelihood library (PLL)... 0.002 seconds

NOTE: 1 MB RAM is required!
Estimate model parameters (epsilon = 0.100)
1. Initial log-likelihood: -5603.099
2. Current log-likelihood: -5487.743
3. Current log-likelihood: -5464.947
4. Current log-likelihood: -5461.429
5. Current log-likelihood: -5460.832
Optimal log-likelihood: -5460.722
Rate parameters:  A-C: 1.434  A-G: 1.046  A-T: 1.016  C-G: 0.883  C-T: 1.316  G-T: 1.000
Base frequencies:   A: 0.207  C: 0.271  G: 0.293  T: 0.229
Gamma shape alpha: 9.120
Parameters optimization took 5 rounds (0.080 sec)
--------------------------------------------------------------------
|             INITIALIZING CANDIDATE TREE SET                      |
--------------------------------------------------------------------
Computing ML distances based on estimated model parameters... 0.004 sec
WARNING: Some pairwise ML distances are too long (saturated)
Computing BIONJ tree...
0.000 seconds
Log-likelihood of BIONJ tree: -5470.068
Generating 98 parsimony trees... 0.181 seconds 5 distinct starting trees
Computing log-likelihood of 5 initial trees ... 0.009 seconds
Optimizing top 5 initial trees with NNI...
Iteration 1 / LogL: -5460.506 / Time: 0h:0m:0s
Estimate model parameters (epsilon = 0.100)
BETTER TREE FOUND at iteration 1: -5460.314
Iteration 2 / LogL: -5461.653 / Time: 0h:0m:0s
Iteration 3 / LogL: -5461.635 / Time: 0h:0m:0s
Iteration 4 / LogL: -5461.656 / Time: 0h:0m:0s
Iteration 5 / LogL: -5460.929 / Time: 0h:0m:0s
Average CPU time for 1 NNI search: 0.017
Finish initializing candidate tree set. Number of distinct locally optimal trees: 3
Current best tree score: -5460.314 / CPU time: 0.268
--------------------------------------------------------------------
|               OPTIMIZING CANDIDATE TREE SET                      |
--------------------------------------------------------------------
Iteration 10 / LogL: -5463.310 / Time: 0h:0m:0s
Iteration 20 / LogL: -5464.369 / Time: 0h:0m:1s (0h:0m:4s left)
Iteration 30 / LogL: -5460.922 / Time: 0h:0m:1s (0h:0m:3s left)
Iteration 40 / LogL: -5471.218 / Time: 0h:0m:1s (0h:0m:2s left)
Iteration 50 / LogL: -5462.819 / Time: 0h:0m:2s (0h:0m:2s left)
Iteration 60 / LogL: -5460.932 / Time: 0h:0m:2s (0h:0m:1s left)
Iteration 70 / LogL: -5462.437 / Time: 0h:0m:3s (0h:0m:1s left)
Iteration 80 / LogL: -5472.308 / Time: 0h:0m:3s (0h:0m:0s left)
Iteration 90 / LogL: -5469.013 / Time: 0h:0m:3s (0h:0m:0s left)
Iteration 100 / LogL: -5461.100 / Time: 0h:0m:4s (0h:0m:0s left)
TREE SEARCH COMPLETED AFTER 101 ITERATIONS / Time: 0h:0m:4s

--------------------------------------------------------------------
|                    FINALIZING TREE SEARCH                        |
--------------------------------------------------------------------
Performs final model parameters optimization
Estimate model parameters (epsilon = 0.010)
1. Initial log-likelihood: -5460.314
2. Current log-likelihood: -5460.297
Optimal log-likelihood: -5460.294
Rate parameters:  A-C: 1.432  A-G: 1.049  A-T: 1.028  C-G: 0.894  C-T: 1.315  G-T: 1.000
Base frequencies:   A: 0.207  C: 0.271  G: 0.293  T: 0.229
Gamma shape alpha: 10.105
Parameters optimization took 2 rounds (0.014 sec)
BEST SCORE FOUND : -5460.294

Testing tree branches by SH-like aLRT with 1000 replicates...
CPU Time used:  0.132 sec.
Total tree length: 8.640

Total number of iterations: 101
CPU time used for tree search: 4.172 sec (0h:0m:4s)
Wall-clock time used for tree search: 4.178 sec (0h:0m:4s)
Total CPU time used: 4.440 sec (0h:0m:4s)
Total wall-clock time used: 4.448 sec (0h:0m:4s)

Analysis results written to: 
  IQ-TREE report:                ../simulations/data_D10T0L20I10T10//S/39_pruned.fasta.iqtree
  Maximum-likelihood tree:       ../simulations/data_D10T0L20I10T10//S/39_pruned.fasta.treefile
  Likelihood distances:          ../simulations/data_D10T0L20I10T10//S/39_pruned.fasta.mldist
  Screen log file:               ../simulations/data_D10T0L20I10T10//S/39_pruned.fasta.log

Date and Time: Sun Jun  3 23:33:27 2018
