IQ-TREE version 1.4.2 for Linux 64-bit built Apr 15 2016
Copyright (c) 2011-2015 Nguyen Lam Tung, Olga Chernomor, Arndt von Haeseler and Bui Quang Minh.

Host:    meduse (AVX2, FMA3, 7 GB RAM)
Command: iqtree -s ../simulations/data_D8T0L15I8T8//S/401_pruned.fasta -m GTR+G -alrt 1000 -redo
Seed:    15392 (Using SPRNG - Scalable Parallel Random Number Generator)
Time:    Fri May 25 22:31:23 2018
Kernel:  AVX

NOTE: Consider using the multicore version because your CPU has 4 cores!

Reading alignment file ../simulations/data_D8T0L15I8T8//S/401_pruned.fasta ... Fasta format detected
Alignment most likely contains DNA/RNA sequences
Alignment has 31 sequences with 300 columns and 190 patterns (159 informative sites)
          Gap/Ambiguity  Composition  p-value
   1  n200_201    0.00%    passed     87.00%
   2  n299_314    0.00%    passed     39.09%
   3  n289_300    0.00%    passed     82.50%
   4  n275_282    0.00%    passed     77.36%
   5  n280_287    0.00%    passed     55.15%
   6  n296_311    0.00%    passed     86.37%
   7  n294_307    0.00%    passed     75.79%
   8  n285_294    0.00%    passed     45.99%
   9  n286_295    0.00%    passed     44.37%
  10  n290_301    0.00%    passed     82.50%
  11  n251_252    0.00%    passed     92.62%
  12  n290_303    0.00%    passed     89.68%
  13  n236_237    0.00%    passed     95.62%
  14  n296_309    0.00%    passed     93.11%
  15  n274_281    0.00%    passed     63.68%
  16  n292_305    0.00%    passed     39.09%
  17  n287_296    0.00%    passed     81.85%
  18  n289_302    0.00%    passed     96.28%
  19  n298_313    0.00%    passed     77.42%
  20  n293_306    0.00%    passed     76.49%
  21  n265_270    0.00%    passed     67.00%
  22  n277_284    0.00%    passed     53.30%
  23  n287_298    0.00%    passed     94.50%
  24  n295_308    0.00%    passed     91.15%
  25  n266_271    0.00%    passed     90.26%
  26  n295_310    0.00%    passed     86.37%
  27  n297_312    0.00%    passed     77.42%
  28  n244_245    0.00%    passed     90.39%
  29  n255_258    0.00%    passed     80.18%
  30  n300_315    0.00%    passed     39.09%
  31  n278_285    0.00%    passed     38.50%
****  TOTAL       0.00%  0 sequences failed composition chi2 test (p-value<5%; df=3)
NOTE: 5 identical sequences (see below) will be ignored for subsequent analysis
NOTE: n292_305 (identical to n299_314) is ignored but added at the end
NOTE: n300_315 (identical to n299_314) is ignored but added at the end
NOTE: n290_301 (identical to n289_300) is ignored but added at the end
NOTE: n295_310 (identical to n296_311) is ignored but added at the end
NOTE: n297_312 (identical to n298_313) is ignored but added at the end

Create initial parsimony tree by phylogenetic likelihood library (PLL)... 0.001 seconds

NOTE: 0 MB RAM is required!
Estimate model parameters (epsilon = 0.100)
1. Initial log-likelihood: -2131.561
2. Current log-likelihood: -2085.997
3. Current log-likelihood: -2085.765
Optimal log-likelihood: -2085.756
Rate parameters:  A-C: 1.425  A-G: 1.313  A-T: 1.166  C-G: 1.380  C-T: 1.206  G-T: 1.000
Base frequencies:   A: 0.259  C: 0.253  G: 0.242  T: 0.246
Gamma shape alpha: 6.575
Parameters optimization took 3 rounds (0.030 sec)
--------------------------------------------------------------------
|             INITIALIZING CANDIDATE TREE SET                      |
--------------------------------------------------------------------
Computing ML distances based on estimated model parameters... 0.000 sec
Computing BIONJ tree...
0.000 seconds
Log-likelihood of BIONJ tree: -2085.756
Generating 98 parsimony trees... 0.105 seconds 9 distinct starting trees
Computing log-likelihood of 9 initial trees ... 0.017 seconds
Optimizing top 9 initial trees with NNI...
Iteration 1 / LogL: -2085.756 / Time: 0h:0m:0s
Estimate model parameters (epsilon = 0.100)
BETTER SCORE FOUND at iteration 1: -2085.749
Iteration 2 / LogL: -2085.751 / Time: 0h:0m:0s
Iteration 3 / LogL: -2085.752 / Time: 0h:0m:0s
Iteration 4 / LogL: -2085.752 / Time: 0h:0m:0s
Iteration 5 / LogL: -2085.752 / Time: 0h:0m:0s
Iteration 6 / LogL: -2085.752 / Time: 0h:0m:0s
Iteration 7 / LogL: -2085.752 / Time: 0h:0m:0s
Iteration 8 / LogL: -2085.752 / Time: 0h:0m:0s
Iteration 9 / LogL: -2085.752 / Time: 0h:0m:0s
Average CPU time for 1 NNI search: 0.006
Finish initializing candidate tree set. Number of distinct locally optimal trees: 9
Current best tree score: -2085.749 / CPU time: 0.176
--------------------------------------------------------------------
|               OPTIMIZING CANDIDATE TREE SET                      |
--------------------------------------------------------------------
Iteration 10 / LogL: -2085.843 / Time: 0h:0m:0s
Iteration 20 / LogL: -2085.749 / Time: 0h:0m:0s (0h:0m:1s left)
Iteration 30 / LogL: -2085.750 / Time: 0h:0m:0s (0h:0m:1s left)
Iteration 40 / LogL: -2085.750 / Time: 0h:0m:0s (0h:0m:1s left)
Iteration 50 / LogL: -2085.805 / Time: 0h:0m:0s (0h:0m:0s left)
Iteration 60 / LogL: -2085.798 / Time: 0h:0m:1s (0h:0m:0s left)
Iteration 70 / LogL: -2085.750 / Time: 0h:0m:1s (0h:0m:0s left)
Iteration 80 / LogL: -2085.751 / Time: 0h:0m:1s (0h:0m:0s left)
Iteration 90 / LogL: -2085.750 / Time: 0h:0m:1s (0h:0m:0s left)
Iteration 100 / LogL: -2085.792 / Time: 0h:0m:1s (0h:0m:0s left)
TREE SEARCH COMPLETED AFTER 101 ITERATIONS / Time: 0h:0m:1s

--------------------------------------------------------------------
|                    FINALIZING TREE SEARCH                        |
--------------------------------------------------------------------
Performs final model parameters optimization
Estimate model parameters (epsilon = 0.010)
1. Initial log-likelihood: -2085.749
Optimal log-likelihood: -2085.748
Rate parameters:  A-C: 1.437  A-G: 1.314  A-T: 1.178  C-G: 1.395  C-T: 1.224  G-T: 1.000
Base frequencies:   A: 0.259  C: 0.253  G: 0.242  T: 0.246
Gamma shape alpha: 6.575
Parameters optimization took 1 rounds (0.005 sec)
BEST SCORE FOUND : -2085.748

Testing tree branches by SH-like aLRT with 1000 replicates...
CPU Time used:  0.120 sec.
Total tree length: 1.236

Total number of iterations: 101
CPU time used for tree search: 1.752 sec (0h:0m:1s)
Wall-clock time used for tree search: 1.752 sec (0h:0m:1s)
Total CPU time used: 1.916 sec (0h:0m:1s)
Total wall-clock time used: 1.923 sec (0h:0m:1s)

Analysis results written to: 
  IQ-TREE report:                ../simulations/data_D8T0L15I8T8//S/401_pruned.fasta.iqtree
  Maximum-likelihood tree:       ../simulations/data_D8T0L15I8T8//S/401_pruned.fasta.treefile
  Likelihood distances:          ../simulations/data_D8T0L15I8T8//S/401_pruned.fasta.mldist
  Screen log file:               ../simulations/data_D8T0L15I8T8//S/401_pruned.fasta.log

Date and Time: Fri May 25 22:31:24 2018
