IQ-TREE version 1.4.2 for Linux 64-bit built Apr 15 2016
Copyright (c) 2011-2015 Nguyen Lam Tung, Olga Chernomor, Arndt von Haeseler and Bui Quang Minh.

Host:    meduse (AVX2, FMA3, 7 GB RAM)
Command: iqtree -s ../simulations/data_D10T0L20I10T10//S/402_pruned.fasta -m GTR+G -alrt 1000 -redo
Seed:    290850 (Using SPRNG - Scalable Parallel Random Number Generator)
Time:    Sun Jun  3 23:31:13 2018
Kernel:  AVX

NOTE: Consider using the multicore version because your CPU has 4 cores!

Reading alignment file ../simulations/data_D10T0L20I10T10//S/402_pruned.fasta ... Fasta format detected
Alignment most likely contains DNA/RNA sequences
Alignment has 26 sequences with 300 columns and 299 patterns (292 informative sites)
          Gap/Ambiguity  Composition  p-value
   1  n277_278    0.00%    passed     54.82%
   2  n286_287    0.00%    passed     22.93%
   3  n296_297    0.00%    passed     67.96%
   4  n285_286    0.00%    passed     26.44%
   5  n289_290    0.00%    passed     39.79%
   6  n274_275    0.00%    passed     93.48%
   7  n255_256    0.00%    passed     13.58%
   8  n275_276    0.00%    passed     41.22%
   9  n278_279    0.00%    passed     32.75%
  10  n299_300    0.00%    passed     70.40%
  11  n236_237    0.00%    passed     93.38%
  12  n293_294    0.00%    passed     53.52%
  13  n290_291    0.00%    passed     28.74%
  14  n297_298    0.00%    passed     63.01%
  15  n200_201    0.00%    passed     56.89%
  16  n292_293    0.00%    passed     51.29%
  17  n280_281    0.00%    passed     45.63%
  18  n295_296    0.00%    passed     47.59%
  19  n287_288    0.00%    passed     35.85%
  20  n244_245    0.00%    passed     40.51%
  21  n265_266    0.00%    passed     46.63%
  22  n266_267    0.00%    passed     57.53%
  23  n294_295    0.00%    passed     46.66%
  24  n251_252    0.00%    passed     63.74%
  25  n298_299    0.00%    passed     69.83%
  26  n300_301    0.00%    passed     60.79%
****  TOTAL       0.00%  0 sequences failed composition chi2 test (p-value<5%; df=3)

Create initial parsimony tree by phylogenetic likelihood library (PLL)... 0.002 seconds

NOTE: 1 MB RAM is required!
Estimate model parameters (epsilon = 0.100)
1. Initial log-likelihood: -5311.986
2. Current log-likelihood: -5230.883
3. Current log-likelihood: -5215.659
4. Current log-likelihood: -5213.012
5. Current log-likelihood: -5212.614
Optimal log-likelihood: -5212.514
Rate parameters:  A-C: 0.976  A-G: 0.938  A-T: 0.637  C-G: 0.973  C-T: 1.146  G-T: 1.000
Base frequencies:   A: 0.263  C: 0.266  G: 0.226  T: 0.245
Gamma shape alpha: 5.482
Parameters optimization took 5 rounds (0.073 sec)
--------------------------------------------------------------------
|             INITIALIZING CANDIDATE TREE SET                      |
--------------------------------------------------------------------
Computing ML distances based on estimated model parameters... 0.004 sec
Computing BIONJ tree...
0.000 seconds
Log-likelihood of BIONJ tree: -5227.088
Generating 98 parsimony trees... 0.146 seconds 2 distinct starting trees
Computing log-likelihood of 2 initial trees ... 0.000 seconds
Optimizing top 2 initial trees with NNI...
Iteration 1 / LogL: -5212.514 / Time: 0h:0m:0s
Estimate model parameters (epsilon = 0.100)
BETTER SCORE FOUND at iteration 1: -5212.484
Iteration 2 / LogL: -5212.583 / Time: 0h:0m:0s
Average CPU time for 1 NNI search: 0.014
Finish initializing candidate tree set. Number of distinct locally optimal trees: 1
Current best tree score: -5212.484 / CPU time: 0.172
--------------------------------------------------------------------
|               OPTIMIZING CANDIDATE TREE SET                      |
--------------------------------------------------------------------
Iteration 10 / LogL: -5214.663 / Time: 0h:0m:0s
Iteration 20 / LogL: -5212.486 / Time: 0h:0m:0s (0h:0m:3s left)
Iteration 30 / LogL: -5212.710 / Time: 0h:0m:1s (0h:0m:2s left)
Iteration 40 / LogL: -5212.589 / Time: 0h:0m:1s (0h:0m:2s left)
Iteration 50 / LogL: -5212.523 / Time: 0h:0m:1s (0h:0m:1s left)
Iteration 60 / LogL: -5223.929 / Time: 0h:0m:2s (0h:0m:1s left)
Iteration 70 / LogL: -5222.017 / Time: 0h:0m:2s (0h:0m:1s left)
Iteration 80 / LogL: -5217.351 / Time: 0h:0m:2s (0h:0m:0s left)
Iteration 90 / LogL: -5212.499 / Time: 0h:0m:3s (0h:0m:0s left)
Iteration 100 / LogL: -5212.720 / Time: 0h:0m:3s (0h:0m:0s left)
TREE SEARCH COMPLETED AFTER 101 ITERATIONS / Time: 0h:0m:3s

--------------------------------------------------------------------
|                    FINALIZING TREE SEARCH                        |
--------------------------------------------------------------------
Performs final model parameters optimization
Estimate model parameters (epsilon = 0.010)
1. Initial log-likelihood: -5212.484
2. Current log-likelihood: -5212.467
3. Current log-likelihood: -5212.456
Optimal log-likelihood: -5212.449
Rate parameters:  A-C: 0.997  A-G: 0.958  A-T: 0.657  C-G: 0.996  C-T: 1.172  G-T: 1.000
Base frequencies:   A: 0.263  C: 0.266  G: 0.226  T: 0.245
Gamma shape alpha: 5.577
Parameters optimization took 3 rounds (0.023 sec)
BEST SCORE FOUND : -5212.449

Testing tree branches by SH-like aLRT with 1000 replicates...
CPU Time used:  0.128 sec.
Total tree length: 7.624

Total number of iterations: 101
CPU time used for tree search: 3.396 sec (0h:0m:3s)
Wall-clock time used for tree search: 3.404 sec (0h:0m:3s)
Total CPU time used: 3.644 sec (0h:0m:3s)
Total wall-clock time used: 3.656 sec (0h:0m:3s)

Analysis results written to: 
  IQ-TREE report:                ../simulations/data_D10T0L20I10T10//S/402_pruned.fasta.iqtree
  Maximum-likelihood tree:       ../simulations/data_D10T0L20I10T10//S/402_pruned.fasta.treefile
  Likelihood distances:          ../simulations/data_D10T0L20I10T10//S/402_pruned.fasta.mldist
  Screen log file:               ../simulations/data_D10T0L20I10T10//S/402_pruned.fasta.log

Date and Time: Sun Jun  3 23:31:16 2018
