IQ-TREE version 1.4.2 for Linux 64-bit built Apr 15 2016
Copyright (c) 2011-2015 Nguyen Lam Tung, Olga Chernomor, Arndt von Haeseler and Bui Quang Minh.

Host:    meduse (AVX2, FMA3, 7 GB RAM)
Command: iqtree -s ../simulations/data_D10T0L20I10T10//S/405_pruned.fasta -m GTR+G -alrt 1000 -redo
Seed:    47027 (Using SPRNG - Scalable Parallel Random Number Generator)
Time:    Mon Jun  4 00:12:25 2018
Kernel:  AVX

NOTE: Consider using the multicore version because your CPU has 4 cores!

Reading alignment file ../simulations/data_D10T0L20I10T10//S/405_pruned.fasta ... Fasta format detected
Alignment most likely contains DNA/RNA sequences
Alignment has 26 sequences with 300 columns and 300 patterns (294 informative sites)
          Gap/Ambiguity  Composition  p-value
   1  n277_278    0.00%    passed     76.26%
   2  n286_287    0.00%    passed     56.11%
   3  n296_297    0.00%    passed     63.31%
   4  n285_286    0.00%    passed     81.79%
   5  n289_290    0.00%    passed     60.89%
   6  n274_275    0.00%    passed     14.26%
   7  n255_256    0.00%    passed      8.14%
   8  n275_276    0.00%    passed     98.73%
   9  n278_279    0.00%    passed     84.01%
  10  n299_300    0.00%    passed     14.26%
  11  n236_237    0.00%    passed     41.01%
  12  n293_294    0.00%    passed     96.64%
  13  n290_291    0.00%    passed     65.36%
  14  n297_298    0.00%    passed     67.53%
  15  n200_201    0.00%    passed      8.53%
  16  n292_293    0.00%    passed     22.77%
  17  n280_281    0.00%    passed     49.23%
  18  n295_296    0.00%    passed     63.31%
  19  n287_288    0.00%    passed     63.76%
  20  n244_245    0.00%    passed     71.03%
  21  n265_266    0.00%    passed     31.67%
  22  n266_267    0.00%    passed     45.83%
  23  n294_295    0.00%    passed     98.05%
  24  n251_252    0.00%    passed     10.57%
  25  n298_299    0.00%    passed     49.46%
  26  n300_301    0.00%    passed     15.58%
****  TOTAL       0.00%  0 sequences failed composition chi2 test (p-value<5%; df=3)

Create initial parsimony tree by phylogenetic likelihood library (PLL)... 0.002 seconds

NOTE: 1 MB RAM is required!
Estimate model parameters (epsilon = 0.100)
1. Initial log-likelihood: -5234.812
2. Current log-likelihood: -5140.264
3. Current log-likelihood: -5126.266
4. Current log-likelihood: -5123.867
5. Current log-likelihood: -5123.395
6. Current log-likelihood: -5123.285
Optimal log-likelihood: -5123.113
Rate parameters:  A-C: 0.983  A-G: 1.219  A-T: 1.055  C-G: 0.958  C-T: 1.193  G-T: 1.000
Base frequencies:   A: 0.235  C: 0.256  G: 0.262  T: 0.247
Gamma shape alpha: 4.289
Parameters optimization took 6 rounds (0.076 sec)
--------------------------------------------------------------------
|             INITIALIZING CANDIDATE TREE SET                      |
--------------------------------------------------------------------
Computing ML distances based on estimated model parameters... 0.004 sec
WARNING: Some pairwise ML distances are too long (saturated)
Computing BIONJ tree...
0.000 seconds
Log-likelihood of BIONJ tree: -5122.810
Generating 98 parsimony trees... 0.131 seconds 2 distinct starting trees
Computing log-likelihood of 2 initial trees ... 0.000 seconds
Optimizing top 2 initial trees with NNI...
Iteration 1 / LogL: -5122.723 / Time: 0h:0m:0s
Estimate model parameters (epsilon = 0.100)
BETTER TREE FOUND at iteration 1: -5122.675
Iteration 2 / LogL: -5122.949 / Time: 0h:0m:0s
Average CPU time for 1 NNI search: 0.016
Finish initializing candidate tree set. Number of distinct locally optimal trees: 1
Current best tree score: -5122.675 / CPU time: 0.160
--------------------------------------------------------------------
|               OPTIMIZING CANDIDATE TREE SET                      |
--------------------------------------------------------------------
Estimate model parameters (epsilon = 0.010)
BETTER TREE FOUND at iteration 6: -5122.471
Iteration 10 / LogL: -5122.570 / Time: 0h:0m:0s
Iteration 20 / LogL: -5126.702 / Time: 0h:0m:0s (0h:0m:4s left)
Iteration 30 / LogL: -5124.224 / Time: 0h:0m:1s (0h:0m:3s left)
Iteration 40 / LogL: -5127.622 / Time: 0h:0m:1s (0h:0m:2s left)
Iteration 50 / LogL: -5122.467 / Time: 0h:0m:1s (0h:0m:2s left)
Estimate model parameters (epsilon = 0.010)
UPDATE BEST LOG-LIKELIHOOD: -5122.446
Iteration 60 / LogL: -5124.013 / Time: 0h:0m:2s (0h:0m:1s left)
Iteration 70 / LogL: -5122.513 / Time: 0h:0m:2s (0h:0m:1s left)
Iteration 80 / LogL: -5122.459 / Time: 0h:0m:3s (0h:0m:0s left)
Iteration 90 / LogL: -5122.532 / Time: 0h:0m:3s (0h:0m:0s left)
Iteration 100 / LogL: -5124.850 / Time: 0h:0m:3s (0h:0m:0s left)
TREE SEARCH COMPLETED AFTER 106 ITERATIONS / Time: 0h:0m:3s

--------------------------------------------------------------------
|                    FINALIZING TREE SEARCH                        |
--------------------------------------------------------------------
Performs final model parameters optimization
Estimate model parameters (epsilon = 0.010)
1. Initial log-likelihood: -5122.446
Optimal log-likelihood: -5122.442
Rate parameters:  A-C: 0.980  A-G: 1.219  A-T: 1.030  C-G: 0.949  C-T: 1.180  G-T: 1.000
Base frequencies:   A: 0.235  C: 0.256  G: 0.262  T: 0.247
Gamma shape alpha: 4.080
Parameters optimization took 1 rounds (0.007 sec)
BEST SCORE FOUND : -5122.442

Testing tree branches by SH-like aLRT with 1000 replicates...
CPU Time used:  0.124 sec.
Total tree length: 10.045

Total number of iterations: 106
CPU time used for tree search: 3.776 sec (0h:0m:3s)
Wall-clock time used for tree search: 3.782 sec (0h:0m:3s)
Total CPU time used: 4.008 sec (0h:0m:4s)
Total wall-clock time used: 4.012 sec (0h:0m:4s)

Analysis results written to: 
  IQ-TREE report:                ../simulations/data_D10T0L20I10T10//S/405_pruned.fasta.iqtree
  Maximum-likelihood tree:       ../simulations/data_D10T0L20I10T10//S/405_pruned.fasta.treefile
  Likelihood distances:          ../simulations/data_D10T0L20I10T10//S/405_pruned.fasta.mldist
  Screen log file:               ../simulations/data_D10T0L20I10T10//S/405_pruned.fasta.log

Date and Time: Mon Jun  4 00:12:29 2018
