IQ-TREE version 1.4.2 for Linux 64-bit built Apr 15 2016
Copyright (c) 2011-2015 Nguyen Lam Tung, Olga Chernomor, Arndt von Haeseler and Bui Quang Minh.

Host:    meduse (AVX2, FMA3, 7 GB RAM)
Command: iqtree -s ../simulations/data_D8T0L15I8T8//S/412_pruned.fasta -m GTR+G -alrt 1000 -redo
Seed:    837004 (Using SPRNG - Scalable Parallel Random Number Generator)
Time:    Fri May 25 22:56:40 2018
Kernel:  AVX

NOTE: Consider using the multicore version because your CPU has 4 cores!

Reading alignment file ../simulations/data_D8T0L15I8T8//S/412_pruned.fasta ... Fasta format detected
Alignment most likely contains DNA/RNA sequences
Alignment has 26 sequences with 300 columns and 172 patterns (151 informative sites)
          Gap/Ambiguity  Composition  p-value
   1  n298_299    0.00%    passed     98.34%
   2  n280_281    0.00%    passed     71.58%
   3  n200_201    0.00%    passed     88.09%
   4  n286_287    0.00%    passed     97.43%
   5  n287_288    0.00%    passed     79.08%
   6  n266_267    0.00%    passed     92.30%
   7  n292_293    0.00%    passed     71.73%
   8  n293_294    0.00%    passed     95.65%
   9  n275_276    0.00%    passed     99.98%
  10  n289_290    0.00%    passed     86.63%
  11  n297_298    0.00%    passed     98.34%
  12  n278_279    0.00%    passed     63.32%
  13  n295_296    0.00%    passed     87.27%
  14  n251_252    0.00%    passed     82.62%
  15  n274_275    0.00%    passed     72.02%
  16  n290_291    0.00%    passed     81.27%
  17  n236_237    0.00%    passed     97.88%
  18  n255_256    0.00%    passed     94.42%
  19  n285_286    0.00%    passed     97.40%
  20  n294_295    0.00%    passed     95.65%
  21  n300_301    0.00%    passed     66.69%
  22  n265_266    0.00%    passed     93.33%
  23  n296_297    0.00%    passed     85.17%
  24  n299_300    0.00%    passed     66.69%
  25  n244_245    0.00%    passed     90.79%
  26  n277_278    0.00%    passed     68.94%
****  TOTAL       0.00%  0 sequences failed composition chi2 test (p-value<5%; df=3)
NOTE: 3 identical sequences (see below) will be ignored for subsequent analysis
NOTE: n297_298 (identical to n298_299) is ignored but added at the end
NOTE: n294_295 (identical to n293_294) is ignored but added at the end
NOTE: n299_300 (identical to n300_301) is ignored but added at the end

Create initial parsimony tree by phylogenetic likelihood library (PLL)... 0.001 seconds

NOTE: 0 MB RAM is required!
Estimate model parameters (epsilon = 0.100)
1. Initial log-likelihood: -2008.544
2. Current log-likelihood: -1962.101
3. Current log-likelihood: -1961.769
Optimal log-likelihood: -1961.765
Rate parameters:  A-C: 1.188  A-G: 1.038  A-T: 0.935  C-G: 0.965  C-T: 0.954  G-T: 1.000
Base frequencies:   A: 0.235  C: 0.273  G: 0.260  T: 0.232
Gamma shape alpha: 29.401
Parameters optimization took 3 rounds (0.025 sec)
--------------------------------------------------------------------
|             INITIALIZING CANDIDATE TREE SET                      |
--------------------------------------------------------------------
Computing ML distances based on estimated model parameters... 0.004 sec
Computing BIONJ tree...
0.001 seconds
Log-likelihood of BIONJ tree: -1961.918
Generating 98 parsimony trees... 0.107 seconds 76 distinct starting trees
Computing log-likelihood of 76 initial trees ... 0.184 seconds
Optimizing top 20 initial trees with NNI...
Iteration 1 / LogL: -1961.765 / Time: 0h:0m:0s
Estimate model parameters (epsilon = 0.100)
BETTER SCORE FOUND at iteration 1: -1961.760
Iteration 2 / LogL: -1961.762 / Time: 0h:0m:0s
Iteration 3 / LogL: -1961.762 / Time: 0h:0m:0s
Iteration 4 / LogL: -1961.762 / Time: 0h:0m:0s
Iteration 5 / LogL: -1961.762 / Time: 0h:0m:0s
Iteration 6 / LogL: -1961.762 / Time: 0h:0m:0s
Iteration 7 / LogL: -1961.762 / Time: 0h:0m:0s
Iteration 8 / LogL: -1961.762 / Time: 0h:0m:0s
Iteration 9 / LogL: -1961.762 / Time: 0h:0m:0s
Iteration 10 / LogL: -1961.762 / Time: 0h:0m:0s
Iteration 11 / LogL: -1961.762 / Time: 0h:0m:0s
Iteration 12 / LogL: -1961.762 / Time: 0h:0m:0s
Iteration 13 / LogL: -1961.762 / Time: 0h:0m:0s
Iteration 14 / LogL: -1961.762 / Time: 0h:0m:0s
Iteration 15 / LogL: -1961.762 / Time: 0h:0m:0s
Iteration 16 / LogL: -1961.762 / Time: 0h:0m:0s
Iteration 17 / LogL: -1961.762 / Time: 0h:0m:0s
Iteration 18 / LogL: -1961.762 / Time: 0h:0m:0s
Iteration 19 / LogL: -1961.762 / Time: 0h:0m:0s
Iteration 20 / LogL: -1961.762 / Time: 0h:0m:0s
Average CPU time for 1 NNI search: 0.007
Finish initializing candidate tree set. Number of distinct locally optimal trees: 20
Current best tree score: -1961.760 / CPU time: 0.432
--------------------------------------------------------------------
|               OPTIMIZING CANDIDATE TREE SET                      |
--------------------------------------------------------------------
Iteration 30 / LogL: -1961.762 / Time: 0h:0m:0s (0h:0m:1s left)
Iteration 40 / LogL: -1966.464 / Time: 0h:0m:0s (0h:0m:1s left)
Iteration 50 / LogL: -1961.763 / Time: 0h:0m:1s (0h:0m:1s left)
Iteration 60 / LogL: -1962.177 / Time: 0h:0m:1s (0h:0m:0s left)
Iteration 70 / LogL: -1961.765 / Time: 0h:0m:1s (0h:0m:0s left)
Iteration 80 / LogL: -1961.762 / Time: 0h:0m:1s (0h:0m:0s left)
Iteration 90 / LogL: -2041.658 / Time: 0h:0m:1s (0h:0m:0s left)
Iteration 100 / LogL: -1961.779 / Time: 0h:0m:1s (0h:0m:0s left)
TREE SEARCH COMPLETED AFTER 101 ITERATIONS / Time: 0h:0m:1s

--------------------------------------------------------------------
|                    FINALIZING TREE SEARCH                        |
--------------------------------------------------------------------
Performs final model parameters optimization
Estimate model parameters (epsilon = 0.010)
1. Initial log-likelihood: -1961.760
Optimal log-likelihood: -1961.759
Rate parameters:  A-C: 1.183  A-G: 1.038  A-T: 0.933  C-G: 0.958  C-T: 0.940  G-T: 1.000
Base frequencies:   A: 0.235  C: 0.273  G: 0.260  T: 0.232
Gamma shape alpha: 29.540
Parameters optimization took 1 rounds (0.005 sec)
BEST SCORE FOUND : -1961.759

Testing tree branches by SH-like aLRT with 1000 replicates...
CPU Time used:  0.132 sec.
Total tree length: 1.151

Total number of iterations: 101
CPU time used for tree search: 1.932 sec (0h:0m:1s)
Wall-clock time used for tree search: 1.939 sec (0h:0m:1s)
Total CPU time used: 2.116 sec (0h:0m:2s)
Total wall-clock time used: 2.127 sec (0h:0m:2s)

Analysis results written to: 
  IQ-TREE report:                ../simulations/data_D8T0L15I8T8//S/412_pruned.fasta.iqtree
  Maximum-likelihood tree:       ../simulations/data_D8T0L15I8T8//S/412_pruned.fasta.treefile
  Likelihood distances:          ../simulations/data_D8T0L15I8T8//S/412_pruned.fasta.mldist
  Screen log file:               ../simulations/data_D8T0L15I8T8//S/412_pruned.fasta.log

Date and Time: Fri May 25 22:56:42 2018
