IQ-TREE version 1.4.2 for Linux 64-bit built Apr 15 2016
Copyright (c) 2011-2015 Nguyen Lam Tung, Olga Chernomor, Arndt von Haeseler and Bui Quang Minh.

Host:    meduse (AVX2, FMA3, 7 GB RAM)
Command: iqtree -s ../simulations/data_D10T0L20I10T10//S/414_pruned.fasta -m GTR+G -alrt 1000 -redo
Seed:    145327 (Using SPRNG - Scalable Parallel Random Number Generator)
Time:    Mon Jun  4 00:00:02 2018
Kernel:  AVX

NOTE: Consider using the multicore version because your CPU has 4 cores!

Reading alignment file ../simulations/data_D10T0L20I10T10//S/414_pruned.fasta ... Fasta format detected
Alignment most likely contains DNA/RNA sequences
Alignment has 26 sequences with 300 columns and 299 patterns (294 informative sites)
          Gap/Ambiguity  Composition  p-value
   1  n277_278    0.00%    passed     83.20%
   2  n286_287    0.00%    passed     24.66%
   3  n296_297    0.00%    passed     82.73%
   4  n285_286    0.00%    passed     24.24%
   5  n289_290    0.00%    passed     66.21%
   6  n274_275    0.00%    passed     75.22%
   7  n255_256    0.00%    passed     67.08%
   8  n275_276    0.00%    passed     86.18%
   9  n278_279    0.00%    passed     78.74%
  10  n299_300    0.00%    passed     85.74%
  11  n236_237    0.00%    passed     92.60%
  12  n293_294    0.00%    passed     74.87%
  13  n290_291    0.00%    passed     74.78%
  14  n297_298    0.00%    passed     73.99%
  15  n200_201    0.00%    passed     96.19%
  16  n292_293    0.00%    passed     90.70%
  17  n280_281    0.00%    passed     99.00%
  18  n295_296    0.00%    passed     75.06%
  19  n287_288    0.00%    passed     63.00%
  20  n244_245    0.00%    passed     16.72%
  21  n265_266    0.00%    failed      4.93%
  22  n266_267    0.00%    passed      7.59%
  23  n294_295    0.00%    passed     64.95%
  24  n251_252    0.00%    passed     99.40%
  25  n298_299    0.00%    passed     71.85%
  26  n300_301    0.00%    passed     76.51%
****  TOTAL       0.00%  1 sequences failed composition chi2 test (p-value<5%; df=3)

Create initial parsimony tree by phylogenetic likelihood library (PLL)... 0.002 seconds

NOTE: 1 MB RAM is required!
Estimate model parameters (epsilon = 0.100)
1. Initial log-likelihood: -5195.018
2. Current log-likelihood: -5116.331
3. Current log-likelihood: -5103.444
4. Current log-likelihood: -5100.386
5. Current log-likelihood: -5099.770
6. Current log-likelihood: -5099.660
Optimal log-likelihood: -5099.620
Rate parameters:  A-C: 1.367  A-G: 1.187  A-T: 0.913  C-G: 1.373  C-T: 1.507  G-T: 1.000
Base frequencies:   A: 0.239  C: 0.253  G: 0.261  T: 0.247
Gamma shape alpha: 5.394
Parameters optimization took 6 rounds (0.072 sec)
--------------------------------------------------------------------
|             INITIALIZING CANDIDATE TREE SET                      |
--------------------------------------------------------------------
Computing ML distances based on estimated model parameters... 0.004 sec
Computing BIONJ tree...
0.000 seconds
Log-likelihood of BIONJ tree: -5140.905
Generating 98 parsimony trees... 0.146 seconds 3 distinct starting trees
Computing log-likelihood of 3 initial trees ... 0.003 seconds
Optimizing top 3 initial trees with NNI...
Iteration 1 / LogL: -5097.575 / Time: 0h:0m:0s
Estimate model parameters (epsilon = 0.100)
BETTER TREE FOUND at iteration 1: -5097.307
Iteration 2 / LogL: -5097.516 / Time: 0h:0m:0s
Iteration 3 / LogL: -5097.362 / Time: 0h:0m:0s
Average CPU time for 1 NNI search: 0.019
Finish initializing candidate tree set. Number of distinct locally optimal trees: 1
Current best tree score: -5097.307 / CPU time: 0.208
--------------------------------------------------------------------
|               OPTIMIZING CANDIDATE TREE SET                      |
--------------------------------------------------------------------
Iteration 10 / LogL: -5107.780 / Time: 0h:0m:0s
Iteration 20 / LogL: -5107.834 / Time: 0h:0m:0s (0h:0m:3s left)
Iteration 30 / LogL: -5106.882 / Time: 0h:0m:1s (0h:0m:2s left)
Iteration 40 / LogL: -5961.418 / Time: 0h:0m:1s (0h:0m:2s left)
Iteration 50 / LogL: -5106.776 / Time: 0h:0m:1s (0h:0m:1s left)
Iteration 60 / LogL: -5106.624 / Time: 0h:0m:2s (0h:0m:1s left)
Iteration 70 / LogL: -5107.814 / Time: 0h:0m:2s (0h:0m:1s left)
Iteration 80 / LogL: -5105.963 / Time: 0h:0m:2s (0h:0m:0s left)
Iteration 90 / LogL: -5097.379 / Time: 0h:0m:3s (0h:0m:0s left)
Iteration 100 / LogL: -5099.177 / Time: 0h:0m:3s (0h:0m:0s left)
TREE SEARCH COMPLETED AFTER 101 ITERATIONS / Time: 0h:0m:3s

--------------------------------------------------------------------
|                    FINALIZING TREE SEARCH                        |
--------------------------------------------------------------------
Performs final model parameters optimization
Estimate model parameters (epsilon = 0.010)
1. Initial log-likelihood: -5097.307
Optimal log-likelihood: -5097.299
Rate parameters:  A-C: 1.375  A-G: 1.183  A-T: 0.882  C-G: 1.337  C-T: 1.512  G-T: 1.000
Base frequencies:   A: 0.239  C: 0.253  G: 0.261  T: 0.247
Gamma shape alpha: 5.356
Parameters optimization took 1 rounds (0.007 sec)
BEST SCORE FOUND : -5097.299

Testing tree branches by SH-like aLRT with 1000 replicates...
CPU Time used:  0.120 sec.
Total tree length: 7.587

Total number of iterations: 101
CPU time used for tree search: 3.276 sec (0h:0m:3s)
Wall-clock time used for tree search: 3.276 sec (0h:0m:3s)
Total CPU time used: 3.504 sec (0h:0m:3s)
Total wall-clock time used: 3.503 sec (0h:0m:3s)

Analysis results written to: 
  IQ-TREE report:                ../simulations/data_D10T0L20I10T10//S/414_pruned.fasta.iqtree
  Maximum-likelihood tree:       ../simulations/data_D10T0L20I10T10//S/414_pruned.fasta.treefile
  Likelihood distances:          ../simulations/data_D10T0L20I10T10//S/414_pruned.fasta.mldist
  Screen log file:               ../simulations/data_D10T0L20I10T10//S/414_pruned.fasta.log

Date and Time: Mon Jun  4 00:00:05 2018
