IQ-TREE version 1.4.2 for Linux 64-bit built Apr 15 2016
Copyright (c) 2011-2015 Nguyen Lam Tung, Olga Chernomor, Arndt von Haeseler and Bui Quang Minh.

Host:    meduse (AVX2, FMA3, 7 GB RAM)
Command: iqtree -s ../simulations/data_D10T0L20I10T10//S/417_pruned.fasta -m GTR+G -alrt 1000 -redo
Seed:    196605 (Using SPRNG - Scalable Parallel Random Number Generator)
Time:    Fri Jun  1 11:07:05 2018
Kernel:  AVX

NOTE: Consider using the multicore version because your CPU has 4 cores!

Reading alignment file ../simulations/data_D10T0L20I10T10//S/417_pruned.fasta ... Fasta format detected
Alignment most likely contains DNA/RNA sequences
Alignment has 26 sequences with 300 columns and 177 patterns (160 informative sites)
          Gap/Ambiguity  Composition  p-value
   1  n294_297    0.00%    passed     99.82%
   2  n274_277    0.00%    passed     92.69%
   3  n285_288    0.00%    passed     95.90%
   4  n289_292    0.00%    passed     99.36%
   5  n296_299    0.00%    passed     97.63%
   6  n287_290    0.00%    passed     99.22%
   7  n266_269    0.00%    passed     73.99%
   8  n236_239    0.00%    passed     91.51%
   9  n280_283    0.00%    passed     83.62%
  10  n200_203    0.00%    passed     78.06%
  11  n297_300    0.00%    passed     99.54%
  12  n275_278    0.00%    passed     99.57%
  13  n299_302    0.00%    passed     95.66%
  14  n293_296    0.00%    passed     99.57%
  15  n277_280    0.00%    passed     76.37%
  16  n255_258    0.00%    passed     81.34%
  17  n290_293    0.00%    passed     99.36%
  18  n244_247    0.00%    passed     46.32%
  19  n295_298    0.00%    passed     99.03%
  20  n298_301    0.00%    passed     99.54%
  21  n251_254    0.00%    passed     75.72%
  22  n292_295    0.00%    passed     93.93%
  23  n286_289    0.00%    passed     99.57%
  24  n265_268    0.00%    passed     70.41%
  25  n278_281    0.00%    passed     91.52%
  26  n300_303    0.00%    passed     88.43%
****  TOTAL       0.00%  0 sequences failed composition chi2 test (p-value<5%; df=3)
NOTE: 2 identical sequences (see below) will be ignored for subsequent analysis
NOTE: n290_293 (identical to n289_292) is ignored but added at the end
NOTE: n298_301 (identical to n297_300) is ignored but added at the end

Create initial parsimony tree by phylogenetic likelihood library (PLL)... 0.001 seconds

NOTE: 0 MB RAM is required!
Estimate model parameters (epsilon = 0.100)
1. Initial log-likelihood: -2060.821
2. Current log-likelihood: -2020.327
3. Current log-likelihood: -2019.674
Optimal log-likelihood: -2019.634
Rate parameters:  A-C: 1.036  A-G: 1.358  A-T: 1.622  C-G: 1.395  C-T: 1.679  G-T: 1.000
Base frequencies:   A: 0.283  C: 0.267  G: 0.259  T: 0.191
Gamma shape alpha: 6.517
Parameters optimization took 3 rounds (0.023 sec)
--------------------------------------------------------------------
|             INITIALIZING CANDIDATE TREE SET                      |
--------------------------------------------------------------------
Computing ML distances based on estimated model parameters... 0.004 sec
Computing BIONJ tree...
0.000 seconds
Log-likelihood of BIONJ tree: -2019.633
Generating 98 parsimony trees... 0.098 seconds 9 distinct starting trees
Computing log-likelihood of 9 initial trees ... 0.012 seconds
Optimizing top 9 initial trees with NNI...
Iteration 1 / LogL: -2019.634 / Time: 0h:0m:0s
Estimate model parameters (epsilon = 0.100)
BETTER SCORE FOUND at iteration 1: -2019.632
Iteration 2 / LogL: -2019.633 / Time: 0h:0m:0s
Iteration 3 / LogL: -2019.634 / Time: 0h:0m:0s
Iteration 4 / LogL: -2019.634 / Time: 0h:0m:0s
Iteration 5 / LogL: -2019.634 / Time: 0h:0m:0s
Iteration 6 / LogL: -2019.634 / Time: 0h:0m:0s
Iteration 7 / LogL: -2019.634 / Time: 0h:0m:0s
Iteration 8 / LogL: -2019.634 / Time: 0h:0m:0s
Iteration 9 / LogL: -2019.634 / Time: 0h:0m:0s
Average CPU time for 1 NNI search: 0.005
Finish initializing candidate tree set. Number of distinct locally optimal trees: 9
Current best tree score: -2019.632 / CPU time: 0.152
--------------------------------------------------------------------
|               OPTIMIZING CANDIDATE TREE SET                      |
--------------------------------------------------------------------
Iteration 10 / LogL: -2019.633 / Time: 0h:0m:0s
Iteration 20 / LogL: -2019.638 / Time: 0h:0m:0s (0h:0m:1s left)
Iteration 30 / LogL: -2036.938 / Time: 0h:0m:0s (0h:0m:1s left)
Iteration 40 / LogL: -2019.670 / Time: 0h:0m:0s (0h:0m:0s left)
Iteration 50 / LogL: -2019.634 / Time: 0h:0m:0s (0h:0m:0s left)
Iteration 60 / LogL: -2019.632 / Time: 0h:0m:0s (0h:0m:0s left)
Iteration 70 / LogL: -2019.632 / Time: 0h:0m:1s (0h:0m:0s left)
Iteration 80 / LogL: -2019.632 / Time: 0h:0m:1s (0h:0m:0s left)
Iteration 90 / LogL: -2211.066 / Time: 0h:0m:1s (0h:0m:0s left)
Iteration 100 / LogL: -2019.650 / Time: 0h:0m:1s (0h:0m:0s left)
TREE SEARCH COMPLETED AFTER 101 ITERATIONS / Time: 0h:0m:1s

--------------------------------------------------------------------
|                    FINALIZING TREE SEARCH                        |
--------------------------------------------------------------------
Performs final model parameters optimization
Estimate model parameters (epsilon = 0.010)
1. Initial log-likelihood: -2019.632
Optimal log-likelihood: -2019.628
Rate parameters:  A-C: 1.032  A-G: 1.347  A-T: 1.620  C-G: 1.390  C-T: 1.654  G-T: 1.000
Base frequencies:   A: 0.283  C: 0.267  G: 0.259  T: 0.191
Gamma shape alpha: 6.517
Parameters optimization took 1 rounds (0.004 sec)
BEST SCORE FOUND : -2019.628

Testing tree branches by SH-like aLRT with 1000 replicates...
CPU Time used:  0.100 sec.
Total tree length: 1.213

Total number of iterations: 101
CPU time used for tree search: 1.404 sec (0h:0m:1s)
Wall-clock time used for tree search: 1.410 sec (0h:0m:1s)
Total CPU time used: 1.548 sec (0h:0m:1s)
Total wall-clock time used: 1.553 sec (0h:0m:1s)

Analysis results written to: 
  IQ-TREE report:                ../simulations/data_D10T0L20I10T10//S/417_pruned.fasta.iqtree
  Maximum-likelihood tree:       ../simulations/data_D10T0L20I10T10//S/417_pruned.fasta.treefile
  Likelihood distances:          ../simulations/data_D10T0L20I10T10//S/417_pruned.fasta.mldist
  Screen log file:               ../simulations/data_D10T0L20I10T10//S/417_pruned.fasta.log

Date and Time: Fri Jun  1 11:07:06 2018
