IQ-TREE version 1.4.2 for Linux 64-bit built Apr 15 2016
Copyright (c) 2011-2015 Nguyen Lam Tung, Olga Chernomor, Arndt von Haeseler and Bui Quang Minh.

Host:    meduse (AVX2, FMA3, 7 GB RAM)
Command: iqtree -s ../simulations/data_D10T0L20I10T10//S/428_pruned.fasta -m GTR+G -alrt 1000 -redo
Seed:    958892 (Using SPRNG - Scalable Parallel Random Number Generator)
Time:    Fri Jun  1 10:59:36 2018
Kernel:  AVX

NOTE: Consider using the multicore version because your CPU has 4 cores!

Reading alignment file ../simulations/data_D10T0L20I10T10//S/428_pruned.fasta ... Fasta format detected
Alignment most likely contains DNA/RNA sequences
Alignment has 26 sequences with 300 columns and 171 patterns (156 informative sites)
          Gap/Ambiguity  Composition  p-value
   1  n289_290    0.00%    passed     98.92%
   2  n294_295    0.00%    passed     99.16%
   3  n295_296    0.00%    passed     98.88%
   4  n266_267    0.00%    passed     97.22%
   5  n299_300    0.00%    passed     94.85%
   6  n298_299    0.00%    passed     96.79%
   7  n290_291    0.00%    passed     99.42%
   8  n274_275    0.00%    passed     95.55%
   9  n251_252    0.00%    passed     96.46%
  10  n293_294    0.00%    passed     98.34%
  11  n265_266    0.00%    passed     99.43%
  12  n296_297    0.00%    passed     98.34%
  13  n300_301    0.00%    passed     95.73%
  14  n244_245    0.00%    passed     91.70%
  15  n278_279    0.00%    passed     84.91%
  16  n287_288    0.00%    passed     98.79%
  17  n200_201    0.00%    passed     82.62%
  18  n277_278    0.00%    passed     95.54%
  19  n297_298    0.00%    passed     96.79%
  20  n236_237    0.00%    passed     98.66%
  21  n280_281    0.00%    passed     87.44%
  22  n285_286    0.00%    passed     75.31%
  23  n275_276    0.00%    passed     93.96%
  24  n255_256    0.00%    passed     86.65%
  25  n292_293    0.00%    passed     93.04%
  26  n286_287    0.00%    passed     80.01%
****  TOTAL       0.00%  0 sequences failed composition chi2 test (p-value<5%; df=3)
NOTE: 1 identical sequences (see below) will be ignored for subsequent analysis
NOTE: n297_298 (identical to n298_299) is ignored but added at the end

Create initial parsimony tree by phylogenetic likelihood library (PLL)... 0.001 seconds

NOTE: 0 MB RAM is required!
Estimate model parameters (epsilon = 0.100)
1. Initial log-likelihood: -2022.396
2. Current log-likelihood: -1965.672
3. Current log-likelihood: -1965.095
Optimal log-likelihood: -1965.068
Rate parameters:  A-C: 0.860  A-G: 0.869  A-T: 0.672  C-G: 0.920  C-T: 1.624  G-T: 1.000
Base frequencies:   A: 0.269  C: 0.262  G: 0.249  T: 0.220
Gamma shape alpha: 25.206
Parameters optimization took 3 rounds (0.023 sec)
--------------------------------------------------------------------
|             INITIALIZING CANDIDATE TREE SET                      |
--------------------------------------------------------------------
Computing ML distances based on estimated model parameters... 0.000 sec
Computing BIONJ tree...
0.000 seconds
Log-likelihood of BIONJ tree: -1965.068
Generating 98 parsimony trees... 0.099 seconds 93 distinct starting trees
Computing log-likelihood of 93 initial trees ... 0.164 seconds
Optimizing top 20 initial trees with NNI...
Iteration 1 / LogL: -1965.069 / Time: 0h:0m:0s
Estimate model parameters (epsilon = 0.100)
BETTER SCORE FOUND at iteration 1: -1965.054
Iteration 2 / LogL: -1965.056 / Time: 0h:0m:0s
Iteration 3 / LogL: -1965.060 / Time: 0h:0m:0s
Iteration 4 / LogL: -1965.060 / Time: 0h:0m:0s
Iteration 5 / LogL: -1965.060 / Time: 0h:0m:0s
Iteration 6 / LogL: -1965.060 / Time: 0h:0m:0s
Iteration 7 / LogL: -1965.060 / Time: 0h:0m:0s
Iteration 8 / LogL: -1965.060 / Time: 0h:0m:0s
Iteration 9 / LogL: -1965.060 / Time: 0h:0m:0s
Iteration 10 / LogL: -1965.060 / Time: 0h:0m:0s
Iteration 11 / LogL: -1965.060 / Time: 0h:0m:0s
Iteration 12 / LogL: -1965.060 / Time: 0h:0m:0s
Iteration 13 / LogL: -1965.060 / Time: 0h:0m:0s
Iteration 14 / LogL: -1965.060 / Time: 0h:0m:0s
Iteration 15 / LogL: -1965.060 / Time: 0h:0m:0s
Iteration 16 / LogL: -1965.060 / Time: 0h:0m:0s
Iteration 17 / LogL: -1965.060 / Time: 0h:0m:0s
Iteration 18 / LogL: -1965.060 / Time: 0h:0m:0s
Iteration 19 / LogL: -1965.060 / Time: 0h:0m:0s
Iteration 20 / LogL: -1965.060 / Time: 0h:0m:0s
Average CPU time for 1 NNI search: 0.004
Finish initializing candidate tree set. Number of distinct locally optimal trees: 20
Current best tree score: -1965.054 / CPU time: 0.348
--------------------------------------------------------------------
|               OPTIMIZING CANDIDATE TREE SET                      |
--------------------------------------------------------------------
Iteration 30 / LogL: -2274.385 / Time: 0h:0m:0s (0h:0m:1s left)
Iteration 40 / LogL: -1965.055 / Time: 0h:0m:0s (0h:0m:0s left)
Iteration 50 / LogL: -1965.056 / Time: 0h:0m:0s (0h:0m:0s left)
Iteration 60 / LogL: -1965.055 / Time: 0h:0m:0s (0h:0m:0s left)
Iteration 70 / LogL: -1965.057 / Time: 0h:0m:1s (0h:0m:0s left)
Iteration 80 / LogL: -1965.054 / Time: 0h:0m:1s (0h:0m:0s left)
Iteration 90 / LogL: -1965.054 / Time: 0h:0m:1s (0h:0m:0s left)
Iteration 100 / LogL: -1965.055 / Time: 0h:0m:1s (0h:0m:0s left)
TREE SEARCH COMPLETED AFTER 101 ITERATIONS / Time: 0h:0m:1s

--------------------------------------------------------------------
|                    FINALIZING TREE SEARCH                        |
--------------------------------------------------------------------
Performs final model parameters optimization
Estimate model parameters (epsilon = 0.010)
1. Initial log-likelihood: -1965.054
Optimal log-likelihood: -1965.045
Rate parameters:  A-C: 0.873  A-G: 0.880  A-T: 0.684  C-G: 0.932  C-T: 1.651  G-T: 1.000
Base frequencies:   A: 0.269  C: 0.262  G: 0.249  T: 0.220
Gamma shape alpha: 25.620
Parameters optimization took 1 rounds (0.004 sec)
BEST SCORE FOUND : -1965.045

Testing tree branches by SH-like aLRT with 1000 replicates...
CPU Time used:  0.104 sec.
Total tree length: 1.178

Total number of iterations: 101
CPU time used for tree search: 1.396 sec (0h:0m:1s)
Wall-clock time used for tree search: 1.406 sec (0h:0m:1s)
Total CPU time used: 1.540 sec (0h:0m:1s)
Total wall-clock time used: 1.547 sec (0h:0m:1s)

Analysis results written to: 
  IQ-TREE report:                ../simulations/data_D10T0L20I10T10//S/428_pruned.fasta.iqtree
  Maximum-likelihood tree:       ../simulations/data_D10T0L20I10T10//S/428_pruned.fasta.treefile
  Likelihood distances:          ../simulations/data_D10T0L20I10T10//S/428_pruned.fasta.mldist
  Screen log file:               ../simulations/data_D10T0L20I10T10//S/428_pruned.fasta.log

Date and Time: Fri Jun  1 10:59:38 2018
