IQ-TREE version 1.4.2 for Linux 64-bit built Apr 15 2016
Copyright (c) 2011-2015 Nguyen Lam Tung, Olga Chernomor, Arndt von Haeseler and Bui Quang Minh.

Host:    meduse (AVX2, FMA3, 7 GB RAM)
Command: iqtree -s ../simulations/data_D8T0L15I8T8//S/429_pruned.fasta -m GTR+G -alrt 1000 -redo
Seed:    991116 (Using SPRNG - Scalable Parallel Random Number Generator)
Time:    Fri May 25 22:30:24 2018
Kernel:  AVX

NOTE: Consider using the multicore version because your CPU has 4 cores!

Reading alignment file ../simulations/data_D8T0L15I8T8//S/429_pruned.fasta ... Fasta format detected
Alignment most likely contains DNA/RNA sequences
Alignment has 26 sequences with 300 columns and 182 patterns (166 informative sites)
          Gap/Ambiguity  Composition  p-value
   1  n298_299    0.00%    passed     94.03%
   2  n280_281    0.00%    passed     97.13%
   3  n200_201    0.00%    passed     94.13%
   4  n286_287    0.00%    passed     98.95%
   5  n287_288    0.00%    passed     89.63%
   6  n266_267    0.00%    passed     96.54%
   7  n292_293    0.00%    passed     99.76%
   8  n293_294    0.00%    passed     96.78%
   9  n275_276    0.00%    passed     95.30%
  10  n289_290    0.00%    passed     90.53%
  11  n297_298    0.00%    passed     94.03%
  12  n278_279    0.00%    passed     97.92%
  13  n295_296    0.00%    passed     90.69%
  14  n251_252    0.00%    passed     49.40%
  15  n274_275    0.00%    passed     96.30%
  16  n290_291    0.00%    passed     89.63%
  17  n236_237    0.00%    passed     92.02%
  18  n255_256    0.00%    passed     76.33%
  19  n285_286    0.00%    passed     94.54%
  20  n294_295    0.00%    passed     95.30%
  21  n300_301    0.00%    passed     99.76%
  22  n265_266    0.00%    passed     90.50%
  23  n296_297    0.00%    passed     94.89%
  24  n299_300    0.00%    passed     99.76%
  25  n244_245    0.00%    passed     76.89%
  26  n277_278    0.00%    passed     98.30%
****  TOTAL       0.00%  0 sequences failed composition chi2 test (p-value<5%; df=3)
NOTE: 2 identical sequences (see below) will be ignored for subsequent analysis
NOTE: n297_298 (identical to n298_299) is ignored but added at the end
NOTE: n299_300 (identical to n300_301) is ignored but added at the end

Create initial parsimony tree by phylogenetic likelihood library (PLL)... 0.001 seconds

NOTE: 0 MB RAM is required!
Estimate model parameters (epsilon = 0.100)
1. Initial log-likelihood: -2165.565
2. Current log-likelihood: -2132.243
3. Current log-likelihood: -2131.946
Optimal log-likelihood: -2131.922
Rate parameters:  A-C: 1.192  A-G: 0.881  A-T: 0.963  C-G: 1.116  C-T: 1.310  G-T: 1.000
Base frequencies:   A: 0.247  C: 0.245  G: 0.278  T: 0.230
Gamma shape alpha: 3.891
Parameters optimization took 3 rounds (0.026 sec)
--------------------------------------------------------------------
|             INITIALIZING CANDIDATE TREE SET                      |
--------------------------------------------------------------------
Computing ML distances based on estimated model parameters... 0.004 sec
Computing BIONJ tree...
0.000 seconds
Log-likelihood of BIONJ tree: -2131.922
Generating 99 parsimony trees... 0.084 seconds 3 distinct starting trees
Computing log-likelihood of 3 initial trees ... 0.004 seconds
Optimizing top 3 initial trees with NNI...
Iteration 1 / LogL: -2131.922 / Time: 0h:0m:0s
Estimate model parameters (epsilon = 0.100)
BETTER SCORE FOUND at iteration 1: -2131.907
Iteration 2 / LogL: -2131.910 / Time: 0h:0m:0s
Iteration 3 / LogL: -2131.910 / Time: 0h:0m:0s
Average CPU time for 1 NNI search: 0.005
Finish initializing candidate tree set. Number of distinct locally optimal trees: 3
Current best tree score: -2131.907 / CPU time: 0.100
--------------------------------------------------------------------
|               OPTIMIZING CANDIDATE TREE SET                      |
--------------------------------------------------------------------
Iteration 10 / LogL: -2131.907 / Time: 0h:0m:0s
Iteration 20 / LogL: -2131.909 / Time: 0h:0m:0s (0h:0m:1s left)
Iteration 30 / LogL: -2131.921 / Time: 0h:0m:0s (0h:0m:1s left)
Iteration 40 / LogL: -2131.913 / Time: 0h:0m:0s (0h:0m:1s left)
Iteration 50 / LogL: -2131.914 / Time: 0h:0m:0s (0h:0m:0s left)
Iteration 60 / LogL: -2131.911 / Time: 0h:0m:1s (0h:0m:0s left)
Iteration 70 / LogL: -2131.911 / Time: 0h:0m:1s (0h:0m:0s left)
Iteration 80 / LogL: -2139.752 / Time: 0h:0m:1s (0h:0m:0s left)
Iteration 90 / LogL: -2132.131 / Time: 0h:0m:1s (0h:0m:0s left)
Iteration 100 / LogL: -2139.795 / Time: 0h:0m:1s (0h:0m:0s left)
TREE SEARCH COMPLETED AFTER 101 ITERATIONS / Time: 0h:0m:1s

--------------------------------------------------------------------
|                    FINALIZING TREE SEARCH                        |
--------------------------------------------------------------------
Performs final model parameters optimization
Estimate model parameters (epsilon = 0.010)
1. Initial log-likelihood: -2131.907
Optimal log-likelihood: -2131.898
Rate parameters:  A-C: 1.169  A-G: 0.874  A-T: 0.947  C-G: 1.098  C-T: 1.290  G-T: 1.000
Base frequencies:   A: 0.247  C: 0.245  G: 0.278  T: 0.230
Gamma shape alpha: 3.887
Parameters optimization took 1 rounds (0.005 sec)
BEST SCORE FOUND : -2131.898

Testing tree branches by SH-like aLRT with 1000 replicates...
CPU Time used:  0.104 sec.
Total tree length: 1.289

Total number of iterations: 101
CPU time used for tree search: 1.656 sec (0h:0m:1s)
Wall-clock time used for tree search: 1.664 sec (0h:0m:1s)
Total CPU time used: 1.812 sec (0h:0m:1s)
Total wall-clock time used: 1.817 sec (0h:0m:1s)

Analysis results written to: 
  IQ-TREE report:                ../simulations/data_D8T0L15I8T8//S/429_pruned.fasta.iqtree
  Maximum-likelihood tree:       ../simulations/data_D8T0L15I8T8//S/429_pruned.fasta.treefile
  Likelihood distances:          ../simulations/data_D8T0L15I8T8//S/429_pruned.fasta.mldist
  Screen log file:               ../simulations/data_D8T0L15I8T8//S/429_pruned.fasta.log

Date and Time: Fri May 25 22:30:26 2018
