IQ-TREE version 1.4.2 for Linux 64-bit built Apr 15 2016
Copyright (c) 2011-2015 Nguyen Lam Tung, Olga Chernomor, Arndt von Haeseler and Bui Quang Minh.

Host:    meduse (AVX2, FMA3, 7 GB RAM)
Command: iqtree -s ../simulations/data_D8T0L15I8T8//S/430_pruned.fasta -m GTR+G -alrt 1000 -redo
Seed:    179500 (Using SPRNG - Scalable Parallel Random Number Generator)
Time:    Fri May 25 22:53:50 2018
Kernel:  AVX

NOTE: Consider using the multicore version because your CPU has 4 cores!

Reading alignment file ../simulations/data_D8T0L15I8T8//S/430_pruned.fasta ... Fasta format detected
Alignment most likely contains DNA/RNA sequences
Alignment has 15 sequences with 300 columns and 150 patterns (138 informative sites)
          Gap/Ambiguity  Composition  p-value
   1  n286_267    0.00%    passed     56.02%
   2  n278_261    0.00%    passed     89.12%
   3  n251_242    0.00%    passed     54.75%
   4  n277_260    0.00%    passed     93.60%
   5  n265_254    0.00%    passed     90.83%
   6  n285_266    0.00%    passed     64.68%
   7  n280_263    0.00%    passed     77.19%
   8  n300_271    0.00%    passed     70.41%
   9  n200_195    0.00%    passed     69.34%
  10  n266_255    0.00%    passed     92.01%
  11  n292_269    0.00%    passed     80.29%
  12  n244_235    0.00%    passed     52.35%
  13  n255_246    0.00%    passed     85.54%
  14  n274_259    0.00%    passed     61.46%
  15  n299_270    0.00%    passed     71.88%
****  TOTAL       0.00%  0 sequences failed composition chi2 test (p-value<5%; df=3)

Create initial parsimony tree by phylogenetic likelihood library (PLL)... 0.001 seconds

NOTE: 0 MB RAM is required!
Estimate model parameters (epsilon = 0.100)
1. Initial log-likelihood: -1749.360
2. Current log-likelihood: -1719.173
3. Current log-likelihood: -1718.858
Optimal log-likelihood: -1718.848
Rate parameters:  A-C: 0.983  A-G: 0.991  A-T: 1.503  C-G: 1.206  C-T: 1.203  G-T: 1.000
Base frequencies:   A: 0.232  C: 0.260  G: 0.268  T: 0.240
Gamma shape alpha: 3.510
Parameters optimization took 3 rounds (0.014 sec)
--------------------------------------------------------------------
|             INITIALIZING CANDIDATE TREE SET                      |
--------------------------------------------------------------------
Computing ML distances based on estimated model parameters... 0.000 sec
Computing BIONJ tree...
0.000 seconds
Log-likelihood of BIONJ tree: -1718.848
Generating 99 parsimony trees... 0.067 seconds 9 distinct starting trees
Computing log-likelihood of 9 initial trees ... 0.012 seconds
Optimizing top 9 initial trees with NNI...
Iteration 1 / LogL: -1718.800 / Time: 0h:0m:0s
Estimate model parameters (epsilon = 0.100)
BETTER TREE FOUND at iteration 1: -1718.785
Iteration 2 / LogL: -1718.785 / Time: 0h:0m:0s
Iteration 3 / LogL: -1718.785 / Time: 0h:0m:0s
Iteration 4 / LogL: -1718.785 / Time: 0h:0m:0s
Iteration 5 / LogL: -1718.785 / Time: 0h:0m:0s
Iteration 6 / LogL: -1718.785 / Time: 0h:0m:0s
Iteration 7 / LogL: -1718.785 / Time: 0h:0m:0s
Iteration 8 / LogL: -1718.785 / Time: 0h:0m:0s
Iteration 9 / LogL: -1718.785 / Time: 0h:0m:0s
Average CPU time for 1 NNI search: 0.004
Finish initializing candidate tree set. Number of distinct locally optimal trees: 9
Current best tree score: -1718.785 / CPU time: 0.120
--------------------------------------------------------------------
|               OPTIMIZING CANDIDATE TREE SET                      |
--------------------------------------------------------------------
Iteration 10 / LogL: -1718.836 / Time: 0h:0m:0s
Iteration 20 / LogL: -1718.785 / Time: 0h:0m:0s (0h:0m:1s left)
Iteration 30 / LogL: -1718.786 / Time: 0h:0m:0s (0h:0m:0s left)
Iteration 40 / LogL: -1718.786 / Time: 0h:0m:0s (0h:0m:0s left)
Iteration 50 / LogL: -1718.786 / Time: 0h:0m:0s (0h:0m:0s left)
Iteration 60 / LogL: -1718.785 / Time: 0h:0m:0s (0h:0m:0s left)
Iteration 70 / LogL: -1718.785 / Time: 0h:0m:0s (0h:0m:0s left)
Iteration 80 / LogL: -1778.528 / Time: 0h:0m:0s (0h:0m:0s left)
Iteration 90 / LogL: -1718.786 / Time: 0h:0m:1s (0h:0m:0s left)
Iteration 100 / LogL: -1718.785 / Time: 0h:0m:1s (0h:0m:0s left)
TREE SEARCH COMPLETED AFTER 101 ITERATIONS / Time: 0h:0m:1s

--------------------------------------------------------------------
|                    FINALIZING TREE SEARCH                        |
--------------------------------------------------------------------
Performs final model parameters optimization
Estimate model parameters (epsilon = 0.010)
1. Initial log-likelihood: -1718.785
Optimal log-likelihood: -1718.784
Rate parameters:  A-C: 0.998  A-G: 1.013  A-T: 1.489  C-G: 1.216  C-T: 1.227  G-T: 1.000
Base frequencies:   A: 0.232  C: 0.260  G: 0.268  T: 0.240
Gamma shape alpha: 3.486
Parameters optimization took 1 rounds (0.003 sec)
BEST SCORE FOUND : -1718.784

Testing tree branches by SH-like aLRT with 1000 replicates...
CPU Time used:  0.084 sec.
Total tree length: 1.098

Total number of iterations: 101
CPU time used for tree search: 1.124 sec (0h:0m:1s)
Wall-clock time used for tree search: 1.137 sec (0h:0m:1s)
Total CPU time used: 1.236 sec (0h:0m:1s)
Total wall-clock time used: 1.254 sec (0h:0m:1s)

Analysis results written to: 
  IQ-TREE report:                ../simulations/data_D8T0L15I8T8//S/430_pruned.fasta.iqtree
  Maximum-likelihood tree:       ../simulations/data_D8T0L15I8T8//S/430_pruned.fasta.treefile
  Likelihood distances:          ../simulations/data_D8T0L15I8T8//S/430_pruned.fasta.mldist
  Screen log file:               ../simulations/data_D8T0L15I8T8//S/430_pruned.fasta.log

Date and Time: Fri May 25 22:53:51 2018
