IQ-TREE version 1.4.2 for Linux 64-bit built Apr 15 2016
Copyright (c) 2011-2015 Nguyen Lam Tung, Olga Chernomor, Arndt von Haeseler and Bui Quang Minh.

Host:    meduse (AVX2, FMA3, 7 GB RAM)
Command: iqtree -s ../simulations/data_D10T0L20I10T10//S/437_pruned.fasta -m GTR+G -alrt 1000 -redo
Seed:    995637 (Using SPRNG - Scalable Parallel Random Number Generator)
Time:    Sun Jun  3 23:10:19 2018
Kernel:  AVX

NOTE: Consider using the multicore version because your CPU has 4 cores!

Reading alignment file ../simulations/data_D10T0L20I10T10//S/437_pruned.fasta ... Fasta format detected
Alignment most likely contains DNA/RNA sequences
Alignment has 26 sequences with 300 columns and 300 patterns (295 informative sites)
          Gap/Ambiguity  Composition  p-value
   1  n277_278    0.00%    passed     52.37%
   2  n286_287    0.00%    passed     30.76%
   3  n296_297    0.00%    passed     76.76%
   4  n285_286    0.00%    passed     31.06%
   5  n289_290    0.00%    passed     98.46%
   6  n274_275    0.00%    passed     96.39%
   7  n255_256    0.00%    passed     85.62%
   8  n275_276    0.00%    passed     86.88%
   9  n278_279    0.00%    passed     80.59%
  10  n299_300    0.00%    passed     80.59%
  11  n236_237    0.00%    passed      7.12%
  12  n293_294    0.00%    passed     77.65%
  13  n290_291    0.00%    passed     98.35%
  14  n297_298    0.00%    passed     71.48%
  15  n200_201    0.00%    passed     94.05%
  16  n292_293    0.00%    passed     79.38%
  17  n280_281    0.00%    passed     86.70%
  18  n295_296    0.00%    passed     91.02%
  19  n287_288    0.00%    passed     96.53%
  20  n244_245    0.00%    passed     49.48%
  21  n265_266    0.00%    failed      4.18%
  22  n266_267    0.00%    failed      3.80%
  23  n294_295    0.00%    passed     94.94%
  24  n251_252    0.00%    passed     35.54%
  25  n298_299    0.00%    passed     92.97%
  26  n300_301    0.00%    passed     78.10%
****  TOTAL       0.00%  2 sequences failed composition chi2 test (p-value<5%; df=3)

Create initial parsimony tree by phylogenetic likelihood library (PLL)... 0.002 seconds

NOTE: 1 MB RAM is required!
Estimate model parameters (epsilon = 0.100)
1. Initial log-likelihood: -5466.214
2. Current log-likelihood: -5361.719
3. Current log-likelihood: -5348.070
4. Current log-likelihood: -5346.449
5. Current log-likelihood: -5345.965
Optimal log-likelihood: -5345.857
Rate parameters:  A-C: 1.023  A-G: 0.986  A-T: 0.940  C-G: 0.756  C-T: 1.047  G-T: 1.000
Base frequencies:   A: 0.232  C: 0.287  G: 0.264  T: 0.217
Gamma shape alpha: 4.408
Parameters optimization took 5 rounds (0.065 sec)
--------------------------------------------------------------------
|             INITIALIZING CANDIDATE TREE SET                      |
--------------------------------------------------------------------
Computing ML distances based on estimated model parameters... 0.004 sec
WARNING: Some pairwise ML distances are too long (saturated)
Computing BIONJ tree...
0.000 seconds
Log-likelihood of BIONJ tree: -5345.846
Generating 99 parsimony trees... 0.153 seconds 2 distinct starting trees
Computing log-likelihood of 2 initial trees ... 0.003 seconds
Optimizing top 2 initial trees with NNI...
Iteration 1 / LogL: -5344.073 / Time: 0h:0m:0s
Estimate model parameters (epsilon = 0.100)
BETTER TREE FOUND at iteration 1: -5343.795
Iteration 2 / LogL: -5344.607 / Time: 0h:0m:0s
Average CPU time for 1 NNI search: 0.022
Finish initializing candidate tree set. Number of distinct locally optimal trees: 2
Current best tree score: -5343.795 / CPU time: 0.196
--------------------------------------------------------------------
|               OPTIMIZING CANDIDATE TREE SET                      |
--------------------------------------------------------------------
Iteration 10 / LogL: -5344.110 / Time: 0h:0m:0s
Iteration 20 / LogL: -5346.595 / Time: 0h:0m:0s (0h:0m:3s left)
Iteration 30 / LogL: -5345.437 / Time: 0h:0m:1s (0h:0m:3s left)
Iteration 40 / LogL: -5343.982 / Time: 0h:0m:1s (0h:0m:2s left)
Iteration 50 / LogL: -5344.905 / Time: 0h:0m:1s (0h:0m:1s left)
Iteration 60 / LogL: -5345.063 / Time: 0h:0m:2s (0h:0m:1s left)
Iteration 70 / LogL: -5348.954 / Time: 0h:0m:2s (0h:0m:1s left)
Iteration 80 / LogL: -5345.540 / Time: 0h:0m:2s (0h:0m:0s left)
Iteration 90 / LogL: -5345.096 / Time: 0h:0m:3s (0h:0m:0s left)
Iteration 100 / LogL: -5344.181 / Time: 0h:0m:3s (0h:0m:0s left)
TREE SEARCH COMPLETED AFTER 101 ITERATIONS / Time: 0h:0m:3s

--------------------------------------------------------------------
|                    FINALIZING TREE SEARCH                        |
--------------------------------------------------------------------
Performs final model parameters optimization
Estimate model parameters (epsilon = 0.010)
1. Initial log-likelihood: -5343.795
Optimal log-likelihood: -5343.783
Rate parameters:  A-C: 1.009  A-G: 0.971  A-T: 0.937  C-G: 0.731  C-T: 1.032  G-T: 1.000
Base frequencies:   A: 0.232  C: 0.287  G: 0.264  T: 0.217
Gamma shape alpha: 4.505
Parameters optimization took 1 rounds (0.007 sec)
BEST SCORE FOUND : -5343.783

Testing tree branches by SH-like aLRT with 1000 replicates...
CPU Time used:  0.132 sec.
Total tree length: 9.330

Total number of iterations: 101
CPU time used for tree search: 3.492 sec (0h:0m:3s)
Wall-clock time used for tree search: 3.497 sec (0h:0m:3s)
Total CPU time used: 3.724 sec (0h:0m:3s)
Total wall-clock time used: 3.728 sec (0h:0m:3s)

Analysis results written to: 
  IQ-TREE report:                ../simulations/data_D10T0L20I10T10//S/437_pruned.fasta.iqtree
  Maximum-likelihood tree:       ../simulations/data_D10T0L20I10T10//S/437_pruned.fasta.treefile
  Likelihood distances:          ../simulations/data_D10T0L20I10T10//S/437_pruned.fasta.mldist
  Screen log file:               ../simulations/data_D10T0L20I10T10//S/437_pruned.fasta.log

Date and Time: Sun Jun  3 23:10:23 2018
