IQ-TREE version 1.4.2 for Linux 64-bit built Apr 15 2016
Copyright (c) 2011-2015 Nguyen Lam Tung, Olga Chernomor, Arndt von Haeseler and Bui Quang Minh.

Host:    meduse (AVX2, FMA3, 7 GB RAM)
Command: iqtree -s ../simulations/data_D10T0L20I10T10//S/441_pruned.fasta -m GTR+G -alrt 1000 -redo
Seed:    371527 (Using SPRNG - Scalable Parallel Random Number Generator)
Time:    Sun Jun  3 23:10:27 2018
Kernel:  AVX

NOTE: Consider using the multicore version because your CPU has 4 cores!

Reading alignment file ../simulations/data_D10T0L20I10T10//S/441_pruned.fasta ... Fasta format detected
Alignment most likely contains DNA/RNA sequences
Alignment has 26 sequences with 300 columns and 300 patterns (294 informative sites)
          Gap/Ambiguity  Composition  p-value
   1  n277_278    0.00%    passed     90.54%
   2  n286_287    0.00%    passed     82.43%
   3  n296_297    0.00%    passed     25.64%
   4  n285_286    0.00%    passed     57.29%
   5  n289_290    0.00%    passed     17.50%
   6  n274_275    0.00%    passed     87.56%
   7  n255_256    0.00%    failed      0.94%
   8  n275_276    0.00%    passed     97.83%
   9  n278_279    0.00%    passed     84.75%
  10  n299_300    0.00%    passed     59.76%
  11  n236_237    0.00%    passed     78.13%
  12  n293_294    0.00%    passed     85.89%
  13  n290_291    0.00%    passed     40.53%
  14  n297_298    0.00%    passed     94.08%
  15  n200_201    0.00%    passed     23.32%
  16  n292_293    0.00%    passed     89.54%
  17  n280_281    0.00%    passed     92.24%
  18  n295_296    0.00%    passed     17.55%
  19  n287_288    0.00%    passed     45.34%
  20  n244_245    0.00%    passed     71.88%
  21  n265_266    0.00%    passed     24.44%
  22  n266_267    0.00%    passed     17.41%
  23  n294_295    0.00%    passed     76.81%
  24  n251_252    0.00%    failed      4.60%
  25  n298_299    0.00%    passed     80.90%
  26  n300_301    0.00%    passed     73.15%
****  TOTAL       0.00%  2 sequences failed composition chi2 test (p-value<5%; df=3)

Create initial parsimony tree by phylogenetic likelihood library (PLL)... 0.002 seconds

NOTE: 1 MB RAM is required!
Estimate model parameters (epsilon = 0.100)
1. Initial log-likelihood: -5301.574
2. Current log-likelihood: -5219.448
3. Current log-likelihood: -5196.202
4. Current log-likelihood: -5191.078
5. Current log-likelihood: -5189.897
6. Current log-likelihood: -5189.658
7. Current log-likelihood: -5189.464
8. Current log-likelihood: -5189.350
Optimal log-likelihood: -5189.257
Rate parameters:  A-C: 0.896  A-G: 1.102  A-T: 0.864  C-G: 1.067  C-T: 1.098  G-T: 1.000
Base frequencies:   A: 0.230  C: 0.305  G: 0.229  T: 0.236
Gamma shape alpha: 7.731
Parameters optimization took 8 rounds (0.088 sec)
--------------------------------------------------------------------
|             INITIALIZING CANDIDATE TREE SET                      |
--------------------------------------------------------------------
Computing ML distances based on estimated model parameters... 0.004 sec
WARNING: Some pairwise ML distances are too long (saturated)
Computing BIONJ tree...
0.000 seconds
Log-likelihood of BIONJ tree: -5218.050
Generating 98 parsimony trees... 0.150 seconds 2 distinct starting trees
Computing log-likelihood of 2 initial trees ... 0.000 seconds
Optimizing top 2 initial trees with NNI...
Iteration 1 / LogL: -5189.257 / Time: 0h:0m:0s
Estimate model parameters (epsilon = 0.100)
BETTER SCORE FOUND at iteration 1: -5189.220
Iteration 2 / LogL: -5189.227 / Time: 0h:0m:0s
Average CPU time for 1 NNI search: 0.016
Finish initializing candidate tree set. Number of distinct locally optimal trees: 2
Current best tree score: -5189.220 / CPU time: 0.180
--------------------------------------------------------------------
|               OPTIMIZING CANDIDATE TREE SET                      |
--------------------------------------------------------------------
Iteration 10 / LogL: -5189.610 / Time: 0h:0m:0s
Iteration 20 / LogL: -5199.367 / Time: 0h:0m:0s (0h:0m:3s left)
Iteration 30 / LogL: -5189.321 / Time: 0h:0m:1s (0h:0m:2s left)
Iteration 40 / LogL: -5194.695 / Time: 0h:0m:1s (0h:0m:2s left)
Iteration 50 / LogL: -5202.056 / Time: 0h:0m:1s (0h:0m:1s left)
Iteration 60 / LogL: -5325.284 / Time: 0h:0m:2s (0h:0m:1s left)
Iteration 70 / LogL: -5194.001 / Time: 0h:0m:2s (0h:0m:1s left)
Iteration 80 / LogL: -5189.448 / Time: 0h:0m:2s (0h:0m:0s left)
Iteration 90 / LogL: -5189.482 / Time: 0h:0m:3s (0h:0m:0s left)
Iteration 100 / LogL: -5193.889 / Time: 0h:0m:3s (0h:0m:0s left)
TREE SEARCH COMPLETED AFTER 101 ITERATIONS / Time: 0h:0m:3s

--------------------------------------------------------------------
|                    FINALIZING TREE SEARCH                        |
--------------------------------------------------------------------
Performs final model parameters optimization
Estimate model parameters (epsilon = 0.010)
1. Initial log-likelihood: -5189.220
2. Current log-likelihood: -5189.210
Optimal log-likelihood: -5189.200
Rate parameters:  A-C: 0.892  A-G: 1.091  A-T: 0.862  C-G: 1.059  C-T: 1.085  G-T: 1.000
Base frequencies:   A: 0.230  C: 0.305  G: 0.229  T: 0.236
Gamma shape alpha: 7.927
Parameters optimization took 2 rounds (0.015 sec)
BEST SCORE FOUND : -5189.200

Testing tree branches by SH-like aLRT with 1000 replicates...
CPU Time used:  0.132 sec.
Total tree length: 8.123

Total number of iterations: 101
CPU time used for tree search: 3.472 sec (0h:0m:3s)
Wall-clock time used for tree search: 3.472 sec (0h:0m:3s)
Total CPU time used: 3.740 sec (0h:0m:3s)
Total wall-clock time used: 3.740 sec (0h:0m:3s)

Analysis results written to: 
  IQ-TREE report:                ../simulations/data_D10T0L20I10T10//S/441_pruned.fasta.iqtree
  Maximum-likelihood tree:       ../simulations/data_D10T0L20I10T10//S/441_pruned.fasta.treefile
  Likelihood distances:          ../simulations/data_D10T0L20I10T10//S/441_pruned.fasta.mldist
  Screen log file:               ../simulations/data_D10T0L20I10T10//S/441_pruned.fasta.log

Date and Time: Sun Jun  3 23:10:31 2018
