IQ-TREE version 1.4.2 for Linux 64-bit built Apr 15 2016
Copyright (c) 2011-2015 Nguyen Lam Tung, Olga Chernomor, Arndt von Haeseler and Bui Quang Minh.

Host:    meduse (AVX2, FMA3, 7 GB RAM)
Command: iqtree -s ../simulations/data_D10T0L20I10T10//S/442_pruned.fasta -m GTR+G -alrt 1000 -redo
Seed:    518087 (Using SPRNG - Scalable Parallel Random Number Generator)
Time:    Sun Jun  3 23:30:26 2018
Kernel:  AVX

NOTE: Consider using the multicore version because your CPU has 4 cores!

Reading alignment file ../simulations/data_D10T0L20I10T10//S/442_pruned.fasta ... Fasta format detected
Alignment most likely contains DNA/RNA sequences
Alignment has 26 sequences with 300 columns and 300 patterns (297 informative sites)
          Gap/Ambiguity  Composition  p-value
   1  n277_278    0.00%    passed     65.98%
   2  n286_287    0.00%    passed     53.89%
   3  n296_297    0.00%    passed     72.06%
   4  n285_286    0.00%    passed     16.38%
   5  n289_290    0.00%    passed     71.31%
   6  n274_275    0.00%    passed     89.52%
   7  n255_256    0.00%    passed     35.26%
   8  n275_276    0.00%    passed     78.85%
   9  n278_279    0.00%    passed     59.58%
  10  n299_300    0.00%    passed     99.15%
  11  n236_237    0.00%    passed     94.39%
  12  n293_294    0.00%    passed     49.52%
  13  n290_291    0.00%    passed     47.65%
  14  n297_298    0.00%    passed     96.32%
  15  n200_201    0.00%    failed      4.17%
  16  n292_293    0.00%    passed     95.57%
  17  n280_281    0.00%    passed     89.87%
  18  n295_296    0.00%    passed     45.89%
  19  n287_288    0.00%    passed     62.94%
  20  n244_245    0.00%    passed     21.84%
  21  n265_266    0.00%    passed     78.24%
  22  n266_267    0.00%    passed     45.33%
  23  n294_295    0.00%    passed     59.10%
  24  n251_252    0.00%    passed     47.26%
  25  n298_299    0.00%    passed     73.49%
  26  n300_301    0.00%    passed     99.10%
****  TOTAL       0.00%  1 sequences failed composition chi2 test (p-value<5%; df=3)

Create initial parsimony tree by phylogenetic likelihood library (PLL)... 0.001 seconds

NOTE: 1 MB RAM is required!
Estimate model parameters (epsilon = 0.100)
1. Initial log-likelihood: -5411.531
2. Current log-likelihood: -5303.094
3. Current log-likelihood: -5285.504
4. Current log-likelihood: -5282.461
5. Current log-likelihood: -5281.664
6. Current log-likelihood: -5281.302
Optimal log-likelihood: -5281.193
Rate parameters:  A-C: 1.453  A-G: 1.328  A-T: 0.988  C-G: 0.932  C-T: 1.294  G-T: 1.000
Base frequencies:   A: 0.212  C: 0.268  G: 0.251  T: 0.270
Gamma shape alpha: 4.747
Parameters optimization took 6 rounds (0.084 sec)
--------------------------------------------------------------------
|             INITIALIZING CANDIDATE TREE SET                      |
--------------------------------------------------------------------
Computing ML distances based on estimated model parameters... 0.004 sec
WARNING: Some pairwise ML distances are too long (saturated)
Computing BIONJ tree...
0.000 seconds
Log-likelihood of BIONJ tree: -5290.210
Generating 98 parsimony trees... 0.166 seconds 4 distinct starting trees
Computing log-likelihood of 4 initial trees ... 0.006 seconds
Optimizing top 4 initial trees with NNI...
Iteration 1 / LogL: -5280.178 / Time: 0h:0m:0s
Estimate model parameters (epsilon = 0.100)
BETTER TREE FOUND at iteration 1: -5280.113
Iteration 2 / LogL: -5280.164 / Time: 0h:0m:0s
Iteration 3 / LogL: -5280.164 / Time: 0h:0m:0s
Iteration 4 / LogL: -5277.862 / Time: 0h:0m:0s
Estimate model parameters (epsilon = 0.100)
BETTER TREE FOUND at iteration 4: -5277.716
Average CPU time for 1 NNI search: 0.026
Finish initializing candidate tree set. Number of distinct locally optimal trees: 4
Current best tree score: -5277.716 / CPU time: 0.276
--------------------------------------------------------------------
|               OPTIMIZING CANDIDATE TREE SET                      |
--------------------------------------------------------------------
Iteration 10 / LogL: -5282.484 / Time: 0h:0m:0s
Iteration 20 / LogL: -5283.417 / Time: 0h:0m:1s (0h:0m:4s left)
Iteration 30 / LogL: -5277.797 / Time: 0h:0m:1s (0h:0m:3s left)
Iteration 40 / LogL: -5277.828 / Time: 0h:0m:1s (0h:0m:2s left)
Iteration 50 / LogL: -5277.768 / Time: 0h:0m:2s (0h:0m:2s left)
Iteration 60 / LogL: -5277.868 / Time: 0h:0m:2s (0h:0m:1s left)
Iteration 70 / LogL: -5277.814 / Time: 0h:0m:3s (0h:0m:1s left)
Iteration 80 / LogL: -5277.909 / Time: 0h:0m:3s (0h:0m:0s left)
Iteration 90 / LogL: -5277.979 / Time: 0h:0m:3s (0h:0m:0s left)
Iteration 100 / LogL: -5277.862 / Time: 0h:0m:4s (0h:0m:0s left)
TREE SEARCH COMPLETED AFTER 101 ITERATIONS / Time: 0h:0m:4s

--------------------------------------------------------------------
|                    FINALIZING TREE SEARCH                        |
--------------------------------------------------------------------
Performs final model parameters optimization
Estimate model parameters (epsilon = 0.010)
1. Initial log-likelihood: -5277.716
Optimal log-likelihood: -5277.712
Rate parameters:  A-C: 1.476  A-G: 1.316  A-T: 0.973  C-G: 0.923  C-T: 1.249  G-T: 1.000
Base frequencies:   A: 0.212  C: 0.268  G: 0.251  T: 0.270
Gamma shape alpha: 5.074
Parameters optimization took 1 rounds (0.007 sec)
BEST SCORE FOUND : -5277.712

Testing tree branches by SH-like aLRT with 1000 replicates...
CPU Time used:  0.124 sec.
Total tree length: 9.133

Total number of iterations: 101
CPU time used for tree search: 4.084 sec (0h:0m:4s)
Wall-clock time used for tree search: 4.085 sec (0h:0m:4s)
Total CPU time used: 4.348 sec (0h:0m:4s)
Total wall-clock time used: 4.348 sec (0h:0m:4s)

Analysis results written to: 
  IQ-TREE report:                ../simulations/data_D10T0L20I10T10//S/442_pruned.fasta.iqtree
  Maximum-likelihood tree:       ../simulations/data_D10T0L20I10T10//S/442_pruned.fasta.treefile
  Likelihood distances:          ../simulations/data_D10T0L20I10T10//S/442_pruned.fasta.mldist
  Screen log file:               ../simulations/data_D10T0L20I10T10//S/442_pruned.fasta.log

Date and Time: Sun Jun  3 23:30:30 2018
