IQ-TREE version 1.4.2 for Linux 64-bit built Apr 15 2016
Copyright (c) 2011-2015 Nguyen Lam Tung, Olga Chernomor, Arndt von Haeseler and Bui Quang Minh.

Host:    meduse (AVX2, FMA3, 7 GB RAM)
Command: iqtree -s ../simulations/data_D8T0L15I8T8//S/446_pruned.fasta -m GTR+G -alrt 1000 -redo
Seed:    581316 (Using SPRNG - Scalable Parallel Random Number Generator)
Time:    Fri May 25 22:53:47 2018
Kernel:  AVX

NOTE: Consider using the multicore version because your CPU has 4 cores!

Reading alignment file ../simulations/data_D8T0L15I8T8//S/446_pruned.fasta ... Fasta format detected
Alignment most likely contains DNA/RNA sequences
Alignment has 26 sequences with 300 columns and 176 patterns (155 informative sites)
          Gap/Ambiguity  Composition  p-value
   1  n298_299    0.00%    passed     98.92%
   2  n280_281    0.00%    passed     98.32%
   3  n200_201    0.00%    passed     90.11%
   4  n286_287    0.00%    passed     85.53%
   5  n287_288    0.00%    passed     97.56%
   6  n266_267    0.00%    passed     93.30%
   7  n292_293    0.00%    passed     95.57%
   8  n293_294    0.00%    passed     99.97%
   9  n275_276    0.00%    passed     97.66%
  10  n289_290    0.00%    passed     99.53%
  11  n297_298    0.00%    passed     96.77%
  12  n278_279    0.00%    passed     98.26%
  13  n295_296    0.00%    passed     96.21%
  14  n251_252    0.00%    passed     89.77%
  15  n274_275    0.00%    passed     94.98%
  16  n290_291    0.00%    passed     96.73%
  17  n236_237    0.00%    passed     99.80%
  18  n255_256    0.00%    passed     89.05%
  19  n285_286    0.00%    passed     79.27%
  20  n294_295    0.00%    passed     99.53%
  21  n300_301    0.00%    passed     92.80%
  22  n265_266    0.00%    passed     95.62%
  23  n296_297    0.00%    passed     95.65%
  24  n299_300    0.00%    passed     88.52%
  25  n244_245    0.00%    passed     96.62%
  26  n277_278    0.00%    passed     96.99%
****  TOTAL       0.00%  0 sequences failed composition chi2 test (p-value<5%; df=3)

Create initial parsimony tree by phylogenetic likelihood library (PLL)... 0.001 seconds

NOTE: 0 MB RAM is required!
Estimate model parameters (epsilon = 0.100)
1. Initial log-likelihood: -2028.295
2. Current log-likelihood: -1982.281
3. Current log-likelihood: -1981.527
Optimal log-likelihood: -1981.516
Rate parameters:  A-C: 0.835  A-G: 1.110  A-T: 1.150  C-G: 1.006  C-T: 1.397  G-T: 1.000
Base frequencies:   A: 0.267  C: 0.248  G: 0.247  T: 0.238
Gamma shape alpha: 153.233
Parameters optimization took 3 rounds (0.033 sec)
--------------------------------------------------------------------
|             INITIALIZING CANDIDATE TREE SET                      |
--------------------------------------------------------------------
Computing ML distances based on estimated model parameters... 0.000 sec
Computing BIONJ tree...
0.001 seconds
Log-likelihood of BIONJ tree: -1981.516
Generating 99 parsimony trees... 0.149 seconds 3 distinct starting trees
Computing log-likelihood of 3 initial trees ... 0.006 seconds
Optimizing top 3 initial trees with NNI...
Iteration 1 / LogL: -1981.516 / Time: 0h:0m:0s
Estimate model parameters (epsilon = 0.100)
BETTER SCORE FOUND at iteration 1: -1981.501
Iteration 2 / LogL: -1981.507 / Time: 0h:0m:0s
Iteration 3 / LogL: -1981.507 / Time: 0h:0m:0s
Average CPU time for 1 NNI search: 0.008
Finish initializing candidate tree set. Number of distinct locally optimal trees: 3
Current best tree score: -1981.501 / CPU time: 0.172
--------------------------------------------------------------------
|               OPTIMIZING CANDIDATE TREE SET                      |
--------------------------------------------------------------------
Iteration 10 / LogL: -1981.502 / Time: 0h:0m:0s
Iteration 20 / LogL: -1981.503 / Time: 0h:0m:0s (0h:0m:2s left)
Iteration 30 / LogL: -1981.502 / Time: 0h:0m:0s (0h:0m:1s left)
Iteration 40 / LogL: -1981.504 / Time: 0h:0m:1s (0h:0m:1s left)
Iteration 50 / LogL: -1981.502 / Time: 0h:0m:1s (0h:0m:1s left)
Iteration 60 / LogL: -2272.483 / Time: 0h:0m:1s (0h:0m:1s left)
Iteration 70 / LogL: -1981.501 / Time: 0h:0m:1s (0h:0m:0s left)
Iteration 80 / LogL: -1981.531 / Time: 0h:0m:1s (0h:0m:0s left)
Iteration 90 / LogL: -1986.834 / Time: 0h:0m:2s (0h:0m:0s left)
Iteration 100 / LogL: -1981.502 / Time: 0h:0m:2s (0h:0m:0s left)
TREE SEARCH COMPLETED AFTER 101 ITERATIONS / Time: 0h:0m:2s

--------------------------------------------------------------------
|                    FINALIZING TREE SEARCH                        |
--------------------------------------------------------------------
Performs final model parameters optimization
Estimate model parameters (epsilon = 0.010)
1. Initial log-likelihood: -1981.501
Optimal log-likelihood: -1981.500
Rate parameters:  A-C: 0.843  A-G: 1.101  A-T: 1.165  C-G: 1.000  C-T: 1.418  G-T: 1.000
Base frequencies:   A: 0.267  C: 0.248  G: 0.247  T: 0.238
Gamma shape alpha: 180.518
Parameters optimization took 1 rounds (0.008 sec)
BEST SCORE FOUND : -1981.500

Testing tree branches by SH-like aLRT with 1000 replicates...
CPU Time used:  0.156 sec.
Total tree length: 1.131

Total number of iterations: 101
CPU time used for tree search: 2.316 sec (0h:0m:2s)
Wall-clock time used for tree search: 2.350 sec (0h:0m:2s)
Total CPU time used: 2.536 sec (0h:0m:2s)
Total wall-clock time used: 2.574 sec (0h:0m:2s)

Analysis results written to: 
  IQ-TREE report:                ../simulations/data_D8T0L15I8T8//S/446_pruned.fasta.iqtree
  Maximum-likelihood tree:       ../simulations/data_D8T0L15I8T8//S/446_pruned.fasta.treefile
  Likelihood distances:          ../simulations/data_D8T0L15I8T8//S/446_pruned.fasta.mldist
  Screen log file:               ../simulations/data_D8T0L15I8T8//S/446_pruned.fasta.log

Date and Time: Fri May 25 22:53:50 2018
