IQ-TREE version 1.4.2 for Linux 64-bit built Apr 15 2016
Copyright (c) 2011-2015 Nguyen Lam Tung, Olga Chernomor, Arndt von Haeseler and Bui Quang Minh.

Host:    meduse (AVX2, FMA3, 7 GB RAM)
Command: iqtree -s ../simulations/data_D10T0L20I10T10//S/447_pruned.fasta -m GTR+G -alrt 1000 -redo
Seed:    234546 (Using SPRNG - Scalable Parallel Random Number Generator)
Time:    Sun Jun  3 23:56:16 2018
Kernel:  AVX

NOTE: Consider using the multicore version because your CPU has 4 cores!

Reading alignment file ../simulations/data_D10T0L20I10T10//S/447_pruned.fasta ... Fasta format detected
Alignment most likely contains DNA/RNA sequences
Alignment has 26 sequences with 300 columns and 300 patterns (296 informative sites)
          Gap/Ambiguity  Composition  p-value
   1  n292_291    0.00%    passed     83.20%
   2  n278_277    0.00%    passed     97.85%
   3  n277_276    0.00%    passed     83.92%
   4  n274_273    0.00%    passed     57.11%
   5  n265_264    0.00%    passed      7.54%
   6  n251_250    0.00%    passed     46.98%
   7  n295_294    0.00%    passed     64.85%
   8  n297_296    0.00%    passed     68.71%
   9  n286_285    0.00%    passed     82.47%
  10  n200_199    0.00%    passed     53.06%
  11  n266_265    0.00%    passed     19.73%
  12  n299_298    0.00%    passed     81.66%
  13  n285_284    0.00%    passed     97.84%
  14  n280_279    0.00%    passed     52.86%
  15  n236_235    0.00%    passed     28.77%
  16  n290_289    0.00%    passed     38.53%
  17  n289_288    0.00%    passed     21.01%
  18  n275_274    0.00%    passed     44.28%
  19  n294_293    0.00%    passed     80.21%
  20  n296_295    0.00%    passed     83.72%
  21  n300_299    0.00%    passed     95.51%
  22  n244_243    0.00%    failed      2.48%
  23  n255_254    0.00%    passed     51.63%
  24  n287_286    0.00%    passed     46.76%
  25  n298_297    0.00%    passed     98.79%
  26  n293_292    0.00%    passed     69.80%
****  TOTAL       0.00%  1 sequences failed composition chi2 test (p-value<5%; df=3)

Create initial parsimony tree by phylogenetic likelihood library (PLL)... 0.002 seconds

NOTE: 1 MB RAM is required!
Estimate model parameters (epsilon = 0.100)
1. Initial log-likelihood: -5325.276
2. Current log-likelihood: -5213.977
3. Current log-likelihood: -5191.346
4. Current log-likelihood: -5186.909
5. Current log-likelihood: -5185.976
6. Current log-likelihood: -5185.769
Optimal log-likelihood: -5185.693
Rate parameters:  A-C: 1.714  A-G: 1.854  A-T: 1.479  C-G: 1.550  C-T: 1.938  G-T: 1.000
Base frequencies:   A: 0.230  C: 0.243  G: 0.271  T: 0.256
Gamma shape alpha: 6.581
Parameters optimization took 6 rounds (0.083 sec)
--------------------------------------------------------------------
|             INITIALIZING CANDIDATE TREE SET                      |
--------------------------------------------------------------------
Computing ML distances based on estimated model parameters... 0.004 sec
WARNING: Some pairwise ML distances are too long (saturated)
Computing BIONJ tree...
0.000 seconds
Log-likelihood of BIONJ tree: -5189.614
Generating 98 parsimony trees... 0.168 seconds 4 distinct starting trees
Computing log-likelihood of 4 initial trees ... 0.006 seconds
Optimizing top 4 initial trees with NNI...
Iteration 1 / LogL: -5180.113 / Time: 0h:0m:0s
Estimate model parameters (epsilon = 0.100)
BETTER TREE FOUND at iteration 1: -5179.842
Iteration 2 / LogL: -5180.531 / Time: 0h:0m:0s
Iteration 3 / LogL: -5179.899 / Time: 0h:0m:0s
Iteration 4 / LogL: -5180.528 / Time: 0h:0m:0s
Average CPU time for 1 NNI search: 0.022
Finish initializing candidate tree set. Number of distinct locally optimal trees: 1
Current best tree score: -5179.842 / CPU time: 0.260
--------------------------------------------------------------------
|               OPTIMIZING CANDIDATE TREE SET                      |
--------------------------------------------------------------------
Iteration 10 / LogL: -5180.694 / Time: 0h:0m:0s
Iteration 20 / LogL: -5181.566 / Time: 0h:0m:0s (0h:0m:3s left)
Iteration 30 / LogL: -5181.073 / Time: 0h:0m:1s (0h:0m:3s left)
Iteration 40 / LogL: -5180.567 / Time: 0h:0m:1s (0h:0m:2s left)
Iteration 50 / LogL: -5180.969 / Time: 0h:0m:1s (0h:0m:2s left)
Iteration 60 / LogL: -5216.428 / Time: 0h:0m:2s (0h:0m:1s left)
Iteration 70 / LogL: -5181.682 / Time: 0h:0m:2s (0h:0m:1s left)
Iteration 80 / LogL: -5179.934 / Time: 0h:0m:2s (0h:0m:0s left)
Iteration 90 / LogL: -5180.627 / Time: 0h:0m:3s (0h:0m:0s left)
Iteration 100 / LogL: -5184.638 / Time: 0h:0m:3s (0h:0m:0s left)
TREE SEARCH COMPLETED AFTER 101 ITERATIONS / Time: 0h:0m:3s

--------------------------------------------------------------------
|                    FINALIZING TREE SEARCH                        |
--------------------------------------------------------------------
Performs final model parameters optimization
Estimate model parameters (epsilon = 0.010)
1. Initial log-likelihood: -5179.842
2. Current log-likelihood: -5179.786
3. Current log-likelihood: -5179.743
Optimal log-likelihood: -5179.735
Rate parameters:  A-C: 1.662  A-G: 1.759  A-T: 1.410  C-G: 1.528  C-T: 1.871  G-T: 1.000
Base frequencies:   A: 0.230  C: 0.243  G: 0.271  T: 0.256
Gamma shape alpha: 6.266
Parameters optimization took 3 rounds (0.022 sec)
BEST SCORE FOUND : -5179.735

Testing tree branches by SH-like aLRT with 1000 replicates...
CPU Time used:  0.124 sec.
Total tree length: 9.647

Total number of iterations: 101
CPU time used for tree search: 3.524 sec (0h:0m:3s)
Wall-clock time used for tree search: 3.525 sec (0h:0m:3s)
Total CPU time used: 3.804 sec (0h:0m:3s)
Total wall-clock time used: 3.804 sec (0h:0m:3s)

Analysis results written to: 
  IQ-TREE report:                ../simulations/data_D10T0L20I10T10//S/447_pruned.fasta.iqtree
  Maximum-likelihood tree:       ../simulations/data_D10T0L20I10T10//S/447_pruned.fasta.treefile
  Likelihood distances:          ../simulations/data_D10T0L20I10T10//S/447_pruned.fasta.mldist
  Screen log file:               ../simulations/data_D10T0L20I10T10//S/447_pruned.fasta.log

Date and Time: Sun Jun  3 23:56:20 2018
