IQ-TREE version 1.4.2 for Linux 64-bit built Apr 15 2016
Copyright (c) 2011-2015 Nguyen Lam Tung, Olga Chernomor, Arndt von Haeseler and Bui Quang Minh.

Host:    meduse (AVX2, FMA3, 7 GB RAM)
Command: iqtree -s ../simulations/data_D8T0L15I8T8//S/453_pruned.fasta -m GTR+G -alrt 1000 -redo
Seed:    40591 (Using SPRNG - Scalable Parallel Random Number Generator)
Time:    Fri May 25 22:31:49 2018
Kernel:  AVX

NOTE: Consider using the multicore version because your CPU has 4 cores!

Reading alignment file ../simulations/data_D8T0L15I8T8//S/453_pruned.fasta ... Fasta format detected
Alignment most likely contains DNA/RNA sequences
Alignment has 26 sequences with 300 columns and 173 patterns (145 informative sites)
          Gap/Ambiguity  Composition  p-value
   1  n298_299    0.00%    passed     58.23%
   2  n280_281    0.00%    passed     75.03%
   3  n200_201    0.00%    passed     84.09%
   4  n286_287    0.00%    passed     89.44%
   5  n287_288    0.00%    passed     80.72%
   6  n266_267    0.00%    passed     98.68%
   7  n292_293    0.00%    passed     75.03%
   8  n293_294    0.00%    passed     49.86%
   9  n275_276    0.00%    passed     66.26%
  10  n289_290    0.00%    passed     85.18%
  11  n297_298    0.00%    passed     63.31%
  12  n278_279    0.00%    passed     46.04%
  13  n295_296    0.00%    passed     84.15%
  14  n251_252    0.00%    passed     44.00%
  15  n274_275    0.00%    passed     90.49%
  16  n290_291    0.00%    passed     85.18%
  17  n236_237    0.00%    passed     84.58%
  18  n255_256    0.00%    passed     47.46%
  19  n285_286    0.00%    passed     88.11%
  20  n294_295    0.00%    passed     55.52%
  21  n300_301    0.00%    passed     75.47%
  22  n265_266    0.00%    passed     98.68%
  23  n296_297    0.00%    passed     87.05%
  24  n299_300    0.00%    passed     74.57%
  25  n244_245    0.00%    passed     94.47%
  26  n277_278    0.00%    passed     43.05%
****  TOTAL       0.00%  0 sequences failed composition chi2 test (p-value<5%; df=3)
NOTE: 1 identical sequences (see below) will be ignored for subsequent analysis
NOTE: n290_291 (identical to n289_290) is ignored but added at the end

Create initial parsimony tree by phylogenetic likelihood library (PLL)... 0.001 seconds

NOTE: 0 MB RAM is required!
Estimate model parameters (epsilon = 0.100)
1. Initial log-likelihood: -1950.670
2. Current log-likelihood: -1922.007
3. Current log-likelihood: -1921.731
4. Current log-likelihood: -1921.631
Optimal log-likelihood: -1921.584
Rate parameters:  A-C: 1.058  A-G: 0.954  A-T: 0.798  C-G: 0.779  C-T: 1.011  G-T: 1.000
Base frequencies:   A: 0.236  C: 0.288  G: 0.258  T: 0.218
Gamma shape alpha: 3.304
Parameters optimization took 4 rounds (0.027 sec)
--------------------------------------------------------------------
|             INITIALIZING CANDIDATE TREE SET                      |
--------------------------------------------------------------------
Computing ML distances based on estimated model parameters... 0.000 sec
Computing BIONJ tree...
0.000 seconds
Log-likelihood of BIONJ tree: -1921.584
Generating 98 parsimony trees... 0.089 seconds 27 distinct starting trees
Computing log-likelihood of 27 initial trees ... 0.056 seconds
Optimizing top 20 initial trees with NNI...
Iteration 1 / LogL: -1921.585 / Time: 0h:0m:0s
Estimate model parameters (epsilon = 0.100)
BETTER SCORE FOUND at iteration 1: -1921.559
Iteration 2 / LogL: -1921.561 / Time: 0h:0m:0s
Iteration 3 / LogL: -1921.562 / Time: 0h:0m:0s
Iteration 4 / LogL: -1921.562 / Time: 0h:0m:0s
Iteration 5 / LogL: -1921.562 / Time: 0h:0m:0s
Iteration 6 / LogL: -1921.562 / Time: 0h:0m:0s
Iteration 7 / LogL: -1921.562 / Time: 0h:0m:0s
Iteration 8 / LogL: -1921.562 / Time: 0h:0m:0s
Iteration 9 / LogL: -1921.562 / Time: 0h:0m:0s
Iteration 10 / LogL: -1921.562 / Time: 0h:0m:0s
Iteration 11 / LogL: -1921.562 / Time: 0h:0m:0s
Iteration 12 / LogL: -1921.562 / Time: 0h:0m:0s
Iteration 13 / LogL: -1921.562 / Time: 0h:0m:0s
Iteration 14 / LogL: -1921.562 / Time: 0h:0m:0s
Iteration 15 / LogL: -1921.562 / Time: 0h:0m:0s
Iteration 16 / LogL: -1921.562 / Time: 0h:0m:0s
Iteration 17 / LogL: -1921.562 / Time: 0h:0m:0s
Iteration 18 / LogL: -1921.562 / Time: 0h:0m:0s
Iteration 19 / LogL: -1921.562 / Time: 0h:0m:0s
Iteration 20 / LogL: -1921.562 / Time: 0h:0m:0s
Average CPU time for 1 NNI search: 0.005
Finish initializing candidate tree set. Number of distinct locally optimal trees: 20
Current best tree score: -1921.559 / CPU time: 0.252
--------------------------------------------------------------------
|               OPTIMIZING CANDIDATE TREE SET                      |
--------------------------------------------------------------------
Iteration 30 / LogL: -1921.559 / Time: 0h:0m:0s (0h:0m:1s left)
Iteration 40 / LogL: -1921.662 / Time: 0h:0m:0s (0h:0m:0s left)
Iteration 50 / LogL: -1928.636 / Time: 0h:0m:0s (0h:0m:0s left)
Iteration 60 / LogL: -1952.748 / Time: 0h:0m:0s (0h:0m:0s left)
Iteration 70 / LogL: -1921.598 / Time: 0h:0m:1s (0h:0m:0s left)
Iteration 80 / LogL: -1926.128 / Time: 0h:0m:1s (0h:0m:0s left)
Iteration 90 / LogL: -1924.221 / Time: 0h:0m:1s (0h:0m:0s left)
Iteration 100 / LogL: -1952.739 / Time: 0h:0m:1s (0h:0m:0s left)
TREE SEARCH COMPLETED AFTER 101 ITERATIONS / Time: 0h:0m:1s

--------------------------------------------------------------------
|                    FINALIZING TREE SEARCH                        |
--------------------------------------------------------------------
Performs final model parameters optimization
Estimate model parameters (epsilon = 0.010)
1. Initial log-likelihood: -1921.559
2. Current log-likelihood: -1921.549
Optimal log-likelihood: -1921.542
Rate parameters:  A-C: 1.038  A-G: 0.922  A-T: 0.761  C-G: 0.773  C-T: 0.987  G-T: 1.000
Base frequencies:   A: 0.236  C: 0.288  G: 0.258  T: 0.218
Gamma shape alpha: 3.302
Parameters optimization took 2 rounds (0.011 sec)
BEST SCORE FOUND : -1921.542

Testing tree branches by SH-like aLRT with 1000 replicates...
CPU Time used:  0.112 sec.
Total tree length: 1.105

Total number of iterations: 101
CPU time used for tree search: 1.552 sec (0h:0m:1s)
Wall-clock time used for tree search: 1.555 sec (0h:0m:1s)
Total CPU time used: 1.720 sec (0h:0m:1s)
Total wall-clock time used: 1.724 sec (0h:0m:1s)

Analysis results written to: 
  IQ-TREE report:                ../simulations/data_D8T0L15I8T8//S/453_pruned.fasta.iqtree
  Maximum-likelihood tree:       ../simulations/data_D8T0L15I8T8//S/453_pruned.fasta.treefile
  Likelihood distances:          ../simulations/data_D8T0L15I8T8//S/453_pruned.fasta.mldist
  Screen log file:               ../simulations/data_D8T0L15I8T8//S/453_pruned.fasta.log

Date and Time: Fri May 25 22:31:50 2018
