IQ-TREE version 1.4.2 for Linux 64-bit built Apr 15 2016
Copyright (c) 2011-2015 Nguyen Lam Tung, Olga Chernomor, Arndt von Haeseler and Bui Quang Minh.

Host:    meduse (AVX2, FMA3, 7 GB RAM)
Command: iqtree -s ../simulations/data_D10T0L20I10T10//S/458_pruned.fasta -m GTR+G -alrt 1000 -redo
Seed:    358966 (Using SPRNG - Scalable Parallel Random Number Generator)
Time:    Mon Jun  4 00:03:33 2018
Kernel:  AVX

NOTE: Consider using the multicore version because your CPU has 4 cores!

Reading alignment file ../simulations/data_D10T0L20I10T10//S/458_pruned.fasta ... Fasta format detected
Alignment most likely contains DNA/RNA sequences
Alignment has 26 sequences with 300 columns and 300 patterns (291 informative sites)
          Gap/Ambiguity  Composition  p-value
   1  n300_299    0.00%    passed     52.02%
   2  n287_286    0.00%    passed     80.14%
   3  n278_277    0.00%    passed     78.03%
   4  n277_276    0.00%    passed     89.08%
   5  n274_273    0.00%    passed     90.30%
   6  n265_264    0.00%    passed     22.67%
   7  n295_294    0.00%    passed     87.90%
   8  n255_254    0.00%    passed     68.35%
   9  n285_284    0.00%    passed     99.93%
  10  n286_285    0.00%    passed     97.51%
  11  n297_296    0.00%    passed     98.19%
  12  n266_265    0.00%    failed      4.34%
  13  n299_298    0.00%    passed     52.02%
  14  n280_279    0.00%    passed     77.67%
  15  n236_235    0.00%    passed     86.58%
  16  n290_289    0.00%    passed     72.20%
  17  n289_288    0.00%    passed     94.56%
  18  n275_274    0.00%    passed     80.31%
  19  n294_293    0.00%    passed     71.66%
  20  n296_295    0.00%    passed     94.78%
  21  n292_291    0.00%    passed     70.21%
  22  n200_201    0.00%    passed     77.56%
  23  n244_243    0.00%    failed      1.17%
  24  n251_250    0.00%    passed     82.89%
  25  n298_297    0.00%    passed     89.68%
  26  n293_292    0.00%    passed     80.50%
****  TOTAL       0.00%  2 sequences failed composition chi2 test (p-value<5%; df=3)

Create initial parsimony tree by phylogenetic likelihood library (PLL)... 0.001 seconds

NOTE: 1 MB RAM is required!
Estimate model parameters (epsilon = 0.100)
1. Initial log-likelihood: -5207.763
2. Current log-likelihood: -5115.389
3. Current log-likelihood: -5102.470
4. Current log-likelihood: -5099.691
5. Current log-likelihood: -5099.098
6. Current log-likelihood: -5098.990
Optimal log-likelihood: -5098.924
Rate parameters:  A-C: 0.730  A-G: 0.953  A-T: 0.560  C-G: 0.760  C-T: 1.047  G-T: 1.000
Base frequencies:   A: 0.237  C: 0.294  G: 0.222  T: 0.247
Gamma shape alpha: 3.391
Parameters optimization took 6 rounds (0.078 sec)
--------------------------------------------------------------------
|             INITIALIZING CANDIDATE TREE SET                      |
--------------------------------------------------------------------
Computing ML distances based on estimated model parameters... 0.004 sec
WARNING: Some pairwise ML distances are too long (saturated)
Computing BIONJ tree...
0.000 seconds
Log-likelihood of BIONJ tree: -5127.948
Generating 98 parsimony trees... 0.179 seconds 2 distinct starting trees
Computing log-likelihood of 2 initial trees ... 0.000 seconds
Optimizing top 2 initial trees with NNI...
Iteration 1 / LogL: -5097.834 / Time: 0h:0m:0s
Estimate model parameters (epsilon = 0.100)
BETTER TREE FOUND at iteration 1: -5097.538
Iteration 2 / LogL: -5097.650 / Time: 0h:0m:0s
Average CPU time for 1 NNI search: 0.022
Finish initializing candidate tree set. Number of distinct locally optimal trees: 1
Current best tree score: -5097.538 / CPU time: 0.224
--------------------------------------------------------------------
|               OPTIMIZING CANDIDATE TREE SET                      |
--------------------------------------------------------------------
Iteration 10 / LogL: -5097.798 / Time: 0h:0m:0s
Estimate model parameters (epsilon = 0.010)
UPDATE BEST LOG-LIKELIHOOD: -5097.371
Iteration 20 / LogL: -5097.386 / Time: 0h:0m:0s (0h:0m:4s left)
Iteration 30 / LogL: -5100.901 / Time: 0h:0m:1s (0h:0m:3s left)
Iteration 40 / LogL: -5097.831 / Time: 0h:0m:1s (0h:0m:2s left)
Iteration 50 / LogL: -5097.955 / Time: 0h:0m:2s (0h:0m:2s left)
Iteration 60 / LogL: -5097.418 / Time: 0h:0m:2s (0h:0m:1s left)
Iteration 70 / LogL: -5097.710 / Time: 0h:0m:2s (0h:0m:1s left)
Iteration 80 / LogL: -5098.482 / Time: 0h:0m:3s (0h:0m:0s left)
Iteration 90 / LogL: -5097.375 / Time: 0h:0m:3s (0h:0m:0s left)
Iteration 100 / LogL: -5097.400 / Time: 0h:0m:3s (0h:0m:0s left)
TREE SEARCH COMPLETED AFTER 101 ITERATIONS / Time: 0h:0m:3s

--------------------------------------------------------------------
|                    FINALIZING TREE SEARCH                        |
--------------------------------------------------------------------
Performs final model parameters optimization
Estimate model parameters (epsilon = 0.010)
1. Initial log-likelihood: -5097.371
Optimal log-likelihood: -5097.370
Rate parameters:  A-C: 0.723  A-G: 0.949  A-T: 0.556  C-G: 0.748  C-T: 1.035  G-T: 1.000
Base frequencies:   A: 0.237  C: 0.294  G: 0.222  T: 0.247
Gamma shape alpha: 3.472
Parameters optimization took 1 rounds (0.007 sec)
BEST SCORE FOUND : -5097.370

Testing tree branches by SH-like aLRT with 1000 replicates...
CPU Time used:  0.120 sec.
Total tree length: 10.120

Total number of iterations: 101
CPU time used for tree search: 3.764 sec (0h:0m:3s)
Wall-clock time used for tree search: 3.764 sec (0h:0m:3s)
Total CPU time used: 4.012 sec (0h:0m:4s)
Total wall-clock time used: 4.013 sec (0h:0m:4s)

Analysis results written to: 
  IQ-TREE report:                ../simulations/data_D10T0L20I10T10//S/458_pruned.fasta.iqtree
  Maximum-likelihood tree:       ../simulations/data_D10T0L20I10T10//S/458_pruned.fasta.treefile
  Likelihood distances:          ../simulations/data_D10T0L20I10T10//S/458_pruned.fasta.mldist
  Screen log file:               ../simulations/data_D10T0L20I10T10//S/458_pruned.fasta.log

Date and Time: Mon Jun  4 00:03:37 2018
