IQ-TREE version 1.4.2 for Linux 64-bit built Apr 15 2016
Copyright (c) 2011-2015 Nguyen Lam Tung, Olga Chernomor, Arndt von Haeseler and Bui Quang Minh.

Host:    meduse (AVX2, FMA3, 7 GB RAM)
Command: iqtree -s ../simulations/data_D10T0L20I10T10//S/459_pruned.fasta -m GTR+G -alrt 1000 -redo
Seed:    476563 (Using SPRNG - Scalable Parallel Random Number Generator)
Time:    Sun Jun  3 23:38:29 2018
Kernel:  AVX

NOTE: Consider using the multicore version because your CPU has 4 cores!

Reading alignment file ../simulations/data_D10T0L20I10T10//S/459_pruned.fasta ... Fasta format detected
Alignment most likely contains DNA/RNA sequences
Alignment has 26 sequences with 300 columns and 300 patterns (295 informative sites)
          Gap/Ambiguity  Composition  p-value
   1  n277_278    0.00%    passed     94.83%
   2  n286_287    0.00%    passed     85.90%
   3  n296_297    0.00%    passed     56.84%
   4  n285_286    0.00%    passed     76.31%
   5  n289_290    0.00%    passed     79.83%
   6  n274_275    0.00%    passed     26.72%
   7  n255_256    0.00%    passed      7.30%
   8  n275_276    0.00%    passed     94.28%
   9  n278_279    0.00%    passed     86.22%
  10  n299_300    0.00%    passed     31.45%
  11  n236_237    0.00%    passed     70.38%
  12  n293_294    0.00%    passed     75.50%
  13  n290_291    0.00%    passed     65.19%
  14  n297_298    0.00%    passed     80.36%
  15  n200_201    0.00%    passed     55.33%
  16  n292_293    0.00%    passed     33.79%
  17  n280_281    0.00%    passed     81.07%
  18  n295_296    0.00%    passed     66.39%
  19  n287_288    0.00%    passed     74.56%
  20  n244_245    0.00%    passed     16.30%
  21  n265_266    0.00%    passed     48.39%
  22  n266_267    0.00%    passed     58.40%
  23  n294_295    0.00%    passed     74.83%
  24  n251_252    0.00%    passed      7.66%
  25  n298_299    0.00%    passed     73.24%
  26  n300_301    0.00%    passed     30.16%
****  TOTAL       0.00%  0 sequences failed composition chi2 test (p-value<5%; df=3)

Create initial parsimony tree by phylogenetic likelihood library (PLL)... 0.002 seconds

NOTE: 1 MB RAM is required!
Estimate model parameters (epsilon = 0.100)
1. Initial log-likelihood: -5364.560
2. Current log-likelihood: -5254.221
3. Current log-likelihood: -5233.498
4. Current log-likelihood: -5229.548
5. Current log-likelihood: -5228.468
6. Current log-likelihood: -5228.304
Optimal log-likelihood: -5228.191
Rate parameters:  A-C: 1.096  A-G: 1.429  A-T: 1.039  C-G: 1.097  C-T: 1.451  G-T: 1.000
Base frequencies:   A: 0.234  C: 0.286  G: 0.247  T: 0.233
Gamma shape alpha: 12.210
Parameters optimization took 6 rounds (0.082 sec)
--------------------------------------------------------------------
|             INITIALIZING CANDIDATE TREE SET                      |
--------------------------------------------------------------------
Computing ML distances based on estimated model parameters... 0.004 sec
WARNING: Some pairwise ML distances are too long (saturated)
Computing BIONJ tree...
0.000 seconds
Log-likelihood of BIONJ tree: -5264.974
Generating 98 parsimony trees... 0.162 seconds 4 distinct starting trees
Computing log-likelihood of 4 initial trees ... 0.006 seconds
Optimizing top 4 initial trees with NNI...
Iteration 1 / LogL: -5226.382 / Time: 0h:0m:0s
Estimate model parameters (epsilon = 0.100)
BETTER TREE FOUND at iteration 1: -5225.943
Iteration 2 / LogL: -5227.023 / Time: 0h:0m:0s
Iteration 3 / LogL: -5227.023 / Time: 0h:0m:0s
Iteration 4 / LogL: -5225.918 / Time: 0h:0m:0s
Estimate model parameters (epsilon = 0.100)
BETTER SCORE FOUND at iteration 4: -5225.887
Average CPU time for 1 NNI search: 0.021
Finish initializing candidate tree set. Number of distinct locally optimal trees: 3
Current best tree score: -5225.887 / CPU time: 0.252
--------------------------------------------------------------------
|               OPTIMIZING CANDIDATE TREE SET                      |
--------------------------------------------------------------------
Iteration 10 / LogL: -5226.957 / Time: 0h:0m:0s
Iteration 20 / LogL: -5227.274 / Time: 0h:0m:0s (0h:0m:3s left)
Iteration 30 / LogL: -5227.777 / Time: 0h:0m:1s (0h:0m:3s left)
Iteration 40 / LogL: -5233.623 / Time: 0h:0m:1s (0h:0m:2s left)
Iteration 50 / LogL: -5227.128 / Time: 0h:0m:1s (0h:0m:1s left)
Iteration 60 / LogL: -5276.103 / Time: 0h:0m:2s (0h:0m:1s left)
Iteration 70 / LogL: -5227.355 / Time: 0h:0m:2s (0h:0m:1s left)
Iteration 80 / LogL: -5271.890 / Time: 0h:0m:2s (0h:0m:0s left)
Iteration 90 / LogL: -5230.659 / Time: 0h:0m:3s (0h:0m:0s left)
Iteration 100 / LogL: -5299.886 / Time: 0h:0m:3s (0h:0m:0s left)
TREE SEARCH COMPLETED AFTER 101 ITERATIONS / Time: 0h:0m:3s

--------------------------------------------------------------------
|                    FINALIZING TREE SEARCH                        |
--------------------------------------------------------------------
Performs final model parameters optimization
Estimate model parameters (epsilon = 0.010)
1. Initial log-likelihood: -5225.887
Optimal log-likelihood: -5225.886
Rate parameters:  A-C: 1.083  A-G: 1.392  A-T: 1.007  C-G: 1.077  C-T: 1.435  G-T: 1.000
Base frequencies:   A: 0.234  C: 0.286  G: 0.247  T: 0.233
Gamma shape alpha: 11.671
Parameters optimization took 1 rounds (0.009 sec)
BEST SCORE FOUND : -5225.886

Testing tree branches by SH-like aLRT with 1000 replicates...
CPU Time used:  0.132 sec.
Total tree length: 8.620

Total number of iterations: 101
CPU time used for tree search: 3.464 sec (0h:0m:3s)
Wall-clock time used for tree search: 3.468 sec (0h:0m:3s)
Total CPU time used: 3.720 sec (0h:0m:3s)
Total wall-clock time used: 3.723 sec (0h:0m:3s)

Analysis results written to: 
  IQ-TREE report:                ../simulations/data_D10T0L20I10T10//S/459_pruned.fasta.iqtree
  Maximum-likelihood tree:       ../simulations/data_D10T0L20I10T10//S/459_pruned.fasta.treefile
  Likelihood distances:          ../simulations/data_D10T0L20I10T10//S/459_pruned.fasta.mldist
  Screen log file:               ../simulations/data_D10T0L20I10T10//S/459_pruned.fasta.log

Date and Time: Sun Jun  3 23:38:33 2018
