IQ-TREE version 1.4.2 for Linux 64-bit built Apr 15 2016
Copyright (c) 2011-2015 Nguyen Lam Tung, Olga Chernomor, Arndt von Haeseler and Bui Quang Minh.

Host:    meduse (AVX2, FMA3, 7 GB RAM)
Command: iqtree -s ../simulations/data_D8T0L15I8T8//S/462_pruned.fasta -m GTR+G -alrt 1000 -redo
Seed:    642646 (Using SPRNG - Scalable Parallel Random Number Generator)
Time:    Fri May 25 22:30:18 2018
Kernel:  AVX

NOTE: Consider using the multicore version because your CPU has 4 cores!

Reading alignment file ../simulations/data_D8T0L15I8T8//S/462_pruned.fasta ... Fasta format detected
Alignment most likely contains DNA/RNA sequences
Alignment has 26 sequences with 300 columns and 181 patterns (164 informative sites)
          Gap/Ambiguity  Composition  p-value
   1  n298_299    0.00%    passed     93.95%
   2  n280_281    0.00%    passed     99.78%
   3  n200_201    0.00%    passed     99.91%
   4  n286_287    0.00%    passed     75.48%
   5  n287_288    0.00%    passed     90.19%
   6  n266_267    0.00%    passed     27.70%
   7  n292_293    0.00%    passed     99.01%
   8  n293_294    0.00%    passed     87.72%
   9  n275_276    0.00%    passed     90.95%
  10  n289_290    0.00%    passed     90.19%
  11  n297_298    0.00%    passed     93.00%
  12  n278_279    0.00%    passed     93.17%
  13  n295_296    0.00%    passed     95.22%
  14  n251_252    0.00%    passed     98.52%
  15  n274_275    0.00%    passed     92.77%
  16  n290_291    0.00%    passed     90.19%
  17  n236_237    0.00%    passed     81.51%
  18  n255_256    0.00%    passed     74.37%
  19  n285_286    0.00%    passed     78.45%
  20  n294_295    0.00%    passed     91.89%
  21  n300_301    0.00%    passed     98.77%
  22  n265_266    0.00%    passed     38.19%
  23  n296_297    0.00%    passed     96.63%
  24  n299_300    0.00%    passed     99.13%
  25  n244_245    0.00%    passed     97.02%
  26  n277_278    0.00%    passed     88.83%
****  TOTAL       0.00%  0 sequences failed composition chi2 test (p-value<5%; df=3)
NOTE: 2 identical sequences (see below) will be ignored for subsequent analysis
NOTE: n289_290 (identical to n287_288) is ignored but added at the end
NOTE: n290_291 (identical to n287_288) is ignored but added at the end

Create initial parsimony tree by phylogenetic likelihood library (PLL)... 0.001 seconds

NOTE: 0 MB RAM is required!
Estimate model parameters (epsilon = 0.100)
1. Initial log-likelihood: -2110.086
2. Current log-likelihood: -2080.883
3. Current log-likelihood: -2080.593
Optimal log-likelihood: -2080.588
Rate parameters:  A-C: 1.161  A-G: 1.261  A-T: 1.376  C-G: 0.771  C-T: 1.307  G-T: 1.000
Base frequencies:   A: 0.224  C: 0.281  G: 0.275  T: 0.220
Gamma shape alpha: 3.718
Parameters optimization took 3 rounds (0.031 sec)
--------------------------------------------------------------------
|             INITIALIZING CANDIDATE TREE SET                      |
--------------------------------------------------------------------
Computing ML distances based on estimated model parameters... 0.004 sec
Computing BIONJ tree...
0.000 seconds
Log-likelihood of BIONJ tree: -2086.338
Generating 98 parsimony trees... 0.078 seconds 28 distinct starting trees
Computing log-likelihood of 28 initial trees ... 0.056 seconds
Optimizing top 20 initial trees with NNI...
Iteration 1 / LogL: -2080.589 / Time: 0h:0m:0s
Estimate model parameters (epsilon = 0.100)
BETTER SCORE FOUND at iteration 1: -2080.587
Iteration 2 / LogL: -2080.588 / Time: 0h:0m:0s
Iteration 3 / LogL: -2080.588 / Time: 0h:0m:0s
Iteration 4 / LogL: -2080.588 / Time: 0h:0m:0s
Iteration 5 / LogL: -2080.588 / Time: 0h:0m:0s
Iteration 6 / LogL: -2080.588 / Time: 0h:0m:0s
Iteration 7 / LogL: -2080.588 / Time: 0h:0m:0s
Iteration 8 / LogL: -2080.588 / Time: 0h:0m:0s
Iteration 9 / LogL: -2080.588 / Time: 0h:0m:0s
Iteration 10 / LogL: -2080.588 / Time: 0h:0m:0s
Iteration 11 / LogL: -2080.588 / Time: 0h:0m:0s
Iteration 12 / LogL: -2080.588 / Time: 0h:0m:0s
Iteration 13 / LogL: -2080.588 / Time: 0h:0m:0s
Iteration 14 / LogL: -2080.588 / Time: 0h:0m:0s
Iteration 15 / LogL: -2080.588 / Time: 0h:0m:0s
Iteration 16 / LogL: -2080.588 / Time: 0h:0m:0s
Iteration 17 / LogL: -2080.589 / Time: 0h:0m:0s
Iteration 18 / LogL: -2080.589 / Time: 0h:0m:0s
Iteration 19 / LogL: -2080.589 / Time: 0h:0m:0s
Iteration 20 / LogL: -2080.589 / Time: 0h:0m:0s
Average CPU time for 1 NNI search: 0.005
Finish initializing candidate tree set. Number of distinct locally optimal trees: 20
Current best tree score: -2080.587 / CPU time: 0.244
--------------------------------------------------------------------
|               OPTIMIZING CANDIDATE TREE SET                      |
--------------------------------------------------------------------
Iteration 30 / LogL: -2080.591 / Time: 0h:0m:0s (0h:0m:1s left)
Iteration 40 / LogL: -2080.588 / Time: 0h:0m:0s (0h:0m:0s left)
Iteration 50 / LogL: -2080.632 / Time: 0h:0m:0s (0h:0m:0s left)
Iteration 60 / LogL: -2080.586 / Time: 0h:0m:0s (0h:0m:0s left)
Iteration 70 / LogL: -2088.799 / Time: 0h:0m:1s (0h:0m:0s left)
Iteration 80 / LogL: -2080.587 / Time: 0h:0m:1s (0h:0m:0s left)
Iteration 90 / LogL: -2080.586 / Time: 0h:0m:1s (0h:0m:0s left)
Iteration 100 / LogL: -2080.603 / Time: 0h:0m:1s (0h:0m:0s left)
TREE SEARCH COMPLETED AFTER 101 ITERATIONS / Time: 0h:0m:1s

--------------------------------------------------------------------
|                    FINALIZING TREE SEARCH                        |
--------------------------------------------------------------------
Performs final model parameters optimization
Estimate model parameters (epsilon = 0.010)
1. Initial log-likelihood: -2080.586
Optimal log-likelihood: -2080.586
Rate parameters:  A-C: 1.162  A-G: 1.262  A-T: 1.384  C-G: 0.773  C-T: 1.310  G-T: 1.000
Base frequencies:   A: 0.224  C: 0.281  G: 0.275  T: 0.220
Gamma shape alpha: 3.718
Parameters optimization took 1 rounds (0.005 sec)
BEST SCORE FOUND : -2080.586

Testing tree branches by SH-like aLRT with 1000 replicates...
CPU Time used:  0.104 sec.
Total tree length: 1.267

Total number of iterations: 101
CPU time used for tree search: 1.516 sec (0h:0m:1s)
Wall-clock time used for tree search: 1.518 sec (0h:0m:1s)
Total CPU time used: 1.668 sec (0h:0m:1s)
Total wall-clock time used: 1.673 sec (0h:0m:1s)

Analysis results written to: 
  IQ-TREE report:                ../simulations/data_D8T0L15I8T8//S/462_pruned.fasta.iqtree
  Maximum-likelihood tree:       ../simulations/data_D8T0L15I8T8//S/462_pruned.fasta.treefile
  Likelihood distances:          ../simulations/data_D8T0L15I8T8//S/462_pruned.fasta.mldist
  Screen log file:               ../simulations/data_D8T0L15I8T8//S/462_pruned.fasta.log

Date and Time: Fri May 25 22:30:20 2018
