IQ-TREE version 1.4.2 for Linux 64-bit built Apr 15 2016
Copyright (c) 2011-2015 Nguyen Lam Tung, Olga Chernomor, Arndt von Haeseler and Bui Quang Minh.

Host:    meduse (AVX2, FMA3, 7 GB RAM)
Command: iqtree -s ../simulations/data_D10T0L20I10T10//S/465_pruned.fasta -m GTR+G -alrt 1000 -redo
Seed:    708104 (Using SPRNG - Scalable Parallel Random Number Generator)
Time:    Sun Jun  3 23:14:54 2018
Kernel:  AVX

NOTE: Consider using the multicore version because your CPU has 4 cores!

Reading alignment file ../simulations/data_D10T0L20I10T10//S/465_pruned.fasta ... Fasta format detected
Alignment most likely contains DNA/RNA sequences
Alignment has 26 sequences with 300 columns and 298 patterns (293 informative sites)
          Gap/Ambiguity  Composition  p-value
   1  n278_277    0.00%    passed     91.33%
   2  n277_276    0.00%    passed     98.53%
   3  n251_250    0.00%    passed     58.14%
   4  n295_294    0.00%    passed     98.50%
   5  n286_285    0.00%    passed      5.63%
   6  n297_296    0.00%    passed     79.23%
   7  n265_264    0.00%    passed     53.87%
   8  n200_199    0.00%    passed     56.22%
   9  n266_265    0.00%    passed     54.07%
  10  n299_298    0.00%    passed     36.56%
  11  n285_284    0.00%    passed      7.53%
  12  n280_279    0.00%    passed     50.06%
  13  n236_235    0.00%    passed     43.27%
  14  n290_289    0.00%    passed     93.96%
  15  n289_288    0.00%    passed     90.15%
  16  n275_274    0.00%    passed     42.51%
  17  n294_293    0.00%    passed     61.17%
  18  n296_295    0.00%    passed     88.22%
  19  n300_299    0.00%    passed     42.47%
  20  n274_273    0.00%    passed     49.77%
  21  n292_291    0.00%    passed     51.77%
  22  n244_243    0.00%    passed     93.33%
  23  n287_286    0.00%    passed     92.61%
  24  n298_297    0.00%    passed     82.46%
  25  n255_254    0.00%    passed     68.66%
  26  n293_292    0.00%    passed     59.33%
****  TOTAL       0.00%  0 sequences failed composition chi2 test (p-value<5%; df=3)

Create initial parsimony tree by phylogenetic likelihood library (PLL)... 0.002 seconds

NOTE: 1 MB RAM is required!
Estimate model parameters (epsilon = 0.100)
1. Initial log-likelihood: -5275.119
2. Current log-likelihood: -5176.023
3. Current log-likelihood: -5165.788
4. Current log-likelihood: -5163.600
5. Current log-likelihood: -5162.798
6. Current log-likelihood: -5162.674
Optimal log-likelihood: -5162.602
Rate parameters:  A-C: 1.497  A-G: 1.531  A-T: 1.256  C-G: 1.038  C-T: 1.173  G-T: 1.000
Base frequencies:   A: 0.211  C: 0.275  G: 0.258  T: 0.256
Gamma shape alpha: 3.043
Parameters optimization took 6 rounds (0.080 sec)
--------------------------------------------------------------------
|             INITIALIZING CANDIDATE TREE SET                      |
--------------------------------------------------------------------
Computing ML distances based on estimated model parameters... 0.004 sec
WARNING: Some pairwise ML distances are too long (saturated)
Computing BIONJ tree...
0.000 seconds
Log-likelihood of BIONJ tree: -5163.241
Generating 98 parsimony trees... 0.162 seconds 2 distinct starting trees
Computing log-likelihood of 2 initial trees ... 0.000 seconds
Optimizing top 2 initial trees with NNI...
Iteration 1 / LogL: -5162.393 / Time: 0h:0m:0s
Estimate model parameters (epsilon = 0.100)
BETTER TREE FOUND at iteration 1: -5161.644
Iteration 2 / LogL: -5161.470 / Time: 0h:0m:0s
Estimate model parameters (epsilon = 0.100)
BETTER SCORE FOUND at iteration 2: -5161.365
Average CPU time for 1 NNI search: 0.026
Finish initializing candidate tree set. Number of distinct locally optimal trees: 1
Current best tree score: -5161.365 / CPU time: 0.216
--------------------------------------------------------------------
|               OPTIMIZING CANDIDATE TREE SET                      |
--------------------------------------------------------------------
Iteration 10 / LogL: -5165.586 / Time: 0h:0m:0s
Iteration 20 / LogL: -5169.741 / Time: 0h:0m:0s (0h:0m:3s left)
Iteration 30 / LogL: -5161.904 / Time: 0h:0m:1s (0h:0m:2s left)
Iteration 40 / LogL: -5164.914 / Time: 0h:0m:1s (0h:0m:2s left)
Iteration 50 / LogL: -5163.149 / Time: 0h:0m:1s (0h:0m:1s left)
Iteration 60 / LogL: -5162.865 / Time: 0h:0m:2s (0h:0m:1s left)
Iteration 70 / LogL: -5163.881 / Time: 0h:0m:2s (0h:0m:1s left)
Iteration 80 / LogL: -5162.778 / Time: 0h:0m:2s (0h:0m:0s left)
Iteration 90 / LogL: -5162.206 / Time: 0h:0m:2s (0h:0m:0s left)
Iteration 100 / LogL: -5162.865 / Time: 0h:0m:3s (0h:0m:0s left)
TREE SEARCH COMPLETED AFTER 101 ITERATIONS / Time: 0h:0m:3s

--------------------------------------------------------------------
|                    FINALIZING TREE SEARCH                        |
--------------------------------------------------------------------
Performs final model parameters optimization
Estimate model parameters (epsilon = 0.010)
1. Initial log-likelihood: -5161.365
2. Current log-likelihood: -5161.349
Optimal log-likelihood: -5161.346
Rate parameters:  A-C: 1.497  A-G: 1.542  A-T: 1.258  C-G: 1.040  C-T: 1.171  G-T: 1.000
Base frequencies:   A: 0.211  C: 0.275  G: 0.258  T: 0.256
Gamma shape alpha: 3.117
Parameters optimization took 2 rounds (0.013 sec)
BEST SCORE FOUND : -5161.346

Testing tree branches by SH-like aLRT with 1000 replicates...
CPU Time used:  0.120 sec.
Total tree length: 10.099

Total number of iterations: 101
CPU time used for tree search: 3.240 sec (0h:0m:3s)
Wall-clock time used for tree search: 3.245 sec (0h:0m:3s)
Total CPU time used: 3.500 sec (0h:0m:3s)
Total wall-clock time used: 3.513 sec (0h:0m:3s)

Analysis results written to: 
  IQ-TREE report:                ../simulations/data_D10T0L20I10T10//S/465_pruned.fasta.iqtree
  Maximum-likelihood tree:       ../simulations/data_D10T0L20I10T10//S/465_pruned.fasta.treefile
  Likelihood distances:          ../simulations/data_D10T0L20I10T10//S/465_pruned.fasta.mldist
  Screen log file:               ../simulations/data_D10T0L20I10T10//S/465_pruned.fasta.log

Date and Time: Sun Jun  3 23:14:58 2018
