IQ-TREE version 1.4.2 for Linux 64-bit built Apr 15 2016
Copyright (c) 2011-2015 Nguyen Lam Tung, Olga Chernomor, Arndt von Haeseler and Bui Quang Minh.

Host:    meduse (AVX2, FMA3, 7 GB RAM)
Command: iqtree -s ../simulations/data_D10T0L20I10T10//S/475_pruned.fasta -m GTR+G -alrt 1000 -redo
Seed:    538079 (Using SPRNG - Scalable Parallel Random Number Generator)
Time:    Fri Jun  1 11:00:49 2018
Kernel:  AVX

NOTE: Consider using the multicore version because your CPU has 4 cores!

Reading alignment file ../simulations/data_D10T0L20I10T10//S/475_pruned.fasta ... Fasta format detected
Alignment most likely contains DNA/RNA sequences
Alignment has 26 sequences with 300 columns and 186 patterns (168 informative sites)
          Gap/Ambiguity  Composition  p-value
   1  n289_290    0.00%    passed     92.96%
   2  n294_295    0.00%    passed     93.81%
   3  n295_296    0.00%    passed     76.12%
   4  n266_267    0.00%    passed     76.80%
   5  n299_300    0.00%    passed     80.46%
   6  n298_299    0.00%    passed     93.59%
   7  n290_291    0.00%    passed     90.97%
   8  n274_275    0.00%    passed     86.79%
   9  n251_252    0.00%    passed     89.33%
  10  n293_294    0.00%    passed     89.89%
  11  n265_266    0.00%    passed     74.02%
  12  n296_297    0.00%    passed     92.20%
  13  n300_301    0.00%    passed     80.46%
  14  n244_245    0.00%    passed     99.46%
  15  n278_279    0.00%    passed     88.50%
  16  n287_288    0.00%    passed     94.45%
  17  n200_201    0.00%    passed     75.70%
  18  n277_278    0.00%    passed     86.30%
  19  n297_298    0.00%    passed     91.90%
  20  n236_237    0.00%    passed     98.74%
  21  n280_281    0.00%    passed     80.18%
  22  n285_286    0.00%    passed     87.38%
  23  n275_276    0.00%    passed     93.81%
  24  n255_256    0.00%    passed     96.76%
  25  n292_293    0.00%    passed     80.46%
  26  n286_287    0.00%    passed     79.34%
****  TOTAL       0.00%  0 sequences failed composition chi2 test (p-value<5%; df=3)
NOTE: 2 identical sequences (see below) will be ignored for subsequent analysis
NOTE: n300_301 (identical to n299_300) is ignored but added at the end
NOTE: n292_293 (identical to n299_300) is ignored but added at the end

Create initial parsimony tree by phylogenetic likelihood library (PLL)... 0.001 seconds

NOTE: 0 MB RAM is required!
Estimate model parameters (epsilon = 0.100)
1. Initial log-likelihood: -2093.751
2. Current log-likelihood: -2042.405
3. Current log-likelihood: -2041.800
Optimal log-likelihood: -2041.795
Rate parameters:  A-C: 1.217  A-G: 1.217  A-T: 1.027  C-G: 1.310  C-T: 1.414  G-T: 1.000
Base frequencies:   A: 0.246  C: 0.237  G: 0.297  T: 0.219
Gamma shape alpha: 998.361
Parameters optimization took 3 rounds (0.018 sec)
--------------------------------------------------------------------
|             INITIALIZING CANDIDATE TREE SET                      |
--------------------------------------------------------------------
Computing ML distances based on estimated model parameters... 0.000 sec
Computing BIONJ tree...
0.000 seconds
Log-likelihood of BIONJ tree: -2041.795
Generating 98 parsimony trees... 0.097 seconds 87 distinct starting trees
Computing log-likelihood of 87 initial trees ... 0.150 seconds
Optimizing top 20 initial trees with NNI...
Iteration 1 / LogL: -2041.774 / Time: 0h:0m:0s
Estimate model parameters (epsilon = 0.100)
BETTER TREE FOUND at iteration 1: -2041.774
Iteration 2 / LogL: -2041.775 / Time: 0h:0m:0s
Iteration 3 / LogL: -2041.775 / Time: 0h:0m:0s
Iteration 4 / LogL: -2041.775 / Time: 0h:0m:0s
Iteration 5 / LogL: -2041.775 / Time: 0h:0m:0s
Iteration 6 / LogL: -2041.775 / Time: 0h:0m:0s
Iteration 7 / LogL: -2041.775 / Time: 0h:0m:0s
Iteration 8 / LogL: -2041.775 / Time: 0h:0m:0s
Iteration 9 / LogL: -2041.775 / Time: 0h:0m:0s
Iteration 10 / LogL: -2041.775 / Time: 0h:0m:0s
Iteration 11 / LogL: -2041.775 / Time: 0h:0m:0s
Iteration 12 / LogL: -2041.775 / Time: 0h:0m:0s
Iteration 13 / LogL: -2041.775 / Time: 0h:0m:0s
Iteration 14 / LogL: -2041.775 / Time: 0h:0m:0s
Iteration 15 / LogL: -2041.775 / Time: 0h:0m:0s
Iteration 16 / LogL: -2041.775 / Time: 0h:0m:0s
Iteration 17 / LogL: -2041.775 / Time: 0h:0m:0s
Iteration 18 / LogL: -2041.775 / Time: 0h:0m:0s
Iteration 19 / LogL: -2041.775 / Time: 0h:0m:0s
Iteration 20 / LogL: -2041.775 / Time: 0h:0m:0s
Average CPU time for 1 NNI search: 0.005
Finish initializing candidate tree set. Number of distinct locally optimal trees: 20
Current best tree score: -2041.774 / CPU time: 0.340
--------------------------------------------------------------------
|               OPTIMIZING CANDIDATE TREE SET                      |
--------------------------------------------------------------------
Iteration 30 / LogL: -2059.821 / Time: 0h:0m:0s (0h:0m:1s left)
Iteration 40 / LogL: -2041.795 / Time: 0h:0m:0s (0h:0m:0s left)
Iteration 50 / LogL: -2249.892 / Time: 0h:0m:0s (0h:0m:0s left)
Iteration 60 / LogL: -2051.612 / Time: 0h:0m:0s (0h:0m:0s left)
Iteration 70 / LogL: -2041.792 / Time: 0h:0m:1s (0h:0m:0s left)
Iteration 80 / LogL: -2041.775 / Time: 0h:0m:1s (0h:0m:0s left)
Iteration 90 / LogL: -2041.774 / Time: 0h:0m:1s (0h:0m:0s left)
Iteration 100 / LogL: -2041.774 / Time: 0h:0m:1s (0h:0m:0s left)
TREE SEARCH COMPLETED AFTER 101 ITERATIONS / Time: 0h:0m:1s

--------------------------------------------------------------------
|                    FINALIZING TREE SEARCH                        |
--------------------------------------------------------------------
Performs final model parameters optimization
Estimate model parameters (epsilon = 0.010)
1. Initial log-likelihood: -2041.774
Optimal log-likelihood: -2041.774
Rate parameters:  A-C: 1.219  A-G: 1.220  A-T: 1.029  C-G: 1.313  C-T: 1.419  G-T: 1.000
Base frequencies:   A: 0.246  C: 0.237  G: 0.297  T: 0.219
Gamma shape alpha: 998.361
Parameters optimization took 1 rounds (0.005 sec)
BEST SCORE FOUND : -2041.774

Testing tree branches by SH-like aLRT with 1000 replicates...
CPU Time used:  0.096 sec.
Total tree length: 1.201

Total number of iterations: 101
CPU time used for tree search: 1.396 sec (0h:0m:1s)
Wall-clock time used for tree search: 1.400 sec (0h:0m:1s)
Total CPU time used: 1.528 sec (0h:0m:1s)
Total wall-clock time used: 1.533 sec (0h:0m:1s)

Analysis results written to: 
  IQ-TREE report:                ../simulations/data_D10T0L20I10T10//S/475_pruned.fasta.iqtree
  Maximum-likelihood tree:       ../simulations/data_D10T0L20I10T10//S/475_pruned.fasta.treefile
  Likelihood distances:          ../simulations/data_D10T0L20I10T10//S/475_pruned.fasta.mldist
  Screen log file:               ../simulations/data_D10T0L20I10T10//S/475_pruned.fasta.log

Date and Time: Fri Jun  1 11:00:51 2018
