IQ-TREE version 1.4.2 for Linux 64-bit built Apr 15 2016
Copyright (c) 2011-2015 Nguyen Lam Tung, Olga Chernomor, Arndt von Haeseler and Bui Quang Minh.

Host:    meduse (AVX2, FMA3, 7 GB RAM)
Command: iqtree -s ../simulations/data_D10T0L20I10T10//S/481_pruned.fasta -m GTR+G -alrt 1000 -redo
Seed:    419378 (Using SPRNG - Scalable Parallel Random Number Generator)
Time:    Sun Jun  3 23:20:23 2018
Kernel:  AVX

NOTE: Consider using the multicore version because your CPU has 4 cores!

Reading alignment file ../simulations/data_D10T0L20I10T10//S/481_pruned.fasta ... Fasta format detected
Alignment most likely contains DNA/RNA sequences
Alignment has 25 sequences with 300 columns and 296 patterns (296 informative sites)
          Gap/Ambiguity  Composition  p-value
   1  n277_248    0.00%    passed     58.87%
   2  n294_265    0.00%    passed     95.17%
   3  n274_245    0.00%    passed     52.43%
   4  n280_251    0.00%    passed     79.29%
   5  n251_222    0.00%    passed      5.82%
   6  n299_270    0.00%    passed     83.39%
   7  n296_267    0.00%    passed     93.71%
   8  n266_237    0.00%    passed     28.18%
   9  n297_268    0.00%    passed     98.99%
  10  n236_209    0.00%    passed     97.34%
  11  n298_269    0.00%    passed     99.42%
  12  n295_266    0.00%    passed     46.70%
  13  n289_260    0.00%    passed     53.35%
  14  n278_249    0.00%    passed     33.82%
  15  n275_246    0.00%    passed     37.58%
  16  n285_256    0.00%    passed     52.16%
  17  n290_261    0.00%    passed     63.79%
  18  n255_226    0.00%    passed      5.01%
  19  n293_264    0.00%    passed     70.78%
  20  n200_177    0.00%    passed     73.06%
  21  n286_257    0.00%    passed     65.77%
  22  n265_236    0.00%    passed     61.09%
  23  n292_263    0.00%    passed     93.47%
  24  n287_258    0.00%    passed     47.75%
  25  n300_271    0.00%    passed     85.02%
****  TOTAL       0.00%  0 sequences failed composition chi2 test (p-value<5%; df=3)

Create initial parsimony tree by phylogenetic likelihood library (PLL)... 0.001 seconds

NOTE: 1 MB RAM is required!
Estimate model parameters (epsilon = 0.100)
1. Initial log-likelihood: -4924.205
2. Current log-likelihood: -4826.608
3. Current log-likelihood: -4813.411
4. Current log-likelihood: -4811.071
5. Current log-likelihood: -4810.650
6. Current log-likelihood: -4810.517
Optimal log-likelihood: -4810.455
Rate parameters:  A-C: 1.156  A-G: 1.128  A-T: 0.934  C-G: 0.906  C-T: 1.241  G-T: 1.000
Base frequencies:   A: 0.225  C: 0.259  G: 0.259  T: 0.258
Gamma shape alpha: 5.473
Parameters optimization took 6 rounds (0.068 sec)
--------------------------------------------------------------------
|             INITIALIZING CANDIDATE TREE SET                      |
--------------------------------------------------------------------
Computing ML distances based on estimated model parameters... 0.004 sec
WARNING: Some pairwise ML distances are too long (saturated)
Computing BIONJ tree...
0.000 seconds
Log-likelihood of BIONJ tree: -4810.340
Generating 98 parsimony trees... 0.131 seconds 2 distinct starting trees
Computing log-likelihood of 2 initial trees ... 0.000 seconds
Optimizing top 2 initial trees with NNI...
Iteration 1 / LogL: -4810.340 / Time: 0h:0m:0s
Estimate model parameters (epsilon = 0.100)
BETTER SCORE FOUND at iteration 1: -4810.338
Iteration 2 / LogL: -4810.453 / Time: 0h:0m:0s
Average CPU time for 1 NNI search: 0.010
Finish initializing candidate tree set. Number of distinct locally optimal trees: 2
Current best tree score: -4810.338 / CPU time: 0.152
--------------------------------------------------------------------
|               OPTIMIZING CANDIDATE TREE SET                      |
--------------------------------------------------------------------
Iteration 10 / LogL: -4811.822 / Time: 0h:0m:0s
Iteration 20 / LogL: -4813.810 / Time: 0h:0m:0s (0h:0m:3s left)
Iteration 30 / LogL: -4815.793 / Time: 0h:0m:1s (0h:0m:3s left)
Iteration 40 / LogL: -4810.354 / Time: 0h:0m:1s (0h:0m:2s left)
Iteration 50 / LogL: -4810.385 / Time: 0h:0m:1s (0h:0m:1s left)
Iteration 60 / LogL: -4812.396 / Time: 0h:0m:2s (0h:0m:1s left)
Iteration 70 / LogL: -4810.366 / Time: 0h:0m:2s (0h:0m:1s left)
Iteration 80 / LogL: -4810.389 / Time: 0h:0m:2s (0h:0m:0s left)
Iteration 90 / LogL: -4811.632 / Time: 0h:0m:3s (0h:0m:0s left)
Iteration 100 / LogL: -4812.287 / Time: 0h:0m:3s (0h:0m:0s left)
TREE SEARCH COMPLETED AFTER 101 ITERATIONS / Time: 0h:0m:3s

--------------------------------------------------------------------
|                    FINALIZING TREE SEARCH                        |
--------------------------------------------------------------------
Performs final model parameters optimization
Estimate model parameters (epsilon = 0.010)
1. Initial log-likelihood: -4810.338
Optimal log-likelihood: -4810.337
Rate parameters:  A-C: 1.160  A-G: 1.134  A-T: 0.937  C-G: 0.909  C-T: 1.246  G-T: 1.000
Base frequencies:   A: 0.225  C: 0.259  G: 0.259  T: 0.258
Gamma shape alpha: 5.529
Parameters optimization took 1 rounds (0.007 sec)
BEST SCORE FOUND : -4810.337

Testing tree branches by SH-like aLRT with 1000 replicates...
CPU Time used:  0.116 sec.
Total tree length: 7.619

Total number of iterations: 101
CPU time used for tree search: 3.468 sec (0h:0m:3s)
Wall-clock time used for tree search: 3.468 sec (0h:0m:3s)
Total CPU time used: 3.712 sec (0h:0m:3s)
Total wall-clock time used: 3.714 sec (0h:0m:3s)

Analysis results written to: 
  IQ-TREE report:                ../simulations/data_D10T0L20I10T10//S/481_pruned.fasta.iqtree
  Maximum-likelihood tree:       ../simulations/data_D10T0L20I10T10//S/481_pruned.fasta.treefile
  Likelihood distances:          ../simulations/data_D10T0L20I10T10//S/481_pruned.fasta.mldist
  Screen log file:               ../simulations/data_D10T0L20I10T10//S/481_pruned.fasta.log

Date and Time: Sun Jun  3 23:20:27 2018
