IQ-TREE version 1.4.2 for Linux 64-bit built Apr 15 2016
Copyright (c) 2011-2015 Nguyen Lam Tung, Olga Chernomor, Arndt von Haeseler and Bui Quang Minh.

Host:    meduse (AVX2, FMA3, 7 GB RAM)
Command: iqtree -s ../simulations/data_D10T0L20I10T10//S/48_pruned.fasta -m GTR+G -alrt 1000 -redo
Seed:    577246 (Using SPRNG - Scalable Parallel Random Number Generator)
Time:    Fri Jun  1 10:49:11 2018
Kernel:  AVX

NOTE: Consider using the multicore version because your CPU has 4 cores!

Reading alignment file ../simulations/data_D10T0L20I10T10//S/48_pruned.fasta ... Fasta format detected
Alignment most likely contains DNA/RNA sequences
Alignment has 26 sequences with 300 columns and 166 patterns (150 informative sites)
          Gap/Ambiguity  Composition  p-value
   1  n289_290    0.00%    passed     74.69%
   2  n294_295    0.00%    passed     90.06%
   3  n295_296    0.00%    passed     74.69%
   4  n266_267    0.00%    passed     84.54%
   5  n299_300    0.00%    passed     80.37%
   6  n298_299    0.00%    passed     87.05%
   7  n290_291    0.00%    passed     64.12%
   8  n274_275    0.00%    passed     83.58%
   9  n251_252    0.00%    passed     49.20%
  10  n293_294    0.00%    passed     80.39%
  11  n265_266    0.00%    passed     77.12%
  12  n296_297    0.00%    passed     74.69%
  13  n300_301    0.00%    passed     80.37%
  14  n244_245    0.00%    passed     73.27%
  15  n278_279    0.00%    passed     87.92%
  16  n287_288    0.00%    passed     67.83%
  17  n200_201    0.00%    passed     77.43%
  18  n277_278    0.00%    passed     96.37%
  19  n297_298    0.00%    passed     85.39%
  20  n236_237    0.00%    passed     66.72%
  21  n280_281    0.00%    passed     88.53%
  22  n285_286    0.00%    passed     73.89%
  23  n275_276    0.00%    passed     85.33%
  24  n255_256    0.00%    passed     54.08%
  25  n292_293    0.00%    passed     80.37%
  26  n286_287    0.00%    passed     68.67%
****  TOTAL       0.00%  0 sequences failed composition chi2 test (p-value<5%; df=3)
NOTE: 3 identical sequences (see below) will be ignored for subsequent analysis
NOTE: n296_297 (identical to n295_296) is ignored but added at the end
NOTE: n300_301 (identical to n299_300) is ignored but added at the end
NOTE: n292_293 (identical to n299_300) is ignored but added at the end

Create initial parsimony tree by phylogenetic likelihood library (PLL)... 0.001 seconds

NOTE: 0 MB RAM is required!
Estimate model parameters (epsilon = 0.100)
1. Initial log-likelihood: -1952.255
2. Current log-likelihood: -1924.595
3. Current log-likelihood: -1924.380
Optimal log-likelihood: -1924.366
Rate parameters:  A-C: 1.676  A-G: 1.065  A-T: 0.891  C-G: 1.495  C-T: 1.623  G-T: 1.000
Base frequencies:   A: 0.240  C: 0.243  G: 0.276  T: 0.241
Gamma shape alpha: 2.390
Parameters optimization took 3 rounds (0.019 sec)
--------------------------------------------------------------------
|             INITIALIZING CANDIDATE TREE SET                      |
--------------------------------------------------------------------
Computing ML distances based on estimated model parameters... 0.004 sec
Computing BIONJ tree...
0.000 seconds
Log-likelihood of BIONJ tree: -1925.159
Generating 98 parsimony trees... 0.095 seconds 52 distinct starting trees
Computing log-likelihood of 52 initial trees ... 0.091 seconds
Optimizing top 20 initial trees with NNI...
Iteration 1 / LogL: -1924.366 / Time: 0h:0m:0s
Estimate model parameters (epsilon = 0.100)
BETTER SCORE FOUND at iteration 1: -1924.364
Iteration 2 / LogL: -1924.366 / Time: 0h:0m:0s
Iteration 3 / LogL: -1924.366 / Time: 0h:0m:0s
Iteration 4 / LogL: -1924.366 / Time: 0h:0m:0s
Iteration 5 / LogL: -1924.366 / Time: 0h:0m:0s
Iteration 6 / LogL: -1924.366 / Time: 0h:0m:0s
Iteration 7 / LogL: -1924.366 / Time: 0h:0m:0s
Iteration 8 / LogL: -1924.366 / Time: 0h:0m:0s
Iteration 9 / LogL: -1924.366 / Time: 0h:0m:0s
Iteration 10 / LogL: -1924.366 / Time: 0h:0m:0s
Iteration 11 / LogL: -1924.366 / Time: 0h:0m:0s
Iteration 12 / LogL: -1924.366 / Time: 0h:0m:0s
Iteration 13 / LogL: -1924.366 / Time: 0h:0m:0s
Iteration 14 / LogL: -1924.366 / Time: 0h:0m:0s
Iteration 15 / LogL: -1924.366 / Time: 0h:0m:0s
Iteration 16 / LogL: -1924.366 / Time: 0h:0m:0s
Iteration 17 / LogL: -1924.366 / Time: 0h:0m:0s
Iteration 18 / LogL: -1924.366 / Time: 0h:0m:0s
Iteration 19 / LogL: -1924.366 / Time: 0h:0m:0s
Iteration 20 / LogL: -1924.366 / Time: 0h:0m:0s
Average CPU time for 1 NNI search: 0.004
Finish initializing candidate tree set. Number of distinct locally optimal trees: 20
Current best tree score: -1924.364 / CPU time: 0.272
--------------------------------------------------------------------
|               OPTIMIZING CANDIDATE TREE SET                      |
--------------------------------------------------------------------
Iteration 30 / LogL: -1924.364 / Time: 0h:0m:0s (0h:0m:1s left)
Iteration 40 / LogL: -1924.366 / Time: 0h:0m:0s (0h:0m:0s left)
Iteration 50 / LogL: -1924.365 / Time: 0h:0m:0s (0h:0m:0s left)
Iteration 60 / LogL: -1924.370 / Time: 0h:0m:0s (0h:0m:0s left)
Iteration 70 / LogL: -1929.389 / Time: 0h:0m:1s (0h:0m:0s left)
Iteration 80 / LogL: -1929.393 / Time: 0h:0m:1s (0h:0m:0s left)
Iteration 90 / LogL: -1924.367 / Time: 0h:0m:1s (0h:0m:0s left)
Iteration 100 / LogL: -1924.499 / Time: 0h:0m:1s (0h:0m:0s left)
TREE SEARCH COMPLETED AFTER 101 ITERATIONS / Time: 0h:0m:1s

--------------------------------------------------------------------
|                    FINALIZING TREE SEARCH                        |
--------------------------------------------------------------------
Performs final model parameters optimization
Estimate model parameters (epsilon = 0.010)
1. Initial log-likelihood: -1924.364
Optimal log-likelihood: -1924.363
Rate parameters:  A-C: 1.675  A-G: 1.063  A-T: 0.891  C-G: 1.490  C-T: 1.614  G-T: 1.000
Base frequencies:   A: 0.240  C: 0.243  G: 0.276  T: 0.241
Gamma shape alpha: 2.390
Parameters optimization took 1 rounds (0.004 sec)
BEST SCORE FOUND : -1924.363

Testing tree branches by SH-like aLRT with 1000 replicates...
CPU Time used:  0.108 sec.
Total tree length: 1.153

Total number of iterations: 101
CPU time used for tree search: 1.400 sec (0h:0m:1s)
Wall-clock time used for tree search: 1.400 sec (0h:0m:1s)
Total CPU time used: 1.552 sec (0h:0m:1s)
Total wall-clock time used: 1.556 sec (0h:0m:1s)

Analysis results written to: 
  IQ-TREE report:                ../simulations/data_D10T0L20I10T10//S/48_pruned.fasta.iqtree
  Maximum-likelihood tree:       ../simulations/data_D10T0L20I10T10//S/48_pruned.fasta.treefile
  Likelihood distances:          ../simulations/data_D10T0L20I10T10//S/48_pruned.fasta.mldist
  Screen log file:               ../simulations/data_D10T0L20I10T10//S/48_pruned.fasta.log

Date and Time: Fri Jun  1 10:49:13 2018
