IQ-TREE version 1.4.2 for Linux 64-bit built Apr 15 2016
Copyright (c) 2011-2015 Nguyen Lam Tung, Olga Chernomor, Arndt von Haeseler and Bui Quang Minh.

Host:    meduse (AVX2, FMA3, 7 GB RAM)
Command: iqtree -s ../simulations/data_D10T0L20I10T10//S/501_pruned.fasta -m GTR+G -alrt 1000 -redo
Seed:    753570 (Using SPRNG - Scalable Parallel Random Number Generator)
Time:    Sun Jun  3 23:57:29 2018
Kernel:  AVX

NOTE: Consider using the multicore version because your CPU has 4 cores!

Reading alignment file ../simulations/data_D10T0L20I10T10//S/501_pruned.fasta ... Fasta format detected
Alignment most likely contains DNA/RNA sequences
Alignment has 26 sequences with 300 columns and 297 patterns (291 informative sites)
          Gap/Ambiguity  Composition  p-value
   1  n266_273    0.00%    passed     94.26%
   2  n251_258    0.00%    passed     81.94%
   3  n255_262    0.00%    passed     57.87%
   4  n265_272    0.00%    passed     91.98%
   5  n274_281    0.00%    passed     48.16%
   6  n200_207    0.00%    passed     88.45%
   7  n295_302    0.00%    passed     72.24%
   8  n300_307    0.00%    passed     65.16%
   9  n289_296    0.00%    passed     62.88%
  10  n285_292    0.00%    passed     93.46%
  11  n278_285    0.00%    passed     77.33%
  12  n298_305    0.00%    passed     77.93%
  13  n293_300    0.00%    passed     91.19%
  14  n286_293    0.00%    passed     94.46%
  15  n275_282    0.00%    passed     81.47%
  16  n277_284    0.00%    passed     89.65%
  17  n292_299    0.00%    passed     80.78%
  18  n294_301    0.00%    passed     86.27%
  19  n236_243    0.00%    passed     74.79%
  20  n244_251    0.00%    passed     71.52%
  21  n287_294    0.00%    passed     78.56%
  22  n296_303    0.00%    passed     82.45%
  23  n299_306    0.00%    passed     70.74%
  24  n290_297    0.00%    passed     58.28%
  25  n297_304    0.00%    passed     96.82%
  26  n280_287    0.00%    passed     66.26%
****  TOTAL       0.00%  0 sequences failed composition chi2 test (p-value<5%; df=3)

Create initial parsimony tree by phylogenetic likelihood library (PLL)... 0.002 seconds

NOTE: 1 MB RAM is required!
Estimate model parameters (epsilon = 0.100)
1. Initial log-likelihood: -5239.164
2. Current log-likelihood: -5141.083
3. Current log-likelihood: -5130.318
4. Current log-likelihood: -5128.306
5. Current log-likelihood: -5127.996
Optimal log-likelihood: -5127.930
Rate parameters:  A-C: 1.293  A-G: 1.669  A-T: 1.167  C-G: 1.030  C-T: 1.898  G-T: 1.000
Base frequencies:   A: 0.224  C: 0.260  G: 0.276  T: 0.240
Gamma shape alpha: 3.588
Parameters optimization took 5 rounds (0.066 sec)
--------------------------------------------------------------------
|             INITIALIZING CANDIDATE TREE SET                      |
--------------------------------------------------------------------
Computing ML distances based on estimated model parameters... 0.004 sec
Computing BIONJ tree...
0.001 seconds
Log-likelihood of BIONJ tree: -5148.655
Generating 98 parsimony trees... 0.147 seconds 7 distinct starting trees
Computing log-likelihood of 7 initial trees ... 0.015 seconds
Optimizing top 7 initial trees with NNI...
Iteration 1 / LogL: -5127.904 / Time: 0h:0m:0s
Estimate model parameters (epsilon = 0.100)
BETTER TREE FOUND at iteration 1: -5127.870
Iteration 2 / LogL: -5127.103 / Time: 0h:0m:0s
Estimate model parameters (epsilon = 0.100)
BETTER TREE FOUND at iteration 2: -5127.060
Iteration 3 / LogL: -5127.091 / Time: 0h:0m:0s
Iteration 4 / LogL: -5127.127 / Time: 0h:0m:0s
Iteration 5 / LogL: -5127.128 / Time: 0h:0m:0s
Iteration 6 / LogL: -5127.128 / Time: 0h:0m:0s
Iteration 7 / LogL: -5126.866 / Time: 0h:0m:0s
Estimate model parameters (epsilon = 0.100)
BETTER TREE FOUND at iteration 7: -5126.828
Average CPU time for 1 NNI search: 0.031
Finish initializing candidate tree set. Number of distinct locally optimal trees: 4
Current best tree score: -5126.828 / CPU time: 0.380
--------------------------------------------------------------------
|               OPTIMIZING CANDIDATE TREE SET                      |
--------------------------------------------------------------------
Iteration 10 / LogL: -5126.991 / Time: 0h:0m:0s
Iteration 20 / LogL: -5127.144 / Time: 0h:0m:0s (0h:0m:3s left)
Estimate model parameters (epsilon = 0.010)
UPDATE BEST LOG-LIKELIHOOD: -5126.793
Iteration 30 / LogL: -5128.137 / Time: 0h:0m:1s (0h:0m:2s left)
Iteration 40 / LogL: -5126.885 / Time: 0h:0m:1s (0h:0m:2s left)
Iteration 50 / LogL: -5139.199 / Time: 0h:0m:1s (0h:0m:1s left)
Iteration 60 / LogL: -5127.427 / Time: 0h:0m:2s (0h:0m:1s left)
Iteration 70 / LogL: -5127.017 / Time: 0h:0m:2s (0h:0m:1s left)
Iteration 80 / LogL: -5128.071 / Time: 0h:0m:2s (0h:0m:0s left)
Iteration 90 / LogL: -5127.060 / Time: 0h:0m:3s (0h:0m:0s left)
Iteration 100 / LogL: -5126.818 / Time: 0h:0m:3s (0h:0m:0s left)
TREE SEARCH COMPLETED AFTER 101 ITERATIONS / Time: 0h:0m:3s

--------------------------------------------------------------------
|                    FINALIZING TREE SEARCH                        |
--------------------------------------------------------------------
Performs final model parameters optimization
Estimate model parameters (epsilon = 0.010)
1. Initial log-likelihood: -5126.785
Optimal log-likelihood: -5126.781
Rate parameters:  A-C: 1.282  A-G: 1.667  A-T: 1.163  C-G: 1.027  C-T: 1.883  G-T: 1.000
Base frequencies:   A: 0.224  C: 0.260  G: 0.276  T: 0.240
Gamma shape alpha: 3.694
Parameters optimization took 1 rounds (0.009 sec)
BEST SCORE FOUND : -5126.781

Testing tree branches by SH-like aLRT with 1000 replicates...
CPU Time used:  0.120 sec.
Total tree length: 9.189

Total number of iterations: 101
CPU time used for tree search: 3.528 sec (0h:0m:3s)
Wall-clock time used for tree search: 3.526 sec (0h:0m:3s)
Total CPU time used: 3.752 sec (0h:0m:3s)
Total wall-clock time used: 3.753 sec (0h:0m:3s)

Analysis results written to: 
  IQ-TREE report:                ../simulations/data_D10T0L20I10T10//S/501_pruned.fasta.iqtree
  Maximum-likelihood tree:       ../simulations/data_D10T0L20I10T10//S/501_pruned.fasta.treefile
  Likelihood distances:          ../simulations/data_D10T0L20I10T10//S/501_pruned.fasta.mldist
  Screen log file:               ../simulations/data_D10T0L20I10T10//S/501_pruned.fasta.log

Date and Time: Sun Jun  3 23:57:33 2018
