IQ-TREE version 1.4.2 for Linux 64-bit built Apr 15 2016
Copyright (c) 2011-2015 Nguyen Lam Tung, Olga Chernomor, Arndt von Haeseler and Bui Quang Minh.

Host:    meduse (AVX2, FMA3, 7 GB RAM)
Command: iqtree -s ../simulations/data_D10T0L20I10T10//S/503_pruned.fasta -m GTR+G -alrt 1000 -redo
Seed:    148227 (Using SPRNG - Scalable Parallel Random Number Generator)
Time:    Sun Jun  3 23:25:04 2018
Kernel:  AVX

NOTE: Consider using the multicore version because your CPU has 4 cores!

Reading alignment file ../simulations/data_D10T0L20I10T10//S/503_pruned.fasta ... Fasta format detected
Alignment most likely contains DNA/RNA sequences
Alignment has 26 sequences with 300 columns and 300 patterns (294 informative sites)
          Gap/Ambiguity  Composition  p-value
   1  n277_278    0.00%    passed     97.11%
   2  n286_287    0.00%    passed     49.37%
   3  n296_297    0.00%    passed     78.74%
   4  n285_286    0.00%    passed     45.31%
   5  n289_290    0.00%    passed     68.27%
   6  n274_275    0.00%    passed     67.69%
   7  n255_256    0.00%    passed     39.16%
   8  n275_276    0.00%    passed     87.01%
   9  n278_279    0.00%    passed     88.85%
  10  n299_300    0.00%    passed     64.03%
  11  n236_237    0.00%    passed     86.55%
  12  n293_294    0.00%    passed     93.38%
  13  n290_291    0.00%    passed     85.87%
  14  n297_298    0.00%    passed     80.97%
  15  n200_201    0.00%    passed     92.93%
  16  n292_293    0.00%    passed     68.32%
  17  n280_281    0.00%    passed     89.35%
  18  n295_296    0.00%    passed     94.88%
  19  n287_288    0.00%    passed     75.61%
  20  n244_245    0.00%    passed     61.70%
  21  n265_266    0.00%    failed      1.42%
  22  n266_267    0.00%    passed     32.22%
  23  n294_295    0.00%    passed     96.51%
  24  n251_252    0.00%    passed     41.05%
  25  n298_299    0.00%    passed     74.74%
  26  n300_301    0.00%    passed     73.73%
****  TOTAL       0.00%  1 sequences failed composition chi2 test (p-value<5%; df=3)

Create initial parsimony tree by phylogenetic likelihood library (PLL)... 0.002 seconds

NOTE: 1 MB RAM is required!
Estimate model parameters (epsilon = 0.100)
1. Initial log-likelihood: -5406.110
2. Current log-likelihood: -5309.890
3. Current log-likelihood: -5292.080
4. Current log-likelihood: -5288.965
5. Current log-likelihood: -5288.065
6. Current log-likelihood: -5287.817
Optimal log-likelihood: -5287.707
Rate parameters:  A-C: 1.152  A-G: 1.169  A-T: 1.058  C-G: 1.200  C-T: 1.323  G-T: 1.000
Base frequencies:   A: 0.217  C: 0.278  G: 0.274  T: 0.232
Gamma shape alpha: 5.487
Parameters optimization took 6 rounds (0.074 sec)
--------------------------------------------------------------------
|             INITIALIZING CANDIDATE TREE SET                      |
--------------------------------------------------------------------
Computing ML distances based on estimated model parameters... 0.004 sec
WARNING: Some pairwise ML distances are too long (saturated)
Computing BIONJ tree...
0.000 seconds
Log-likelihood of BIONJ tree: -5292.748
Generating 98 parsimony trees... 0.156 seconds 3 distinct starting trees
Computing log-likelihood of 3 initial trees ... 0.003 seconds
Optimizing top 3 initial trees with NNI...
Iteration 1 / LogL: -5286.992 / Time: 0h:0m:0s
Estimate model parameters (epsilon = 0.100)
BETTER TREE FOUND at iteration 1: -5286.489
Iteration 2 / LogL: -5287.561 / Time: 0h:0m:0s
Iteration 3 / LogL: -5292.718 / Time: 0h:0m:0s
Average CPU time for 1 NNI search: 0.020
Finish initializing candidate tree set. Number of distinct locally optimal trees: 2
Current best tree score: -5286.489 / CPU time: 0.220
--------------------------------------------------------------------
|               OPTIMIZING CANDIDATE TREE SET                      |
--------------------------------------------------------------------
Iteration 10 / LogL: -5294.031 / Time: 0h:0m:0s
Iteration 20 / LogL: -5290.013 / Time: 0h:0m:0s (0h:0m:3s left)
Iteration 30 / LogL: -5297.032 / Time: 0h:0m:1s (0h:0m:2s left)
Iteration 40 / LogL: -5286.916 / Time: 0h:0m:1s (0h:0m:2s left)
Iteration 50 / LogL: -5286.883 / Time: 0h:0m:1s (0h:0m:1s left)
Iteration 60 / LogL: -5291.015 / Time: 0h:0m:2s (0h:0m:1s left)
Iteration 70 / LogL: -5287.178 / Time: 0h:0m:2s (0h:0m:1s left)
Iteration 80 / LogL: -5292.833 / Time: 0h:0m:2s (0h:0m:0s left)
Estimate model parameters (epsilon = 0.010)
BETTER TREE FOUND at iteration 87: -5285.037
Iteration 90 / LogL: -5286.308 / Time: 0h:0m:3s (0h:0m:3s left)
Iteration 100 / LogL: -5285.675 / Time: 0h:0m:3s (0h:0m:3s left)
Iteration 110 / LogL: -5287.064 / Time: 0h:0m:3s (0h:0m:2s left)
Iteration 120 / LogL: -5285.600 / Time: 0h:0m:4s (0h:0m:2s left)
Iteration 130 / LogL: -5287.688 / Time: 0h:0m:4s (0h:0m:2s left)
Iteration 140 / LogL: -5285.528 / Time: 0h:0m:5s (0h:0m:1s left)
Iteration 150 / LogL: -5294.993 / Time: 0h:0m:5s (0h:0m:1s left)
Iteration 160 / LogL: -5285.778 / Time: 0h:0m:5s (0h:0m:0s left)
Iteration 170 / LogL: -5285.259 / Time: 0h:0m:6s (0h:0m:0s left)
Iteration 180 / LogL: -5285.527 / Time: 0h:0m:6s (0h:0m:0s left)
TREE SEARCH COMPLETED AFTER 187 ITERATIONS / Time: 0h:0m:6s

--------------------------------------------------------------------
|                    FINALIZING TREE SEARCH                        |
--------------------------------------------------------------------
Performs final model parameters optimization
Estimate model parameters (epsilon = 0.010)
1. Initial log-likelihood: -5285.033
Optimal log-likelihood: -5285.024
Rate parameters:  A-C: 1.118  A-G: 1.139  A-T: 1.014  C-G: 1.189  C-T: 1.284  G-T: 1.000
Base frequencies:   A: 0.217  C: 0.278  G: 0.274  T: 0.232
Gamma shape alpha: 5.384
Parameters optimization took 1 rounds (0.007 sec)
BEST SCORE FOUND : -5285.024

Testing tree branches by SH-like aLRT with 1000 replicates...
CPU Time used:  0.120 sec.
Total tree length: 8.972

Total number of iterations: 187
CPU time used for tree search: 6.484 sec (0h:0m:6s)
Wall-clock time used for tree search: 6.484 sec (0h:0m:6s)
Total CPU time used: 6.708 sec (0h:0m:6s)
Total wall-clock time used: 6.715 sec (0h:0m:6s)

Analysis results written to: 
  IQ-TREE report:                ../simulations/data_D10T0L20I10T10//S/503_pruned.fasta.iqtree
  Maximum-likelihood tree:       ../simulations/data_D10T0L20I10T10//S/503_pruned.fasta.treefile
  Likelihood distances:          ../simulations/data_D10T0L20I10T10//S/503_pruned.fasta.mldist
  Screen log file:               ../simulations/data_D10T0L20I10T10//S/503_pruned.fasta.log

Date and Time: Sun Jun  3 23:25:10 2018
