IQ-TREE version 1.4.2 for Linux 64-bit built Apr 15 2016
Copyright (c) 2011-2015 Nguyen Lam Tung, Olga Chernomor, Arndt von Haeseler and Bui Quang Minh.

Host:    meduse (AVX2, FMA3, 7 GB RAM)
Command: iqtree -s ../simulations/data_D10T0L20I10T10//S/507_pruned.fasta -m GTR+G -alrt 1000 -redo
Seed:    200138 (Using SPRNG - Scalable Parallel Random Number Generator)
Time:    Sun Jun  3 23:19:09 2018
Kernel:  AVX

NOTE: Consider using the multicore version because your CPU has 4 cores!

Reading alignment file ../simulations/data_D10T0L20I10T10//S/507_pruned.fasta ... Fasta format detected
Alignment most likely contains DNA/RNA sequences
Alignment has 25 sequences with 300 columns and 296 patterns (288 informative sites)
          Gap/Ambiguity  Composition  p-value
   1  n287_262    0.00%    passed     66.21%
   2  n255_230    0.00%    failed      3.36%
   3  n200_181    0.00%    passed     82.80%
   4  n266_241    0.00%    passed     81.06%
   5  n292_267    0.00%    passed     78.80%
   6  n295_270    0.00%    passed     19.18%
   7  n275_250    0.00%    passed     80.56%
   8  n298_273    0.00%    passed     57.58%
   9  n251_226    0.00%    passed     36.62%
  10  n274_249    0.00%    passed     98.84%
  11  n236_213    0.00%    passed     92.09%
  12  n285_260    0.00%    passed     17.13%
  13  n265_240    0.00%    passed     28.11%
  14  n297_272    0.00%    passed     43.30%
  15  n289_264    0.00%    passed     30.31%
  16  n280_255    0.00%    passed     95.15%
  17  n299_274    0.00%    passed     63.48%
  18  n286_261    0.00%    passed     23.11%
  19  n296_271    0.00%    passed     17.73%
  20  n278_253    0.00%    passed     97.09%
  21  n277_252    0.00%    passed     86.97%
  22  n300_275    0.00%    passed     70.02%
  23  n290_265    0.00%    passed     45.42%
  24  n293_268    0.00%    passed     79.33%
  25  n294_269    0.00%    passed     89.24%
****  TOTAL       0.00%  1 sequences failed composition chi2 test (p-value<5%; df=3)

Create initial parsimony tree by phylogenetic likelihood library (PLL)... 0.001 seconds

NOTE: 1 MB RAM is required!
Estimate model parameters (epsilon = 0.100)
1. Initial log-likelihood: -4875.541
2. Current log-likelihood: -4788.127
3. Current log-likelihood: -4777.000
4. Current log-likelihood: -4775.795
5. Current log-likelihood: -4775.598
Optimal log-likelihood: -4775.540
Rate parameters:  A-C: 1.097  A-G: 1.106  A-T: 0.915  C-G: 0.772  C-T: 1.340  G-T: 1.000
Base frequencies:   A: 0.239  C: 0.266  G: 0.242  T: 0.253
Gamma shape alpha: 4.502
Parameters optimization took 5 rounds (0.054 sec)
--------------------------------------------------------------------
|             INITIALIZING CANDIDATE TREE SET                      |
--------------------------------------------------------------------
Computing ML distances based on estimated model parameters... 0.004 sec
WARNING: Some pairwise ML distances are too long (saturated)
Computing BIONJ tree...
0.000 seconds
Log-likelihood of BIONJ tree: -4788.668
Generating 98 parsimony trees... 0.131 seconds 2 distinct starting trees
Computing log-likelihood of 2 initial trees ... 0.000 seconds
Optimizing top 2 initial trees with NNI...
Iteration 1 / LogL: -4775.509 / Time: 0h:0m:0s
Estimate model parameters (epsilon = 0.100)
BETTER TREE FOUND at iteration 1: -4775.480
Iteration 2 / LogL: -4774.001 / Time: 0h:0m:0s
Estimate model parameters (epsilon = 0.100)
BETTER TREE FOUND at iteration 2: -4773.950
Average CPU time for 1 NNI search: 0.018
Finish initializing candidate tree set. Number of distinct locally optimal trees: 2
Current best tree score: -4773.950 / CPU time: 0.168
--------------------------------------------------------------------
|               OPTIMIZING CANDIDATE TREE SET                      |
--------------------------------------------------------------------
Iteration 10 / LogL: -4774.121 / Time: 0h:0m:0s
Iteration 20 / LogL: -4774.273 / Time: 0h:0m:0s (0h:0m:3s left)
Iteration 30 / LogL: -4775.476 / Time: 0h:0m:1s (0h:0m:2s left)
Iteration 40 / LogL: -4774.102 / Time: 0h:0m:1s (0h:0m:2s left)
Iteration 50 / LogL: -4773.998 / Time: 0h:0m:1s (0h:0m:1s left)
Iteration 60 / LogL: -4773.962 / Time: 0h:0m:2s (0h:0m:1s left)
Iteration 70 / LogL: -4774.052 / Time: 0h:0m:2s (0h:0m:1s left)
Iteration 80 / LogL: -4776.518 / Time: 0h:0m:2s (0h:0m:0s left)
Iteration 90 / LogL: -4774.076 / Time: 0h:0m:3s (0h:0m:0s left)
Iteration 100 / LogL: -4774.005 / Time: 0h:0m:3s (0h:0m:0s left)
TREE SEARCH COMPLETED AFTER 101 ITERATIONS / Time: 0h:0m:3s

--------------------------------------------------------------------
|                    FINALIZING TREE SEARCH                        |
--------------------------------------------------------------------
Performs final model parameters optimization
Estimate model parameters (epsilon = 0.010)
1. Initial log-likelihood: -4773.950
Optimal log-likelihood: -4773.945
Rate parameters:  A-C: 1.086  A-G: 1.111  A-T: 0.927  C-G: 0.781  C-T: 1.344  G-T: 1.000
Base frequencies:   A: 0.239  C: 0.266  G: 0.242  T: 0.253
Gamma shape alpha: 4.444
Parameters optimization took 1 rounds (0.007 sec)
BEST SCORE FOUND : -4773.945

Testing tree branches by SH-like aLRT with 1000 replicates...
CPU Time used:  0.116 sec.
Total tree length: 7.503

Total number of iterations: 101
CPU time used for tree search: 3.296 sec (0h:0m:3s)
Wall-clock time used for tree search: 3.300 sec (0h:0m:3s)
Total CPU time used: 3.520 sec (0h:0m:3s)
Total wall-clock time used: 3.526 sec (0h:0m:3s)

Analysis results written to: 
  IQ-TREE report:                ../simulations/data_D10T0L20I10T10//S/507_pruned.fasta.iqtree
  Maximum-likelihood tree:       ../simulations/data_D10T0L20I10T10//S/507_pruned.fasta.treefile
  Likelihood distances:          ../simulations/data_D10T0L20I10T10//S/507_pruned.fasta.mldist
  Screen log file:               ../simulations/data_D10T0L20I10T10//S/507_pruned.fasta.log

Date and Time: Sun Jun  3 23:19:12 2018
