IQ-TREE version 1.4.2 for Linux 64-bit built Apr 15 2016
Copyright (c) 2011-2015 Nguyen Lam Tung, Olga Chernomor, Arndt von Haeseler and Bui Quang Minh.

Host:    meduse (AVX2, FMA3, 7 GB RAM)
Command: iqtree -s ../simulations/data_D10T0L20I10T10//S/508_pruned.fasta -m GTR+G -alrt 1000 -redo
Seed:    428097 (Using SPRNG - Scalable Parallel Random Number Generator)
Time:    Sun Jun  3 23:11:10 2018
Kernel:  AVX

NOTE: Consider using the multicore version because your CPU has 4 cores!

Reading alignment file ../simulations/data_D10T0L20I10T10//S/508_pruned.fasta ... Fasta format detected
Alignment most likely contains DNA/RNA sequences
Alignment has 27 sequences with 300 columns and 300 patterns (294 informative sites)
          Gap/Ambiguity  Composition  p-value
   1  n236_241    0.00%    passed     25.26%
   2  n299_304    0.00%    passed     42.82%
   3  n285_290    0.00%    passed     95.22%
   4  n297_302    0.00%    passed     97.49%
   5  n293_298    0.00%    passed     63.50%
   6  n290_295    0.00%    passed     87.63%
   7  n251_256    0.00%    passed     73.92%
   8  n287_292    0.00%    passed     97.16%
   9  n294_299    0.00%    passed     63.87%
  10  n296_301    0.00%    passed     78.32%
  11  n286_291    0.00%    passed     92.84%
  12  n265_270    0.00%    passed     39.69%
  13  n255_260    0.00%    passed     31.84%
  14  n274_279    0.00%    passed     92.94%
  15  n298_303    0.00%    passed     94.31%
  16  n278_283    0.00%    passed     92.41%
  17  n300_305    0.00%    passed     35.29%
  18  n200_203    0.00%    passed     59.73%
  19  n292_297    0.00%    passed     60.28%
  20  n244_249    0.00%    passed     26.28%
  21  n275_280    0.00%    passed     88.45%
  22  n280_285    0.00%    passed     90.49%
  23  n266_271    0.00%    passed     50.08%
  24  n277_282    0.00%    passed     44.50%
  25  n289_294    0.00%    passed     72.44%
  26  n236_239    0.00%    passed     99.77%
  27  n295_300    0.00%    passed     85.49%
****  TOTAL       0.00%  0 sequences failed composition chi2 test (p-value<5%; df=3)

Create initial parsimony tree by phylogenetic likelihood library (PLL)... 0.001 seconds

NOTE: 1 MB RAM is required!
Estimate model parameters (epsilon = 0.100)
1. Initial log-likelihood: -5482.510
2. Current log-likelihood: -5371.344
3. Current log-likelihood: -5358.803
4. Current log-likelihood: -5356.884
5. Current log-likelihood: -5356.554
Optimal log-likelihood: -5356.421
Rate parameters:  A-C: 1.174  A-G: 1.170  A-T: 1.124  C-G: 0.890  C-T: 1.197  G-T: 1.000
Base frequencies:   A: 0.228  C: 0.266  G: 0.256  T: 0.250
Gamma shape alpha: 3.874
Parameters optimization took 5 rounds (0.062 sec)
--------------------------------------------------------------------
|             INITIALIZING CANDIDATE TREE SET                      |
--------------------------------------------------------------------
Computing ML distances based on estimated model parameters... 0.004 sec
WARNING: Some pairwise ML distances are too long (saturated)
Computing BIONJ tree...
0.000 seconds
Log-likelihood of BIONJ tree: -5372.978
Generating 98 parsimony trees... 0.169 seconds 3 distinct starting trees
Computing log-likelihood of 3 initial trees ... 0.003 seconds
Optimizing top 3 initial trees with NNI...
Iteration 1 / LogL: -5356.003 / Time: 0h:0m:0s
Estimate model parameters (epsilon = 0.100)
BETTER TREE FOUND at iteration 1: -5355.253
Iteration 2 / LogL: -5356.413 / Time: 0h:0m:0s
Iteration 3 / LogL: -5352.553 / Time: 0h:0m:0s
Estimate model parameters (epsilon = 0.100)
BETTER TREE FOUND at iteration 3: -5352.384
Average CPU time for 1 NNI search: 0.029
Finish initializing candidate tree set. Number of distinct locally optimal trees: 3
Current best tree score: -5352.384 / CPU time: 0.260
--------------------------------------------------------------------
|               OPTIMIZING CANDIDATE TREE SET                      |
--------------------------------------------------------------------
Iteration 10 / LogL: -5353.179 / Time: 0h:0m:0s
Iteration 20 / LogL: -5354.004 / Time: 0h:0m:0s (0h:0m:4s left)
Iteration 30 / LogL: -5353.614 / Time: 0h:0m:1s (0h:0m:3s left)
Iteration 40 / LogL: -5352.372 / Time: 0h:0m:1s (0h:0m:2s left)
Estimate model parameters (epsilon = 0.010)
UPDATE BEST LOG-LIKELIHOOD: -5352.290
Iteration 50 / LogL: -5354.337 / Time: 0h:0m:2s (0h:0m:2s left)
Iteration 60 / LogL: -5353.071 / Time: 0h:0m:2s (0h:0m:1s left)
Iteration 70 / LogL: -5354.110 / Time: 0h:0m:2s (0h:0m:1s left)
Iteration 80 / LogL: -5352.929 / Time: 0h:0m:3s (0h:0m:0s left)
Iteration 90 / LogL: -5352.534 / Time: 0h:0m:3s (0h:0m:0s left)
Iteration 100 / LogL: -5353.650 / Time: 0h:0m:3s (0h:0m:0s left)
TREE SEARCH COMPLETED AFTER 101 ITERATIONS / Time: 0h:0m:3s

--------------------------------------------------------------------
|                    FINALIZING TREE SEARCH                        |
--------------------------------------------------------------------
Performs final model parameters optimization
Estimate model parameters (epsilon = 0.010)
1. Initial log-likelihood: -5352.290
Optimal log-likelihood: -5352.290
Rate parameters:  A-C: 1.204  A-G: 1.194  A-T: 1.144  C-G: 0.915  C-T: 1.214  G-T: 1.000
Base frequencies:   A: 0.228  C: 0.266  G: 0.256  T: 0.250
Gamma shape alpha: 4.022
Parameters optimization took 1 rounds (0.007 sec)
BEST SCORE FOUND : -5352.290

Testing tree branches by SH-like aLRT with 1000 replicates...
CPU Time used:  0.132 sec.
Total tree length: 10.342

Total number of iterations: 101
CPU time used for tree search: 3.792 sec (0h:0m:3s)
Wall-clock time used for tree search: 3.790 sec (0h:0m:3s)
Total CPU time used: 4.060 sec (0h:0m:4s)
Total wall-clock time used: 4.062 sec (0h:0m:4s)

Analysis results written to: 
  IQ-TREE report:                ../simulations/data_D10T0L20I10T10//S/508_pruned.fasta.iqtree
  Maximum-likelihood tree:       ../simulations/data_D10T0L20I10T10//S/508_pruned.fasta.treefile
  Likelihood distances:          ../simulations/data_D10T0L20I10T10//S/508_pruned.fasta.mldist
  Screen log file:               ../simulations/data_D10T0L20I10T10//S/508_pruned.fasta.log

Date and Time: Sun Jun  3 23:11:14 2018
