IQ-TREE version 1.4.2 for Linux 64-bit built Apr 15 2016
Copyright (c) 2011-2015 Nguyen Lam Tung, Olga Chernomor, Arndt von Haeseler and Bui Quang Minh.

Host:    meduse (AVX2, FMA3, 7 GB RAM)
Command: iqtree -s ../simulations/data_D10T0L20I10T10//S/514_pruned.fasta -m GTR+G -alrt 1000 -redo
Seed:    608364 (Using SPRNG - Scalable Parallel Random Number Generator)
Time:    Sun Jun  3 23:36:06 2018
Kernel:  AVX

NOTE: Consider using the multicore version because your CPU has 4 cores!

Reading alignment file ../simulations/data_D10T0L20I10T10//S/514_pruned.fasta ... Fasta format detected
Alignment most likely contains DNA/RNA sequences
Alignment has 27 sequences with 300 columns and 300 patterns (296 informative sites)
          Gap/Ambiguity  Composition  p-value
   1  n287_316    0.00%    passed     94.86%
   2  n298_327    0.00%    passed     13.41%
   3  n244_273    0.00%    passed     43.59%
   4  n299_328    0.00%    passed     82.98%
   5  n296_325    0.00%    passed     81.29%
   6  n255_284    0.00%    passed     54.26%
   7  n236_263    0.00%    passed     24.28%
   8  n275_304    0.00%    passed     23.71%
   9  n289_318    0.00%    passed     80.16%
  10  n285_314    0.00%    passed     59.02%
  11  n266_295    0.00%    passed     64.79%
  12  n277_306    0.00%    passed     85.03%
  13  n293_322    0.00%    passed     55.19%
  14  n278_307    0.00%    passed     84.72%
  15  n290_319    0.00%    passed     77.00%
  16  n292_321    0.00%    passed     88.07%
  17  n251_280    0.00%    passed     23.92%
  18  n200_223    0.00%    passed     91.70%
  19  n297_326    0.00%    passed     31.52%
  20  n274_303    0.00%    passed     86.31%
  21  n265_294    0.00%    passed     35.59%
  22  n295_324    0.00%    passed     70.44%
  23  n280_309    0.00%    passed     59.70%
  24  n294_323    0.00%    passed     27.42%
  25  n286_315    0.00%    passed     61.24%
  26  n300_329    0.00%    passed     82.35%
  27  n244_271    0.00%    passed     15.78%
****  TOTAL       0.00%  0 sequences failed composition chi2 test (p-value<5%; df=3)

Create initial parsimony tree by phylogenetic likelihood library (PLL)... 0.001 seconds

NOTE: 1 MB RAM is required!
Estimate model parameters (epsilon = 0.100)
1. Initial log-likelihood: -5651.796
2. Current log-likelihood: -5558.062
3. Current log-likelihood: -5544.132
4. Current log-likelihood: -5541.303
5. Current log-likelihood: -5540.631
6. Current log-likelihood: -5540.467
Optimal log-likelihood: -5540.399
Rate parameters:  A-C: 1.009  A-G: 1.287  A-T: 1.111  C-G: 1.068  C-T: 1.326  G-T: 1.000
Base frequencies:   A: 0.216  C: 0.269  G: 0.248  T: 0.267
Gamma shape alpha: 4.123
Parameters optimization took 6 rounds (0.077 sec)
--------------------------------------------------------------------
|             INITIALIZING CANDIDATE TREE SET                      |
--------------------------------------------------------------------
Computing ML distances based on estimated model parameters... 0.004 sec
WARNING: Some pairwise ML distances are too long (saturated)
Computing BIONJ tree...
0.000 seconds
Log-likelihood of BIONJ tree: -5553.683
Generating 98 parsimony trees... 0.143 seconds 5 distinct starting trees
Computing log-likelihood of 5 initial trees ... 0.009 seconds
Optimizing top 5 initial trees with NNI...
Iteration 1 / LogL: -5537.770 / Time: 0h:0m:0s
Estimate model parameters (epsilon = 0.100)
BETTER TREE FOUND at iteration 1: -5537.697
Iteration 2 / LogL: -5537.644 / Time: 0h:0m:0s
Estimate model parameters (epsilon = 0.100)
BETTER TREE FOUND at iteration 2: -5537.559
Iteration 3 / LogL: -5537.584 / Time: 0h:0m:0s
Iteration 4 / LogL: -5537.569 / Time: 0h:0m:0s
Iteration 5 / LogL: -5538.115 / Time: 0h:0m:0s
Average CPU time for 1 NNI search: 0.030
Finish initializing candidate tree set. Number of distinct locally optimal trees: 3
Current best tree score: -5537.559 / CPU time: 0.304
--------------------------------------------------------------------
|               OPTIMIZING CANDIDATE TREE SET                      |
--------------------------------------------------------------------
Iteration 10 / LogL: -5538.179 / Time: 0h:0m:0s
Estimate model parameters (epsilon = 0.010)
UPDATE BEST LOG-LIKELIHOOD: -5537.362
Iteration 20 / LogL: -5537.550 / Time: 0h:0m:0s (0h:0m:3s left)
Iteration 30 / LogL: -5537.599 / Time: 0h:0m:1s (0h:0m:3s left)
Iteration 40 / LogL: -5538.020 / Time: 0h:0m:1s (0h:0m:2s left)
Iteration 50 / LogL: -5537.444 / Time: 0h:0m:1s (0h:0m:1s left)
Iteration 60 / LogL: -5538.035 / Time: 0h:0m:2s (0h:0m:1s left)
Iteration 70 / LogL: -5538.478 / Time: 0h:0m:2s (0h:0m:1s left)
Iteration 80 / LogL: -5539.868 / Time: 0h:0m:2s (0h:0m:0s left)
Iteration 90 / LogL: -5539.842 / Time: 0h:0m:3s (0h:0m:0s left)
Iteration 100 / LogL: -5538.085 / Time: 0h:0m:3s (0h:0m:0s left)
TREE SEARCH COMPLETED AFTER 101 ITERATIONS / Time: 0h:0m:3s

--------------------------------------------------------------------
|                    FINALIZING TREE SEARCH                        |
--------------------------------------------------------------------
Performs final model parameters optimization
Estimate model parameters (epsilon = 0.010)
1. Initial log-likelihood: -5537.362
Optimal log-likelihood: -5537.359
Rate parameters:  A-C: 0.987  A-G: 1.266  A-T: 1.093  C-G: 1.046  C-T: 1.304  G-T: 1.000
Base frequencies:   A: 0.216  C: 0.269  G: 0.248  T: 0.267
Gamma shape alpha: 4.389
Parameters optimization took 1 rounds (0.007 sec)
BEST SCORE FOUND : -5537.359

Testing tree branches by SH-like aLRT with 1000 replicates...
CPU Time used:  0.132 sec.
Total tree length: 9.712

Total number of iterations: 101
CPU time used for tree search: 3.484 sec (0h:0m:3s)
Wall-clock time used for tree search: 3.490 sec (0h:0m:3s)
Total CPU time used: 3.728 sec (0h:0m:3s)
Total wall-clock time used: 3.737 sec (0h:0m:3s)

Analysis results written to: 
  IQ-TREE report:                ../simulations/data_D10T0L20I10T10//S/514_pruned.fasta.iqtree
  Maximum-likelihood tree:       ../simulations/data_D10T0L20I10T10//S/514_pruned.fasta.treefile
  Likelihood distances:          ../simulations/data_D10T0L20I10T10//S/514_pruned.fasta.mldist
  Screen log file:               ../simulations/data_D10T0L20I10T10//S/514_pruned.fasta.log

Date and Time: Sun Jun  3 23:36:10 2018
