IQ-TREE version 1.4.2 for Linux 64-bit built Apr 15 2016
Copyright (c) 2011-2015 Nguyen Lam Tung, Olga Chernomor, Arndt von Haeseler and Bui Quang Minh.

Host:    meduse (AVX2, FMA3, 7 GB RAM)
Command: iqtree -s ../simulations/data_D10T0L20I10T10//S/521_pruned.fasta -m GTR+G -alrt 1000 -redo
Seed:    167901 (Using SPRNG - Scalable Parallel Random Number Generator)
Time:    Sun Jun  3 23:15:41 2018
Kernel:  AVX

NOTE: Consider using the multicore version because your CPU has 4 cores!

Reading alignment file ../simulations/data_D10T0L20I10T10//S/521_pruned.fasta ... Fasta format detected
Alignment most likely contains DNA/RNA sequences
Alignment has 26 sequences with 300 columns and 300 patterns (297 informative sites)
          Gap/Ambiguity  Composition  p-value
   1  n277_280    0.00%    passed     94.51%
   2  n285_288    0.00%    passed     59.89%
   3  n278_281    0.00%    passed     99.77%
   4  n297_300    0.00%    passed     86.96%
   5  n251_254    0.00%    passed     59.21%
   6  n280_283    0.00%    passed     74.07%
   7  n294_297    0.00%    passed     82.05%
   8  n275_278    0.00%    passed     43.59%
   9  n289_292    0.00%    passed     60.42%
  10  n296_299    0.00%    passed     19.27%
  11  n265_268    0.00%    passed     23.61%
  12  n298_301    0.00%    passed     93.45%
  13  n266_269    0.00%    passed     34.96%
  14  n287_290    0.00%    passed     64.00%
  15  n295_298    0.00%    passed     18.20%
  16  n255_258    0.00%    passed     11.10%
  17  n200_203    0.00%    passed     34.61%
  18  n274_277    0.00%    passed     81.29%
  19  n293_296    0.00%    passed     75.14%
  20  n292_295    0.00%    passed     84.34%
  21  n300_303    0.00%    passed     99.57%
  22  n286_289    0.00%    passed     57.70%
  23  n244_247    0.00%    passed     12.86%
  24  n290_293    0.00%    passed     56.07%
  25  n299_302    0.00%    passed     99.82%
  26  n236_239    0.00%    passed     93.27%
****  TOTAL       0.00%  0 sequences failed composition chi2 test (p-value<5%; df=3)

Create initial parsimony tree by phylogenetic likelihood library (PLL)... 0.002 seconds

NOTE: 1 MB RAM is required!
Estimate model parameters (epsilon = 0.100)
1. Initial log-likelihood: -5293.546
2. Current log-likelihood: -5199.711
3. Current log-likelihood: -5181.845
4. Current log-likelihood: -5177.521
5. Current log-likelihood: -5176.005
6. Current log-likelihood: -5175.208
7. Current log-likelihood: -5174.988
Optimal log-likelihood: -5174.941
Rate parameters:  A-C: 1.093  A-G: 0.988  A-T: 1.019  C-G: 0.875  C-T: 1.039  G-T: 1.000
Base frequencies:   A: 0.221  C: 0.264  G: 0.223  T: 0.292
Gamma shape alpha: 5.848
Parameters optimization took 7 rounds (0.085 sec)
--------------------------------------------------------------------
|             INITIALIZING CANDIDATE TREE SET                      |
--------------------------------------------------------------------
Computing ML distances based on estimated model parameters... 0.004 sec
WARNING: Some pairwise ML distances are too long (saturated)
Computing BIONJ tree...
0.000 seconds
Log-likelihood of BIONJ tree: -5174.934
Generating 98 parsimony trees... 0.149 seconds 4 distinct starting trees
Computing log-likelihood of 4 initial trees ... 0.006 seconds
Optimizing top 4 initial trees with NNI...
Iteration 1 / LogL: -5174.934 / Time: 0h:0m:0s
Estimate model parameters (epsilon = 0.100)
BETTER SCORE FOUND at iteration 1: -5174.930
Iteration 2 / LogL: -5174.939 / Time: 0h:0m:0s
Iteration 3 / LogL: -5177.112 / Time: 0h:0m:0s
Iteration 4 / LogL: -5177.112 / Time: 0h:0m:0s
Average CPU time for 1 NNI search: 0.009
Finish initializing candidate tree set. Number of distinct locally optimal trees: 4
Current best tree score: -5174.930 / CPU time: 0.192
--------------------------------------------------------------------
|               OPTIMIZING CANDIDATE TREE SET                      |
--------------------------------------------------------------------
Iteration 10 / LogL: -5176.510 / Time: 0h:0m:0s
Estimate model parameters (epsilon = 0.010)
BETTER TREE FOUND at iteration 15: -5173.878
Iteration 20 / LogL: -5176.180 / Time: 0h:0m:0s (0h:0m:4s left)
Iteration 30 / LogL: -5174.038 / Time: 0h:0m:1s (0h:0m:4s left)
Iteration 40 / LogL: -5337.886 / Time: 0h:0m:1s (0h:0m:3s left)
Iteration 50 / LogL: -5173.888 / Time: 0h:0m:2s (0h:0m:2s left)
Iteration 60 / LogL: -5173.920 / Time: 0h:0m:2s (0h:0m:2s left)
Iteration 70 / LogL: -5182.177 / Time: 0h:0m:2s (0h:0m:1s left)
Iteration 80 / LogL: -5175.231 / Time: 0h:0m:3s (0h:0m:1s left)
Iteration 90 / LogL: -5173.964 / Time: 0h:0m:3s (0h:0m:0s left)
Iteration 100 / LogL: -5183.740 / Time: 0h:0m:3s (0h:0m:0s left)
Iteration 110 / LogL: -5173.950 / Time: 0h:0m:4s (0h:0m:0s left)
TREE SEARCH COMPLETED AFTER 115 ITERATIONS / Time: 0h:0m:4s

--------------------------------------------------------------------
|                    FINALIZING TREE SEARCH                        |
--------------------------------------------------------------------
Performs final model parameters optimization
Estimate model parameters (epsilon = 0.010)
1. Initial log-likelihood: -5173.878
Optimal log-likelihood: -5173.876
Rate parameters:  A-C: 1.090  A-G: 1.001  A-T: 1.067  C-G: 0.877  C-T: 1.033  G-T: 1.000
Base frequencies:   A: 0.221  C: 0.264  G: 0.223  T: 0.292
Gamma shape alpha: 5.316
Parameters optimization took 1 rounds (0.007 sec)
BEST SCORE FOUND : -5173.876

Testing tree branches by SH-like aLRT with 1000 replicates...
CPU Time used:  0.116 sec.
Total tree length: 9.237

Total number of iterations: 115
CPU time used for tree search: 4.516 sec (0h:0m:4s)
Wall-clock time used for tree search: 4.520 sec (0h:0m:4s)
Total CPU time used: 4.744 sec (0h:0m:4s)
Total wall-clock time used: 4.756 sec (0h:0m:4s)

Analysis results written to: 
  IQ-TREE report:                ../simulations/data_D10T0L20I10T10//S/521_pruned.fasta.iqtree
  Maximum-likelihood tree:       ../simulations/data_D10T0L20I10T10//S/521_pruned.fasta.treefile
  Likelihood distances:          ../simulations/data_D10T0L20I10T10//S/521_pruned.fasta.mldist
  Screen log file:               ../simulations/data_D10T0L20I10T10//S/521_pruned.fasta.log

Date and Time: Sun Jun  3 23:15:45 2018
