IQ-TREE version 1.4.2 for Linux 64-bit built Apr 15 2016
Copyright (c) 2011-2015 Nguyen Lam Tung, Olga Chernomor, Arndt von Haeseler and Bui Quang Minh.

Host:    meduse (AVX2, FMA3, 7 GB RAM)
Command: iqtree -s ../simulations/data_D10T0L20I10T10//S/526_pruned.fasta -m GTR+G -alrt 1000 -redo
Seed:    675706 (Using SPRNG - Scalable Parallel Random Number Generator)
Time:    Mon Jun  4 00:00:52 2018
Kernel:  AVX

NOTE: Consider using the multicore version because your CPU has 4 cores!

Reading alignment file ../simulations/data_D10T0L20I10T10//S/526_pruned.fasta ... Fasta format detected
Alignment most likely contains DNA/RNA sequences
Alignment has 26 sequences with 300 columns and 298 patterns (291 informative sites)
          Gap/Ambiguity  Composition  p-value
   1  n277_278    0.00%    passed     43.76%
   2  n286_287    0.00%    passed     60.49%
   3  n296_297    0.00%    passed     26.10%
   4  n285_286    0.00%    passed     36.45%
   5  n289_290    0.00%    passed     20.72%
   6  n274_275    0.00%    passed     24.04%
   7  n255_256    0.00%    passed     52.96%
   8  n275_276    0.00%    passed     65.01%
   9  n278_279    0.00%    passed     31.91%
  10  n299_300    0.00%    passed     25.59%
  11  n236_237    0.00%    passed     34.62%
  12  n293_294    0.00%    passed     63.97%
  13  n290_291    0.00%    passed     18.88%
  14  n297_298    0.00%    passed     63.64%
  15  n200_201    0.00%    passed     93.60%
  16  n292_293    0.00%    passed     29.53%
  17  n280_281    0.00%    passed     84.82%
  18  n295_296    0.00%    passed      7.89%
  19  n287_288    0.00%    passed     33.44%
  20  n244_245    0.00%    failed      1.88%
  21  n265_266    0.00%    passed     89.84%
  22  n266_267    0.00%    passed     60.96%
  23  n294_295    0.00%    passed     40.55%
  24  n251_252    0.00%    passed     19.00%
  25  n298_299    0.00%    passed     51.92%
  26  n300_301    0.00%    passed     42.15%
****  TOTAL       0.00%  1 sequences failed composition chi2 test (p-value<5%; df=3)

Create initial parsimony tree by phylogenetic likelihood library (PLL)... 0.001 seconds

NOTE: 1 MB RAM is required!
Estimate model parameters (epsilon = 0.100)
1. Initial log-likelihood: -5336.385
2. Current log-likelihood: -5257.380
3. Current log-likelihood: -5243.180
4. Current log-likelihood: -5239.948
5. Current log-likelihood: -5239.366
6. Current log-likelihood: -5239.263
Optimal log-likelihood: -5239.218
Rate parameters:  A-C: 0.976  A-G: 0.966  A-T: 0.771  C-G: 0.697  C-T: 1.022  G-T: 1.000
Base frequencies:   A: 0.221  C: 0.271  G: 0.271  T: 0.237
Gamma shape alpha: 4.565
Parameters optimization took 6 rounds (0.077 sec)
--------------------------------------------------------------------
|             INITIALIZING CANDIDATE TREE SET                      |
--------------------------------------------------------------------
Computing ML distances based on estimated model parameters... 0.004 sec
WARNING: Some pairwise ML distances are too long (saturated)
Computing BIONJ tree...
0.000 seconds
Log-likelihood of BIONJ tree: -5240.243
Generating 98 parsimony trees... 0.133 seconds 5 distinct starting trees
Computing log-likelihood of 5 initial trees ... 0.009 seconds
Optimizing top 5 initial trees with NNI...
Iteration 1 / LogL: -5238.725 / Time: 0h:0m:0s
Estimate model parameters (epsilon = 0.100)
BETTER TREE FOUND at iteration 1: -5238.704
Iteration 2 / LogL: -5239.164 / Time: 0h:0m:0s
Iteration 3 / LogL: -5239.168 / Time: 0h:0m:0s
Iteration 4 / LogL: -5239.170 / Time: 0h:0m:0s
Iteration 5 / LogL: -5238.714 / Time: 0h:0m:0s
Average CPU time for 1 NNI search: 0.012
Finish initializing candidate tree set. Number of distinct locally optimal trees: 2
Current best tree score: -5238.704 / CPU time: 0.204
--------------------------------------------------------------------
|               OPTIMIZING CANDIDATE TREE SET                      |
--------------------------------------------------------------------
Iteration 10 / LogL: -5260.300 / Time: 0h:0m:0s
Estimate model parameters (epsilon = 0.010)
BETTER TREE FOUND at iteration 15: -5237.696
Iteration 20 / LogL: -5265.633 / Time: 0h:0m:0s (0h:0m:4s left)
Iteration 30 / LogL: -5242.749 / Time: 0h:0m:1s (0h:0m:3s left)
Iteration 40 / LogL: -5238.759 / Time: 0h:0m:1s (0h:0m:2s left)
Iteration 50 / LogL: -5239.080 / Time: 0h:0m:1s (0h:0m:2s left)
Iteration 60 / LogL: -5240.991 / Time: 0h:0m:2s (0h:0m:2s left)
Estimate model parameters (epsilon = 0.010)
UPDATE BEST LOG-LIKELIHOOD: -5237.560
Iteration 70 / LogL: -5237.719 / Time: 0h:0m:2s (0h:0m:1s left)
Estimate model parameters (epsilon = 0.010)
UPDATE BEST LOG-LIKELIHOOD: -5237.543
Iteration 80 / LogL: -5237.827 / Time: 0h:0m:3s (0h:0m:1s left)
Iteration 90 / LogL: -5237.775 / Time: 0h:0m:3s (0h:0m:0s left)
Iteration 100 / LogL: -5254.604 / Time: 0h:0m:3s (0h:0m:0s left)
Iteration 110 / LogL: -5237.766 / Time: 0h:0m:4s (0h:0m:0s left)
TREE SEARCH COMPLETED AFTER 115 ITERATIONS / Time: 0h:0m:4s

--------------------------------------------------------------------
|                    FINALIZING TREE SEARCH                        |
--------------------------------------------------------------------
Performs final model parameters optimization
Estimate model parameters (epsilon = 0.010)
1. Initial log-likelihood: -5237.543
Optimal log-likelihood: -5237.538
Rate parameters:  A-C: 0.992  A-G: 0.993  A-T: 0.801  C-G: 0.711  C-T: 1.034  G-T: 1.000
Base frequencies:   A: 0.221  C: 0.271  G: 0.271  T: 0.237
Gamma shape alpha: 4.381
Parameters optimization took 1 rounds (0.007 sec)
BEST SCORE FOUND : -5237.538

Testing tree branches by SH-like aLRT with 1000 replicates...
CPU Time used:  0.120 sec.
Total tree length: 9.774

Total number of iterations: 115
CPU time used for tree search: 4.128 sec (0h:0m:4s)
Wall-clock time used for tree search: 4.136 sec (0h:0m:4s)
Total CPU time used: 4.360 sec (0h:0m:4s)
Total wall-clock time used: 4.369 sec (0h:0m:4s)

Analysis results written to: 
  IQ-TREE report:                ../simulations/data_D10T0L20I10T10//S/526_pruned.fasta.iqtree
  Maximum-likelihood tree:       ../simulations/data_D10T0L20I10T10//S/526_pruned.fasta.treefile
  Likelihood distances:          ../simulations/data_D10T0L20I10T10//S/526_pruned.fasta.mldist
  Screen log file:               ../simulations/data_D10T0L20I10T10//S/526_pruned.fasta.log

Date and Time: Mon Jun  4 00:00:57 2018
