IQ-TREE version 1.4.2 for Linux 64-bit built Apr 15 2016
Copyright (c) 2011-2015 Nguyen Lam Tung, Olga Chernomor, Arndt von Haeseler and Bui Quang Minh.

Host:    meduse (AVX2, FMA3, 7 GB RAM)
Command: iqtree -s ../simulations/data_D10T0L20I10T10//S/52_pruned.fasta -m GTR+G -alrt 1000 -redo
Seed:    100831 (Using SPRNG - Scalable Parallel Random Number Generator)
Time:    Sun Jun  3 23:15:02 2018
Kernel:  AVX

NOTE: Consider using the multicore version because your CPU has 4 cores!

Reading alignment file ../simulations/data_D10T0L20I10T10//S/52_pruned.fasta ... Fasta format detected
Alignment most likely contains DNA/RNA sequences
Alignment has 26 sequences with 300 columns and 299 patterns (294 informative sites)
          Gap/Ambiguity  Composition  p-value
   1  n277_278    0.00%    passed     63.53%
   2  n286_287    0.00%    passed     40.96%
   3  n296_297    0.00%    passed     97.71%
   4  n285_286    0.00%    passed     54.18%
   5  n289_290    0.00%    passed     96.51%
   6  n274_275    0.00%    passed     91.33%
   7  n255_256    0.00%    passed     37.65%
   8  n275_276    0.00%    passed     62.43%
   9  n278_279    0.00%    passed     38.07%
  10  n299_300    0.00%    passed     92.93%
  11  n236_237    0.00%    passed     47.69%
  12  n293_294    0.00%    passed     84.13%
  13  n290_291    0.00%    passed     99.20%
  14  n297_298    0.00%    passed     87.05%
  15  n200_201    0.00%    passed     59.47%
  16  n292_293    0.00%    passed     78.70%
  17  n280_281    0.00%    passed     95.59%
  18  n295_296    0.00%    passed     98.69%
  19  n287_288    0.00%    passed     89.44%
  20  n244_245    0.00%    passed     26.76%
  21  n265_266    0.00%    passed     92.11%
  22  n266_267    0.00%    passed     83.97%
  23  n294_295    0.00%    passed     60.34%
  24  n251_252    0.00%    passed     44.52%
  25  n298_299    0.00%    passed     69.64%
  26  n300_301    0.00%    passed     87.10%
****  TOTAL       0.00%  0 sequences failed composition chi2 test (p-value<5%; df=3)

Create initial parsimony tree by phylogenetic likelihood library (PLL)... 0.002 seconds

NOTE: 1 MB RAM is required!
Estimate model parameters (epsilon = 0.100)
1. Initial log-likelihood: -5226.653
2. Current log-likelihood: -5134.140
3. Current log-likelihood: -5124.610
4. Current log-likelihood: -5122.523
5. Current log-likelihood: -5121.962
6. Current log-likelihood: -5121.816
Optimal log-likelihood: -5121.738
Rate parameters:  A-C: 1.192  A-G: 1.490  A-T: 0.942  C-G: 0.970  C-T: 1.360  G-T: 1.000
Base frequencies:   A: 0.240  C: 0.252  G: 0.265  T: 0.242
Gamma shape alpha: 3.051
Parameters optimization took 6 rounds (0.069 sec)
--------------------------------------------------------------------
|             INITIALIZING CANDIDATE TREE SET                      |
--------------------------------------------------------------------
Computing ML distances based on estimated model parameters... 0.004 sec
WARNING: Some pairwise ML distances are too long (saturated)
Computing BIONJ tree...
0.000 seconds
Log-likelihood of BIONJ tree: -5126.921
Generating 98 parsimony trees... 0.150 seconds 2 distinct starting trees
Computing log-likelihood of 2 initial trees ... 0.000 seconds
Optimizing top 2 initial trees with NNI...
Iteration 1 / LogL: -5121.738 / Time: 0h:0m:0s
Estimate model parameters (epsilon = 0.100)
BETTER SCORE FOUND at iteration 1: -5121.714
Iteration 2 / LogL: -5121.718 / Time: 0h:0m:0s
Average CPU time for 1 NNI search: 0.014
Finish initializing candidate tree set. Number of distinct locally optimal trees: 2
Current best tree score: -5121.714 / CPU time: 0.176
--------------------------------------------------------------------
|               OPTIMIZING CANDIDATE TREE SET                      |
--------------------------------------------------------------------
Estimate model parameters (epsilon = 0.010)
BETTER TREE FOUND at iteration 9: -5121.282
Iteration 10 / LogL: -5128.022 / Time: 0h:0m:0s
Iteration 20 / LogL: -5121.466 / Time: 0h:0m:1s (0h:0m:4s left)
Iteration 30 / LogL: -5465.536 / Time: 0h:0m:1s (0h:0m:3s left)
Iteration 40 / LogL: -5127.160 / Time: 0h:0m:1s (0h:0m:3s left)
Iteration 50 / LogL: -5121.350 / Time: 0h:0m:2s (0h:0m:2s left)
Iteration 60 / LogL: -5126.895 / Time: 0h:0m:2s (0h:0m:2s left)
Iteration 70 / LogL: -5121.354 / Time: 0h:0m:3s (0h:0m:1s left)
Iteration 80 / LogL: -5121.811 / Time: 0h:0m:3s (0h:0m:1s left)
Iteration 90 / LogL: -5125.108 / Time: 0h:0m:3s (0h:0m:0s left)
Iteration 100 / LogL: -5121.304 / Time: 0h:0m:4s (0h:0m:0s left)
TREE SEARCH COMPLETED AFTER 109 ITERATIONS / Time: 0h:0m:4s

--------------------------------------------------------------------
|                    FINALIZING TREE SEARCH                        |
--------------------------------------------------------------------
Performs final model parameters optimization
Estimate model parameters (epsilon = 0.010)
1. Initial log-likelihood: -5121.282
Optimal log-likelihood: -5121.281
Rate parameters:  A-C: 1.219  A-G: 1.542  A-T: 0.961  C-G: 0.983  C-T: 1.406  G-T: 1.000
Base frequencies:   A: 0.240  C: 0.252  G: 0.265  T: 0.242
Gamma shape alpha: 2.938
Parameters optimization took 1 rounds (0.007 sec)
BEST SCORE FOUND : -5121.281

Testing tree branches by SH-like aLRT with 1000 replicates...
CPU Time used:  0.132 sec.
Total tree length: 9.627

Total number of iterations: 109
CPU time used for tree search: 4.344 sec (0h:0m:4s)
Wall-clock time used for tree search: 4.350 sec (0h:0m:4s)
Total CPU time used: 4.600 sec (0h:0m:4s)
Total wall-clock time used: 4.606 sec (0h:0m:4s)

Analysis results written to: 
  IQ-TREE report:                ../simulations/data_D10T0L20I10T10//S/52_pruned.fasta.iqtree
  Maximum-likelihood tree:       ../simulations/data_D10T0L20I10T10//S/52_pruned.fasta.treefile
  Likelihood distances:          ../simulations/data_D10T0L20I10T10//S/52_pruned.fasta.mldist
  Screen log file:               ../simulations/data_D10T0L20I10T10//S/52_pruned.fasta.log

Date and Time: Sun Jun  3 23:15:06 2018
