IQ-TREE version 1.4.2 for Linux 64-bit built Apr 15 2016
Copyright (c) 2011-2015 Nguyen Lam Tung, Olga Chernomor, Arndt von Haeseler and Bui Quang Minh.

Host:    meduse (AVX2, FMA3, 7 GB RAM)
Command: iqtree -s ../simulations/data_D10T0L20I10T10//S/537_pruned.fasta -m GTR+G -alrt 1000 -redo
Seed:    600573 (Using SPRNG - Scalable Parallel Random Number Generator)
Time:    Sun Jun  3 23:41:25 2018
Kernel:  AVX

NOTE: Consider using the multicore version because your CPU has 4 cores!

Reading alignment file ../simulations/data_D10T0L20I10T10//S/537_pruned.fasta ... Fasta format detected
Alignment most likely contains DNA/RNA sequences
Alignment has 26 sequences with 300 columns and 299 patterns (295 informative sites)
          Gap/Ambiguity  Composition  p-value
   1  n277_278    0.00%    passed     25.43%
   2  n286_287    0.00%    passed     29.44%
   3  n296_297    0.00%    passed     80.37%
   4  n285_286    0.00%    passed     44.74%
   5  n289_290    0.00%    passed     66.35%
   6  n274_275    0.00%    passed     85.20%
   7  n255_256    0.00%    passed     74.83%
   8  n275_276    0.00%    passed     97.20%
   9  n278_279    0.00%    passed     29.96%
  10  n299_300    0.00%    passed     92.04%
  11  n236_237    0.00%    passed     60.14%
  12  n293_294    0.00%    passed     92.47%
  13  n290_291    0.00%    passed     82.97%
  14  n297_298    0.00%    passed     96.50%
  15  n200_201    0.00%    passed     50.89%
  16  n292_293    0.00%    passed     75.14%
  17  n280_281    0.00%    passed     50.39%
  18  n295_296    0.00%    passed     84.22%
  19  n287_288    0.00%    passed     67.42%
  20  n244_245    0.00%    passed     40.27%
  21  n265_266    0.00%    passed     23.65%
  22  n266_267    0.00%    passed     12.21%
  23  n294_295    0.00%    passed     80.19%
  24  n251_252    0.00%    passed     61.36%
  25  n298_299    0.00%    passed     99.71%
  26  n300_301    0.00%    passed     97.87%
****  TOTAL       0.00%  0 sequences failed composition chi2 test (p-value<5%; df=3)

Create initial parsimony tree by phylogenetic likelihood library (PLL)... 0.001 seconds

NOTE: 1 MB RAM is required!
Estimate model parameters (epsilon = 0.100)
1. Initial log-likelihood: -5287.797
2. Current log-likelihood: -5179.333
3. Current log-likelihood: -5165.626
4. Current log-likelihood: -5162.401
5. Current log-likelihood: -5161.091
6. Current log-likelihood: -5160.650
7. Current log-likelihood: -5160.549
Optimal log-likelihood: -5160.460
Rate parameters:  A-C: 1.262  A-G: 1.111  A-T: 1.193  C-G: 0.877  C-T: 1.576  G-T: 1.000
Base frequencies:   A: 0.249  C: 0.265  G: 0.254  T: 0.232
Gamma shape alpha: 4.779
Parameters optimization took 7 rounds (0.085 sec)
--------------------------------------------------------------------
|             INITIALIZING CANDIDATE TREE SET                      |
--------------------------------------------------------------------
Computing ML distances based on estimated model parameters... 0.004 sec
WARNING: Some pairwise ML distances are too long (saturated)
Computing BIONJ tree...
0.000 seconds
Log-likelihood of BIONJ tree: -5182.734
Generating 98 parsimony trees... 0.137 seconds 9 distinct starting trees
Computing log-likelihood of 9 initial trees ... 0.021 seconds
Optimizing top 9 initial trees with NNI...
Iteration 1 / LogL: -5160.102 / Time: 0h:0m:0s
Estimate model parameters (epsilon = 0.100)
BETTER TREE FOUND at iteration 1: -5160.060
Iteration 2 / LogL: -5160.573 / Time: 0h:0m:0s
Iteration 3 / LogL: -5157.013 / Time: 0h:0m:0s
Estimate model parameters (epsilon = 0.100)
BETTER TREE FOUND at iteration 3: -5156.488
Iteration 4 / LogL: -5160.660 / Time: 0h:0m:0s
Iteration 5 / LogL: -5160.636 / Time: 0h:0m:0s
Iteration 6 / LogL: -5156.926 / Time: 0h:0m:0s
Iteration 7 / LogL: -5160.663 / Time: 0h:0m:0s
Iteration 8 / LogL: -5160.674 / Time: 0h:0m:0s
Iteration 9 / LogL: -5159.867 / Time: 0h:0m:0s
Average CPU time for 1 NNI search: 0.016
Finish initializing candidate tree set. Number of distinct locally optimal trees: 4
Current best tree score: -5156.488 / CPU time: 0.304
--------------------------------------------------------------------
|               OPTIMIZING CANDIDATE TREE SET                      |
--------------------------------------------------------------------
Iteration 10 / LogL: -5162.744 / Time: 0h:0m:0s
Iteration 20 / LogL: -5157.901 / Time: 0h:0m:0s (0h:0m:3s left)
Iteration 30 / LogL: -5156.760 / Time: 0h:0m:1s (0h:0m:2s left)
Iteration 40 / LogL: -5156.697 / Time: 0h:0m:1s (0h:0m:2s left)
Iteration 50 / LogL: -5159.038 / Time: 0h:0m:1s (0h:0m:1s left)
Iteration 60 / LogL: -5161.391 / Time: 0h:0m:2s (0h:0m:1s left)
Iteration 70 / LogL: -5158.257 / Time: 0h:0m:2s (0h:0m:1s left)
Iteration 80 / LogL: -5156.914 / Time: 0h:0m:2s (0h:0m:0s left)
Iteration 90 / LogL: -5163.527 / Time: 0h:0m:2s (0h:0m:0s left)
Iteration 100 / LogL: -5158.449 / Time: 0h:0m:3s (0h:0m:0s left)
TREE SEARCH COMPLETED AFTER 101 ITERATIONS / Time: 0h:0m:3s

--------------------------------------------------------------------
|                    FINALIZING TREE SEARCH                        |
--------------------------------------------------------------------
Performs final model parameters optimization
Estimate model parameters (epsilon = 0.010)
1. Initial log-likelihood: -5156.488
Optimal log-likelihood: -5156.476
Rate parameters:  A-C: 1.285  A-G: 1.089  A-T: 1.167  C-G: 0.893  C-T: 1.594  G-T: 1.000
Base frequencies:   A: 0.249  C: 0.265  G: 0.254  T: 0.232
Gamma shape alpha: 5.022
Parameters optimization took 1 rounds (0.010 sec)
BEST SCORE FOUND : -5156.476

Testing tree branches by SH-like aLRT with 1000 replicates...
CPU Time used:  0.116 sec.
Total tree length: 9.619

Total number of iterations: 101
CPU time used for tree search: 3.188 sec (0h:0m:3s)
Wall-clock time used for tree search: 3.191 sec (0h:0m:3s)
Total CPU time used: 3.452 sec (0h:0m:3s)
Total wall-clock time used: 3.454 sec (0h:0m:3s)

Analysis results written to: 
  IQ-TREE report:                ../simulations/data_D10T0L20I10T10//S/537_pruned.fasta.iqtree
  Maximum-likelihood tree:       ../simulations/data_D10T0L20I10T10//S/537_pruned.fasta.treefile
  Likelihood distances:          ../simulations/data_D10T0L20I10T10//S/537_pruned.fasta.mldist
  Screen log file:               ../simulations/data_D10T0L20I10T10//S/537_pruned.fasta.log

Date and Time: Sun Jun  3 23:41:29 2018
