IQ-TREE version 1.4.2 for Linux 64-bit built Apr 15 2016
Copyright (c) 2011-2015 Nguyen Lam Tung, Olga Chernomor, Arndt von Haeseler and Bui Quang Minh.

Host:    meduse (AVX2, FMA3, 7 GB RAM)
Command: iqtree -s ../simulations/data_D10T0L20I10T10//S/53_pruned.fasta -m GTR+G -alrt 1000 -redo
Seed:    547343 (Using SPRNG - Scalable Parallel Random Number Generator)
Time:    Sun Jun  3 23:59:22 2018
Kernel:  AVX

NOTE: Consider using the multicore version because your CPU has 4 cores!

Reading alignment file ../simulations/data_D10T0L20I10T10//S/53_pruned.fasta ... Fasta format detected
Alignment most likely contains DNA/RNA sequences
Alignment has 26 sequences with 300 columns and 300 patterns (288 informative sites)
          Gap/Ambiguity  Composition  p-value
   1  n236_241    0.00%    passed     98.85%
   2  n299_304    0.00%    passed     87.72%
   3  n285_290    0.00%    passed     36.12%
   4  n297_302    0.00%    passed     67.66%
   5  n293_298    0.00%    passed     99.76%
   6  n275_280    0.00%    passed     74.20%
   7  n290_295    0.00%    passed     65.44%
   8  n287_292    0.00%    passed     73.03%
   9  n294_299    0.00%    passed     99.80%
  10  n296_301    0.00%    passed     37.70%
  11  n286_291    0.00%    passed     61.67%
  12  n265_270    0.00%    passed     34.07%
  13  n255_260    0.00%    passed     65.10%
  14  n298_303    0.00%    passed     72.42%
  15  n289_294    0.00%    passed     72.43%
  16  n278_283    0.00%    passed     48.86%
  17  n300_305    0.00%    passed     83.44%
  18  n200_203    0.00%    passed     36.87%
  19  n251_256    0.00%    passed     81.18%
  20  n292_297    0.00%    passed     72.84%
  21  n274_279    0.00%    passed     69.57%
  22  n244_249    0.00%    passed     26.89%
  23  n280_285    0.00%    passed     84.07%
  24  n266_271    0.00%    passed     46.97%
  25  n277_282    0.00%    passed     46.79%
  26  n295_300    0.00%    passed     33.79%
****  TOTAL       0.00%  0 sequences failed composition chi2 test (p-value<5%; df=3)

Create initial parsimony tree by phylogenetic likelihood library (PLL)... 0.001 seconds

NOTE: 1 MB RAM is required!
Estimate model parameters (epsilon = 0.100)
1. Initial log-likelihood: -5249.917
2. Current log-likelihood: -5148.185
3. Current log-likelihood: -5135.539
4. Current log-likelihood: -5132.227
5. Current log-likelihood: -5131.403
6. Current log-likelihood: -5131.207
Optimal log-likelihood: -5131.115
Rate parameters:  A-C: 1.452  A-G: 1.388  A-T: 1.245  C-G: 1.230  C-T: 1.332  G-T: 1.000
Base frequencies:   A: 0.222  C: 0.272  G: 0.249  T: 0.256
Gamma shape alpha: 4.152
Parameters optimization took 6 rounds (0.086 sec)
--------------------------------------------------------------------
|             INITIALIZING CANDIDATE TREE SET                      |
--------------------------------------------------------------------
Computing ML distances based on estimated model parameters... 0.000 sec
WARNING: Some pairwise ML distances are too long (saturated)
Computing BIONJ tree...
0.000 seconds
Log-likelihood of BIONJ tree: -5133.713
Generating 98 parsimony trees... 0.136 seconds 7 distinct starting trees
Computing log-likelihood of 7 initial trees ... 0.015 seconds
Optimizing top 7 initial trees with NNI...
Iteration 1 / LogL: -5131.115 / Time: 0h:0m:0s
Estimate model parameters (epsilon = 0.100)
BETTER SCORE FOUND at iteration 1: -5131.084
Iteration 2 / LogL: -5131.779 / Time: 0h:0m:0s
Iteration 3 / LogL: -5131.781 / Time: 0h:0m:0s
Iteration 4 / LogL: -5131.376 / Time: 0h:0m:0s
Iteration 5 / LogL: -5131.377 / Time: 0h:0m:0s
Iteration 6 / LogL: -5131.377 / Time: 0h:0m:0s
Iteration 7 / LogL: -5131.636 / Time: 0h:0m:0s
Average CPU time for 1 NNI search: 0.011
Finish initializing candidate tree set. Number of distinct locally optimal trees: 4
Current best tree score: -5131.084 / CPU time: 0.232
--------------------------------------------------------------------
|               OPTIMIZING CANDIDATE TREE SET                      |
--------------------------------------------------------------------
Iteration 10 / LogL: -5145.062 / Time: 0h:0m:0s
Iteration 20 / LogL: -5131.208 / Time: 0h:0m:0s (0h:0m:3s left)
Iteration 30 / LogL: -5131.695 / Time: 0h:0m:1s (0h:0m:2s left)
Iteration 40 / LogL: -5132.365 / Time: 0h:0m:1s (0h:0m:2s left)
Iteration 50 / LogL: -5131.255 / Time: 0h:0m:1s (0h:0m:1s left)
Iteration 60 / LogL: -5131.764 / Time: 0h:0m:2s (0h:0m:1s left)
Iteration 70 / LogL: -5131.247 / Time: 0h:0m:2s (0h:0m:1s left)
Iteration 80 / LogL: -5131.179 / Time: 0h:0m:2s (0h:0m:0s left)
Iteration 90 / LogL: -5131.591 / Time: 0h:0m:3s (0h:0m:0s left)
Iteration 100 / LogL: -5131.122 / Time: 0h:0m:3s (0h:0m:0s left)
TREE SEARCH COMPLETED AFTER 101 ITERATIONS / Time: 0h:0m:3s

--------------------------------------------------------------------
|                    FINALIZING TREE SEARCH                        |
--------------------------------------------------------------------
Performs final model parameters optimization
Estimate model parameters (epsilon = 0.010)
1. Initial log-likelihood: -5131.084
2. Current log-likelihood: -5131.070
Optimal log-likelihood: -5131.060
Rate parameters:  A-C: 1.425  A-G: 1.366  A-T: 1.215  C-G: 1.227  C-T: 1.299  G-T: 1.000
Base frequencies:   A: 0.222  C: 0.272  G: 0.249  T: 0.256
Gamma shape alpha: 4.245
Parameters optimization took 2 rounds (0.013 sec)
BEST SCORE FOUND : -5131.060

Testing tree branches by SH-like aLRT with 1000 replicates...
CPU Time used:  0.116 sec.
Total tree length: 8.827

Total number of iterations: 101
CPU time used for tree search: 3.316 sec (0h:0m:3s)
Wall-clock time used for tree search: 3.322 sec (0h:0m:3s)
Total CPU time used: 3.572 sec (0h:0m:3s)
Total wall-clock time used: 3.580 sec (0h:0m:3s)

Analysis results written to: 
  IQ-TREE report:                ../simulations/data_D10T0L20I10T10//S/53_pruned.fasta.iqtree
  Maximum-likelihood tree:       ../simulations/data_D10T0L20I10T10//S/53_pruned.fasta.treefile
  Likelihood distances:          ../simulations/data_D10T0L20I10T10//S/53_pruned.fasta.mldist
  Screen log file:               ../simulations/data_D10T0L20I10T10//S/53_pruned.fasta.log

Date and Time: Sun Jun  3 23:59:26 2018
