IQ-TREE version 1.4.2 for Linux 64-bit built Apr 15 2016
Copyright (c) 2011-2015 Nguyen Lam Tung, Olga Chernomor, Arndt von Haeseler and Bui Quang Minh.

Host:    meduse (AVX2, FMA3, 7 GB RAM)
Command: iqtree -s ../simulations/data_D10T0L20I10T10//S/548_pruned.fasta -m GTR+G -alrt 1000 -redo
Seed:    831462 (Using SPRNG - Scalable Parallel Random Number Generator)
Time:    Sun Jun  3 23:40:22 2018
Kernel:  AVX

NOTE: Consider using the multicore version because your CPU has 4 cores!

Reading alignment file ../simulations/data_D10T0L20I10T10//S/548_pruned.fasta ... Fasta format detected
Alignment most likely contains DNA/RNA sequences
Alignment has 26 sequences with 300 columns and 299 patterns (292 informative sites)
          Gap/Ambiguity  Composition  p-value
   1  n266_299    0.00%    passed     73.40%
   2  n294_327    0.00%    passed     97.46%
   3  n287_320    0.00%    passed     91.55%
   4  n275_308    0.00%    passed     88.50%
   5  n300_333    0.00%    passed     64.81%
   6  n299_332    0.00%    passed     70.23%
   7  n292_325    0.00%    passed     92.92%
   8  n286_319    0.00%    passed     27.10%
   9  n285_318    0.00%    passed     54.98%
  10  n297_330    0.00%    passed     98.58%
  11  n274_307    0.00%    passed     79.01%
  12  n289_322    0.00%    passed     98.17%
  13  n255_288    0.00%    passed     89.08%
  14  n277_310    0.00%    passed     48.33%
  15  n244_275    0.00%    passed     60.68%
  16  n278_311    0.00%    passed     51.01%
  17  n293_326    0.00%    passed     98.55%
  18  n296_329    0.00%    passed     64.84%
  19  n200_223    0.00%    passed     60.75%
  20  n290_323    0.00%    passed     85.46%
  21  n265_298    0.00%    passed     47.65%
  22  n236_265    0.00%    passed     63.42%
  23  n295_328    0.00%    passed     89.49%
  24  n251_284    0.00%    passed     87.75%
  25  n280_313    0.00%    passed     77.66%
  26  n298_331    0.00%    passed     85.88%
****  TOTAL       0.00%  0 sequences failed composition chi2 test (p-value<5%; df=3)

Create initial parsimony tree by phylogenetic likelihood library (PLL)... 0.002 seconds

NOTE: 1 MB RAM is required!
Estimate model parameters (epsilon = 0.100)
1. Initial log-likelihood: -5281.710
2. Current log-likelihood: -5190.098
3. Current log-likelihood: -5178.406
4. Current log-likelihood: -5176.126
5. Current log-likelihood: -5175.646
6. Current log-likelihood: -5175.504
Optimal log-likelihood: -5175.421
Rate parameters:  A-C: 1.130  A-G: 1.235  A-T: 1.278  C-G: 0.925  C-T: 1.420  G-T: 1.000
Base frequencies:   A: 0.239  C: 0.273  G: 0.262  T: 0.225
Gamma shape alpha: 3.381
Parameters optimization took 6 rounds (0.076 sec)
--------------------------------------------------------------------
|             INITIALIZING CANDIDATE TREE SET                      |
--------------------------------------------------------------------
Computing ML distances based on estimated model parameters... 0.004 sec
WARNING: Some pairwise ML distances are too long (saturated)
Computing BIONJ tree...
0.000 seconds
Log-likelihood of BIONJ tree: -5186.255
Generating 98 parsimony trees... 0.131 seconds 3 distinct starting trees
Computing log-likelihood of 3 initial trees ... 0.003 seconds
Optimizing top 3 initial trees with NNI...
Iteration 1 / LogL: -5175.421 / Time: 0h:0m:0s
Estimate model parameters (epsilon = 0.100)
BETTER SCORE FOUND at iteration 1: -5175.381
Iteration 2 / LogL: -5175.608 / Time: 0h:0m:0s
Iteration 3 / LogL: -5184.126 / Time: 0h:0m:0s
Average CPU time for 1 NNI search: 0.013
Finish initializing candidate tree set. Number of distinct locally optimal trees: 2
Current best tree score: -5175.381 / CPU time: 0.172
--------------------------------------------------------------------
|               OPTIMIZING CANDIDATE TREE SET                      |
--------------------------------------------------------------------
Iteration 10 / LogL: -5175.597 / Time: 0h:0m:0s
Estimate model parameters (epsilon = 0.010)
BETTER TREE FOUND at iteration 14: -5175.051
Iteration 20 / LogL: -5176.586 / Time: 0h:0m:0s (0h:0m:4s left)
Iteration 30 / LogL: -5175.818 / Time: 0h:0m:1s (0h:0m:3s left)
Iteration 40 / LogL: -5180.622 / Time: 0h:0m:1s (0h:0m:2s left)
Iteration 50 / LogL: -5175.887 / Time: 0h:0m:1s (0h:0m:2s left)
Iteration 60 / LogL: -5175.210 / Time: 0h:0m:2s (0h:0m:2s left)
Iteration 70 / LogL: -5175.747 / Time: 0h:0m:2s (0h:0m:1s left)
Iteration 80 / LogL: -5175.113 / Time: 0h:0m:2s (0h:0m:1s left)
Iteration 90 / LogL: -5175.233 / Time: 0h:0m:3s (0h:0m:0s left)
Iteration 100 / LogL: -5177.320 / Time: 0h:0m:3s (0h:0m:0s left)
Iteration 110 / LogL: -5191.952 / Time: 0h:0m:3s (0h:0m:0s left)
TREE SEARCH COMPLETED AFTER 114 ITERATIONS / Time: 0h:0m:3s

--------------------------------------------------------------------
|                    FINALIZING TREE SEARCH                        |
--------------------------------------------------------------------
Performs final model parameters optimization
Estimate model parameters (epsilon = 0.010)
1. Initial log-likelihood: -5175.051
Optimal log-likelihood: -5175.047
Rate parameters:  A-C: 1.131  A-G: 1.245  A-T: 1.258  C-G: 0.917  C-T: 1.389  G-T: 1.000
Base frequencies:   A: 0.239  C: 0.273  G: 0.262  T: 0.225
Gamma shape alpha: 3.455
Parameters optimization took 1 rounds (0.007 sec)
BEST SCORE FOUND : -5175.047

Testing tree branches by SH-like aLRT with 1000 replicates...
CPU Time used:  0.124 sec.
Total tree length: 9.850

Total number of iterations: 114
CPU time used for tree search: 3.792 sec (0h:0m:3s)
Wall-clock time used for tree search: 3.794 sec (0h:0m:3s)
Total CPU time used: 4.036 sec (0h:0m:4s)
Total wall-clock time used: 4.047 sec (0h:0m:4s)

Analysis results written to: 
  IQ-TREE report:                ../simulations/data_D10T0L20I10T10//S/548_pruned.fasta.iqtree
  Maximum-likelihood tree:       ../simulations/data_D10T0L20I10T10//S/548_pruned.fasta.treefile
  Likelihood distances:          ../simulations/data_D10T0L20I10T10//S/548_pruned.fasta.mldist
  Screen log file:               ../simulations/data_D10T0L20I10T10//S/548_pruned.fasta.log

Date and Time: Sun Jun  3 23:40:26 2018
