IQ-TREE version 1.4.2 for Linux 64-bit built Apr 15 2016
Copyright (c) 2011-2015 Nguyen Lam Tung, Olga Chernomor, Arndt von Haeseler and Bui Quang Minh.

Host:    meduse (AVX2, FMA3, 7 GB RAM)
Command: iqtree -s ../simulations/data_D10T0L20I10T10//S/550_pruned.fasta -m GTR+G -alrt 1000 -redo
Seed:    934418 (Using SPRNG - Scalable Parallel Random Number Generator)
Time:    Sun Jun  3 23:31:32 2018
Kernel:  AVX

NOTE: Consider using the multicore version because your CPU has 4 cores!

Reading alignment file ../simulations/data_D10T0L20I10T10//S/550_pruned.fasta ... Fasta format detected
Alignment most likely contains DNA/RNA sequences
Alignment has 26 sequences with 300 columns and 300 patterns (295 informative sites)
          Gap/Ambiguity  Composition  p-value
   1  n277_278    0.00%    passed     41.97%
   2  n286_287    0.00%    passed     92.88%
   3  n296_297    0.00%    passed     62.68%
   4  n285_286    0.00%    passed     65.76%
   5  n289_290    0.00%    passed     82.63%
   6  n274_275    0.00%    passed     89.84%
   7  n255_256    0.00%    passed     74.32%
   8  n275_276    0.00%    passed     40.84%
   9  n278_279    0.00%    passed     51.49%
  10  n299_300    0.00%    passed     87.02%
  11  n236_237    0.00%    passed     82.20%
  12  n293_294    0.00%    passed     90.31%
  13  n290_291    0.00%    passed     59.55%
  14  n297_298    0.00%    passed     89.50%
  15  n200_201    0.00%    passed     19.82%
  16  n292_293    0.00%    passed     81.88%
  17  n280_281    0.00%    passed     87.23%
  18  n295_296    0.00%    passed     51.94%
  19  n287_288    0.00%    passed     64.10%
  20  n244_245    0.00%    passed     65.84%
  21  n265_266    0.00%    passed     63.84%
  22  n266_267    0.00%    passed     31.30%
  23  n294_295    0.00%    passed     83.92%
  24  n251_252    0.00%    passed     91.78%
  25  n298_299    0.00%    passed     95.77%
  26  n300_301    0.00%    passed     86.46%
****  TOTAL       0.00%  0 sequences failed composition chi2 test (p-value<5%; df=3)

Create initial parsimony tree by phylogenetic likelihood library (PLL)... 0.002 seconds

NOTE: 1 MB RAM is required!
Estimate model parameters (epsilon = 0.100)
1. Initial log-likelihood: -5314.829
2. Current log-likelihood: -5223.076
3. Current log-likelihood: -5209.005
4. Current log-likelihood: -5206.128
5. Current log-likelihood: -5205.558
6. Current log-likelihood: -5205.409
Optimal log-likelihood: -5205.346
Rate parameters:  A-C: 1.240  A-G: 1.253  A-T: 1.073  C-G: 1.171  C-T: 1.417  G-T: 1.000
Base frequencies:   A: 0.218  C: 0.272  G: 0.270  T: 0.241
Gamma shape alpha: 4.184
Parameters optimization took 6 rounds (0.070 sec)
--------------------------------------------------------------------
|             INITIALIZING CANDIDATE TREE SET                      |
--------------------------------------------------------------------
Computing ML distances based on estimated model parameters... 0.004 sec
WARNING: Some pairwise ML distances are too long (saturated)
Computing BIONJ tree...
0.000 seconds
Log-likelihood of BIONJ tree: -5227.574
Generating 98 parsimony trees... 0.150 seconds 3 distinct starting trees
Computing log-likelihood of 3 initial trees ... 0.003 seconds
Optimizing top 3 initial trees with NNI...
Iteration 1 / LogL: -5204.928 / Time: 0h:0m:0s
Estimate model parameters (epsilon = 0.100)
BETTER TREE FOUND at iteration 1: -5204.797
Iteration 2 / LogL: -5204.880 / Time: 0h:0m:0s
Iteration 3 / LogL: -5205.644 / Time: 0h:0m:0s
Average CPU time for 1 NNI search: 0.024
Finish initializing candidate tree set. Number of distinct locally optimal trees: 3
Current best tree score: -5204.797 / CPU time: 0.224
--------------------------------------------------------------------
|               OPTIMIZING CANDIDATE TREE SET                      |
--------------------------------------------------------------------
Iteration 10 / LogL: -5205.873 / Time: 0h:0m:0s
Iteration 20 / LogL: -5218.535 / Time: 0h:0m:0s (0h:0m:3s left)
Iteration 30 / LogL: -5205.332 / Time: 0h:0m:1s (0h:0m:3s left)
Iteration 40 / LogL: -5211.412 / Time: 0h:0m:1s (0h:0m:2s left)
Iteration 50 / LogL: -5210.874 / Time: 0h:0m:2s (0h:0m:2s left)
Iteration 60 / LogL: -5206.061 / Time: 0h:0m:2s (0h:0m:1s left)
Iteration 70 / LogL: -5205.057 / Time: 0h:0m:2s (0h:0m:1s left)
Estimate model parameters (epsilon = 0.010)
UPDATE BEST LOG-LIKELIHOOD: -5204.548
Iteration 80 / LogL: -5204.928 / Time: 0h:0m:3s (0h:0m:0s left)
Iteration 90 / LogL: -5214.003 / Time: 0h:0m:3s (0h:0m:0s left)
Iteration 100 / LogL: -5210.724 / Time: 0h:0m:3s (0h:0m:0s left)
TREE SEARCH COMPLETED AFTER 101 ITERATIONS / Time: 0h:0m:3s

--------------------------------------------------------------------
|                    FINALIZING TREE SEARCH                        |
--------------------------------------------------------------------
Performs final model parameters optimization
Estimate model parameters (epsilon = 0.010)
1. Initial log-likelihood: -5204.548
Optimal log-likelihood: -5204.543
Rate parameters:  A-C: 1.261  A-G: 1.297  A-T: 1.093  C-G: 1.170  C-T: 1.473  G-T: 1.000
Base frequencies:   A: 0.218  C: 0.272  G: 0.270  T: 0.241
Gamma shape alpha: 4.159
Parameters optimization took 1 rounds (0.007 sec)
BEST SCORE FOUND : -5204.543

Testing tree branches by SH-like aLRT with 1000 replicates...
Alternative NNI shows better log-likelihood -5204.521 > -5204.543
CPU Time used:  0.124 sec.
Total tree length: 9.915

Total number of iterations: 101
CPU time used for tree search: 3.872 sec (0h:0m:3s)
Wall-clock time used for tree search: 3.875 sec (0h:0m:3s)
Total CPU time used: 4.116 sec (0h:0m:4s)
Total wall-clock time used: 4.121 sec (0h:0m:4s)

Analysis results written to: 
  IQ-TREE report:                ../simulations/data_D10T0L20I10T10//S/550_pruned.fasta.iqtree
  Maximum-likelihood tree:       ../simulations/data_D10T0L20I10T10//S/550_pruned.fasta.treefile
  Likelihood distances:          ../simulations/data_D10T0L20I10T10//S/550_pruned.fasta.mldist
  Screen log file:               ../simulations/data_D10T0L20I10T10//S/550_pruned.fasta.log

Date and Time: Sun Jun  3 23:31:37 2018
