IQ-TREE version 1.4.2 for Linux 64-bit built Apr 15 2016
Copyright (c) 2011-2015 Nguyen Lam Tung, Olga Chernomor, Arndt von Haeseler and Bui Quang Minh.

Host:    meduse (AVX2, FMA3, 7 GB RAM)
Command: iqtree -s ../simulations/data_D10T0L20I10T10//S/553_pruned.fasta -m GTR+G -alrt 1000 -redo
Seed:    762087 (Using SPRNG - Scalable Parallel Random Number Generator)
Time:    Sun Jun  3 23:51:05 2018
Kernel:  AVX

NOTE: Consider using the multicore version because your CPU has 4 cores!

Reading alignment file ../simulations/data_D10T0L20I10T10//S/553_pruned.fasta ... Fasta format detected
Alignment most likely contains DNA/RNA sequences
Alignment has 26 sequences with 300 columns and 300 patterns (293 informative sites)
          Gap/Ambiguity  Composition  p-value
   1  n200_197    0.00%    passed     15.70%
   2  n280_277    0.00%    passed     54.41%
   3  n275_272    0.00%    passed     87.09%
   4  n255_252    0.00%    failed      2.06%
   5  n292_289    0.00%    passed     78.12%
   6  n294_291    0.00%    passed     92.63%
   7  n289_286    0.00%    passed     55.21%
   8  n297_294    0.00%    passed     64.74%
   9  n286_283    0.00%    passed     57.39%
  10  n298_295    0.00%    passed     82.85%
  11  n278_275    0.00%    passed     93.13%
  12  n287_284    0.00%    passed     92.59%
  13  n300_297    0.00%    passed     78.12%
  14  n293_290    0.00%    passed     87.77%
  15  n244_241    0.00%    passed     75.11%
  16  n285_282    0.00%    passed     59.44%
  17  n236_233    0.00%    passed     16.80%
  18  n274_271    0.00%    passed     80.33%
  19  n277_274    0.00%    passed     79.73%
  20  n290_287    0.00%    passed     90.32%
  21  n296_293    0.00%    passed     34.56%
  22  n251_248    0.00%    failed      0.11%
  23  n266_263    0.00%    passed      6.09%
  24  n295_292    0.00%    passed     32.73%
  25  n265_262    0.00%    failed      3.08%
  26  n299_296    0.00%    passed     82.14%
****  TOTAL       0.00%  3 sequences failed composition chi2 test (p-value<5%; df=3)

Create initial parsimony tree by phylogenetic likelihood library (PLL)... 0.002 seconds

NOTE: 1 MB RAM is required!
Estimate model parameters (epsilon = 0.100)
1. Initial log-likelihood: -5317.309
2. Current log-likelihood: -5217.714
3. Current log-likelihood: -5204.973
4. Current log-likelihood: -5201.247
5. Current log-likelihood: -5200.071
6. Current log-likelihood: -5199.757
Optimal log-likelihood: -5199.659
Rate parameters:  A-C: 0.889  A-G: 1.626  A-T: 1.095  C-G: 1.235  C-T: 1.341  G-T: 1.000
Base frequencies:   A: 0.230  C: 0.261  G: 0.249  T: 0.260
Gamma shape alpha: 3.920
Parameters optimization took 6 rounds (0.083 sec)
--------------------------------------------------------------------
|             INITIALIZING CANDIDATE TREE SET                      |
--------------------------------------------------------------------
Computing ML distances based on estimated model parameters... 0.004 sec
WARNING: Some pairwise ML distances are too long (saturated)
Computing BIONJ tree...
0.000 seconds
Log-likelihood of BIONJ tree: -5218.893
Generating 98 parsimony trees... 0.150 seconds 2 distinct starting trees
Computing log-likelihood of 2 initial trees ... 0.000 seconds
Optimizing top 2 initial trees with NNI...
Iteration 1 / LogL: -5199.608 / Time: 0h:0m:0s
Estimate model parameters (epsilon = 0.100)
BETTER TREE FOUND at iteration 1: -5199.570
Iteration 2 / LogL: -5199.507 / Time: 0h:0m:0s
Estimate model parameters (epsilon = 0.100)
BETTER TREE FOUND at iteration 2: -5199.452
Average CPU time for 1 NNI search: 0.022
Finish initializing candidate tree set. Number of distinct locally optimal trees: 2
Current best tree score: -5199.452 / CPU time: 0.196
--------------------------------------------------------------------
|               OPTIMIZING CANDIDATE TREE SET                      |
--------------------------------------------------------------------
Iteration 10 / LogL: -5200.343 / Time: 0h:0m:0s
Iteration 20 / LogL: -5201.076 / Time: 0h:0m:0s (0h:0m:4s left)
Iteration 30 / LogL: -5200.189 / Time: 0h:0m:1s (0h:0m:3s left)
Iteration 40 / LogL: -5200.491 / Time: 0h:0m:1s (0h:0m:2s left)
Estimate model parameters (epsilon = 0.010)
UPDATE BEST LOG-LIKELIHOOD: -5199.043
Iteration 50 / LogL: -5204.960 / Time: 0h:0m:2s (0h:0m:2s left)
Iteration 60 / LogL: -5199.446 / Time: 0h:0m:2s (0h:0m:1s left)
Iteration 70 / LogL: -5199.444 / Time: 0h:0m:2s (0h:0m:1s left)
Iteration 80 / LogL: -5200.738 / Time: 0h:0m:3s (0h:0m:0s left)
Estimate model parameters (epsilon = 0.010)
BETTER TREE FOUND at iteration 87: -5198.975
Iteration 90 / LogL: -5200.861 / Time: 0h:0m:3s (0h:0m:3s left)
Iteration 100 / LogL: -5201.156 / Time: 0h:0m:3s (0h:0m:3s left)
Iteration 110 / LogL: -5199.314 / Time: 0h:0m:4s (0h:0m:2s left)
Iteration 120 / LogL: -5200.572 / Time: 0h:0m:4s (0h:0m:2s left)
Iteration 130 / LogL: -5200.429 / Time: 0h:0m:4s (0h:0m:2s left)
Iteration 140 / LogL: -5199.949 / Time: 0h:0m:5s (0h:0m:1s left)
Iteration 150 / LogL: -5199.206 / Time: 0h:0m:5s (0h:0m:1s left)
Iteration 160 / LogL: -5199.205 / Time: 0h:0m:5s (0h:0m:0s left)
Iteration 170 / LogL: -5202.680 / Time: 0h:0m:6s (0h:0m:0s left)
Iteration 180 / LogL: -5202.132 / Time: 0h:0m:6s (0h:0m:0s left)
TREE SEARCH COMPLETED AFTER 187 ITERATIONS / Time: 0h:0m:6s

--------------------------------------------------------------------
|                    FINALIZING TREE SEARCH                        |
--------------------------------------------------------------------
Performs final model parameters optimization
Estimate model parameters (epsilon = 0.010)
1. Initial log-likelihood: -5198.975
Optimal log-likelihood: -5198.974
Rate parameters:  A-C: 0.881  A-G: 1.664  A-T: 1.099  C-G: 1.264  C-T: 1.375  G-T: 1.000
Base frequencies:   A: 0.230  C: 0.261  G: 0.249  T: 0.260
Gamma shape alpha: 4.089
Parameters optimization took 1 rounds (0.007 sec)
BEST SCORE FOUND : -5198.974

Testing tree branches by SH-like aLRT with 1000 replicates...
CPU Time used:  0.120 sec.
Total tree length: 10.835

Total number of iterations: 187
CPU time used for tree search: 6.440 sec (0h:0m:6s)
Wall-clock time used for tree search: 6.442 sec (0h:0m:6s)
Total CPU time used: 6.736 sec (0h:0m:6s)
Total wall-clock time used: 6.741 sec (0h:0m:6s)

Analysis results written to: 
  IQ-TREE report:                ../simulations/data_D10T0L20I10T10//S/553_pruned.fasta.iqtree
  Maximum-likelihood tree:       ../simulations/data_D10T0L20I10T10//S/553_pruned.fasta.treefile
  Likelihood distances:          ../simulations/data_D10T0L20I10T10//S/553_pruned.fasta.mldist
  Screen log file:               ../simulations/data_D10T0L20I10T10//S/553_pruned.fasta.log

Date and Time: Sun Jun  3 23:51:12 2018
