IQ-TREE version 1.4.2 for Linux 64-bit built Apr 15 2016
Copyright (c) 2011-2015 Nguyen Lam Tung, Olga Chernomor, Arndt von Haeseler and Bui Quang Minh.

Host:    meduse (AVX2, FMA3, 7 GB RAM)
Command: iqtree -s ../simulations/data_D8T0L15I8T8//S/556_pruned.fasta -m GTR+G -alrt 1000 -redo
Seed:    139160 (Using SPRNG - Scalable Parallel Random Number Generator)
Time:    Fri May 25 22:40:35 2018
Kernel:  AVX

NOTE: Consider using the multicore version because your CPU has 4 cores!

Reading alignment file ../simulations/data_D8T0L15I8T8//S/556_pruned.fasta ... Fasta format detected
Alignment most likely contains DNA/RNA sequences
Alignment has 26 sequences with 300 columns and 181 patterns (167 informative sites)
          Gap/Ambiguity  Composition  p-value
   1  n285_292    0.00%    passed     67.64%
   2  n251_258    0.00%    passed     98.27%
   3  n275_282    0.00%    passed     79.95%
   4  n200_207    0.00%    passed     99.17%
   5  n236_243    0.00%    passed     79.18%
   6  n287_294    0.00%    passed     93.09%
   7  n295_302    0.00%    passed     93.09%
   8  n297_304    0.00%    passed     91.09%
   9  n296_303    0.00%    passed     88.17%
  10  n255_262    0.00%    passed     89.25%
  11  n294_301    0.00%    passed     93.09%
  12  n277_284    0.00%    passed     68.86%
  13  n292_299    0.00%    passed     93.68%
  14  n298_305    0.00%    passed     88.80%
  15  n293_300    0.00%    passed     93.95%
  16  n266_273    0.00%    passed     76.71%
  17  n290_297    0.00%    passed     97.40%
  18  n274_281    0.00%    passed     93.68%
  19  n244_251    0.00%    passed     43.00%
  20  n280_287    0.00%    passed     92.04%
  21  n265_272    0.00%    passed     84.83%
  22  n278_285    0.00%    passed     59.85%
  23  n299_306    0.00%    passed     92.04%
  24  n289_296    0.00%    passed     91.50%
  25  n300_307    0.00%    passed     93.68%
  26  n286_293    0.00%    passed     67.64%
****  TOTAL       0.00%  0 sequences failed composition chi2 test (p-value<5%; df=3)
NOTE: 2 identical sequences (see below) will be ignored for subsequent analysis
NOTE: n274_281 (identical to n292_299) is ignored but added at the end
NOTE: n300_307 (identical to n292_299) is ignored but added at the end

Create initial parsimony tree by phylogenetic likelihood library (PLL)... 0.001 seconds

NOTE: 0 MB RAM is required!
Estimate model parameters (epsilon = 0.100)
1. Initial log-likelihood: -2162.877
2. Current log-likelihood: -2113.506
3. Current log-likelihood: -2112.892
Optimal log-likelihood: -2112.819
Rate parameters:  A-C: 0.871  A-G: 1.178  A-T: 1.003  C-G: 0.856  C-T: 1.246  G-T: 1.000
Base frequencies:   A: 0.268  C: 0.266  G: 0.257  T: 0.209
Gamma shape alpha: 7.994
Parameters optimization took 3 rounds (0.028 sec)
--------------------------------------------------------------------
|             INITIALIZING CANDIDATE TREE SET                      |
--------------------------------------------------------------------
Computing ML distances based on estimated model parameters... 0.000 sec
Computing BIONJ tree...
0.000 seconds
Log-likelihood of BIONJ tree: -2112.819
Generating 98 parsimony trees... 0.132 seconds 27 distinct starting trees
Computing log-likelihood of 27 initial trees ... 0.071 seconds
Optimizing top 20 initial trees with NNI...
Iteration 1 / LogL: -2112.820 / Time: 0h:0m:0s
Estimate model parameters (epsilon = 0.100)
BETTER SCORE FOUND at iteration 1: -2112.776
Iteration 2 / LogL: -2112.778 / Time: 0h:0m:0s
Iteration 3 / LogL: -2112.781 / Time: 0h:0m:0s
Iteration 4 / LogL: -2112.781 / Time: 0h:0m:0s
Iteration 5 / LogL: -2112.781 / Time: 0h:0m:0s
Iteration 6 / LogL: -2112.781 / Time: 0h:0m:0s
Iteration 7 / LogL: -2112.781 / Time: 0h:0m:0s
Iteration 8 / LogL: -2112.781 / Time: 0h:0m:0s
Iteration 9 / LogL: -2112.781 / Time: 0h:0m:0s
Iteration 10 / LogL: -2112.781 / Time: 0h:0m:0s
Iteration 11 / LogL: -2112.781 / Time: 0h:0m:0s
Iteration 12 / LogL: -2112.781 / Time: 0h:0m:0s
Iteration 13 / LogL: -2112.781 / Time: 0h:0m:0s
Iteration 14 / LogL: -2112.781 / Time: 0h:0m:0s
Iteration 15 / LogL: -2112.781 / Time: 0h:0m:0s
Iteration 16 / LogL: -2112.781 / Time: 0h:0m:0s
Iteration 17 / LogL: -2112.781 / Time: 0h:0m:0s
Iteration 18 / LogL: -2112.781 / Time: 0h:0m:0s
Iteration 19 / LogL: -2112.781 / Time: 0h:0m:0s
Iteration 20 / LogL: -2112.781 / Time: 0h:0m:0s
Average CPU time for 1 NNI search: 0.007
Finish initializing candidate tree set. Number of distinct locally optimal trees: 20
Current best tree score: -2112.776 / CPU time: 0.332
--------------------------------------------------------------------
|               OPTIMIZING CANDIDATE TREE SET                      |
--------------------------------------------------------------------
Iteration 30 / LogL: -2112.778 / Time: 0h:0m:0s (0h:0m:1s left)
Iteration 40 / LogL: -2112.783 / Time: 0h:0m:0s (0h:0m:1s left)
Iteration 50 / LogL: -2112.938 / Time: 0h:0m:0s (0h:0m:0s left)
Iteration 60 / LogL: -2112.864 / Time: 0h:0m:1s (0h:0m:0s left)
Iteration 70 / LogL: -2112.778 / Time: 0h:0m:1s (0h:0m:0s left)
Iteration 80 / LogL: -2112.778 / Time: 0h:0m:1s (0h:0m:0s left)
Iteration 90 / LogL: -2112.855 / Time: 0h:0m:1s (0h:0m:0s left)
Iteration 100 / LogL: -2511.135 / Time: 0h:0m:1s (0h:0m:0s left)
TREE SEARCH COMPLETED AFTER 101 ITERATIONS / Time: 0h:0m:1s

--------------------------------------------------------------------
|                    FINALIZING TREE SEARCH                        |
--------------------------------------------------------------------
Performs final model parameters optimization
Estimate model parameters (epsilon = 0.010)
1. Initial log-likelihood: -2112.776
2. Current log-likelihood: -2112.753
3. Current log-likelihood: -2112.739
Optimal log-likelihood: -2112.729
Rate parameters:  A-C: 0.828  A-G: 1.148  A-T: 0.963  C-G: 0.812  C-T: 1.193  G-T: 1.000
Base frequencies:   A: 0.268  C: 0.266  G: 0.257  T: 0.209
Gamma shape alpha: 8.075
Parameters optimization took 3 rounds (0.018 sec)
BEST SCORE FOUND : -2112.729

Testing tree branches by SH-like aLRT with 1000 replicates...
CPU Time used:  0.136 sec.
Total tree length: 1.296

Total number of iterations: 101
CPU time used for tree search: 1.868 sec (0h:0m:1s)
Wall-clock time used for tree search: 1.890 sec (0h:0m:1s)
Total CPU time used: 2.064 sec (0h:0m:2s)
Total wall-clock time used: 2.091 sec (0h:0m:2s)

Analysis results written to: 
  IQ-TREE report:                ../simulations/data_D8T0L15I8T8//S/556_pruned.fasta.iqtree
  Maximum-likelihood tree:       ../simulations/data_D8T0L15I8T8//S/556_pruned.fasta.treefile
  Likelihood distances:          ../simulations/data_D8T0L15I8T8//S/556_pruned.fasta.mldist
  Screen log file:               ../simulations/data_D8T0L15I8T8//S/556_pruned.fasta.log

Date and Time: Fri May 25 22:40:37 2018
