IQ-TREE version 1.4.2 for Linux 64-bit built Apr 15 2016
Copyright (c) 2011-2015 Nguyen Lam Tung, Olga Chernomor, Arndt von Haeseler and Bui Quang Minh.

Host:    meduse (AVX2, FMA3, 7 GB RAM)
Command: iqtree -s ../simulations/data_D10T0L20I10T10//S/557_pruned.fasta -m GTR+G -alrt 1000 -redo
Seed:    663025 (Using SPRNG - Scalable Parallel Random Number Generator)
Time:    Fri Jun  1 10:56:59 2018
Kernel:  AVX

NOTE: Consider using the multicore version because your CPU has 4 cores!

Reading alignment file ../simulations/data_D10T0L20I10T10//S/557_pruned.fasta ... Fasta format detected
Alignment most likely contains DNA/RNA sequences
Alignment has 26 sequences with 300 columns and 173 patterns (157 informative sites)
          Gap/Ambiguity  Composition  p-value
   1  n289_290    0.00%    passed     99.53%
   2  n294_295    0.00%    passed     99.97%
   3  n295_296    0.00%    passed     99.70%
   4  n266_267    0.00%    passed     94.76%
   5  n299_300    0.00%    passed     95.96%
   6  n298_299    0.00%    passed     98.92%
   7  n290_291    0.00%    passed     99.57%
   8  n274_275    0.00%    passed     97.85%
   9  n251_252    0.00%    passed     47.83%
  10  n293_294    0.00%    passed     99.15%
  11  n265_266    0.00%    passed     96.67%
  12  n296_297    0.00%    passed     99.74%
  13  n300_301    0.00%    passed     95.96%
  14  n244_245    0.00%    passed     71.02%
  15  n278_279    0.00%    passed     96.16%
  16  n287_288    0.00%    passed     99.63%
  17  n200_201    0.00%    passed     65.63%
  18  n277_278    0.00%    passed     98.49%
  19  n297_298    0.00%    passed     99.06%
  20  n236_237    0.00%    passed     80.44%
  21  n280_281    0.00%    passed     97.83%
  22  n285_286    0.00%    passed     98.13%
  23  n275_276    0.00%    passed     99.28%
  24  n255_256    0.00%    passed     87.21%
  25  n292_293    0.00%    passed     95.96%
  26  n286_287    0.00%    passed     94.42%
****  TOTAL       0.00%  0 sequences failed composition chi2 test (p-value<5%; df=3)
NOTE: 2 identical sequences (see below) will be ignored for subsequent analysis
NOTE: n300_301 (identical to n299_300) is ignored but added at the end
NOTE: n292_293 (identical to n299_300) is ignored but added at the end

Create initial parsimony tree by phylogenetic likelihood library (PLL)... 0.001 seconds

NOTE: 0 MB RAM is required!
Estimate model parameters (epsilon = 0.100)
1. Initial log-likelihood: -2016.271
2. Current log-likelihood: -1961.626
3. Current log-likelihood: -1961.262
Optimal log-likelihood: -1961.258
Rate parameters:  A-C: 0.945  A-G: 1.401  A-T: 1.263  C-G: 1.069  C-T: 1.270  G-T: 1.000
Base frequencies:   A: 0.207  C: 0.285  G: 0.279  T: 0.230
Gamma shape alpha: 15.498
Parameters optimization took 3 rounds (0.022 sec)
--------------------------------------------------------------------
|             INITIALIZING CANDIDATE TREE SET                      |
--------------------------------------------------------------------
Computing ML distances based on estimated model parameters... 0.004 sec
Computing BIONJ tree...
0.000 seconds
Log-likelihood of BIONJ tree: -1961.257
Generating 98 parsimony trees... 0.075 seconds 94 distinct starting trees
Computing log-likelihood of 94 initial trees ... 0.152 seconds
Optimizing top 20 initial trees with NNI...
Iteration 1 / LogL: -1961.258 / Time: 0h:0m:0s
Estimate model parameters (epsilon = 0.100)
BETTER SCORE FOUND at iteration 1: -1961.255
Iteration 2 / LogL: -1961.258 / Time: 0h:0m:0s
Iteration 3 / LogL: -1961.261 / Time: 0h:0m:0s
Iteration 4 / LogL: -1961.261 / Time: 0h:0m:0s
Iteration 5 / LogL: -1961.261 / Time: 0h:0m:0s
Iteration 6 / LogL: -1961.261 / Time: 0h:0m:0s
Iteration 7 / LogL: -1961.261 / Time: 0h:0m:0s
Iteration 8 / LogL: -1961.261 / Time: 0h:0m:0s
Iteration 9 / LogL: -1961.261 / Time: 0h:0m:0s
Iteration 10 / LogL: -1961.261 / Time: 0h:0m:0s
Iteration 11 / LogL: -1961.261 / Time: 0h:0m:0s
Iteration 12 / LogL: -1961.261 / Time: 0h:0m:0s
Iteration 13 / LogL: -1961.261 / Time: 0h:0m:0s
Iteration 14 / LogL: -1961.261 / Time: 0h:0m:0s
Iteration 15 / LogL: -1961.261 / Time: 0h:0m:0s
Iteration 16 / LogL: -1961.261 / Time: 0h:0m:0s
Iteration 17 / LogL: -1961.261 / Time: 0h:0m:0s
Iteration 18 / LogL: -1961.261 / Time: 0h:0m:0s
Iteration 19 / LogL: -1961.261 / Time: 0h:0m:0s
Iteration 20 / LogL: -1961.261 / Time: 0h:0m:0s
Average CPU time for 1 NNI search: 0.004
Finish initializing candidate tree set. Number of distinct locally optimal trees: 20
Current best tree score: -1961.255 / CPU time: 0.312
--------------------------------------------------------------------
|               OPTIMIZING CANDIDATE TREE SET                      |
--------------------------------------------------------------------
Iteration 30 / LogL: -1969.973 / Time: 0h:0m:0s (0h:0m:1s left)
Iteration 40 / LogL: -1961.292 / Time: 0h:0m:0s (0h:0m:0s left)
Iteration 50 / LogL: -1961.423 / Time: 0h:0m:0s (0h:0m:0s left)
Iteration 60 / LogL: -1961.259 / Time: 0h:0m:0s (0h:0m:0s left)
Iteration 70 / LogL: -1961.290 / Time: 0h:0m:0s (0h:0m:0s left)
Iteration 80 / LogL: -1961.282 / Time: 0h:0m:1s (0h:0m:0s left)
Iteration 90 / LogL: -1961.335 / Time: 0h:0m:1s (0h:0m:0s left)
Iteration 100 / LogL: -1967.540 / Time: 0h:0m:1s (0h:0m:0s left)
TREE SEARCH COMPLETED AFTER 101 ITERATIONS / Time: 0h:0m:1s

--------------------------------------------------------------------
|                    FINALIZING TREE SEARCH                        |
--------------------------------------------------------------------
Performs final model parameters optimization
Estimate model parameters (epsilon = 0.010)
1. Initial log-likelihood: -1961.255
Optimal log-likelihood: -1961.255
Rate parameters:  A-C: 0.941  A-G: 1.397  A-T: 1.256  C-G: 1.065  C-T: 1.265  G-T: 1.000
Base frequencies:   A: 0.207  C: 0.285  G: 0.279  T: 0.230
Gamma shape alpha: 15.537
Parameters optimization took 1 rounds (0.004 sec)
BEST SCORE FOUND : -1961.255

Testing tree branches by SH-like aLRT with 1000 replicates...
CPU Time used:  0.092 sec.
Total tree length: 1.144

Total number of iterations: 101
CPU time used for tree search: 1.200 sec (0h:0m:1s)
Wall-clock time used for tree search: 1.199 sec (0h:0m:1s)
Total CPU time used: 1.324 sec (0h:0m:1s)
Total wall-clock time used: 1.334 sec (0h:0m:1s)

Analysis results written to: 
  IQ-TREE report:                ../simulations/data_D10T0L20I10T10//S/557_pruned.fasta.iqtree
  Maximum-likelihood tree:       ../simulations/data_D10T0L20I10T10//S/557_pruned.fasta.treefile
  Likelihood distances:          ../simulations/data_D10T0L20I10T10//S/557_pruned.fasta.mldist
  Screen log file:               ../simulations/data_D10T0L20I10T10//S/557_pruned.fasta.log

Date and Time: Fri Jun  1 10:57:00 2018
