IQ-TREE version 1.4.2 for Linux 64-bit built Apr 15 2016
Copyright (c) 2011-2015 Nguyen Lam Tung, Olga Chernomor, Arndt von Haeseler and Bui Quang Minh.

Host:    meduse (AVX2, FMA3, 7 GB RAM)
Command: iqtree -s ../simulations/data_D10T0L20I10T10//S/559_pruned.fasta -m GTR+G -alrt 1000 -redo
Seed:    161574 (Using SPRNG - Scalable Parallel Random Number Generator)
Time:    Sun Jun  3 23:49:26 2018
Kernel:  AVX

NOTE: Consider using the multicore version because your CPU has 4 cores!

Reading alignment file ../simulations/data_D10T0L20I10T10//S/559_pruned.fasta ... Fasta format detected
Alignment most likely contains DNA/RNA sequences
Alignment has 25 sequences with 300 columns and 300 patterns (294 informative sites)
          Gap/Ambiguity  Composition  p-value
   1  n280_277    0.00%    passed     99.51%
   2  n275_272    0.00%    passed     81.17%
   3  n255_252    0.00%    passed     91.35%
   4  n292_289    0.00%    passed     91.21%
   5  n294_291    0.00%    passed     80.45%
   6  n297_294    0.00%    passed     92.21%
   7  n286_283    0.00%    passed     89.27%
   8  n278_275    0.00%    passed     70.17%
   9  n287_284    0.00%    passed     84.32%
  10  n300_297    0.00%    passed     97.21%
  11  n293_290    0.00%    passed     91.21%
  12  n244_241    0.00%    passed     97.39%
  13  n285_282    0.00%    passed     99.82%
  14  n236_233    0.00%    passed     85.11%
  15  n274_271    0.00%    passed     73.13%
  16  n289_286    0.00%    passed     90.25%
  17  n296_293    0.00%    passed     81.05%
  18  n251_248    0.00%    passed     80.56%
  19  n266_263    0.00%    passed     73.20%
  20  n295_292    0.00%    passed     81.19%
  21  n298_295    0.00%    passed     88.94%
  22  n265_262    0.00%    passed     27.70%
  23  n277_274    0.00%    passed     49.24%
  24  n290_287    0.00%    passed     88.95%
  25  n299_296    0.00%    passed     97.98%
****  TOTAL       0.00%  0 sequences failed composition chi2 test (p-value<5%; df=3)

Create initial parsimony tree by phylogenetic likelihood library (PLL)... 0.001 seconds

NOTE: 1 MB RAM is required!
Estimate model parameters (epsilon = 0.100)
1. Initial log-likelihood: -4993.915
2. Current log-likelihood: -4910.022
3. Current log-likelihood: -4894.415
4. Current log-likelihood: -4891.516
5. Current log-likelihood: -4890.832
6. Current log-likelihood: -4890.677
Optimal log-likelihood: -4890.608
Rate parameters:  A-C: 1.206  A-G: 1.540  A-T: 0.995  C-G: 1.158  C-T: 1.377  G-T: 1.000
Base frequencies:   A: 0.244  C: 0.299  G: 0.229  T: 0.227
Gamma shape alpha: 4.468
Parameters optimization took 6 rounds (0.063 sec)
--------------------------------------------------------------------
|             INITIALIZING CANDIDATE TREE SET                      |
--------------------------------------------------------------------
Computing ML distances based on estimated model parameters... 0.004 sec
WARNING: Some pairwise ML distances are too long (saturated)
Computing BIONJ tree...
0.000 seconds
Log-likelihood of BIONJ tree: -4890.899
Generating 98 parsimony trees... 0.148 seconds 3 distinct starting trees
Computing log-likelihood of 3 initial trees ... 0.003 seconds
Optimizing top 3 initial trees with NNI...
Iteration 1 / LogL: -4890.608 / Time: 0h:0m:0s
Estimate model parameters (epsilon = 0.100)
BETTER SCORE FOUND at iteration 1: -4890.586
Iteration 2 / LogL: -4890.584 / Time: 0h:0m:0s
Iteration 3 / LogL: -4890.652 / Time: 0h:0m:0s
Average CPU time for 1 NNI search: 0.013
Finish initializing candidate tree set. Number of distinct locally optimal trees: 2
Current best tree score: -4890.584 / CPU time: 0.192
--------------------------------------------------------------------
|               OPTIMIZING CANDIDATE TREE SET                      |
--------------------------------------------------------------------
Iteration 10 / LogL: -4892.770 / Time: 0h:0m:0s
Iteration 20 / LogL: -4897.182 / Time: 0h:0m:0s (0h:0m:3s left)
Iteration 30 / LogL: -4892.521 / Time: 0h:0m:1s (0h:0m:3s left)
Iteration 40 / LogL: -4892.816 / Time: 0h:0m:1s (0h:0m:2s left)
Iteration 50 / LogL: -4890.632 / Time: 0h:0m:2s (0h:0m:2s left)
Iteration 60 / LogL: -4896.254 / Time: 0h:0m:2s (0h:0m:1s left)
Iteration 70 / LogL: -4890.595 / Time: 0h:0m:2s (0h:0m:1s left)
Iteration 80 / LogL: -4890.632 / Time: 0h:0m:3s (0h:0m:0s left)
Iteration 90 / LogL: -4890.632 / Time: 0h:0m:3s (0h:0m:0s left)
Iteration 100 / LogL: -4900.208 / Time: 0h:0m:4s (0h:0m:0s left)
TREE SEARCH COMPLETED AFTER 101 ITERATIONS / Time: 0h:0m:4s

--------------------------------------------------------------------
|                    FINALIZING TREE SEARCH                        |
--------------------------------------------------------------------
Performs final model parameters optimization
Estimate model parameters (epsilon = 0.010)
1. Initial log-likelihood: -4890.584
Optimal log-likelihood: -4890.574
Rate parameters:  A-C: 1.197  A-G: 1.523  A-T: 0.985  C-G: 1.150  C-T: 1.358  G-T: 1.000
Base frequencies:   A: 0.244  C: 0.299  G: 0.229  T: 0.227
Gamma shape alpha: 4.538
Parameters optimization took 1 rounds (0.007 sec)
BEST SCORE FOUND : -4890.574

Testing tree branches by SH-like aLRT with 1000 replicates...
CPU Time used:  0.124 sec.
Total tree length: 8.190

Total number of iterations: 101
CPU time used for tree search: 4.036 sec (0h:0m:4s)
Wall-clock time used for tree search: 4.035 sec (0h:0m:4s)
Total CPU time used: 4.256 sec (0h:0m:4s)
Total wall-clock time used: 4.266 sec (0h:0m:4s)

Analysis results written to: 
  IQ-TREE report:                ../simulations/data_D10T0L20I10T10//S/559_pruned.fasta.iqtree
  Maximum-likelihood tree:       ../simulations/data_D10T0L20I10T10//S/559_pruned.fasta.treefile
  Likelihood distances:          ../simulations/data_D10T0L20I10T10//S/559_pruned.fasta.mldist
  Screen log file:               ../simulations/data_D10T0L20I10T10//S/559_pruned.fasta.log

Date and Time: Sun Jun  3 23:49:30 2018
