IQ-TREE version 1.4.2 for Linux 64-bit built Apr 15 2016
Copyright (c) 2011-2015 Nguyen Lam Tung, Olga Chernomor, Arndt von Haeseler and Bui Quang Minh.

Host:    meduse (AVX2, FMA3, 7 GB RAM)
Command: iqtree -s ../simulations/data_D10T0L20I10T10//S/567_pruned.fasta -m GTR+G -alrt 1000 -redo
Seed:    156587 (Using SPRNG - Scalable Parallel Random Number Generator)
Time:    Sun Jun  3 23:21:59 2018
Kernel:  AVX

NOTE: Consider using the multicore version because your CPU has 4 cores!

Reading alignment file ../simulations/data_D10T0L20I10T10//S/567_pruned.fasta ... Fasta format detected
Alignment most likely contains DNA/RNA sequences
Alignment has 26 sequences with 300 columns and 300 patterns (295 informative sites)
          Gap/Ambiguity  Composition  p-value
   1  n277_278    0.00%    passed     55.01%
   2  n286_287    0.00%    passed     32.19%
   3  n296_297    0.00%    passed     99.94%
   4  n285_286    0.00%    passed     33.87%
   5  n289_290    0.00%    passed     87.74%
   6  n274_275    0.00%    failed      4.84%
   7  n255_256    0.00%    passed     58.27%
   8  n275_276    0.00%    passed     94.88%
   9  n278_279    0.00%    passed     17.46%
  10  n299_300    0.00%    passed     30.29%
  11  n236_237    0.00%    passed     71.67%
  12  n293_294    0.00%    passed     93.37%
  13  n290_291    0.00%    passed     91.90%
  14  n297_298    0.00%    passed     73.88%
  15  n200_201    0.00%    passed     20.57%
  16  n292_293    0.00%    passed     28.06%
  17  n280_281    0.00%    passed     28.06%
  18  n295_296    0.00%    passed     98.70%
  19  n287_288    0.00%    passed     82.39%
  20  n244_245    0.00%    passed     54.69%
  21  n265_266    0.00%    passed     31.09%
  22  n266_267    0.00%    passed     14.11%
  23  n294_295    0.00%    passed     89.58%
  24  n251_252    0.00%    passed     96.78%
  25  n298_299    0.00%    passed     86.11%
  26  n300_301    0.00%    passed     28.13%
****  TOTAL       0.00%  1 sequences failed composition chi2 test (p-value<5%; df=3)

Create initial parsimony tree by phylogenetic likelihood library (PLL)... 0.002 seconds

NOTE: 1 MB RAM is required!
Estimate model parameters (epsilon = 0.100)
1. Initial log-likelihood: -5345.186
2. Current log-likelihood: -5245.891
3. Current log-likelihood: -5229.876
4. Current log-likelihood: -5226.153
5. Current log-likelihood: -5225.321
6. Current log-likelihood: -5225.153
Optimal log-likelihood: -5225.102
Rate parameters:  A-C: 0.866  A-G: 1.206  A-T: 0.650  C-G: 0.991  C-T: 1.270  G-T: 1.000
Base frequencies:   A: 0.226  C: 0.277  G: 0.239  T: 0.258
Gamma shape alpha: 5.614
Parameters optimization took 6 rounds (0.075 sec)
--------------------------------------------------------------------
|             INITIALIZING CANDIDATE TREE SET                      |
--------------------------------------------------------------------
Computing ML distances based on estimated model parameters... 0.004 sec
WARNING: Some pairwise ML distances are too long (saturated)
Computing BIONJ tree...
0.000 seconds
Log-likelihood of BIONJ tree: -5232.356
Generating 98 parsimony trees... 0.141 seconds 13 distinct starting trees
Computing log-likelihood of 13 initial trees ... 0.034 seconds
Optimizing top 13 initial trees with NNI...
Iteration 1 / LogL: -5224.794 / Time: 0h:0m:0s
Estimate model parameters (epsilon = 0.100)
BETTER TREE FOUND at iteration 1: -5224.733
Iteration 2 / LogL: -5225.058 / Time: 0h:0m:0s
Iteration 3 / LogL: -5225.058 / Time: 0h:0m:0s
Iteration 4 / LogL: -5225.087 / Time: 0h:0m:0s
Iteration 5 / LogL: -5225.087 / Time: 0h:0m:0s
Iteration 6 / LogL: -5225.087 / Time: 0h:0m:0s
Iteration 7 / LogL: -5225.082 / Time: 0h:0m:0s
Iteration 8 / LogL: -5225.083 / Time: 0h:0m:0s
Iteration 9 / LogL: -5225.083 / Time: 0h:0m:0s
Iteration 10 / LogL: -5225.109 / Time: 0h:0m:0s
Iteration 11 / LogL: -5225.109 / Time: 0h:0m:0s
Iteration 12 / LogL: -5225.110 / Time: 0h:0m:0s
Iteration 13 / LogL: -5225.142 / Time: 0h:0m:0s
Average CPU time for 1 NNI search: 0.014
Finish initializing candidate tree set. Number of distinct locally optimal trees: 4
Current best tree score: -5224.733 / CPU time: 0.356
--------------------------------------------------------------------
|               OPTIMIZING CANDIDATE TREE SET                      |
--------------------------------------------------------------------
Estimate model parameters (epsilon = 0.010)
UPDATE BEST LOG-LIKELIHOOD: -5224.059
Iteration 20 / LogL: -5225.857 / Time: 0h:0m:0s (0h:0m:3s left)
Iteration 30 / LogL: -5224.373 / Time: 0h:0m:1s (0h:0m:2s left)
Estimate model parameters (epsilon = 0.010)
UPDATE BEST LOG-LIKELIHOOD: -5223.532
Iteration 40 / LogL: -5223.960 / Time: 0h:0m:1s (0h:0m:2s left)
Iteration 50 / LogL: -5224.773 / Time: 0h:0m:1s (0h:0m:1s left)
Iteration 60 / LogL: -5224.608 / Time: 0h:0m:2s (0h:0m:1s left)
Iteration 70 / LogL: -5227.114 / Time: 0h:0m:2s (0h:0m:1s left)
Iteration 80 / LogL: -5228.944 / Time: 0h:0m:2s (0h:0m:0s left)
Iteration 90 / LogL: -5223.735 / Time: 0h:0m:3s (0h:0m:0s left)
Iteration 100 / LogL: -5225.156 / Time: 0h:0m:3s (0h:0m:0s left)
TREE SEARCH COMPLETED AFTER 101 ITERATIONS / Time: 0h:0m:3s

--------------------------------------------------------------------
|                    FINALIZING TREE SEARCH                        |
--------------------------------------------------------------------
Performs final model parameters optimization
Estimate model parameters (epsilon = 0.010)
1. Initial log-likelihood: -5223.532
Optimal log-likelihood: -5223.532
Rate parameters:  A-C: 0.859  A-G: 1.221  A-T: 0.641  C-G: 0.979  C-T: 1.282  G-T: 1.000
Base frequencies:   A: 0.226  C: 0.277  G: 0.239  T: 0.258
Gamma shape alpha: 5.753
Parameters optimization took 1 rounds (0.006 sec)
BEST SCORE FOUND : -5223.532

Testing tree branches by SH-like aLRT with 1000 replicates...
CPU Time used:  0.116 sec.
Total tree length: 8.982

Total number of iterations: 101
CPU time used for tree search: 3.368 sec (0h:0m:3s)
Wall-clock time used for tree search: 3.370 sec (0h:0m:3s)
Total CPU time used: 3.608 sec (0h:0m:3s)
Total wall-clock time used: 3.613 sec (0h:0m:3s)

Analysis results written to: 
  IQ-TREE report:                ../simulations/data_D10T0L20I10T10//S/567_pruned.fasta.iqtree
  Maximum-likelihood tree:       ../simulations/data_D10T0L20I10T10//S/567_pruned.fasta.treefile
  Likelihood distances:          ../simulations/data_D10T0L20I10T10//S/567_pruned.fasta.mldist
  Screen log file:               ../simulations/data_D10T0L20I10T10//S/567_pruned.fasta.log

Date and Time: Sun Jun  3 23:22:02 2018
