IQ-TREE version 1.4.2 for Linux 64-bit built Apr 15 2016
Copyright (c) 2011-2015 Nguyen Lam Tung, Olga Chernomor, Arndt von Haeseler and Bui Quang Minh.

Host:    meduse (AVX2, FMA3, 7 GB RAM)
Command: iqtree -s ../simulations/data_D10T0L20I10T10//S/574_pruned.fasta -m GTR+G -alrt 1000 -redo
Seed:    706819 (Using SPRNG - Scalable Parallel Random Number Generator)
Time:    Fri Jun  1 10:57:21 2018
Kernel:  AVX

NOTE: Consider using the multicore version because your CPU has 4 cores!

Reading alignment file ../simulations/data_D10T0L20I10T10//S/574_pruned.fasta ... Fasta format detected
Alignment most likely contains DNA/RNA sequences
Alignment has 19 sequences with 300 columns and 152 patterns (137 informative sites)
          Gap/Ambiguity  Composition  p-value
   1  n275_250    0.00%    passed     86.73%
   2  n289_258    0.00%    passed     87.19%
   3  n244_229    0.00%    passed     67.20%
   4  n293_260    0.00%    passed     97.07%
   5  n297_264    0.00%    passed     97.81%
   6  n251_236    0.00%    passed     90.47%
   7  n266_245    0.00%    passed     71.15%
   8  n285_254    0.00%    passed     73.50%
   9  n290_259    0.00%    passed     92.57%
  10  n236_221    0.00%    passed     94.17%
  11  n255_238    0.00%    passed     95.64%
  12  n200_193    0.00%    passed     96.37%
  13  n265_244    0.00%    passed     76.61%
  14  n295_262    0.00%    passed     98.61%
  15  n286_255    0.00%    passed     70.91%
  16  n296_263    0.00%    passed     97.04%
  17  n287_256    0.00%    passed     94.03%
  18  n294_261    0.00%    passed     97.07%
  19  n298_265    0.00%    passed     93.51%
****  TOTAL       0.00%  0 sequences failed composition chi2 test (p-value<5%; df=3)
NOTE: 1 identical sequences (see below) will be ignored for subsequent analysis
NOTE: n294_261 (identical to n293_260) is ignored but added at the end

Create initial parsimony tree by phylogenetic likelihood library (PLL)... 0.000 seconds

NOTE: 0 MB RAM is required!
Estimate model parameters (epsilon = 0.100)
1. Initial log-likelihood: -1755.836
2. Current log-likelihood: -1717.890
3. Current log-likelihood: -1717.335
Optimal log-likelihood: -1717.314
Rate parameters:  A-C: 0.745  A-G: 0.644  A-T: 0.802  C-G: 0.943  C-T: 0.891  G-T: 1.000
Base frequencies:   A: 0.254  C: 0.274  G: 0.261  T: 0.212
Gamma shape alpha: 998.744
Parameters optimization took 3 rounds (0.015 sec)
--------------------------------------------------------------------
|             INITIALIZING CANDIDATE TREE SET                      |
--------------------------------------------------------------------
Computing ML distances based on estimated model parameters... 0.000 sec
Computing BIONJ tree...
0.000 seconds
Log-likelihood of BIONJ tree: -1717.313
Generating 98 parsimony trees... 0.046 seconds 25 distinct starting trees
Computing log-likelihood of 25 initial trees ... 0.027 seconds
Optimizing top 20 initial trees with NNI...
Iteration 1 / LogL: -1717.314 / Time: 0h:0m:0s
Estimate model parameters (epsilon = 0.100)
BETTER SCORE FOUND at iteration 1: -1717.305
Iteration 2 / LogL: -1717.306 / Time: 0h:0m:0s
Iteration 3 / LogL: -1717.306 / Time: 0h:0m:0s
Iteration 4 / LogL: -1717.306 / Time: 0h:0m:0s
Iteration 5 / LogL: -1717.306 / Time: 0h:0m:0s
Iteration 6 / LogL: -1717.306 / Time: 0h:0m:0s
Iteration 7 / LogL: -1717.306 / Time: 0h:0m:0s
Iteration 8 / LogL: -1717.306 / Time: 0h:0m:0s
Iteration 9 / LogL: -1717.306 / Time: 0h:0m:0s
Iteration 10 / LogL: -1717.306 / Time: 0h:0m:0s
Iteration 11 / LogL: -1717.306 / Time: 0h:0m:0s
Iteration 12 / LogL: -1717.306 / Time: 0h:0m:0s
Iteration 13 / LogL: -1717.306 / Time: 0h:0m:0s
Iteration 14 / LogL: -1717.306 / Time: 0h:0m:0s
Iteration 15 / LogL: -1717.306 / Time: 0h:0m:0s
Iteration 16 / LogL: -1717.306 / Time: 0h:0m:0s
Iteration 17 / LogL: -1717.306 / Time: 0h:0m:0s
Iteration 18 / LogL: -1717.306 / Time: 0h:0m:0s
Iteration 19 / LogL: -1717.306 / Time: 0h:0m:0s
Iteration 20 / LogL: -1717.306 / Time: 0h:0m:0s
Average CPU time for 1 NNI search: 0.003
Finish initializing candidate tree set. Number of distinct locally optimal trees: 20
Current best tree score: -1717.305 / CPU time: 0.128
--------------------------------------------------------------------
|               OPTIMIZING CANDIDATE TREE SET                      |
--------------------------------------------------------------------
Iteration 30 / LogL: -1731.263 / Time: 0h:0m:0s (0h:0m:0s left)
Iteration 40 / LogL: -2162.467 / Time: 0h:0m:0s (0h:0m:0s left)
Iteration 50 / LogL: -2177.422 / Time: 0h:0m:0s (0h:0m:0s left)
Iteration 60 / LogL: -1717.305 / Time: 0h:0m:0s (0h:0m:0s left)
Iteration 70 / LogL: -1717.306 / Time: 0h:0m:0s (0h:0m:0s left)
Iteration 80 / LogL: -1717.311 / Time: 0h:0m:0s (0h:0m:0s left)
Iteration 90 / LogL: -1717.308 / Time: 0h:0m:0s (0h:0m:0s left)
Iteration 100 / LogL: -1717.306 / Time: 0h:0m:0s (0h:0m:0s left)
TREE SEARCH COMPLETED AFTER 101 ITERATIONS / Time: 0h:0m:0s

--------------------------------------------------------------------
|                    FINALIZING TREE SEARCH                        |
--------------------------------------------------------------------
Performs final model parameters optimization
Estimate model parameters (epsilon = 0.010)
1. Initial log-likelihood: -1717.305
Optimal log-likelihood: -1717.301
Rate parameters:  A-C: 0.761  A-G: 0.652  A-T: 0.811  C-G: 0.953  C-T: 0.897  G-T: 1.000
Base frequencies:   A: 0.254  C: 0.274  G: 0.261  T: 0.212
Gamma shape alpha: 998.744
Parameters optimization took 1 rounds (0.003 sec)
BEST SCORE FOUND : -1717.301

Testing tree branches by SH-like aLRT with 1000 replicates...
CPU Time used:  0.068 sec.
Total tree length: 0.985

Total number of iterations: 101
CPU time used for tree search: 0.688 sec (0h:0m:0s)
Wall-clock time used for tree search: 0.688 sec (0h:0m:0s)
Total CPU time used: 0.784 sec (0h:0m:0s)
Total wall-clock time used: 0.784 sec (0h:0m:0s)

Analysis results written to: 
  IQ-TREE report:                ../simulations/data_D10T0L20I10T10//S/574_pruned.fasta.iqtree
  Maximum-likelihood tree:       ../simulations/data_D10T0L20I10T10//S/574_pruned.fasta.treefile
  Likelihood distances:          ../simulations/data_D10T0L20I10T10//S/574_pruned.fasta.mldist
  Screen log file:               ../simulations/data_D10T0L20I10T10//S/574_pruned.fasta.log

Date and Time: Fri Jun  1 10:57:22 2018
