IQ-TREE version 1.4.2 for Linux 64-bit built Apr 15 2016
Copyright (c) 2011-2015 Nguyen Lam Tung, Olga Chernomor, Arndt von Haeseler and Bui Quang Minh.

Host:    meduse (AVX2, FMA3, 7 GB RAM)
Command: iqtree -s ../simulations/data_D8T0L15I8T8//S/577_pruned.fasta -m GTR+G -alrt 1000 -redo
Seed:    73608 (Using SPRNG - Scalable Parallel Random Number Generator)
Time:    Fri May 25 22:52:50 2018
Kernel:  AVX

NOTE: Consider using the multicore version because your CPU has 4 cores!

Reading alignment file ../simulations/data_D8T0L15I8T8//S/577_pruned.fasta ... Fasta format detected
Alignment most likely contains DNA/RNA sequences
Alignment has 26 sequences with 300 columns and 178 patterns (162 informative sites)
          Gap/Ambiguity  Composition  p-value
   1  n298_299    0.00%    passed     89.15%
   2  n280_281    0.00%    passed     95.49%
   3  n200_201    0.00%    passed     94.11%
   4  n286_287    0.00%    passed     86.78%
   5  n287_288    0.00%    passed     83.45%
   6  n266_267    0.00%    passed     90.72%
   7  n292_293    0.00%    passed     77.75%
   8  n293_294    0.00%    passed     92.49%
   9  n275_276    0.00%    passed     89.97%
  10  n289_290    0.00%    passed     79.84%
  11  n297_298    0.00%    passed     92.49%
  12  n278_279    0.00%    passed     92.87%
  13  n295_296    0.00%    passed     62.28%
  14  n251_252    0.00%    passed     99.95%
  15  n274_275    0.00%    passed     87.77%
  16  n290_291    0.00%    passed     80.20%
  17  n236_237    0.00%    passed     94.48%
  18  n255_256    0.00%    passed     99.59%
  19  n285_286    0.00%    passed     82.24%
  20  n294_295    0.00%    passed     90.99%
  21  n300_301    0.00%    passed     89.87%
  22  n265_266    0.00%    passed     83.20%
  23  n296_297    0.00%    passed     75.57%
  24  n299_300    0.00%    passed     89.87%
  25  n244_245    0.00%    passed     67.20%
  26  n277_278    0.00%    passed     96.78%
****  TOTAL       0.00%  0 sequences failed composition chi2 test (p-value<5%; df=3)
NOTE: 1 identical sequences (see below) will be ignored for subsequent analysis
NOTE: n299_300 (identical to n300_301) is ignored but added at the end

Create initial parsimony tree by phylogenetic likelihood library (PLL)... 0.001 seconds

NOTE: 0 MB RAM is required!
Estimate model parameters (epsilon = 0.100)
1. Initial log-likelihood: -2159.350
2. Current log-likelihood: -2092.815
3. Current log-likelihood: -2092.535
Optimal log-likelihood: -2092.531
Rate parameters:  A-C: 1.489  A-G: 1.097  A-T: 1.269  C-G: 0.890  C-T: 1.337  G-T: 1.000
Base frequencies:   A: 0.214  C: 0.296  G: 0.244  T: 0.245
Gamma shape alpha: 4.361
Parameters optimization took 3 rounds (0.032 sec)
--------------------------------------------------------------------
|             INITIALIZING CANDIDATE TREE SET                      |
--------------------------------------------------------------------
Computing ML distances based on estimated model parameters... 0.000 sec
Computing BIONJ tree...
0.001 seconds
Log-likelihood of BIONJ tree: -2092.531
Generating 99 parsimony trees... 0.150 seconds 2 distinct starting trees
Computing log-likelihood of 2 initial trees ... 0.003 seconds
Optimizing top 2 initial trees with NNI...
Iteration 1 / LogL: -2092.531 / Time: 0h:0m:0s
Estimate model parameters (epsilon = 0.100)
BETTER SCORE FOUND at iteration 1: -2092.528
Iteration 2 / LogL: -2096.354 / Time: 0h:0m:0s
Average CPU time for 1 NNI search: 0.010
Finish initializing candidate tree set. Number of distinct locally optimal trees: 2
Current best tree score: -2092.528 / CPU time: 0.172
--------------------------------------------------------------------
|               OPTIMIZING CANDIDATE TREE SET                      |
--------------------------------------------------------------------
Iteration 10 / LogL: -2092.534 / Time: 0h:0m:0s
Iteration 20 / LogL: -2092.532 / Time: 0h:0m:0s (0h:0m:2s left)
Iteration 30 / LogL: -2092.529 / Time: 0h:0m:0s (0h:0m:2s left)
Iteration 40 / LogL: -2093.005 / Time: 0h:0m:1s (0h:0m:1s left)
Iteration 50 / LogL: -2092.544 / Time: 0h:0m:1s (0h:0m:1s left)
Iteration 60 / LogL: -2121.171 / Time: 0h:0m:1s (0h:0m:1s left)
Iteration 70 / LogL: -2120.818 / Time: 0h:0m:1s (0h:0m:0s left)
Iteration 80 / LogL: -2092.565 / Time: 0h:0m:2s (0h:0m:0s left)
Iteration 90 / LogL: -2120.813 / Time: 0h:0m:2s (0h:0m:0s left)
Iteration 100 / LogL: -2092.689 / Time: 0h:0m:2s (0h:0m:0s left)
TREE SEARCH COMPLETED AFTER 101 ITERATIONS / Time: 0h:0m:2s

--------------------------------------------------------------------
|                    FINALIZING TREE SEARCH                        |
--------------------------------------------------------------------
Performs final model parameters optimization
Estimate model parameters (epsilon = 0.010)
1. Initial log-likelihood: -2092.528
Optimal log-likelihood: -2092.527
Rate parameters:  A-C: 1.499  A-G: 1.105  A-T: 1.277  C-G: 0.894  C-T: 1.344  G-T: 1.000
Base frequencies:   A: 0.214  C: 0.296  G: 0.244  T: 0.245
Gamma shape alpha: 4.361
Parameters optimization took 1 rounds (0.005 sec)
BEST SCORE FOUND : -2092.527

Testing tree branches by SH-like aLRT with 1000 replicates...
CPU Time used:  0.148 sec.
Total tree length: 1.243

Total number of iterations: 101
CPU time used for tree search: 2.652 sec (0h:0m:2s)
Wall-clock time used for tree search: 2.675 sec (0h:0m:2s)
Total CPU time used: 2.856 sec (0h:0m:2s)
Total wall-clock time used: 2.882 sec (0h:0m:2s)

Analysis results written to: 
  IQ-TREE report:                ../simulations/data_D8T0L15I8T8//S/577_pruned.fasta.iqtree
  Maximum-likelihood tree:       ../simulations/data_D8T0L15I8T8//S/577_pruned.fasta.treefile
  Likelihood distances:          ../simulations/data_D8T0L15I8T8//S/577_pruned.fasta.mldist
  Screen log file:               ../simulations/data_D8T0L15I8T8//S/577_pruned.fasta.log

Date and Time: Fri May 25 22:52:52 2018
