IQ-TREE version 1.4.2 for Linux 64-bit built Apr 15 2016
Copyright (c) 2011-2015 Nguyen Lam Tung, Olga Chernomor, Arndt von Haeseler and Bui Quang Minh.

Host:    meduse (AVX2, FMA3, 7 GB RAM)
Command: iqtree -s ../simulations/data_D10T0L20I10T10//S/578_pruned.fasta -m GTR+G -alrt 1000 -redo
Seed:    751973 (Using SPRNG - Scalable Parallel Random Number Generator)
Time:    Sun Jun  3 23:45:40 2018
Kernel:  AVX

NOTE: Consider using the multicore version because your CPU has 4 cores!

Reading alignment file ../simulations/data_D10T0L20I10T10//S/578_pruned.fasta ... Fasta format detected
Alignment most likely contains DNA/RNA sequences
Alignment has 25 sequences with 300 columns and 300 patterns (296 informative sites)
          Gap/Ambiguity  Composition  p-value
   1  n277_278    0.00%    passed     16.25%
   2  n286_287    0.00%    passed      7.77%
   3  n296_297    0.00%    passed     30.76%
   4  n285_286    0.00%    passed      5.82%
   5  n289_290    0.00%    passed     52.82%
   6  n274_275    0.00%    passed     84.73%
   7  n255_256    0.00%    passed     12.86%
   8  n275_276    0.00%    passed     87.88%
   9  n278_279    0.00%    passed     70.67%
  10  n299_300    0.00%    passed     69.22%
  11  n236_237    0.00%    passed     89.69%
  12  n293_294    0.00%    passed     50.92%
  13  n290_291    0.00%    passed     49.85%
  14  n297_298    0.00%    passed     87.75%
  15  n200_201    0.00%    passed     31.32%
  16  n292_293    0.00%    passed     93.72%
  17  n280_281    0.00%    passed     80.80%
  18  n295_296    0.00%    passed     37.50%
  19  n287_288    0.00%    passed     36.98%
  20  n244_245    0.00%    passed     42.24%
  21  n265_266    0.00%    passed     62.93%
  22  n266_267    0.00%    passed     14.25%
  23  n294_295    0.00%    passed     53.94%
  24  n251_252    0.00%    passed     81.00%
  25  n298_299    0.00%    passed     90.83%
****  TOTAL       0.00%  0 sequences failed composition chi2 test (p-value<5%; df=3)

Create initial parsimony tree by phylogenetic likelihood library (PLL)... 0.002 seconds

NOTE: 1 MB RAM is required!
Estimate model parameters (epsilon = 0.100)
1. Initial log-likelihood: -5282.622
2. Current log-likelihood: -5197.831
3. Current log-likelihood: -5181.134
4. Current log-likelihood: -5177.157
5. Current log-likelihood: -5176.121
6. Current log-likelihood: -5175.866
Optimal log-likelihood: -5175.783
Rate parameters:  A-C: 1.154  A-G: 1.461  A-T: 1.072  C-G: 1.045  C-T: 1.598  G-T: 1.000
Base frequencies:   A: 0.230  C: 0.270  G: 0.267  T: 0.232
Gamma shape alpha: 5.010
Parameters optimization took 6 rounds (0.072 sec)
--------------------------------------------------------------------
|             INITIALIZING CANDIDATE TREE SET                      |
--------------------------------------------------------------------
Computing ML distances based on estimated model parameters... 0.004 sec
Computing BIONJ tree...
0.000 seconds
Log-likelihood of BIONJ tree: -5177.455
Generating 98 parsimony trees... 0.141 seconds 2 distinct starting trees
Computing log-likelihood of 2 initial trees ... 0.000 seconds
Optimizing top 2 initial trees with NNI...
Iteration 1 / LogL: -5175.222 / Time: 0h:0m:0s
Estimate model parameters (epsilon = 0.100)
BETTER TREE FOUND at iteration 1: -5175.202
Iteration 2 / LogL: -5175.623 / Time: 0h:0m:0s
Average CPU time for 1 NNI search: 0.016
Finish initializing candidate tree set. Number of distinct locally optimal trees: 1
Current best tree score: -5175.202 / CPU time: 0.172
--------------------------------------------------------------------
|               OPTIMIZING CANDIDATE TREE SET                      |
--------------------------------------------------------------------
Iteration 10 / LogL: -5182.363 / Time: 0h:0m:0s
Iteration 20 / LogL: -5181.820 / Time: 0h:0m:0s (0h:0m:3s left)
Iteration 30 / LogL: -5232.921 / Time: 0h:0m:1s (0h:0m:2s left)
Iteration 40 / LogL: -5176.051 / Time: 0h:0m:1s (0h:0m:2s left)
Iteration 50 / LogL: -5175.642 / Time: 0h:0m:1s (0h:0m:1s left)
Iteration 60 / LogL: -5178.961 / Time: 0h:0m:2s (0h:0m:1s left)
Iteration 70 / LogL: -5176.001 / Time: 0h:0m:2s (0h:0m:1s left)
Iteration 80 / LogL: -5175.623 / Time: 0h:0m:2s (0h:0m:0s left)
Iteration 90 / LogL: -5176.037 / Time: 0h:0m:3s (0h:0m:0s left)
Iteration 100 / LogL: -5175.570 / Time: 0h:0m:3s (0h:0m:0s left)
TREE SEARCH COMPLETED AFTER 101 ITERATIONS / Time: 0h:0m:3s

--------------------------------------------------------------------
|                    FINALIZING TREE SEARCH                        |
--------------------------------------------------------------------
Performs final model parameters optimization
Estimate model parameters (epsilon = 0.010)
1. Initial log-likelihood: -5175.202
2. Current log-likelihood: -5175.191
Optimal log-likelihood: -5175.183
Rate parameters:  A-C: 1.168  A-G: 1.478  A-T: 1.082  C-G: 1.078  C-T: 1.622  G-T: 1.000
Base frequencies:   A: 0.230  C: 0.270  G: 0.267  T: 0.232
Gamma shape alpha: 5.034
Parameters optimization took 2 rounds (0.011 sec)
BEST SCORE FOUND : -5175.183

Testing tree branches by SH-like aLRT with 1000 replicates...
CPU Time used:  0.112 sec.
Total tree length: 8.704

Total number of iterations: 101
CPU time used for tree search: 3.384 sec (0h:0m:3s)
Wall-clock time used for tree search: 3.382 sec (0h:0m:3s)
Total CPU time used: 3.620 sec (0h:0m:3s)
Total wall-clock time used: 3.621 sec (0h:0m:3s)

Analysis results written to: 
  IQ-TREE report:                ../simulations/data_D10T0L20I10T10//S/578_pruned.fasta.iqtree
  Maximum-likelihood tree:       ../simulations/data_D10T0L20I10T10//S/578_pruned.fasta.treefile
  Likelihood distances:          ../simulations/data_D10T0L20I10T10//S/578_pruned.fasta.mldist
  Screen log file:               ../simulations/data_D10T0L20I10T10//S/578_pruned.fasta.log

Date and Time: Sun Jun  3 23:45:44 2018
