IQ-TREE version 1.4.2 for Linux 64-bit built Apr 15 2016
Copyright (c) 2011-2015 Nguyen Lam Tung, Olga Chernomor, Arndt von Haeseler and Bui Quang Minh.

Host:    meduse (AVX2, FMA3, 7 GB RAM)
Command: iqtree -s ../simulations/data_D8T0L15I8T8//S/582_pruned.fasta -m GTR+G -alrt 1000 -redo
Seed:    44905 (Using SPRNG - Scalable Parallel Random Number Generator)
Time:    Fri May 25 22:57:12 2018
Kernel:  AVX

NOTE: Consider using the multicore version because your CPU has 4 cores!

Reading alignment file ../simulations/data_D8T0L15I8T8//S/582_pruned.fasta ... Fasta format detected
Alignment most likely contains DNA/RNA sequences
Alignment has 26 sequences with 300 columns and 177 patterns (161 informative sites)
          Gap/Ambiguity  Composition  p-value
   1  n285_292    0.00%    passed     81.17%
   2  n251_258    0.00%    passed     86.33%
   3  n275_282    0.00%    passed     75.37%
   4  n200_207    0.00%    passed     98.21%
   5  n277_284    0.00%    passed     90.59%
   6  n287_294    0.00%    passed     53.42%
   7  n295_302    0.00%    passed     70.47%
   8  n297_304    0.00%    passed     75.39%
   9  n255_262    0.00%    passed     71.77%
  10  n294_301    0.00%    passed     77.98%
  11  n274_281    0.00%    passed     62.34%
  12  n292_299    0.00%    passed     52.31%
  13  n298_305    0.00%    passed     74.57%
  14  n293_300    0.00%    passed     85.39%
  15  n300_307    0.00%    passed     59.56%
  16  n266_273    0.00%    passed     79.67%
  17  n289_296    0.00%    passed     56.01%
  18  n296_303    0.00%    passed     67.37%
  19  n244_251    0.00%    passed     77.37%
  20  n280_287    0.00%    passed     56.16%
  21  n278_285    0.00%    passed     69.19%
  22  n286_293    0.00%    passed     84.14%
  23  n299_306    0.00%    passed     57.57%
  24  n265_272    0.00%    passed     70.42%
  25  n290_297    0.00%    passed     53.42%
  26  n236_243    0.00%    passed     97.29%
****  TOTAL       0.00%  0 sequences failed composition chi2 test (p-value<5%; df=3)
NOTE: 1 identical sequences (see below) will be ignored for subsequent analysis
NOTE: n290_297 (identical to n287_294) is ignored but added at the end

Create initial parsimony tree by phylogenetic likelihood library (PLL)... 0.001 seconds

NOTE: 0 MB RAM is required!
Estimate model parameters (epsilon = 0.100)
1. Initial log-likelihood: -2058.703
2. Current log-likelihood: -2026.887
3. Current log-likelihood: -2026.579
Optimal log-likelihood: -2026.541
Rate parameters:  A-C: 0.953  A-G: 1.044  A-T: 1.056  C-G: 0.836  C-T: 1.204  G-T: 1.000
Base frequencies:   A: 0.247  C: 0.262  G: 0.247  T: 0.244
Gamma shape alpha: 17.848
Parameters optimization took 3 rounds (0.028 sec)
--------------------------------------------------------------------
|             INITIALIZING CANDIDATE TREE SET                      |
--------------------------------------------------------------------
Computing ML distances based on estimated model parameters... 0.004 sec
Computing BIONJ tree...
0.001 seconds
Log-likelihood of BIONJ tree: -2025.848
Generating 98 parsimony trees... 0.177 seconds 33 distinct starting trees
Computing log-likelihood of 33 initial trees ... 0.087 seconds
Optimizing top 20 initial trees with NNI...
Iteration 1 / LogL: -2025.848 / Time: 0h:0m:0s
Estimate model parameters (epsilon = 0.100)
BETTER SCORE FOUND at iteration 1: -2025.842
Iteration 2 / LogL: -2025.844 / Time: 0h:0m:0s
Iteration 3 / LogL: -2025.844 / Time: 0h:0m:0s
Iteration 4 / LogL: -2025.844 / Time: 0h:0m:0s
Iteration 5 / LogL: -2025.844 / Time: 0h:0m:0s
Iteration 6 / LogL: -2025.844 / Time: 0h:0m:0s
Iteration 7 / LogL: -2025.844 / Time: 0h:0m:0s
Iteration 8 / LogL: -2025.844 / Time: 0h:0m:0s
Iteration 9 / LogL: -2025.844 / Time: 0h:0m:0s
Iteration 10 / LogL: -2025.844 / Time: 0h:0m:0s
Iteration 11 / LogL: -2025.844 / Time: 0h:0m:0s
Iteration 12 / LogL: -2025.844 / Time: 0h:0m:0s
Iteration 13 / LogL: -2025.844 / Time: 0h:0m:0s
Iteration 14 / LogL: -2025.844 / Time: 0h:0m:0s
Iteration 15 / LogL: -2025.844 / Time: 0h:0m:0s
Iteration 16 / LogL: -2025.844 / Time: 0h:0m:0s
Iteration 17 / LogL: -2025.844 / Time: 0h:0m:0s
Iteration 18 / LogL: -2025.844 / Time: 0h:0m:0s
Iteration 19 / LogL: -2025.844 / Time: 0h:0m:0s
Iteration 20 / LogL: -2025.844 / Time: 0h:0m:0s
Average CPU time for 1 NNI search: 0.015
Finish initializing candidate tree set. Number of distinct locally optimal trees: 19
Current best tree score: -2025.842 / CPU time: 0.556
--------------------------------------------------------------------
|               OPTIMIZING CANDIDATE TREE SET                      |
--------------------------------------------------------------------
Iteration 30 / LogL: -2025.951 / Time: 0h:0m:0s (0h:0m:2s left)
Iteration 40 / LogL: -2025.844 / Time: 0h:0m:1s (0h:0m:1s left)
Iteration 50 / LogL: -2025.848 / Time: 0h:0m:1s (0h:0m:1s left)
Iteration 60 / LogL: -2030.849 / Time: 0h:0m:1s (0h:0m:1s left)
Iteration 70 / LogL: -2048.415 / Time: 0h:0m:1s (0h:0m:0s left)
Iteration 80 / LogL: -2031.088 / Time: 0h:0m:1s (0h:0m:0s left)
Iteration 90 / LogL: -2025.853 / Time: 0h:0m:2s (0h:0m:0s left)
Iteration 100 / LogL: -2025.843 / Time: 0h:0m:2s (0h:0m:0s left)
TREE SEARCH COMPLETED AFTER 101 ITERATIONS / Time: 0h:0m:2s

--------------------------------------------------------------------
|                    FINALIZING TREE SEARCH                        |
--------------------------------------------------------------------
Performs final model parameters optimization
Estimate model parameters (epsilon = 0.010)
1. Initial log-likelihood: -2025.842
Optimal log-likelihood: -2025.841
Rate parameters:  A-C: 0.943  A-G: 1.039  A-T: 1.038  C-G: 0.829  C-T: 1.190  G-T: 1.000
Base frequencies:   A: 0.247  C: 0.262  G: 0.247  T: 0.244
Gamma shape alpha: 17.095
Parameters optimization took 1 rounds (0.007 sec)
BEST SCORE FOUND : -2025.841

Testing tree branches by SH-like aLRT with 1000 replicates...
CPU Time used:  0.152 sec.
Total tree length: 1.165

Total number of iterations: 101
CPU time used for tree search: 2.332 sec (0h:0m:2s)
Wall-clock time used for tree search: 2.333 sec (0h:0m:2s)
Total CPU time used: 2.540 sec (0h:0m:2s)
Total wall-clock time used: 2.542 sec (0h:0m:2s)

Analysis results written to: 
  IQ-TREE report:                ../simulations/data_D8T0L15I8T8//S/582_pruned.fasta.iqtree
  Maximum-likelihood tree:       ../simulations/data_D8T0L15I8T8//S/582_pruned.fasta.treefile
  Likelihood distances:          ../simulations/data_D8T0L15I8T8//S/582_pruned.fasta.mldist
  Screen log file:               ../simulations/data_D8T0L15I8T8//S/582_pruned.fasta.log

Date and Time: Fri May 25 22:57:14 2018
