IQ-TREE version 1.4.2 for Linux 64-bit built Apr 15 2016
Copyright (c) 2011-2015 Nguyen Lam Tung, Olga Chernomor, Arndt von Haeseler and Bui Quang Minh.

Host:    meduse (AVX2, FMA3, 7 GB RAM)
Command: iqtree -s ../simulations/data_D10T0L20I10T10//S/583_pruned.fasta -m GTR+G -alrt 1000 -redo
Seed:    179821 (Using SPRNG - Scalable Parallel Random Number Generator)
Time:    Sun Jun  3 23:30:15 2018
Kernel:  AVX

NOTE: Consider using the multicore version because your CPU has 4 cores!

Reading alignment file ../simulations/data_D10T0L20I10T10//S/583_pruned.fasta ... Fasta format detected
Alignment most likely contains DNA/RNA sequences
Alignment has 26 sequences with 300 columns and 300 patterns (294 informative sites)
          Gap/Ambiguity  Composition  p-value
   1  n277_278    0.00%    passed     16.17%
   2  n286_287    0.00%    passed     10.05%
   3  n296_297    0.00%    passed     88.85%
   4  n285_286    0.00%    passed      5.22%
   5  n289_290    0.00%    passed     54.51%
   6  n274_275    0.00%    passed     40.15%
   7  n255_256    0.00%    passed     57.58%
   8  n275_276    0.00%    passed     82.04%
   9  n278_279    0.00%    passed     67.47%
  10  n299_300    0.00%    passed     40.47%
  11  n236_237    0.00%    passed     12.45%
  12  n293_294    0.00%    passed     89.43%
  13  n290_291    0.00%    passed     76.30%
  14  n297_298    0.00%    passed     72.16%
  15  n200_201    0.00%    passed     26.54%
  16  n292_293    0.00%    passed     46.03%
  17  n280_281    0.00%    passed     34.70%
  18  n295_296    0.00%    passed     83.68%
  19  n287_288    0.00%    passed     87.16%
  20  n244_245    0.00%    passed     87.05%
  21  n265_266    0.00%    passed     36.64%
  22  n266_267    0.00%    passed     39.87%
  23  n294_295    0.00%    passed     93.70%
  24  n251_252    0.00%    passed     37.17%
  25  n298_299    0.00%    passed     97.23%
  26  n300_301    0.00%    passed     54.33%
****  TOTAL       0.00%  0 sequences failed composition chi2 test (p-value<5%; df=3)

Create initial parsimony tree by phylogenetic likelihood library (PLL)... 0.001 seconds

NOTE: 1 MB RAM is required!
Estimate model parameters (epsilon = 0.100)
1. Initial log-likelihood: -5272.198
2. Current log-likelihood: -5186.127
3. Current log-likelihood: -5166.444
4. Current log-likelihood: -5162.717
5. Current log-likelihood: -5162.009
6. Current log-likelihood: -5161.888
Optimal log-likelihood: -5161.828
Rate parameters:  A-C: 1.313  A-G: 1.179  A-T: 0.802  C-G: 1.049  C-T: 1.312  G-T: 1.000
Base frequencies:   A: 0.241  C: 0.256  G: 0.249  T: 0.254
Gamma shape alpha: 6.814
Parameters optimization took 6 rounds (0.070 sec)
--------------------------------------------------------------------
|             INITIALIZING CANDIDATE TREE SET                      |
--------------------------------------------------------------------
Computing ML distances based on estimated model parameters... 0.004 sec
WARNING: Some pairwise ML distances are too long (saturated)
Computing BIONJ tree...
0.001 seconds
Log-likelihood of BIONJ tree: -5161.500
Generating 98 parsimony trees... 0.153 seconds 4 distinct starting trees
Computing log-likelihood of 4 initial trees ... 0.006 seconds
Optimizing top 4 initial trees with NNI...
Iteration 1 / LogL: -5159.078 / Time: 0h:0m:0s
Estimate model parameters (epsilon = 0.100)
BETTER TREE FOUND at iteration 1: -5158.630
Iteration 2 / LogL: -5159.751 / Time: 0h:0m:0s
Iteration 3 / LogL: -5159.418 / Time: 0h:0m:0s
Iteration 4 / LogL: -5158.959 / Time: 0h:0m:0s
Average CPU time for 1 NNI search: 0.022
Finish initializing candidate tree set. Number of distinct locally optimal trees: 3
Current best tree score: -5158.630 / CPU time: 0.248
--------------------------------------------------------------------
|               OPTIMIZING CANDIDATE TREE SET                      |
--------------------------------------------------------------------
Iteration 10 / LogL: -5170.052 / Time: 0h:0m:0s
Iteration 20 / LogL: -5159.466 / Time: 0h:0m:0s (0h:0m:3s left)
Iteration 30 / LogL: -5162.531 / Time: 0h:0m:1s (0h:0m:2s left)
Iteration 40 / LogL: -5158.899 / Time: 0h:0m:1s (0h:0m:2s left)
Iteration 50 / LogL: -5161.078 / Time: 0h:0m:1s (0h:0m:1s left)
Estimate model parameters (epsilon = 0.010)
UPDATE BEST LOG-LIKELIHOOD: -5158.485
Iteration 60 / LogL: -5159.332 / Time: 0h:0m:2s (0h:0m:1s left)
Iteration 70 / LogL: -5159.023 / Time: 0h:0m:2s (0h:0m:1s left)
Iteration 80 / LogL: -5164.680 / Time: 0h:0m:2s (0h:0m:0s left)
Iteration 90 / LogL: -5159.537 / Time: 0h:0m:3s (0h:0m:0s left)
Iteration 100 / LogL: -5158.814 / Time: 0h:0m:3s (0h:0m:0s left)
TREE SEARCH COMPLETED AFTER 101 ITERATIONS / Time: 0h:0m:3s

--------------------------------------------------------------------
|                    FINALIZING TREE SEARCH                        |
--------------------------------------------------------------------
Performs final model parameters optimization
Estimate model parameters (epsilon = 0.010)
1. Initial log-likelihood: -5158.485
Optimal log-likelihood: -5158.485
Rate parameters:  A-C: 1.270  A-G: 1.095  A-T: 0.781  C-G: 1.007  C-T: 1.251  G-T: 1.000
Base frequencies:   A: 0.241  C: 0.256  G: 0.249  T: 0.254
Gamma shape alpha: 7.972
Parameters optimization took 1 rounds (0.009 sec)
BEST SCORE FOUND : -5158.485

Testing tree branches by SH-like aLRT with 1000 replicates...
CPU Time used:  0.124 sec.
Total tree length: 8.392

Total number of iterations: 101
CPU time used for tree search: 3.356 sec (0h:0m:3s)
Wall-clock time used for tree search: 3.356 sec (0h:0m:3s)
Total CPU time used: 3.612 sec (0h:0m:3s)
Total wall-clock time used: 3.611 sec (0h:0m:3s)

Analysis results written to: 
  IQ-TREE report:                ../simulations/data_D10T0L20I10T10//S/583_pruned.fasta.iqtree
  Maximum-likelihood tree:       ../simulations/data_D10T0L20I10T10//S/583_pruned.fasta.treefile
  Likelihood distances:          ../simulations/data_D10T0L20I10T10//S/583_pruned.fasta.mldist
  Screen log file:               ../simulations/data_D10T0L20I10T10//S/583_pruned.fasta.log

Date and Time: Sun Jun  3 23:30:18 2018
