IQ-TREE version 1.4.2 for Linux 64-bit built Apr 15 2016
Copyright (c) 2011-2015 Nguyen Lam Tung, Olga Chernomor, Arndt von Haeseler and Bui Quang Minh.

Host:    meduse (AVX2, FMA3, 7 GB RAM)
Command: iqtree -s ../simulations/data_D8T0L15I8T8//S/592_pruned.fasta -m GTR+G -alrt 1000 -redo
Seed:    638474 (Using SPRNG - Scalable Parallel Random Number Generator)
Time:    Fri May 25 22:38:55 2018
Kernel:  AVX

NOTE: Consider using the multicore version because your CPU has 4 cores!

Reading alignment file ../simulations/data_D8T0L15I8T8//S/592_pruned.fasta ... Fasta format detected
Alignment most likely contains DNA/RNA sequences
Alignment has 26 sequences with 300 columns and 182 patterns (161 informative sites)
          Gap/Ambiguity  Composition  p-value
   1  n298_299    0.00%    passed     82.80%
   2  n280_281    0.00%    passed     75.12%
   3  n200_201    0.00%    passed     93.84%
   4  n286_287    0.00%    passed     98.49%
   5  n287_288    0.00%    passed     89.06%
   6  n266_267    0.00%    passed     61.97%
   7  n292_293    0.00%    passed     80.15%
   8  n293_294    0.00%    passed     83.60%
   9  n275_276    0.00%    passed     71.27%
  10  n289_290    0.00%    passed     92.18%
  11  n297_298    0.00%    passed     86.77%
  12  n278_279    0.00%    passed     95.15%
  13  n295_296    0.00%    passed     90.82%
  14  n251_252    0.00%    passed     72.79%
  15  n274_275    0.00%    passed     80.15%
  16  n290_291    0.00%    passed     90.82%
  17  n236_237    0.00%    passed     78.28%
  18  n255_256    0.00%    passed     66.69%
  19  n285_286    0.00%    passed     99.92%
  20  n294_295    0.00%    passed     83.60%
  21  n300_301    0.00%    passed     76.12%
  22  n265_266    0.00%    passed     74.50%
  23  n296_297    0.00%    passed     90.82%
  24  n299_300    0.00%    passed     85.70%
  25  n244_245    0.00%    passed     99.72%
  26  n277_278    0.00%    passed     97.53%
****  TOTAL       0.00%  0 sequences failed composition chi2 test (p-value<5%; df=3)
NOTE: 2 identical sequences (see below) will be ignored for subsequent analysis
NOTE: n294_295 (identical to n293_294) is ignored but added at the end
NOTE: n296_297 (identical to n295_296) is ignored but added at the end

Create initial parsimony tree by phylogenetic likelihood library (PLL)... 0.001 seconds

NOTE: 0 MB RAM is required!
Estimate model parameters (epsilon = 0.100)
1. Initial log-likelihood: -2083.520
2. Current log-likelihood: -2037.324
3. Current log-likelihood: -2036.665
Optimal log-likelihood: -2036.650
Rate parameters:  A-C: 0.744  A-G: 1.096  A-T: 1.122  C-G: 1.042  C-T: 1.292  G-T: 1.000
Base frequencies:   A: 0.221  C: 0.295  G: 0.250  T: 0.235
Gamma shape alpha: 998.883
Parameters optimization took 3 rounds (0.028 sec)
--------------------------------------------------------------------
|             INITIALIZING CANDIDATE TREE SET                      |
--------------------------------------------------------------------
Computing ML distances based on estimated model parameters... 0.004 sec
Computing BIONJ tree...
0.000 seconds
Log-likelihood of BIONJ tree: -2036.650
Generating 98 parsimony trees... 0.108 seconds 12 distinct starting trees
Computing log-likelihood of 12 initial trees ... 0.027 seconds
Optimizing top 12 initial trees with NNI...
Iteration 1 / LogL: -2036.650 / Time: 0h:0m:0s
Estimate model parameters (epsilon = 0.100)
BETTER SCORE FOUND at iteration 1: -2036.640
Iteration 2 / LogL: -2036.640 / Time: 0h:0m:0s
Iteration 3 / LogL: -2036.643 / Time: 0h:0m:0s
Iteration 4 / LogL: -2036.643 / Time: 0h:0m:0s
Iteration 5 / LogL: -2036.643 / Time: 0h:0m:0s
Iteration 6 / LogL: -2036.643 / Time: 0h:0m:0s
Iteration 7 / LogL: -2036.643 / Time: 0h:0m:0s
Iteration 8 / LogL: -2036.643 / Time: 0h:0m:0s
Iteration 9 / LogL: -2036.643 / Time: 0h:0m:0s
Iteration 10 / LogL: -2036.640 / Time: 0h:0m:0s
Iteration 11 / LogL: -2036.640 / Time: 0h:0m:0s
Iteration 12 / LogL: -2036.640 / Time: 0h:0m:0s
Average CPU time for 1 NNI search: 0.008
Finish initializing candidate tree set. Number of distinct locally optimal trees: 9
Current best tree score: -2036.640 / CPU time: 0.228
--------------------------------------------------------------------
|               OPTIMIZING CANDIDATE TREE SET                      |
--------------------------------------------------------------------
Iteration 20 / LogL: -2036.649 / Time: 0h:0m:0s (0h:0m:1s left)
Iteration 30 / LogL: -2036.645 / Time: 0h:0m:0s (0h:0m:1s left)
Iteration 40 / LogL: -2036.982 / Time: 0h:0m:0s (0h:0m:1s left)
Iteration 50 / LogL: -2037.014 / Time: 0h:0m:1s (0h:0m:1s left)
Iteration 60 / LogL: -2036.643 / Time: 0h:0m:1s (0h:0m:0s left)
Iteration 70 / LogL: -2046.897 / Time: 0h:0m:1s (0h:0m:0s left)
Iteration 80 / LogL: -2048.641 / Time: 0h:0m:1s (0h:0m:0s left)
Iteration 90 / LogL: -2036.683 / Time: 0h:0m:1s (0h:0m:0s left)
Iteration 100 / LogL: -2350.252 / Time: 0h:0m:1s (0h:0m:0s left)
TREE SEARCH COMPLETED AFTER 101 ITERATIONS / Time: 0h:0m:1s

--------------------------------------------------------------------
|                    FINALIZING TREE SEARCH                        |
--------------------------------------------------------------------
Performs final model parameters optimization
Estimate model parameters (epsilon = 0.010)
1. Initial log-likelihood: -2036.640
Optimal log-likelihood: -2036.633
Rate parameters:  A-C: 0.739  A-G: 1.080  A-T: 1.106  C-G: 1.027  C-T: 1.277  G-T: 1.000
Base frequencies:   A: 0.221  C: 0.295  G: 0.250  T: 0.235
Gamma shape alpha: 998.883
Parameters optimization took 1 rounds (0.009 sec)
BEST SCORE FOUND : -2036.633

Testing tree branches by SH-like aLRT with 1000 replicates...
CPU Time used:  0.132 sec.
Total tree length: 1.196

Total number of iterations: 101
CPU time used for tree search: 1.860 sec (0h:0m:1s)
Wall-clock time used for tree search: 1.862 sec (0h:0m:1s)
Total CPU time used: 2.044 sec (0h:0m:2s)
Total wall-clock time used: 2.048 sec (0h:0m:2s)

Analysis results written to: 
  IQ-TREE report:                ../simulations/data_D8T0L15I8T8//S/592_pruned.fasta.iqtree
  Maximum-likelihood tree:       ../simulations/data_D8T0L15I8T8//S/592_pruned.fasta.treefile
  Likelihood distances:          ../simulations/data_D8T0L15I8T8//S/592_pruned.fasta.mldist
  Screen log file:               ../simulations/data_D8T0L15I8T8//S/592_pruned.fasta.log

Date and Time: Fri May 25 22:38:57 2018
