IQ-TREE version 1.4.2 for Linux 64-bit built Apr 15 2016
Copyright (c) 2011-2015 Nguyen Lam Tung, Olga Chernomor, Arndt von Haeseler and Bui Quang Minh.

Host:    meduse (AVX2, FMA3, 7 GB RAM)
Command: iqtree -s ../simulations/data_D10T0L20I10T10//S/595_pruned.fasta -m GTR+G -alrt 1000 -redo
Seed:    356703 (Using SPRNG - Scalable Parallel Random Number Generator)
Time:    Sun Jun  3 23:15:57 2018
Kernel:  AVX

NOTE: Consider using the multicore version because your CPU has 4 cores!

Reading alignment file ../simulations/data_D10T0L20I10T10//S/595_pruned.fasta ... Fasta format detected
Alignment most likely contains DNA/RNA sequences
Alignment has 19 sequences with 300 columns and 297 patterns (285 informative sites)
          Gap/Ambiguity  Composition  p-value
   1  n200_197    0.00%    passed     41.55%
   2  n296_267    0.00%    passed     94.67%
   3  n285_258    0.00%    passed      8.83%
   4  n289_262    0.00%    passed     22.96%
   5  n275_254    0.00%    passed     80.16%
   6  n265_248    0.00%    passed      5.40%
   7  n297_268    0.00%    passed     65.71%
   8  n251_240    0.00%    passed     74.66%
   9  n298_269    0.00%    passed     60.79%
  10  n286_259    0.00%    failed      3.03%
  11  n294_265    0.00%    passed     55.98%
  12  n293_264    0.00%    passed     57.81%
  13  n244_233    0.00%    passed     78.17%
  14  n255_242    0.00%    passed     55.92%
  15  n236_225    0.00%    passed     39.89%
  16  n266_249    0.00%    failed      3.76%
  17  n290_263    0.00%    passed     63.76%
  18  n295_266    0.00%    passed     98.96%
  19  n287_260    0.00%    passed     57.53%
****  TOTAL       0.00%  2 sequences failed composition chi2 test (p-value<5%; df=3)

Create initial parsimony tree by phylogenetic likelihood library (PLL)... 0.001 seconds

NOTE: 0 MB RAM is required!
Estimate model parameters (epsilon = 0.100)
1. Initial log-likelihood: -4099.380
2. Current log-likelihood: -4025.577
3. Current log-likelihood: -4007.545
4. Current log-likelihood: -4002.216
5. Current log-likelihood: -4000.665
6. Current log-likelihood: -4000.358
Optimal log-likelihood: -4000.274
Rate parameters:  A-C: 1.802  A-G: 1.355  A-T: 1.297  C-G: 1.336  C-T: 1.883  G-T: 1.000
Base frequencies:   A: 0.247  C: 0.230  G: 0.275  T: 0.247
Gamma shape alpha: 7.717
Parameters optimization took 6 rounds (0.060 sec)
--------------------------------------------------------------------
|             INITIALIZING CANDIDATE TREE SET                      |
--------------------------------------------------------------------
Computing ML distances based on estimated model parameters... 0.004 sec
WARNING: Some pairwise ML distances are too long (saturated)
Computing BIONJ tree...
0.000 seconds
Log-likelihood of BIONJ tree: -3999.987
Generating 98 parsimony trees... 0.089 seconds 3 distinct starting trees
Computing log-likelihood of 3 initial trees ... 0.002 seconds
Optimizing top 3 initial trees with NNI...
Iteration 1 / LogL: -3996.215 / Time: 0h:0m:0s
Estimate model parameters (epsilon = 0.100)
BETTER TREE FOUND at iteration 1: -3996.089
Iteration 2 / LogL: -3996.144 / Time: 0h:0m:0s
Iteration 3 / LogL: -3996.407 / Time: 0h:0m:0s
Average CPU time for 1 NNI search: 0.021
Finish initializing candidate tree set. Number of distinct locally optimal trees: 2
Current best tree score: -3996.089 / CPU time: 0.156
--------------------------------------------------------------------
|               OPTIMIZING CANDIDATE TREE SET                      |
--------------------------------------------------------------------
Iteration 10 / LogL: -3997.470 / Time: 0h:0m:0s
Iteration 20 / LogL: -3997.570 / Time: 0h:0m:0s (0h:0m:2s left)
Iteration 30 / LogL: -3996.065 / Time: 0h:0m:0s (0h:0m:2s left)
Iteration 40 / LogL: -3997.332 / Time: 0h:0m:1s (0h:0m:1s left)
Iteration 50 / LogL: -3996.243 / Time: 0h:0m:1s (0h:0m:1s left)
Iteration 60 / LogL: -3996.706 / Time: 0h:0m:1s (0h:0m:1s left)
Iteration 70 / LogL: -3999.001 / Time: 0h:0m:1s (0h:0m:0s left)
Iteration 80 / LogL: -3998.071 / Time: 0h:0m:1s (0h:0m:0s left)
Iteration 90 / LogL: -3997.505 / Time: 0h:0m:2s (0h:0m:0s left)
Iteration 100 / LogL: -3996.369 / Time: 0h:0m:2s (0h:0m:0s left)
TREE SEARCH COMPLETED AFTER 101 ITERATIONS / Time: 0h:0m:2s

--------------------------------------------------------------------
|                    FINALIZING TREE SEARCH                        |
--------------------------------------------------------------------
Performs final model parameters optimization
Estimate model parameters (epsilon = 0.010)
1. Initial log-likelihood: -3996.063
Optimal log-likelihood: -3996.058
Rate parameters:  A-C: 1.821  A-G: 1.347  A-T: 1.291  C-G: 1.354  C-T: 1.839  G-T: 1.000
Base frequencies:   A: 0.247  C: 0.230  G: 0.275  T: 0.247
Gamma shape alpha: 7.359
Parameters optimization took 1 rounds (0.005 sec)
BEST SCORE FOUND : -3996.058

Testing tree branches by SH-like aLRT with 1000 replicates...
CPU Time used:  0.088 sec.
Total tree length: 6.570

Total number of iterations: 101
CPU time used for tree search: 2.384 sec (0h:0m:2s)
Wall-clock time used for tree search: 2.386 sec (0h:0m:2s)
Total CPU time used: 2.564 sec (0h:0m:2s)
Total wall-clock time used: 2.563 sec (0h:0m:2s)

Analysis results written to: 
  IQ-TREE report:                ../simulations/data_D10T0L20I10T10//S/595_pruned.fasta.iqtree
  Maximum-likelihood tree:       ../simulations/data_D10T0L20I10T10//S/595_pruned.fasta.treefile
  Likelihood distances:          ../simulations/data_D10T0L20I10T10//S/595_pruned.fasta.mldist
  Screen log file:               ../simulations/data_D10T0L20I10T10//S/595_pruned.fasta.log

Date and Time: Sun Jun  3 23:15:59 2018
