IQ-TREE version 1.4.2 for Linux 64-bit built Apr 15 2016
Copyright (c) 2011-2015 Nguyen Lam Tung, Olga Chernomor, Arndt von Haeseler and Bui Quang Minh.

Host:    meduse (AVX2, FMA3, 7 GB RAM)
Command: iqtree -s ../simulations/data_D10T0L20I10T10//S/598_pruned.fasta -m GTR+G -alrt 1000 -redo
Seed:    369639 (Using SPRNG - Scalable Parallel Random Number Generator)
Time:    Sun Jun  3 23:47:21 2018
Kernel:  AVX

NOTE: Consider using the multicore version because your CPU has 4 cores!

Reading alignment file ../simulations/data_D10T0L20I10T10//S/598_pruned.fasta ... Fasta format detected
Alignment most likely contains DNA/RNA sequences
Alignment has 26 sequences with 300 columns and 300 patterns (292 informative sites)
          Gap/Ambiguity  Composition  p-value
   1  n285_288    0.00%    passed     71.73%
   2  n278_281    0.00%    passed     84.85%
   3  n297_300    0.00%    passed     45.85%
   4  n251_254    0.00%    passed     22.44%
   5  n280_283    0.00%    passed     81.15%
   6  n294_297    0.00%    passed     59.21%
   7  n275_278    0.00%    passed     30.55%
   8  n289_292    0.00%    passed     64.53%
   9  n274_277    0.00%    passed     93.23%
  10  n265_268    0.00%    passed     28.33%
  11  n298_301    0.00%    passed     34.42%
  12  n266_269    0.00%    passed     42.02%
  13  n277_280    0.00%    passed     15.20%
  14  n287_290    0.00%    passed     59.45%
  15  n295_298    0.00%    passed     94.45%
  16  n255_258    0.00%    passed     57.64%
  17  n200_201    0.00%    passed     54.48%
  18  n296_299    0.00%    passed     99.18%
  19  n286_289    0.00%    passed     59.19%
  20  n293_296    0.00%    passed     47.50%
  21  n299_302    0.00%    passed     75.00%
  22  n292_295    0.00%    passed     48.80%
  23  n300_303    0.00%    passed     77.85%
  24  n244_247    0.00%    passed     10.65%
  25  n290_293    0.00%    passed     81.92%
  26  n236_239    0.00%    passed     85.51%
****  TOTAL       0.00%  0 sequences failed composition chi2 test (p-value<5%; df=3)

Create initial parsimony tree by phylogenetic likelihood library (PLL)... 0.002 seconds

NOTE: 1 MB RAM is required!
Estimate model parameters (epsilon = 0.100)
1. Initial log-likelihood: -5182.827
2. Current log-likelihood: -5098.399
3. Current log-likelihood: -5085.462
4. Current log-likelihood: -5083.060
5. Current log-likelihood: -5082.596
Optimal log-likelihood: -5082.476
Rate parameters:  A-C: 1.195  A-G: 1.344  A-T: 0.926  C-G: 1.061  C-T: 1.414  G-T: 1.000
Base frequencies:   A: 0.223  C: 0.277  G: 0.254  T: 0.246
Gamma shape alpha: 4.470
Parameters optimization took 5 rounds (0.067 sec)
--------------------------------------------------------------------
|             INITIALIZING CANDIDATE TREE SET                      |
--------------------------------------------------------------------
Computing ML distances based on estimated model parameters... 0.000 sec
WARNING: Some pairwise ML distances are too long (saturated)
Computing BIONJ tree...
0.000 seconds
Log-likelihood of BIONJ tree: -5093.418
Generating 98 parsimony trees... 0.155 seconds 3 distinct starting trees
Computing log-likelihood of 3 initial trees ... 0.003 seconds
Optimizing top 3 initial trees with NNI...
Iteration 1 / LogL: -5082.476 / Time: 0h:0m:0s
Estimate model parameters (epsilon = 0.100)
BETTER SCORE FOUND at iteration 1: -5082.452
Iteration 2 / LogL: -5082.548 / Time: 0h:0m:0s
Iteration 3 / LogL: -5082.575 / Time: 0h:0m:0s
Average CPU time for 1 NNI search: 0.013
Finish initializing candidate tree set. Number of distinct locally optimal trees: 1
Current best tree score: -5082.452 / CPU time: 0.196
--------------------------------------------------------------------
|               OPTIMIZING CANDIDATE TREE SET                      |
--------------------------------------------------------------------
Iteration 10 / LogL: -5083.186 / Time: 0h:0m:0s
Iteration 20 / LogL: -5082.622 / Time: 0h:0m:0s (0h:0m:3s left)
Iteration 30 / LogL: -5091.680 / Time: 0h:0m:1s (0h:0m:2s left)
Iteration 40 / LogL: -5082.789 / Time: 0h:0m:1s (0h:0m:2s left)
Iteration 50 / LogL: -5084.150 / Time: 0h:0m:1s (0h:0m:1s left)
Iteration 60 / LogL: -5082.563 / Time: 0h:0m:2s (0h:0m:1s left)
Iteration 70 / LogL: -5082.569 / Time: 0h:0m:2s (0h:0m:1s left)
Iteration 80 / LogL: -5082.744 / Time: 0h:0m:2s (0h:0m:0s left)
Iteration 90 / LogL: -5084.884 / Time: 0h:0m:3s (0h:0m:0s left)
Iteration 100 / LogL: -5082.875 / Time: 0h:0m:3s (0h:0m:0s left)
TREE SEARCH COMPLETED AFTER 101 ITERATIONS / Time: 0h:0m:3s

--------------------------------------------------------------------
|                    FINALIZING TREE SEARCH                        |
--------------------------------------------------------------------
Performs final model parameters optimization
Estimate model parameters (epsilon = 0.010)
1. Initial log-likelihood: -5082.452
Optimal log-likelihood: -5082.446
Rate parameters:  A-C: 1.200  A-G: 1.349  A-T: 0.931  C-G: 1.068  C-T: 1.421  G-T: 1.000
Base frequencies:   A: 0.223  C: 0.277  G: 0.254  T: 0.246
Gamma shape alpha: 4.561
Parameters optimization took 1 rounds (0.008 sec)
BEST SCORE FOUND : -5082.446

Testing tree branches by SH-like aLRT with 1000 replicates...
CPU Time used:  0.124 sec.
Total tree length: 8.120

Total number of iterations: 101
CPU time used for tree search: 3.288 sec (0h:0m:3s)
Wall-clock time used for tree search: 3.290 sec (0h:0m:3s)
Total CPU time used: 3.528 sec (0h:0m:3s)
Total wall-clock time used: 3.528 sec (0h:0m:3s)

Analysis results written to: 
  IQ-TREE report:                ../simulations/data_D10T0L20I10T10//S/598_pruned.fasta.iqtree
  Maximum-likelihood tree:       ../simulations/data_D10T0L20I10T10//S/598_pruned.fasta.treefile
  Likelihood distances:          ../simulations/data_D10T0L20I10T10//S/598_pruned.fasta.mldist
  Screen log file:               ../simulations/data_D10T0L20I10T10//S/598_pruned.fasta.log

Date and Time: Sun Jun  3 23:47:24 2018
