IQ-TREE version 1.4.2 for Linux 64-bit built Apr 15 2016
Copyright (c) 2011-2015 Nguyen Lam Tung, Olga Chernomor, Arndt von Haeseler and Bui Quang Minh.

Host:    meduse (AVX2, FMA3, 7 GB RAM)
Command: iqtree -s ../simulations/data_D10T0L20I10T10//S/604_pruned.fasta -m GTR+G -alrt 1000 -redo
Seed:    878794 (Using SPRNG - Scalable Parallel Random Number Generator)
Time:    Sun Jun  3 23:25:10 2018
Kernel:  AVX

NOTE: Consider using the multicore version because your CPU has 4 cores!

Reading alignment file ../simulations/data_D10T0L20I10T10//S/604_pruned.fasta ... Fasta format detected
Alignment most likely contains DNA/RNA sequences
Alignment has 32 sequences with 300 columns and 300 patterns (292 informative sites)
          Gap/Ambiguity  Composition  p-value
   1  n298_349    0.00%    passed     21.16%
   2  n286_337    0.00%    failed      2.50%
   3  n236_273    0.00%    failed      4.24%
   4  n275_324    0.00%    passed     55.43%
   5  n286_335    0.00%    passed     45.83%
   6  n274_323    0.00%    passed     31.12%
   7  n299_350    0.00%    passed     63.84%
   8  n293_344    0.00%    passed     38.27%
   9  n290_341    0.00%    passed     86.07%
  10  n292_343    0.00%    passed     42.86%
  11  n287_338    0.00%    passed     72.35%
  12  n265_320    0.00%    passed     72.22%
  13  n285_336    0.00%    passed     12.15%
  14  n266_311    0.00%    passed      6.10%
  15  n251_292    0.00%    passed     85.82%
  16  n200_231    0.00%    failed      2.19%
  17  n300_351    0.00%    passed     51.39%
  18  n265_321    0.00%    failed      3.23%
  19  n266_309    0.00%    passed     24.87%
  20  n295_346    0.00%    passed     93.32%
  21  n278_327    0.00%    passed     68.33%
  22  n265_318    0.00%    passed     64.03%
  23  n280_329    0.00%    passed     75.24%
  24  n277_326    0.00%    passed     65.38%
  25  n289_340    0.00%    passed     76.36%
  26  n265_319    0.00%    passed     16.44%
  27  n296_347    0.00%    passed     97.04%
  28  n297_348    0.00%    passed     12.27%
  29  n244_281    0.00%    passed     15.89%
  30  n255_296    0.00%    passed     29.39%
  31  n285_334    0.00%    passed     61.88%
  32  n294_345    0.00%    passed     58.00%
****  TOTAL       0.00%  4 sequences failed composition chi2 test (p-value<5%; df=3)

Create initial parsimony tree by phylogenetic likelihood library (PLL)... 0.002 seconds

NOTE: 1 MB RAM is required!
Estimate model parameters (epsilon = 0.100)
1. Initial log-likelihood: -6338.092
2. Current log-likelihood: -6232.517
3. Current log-likelihood: -6220.917
4. Current log-likelihood: -6219.742
5. Current log-likelihood: -6219.612
Optimal log-likelihood: -6219.568
Rate parameters:  A-C: 0.920  A-G: 1.161  A-T: 0.851  C-G: 0.725  C-T: 1.136  G-T: 1.000
Base frequencies:   A: 0.236  C: 0.273  G: 0.241  T: 0.249
Gamma shape alpha: 4.313
Parameters optimization took 5 rounds (0.081 sec)
--------------------------------------------------------------------
|             INITIALIZING CANDIDATE TREE SET                      |
--------------------------------------------------------------------
Computing ML distances based on estimated model parameters... 0.004 sec
Computing BIONJ tree...
0.000 seconds
Log-likelihood of BIONJ tree: -6233.878
Generating 98 parsimony trees... 0.236 seconds 4 distinct starting trees
Computing log-likelihood of 4 initial trees ... 0.007 seconds
Optimizing top 4 initial trees with NNI...
Iteration 1 / LogL: -6217.609 / Time: 0h:0m:0s
Estimate model parameters (epsilon = 0.100)
BETTER TREE FOUND at iteration 1: -6217.100
Iteration 2 / LogL: -6217.359 / Time: 0h:0m:0s
Iteration 3 / LogL: -6217.336 / Time: 0h:0m:0s
Iteration 4 / LogL: -6217.298 / Time: 0h:0m:0s
Average CPU time for 1 NNI search: 0.026
Finish initializing candidate tree set. Number of distinct locally optimal trees: 3
Current best tree score: -6217.100 / CPU time: 0.348
--------------------------------------------------------------------
|               OPTIMIZING CANDIDATE TREE SET                      |
--------------------------------------------------------------------
Iteration 10 / LogL: -6217.291 / Time: 0h:0m:0s
Iteration 20 / LogL: -6217.084 / Time: 0h:0m:1s (0h:0m:4s left)
Estimate model parameters (epsilon = 0.010)
UPDATE BEST LOG-LIKELIHOOD: -6217.038
Iteration 30 / LogL: -6217.072 / Time: 0h:0m:1s (0h:0m:3s left)
Iteration 40 / LogL: -6217.141 / Time: 0h:0m:1s (0h:0m:3s left)
Iteration 50 / LogL: -6217.221 / Time: 0h:0m:2s (0h:0m:2s left)
Iteration 60 / LogL: -6217.168 / Time: 0h:0m:2s (0h:0m:2s left)
Iteration 70 / LogL: -6227.149 / Time: 0h:0m:3s (0h:0m:1s left)
Iteration 80 / LogL: -6217.120 / Time: 0h:0m:3s (0h:0m:0s left)
Iteration 90 / LogL: -6217.125 / Time: 0h:0m:4s (0h:0m:0s left)
Iteration 100 / LogL: -6217.071 / Time: 0h:0m:4s (0h:0m:0s left)
TREE SEARCH COMPLETED AFTER 101 ITERATIONS / Time: 0h:0m:4s

--------------------------------------------------------------------
|                    FINALIZING TREE SEARCH                        |
--------------------------------------------------------------------
Performs final model parameters optimization
Estimate model parameters (epsilon = 0.010)
1. Initial log-likelihood: -6217.038
Optimal log-likelihood: -6217.036
Rate parameters:  A-C: 0.935  A-G: 1.179  A-T: 0.857  C-G: 0.744  C-T: 1.158  G-T: 1.000
Base frequencies:   A: 0.236  C: 0.273  G: 0.241  T: 0.249
Gamma shape alpha: 4.326
Parameters optimization took 1 rounds (0.009 sec)
BEST SCORE FOUND : -6217.036

Testing tree branches by SH-like aLRT with 1000 replicates...
CPU Time used:  0.156 sec.
Total tree length: 9.028

Total number of iterations: 101
CPU time used for tree search: 4.460 sec (0h:0m:4s)
Wall-clock time used for tree search: 4.463 sec (0h:0m:4s)
Total CPU time used: 4.736 sec (0h:0m:4s)
Total wall-clock time used: 4.736 sec (0h:0m:4s)

Analysis results written to: 
  IQ-TREE report:                ../simulations/data_D10T0L20I10T10//S/604_pruned.fasta.iqtree
  Maximum-likelihood tree:       ../simulations/data_D10T0L20I10T10//S/604_pruned.fasta.treefile
  Likelihood distances:          ../simulations/data_D10T0L20I10T10//S/604_pruned.fasta.mldist
  Screen log file:               ../simulations/data_D10T0L20I10T10//S/604_pruned.fasta.log

Date and Time: Sun Jun  3 23:25:15 2018
