IQ-TREE version 1.4.2 for Linux 64-bit built Apr 15 2016
Copyright (c) 2011-2015 Nguyen Lam Tung, Olga Chernomor, Arndt von Haeseler and Bui Quang Minh.

Host:    meduse (AVX2, FMA3, 7 GB RAM)
Command: iqtree -s ../simulations/data_D8T0L15I8T8//S/606_pruned.fasta -m GTR+G -alrt 1000 -redo
Seed:    62427 (Using SPRNG - Scalable Parallel Random Number Generator)
Time:    Fri May 25 22:58:40 2018
Kernel:  AVX

NOTE: Consider using the multicore version because your CPU has 4 cores!

Reading alignment file ../simulations/data_D8T0L15I8T8//S/606_pruned.fasta ... Fasta format detected
Alignment most likely contains DNA/RNA sequences
Alignment has 26 sequences with 300 columns and 176 patterns (150 informative sites)
          Gap/Ambiguity  Composition  p-value
   1  n298_299    0.00%    passed     98.14%
   2  n280_281    0.00%    passed     89.46%
   3  n200_201    0.00%    passed     86.99%
   4  n286_287    0.00%    passed     79.02%
   5  n287_288    0.00%    passed     99.13%
   6  n266_267    0.00%    passed     47.36%
   7  n292_293    0.00%    passed     84.00%
   8  n293_294    0.00%    passed     96.03%
   9  n275_276    0.00%    passed     96.84%
  10  n289_290    0.00%    passed     99.80%
  11  n297_298    0.00%    passed     95.92%
  12  n278_279    0.00%    passed     81.26%
  13  n295_296    0.00%    passed     98.23%
  14  n251_252    0.00%    passed     94.56%
  15  n274_275    0.00%    passed     85.62%
  16  n290_291    0.00%    passed     99.28%
  17  n236_237    0.00%    passed     95.67%
  18  n255_256    0.00%    passed     99.21%
  19  n285_286    0.00%    passed     85.45%
  20  n294_295    0.00%    passed     99.78%
  21  n300_301    0.00%    passed     87.79%
  22  n265_266    0.00%    passed     70.88%
  23  n296_297    0.00%    passed     99.62%
  24  n299_300    0.00%    passed     84.90%
  25  n244_245    0.00%    passed     93.22%
  26  n277_278    0.00%    passed     96.62%
****  TOTAL       0.00%  0 sequences failed composition chi2 test (p-value<5%; df=3)

Create initial parsimony tree by phylogenetic likelihood library (PLL)... 0.001 seconds

NOTE: 0 MB RAM is required!
Estimate model parameters (epsilon = 0.100)
1. Initial log-likelihood: -2032.276
2. Current log-likelihood: -1976.714
3. Current log-likelihood: -1976.226
Optimal log-likelihood: -1976.225
Rate parameters:  A-C: 0.764  A-G: 0.935  A-T: 0.855  C-G: 0.683  C-T: 0.982  G-T: 1.000
Base frequencies:   A: 0.245  C: 0.289  G: 0.240  T: 0.225
Gamma shape alpha: 15.978
Parameters optimization took 3 rounds (0.039 sec)
--------------------------------------------------------------------
|             INITIALIZING CANDIDATE TREE SET                      |
--------------------------------------------------------------------
Computing ML distances based on estimated model parameters... 0.000 sec
Computing BIONJ tree...
0.001 seconds
Log-likelihood of BIONJ tree: -1975.889
Generating 98 parsimony trees... 0.120 seconds 97 distinct starting trees
Computing log-likelihood of 97 initial trees ... 0.252 seconds
Optimizing top 20 initial trees with NNI...
Iteration 1 / LogL: -1975.890 / Time: 0h:0m:0s
Estimate model parameters (epsilon = 0.100)
BETTER SCORE FOUND at iteration 1: -1975.873
Iteration 2 / LogL: -1975.874 / Time: 0h:0m:0s
Iteration 3 / LogL: -1975.874 / Time: 0h:0m:0s
Iteration 4 / LogL: -1975.874 / Time: 0h:0m:0s
Iteration 5 / LogL: -1975.874 / Time: 0h:0m:0s
Iteration 6 / LogL: -1975.874 / Time: 0h:0m:0s
Iteration 7 / LogL: -1975.874 / Time: 0h:0m:0s
Iteration 8 / LogL: -1975.874 / Time: 0h:0m:0s
Iteration 9 / LogL: -1975.874 / Time: 0h:0m:0s
Iteration 10 / LogL: -1975.874 / Time: 0h:0m:0s
Iteration 11 / LogL: -1975.874 / Time: 0h:0m:0s
Iteration 12 / LogL: -1975.874 / Time: 0h:0m:0s
Iteration 13 / LogL: -1975.874 / Time: 0h:0m:0s
Iteration 14 / LogL: -1975.874 / Time: 0h:0m:0s
Iteration 15 / LogL: -1975.874 / Time: 0h:0m:0s
Iteration 16 / LogL: -1975.874 / Time: 0h:0m:0s
Iteration 17 / LogL: -1975.874 / Time: 0h:0m:0s
Iteration 18 / LogL: -1975.874 / Time: 0h:0m:0s
Iteration 19 / LogL: -1975.874 / Time: 0h:0m:0s
Iteration 20 / LogL: -1975.874 / Time: 0h:0m:0s
Average CPU time for 1 NNI search: 0.008
Finish initializing candidate tree set. Number of distinct locally optimal trees: 20
Current best tree score: -1975.873 / CPU time: 0.524
--------------------------------------------------------------------
|               OPTIMIZING CANDIDATE TREE SET                      |
--------------------------------------------------------------------
Iteration 30 / LogL: -1975.874 / Time: 0h:0m:0s (0h:0m:1s left)
Iteration 40 / LogL: -1975.873 / Time: 0h:0m:0s (0h:0m:1s left)
Iteration 50 / LogL: -1975.875 / Time: 0h:0m:1s (0h:0m:1s left)
Iteration 60 / LogL: -1975.875 / Time: 0h:0m:1s (0h:0m:0s left)
Iteration 70 / LogL: -1975.873 / Time: 0h:0m:1s (0h:0m:0s left)
Iteration 80 / LogL: -1975.873 / Time: 0h:0m:1s (0h:0m:0s left)
Iteration 90 / LogL: -1976.060 / Time: 0h:0m:1s (0h:0m:0s left)
Iteration 100 / LogL: -1981.753 / Time: 0h:0m:2s (0h:0m:0s left)
TREE SEARCH COMPLETED AFTER 101 ITERATIONS / Time: 0h:0m:2s

--------------------------------------------------------------------
|                    FINALIZING TREE SEARCH                        |
--------------------------------------------------------------------
Performs final model parameters optimization
Estimate model parameters (epsilon = 0.010)
1. Initial log-likelihood: -1975.873
Optimal log-likelihood: -1975.872
Rate parameters:  A-C: 0.763  A-G: 0.953  A-T: 0.855  C-G: 0.670  C-T: 0.983  G-T: 1.000
Base frequencies:   A: 0.245  C: 0.289  G: 0.240  T: 0.225
Gamma shape alpha: 16.053
Parameters optimization took 1 rounds (0.008 sec)
BEST SCORE FOUND : -1975.872

Testing tree branches by SH-like aLRT with 1000 replicates...
CPU Time used:  0.144 sec.
Total tree length: 1.132

Total number of iterations: 101
CPU time used for tree search: 2.112 sec (0h:0m:2s)
Wall-clock time used for tree search: 2.110 sec (0h:0m:2s)
Total CPU time used: 2.324 sec (0h:0m:2s)
Total wall-clock time used: 2.324 sec (0h:0m:2s)

Analysis results written to: 
  IQ-TREE report:                ../simulations/data_D8T0L15I8T8//S/606_pruned.fasta.iqtree
  Maximum-likelihood tree:       ../simulations/data_D8T0L15I8T8//S/606_pruned.fasta.treefile
  Likelihood distances:          ../simulations/data_D8T0L15I8T8//S/606_pruned.fasta.mldist
  Screen log file:               ../simulations/data_D8T0L15I8T8//S/606_pruned.fasta.log

Date and Time: Fri May 25 22:58:42 2018
