IQ-TREE version 1.4.2 for Linux 64-bit built Apr 15 2016
Copyright (c) 2011-2015 Nguyen Lam Tung, Olga Chernomor, Arndt von Haeseler and Bui Quang Minh.

Host:    meduse (AVX2, FMA3, 7 GB RAM)
Command: iqtree -s ../simulations/data_D8T0L15I8T8//S/612_pruned.fasta -m GTR+G -alrt 1000 -redo
Seed:    75126 (Using SPRNG - Scalable Parallel Random Number Generator)
Time:    Fri May 25 22:41:25 2018
Kernel:  AVX

NOTE: Consider using the multicore version because your CPU has 4 cores!

Reading alignment file ../simulations/data_D8T0L15I8T8//S/612_pruned.fasta ... Fasta format detected
Alignment most likely contains DNA/RNA sequences
Alignment has 14 sequences with 300 columns and 128 patterns (121 informative sites)
          Gap/Ambiguity  Composition  p-value
   1  n280_241    0.00%    passed     99.60%
   2  n277_238    0.00%    passed     95.88%
   3  n255_224    0.00%    passed     55.56%
   4  n244_213    0.00%    passed     60.06%
   5  n274_237    0.00%    passed     99.04%
   6  n265_232    0.00%    passed     99.80%
   7  n285_244    0.00%    passed     90.20%
   8  n278_239    0.00%    passed     96.72%
   9  n251_220    0.00%    passed     58.28%
  10  n300_249    0.00%    passed     98.72%
  11  n292_247    0.00%    passed     99.54%
  12  n299_248    0.00%    passed     98.72%
  13  n266_233    0.00%    passed     94.41%
  14  n286_245    0.00%    passed     96.38%
****  TOTAL       0.00%  0 sequences failed composition chi2 test (p-value<5%; df=3)
NOTE: 1 identical sequences (see below) will be ignored for subsequent analysis
NOTE: n299_248 (identical to n300_249) is ignored but added at the end

Create initial parsimony tree by phylogenetic likelihood library (PLL)... 0.000 seconds

NOTE: 0 MB RAM is required!
Estimate model parameters (epsilon = 0.100)
1. Initial log-likelihood: -1518.191
2. Current log-likelihood: -1487.482
3. Current log-likelihood: -1486.776
Optimal log-likelihood: -1486.759
Rate parameters:  A-C: 1.143  A-G: 0.869  A-T: 1.127  C-G: 0.819  C-T: 0.926  G-T: 1.000
Base frequencies:   A: 0.249  C: 0.283  G: 0.257  T: 0.211
Gamma shape alpha: 38.588
Parameters optimization took 3 rounds (0.015 sec)
--------------------------------------------------------------------
|             INITIALIZING CANDIDATE TREE SET                      |
--------------------------------------------------------------------
Computing ML distances based on estimated model parameters... 0.000 sec
Computing BIONJ tree...
0.000 seconds
Log-likelihood of BIONJ tree: -1486.759
Generating 99 parsimony trees... 0.045 seconds 2 distinct starting trees
Computing log-likelihood of 2 initial trees ... 0.001 seconds
Optimizing top 2 initial trees with NNI...
Iteration 1 / LogL: -1486.759 / Time: 0h:0m:0s
Estimate model parameters (epsilon = 0.100)
BETTER SCORE FOUND at iteration 1: -1486.756
Iteration 2 / LogL: -1486.756 / Time: 0h:0m:0s
Average CPU time for 1 NNI search: 0.004
Finish initializing candidate tree set. Number of distinct locally optimal trees: 1
Current best tree score: -1486.756 / CPU time: 0.056
--------------------------------------------------------------------
|               OPTIMIZING CANDIDATE TREE SET                      |
--------------------------------------------------------------------
Iteration 10 / LogL: -1957.018 / Time: 0h:0m:0s
Iteration 20 / LogL: -1970.344 / Time: 0h:0m:0s (0h:0m:0s left)
Iteration 30 / LogL: -1486.822 / Time: 0h:0m:0s (0h:0m:0s left)
Iteration 40 / LogL: -1486.767 / Time: 0h:0m:0s (0h:0m:0s left)
Iteration 50 / LogL: -1486.818 / Time: 0h:0m:0s (0h:0m:0s left)
Iteration 60 / LogL: -1595.944 / Time: 0h:0m:0s (0h:0m:0s left)
Iteration 70 / LogL: -1486.768 / Time: 0h:0m:0s (0h:0m:0s left)
Iteration 80 / LogL: -1797.081 / Time: 0h:0m:0s (0h:0m:0s left)
Iteration 90 / LogL: -1486.757 / Time: 0h:0m:0s (0h:0m:0s left)
Iteration 100 / LogL: -1487.475 / Time: 0h:0m:0s (0h:0m:0s left)
TREE SEARCH COMPLETED AFTER 101 ITERATIONS / Time: 0h:0m:0s

--------------------------------------------------------------------
|                    FINALIZING TREE SEARCH                        |
--------------------------------------------------------------------
Performs final model parameters optimization
Estimate model parameters (epsilon = 0.010)
1. Initial log-likelihood: -1486.756
Optimal log-likelihood: -1486.754
Rate parameters:  A-C: 1.153  A-G: 0.878  A-T: 1.135  C-G: 0.828  C-T: 0.934  G-T: 1.000
Base frequencies:   A: 0.249  C: 0.283  G: 0.257  T: 0.211
Gamma shape alpha: 39.085
Parameters optimization took 1 rounds (0.002 sec)
BEST SCORE FOUND : -1486.754

Testing tree branches by SH-like aLRT with 1000 replicates...
CPU Time used:  0.068 sec.
Total tree length: 0.848

Total number of iterations: 101
CPU time used for tree search: 0.896 sec (0h:0m:0s)
Wall-clock time used for tree search: 0.899 sec (0h:0m:0s)
Total CPU time used: 0.992 sec (0h:0m:0s)
Total wall-clock time used: 1.001 sec (0h:0m:1s)

Analysis results written to: 
  IQ-TREE report:                ../simulations/data_D8T0L15I8T8//S/612_pruned.fasta.iqtree
  Maximum-likelihood tree:       ../simulations/data_D8T0L15I8T8//S/612_pruned.fasta.treefile
  Likelihood distances:          ../simulations/data_D8T0L15I8T8//S/612_pruned.fasta.mldist
  Screen log file:               ../simulations/data_D8T0L15I8T8//S/612_pruned.fasta.log

Date and Time: Fri May 25 22:41:26 2018
