IQ-TREE version 1.4.2 for Linux 64-bit built Apr 15 2016
Copyright (c) 2011-2015 Nguyen Lam Tung, Olga Chernomor, Arndt von Haeseler and Bui Quang Minh.

Host:    meduse (AVX2, FMA3, 7 GB RAM)
Command: iqtree -s ../simulations/data_D10T0L20I10T10//S/618_pruned.fasta -m GTR+G -alrt 1000 -redo
Seed:    438896 (Using SPRNG - Scalable Parallel Random Number Generator)
Time:    Fri Jun  1 11:04:35 2018
Kernel:  AVX

NOTE: Consider using the multicore version because your CPU has 4 cores!

Reading alignment file ../simulations/data_D10T0L20I10T10//S/618_pruned.fasta ... Fasta format detected
Alignment most likely contains DNA/RNA sequences
Alignment has 26 sequences with 300 columns and 185 patterns (161 informative sites)
          Gap/Ambiguity  Composition  p-value
   1  n289_290    0.00%    passed     72.97%
   2  n294_295    0.00%    passed     81.42%
   3  n295_296    0.00%    passed     57.01%
   4  n266_267    0.00%    passed     67.71%
   5  n299_300    0.00%    passed     63.57%
   6  n298_299    0.00%    passed     74.27%
   7  n290_291    0.00%    passed     72.97%
   8  n274_275    0.00%    passed     73.44%
   9  n251_252    0.00%    passed     73.44%
  10  n293_294    0.00%    passed     80.09%
  11  n265_266    0.00%    passed     67.38%
  12  n296_297    0.00%    passed     57.01%
  13  n300_301    0.00%    passed     70.00%
  14  n244_245    0.00%    passed     50.28%
  15  n278_279    0.00%    passed     31.96%
  16  n287_288    0.00%    passed     72.97%
  17  n200_201    0.00%    passed     77.65%
  18  n277_278    0.00%    passed     52.42%
  19  n297_298    0.00%    passed     71.34%
  20  n236_237    0.00%    passed     51.15%
  21  n280_281    0.00%    passed     73.64%
  22  n285_286    0.00%    passed     49.25%
  23  n275_276    0.00%    passed     85.50%
  24  n255_256    0.00%    passed     51.61%
  25  n292_293    0.00%    passed     63.57%
  26  n286_287    0.00%    passed     57.38%
****  TOTAL       0.00%  0 sequences failed composition chi2 test (p-value<5%; df=3)
NOTE: 4 identical sequences (see below) will be ignored for subsequent analysis
NOTE: n290_291 (identical to n289_290) is ignored but added at the end
NOTE: n287_288 (identical to n289_290) is ignored but added at the end
NOTE: n296_297 (identical to n295_296) is ignored but added at the end
NOTE: n292_293 (identical to n299_300) is ignored but added at the end

Create initial parsimony tree by phylogenetic likelihood library (PLL)... 0.001 seconds

NOTE: 0 MB RAM is required!
Estimate model parameters (epsilon = 0.100)
1. Initial log-likelihood: -2043.909
2. Current log-likelihood: -2008.530
3. Current log-likelihood: -2008.125
Optimal log-likelihood: -2008.119
Rate parameters:  A-C: 1.389  A-G: 1.161  A-T: 0.812  C-G: 1.395  C-T: 1.373  G-T: 1.000
Base frequencies:   A: 0.229  C: 0.227  G: 0.278  T: 0.267
Gamma shape alpha: 8.832
Parameters optimization took 3 rounds (0.018 sec)
--------------------------------------------------------------------
|             INITIALIZING CANDIDATE TREE SET                      |
--------------------------------------------------------------------
Computing ML distances based on estimated model parameters... 0.000 sec
Computing BIONJ tree...
0.000 seconds
Log-likelihood of BIONJ tree: -2008.511
Generating 98 parsimony trees... 0.082 seconds 10 distinct starting trees
Computing log-likelihood of 10 initial trees ... 0.013 seconds
Optimizing top 10 initial trees with NNI...
Iteration 1 / LogL: -2008.119 / Time: 0h:0m:0s
Estimate model parameters (epsilon = 0.100)
BETTER SCORE FOUND at iteration 1: -2008.117
Iteration 2 / LogL: -2008.120 / Time: 0h:0m:0s
Iteration 3 / LogL: -2008.120 / Time: 0h:0m:0s
Iteration 4 / LogL: -2008.120 / Time: 0h:0m:0s
Iteration 5 / LogL: -2008.120 / Time: 0h:0m:0s
Iteration 6 / LogL: -2008.120 / Time: 0h:0m:0s
Iteration 7 / LogL: -2008.120 / Time: 0h:0m:0s
Iteration 8 / LogL: -2008.120 / Time: 0h:0m:0s
Iteration 9 / LogL: -2008.120 / Time: 0h:0m:0s
Iteration 10 / LogL: -2008.122 / Time: 0h:0m:0s
Average CPU time for 1 NNI search: 0.004
Finish initializing candidate tree set. Number of distinct locally optimal trees: 9
Current best tree score: -2008.117 / CPU time: 0.136
--------------------------------------------------------------------
|               OPTIMIZING CANDIDATE TREE SET                      |
--------------------------------------------------------------------
Iteration 20 / LogL: -2008.125 / Time: 0h:0m:0s (0h:0m:1s left)
Iteration 30 / LogL: -2024.841 / Time: 0h:0m:0s (0h:0m:1s left)
Iteration 40 / LogL: -2008.123 / Time: 0h:0m:0s (0h:0m:0s left)
Iteration 50 / LogL: -2008.117 / Time: 0h:0m:0s (0h:0m:0s left)
Iteration 60 / LogL: -2008.122 / Time: 0h:0m:0s (0h:0m:0s left)
Iteration 70 / LogL: -2008.118 / Time: 0h:0m:0s (0h:0m:0s left)
Iteration 80 / LogL: -2008.154 / Time: 0h:0m:1s (0h:0m:0s left)
Iteration 90 / LogL: -2008.150 / Time: 0h:0m:1s (0h:0m:0s left)
Iteration 100 / LogL: -2008.117 / Time: 0h:0m:1s (0h:0m:0s left)
TREE SEARCH COMPLETED AFTER 101 ITERATIONS / Time: 0h:0m:1s

--------------------------------------------------------------------
|                    FINALIZING TREE SEARCH                        |
--------------------------------------------------------------------
Performs final model parameters optimization
Estimate model parameters (epsilon = 0.010)
1. Initial log-likelihood: -2008.117
Optimal log-likelihood: -2008.117
Rate parameters:  A-C: 1.384  A-G: 1.161  A-T: 0.813  C-G: 1.394  C-T: 1.373  G-T: 1.000
Base frequencies:   A: 0.229  C: 0.227  G: 0.278  T: 0.267
Gamma shape alpha: 8.850
Parameters optimization took 1 rounds (0.004 sec)
BEST SCORE FOUND : -2008.117

Testing tree branches by SH-like aLRT with 1000 replicates...
CPU Time used:  0.096 sec.
Total tree length: 1.225

Total number of iterations: 101
CPU time used for tree search: 1.392 sec (0h:0m:1s)
Wall-clock time used for tree search: 1.399 sec (0h:0m:1s)
Total CPU time used: 1.524 sec (0h:0m:1s)
Total wall-clock time used: 1.528 sec (0h:0m:1s)

Analysis results written to: 
  IQ-TREE report:                ../simulations/data_D10T0L20I10T10//S/618_pruned.fasta.iqtree
  Maximum-likelihood tree:       ../simulations/data_D10T0L20I10T10//S/618_pruned.fasta.treefile
  Likelihood distances:          ../simulations/data_D10T0L20I10T10//S/618_pruned.fasta.mldist
  Screen log file:               ../simulations/data_D10T0L20I10T10//S/618_pruned.fasta.log

Date and Time: Fri Jun  1 11:04:36 2018
