IQ-TREE version 1.4.2 for Linux 64-bit built Apr 15 2016
Copyright (c) 2011-2015 Nguyen Lam Tung, Olga Chernomor, Arndt von Haeseler and Bui Quang Minh.

Host:    meduse (AVX2, FMA3, 7 GB RAM)
Command: iqtree -s ../simulations/data_D10T0L20I10T10//S/619_pruned.fasta -m GTR+G -alrt 1000 -redo
Seed:    304104 (Using SPRNG - Scalable Parallel Random Number Generator)
Time:    Fri Jun  1 11:05:55 2018
Kernel:  AVX

NOTE: Consider using the multicore version because your CPU has 4 cores!

Reading alignment file ../simulations/data_D10T0L20I10T10//S/619_pruned.fasta ... Fasta format detected
Alignment most likely contains DNA/RNA sequences
Alignment has 14 sequences with 300 columns and 139 patterns (123 informative sites)
          Gap/Ambiguity  Composition  p-value
   1  n244_213    0.00%    passed     90.64%
   2  n265_232    0.00%    passed     95.08%
   3  n278_239    0.00%    passed     95.66%
   4  n277_238    0.00%    passed     92.90%
   5  n285_244    0.00%    passed     98.26%
   6  n266_233    0.00%    passed     84.11%
   7  n280_241    0.00%    passed     96.65%
   8  n292_247    0.00%    passed     95.30%
   9  n300_249    0.00%    passed     99.71%
  10  n286_245    0.00%    passed     93.24%
  11  n251_220    0.00%    passed     94.19%
  12  n274_237    0.00%    passed     98.63%
  13  n299_248    0.00%    passed     98.80%
  14  n255_224    0.00%    passed     88.92%
****  TOTAL       0.00%  0 sequences failed composition chi2 test (p-value<5%; df=3)

Create initial parsimony tree by phylogenetic likelihood library (PLL)... 0.000 seconds

NOTE: 0 MB RAM is required!
Estimate model parameters (epsilon = 0.100)
1. Initial log-likelihood: -1573.760
2. Current log-likelihood: -1535.687
3. Current log-likelihood: -1534.835
Optimal log-likelihood: -1534.830
Rate parameters:  A-C: 0.938  A-G: 0.942  A-T: 1.028  C-G: 1.198  C-T: 1.190  G-T: 1.000
Base frequencies:   A: 0.260  C: 0.261  G: 0.235  T: 0.243
Gamma shape alpha: 998.950
Parameters optimization took 3 rounds (0.012 sec)
--------------------------------------------------------------------
|             INITIALIZING CANDIDATE TREE SET                      |
--------------------------------------------------------------------
Computing ML distances based on estimated model parameters... 0.000 sec
Computing BIONJ tree...
0.000 seconds
Log-likelihood of BIONJ tree: -1534.830
Generating 99 parsimony trees... 0.035 seconds 3 distinct starting trees
Computing log-likelihood of 3 initial trees ... 0.002 seconds
Optimizing top 3 initial trees with NNI...
Iteration 1 / LogL: -1534.830 / Time: 0h:0m:0s
Estimate model parameters (epsilon = 0.100)
BETTER SCORE FOUND at iteration 1: -1534.829
Iteration 2 / LogL: -1534.832 / Time: 0h:0m:0s
Iteration 3 / LogL: -1534.832 / Time: 0h:0m:0s
Average CPU time for 1 NNI search: 0.003
Finish initializing candidate tree set. Number of distinct locally optimal trees: 3
Current best tree score: -1534.829 / CPU time: 0.044
--------------------------------------------------------------------
|               OPTIMIZING CANDIDATE TREE SET                      |
--------------------------------------------------------------------
Iteration 10 / LogL: -1652.166 / Time: 0h:0m:0s
Iteration 20 / LogL: -1534.829 / Time: 0h:0m:0s (0h:0m:0s left)
Iteration 30 / LogL: -1535.151 / Time: 0h:0m:0s (0h:0m:0s left)
Iteration 40 / LogL: -1534.829 / Time: 0h:0m:0s (0h:0m:0s left)
Iteration 50 / LogL: -1534.830 / Time: 0h:0m:0s (0h:0m:0s left)
Iteration 60 / LogL: -1534.829 / Time: 0h:0m:0s (0h:0m:0s left)
Iteration 70 / LogL: -1535.049 / Time: 0h:0m:0s (0h:0m:0s left)
Iteration 80 / LogL: -1534.829 / Time: 0h:0m:0s (0h:0m:0s left)
Iteration 90 / LogL: -1534.837 / Time: 0h:0m:0s (0h:0m:0s left)
Iteration 100 / LogL: -1538.699 / Time: 0h:0m:0s (0h:0m:0s left)
TREE SEARCH COMPLETED AFTER 101 ITERATIONS / Time: 0h:0m:0s

--------------------------------------------------------------------
|                    FINALIZING TREE SEARCH                        |
--------------------------------------------------------------------
Performs final model parameters optimization
Estimate model parameters (epsilon = 0.010)
1. Initial log-likelihood: -1534.829
Optimal log-likelihood: -1534.829
Rate parameters:  A-C: 0.932  A-G: 0.935  A-T: 1.022  C-G: 1.191  C-T: 1.182  G-T: 1.000
Base frequencies:   A: 0.260  C: 0.261  G: 0.235  T: 0.243
Gamma shape alpha: 998.950
Parameters optimization took 1 rounds (0.002 sec)
BEST SCORE FOUND : -1534.829

Testing tree branches by SH-like aLRT with 1000 replicates...
CPU Time used:  0.052 sec.
Total tree length: 0.866

Total number of iterations: 101
CPU time used for tree search: 0.512 sec (0h:0m:0s)
Wall-clock time used for tree search: 0.517 sec (0h:0m:0s)
Total CPU time used: 0.588 sec (0h:0m:0s)
Total wall-clock time used: 0.591 sec (0h:0m:0s)

Analysis results written to: 
  IQ-TREE report:                ../simulations/data_D10T0L20I10T10//S/619_pruned.fasta.iqtree
  Maximum-likelihood tree:       ../simulations/data_D10T0L20I10T10//S/619_pruned.fasta.treefile
  Likelihood distances:          ../simulations/data_D10T0L20I10T10//S/619_pruned.fasta.mldist
  Screen log file:               ../simulations/data_D10T0L20I10T10//S/619_pruned.fasta.log

Date and Time: Fri Jun  1 11:05:55 2018
