IQ-TREE version 1.4.2 for Linux 64-bit built Apr 15 2016
Copyright (c) 2011-2015 Nguyen Lam Tung, Olga Chernomor, Arndt von Haeseler and Bui Quang Minh.

Host:    meduse (AVX2, FMA3, 7 GB RAM)
Command: iqtree -s ../simulations/data_D10T0L20I10T10//S/621_pruned.fasta -m GTR+G -alrt 1000 -redo
Seed:    983261 (Using SPRNG - Scalable Parallel Random Number Generator)
Time:    Fri Jun  1 11:07:50 2018
Kernel:  AVX

NOTE: Consider using the multicore version because your CPU has 4 cores!

Reading alignment file ../simulations/data_D10T0L20I10T10//S/621_pruned.fasta ... Fasta format detected
Alignment most likely contains DNA/RNA sequences
Alignment has 25 sequences with 300 columns and 157 patterns (153 informative sites)
          Gap/Ambiguity  Composition  p-value
   1  n289_290    0.00%    passed     96.61%
   2  n294_295    0.00%    passed     89.56%
   3  n295_296    0.00%    passed     97.68%
   4  n266_267    0.00%    passed     87.99%
   5  n299_300    0.00%    passed     84.10%
   6  n298_299    0.00%    passed     91.74%
   7  n290_291    0.00%    passed     95.99%
   8  n274_275    0.00%    passed     72.40%
   9  n251_252    0.00%    passed     75.88%
  10  n293_294    0.00%    passed     93.30%
  11  n265_266    0.00%    passed     59.47%
  12  n296_297    0.00%    passed     97.68%
  13  n300_301    0.00%    passed     84.10%
  14  n244_245    0.00%    passed     70.05%
  15  n278_279    0.00%    passed     85.96%
  16  n287_288    0.00%    passed     95.57%
  17  n277_278    0.00%    passed     85.65%
  18  n297_298    0.00%    passed     93.46%
  19  n236_237    0.00%    passed     99.26%
  20  n280_281    0.00%    passed     84.10%
  21  n285_286    0.00%    passed     99.73%
  22  n275_276    0.00%    passed     84.08%
  23  n255_256    0.00%    passed     90.44%
  24  n292_293    0.00%    passed     81.28%
  25  n286_287    0.00%    passed     99.92%
****  TOTAL       0.00%  0 sequences failed composition chi2 test (p-value<5%; df=3)
NOTE: 3 identical sequences (see below) will be ignored for subsequent analysis
NOTE: n296_297 (identical to n295_296) is ignored but added at the end
NOTE: n300_301 (identical to n299_300) is ignored but added at the end
NOTE: n280_281 (identical to n299_300) is ignored but added at the end

Create initial parsimony tree by phylogenetic likelihood library (PLL)... 0.001 seconds

NOTE: 0 MB RAM is required!
Estimate model parameters (epsilon = 0.100)
1. Initial log-likelihood: -1836.615
2. Current log-likelihood: -1802.893
3. Current log-likelihood: -1802.624
Optimal log-likelihood: -1802.605
Rate parameters:  A-C: 1.110  A-G: 0.712  A-T: 0.684  C-G: 1.008  C-T: 0.997  G-T: 1.000
Base frequencies:   A: 0.238  C: 0.275  G: 0.278  T: 0.209
Gamma shape alpha: 3.457
Parameters optimization took 3 rounds (0.017 sec)
--------------------------------------------------------------------
|             INITIALIZING CANDIDATE TREE SET                      |
--------------------------------------------------------------------
Computing ML distances based on estimated model parameters... 0.000 sec
Computing BIONJ tree...
0.000 seconds
Log-likelihood of BIONJ tree: -1802.604
Generating 98 parsimony trees... 0.076 seconds 94 distinct starting trees
Computing log-likelihood of 94 initial trees ... 0.150 seconds
Optimizing top 20 initial trees with NNI...
Iteration 1 / LogL: -1802.605 / Time: 0h:0m:0s
Estimate model parameters (epsilon = 0.100)
BETTER SCORE FOUND at iteration 1: -1802.593
Iteration 2 / LogL: -1802.595 / Time: 0h:0m:0s
Iteration 3 / LogL: -1802.596 / Time: 0h:0m:0s
Iteration 4 / LogL: -1802.596 / Time: 0h:0m:0s
Iteration 5 / LogL: -1802.596 / Time: 0h:0m:0s
Iteration 6 / LogL: -1802.596 / Time: 0h:0m:0s
Iteration 7 / LogL: -1802.596 / Time: 0h:0m:0s
Iteration 8 / LogL: -1802.596 / Time: 0h:0m:0s
Iteration 9 / LogL: -1802.596 / Time: 0h:0m:0s
Iteration 10 / LogL: -1802.596 / Time: 0h:0m:0s
Iteration 11 / LogL: -1802.596 / Time: 0h:0m:0s
Iteration 12 / LogL: -1802.596 / Time: 0h:0m:0s
Iteration 13 / LogL: -1802.596 / Time: 0h:0m:0s
Iteration 14 / LogL: -1802.596 / Time: 0h:0m:0s
Iteration 15 / LogL: -1802.596 / Time: 0h:0m:0s
Iteration 16 / LogL: -1802.596 / Time: 0h:0m:0s
Iteration 17 / LogL: -1802.596 / Time: 0h:0m:0s
Iteration 18 / LogL: -1802.596 / Time: 0h:0m:0s
Iteration 19 / LogL: -1802.596 / Time: 0h:0m:0s
Iteration 20 / LogL: -1802.596 / Time: 0h:0m:0s
Average CPU time for 1 NNI search: 0.004
Finish initializing candidate tree set. Number of distinct locally optimal trees: 20
Current best tree score: -1802.593 / CPU time: 0.300
--------------------------------------------------------------------
|               OPTIMIZING CANDIDATE TREE SET                      |
--------------------------------------------------------------------
Iteration 30 / LogL: -1802.593 / Time: 0h:0m:0s (0h:0m:1s left)
Iteration 40 / LogL: -1802.612 / Time: 0h:0m:0s (0h:0m:0s left)
Iteration 50 / LogL: -1802.594 / Time: 0h:0m:0s (0h:0m:0s left)
Iteration 60 / LogL: -1959.552 / Time: 0h:0m:0s (0h:0m:0s left)
Iteration 70 / LogL: -1802.608 / Time: 0h:0m:0s (0h:0m:0s left)
Iteration 80 / LogL: -1802.594 / Time: 0h:0m:0s (0h:0m:0s left)
Iteration 90 / LogL: -1802.628 / Time: 0h:0m:1s (0h:0m:0s left)
Iteration 100 / LogL: -1802.681 / Time: 0h:0m:1s (0h:0m:0s left)
TREE SEARCH COMPLETED AFTER 101 ITERATIONS / Time: 0h:0m:1s

--------------------------------------------------------------------
|                    FINALIZING TREE SEARCH                        |
--------------------------------------------------------------------
Performs final model parameters optimization
Estimate model parameters (epsilon = 0.010)
1. Initial log-likelihood: -1802.593
Optimal log-likelihood: -1802.587
Rate parameters:  A-C: 1.127  A-G: 0.717  A-T: 0.696  C-G: 1.022  C-T: 1.013  G-T: 1.000
Base frequencies:   A: 0.238  C: 0.275  G: 0.278  T: 0.209
Gamma shape alpha: 3.457
Parameters optimization took 1 rounds (0.003 sec)
BEST SCORE FOUND : -1802.587

Testing tree branches by SH-like aLRT with 1000 replicates...
CPU Time used:  0.092 sec.
Total tree length: 1.088

Total number of iterations: 101
CPU time used for tree search: 1.192 sec (0h:0m:1s)
Wall-clock time used for tree search: 1.192 sec (0h:0m:1s)
Total CPU time used: 1.320 sec (0h:0m:1s)
Total wall-clock time used: 1.320 sec (0h:0m:1s)

Analysis results written to: 
  IQ-TREE report:                ../simulations/data_D10T0L20I10T10//S/621_pruned.fasta.iqtree
  Maximum-likelihood tree:       ../simulations/data_D10T0L20I10T10//S/621_pruned.fasta.treefile
  Likelihood distances:          ../simulations/data_D10T0L20I10T10//S/621_pruned.fasta.mldist
  Screen log file:               ../simulations/data_D10T0L20I10T10//S/621_pruned.fasta.log

Date and Time: Fri Jun  1 11:07:52 2018
