IQ-TREE version 1.4.2 for Linux 64-bit built Apr 15 2016
Copyright (c) 2011-2015 Nguyen Lam Tung, Olga Chernomor, Arndt von Haeseler and Bui Quang Minh.

Host:    meduse (AVX2, FMA3, 7 GB RAM)
Command: iqtree -s ../simulations/data_D8T0L15I8T8//S/623_pruned.fasta -m GTR+G -alrt 1000 -redo
Seed:    708276 (Using SPRNG - Scalable Parallel Random Number Generator)
Time:    Fri May 25 22:49:41 2018
Kernel:  AVX

NOTE: Consider using the multicore version because your CPU has 4 cores!

Reading alignment file ../simulations/data_D8T0L15I8T8//S/623_pruned.fasta ... Fasta format detected
Alignment most likely contains DNA/RNA sequences
Alignment has 14 sequences with 300 columns and 125 patterns (125 informative sites)
          Gap/Ambiguity  Composition  p-value
   1  n244_215    0.00%    passed     84.73%
   2  n286_247    0.00%    passed     87.28%
   3  n300_251    0.00%    passed     98.78%
   4  n299_250    0.00%    passed     98.78%
   5  n255_226    0.00%    passed     64.76%
   6  n251_222    0.00%    passed     35.25%
   7  n277_240    0.00%    passed     94.71%
   8  n265_234    0.00%    passed     55.17%
   9  n266_235    0.00%    passed     78.40%
  10  n292_249    0.00%    passed     98.78%
  11  n285_246    0.00%    passed     96.26%
  12  n280_243    0.00%    passed     98.97%
  13  n274_239    0.00%    passed     98.53%
  14  n278_241    0.00%    passed     86.64%
****  TOTAL       0.00%  0 sequences failed composition chi2 test (p-value<5%; df=3)
NOTE: 2 identical sequences (see below) will be ignored for subsequent analysis
NOTE: n299_250 (identical to n300_251) is ignored but added at the end
NOTE: n292_249 (identical to n300_251) is ignored but added at the end

Create initial parsimony tree by phylogenetic likelihood library (PLL)... 0.001 seconds

NOTE: 0 MB RAM is required!
Estimate model parameters (epsilon = 0.100)
1. Initial log-likelihood: -1495.519
2. Current log-likelihood: -1479.888
3. Current log-likelihood: -1479.695
Optimal log-likelihood: -1479.688
Rate parameters:  A-C: 1.944  A-G: 1.437  A-T: 1.296  C-G: 1.571  C-T: 1.588  G-T: 1.000
Base frequencies:   A: 0.214  C: 0.261  G: 0.272  T: 0.253
Gamma shape alpha: 2.060
Parameters optimization took 3 rounds (0.018 sec)
--------------------------------------------------------------------
|             INITIALIZING CANDIDATE TREE SET                      |
--------------------------------------------------------------------
Computing ML distances based on estimated model parameters... 0.004 sec
Computing BIONJ tree...
0.000 seconds
Log-likelihood of BIONJ tree: -1479.688
Generating 99 parsimony trees... 0.058 seconds 1 distinct starting trees
Computing log-likelihood of 1 initial trees ... 0.000 seconds
Optimizing top 1 initial trees with NNI...
Iteration 1 / LogL: -1479.688 / Time: 0h:0m:0s
Estimate model parameters (epsilon = 0.100)
BETTER SCORE FOUND at iteration 1: -1479.685
Average CPU time for 1 NNI search: 0.004
Finish initializing candidate tree set. Number of distinct locally optimal trees: 1
Current best tree score: -1479.685 / CPU time: 0.060
--------------------------------------------------------------------
|               OPTIMIZING CANDIDATE TREE SET                      |
--------------------------------------------------------------------
Iteration 10 / LogL: -1479.691 / Time: 0h:0m:0s
Iteration 20 / LogL: -1479.686 / Time: 0h:0m:0s (0h:0m:0s left)
Iteration 30 / LogL: -1479.692 / Time: 0h:0m:0s (0h:0m:0s left)
Iteration 40 / LogL: -1479.687 / Time: 0h:0m:0s (0h:0m:0s left)
Iteration 50 / LogL: -1479.691 / Time: 0h:0m:0s (0h:0m:0s left)
Iteration 60 / LogL: -1479.686 / Time: 0h:0m:0s (0h:0m:0s left)
Iteration 70 / LogL: -1479.686 / Time: 0h:0m:0s (0h:0m:0s left)
Iteration 80 / LogL: -1479.688 / Time: 0h:0m:0s (0h:0m:0s left)
Iteration 90 / LogL: -1479.687 / Time: 0h:0m:0s (0h:0m:0s left)
Iteration 100 / LogL: -1479.687 / Time: 0h:0m:0s (0h:0m:0s left)
TREE SEARCH COMPLETED AFTER 101 ITERATIONS / Time: 0h:0m:0s

--------------------------------------------------------------------
|                    FINALIZING TREE SEARCH                        |
--------------------------------------------------------------------
Performs final model parameters optimization
Estimate model parameters (epsilon = 0.010)
1. Initial log-likelihood: -1479.685
Optimal log-likelihood: -1479.684
Rate parameters:  A-C: 1.962  A-G: 1.448  A-T: 1.308  C-G: 1.588  C-T: 1.601  G-T: 1.000
Base frequencies:   A: 0.214  C: 0.261  G: 0.272  T: 0.253
Gamma shape alpha: 2.063
Parameters optimization took 1 rounds (0.002 sec)
BEST SCORE FOUND : -1479.684

Testing tree branches by SH-like aLRT with 1000 replicates...
CPU Time used:  0.068 sec.
Total tree length: 0.888

Total number of iterations: 101
CPU time used for tree search: 0.812 sec (0h:0m:0s)
Wall-clock time used for tree search: 0.816 sec (0h:0m:0s)
Total CPU time used: 0.920 sec (0h:0m:0s)
Total wall-clock time used: 0.926 sec (0h:0m:0s)

Analysis results written to: 
  IQ-TREE report:                ../simulations/data_D8T0L15I8T8//S/623_pruned.fasta.iqtree
  Maximum-likelihood tree:       ../simulations/data_D8T0L15I8T8//S/623_pruned.fasta.treefile
  Likelihood distances:          ../simulations/data_D8T0L15I8T8//S/623_pruned.fasta.mldist
  Screen log file:               ../simulations/data_D8T0L15I8T8//S/623_pruned.fasta.log

Date and Time: Fri May 25 22:49:42 2018
