IQ-TREE version 1.4.2 for Linux 64-bit built Apr 15 2016
Copyright (c) 2011-2015 Nguyen Lam Tung, Olga Chernomor, Arndt von Haeseler and Bui Quang Minh.

Host:    meduse (AVX2, FMA3, 7 GB RAM)
Command: iqtree -s ../simulations/data_D10T0L20I10T10//S/629_pruned.fasta -m GTR+G -alrt 1000 -redo
Seed:    369925 (Using SPRNG - Scalable Parallel Random Number Generator)
Time:    Sun Jun  3 23:51:15 2018
Kernel:  AVX

NOTE: Consider using the multicore version because your CPU has 4 cores!

Reading alignment file ../simulations/data_D10T0L20I10T10//S/629_pruned.fasta ... Fasta format detected
Alignment most likely contains DNA/RNA sequences
Alignment has 26 sequences with 300 columns and 300 patterns (291 informative sites)
          Gap/Ambiguity  Composition  p-value
   1  n285_288    0.00%    passed     55.39%
   2  n278_281    0.00%    passed     48.07%
   3  n297_300    0.00%    passed     88.69%
   4  n251_254    0.00%    passed     44.50%
   5  n280_283    0.00%    passed     32.50%
   6  n275_278    0.00%    passed     96.50%
   7  n289_292    0.00%    passed     96.95%
   8  n265_268    0.00%    passed     86.98%
   9  n298_301    0.00%    passed     68.70%
  10  n266_269    0.00%    passed     95.33%
  11  n277_280    0.00%    passed     79.14%
  12  n287_290    0.00%    passed     90.91%
  13  n295_298    0.00%    passed     95.05%
  14  n255_258    0.00%    passed     51.27%
  15  n200_203    0.00%    passed     91.66%
  16  n296_299    0.00%    passed     97.63%
  17  n293_296    0.00%    passed     60.84%
  18  n292_295    0.00%    passed     54.87%
  19  n300_303    0.00%    passed     41.51%
  20  n286_289    0.00%    passed     83.62%
  21  n244_247    0.00%    passed     30.45%
  22  n290_293    0.00%    passed     67.02%
  23  n294_297    0.00%    passed     83.39%
  24  n299_302    0.00%    passed     41.01%
  25  n274_277    0.00%    passed     83.86%
  26  n236_239    0.00%    passed     53.00%
****  TOTAL       0.00%  0 sequences failed composition chi2 test (p-value<5%; df=3)

Create initial parsimony tree by phylogenetic likelihood library (PLL)... 0.002 seconds

NOTE: 1 MB RAM is required!
Estimate model parameters (epsilon = 0.100)
1. Initial log-likelihood: -5149.356
2. Current log-likelihood: -5058.963
3. Current log-likelihood: -5043.153
4. Current log-likelihood: -5038.466
5. Current log-likelihood: -5036.792
6. Current log-likelihood: -5036.214
7. Current log-likelihood: -5036.096
Optimal log-likelihood: -5036.038
Rate parameters:  A-C: 0.992  A-G: 1.642  A-T: 1.095  C-G: 1.365  C-T: 1.580  G-T: 1.000
Base frequencies:   A: 0.246  C: 0.262  G: 0.225  T: 0.267
Gamma shape alpha: 6.257
Parameters optimization took 7 rounds (0.090 sec)
--------------------------------------------------------------------
|             INITIALIZING CANDIDATE TREE SET                      |
--------------------------------------------------------------------
Computing ML distances based on estimated model parameters... 0.004 sec
Computing BIONJ tree...
0.000 seconds
Log-likelihood of BIONJ tree: -5035.883
Generating 98 parsimony trees... 0.137 seconds 4 distinct starting trees
Computing log-likelihood of 4 initial trees ... 0.006 seconds
Optimizing top 4 initial trees with NNI...
Iteration 1 / LogL: -5035.883 / Time: 0h:0m:0s
Estimate model parameters (epsilon = 0.100)
BETTER SCORE FOUND at iteration 1: -5035.852
Iteration 2 / LogL: -5035.898 / Time: 0h:0m:0s
Iteration 3 / LogL: -5036.096 / Time: 0h:0m:0s
Iteration 4 / LogL: -5036.096 / Time: 0h:0m:0s
Average CPU time for 1 NNI search: 0.013
Finish initializing candidate tree set. Number of distinct locally optimal trees: 3
Current best tree score: -5035.852 / CPU time: 0.192
--------------------------------------------------------------------
|               OPTIMIZING CANDIDATE TREE SET                      |
--------------------------------------------------------------------
Iteration 10 / LogL: -5036.077 / Time: 0h:0m:0s
Iteration 20 / LogL: -5036.082 / Time: 0h:0m:0s (0h:0m:3s left)
Iteration 30 / LogL: -5036.114 / Time: 0h:0m:1s (0h:0m:2s left)
Iteration 40 / LogL: -5036.200 / Time: 0h:0m:1s (0h:0m:2s left)
Iteration 50 / LogL: -5036.161 / Time: 0h:0m:1s (0h:0m:1s left)
Iteration 60 / LogL: -5036.309 / Time: 0h:0m:2s (0h:0m:1s left)
Iteration 70 / LogL: -5039.814 / Time: 0h:0m:2s (0h:0m:1s left)
Iteration 80 / LogL: -5049.299 / Time: 0h:0m:2s (0h:0m:0s left)
Iteration 90 / LogL: -5047.686 / Time: 0h:0m:3s (0h:0m:0s left)
Iteration 100 / LogL: -5036.007 / Time: 0h:0m:3s (0h:0m:0s left)
TREE SEARCH COMPLETED AFTER 101 ITERATIONS / Time: 0h:0m:3s

--------------------------------------------------------------------
|                    FINALIZING TREE SEARCH                        |
--------------------------------------------------------------------
Performs final model parameters optimization
Estimate model parameters (epsilon = 0.010)
1. Initial log-likelihood: -5035.852
Optimal log-likelihood: -5035.848
Rate parameters:  A-C: 0.995  A-G: 1.647  A-T: 1.106  C-G: 1.352  C-T: 1.556  G-T: 1.000
Base frequencies:   A: 0.246  C: 0.262  G: 0.225  T: 0.267
Gamma shape alpha: 6.463
Parameters optimization took 1 rounds (0.009 sec)
BEST SCORE FOUND : -5035.848

Testing tree branches by SH-like aLRT with 1000 replicates...
CPU Time used:  0.116 sec.
Total tree length: 7.547

Total number of iterations: 101
CPU time used for tree search: 3.284 sec (0h:0m:3s)
Wall-clock time used for tree search: 3.286 sec (0h:0m:3s)
Total CPU time used: 3.528 sec (0h:0m:3s)
Total wall-clock time used: 3.531 sec (0h:0m:3s)

Analysis results written to: 
  IQ-TREE report:                ../simulations/data_D10T0L20I10T10//S/629_pruned.fasta.iqtree
  Maximum-likelihood tree:       ../simulations/data_D10T0L20I10T10//S/629_pruned.fasta.treefile
  Likelihood distances:          ../simulations/data_D10T0L20I10T10//S/629_pruned.fasta.mldist
  Screen log file:               ../simulations/data_D10T0L20I10T10//S/629_pruned.fasta.log

Date and Time: Sun Jun  3 23:51:18 2018
