IQ-TREE version 1.4.2 for Linux 64-bit built Apr 15 2016
Copyright (c) 2011-2015 Nguyen Lam Tung, Olga Chernomor, Arndt von Haeseler and Bui Quang Minh.

Host:    meduse (AVX2, FMA3, 7 GB RAM)
Command: iqtree -s ../simulations/data_D8T0L15I8T8//S/630_pruned.fasta -m GTR+G -alrt 1000 -redo
Seed:    25102 (Using SPRNG - Scalable Parallel Random Number Generator)
Time:    Fri May 25 22:42:39 2018
Kernel:  AVX

NOTE: Consider using the multicore version because your CPU has 4 cores!

Reading alignment file ../simulations/data_D8T0L15I8T8//S/630_pruned.fasta ... Fasta format detected
Alignment most likely contains DNA/RNA sequences
Alignment has 26 sequences with 300 columns and 179 patterns (163 informative sites)
          Gap/Ambiguity  Composition  p-value
   1  n292_295    0.00%    passed     91.26%
   2  n300_303    0.00%    passed     93.07%
   3  n293_296    0.00%    passed     92.63%
   4  n200_201    0.00%    passed     86.15%
   5  n280_283    0.00%    passed     97.24%
   6  n289_292    0.00%    passed     97.12%
   7  n266_269    0.00%    passed     77.24%
   8  n286_289    0.00%    passed     95.95%
   9  n236_239    0.00%    passed     99.51%
  10  n298_301    0.00%    passed     99.14%
  11  n251_254    0.00%    passed     71.72%
  12  n296_299    0.00%    passed     99.31%
  13  n265_268    0.00%    passed     62.97%
  14  n275_278    0.00%    passed     95.92%
  15  n274_277    0.00%    passed     93.70%
  16  n287_290    0.00%    passed     98.82%
  17  n294_297    0.00%    passed     92.99%
  18  n278_281    0.00%    passed     99.69%
  19  n277_280    0.00%    passed     99.10%
  20  n295_298    0.00%    passed     99.98%
  21  n290_293    0.00%    passed     99.86%
  22  n285_288    0.00%    passed     97.40%
  23  n299_302    0.00%    passed     93.07%
  24  n297_300    0.00%    passed     99.14%
  25  n255_258    0.00%    passed     75.29%
  26  n244_247    0.00%    passed     67.14%
****  TOTAL       0.00%  0 sequences failed composition chi2 test (p-value<5%; df=3)
NOTE: 2 identical sequences (see below) will be ignored for subsequent analysis
NOTE: n299_302 (identical to n300_303) is ignored but added at the end
NOTE: n297_300 (identical to n298_301) is ignored but added at the end

Create initial parsimony tree by phylogenetic likelihood library (PLL)... 0.002 seconds

NOTE: 0 MB RAM is required!
Estimate model parameters (epsilon = 0.100)
1. Initial log-likelihood: -2099.328
2. Current log-likelihood: -2055.413
3. Current log-likelihood: -2054.641
Optimal log-likelihood: -2054.571
Rate parameters:  A-C: 1.846  A-G: 2.179  A-T: 1.847  C-G: 1.374  C-T: 1.322  G-T: 1.000
Base frequencies:   A: 0.218  C: 0.268  G: 0.254  T: 0.260
Gamma shape alpha: 7.249
Parameters optimization took 3 rounds (0.031 sec)
--------------------------------------------------------------------
|             INITIALIZING CANDIDATE TREE SET                      |
--------------------------------------------------------------------
Computing ML distances based on estimated model parameters... 0.000 sec
Computing BIONJ tree...
0.001 seconds
Log-likelihood of BIONJ tree: -2054.571
Generating 98 parsimony trees... 0.148 seconds 37 distinct starting trees
Computing log-likelihood of 37 initial trees ... 0.112 seconds
Optimizing top 20 initial trees with NNI...
Iteration 1 / LogL: -2054.538 / Time: 0h:0m:0s
Estimate model parameters (epsilon = 0.100)
BETTER SCORE FOUND at iteration 1: -2054.456
Iteration 2 / LogL: -2054.458 / Time: 0h:0m:0s
Iteration 3 / LogL: -2054.458 / Time: 0h:0m:0s
Iteration 4 / LogL: -2054.458 / Time: 0h:0m:0s
Iteration 5 / LogL: -2054.458 / Time: 0h:0m:0s
Iteration 6 / LogL: -2054.458 / Time: 0h:0m:0s
Iteration 7 / LogL: -2054.458 / Time: 0h:0m:0s
Iteration 8 / LogL: -2054.458 / Time: 0h:0m:0s
Iteration 9 / LogL: -2054.458 / Time: 0h:0m:0s
Iteration 10 / LogL: -2054.458 / Time: 0h:0m:0s
Iteration 11 / LogL: -2054.458 / Time: 0h:0m:0s
Iteration 12 / LogL: -2054.458 / Time: 0h:0m:0s
Iteration 13 / LogL: -2054.457 / Time: 0h:0m:0s
Iteration 14 / LogL: -2054.457 / Time: 0h:0m:0s
Iteration 15 / LogL: -2054.457 / Time: 0h:0m:0s
Iteration 16 / LogL: -2054.457 / Time: 0h:0m:0s
Iteration 17 / LogL: -2054.457 / Time: 0h:0m:0s
Iteration 18 / LogL: -2054.457 / Time: 0h:0m:0s
Iteration 19 / LogL: -2054.457 / Time: 0h:0m:0s
Iteration 20 / LogL: -2054.457 / Time: 0h:0m:0s
Average CPU time for 1 NNI search: 0.007
Finish initializing candidate tree set. Number of distinct locally optimal trees: 19
Current best tree score: -2054.456 / CPU time: 0.400
--------------------------------------------------------------------
|               OPTIMIZING CANDIDATE TREE SET                      |
--------------------------------------------------------------------
Iteration 30 / LogL: -2054.532 / Time: 0h:0m:0s (0h:0m:1s left)
Iteration 40 / LogL: -2063.336 / Time: 0h:0m:0s (0h:0m:1s left)
Iteration 50 / LogL: -2054.456 / Time: 0h:0m:1s (0h:0m:1s left)
Iteration 60 / LogL: -2054.461 / Time: 0h:0m:1s (0h:0m:0s left)
Iteration 70 / LogL: -2054.457 / Time: 0h:0m:1s (0h:0m:0s left)
Iteration 80 / LogL: -2063.172 / Time: 0h:0m:1s (0h:0m:0s left)
Iteration 90 / LogL: -2054.457 / Time: 0h:0m:1s (0h:0m:0s left)
Iteration 100 / LogL: -2054.457 / Time: 0h:0m:2s (0h:0m:0s left)
TREE SEARCH COMPLETED AFTER 101 ITERATIONS / Time: 0h:0m:2s

--------------------------------------------------------------------
|                    FINALIZING TREE SEARCH                        |
--------------------------------------------------------------------
Performs final model parameters optimization
Estimate model parameters (epsilon = 0.010)
1. Initial log-likelihood: -2054.456
2. Current log-likelihood: -2054.421
3. Current log-likelihood: -2054.407
4. Current log-likelihood: -2054.385
5. Current log-likelihood: -2054.371
Optimal log-likelihood: -2054.364
Rate parameters:  A-C: 1.715  A-G: 2.034  A-T: 1.757  C-G: 1.264  C-T: 1.294  G-T: 1.000
Base frequencies:   A: 0.218  C: 0.268  G: 0.254  T: 0.260
Gamma shape alpha: 7.468
Parameters optimization took 5 rounds (0.027 sec)
BEST SCORE FOUND : -2054.364

Testing tree branches by SH-like aLRT with 1000 replicates...
CPU Time used:  0.148 sec.
Total tree length: 1.255

Total number of iterations: 101
CPU time used for tree search: 2.184 sec (0h:0m:2s)
Wall-clock time used for tree search: 2.194 sec (0h:0m:2s)
Total CPU time used: 2.416 sec (0h:0m:2s)
Total wall-clock time used: 2.426 sec (0h:0m:2s)

Analysis results written to: 
  IQ-TREE report:                ../simulations/data_D8T0L15I8T8//S/630_pruned.fasta.iqtree
  Maximum-likelihood tree:       ../simulations/data_D8T0L15I8T8//S/630_pruned.fasta.treefile
  Likelihood distances:          ../simulations/data_D8T0L15I8T8//S/630_pruned.fasta.mldist
  Screen log file:               ../simulations/data_D8T0L15I8T8//S/630_pruned.fasta.log

Date and Time: Fri May 25 22:42:41 2018
