IQ-TREE version 1.4.2 for Linux 64-bit built Apr 15 2016
Copyright (c) 2011-2015 Nguyen Lam Tung, Olga Chernomor, Arndt von Haeseler and Bui Quang Minh.

Host:    meduse (AVX2, FMA3, 7 GB RAM)
Command: iqtree -s ../simulations/data_D10T0L20I10T10//S/642_pruned.fasta -m GTR+G -alrt 1000 -redo
Seed:    177255 (Using SPRNG - Scalable Parallel Random Number Generator)
Time:    Sun Jun  3 23:55:30 2018
Kernel:  AVX

NOTE: Consider using the multicore version because your CPU has 4 cores!

Reading alignment file ../simulations/data_D10T0L20I10T10//S/642_pruned.fasta ... Fasta format detected
Alignment most likely contains DNA/RNA sequences
Alignment has 27 sequences with 300 columns and 300 patterns (292 informative sites)
          Gap/Ambiguity  Composition  p-value
   1  n277_299    0.00%    passed     61.22%
   2  n277_298    0.00%    passed     53.70%
   3  n200_201    0.00%    passed     12.03%
   4  n297_300    0.00%    passed     77.36%
   5  n296_297    0.00%    passed     92.67%
   6  n285_286    0.00%    passed     52.40%
   7  n274_275    0.00%    passed     89.54%
   8  n278_279    0.00%    passed     36.42%
   9  n255_256    0.00%    passed     92.16%
  10  n275_276    0.00%    passed     94.57%
  11  n298_301    0.00%    passed     63.88%
  12  n266_267    0.00%    passed     14.24%
  13  n236_237    0.00%    passed     72.10%
  14  n293_294    0.00%    passed     67.78%
  15  n290_291    0.00%    passed     86.98%
  16  n294_295    0.00%    passed     71.86%
  17  n292_293    0.00%    passed     48.86%
  18  n280_281    0.00%    passed     56.29%
  19  n295_296    0.00%    passed     94.37%
  20  n300_303    0.00%    passed     69.15%
  21  n287_288    0.00%    passed     95.66%
  22  n244_245    0.00%    passed     26.27%
  23  n299_302    0.00%    passed     67.47%
  24  n286_287    0.00%    passed     50.55%
  25  n265_266    0.00%    passed     30.20%
  26  n251_252    0.00%    passed     49.54%
  27  n289_290    0.00%    passed     91.33%
****  TOTAL       0.00%  0 sequences failed composition chi2 test (p-value<5%; df=3)

Create initial parsimony tree by phylogenetic likelihood library (PLL)... 0.002 seconds

NOTE: 1 MB RAM is required!
Estimate model parameters (epsilon = 0.100)
1. Initial log-likelihood: -5269.197
2. Current log-likelihood: -5176.140
3. Current log-likelihood: -5163.817
4. Current log-likelihood: -5160.998
5. Current log-likelihood: -5160.170
6. Current log-likelihood: -5159.901
Optimal log-likelihood: -5159.806
Rate parameters:  A-C: 1.059  A-G: 0.980  A-T: 0.752  C-G: 0.834  C-T: 0.982  G-T: 1.000
Base frequencies:   A: 0.235  C: 0.275  G: 0.260  T: 0.230
Gamma shape alpha: 3.165
Parameters optimization took 6 rounds (0.081 sec)
--------------------------------------------------------------------
|             INITIALIZING CANDIDATE TREE SET                      |
--------------------------------------------------------------------
Computing ML distances based on estimated model parameters... 0.004 sec
Computing BIONJ tree...
0.000 seconds
Log-likelihood of BIONJ tree: -5167.645
Generating 98 parsimony trees... 0.163 seconds 12 distinct starting trees
Computing log-likelihood of 12 initial trees ... 0.033 seconds
Optimizing top 12 initial trees with NNI...
Iteration 1 / LogL: -5159.479 / Time: 0h:0m:0s
Estimate model parameters (epsilon = 0.100)
BETTER TREE FOUND at iteration 1: -5159.426
Iteration 2 / LogL: -5159.487 / Time: 0h:0m:0s
Iteration 3 / LogL: -5159.487 / Time: 0h:0m:0s
Iteration 4 / LogL: -5159.488 / Time: 0h:0m:0s
Iteration 5 / LogL: -5159.492 / Time: 0h:0m:0s
Iteration 6 / LogL: -5159.487 / Time: 0h:0m:0s
Iteration 7 / LogL: -5159.493 / Time: 0h:0m:0s
Iteration 8 / LogL: -5159.487 / Time: 0h:0m:0s
Iteration 9 / LogL: -5159.493 / Time: 0h:0m:0s
Iteration 10 / LogL: -5159.492 / Time: 0h:0m:0s
Iteration 11 / LogL: -5159.493 / Time: 0h:0m:0s
Iteration 12 / LogL: -5160.030 / Time: 0h:0m:0s
Average CPU time for 1 NNI search: 0.023
Finish initializing candidate tree set. Number of distinct locally optimal trees: 2
Current best tree score: -5159.426 / CPU time: 0.472
--------------------------------------------------------------------
|               OPTIMIZING CANDIDATE TREE SET                      |
--------------------------------------------------------------------
Iteration 20 / LogL: -5159.435 / Time: 0h:0m:0s (0h:0m:3s left)
Iteration 30 / LogL: -5159.435 / Time: 0h:0m:1s (0h:0m:3s left)
Iteration 40 / LogL: -5159.530 / Time: 0h:0m:1s (0h:0m:2s left)
Iteration 50 / LogL: -5159.427 / Time: 0h:0m:2s (0h:0m:2s left)
Iteration 60 / LogL: -5159.509 / Time: 0h:0m:2s (0h:0m:1s left)
Iteration 70 / LogL: -5159.980 / Time: 0h:0m:3s (0h:0m:1s left)
Iteration 80 / LogL: -5163.503 / Time: 0h:0m:3s (0h:0m:0s left)
Iteration 90 / LogL: -5161.032 / Time: 0h:0m:4s (0h:0m:0s left)
Iteration 100 / LogL: -5163.750 / Time: 0h:0m:4s (0h:0m:0s left)
TREE SEARCH COMPLETED AFTER 101 ITERATIONS / Time: 0h:0m:4s

--------------------------------------------------------------------
|                    FINALIZING TREE SEARCH                        |
--------------------------------------------------------------------
Performs final model parameters optimization
Estimate model parameters (epsilon = 0.010)
1. Initial log-likelihood: -5159.423
2. Current log-likelihood: -5159.411
Optimal log-likelihood: -5159.405
Rate parameters:  A-C: 1.069  A-G: 0.991  A-T: 0.746  C-G: 0.845  C-T: 0.975  G-T: 1.000
Base frequencies:   A: 0.235  C: 0.275  G: 0.260  T: 0.230
Gamma shape alpha: 3.274
Parameters optimization took 2 rounds (0.016 sec)
BEST SCORE FOUND : -5159.405

Testing tree branches by SH-like aLRT with 1000 replicates...
CPU Time used:  0.132 sec.
Total tree length: 9.969

Total number of iterations: 101
CPU time used for tree search: 4.432 sec (0h:0m:4s)
Wall-clock time used for tree search: 4.435 sec (0h:0m:4s)
Total CPU time used: 4.704 sec (0h:0m:4s)
Total wall-clock time used: 4.704 sec (0h:0m:4s)

Analysis results written to: 
  IQ-TREE report:                ../simulations/data_D10T0L20I10T10//S/642_pruned.fasta.iqtree
  Maximum-likelihood tree:       ../simulations/data_D10T0L20I10T10//S/642_pruned.fasta.treefile
  Likelihood distances:          ../simulations/data_D10T0L20I10T10//S/642_pruned.fasta.mldist
  Screen log file:               ../simulations/data_D10T0L20I10T10//S/642_pruned.fasta.log

Date and Time: Sun Jun  3 23:55:34 2018
