IQ-TREE version 1.4.2 for Linux 64-bit built Apr 15 2016
Copyright (c) 2011-2015 Nguyen Lam Tung, Olga Chernomor, Arndt von Haeseler and Bui Quang Minh.

Host:    meduse (AVX2, FMA3, 7 GB RAM)
Command: iqtree -s ../simulations/data_D8T0L15I8T8//S/644_pruned.fasta -m GTR+G -alrt 1000 -redo
Seed:    959723 (Using SPRNG - Scalable Parallel Random Number Generator)
Time:    Fri May 25 22:49:50 2018
Kernel:  AVX

NOTE: Consider using the multicore version because your CPU has 4 cores!

Reading alignment file ../simulations/data_D8T0L15I8T8//S/644_pruned.fasta ... Fasta format detected
Alignment most likely contains DNA/RNA sequences
Alignment has 25 sequences with 300 columns and 166 patterns (146 informative sites)
          Gap/Ambiguity  Composition  p-value
   1  n200_189    0.00%    passed     90.23%
   2  n290_281    0.00%    passed     98.37%
   3  n295_274    0.00%    passed     99.53%
   4  n293_272    0.00%    passed     99.18%
   5  n297_276    0.00%    passed     94.67%
   6  n296_275    0.00%    passed     98.24%
   7  n287_266    0.00%    passed     99.45%
   8  n289_268    0.00%    passed     99.45%
   9  n298_277    0.00%    passed     94.58%
  10  n292_271    0.00%    passed     96.89%
  11  n294_273    0.00%    passed     98.92%
  12  n286_265    0.00%    passed     98.24%
  13  n277_256    0.00%    passed     90.42%
  14  n244_227    0.00%    passed     31.62%
  15  n280_259    0.00%    passed     94.41%
  16  n251_234    0.00%    passed     76.48%
  17  n290_280    0.00%    passed     98.37%
  18  n285_264    0.00%    passed     95.84%
  19  n255_238    0.00%    passed     95.49%
  20  n236_219    0.00%    passed     84.17%
  21  n275_254    0.00%    passed     98.59%
  22  n278_257    0.00%    passed     91.42%
  23  n274_253    0.00%    passed     98.58%
  24  n299_278    0.00%    passed     97.35%
  25  n300_279    0.00%    passed     97.35%
****  TOTAL       0.00%  0 sequences failed composition chi2 test (p-value<5%; df=3)
NOTE: 3 identical sequences (see below) will be ignored for subsequent analysis
NOTE: n290_280 (identical to n290_281) is ignored but added at the end
NOTE: n289_268 (identical to n287_266) is ignored but added at the end
NOTE: n300_279 (identical to n299_278) is ignored but added at the end

Create initial parsimony tree by phylogenetic likelihood library (PLL)... 0.001 seconds

NOTE: 0 MB RAM is required!
Estimate model parameters (epsilon = 0.100)
1. Initial log-likelihood: -1920.653
2. Current log-likelihood: -1882.375
3. Current log-likelihood: -1882.026
Optimal log-likelihood: -1882.019
Rate parameters:  A-C: 0.655  A-G: 1.104  A-T: 0.674  C-G: 0.714  C-T: 1.019  G-T: 1.000
Base frequencies:   A: 0.270  C: 0.278  G: 0.241  T: 0.212
Gamma shape alpha: 79.825
Parameters optimization took 3 rounds (0.046 sec)
--------------------------------------------------------------------
|             INITIALIZING CANDIDATE TREE SET                      |
--------------------------------------------------------------------
Computing ML distances based on estimated model parameters... 0.004 sec
Computing BIONJ tree...
0.001 seconds
Log-likelihood of BIONJ tree: -1883.640
Generating 98 parsimony trees... 0.113 seconds 7 distinct starting trees
Computing log-likelihood of 7 initial trees ... 0.009 seconds
Optimizing top 7 initial trees with NNI...
Iteration 1 / LogL: -1882.019 / Time: 0h:0m:0s
Estimate model parameters (epsilon = 0.100)
BETTER SCORE FOUND at iteration 1: -1882.016
Iteration 2 / LogL: -1882.018 / Time: 0h:0m:0s
Iteration 3 / LogL: -1882.018 / Time: 0h:0m:0s
Iteration 4 / LogL: -1882.017 / Time: 0h:0m:0s
Iteration 5 / LogL: -1882.017 / Time: 0h:0m:0s
Iteration 6 / LogL: -1883.647 / Time: 0h:0m:0s
Iteration 7 / LogL: -1882.017 / Time: 0h:0m:0s
Average CPU time for 1 NNI search: 0.007
Finish initializing candidate tree set. Number of distinct locally optimal trees: 4
Current best tree score: -1882.016 / CPU time: 0.176
--------------------------------------------------------------------
|               OPTIMIZING CANDIDATE TREE SET                      |
--------------------------------------------------------------------
Iteration 10 / LogL: -1882.041 / Time: 0h:0m:0s
Iteration 20 / LogL: -1883.646 / Time: 0h:0m:0s (0h:0m:2s left)
Iteration 30 / LogL: -1882.021 / Time: 0h:0m:0s (0h:0m:1s left)
Iteration 40 / LogL: -1882.029 / Time: 0h:0m:0s (0h:0m:1s left)
Iteration 50 / LogL: -1882.062 / Time: 0h:0m:1s (0h:0m:1s left)
Iteration 60 / LogL: -1882.018 / Time: 0h:0m:1s (0h:0m:0s left)
Iteration 70 / LogL: -1883.646 / Time: 0h:0m:1s (0h:0m:0s left)
Iteration 80 / LogL: -2127.540 / Time: 0h:0m:1s (0h:0m:0s left)
Iteration 90 / LogL: -1882.017 / Time: 0h:0m:1s (0h:0m:0s left)
Iteration 100 / LogL: -1882.016 / Time: 0h:0m:1s (0h:0m:0s left)
TREE SEARCH COMPLETED AFTER 101 ITERATIONS / Time: 0h:0m:1s

--------------------------------------------------------------------
|                    FINALIZING TREE SEARCH                        |
--------------------------------------------------------------------
Performs final model parameters optimization
Estimate model parameters (epsilon = 0.010)
1. Initial log-likelihood: -1882.016
Optimal log-likelihood: -1882.016
Rate parameters:  A-C: 0.659  A-G: 1.107  A-T: 0.676  C-G: 0.716  C-T: 1.025  G-T: 1.000
Base frequencies:   A: 0.270  C: 0.278  G: 0.241  T: 0.212
Gamma shape alpha: 80.186
Parameters optimization took 1 rounds (0.006 sec)
BEST SCORE FOUND : -1882.016

Testing tree branches by SH-like aLRT with 1000 replicates...
CPU Time used:  0.120 sec.
Total tree length: 1.088

Total number of iterations: 101
CPU time used for tree search: 1.740 sec (0h:0m:1s)
Wall-clock time used for tree search: 1.740 sec (0h:0m:1s)
Total CPU time used: 1.944 sec (0h:0m:1s)
Total wall-clock time used: 1.947 sec (0h:0m:1s)

Analysis results written to: 
  IQ-TREE report:                ../simulations/data_D8T0L15I8T8//S/644_pruned.fasta.iqtree
  Maximum-likelihood tree:       ../simulations/data_D8T0L15I8T8//S/644_pruned.fasta.treefile
  Likelihood distances:          ../simulations/data_D8T0L15I8T8//S/644_pruned.fasta.mldist
  Screen log file:               ../simulations/data_D8T0L15I8T8//S/644_pruned.fasta.log

Date and Time: Fri May 25 22:49:52 2018
