IQ-TREE version 1.4.2 for Linux 64-bit built Apr 15 2016
Copyright (c) 2011-2015 Nguyen Lam Tung, Olga Chernomor, Arndt von Haeseler and Bui Quang Minh.

Host:    meduse (AVX2, FMA3, 7 GB RAM)
Command: iqtree -s ../simulations/data_D8T0L15I8T8//S/645_pruned.fasta -m GTR+G -alrt 1000 -redo
Seed:    876714 (Using SPRNG - Scalable Parallel Random Number Generator)
Time:    Fri May 25 22:50:07 2018
Kernel:  AVX

NOTE: Consider using the multicore version because your CPU has 4 cores!

Reading alignment file ../simulations/data_D8T0L15I8T8//S/645_pruned.fasta ... Fasta format detected
Alignment most likely contains DNA/RNA sequences
Alignment has 27 sequences with 300 columns and 171 patterns (141 informative sites)
          Gap/Ambiguity  Composition  p-value
   1  n292_295    0.00%    passed     98.91%
   2  n300_303    0.00%    passed     95.31%
   3  n293_296    0.00%    passed     95.80%
   4  n200_201    0.00%    passed     92.20%
   5  n280_283    0.00%    passed     98.91%
   6  n289_292    0.00%    passed     99.95%
   7  n286_289    0.00%    passed     73.96%
   8  n266_267    0.00%    passed     72.92%
   9  n298_301    0.00%    passed     94.93%
  10  n290_293    0.00%    passed     99.95%
  11  n299_302    0.00%    passed     98.91%
  12  n275_278    0.00%    passed     95.17%
  13  n274_277    0.00%    passed     98.61%
  14  n287_290    0.00%    passed     99.57%
  15  n294_297    0.00%    passed     93.93%
  16  n255_256    0.00%    passed     95.97%
  17  n278_281    0.00%    passed     89.38%
  18  n251_252    0.00%    passed     86.57%
  19  n296_299    0.00%    passed     99.05%
  20  n236_237    0.00%    passed     98.26%
  21  n265_270    0.00%    passed     69.69%
  22  n295_298    0.00%    passed     99.57%
  23  n285_288    0.00%    passed     73.96%
  24  n265_271    0.00%    passed     81.30%
  25  n244_245    0.00%    passed     66.35%
  26  n277_280    0.00%    passed     86.86%
  27  n297_300    0.00%    passed     97.26%
****  TOTAL       0.00%  0 sequences failed composition chi2 test (p-value<5%; df=3)
NOTE: 3 identical sequences (see below) will be ignored for subsequent analysis
NOTE: n280_283 (identical to n292_295) is ignored but added at the end
NOTE: n299_302 (identical to n292_295) is ignored but added at the end
NOTE: n285_288 (identical to n286_289) is ignored but added at the end

Create initial parsimony tree by phylogenetic likelihood library (PLL)... 0.002 seconds

NOTE: 0 MB RAM is required!
Estimate model parameters (epsilon = 0.100)
1. Initial log-likelihood: -1925.297
2. Current log-likelihood: -1872.727
3. Current log-likelihood: -1872.245
Optimal log-likelihood: -1872.239
Rate parameters:  A-C: 1.109  A-G: 1.482  A-T: 1.248  C-G: 1.396  C-T: 1.958  G-T: 1.000
Base frequencies:   A: 0.229  C: 0.285  G: 0.245  T: 0.241
Gamma shape alpha: 15.673
Parameters optimization took 3 rounds (0.031 sec)
--------------------------------------------------------------------
|             INITIALIZING CANDIDATE TREE SET                      |
--------------------------------------------------------------------
Computing ML distances based on estimated model parameters... 0.000 sec
Computing BIONJ tree...
0.001 seconds
Log-likelihood of BIONJ tree: -1872.239
Generating 98 parsimony trees... 0.139 seconds 23 distinct starting trees
Computing log-likelihood of 23 initial trees ... 0.059 seconds
Optimizing top 20 initial trees with NNI...
Iteration 1 / LogL: -1872.240 / Time: 0h:0m:0s
Estimate model parameters (epsilon = 0.100)
BETTER SCORE FOUND at iteration 1: -1872.237
Iteration 2 / LogL: -1872.239 / Time: 0h:0m:0s
Iteration 3 / LogL: -1872.240 / Time: 0h:0m:0s
Iteration 4 / LogL: -1872.240 / Time: 0h:0m:0s
Iteration 5 / LogL: -1872.240 / Time: 0h:0m:0s
Iteration 6 / LogL: -1872.240 / Time: 0h:0m:0s
Iteration 7 / LogL: -1872.240 / Time: 0h:0m:0s
Iteration 8 / LogL: -1872.240 / Time: 0h:0m:0s
Iteration 9 / LogL: -1872.240 / Time: 0h:0m:0s
Iteration 10 / LogL: -1872.240 / Time: 0h:0m:0s
Iteration 11 / LogL: -1872.240 / Time: 0h:0m:0s
Iteration 12 / LogL: -1872.240 / Time: 0h:0m:0s
Iteration 13 / LogL: -1872.240 / Time: 0h:0m:0s
Iteration 14 / LogL: -1872.240 / Time: 0h:0m:0s
Iteration 15 / LogL: -1872.240 / Time: 0h:0m:0s
Iteration 16 / LogL: -1872.240 / Time: 0h:0m:0s
Iteration 17 / LogL: -1872.240 / Time: 0h:0m:0s
Iteration 18 / LogL: -1872.240 / Time: 0h:0m:0s
Iteration 19 / LogL: -1872.240 / Time: 0h:0m:0s
Iteration 20 / LogL: -1872.240 / Time: 0h:0m:0s
Average CPU time for 1 NNI search: 0.006
Finish initializing candidate tree set. Number of distinct locally optimal trees: 20
Current best tree score: -1872.237 / CPU time: 0.324
--------------------------------------------------------------------
|               OPTIMIZING CANDIDATE TREE SET                      |
--------------------------------------------------------------------
Iteration 30 / LogL: -1872.237 / Time: 0h:0m:0s (0h:0m:1s left)
Iteration 40 / LogL: -1872.333 / Time: 0h:0m:0s (0h:0m:1s left)
Iteration 50 / LogL: -2077.231 / Time: 0h:0m:0s (0h:0m:0s left)
Iteration 60 / LogL: -1875.797 / Time: 0h:0m:1s (0h:0m:0s left)
Iteration 70 / LogL: -1872.237 / Time: 0h:0m:1s (0h:0m:0s left)
Iteration 80 / LogL: -1910.139 / Time: 0h:0m:1s (0h:0m:0s left)
Iteration 90 / LogL: -1872.237 / Time: 0h:0m:1s (0h:0m:0s left)
Iteration 100 / LogL: -1872.237 / Time: 0h:0m:1s (0h:0m:0s left)
TREE SEARCH COMPLETED AFTER 101 ITERATIONS / Time: 0h:0m:1s

--------------------------------------------------------------------
|                    FINALIZING TREE SEARCH                        |
--------------------------------------------------------------------
Performs final model parameters optimization
Estimate model parameters (epsilon = 0.010)
1. Initial log-likelihood: -1872.237
Optimal log-likelihood: -1872.231
Rate parameters:  A-C: 1.124  A-G: 1.495  A-T: 1.249  C-G: 1.404  C-T: 1.979  G-T: 1.000
Base frequencies:   A: 0.229  C: 0.285  G: 0.245  T: 0.241
Gamma shape alpha: 15.684
Parameters optimization took 1 rounds (0.006 sec)
BEST SCORE FOUND : -1872.231

Testing tree branches by SH-like aLRT with 1000 replicates...
CPU Time used:  0.148 sec.
Total tree length: 1.075

Total number of iterations: 101
CPU time used for tree search: 1.928 sec (0h:0m:1s)
Wall-clock time used for tree search: 1.929 sec (0h:0m:1s)
Total CPU time used: 2.132 sec (0h:0m:2s)
Total wall-clock time used: 2.140 sec (0h:0m:2s)

Analysis results written to: 
  IQ-TREE report:                ../simulations/data_D8T0L15I8T8//S/645_pruned.fasta.iqtree
  Maximum-likelihood tree:       ../simulations/data_D8T0L15I8T8//S/645_pruned.fasta.treefile
  Likelihood distances:          ../simulations/data_D8T0L15I8T8//S/645_pruned.fasta.mldist
  Screen log file:               ../simulations/data_D8T0L15I8T8//S/645_pruned.fasta.log

Date and Time: Fri May 25 22:50:10 2018
