IQ-TREE version 1.4.2 for Linux 64-bit built Apr 15 2016
Copyright (c) 2011-2015 Nguyen Lam Tung, Olga Chernomor, Arndt von Haeseler and Bui Quang Minh.

Host:    meduse (AVX2, FMA3, 7 GB RAM)
Command: iqtree -s ../simulations/data_D10T0L20I10T10//S/648_pruned.fasta -m GTR+G -alrt 1000 -redo
Seed:    443605 (Using SPRNG - Scalable Parallel Random Number Generator)
Time:    Fri Jun  1 10:46:50 2018
Kernel:  AVX

NOTE: Consider using the multicore version because your CPU has 4 cores!

Reading alignment file ../simulations/data_D10T0L20I10T10//S/648_pruned.fasta ... Fasta format detected
Alignment most likely contains DNA/RNA sequences
Alignment has 25 sequences with 300 columns and 166 patterns (153 informative sites)
          Gap/Ambiguity  Composition  p-value
   1  n289_290    0.00%    passed     99.75%
   2  n294_295    0.00%    passed     95.20%
   3  n295_296    0.00%    passed     90.99%
   4  n266_267    0.00%    passed     76.84%
   5  n299_300    0.00%    passed     88.02%
   6  n298_299    0.00%    passed     97.58%
   7  n290_291    0.00%    passed     99.95%
   8  n274_275    0.00%    passed     93.21%
   9  n251_252    0.00%    passed     55.51%
  10  n293_294    0.00%    passed     95.20%
  11  n265_266    0.00%    passed     84.82%
  12  n296_297    0.00%    passed     90.99%
  13  n300_301    0.00%    passed     89.22%
  14  n244_245    0.00%    passed     86.76%
  15  n278_279    0.00%    passed     99.03%
  16  n287_288    0.00%    passed     99.75%
  17  n277_278    0.00%    passed     98.38%
  18  n297_298    0.00%    passed     97.62%
  19  n236_237    0.00%    passed     84.80%
  20  n280_281    0.00%    passed     83.02%
  21  n285_286    0.00%    passed     84.55%
  22  n275_276    0.00%    passed     80.05%
  23  n255_256    0.00%    passed     63.24%
  24  n292_293    0.00%    passed     88.02%
  25  n286_287    0.00%    passed     88.36%
****  TOTAL       0.00%  0 sequences failed composition chi2 test (p-value<5%; df=3)
NOTE: 3 identical sequences (see below) will be ignored for subsequent analysis
NOTE: n287_288 (identical to n289_290) is ignored but added at the end
NOTE: n293_294 (identical to n294_295) is ignored but added at the end
NOTE: n296_297 (identical to n295_296) is ignored but added at the end

Create initial parsimony tree by phylogenetic likelihood library (PLL)... 0.001 seconds

NOTE: 0 MB RAM is required!
Estimate model parameters (epsilon = 0.100)
1. Initial log-likelihood: -1902.553
2. Current log-likelihood: -1865.185
3. Current log-likelihood: -1864.702
Optimal log-likelihood: -1864.690
Rate parameters:  A-C: 1.096  A-G: 1.274  A-T: 1.146  C-G: 1.025  C-T: 1.400  G-T: 1.000
Base frequencies:   A: 0.254  C: 0.243  G: 0.263  T: 0.240
Gamma shape alpha: 166.984
Parameters optimization took 3 rounds (0.018 sec)
--------------------------------------------------------------------
|             INITIALIZING CANDIDATE TREE SET                      |
--------------------------------------------------------------------
Computing ML distances based on estimated model parameters... 0.000 sec
Computing BIONJ tree...
0.000 seconds
Log-likelihood of BIONJ tree: -1864.690
Generating 99 parsimony trees... 0.082 seconds 1 distinct starting trees
Computing log-likelihood of 1 initial trees ... 0.000 seconds
Optimizing top 1 initial trees with NNI...
Iteration 1 / LogL: -1864.690 / Time: 0h:0m:0s
Estimate model parameters (epsilon = 0.100)
BETTER SCORE FOUND at iteration 1: -1864.669
Average CPU time for 1 NNI search: 0.008
Finish initializing candidate tree set. Number of distinct locally optimal trees: 1
Current best tree score: -1864.669 / CPU time: 0.088
--------------------------------------------------------------------
|               OPTIMIZING CANDIDATE TREE SET                      |
--------------------------------------------------------------------
Iteration 10 / LogL: -1864.677 / Time: 0h:0m:0s
Iteration 20 / LogL: -1864.669 / Time: 0h:0m:0s (0h:0m:1s left)
Iteration 30 / LogL: -1864.669 / Time: 0h:0m:0s (0h:0m:1s left)
Iteration 40 / LogL: -1864.772 / Time: 0h:0m:0s (0h:0m:1s left)
Iteration 50 / LogL: -1864.711 / Time: 0h:0m:0s (0h:0m:0s left)
Iteration 60 / LogL: -1864.842 / Time: 0h:0m:0s (0h:0m:0s left)
Iteration 70 / LogL: -1864.669 / Time: 0h:0m:1s (0h:0m:0s left)
Iteration 80 / LogL: -2134.646 / Time: 0h:0m:1s (0h:0m:0s left)
Iteration 90 / LogL: -1958.325 / Time: 0h:0m:1s (0h:0m:0s left)
Iteration 100 / LogL: -1864.669 / Time: 0h:0m:1s (0h:0m:0s left)
TREE SEARCH COMPLETED AFTER 101 ITERATIONS / Time: 0h:0m:1s

--------------------------------------------------------------------
|                    FINALIZING TREE SEARCH                        |
--------------------------------------------------------------------
Performs final model parameters optimization
Estimate model parameters (epsilon = 0.010)
1. Initial log-likelihood: -1864.669
Optimal log-likelihood: -1864.664
Rate parameters:  A-C: 1.108  A-G: 1.286  A-T: 1.171  C-G: 1.061  C-T: 1.410  G-T: 1.000
Base frequencies:   A: 0.254  C: 0.243  G: 0.263  T: 0.240
Gamma shape alpha: 159.836
Parameters optimization took 1 rounds (0.005 sec)
BEST SCORE FOUND : -1864.664

Testing tree branches by SH-like aLRT with 1000 replicates...
CPU Time used:  0.100 sec.
Total tree length: 1.039

Total number of iterations: 101
CPU time used for tree search: 1.552 sec (0h:0m:1s)
Wall-clock time used for tree search: 1.552 sec (0h:0m:1s)
Total CPU time used: 1.688 sec (0h:0m:1s)
Total wall-clock time used: 1.687 sec (0h:0m:1s)

Analysis results written to: 
  IQ-TREE report:                ../simulations/data_D10T0L20I10T10//S/648_pruned.fasta.iqtree
  Maximum-likelihood tree:       ../simulations/data_D10T0L20I10T10//S/648_pruned.fasta.treefile
  Likelihood distances:          ../simulations/data_D10T0L20I10T10//S/648_pruned.fasta.mldist
  Screen log file:               ../simulations/data_D10T0L20I10T10//S/648_pruned.fasta.log

Date and Time: Fri Jun  1 10:46:52 2018
