IQ-TREE version 1.4.2 for Linux 64-bit built Apr 15 2016
Copyright (c) 2011-2015 Nguyen Lam Tung, Olga Chernomor, Arndt von Haeseler and Bui Quang Minh.

Host:    meduse (AVX2, FMA3, 7 GB RAM)
Command: iqtree -s ../simulations/data_D10T0L20I10T10//S/64_pruned.fasta -m GTR+G -alrt 1000 -redo
Seed:    99625 (Using SPRNG - Scalable Parallel Random Number Generator)
Time:    Sun Jun  3 23:39:17 2018
Kernel:  AVX

NOTE: Consider using the multicore version because your CPU has 4 cores!

Reading alignment file ../simulations/data_D10T0L20I10T10//S/64_pruned.fasta ... Fasta format detected
Alignment most likely contains DNA/RNA sequences
Alignment has 24 sequences with 300 columns and 299 patterns (281 informative sites)
          Gap/Ambiguity  Composition  p-value
   1  n200_199    0.00%    passed     17.56%
   2  n274_259    0.00%    passed     15.36%
   3  n298_283    0.00%    passed     88.20%
   4  n290_275    0.00%    passed     91.78%
   5  n266_251    0.00%    passed      7.37%
   6  n286_271    0.00%    passed     70.88%
   7  n297_282    0.00%    passed     65.62%
   8  n236_227    0.00%    passed     20.52%
   9  n299_284    0.00%    passed     29.94%
  10  n280_265    0.00%    passed     32.71%
  11  n275_260    0.00%    passed     16.23%
  12  n265_250    0.00%    failed      3.22%
  13  n293_278    0.00%    passed     80.79%
  14  n244_233    0.00%    passed     14.01%
  15  n300_285    0.00%    passed     20.86%
  16  n296_281    0.00%    passed     97.12%
  17  n287_272    0.00%    passed     98.93%
  18  n295_280    0.00%    passed     98.93%
  19  n294_279    0.00%    passed     98.32%
  20  n278_263    0.00%    passed     76.29%
  21  n289_274    0.00%    passed     98.25%
  22  n285_270    0.00%    passed     75.86%
  23  n292_277    0.00%    passed     22.94%
  24  n277_262    0.00%    passed     92.87%
****  TOTAL       0.00%  1 sequences failed composition chi2 test (p-value<5%; df=3)

Create initial parsimony tree by phylogenetic likelihood library (PLL)... 0.001 seconds

NOTE: 1 MB RAM is required!
Estimate model parameters (epsilon = 0.100)
1. Initial log-likelihood: -4569.748
2. Current log-likelihood: -4482.428
3. Current log-likelihood: -4470.387
4. Current log-likelihood: -4468.238
5. Current log-likelihood: -4467.826
6. Current log-likelihood: -4467.718
Optimal log-likelihood: -4467.691
Rate parameters:  A-C: 1.225  A-G: 1.636  A-T: 1.479  C-G: 1.386  C-T: 1.437  G-T: 1.000
Base frequencies:   A: 0.233  C: 0.288  G: 0.236  T: 0.242
Gamma shape alpha: 4.154
Parameters optimization took 6 rounds (0.060 sec)
--------------------------------------------------------------------
|             INITIALIZING CANDIDATE TREE SET                      |
--------------------------------------------------------------------
Computing ML distances based on estimated model parameters... 0.004 sec
Computing BIONJ tree...
0.000 seconds
Log-likelihood of BIONJ tree: -4469.632
Generating 98 parsimony trees... 0.101 seconds 2 distinct starting trees
Computing log-likelihood of 2 initial trees ... 0.000 seconds
Optimizing top 2 initial trees with NNI...
Iteration 1 / LogL: -4467.691 / Time: 0h:0m:0s
Estimate model parameters (epsilon = 0.100)
BETTER SCORE FOUND at iteration 1: -4467.613
Iteration 2 / LogL: -4467.749 / Time: 0h:0m:0s
Average CPU time for 1 NNI search: 0.012
Finish initializing candidate tree set. Number of distinct locally optimal trees: 1
Current best tree score: -4467.613 / CPU time: 0.120
--------------------------------------------------------------------
|               OPTIMIZING CANDIDATE TREE SET                      |
--------------------------------------------------------------------
Iteration 10 / LogL: -4468.111 / Time: 0h:0m:0s
Iteration 20 / LogL: -4490.741 / Time: 0h:0m:0s (0h:0m:3s left)
Iteration 30 / LogL: -4468.225 / Time: 0h:0m:1s (0h:0m:2s left)
Iteration 40 / LogL: -4467.710 / Time: 0h:0m:1s (0h:0m:1s left)
Iteration 50 / LogL: -4471.249 / Time: 0h:0m:1s (0h:0m:1s left)
Iteration 60 / LogL: -4467.715 / Time: 0h:0m:1s (0h:0m:1s left)
Iteration 70 / LogL: -4468.850 / Time: 0h:0m:2s (0h:0m:0s left)
Iteration 80 / LogL: -4490.235 / Time: 0h:0m:2s (0h:0m:0s left)
Iteration 90 / LogL: -4468.887 / Time: 0h:0m:2s (0h:0m:0s left)
Iteration 100 / LogL: -4467.718 / Time: 0h:0m:2s (0h:0m:0s left)
TREE SEARCH COMPLETED AFTER 101 ITERATIONS / Time: 0h:0m:2s

--------------------------------------------------------------------
|                    FINALIZING TREE SEARCH                        |
--------------------------------------------------------------------
Performs final model parameters optimization
Estimate model parameters (epsilon = 0.010)
1. Initial log-likelihood: -4467.613
2. Current log-likelihood: -4467.598
3. Current log-likelihood: -4467.587
Optimal log-likelihood: -4467.578
Rate parameters:  A-C: 1.235  A-G: 1.692  A-T: 1.529  C-G: 1.417  C-T: 1.518  G-T: 1.000
Base frequencies:   A: 0.233  C: 0.288  G: 0.236  T: 0.242
Gamma shape alpha: 4.179
Parameters optimization took 3 rounds (0.017 sec)
BEST SCORE FOUND : -4467.578

Testing tree branches by SH-like aLRT with 1000 replicates...
CPU Time used:  0.112 sec.
Total tree length: 7.987

Total number of iterations: 101
CPU time used for tree search: 2.864 sec (0h:0m:2s)
Wall-clock time used for tree search: 2.871 sec (0h:0m:2s)
Total CPU time used: 3.096 sec (0h:0m:3s)
Total wall-clock time used: 3.104 sec (0h:0m:3s)

Analysis results written to: 
  IQ-TREE report:                ../simulations/data_D10T0L20I10T10//S/64_pruned.fasta.iqtree
  Maximum-likelihood tree:       ../simulations/data_D10T0L20I10T10//S/64_pruned.fasta.treefile
  Likelihood distances:          ../simulations/data_D10T0L20I10T10//S/64_pruned.fasta.mldist
  Screen log file:               ../simulations/data_D10T0L20I10T10//S/64_pruned.fasta.log

Date and Time: Sun Jun  3 23:39:20 2018
