IQ-TREE version 1.4.2 for Linux 64-bit built Apr 15 2016
Copyright (c) 2011-2015 Nguyen Lam Tung, Olga Chernomor, Arndt von Haeseler and Bui Quang Minh.

Host:    meduse (AVX2, FMA3, 7 GB RAM)
Command: iqtree -s ../simulations/data_D10T0L20I10T10//S/652_pruned.fasta -m GTR+G -alrt 1000 -redo
Seed:    56081 (Using SPRNG - Scalable Parallel Random Number Generator)
Time:    Fri Jun  1 10:56:57 2018
Kernel:  AVX

NOTE: Consider using the multicore version because your CPU has 4 cores!

Reading alignment file ../simulations/data_D10T0L20I10T10//S/652_pruned.fasta ... Fasta format detected
Alignment most likely contains DNA/RNA sequences
Alignment has 25 sequences with 300 columns and 152 patterns (159 informative sites)
          Gap/Ambiguity  Composition  p-value
   1  n287_286    0.00%    passed     94.00%
   2  n294_293    0.00%    passed     98.21%
   3  n277_276    0.00%    passed     95.93%
   4  n298_297    0.00%    passed     99.18%
   5  n278_277    0.00%    passed     93.44%
   6  n274_273    0.00%    passed     72.31%
   7  n299_298    0.00%    passed     83.66%
   8  n265_264    0.00%    passed     92.85%
   9  n296_295    0.00%    passed     94.26%
  10  n289_288    0.00%    passed     94.26%
  11  n285_284    0.00%    passed     68.76%
  12  n300_299    0.00%    passed     87.03%
  13  n280_279    0.00%    passed     75.06%
  14  n200_201    0.00%    passed     95.19%
  15  n293_292    0.00%    passed     98.46%
  16  n295_294    0.00%    passed     95.73%
  17  n297_296    0.00%    passed     97.29%
  18  n236_237    0.00%    passed     92.83%
  19  n286_285    0.00%    passed     85.30%
  20  n290_289    0.00%    passed     94.00%
  21  n255_254    0.00%    passed     91.90%
  22  n266_265    0.00%    passed     96.55%
  23  n275_274    0.00%    passed     98.21%
  24  n251_250    0.00%    passed     87.58%
  25  n292_291    0.00%    passed     83.66%
****  TOTAL       0.00%  0 sequences failed composition chi2 test (p-value<5%; df=3)
NOTE: 1 identical sequences (see below) will be ignored for subsequent analysis
NOTE: n275_274 (identical to n294_293) is ignored but added at the end

Create initial parsimony tree by phylogenetic likelihood library (PLL)... 0.001 seconds

NOTE: 0 MB RAM is required!
Estimate model parameters (epsilon = 0.100)
1. Initial log-likelihood: -1829.973
2. Current log-likelihood: -1786.468
3. Current log-likelihood: -1786.051
Optimal log-likelihood: -1786.005
Rate parameters:  A-C: 1.005  A-G: 0.929  A-T: 0.844  C-G: 0.942  C-T: 1.184  G-T: 1.000
Base frequencies:   A: 0.228  C: 0.277  G: 0.244  T: 0.251
Gamma shape alpha: 998.380
Parameters optimization took 3 rounds (0.015 sec)
--------------------------------------------------------------------
|             INITIALIZING CANDIDATE TREE SET                      |
--------------------------------------------------------------------
Computing ML distances based on estimated model parameters... 0.000 sec
Computing BIONJ tree...
0.000 seconds
Log-likelihood of BIONJ tree: -1786.004
Generating 98 parsimony trees... 0.073 seconds 70 distinct starting trees
Computing log-likelihood of 70 initial trees ... 0.105 seconds
Optimizing top 20 initial trees with NNI...
Iteration 1 / LogL: -1786.005 / Time: 0h:0m:0s
Estimate model parameters (epsilon = 0.100)
BETTER SCORE FOUND at iteration 1: -1785.979
Iteration 2 / LogL: -1785.981 / Time: 0h:0m:0s
Iteration 3 / LogL: -1785.984 / Time: 0h:0m:0s
Iteration 4 / LogL: -1785.984 / Time: 0h:0m:0s
Iteration 5 / LogL: -1785.984 / Time: 0h:0m:0s
Iteration 6 / LogL: -1785.984 / Time: 0h:0m:0s
Iteration 7 / LogL: -1785.984 / Time: 0h:0m:0s
Iteration 8 / LogL: -1785.984 / Time: 0h:0m:0s
Iteration 9 / LogL: -1785.984 / Time: 0h:0m:0s
Iteration 10 / LogL: -1785.984 / Time: 0h:0m:0s
Iteration 11 / LogL: -1785.984 / Time: 0h:0m:0s
Iteration 12 / LogL: -1785.984 / Time: 0h:0m:0s
Iteration 13 / LogL: -1785.984 / Time: 0h:0m:0s
Iteration 14 / LogL: -1785.984 / Time: 0h:0m:0s
Iteration 15 / LogL: -1785.984 / Time: 0h:0m:0s
Iteration 16 / LogL: -1785.984 / Time: 0h:0m:0s
Iteration 17 / LogL: -1785.984 / Time: 0h:0m:0s
Iteration 18 / LogL: -1785.984 / Time: 0h:0m:0s
Iteration 19 / LogL: -1785.984 / Time: 0h:0m:0s
Iteration 20 / LogL: -1785.984 / Time: 0h:0m:0s
Average CPU time for 1 NNI search: 0.004
Finish initializing candidate tree set. Number of distinct locally optimal trees: 20
Current best tree score: -1785.979 / CPU time: 0.248
--------------------------------------------------------------------
|               OPTIMIZING CANDIDATE TREE SET                      |
--------------------------------------------------------------------
Iteration 30 / LogL: -1803.917 / Time: 0h:0m:0s (0h:0m:0s left)
Iteration 40 / LogL: -1785.986 / Time: 0h:0m:0s (0h:0m:0s left)
Iteration 50 / LogL: -1785.980 / Time: 0h:0m:0s (0h:0m:0s left)
Iteration 60 / LogL: -1790.126 / Time: 0h:0m:0s (0h:0m:0s left)
Iteration 70 / LogL: -1785.997 / Time: 0h:0m:0s (0h:0m:0s left)
Iteration 80 / LogL: -1785.985 / Time: 0h:0m:0s (0h:0m:0s left)
Iteration 90 / LogL: -1785.979 / Time: 0h:0m:1s (0h:0m:0s left)
Iteration 100 / LogL: -1854.166 / Time: 0h:0m:1s (0h:0m:0s left)
TREE SEARCH COMPLETED AFTER 101 ITERATIONS / Time: 0h:0m:1s

--------------------------------------------------------------------
|                    FINALIZING TREE SEARCH                        |
--------------------------------------------------------------------
Performs final model parameters optimization
Estimate model parameters (epsilon = 0.010)
1. Initial log-likelihood: -1785.979
2. Current log-likelihood: -1785.966
Optimal log-likelihood: -1785.959
Rate parameters:  A-C: 0.992  A-G: 0.898  A-T: 0.835  C-G: 0.895  C-T: 1.142  G-T: 1.000
Base frequencies:   A: 0.228  C: 0.277  G: 0.244  T: 0.251
Gamma shape alpha: 998.380
Parameters optimization took 2 rounds (0.009 sec)
BEST SCORE FOUND : -1785.959

Testing tree branches by SH-like aLRT with 1000 replicates...
CPU Time used:  0.096 sec.
Total tree length: 0.982

Total number of iterations: 101
CPU time used for tree search: 1.152 sec (0h:0m:1s)
Wall-clock time used for tree search: 1.158 sec (0h:0m:1s)
Total CPU time used: 1.288 sec (0h:0m:1s)
Total wall-clock time used: 1.291 sec (0h:0m:1s)

Analysis results written to: 
  IQ-TREE report:                ../simulations/data_D10T0L20I10T10//S/652_pruned.fasta.iqtree
  Maximum-likelihood tree:       ../simulations/data_D10T0L20I10T10//S/652_pruned.fasta.treefile
  Likelihood distances:          ../simulations/data_D10T0L20I10T10//S/652_pruned.fasta.mldist
  Screen log file:               ../simulations/data_D10T0L20I10T10//S/652_pruned.fasta.log

Date and Time: Fri Jun  1 10:56:58 2018
