IQ-TREE version 1.4.2 for Linux 64-bit built Apr 15 2016
Copyright (c) 2011-2015 Nguyen Lam Tung, Olga Chernomor, Arndt von Haeseler and Bui Quang Minh.

Host:    meduse (AVX2, FMA3, 7 GB RAM)
Command: iqtree -s ../simulations/data_D8T0L15I8T8//S/654_pruned.fasta -m GTR+G -alrt 1000 -redo
Seed:    618952 (Using SPRNG - Scalable Parallel Random Number Generator)
Time:    Fri May 25 22:45:46 2018
Kernel:  AVX

NOTE: Consider using the multicore version because your CPU has 4 cores!

Reading alignment file ../simulations/data_D8T0L15I8T8//S/654_pruned.fasta ... Fasta format detected
Alignment most likely contains DNA/RNA sequences
Alignment has 26 sequences with 300 columns and 184 patterns (173 informative sites)
          Gap/Ambiguity  Composition  p-value
   1  n298_299    0.00%    passed     85.30%
   2  n280_281    0.00%    passed     90.04%
   3  n200_201    0.00%    passed     90.04%
   4  n286_287    0.00%    passed     65.10%
   5  n287_288    0.00%    passed     85.83%
   6  n266_267    0.00%    passed     93.41%
   7  n292_293    0.00%    passed     80.62%
   8  n293_294    0.00%    passed     85.30%
   9  n275_276    0.00%    passed     89.73%
  10  n289_290    0.00%    passed     90.84%
  11  n297_298    0.00%    passed     83.72%
  12  n278_279    0.00%    passed     87.23%
  13  n295_296    0.00%    passed     85.10%
  14  n251_252    0.00%    passed     21.82%
  15  n274_275    0.00%    passed     86.98%
  16  n290_291    0.00%    passed     79.29%
  17  n236_237    0.00%    passed     72.50%
  18  n255_256    0.00%    passed     40.31%
  19  n285_286    0.00%    passed     64.82%
  20  n294_295    0.00%    passed     85.09%
  21  n300_301    0.00%    passed     80.62%
  22  n265_266    0.00%    passed     96.72%
  23  n296_297    0.00%    passed     89.46%
  24  n299_300    0.00%    passed     84.65%
  25  n244_245    0.00%    passed     18.21%
  26  n277_278    0.00%    passed     90.35%
****  TOTAL       0.00%  0 sequences failed composition chi2 test (p-value<5%; df=3)
NOTE: 1 identical sequences (see below) will be ignored for subsequent analysis
NOTE: n300_301 (identical to n292_293) is ignored but added at the end

Create initial parsimony tree by phylogenetic likelihood library (PLL)... 0.001 seconds

NOTE: 0 MB RAM is required!
Estimate model parameters (epsilon = 0.100)
1. Initial log-likelihood: -2061.985
2. Current log-likelihood: -2009.898
3. Current log-likelihood: -2009.220
Optimal log-likelihood: -2009.202
Rate parameters:  A-C: 0.709  A-G: 1.005  A-T: 0.985  C-G: 1.050  C-T: 1.279  G-T: 1.000
Base frequencies:   A: 0.256  C: 0.297  G: 0.221  T: 0.227
Gamma shape alpha: 998.321
Parameters optimization took 3 rounds (0.038 sec)
--------------------------------------------------------------------
|             INITIALIZING CANDIDATE TREE SET                      |
--------------------------------------------------------------------
Computing ML distances based on estimated model parameters... 0.000 sec
Computing BIONJ tree...
0.000 seconds
Log-likelihood of BIONJ tree: -2009.202
Generating 98 parsimony trees... 0.125 seconds 79 distinct starting trees
Computing log-likelihood of 79 initial trees ... 0.210 seconds
Optimizing top 20 initial trees with NNI...
Iteration 1 / LogL: -2009.202 / Time: 0h:0m:0s
Estimate model parameters (epsilon = 0.100)
BETTER SCORE FOUND at iteration 1: -2009.195
Iteration 2 / LogL: -2009.197 / Time: 0h:0m:0s
Iteration 3 / LogL: -2009.195 / Time: 0h:0m:0s
Iteration 4 / LogL: -2009.195 / Time: 0h:0m:0s
Iteration 5 / LogL: -2009.195 / Time: 0h:0m:0s
Iteration 6 / LogL: -2009.195 / Time: 0h:0m:0s
Iteration 7 / LogL: -2009.195 / Time: 0h:0m:0s
Iteration 8 / LogL: -2009.195 / Time: 0h:0m:0s
Iteration 9 / LogL: -2009.195 / Time: 0h:0m:0s
Iteration 10 / LogL: -2009.195 / Time: 0h:0m:0s
Iteration 11 / LogL: -2009.195 / Time: 0h:0m:0s
Iteration 12 / LogL: -2009.195 / Time: 0h:0m:0s
Iteration 13 / LogL: -2009.195 / Time: 0h:0m:0s
Iteration 14 / LogL: -2009.195 / Time: 0h:0m:0s
Iteration 15 / LogL: -2009.195 / Time: 0h:0m:0s
Iteration 16 / LogL: -2009.195 / Time: 0h:0m:0s
Iteration 17 / LogL: -2009.195 / Time: 0h:0m:0s
Iteration 18 / LogL: -2009.195 / Time: 0h:0m:0s
Iteration 19 / LogL: -2009.195 / Time: 0h:0m:0s
Iteration 20 / LogL: -2009.195 / Time: 0h:0m:0s
Average CPU time for 1 NNI search: 0.007
Finish initializing candidate tree set. Number of distinct locally optimal trees: 18
Current best tree score: -2009.195 / CPU time: 0.484
--------------------------------------------------------------------
|               OPTIMIZING CANDIDATE TREE SET                      |
--------------------------------------------------------------------
Iteration 30 / LogL: -2009.203 / Time: 0h:0m:0s (0h:0m:1s left)
Iteration 40 / LogL: -2009.211 / Time: 0h:0m:0s (0h:0m:1s left)
Iteration 50 / LogL: -2020.693 / Time: 0h:0m:1s (0h:0m:1s left)
Iteration 60 / LogL: -2021.906 / Time: 0h:0m:1s (0h:0m:1s left)
Iteration 70 / LogL: -2009.195 / Time: 0h:0m:1s (0h:0m:0s left)
Iteration 80 / LogL: -2009.206 / Time: 0h:0m:1s (0h:0m:0s left)
Iteration 90 / LogL: -2009.195 / Time: 0h:0m:2s (0h:0m:0s left)
Iteration 100 / LogL: -2020.693 / Time: 0h:0m:2s (0h:0m:0s left)
TREE SEARCH COMPLETED AFTER 101 ITERATIONS / Time: 0h:0m:2s

--------------------------------------------------------------------
|                    FINALIZING TREE SEARCH                        |
--------------------------------------------------------------------
Performs final model parameters optimization
Estimate model parameters (epsilon = 0.010)
1. Initial log-likelihood: -2009.194
Optimal log-likelihood: -2009.190
Rate parameters:  A-C: 0.718  A-G: 1.017  A-T: 0.994  C-G: 1.063  C-T: 1.295  G-T: 1.000
Base frequencies:   A: 0.256  C: 0.297  G: 0.221  T: 0.227
Gamma shape alpha: 998.321
Parameters optimization took 1 rounds (0.010 sec)
BEST SCORE FOUND : -2009.190

Testing tree branches by SH-like aLRT with 1000 replicates...
CPU Time used:  0.148 sec.
Total tree length: 1.225

Total number of iterations: 101
CPU time used for tree search: 2.360 sec (0h:0m:2s)
Wall-clock time used for tree search: 2.375 sec (0h:0m:2s)
Total CPU time used: 2.576 sec (0h:0m:2s)
Total wall-clock time used: 2.591 sec (0h:0m:2s)

Analysis results written to: 
  IQ-TREE report:                ../simulations/data_D8T0L15I8T8//S/654_pruned.fasta.iqtree
  Maximum-likelihood tree:       ../simulations/data_D8T0L15I8T8//S/654_pruned.fasta.treefile
  Likelihood distances:          ../simulations/data_D8T0L15I8T8//S/654_pruned.fasta.mldist
  Screen log file:               ../simulations/data_D8T0L15I8T8//S/654_pruned.fasta.log

Date and Time: Fri May 25 22:45:49 2018
