IQ-TREE version 1.4.2 for Linux 64-bit built Apr 15 2016
Copyright (c) 2011-2015 Nguyen Lam Tung, Olga Chernomor, Arndt von Haeseler and Bui Quang Minh.

Host:    meduse (AVX2, FMA3, 7 GB RAM)
Command: iqtree -s ../simulations/data_D8T0L15I8T8//S/657_pruned.fasta -m GTR+G -alrt 1000 -redo
Seed:    120100 (Using SPRNG - Scalable Parallel Random Number Generator)
Time:    Fri May 25 22:53:06 2018
Kernel:  AVX

NOTE: Consider using the multicore version because your CPU has 4 cores!

Reading alignment file ../simulations/data_D8T0L15I8T8//S/657_pruned.fasta ... Fasta format detected
Alignment most likely contains DNA/RNA sequences
Alignment has 26 sequences with 300 columns and 173 patterns (151 informative sites)
          Gap/Ambiguity  Composition  p-value
   1  n298_299    0.00%    passed     99.22%
   2  n280_281    0.00%    passed     97.63%
   3  n200_201    0.00%    passed     97.30%
   4  n286_287    0.00%    passed     85.59%
   5  n287_288    0.00%    passed     97.72%
   6  n266_267    0.00%    passed     88.93%
   7  n292_293    0.00%    passed     97.76%
   8  n293_294    0.00%    passed     98.83%
   9  n275_276    0.00%    passed     97.26%
  10  n289_290    0.00%    passed     96.09%
  11  n297_298    0.00%    passed     99.22%
  12  n278_279    0.00%    passed     97.13%
  13  n295_296    0.00%    passed     94.75%
  14  n251_252    0.00%    passed     89.08%
  15  n274_275    0.00%    passed     94.94%
  16  n290_291    0.00%    passed     98.95%
  17  n236_237    0.00%    passed     93.13%
  18  n255_256    0.00%    passed     78.40%
  19  n285_286    0.00%    passed     88.47%
  20  n294_295    0.00%    passed     99.71%
  21  n300_301    0.00%    passed     98.31%
  22  n265_266    0.00%    passed     84.04%
  23  n296_297    0.00%    passed     99.71%
  24  n299_300    0.00%    passed     99.04%
  25  n244_245    0.00%    passed     25.96%
  26  n277_278    0.00%    passed     90.54%
****  TOTAL       0.00%  0 sequences failed composition chi2 test (p-value<5%; df=3)

Create initial parsimony tree by phylogenetic likelihood library (PLL)... 0.002 seconds

NOTE: 0 MB RAM is required!
Estimate model parameters (epsilon = 0.100)
1. Initial log-likelihood: -2047.028
2. Current log-likelihood: -2005.270
3. Current log-likelihood: -2004.664
Optimal log-likelihood: -2004.588
Rate parameters:  A-C: 1.075  A-G: 1.199  A-T: 1.086  C-G: 1.087  C-T: 1.302  G-T: 1.000
Base frequencies:   A: 0.262  C: 0.282  G: 0.240  T: 0.216
Gamma shape alpha: 11.007
Parameters optimization took 3 rounds (0.026 sec)
--------------------------------------------------------------------
|             INITIALIZING CANDIDATE TREE SET                      |
--------------------------------------------------------------------
Computing ML distances based on estimated model parameters... 0.004 sec
Computing BIONJ tree...
0.001 seconds
Log-likelihood of BIONJ tree: -2004.587
Generating 98 parsimony trees... 0.145 seconds 40 distinct starting trees
Computing log-likelihood of 40 initial trees ... 0.116 seconds
Optimizing top 20 initial trees with NNI...
Iteration 1 / LogL: -2004.587 / Time: 0h:0m:0s
Estimate model parameters (epsilon = 0.100)
BETTER SCORE FOUND at iteration 1: -2004.565
Iteration 2 / LogL: -2004.567 / Time: 0h:0m:0s
Iteration 3 / LogL: -2004.568 / Time: 0h:0m:0s
Iteration 4 / LogL: -2004.568 / Time: 0h:0m:0s
Iteration 5 / LogL: -2004.568 / Time: 0h:0m:0s
Iteration 6 / LogL: -2004.568 / Time: 0h:0m:0s
Iteration 7 / LogL: -2004.568 / Time: 0h:0m:0s
Iteration 8 / LogL: -2004.569 / Time: 0h:0m:0s
Iteration 9 / LogL: -2004.569 / Time: 0h:0m:0s
Iteration 10 / LogL: -2004.569 / Time: 0h:0m:0s
Iteration 11 / LogL: -2004.569 / Time: 0h:0m:0s
Iteration 12 / LogL: -2004.569 / Time: 0h:0m:0s
Iteration 13 / LogL: -2004.569 / Time: 0h:0m:0s
Iteration 14 / LogL: -2004.569 / Time: 0h:0m:0s
Iteration 15 / LogL: -2004.569 / Time: 0h:0m:0s
Iteration 16 / LogL: -2004.569 / Time: 0h:0m:0s
Iteration 17 / LogL: -2004.569 / Time: 0h:0m:0s
Iteration 18 / LogL: -2004.569 / Time: 0h:0m:0s
Iteration 19 / LogL: -2004.569 / Time: 0h:0m:0s
Iteration 20 / LogL: -2004.569 / Time: 0h:0m:0s
Average CPU time for 1 NNI search: 0.007
Finish initializing candidate tree set. Number of distinct locally optimal trees: 20
Current best tree score: -2004.565 / CPU time: 0.412
--------------------------------------------------------------------
|               OPTIMIZING CANDIDATE TREE SET                      |
--------------------------------------------------------------------
Iteration 30 / LogL: -2004.591 / Time: 0h:0m:0s (0h:0m:1s left)
Iteration 40 / LogL: -2004.598 / Time: 0h:0m:0s (0h:0m:1s left)
Iteration 50 / LogL: -2004.570 / Time: 0h:0m:1s (0h:0m:1s left)
Iteration 60 / LogL: -2004.568 / Time: 0h:0m:1s (0h:0m:0s left)
Iteration 70 / LogL: -2004.566 / Time: 0h:0m:1s (0h:0m:0s left)
Iteration 80 / LogL: -2004.566 / Time: 0h:0m:1s (0h:0m:0s left)
Iteration 90 / LogL: -2004.565 / Time: 0h:0m:2s (0h:0m:0s left)
Iteration 100 / LogL: -2004.572 / Time: 0h:0m:2s (0h:0m:0s left)
TREE SEARCH COMPLETED AFTER 101 ITERATIONS / Time: 0h:0m:2s

--------------------------------------------------------------------
|                    FINALIZING TREE SEARCH                        |
--------------------------------------------------------------------
Performs final model parameters optimization
Estimate model parameters (epsilon = 0.010)
1. Initial log-likelihood: -2004.565
Optimal log-likelihood: -2004.565
Rate parameters:  A-C: 1.057  A-G: 1.160  A-T: 1.051  C-G: 1.053  C-T: 1.258  G-T: 1.000
Base frequencies:   A: 0.262  C: 0.282  G: 0.240  T: 0.216
Gamma shape alpha: 11.047
Parameters optimization took 1 rounds (0.009 sec)
BEST SCORE FOUND : -2004.565

Testing tree branches by SH-like aLRT with 1000 replicates...
CPU Time used:  0.152 sec.
Total tree length: 1.175

Total number of iterations: 101
CPU time used for tree search: 2.188 sec (0h:0m:2s)
Wall-clock time used for tree search: 2.195 sec (0h:0m:2s)
Total CPU time used: 2.392 sec (0h:0m:2s)
Total wall-clock time used: 2.406 sec (0h:0m:2s)

Analysis results written to: 
  IQ-TREE report:                ../simulations/data_D8T0L15I8T8//S/657_pruned.fasta.iqtree
  Maximum-likelihood tree:       ../simulations/data_D8T0L15I8T8//S/657_pruned.fasta.treefile
  Likelihood distances:          ../simulations/data_D8T0L15I8T8//S/657_pruned.fasta.mldist
  Screen log file:               ../simulations/data_D8T0L15I8T8//S/657_pruned.fasta.log

Date and Time: Fri May 25 22:53:08 2018
