IQ-TREE version 1.4.2 for Linux 64-bit built Apr 15 2016
Copyright (c) 2011-2015 Nguyen Lam Tung, Olga Chernomor, Arndt von Haeseler and Bui Quang Minh.

Host:    meduse (AVX2, FMA3, 7 GB RAM)
Command: iqtree -s ../simulations/data_D10T0L20I10T10//S/65_pruned.fasta -m GTR+G -alrt 1000 -redo
Seed:    572299 (Using SPRNG - Scalable Parallel Random Number Generator)
Time:    Fri Jun  1 10:44:20 2018
Kernel:  AVX

NOTE: Consider using the multicore version because your CPU has 4 cores!

Reading alignment file ../simulations/data_D10T0L20I10T10//S/65_pruned.fasta ... Fasta format detected
Alignment most likely contains DNA/RNA sequences
Alignment has 26 sequences with 300 columns and 180 patterns (147 informative sites)
          Gap/Ambiguity  Composition  p-value
   1  n274_277    0.00%    passed     91.40%
   2  n294_297    0.00%    passed     68.26%
   3  n280_283    0.00%    passed     95.58%
   4  n255_258    0.00%    passed     42.02%
   5  n285_288    0.00%    passed     82.69%
   6  n296_299    0.00%    passed     94.23%
   7  n286_289    0.00%    passed     82.28%
   8  n275_278    0.00%    passed     85.82%
   9  n277_280    0.00%    passed     88.79%
  10  n287_290    0.00%    passed     89.45%
  11  n293_296    0.00%    passed     80.38%
  12  n297_300    0.00%    passed     91.68%
  13  n244_247    0.00%    passed     90.83%
  14  n200_203    0.00%    passed     97.66%
  15  n266_269    0.00%    passed     95.34%
  16  n300_303    0.00%    passed     91.83%
  17  n295_298    0.00%    passed     90.28%
  18  n290_293    0.00%    passed     94.12%
  19  n289_292    0.00%    passed     73.17%
  20  n298_301    0.00%    passed     85.82%
  21  n251_254    0.00%    passed     35.91%
  22  n292_295    0.00%    passed     91.83%
  23  n265_268    0.00%    passed     95.60%
  24  n278_281    0.00%    passed     91.68%
  25  n299_302    0.00%    passed     82.29%
  26  n236_239    0.00%    passed     95.84%
****  TOTAL       0.00%  0 sequences failed composition chi2 test (p-value<5%; df=3)
NOTE: 1 identical sequences (see below) will be ignored for subsequent analysis
NOTE: n292_295 (identical to n300_303) is ignored but added at the end

Create initial parsimony tree by phylogenetic likelihood library (PLL)... 0.001 seconds

NOTE: 0 MB RAM is required!
Estimate model parameters (epsilon = 0.100)
1. Initial log-likelihood: -2095.660
2. Current log-likelihood: -2055.237
3. Current log-likelihood: -2054.919
Optimal log-likelihood: -2054.907
Rate parameters:  A-C: 1.418  A-G: 1.701  A-T: 1.378  C-G: 1.379  C-T: 1.555  G-T: 1.000
Base frequencies:   A: 0.245  C: 0.299  G: 0.239  T: 0.217
Gamma shape alpha: 4.872
Parameters optimization took 3 rounds (0.024 sec)
--------------------------------------------------------------------
|             INITIALIZING CANDIDATE TREE SET                      |
--------------------------------------------------------------------
Computing ML distances based on estimated model parameters... 0.004 sec
Computing BIONJ tree...
0.000 seconds
Log-likelihood of BIONJ tree: -2055.374
Generating 98 parsimony trees... 0.127 seconds 27 distinct starting trees
Computing log-likelihood of 27 initial trees ... 0.050 seconds
Optimizing top 20 initial trees with NNI...
Iteration 1 / LogL: -2054.907 / Time: 0h:0m:0s
Estimate model parameters (epsilon = 0.100)
BETTER SCORE FOUND at iteration 1: -2054.840
Iteration 2 / LogL: -2054.844 / Time: 0h:0m:0s
Iteration 3 / LogL: -2054.844 / Time: 0h:0m:0s
Iteration 4 / LogL: -2054.844 / Time: 0h:0m:0s
Iteration 5 / LogL: -2054.844 / Time: 0h:0m:0s
Iteration 6 / LogL: -2054.844 / Time: 0h:0m:0s
Iteration 7 / LogL: -2054.844 / Time: 0h:0m:0s
Iteration 8 / LogL: -2054.844 / Time: 0h:0m:0s
Iteration 9 / LogL: -2054.844 / Time: 0h:0m:0s
Iteration 10 / LogL: -2054.844 / Time: 0h:0m:0s
Iteration 11 / LogL: -2054.844 / Time: 0h:0m:0s
Iteration 12 / LogL: -2054.844 / Time: 0h:0m:0s
Iteration 13 / LogL: -2054.844 / Time: 0h:0m:0s
Iteration 14 / LogL: -2054.844 / Time: 0h:0m:0s
Iteration 15 / LogL: -2054.844 / Time: 0h:0m:0s
Iteration 16 / LogL: -2054.844 / Time: 0h:0m:0s
Iteration 17 / LogL: -2054.844 / Time: 0h:0m:0s
Iteration 18 / LogL: -2054.844 / Time: 0h:0m:0s
Iteration 19 / LogL: -2054.844 / Time: 0h:0m:0s
Iteration 20 / LogL: -2054.844 / Time: 0h:0m:0s
Average CPU time for 1 NNI search: 0.005
Finish initializing candidate tree set. Number of distinct locally optimal trees: 20
Current best tree score: -2054.840 / CPU time: 0.272
--------------------------------------------------------------------
|               OPTIMIZING CANDIDATE TREE SET                      |
--------------------------------------------------------------------
Iteration 30 / LogL: -2069.923 / Time: 0h:0m:0s (0h:0m:1s left)
Iteration 40 / LogL: -2054.878 / Time: 0h:0m:0s (0h:0m:1s left)
Iteration 50 / LogL: -2054.840 / Time: 0h:0m:0s (0h:0m:0s left)
Iteration 60 / LogL: -2054.840 / Time: 0h:0m:1s (0h:0m:0s left)
Iteration 70 / LogL: -2054.845 / Time: 0h:0m:1s (0h:0m:0s left)
Iteration 80 / LogL: -2054.950 / Time: 0h:0m:1s (0h:0m:0s left)
Iteration 90 / LogL: -2054.840 / Time: 0h:0m:1s (0h:0m:0s left)
Iteration 100 / LogL: -2054.840 / Time: 0h:0m:1s (0h:0m:0s left)
TREE SEARCH COMPLETED AFTER 101 ITERATIONS / Time: 0h:0m:1s

--------------------------------------------------------------------
|                    FINALIZING TREE SEARCH                        |
--------------------------------------------------------------------
Performs final model parameters optimization
Estimate model parameters (epsilon = 0.010)
1. Initial log-likelihood: -2054.839
2. Current log-likelihood: -2054.816
Optimal log-likelihood: -2054.815
Rate parameters:  A-C: 1.319  A-G: 1.639  A-T: 1.310  C-G: 1.406  C-T: 1.482  G-T: 1.000
Base frequencies:   A: 0.245  C: 0.299  G: 0.239  T: 0.217
Gamma shape alpha: 4.913
Parameters optimization took 2 rounds (0.009 sec)
BEST SCORE FOUND : -2054.815

Testing tree branches by SH-like aLRT with 1000 replicates...
CPU Time used:  0.112 sec.
Total tree length: 1.196

Total number of iterations: 101
CPU time used for tree search: 1.680 sec (0h:0m:1s)
Wall-clock time used for tree search: 1.681 sec (0h:0m:1s)
Total CPU time used: 1.840 sec (0h:0m:1s)
Total wall-clock time used: 1.841 sec (0h:0m:1s)

Analysis results written to: 
  IQ-TREE report:                ../simulations/data_D10T0L20I10T10//S/65_pruned.fasta.iqtree
  Maximum-likelihood tree:       ../simulations/data_D10T0L20I10T10//S/65_pruned.fasta.treefile
  Likelihood distances:          ../simulations/data_D10T0L20I10T10//S/65_pruned.fasta.mldist
  Screen log file:               ../simulations/data_D10T0L20I10T10//S/65_pruned.fasta.log

Date and Time: Fri Jun  1 10:44:22 2018
