IQ-TREE version 1.4.2 for Linux 64-bit built Apr 15 2016
Copyright (c) 2011-2015 Nguyen Lam Tung, Olga Chernomor, Arndt von Haeseler and Bui Quang Minh.

Host:    meduse (AVX2, FMA3, 7 GB RAM)
Command: iqtree -s ../simulations/data_D10T0L20I10T10//S/675_pruned.fasta -m GTR+G -alrt 1000 -redo
Seed:    873950 (Using SPRNG - Scalable Parallel Random Number Generator)
Time:    Mon Jun  4 00:10:37 2018
Kernel:  AVX

NOTE: Consider using the multicore version because your CPU has 4 cores!

Reading alignment file ../simulations/data_D10T0L20I10T10//S/675_pruned.fasta ... Fasta format detected
Alignment most likely contains DNA/RNA sequences
Alignment has 26 sequences with 300 columns and 300 patterns (296 informative sites)
          Gap/Ambiguity  Composition  p-value
   1  n277_278    0.00%    passed     61.62%
   2  n286_287    0.00%    passed     41.15%
   3  n296_297    0.00%    passed     84.33%
   4  n285_286    0.00%    passed     56.45%
   5  n289_290    0.00%    passed     56.24%
   6  n274_275    0.00%    passed     23.03%
   7  n255_256    0.00%    failed      2.05%
   8  n275_276    0.00%    passed     87.69%
   9  n278_279    0.00%    passed     34.77%
  10  n299_300    0.00%    passed     66.04%
  11  n236_237    0.00%    passed     13.48%
  12  n293_294    0.00%    passed     60.82%
  13  n290_291    0.00%    passed     48.98%
  14  n297_298    0.00%    passed     48.53%
  15  n200_201    0.00%    passed     26.50%
  16  n292_293    0.00%    passed     70.58%
  17  n280_281    0.00%    passed     81.20%
  18  n295_296    0.00%    passed     94.21%
  19  n287_288    0.00%    passed     31.94%
  20  n244_245    0.00%    passed     80.65%
  21  n265_266    0.00%    passed     32.62%
  22  n266_267    0.00%    passed     40.69%
  23  n294_295    0.00%    passed     66.87%
  24  n251_252    0.00%    passed     16.00%
  25  n298_299    0.00%    passed     24.25%
  26  n300_301    0.00%    passed     74.43%
****  TOTAL       0.00%  1 sequences failed composition chi2 test (p-value<5%; df=3)

Create initial parsimony tree by phylogenetic likelihood library (PLL)... 0.002 seconds

NOTE: 1 MB RAM is required!
Estimate model parameters (epsilon = 0.100)
1. Initial log-likelihood: -5398.528
2. Current log-likelihood: -5293.914
3. Current log-likelihood: -5277.822
4. Current log-likelihood: -5274.760
5. Current log-likelihood: -5274.063
6. Current log-likelihood: -5273.917
Optimal log-likelihood: -5273.841
Rate parameters:  A-C: 1.037  A-G: 1.318  A-T: 0.763  C-G: 0.967  C-T: 1.048  G-T: 1.000
Base frequencies:   A: 0.236  C: 0.279  G: 0.216  T: 0.269
Gamma shape alpha: 3.700
Parameters optimization took 6 rounds (0.072 sec)
--------------------------------------------------------------------
|             INITIALIZING CANDIDATE TREE SET                      |
--------------------------------------------------------------------
Computing ML distances based on estimated model parameters... 0.004 sec
WARNING: Some pairwise ML distances are too long (saturated)
Computing BIONJ tree...
0.000 seconds
Log-likelihood of BIONJ tree: -5277.731
Generating 98 parsimony trees... 0.148 seconds 2 distinct starting trees
Computing log-likelihood of 2 initial trees ... 0.000 seconds
Optimizing top 2 initial trees with NNI...
Iteration 1 / LogL: -5271.924 / Time: 0h:0m:0s
Estimate model parameters (epsilon = 0.100)
BETTER TREE FOUND at iteration 1: -5271.857
Iteration 2 / LogL: -5272.828 / Time: 0h:0m:0s
Average CPU time for 1 NNI search: 0.022
Finish initializing candidate tree set. Number of distinct locally optimal trees: 2
Current best tree score: -5271.857 / CPU time: 0.192
--------------------------------------------------------------------
|               OPTIMIZING CANDIDATE TREE SET                      |
--------------------------------------------------------------------
Iteration 10 / LogL: -5272.925 / Time: 0h:0m:0s
Iteration 20 / LogL: -5284.757 / Time: 0h:0m:0s (0h:0m:4s left)
Iteration 30 / LogL: -5271.868 / Time: 0h:0m:1s (0h:0m:3s left)
Iteration 40 / LogL: -5272.182 / Time: 0h:0m:1s (0h:0m:2s left)
Iteration 50 / LogL: -5276.617 / Time: 0h:0m:2s (0h:0m:2s left)
Iteration 60 / LogL: -5273.601 / Time: 0h:0m:2s (0h:0m:1s left)
Iteration 70 / LogL: -5293.166 / Time: 0h:0m:2s (0h:0m:1s left)
Iteration 80 / LogL: -5274.219 / Time: 0h:0m:3s (0h:0m:0s left)
Iteration 90 / LogL: -5272.918 / Time: 0h:0m:3s (0h:0m:0s left)
Iteration 100 / LogL: -5272.366 / Time: 0h:0m:3s (0h:0m:0s left)
TREE SEARCH COMPLETED AFTER 101 ITERATIONS / Time: 0h:0m:3s

--------------------------------------------------------------------
|                    FINALIZING TREE SEARCH                        |
--------------------------------------------------------------------
Performs final model parameters optimization
Estimate model parameters (epsilon = 0.010)
1. Initial log-likelihood: -5271.846
Optimal log-likelihood: -5271.834
Rate parameters:  A-C: 1.052  A-G: 1.305  A-T: 0.764  C-G: 0.965  C-T: 1.042  G-T: 1.000
Base frequencies:   A: 0.236  C: 0.279  G: 0.216  T: 0.269
Gamma shape alpha: 3.842
Parameters optimization took 1 rounds (0.009 sec)
BEST SCORE FOUND : -5271.834

Testing tree branches by SH-like aLRT with 1000 replicates...
CPU Time used:  0.124 sec.
Total tree length: 9.197

Total number of iterations: 101
CPU time used for tree search: 3.740 sec (0h:0m:3s)
Wall-clock time used for tree search: 3.739 sec (0h:0m:3s)
Total CPU time used: 4.008 sec (0h:0m:4s)
Total wall-clock time used: 4.011 sec (0h:0m:4s)

Analysis results written to: 
  IQ-TREE report:                ../simulations/data_D10T0L20I10T10//S/675_pruned.fasta.iqtree
  Maximum-likelihood tree:       ../simulations/data_D10T0L20I10T10//S/675_pruned.fasta.treefile
  Likelihood distances:          ../simulations/data_D10T0L20I10T10//S/675_pruned.fasta.mldist
  Screen log file:               ../simulations/data_D10T0L20I10T10//S/675_pruned.fasta.log

Date and Time: Mon Jun  4 00:10:41 2018
