IQ-TREE version 1.4.2 for Linux 64-bit built Apr 15 2016
Copyright (c) 2011-2015 Nguyen Lam Tung, Olga Chernomor, Arndt von Haeseler and Bui Quang Minh.

Host:    meduse (AVX2, FMA3, 7 GB RAM)
Command: iqtree -s ../simulations/data_D8T0L15I8T8//S/695_pruned.fasta -m GTR+G -alrt 1000 -redo
Seed:    387806 (Using SPRNG - Scalable Parallel Random Number Generator)
Time:    Fri May 25 23:01:45 2018
Kernel:  AVX

NOTE: Consider using the multicore version because your CPU has 4 cores!

Reading alignment file ../simulations/data_D8T0L15I8T8//S/695_pruned.fasta ... Fasta format detected
Alignment most likely contains DNA/RNA sequences
Alignment has 27 sequences with 300 columns and 176 patterns (151 informative sites)
          Gap/Ambiguity  Composition  p-value
   1  n292_295    0.00%    passed     98.04%
   2  n300_303    0.00%    passed     97.28%
   3  n293_296    0.00%    passed     90.95%
   4  n200_201    0.00%    passed     84.60%
   5  n289_292    0.00%    passed     98.90%
   6  n286_287    0.00%    passed     91.65%
   7  n255_288    0.00%    passed     80.28%
   8  n266_267    0.00%    passed     62.64%
   9  n280_281    0.00%    passed     98.04%
  10  n298_301    0.00%    passed     94.47%
  11  n290_293    0.00%    passed     98.08%
  12  n296_299    0.00%    passed     94.22%
  13  n275_276    0.00%    passed     94.22%
  14  n278_279    0.00%    passed     91.20%
  15  n299_302    0.00%    passed     98.57%
  16  n251_252    0.00%    passed     59.20%
  17  n274_275    0.00%    passed     94.81%
  18  n236_237    0.00%    passed     85.67%
  19  n287_290    0.00%    passed     96.78%
  20  n294_297    0.00%    passed     90.95%
  21  n285_286    0.00%    passed     77.64%
  22  n295_298    0.00%    passed     94.77%
  23  n255_289    0.00%    passed     85.26%
  24  n265_266    0.00%    passed     81.81%
  25  n244_245    0.00%    passed     90.33%
  26  n277_278    0.00%    passed     95.03%
  27  n297_300    0.00%    passed     94.47%
****  TOTAL       0.00%  0 sequences failed composition chi2 test (p-value<5%; df=3)
NOTE: 3 identical sequences (see below) will be ignored for subsequent analysis
NOTE: n280_281 (identical to n292_295) is ignored but added at the end
NOTE: n294_297 (identical to n293_296) is ignored but added at the end
NOTE: n297_300 (identical to n298_301) is ignored but added at the end

Create initial parsimony tree by phylogenetic likelihood library (PLL)... 0.001 seconds

NOTE: 0 MB RAM is required!
Estimate model parameters (epsilon = 0.100)
1. Initial log-likelihood: -2020.624
2. Current log-likelihood: -1984.667
3. Current log-likelihood: -1984.453
Optimal log-likelihood: -1984.436
Rate parameters:  A-C: 1.155  A-G: 1.101  A-T: 1.025  C-G: 0.871  C-T: 1.079  G-T: 1.000
Base frequencies:   A: 0.239  C: 0.258  G: 0.267  T: 0.235
Gamma shape alpha: 10.208
Parameters optimization took 3 rounds (0.031 sec)
--------------------------------------------------------------------
|             INITIALIZING CANDIDATE TREE SET                      |
--------------------------------------------------------------------
Computing ML distances based on estimated model parameters... 0.000 sec
Computing BIONJ tree...
0.001 seconds
Log-likelihood of BIONJ tree: -1984.436
Generating 98 parsimony trees... 0.144 seconds 6 distinct starting trees
Computing log-likelihood of 6 initial trees ... 0.012 seconds
Optimizing top 6 initial trees with NNI...
Iteration 1 / LogL: -1984.038 / Time: 0h:0m:0s
Estimate model parameters (epsilon = 0.100)
BETTER SCORE FOUND at iteration 1: -1983.999
Iteration 2 / LogL: -1984.002 / Time: 0h:0m:0s
Iteration 3 / LogL: -1984.002 / Time: 0h:0m:0s
Iteration 4 / LogL: -1983.999 / Time: 0h:0m:0s
Iteration 5 / LogL: -1983.999 / Time: 0h:0m:0s
Iteration 6 / LogL: -1983.999 / Time: 0h:0m:0s
Average CPU time for 1 NNI search: 0.013
Finish initializing candidate tree set. Number of distinct locally optimal trees: 3
Current best tree score: -1983.999 / CPU time: 0.232
--------------------------------------------------------------------
|               OPTIMIZING CANDIDATE TREE SET                      |
--------------------------------------------------------------------
Iteration 10 / LogL: -1984.000 / Time: 0h:0m:0s
Iteration 20 / LogL: -1984.000 / Time: 0h:0m:0s (0h:0m:2s left)
Iteration 30 / LogL: -1984.006 / Time: 0h:0m:0s (0h:0m:2s left)
Iteration 40 / LogL: -1984.004 / Time: 0h:0m:1s (0h:0m:1s left)
Iteration 50 / LogL: -1984.000 / Time: 0h:0m:1s (0h:0m:1s left)
Iteration 60 / LogL: -1984.042 / Time: 0h:0m:1s (0h:0m:1s left)
Iteration 70 / LogL: -1984.000 / Time: 0h:0m:1s (0h:0m:0s left)
Iteration 80 / LogL: -1984.000 / Time: 0h:0m:2s (0h:0m:0s left)
Iteration 90 / LogL: -1984.051 / Time: 0h:0m:2s (0h:0m:0s left)
Iteration 100 / LogL: -1984.000 / Time: 0h:0m:2s (0h:0m:0s left)
TREE SEARCH COMPLETED AFTER 101 ITERATIONS / Time: 0h:0m:2s

--------------------------------------------------------------------
|                    FINALIZING TREE SEARCH                        |
--------------------------------------------------------------------
Performs final model parameters optimization
Estimate model parameters (epsilon = 0.010)
1. Initial log-likelihood: -1983.999
Optimal log-likelihood: -1983.993
Rate parameters:  A-C: 1.140  A-G: 1.102  A-T: 1.014  C-G: 0.855  C-T: 1.047  G-T: 1.000
Base frequencies:   A: 0.239  C: 0.258  G: 0.267  T: 0.235
Gamma shape alpha: 12.792
Parameters optimization took 1 rounds (0.009 sec)
BEST SCORE FOUND : -1983.993

Testing tree branches by SH-like aLRT with 1000 replicates...
CPU Time used:  0.184 sec.
Total tree length: 1.135

Total number of iterations: 101
CPU time used for tree search: 2.676 sec (0h:0m:2s)
Wall-clock time used for tree search: 2.692 sec (0h:0m:2s)
Total CPU time used: 2.924 sec (0h:0m:2s)
Total wall-clock time used: 2.941 sec (0h:0m:2s)

Analysis results written to: 
  IQ-TREE report:                ../simulations/data_D8T0L15I8T8//S/695_pruned.fasta.iqtree
  Maximum-likelihood tree:       ../simulations/data_D8T0L15I8T8//S/695_pruned.fasta.treefile
  Likelihood distances:          ../simulations/data_D8T0L15I8T8//S/695_pruned.fasta.mldist
  Screen log file:               ../simulations/data_D8T0L15I8T8//S/695_pruned.fasta.log

Date and Time: Fri May 25 23:01:48 2018
