IQ-TREE version 1.4.2 for Linux 64-bit built Apr 15 2016
Copyright (c) 2011-2015 Nguyen Lam Tung, Olga Chernomor, Arndt von Haeseler and Bui Quang Minh.

Host:    meduse (AVX2, FMA3, 7 GB RAM)
Command: iqtree -s ../simulations/data_D10T0L20I10T10//S/696_pruned.fasta -m GTR+G -alrt 1000 -redo
Seed:    826456 (Using SPRNG - Scalable Parallel Random Number Generator)
Time:    Mon Jun  4 00:13:47 2018
Kernel:  AVX

NOTE: Consider using the multicore version because your CPU has 4 cores!

Reading alignment file ../simulations/data_D10T0L20I10T10//S/696_pruned.fasta ... Fasta format detected
Alignment most likely contains DNA/RNA sequences
Alignment has 26 sequences with 300 columns and 300 patterns (298 informative sites)
          Gap/Ambiguity  Composition  p-value
   1  n277_278    0.00%    passed     27.20%
   2  n286_287    0.00%    passed     71.12%
   3  n296_297    0.00%    passed     60.88%
   4  n285_286    0.00%    passed     37.39%
   5  n289_290    0.00%    passed     72.65%
   6  n274_275    0.00%    passed     44.99%
   7  n255_256    0.00%    passed     80.86%
   8  n275_276    0.00%    passed     91.98%
   9  n278_279    0.00%    passed     15.41%
  10  n299_300    0.00%    passed     68.39%
  11  n236_237    0.00%    passed     46.64%
  12  n293_294    0.00%    passed     54.89%
  13  n290_291    0.00%    passed     91.96%
  14  n297_298    0.00%    passed     58.22%
  15  n200_201    0.00%    passed     14.67%
  16  n292_293    0.00%    passed     38.66%
  17  n280_281    0.00%    passed     51.20%
  18  n295_296    0.00%    passed     77.41%
  19  n287_288    0.00%    passed     65.50%
  20  n244_245    0.00%    passed     88.54%
  21  n265_266    0.00%    failed      3.23%
  22  n266_267    0.00%    passed      9.36%
  23  n294_295    0.00%    passed     46.13%
  24  n251_252    0.00%    passed     81.75%
  25  n298_299    0.00%    passed     41.69%
  26  n300_301    0.00%    passed     55.08%
****  TOTAL       0.00%  1 sequences failed composition chi2 test (p-value<5%; df=3)

Create initial parsimony tree by phylogenetic likelihood library (PLL)... 0.002 seconds

NOTE: 1 MB RAM is required!
Estimate model parameters (epsilon = 0.100)
1. Initial log-likelihood: -5317.568
2. Current log-likelihood: -5215.940
3. Current log-likelihood: -5196.929
4. Current log-likelihood: -5192.715
5. Current log-likelihood: -5191.540
6. Current log-likelihood: -5191.134
Optimal log-likelihood: -5191.011
Rate parameters:  A-C: 1.073  A-G: 1.267  A-T: 1.133  C-G: 0.917  C-T: 1.550  G-T: 1.000
Base frequencies:   A: 0.250  C: 0.276  G: 0.252  T: 0.222
Gamma shape alpha: 7.348
Parameters optimization took 6 rounds (0.075 sec)
--------------------------------------------------------------------
|             INITIALIZING CANDIDATE TREE SET                      |
--------------------------------------------------------------------
Computing ML distances based on estimated model parameters... 0.004 sec
WARNING: Some pairwise ML distances are too long (saturated)
Computing BIONJ tree...
0.000 seconds
Log-likelihood of BIONJ tree: -5191.673
Generating 98 parsimony trees... 0.140 seconds 2 distinct starting trees
Computing log-likelihood of 2 initial trees ... 0.000 seconds
Optimizing top 2 initial trees with NNI...
Iteration 1 / LogL: -5190.186 / Time: 0h:0m:0s
Estimate model parameters (epsilon = 0.100)
BETTER TREE FOUND at iteration 1: -5190.073
Iteration 2 / LogL: -5190.098 / Time: 0h:0m:0s
Average CPU time for 1 NNI search: 0.020
Finish initializing candidate tree set. Number of distinct locally optimal trees: 1
Current best tree score: -5190.073 / CPU time: 0.180
--------------------------------------------------------------------
|               OPTIMIZING CANDIDATE TREE SET                      |
--------------------------------------------------------------------
Iteration 10 / LogL: -5189.993 / Time: 0h:0m:0s
Estimate model parameters (epsilon = 0.010)
UPDATE BEST LOG-LIKELIHOOD: -5189.912
Iteration 20 / LogL: -5190.194 / Time: 0h:0m:0s (0h:0m:3s left)
Iteration 30 / LogL: -5190.095 / Time: 0h:0m:1s (0h:0m:2s left)
Iteration 40 / LogL: -5189.999 / Time: 0h:0m:1s (0h:0m:2s left)
Iteration 50 / LogL: -5190.102 / Time: 0h:0m:1s (0h:0m:2s left)
Iteration 60 / LogL: -5190.046 / Time: 0h:0m:2s (0h:0m:1s left)
Iteration 70 / LogL: -5192.254 / Time: 0h:0m:2s (0h:0m:1s left)
Iteration 80 / LogL: -5190.312 / Time: 0h:0m:3s (0h:0m:0s left)
Iteration 90 / LogL: -5190.249 / Time: 0h:0m:3s (0h:0m:0s left)
Iteration 100 / LogL: -5189.988 / Time: 0h:0m:3s (0h:0m:0s left)
TREE SEARCH COMPLETED AFTER 101 ITERATIONS / Time: 0h:0m:3s

--------------------------------------------------------------------
|                    FINALIZING TREE SEARCH                        |
--------------------------------------------------------------------
Performs final model parameters optimization
Estimate model parameters (epsilon = 0.010)
1. Initial log-likelihood: -5189.912
Optimal log-likelihood: -5189.905
Rate parameters:  A-C: 1.055  A-G: 1.256  A-T: 1.122  C-G: 0.880  C-T: 1.504  G-T: 1.000
Base frequencies:   A: 0.250  C: 0.276  G: 0.252  T: 0.222
Gamma shape alpha: 7.911
Parameters optimization took 1 rounds (0.007 sec)
BEST SCORE FOUND : -5189.905

Testing tree branches by SH-like aLRT with 1000 replicates...
CPU Time used:  0.120 sec.
Total tree length: 8.227

Total number of iterations: 101
CPU time used for tree search: 3.712 sec (0h:0m:3s)
Wall-clock time used for tree search: 3.713 sec (0h:0m:3s)
Total CPU time used: 3.964 sec (0h:0m:3s)
Total wall-clock time used: 3.965 sec (0h:0m:3s)

Analysis results written to: 
  IQ-TREE report:                ../simulations/data_D10T0L20I10T10//S/696_pruned.fasta.iqtree
  Maximum-likelihood tree:       ../simulations/data_D10T0L20I10T10//S/696_pruned.fasta.treefile
  Likelihood distances:          ../simulations/data_D10T0L20I10T10//S/696_pruned.fasta.mldist
  Screen log file:               ../simulations/data_D10T0L20I10T10//S/696_pruned.fasta.log

Date and Time: Mon Jun  4 00:13:51 2018
