IQ-TREE version 1.4.2 for Linux 64-bit built Apr 15 2016
Copyright (c) 2011-2015 Nguyen Lam Tung, Olga Chernomor, Arndt von Haeseler and Bui Quang Minh.

Host:    meduse (AVX2, FMA3, 7 GB RAM)
Command: iqtree -s ../simulations/data_D8T0L15I8T8//S/699_pruned.fasta -m GTR+G -alrt 1000 -redo
Seed:    785279 (Using SPRNG - Scalable Parallel Random Number Generator)
Time:    Fri May 25 22:31:50 2018
Kernel:  AVX

NOTE: Consider using the multicore version because your CPU has 4 cores!

Reading alignment file ../simulations/data_D8T0L15I8T8//S/699_pruned.fasta ... Fasta format detected
Alignment most likely contains DNA/RNA sequences
Alignment has 24 sequences with 300 columns and 155 patterns (128 informative sites)
          Gap/Ambiguity  Composition  p-value
   1  n278_255    0.00%    passed     95.48%
   2  n293_270    0.00%    passed     89.46%
   3  n236_219    0.00%    passed     93.51%
   4  n289_266    0.00%    passed     86.20%
   5  n265_242    0.00%    passed     86.32%
   6  n298_275    0.00%    passed     71.81%
   7  n292_269    0.00%    passed     90.78%
   8  n244_225    0.00%    passed     81.73%
   9  n295_272    0.00%    passed     96.92%
  10  n274_251    0.00%    passed     89.85%
  11  n280_257    0.00%    passed     81.76%
  12  n285_262    0.00%    passed     50.40%
  13  n286_263    0.00%    passed     40.59%
  14  n299_276    0.00%    passed     90.78%
  15  n200_191    0.00%    passed     95.24%
  16  n294_271    0.00%    passed     89.46%
  17  n277_254    0.00%    passed     95.75%
  18  n287_264    0.00%    passed     97.44%
  19  n275_252    0.00%    passed     91.58%
  20  n296_273    0.00%    passed     96.92%
  21  n290_267    0.00%    passed     95.28%
  22  n266_243    0.00%    passed     86.08%
  23  n297_274    0.00%    passed     66.91%
  24  n300_277    0.00%    passed     90.78%
****  TOTAL       0.00%  0 sequences failed composition chi2 test (p-value<5%; df=3)
NOTE: 4 identical sequences (see below) will be ignored for subsequent analysis
NOTE: n294_271 (identical to n293_270) is ignored but added at the end
NOTE: n299_276 (identical to n292_269) is ignored but added at the end
NOTE: n300_277 (identical to n292_269) is ignored but added at the end
NOTE: n296_273 (identical to n295_272) is ignored but added at the end

Create initial parsimony tree by phylogenetic likelihood library (PLL)... 0.001 seconds

NOTE: 0 MB RAM is required!
Estimate model parameters (epsilon = 0.100)
1. Initial log-likelihood: -1834.637
2. Current log-likelihood: -1792.638
3. Current log-likelihood: -1791.984
Optimal log-likelihood: -1791.910
Rate parameters:  A-C: 0.702  A-G: 1.061  A-T: 0.961  C-G: 0.926  C-T: 0.894  G-T: 1.000
Base frequencies:   A: 0.265  C: 0.274  G: 0.225  T: 0.236
Gamma shape alpha: 4.122
Parameters optimization took 3 rounds (0.018 sec)
--------------------------------------------------------------------
|             INITIALIZING CANDIDATE TREE SET                      |
--------------------------------------------------------------------
Computing ML distances based on estimated model parameters... 0.000 sec
Computing BIONJ tree...
0.000 seconds
Log-likelihood of BIONJ tree: -1791.910
Generating 98 parsimony trees... 0.060 seconds 9 distinct starting trees
Computing log-likelihood of 9 initial trees ... 0.010 seconds
Optimizing top 9 initial trees with NNI...
Iteration 1 / LogL: -1791.910 / Time: 0h:0m:0s
Estimate model parameters (epsilon = 0.100)
BETTER SCORE FOUND at iteration 1: -1791.871
Iteration 2 / LogL: -1791.872 / Time: 0h:0m:0s
Iteration 3 / LogL: -1791.872 / Time: 0h:0m:0s
Iteration 4 / LogL: -1791.872 / Time: 0h:0m:0s
Iteration 5 / LogL: -1791.872 / Time: 0h:0m:0s
Iteration 6 / LogL: -1791.872 / Time: 0h:0m:0s
Iteration 7 / LogL: -1791.872 / Time: 0h:0m:0s
Iteration 8 / LogL: -1791.872 / Time: 0h:0m:0s
Iteration 9 / LogL: -1791.872 / Time: 0h:0m:0s
Average CPU time for 1 NNI search: 0.004
Finish initializing candidate tree set. Number of distinct locally optimal trees: 9
Current best tree score: -1791.871 / CPU time: 0.108
--------------------------------------------------------------------
|               OPTIMIZING CANDIDATE TREE SET                      |
--------------------------------------------------------------------
Iteration 10 / LogL: -1791.875 / Time: 0h:0m:0s
Iteration 20 / LogL: -1791.944 / Time: 0h:0m:0s (0h:0m:1s left)
Iteration 30 / LogL: -1798.031 / Time: 0h:0m:0s (0h:0m:0s left)
Iteration 40 / LogL: -1791.872 / Time: 0h:0m:0s (0h:0m:0s left)
Iteration 50 / LogL: -1791.878 / Time: 0h:0m:0s (0h:0m:0s left)
Iteration 60 / LogL: -1791.875 / Time: 0h:0m:0s (0h:0m:0s left)
Iteration 70 / LogL: -1802.467 / Time: 0h:0m:0s (0h:0m:0s left)
Iteration 80 / LogL: -1791.873 / Time: 0h:0m:0s (0h:0m:0s left)
Iteration 90 / LogL: -1791.876 / Time: 0h:0m:1s (0h:0m:0s left)
Iteration 100 / LogL: -1791.876 / Time: 0h:0m:1s (0h:0m:0s left)
TREE SEARCH COMPLETED AFTER 101 ITERATIONS / Time: 0h:0m:1s

--------------------------------------------------------------------
|                    FINALIZING TREE SEARCH                        |
--------------------------------------------------------------------
Performs final model parameters optimization
Estimate model parameters (epsilon = 0.010)
1. Initial log-likelihood: -1791.871
2. Current log-likelihood: -1791.846
3. Current log-likelihood: -1791.835
Optimal log-likelihood: -1791.826
Rate parameters:  A-C: 0.665  A-G: 1.013  A-T: 0.925  C-G: 0.889  C-T: 0.838  G-T: 1.000
Base frequencies:   A: 0.265  C: 0.274  G: 0.225  T: 0.236
Gamma shape alpha: 4.119
Parameters optimization took 3 rounds (0.010 sec)
BEST SCORE FOUND : -1791.826

Testing tree branches by SH-like aLRT with 1000 replicates...
CPU Time used:  0.084 sec.
Total tree length: 1.031

Total number of iterations: 101
CPU time used for tree search: 1.100 sec (0h:0m:1s)
Wall-clock time used for tree search: 1.101 sec (0h:0m:1s)
Total CPU time used: 1.224 sec (0h:0m:1s)
Total wall-clock time used: 1.227 sec (0h:0m:1s)

Analysis results written to: 
  IQ-TREE report:                ../simulations/data_D8T0L15I8T8//S/699_pruned.fasta.iqtree
  Maximum-likelihood tree:       ../simulations/data_D8T0L15I8T8//S/699_pruned.fasta.treefile
  Likelihood distances:          ../simulations/data_D8T0L15I8T8//S/699_pruned.fasta.mldist
  Screen log file:               ../simulations/data_D8T0L15I8T8//S/699_pruned.fasta.log

Date and Time: Fri May 25 22:31:52 2018
