IQ-TREE version 1.4.2 for Linux 64-bit built Apr 15 2016
Copyright (c) 2011-2015 Nguyen Lam Tung, Olga Chernomor, Arndt von Haeseler and Bui Quang Minh.

Host:    meduse (AVX2, FMA3, 7 GB RAM)
Command: iqtree -s ../simulations/data_D10T0L20I10T10//S/69_pruned.fasta -m GTR+G -alrt 1000 -redo
Seed:    633134 (Using SPRNG - Scalable Parallel Random Number Generator)
Time:    Fri Jun  1 11:01:25 2018
Kernel:  AVX

NOTE: Consider using the multicore version because your CPU has 4 cores!

Reading alignment file ../simulations/data_D10T0L20I10T10//S/69_pruned.fasta ... Fasta format detected
Alignment most likely contains DNA/RNA sequences
Alignment has 26 sequences with 300 columns and 185 patterns (163 informative sites)
          Gap/Ambiguity  Composition  p-value
   1  n289_290    0.00%    passed     96.77%
   2  n294_295    0.00%    passed     98.14%
   3  n295_296    0.00%    passed     86.16%
   4  n266_267    0.00%    passed     98.66%
   5  n299_300    0.00%    passed     77.57%
   6  n298_299    0.00%    passed     98.65%
   7  n290_291    0.00%    passed     95.32%
   8  n274_275    0.00%    passed     81.26%
   9  n251_252    0.00%    passed     49.76%
  10  n293_294    0.00%    passed     96.95%
  11  n265_266    0.00%    passed     97.70%
  12  n296_297    0.00%    passed     91.16%
  13  n300_301    0.00%    passed     77.57%
  14  n244_245    0.00%    passed     92.28%
  15  n278_279    0.00%    passed     94.60%
  16  n287_288    0.00%    passed     94.63%
  17  n200_201    0.00%    passed     97.53%
  18  n277_278    0.00%    passed     94.09%
  19  n297_298    0.00%    passed     98.65%
  20  n236_237    0.00%    passed     82.83%
  21  n280_281    0.00%    passed     70.41%
  22  n285_286    0.00%    passed     66.79%
  23  n275_276    0.00%    passed     99.55%
  24  n255_256    0.00%    passed     56.42%
  25  n292_293    0.00%    passed     81.26%
  26  n286_287    0.00%    passed     84.52%
****  TOTAL       0.00%  0 sequences failed composition chi2 test (p-value<5%; df=3)
NOTE: 3 identical sequences (see below) will be ignored for subsequent analysis
NOTE: n300_301 (identical to n299_300) is ignored but added at the end
NOTE: n297_298 (identical to n298_299) is ignored but added at the end
NOTE: n292_293 (identical to n274_275) is ignored but added at the end

Create initial parsimony tree by phylogenetic likelihood library (PLL)... 0.001 seconds

NOTE: 0 MB RAM is required!
Estimate model parameters (epsilon = 0.100)
1. Initial log-likelihood: -2104.620
2. Current log-likelihood: -2061.066
3. Current log-likelihood: -2060.551
Optimal log-likelihood: -2060.508
Rate parameters:  A-C: 1.757  A-G: 2.137  A-T: 1.584  C-G: 2.444  C-T: 2.106  G-T: 1.000
Base frequencies:   A: 0.256  C: 0.282  G: 0.201  T: 0.261
Gamma shape alpha: 11.722
Parameters optimization took 3 rounds (0.020 sec)
--------------------------------------------------------------------
|             INITIALIZING CANDIDATE TREE SET                      |
--------------------------------------------------------------------
Computing ML distances based on estimated model parameters... 0.000 sec
Computing BIONJ tree...
0.000 seconds
Log-likelihood of BIONJ tree: -2060.508
Generating 99 parsimony trees... 0.076 seconds 3 distinct starting trees
Computing log-likelihood of 3 initial trees ... 0.003 seconds
Optimizing top 3 initial trees with NNI...
Iteration 1 / LogL: -2060.508 / Time: 0h:0m:0s
Estimate model parameters (epsilon = 0.100)
BETTER SCORE FOUND at iteration 1: -2060.475
Iteration 2 / LogL: -2060.479 / Time: 0h:0m:0s
Iteration 3 / LogL: -2060.479 / Time: 0h:0m:0s
Average CPU time for 1 NNI search: 0.005
Finish initializing candidate tree set. Number of distinct locally optimal trees: 3
Current best tree score: -2060.475 / CPU time: 0.092
--------------------------------------------------------------------
|               OPTIMIZING CANDIDATE TREE SET                      |
--------------------------------------------------------------------
Iteration 10 / LogL: -2060.485 / Time: 0h:0m:0s
Iteration 20 / LogL: -2060.487 / Time: 0h:0m:0s (0h:0m:1s left)
Iteration 30 / LogL: -2060.476 / Time: 0h:0m:0s (0h:0m:1s left)
Iteration 40 / LogL: -2060.477 / Time: 0h:0m:0s (0h:0m:0s left)
Iteration 50 / LogL: -2060.485 / Time: 0h:0m:0s (0h:0m:0s left)
Iteration 60 / LogL: -2060.477 / Time: 0h:0m:0s (0h:0m:0s left)
Iteration 70 / LogL: -2080.686 / Time: 0h:0m:1s (0h:0m:0s left)
Iteration 80 / LogL: -2060.476 / Time: 0h:0m:1s (0h:0m:0s left)
Iteration 90 / LogL: -2060.505 / Time: 0h:0m:1s (0h:0m:0s left)
Iteration 100 / LogL: -2060.477 / Time: 0h:0m:1s (0h:0m:0s left)
TREE SEARCH COMPLETED AFTER 101 ITERATIONS / Time: 0h:0m:1s

--------------------------------------------------------------------
|                    FINALIZING TREE SEARCH                        |
--------------------------------------------------------------------
Performs final model parameters optimization
Estimate model parameters (epsilon = 0.010)
1. Initial log-likelihood: -2060.475
2. Current log-likelihood: -2060.450
3. Current log-likelihood: -2060.430
4. Current log-likelihood: -2060.413
5. Current log-likelihood: -2060.399
6. Current log-likelihood: -2060.388
Optimal log-likelihood: -2060.379
Rate parameters:  A-C: 1.635  A-G: 1.987  A-T: 1.515  C-G: 2.274  C-T: 1.953  G-T: 1.000
Base frequencies:   A: 0.256  C: 0.282  G: 0.201  T: 0.261
Gamma shape alpha: 11.978
Parameters optimization took 6 rounds (0.023 sec)
BEST SCORE FOUND : -2060.379

Testing tree branches by SH-like aLRT with 1000 replicates...
CPU Time used:  0.112 sec.
Total tree length: 1.244

Total number of iterations: 101
CPU time used for tree search: 1.608 sec (0h:0m:1s)
Wall-clock time used for tree search: 1.616 sec (0h:0m:1s)
Total CPU time used: 1.772 sec (0h:0m:1s)
Total wall-clock time used: 1.785 sec (0h:0m:1s)

Analysis results written to: 
  IQ-TREE report:                ../simulations/data_D10T0L20I10T10//S/69_pruned.fasta.iqtree
  Maximum-likelihood tree:       ../simulations/data_D10T0L20I10T10//S/69_pruned.fasta.treefile
  Likelihood distances:          ../simulations/data_D10T0L20I10T10//S/69_pruned.fasta.mldist
  Screen log file:               ../simulations/data_D10T0L20I10T10//S/69_pruned.fasta.log

Date and Time: Fri Jun  1 11:01:27 2018
