IQ-TREE version 1.4.2 for Linux 64-bit built Apr 15 2016
Copyright (c) 2011-2015 Nguyen Lam Tung, Olga Chernomor, Arndt von Haeseler and Bui Quang Minh.

Host:    meduse (AVX2, FMA3, 7 GB RAM)
Command: iqtree -s ../simulations/data_D10T0L20I10T10//S/6_pruned.fasta -m GTR+G -alrt 1000 -redo
Seed:    659894 (Using SPRNG - Scalable Parallel Random Number Generator)
Time:    Sun Jun  3 23:21:44 2018
Kernel:  AVX

NOTE: Consider using the multicore version because your CPU has 4 cores!

Reading alignment file ../simulations/data_D10T0L20I10T10//S/6_pruned.fasta ... Fasta format detected
Alignment most likely contains DNA/RNA sequences
Alignment has 26 sequences with 300 columns and 299 patterns (294 informative sites)
          Gap/Ambiguity  Composition  p-value
   1  n277_278    0.00%    passed     28.00%
   2  n286_287    0.00%    passed     70.76%
   3  n296_297    0.00%    passed     63.54%
   4  n285_286    0.00%    passed     59.28%
   5  n289_290    0.00%    passed     73.99%
   6  n274_275    0.00%    passed     29.17%
   7  n255_256    0.00%    passed     61.68%
   8  n275_276    0.00%    passed     40.68%
   9  n278_279    0.00%    passed     16.80%
  10  n299_300    0.00%    passed     39.81%
  11  n236_237    0.00%    passed     21.12%
  12  n293_294    0.00%    passed     66.02%
  13  n290_291    0.00%    passed     62.80%
  14  n297_298    0.00%    passed     16.90%
  15  n200_201    0.00%    passed     90.90%
  16  n292_293    0.00%    passed     34.57%
  17  n280_281    0.00%    passed     55.12%
  18  n295_296    0.00%    passed     74.75%
  19  n287_288    0.00%    passed     65.56%
  20  n244_245    0.00%    passed     67.70%
  21  n265_266    0.00%    passed     66.24%
  22  n266_267    0.00%    passed     84.57%
  23  n294_295    0.00%    passed     70.73%
  24  n251_252    0.00%    passed     59.99%
  25  n298_299    0.00%    passed     19.01%
  26  n300_301    0.00%    passed     37.47%
****  TOTAL       0.00%  0 sequences failed composition chi2 test (p-value<5%; df=3)

Create initial parsimony tree by phylogenetic likelihood library (PLL)... 0.001 seconds

NOTE: 1 MB RAM is required!
Estimate model parameters (epsilon = 0.100)
1. Initial log-likelihood: -5252.825
2. Current log-likelihood: -5168.856
3. Current log-likelihood: -5151.372
4. Current log-likelihood: -5146.972
5. Current log-likelihood: -5145.802
6. Current log-likelihood: -5145.457
Optimal log-likelihood: -5145.351
Rate parameters:  A-C: 0.987  A-G: 1.237  A-T: 0.729  C-G: 0.858  C-T: 1.139  G-T: 1.000
Base frequencies:   A: 0.254  C: 0.272  G: 0.246  T: 0.228
Gamma shape alpha: 4.585
Parameters optimization took 6 rounds (0.072 sec)
--------------------------------------------------------------------
|             INITIALIZING CANDIDATE TREE SET                      |
--------------------------------------------------------------------
Computing ML distances based on estimated model parameters... 0.004 sec
WARNING: Some pairwise ML distances are too long (saturated)
Computing BIONJ tree...
0.001 seconds
Log-likelihood of BIONJ tree: -5142.958
Generating 98 parsimony trees... 0.131 seconds 3 distinct starting trees
Computing log-likelihood of 3 initial trees ... 0.003 seconds
Optimizing top 3 initial trees with NNI...
Iteration 1 / LogL: -5142.812 / Time: 0h:0m:0s
Estimate model parameters (epsilon = 0.100)
BETTER TREE FOUND at iteration 1: -5142.487
Iteration 2 / LogL: -5142.664 / Time: 0h:0m:0s
Iteration 3 / LogL: -5143.293 / Time: 0h:0m:0s
Average CPU time for 1 NNI search: 0.020
Finish initializing candidate tree set. Number of distinct locally optimal trees: 2
Current best tree score: -5142.487 / CPU time: 0.196
--------------------------------------------------------------------
|               OPTIMIZING CANDIDATE TREE SET                      |
--------------------------------------------------------------------
Estimate model parameters (epsilon = 0.010)
UPDATE BEST LOG-LIKELIHOOD: -5142.377
Iteration 10 / LogL: -5142.959 / Time: 0h:0m:0s
Iteration 20 / LogL: -5142.559 / Time: 0h:0m:1s (0h:0m:4s left)
Iteration 30 / LogL: -5150.824 / Time: 0h:0m:1s (0h:0m:3s left)
Iteration 40 / LogL: -5142.591 / Time: 0h:0m:1s (0h:0m:2s left)
Iteration 50 / LogL: -5142.823 / Time: 0h:0m:2s (0h:0m:2s left)
Iteration 60 / LogL: -5142.968 / Time: 0h:0m:2s (0h:0m:1s left)
Iteration 70 / LogL: -5142.937 / Time: 0h:0m:2s (0h:0m:1s left)
Iteration 80 / LogL: -5142.447 / Time: 0h:0m:3s (0h:0m:0s left)
Iteration 90 / LogL: -5142.485 / Time: 0h:0m:3s (0h:0m:0s left)
Iteration 100 / LogL: -5142.387 / Time: 0h:0m:3s (0h:0m:0s left)
TREE SEARCH COMPLETED AFTER 101 ITERATIONS / Time: 0h:0m:3s

--------------------------------------------------------------------
|                    FINALIZING TREE SEARCH                        |
--------------------------------------------------------------------
Performs final model parameters optimization
Estimate model parameters (epsilon = 0.010)
1. Initial log-likelihood: -5142.375
Optimal log-likelihood: -5142.372
Rate parameters:  A-C: 1.010  A-G: 1.258  A-T: 0.719  C-G: 0.852  C-T: 1.167  G-T: 1.000
Base frequencies:   A: 0.254  C: 0.272  G: 0.246  T: 0.228
Gamma shape alpha: 4.667
Parameters optimization took 1 rounds (0.007 sec)
BEST SCORE FOUND : -5142.372

Testing tree branches by SH-like aLRT with 1000 replicates...
CPU Time used:  0.120 sec.
Total tree length: 8.749

Total number of iterations: 101
CPU time used for tree search: 3.852 sec (0h:0m:3s)
Wall-clock time used for tree search: 3.852 sec (0h:0m:3s)
Total CPU time used: 4.080 sec (0h:0m:4s)
Total wall-clock time used: 4.090 sec (0h:0m:4s)

Analysis results written to: 
  IQ-TREE report:                ../simulations/data_D10T0L20I10T10//S/6_pruned.fasta.iqtree
  Maximum-likelihood tree:       ../simulations/data_D10T0L20I10T10//S/6_pruned.fasta.treefile
  Likelihood distances:          ../simulations/data_D10T0L20I10T10//S/6_pruned.fasta.mldist
  Screen log file:               ../simulations/data_D10T0L20I10T10//S/6_pruned.fasta.log

Date and Time: Sun Jun  3 23:21:48 2018
