IQ-TREE version 1.4.2 for Linux 64-bit built Apr 15 2016
Copyright (c) 2011-2015 Nguyen Lam Tung, Olga Chernomor, Arndt von Haeseler and Bui Quang Minh.

Host:    meduse (AVX2, FMA3, 7 GB RAM)
Command: iqtree -s ../simulations/data_D10T0L20I10T10//S/700_pruned.fasta -m GTR+G -alrt 1000 -redo
Seed:    387394 (Using SPRNG - Scalable Parallel Random Number Generator)
Time:    Mon Jun  4 00:12:33 2018
Kernel:  AVX

NOTE: Consider using the multicore version because your CPU has 4 cores!

Reading alignment file ../simulations/data_D10T0L20I10T10//S/700_pruned.fasta ... Fasta format detected
Alignment most likely contains DNA/RNA sequences
Alignment has 26 sequences with 300 columns and 299 patterns (292 informative sites)
          Gap/Ambiguity  Composition  p-value
   1  n277_278    0.00%    passed     18.57%
   2  n286_287    0.00%    passed     78.98%
   3  n296_297    0.00%    passed     99.56%
   4  n285_286    0.00%    passed     73.28%
   5  n289_290    0.00%    passed     92.34%
   6  n274_275    0.00%    passed     67.19%
   7  n255_256    0.00%    passed     65.52%
   8  n275_276    0.00%    passed     74.95%
   9  n278_279    0.00%    passed     19.82%
  10  n299_300    0.00%    passed     29.30%
  11  n236_237    0.00%    passed     57.33%
  12  n293_294    0.00%    passed     89.58%
  13  n290_291    0.00%    passed     68.25%
  14  n297_298    0.00%    passed     99.05%
  15  n200_201    0.00%    passed     15.77%
  16  n292_293    0.00%    passed     27.00%
  17  n280_281    0.00%    passed     28.57%
  18  n295_296    0.00%    passed     76.11%
  19  n287_288    0.00%    passed     86.84%
  20  n244_245    0.00%    passed     85.65%
  21  n265_266    0.00%    passed     33.24%
  22  n266_267    0.00%    passed     33.96%
  23  n294_295    0.00%    passed     94.88%
  24  n251_252    0.00%    passed      9.11%
  25  n298_299    0.00%    passed     99.49%
  26  n300_301    0.00%    passed     44.36%
****  TOTAL       0.00%  0 sequences failed composition chi2 test (p-value<5%; df=3)

Create initial parsimony tree by phylogenetic likelihood library (PLL)... 0.002 seconds

NOTE: 1 MB RAM is required!
Estimate model parameters (epsilon = 0.100)
1. Initial log-likelihood: -5413.310
2. Current log-likelihood: -5326.624
3. Current log-likelihood: -5316.094
4. Current log-likelihood: -5313.253
5. Current log-likelihood: -5312.285
6. Current log-likelihood: -5311.813
Optimal log-likelihood: -5311.660
Rate parameters:  A-C: 1.174  A-G: 1.197  A-T: 1.046  C-G: 1.146  C-T: 1.277  G-T: 1.000
Base frequencies:   A: 0.248  C: 0.262  G: 0.235  T: 0.255
Gamma shape alpha: 2.725
Parameters optimization took 6 rounds (0.076 sec)
--------------------------------------------------------------------
|             INITIALIZING CANDIDATE TREE SET                      |
--------------------------------------------------------------------
Computing ML distances based on estimated model parameters... 0.004 sec
WARNING: Some pairwise ML distances are too long (saturated)
Computing BIONJ tree...
0.000 seconds
Log-likelihood of BIONJ tree: -5307.615
Generating 98 parsimony trees... 0.153 seconds 9 distinct starting trees
Computing log-likelihood of 9 initial trees ... 0.024 seconds
Optimizing top 9 initial trees with NNI...
Iteration 1 / LogL: -5306.837 / Time: 0h:0m:0s
Estimate model parameters (epsilon = 0.100)
BETTER TREE FOUND at iteration 1: -5306.428
Iteration 2 / LogL: -5310.488 / Time: 0h:0m:0s
Iteration 3 / LogL: -5307.007 / Time: 0h:0m:0s
Iteration 4 / LogL: -5306.974 / Time: 0h:0m:0s
Iteration 5 / LogL: -5307.006 / Time: 0h:0m:0s
Iteration 6 / LogL: -5311.314 / Time: 0h:0m:0s
Iteration 7 / LogL: -5306.973 / Time: 0h:0m:0s
Iteration 8 / LogL: -5311.324 / Time: 0h:0m:0s
Iteration 9 / LogL: -5311.315 / Time: 0h:0m:0s
Average CPU time for 1 NNI search: 0.020
Finish initializing candidate tree set. Number of distinct locally optimal trees: 3
Current best tree score: -5306.428 / CPU time: 0.352
--------------------------------------------------------------------
|               OPTIMIZING CANDIDATE TREE SET                      |
--------------------------------------------------------------------
Iteration 10 / LogL: -5307.236 / Time: 0h:0m:0s
Estimate model parameters (epsilon = 0.010)
UPDATE BEST LOG-LIKELIHOOD: -5305.944
Iteration 20 / LogL: -5307.230 / Time: 0h:0m:0s (0h:0m:3s left)
Iteration 30 / LogL: -5306.069 / Time: 0h:0m:1s (0h:0m:3s left)
Iteration 40 / LogL: -5318.203 / Time: 0h:0m:1s (0h:0m:2s left)
Iteration 50 / LogL: -5308.185 / Time: 0h:0m:2s (0h:0m:2s left)
Estimate model parameters (epsilon = 0.010)
UPDATE BEST LOG-LIKELIHOOD: -5305.919
Iteration 60 / LogL: -5307.642 / Time: 0h:0m:2s (0h:0m:1s left)
Iteration 70 / LogL: -5308.800 / Time: 0h:0m:2s (0h:0m:1s left)
Iteration 80 / LogL: -5308.891 / Time: 0h:0m:3s (0h:0m:0s left)
Iteration 90 / LogL: -5306.215 / Time: 0h:0m:3s (0h:0m:0s left)
Iteration 100 / LogL: -5315.631 / Time: 0h:0m:3s (0h:0m:0s left)
TREE SEARCH COMPLETED AFTER 101 ITERATIONS / Time: 0h:0m:3s

--------------------------------------------------------------------
|                    FINALIZING TREE SEARCH                        |
--------------------------------------------------------------------
Performs final model parameters optimization
Estimate model parameters (epsilon = 0.010)
1. Initial log-likelihood: -5305.919
Optimal log-likelihood: -5305.916
Rate parameters:  A-C: 1.189  A-G: 1.186  A-T: 1.054  C-G: 1.186  C-T: 1.263  G-T: 1.000
Base frequencies:   A: 0.248  C: 0.262  G: 0.235  T: 0.255
Gamma shape alpha: 2.872
Parameters optimization took 1 rounds (0.009 sec)
BEST SCORE FOUND : -5305.916

Testing tree branches by SH-like aLRT with 1000 replicates...
CPU Time used:  0.128 sec.
Total tree length: 10.285

Total number of iterations: 101
CPU time used for tree search: 3.696 sec (0h:0m:3s)
Wall-clock time used for tree search: 3.699 sec (0h:0m:3s)
Total CPU time used: 3.936 sec (0h:0m:3s)
Total wall-clock time used: 3.941 sec (0h:0m:3s)

Analysis results written to: 
  IQ-TREE report:                ../simulations/data_D10T0L20I10T10//S/700_pruned.fasta.iqtree
  Maximum-likelihood tree:       ../simulations/data_D10T0L20I10T10//S/700_pruned.fasta.treefile
  Likelihood distances:          ../simulations/data_D10T0L20I10T10//S/700_pruned.fasta.mldist
  Screen log file:               ../simulations/data_D10T0L20I10T10//S/700_pruned.fasta.log

Date and Time: Mon Jun  4 00:12:37 2018
