IQ-TREE version 1.4.2 for Linux 64-bit built Apr 15 2016
Copyright (c) 2011-2015 Nguyen Lam Tung, Olga Chernomor, Arndt von Haeseler and Bui Quang Minh.

Host:    meduse (AVX2, FMA3, 7 GB RAM)
Command: iqtree -s ../simulations/data_D10T0L20I10T10//S/701_pruned.fasta -m GTR+G -alrt 1000 -redo
Seed:    269925 (Using SPRNG - Scalable Parallel Random Number Generator)
Time:    Sun Jun  3 23:11:26 2018
Kernel:  AVX

NOTE: Consider using the multicore version because your CPU has 4 cores!

Reading alignment file ../simulations/data_D10T0L20I10T10//S/701_pruned.fasta ... Fasta format detected
Alignment most likely contains DNA/RNA sequences
Alignment has 26 sequences with 300 columns and 300 patterns (291 informative sites)
          Gap/Ambiguity  Composition  p-value
   1  n277_278    0.00%    passed     54.95%
   2  n286_287    0.00%    passed     45.14%
   3  n296_297    0.00%    passed     85.95%
   4  n285_286    0.00%    passed     45.07%
   5  n289_290    0.00%    passed     28.34%
   6  n274_275    0.00%    passed     30.80%
   7  n255_256    0.00%    passed     47.50%
   8  n275_276    0.00%    passed     26.59%
   9  n278_279    0.00%    passed     15.21%
  10  n299_300    0.00%    passed     30.48%
  11  n236_237    0.00%    passed     41.22%
  12  n293_294    0.00%    passed     14.13%
  13  n290_291    0.00%    passed     32.41%
  14  n297_298    0.00%    passed     26.16%
  15  n200_201    0.00%    passed     86.70%
  16  n292_293    0.00%    passed     37.78%
  17  n280_281    0.00%    passed     18.84%
  18  n295_296    0.00%    passed     70.82%
  19  n287_288    0.00%    passed     42.33%
  20  n244_245    0.00%    passed     83.87%
  21  n265_266    0.00%    passed     58.25%
  22  n266_267    0.00%    passed     63.01%
  23  n294_295    0.00%    passed     38.56%
  24  n251_252    0.00%    passed     24.09%
  25  n298_299    0.00%    passed     14.55%
  26  n300_301    0.00%    passed     41.28%
****  TOTAL       0.00%  0 sequences failed composition chi2 test (p-value<5%; df=3)

Create initial parsimony tree by phylogenetic likelihood library (PLL)... 0.001 seconds

NOTE: 1 MB RAM is required!
Estimate model parameters (epsilon = 0.100)
1. Initial log-likelihood: -5257.391
2. Current log-likelihood: -5163.763
3. Current log-likelihood: -5145.321
4. Current log-likelihood: -5143.040
5. Current log-likelihood: -5142.497
6. Current log-likelihood: -5142.318
Optimal log-likelihood: -5142.222
Rate parameters:  A-C: 1.607  A-G: 1.456  A-T: 0.954  C-G: 1.406  C-T: 1.793  G-T: 1.000
Base frequencies:   A: 0.229  C: 0.251  G: 0.271  T: 0.250
Gamma shape alpha: 5.303
Parameters optimization took 6 rounds (0.069 sec)
--------------------------------------------------------------------
|             INITIALIZING CANDIDATE TREE SET                      |
--------------------------------------------------------------------
Computing ML distances based on estimated model parameters... 0.004 sec
WARNING: Some pairwise ML distances are too long (saturated)
Computing BIONJ tree...
0.000 seconds
Log-likelihood of BIONJ tree: -5148.614
Generating 98 parsimony trees... 0.137 seconds 8 distinct starting trees
Computing log-likelihood of 8 initial trees ... 0.019 seconds
Optimizing top 8 initial trees with NNI...
Iteration 1 / LogL: -5140.977 / Time: 0h:0m:0s
Estimate model parameters (epsilon = 0.100)
BETTER TREE FOUND at iteration 1: -5140.878
Iteration 2 / LogL: -5140.911 / Time: 0h:0m:0s
Iteration 3 / LogL: -5140.911 / Time: 0h:0m:0s
Iteration 4 / LogL: -5141.056 / Time: 0h:0m:0s
Iteration 5 / LogL: -5140.985 / Time: 0h:0m:0s
Iteration 6 / LogL: -5140.985 / Time: 0h:0m:0s
Iteration 7 / LogL: -5145.177 / Time: 0h:0m:0s
Iteration 8 / LogL: -5141.048 / Time: 0h:0m:0s
Average CPU time for 1 NNI search: 0.015
Finish initializing candidate tree set. Number of distinct locally optimal trees: 3
Current best tree score: -5140.878 / CPU time: 0.276
--------------------------------------------------------------------
|               OPTIMIZING CANDIDATE TREE SET                      |
--------------------------------------------------------------------
Iteration 10 / LogL: -5140.875 / Time: 0h:0m:0s
Iteration 20 / LogL: -5141.136 / Time: 0h:0m:0s (0h:0m:3s left)
Iteration 30 / LogL: -5142.159 / Time: 0h:0m:1s (0h:0m:2s left)
Iteration 40 / LogL: -5140.921 / Time: 0h:0m:1s (0h:0m:2s left)
Iteration 50 / LogL: -5140.924 / Time: 0h:0m:1s (0h:0m:1s left)
Iteration 60 / LogL: -5140.964 / Time: 0h:0m:2s (0h:0m:1s left)
Iteration 70 / LogL: -5142.129 / Time: 0h:0m:2s (0h:0m:1s left)
Iteration 80 / LogL: -5142.402 / Time: 0h:0m:2s (0h:0m:0s left)
Iteration 90 / LogL: -5144.041 / Time: 0h:0m:3s (0h:0m:0s left)
Iteration 100 / LogL: -5143.031 / Time: 0h:0m:3s (0h:0m:0s left)
TREE SEARCH COMPLETED AFTER 101 ITERATIONS / Time: 0h:0m:3s

--------------------------------------------------------------------
|                    FINALIZING TREE SEARCH                        |
--------------------------------------------------------------------
Performs final model parameters optimization
Estimate model parameters (epsilon = 0.010)
1. Initial log-likelihood: -5140.875
2. Current log-likelihood: -5140.817
3. Current log-likelihood: -5140.790
4. Current log-likelihood: -5140.773
5. Current log-likelihood: -5140.761
Optimal log-likelihood: -5140.754
Rate parameters:  A-C: 1.541  A-G: 1.386  A-T: 0.931  C-G: 1.345  C-T: 1.690  G-T: 1.000
Base frequencies:   A: 0.229  C: 0.251  G: 0.271  T: 0.250
Gamma shape alpha: 5.341
Parameters optimization took 5 rounds (0.034 sec)
BEST SCORE FOUND : -5140.754

Testing tree branches by SH-like aLRT with 1000 replicates...
CPU Time used:  0.124 sec.
Total tree length: 8.182

Total number of iterations: 101
CPU time used for tree search: 3.432 sec (0h:0m:3s)
Wall-clock time used for tree search: 3.437 sec (0h:0m:3s)
Total CPU time used: 3.692 sec (0h:0m:3s)
Total wall-clock time used: 3.697 sec (0h:0m:3s)

Analysis results written to: 
  IQ-TREE report:                ../simulations/data_D10T0L20I10T10//S/701_pruned.fasta.iqtree
  Maximum-likelihood tree:       ../simulations/data_D10T0L20I10T10//S/701_pruned.fasta.treefile
  Likelihood distances:          ../simulations/data_D10T0L20I10T10//S/701_pruned.fasta.mldist
  Screen log file:               ../simulations/data_D10T0L20I10T10//S/701_pruned.fasta.log

Date and Time: Sun Jun  3 23:11:29 2018
