IQ-TREE version 1.4.2 for Linux 64-bit built Apr 15 2016
Copyright (c) 2011-2015 Nguyen Lam Tung, Olga Chernomor, Arndt von Haeseler and Bui Quang Minh.

Host:    meduse (AVX2, FMA3, 7 GB RAM)
Command: iqtree -s ../simulations/data_D10T0L20I10T10//S/70_pruned.fasta -m GTR+G -alrt 1000 -redo
Seed:    910457 (Using SPRNG - Scalable Parallel Random Number Generator)
Time:    Mon Jun  4 00:02:03 2018
Kernel:  AVX

NOTE: Consider using the multicore version because your CPU has 4 cores!

Reading alignment file ../simulations/data_D10T0L20I10T10//S/70_pruned.fasta ... Fasta format detected
Alignment most likely contains DNA/RNA sequences
Alignment has 26 sequences with 300 columns and 300 patterns (296 informative sites)
          Gap/Ambiguity  Composition  p-value
   1  n285_288    0.00%    passed     51.94%
   2  n278_281    0.00%    passed     36.65%
   3  n297_300    0.00%    passed     62.69%
   4  n251_254    0.00%    passed      7.72%
   5  n280_283    0.00%    passed     21.29%
   6  n287_290    0.00%    passed     51.23%
   7  n294_297    0.00%    passed     76.77%
   8  n275_278    0.00%    passed     89.50%
   9  n289_292    0.00%    passed     64.58%
  10  n274_277    0.00%    passed     36.81%
  11  n265_268    0.00%    passed     92.43%
  12  n298_301    0.00%    passed     77.56%
  13  n266_269    0.00%    passed     92.12%
  14  n277_280    0.00%    passed     66.34%
  15  n236_237    0.00%    passed     10.71%
  16  n295_298    0.00%    passed     62.05%
  17  n255_258    0.00%    passed     34.97%
  18  n200_201    0.00%    passed     73.61%
  19  n296_299    0.00%    passed     63.22%
  20  n293_296    0.00%    passed     84.57%
  21  n292_295    0.00%    passed     59.85%
  22  n300_303    0.00%    passed     43.12%
  23  n286_289    0.00%    passed     67.47%
  24  n299_302    0.00%    passed     46.04%
  25  n290_293    0.00%    passed     50.85%
  26  n244_247    0.00%    passed     20.41%
****  TOTAL       0.00%  0 sequences failed composition chi2 test (p-value<5%; df=3)

Create initial parsimony tree by phylogenetic likelihood library (PLL)... 0.002 seconds

NOTE: 1 MB RAM is required!
Estimate model parameters (epsilon = 0.100)
1. Initial log-likelihood: -5316.814
2. Current log-likelihood: -5227.543
3. Current log-likelihood: -5210.607
4. Current log-likelihood: -5207.952
5. Current log-likelihood: -5207.488
Optimal log-likelihood: -5207.370
Rate parameters:  A-C: 1.031  A-G: 1.125  A-T: 1.059  C-G: 0.964  C-T: 1.314  G-T: 1.000
Base frequencies:   A: 0.249  C: 0.268  G: 0.242  T: 0.241
Gamma shape alpha: 4.649
Parameters optimization took 5 rounds (0.060 sec)
--------------------------------------------------------------------
|             INITIALIZING CANDIDATE TREE SET                      |
--------------------------------------------------------------------
Computing ML distances based on estimated model parameters... 0.004 sec
WARNING: Some pairwise ML distances are too long (saturated)
Computing BIONJ tree...
0.000 seconds
Log-likelihood of BIONJ tree: -5222.258
Generating 98 parsimony trees... 0.158 seconds 3 distinct starting trees
Computing log-likelihood of 3 initial trees ... 0.003 seconds
Optimizing top 3 initial trees with NNI...
Iteration 1 / LogL: -5206.913 / Time: 0h:0m:0s
Estimate model parameters (epsilon = 0.100)
BETTER TREE FOUND at iteration 1: -5206.664
Iteration 2 / LogL: -5207.063 / Time: 0h:0m:0s
Iteration 3 / LogL: -5206.600 / Time: 0h:0m:0s
Estimate model parameters (epsilon = 0.100)
BETTER SCORE FOUND at iteration 3: -5206.548
Average CPU time for 1 NNI search: 0.021
Finish initializing candidate tree set. Number of distinct locally optimal trees: 1
Current best tree score: -5206.548 / CPU time: 0.224
--------------------------------------------------------------------
|               OPTIMIZING CANDIDATE TREE SET                      |
--------------------------------------------------------------------
Iteration 10 / LogL: -5206.978 / Time: 0h:0m:0s
Iteration 20 / LogL: -5679.449 / Time: 0h:0m:0s (0h:0m:3s left)
Iteration 30 / LogL: -5207.075 / Time: 0h:0m:1s (0h:0m:2s left)
Iteration 40 / LogL: -5222.053 / Time: 0h:0m:1s (0h:0m:2s left)
Iteration 50 / LogL: -5207.104 / Time: 0h:0m:1s (0h:0m:1s left)
Iteration 60 / LogL: -5217.315 / Time: 0h:0m:2s (0h:0m:1s left)
Iteration 70 / LogL: -5211.805 / Time: 0h:0m:2s (0h:0m:1s left)
Iteration 80 / LogL: -5218.906 / Time: 0h:0m:2s (0h:0m:0s left)
Iteration 90 / LogL: -5206.561 / Time: 0h:0m:2s (0h:0m:0s left)
Iteration 100 / LogL: -5214.517 / Time: 0h:0m:3s (0h:0m:0s left)
TREE SEARCH COMPLETED AFTER 101 ITERATIONS / Time: 0h:0m:3s

--------------------------------------------------------------------
|                    FINALIZING TREE SEARCH                        |
--------------------------------------------------------------------
Performs final model parameters optimization
Estimate model parameters (epsilon = 0.010)
1. Initial log-likelihood: -5206.548
Optimal log-likelihood: -5206.546
Rate parameters:  A-C: 1.032  A-G: 1.146  A-T: 1.054  C-G: 0.969  C-T: 1.313  G-T: 1.000
Base frequencies:   A: 0.249  C: 0.268  G: 0.242  T: 0.241
Gamma shape alpha: 4.863
Parameters optimization took 1 rounds (0.009 sec)
BEST SCORE FOUND : -5206.546

Testing tree branches by SH-like aLRT with 1000 replicates...
CPU Time used:  0.120 sec.
Total tree length: 8.453

Total number of iterations: 101
CPU time used for tree search: 3.168 sec (0h:0m:3s)
Wall-clock time used for tree search: 3.171 sec (0h:0m:3s)
Total CPU time used: 3.400 sec (0h:0m:3s)
Total wall-clock time used: 3.403 sec (0h:0m:3s)

Analysis results written to: 
  IQ-TREE report:                ../simulations/data_D10T0L20I10T10//S/70_pruned.fasta.iqtree
  Maximum-likelihood tree:       ../simulations/data_D10T0L20I10T10//S/70_pruned.fasta.treefile
  Likelihood distances:          ../simulations/data_D10T0L20I10T10//S/70_pruned.fasta.mldist
  Screen log file:               ../simulations/data_D10T0L20I10T10//S/70_pruned.fasta.log

Date and Time: Mon Jun  4 00:02:07 2018
