IQ-TREE version 1.4.2 for Linux 64-bit built Apr 15 2016
Copyright (c) 2011-2015 Nguyen Lam Tung, Olga Chernomor, Arndt von Haeseler and Bui Quang Minh.

Host:    meduse (AVX2, FMA3, 7 GB RAM)
Command: iqtree -s ../simulations/data_D10T0L20I10T10//S/711_pruned.fasta -m GTR+G -alrt 1000 -redo
Seed:    845970 (Using SPRNG - Scalable Parallel Random Number Generator)
Time:    Fri Jun  1 11:03:59 2018
Kernel:  AVX

NOTE: Consider using the multicore version because your CPU has 4 cores!

Reading alignment file ../simulations/data_D10T0L20I10T10//S/711_pruned.fasta ... Fasta format detected
Alignment most likely contains DNA/RNA sequences
Alignment has 26 sequences with 300 columns and 183 patterns (159 informative sites)
          Gap/Ambiguity  Composition  p-value
   1  n289_290    0.00%    passed     92.12%
   2  n294_295    0.00%    passed     98.24%
   3  n295_296    0.00%    passed     95.73%
   4  n266_267    0.00%    passed     88.81%
   5  n299_300    0.00%    passed     95.76%
   6  n298_299    0.00%    passed     90.80%
   7  n290_291    0.00%    passed     98.11%
   8  n274_275    0.00%    passed     98.37%
   9  n251_252    0.00%    passed     28.24%
  10  n293_294    0.00%    passed     96.54%
  11  n265_266    0.00%    passed     83.82%
  12  n296_297    0.00%    passed     93.18%
  13  n300_301    0.00%    passed     98.87%
  14  n244_245    0.00%    passed     56.69%
  15  n278_279    0.00%    passed     88.14%
  16  n287_288    0.00%    passed     87.70%
  17  n200_201    0.00%    passed     35.83%
  18  n277_278    0.00%    passed     87.28%
  19  n297_298    0.00%    passed     95.42%
  20  n236_237    0.00%    passed     81.88%
  21  n280_281    0.00%    passed     94.19%
  22  n285_286    0.00%    passed     82.92%
  23  n275_276    0.00%    passed     94.91%
  24  n255_256    0.00%    passed     25.22%
  25  n292_293    0.00%    passed     97.84%
  26  n286_287    0.00%    passed     93.04%
****  TOTAL       0.00%  0 sequences failed composition chi2 test (p-value<5%; df=3)

Create initial parsimony tree by phylogenetic likelihood library (PLL)... 0.001 seconds

NOTE: 0 MB RAM is required!
Estimate model parameters (epsilon = 0.100)
1. Initial log-likelihood: -2127.433
2. Current log-likelihood: -2076.377
3. Current log-likelihood: -2075.733
Optimal log-likelihood: -2075.722
Rate parameters:  A-C: 0.958  A-G: 0.945  A-T: 1.218  C-G: 1.015  C-T: 1.500  G-T: 1.000
Base frequencies:   A: 0.254  C: 0.209  G: 0.304  T: 0.233
Gamma shape alpha: 7.255
Parameters optimization took 3 rounds (0.027 sec)
--------------------------------------------------------------------
|             INITIALIZING CANDIDATE TREE SET                      |
--------------------------------------------------------------------
Computing ML distances based on estimated model parameters... 0.000 sec
Computing BIONJ tree...
0.000 seconds
Log-likelihood of BIONJ tree: -2078.190
Generating 98 parsimony trees... 0.115 seconds 50 distinct starting trees
Computing log-likelihood of 50 initial trees ... 0.102 seconds
Optimizing top 20 initial trees with NNI...
Iteration 1 / LogL: -2075.722 / Time: 0h:0m:0s
Estimate model parameters (epsilon = 0.100)
BETTER SCORE FOUND at iteration 1: -2075.719
Iteration 2 / LogL: -2075.722 / Time: 0h:0m:0s
Iteration 3 / LogL: -2075.722 / Time: 0h:0m:0s
Iteration 4 / LogL: -2075.722 / Time: 0h:0m:0s
Iteration 5 / LogL: -2075.722 / Time: 0h:0m:0s
Iteration 6 / LogL: -2075.722 / Time: 0h:0m:0s
Iteration 7 / LogL: -2075.722 / Time: 0h:0m:0s
Iteration 8 / LogL: -2075.722 / Time: 0h:0m:0s
Iteration 9 / LogL: -2075.722 / Time: 0h:0m:0s
Iteration 10 / LogL: -2075.722 / Time: 0h:0m:0s
Iteration 11 / LogL: -2075.722 / Time: 0h:0m:0s
Iteration 12 / LogL: -2075.722 / Time: 0h:0m:0s
Iteration 13 / LogL: -2075.722 / Time: 0h:0m:0s
Iteration 14 / LogL: -2075.722 / Time: 0h:0m:0s
Iteration 15 / LogL: -2075.722 / Time: 0h:0m:0s
Iteration 16 / LogL: -2075.722 / Time: 0h:0m:0s
Iteration 17 / LogL: -2075.722 / Time: 0h:0m:0s
Iteration 18 / LogL: -2075.722 / Time: 0h:0m:0s
Iteration 19 / LogL: -2075.722 / Time: 0h:0m:0s
Iteration 20 / LogL: -2075.722 / Time: 0h:0m:0s
Average CPU time for 1 NNI search: 0.005
Finish initializing candidate tree set. Number of distinct locally optimal trees: 20
Current best tree score: -2075.719 / CPU time: 0.308
--------------------------------------------------------------------
|               OPTIMIZING CANDIDATE TREE SET                      |
--------------------------------------------------------------------
Iteration 30 / LogL: -2075.765 / Time: 0h:0m:0s (0h:0m:1s left)
Iteration 40 / LogL: -2102.165 / Time: 0h:0m:0s (0h:0m:0s left)
Iteration 50 / LogL: -2075.727 / Time: 0h:0m:0s (0h:0m:0s left)
Iteration 60 / LogL: -2075.751 / Time: 0h:0m:0s (0h:0m:0s left)
Iteration 70 / LogL: -2075.720 / Time: 0h:0m:1s (0h:0m:0s left)
Iteration 80 / LogL: -2520.141 / Time: 0h:0m:1s (0h:0m:0s left)
Iteration 90 / LogL: -2075.733 / Time: 0h:0m:1s (0h:0m:0s left)
Iteration 100 / LogL: -2075.719 / Time: 0h:0m:1s (0h:0m:0s left)
TREE SEARCH COMPLETED AFTER 101 ITERATIONS / Time: 0h:0m:1s

--------------------------------------------------------------------
|                    FINALIZING TREE SEARCH                        |
--------------------------------------------------------------------
Performs final model parameters optimization
Estimate model parameters (epsilon = 0.010)
1. Initial log-likelihood: -2075.719
Optimal log-likelihood: -2075.719
Rate parameters:  A-C: 0.962  A-G: 0.951  A-T: 1.225  C-G: 1.019  C-T: 1.501  G-T: 1.000
Base frequencies:   A: 0.254  C: 0.209  G: 0.304  T: 0.233
Gamma shape alpha: 7.271
Parameters optimization took 1 rounds (0.004 sec)
BEST SCORE FOUND : -2075.719

Testing tree branches by SH-like aLRT with 1000 replicates...
CPU Time used:  0.116 sec.
Total tree length: 1.284

Total number of iterations: 101
CPU time used for tree search: 1.508 sec (0h:0m:1s)
Wall-clock time used for tree search: 1.513 sec (0h:0m:1s)
Total CPU time used: 1.668 sec (0h:0m:1s)
Total wall-clock time used: 1.671 sec (0h:0m:1s)

Analysis results written to: 
  IQ-TREE report:                ../simulations/data_D10T0L20I10T10//S/711_pruned.fasta.iqtree
  Maximum-likelihood tree:       ../simulations/data_D10T0L20I10T10//S/711_pruned.fasta.treefile
  Likelihood distances:          ../simulations/data_D10T0L20I10T10//S/711_pruned.fasta.mldist
  Screen log file:               ../simulations/data_D10T0L20I10T10//S/711_pruned.fasta.log

Date and Time: Fri Jun  1 11:04:01 2018
