IQ-TREE version 1.4.2 for Linux 64-bit built Apr 15 2016
Copyright (c) 2011-2015 Nguyen Lam Tung, Olga Chernomor, Arndt von Haeseler and Bui Quang Minh.

Host:    meduse (AVX2, FMA3, 7 GB RAM)
Command: iqtree -s ../simulations/data_D10T0L20I10T10//S/718_pruned.fasta -m GTR+G -alrt 1000 -redo
Seed:    717538 (Using SPRNG - Scalable Parallel Random Number Generator)
Time:    Fri Jun  1 10:47:05 2018
Kernel:  AVX

NOTE: Consider using the multicore version because your CPU has 4 cores!

Reading alignment file ../simulations/data_D10T0L20I10T10//S/718_pruned.fasta ... Fasta format detected
Alignment most likely contains DNA/RNA sequences
Alignment has 26 sequences with 300 columns and 187 patterns (163 informative sites)
          Gap/Ambiguity  Composition  p-value
   1  n289_290    0.00%    passed     88.46%
   2  n294_295    0.00%    passed     82.72%
   3  n295_296    0.00%    passed     92.00%
   4  n266_267    0.00%    passed     90.10%
   5  n299_300    0.00%    passed     72.79%
   6  n298_299    0.00%    passed     93.85%
   7  n290_291    0.00%    passed     93.62%
   8  n274_275    0.00%    passed     69.23%
   9  n251_252    0.00%    passed     52.58%
  10  n293_294    0.00%    passed     90.84%
  11  n265_266    0.00%    passed     93.17%
  12  n296_297    0.00%    passed     88.75%
  13  n300_301    0.00%    passed     74.73%
  14  n244_245    0.00%    passed     41.36%
  15  n278_279    0.00%    passed     87.91%
  16  n287_288    0.00%    passed     97.90%
  17  n200_201    0.00%    passed     92.77%
  18  n277_278    0.00%    passed     91.87%
  19  n297_298    0.00%    passed     88.89%
  20  n236_237    0.00%    passed     98.46%
  21  n280_281    0.00%    passed     61.71%
  22  n285_286    0.00%    passed     89.80%
  23  n275_276    0.00%    passed     89.38%
  24  n255_256    0.00%    passed     77.70%
  25  n292_293    0.00%    passed     68.04%
  26  n286_287    0.00%    passed     93.15%
****  TOTAL       0.00%  0 sequences failed composition chi2 test (p-value<5%; df=3)

Create initial parsimony tree by phylogenetic likelihood library (PLL)... 0.001 seconds

NOTE: 0 MB RAM is required!
Estimate model parameters (epsilon = 0.100)
1. Initial log-likelihood: -2102.864
2. Current log-likelihood: -2053.320
3. Current log-likelihood: -2052.951
Optimal log-likelihood: -2052.942
Rate parameters:  A-C: 0.850  A-G: 1.408  A-T: 0.634  C-G: 1.291  C-T: 0.944  G-T: 1.000
Base frequencies:   A: 0.226  C: 0.302  G: 0.232  T: 0.240
Gamma shape alpha: 998.401
Parameters optimization took 3 rounds (0.024 sec)
--------------------------------------------------------------------
|             INITIALIZING CANDIDATE TREE SET                      |
--------------------------------------------------------------------
Computing ML distances based on estimated model parameters... 0.004 sec
Computing BIONJ tree...
0.000 seconds
Log-likelihood of BIONJ tree: -2052.941
Generating 98 parsimony trees... 0.141 seconds 80 distinct starting trees
Computing log-likelihood of 80 initial trees ... 0.241 seconds
Optimizing top 20 initial trees with NNI...
Iteration 1 / LogL: -2052.941 / Time: 0h:0m:0s
Estimate model parameters (epsilon = 0.100)
BETTER SCORE FOUND at iteration 1: -2052.940
Iteration 2 / LogL: -2052.942 / Time: 0h:0m:0s
Iteration 3 / LogL: -2052.943 / Time: 0h:0m:0s
Iteration 4 / LogL: -2052.943 / Time: 0h:0m:0s
Iteration 5 / LogL: -2052.943 / Time: 0h:0m:0s
Iteration 6 / LogL: -2052.943 / Time: 0h:0m:0s
Iteration 7 / LogL: -2052.943 / Time: 0h:0m:0s
Iteration 8 / LogL: -2052.943 / Time: 0h:0m:0s
Iteration 9 / LogL: -2052.943 / Time: 0h:0m:0s
Iteration 10 / LogL: -2052.943 / Time: 0h:0m:0s
Iteration 11 / LogL: -2052.943 / Time: 0h:0m:0s
Iteration 12 / LogL: -2052.943 / Time: 0h:0m:0s
Iteration 13 / LogL: -2052.943 / Time: 0h:0m:0s
Iteration 14 / LogL: -2052.943 / Time: 0h:0m:0s
Iteration 15 / LogL: -2052.943 / Time: 0h:0m:0s
Iteration 16 / LogL: -2052.943 / Time: 0h:0m:0s
Iteration 17 / LogL: -2052.943 / Time: 0h:0m:0s
Iteration 18 / LogL: -2052.943 / Time: 0h:0m:0s
Iteration 19 / LogL: -2052.943 / Time: 0h:0m:0s
Iteration 20 / LogL: -2052.943 / Time: 0h:0m:0s
Average CPU time for 1 NNI search: 0.006
Finish initializing candidate tree set. Number of distinct locally optimal trees: 20
Current best tree score: -2052.940 / CPU time: 0.504
--------------------------------------------------------------------
|               OPTIMIZING CANDIDATE TREE SET                      |
--------------------------------------------------------------------
Iteration 30 / LogL: -2052.955 / Time: 0h:0m:0s (0h:0m:1s left)
Iteration 40 / LogL: -2301.144 / Time: 0h:0m:0s (0h:0m:1s left)
Iteration 50 / LogL: -2052.942 / Time: 0h:0m:0s (0h:0m:1s left)
Iteration 60 / LogL: -2052.952 / Time: 0h:0m:1s (0h:0m:0s left)
Iteration 70 / LogL: -2052.997 / Time: 0h:0m:1s (0h:0m:0s left)
Iteration 80 / LogL: -2052.955 / Time: 0h:0m:1s (0h:0m:0s left)
Iteration 90 / LogL: -2052.940 / Time: 0h:0m:1s (0h:0m:0s left)
Iteration 100 / LogL: -2065.673 / Time: 0h:0m:1s (0h:0m:0s left)
TREE SEARCH COMPLETED AFTER 101 ITERATIONS / Time: 0h:0m:1s

--------------------------------------------------------------------
|                    FINALIZING TREE SEARCH                        |
--------------------------------------------------------------------
Performs final model parameters optimization
Estimate model parameters (epsilon = 0.010)
1. Initial log-likelihood: -2052.940
Optimal log-likelihood: -2052.940
Rate parameters:  A-C: 0.850  A-G: 1.406  A-T: 0.636  C-G: 1.290  C-T: 0.944  G-T: 1.000
Base frequencies:   A: 0.226  C: 0.302  G: 0.232  T: 0.240
Gamma shape alpha: 998.401
Parameters optimization took 1 rounds (0.006 sec)
BEST SCORE FOUND : -2052.940

Testing tree branches by SH-like aLRT with 1000 replicates...
CPU Time used:  0.120 sec.
Total tree length: 1.176

Total number of iterations: 101
CPU time used for tree search: 1.712 sec (0h:0m:1s)
Wall-clock time used for tree search: 1.712 sec (0h:0m:1s)
Total CPU time used: 1.876 sec (0h:0m:1s)
Total wall-clock time used: 1.876 sec (0h:0m:1s)

Analysis results written to: 
  IQ-TREE report:                ../simulations/data_D10T0L20I10T10//S/718_pruned.fasta.iqtree
  Maximum-likelihood tree:       ../simulations/data_D10T0L20I10T10//S/718_pruned.fasta.treefile
  Likelihood distances:          ../simulations/data_D10T0L20I10T10//S/718_pruned.fasta.mldist
  Screen log file:               ../simulations/data_D10T0L20I10T10//S/718_pruned.fasta.log

Date and Time: Fri Jun  1 10:47:07 2018
