IQ-TREE version 1.4.2 for Linux 64-bit built Apr 15 2016
Copyright (c) 2011-2015 Nguyen Lam Tung, Olga Chernomor, Arndt von Haeseler and Bui Quang Minh.

Host:    meduse (AVX2, FMA3, 7 GB RAM)
Command: iqtree -s ../simulations/data_D10T0L20I10T10//S/719_pruned.fasta -m GTR+G -alrt 1000 -redo
Seed:    592103 (Using SPRNG - Scalable Parallel Random Number Generator)
Time:    Sun Jun  3 23:12:28 2018
Kernel:  AVX

NOTE: Consider using the multicore version because your CPU has 4 cores!

Reading alignment file ../simulations/data_D10T0L20I10T10//S/719_pruned.fasta ... Fasta format detected
Alignment most likely contains DNA/RNA sequences
Alignment has 26 sequences with 300 columns and 300 patterns (297 informative sites)
          Gap/Ambiguity  Composition  p-value
   1  n277_278    0.00%    passed     63.37%
   2  n286_287    0.00%    passed     14.63%
   3  n296_297    0.00%    passed     47.92%
   4  n285_286    0.00%    passed     26.70%
   5  n289_290    0.00%    passed     63.36%
   6  n274_275    0.00%    passed     28.34%
   7  n255_256    0.00%    passed     58.71%
   8  n275_276    0.00%    passed     78.48%
   9  n278_279    0.00%    passed     68.41%
  10  n299_300    0.00%    passed     21.73%
  11  n236_237    0.00%    passed     67.65%
  12  n293_294    0.00%    passed     88.38%
  13  n290_291    0.00%    passed     85.05%
  14  n297_298    0.00%    passed     64.15%
  15  n200_201    0.00%    passed     83.25%
  16  n292_293    0.00%    passed     23.40%
  17  n280_281    0.00%    passed     32.63%
  18  n295_296    0.00%    passed     59.00%
  19  n287_288    0.00%    passed     49.61%
  20  n244_245    0.00%    passed     85.95%
  21  n265_266    0.00%    passed     43.66%
  22  n266_267    0.00%    passed     89.61%
  23  n294_295    0.00%    passed     83.17%
  24  n251_252    0.00%    passed     89.55%
  25  n298_299    0.00%    passed     63.83%
  26  n300_301    0.00%    passed     28.07%
****  TOTAL       0.00%  0 sequences failed composition chi2 test (p-value<5%; df=3)

Create initial parsimony tree by phylogenetic likelihood library (PLL)... 0.002 seconds

NOTE: 1 MB RAM is required!
Estimate model parameters (epsilon = 0.100)
1. Initial log-likelihood: -5312.541
2. Current log-likelihood: -5209.123
3. Current log-likelihood: -5188.715
4. Current log-likelihood: -5183.192
5. Current log-likelihood: -5181.169
6. Current log-likelihood: -5180.621
7. Current log-likelihood: -5180.411
Optimal log-likelihood: -5180.316
Rate parameters:  A-C: 1.095  A-G: 1.297  A-T: 0.921  C-G: 0.939  C-T: 1.560  G-T: 1.000
Base frequencies:   A: 0.243  C: 0.300  G: 0.226  T: 0.232
Gamma shape alpha: 7.832
Parameters optimization took 7 rounds (0.083 sec)
--------------------------------------------------------------------
|             INITIALIZING CANDIDATE TREE SET                      |
--------------------------------------------------------------------
Computing ML distances based on estimated model parameters... 0.004 sec
WARNING: Some pairwise ML distances are too long (saturated)
Computing BIONJ tree...
0.000 seconds
Log-likelihood of BIONJ tree: -5193.435
Generating 98 parsimony trees... 0.157 seconds 10 distinct starting trees
Computing log-likelihood of 10 initial trees ... 0.024 seconds
Optimizing top 10 initial trees with NNI...
Iteration 1 / LogL: -5179.319 / Time: 0h:0m:0s
Estimate model parameters (epsilon = 0.100)
BETTER TREE FOUND at iteration 1: -5178.728
Iteration 2 / LogL: -5179.213 / Time: 0h:0m:0s
Iteration 3 / LogL: -5179.213 / Time: 0h:0m:0s
Iteration 4 / LogL: -5179.211 / Time: 0h:0m:0s
Iteration 5 / LogL: -5179.229 / Time: 0h:0m:0s
Iteration 6 / LogL: -5179.229 / Time: 0h:0m:0s
Iteration 7 / LogL: -5179.229 / Time: 0h:0m:0s
Iteration 8 / LogL: -5179.230 / Time: 0h:0m:0s
Iteration 9 / LogL: -5179.224 / Time: 0h:0m:0s
Iteration 10 / LogL: -5193.187 / Time: 0h:0m:0s
Average CPU time for 1 NNI search: 0.014
Finish initializing candidate tree set. Number of distinct locally optimal trees: 10
Current best tree score: -5178.728 / CPU time: 0.320
--------------------------------------------------------------------
|               OPTIMIZING CANDIDATE TREE SET                      |
--------------------------------------------------------------------
Iteration 20 / LogL: -5178.842 / Time: 0h:0m:0s (0h:0m:3s left)
Iteration 30 / LogL: -5178.971 / Time: 0h:0m:1s (0h:0m:2s left)
Iteration 40 / LogL: -5179.797 / Time: 0h:0m:1s (0h:0m:2s left)
Iteration 50 / LogL: -5182.731 / Time: 0h:0m:1s (0h:0m:1s left)
Iteration 60 / LogL: -5179.417 / Time: 0h:0m:2s (0h:0m:1s left)
Iteration 70 / LogL: -5179.670 / Time: 0h:0m:2s (0h:0m:1s left)
Iteration 80 / LogL: -5179.278 / Time: 0h:0m:2s (0h:0m:0s left)
Iteration 90 / LogL: -5179.143 / Time: 0h:0m:3s (0h:0m:0s left)
Iteration 100 / LogL: -5180.222 / Time: 0h:0m:3s (0h:0m:0s left)
TREE SEARCH COMPLETED AFTER 101 ITERATIONS / Time: 0h:0m:3s

--------------------------------------------------------------------
|                    FINALIZING TREE SEARCH                        |
--------------------------------------------------------------------
Performs final model parameters optimization
Estimate model parameters (epsilon = 0.010)
1. Initial log-likelihood: -5178.728
2. Current log-likelihood: -5178.674
3. Current log-likelihood: -5178.632
4. Current log-likelihood: -5178.619
Optimal log-likelihood: -5178.604
Rate parameters:  A-C: 1.070  A-G: 1.249  A-T: 0.901  C-G: 0.910  C-T: 1.527  G-T: 1.000
Base frequencies:   A: 0.243  C: 0.300  G: 0.226  T: 0.232
Gamma shape alpha: 8.642
Parameters optimization took 4 rounds (0.031 sec)
BEST SCORE FOUND : -5178.604

Testing tree branches by SH-like aLRT with 1000 replicates...
CPU Time used:  0.128 sec.
Total tree length: 8.157

Total number of iterations: 101
CPU time used for tree search: 3.392 sec (0h:0m:3s)
Wall-clock time used for tree search: 3.395 sec (0h:0m:3s)
Total CPU time used: 3.680 sec (0h:0m:3s)
Total wall-clock time used: 3.685 sec (0h:0m:3s)

Analysis results written to: 
  IQ-TREE report:                ../simulations/data_D10T0L20I10T10//S/719_pruned.fasta.iqtree
  Maximum-likelihood tree:       ../simulations/data_D10T0L20I10T10//S/719_pruned.fasta.treefile
  Likelihood distances:          ../simulations/data_D10T0L20I10T10//S/719_pruned.fasta.mldist
  Screen log file:               ../simulations/data_D10T0L20I10T10//S/719_pruned.fasta.log

Date and Time: Sun Jun  3 23:12:32 2018
