IQ-TREE version 1.4.2 for Linux 64-bit built Apr 15 2016
Copyright (c) 2011-2015 Nguyen Lam Tung, Olga Chernomor, Arndt von Haeseler and Bui Quang Minh.

Host:    meduse (AVX2, FMA3, 7 GB RAM)
Command: iqtree -s ../simulations/data_D10T0L20I10T10//S/722_pruned.fasta -m GTR+G -alrt 1000 -redo
Seed:    793230 (Using SPRNG - Scalable Parallel Random Number Generator)
Time:    Sun Jun  3 23:58:37 2018
Kernel:  AVX

NOTE: Consider using the multicore version because your CPU has 4 cores!

Reading alignment file ../simulations/data_D10T0L20I10T10//S/722_pruned.fasta ... Fasta format detected
Alignment most likely contains DNA/RNA sequences
Alignment has 26 sequences with 300 columns and 298 patterns (288 informative sites)
          Gap/Ambiguity  Composition  p-value
   1  n277_278    0.00%    passed     97.79%
   2  n286_287    0.00%    passed     29.04%
   3  n296_297    0.00%    passed     75.41%
   4  n285_286    0.00%    passed     30.62%
   5  n289_290    0.00%    passed     61.28%
   6  n274_275    0.00%    passed     48.26%
   7  n255_256    0.00%    passed     29.34%
   8  n275_276    0.00%    passed     80.29%
   9  n278_279    0.00%    passed     93.24%
  10  n299_300    0.00%    passed     50.94%
  11  n236_237    0.00%    passed     79.49%
  12  n293_294    0.00%    passed     56.63%
  13  n290_291    0.00%    passed     83.49%
  14  n297_298    0.00%    passed     66.36%
  15  n200_201    0.00%    passed     34.78%
  16  n292_293    0.00%    passed     69.07%
  17  n280_281    0.00%    passed     47.82%
  18  n295_296    0.00%    passed     69.37%
  19  n287_288    0.00%    passed     67.55%
  20  n244_245    0.00%    passed     96.38%
  21  n265_266    0.00%    passed     72.57%
  22  n266_267    0.00%    passed     46.38%
  23  n294_295    0.00%    passed     86.88%
  24  n251_252    0.00%    passed     26.36%
  25  n298_299    0.00%    passed     62.33%
  26  n300_301    0.00%    passed     75.68%
****  TOTAL       0.00%  0 sequences failed composition chi2 test (p-value<5%; df=3)

Create initial parsimony tree by phylogenetic likelihood library (PLL)... 0.002 seconds

NOTE: 1 MB RAM is required!
Estimate model parameters (epsilon = 0.100)
1. Initial log-likelihood: -5194.439
2. Current log-likelihood: -5095.393
3. Current log-likelihood: -5083.709
4. Current log-likelihood: -5081.452
5. Current log-likelihood: -5081.004
Optimal log-likelihood: -5080.890
Rate parameters:  A-C: 1.236  A-G: 1.320  A-T: 0.864  C-G: 0.877  C-T: 1.213  G-T: 1.000
Base frequencies:   A: 0.218  C: 0.296  G: 0.233  T: 0.253
Gamma shape alpha: 3.449
Parameters optimization took 5 rounds (0.075 sec)
--------------------------------------------------------------------
|             INITIALIZING CANDIDATE TREE SET                      |
--------------------------------------------------------------------
Computing ML distances based on estimated model parameters... 0.004 sec
Computing BIONJ tree...
0.000 seconds
Log-likelihood of BIONJ tree: -5106.166
Generating 98 parsimony trees... 0.151 seconds 5 distinct starting trees
Computing log-likelihood of 5 initial trees ... 0.009 seconds
Optimizing top 5 initial trees with NNI...
Iteration 1 / LogL: -5080.877 / Time: 0h:0m:0s
Estimate model parameters (epsilon = 0.100)
BETTER TREE FOUND at iteration 1: -5080.853
Iteration 2 / LogL: -5081.079 / Time: 0h:0m:0s
Iteration 3 / LogL: -5081.078 / Time: 0h:0m:0s
Iteration 4 / LogL: -5081.074 / Time: 0h:0m:0s
Iteration 5 / LogL: -5080.176 / Time: 0h:0m:0s
Estimate model parameters (epsilon = 0.100)
BETTER TREE FOUND at iteration 5: -5080.057
Average CPU time for 1 NNI search: 0.022
Finish initializing candidate tree set. Number of distinct locally optimal trees: 3
Current best tree score: -5080.057 / CPU time: 0.268
--------------------------------------------------------------------
|               OPTIMIZING CANDIDATE TREE SET                      |
--------------------------------------------------------------------
Iteration 10 / LogL: -5080.773 / Time: 0h:0m:0s
Iteration 20 / LogL: -5080.938 / Time: 0h:0m:0s (0h:0m:3s left)
Iteration 30 / LogL: -5080.223 / Time: 0h:0m:1s (0h:0m:3s left)
Iteration 40 / LogL: -5099.567 / Time: 0h:0m:1s (0h:0m:2s left)
Iteration 50 / LogL: -5085.414 / Time: 0h:0m:1s (0h:0m:1s left)
Iteration 60 / LogL: -5082.612 / Time: 0h:0m:2s (0h:0m:1s left)
Iteration 70 / LogL: -5080.641 / Time: 0h:0m:2s (0h:0m:1s left)
Iteration 80 / LogL: -5083.760 / Time: 0h:0m:2s (0h:0m:0s left)
Iteration 90 / LogL: -5080.764 / Time: 0h:0m:3s (0h:0m:0s left)
Iteration 100 / LogL: -5098.117 / Time: 0h:0m:3s (0h:0m:0s left)
TREE SEARCH COMPLETED AFTER 101 ITERATIONS / Time: 0h:0m:3s

--------------------------------------------------------------------
|                    FINALIZING TREE SEARCH                        |
--------------------------------------------------------------------
Performs final model parameters optimization
Estimate model parameters (epsilon = 0.010)
1. Initial log-likelihood: -5080.057
2. Current log-likelihood: -5080.021
3. Current log-likelihood: -5080.009
Optimal log-likelihood: -5079.998
Rate parameters:  A-C: 1.201  A-G: 1.307  A-T: 0.823  C-G: 0.855  C-T: 1.170  G-T: 1.000
Base frequencies:   A: 0.218  C: 0.296  G: 0.233  T: 0.253
Gamma shape alpha: 3.554
Parameters optimization took 3 rounds (0.020 sec)
BEST SCORE FOUND : -5079.998

Testing tree branches by SH-like aLRT with 1000 replicates...
CPU Time used:  0.120 sec.
Total tree length: 8.798

Total number of iterations: 101
CPU time used for tree search: 3.420 sec (0h:0m:3s)
Wall-clock time used for tree search: 3.418 sec (0h:0m:3s)
Total CPU time used: 3.676 sec (0h:0m:3s)
Total wall-clock time used: 3.680 sec (0h:0m:3s)

Analysis results written to: 
  IQ-TREE report:                ../simulations/data_D10T0L20I10T10//S/722_pruned.fasta.iqtree
  Maximum-likelihood tree:       ../simulations/data_D10T0L20I10T10//S/722_pruned.fasta.treefile
  Likelihood distances:          ../simulations/data_D10T0L20I10T10//S/722_pruned.fasta.mldist
  Screen log file:               ../simulations/data_D10T0L20I10T10//S/722_pruned.fasta.log

Date and Time: Sun Jun  3 23:58:41 2018
