IQ-TREE version 1.4.2 for Linux 64-bit built Apr 15 2016
Copyright (c) 2011-2015 Nguyen Lam Tung, Olga Chernomor, Arndt von Haeseler and Bui Quang Minh.

Host:    meduse (AVX2, FMA3, 7 GB RAM)
Command: iqtree -s ../simulations/data_D10T0L20I10T10//S/741_pruned.fasta -m GTR+G -alrt 1000 -redo
Seed:    436249 (Using SPRNG - Scalable Parallel Random Number Generator)
Time:    Fri Jun  1 10:53:17 2018
Kernel:  AVX

NOTE: Consider using the multicore version because your CPU has 4 cores!

Reading alignment file ../simulations/data_D10T0L20I10T10//S/741_pruned.fasta ... Fasta format detected
Alignment most likely contains DNA/RNA sequences
Alignment has 26 sequences with 300 columns and 170 patterns (147 informative sites)
          Gap/Ambiguity  Composition  p-value
   1  n289_290    0.00%    passed     99.60%
   2  n294_295    0.00%    passed     99.60%
   3  n295_296    0.00%    passed     96.85%
   4  n266_267    0.00%    passed     76.10%
   5  n299_300    0.00%    passed     71.83%
   6  n298_299    0.00%    passed     99.92%
   7  n290_291    0.00%    passed     96.46%
   8  n274_275    0.00%    passed     71.83%
   9  n251_252    0.00%    passed     98.79%
  10  n293_294    0.00%    passed     99.03%
  11  n265_266    0.00%    passed     54.53%
  12  n296_297    0.00%    passed     96.85%
  13  n300_301    0.00%    passed     62.82%
  14  n244_245    0.00%    passed     98.13%
  15  n278_279    0.00%    passed     94.22%
  16  n287_288    0.00%    passed     98.41%
  17  n200_201    0.00%    passed     90.43%
  18  n277_278    0.00%    passed     85.03%
  19  n297_298    0.00%    passed     99.90%
  20  n236_237    0.00%    passed     95.61%
  21  n280_281    0.00%    passed     72.03%
  22  n285_286    0.00%    passed     97.48%
  23  n275_276    0.00%    passed     98.20%
  24  n255_256    0.00%    passed     83.90%
  25  n292_293    0.00%    passed     71.83%
  26  n286_287    0.00%    passed     97.73%
****  TOTAL       0.00%  0 sequences failed composition chi2 test (p-value<5%; df=3)
NOTE: 1 identical sequences (see below) will be ignored for subsequent analysis
NOTE: n296_297 (identical to n295_296) is ignored but added at the end

Create initial parsimony tree by phylogenetic likelihood library (PLL)... 0.001 seconds

NOTE: 0 MB RAM is required!
Estimate model parameters (epsilon = 0.100)
1. Initial log-likelihood: -2021.185
2. Current log-likelihood: -1978.795
3. Current log-likelihood: -1978.496
Optimal log-likelihood: -1978.449
Rate parameters:  A-C: 0.672  A-G: 0.783  A-T: 1.195  C-G: 0.677  C-T: 0.997  G-T: 1.000
Base frequencies:   A: 0.243  C: 0.273  G: 0.257  T: 0.226
Gamma shape alpha: 8.539
Parameters optimization took 3 rounds (0.020 sec)
--------------------------------------------------------------------
|             INITIALIZING CANDIDATE TREE SET                      |
--------------------------------------------------------------------
Computing ML distances based on estimated model parameters... 0.000 sec
Computing BIONJ tree...
0.000 seconds
Log-likelihood of BIONJ tree: -1978.750
Generating 98 parsimony trees... 0.090 seconds 37 distinct starting trees
Computing log-likelihood of 37 initial trees ... 0.061 seconds
Optimizing top 20 initial trees with NNI...
Iteration 1 / LogL: -1978.258 / Time: 0h:0m:0s
Estimate model parameters (epsilon = 0.100)
BETTER SCORE FOUND at iteration 1: -1978.235
Iteration 2 / LogL: -1978.237 / Time: 0h:0m:0s
Iteration 3 / LogL: -1978.235 / Time: 0h:0m:0s
Iteration 4 / LogL: -1978.235 / Time: 0h:0m:0s
Iteration 5 / LogL: -1978.235 / Time: 0h:0m:0s
Iteration 6 / LogL: -1978.235 / Time: 0h:0m:0s
Iteration 7 / LogL: -1978.235 / Time: 0h:0m:0s
Iteration 8 / LogL: -1978.235 / Time: 0h:0m:0s
Iteration 9 / LogL: -1978.235 / Time: 0h:0m:0s
Iteration 10 / LogL: -1978.235 / Time: 0h:0m:0s
Iteration 11 / LogL: -1978.235 / Time: 0h:0m:0s
Iteration 12 / LogL: -1978.235 / Time: 0h:0m:0s
Iteration 13 / LogL: -1978.235 / Time: 0h:0m:0s
Iteration 14 / LogL: -1978.235 / Time: 0h:0m:0s
Iteration 15 / LogL: -1978.235 / Time: 0h:0m:0s
Iteration 16 / LogL: -1978.235 / Time: 0h:0m:0s
Iteration 17 / LogL: -1978.235 / Time: 0h:0m:0s
Iteration 18 / LogL: -1978.235 / Time: 0h:0m:0s
Iteration 19 / LogL: -1978.235 / Time: 0h:0m:0s
Iteration 20 / LogL: -1978.235 / Time: 0h:0m:0s
Average CPU time for 1 NNI search: 0.005
Finish initializing candidate tree set. Number of distinct locally optimal trees: 9
Current best tree score: -1978.235 / CPU time: 0.244
--------------------------------------------------------------------
|               OPTIMIZING CANDIDATE TREE SET                      |
--------------------------------------------------------------------
Iteration 30 / LogL: -1978.235 / Time: 0h:0m:0s (0h:0m:0s left)
Iteration 40 / LogL: -1978.236 / Time: 0h:0m:0s (0h:0m:0s left)
Iteration 50 / LogL: -1978.236 / Time: 0h:0m:0s (0h:0m:0s left)
Iteration 60 / LogL: -1978.257 / Time: 0h:0m:0s (0h:0m:0s left)
Iteration 70 / LogL: -1978.300 / Time: 0h:0m:0s (0h:0m:0s left)
Iteration 80 / LogL: -1978.240 / Time: 0h:0m:1s (0h:0m:0s left)
Iteration 90 / LogL: -1978.333 / Time: 0h:0m:1s (0h:0m:0s left)
Iteration 100 / LogL: -1981.030 / Time: 0h:0m:1s (0h:0m:0s left)
TREE SEARCH COMPLETED AFTER 101 ITERATIONS / Time: 0h:0m:1s

--------------------------------------------------------------------
|                    FINALIZING TREE SEARCH                        |
--------------------------------------------------------------------
Performs final model parameters optimization
Estimate model parameters (epsilon = 0.010)
1. Initial log-likelihood: -1978.235
Optimal log-likelihood: -1978.225
Rate parameters:  A-C: 0.683  A-G: 0.784  A-T: 1.220  C-G: 0.679  C-T: 1.014  G-T: 1.000
Base frequencies:   A: 0.243  C: 0.273  G: 0.257  T: 0.226
Gamma shape alpha: 8.519
Parameters optimization took 1 rounds (0.004 sec)
BEST SCORE FOUND : -1978.225

Testing tree branches by SH-like aLRT with 1000 replicates...
CPU Time used:  0.100 sec.
Total tree length: 1.145

Total number of iterations: 101
CPU time used for tree search: 1.300 sec (0h:0m:1s)
Wall-clock time used for tree search: 1.302 sec (0h:0m:1s)
Total CPU time used: 1.436 sec (0h:0m:1s)
Total wall-clock time used: 1.440 sec (0h:0m:1s)

Analysis results written to: 
  IQ-TREE report:                ../simulations/data_D10T0L20I10T10//S/741_pruned.fasta.iqtree
  Maximum-likelihood tree:       ../simulations/data_D10T0L20I10T10//S/741_pruned.fasta.treefile
  Likelihood distances:          ../simulations/data_D10T0L20I10T10//S/741_pruned.fasta.mldist
  Screen log file:               ../simulations/data_D10T0L20I10T10//S/741_pruned.fasta.log

Date and Time: Fri Jun  1 10:53:18 2018
