IQ-TREE version 1.4.2 for Linux 64-bit built Apr 15 2016
Copyright (c) 2011-2015 Nguyen Lam Tung, Olga Chernomor, Arndt von Haeseler and Bui Quang Minh.

Host:    meduse (AVX2, FMA3, 7 GB RAM)
Command: iqtree -s ../simulations/data_D10T0L20I10T10//S/748_pruned.fasta -m GTR+G -alrt 1000 -redo
Seed:    231812 (Using SPRNG - Scalable Parallel Random Number Generator)
Time:    Fri Jun  1 10:50:52 2018
Kernel:  AVX

NOTE: Consider using the multicore version because your CPU has 4 cores!

Reading alignment file ../simulations/data_D10T0L20I10T10//S/748_pruned.fasta ... Fasta format detected
Alignment most likely contains DNA/RNA sequences
Alignment has 30 sequences with 300 columns and 192 patterns (165 informative sites)
          Gap/Ambiguity  Composition  p-value
   1  n285_328    0.00%    passed     98.71%
   2  n200_229    0.00%    passed     79.21%
   3  n285_330    0.00%    passed     84.53%
   4  n265_308    0.00%    passed     89.61%
   5  n296_341    0.00%    passed     95.53%
   6  n298_343    0.00%    passed     93.50%
   7  n280_323    0.00%    passed     99.09%
   8  n278_321    0.00%    passed     85.71%
   9  n295_340    0.00%    passed     97.92%
  10  n292_337    0.00%    passed     99.63%
  11  n236_271    0.00%    passed     86.59%
  12  n289_334    0.00%    passed     98.63%
  13  n251_290    0.00%    passed     74.66%
  14  n287_332    0.00%    passed     99.92%
  15  n290_335    0.00%    passed     98.82%
  16  n255_294    0.00%    passed     63.28%
  17  n274_317    0.00%    passed     99.27%
  18  n286_331    0.00%    passed     83.75%
  19  n299_344    0.00%    passed     99.98%
  20  n265_306    0.00%    passed     99.16%
  21  n244_279    0.00%    passed     65.77%
  22  n293_338    0.00%    passed     96.55%
  23  n277_320    0.00%    passed     89.23%
  24  n294_339    0.00%    passed     97.95%
  25  n266_309    0.00%    passed     65.22%
  26  n266_307    0.00%    passed     98.50%
  27  n286_329    0.00%    passed     97.84%
  28  n300_345    0.00%    passed     99.98%
  29  n275_318    0.00%    passed     85.30%
  30  n297_342    0.00%    passed     93.94%
****  TOTAL       0.00%  0 sequences failed composition chi2 test (p-value<5%; df=3)
NOTE: 1 identical sequences (see below) will be ignored for subsequent analysis
NOTE: n300_345 (identical to n299_344) is ignored but added at the end

Create initial parsimony tree by phylogenetic likelihood library (PLL)... 0.002 seconds

NOTE: 0 MB RAM is required!
Estimate model parameters (epsilon = 0.100)
1. Initial log-likelihood: -2304.976
2. Current log-likelihood: -2261.051
3. Current log-likelihood: -2260.736
Optimal log-likelihood: -2260.730
Rate parameters:  A-C: 1.379  A-G: 1.363  A-T: 1.089  C-G: 0.847  C-T: 1.352  G-T: 1.000
Base frequencies:   A: 0.238  C: 0.278  G: 0.258  T: 0.226
Gamma shape alpha: 6.793
Parameters optimization took 3 rounds (0.027 sec)
--------------------------------------------------------------------
|             INITIALIZING CANDIDATE TREE SET                      |
--------------------------------------------------------------------
Computing ML distances based on estimated model parameters... 0.004 sec
Computing BIONJ tree...
0.000 seconds
Log-likelihood of BIONJ tree: -2259.521
Generating 98 parsimony trees... 0.135 seconds 72 distinct starting trees
Computing log-likelihood of 72 initial trees ... 0.218 seconds
Optimizing top 20 initial trees with NNI...
Iteration 1 / LogL: -2259.522 / Time: 0h:0m:0s
Estimate model parameters (epsilon = 0.100)
BETTER SCORE FOUND at iteration 1: -2259.502
Iteration 2 / LogL: -2259.505 / Time: 0h:0m:0s
Iteration 3 / LogL: -2259.505 / Time: 0h:0m:0s
Iteration 4 / LogL: -2259.505 / Time: 0h:0m:0s
Iteration 5 / LogL: -2259.505 / Time: 0h:0m:0s
Iteration 6 / LogL: -2259.505 / Time: 0h:0m:0s
Iteration 7 / LogL: -2259.505 / Time: 0h:0m:0s
Iteration 8 / LogL: -2259.505 / Time: 0h:0m:0s
Iteration 9 / LogL: -2259.505 / Time: 0h:0m:0s
Iteration 10 / LogL: -2259.505 / Time: 0h:0m:0s
Iteration 11 / LogL: -2259.505 / Time: 0h:0m:0s
Iteration 12 / LogL: -2259.505 / Time: 0h:0m:0s
Iteration 13 / LogL: -2259.505 / Time: 0h:0m:0s
Iteration 14 / LogL: -2259.505 / Time: 0h:0m:0s
Iteration 15 / LogL: -2259.505 / Time: 0h:0m:0s
Iteration 16 / LogL: -2259.505 / Time: 0h:0m:0s
Iteration 17 / LogL: -2259.505 / Time: 0h:0m:0s
Iteration 18 / LogL: -2259.505 / Time: 0h:0m:0s
Iteration 19 / LogL: -2259.505 / Time: 0h:0m:0s
Iteration 20 / LogL: -2259.505 / Time: 0h:0m:0s
Average CPU time for 1 NNI search: 0.009
Finish initializing candidate tree set. Number of distinct locally optimal trees: 20
Current best tree score: -2259.502 / CPU time: 0.524
--------------------------------------------------------------------
|               OPTIMIZING CANDIDATE TREE SET                      |
--------------------------------------------------------------------
Iteration 30 / LogL: -2259.512 / Time: 0h:0m:0s (0h:0m:1s left)
Iteration 40 / LogL: -2259.502 / Time: 0h:0m:0s (0h:0m:1s left)
Iteration 50 / LogL: -2266.114 / Time: 0h:0m:1s (0h:0m:1s left)
Iteration 60 / LogL: -2259.502 / Time: 0h:0m:1s (0h:0m:0s left)
Iteration 70 / LogL: -2259.503 / Time: 0h:0m:1s (0h:0m:0s left)
Iteration 80 / LogL: -2268.155 / Time: 0h:0m:1s (0h:0m:0s left)
Iteration 90 / LogL: -2259.509 / Time: 0h:0m:1s (0h:0m:0s left)
Iteration 100 / LogL: -2259.527 / Time: 0h:0m:2s (0h:0m:0s left)
TREE SEARCH COMPLETED AFTER 101 ITERATIONS / Time: 0h:0m:2s

--------------------------------------------------------------------
|                    FINALIZING TREE SEARCH                        |
--------------------------------------------------------------------
Performs final model parameters optimization
Estimate model parameters (epsilon = 0.010)
1. Initial log-likelihood: -2259.502
Optimal log-likelihood: -2259.500
Rate parameters:  A-C: 1.408  A-G: 1.373  A-T: 1.075  C-G: 0.850  C-T: 1.361  G-T: 1.000
Base frequencies:   A: 0.238  C: 0.278  G: 0.258  T: 0.226
Gamma shape alpha: 6.730
Parameters optimization took 1 rounds (0.006 sec)
BEST SCORE FOUND : -2259.500

Testing tree branches by SH-like aLRT with 1000 replicates...
CPU Time used:  0.140 sec.
Total tree length: 1.328

Total number of iterations: 101
CPU time used for tree search: 2.180 sec (0h:0m:2s)
Wall-clock time used for tree search: 2.187 sec (0h:0m:2s)
Total CPU time used: 2.368 sec (0h:0m:2s)
Total wall-clock time used: 2.375 sec (0h:0m:2s)

Analysis results written to: 
  IQ-TREE report:                ../simulations/data_D10T0L20I10T10//S/748_pruned.fasta.iqtree
  Maximum-likelihood tree:       ../simulations/data_D10T0L20I10T10//S/748_pruned.fasta.treefile
  Likelihood distances:          ../simulations/data_D10T0L20I10T10//S/748_pruned.fasta.mldist
  Screen log file:               ../simulations/data_D10T0L20I10T10//S/748_pruned.fasta.log

Date and Time: Fri Jun  1 10:50:54 2018
