IQ-TREE version 1.4.2 for Linux 64-bit built Apr 15 2016
Copyright (c) 2011-2015 Nguyen Lam Tung, Olga Chernomor, Arndt von Haeseler and Bui Quang Minh.

Host:    meduse (AVX2, FMA3, 7 GB RAM)
Command: iqtree -s ../simulations/data_D8T0L15I8T8//S/775_pruned.fasta -m GTR+G -alrt 1000 -redo
Seed:    875761 (Using SPRNG - Scalable Parallel Random Number Generator)
Time:    Fri May 25 22:56:19 2018
Kernel:  AVX

NOTE: Consider using the multicore version because your CPU has 4 cores!

Reading alignment file ../simulations/data_D8T0L15I8T8//S/775_pruned.fasta ... Fasta format detected
Alignment most likely contains DNA/RNA sequences
Alignment has 26 sequences with 300 columns and 184 patterns (162 informative sites)
          Gap/Ambiguity  Composition  p-value
   1  n255_242    0.00%    passed     78.61%
   2  n236_223    0.00%    passed     46.60%
   3  n275_262    0.00%    passed     93.26%
   4  n293_280    0.00%    passed     88.87%
   5  n287_274    0.00%    passed     81.47%
   6  n265_252    0.00%    passed     84.00%
   7  n286_273    0.00%    passed     77.36%
   8  n251_238    0.00%    passed     50.34%
   9  n280_267    0.00%    passed     74.43%
  10  n299_286    0.00%    passed     82.39%
  11  n244_231    0.00%    passed     66.42%
  12  n295_282    0.00%    passed     95.86%
  13  n290_277    0.00%    passed     69.27%
  14  n285_272    0.00%    passed     78.80%
  15  n266_253    0.00%    passed     68.86%
  16  n297_284    0.00%    passed     91.24%
  17  n274_261    0.00%    passed     81.51%
  18  n289_276    0.00%    passed     76.38%
  19  n278_265    0.00%    passed     93.58%
  20  n294_281    0.00%    passed     94.01%
  21  n300_287    0.00%    passed     82.39%
  22  n277_264    0.00%    passed     71.10%
  23  n200_187    0.00%    passed     29.89%
  24  n292_279    0.00%    passed     82.39%
  25  n298_285    0.00%    passed     91.24%
  26  n296_283    0.00%    passed     98.13%
****  TOTAL       0.00%  0 sequences failed composition chi2 test (p-value<5%; df=3)
NOTE: 3 identical sequences (see below) will be ignored for subsequent analysis
NOTE: n300_287 (identical to n299_286) is ignored but added at the end
NOTE: n292_279 (identical to n299_286) is ignored but added at the end
NOTE: n298_285 (identical to n297_284) is ignored but added at the end

Create initial parsimony tree by phylogenetic likelihood library (PLL)... 0.001 seconds

NOTE: 0 MB RAM is required!
Estimate model parameters (epsilon = 0.100)
1. Initial log-likelihood: -2088.056
2. Current log-likelihood: -2049.475
3. Current log-likelihood: -2049.129
Optimal log-likelihood: -2049.128
Rate parameters:  A-C: 1.539  A-G: 1.169  A-T: 1.423  C-G: 1.371  C-T: 1.454  G-T: 1.000
Base frequencies:   A: 0.224  C: 0.277  G: 0.250  T: 0.248
Gamma shape alpha: 17.223
Parameters optimization took 3 rounds (0.023 sec)
--------------------------------------------------------------------
|             INITIALIZING CANDIDATE TREE SET                      |
--------------------------------------------------------------------
Computing ML distances based on estimated model parameters... 0.004 sec
Computing BIONJ tree...
0.001 seconds
Log-likelihood of BIONJ tree: -2049.128
Generating 98 parsimony trees... 0.111 seconds 9 distinct starting trees
Computing log-likelihood of 9 initial trees ... 0.023 seconds
Optimizing top 9 initial trees with NNI...
Iteration 1 / LogL: -2049.128 / Time: 0h:0m:0s
Estimate model parameters (epsilon = 0.100)
BETTER SCORE FOUND at iteration 1: -2049.127
Iteration 2 / LogL: -2049.129 / Time: 0h:0m:0s
Iteration 3 / LogL: -2049.129 / Time: 0h:0m:0s
Iteration 4 / LogL: -2049.129 / Time: 0h:0m:0s
Iteration 5 / LogL: -2049.129 / Time: 0h:0m:0s
Iteration 6 / LogL: -2049.129 / Time: 0h:0m:0s
Iteration 7 / LogL: -2049.129 / Time: 0h:0m:0s
Iteration 8 / LogL: -2049.129 / Time: 0h:0m:0s
Iteration 9 / LogL: -2049.129 / Time: 0h:0m:0s
Average CPU time for 1 NNI search: 0.007
Finish initializing candidate tree set. Number of distinct locally optimal trees: 9
Current best tree score: -2049.127 / CPU time: 0.192
--------------------------------------------------------------------
|               OPTIMIZING CANDIDATE TREE SET                      |
--------------------------------------------------------------------
Iteration 10 / LogL: -2049.154 / Time: 0h:0m:0s
Iteration 20 / LogL: -2049.175 / Time: 0h:0m:0s (0h:0m:1s left)
Iteration 30 / LogL: -2049.128 / Time: 0h:0m:0s (0h:0m:1s left)
Iteration 40 / LogL: -2049.218 / Time: 0h:0m:0s (0h:0m:1s left)
Iteration 50 / LogL: -2049.155 / Time: 0h:0m:1s (0h:0m:1s left)
Iteration 60 / LogL: -2049.132 / Time: 0h:0m:1s (0h:0m:0s left)
Iteration 70 / LogL: -2335.929 / Time: 0h:0m:1s (0h:0m:0s left)
Iteration 80 / LogL: -2049.130 / Time: 0h:0m:1s (0h:0m:0s left)
Iteration 90 / LogL: -2049.152 / Time: 0h:0m:2s (0h:0m:0s left)
Iteration 100 / LogL: -2049.222 / Time: 0h:0m:2s (0h:0m:0s left)
TREE SEARCH COMPLETED AFTER 101 ITERATIONS / Time: 0h:0m:2s

--------------------------------------------------------------------
|                    FINALIZING TREE SEARCH                        |
--------------------------------------------------------------------
Performs final model parameters optimization
Estimate model parameters (epsilon = 0.010)
1. Initial log-likelihood: -2049.127
Optimal log-likelihood: -2049.127
Rate parameters:  A-C: 1.540  A-G: 1.170  A-T: 1.424  C-G: 1.372  C-T: 1.455  G-T: 1.000
Base frequencies:   A: 0.224  C: 0.277  G: 0.250  T: 0.248
Gamma shape alpha: 17.223
Parameters optimization took 1 rounds (0.005 sec)
BEST SCORE FOUND : -2049.127

Testing tree branches by SH-like aLRT with 1000 replicates...
CPU Time used:  0.144 sec.
Total tree length: 1.238

Total number of iterations: 101
CPU time used for tree search: 2.220 sec (0h:0m:2s)
Wall-clock time used for tree search: 2.230 sec (0h:0m:2s)
Total CPU time used: 2.416 sec (0h:0m:2s)
Total wall-clock time used: 2.427 sec (0h:0m:2s)

Analysis results written to: 
  IQ-TREE report:                ../simulations/data_D8T0L15I8T8//S/775_pruned.fasta.iqtree
  Maximum-likelihood tree:       ../simulations/data_D8T0L15I8T8//S/775_pruned.fasta.treefile
  Likelihood distances:          ../simulations/data_D8T0L15I8T8//S/775_pruned.fasta.mldist
  Screen log file:               ../simulations/data_D8T0L15I8T8//S/775_pruned.fasta.log

Date and Time: Fri May 25 22:56:22 2018
