IQ-TREE version 1.4.2 for Linux 64-bit built Apr 15 2016
Copyright (c) 2011-2015 Nguyen Lam Tung, Olga Chernomor, Arndt von Haeseler and Bui Quang Minh.

Host:    meduse (AVX2, FMA3, 7 GB RAM)
Command: iqtree -s ../simulations/data_D10T0L20I10T10//S/77_pruned.fasta -m GTR+G -alrt 1000 -redo
Seed:    18992 (Using SPRNG - Scalable Parallel Random Number Generator)
Time:    Mon Jun  4 00:08:15 2018
Kernel:  AVX

NOTE: Consider using the multicore version because your CPU has 4 cores!

Reading alignment file ../simulations/data_D10T0L20I10T10//S/77_pruned.fasta ... Fasta format detected
Alignment most likely contains DNA/RNA sequences
Alignment has 24 sequences with 300 columns and 298 patterns (285 informative sites)
          Gap/Ambiguity  Composition  p-value
   1  n200_199    0.00%    passed     10.14%
   2  n274_259    0.00%    passed     75.51%
   3  n298_283    0.00%    passed     99.49%
   4  n290_275    0.00%    passed     37.77%
   5  n266_251    0.00%    passed     70.41%
   6  n286_271    0.00%    passed     18.62%
   7  n297_282    0.00%    passed     97.52%
   8  n236_227    0.00%    passed     41.58%
   9  n299_284    0.00%    passed     84.19%
  10  n280_265    0.00%    passed     88.31%
  11  n275_260    0.00%    passed     95.79%
  12  n265_250    0.00%    passed     99.77%
  13  n293_278    0.00%    passed     94.73%
  14  n244_233    0.00%    passed     63.06%
  15  n300_285    0.00%    passed     92.70%
  16  n296_281    0.00%    passed     73.94%
  17  n287_272    0.00%    passed     79.26%
  18  n295_280    0.00%    passed     79.95%
  19  n294_279    0.00%    passed     88.15%
  20  n278_263    0.00%    passed     42.72%
  21  n289_274    0.00%    passed     75.06%
  22  n285_270    0.00%    passed     24.78%
  23  n292_277    0.00%    passed     73.08%
  24  n277_262    0.00%    passed     23.44%
****  TOTAL       0.00%  0 sequences failed composition chi2 test (p-value<5%; df=3)

Create initial parsimony tree by phylogenetic likelihood library (PLL)... 0.001 seconds

NOTE: 1 MB RAM is required!
Estimate model parameters (epsilon = 0.100)
1. Initial log-likelihood: -4597.092
2. Current log-likelihood: -4511.889
3. Current log-likelihood: -4501.025
4. Current log-likelihood: -4499.042
5. Current log-likelihood: -4498.564
Optimal log-likelihood: -4498.467
Rate parameters:  A-C: 0.953  A-G: 0.694  A-T: 0.841  C-G: 0.825  C-T: 1.142  G-T: 1.000
Base frequencies:   A: 0.227  C: 0.277  G: 0.245  T: 0.250
Gamma shape alpha: 4.285
Parameters optimization took 5 rounds (0.056 sec)
--------------------------------------------------------------------
|             INITIALIZING CANDIDATE TREE SET                      |
--------------------------------------------------------------------
Computing ML distances based on estimated model parameters... 0.004 sec
WARNING: Some pairwise ML distances are too long (saturated)
Computing BIONJ tree...
0.000 seconds
Log-likelihood of BIONJ tree: -4513.589
Generating 98 parsimony trees... 0.097 seconds 2 distinct starting trees
Computing log-likelihood of 2 initial trees ... 0.000 seconds
Optimizing top 2 initial trees with NNI...
Iteration 1 / LogL: -4496.914 / Time: 0h:0m:0s
Estimate model parameters (epsilon = 0.100)
BETTER TREE FOUND at iteration 1: -4496.803
Iteration 2 / LogL: -4496.723 / Time: 0h:0m:0s
Estimate model parameters (epsilon = 0.100)
BETTER SCORE FOUND at iteration 2: -4496.638
Average CPU time for 1 NNI search: 0.022
Finish initializing candidate tree set. Number of distinct locally optimal trees: 1
Current best tree score: -4496.638 / CPU time: 0.136
--------------------------------------------------------------------
|               OPTIMIZING CANDIDATE TREE SET                      |
--------------------------------------------------------------------
Iteration 10 / LogL: -4497.668 / Time: 0h:0m:0s
Iteration 20 / LogL: -4496.795 / Time: 0h:0m:0s (0h:0m:2s left)
Iteration 30 / LogL: -4496.855 / Time: 0h:0m:0s (0h:0m:2s left)
Iteration 40 / LogL: -4496.989 / Time: 0h:0m:1s (0h:0m:1s left)
Iteration 50 / LogL: -4507.405 / Time: 0h:0m:1s (0h:0m:1s left)
Iteration 60 / LogL: -4497.385 / Time: 0h:0m:1s (0h:0m:1s left)
Iteration 70 / LogL: -4500.522 / Time: 0h:0m:1s (0h:0m:0s left)
Iteration 80 / LogL: -4499.324 / Time: 0h:0m:2s (0h:0m:0s left)
Iteration 90 / LogL: -4496.761 / Time: 0h:0m:2s (0h:0m:0s left)
Iteration 100 / LogL: -4496.939 / Time: 0h:0m:2s (0h:0m:0s left)
TREE SEARCH COMPLETED AFTER 101 ITERATIONS / Time: 0h:0m:2s

--------------------------------------------------------------------
|                    FINALIZING TREE SEARCH                        |
--------------------------------------------------------------------
Performs final model parameters optimization
Estimate model parameters (epsilon = 0.010)
1. Initial log-likelihood: -4496.638
Optimal log-likelihood: -4496.630
Rate parameters:  A-C: 0.969  A-G: 0.705  A-T: 0.870  C-G: 0.831  C-T: 1.172  G-T: 1.000
Base frequencies:   A: 0.227  C: 0.277  G: 0.245  T: 0.250
Gamma shape alpha: 4.246
Parameters optimization took 1 rounds (0.006 sec)
BEST SCORE FOUND : -4496.630

Testing tree branches by SH-like aLRT with 1000 replicates...
CPU Time used:  0.104 sec.
Total tree length: 8.079

Total number of iterations: 101
CPU time used for tree search: 2.752 sec (0h:0m:2s)
Wall-clock time used for tree search: 2.758 sec (0h:0m:2s)
Total CPU time used: 2.948 sec (0h:0m:2s)
Total wall-clock time used: 2.958 sec (0h:0m:2s)

Analysis results written to: 
  IQ-TREE report:                ../simulations/data_D10T0L20I10T10//S/77_pruned.fasta.iqtree
  Maximum-likelihood tree:       ../simulations/data_D10T0L20I10T10//S/77_pruned.fasta.treefile
  Likelihood distances:          ../simulations/data_D10T0L20I10T10//S/77_pruned.fasta.mldist
  Screen log file:               ../simulations/data_D10T0L20I10T10//S/77_pruned.fasta.log

Date and Time: Mon Jun  4 00:08:17 2018
