IQ-TREE version 1.4.2 for Linux 64-bit built Apr 15 2016
Copyright (c) 2011-2015 Nguyen Lam Tung, Olga Chernomor, Arndt von Haeseler and Bui Quang Minh.

Host:    meduse (AVX2, FMA3, 7 GB RAM)
Command: iqtree -s ../simulations/data_D8T0L15I8T8//S/783_pruned.fasta -m GTR+G -alrt 1000 -redo
Seed:    155255 (Using SPRNG - Scalable Parallel Random Number Generator)
Time:    Fri May 25 22:44:36 2018
Kernel:  AVX

NOTE: Consider using the multicore version because your CPU has 4 cores!

Reading alignment file ../simulations/data_D8T0L15I8T8//S/783_pruned.fasta ... Fasta format detected
Alignment most likely contains DNA/RNA sequences
Alignment has 26 sequences with 300 columns and 168 patterns (152 informative sites)
          Gap/Ambiguity  Composition  p-value
   1  n298_299    0.00%    passed     76.51%
   2  n280_281    0.00%    passed     87.54%
   3  n200_201    0.00%    passed     78.23%
   4  n286_287    0.00%    passed     98.58%
   5  n287_288    0.00%    passed     98.84%
   6  n266_267    0.00%    passed     87.21%
   7  n292_293    0.00%    passed     88.94%
   8  n293_294    0.00%    passed     87.39%
   9  n275_276    0.00%    passed     89.92%
  10  n289_290    0.00%    passed     99.03%
  11  n297_298    0.00%    passed     83.17%
  12  n278_279    0.00%    passed     87.36%
  13  n295_296    0.00%    passed     98.88%
  14  n251_252    0.00%    passed     73.49%
  15  n274_275    0.00%    passed     84.53%
  16  n290_291    0.00%    passed     98.84%
  17  n236_237    0.00%    passed     94.52%
  18  n255_256    0.00%    passed     86.03%
  19  n285_286    0.00%    passed     93.49%
  20  n294_295    0.00%    passed     81.37%
  21  n300_301    0.00%    passed     87.54%
  22  n265_266    0.00%    passed     97.89%
  23  n296_297    0.00%    passed     98.41%
  24  n299_300    0.00%    passed     87.54%
  25  n244_245    0.00%    passed     86.67%
  26  n277_278    0.00%    passed     76.28%
****  TOTAL       0.00%  0 sequences failed composition chi2 test (p-value<5%; df=3)
NOTE: 3 identical sequences (see below) will be ignored for subsequent analysis
NOTE: n300_301 (identical to n280_281) is ignored but added at the end
NOTE: n299_300 (identical to n280_281) is ignored but added at the end
NOTE: n290_291 (identical to n287_288) is ignored but added at the end

Create initial parsimony tree by phylogenetic likelihood library (PLL)... 0.003 seconds

NOTE: 0 MB RAM is required!
Estimate model parameters (epsilon = 0.100)
1. Initial log-likelihood: -1971.121
2. Current log-likelihood: -1942.403
Optimal log-likelihood: -1942.313
Rate parameters:  A-C: 0.672  A-G: 0.796  A-T: 0.699  C-G: 1.004  C-T: 0.764  G-T: 1.000
Base frequencies:   A: 0.275  C: 0.277  G: 0.199  T: 0.249
Gamma shape alpha: 2.177
Parameters optimization took 2 rounds (0.018 sec)
--------------------------------------------------------------------
|             INITIALIZING CANDIDATE TREE SET                      |
--------------------------------------------------------------------
Computing ML distances based on estimated model parameters... 0.000 sec
Computing BIONJ tree...
0.000 seconds
Log-likelihood of BIONJ tree: -1943.266
Generating 98 parsimony trees... 0.128 seconds 35 distinct starting trees
Computing log-likelihood of 35 initial trees ... 0.076 seconds
Optimizing top 20 initial trees with NNI...
Iteration 1 / LogL: -1942.204 / Time: 0h:0m:0s
Estimate model parameters (epsilon = 0.100)
BETTER SCORE FOUND at iteration 1: -1942.196
Iteration 2 / LogL: -1942.199 / Time: 0h:0m:0s
Iteration 3 / LogL: -1942.199 / Time: 0h:0m:0s
Iteration 4 / LogL: -1942.199 / Time: 0h:0m:0s
Iteration 5 / LogL: -1942.199 / Time: 0h:0m:0s
Iteration 6 / LogL: -1942.197 / Time: 0h:0m:0s
Iteration 7 / LogL: -1942.196 / Time: 0h:0m:0s
Iteration 8 / LogL: -1942.196 / Time: 0h:0m:0s
Iteration 9 / LogL: -1942.196 / Time: 0h:0m:0s
Iteration 10 / LogL: -1942.196 / Time: 0h:0m:0s
Iteration 11 / LogL: -1942.196 / Time: 0h:0m:0s
Iteration 12 / LogL: -1942.309 / Time: 0h:0m:0s
Iteration 13 / LogL: -1942.309 / Time: 0h:0m:0s
Iteration 14 / LogL: -1942.309 / Time: 0h:0m:0s
Iteration 15 / LogL: -1942.309 / Time: 0h:0m:0s
Iteration 16 / LogL: -1942.197 / Time: 0h:0m:0s
Iteration 17 / LogL: -1942.197 / Time: 0h:0m:0s
Iteration 18 / LogL: -1942.197 / Time: 0h:0m:0s
Iteration 19 / LogL: -1942.197 / Time: 0h:0m:0s
Iteration 20 / LogL: -1942.197 / Time: 0h:0m:0s
Average CPU time for 1 NNI search: 0.007
Finish initializing candidate tree set. Number of distinct locally optimal trees: 12
Current best tree score: -1942.196 / CPU time: 0.352
--------------------------------------------------------------------
|               OPTIMIZING CANDIDATE TREE SET                      |
--------------------------------------------------------------------
Iteration 30 / LogL: -1942.196 / Time: 0h:0m:0s (0h:0m:1s left)
Iteration 40 / LogL: -1950.285 / Time: 0h:0m:0s (0h:0m:1s left)
Iteration 50 / LogL: -1942.196 / Time: 0h:0m:0s (0h:0m:0s left)
Iteration 60 / LogL: -1942.197 / Time: 0h:0m:1s (0h:0m:0s left)
Iteration 70 / LogL: -1942.207 / Time: 0h:0m:1s (0h:0m:0s left)
Iteration 80 / LogL: -1942.311 / Time: 0h:0m:1s (0h:0m:0s left)
Iteration 90 / LogL: -1991.470 / Time: 0h:0m:1s (0h:0m:0s left)
Iteration 100 / LogL: -1942.199 / Time: 0h:0m:1s (0h:0m:0s left)
TREE SEARCH COMPLETED AFTER 101 ITERATIONS / Time: 0h:0m:1s

--------------------------------------------------------------------
|                    FINALIZING TREE SEARCH                        |
--------------------------------------------------------------------
Performs final model parameters optimization
Estimate model parameters (epsilon = 0.010)
1. Initial log-likelihood: -1942.196
Optimal log-likelihood: -1942.195
Rate parameters:  A-C: 0.673  A-G: 0.791  A-T: 0.689  C-G: 1.004  C-T: 0.763  G-T: 1.000
Base frequencies:   A: 0.275  C: 0.277  G: 0.199  T: 0.249
Gamma shape alpha: 2.175
Parameters optimization took 1 rounds (0.005 sec)
BEST SCORE FOUND : -1942.195

Testing tree branches by SH-like aLRT with 1000 replicates...
CPU Time used:  0.124 sec.
Total tree length: 1.163

Total number of iterations: 101
CPU time used for tree search: 1.844 sec (0h:0m:1s)
Wall-clock time used for tree search: 1.843 sec (0h:0m:1s)
Total CPU time used: 2.016 sec (0h:0m:2s)
Total wall-clock time used: 2.017 sec (0h:0m:2s)

Analysis results written to: 
  IQ-TREE report:                ../simulations/data_D8T0L15I8T8//S/783_pruned.fasta.iqtree
  Maximum-likelihood tree:       ../simulations/data_D8T0L15I8T8//S/783_pruned.fasta.treefile
  Likelihood distances:          ../simulations/data_D8T0L15I8T8//S/783_pruned.fasta.mldist
  Screen log file:               ../simulations/data_D8T0L15I8T8//S/783_pruned.fasta.log

Date and Time: Fri May 25 22:44:38 2018
