IQ-TREE version 1.4.2 for Linux 64-bit built Apr 15 2016
Copyright (c) 2011-2015 Nguyen Lam Tung, Olga Chernomor, Arndt von Haeseler and Bui Quang Minh.

Host:    meduse (AVX2, FMA3, 7 GB RAM)
Command: iqtree -s ../simulations/data_D10T0L20I10T10//S/785_pruned.fasta -m GTR+G -alrt 1000 -redo
Seed:    752721 (Using SPRNG - Scalable Parallel Random Number Generator)
Time:    Fri Jun  1 10:54:56 2018
Kernel:  AVX

NOTE: Consider using the multicore version because your CPU has 4 cores!

Reading alignment file ../simulations/data_D10T0L20I10T10//S/785_pruned.fasta ... Fasta format detected
Alignment most likely contains DNA/RNA sequences
Alignment has 26 sequences with 300 columns and 170 patterns (153 informative sites)
          Gap/Ambiguity  Composition  p-value
   1  n289_290    0.00%    passed     97.87%
   2  n294_295    0.00%    passed     99.71%
   3  n295_296    0.00%    passed     99.50%
   4  n266_267    0.00%    passed     95.13%
   5  n299_300    0.00%    passed     87.10%
   6  n298_299    0.00%    passed     99.57%
   7  n290_291    0.00%    passed     99.71%
   8  n274_275    0.00%    passed     77.55%
   9  n251_252    0.00%    passed     68.22%
  10  n293_294    0.00%    passed     97.84%
  11  n265_266    0.00%    passed     94.35%
  12  n296_297    0.00%    passed     99.43%
  13  n300_301    0.00%    passed     90.67%
  14  n244_245    0.00%    passed     37.53%
  15  n278_279    0.00%    passed     98.42%
  16  n287_288    0.00%    passed     96.99%
  17  n200_201    0.00%    passed     57.51%
  18  n277_278    0.00%    passed     98.67%
  19  n297_298    0.00%    passed     99.95%
  20  n236_237    0.00%    passed     84.19%
  21  n280_281    0.00%    passed     77.60%
  22  n285_286    0.00%    passed     94.92%
  23  n275_276    0.00%    passed     99.52%
  24  n255_256    0.00%    passed     69.88%
  25  n292_293    0.00%    passed     82.18%
  26  n286_287    0.00%    passed     97.54%
****  TOTAL       0.00%  0 sequences failed composition chi2 test (p-value<5%; df=3)

Create initial parsimony tree by phylogenetic likelihood library (PLL)... 0.001 seconds

NOTE: 0 MB RAM is required!
Estimate model parameters (epsilon = 0.100)
1. Initial log-likelihood: -2005.478
2. Current log-likelihood: -1976.690
3. Current log-likelihood: -1976.442
Optimal log-likelihood: -1976.440
Rate parameters:  A-C: 1.275  A-G: 1.425  A-T: 1.005  C-G: 1.240  C-T: 1.367  G-T: 1.000
Base frequencies:   A: 0.215  C: 0.259  G: 0.244  T: 0.282
Gamma shape alpha: 2.889
Parameters optimization took 3 rounds (0.021 sec)
--------------------------------------------------------------------
|             INITIALIZING CANDIDATE TREE SET                      |
--------------------------------------------------------------------
Computing ML distances based on estimated model parameters... 0.004 sec
Computing BIONJ tree...
0.000 seconds
Log-likelihood of BIONJ tree: -1976.439
Generating 98 parsimony trees... 0.089 seconds 34 distinct starting trees
Computing log-likelihood of 34 initial trees ... 0.060 seconds
Optimizing top 20 initial trees with NNI...
Iteration 1 / LogL: -1976.440 / Time: 0h:0m:0s
Estimate model parameters (epsilon = 0.100)
BETTER SCORE FOUND at iteration 1: -1976.438
Iteration 2 / LogL: -1976.440 / Time: 0h:0m:0s
Iteration 3 / LogL: -1976.440 / Time: 0h:0m:0s
Iteration 4 / LogL: -1976.440 / Time: 0h:0m:0s
Iteration 5 / LogL: -1976.440 / Time: 0h:0m:0s
Iteration 6 / LogL: -1976.440 / Time: 0h:0m:0s
Iteration 7 / LogL: -1976.440 / Time: 0h:0m:0s
Iteration 8 / LogL: -1976.440 / Time: 0h:0m:0s
Iteration 9 / LogL: -1976.440 / Time: 0h:0m:0s
Iteration 10 / LogL: -1976.440 / Time: 0h:0m:0s
Iteration 11 / LogL: -1976.440 / Time: 0h:0m:0s
Iteration 12 / LogL: -1976.440 / Time: 0h:0m:0s
Iteration 13 / LogL: -1976.440 / Time: 0h:0m:0s
Iteration 14 / LogL: -1976.440 / Time: 0h:0m:0s
Iteration 15 / LogL: -1976.440 / Time: 0h:0m:0s
Iteration 16 / LogL: -1976.440 / Time: 0h:0m:0s
Iteration 17 / LogL: -1976.440 / Time: 0h:0m:0s
Iteration 18 / LogL: -1976.440 / Time: 0h:0m:0s
Iteration 19 / LogL: -1976.440 / Time: 0h:0m:0s
Iteration 20 / LogL: -1976.440 / Time: 0h:0m:0s
Average CPU time for 1 NNI search: 0.004
Finish initializing candidate tree set. Number of distinct locally optimal trees: 20
Current best tree score: -1976.438 / CPU time: 0.232
--------------------------------------------------------------------
|               OPTIMIZING CANDIDATE TREE SET                      |
--------------------------------------------------------------------
Iteration 30 / LogL: -1976.438 / Time: 0h:0m:0s (0h:0m:1s left)
Iteration 40 / LogL: -1976.441 / Time: 0h:0m:0s (0h:0m:0s left)
Iteration 50 / LogL: -1976.691 / Time: 0h:0m:0s (0h:0m:0s left)
Iteration 60 / LogL: -1976.439 / Time: 0h:0m:0s (0h:0m:0s left)
Iteration 70 / LogL: -1976.454 / Time: 0h:0m:0s (0h:0m:0s left)
Iteration 80 / LogL: -1985.946 / Time: 0h:0m:1s (0h:0m:0s left)
Iteration 90 / LogL: -1976.466 / Time: 0h:0m:1s (0h:0m:0s left)
Iteration 100 / LogL: -1976.439 / Time: 0h:0m:1s (0h:0m:0s left)
TREE SEARCH COMPLETED AFTER 101 ITERATIONS / Time: 0h:0m:1s

--------------------------------------------------------------------
|                    FINALIZING TREE SEARCH                        |
--------------------------------------------------------------------
Performs final model parameters optimization
Estimate model parameters (epsilon = 0.010)
1. Initial log-likelihood: -1976.438
Optimal log-likelihood: -1976.438
Rate parameters:  A-C: 1.271  A-G: 1.418  A-T: 1.002  C-G: 1.236  C-T: 1.363  G-T: 1.000
Base frequencies:   A: 0.215  C: 0.259  G: 0.244  T: 0.282
Gamma shape alpha: 2.889
Parameters optimization took 1 rounds (0.005 sec)
BEST SCORE FOUND : -1976.438

Testing tree branches by SH-like aLRT with 1000 replicates...
CPU Time used:  0.104 sec.
Total tree length: 1.185

Total number of iterations: 101
CPU time used for tree search: 1.380 sec (0h:0m:1s)
Wall-clock time used for tree search: 1.385 sec (0h:0m:1s)
Total CPU time used: 1.520 sec (0h:0m:1s)
Total wall-clock time used: 1.530 sec (0h:0m:1s)

Analysis results written to: 
  IQ-TREE report:                ../simulations/data_D10T0L20I10T10//S/785_pruned.fasta.iqtree
  Maximum-likelihood tree:       ../simulations/data_D10T0L20I10T10//S/785_pruned.fasta.treefile
  Likelihood distances:          ../simulations/data_D10T0L20I10T10//S/785_pruned.fasta.mldist
  Screen log file:               ../simulations/data_D10T0L20I10T10//S/785_pruned.fasta.log

Date and Time: Fri Jun  1 10:54:58 2018
