IQ-TREE version 1.4.2 for Linux 64-bit built Apr 15 2016
Copyright (c) 2011-2015 Nguyen Lam Tung, Olga Chernomor, Arndt von Haeseler and Bui Quang Minh.

Host:    meduse (AVX2, FMA3, 7 GB RAM)
Command: iqtree -s ../simulations/data_D8T0L15I8T8//S/788_pruned.fasta -m GTR+G -alrt 1000 -redo
Seed:    846737 (Using SPRNG - Scalable Parallel Random Number Generator)
Time:    Fri May 25 22:29:18 2018
Kernel:  AVX

NOTE: Consider using the multicore version because your CPU has 4 cores!

Reading alignment file ../simulations/data_D8T0L15I8T8//S/788_pruned.fasta ... Fasta format detected
Alignment most likely contains DNA/RNA sequences
Alignment has 26 sequences with 300 columns and 176 patterns (156 informative sites)
          Gap/Ambiguity  Composition  p-value
   1  n287_292    0.00%    passed     93.87%
   2  n298_303    0.00%    passed     85.18%
   3  n251_256    0.00%    passed     70.36%
   4  n244_249    0.00%    passed     98.87%
   5  n293_298    0.00%    passed     71.92%
   6  n294_299    0.00%    passed     71.92%
   7  n292_297    0.00%    passed     99.53%
   8  n295_300    0.00%    passed     85.42%
   9  n286_291    0.00%    passed     71.55%
  10  n236_241    0.00%    passed     78.33%
  11  n285_290    0.00%    passed     60.04%
  12  n290_295    0.00%    passed     95.40%
  13  n200_205    0.00%    passed     95.11%
  14  n297_302    0.00%    passed     87.47%
  15  n280_285    0.00%    passed     99.53%
  16  n296_301    0.00%    passed     85.42%
  17  n277_282    0.00%    passed     97.62%
  18  n275_280    0.00%    passed     93.82%
  19  n265_270    0.00%    passed     58.51%
  20  n289_294    0.00%    passed     90.67%
  21  n255_260    0.00%    passed     64.45%
  22  n266_271    0.00%    passed     48.63%
  23  n300_305    0.00%    passed     98.91%
  24  n299_304    0.00%    passed     98.91%
  25  n278_283    0.00%    passed     93.65%
  26  n274_279    0.00%    passed     98.97%
****  TOTAL       0.00%  0 sequences failed composition chi2 test (p-value<5%; df=3)
NOTE: 3 identical sequences (see below) will be ignored for subsequent analysis
NOTE: n280_285 (identical to n292_297) is ignored but added at the end
NOTE: n296_301 (identical to n295_300) is ignored but added at the end
NOTE: n299_304 (identical to n300_305) is ignored but added at the end

Create initial parsimony tree by phylogenetic likelihood library (PLL)... 0.001 seconds

NOTE: 0 MB RAM is required!
Estimate model parameters (epsilon = 0.100)
1. Initial log-likelihood: -1950.917
2. Current log-likelihood: -1909.162
3. Current log-likelihood: -1908.886
Optimal log-likelihood: -1908.875
Rate parameters:  A-C: 1.452  A-G: 1.446  A-T: 1.023  C-G: 1.440  C-T: 1.233  G-T: 1.000
Base frequencies:   A: 0.222  C: 0.270  G: 0.265  T: 0.243
Gamma shape alpha: 998.384
Parameters optimization took 3 rounds (0.024 sec)
--------------------------------------------------------------------
|             INITIALIZING CANDIDATE TREE SET                      |
--------------------------------------------------------------------
Computing ML distances based on estimated model parameters... 0.000 sec
Computing BIONJ tree...
0.000 seconds
Log-likelihood of BIONJ tree: -1908.875
Generating 98 parsimony trees... 0.103 seconds 36 distinct starting trees
Computing log-likelihood of 36 initial trees ... 0.074 seconds
Optimizing top 20 initial trees with NNI...
Iteration 1 / LogL: -1908.875 / Time: 0h:0m:0s
Estimate model parameters (epsilon = 0.100)
BETTER SCORE FOUND at iteration 1: -1908.865
Iteration 2 / LogL: -1908.867 / Time: 0h:0m:0s
Iteration 3 / LogL: -1908.868 / Time: 0h:0m:0s
Iteration 4 / LogL: -1908.868 / Time: 0h:0m:0s
Iteration 5 / LogL: -1908.868 / Time: 0h:0m:0s
Iteration 6 / LogL: -1908.868 / Time: 0h:0m:0s
Iteration 7 / LogL: -1908.868 / Time: 0h:0m:0s
Iteration 8 / LogL: -1908.868 / Time: 0h:0m:0s
Iteration 9 / LogL: -1908.868 / Time: 0h:0m:0s
Iteration 10 / LogL: -1908.868 / Time: 0h:0m:0s
Iteration 11 / LogL: -1908.868 / Time: 0h:0m:0s
Iteration 12 / LogL: -1908.868 / Time: 0h:0m:0s
Iteration 13 / LogL: -1908.868 / Time: 0h:0m:0s
Iteration 14 / LogL: -1908.868 / Time: 0h:0m:0s
Iteration 15 / LogL: -1908.868 / Time: 0h:0m:0s
Iteration 16 / LogL: -1908.868 / Time: 0h:0m:0s
Iteration 17 / LogL: -1908.868 / Time: 0h:0m:0s
Iteration 18 / LogL: -1908.868 / Time: 0h:0m:0s
Iteration 19 / LogL: -1908.868 / Time: 0h:0m:0s
Iteration 20 / LogL: -1908.868 / Time: 0h:0m:0s
Average CPU time for 1 NNI search: 0.005
Finish initializing candidate tree set. Number of distinct locally optimal trees: 20
Current best tree score: -1908.865 / CPU time: 0.276
--------------------------------------------------------------------
|               OPTIMIZING CANDIDATE TREE SET                      |
--------------------------------------------------------------------
Iteration 30 / LogL: -1908.867 / Time: 0h:0m:0s (0h:0m:1s left)
Iteration 40 / LogL: -1908.866 / Time: 0h:0m:0s (0h:0m:1s left)
Iteration 50 / LogL: -1908.866 / Time: 0h:0m:0s (0h:0m:0s left)
Iteration 60 / LogL: -1926.016 / Time: 0h:0m:0s (0h:0m:0s left)
Iteration 70 / LogL: -1910.125 / Time: 0h:0m:1s (0h:0m:0s left)
Iteration 80 / LogL: -1908.960 / Time: 0h:0m:1s (0h:0m:0s left)
Iteration 90 / LogL: -1908.866 / Time: 0h:0m:1s (0h:0m:0s left)
Iteration 100 / LogL: -1924.049 / Time: 0h:0m:1s (0h:0m:0s left)
TREE SEARCH COMPLETED AFTER 101 ITERATIONS / Time: 0h:0m:1s

--------------------------------------------------------------------
|                    FINALIZING TREE SEARCH                        |
--------------------------------------------------------------------
Performs final model parameters optimization
Estimate model parameters (epsilon = 0.010)
1. Initial log-likelihood: -1908.865
Optimal log-likelihood: -1908.861
Rate parameters:  A-C: 1.427  A-G: 1.437  A-T: 1.019  C-G: 1.417  C-T: 1.216  G-T: 1.000
Base frequencies:   A: 0.222  C: 0.270  G: 0.265  T: 0.243
Gamma shape alpha: 998.384
Parameters optimization took 1 rounds (0.005 sec)
BEST SCORE FOUND : -1908.861

Testing tree branches by SH-like aLRT with 1000 replicates...
CPU Time used:  0.100 sec.
Total tree length: 1.057

Total number of iterations: 101
CPU time used for tree search: 1.544 sec (0h:0m:1s)
Wall-clock time used for tree search: 1.544 sec (0h:0m:1s)
Total CPU time used: 1.688 sec (0h:0m:1s)
Total wall-clock time used: 1.689 sec (0h:0m:1s)

Analysis results written to: 
  IQ-TREE report:                ../simulations/data_D8T0L15I8T8//S/788_pruned.fasta.iqtree
  Maximum-likelihood tree:       ../simulations/data_D8T0L15I8T8//S/788_pruned.fasta.treefile
  Likelihood distances:          ../simulations/data_D8T0L15I8T8//S/788_pruned.fasta.mldist
  Screen log file:               ../simulations/data_D8T0L15I8T8//S/788_pruned.fasta.log

Date and Time: Fri May 25 22:29:20 2018
