IQ-TREE version 1.4.2 for Linux 64-bit built Apr 15 2016
Copyright (c) 2011-2015 Nguyen Lam Tung, Olga Chernomor, Arndt von Haeseler and Bui Quang Minh.

Host:    meduse (AVX2, FMA3, 7 GB RAM)
Command: iqtree -s ../simulations/data_D8T0L15I8T8//S/799_pruned.fasta -m GTR+G -alrt 1000 -redo
Seed:    948653 (Using SPRNG - Scalable Parallel Random Number Generator)
Time:    Fri May 25 22:48:53 2018
Kernel:  AVX

NOTE: Consider using the multicore version because your CPU has 4 cores!

Reading alignment file ../simulations/data_D8T0L15I8T8//S/799_pruned.fasta ... Fasta format detected
Alignment most likely contains DNA/RNA sequences
Alignment has 26 sequences with 300 columns and 165 patterns (140 informative sites)
          Gap/Ambiguity  Composition  p-value
   1  n298_299    0.00%    passed     92.21%
   2  n280_281    0.00%    passed     66.48%
   3  n200_201    0.00%    passed     84.47%
   4  n286_287    0.00%    passed     97.05%
   5  n287_288    0.00%    passed     92.28%
   6  n266_267    0.00%    passed     98.43%
   7  n292_293    0.00%    passed     77.50%
   8  n293_294    0.00%    passed     78.53%
   9  n275_276    0.00%    passed     96.02%
  10  n289_290    0.00%    passed     88.40%
  11  n297_298    0.00%    passed     92.21%
  12  n278_279    0.00%    passed     55.67%
  13  n295_296    0.00%    passed     92.21%
  14  n251_252    0.00%    passed     84.20%
  15  n274_275    0.00%    passed     74.04%
  16  n290_291    0.00%    passed     95.29%
  17  n236_237    0.00%    passed     86.63%
  18  n255_256    0.00%    passed     70.98%
  19  n285_286    0.00%    passed     95.96%
  20  n294_295    0.00%    passed     83.95%
  21  n300_301    0.00%    passed     74.04%
  22  n265_266    0.00%    passed     96.71%
  23  n296_297    0.00%    passed     88.32%
  24  n299_300    0.00%    passed     74.04%
  25  n244_245    0.00%    passed     59.40%
  26  n277_278    0.00%    passed     48.04%
****  TOTAL       0.00%  0 sequences failed composition chi2 test (p-value<5%; df=3)
NOTE: 2 identical sequences (see below) will be ignored for subsequent analysis
NOTE: n297_298 (identical to n298_299) is ignored but added at the end
NOTE: n299_300 (identical to n300_301) is ignored but added at the end

Create initial parsimony tree by phylogenetic likelihood library (PLL)... 0.001 seconds

NOTE: 0 MB RAM is required!
Estimate model parameters (epsilon = 0.100)
1. Initial log-likelihood: -1956.021
2. Current log-likelihood: -1920.723
3. Current log-likelihood: -1920.316
4. Current log-likelihood: -1920.062
Optimal log-likelihood: -1920.027
Rate parameters:  A-C: 1.136  A-G: 2.423  A-T: 2.028  C-G: 1.524  C-T: 2.022  G-T: 1.000
Base frequencies:   A: 0.228  C: 0.294  G: 0.252  T: 0.226
Gamma shape alpha: 2.727
Parameters optimization took 4 rounds (0.048 sec)
--------------------------------------------------------------------
|             INITIALIZING CANDIDATE TREE SET                      |
--------------------------------------------------------------------
Computing ML distances based on estimated model parameters... 0.000 sec
Computing BIONJ tree...
0.000 seconds
Log-likelihood of BIONJ tree: -1920.027
Generating 98 parsimony trees... 0.138 seconds 62 distinct starting trees
Computing log-likelihood of 62 initial trees ... 0.160 seconds
Optimizing top 20 initial trees with NNI...
Iteration 1 / LogL: -1920.027 / Time: 0h:0m:0s
Estimate model parameters (epsilon = 0.100)
BETTER SCORE FOUND at iteration 1: -1920.015
Iteration 2 / LogL: -1920.016 / Time: 0h:0m:0s
Iteration 3 / LogL: -1920.220 / Time: 0h:0m:0s
Iteration 4 / LogL: -1920.220 / Time: 0h:0m:0s
Iteration 5 / LogL: -1920.220 / Time: 0h:0m:0s
Iteration 6 / LogL: -1920.220 / Time: 0h:0m:0s
Iteration 7 / LogL: -1920.220 / Time: 0h:0m:0s
Iteration 8 / LogL: -1920.220 / Time: 0h:0m:0s
Iteration 9 / LogL: -1920.220 / Time: 0h:0m:0s
Iteration 10 / LogL: -1920.220 / Time: 0h:0m:0s
Iteration 11 / LogL: -1920.220 / Time: 0h:0m:0s
Iteration 12 / LogL: -1920.220 / Time: 0h:0m:0s
Iteration 13 / LogL: -1920.220 / Time: 0h:0m:0s
Iteration 14 / LogL: -1920.220 / Time: 0h:0m:0s
Iteration 15 / LogL: -1920.220 / Time: 0h:0m:0s
Iteration 16 / LogL: -1920.220 / Time: 0h:0m:0s
Iteration 17 / LogL: -1920.220 / Time: 0h:0m:0s
Iteration 18 / LogL: -1920.220 / Time: 0h:0m:0s
Iteration 19 / LogL: -1920.220 / Time: 0h:0m:0s
Iteration 20 / LogL: -1920.220 / Time: 0h:0m:0s
Average CPU time for 1 NNI search: 0.007
Finish initializing candidate tree set. Number of distinct locally optimal trees: 20
Current best tree score: -1920.015 / CPU time: 0.424
--------------------------------------------------------------------
|               OPTIMIZING CANDIDATE TREE SET                      |
--------------------------------------------------------------------
Iteration 30 / LogL: -1951.125 / Time: 0h:0m:0s (0h:0m:1s left)
Iteration 40 / LogL: -1920.015 / Time: 0h:0m:0s (0h:0m:1s left)
Iteration 50 / LogL: -1920.032 / Time: 0h:0m:1s (0h:0m:1s left)
Iteration 60 / LogL: -1920.134 / Time: 0h:0m:1s (0h:0m:0s left)
Iteration 70 / LogL: -1920.016 / Time: 0h:0m:1s (0h:0m:0s left)
Iteration 80 / LogL: -1920.095 / Time: 0h:0m:1s (0h:0m:0s left)
Iteration 90 / LogL: -1920.015 / Time: 0h:0m:1s (0h:0m:0s left)
Iteration 100 / LogL: -1920.206 / Time: 0h:0m:2s (0h:0m:0s left)
TREE SEARCH COMPLETED AFTER 101 ITERATIONS / Time: 0h:0m:2s

--------------------------------------------------------------------
|                    FINALIZING TREE SEARCH                        |
--------------------------------------------------------------------
Performs final model parameters optimization
Estimate model parameters (epsilon = 0.010)
1. Initial log-likelihood: -1920.015
Optimal log-likelihood: -1920.013
Rate parameters:  A-C: 1.132  A-G: 2.369  A-T: 1.983  C-G: 1.494  C-T: 1.978  G-T: 1.000
Base frequencies:   A: 0.228  C: 0.294  G: 0.252  T: 0.226
Gamma shape alpha: 2.734
Parameters optimization took 1 rounds (0.007 sec)
BEST SCORE FOUND : -1920.013

Testing tree branches by SH-like aLRT with 1000 replicates...
CPU Time used:  0.168 sec.
Total tree length: 1.104

Total number of iterations: 101
CPU time used for tree search: 2.120 sec (0h:0m:2s)
Wall-clock time used for tree search: 2.137 sec (0h:0m:2s)
Total CPU time used: 2.368 sec (0h:0m:2s)
Total wall-clock time used: 2.381 sec (0h:0m:2s)

Analysis results written to: 
  IQ-TREE report:                ../simulations/data_D8T0L15I8T8//S/799_pruned.fasta.iqtree
  Maximum-likelihood tree:       ../simulations/data_D8T0L15I8T8//S/799_pruned.fasta.treefile
  Likelihood distances:          ../simulations/data_D8T0L15I8T8//S/799_pruned.fasta.mldist
  Screen log file:               ../simulations/data_D8T0L15I8T8//S/799_pruned.fasta.log

Date and Time: Fri May 25 22:48:56 2018
