IQ-TREE version 1.4.2 for Linux 64-bit built Apr 15 2016
Copyright (c) 2011-2015 Nguyen Lam Tung, Olga Chernomor, Arndt von Haeseler and Bui Quang Minh.

Host:    meduse (AVX2, FMA3, 7 GB RAM)
Command: iqtree -s ../simulations/data_D8T0L15I8T8//S/79_pruned.fasta -m GTR+G -alrt 1000 -redo
Seed:    212745 (Using SPRNG - Scalable Parallel Random Number Generator)
Time:    Fri May 25 22:36:12 2018
Kernel:  AVX

NOTE: Consider using the multicore version because your CPU has 4 cores!

Reading alignment file ../simulations/data_D8T0L15I8T8//S/79_pruned.fasta ... Fasta format detected
Alignment most likely contains DNA/RNA sequences
Alignment has 26 sequences with 300 columns and 183 patterns (159 informative sites)
          Gap/Ambiguity  Composition  p-value
   1  n298_299    0.00%    passed     90.19%
   2  n280_281    0.00%    passed     98.49%
   3  n200_201    0.00%    passed     62.67%
   4  n286_287    0.00%    passed     92.52%
   5  n287_288    0.00%    passed     98.24%
   6  n266_267    0.00%    passed     89.29%
   7  n292_293    0.00%    passed     97.51%
   8  n293_294    0.00%    passed     94.79%
   9  n275_276    0.00%    passed     94.79%
  10  n289_290    0.00%    passed     97.93%
  11  n297_298    0.00%    passed     90.19%
  12  n278_279    0.00%    passed     99.87%
  13  n295_296    0.00%    passed     89.69%
  14  n251_252    0.00%    passed     88.52%
  15  n274_275    0.00%    passed     95.97%
  16  n290_291    0.00%    passed     99.47%
  17  n236_237    0.00%    passed     94.49%
  18  n255_256    0.00%    passed     87.44%
  19  n285_286    0.00%    passed     96.90%
  20  n294_295    0.00%    passed     94.79%
  21  n300_301    0.00%    passed     97.51%
  22  n265_266    0.00%    passed     95.47%
  23  n296_297    0.00%    passed     95.71%
  24  n299_300    0.00%    passed     97.51%
  25  n244_245    0.00%    passed     76.72%
  26  n277_278    0.00%    passed     99.13%
****  TOTAL       0.00%  0 sequences failed composition chi2 test (p-value<5%; df=3)
NOTE: 3 identical sequences (see below) will be ignored for subsequent analysis
NOTE: n297_298 (identical to n298_299) is ignored but added at the end
NOTE: n300_301 (identical to n292_293) is ignored but added at the end
NOTE: n299_300 (identical to n292_293) is ignored but added at the end

Create initial parsimony tree by phylogenetic likelihood library (PLL)... 0.001 seconds

NOTE: 0 MB RAM is required!
Estimate model parameters (epsilon = 0.100)
1. Initial log-likelihood: -2016.280
2. Current log-likelihood: -1964.883
3. Current log-likelihood: -1964.464
Optimal log-likelihood: -1964.459
Rate parameters:  A-C: 0.837  A-G: 1.166  A-T: 1.309  C-G: 1.307  C-T: 1.354  G-T: 1.000
Base frequencies:   A: 0.256  C: 0.267  G: 0.252  T: 0.224
Gamma shape alpha: 998.410
Parameters optimization took 3 rounds (0.030 sec)
--------------------------------------------------------------------
|             INITIALIZING CANDIDATE TREE SET                      |
--------------------------------------------------------------------
Computing ML distances based on estimated model parameters... 0.000 sec
Computing BIONJ tree...
0.001 seconds
Log-likelihood of BIONJ tree: -1964.459
Generating 98 parsimony trees... 0.104 seconds 12 distinct starting trees
Computing log-likelihood of 12 initial trees ... 0.024 seconds
Optimizing top 12 initial trees with NNI...
Iteration 1 / LogL: -1964.459 / Time: 0h:0m:0s
Estimate model parameters (epsilon = 0.100)
BETTER SCORE FOUND at iteration 1: -1964.455
Iteration 2 / LogL: -1964.457 / Time: 0h:0m:0s
Iteration 3 / LogL: -1964.457 / Time: 0h:0m:0s
Iteration 4 / LogL: -1964.457 / Time: 0h:0m:0s
Iteration 5 / LogL: -1964.457 / Time: 0h:0m:0s
Iteration 6 / LogL: -1964.457 / Time: 0h:0m:0s
Iteration 7 / LogL: -1964.457 / Time: 0h:0m:0s
Iteration 8 / LogL: -1964.457 / Time: 0h:0m:0s
Iteration 9 / LogL: -1964.457 / Time: 0h:0m:0s
Iteration 10 / LogL: -1964.457 / Time: 0h:0m:0s
Iteration 11 / LogL: -1964.457 / Time: 0h:0m:0s
Iteration 12 / LogL: -1964.457 / Time: 0h:0m:0s
Average CPU time for 1 NNI search: 0.007
Finish initializing candidate tree set. Number of distinct locally optimal trees: 12
Current best tree score: -1964.455 / CPU time: 0.208
--------------------------------------------------------------------
|               OPTIMIZING CANDIDATE TREE SET                      |
--------------------------------------------------------------------
Iteration 20 / LogL: -1964.459 / Time: 0h:0m:0s (0h:0m:1s left)
Iteration 30 / LogL: -1964.456 / Time: 0h:0m:0s (0h:0m:1s left)
Iteration 40 / LogL: -1964.477 / Time: 0h:0m:0s (0h:0m:1s left)
Iteration 50 / LogL: -1964.456 / Time: 0h:0m:1s (0h:0m:1s left)
Iteration 60 / LogL: -1964.515 / Time: 0h:0m:1s (0h:0m:0s left)
Iteration 70 / LogL: -1964.456 / Time: 0h:0m:1s (0h:0m:0s left)
Iteration 80 / LogL: -1964.460 / Time: 0h:0m:1s (0h:0m:0s left)
Iteration 90 / LogL: -1964.456 / Time: 0h:0m:1s (0h:0m:0s left)
Iteration 100 / LogL: -1964.460 / Time: 0h:0m:1s (0h:0m:0s left)
TREE SEARCH COMPLETED AFTER 101 ITERATIONS / Time: 0h:0m:1s

--------------------------------------------------------------------
|                    FINALIZING TREE SEARCH                        |
--------------------------------------------------------------------
Performs final model parameters optimization
Estimate model parameters (epsilon = 0.010)
1. Initial log-likelihood: -1964.455
Optimal log-likelihood: -1964.453
Rate parameters:  A-C: 0.830  A-G: 1.160  A-T: 1.300  C-G: 1.296  C-T: 1.344  G-T: 1.000
Base frequencies:   A: 0.256  C: 0.267  G: 0.252  T: 0.224
Gamma shape alpha: 998.410
Parameters optimization took 1 rounds (0.006 sec)
BEST SCORE FOUND : -1964.453

Testing tree branches by SH-like aLRT with 1000 replicates...
CPU Time used:  0.136 sec.
Total tree length: 1.112

Total number of iterations: 101
CPU time used for tree search: 1.852 sec (0h:0m:1s)
Wall-clock time used for tree search: 1.852 sec (0h:0m:1s)
Total CPU time used: 2.044 sec (0h:0m:2s)
Total wall-clock time used: 2.045 sec (0h:0m:2s)

Analysis results written to: 
  IQ-TREE report:                ../simulations/data_D8T0L15I8T8//S/79_pruned.fasta.iqtree
  Maximum-likelihood tree:       ../simulations/data_D8T0L15I8T8//S/79_pruned.fasta.treefile
  Likelihood distances:          ../simulations/data_D8T0L15I8T8//S/79_pruned.fasta.mldist
  Screen log file:               ../simulations/data_D8T0L15I8T8//S/79_pruned.fasta.log

Date and Time: Fri May 25 22:36:14 2018
