IQ-TREE version 1.4.2 for Linux 64-bit built Apr 15 2016
Copyright (c) 2011-2015 Nguyen Lam Tung, Olga Chernomor, Arndt von Haeseler and Bui Quang Minh.

Host:    meduse (AVX2, FMA3, 7 GB RAM)
Command: iqtree -s ../simulations/data_D10T0L20I10T10//S/7_pruned.fasta -m GTR+G -alrt 1000 -redo
Seed:    568295 (Using SPRNG - Scalable Parallel Random Number Generator)
Time:    Mon Jun  4 00:06:46 2018
Kernel:  AVX

NOTE: Consider using the multicore version because your CPU has 4 cores!

Reading alignment file ../simulations/data_D10T0L20I10T10//S/7_pruned.fasta ... Fasta format detected
Alignment most likely contains DNA/RNA sequences
Alignment has 26 sequences with 300 columns and 300 patterns (289 informative sites)
          Gap/Ambiguity  Composition  p-value
   1  n277_278    0.00%    passed     99.97%
   2  n286_287    0.00%    passed     34.30%
   3  n296_297    0.00%    passed     96.60%
   4  n285_286    0.00%    passed     42.35%
   5  n289_290    0.00%    passed     70.58%
   6  n274_275    0.00%    passed     58.04%
   7  n255_256    0.00%    passed     62.24%
   8  n275_276    0.00%    passed     93.44%
   9  n278_279    0.00%    passed     98.78%
  10  n299_300    0.00%    passed     66.67%
  11  n236_237    0.00%    passed     65.17%
  12  n293_294    0.00%    passed     91.14%
  13  n290_291    0.00%    passed     97.27%
  14  n297_298    0.00%    passed     99.51%
  15  n200_201    0.00%    passed     63.72%
  16  n292_293    0.00%    passed     67.83%
  17  n280_281    0.00%    passed     57.23%
  18  n295_296    0.00%    passed     98.45%
  19  n287_288    0.00%    passed     85.21%
  20  n244_245    0.00%    passed     72.20%
  21  n265_266    0.00%    passed     55.07%
  22  n266_267    0.00%    passed     91.03%
  23  n294_295    0.00%    passed     94.60%
  24  n251_252    0.00%    passed     12.39%
  25  n298_299    0.00%    passed     94.59%
  26  n300_301    0.00%    passed     58.04%
****  TOTAL       0.00%  0 sequences failed composition chi2 test (p-value<5%; df=3)

Create initial parsimony tree by phylogenetic likelihood library (PLL)... 0.002 seconds

NOTE: 1 MB RAM is required!
Estimate model parameters (epsilon = 0.100)
1. Initial log-likelihood: -5224.127
2. Current log-likelihood: -5143.335
3. Current log-likelihood: -5129.964
4. Current log-likelihood: -5127.537
5. Current log-likelihood: -5127.096
Optimal log-likelihood: -5126.973
Rate parameters:  A-C: 1.108  A-G: 1.097  A-T: 1.034  C-G: 0.955  C-T: 1.407  G-T: 1.000
Base frequencies:   A: 0.242  C: 0.258  G: 0.258  T: 0.242
Gamma shape alpha: 4.181
Parameters optimization took 5 rounds (0.061 sec)
--------------------------------------------------------------------
|             INITIALIZING CANDIDATE TREE SET                      |
--------------------------------------------------------------------
Computing ML distances based on estimated model parameters... 0.000 sec
Computing BIONJ tree...
0.000 seconds
Log-likelihood of BIONJ tree: -5134.856
Generating 98 parsimony trees... 0.150 seconds 2 distinct starting trees
Computing log-likelihood of 2 initial trees ... 0.000 seconds
Optimizing top 2 initial trees with NNI...
Iteration 1 / LogL: -5126.973 / Time: 0h:0m:0s
Estimate model parameters (epsilon = 0.100)
BETTER SCORE FOUND at iteration 1: -5126.933
Iteration 2 / LogL: -5126.938 / Time: 0h:0m:0s
Average CPU time for 1 NNI search: 0.012
Finish initializing candidate tree set. Number of distinct locally optimal trees: 2
Current best tree score: -5126.933 / CPU time: 0.176
--------------------------------------------------------------------
|               OPTIMIZING CANDIDATE TREE SET                      |
--------------------------------------------------------------------
Iteration 10 / LogL: -6315.731 / Time: 0h:0m:0s
Iteration 20 / LogL: -5128.825 / Time: 0h:0m:0s (0h:0m:3s left)
Iteration 30 / LogL: -5126.923 / Time: 0h:0m:1s (0h:0m:3s left)
Iteration 40 / LogL: -5127.445 / Time: 0h:0m:1s (0h:0m:2s left)
Iteration 50 / LogL: -5135.868 / Time: 0h:0m:1s (0h:0m:2s left)
Estimate model parameters (epsilon = 0.010)
UPDATE BEST LOG-LIKELIHOOD: -5126.864
Iteration 60 / LogL: -5137.899 / Time: 0h:0m:2s (0h:0m:1s left)
Iteration 70 / LogL: -5127.175 / Time: 0h:0m:2s (0h:0m:1s left)
Iteration 80 / LogL: -5128.285 / Time: 0h:0m:3s (0h:0m:0s left)
Iteration 90 / LogL: -5126.909 / Time: 0h:0m:3s (0h:0m:0s left)
Iteration 100 / LogL: -5127.077 / Time: 0h:0m:3s (0h:0m:0s left)
TREE SEARCH COMPLETED AFTER 101 ITERATIONS / Time: 0h:0m:3s

--------------------------------------------------------------------
|                    FINALIZING TREE SEARCH                        |
--------------------------------------------------------------------
Performs final model parameters optimization
Estimate model parameters (epsilon = 0.010)
1. Initial log-likelihood: -5126.864
Optimal log-likelihood: -5126.859
Rate parameters:  A-C: 1.123  A-G: 1.110  A-T: 1.056  C-G: 0.978  C-T: 1.440  G-T: 1.000
Base frequencies:   A: 0.242  C: 0.258  G: 0.258  T: 0.242
Gamma shape alpha: 4.267
Parameters optimization took 1 rounds (0.007 sec)
BEST SCORE FOUND : -5126.859

Testing tree branches by SH-like aLRT with 1000 replicates...
CPU Time used:  0.120 sec.
Total tree length: 8.154

Total number of iterations: 101
CPU time used for tree search: 3.760 sec (0h:0m:3s)
Wall-clock time used for tree search: 3.759 sec (0h:0m:3s)
Total CPU time used: 3.976 sec (0h:0m:3s)
Total wall-clock time used: 3.984 sec (0h:0m:3s)

Analysis results written to: 
  IQ-TREE report:                ../simulations/data_D10T0L20I10T10//S/7_pruned.fasta.iqtree
  Maximum-likelihood tree:       ../simulations/data_D10T0L20I10T10//S/7_pruned.fasta.treefile
  Likelihood distances:          ../simulations/data_D10T0L20I10T10//S/7_pruned.fasta.mldist
  Screen log file:               ../simulations/data_D10T0L20I10T10//S/7_pruned.fasta.log

Date and Time: Mon Jun  4 00:06:50 2018
