IQ-TREE version 1.4.2 for Linux 64-bit built Apr 15 2016
Copyright (c) 2011-2015 Nguyen Lam Tung, Olga Chernomor, Arndt von Haeseler and Bui Quang Minh.

Host:    meduse (AVX2, FMA3, 7 GB RAM)
Command: iqtree -s ../simulations/data_D10T0L20I10T10//S/802_pruned.fasta -m GTR+G -alrt 1000 -redo
Seed:    558466 (Using SPRNG - Scalable Parallel Random Number Generator)
Time:    Sun Jun  3 23:28:36 2018
Kernel:  AVX

NOTE: Consider using the multicore version because your CPU has 4 cores!

Reading alignment file ../simulations/data_D10T0L20I10T10//S/802_pruned.fasta ... Fasta format detected
Alignment most likely contains DNA/RNA sequences
Alignment has 26 sequences with 300 columns and 299 patterns (297 informative sites)
          Gap/Ambiguity  Composition  p-value
   1  n277_278    0.00%    passed     30.75%
   2  n286_287    0.00%    passed     29.23%
   3  n296_297    0.00%    passed     80.13%
   4  n285_286    0.00%    passed     28.53%
   5  n289_290    0.00%    passed     89.04%
   6  n274_275    0.00%    passed     12.67%
   7  n255_256    0.00%    failed      2.11%
   8  n275_276    0.00%    passed     76.93%
   9  n278_279    0.00%    passed     12.50%
  10  n299_300    0.00%    passed      8.42%
  11  n236_237    0.00%    passed     70.06%
  12  n293_294    0.00%    passed     43.13%
  13  n290_291    0.00%    passed     91.16%
  14  n297_298    0.00%    passed     67.02%
  15  n200_201    0.00%    passed     61.24%
  16  n292_293    0.00%    passed     40.22%
  17  n280_281    0.00%    passed     18.38%
  18  n295_296    0.00%    passed     75.17%
  19  n287_288    0.00%    passed     92.04%
  20  n244_245    0.00%    passed     19.10%
  21  n265_266    0.00%    passed     17.61%
  22  n266_267    0.00%    passed     22.20%
  23  n294_295    0.00%    passed     45.19%
  24  n251_252    0.00%    passed     41.87%
  25  n298_299    0.00%    passed     76.83%
  26  n300_301    0.00%    passed      5.38%
****  TOTAL       0.00%  1 sequences failed composition chi2 test (p-value<5%; df=3)

Create initial parsimony tree by phylogenetic likelihood library (PLL)... 0.002 seconds

NOTE: 1 MB RAM is required!
Estimate model parameters (epsilon = 0.100)
1. Initial log-likelihood: -5297.677
2. Current log-likelihood: -5196.264
3. Current log-likelihood: -5182.695
4. Current log-likelihood: -5179.691
5. Current log-likelihood: -5178.960
6. Current log-likelihood: -5178.766
Optimal log-likelihood: -5178.705
Rate parameters:  A-C: 1.404  A-G: 1.390  A-T: 1.074  C-G: 1.098  C-T: 1.323  G-T: 1.000
Base frequencies:   A: 0.240  C: 0.262  G: 0.250  T: 0.248
Gamma shape alpha: 4.215
Parameters optimization took 6 rounds (0.075 sec)
--------------------------------------------------------------------
|             INITIALIZING CANDIDATE TREE SET                      |
--------------------------------------------------------------------
Computing ML distances based on estimated model parameters... 0.004 sec
WARNING: Some pairwise ML distances are too long (saturated)
Computing BIONJ tree...
0.000 seconds
Log-likelihood of BIONJ tree: -5188.031
Generating 98 parsimony trees... 0.133 seconds 4 distinct starting trees
Computing log-likelihood of 4 initial trees ... 0.006 seconds
Optimizing top 4 initial trees with NNI...
Iteration 1 / LogL: -5177.007 / Time: 0h:0m:0s
Estimate model parameters (epsilon = 0.100)
BETTER TREE FOUND at iteration 1: -5176.659
Iteration 2 / LogL: -5177.059 / Time: 0h:0m:0s
Iteration 3 / LogL: -5177.059 / Time: 0h:0m:0s
Iteration 4 / LogL: -5176.979 / Time: 0h:0m:0s
Average CPU time for 1 NNI search: 0.023
Finish initializing candidate tree set. Number of distinct locally optimal trees: 3
Current best tree score: -5176.659 / CPU time: 0.232
--------------------------------------------------------------------
|               OPTIMIZING CANDIDATE TREE SET                      |
--------------------------------------------------------------------
Iteration 10 / LogL: -5179.504 / Time: 0h:0m:0s
Iteration 20 / LogL: -5176.793 / Time: 0h:0m:0s (0h:0m:3s left)
Iteration 30 / LogL: -5192.539 / Time: 0h:0m:1s (0h:0m:2s left)
Estimate model parameters (epsilon = 0.010)
UPDATE BEST LOG-LIKELIHOOD: -5176.594
Iteration 40 / LogL: -5177.080 / Time: 0h:0m:1s (0h:0m:2s left)
Iteration 50 / LogL: -5176.998 / Time: 0h:0m:1s (0h:0m:1s left)
Iteration 60 / LogL: -5178.557 / Time: 0h:0m:2s (0h:0m:1s left)
Iteration 70 / LogL: -5177.357 / Time: 0h:0m:2s (0h:0m:1s left)
Iteration 80 / LogL: -5177.575 / Time: 0h:0m:2s (0h:0m:0s left)
Iteration 90 / LogL: -5176.851 / Time: 0h:0m:3s (0h:0m:0s left)
Iteration 100 / LogL: -5235.682 / Time: 0h:0m:3s (0h:0m:0s left)
TREE SEARCH COMPLETED AFTER 101 ITERATIONS / Time: 0h:0m:3s

--------------------------------------------------------------------
|                    FINALIZING TREE SEARCH                        |
--------------------------------------------------------------------
Performs final model parameters optimization
Estimate model parameters (epsilon = 0.010)
1. Initial log-likelihood: -5176.594
Optimal log-likelihood: -5176.591
Rate parameters:  A-C: 1.410  A-G: 1.364  A-T: 1.082  C-G: 1.094  C-T: 1.341  G-T: 1.000
Base frequencies:   A: 0.240  C: 0.262  G: 0.250  T: 0.248
Gamma shape alpha: 4.255
Parameters optimization took 1 rounds (0.009 sec)
BEST SCORE FOUND : -5176.591

Testing tree branches by SH-like aLRT with 1000 replicates...
CPU Time used:  0.120 sec.
Total tree length: 10.504

Total number of iterations: 101
CPU time used for tree search: 3.456 sec (0h:0m:3s)
Wall-clock time used for tree search: 3.455 sec (0h:0m:3s)
Total CPU time used: 3.728 sec (0h:0m:3s)
Total wall-clock time used: 3.730 sec (0h:0m:3s)

Analysis results written to: 
  IQ-TREE report:                ../simulations/data_D10T0L20I10T10//S/802_pruned.fasta.iqtree
  Maximum-likelihood tree:       ../simulations/data_D10T0L20I10T10//S/802_pruned.fasta.treefile
  Likelihood distances:          ../simulations/data_D10T0L20I10T10//S/802_pruned.fasta.mldist
  Screen log file:               ../simulations/data_D10T0L20I10T10//S/802_pruned.fasta.log

Date and Time: Sun Jun  3 23:28:40 2018
