IQ-TREE version 1.4.2 for Linux 64-bit built Apr 15 2016
Copyright (c) 2011-2015 Nguyen Lam Tung, Olga Chernomor, Arndt von Haeseler and Bui Quang Minh.

Host:    meduse (AVX2, FMA3, 7 GB RAM)
Command: iqtree -s ../simulations/data_D10T0L20I10T10//S/804_pruned.fasta -m GTR+G -alrt 1000 -redo
Seed:    919167 (Using SPRNG - Scalable Parallel Random Number Generator)
Time:    Fri Jun  1 10:53:06 2018
Kernel:  AVX

NOTE: Consider using the multicore version because your CPU has 4 cores!

Reading alignment file ../simulations/data_D10T0L20I10T10//S/804_pruned.fasta ... Fasta format detected
Alignment most likely contains DNA/RNA sequences
Alignment has 26 sequences with 300 columns and 186 patterns (166 informative sites)
          Gap/Ambiguity  Composition  p-value
   1  n289_290    0.00%    passed     92.19%
   2  n294_295    0.00%    passed     67.83%
   3  n295_296    0.00%    passed     85.13%
   4  n266_267    0.00%    passed     43.29%
   5  n299_300    0.00%    passed     99.87%
   6  n298_299    0.00%    passed     58.60%
   7  n290_291    0.00%    passed     97.11%
   8  n274_275    0.00%    passed     95.34%
   9  n251_252    0.00%    passed     14.99%
  10  n293_294    0.00%    passed     67.83%
  11  n265_266    0.00%    passed     36.43%
  12  n296_297    0.00%    passed     85.13%
  13  n300_301    0.00%    passed     99.87%
  14  n244_245    0.00%    passed     76.51%
  15  n278_279    0.00%    passed     98.23%
  16  n287_288    0.00%    passed     95.36%
  17  n200_201    0.00%    passed     99.88%
  18  n277_278    0.00%    passed     99.09%
  19  n297_298    0.00%    passed     58.60%
  20  n236_237    0.00%    passed     89.19%
  21  n280_281    0.00%    passed     98.73%
  22  n285_286    0.00%    passed     71.37%
  23  n275_276    0.00%    passed     74.13%
  24  n255_256    0.00%    passed     35.74%
  25  n292_293    0.00%    passed     98.00%
  26  n286_287    0.00%    passed     66.34%
****  TOTAL       0.00%  0 sequences failed composition chi2 test (p-value<5%; df=3)
NOTE: 4 identical sequences (see below) will be ignored for subsequent analysis
NOTE: n293_294 (identical to n294_295) is ignored but added at the end
NOTE: n296_297 (identical to n295_296) is ignored but added at the end
NOTE: n300_301 (identical to n299_300) is ignored but added at the end
NOTE: n297_298 (identical to n298_299) is ignored but added at the end

Create initial parsimony tree by phylogenetic likelihood library (PLL)... 0.001 seconds

NOTE: 0 MB RAM is required!
Estimate model parameters (epsilon = 0.100)
1. Initial log-likelihood: -2074.246
2. Current log-likelihood: -2027.981
3. Current log-likelihood: -2027.587
Optimal log-likelihood: -2027.584
Rate parameters:  A-C: 1.364  A-G: 1.147  A-T: 1.102  C-G: 1.040  C-T: 1.377  G-T: 1.000
Base frequencies:   A: 0.233  C: 0.266  G: 0.268  T: 0.232
Gamma shape alpha: 998.731
Parameters optimization took 3 rounds (0.020 sec)
--------------------------------------------------------------------
|             INITIALIZING CANDIDATE TREE SET                      |
--------------------------------------------------------------------
Computing ML distances based on estimated model parameters... 0.000 sec
Computing BIONJ tree...
0.000 seconds
Log-likelihood of BIONJ tree: -2027.584
Generating 99 parsimony trees... 0.089 seconds 27 distinct starting trees
Computing log-likelihood of 27 initial trees ... 0.045 seconds
Optimizing top 20 initial trees with NNI...
Iteration 1 / LogL: -2027.584 / Time: 0h:0m:0s
Estimate model parameters (epsilon = 0.100)
BETTER SCORE FOUND at iteration 1: -2027.584
Iteration 2 / LogL: -2027.585 / Time: 0h:0m:0s
Iteration 3 / LogL: -2027.585 / Time: 0h:0m:0s
Iteration 4 / LogL: -2027.585 / Time: 0h:0m:0s
Iteration 5 / LogL: -2027.585 / Time: 0h:0m:0s
Iteration 6 / LogL: -2027.585 / Time: 0h:0m:0s
Iteration 7 / LogL: -2027.585 / Time: 0h:0m:0s
Iteration 8 / LogL: -2027.585 / Time: 0h:0m:0s
Iteration 9 / LogL: -2027.585 / Time: 0h:0m:0s
Iteration 10 / LogL: -2027.585 / Time: 0h:0m:0s
Iteration 11 / LogL: -2027.585 / Time: 0h:0m:0s
Iteration 12 / LogL: -2027.585 / Time: 0h:0m:0s
Iteration 13 / LogL: -2027.585 / Time: 0h:0m:0s
Iteration 14 / LogL: -2027.585 / Time: 0h:0m:0s
Iteration 15 / LogL: -2027.585 / Time: 0h:0m:0s
Iteration 16 / LogL: -2027.585 / Time: 0h:0m:0s
Iteration 17 / LogL: -2027.585 / Time: 0h:0m:0s
Iteration 18 / LogL: -2027.585 / Time: 0h:0m:0s
Iteration 19 / LogL: -2027.585 / Time: 0h:0m:0s
Iteration 20 / LogL: -2027.585 / Time: 0h:0m:0s
Average CPU time for 1 NNI search: 0.004
Finish initializing candidate tree set. Number of distinct locally optimal trees: 20
Current best tree score: -2027.584 / CPU time: 0.220
--------------------------------------------------------------------
|               OPTIMIZING CANDIDATE TREE SET                      |
--------------------------------------------------------------------
Iteration 30 / LogL: -2027.584 / Time: 0h:0m:0s (0h:0m:0s left)
Iteration 40 / LogL: -2027.584 / Time: 0h:0m:0s (0h:0m:0s left)
Iteration 50 / LogL: -2028.084 / Time: 0h:0m:0s (0h:0m:0s left)
Iteration 60 / LogL: -2027.620 / Time: 0h:0m:0s (0h:0m:0s left)
Iteration 70 / LogL: -2027.584 / Time: 0h:0m:0s (0h:0m:0s left)
Iteration 80 / LogL: -2027.584 / Time: 0h:0m:0s (0h:0m:0s left)
Iteration 90 / LogL: -2027.608 / Time: 0h:0m:1s (0h:0m:0s left)
Iteration 100 / LogL: -2027.591 / Time: 0h:0m:1s (0h:0m:0s left)
TREE SEARCH COMPLETED AFTER 101 ITERATIONS / Time: 0h:0m:1s

--------------------------------------------------------------------
|                    FINALIZING TREE SEARCH                        |
--------------------------------------------------------------------
Performs final model parameters optimization
Estimate model parameters (epsilon = 0.010)
1. Initial log-likelihood: -2027.584
Optimal log-likelihood: -2027.583
Rate parameters:  A-C: 1.370  A-G: 1.151  A-T: 1.106  C-G: 1.045  C-T: 1.382  G-T: 1.000
Base frequencies:   A: 0.233  C: 0.266  G: 0.268  T: 0.232
Gamma shape alpha: 998.731
Parameters optimization took 1 rounds (0.005 sec)
BEST SCORE FOUND : -2027.583

Testing tree branches by SH-like aLRT with 1000 replicates...
CPU Time used:  0.092 sec.
Total tree length: 1.178

Total number of iterations: 101
CPU time used for tree search: 1.232 sec (0h:0m:1s)
Wall-clock time used for tree search: 1.233 sec (0h:0m:1s)
Total CPU time used: 1.360 sec (0h:0m:1s)
Total wall-clock time used: 1.361 sec (0h:0m:1s)

Analysis results written to: 
  IQ-TREE report:                ../simulations/data_D10T0L20I10T10//S/804_pruned.fasta.iqtree
  Maximum-likelihood tree:       ../simulations/data_D10T0L20I10T10//S/804_pruned.fasta.treefile
  Likelihood distances:          ../simulations/data_D10T0L20I10T10//S/804_pruned.fasta.mldist
  Screen log file:               ../simulations/data_D10T0L20I10T10//S/804_pruned.fasta.log

Date and Time: Fri Jun  1 10:53:08 2018
