IQ-TREE version 1.4.2 for Linux 64-bit built Apr 15 2016
Copyright (c) 2011-2015 Nguyen Lam Tung, Olga Chernomor, Arndt von Haeseler and Bui Quang Minh.

Host:    meduse (AVX2, FMA3, 7 GB RAM)
Command: iqtree -s ../simulations/data_D10T0L20I10T10//S/80_pruned.fasta -m GTR+G -alrt 1000 -redo
Seed:    149250 (Using SPRNG - Scalable Parallel Random Number Generator)
Time:    Sun Jun  3 23:45:13 2018
Kernel:  AVX

NOTE: Consider using the multicore version because your CPU has 4 cores!

Reading alignment file ../simulations/data_D10T0L20I10T10//S/80_pruned.fasta ... Fasta format detected
Alignment most likely contains DNA/RNA sequences
Alignment has 26 sequences with 300 columns and 300 patterns (296 informative sites)
          Gap/Ambiguity  Composition  p-value
   1  n277_278    0.00%    passed     28.58%
   2  n286_287    0.00%    passed     78.39%
   3  n296_297    0.00%    passed     61.03%
   4  n285_286    0.00%    passed     92.36%
   5  n289_290    0.00%    passed     94.66%
   6  n274_275    0.00%    passed     10.74%
   7  n255_256    0.00%    passed     41.53%
   8  n275_276    0.00%    passed     19.88%
   9  n278_279    0.00%    passed     27.43%
  10  n299_300    0.00%    failed      4.15%
  11  n236_237    0.00%    passed     35.05%
  12  n293_294    0.00%    passed     10.06%
  13  n290_291    0.00%    passed     79.11%
  14  n297_298    0.00%    failed      4.53%
  15  n200_201    0.00%    passed     49.32%
  16  n292_293    0.00%    passed      7.16%
  17  n280_281    0.00%    passed     26.91%
  18  n295_296    0.00%    passed     43.31%
  19  n287_288    0.00%    passed     78.00%
  20  n244_245    0.00%    passed     54.59%
  21  n265_266    0.00%    passed     37.84%
  22  n266_267    0.00%    passed     98.14%
  23  n294_295    0.00%    passed     17.76%
  24  n251_252    0.00%    passed     11.23%
  25  n298_299    0.00%    failed      3.12%
  26  n300_301    0.00%    passed      9.50%
****  TOTAL       0.00%  3 sequences failed composition chi2 test (p-value<5%; df=3)

Create initial parsimony tree by phylogenetic likelihood library (PLL)... 0.001 seconds

NOTE: 1 MB RAM is required!
Estimate model parameters (epsilon = 0.100)
1. Initial log-likelihood: -5321.842
2. Current log-likelihood: -5239.666
3. Current log-likelihood: -5224.980
4. Current log-likelihood: -5220.733
5. Current log-likelihood: -5219.571
6. Current log-likelihood: -5219.295
Optimal log-likelihood: -5219.198
Rate parameters:  A-C: 1.116  A-G: 1.243  A-T: 0.910  C-G: 0.984  C-T: 1.380  G-T: 1.000
Base frequencies:   A: 0.243  C: 0.260  G: 0.265  T: 0.232
Gamma shape alpha: 4.962
Parameters optimization took 6 rounds (0.076 sec)
--------------------------------------------------------------------
|             INITIALIZING CANDIDATE TREE SET                      |
--------------------------------------------------------------------
Computing ML distances based on estimated model parameters... 0.000 sec
Computing BIONJ tree...
0.000 seconds
Log-likelihood of BIONJ tree: -5242.049
Generating 98 parsimony trees... 0.138 seconds 5 distinct starting trees
Computing log-likelihood of 5 initial trees ... 0.008 seconds
Optimizing top 5 initial trees with NNI...
Iteration 1 / LogL: -5218.731 / Time: 0h:0m:0s
Estimate model parameters (epsilon = 0.100)
BETTER TREE FOUND at iteration 1: -5218.528
Iteration 2 / LogL: -5219.178 / Time: 0h:0m:0s
Iteration 3 / LogL: -5219.039 / Time: 0h:0m:0s
Iteration 4 / LogL: -5219.186 / Time: 0h:0m:0s
Iteration 5 / LogL: -5218.441 / Time: 0h:0m:0s
Estimate model parameters (epsilon = 0.100)
BETTER SCORE FOUND at iteration 5: -5218.408
Average CPU time for 1 NNI search: 0.018
Finish initializing candidate tree set. Number of distinct locally optimal trees: 2
Current best tree score: -5218.408 / CPU time: 0.240
--------------------------------------------------------------------
|               OPTIMIZING CANDIDATE TREE SET                      |
--------------------------------------------------------------------
Iteration 10 / LogL: -5219.074 / Time: 0h:0m:0s
Iteration 20 / LogL: -5223.738 / Time: 0h:0m:0s (0h:0m:3s left)
Iteration 30 / LogL: -5223.785 / Time: 0h:0m:1s (0h:0m:2s left)
Iteration 40 / LogL: -5219.309 / Time: 0h:0m:1s (0h:0m:2s left)
Iteration 50 / LogL: -5222.193 / Time: 0h:0m:1s (0h:0m:1s left)
Iteration 60 / LogL: -5220.115 / Time: 0h:0m:2s (0h:0m:1s left)
Iteration 70 / LogL: -5223.055 / Time: 0h:0m:2s (0h:0m:1s left)
Iteration 80 / LogL: -5220.076 / Time: 0h:0m:2s (0h:0m:0s left)
Iteration 90 / LogL: -5218.885 / Time: 0h:0m:3s (0h:0m:0s left)
Iteration 100 / LogL: -5253.507 / Time: 0h:0m:3s (0h:0m:0s left)
TREE SEARCH COMPLETED AFTER 101 ITERATIONS / Time: 0h:0m:3s

--------------------------------------------------------------------
|                    FINALIZING TREE SEARCH                        |
--------------------------------------------------------------------
Performs final model parameters optimization
Estimate model parameters (epsilon = 0.010)
1. Initial log-likelihood: -5218.408
Optimal log-likelihood: -5218.404
Rate parameters:  A-C: 1.123  A-G: 1.252  A-T: 0.926  C-G: 1.012  C-T: 1.407  G-T: 1.000
Base frequencies:   A: 0.243  C: 0.260  G: 0.265  T: 0.232
Gamma shape alpha: 5.142
Parameters optimization took 1 rounds (0.008 sec)
BEST SCORE FOUND : -5218.404

Testing tree branches by SH-like aLRT with 1000 replicates...
CPU Time used:  0.128 sec.
Total tree length: 8.231

Total number of iterations: 101
CPU time used for tree search: 3.412 sec (0h:0m:3s)
Wall-clock time used for tree search: 3.412 sec (0h:0m:3s)
Total CPU time used: 3.664 sec (0h:0m:3s)
Total wall-clock time used: 3.673 sec (0h:0m:3s)

Analysis results written to: 
  IQ-TREE report:                ../simulations/data_D10T0L20I10T10//S/80_pruned.fasta.iqtree
  Maximum-likelihood tree:       ../simulations/data_D10T0L20I10T10//S/80_pruned.fasta.treefile
  Likelihood distances:          ../simulations/data_D10T0L20I10T10//S/80_pruned.fasta.mldist
  Screen log file:               ../simulations/data_D10T0L20I10T10//S/80_pruned.fasta.log

Date and Time: Sun Jun  3 23:45:16 2018
