IQ-TREE version 1.4.2 for Linux 64-bit built Apr 15 2016
Copyright (c) 2011-2015 Nguyen Lam Tung, Olga Chernomor, Arndt von Haeseler and Bui Quang Minh.

Host:    meduse (AVX2, FMA3, 7 GB RAM)
Command: iqtree -s ../simulations/data_D10T0L20I10T10//S/816_pruned.fasta -m GTR+G -alrt 1000 -redo
Seed:    505803 (Using SPRNG - Scalable Parallel Random Number Generator)
Time:    Fri Jun  1 10:46:55 2018
Kernel:  AVX

NOTE: Consider using the multicore version because your CPU has 4 cores!

Reading alignment file ../simulations/data_D10T0L20I10T10//S/816_pruned.fasta ... Fasta format detected
Alignment most likely contains DNA/RNA sequences
Alignment has 24 sequences with 300 columns and 168 patterns (151 informative sites)
          Gap/Ambiguity  Composition  p-value
   1  n296_293    0.00%    passed     62.03%
   2  n285_282    0.00%    passed     52.26%
   3  n292_289    0.00%    passed     62.99%
   4  n293_290    0.00%    passed     89.70%
   5  n295_292    0.00%    passed     62.03%
   6  n251_252    0.00%    passed     99.72%
   7  n299_296    0.00%    passed     58.14%
   8  n274_271    0.00%    passed     76.76%
   9  n280_277    0.00%    passed     59.19%
  10  n294_291    0.00%    passed     95.97%
  11  n244_245    0.00%    passed     85.65%
  12  n275_272    0.00%    passed     90.52%
  13  n300_297    0.00%    passed     58.14%
  14  n290_287    0.00%    passed     86.02%
  15  n200_201    0.00%    passed     71.14%
  16  n297_294    0.00%    passed     95.48%
  17  n289_286    0.00%    passed     82.51%
  18  n236_237    0.00%    passed     87.22%
  19  n287_284    0.00%    passed     78.99%
  20  n277_274    0.00%    passed     62.00%
  21  n286_283    0.00%    passed     41.27%
  22  n255_256    0.00%    passed     98.15%
  23  n278_275    0.00%    passed     71.85%
  24  n298_295    0.00%    passed     94.30%
****  TOTAL       0.00%  0 sequences failed composition chi2 test (p-value<5%; df=3)
NOTE: 2 identical sequences (see below) will be ignored for subsequent analysis
NOTE: n295_292 (identical to n296_293) is ignored but added at the end
NOTE: n300_297 (identical to n299_296) is ignored but added at the end

Create initial parsimony tree by phylogenetic likelihood library (PLL)... 0.001 seconds

NOTE: 0 MB RAM is required!
Estimate model parameters (epsilon = 0.100)
1. Initial log-likelihood: -1938.620
2. Current log-likelihood: -1897.621
3. Current log-likelihood: -1897.043
Optimal log-likelihood: -1897.033
Rate parameters:  A-C: 0.625  A-G: 0.857  A-T: 0.751  C-G: 0.774  C-T: 0.831  G-T: 1.000
Base frequencies:   A: 0.254  C: 0.300  G: 0.213  T: 0.233
Gamma shape alpha: 46.501
Parameters optimization took 3 rounds (0.021 sec)
--------------------------------------------------------------------
|             INITIALIZING CANDIDATE TREE SET                      |
--------------------------------------------------------------------
Computing ML distances based on estimated model parameters... 0.000 sec
Computing BIONJ tree...
0.000 seconds
Log-likelihood of BIONJ tree: -1897.033
Generating 98 parsimony trees... 0.076 seconds 39 distinct starting trees
Computing log-likelihood of 39 initial trees ... 0.063 seconds
Optimizing top 20 initial trees with NNI...
Iteration 1 / LogL: -1897.033 / Time: 0h:0m:0s
Estimate model parameters (epsilon = 0.100)
BETTER SCORE FOUND at iteration 1: -1897.032
Iteration 2 / LogL: -1897.033 / Time: 0h:0m:0s
Iteration 3 / LogL: -1897.034 / Time: 0h:0m:0s
Iteration 4 / LogL: -1897.034 / Time: 0h:0m:0s
Iteration 5 / LogL: -1897.034 / Time: 0h:0m:0s
Iteration 6 / LogL: -1897.034 / Time: 0h:0m:0s
Iteration 7 / LogL: -1897.034 / Time: 0h:0m:0s
Iteration 8 / LogL: -1897.034 / Time: 0h:0m:0s
Iteration 9 / LogL: -1897.034 / Time: 0h:0m:0s
Iteration 10 / LogL: -1897.034 / Time: 0h:0m:0s
Iteration 11 / LogL: -1897.034 / Time: 0h:0m:0s
Iteration 12 / LogL: -1897.034 / Time: 0h:0m:0s
Iteration 13 / LogL: -1897.034 / Time: 0h:0m:0s
Iteration 14 / LogL: -1897.034 / Time: 0h:0m:0s
Iteration 15 / LogL: -1897.034 / Time: 0h:0m:0s
Iteration 16 / LogL: -1897.034 / Time: 0h:0m:0s
Iteration 17 / LogL: -1897.034 / Time: 0h:0m:0s
Iteration 18 / LogL: -1897.034 / Time: 0h:0m:0s
Iteration 19 / LogL: -1897.034 / Time: 0h:0m:0s
Iteration 20 / LogL: -1897.034 / Time: 0h:0m:0s
Average CPU time for 1 NNI search: 0.004
Finish initializing candidate tree set. Number of distinct locally optimal trees: 20
Current best tree score: -1897.032 / CPU time: 0.216
--------------------------------------------------------------------
|               OPTIMIZING CANDIDATE TREE SET                      |
--------------------------------------------------------------------
Iteration 30 / LogL: -1897.036 / Time: 0h:0m:0s (0h:0m:0s left)
Iteration 40 / LogL: -1897.033 / Time: 0h:0m:0s (0h:0m:0s left)
Iteration 50 / LogL: -2122.253 / Time: 0h:0m:0s (0h:0m:0s left)
Iteration 60 / LogL: -1897.038 / Time: 0h:0m:0s (0h:0m:0s left)
Iteration 70 / LogL: -1897.041 / Time: 0h:0m:0s (0h:0m:0s left)
Iteration 80 / LogL: -1897.162 / Time: 0h:0m:0s (0h:0m:0s left)
Iteration 90 / LogL: -1897.035 / Time: 0h:0m:1s (0h:0m:0s left)
Iteration 100 / LogL: -1897.032 / Time: 0h:0m:1s (0h:0m:0s left)
TREE SEARCH COMPLETED AFTER 101 ITERATIONS / Time: 0h:0m:1s

--------------------------------------------------------------------
|                    FINALIZING TREE SEARCH                        |
--------------------------------------------------------------------
Performs final model parameters optimization
Estimate model parameters (epsilon = 0.010)
1. Initial log-likelihood: -1897.032
Optimal log-likelihood: -1897.032
Rate parameters:  A-C: 0.626  A-G: 0.859  A-T: 0.750  C-G: 0.776  C-T: 0.832  G-T: 1.000
Base frequencies:   A: 0.254  C: 0.300  G: 0.213  T: 0.233
Gamma shape alpha: 46.562
Parameters optimization took 1 rounds (0.004 sec)
BEST SCORE FOUND : -1897.032

Testing tree branches by SH-like aLRT with 1000 replicates...
CPU Time used:  0.096 sec.
Total tree length: 1.126

Total number of iterations: 101
CPU time used for tree search: 1.104 sec (0h:0m:1s)
Wall-clock time used for tree search: 1.110 sec (0h:0m:1s)
Total CPU time used: 1.236 sec (0h:0m:1s)
Total wall-clock time used: 1.245 sec (0h:0m:1s)

Analysis results written to: 
  IQ-TREE report:                ../simulations/data_D10T0L20I10T10//S/816_pruned.fasta.iqtree
  Maximum-likelihood tree:       ../simulations/data_D10T0L20I10T10//S/816_pruned.fasta.treefile
  Likelihood distances:          ../simulations/data_D10T0L20I10T10//S/816_pruned.fasta.mldist
  Screen log file:               ../simulations/data_D10T0L20I10T10//S/816_pruned.fasta.log

Date and Time: Fri Jun  1 10:46:56 2018
