IQ-TREE version 1.4.2 for Linux 64-bit built Apr 15 2016
Copyright (c) 2011-2015 Nguyen Lam Tung, Olga Chernomor, Arndt von Haeseler and Bui Quang Minh.

Host:    meduse (AVX2, FMA3, 7 GB RAM)
Command: iqtree -s ../simulations/data_D10T0L20I10T10//S/819_pruned.fasta -m GTR+G -alrt 1000 -redo
Seed:    680977 (Using SPRNG - Scalable Parallel Random Number Generator)
Time:    Fri Jun  1 10:48:45 2018
Kernel:  AVX

NOTE: Consider using the multicore version because your CPU has 4 cores!

Reading alignment file ../simulations/data_D10T0L20I10T10//S/819_pruned.fasta ... Fasta format detected
Alignment most likely contains DNA/RNA sequences
Alignment has 28 sequences with 300 columns and 202 patterns (174 informative sites)
          Gap/Ambiguity  Composition  p-value
   1  n289_304    0.00%    passed     88.30%
   2  n255_268    0.00%    passed     58.90%
   3  n275_290    0.00%    passed     73.55%
   4  n295_310    0.00%    passed     87.78%
   5  n266_281    0.00%    passed     91.89%
   6  n255_270    0.00%    passed     39.17%
   7  n300_315    0.00%    passed     95.38%
   8  n297_312    0.00%    passed     68.73%
   9  n290_305    0.00%    passed     76.41%
  10  n244_255    0.00%    passed     80.59%
  11  n294_309    0.00%    passed     84.33%
  12  n277_292    0.00%    passed     85.85%
  13  n278_293    0.00%    passed     71.16%
  14  n299_314    0.00%    passed     98.94%
  15  n285_300    0.00%    passed     88.13%
  16  n200_201    0.00%    passed     76.08%
  17  n280_295    0.00%    passed     95.41%
  18  n298_313    0.00%    passed     66.13%
  19  n287_302    0.00%    passed     64.09%
  20  n296_311    0.00%    passed     75.79%
  21  n251_262    0.00%    passed     51.73%
  22  n251_264    0.00%    passed     59.56%
  23  n236_245    0.00%    passed     90.47%
  24  n293_308    0.00%    passed     84.33%
  25  n265_280    0.00%    passed     81.93%
  26  n274_289    0.00%    passed     94.98%
  27  n292_307    0.00%    passed     95.08%
  28  n286_301    0.00%    passed     98.39%
****  TOTAL       0.00%  0 sequences failed composition chi2 test (p-value<5%; df=3)
NOTE: 1 identical sequences (see below) will be ignored for subsequent analysis
NOTE: n293_308 (identical to n294_309) is ignored but added at the end

Create initial parsimony tree by phylogenetic likelihood library (PLL)... 0.001 seconds

NOTE: 0 MB RAM is required!
Estimate model parameters (epsilon = 0.100)
1. Initial log-likelihood: -2327.050
2. Current log-likelihood: -2285.873
3. Current log-likelihood: -2285.503
Optimal log-likelihood: -2285.494
Rate parameters:  A-C: 1.080  A-G: 1.348  A-T: 1.254  C-G: 1.238  C-T: 1.227  G-T: 1.000
Base frequencies:   A: 0.253  C: 0.244  G: 0.256  T: 0.248
Gamma shape alpha: 23.076
Parameters optimization took 3 rounds (0.028 sec)
--------------------------------------------------------------------
|             INITIALIZING CANDIDATE TREE SET                      |
--------------------------------------------------------------------
Computing ML distances based on estimated model parameters... 0.004 sec
Computing BIONJ tree...
0.000 seconds
Log-likelihood of BIONJ tree: -2286.939
Generating 98 parsimony trees... 0.107 seconds 26 distinct starting trees
Computing log-likelihood of 26 initial trees ... 0.058 seconds
Optimizing top 20 initial trees with NNI...
Iteration 1 / LogL: -2285.495 / Time: 0h:0m:0s
Estimate model parameters (epsilon = 0.100)
BETTER SCORE FOUND at iteration 1: -2285.452
Iteration 2 / LogL: -2285.452 / Time: 0h:0m:0s
Iteration 3 / LogL: -2285.452 / Time: 0h:0m:0s
Iteration 4 / LogL: -2285.452 / Time: 0h:0m:0s
Iteration 5 / LogL: -2285.452 / Time: 0h:0m:0s
Iteration 6 / LogL: -2285.452 / Time: 0h:0m:0s
Iteration 7 / LogL: -2285.452 / Time: 0h:0m:0s
Iteration 8 / LogL: -2285.452 / Time: 0h:0m:0s
Iteration 9 / LogL: -2285.452 / Time: 0h:0m:0s
Iteration 10 / LogL: -2285.452 / Time: 0h:0m:0s
Iteration 11 / LogL: -2285.452 / Time: 0h:0m:0s
Iteration 12 / LogL: -2285.452 / Time: 0h:0m:0s
Iteration 13 / LogL: -2285.452 / Time: 0h:0m:0s
Iteration 14 / LogL: -2285.452 / Time: 0h:0m:0s
Iteration 15 / LogL: -2285.452 / Time: 0h:0m:0s
Iteration 16 / LogL: -2285.452 / Time: 0h:0m:0s
Iteration 17 / LogL: -2285.452 / Time: 0h:0m:0s
Iteration 18 / LogL: -2285.452 / Time: 0h:0m:0s
Iteration 19 / LogL: -2285.452 / Time: 0h:0m:0s
Iteration 20 / LogL: -2285.452 / Time: 0h:0m:0s
Average CPU time for 1 NNI search: 0.007
Finish initializing candidate tree set. Number of distinct locally optimal trees: 20
Current best tree score: -2285.452 / CPU time: 0.312
--------------------------------------------------------------------
|               OPTIMIZING CANDIDATE TREE SET                      |
--------------------------------------------------------------------
Iteration 30 / LogL: -2285.460 / Time: 0h:0m:0s (0h:0m:1s left)
Iteration 40 / LogL: -2285.452 / Time: 0h:0m:0s (0h:0m:1s left)
Iteration 50 / LogL: -2285.452 / Time: 0h:0m:1s (0h:0m:1s left)
Iteration 60 / LogL: -2285.466 / Time: 0h:0m:1s (0h:0m:0s left)
Iteration 70 / LogL: -2307.651 / Time: 0h:0m:1s (0h:0m:0s left)
Iteration 80 / LogL: -2292.341 / Time: 0h:0m:1s (0h:0m:0s left)
Iteration 90 / LogL: -2285.480 / Time: 0h:0m:1s (0h:0m:0s left)
Iteration 100 / LogL: -2285.452 / Time: 0h:0m:2s (0h:0m:0s left)
TREE SEARCH COMPLETED AFTER 101 ITERATIONS / Time: 0h:0m:2s

--------------------------------------------------------------------
|                    FINALIZING TREE SEARCH                        |
--------------------------------------------------------------------
Performs final model parameters optimization
Estimate model parameters (epsilon = 0.010)
1. Initial log-likelihood: -2285.452
Optimal log-likelihood: -2285.448
Rate parameters:  A-C: 1.079  A-G: 1.367  A-T: 1.304  C-G: 1.239  C-T: 1.242  G-T: 1.000
Base frequencies:   A: 0.253  C: 0.244  G: 0.256  T: 0.248
Gamma shape alpha: 23.636
Parameters optimization took 1 rounds (0.007 sec)
BEST SCORE FOUND : -2285.448

Testing tree branches by SH-like aLRT with 1000 replicates...
CPU Time used:  0.128 sec.
Total tree length: 1.309

Total number of iterations: 101
CPU time used for tree search: 2.060 sec (0h:0m:2s)
Wall-clock time used for tree search: 2.078 sec (0h:0m:2s)
Total CPU time used: 2.236 sec (0h:0m:2s)
Total wall-clock time used: 2.257 sec (0h:0m:2s)

Analysis results written to: 
  IQ-TREE report:                ../simulations/data_D10T0L20I10T10//S/819_pruned.fasta.iqtree
  Maximum-likelihood tree:       ../simulations/data_D10T0L20I10T10//S/819_pruned.fasta.treefile
  Likelihood distances:          ../simulations/data_D10T0L20I10T10//S/819_pruned.fasta.mldist
  Screen log file:               ../simulations/data_D10T0L20I10T10//S/819_pruned.fasta.log

Date and Time: Fri Jun  1 10:48:47 2018
