IQ-TREE version 1.4.2 for Linux 64-bit built Apr 15 2016
Copyright (c) 2011-2015 Nguyen Lam Tung, Olga Chernomor, Arndt von Haeseler and Bui Quang Minh.

Host:    meduse (AVX2, FMA3, 7 GB RAM)
Command: iqtree -s ../simulations/data_D10T0L20I10T10//S/823_pruned.fasta -m GTR+G -alrt 1000 -redo
Seed:    541241 (Using SPRNG - Scalable Parallel Random Number Generator)
Time:    Sun Jun  3 23:41:40 2018
Kernel:  AVX

NOTE: Consider using the multicore version because your CPU has 4 cores!

Reading alignment file ../simulations/data_D10T0L20I10T10//S/823_pruned.fasta ... Fasta format detected
Alignment most likely contains DNA/RNA sequences
Alignment has 26 sequences with 300 columns and 299 patterns (293 informative sites)
          Gap/Ambiguity  Composition  p-value
   1  n277_278    0.00%    passed     64.39%
   2  n286_287    0.00%    passed     78.74%
   3  n296_297    0.00%    passed     81.80%
   4  n285_286    0.00%    passed     55.60%
   5  n289_290    0.00%    passed     29.31%
   6  n274_275    0.00%    passed     56.42%
   7  n255_256    0.00%    passed     64.73%
   8  n275_276    0.00%    passed     57.09%
   9  n278_279    0.00%    passed     80.93%
  10  n299_300    0.00%    passed     40.38%
  11  n236_237    0.00%    passed     67.65%
  12  n293_294    0.00%    passed     41.54%
  13  n290_291    0.00%    passed     54.22%
  14  n297_298    0.00%    passed     50.79%
  15  n200_201    0.00%    passed     63.59%
  16  n292_293    0.00%    passed     32.55%
  17  n280_281    0.00%    passed     52.05%
  18  n295_296    0.00%    passed     87.76%
  19  n287_288    0.00%    passed     42.68%
  20  n244_245    0.00%    passed     43.64%
  21  n265_266    0.00%    passed     79.38%
  22  n266_267    0.00%    passed     75.99%
  23  n294_295    0.00%    passed     59.40%
  24  n251_252    0.00%    passed     29.14%
  25  n298_299    0.00%    passed     64.77%
  26  n300_301    0.00%    passed     30.15%
****  TOTAL       0.00%  0 sequences failed composition chi2 test (p-value<5%; df=3)

Create initial parsimony tree by phylogenetic likelihood library (PLL)... 0.002 seconds

NOTE: 1 MB RAM is required!
Estimate model parameters (epsilon = 0.100)
1. Initial log-likelihood: -5190.259
2. Current log-likelihood: -5103.068
3. Current log-likelihood: -5089.433
4. Current log-likelihood: -5087.012
5. Current log-likelihood: -5086.353
6. Current log-likelihood: -5086.230
Optimal log-likelihood: -5086.151
Rate parameters:  A-C: 0.964  A-G: 0.941  A-T: 1.439  C-G: 1.077  C-T: 1.254  G-T: 1.000
Base frequencies:   A: 0.232  C: 0.282  G: 0.264  T: 0.222
Gamma shape alpha: 4.924
Parameters optimization took 6 rounds (0.067 sec)
--------------------------------------------------------------------
|             INITIALIZING CANDIDATE TREE SET                      |
--------------------------------------------------------------------
Computing ML distances based on estimated model parameters... 0.004 sec
WARNING: Some pairwise ML distances are too long (saturated)
Computing BIONJ tree...
0.000 seconds
Log-likelihood of BIONJ tree: -5119.988
Generating 98 parsimony trees... 0.145 seconds 3 distinct starting trees
Computing log-likelihood of 3 initial trees ... 0.003 seconds
Optimizing top 3 initial trees with NNI...
Iteration 1 / LogL: -5085.747 / Time: 0h:0m:0s
Estimate model parameters (epsilon = 0.100)
BETTER TREE FOUND at iteration 1: -5085.688
Iteration 2 / LogL: -5085.875 / Time: 0h:0m:0s
Iteration 3 / LogL: -5087.852 / Time: 0h:0m:0s
Average CPU time for 1 NNI search: 0.017
Finish initializing candidate tree set. Number of distinct locally optimal trees: 2
Current best tree score: -5085.688 / CPU time: 0.200
--------------------------------------------------------------------
|               OPTIMIZING CANDIDATE TREE SET                      |
--------------------------------------------------------------------
Iteration 10 / LogL: -5119.111 / Time: 0h:0m:0s
Iteration 20 / LogL: -5100.133 / Time: 0h:0m:0s (0h:0m:3s left)
Iteration 30 / LogL: -5091.278 / Time: 0h:0m:1s (0h:0m:2s left)
Iteration 40 / LogL: -5093.600 / Time: 0h:0m:1s (0h:0m:2s left)
Iteration 50 / LogL: -5086.363 / Time: 0h:0m:1s (0h:0m:1s left)
Iteration 60 / LogL: -5087.280 / Time: 0h:0m:2s (0h:0m:1s left)
Iteration 70 / LogL: -5096.134 / Time: 0h:0m:2s (0h:0m:1s left)
Iteration 80 / LogL: -5086.190 / Time: 0h:0m:2s (0h:0m:0s left)
Iteration 90 / LogL: -5091.264 / Time: 0h:0m:3s (0h:0m:0s left)
Iteration 100 / LogL: -5090.132 / Time: 0h:0m:3s (0h:0m:0s left)
TREE SEARCH COMPLETED AFTER 101 ITERATIONS / Time: 0h:0m:3s

--------------------------------------------------------------------
|                    FINALIZING TREE SEARCH                        |
--------------------------------------------------------------------
Performs final model parameters optimization
Estimate model parameters (epsilon = 0.010)
1. Initial log-likelihood: -5085.688
2. Current log-likelihood: -5085.676
Optimal log-likelihood: -5085.668
Rate parameters:  A-C: 0.976  A-G: 0.952  A-T: 1.452  C-G: 1.077  C-T: 1.271  G-T: 1.000
Base frequencies:   A: 0.232  C: 0.282  G: 0.264  T: 0.222
Gamma shape alpha: 4.990
Parameters optimization took 2 rounds (0.014 sec)
BEST SCORE FOUND : -5085.668

Testing tree branches by SH-like aLRT with 1000 replicates...
CPU Time used:  0.128 sec.
Total tree length: 7.846

Total number of iterations: 101
CPU time used for tree search: 3.636 sec (0h:0m:3s)
Wall-clock time used for tree search: 3.638 sec (0h:0m:3s)
Total CPU time used: 3.884 sec (0h:0m:3s)
Total wall-clock time used: 3.884 sec (0h:0m:3s)

Analysis results written to: 
  IQ-TREE report:                ../simulations/data_D10T0L20I10T10//S/823_pruned.fasta.iqtree
  Maximum-likelihood tree:       ../simulations/data_D10T0L20I10T10//S/823_pruned.fasta.treefile
  Likelihood distances:          ../simulations/data_D10T0L20I10T10//S/823_pruned.fasta.mldist
  Screen log file:               ../simulations/data_D10T0L20I10T10//S/823_pruned.fasta.log

Date and Time: Sun Jun  3 23:41:44 2018
