IQ-TREE version 1.4.2 for Linux 64-bit built Apr 15 2016
Copyright (c) 2011-2015 Nguyen Lam Tung, Olga Chernomor, Arndt von Haeseler and Bui Quang Minh.

Host:    meduse (AVX2, FMA3, 7 GB RAM)
Command: iqtree -s ../simulations/data_D8T0L15I8T8//S/825_pruned.fasta -m GTR+G -alrt 1000 -redo
Seed:    668410 (Using SPRNG - Scalable Parallel Random Number Generator)
Time:    Fri May 25 22:50:30 2018
Kernel:  AVX

NOTE: Consider using the multicore version because your CPU has 4 cores!

Reading alignment file ../simulations/data_D8T0L15I8T8//S/825_pruned.fasta ... Fasta format detected
Alignment most likely contains DNA/RNA sequences
Alignment has 26 sequences with 300 columns and 179 patterns (158 informative sites)
          Gap/Ambiguity  Composition  p-value
   1  n298_299    0.00%    passed     90.05%
   2  n280_281    0.00%    passed     85.29%
   3  n200_201    0.00%    passed     98.38%
   4  n286_287    0.00%    passed     95.71%
   5  n287_288    0.00%    passed     89.82%
   6  n266_267    0.00%    passed     85.70%
   7  n292_293    0.00%    passed     80.53%
   8  n293_294    0.00%    passed     99.38%
   9  n275_276    0.00%    passed     93.52%
  10  n289_290    0.00%    passed     93.47%
  11  n297_298    0.00%    passed     94.71%
  12  n278_279    0.00%    passed     62.63%
  13  n295_296    0.00%    passed     91.63%
  14  n251_252    0.00%    passed     90.50%
  15  n274_275    0.00%    passed     85.29%
  16  n290_291    0.00%    passed     89.82%
  17  n236_237    0.00%    passed     91.74%
  18  n255_256    0.00%    passed     94.81%
  19  n285_286    0.00%    passed     89.11%
  20  n294_295    0.00%    passed     98.07%
  21  n300_301    0.00%    passed     89.33%
  22  n265_266    0.00%    passed     80.49%
  23  n296_297    0.00%    passed     91.63%
  24  n299_300    0.00%    passed     85.27%
  25  n244_245    0.00%    passed     75.89%
  26  n277_278    0.00%    passed     61.76%
****  TOTAL       0.00%  0 sequences failed composition chi2 test (p-value<5%; df=3)
NOTE: 2 identical sequences (see below) will be ignored for subsequent analysis
NOTE: n290_291 (identical to n287_288) is ignored but added at the end
NOTE: n296_297 (identical to n295_296) is ignored but added at the end

Create initial parsimony tree by phylogenetic likelihood library (PLL)... 0.001 seconds

NOTE: 0 MB RAM is required!
Estimate model parameters (epsilon = 0.100)
1. Initial log-likelihood: -2012.525
2. Current log-likelihood: -1962.258
3. Current log-likelihood: -1961.853
Optimal log-likelihood: -1961.833
Rate parameters:  A-C: 0.961  A-G: 1.216  A-T: 1.171  C-G: 1.052  C-T: 1.261  G-T: 1.000
Base frequencies:   A: 0.214  C: 0.264  G: 0.258  T: 0.263
Gamma shape alpha: 998.404
Parameters optimization took 3 rounds (0.027 sec)
--------------------------------------------------------------------
|             INITIALIZING CANDIDATE TREE SET                      |
--------------------------------------------------------------------
Computing ML distances based on estimated model parameters... 0.004 sec
Computing BIONJ tree...
0.001 seconds
Log-likelihood of BIONJ tree: -1961.833
Generating 98 parsimony trees... 0.133 seconds 26 distinct starting trees
Computing log-likelihood of 26 initial trees ... 0.078 seconds
Optimizing top 20 initial trees with NNI...
Iteration 1 / LogL: -1961.833 / Time: 0h:0m:0s
Estimate model parameters (epsilon = 0.100)
BETTER SCORE FOUND at iteration 1: -1961.819
Iteration 2 / LogL: -1961.821 / Time: 0h:0m:0s
Iteration 3 / LogL: -1961.827 / Time: 0h:0m:0s
Iteration 4 / LogL: -1961.827 / Time: 0h:0m:0s
Iteration 5 / LogL: -1961.827 / Time: 0h:0m:0s
Iteration 6 / LogL: -1961.827 / Time: 0h:0m:0s
Iteration 7 / LogL: -1961.827 / Time: 0h:0m:0s
Iteration 8 / LogL: -1961.827 / Time: 0h:0m:0s
Iteration 9 / LogL: -1961.827 / Time: 0h:0m:0s
Iteration 10 / LogL: -1961.827 / Time: 0h:0m:0s
Iteration 11 / LogL: -1961.827 / Time: 0h:0m:0s
Iteration 12 / LogL: -1961.827 / Time: 0h:0m:0s
Iteration 13 / LogL: -1961.827 / Time: 0h:0m:0s
Iteration 14 / LogL: -1961.827 / Time: 0h:0m:0s
Iteration 15 / LogL: -1961.827 / Time: 0h:0m:0s
Iteration 16 / LogL: -1961.827 / Time: 0h:0m:0s
Iteration 17 / LogL: -1961.827 / Time: 0h:0m:0s
Iteration 18 / LogL: -1961.827 / Time: 0h:0m:0s
Iteration 19 / LogL: -1961.827 / Time: 0h:0m:0s
Iteration 20 / LogL: -1961.827 / Time: 0h:0m:0s
Average CPU time for 1 NNI search: 0.011
Finish initializing candidate tree set. Number of distinct locally optimal trees: 20
Current best tree score: -1961.819 / CPU time: 0.428
--------------------------------------------------------------------
|               OPTIMIZING CANDIDATE TREE SET                      |
--------------------------------------------------------------------
Iteration 30 / LogL: -1968.350 / Time: 0h:0m:0s (0h:0m:1s left)
Iteration 40 / LogL: -1961.822 / Time: 0h:0m:0s (0h:0m:1s left)
Iteration 50 / LogL: -1961.839 / Time: 0h:0m:1s (0h:0m:1s left)
Iteration 60 / LogL: -1968.350 / Time: 0h:0m:1s (0h:0m:0s left)
Iteration 70 / LogL: -1961.827 / Time: 0h:0m:1s (0h:0m:0s left)
Iteration 80 / LogL: -1961.825 / Time: 0h:0m:1s (0h:0m:0s left)
Iteration 90 / LogL: -1961.820 / Time: 0h:0m:1s (0h:0m:0s left)
Iteration 100 / LogL: -1961.820 / Time: 0h:0m:1s (0h:0m:0s left)
TREE SEARCH COMPLETED AFTER 101 ITERATIONS / Time: 0h:0m:1s

--------------------------------------------------------------------
|                    FINALIZING TREE SEARCH                        |
--------------------------------------------------------------------
Performs final model parameters optimization
Estimate model parameters (epsilon = 0.010)
1. Initial log-likelihood: -1961.819
Optimal log-likelihood: -1961.818
Rate parameters:  A-C: 0.953  A-G: 1.199  A-T: 1.155  C-G: 1.030  C-T: 1.249  G-T: 1.000
Base frequencies:   A: 0.214  C: 0.264  G: 0.258  T: 0.263
Gamma shape alpha: 998.404
Parameters optimization took 1 rounds (0.008 sec)
BEST SCORE FOUND : -1961.818

Testing tree branches by SH-like aLRT with 1000 replicates...
CPU Time used:  0.152 sec.
Total tree length: 1.120

Total number of iterations: 101
CPU time used for tree search: 1.908 sec (0h:0m:1s)
Wall-clock time used for tree search: 1.921 sec (0h:0m:1s)
Total CPU time used: 2.120 sec (0h:0m:2s)
Total wall-clock time used: 2.134 sec (0h:0m:2s)

Analysis results written to: 
  IQ-TREE report:                ../simulations/data_D8T0L15I8T8//S/825_pruned.fasta.iqtree
  Maximum-likelihood tree:       ../simulations/data_D8T0L15I8T8//S/825_pruned.fasta.treefile
  Likelihood distances:          ../simulations/data_D8T0L15I8T8//S/825_pruned.fasta.mldist
  Screen log file:               ../simulations/data_D8T0L15I8T8//S/825_pruned.fasta.log

Date and Time: Fri May 25 22:50:32 2018
