IQ-TREE version 1.4.2 for Linux 64-bit built Apr 15 2016
Copyright (c) 2011-2015 Nguyen Lam Tung, Olga Chernomor, Arndt von Haeseler and Bui Quang Minh.

Host:    meduse (AVX2, FMA3, 7 GB RAM)
Command: iqtree -s ../simulations/data_D10T0L20I10T10//S/828_pruned.fasta -m GTR+G -alrt 1000 -redo
Seed:    361162 (Using SPRNG - Scalable Parallel Random Number Generator)
Time:    Sun Jun  3 23:46:35 2018
Kernel:  AVX

NOTE: Consider using the multicore version because your CPU has 4 cores!

Reading alignment file ../simulations/data_D10T0L20I10T10//S/828_pruned.fasta ... Fasta format detected
Alignment most likely contains DNA/RNA sequences
Alignment has 26 sequences with 300 columns and 300 patterns (291 informative sites)
          Gap/Ambiguity  Composition  p-value
   1  n277_278    0.00%    passed     56.39%
   2  n286_287    0.00%    passed     51.19%
   3  n296_297    0.00%    passed     82.45%
   4  n285_286    0.00%    passed     47.23%
   5  n289_290    0.00%    passed     74.67%
   6  n274_275    0.00%    passed     90.79%
   7  n255_256    0.00%    passed     53.03%
   8  n275_276    0.00%    passed     16.42%
   9  n278_279    0.00%    passed     50.22%
  10  n299_300    0.00%    passed     87.97%
  11  n236_237    0.00%    passed     91.74%
  12  n293_294    0.00%    passed     38.88%
  13  n290_291    0.00%    passed     90.72%
  14  n297_298    0.00%    passed     29.12%
  15  n200_201    0.00%    passed     70.54%
  16  n292_293    0.00%    passed     87.89%
  17  n280_281    0.00%    passed     97.41%
  18  n295_296    0.00%    passed     69.17%
  19  n287_288    0.00%    passed     91.92%
  20  n244_245    0.00%    passed     69.44%
  21  n265_266    0.00%    passed     63.22%
  22  n266_267    0.00%    passed     10.90%
  23  n294_295    0.00%    passed     24.29%
  24  n251_252    0.00%    passed     80.05%
  25  n298_299    0.00%    passed     10.79%
  26  n300_301    0.00%    passed     84.87%
****  TOTAL       0.00%  0 sequences failed composition chi2 test (p-value<5%; df=3)

Create initial parsimony tree by phylogenetic likelihood library (PLL)... 0.002 seconds

NOTE: 1 MB RAM is required!
Estimate model parameters (epsilon = 0.100)
1. Initial log-likelihood: -5396.538
2. Current log-likelihood: -5301.810
3. Current log-likelihood: -5288.962
4. Current log-likelihood: -5286.610
5. Current log-likelihood: -5286.152
Optimal log-likelihood: -5286.060
Rate parameters:  A-C: 0.895  A-G: 1.059  A-T: 0.949  C-G: 0.837  C-T: 1.056  G-T: 1.000
Base frequencies:   A: 0.228  C: 0.292  G: 0.256  T: 0.224
Gamma shape alpha: 3.681
Parameters optimization took 5 rounds (0.063 sec)
--------------------------------------------------------------------
|             INITIALIZING CANDIDATE TREE SET                      |
--------------------------------------------------------------------
Computing ML distances based on estimated model parameters... 0.004 sec
WARNING: Some pairwise ML distances are too long (saturated)
Computing BIONJ tree...
0.000 seconds
Log-likelihood of BIONJ tree: -5292.195
Generating 98 parsimony trees... 0.138 seconds 3 distinct starting trees
Computing log-likelihood of 3 initial trees ... 0.003 seconds
Optimizing top 3 initial trees with NNI...
Iteration 1 / LogL: -5285.171 / Time: 0h:0m:0s
Estimate model parameters (epsilon = 0.100)
BETTER SCORE FOUND at iteration 1: -5284.969
Iteration 2 / LogL: -5285.090 / Time: 0h:0m:0s
Iteration 3 / LogL: -5282.348 / Time: 0h:0m:0s
Estimate model parameters (epsilon = 0.100)
BETTER TREE FOUND at iteration 3: -5282.164
Average CPU time for 1 NNI search: 0.025
Finish initializing candidate tree set. Number of distinct locally optimal trees: 3
Current best tree score: -5282.164 / CPU time: 0.220
--------------------------------------------------------------------
|               OPTIMIZING CANDIDATE TREE SET                      |
--------------------------------------------------------------------
Estimate model parameters (epsilon = 0.010)
UPDATE BEST LOG-LIKELIHOOD: -5282.050
Iteration 10 / LogL: -5282.531 / Time: 0h:0m:0s
Iteration 20 / LogL: -5282.015 / Time: 0h:0m:0s (0h:0m:4s left)
Estimate model parameters (epsilon = 0.010)
UPDATE BEST LOG-LIKELIHOOD: -5281.870
Iteration 30 / LogL: -5539.351 / Time: 0h:0m:1s (0h:0m:3s left)
Iteration 40 / LogL: -5285.124 / Time: 0h:0m:1s (0h:0m:2s left)
Iteration 50 / LogL: -5282.903 / Time: 0h:0m:1s (0h:0m:2s left)
Iteration 60 / LogL: -5282.214 / Time: 0h:0m:2s (0h:0m:1s left)
Iteration 70 / LogL: -5284.976 / Time: 0h:0m:2s (0h:0m:1s left)
Estimate model parameters (epsilon = 0.010)
UPDATE BEST LOG-LIKELIHOOD: -5281.599
Iteration 80 / LogL: -5284.343 / Time: 0h:0m:2s (0h:0m:0s left)
Iteration 90 / LogL: -5284.007 / Time: 0h:0m:3s (0h:0m:0s left)
Iteration 100 / LogL: -5282.762 / Time: 0h:0m:3s (0h:0m:0s left)
TREE SEARCH COMPLETED AFTER 101 ITERATIONS / Time: 0h:0m:3s

--------------------------------------------------------------------
|                    FINALIZING TREE SEARCH                        |
--------------------------------------------------------------------
Performs final model parameters optimization
Estimate model parameters (epsilon = 0.010)
1. Initial log-likelihood: -5281.599
Optimal log-likelihood: -5281.598
Rate parameters:  A-C: 0.877  A-G: 1.079  A-T: 0.940  C-G: 0.802  C-T: 1.033  G-T: 1.000
Base frequencies:   A: 0.228  C: 0.292  G: 0.256  T: 0.224
Gamma shape alpha: 3.475
Parameters optimization took 1 rounds (0.007 sec)
BEST SCORE FOUND : -5281.598

Testing tree branches by SH-like aLRT with 1000 replicates...
CPU Time used:  0.128 sec.
Total tree length: 9.973

Total number of iterations: 101
CPU time used for tree search: 3.320 sec (0h:0m:3s)
Wall-clock time used for tree search: 3.327 sec (0h:0m:3s)
Total CPU time used: 3.560 sec (0h:0m:3s)
Total wall-clock time used: 3.568 sec (0h:0m:3s)

Analysis results written to: 
  IQ-TREE report:                ../simulations/data_D10T0L20I10T10//S/828_pruned.fasta.iqtree
  Maximum-likelihood tree:       ../simulations/data_D10T0L20I10T10//S/828_pruned.fasta.treefile
  Likelihood distances:          ../simulations/data_D10T0L20I10T10//S/828_pruned.fasta.mldist
  Screen log file:               ../simulations/data_D10T0L20I10T10//S/828_pruned.fasta.log

Date and Time: Sun Jun  3 23:46:38 2018
