IQ-TREE version 1.4.2 for Linux 64-bit built Apr 15 2016
Copyright (c) 2011-2015 Nguyen Lam Tung, Olga Chernomor, Arndt von Haeseler and Bui Quang Minh.

Host:    meduse (AVX2, FMA3, 7 GB RAM)
Command: iqtree -s ../simulations/data_D10T0L20I10T10//S/830_pruned.fasta -m GTR+G -alrt 1000 -redo
Seed:    240656 (Using SPRNG - Scalable Parallel Random Number Generator)
Time:    Sun Jun  3 23:28:24 2018
Kernel:  AVX

NOTE: Consider using the multicore version because your CPU has 4 cores!

Reading alignment file ../simulations/data_D10T0L20I10T10//S/830_pruned.fasta ... Fasta format detected
Alignment most likely contains DNA/RNA sequences
Alignment has 26 sequences with 300 columns and 300 patterns (296 informative sites)
          Gap/Ambiguity  Composition  p-value
   1  n277_278    0.00%    passed     31.48%
   2  n286_287    0.00%    passed     62.96%
   3  n296_297    0.00%    passed     34.62%
   4  n285_286    0.00%    passed     71.10%
   5  n289_290    0.00%    passed     64.00%
   6  n274_275    0.00%    passed     33.60%
   7  n255_256    0.00%    passed     12.49%
   8  n275_276    0.00%    passed     32.62%
   9  n278_279    0.00%    failed      3.41%
  10  n299_300    0.00%    passed     27.56%
  11  n236_237    0.00%    passed     59.80%
  12  n293_294    0.00%    passed     41.85%
  13  n290_291    0.00%    passed     51.11%
  14  n297_298    0.00%    passed     35.19%
  15  n200_201    0.00%    passed     27.48%
  16  n292_293    0.00%    passed     16.08%
  17  n280_281    0.00%    passed     34.83%
  18  n295_296    0.00%    passed     59.53%
  19  n287_288    0.00%    passed     60.54%
  20  n244_245    0.00%    failed      1.34%
  21  n265_266    0.00%    passed     22.71%
  22  n266_267    0.00%    passed     80.56%
  23  n294_295    0.00%    passed     40.28%
  24  n251_252    0.00%    failed      0.97%
  25  n298_299    0.00%    passed     25.99%
  26  n300_301    0.00%    passed     14.06%
****  TOTAL       0.00%  3 sequences failed composition chi2 test (p-value<5%; df=3)

Create initial parsimony tree by phylogenetic likelihood library (PLL)... 0.002 seconds

NOTE: 1 MB RAM is required!
Estimate model parameters (epsilon = 0.100)
1. Initial log-likelihood: -5376.545
2. Current log-likelihood: -5283.070
3. Current log-likelihood: -5267.468
4. Current log-likelihood: -5264.564
5. Current log-likelihood: -5264.041
6. Current log-likelihood: -5263.932
Optimal log-likelihood: -5263.888
Rate parameters:  A-C: 1.282  A-G: 1.576  A-T: 1.216  C-G: 0.988  C-T: 1.371  G-T: 1.000
Base frequencies:   A: 0.208  C: 0.278  G: 0.257  T: 0.257
Gamma shape alpha: 5.052
Parameters optimization took 6 rounds (0.078 sec)
--------------------------------------------------------------------
|             INITIALIZING CANDIDATE TREE SET                      |
--------------------------------------------------------------------
Computing ML distances based on estimated model parameters... 0.004 sec
WARNING: Some pairwise ML distances are too long (saturated)
Computing BIONJ tree...
0.000 seconds
Log-likelihood of BIONJ tree: -5271.319
Generating 98 parsimony trees... 0.126 seconds 7 distinct starting trees
Computing log-likelihood of 7 initial trees ... 0.014 seconds
Optimizing top 7 initial trees with NNI...
Iteration 1 / LogL: -5263.143 / Time: 0h:0m:0s
Estimate model parameters (epsilon = 0.100)
BETTER TREE FOUND at iteration 1: -5262.585
Iteration 2 / LogL: -5263.248 / Time: 0h:0m:0s
Iteration 3 / LogL: -5263.248 / Time: 0h:0m:0s
Iteration 4 / LogL: -5263.228 / Time: 0h:0m:0s
Iteration 5 / LogL: -5263.228 / Time: 0h:0m:0s
Iteration 6 / LogL: -5263.228 / Time: 0h:0m:0s
Iteration 7 / LogL: -5268.817 / Time: 0h:0m:0s
Average CPU time for 1 NNI search: 0.014
Finish initializing candidate tree set. Number of distinct locally optimal trees: 4
Current best tree score: -5262.585 / CPU time: 0.232
--------------------------------------------------------------------
|               OPTIMIZING CANDIDATE TREE SET                      |
--------------------------------------------------------------------
Iteration 10 / LogL: -5282.627 / Time: 0h:0m:0s
Estimate model parameters (epsilon = 0.010)
UPDATE BEST LOG-LIKELIHOOD: -5262.270
Iteration 20 / LogL: -5273.505 / Time: 0h:0m:0s (0h:0m:2s left)
Iteration 30 / LogL: -5262.804 / Time: 0h:0m:0s (0h:0m:2s left)
Iteration 40 / LogL: -5264.132 / Time: 0h:0m:1s (0h:0m:1s left)
Iteration 50 / LogL: -5269.434 / Time: 0h:0m:1s (0h:0m:1s left)
Iteration 60 / LogL: -5285.122 / Time: 0h:0m:1s (0h:0m:1s left)
Iteration 70 / LogL: -5280.478 / Time: 0h:0m:2s (0h:0m:0s left)
Iteration 80 / LogL: -5263.294 / Time: 0h:0m:2s (0h:0m:0s left)
Iteration 90 / LogL: -5267.988 / Time: 0h:0m:2s (0h:0m:0s left)
Iteration 100 / LogL: -5262.674 / Time: 0h:0m:3s (0h:0m:0s left)
TREE SEARCH COMPLETED AFTER 101 ITERATIONS / Time: 0h:0m:3s

--------------------------------------------------------------------
|                    FINALIZING TREE SEARCH                        |
--------------------------------------------------------------------
Performs final model parameters optimization
Estimate model parameters (epsilon = 0.010)
1. Initial log-likelihood: -5262.270
Optimal log-likelihood: -5262.269
Rate parameters:  A-C: 1.238  A-G: 1.522  A-T: 1.178  C-G: 0.934  C-T: 1.332  G-T: 1.000
Base frequencies:   A: 0.208  C: 0.278  G: 0.257  T: 0.257
Gamma shape alpha: 5.222
Parameters optimization took 1 rounds (0.010 sec)
BEST SCORE FOUND : -5262.269

Testing tree branches by SH-like aLRT with 1000 replicates...
CPU Time used:  0.112 sec.
Total tree length: 8.743

Total number of iterations: 101
CPU time used for tree search: 2.976 sec (0h:0m:2s)
Wall-clock time used for tree search: 2.980 sec (0h:0m:2s)
Total CPU time used: 3.216 sec (0h:0m:3s)
Total wall-clock time used: 3.225 sec (0h:0m:3s)

Analysis results written to: 
  IQ-TREE report:                ../simulations/data_D10T0L20I10T10//S/830_pruned.fasta.iqtree
  Maximum-likelihood tree:       ../simulations/data_D10T0L20I10T10//S/830_pruned.fasta.treefile
  Likelihood distances:          ../simulations/data_D10T0L20I10T10//S/830_pruned.fasta.mldist
  Screen log file:               ../simulations/data_D10T0L20I10T10//S/830_pruned.fasta.log

Date and Time: Sun Jun  3 23:28:27 2018
