IQ-TREE version 1.4.2 for Linux 64-bit built Apr 15 2016
Copyright (c) 2011-2015 Nguyen Lam Tung, Olga Chernomor, Arndt von Haeseler and Bui Quang Minh.

Host:    meduse (AVX2, FMA3, 7 GB RAM)
Command: iqtree -s ../simulations/data_D10T0L20I10T10//S/831_pruned.fasta -m GTR+G -alrt 1000 -redo
Seed:    530798 (Using SPRNG - Scalable Parallel Random Number Generator)
Time:    Sun Jun  3 23:33:06 2018
Kernel:  AVX

NOTE: Consider using the multicore version because your CPU has 4 cores!

Reading alignment file ../simulations/data_D10T0L20I10T10//S/831_pruned.fasta ... Fasta format detected
Alignment most likely contains DNA/RNA sequences
Alignment has 26 sequences with 300 columns and 300 patterns (299 informative sites)
          Gap/Ambiguity  Composition  p-value
   1  n280_277    0.00%    passed     64.86%
   2  n275_272    0.00%    passed     79.77%
   3  n255_252    0.00%    passed     50.74%
   4  n294_291    0.00%    passed     94.15%
   5  n292_289    0.00%    passed     57.95%
   6  n286_283    0.00%    passed     32.78%
   7  n287_284    0.00%    passed     57.67%
   8  n300_297    0.00%    passed     74.82%
   9  n293_290    0.00%    passed     98.41%
  10  n278_275    0.00%    passed     53.55%
  11  n244_241    0.00%    passed     54.96%
  12  n285_282    0.00%    passed     63.73%
  13  n295_292    0.00%    passed     98.01%
  14  n236_235    0.00%    passed     47.18%
  15  n274_271    0.00%    passed     50.11%
  16  n200_201    0.00%    passed     96.62%
  17  n251_248    0.00%    passed     68.08%
  18  n297_294    0.00%    passed     72.40%
  19  n289_286    0.00%    passed     47.73%
  20  n296_293    0.00%    passed     84.96%
  21  n266_263    0.00%    passed     68.14%
  22  n265_262    0.00%    passed     91.25%
  23  n298_295    0.00%    passed     80.01%
  24  n277_274    0.00%    passed     92.93%
  25  n290_287    0.00%    passed     49.50%
  26  n299_296    0.00%    passed     74.12%
****  TOTAL       0.00%  0 sequences failed composition chi2 test (p-value<5%; df=3)

Create initial parsimony tree by phylogenetic likelihood library (PLL)... 0.002 seconds

NOTE: 1 MB RAM is required!
Estimate model parameters (epsilon = 0.100)
1. Initial log-likelihood: -5329.992
2. Current log-likelihood: -5238.978
3. Current log-likelihood: -5217.903
4. Current log-likelihood: -5210.902
5. Current log-likelihood: -5208.874
6. Current log-likelihood: -5208.207
7. Current log-likelihood: -5208.064
Optimal log-likelihood: -5207.967
Rate parameters:  A-C: 1.127  A-G: 1.355  A-T: 1.437  C-G: 1.028  C-T: 1.542  G-T: 1.000
Base frequencies:   A: 0.219  C: 0.277  G: 0.255  T: 0.248
Gamma shape alpha: 6.499
Parameters optimization took 7 rounds (0.087 sec)
--------------------------------------------------------------------
|             INITIALIZING CANDIDATE TREE SET                      |
--------------------------------------------------------------------
Computing ML distances based on estimated model parameters... 0.004 sec
WARNING: Some pairwise ML distances are too long (saturated)
Computing BIONJ tree...
0.000 seconds
Log-likelihood of BIONJ tree: -5215.680
Generating 98 parsimony trees... 0.144 seconds 3 distinct starting trees
Computing log-likelihood of 3 initial trees ... 0.003 seconds
Optimizing top 3 initial trees with NNI...
Iteration 1 / LogL: -5207.967 / Time: 0h:0m:0s
Estimate model parameters (epsilon = 0.100)
BETTER SCORE FOUND at iteration 1: -5207.931
Iteration 2 / LogL: -5208.430 / Time: 0h:0m:0s
Iteration 3 / LogL: -5208.195 / Time: 0h:0m:0s
Average CPU time for 1 NNI search: 0.012
Finish initializing candidate tree set. Number of distinct locally optimal trees: 1
Current best tree score: -5207.931 / CPU time: 0.184
--------------------------------------------------------------------
|               OPTIMIZING CANDIDATE TREE SET                      |
--------------------------------------------------------------------
Iteration 10 / LogL: -5208.552 / Time: 0h:0m:0s
Iteration 20 / LogL: -5753.833 / Time: 0h:0m:0s (0h:0m:3s left)
Iteration 30 / LogL: -5209.211 / Time: 0h:0m:1s (0h:0m:2s left)
Iteration 40 / LogL: -5209.133 / Time: 0h:0m:1s (0h:0m:2s left)
Iteration 50 / LogL: -5208.298 / Time: 0h:0m:1s (0h:0m:1s left)
Iteration 60 / LogL: -5208.742 / Time: 0h:0m:2s (0h:0m:1s left)
Iteration 70 / LogL: -5214.874 / Time: 0h:0m:2s (0h:0m:1s left)
Iteration 80 / LogL: -5208.907 / Time: 0h:0m:2s (0h:0m:0s left)
Iteration 90 / LogL: -5208.561 / Time: 0h:0m:3s (0h:0m:0s left)
Iteration 100 / LogL: -5208.631 / Time: 0h:0m:3s (0h:0m:0s left)
TREE SEARCH COMPLETED AFTER 101 ITERATIONS / Time: 0h:0m:3s

--------------------------------------------------------------------
|                    FINALIZING TREE SEARCH                        |
--------------------------------------------------------------------
Performs final model parameters optimization
Estimate model parameters (epsilon = 0.010)
1. Initial log-likelihood: -5207.931
Optimal log-likelihood: -5207.918
Rate parameters:  A-C: 1.117  A-G: 1.324  A-T: 1.410  C-G: 1.013  C-T: 1.522  G-T: 1.000
Base frequencies:   A: 0.219  C: 0.277  G: 0.255  T: 0.248
Gamma shape alpha: 6.646
Parameters optimization took 1 rounds (0.007 sec)
BEST SCORE FOUND : -5207.918

Testing tree branches by SH-like aLRT with 1000 replicates...
CPU Time used:  0.120 sec.
Total tree length: 8.247

Total number of iterations: 101
CPU time used for tree search: 3.296 sec (0h:0m:3s)
Wall-clock time used for tree search: 3.300 sec (0h:0m:3s)
Total CPU time used: 3.540 sec (0h:0m:3s)
Total wall-clock time used: 3.546 sec (0h:0m:3s)

Analysis results written to: 
  IQ-TREE report:                ../simulations/data_D10T0L20I10T10//S/831_pruned.fasta.iqtree
  Maximum-likelihood tree:       ../simulations/data_D10T0L20I10T10//S/831_pruned.fasta.treefile
  Likelihood distances:          ../simulations/data_D10T0L20I10T10//S/831_pruned.fasta.mldist
  Screen log file:               ../simulations/data_D10T0L20I10T10//S/831_pruned.fasta.log

Date and Time: Sun Jun  3 23:33:10 2018
