IQ-TREE version 1.4.2 for Linux 64-bit built Apr 15 2016
Copyright (c) 2011-2015 Nguyen Lam Tung, Olga Chernomor, Arndt von Haeseler and Bui Quang Minh.

Host:    meduse (AVX2, FMA3, 7 GB RAM)
Command: iqtree -s ../simulations/data_D10T0L20I10T10//S/833_pruned.fasta -m GTR+G -alrt 1000 -redo
Seed:    897422 (Using SPRNG - Scalable Parallel Random Number Generator)
Time:    Fri Jun  1 10:58:33 2018
Kernel:  AVX

NOTE: Consider using the multicore version because your CPU has 4 cores!

Reading alignment file ../simulations/data_D10T0L20I10T10//S/833_pruned.fasta ... Fasta format detected
Alignment most likely contains DNA/RNA sequences
Alignment has 26 sequences with 300 columns and 178 patterns (161 informative sites)
          Gap/Ambiguity  Composition  p-value
   1  n289_290    0.00%    passed     89.89%
   2  n294_295    0.00%    passed     98.55%
   3  n295_296    0.00%    passed     96.90%
   4  n266_267    0.00%    passed     91.16%
   5  n299_300    0.00%    passed     98.93%
   6  n298_299    0.00%    passed     91.73%
   7  n290_291    0.00%    passed     97.87%
   8  n274_275    0.00%    passed     96.87%
   9  n251_252    0.00%    passed     47.15%
  10  n293_294    0.00%    passed     98.55%
  11  n265_266    0.00%    passed     85.12%
  12  n296_297    0.00%    passed     96.90%
  13  n300_301    0.00%    passed     98.93%
  14  n244_245    0.00%    passed     58.90%
  15  n278_279    0.00%    passed     95.78%
  16  n287_288    0.00%    passed     99.43%
  17  n200_201    0.00%    passed     76.00%
  18  n277_278    0.00%    passed     95.67%
  19  n297_298    0.00%    passed     93.33%
  20  n236_237    0.00%    passed     90.43%
  21  n280_281    0.00%    passed     97.05%
  22  n285_286    0.00%    passed     89.63%
  23  n275_276    0.00%    passed     96.23%
  24  n255_256    0.00%    passed     30.42%
  25  n292_293    0.00%    passed     99.57%
  26  n286_287    0.00%    passed     90.37%
****  TOTAL       0.00%  0 sequences failed composition chi2 test (p-value<5%; df=3)
NOTE: 3 identical sequences (see below) will be ignored for subsequent analysis
NOTE: n293_294 (identical to n294_295) is ignored but added at the end
NOTE: n296_297 (identical to n295_296) is ignored but added at the end
NOTE: n300_301 (identical to n299_300) is ignored but added at the end

Create initial parsimony tree by phylogenetic likelihood library (PLL)... 0.001 seconds

NOTE: 0 MB RAM is required!
Estimate model parameters (epsilon = 0.100)
1. Initial log-likelihood: -2099.127
2. Current log-likelihood: -2023.058
3. Current log-likelihood: -2022.424
Optimal log-likelihood: -2022.402
Rate parameters:  A-C: 1.325  A-G: 0.946  A-T: 0.976  C-G: 1.696  C-T: 1.685  G-T: 1.000
Base frequencies:   A: 0.258  C: 0.206  G: 0.298  T: 0.238
Gamma shape alpha: 9.582
Parameters optimization took 3 rounds (0.025 sec)
--------------------------------------------------------------------
|             INITIALIZING CANDIDATE TREE SET                      |
--------------------------------------------------------------------
Computing ML distances based on estimated model parameters... 0.004 sec
Computing BIONJ tree...
0.000 seconds
Log-likelihood of BIONJ tree: -2022.401
Generating 98 parsimony trees... 0.072 seconds 9 distinct starting trees
Computing log-likelihood of 9 initial trees ... 0.012 seconds
Optimizing top 9 initial trees with NNI...
Iteration 1 / LogL: -2022.402 / Time: 0h:0m:0s
Estimate model parameters (epsilon = 0.100)
BETTER SCORE FOUND at iteration 1: -2022.391
Iteration 2 / LogL: -2022.393 / Time: 0h:0m:0s
Iteration 3 / LogL: -2022.538 / Time: 0h:0m:0s
Iteration 4 / LogL: -2022.538 / Time: 0h:0m:0s
Iteration 5 / LogL: -2022.538 / Time: 0h:0m:0s
Iteration 6 / LogL: -2022.538 / Time: 0h:0m:0s
Iteration 7 / LogL: -2022.538 / Time: 0h:0m:0s
Iteration 8 / LogL: -2022.538 / Time: 0h:0m:0s
Iteration 9 / LogL: -2022.538 / Time: 0h:0m:0s
Average CPU time for 1 NNI search: 0.004
Finish initializing candidate tree set. Number of distinct locally optimal trees: 9
Current best tree score: -2022.391 / CPU time: 0.124
--------------------------------------------------------------------
|               OPTIMIZING CANDIDATE TREE SET                      |
--------------------------------------------------------------------
Iteration 10 / LogL: -2022.394 / Time: 0h:0m:0s
Iteration 20 / LogL: -2022.406 / Time: 0h:0m:0s (0h:0m:1s left)
Iteration 30 / LogL: -2022.392 / Time: 0h:0m:0s (0h:0m:0s left)
Iteration 40 / LogL: -2022.392 / Time: 0h:0m:0s (0h:0m:0s left)
Iteration 50 / LogL: -2064.877 / Time: 0h:0m:0s (0h:0m:0s left)
Iteration 60 / LogL: -2022.395 / Time: 0h:0m:0s (0h:0m:0s left)
Iteration 70 / LogL: -2022.392 / Time: 0h:0m:0s (0h:0m:0s left)
Iteration 80 / LogL: -2022.394 / Time: 0h:0m:1s (0h:0m:0s left)
Iteration 90 / LogL: -2022.397 / Time: 0h:0m:1s (0h:0m:0s left)
Iteration 100 / LogL: -2022.392 / Time: 0h:0m:1s (0h:0m:0s left)
TREE SEARCH COMPLETED AFTER 101 ITERATIONS / Time: 0h:0m:1s

--------------------------------------------------------------------
|                    FINALIZING TREE SEARCH                        |
--------------------------------------------------------------------
Performs final model parameters optimization
Estimate model parameters (epsilon = 0.010)
1. Initial log-likelihood: -2022.391
Optimal log-likelihood: -2022.385
Rate parameters:  A-C: 1.309  A-G: 0.938  A-T: 0.965  C-G: 1.679  C-T: 1.659  G-T: 1.000
Base frequencies:   A: 0.258  C: 0.206  G: 0.298  T: 0.238
Gamma shape alpha: 9.679
Parameters optimization took 1 rounds (0.004 sec)
BEST SCORE FOUND : -2022.385

Testing tree branches by SH-like aLRT with 1000 replicates...
CPU Time used:  0.092 sec.
Total tree length: 1.208

Total number of iterations: 101
CPU time used for tree search: 1.224 sec (0h:0m:1s)
Wall-clock time used for tree search: 1.226 sec (0h:0m:1s)
Total CPU time used: 1.360 sec (0h:0m:1s)
Total wall-clock time used: 1.361 sec (0h:0m:1s)

Analysis results written to: 
  IQ-TREE report:                ../simulations/data_D10T0L20I10T10//S/833_pruned.fasta.iqtree
  Maximum-likelihood tree:       ../simulations/data_D10T0L20I10T10//S/833_pruned.fasta.treefile
  Likelihood distances:          ../simulations/data_D10T0L20I10T10//S/833_pruned.fasta.mldist
  Screen log file:               ../simulations/data_D10T0L20I10T10//S/833_pruned.fasta.log

Date and Time: Fri Jun  1 10:58:35 2018
