IQ-TREE version 1.4.2 for Linux 64-bit built Apr 15 2016
Copyright (c) 2011-2015 Nguyen Lam Tung, Olga Chernomor, Arndt von Haeseler and Bui Quang Minh.

Host:    meduse (AVX2, FMA3, 7 GB RAM)
Command: iqtree -s ../simulations/data_D10T0L20I10T10//S/835_pruned.fasta -m GTR+G -alrt 1000 -redo
Seed:    159387 (Using SPRNG - Scalable Parallel Random Number Generator)
Time:    Sun Jun  3 23:56:23 2018
Kernel:  AVX

NOTE: Consider using the multicore version because your CPU has 4 cores!

Reading alignment file ../simulations/data_D10T0L20I10T10//S/835_pruned.fasta ... Fasta format detected
Alignment most likely contains DNA/RNA sequences
Alignment has 26 sequences with 300 columns and 300 patterns (298 informative sites)
          Gap/Ambiguity  Composition  p-value
   1  n277_278    0.00%    passed     74.11%
   2  n286_287    0.00%    passed     66.63%
   3  n296_297    0.00%    passed     68.74%
   4  n285_286    0.00%    passed     71.78%
   5  n289_290    0.00%    passed     97.98%
   6  n274_275    0.00%    passed     36.84%
   7  n255_256    0.00%    passed     90.02%
   8  n275_276    0.00%    passed     39.64%
   9  n278_279    0.00%    passed     88.41%
  10  n299_300    0.00%    passed     74.11%
  11  n236_237    0.00%    passed     79.56%
  12  n293_294    0.00%    passed     39.85%
  13  n290_291    0.00%    passed     96.87%
  14  n297_298    0.00%    passed     75.49%
  15  n200_201    0.00%    passed     63.63%
  16  n292_293    0.00%    passed     24.42%
  17  n280_281    0.00%    passed     17.11%
  18  n295_296    0.00%    passed     72.20%
  19  n287_288    0.00%    passed     85.00%
  20  n244_245    0.00%    passed     53.84%
  21  n265_266    0.00%    passed     69.11%
  22  n266_267    0.00%    passed     75.87%
  23  n294_295    0.00%    passed     28.34%
  24  n251_252    0.00%    passed     86.93%
  25  n298_299    0.00%    passed     83.97%
  26  n300_301    0.00%    passed     59.26%
****  TOTAL       0.00%  0 sequences failed composition chi2 test (p-value<5%; df=3)

Create initial parsimony tree by phylogenetic likelihood library (PLL)... 0.002 seconds

NOTE: 1 MB RAM is required!
Estimate model parameters (epsilon = 0.100)
1. Initial log-likelihood: -5395.095
2. Current log-likelihood: -5299.519
3. Current log-likelihood: -5282.903
4. Current log-likelihood: -5279.682
5. Current log-likelihood: -5278.986
6. Current log-likelihood: -5278.779
Optimal log-likelihood: -5278.707
Rate parameters:  A-C: 1.027  A-G: 1.339  A-T: 1.001  C-G: 1.025  C-T: 1.413  G-T: 1.000
Base frequencies:   A: 0.229  C: 0.277  G: 0.258  T: 0.236
Gamma shape alpha: 6.618
Parameters optimization took 6 rounds (0.082 sec)
--------------------------------------------------------------------
|             INITIALIZING CANDIDATE TREE SET                      |
--------------------------------------------------------------------
Computing ML distances based on estimated model parameters... 0.004 sec
Computing BIONJ tree...
0.000 seconds
Log-likelihood of BIONJ tree: -5280.665
Generating 98 parsimony trees... 0.125 seconds 3 distinct starting trees
Computing log-likelihood of 3 initial trees ... 0.003 seconds
Optimizing top 3 initial trees with NNI...
Iteration 1 / LogL: -5276.649 / Time: 0h:0m:0s
Estimate model parameters (epsilon = 0.100)
BETTER TREE FOUND at iteration 1: -5276.542
Iteration 2 / LogL: -5276.565 / Time: 0h:0m:0s
Iteration 3 / LogL: -5276.573 / Time: 0h:0m:0s
Average CPU time for 1 NNI search: 0.019
Finish initializing candidate tree set. Number of distinct locally optimal trees: 2
Current best tree score: -5276.542 / CPU time: 0.188
--------------------------------------------------------------------
|               OPTIMIZING CANDIDATE TREE SET                      |
--------------------------------------------------------------------
Estimate model parameters (epsilon = 0.010)
BETTER TREE FOUND at iteration 4: -5276.239
Iteration 10 / LogL: -5277.995 / Time: 0h:0m:0s
Iteration 20 / LogL: -5276.519 / Time: 0h:0m:0s (0h:0m:4s left)
Iteration 30 / LogL: -5276.512 / Time: 0h:0m:1s (0h:0m:3s left)
Iteration 40 / LogL: -5276.514 / Time: 0h:0m:1s (0h:0m:2s left)
Iteration 50 / LogL: -5278.299 / Time: 0h:0m:2s (0h:0m:2s left)
Iteration 60 / LogL: -5277.920 / Time: 0h:0m:2s (0h:0m:1s left)
Iteration 70 / LogL: -5277.355 / Time: 0h:0m:2s (0h:0m:1s left)
Iteration 80 / LogL: -5277.209 / Time: 0h:0m:3s (0h:0m:0s left)
Iteration 90 / LogL: -5277.208 / Time: 0h:0m:3s (0h:0m:0s left)
Iteration 100 / LogL: -5310.038 / Time: 0h:0m:4s (0h:0m:0s left)
TREE SEARCH COMPLETED AFTER 104 ITERATIONS / Time: 0h:0m:4s

--------------------------------------------------------------------
|                    FINALIZING TREE SEARCH                        |
--------------------------------------------------------------------
Performs final model parameters optimization
Estimate model parameters (epsilon = 0.010)
1. Initial log-likelihood: -5276.239
Optimal log-likelihood: -5276.234
Rate parameters:  A-C: 1.008  A-G: 1.287  A-T: 0.982  C-G: 1.007  C-T: 1.376  G-T: 1.000
Base frequencies:   A: 0.229  C: 0.277  G: 0.258  T: 0.236
Gamma shape alpha: 6.480
Parameters optimization took 1 rounds (0.007 sec)
BEST SCORE FOUND : -5276.234

Testing tree branches by SH-like aLRT with 1000 replicates...
CPU Time used:  0.120 sec.
Total tree length: 8.866

Total number of iterations: 104
CPU time used for tree search: 4.096 sec (0h:0m:4s)
Wall-clock time used for tree search: 4.095 sec (0h:0m:4s)
Total CPU time used: 4.344 sec (0h:0m:4s)
Total wall-clock time used: 4.346 sec (0h:0m:4s)

Analysis results written to: 
  IQ-TREE report:                ../simulations/data_D10T0L20I10T10//S/835_pruned.fasta.iqtree
  Maximum-likelihood tree:       ../simulations/data_D10T0L20I10T10//S/835_pruned.fasta.treefile
  Likelihood distances:          ../simulations/data_D10T0L20I10T10//S/835_pruned.fasta.mldist
  Screen log file:               ../simulations/data_D10T0L20I10T10//S/835_pruned.fasta.log

Date and Time: Sun Jun  3 23:56:27 2018
