IQ-TREE version 1.4.2 for Linux 64-bit built Apr 15 2016
Copyright (c) 2011-2015 Nguyen Lam Tung, Olga Chernomor, Arndt von Haeseler and Bui Quang Minh.

Host:    meduse (AVX2, FMA3, 7 GB RAM)
Command: iqtree -s ../simulations/data_D8T0L15I8T8//S/846_pruned.fasta -m GTR+G -alrt 1000 -redo
Seed:    310792 (Using SPRNG - Scalable Parallel Random Number Generator)
Time:    Fri May 25 22:59:19 2018
Kernel:  AVX

NOTE: Consider using the multicore version because your CPU has 4 cores!

Reading alignment file ../simulations/data_D8T0L15I8T8//S/846_pruned.fasta ... Fasta format detected
Alignment most likely contains DNA/RNA sequences
Alignment has 26 sequences with 300 columns and 174 patterns (148 informative sites)
          Gap/Ambiguity  Composition  p-value
   1  n298_299    0.00%    passed     79.87%
   2  n280_281    0.00%    passed     92.36%
   3  n200_201    0.00%    passed     89.32%
   4  n286_287    0.00%    passed     86.29%
   5  n287_288    0.00%    passed     73.44%
   6  n266_267    0.00%    passed     45.92%
   7  n292_293    0.00%    passed     93.97%
   8  n293_294    0.00%    passed     81.01%
   9  n275_276    0.00%    passed     68.26%
  10  n289_290    0.00%    passed     73.44%
  11  n297_298    0.00%    passed     71.53%
  12  n278_279    0.00%    passed     73.86%
  13  n295_296    0.00%    passed     60.93%
  14  n251_252    0.00%    passed     12.65%
  15  n274_275    0.00%    passed     92.11%
  16  n290_291    0.00%    passed     66.82%
  17  n236_237    0.00%    passed     37.59%
  18  n255_256    0.00%    passed     17.41%
  19  n285_286    0.00%    passed     81.36%
  20  n294_295    0.00%    passed     84.00%
  21  n300_301    0.00%    passed     94.68%
  22  n265_266    0.00%    passed     54.71%
  23  n296_297    0.00%    passed     53.75%
  24  n299_300    0.00%    passed     94.68%
  25  n244_245    0.00%    passed     69.93%
  26  n277_278    0.00%    passed     72.77%
****  TOTAL       0.00%  0 sequences failed composition chi2 test (p-value<5%; df=3)
NOTE: 2 identical sequences (see below) will be ignored for subsequent analysis
NOTE: n289_290 (identical to n287_288) is ignored but added at the end
NOTE: n299_300 (identical to n300_301) is ignored but added at the end

Create initial parsimony tree by phylogenetic likelihood library (PLL)... 0.001 seconds

NOTE: 0 MB RAM is required!
Estimate model parameters (epsilon = 0.100)
1. Initial log-likelihood: -2009.042
2. Current log-likelihood: -1966.075
3. Current log-likelihood: -1965.834
Optimal log-likelihood: -1965.827
Rate parameters:  A-C: 0.845  A-G: 1.056  A-T: 0.753  C-G: 0.672  C-T: 0.825  G-T: 1.000
Base frequencies:   A: 0.222  C: 0.298  G: 0.257  T: 0.223
Gamma shape alpha: 2.990
Parameters optimization took 3 rounds (0.041 sec)
--------------------------------------------------------------------
|             INITIALIZING CANDIDATE TREE SET                      |
--------------------------------------------------------------------
Computing ML distances based on estimated model parameters... 0.004 sec
Computing BIONJ tree...
0.000 seconds
Log-likelihood of BIONJ tree: -1965.827
Generating 98 parsimony trees... 0.128 seconds 5 distinct starting trees
Computing log-likelihood of 5 initial trees ... 0.009 seconds
Optimizing top 5 initial trees with NNI...
Iteration 1 / LogL: -1965.762 / Time: 0h:0m:0s
Estimate model parameters (epsilon = 0.100)
BETTER SCORE FOUND at iteration 1: -1965.746
Iteration 2 / LogL: -1965.751 / Time: 0h:0m:0s
Iteration 3 / LogL: -1965.831 / Time: 0h:0m:0s
Iteration 4 / LogL: -1965.832 / Time: 0h:0m:0s
Iteration 5 / LogL: -1965.833 / Time: 0h:0m:0s
Average CPU time for 1 NNI search: 0.010
Finish initializing candidate tree set. Number of distinct locally optimal trees: 5
Current best tree score: -1965.746 / CPU time: 0.184
--------------------------------------------------------------------
|               OPTIMIZING CANDIDATE TREE SET                      |
--------------------------------------------------------------------
Iteration 10 / LogL: -1970.179 / Time: 0h:0m:0s
Iteration 20 / LogL: -2007.131 / Time: 0h:0m:0s (0h:0m:2s left)
Iteration 30 / LogL: -1965.747 / Time: 0h:0m:0s (0h:0m:2s left)
Iteration 40 / LogL: -1965.747 / Time: 0h:0m:1s (0h:0m:1s left)
Iteration 50 / LogL: -1965.756 / Time: 0h:0m:1s (0h:0m:1s left)
Iteration 60 / LogL: -1965.830 / Time: 0h:0m:1s (0h:0m:1s left)
Iteration 70 / LogL: -1965.750 / Time: 0h:0m:1s (0h:0m:0s left)
Iteration 80 / LogL: -1965.748 / Time: 0h:0m:2s (0h:0m:0s left)
Iteration 90 / LogL: -1965.746 / Time: 0h:0m:2s (0h:0m:0s left)
Iteration 100 / LogL: -1965.747 / Time: 0h:0m:2s (0h:0m:0s left)
TREE SEARCH COMPLETED AFTER 101 ITERATIONS / Time: 0h:0m:2s

--------------------------------------------------------------------
|                    FINALIZING TREE SEARCH                        |
--------------------------------------------------------------------
Performs final model parameters optimization
Estimate model parameters (epsilon = 0.010)
1. Initial log-likelihood: -1965.746
Optimal log-likelihood: -1965.742
Rate parameters:  A-C: 0.835  A-G: 1.044  A-T: 0.751  C-G: 0.665  C-T: 0.806  G-T: 1.000
Base frequencies:   A: 0.222  C: 0.298  G: 0.257  T: 0.223
Gamma shape alpha: 3.007
Parameters optimization took 1 rounds (0.006 sec)
BEST SCORE FOUND : -1965.742

Testing tree branches by SH-like aLRT with 1000 replicates...
CPU Time used:  0.168 sec.
Total tree length: 1.198

Total number of iterations: 101
CPU time used for tree search: 2.460 sec (0h:0m:2s)
Wall-clock time used for tree search: 2.471 sec (0h:0m:2s)
Total CPU time used: 2.696 sec (0h:0m:2s)
Total wall-clock time used: 2.706 sec (0h:0m:2s)

Analysis results written to: 
  IQ-TREE report:                ../simulations/data_D8T0L15I8T8//S/846_pruned.fasta.iqtree
  Maximum-likelihood tree:       ../simulations/data_D8T0L15I8T8//S/846_pruned.fasta.treefile
  Likelihood distances:          ../simulations/data_D8T0L15I8T8//S/846_pruned.fasta.mldist
  Screen log file:               ../simulations/data_D8T0L15I8T8//S/846_pruned.fasta.log

Date and Time: Fri May 25 22:59:22 2018
