IQ-TREE version 1.4.2 for Linux 64-bit built Apr 15 2016
Copyright (c) 2011-2015 Nguyen Lam Tung, Olga Chernomor, Arndt von Haeseler and Bui Quang Minh.

Host:    meduse (AVX2, FMA3, 7 GB RAM)
Command: iqtree -s ../simulations/data_D8T0L15I8T8//S/848_pruned.fasta -m GTR+G -alrt 1000 -redo
Seed:    942787 (Using SPRNG - Scalable Parallel Random Number Generator)
Time:    Fri May 25 23:01:39 2018
Kernel:  AVX

NOTE: Consider using the multicore version because your CPU has 4 cores!

Reading alignment file ../simulations/data_D8T0L15I8T8//S/848_pruned.fasta ... Fasta format detected
Alignment most likely contains DNA/RNA sequences
Alignment has 26 sequences with 300 columns and 176 patterns (167 informative sites)
          Gap/Ambiguity  Composition  p-value
   1  n298_299    0.00%    passed     63.16%
   2  n280_281    0.00%    passed     88.99%
   3  n200_201    0.00%    passed     97.58%
   4  n286_287    0.00%    passed     21.43%
   5  n287_288    0.00%    passed     87.77%
   6  n266_267    0.00%    passed     93.80%
   7  n292_293    0.00%    passed     96.47%
   8  n293_294    0.00%    passed     78.30%
   9  n275_276    0.00%    passed     67.12%
  10  n289_290    0.00%    passed     87.75%
  11  n297_298    0.00%    passed     72.43%
  12  n278_279    0.00%    passed     84.39%
  13  n295_296    0.00%    passed     97.68%
  14  n251_252    0.00%    passed     64.94%
  15  n274_275    0.00%    passed     90.31%
  16  n290_291    0.00%    passed     87.77%
  17  n236_237    0.00%    passed     80.74%
  18  n255_256    0.00%    passed     97.84%
  19  n285_286    0.00%    passed     20.45%
  20  n294_295    0.00%    passed     78.30%
  21  n300_301    0.00%    passed     92.76%
  22  n265_266    0.00%    passed     80.38%
  23  n296_297    0.00%    passed     97.68%
  24  n299_300    0.00%    passed     93.01%
  25  n244_245    0.00%    passed     89.28%
  26  n277_278    0.00%    passed     77.80%
****  TOTAL       0.00%  0 sequences failed composition chi2 test (p-value<5%; df=3)
NOTE: 3 identical sequences (see below) will be ignored for subsequent analysis
NOTE: n290_291 (identical to n287_288) is ignored but added at the end
NOTE: n294_295 (identical to n293_294) is ignored but added at the end
NOTE: n296_297 (identical to n295_296) is ignored but added at the end

Create initial parsimony tree by phylogenetic likelihood library (PLL)... 0.001 seconds

NOTE: 0 MB RAM is required!
Estimate model parameters (epsilon = 0.100)
1. Initial log-likelihood: -2078.248
2. Current log-likelihood: -2026.242
3. Current log-likelihood: -2025.660
Optimal log-likelihood: -2025.632
Rate parameters:  A-C: 1.093  A-G: 1.691  A-T: 1.247  C-G: 1.049  C-T: 1.320  G-T: 1.000
Base frequencies:   A: 0.214  C: 0.291  G: 0.243  T: 0.252
Gamma shape alpha: 10.438
Parameters optimization took 3 rounds (0.031 sec)
--------------------------------------------------------------------
|             INITIALIZING CANDIDATE TREE SET                      |
--------------------------------------------------------------------
Computing ML distances based on estimated model parameters... 0.004 sec
Computing BIONJ tree...
0.001 seconds
Log-likelihood of BIONJ tree: -2025.632
Generating 98 parsimony trees... 0.153 seconds 3 distinct starting trees
Computing log-likelihood of 3 initial trees ... 0.003 seconds
Optimizing top 3 initial trees with NNI...
Iteration 1 / LogL: -2025.633 / Time: 0h:0m:0s
Estimate model parameters (epsilon = 0.100)
BETTER SCORE FOUND at iteration 1: -2025.598
Iteration 2 / LogL: -2025.600 / Time: 0h:0m:0s
Iteration 3 / LogL: -2025.601 / Time: 0h:0m:0s
Average CPU time for 1 NNI search: 0.009
Finish initializing candidate tree set. Number of distinct locally optimal trees: 3
Current best tree score: -2025.598 / CPU time: 0.176
--------------------------------------------------------------------
|               OPTIMIZING CANDIDATE TREE SET                      |
--------------------------------------------------------------------
Iteration 10 / LogL: -2025.599 / Time: 0h:0m:0s
Iteration 20 / LogL: -2025.600 / Time: 0h:0m:0s (0h:0m:2s left)
Iteration 30 / LogL: -2025.598 / Time: 0h:0m:0s (0h:0m:2s left)
Iteration 40 / LogL: -2039.383 / Time: 0h:0m:1s (0h:0m:1s left)
Iteration 50 / LogL: -2025.598 / Time: 0h:0m:1s (0h:0m:1s left)
Iteration 60 / LogL: -2025.605 / Time: 0h:0m:1s (0h:0m:1s left)
Iteration 70 / LogL: -2025.598 / Time: 0h:0m:2s (0h:0m:0s left)
Iteration 80 / LogL: -2025.603 / Time: 0h:0m:2s (0h:0m:0s left)
Iteration 90 / LogL: -2025.600 / Time: 0h:0m:2s (0h:0m:0s left)
Iteration 100 / LogL: -2041.468 / Time: 0h:0m:2s (0h:0m:0s left)
TREE SEARCH COMPLETED AFTER 101 ITERATIONS / Time: 0h:0m:2s

--------------------------------------------------------------------
|                    FINALIZING TREE SEARCH                        |
--------------------------------------------------------------------
Performs final model parameters optimization
Estimate model parameters (epsilon = 0.010)
1. Initial log-likelihood: -2025.598
Optimal log-likelihood: -2025.590
Rate parameters:  A-C: 1.085  A-G: 1.664  A-T: 1.212  C-G: 1.026  C-T: 1.277  G-T: 1.000
Base frequencies:   A: 0.214  C: 0.291  G: 0.243  T: 0.252
Gamma shape alpha: 10.422
Parameters optimization took 1 rounds (0.007 sec)
BEST SCORE FOUND : -2025.590

Testing tree branches by SH-like aLRT with 1000 replicates...
CPU Time used:  0.140 sec.
Total tree length: 1.231

Total number of iterations: 101
CPU time used for tree search: 2.664 sec (0h:0m:2s)
Wall-clock time used for tree search: 2.713 sec (0h:0m:2s)
Total CPU time used: 2.868 sec (0h:0m:2s)
Total wall-clock time used: 2.923 sec (0h:0m:2s)

Analysis results written to: 
  IQ-TREE report:                ../simulations/data_D8T0L15I8T8//S/848_pruned.fasta.iqtree
  Maximum-likelihood tree:       ../simulations/data_D8T0L15I8T8//S/848_pruned.fasta.treefile
  Likelihood distances:          ../simulations/data_D8T0L15I8T8//S/848_pruned.fasta.mldist
  Screen log file:               ../simulations/data_D8T0L15I8T8//S/848_pruned.fasta.log

Date and Time: Fri May 25 23:01:42 2018
