IQ-TREE version 1.4.2 for Linux 64-bit built Apr 15 2016
Copyright (c) 2011-2015 Nguyen Lam Tung, Olga Chernomor, Arndt von Haeseler and Bui Quang Minh.

Host:    meduse (AVX2, FMA3, 7 GB RAM)
Command: iqtree -s ../simulations/data_D10T0L20I10T10//S/852_pruned.fasta -m GTR+G -alrt 1000 -redo
Seed:    729369 (Using SPRNG - Scalable Parallel Random Number Generator)
Time:    Mon Jun  4 00:07:31 2018
Kernel:  AVX

NOTE: Consider using the multicore version because your CPU has 4 cores!

Reading alignment file ../simulations/data_D10T0L20I10T10//S/852_pruned.fasta ... Fasta format detected
Alignment most likely contains DNA/RNA sequences
Alignment has 18 sequences with 300 columns and 286 patterns (273 informative sites)
          Gap/Ambiguity  Composition  p-value
   1  n293_256    0.00%    passed     93.37%
   2  n266_241    0.00%    passed     86.96%
   3  n275_246    0.00%    passed     66.66%
   4  n236_219    0.00%    passed     49.16%
   5  n200_195    0.00%    passed     44.94%
   6  n289_254    0.00%    passed     80.59%
   7  n286_251    0.00%    passed     67.36%
   8  n294_257    0.00%    passed     89.52%
   9  n285_250    0.00%    passed     53.63%
  10  n251_232    0.00%    failed      3.99%
  11  n290_255    0.00%    passed     92.12%
  12  n265_240    0.00%    passed     99.94%
  13  n295_258    0.00%    passed     85.01%
  14  n298_261    0.00%    passed     65.08%
  15  n296_259    0.00%    passed     99.02%
  16  n255_234    0.00%    passed     18.46%
  17  n297_260    0.00%    passed     51.46%
  18  n287_252    0.00%    passed     81.78%
****  TOTAL       0.00%  1 sequences failed composition chi2 test (p-value<5%; df=3)

Create initial parsimony tree by phylogenetic likelihood library (PLL)... 0.001 seconds

NOTE: 0 MB RAM is required!
Estimate model parameters (epsilon = 0.100)
1. Initial log-likelihood: -3645.960
2. Current log-likelihood: -3583.390
3. Current log-likelihood: -3572.924
4. Current log-likelihood: -3570.638
5. Current log-likelihood: -3570.027
6. Current log-likelihood: -3569.883
7. Current log-likelihood: -3569.736
Optimal log-likelihood: -3569.618
Rate parameters:  A-C: 1.352  A-G: 1.311  A-T: 1.335  C-G: 1.351  C-T: 1.395  G-T: 1.000
Base frequencies:   A: 0.220  C: 0.282  G: 0.245  T: 0.253
Gamma shape alpha: 4.841
Parameters optimization took 7 rounds (0.050 sec)
--------------------------------------------------------------------
|             INITIALIZING CANDIDATE TREE SET                      |
--------------------------------------------------------------------
Computing ML distances based on estimated model parameters... 0.004 sec
WARNING: Some pairwise ML distances are too long (saturated)
Computing BIONJ tree...
0.000 seconds
Log-likelihood of BIONJ tree: -3569.443
Generating 98 parsimony trees... 0.064 seconds 3 distinct starting trees
Computing log-likelihood of 3 initial trees ... 0.002 seconds
Optimizing top 3 initial trees with NNI...
Iteration 1 / LogL: -3569.416 / Time: 0h:0m:0s
Estimate model parameters (epsilon = 0.100)
BETTER TREE FOUND at iteration 1: -3569.385
Iteration 2 / LogL: -3569.603 / Time: 0h:0m:0s
Iteration 3 / LogL: -3569.923 / Time: 0h:0m:0s
Average CPU time for 1 NNI search: 0.008
Finish initializing candidate tree set. Number of distinct locally optimal trees: 1
Current best tree score: -3569.385 / CPU time: 0.092
--------------------------------------------------------------------
|               OPTIMIZING CANDIDATE TREE SET                      |
--------------------------------------------------------------------
Iteration 10 / LogL: -3569.390 / Time: 0h:0m:0s
Iteration 20 / LogL: -3576.301 / Time: 0h:0m:0s (0h:0m:2s left)
Iteration 30 / LogL: -3572.545 / Time: 0h:0m:0s (0h:0m:1s left)
Iteration 40 / LogL: -3569.437 / Time: 0h:0m:0s (0h:0m:1s left)
Iteration 50 / LogL: -3569.657 / Time: 0h:0m:1s (0h:0m:1s left)
Iteration 60 / LogL: -3571.734 / Time: 0h:0m:1s (0h:0m:0s left)
Iteration 70 / LogL: -3571.980 / Time: 0h:0m:1s (0h:0m:0s left)
Iteration 80 / LogL: -3572.230 / Time: 0h:0m:1s (0h:0m:0s left)
Iteration 90 / LogL: -3569.445 / Time: 0h:0m:1s (0h:0m:0s left)
Iteration 100 / LogL: -3569.504 / Time: 0h:0m:2s (0h:0m:0s left)
TREE SEARCH COMPLETED AFTER 101 ITERATIONS / Time: 0h:0m:2s

--------------------------------------------------------------------
|                    FINALIZING TREE SEARCH                        |
--------------------------------------------------------------------
Performs final model parameters optimization
Estimate model parameters (epsilon = 0.010)
1. Initial log-likelihood: -3569.376
Optimal log-likelihood: -3569.364
Rate parameters:  A-C: 1.336  A-G: 1.284  A-T: 1.309  C-G: 1.330  C-T: 1.366  G-T: 1.000
Base frequencies:   A: 0.220  C: 0.282  G: 0.245  T: 0.253
Gamma shape alpha: 4.914
Parameters optimization took 1 rounds (0.006 sec)
BEST SCORE FOUND : -3569.364

Testing tree branches by SH-like aLRT with 1000 replicates...
CPU Time used:  0.084 sec.
Total tree length: 5.961

Total number of iterations: 101
CPU time used for tree search: 1.968 sec (0h:0m:1s)
Wall-clock time used for tree search: 1.966 sec (0h:0m:1s)
Total CPU time used: 2.128 sec (0h:0m:2s)
Total wall-clock time used: 2.128 sec (0h:0m:2s)

Analysis results written to: 
  IQ-TREE report:                ../simulations/data_D10T0L20I10T10//S/852_pruned.fasta.iqtree
  Maximum-likelihood tree:       ../simulations/data_D10T0L20I10T10//S/852_pruned.fasta.treefile
  Likelihood distances:          ../simulations/data_D10T0L20I10T10//S/852_pruned.fasta.mldist
  Screen log file:               ../simulations/data_D10T0L20I10T10//S/852_pruned.fasta.log

Date and Time: Mon Jun  4 00:07:33 2018
