IQ-TREE version 1.4.2 for Linux 64-bit built Apr 15 2016
Copyright (c) 2011-2015 Nguyen Lam Tung, Olga Chernomor, Arndt von Haeseler and Bui Quang Minh.

Host:    meduse (AVX2, FMA3, 7 GB RAM)
Command: iqtree -s ../simulations/data_D10T0L20I10T10//S/861_pruned.fasta -m GTR+G -alrt 1000 -redo
Seed:    120771 (Using SPRNG - Scalable Parallel Random Number Generator)
Time:    Fri Jun  1 11:01:54 2018
Kernel:  AVX

NOTE: Consider using the multicore version because your CPU has 4 cores!

Reading alignment file ../simulations/data_D10T0L20I10T10//S/861_pruned.fasta ... Fasta format detected
Alignment most likely contains DNA/RNA sequences
Alignment has 28 sequences with 300 columns and 172 patterns (150 informative sites)
          Gap/Ambiguity  Composition  p-value
   1  n274_277    0.00%    passed     94.00%
   2  n294_299    0.00%    passed     99.53%
   3  n280_283    0.00%    passed     96.91%
   4  n296_301    0.00%    passed     98.19%
   5  n255_258    0.00%    passed     93.30%
   6  n285_288    0.00%    passed     88.38%
   7  n286_291    0.00%    passed     88.77%
   8  n299_304    0.00%    passed     97.53%
   9  n275_278    0.00%    passed     99.12%
  10  n298_303    0.00%    passed     98.25%
  11  n286_289    0.00%    passed     88.38%
  12  n266_269    0.00%    passed     87.20%
  13  n244_245    0.00%    passed     72.57%
  14  n293_298    0.00%    passed     99.53%
  15  n200_201    0.00%    passed     98.85%
  16  n297_302    0.00%    passed     97.88%
  17  n287_292    0.00%    passed     96.55%
  18  n290_295    0.00%    passed     96.55%
  19  n236_237    0.00%    passed     95.68%
  20  n292_297    0.00%    passed     97.53%
  21  n300_305    0.00%    passed     97.53%
  22  n285_290    0.00%    passed     88.77%
  23  n295_300    0.00%    passed     97.10%
  24  n289_294    0.00%    passed     95.68%
  25  n251_254    0.00%    passed     86.96%
  26  n265_268    0.00%    passed     89.28%
  27  n277_280    0.00%    passed     98.67%
  28  n278_281    0.00%    passed     95.09%
****  TOTAL       0.00%  0 sequences failed composition chi2 test (p-value<5%; df=3)
NOTE: 6 identical sequences (see below) will be ignored for subsequent analysis
NOTE: n293_298 (identical to n294_299) is ignored but added at the end
NOTE: n286_289 (identical to n285_288) is ignored but added at the end
NOTE: n285_290 (identical to n286_291) is ignored but added at the end
NOTE: n292_297 (identical to n299_304) is ignored but added at the end
NOTE: n300_305 (identical to n299_304) is ignored but added at the end
NOTE: n290_295 (identical to n287_292) is ignored but added at the end

Create initial parsimony tree by phylogenetic likelihood library (PLL)... 0.001 seconds

NOTE: 0 MB RAM is required!
Estimate model parameters (epsilon = 0.100)
1. Initial log-likelihood: -1914.793
2. Current log-likelihood: -1875.843
3. Current log-likelihood: -1875.665
Optimal log-likelihood: -1875.657
Rate parameters:  A-C: 1.117  A-G: 1.443  A-T: 1.093  C-G: 1.253  C-T: 1.154  G-T: 1.000
Base frequencies:   A: 0.204  C: 0.253  G: 0.272  T: 0.271
Gamma shape alpha: 8.350
Parameters optimization took 3 rounds (0.021 sec)
--------------------------------------------------------------------
|             INITIALIZING CANDIDATE TREE SET                      |
--------------------------------------------------------------------
Computing ML distances based on estimated model parameters... 0.004 sec
Computing BIONJ tree...
0.000 seconds
Log-likelihood of BIONJ tree: -1877.395
Generating 98 parsimony trees... 0.116 seconds 54 distinct starting trees
Computing log-likelihood of 54 initial trees ... 0.114 seconds
Optimizing top 20 initial trees with NNI...
Iteration 1 / LogL: -1875.658 / Time: 0h:0m:0s
Estimate model parameters (epsilon = 0.100)
BETTER SCORE FOUND at iteration 1: -1875.643
Iteration 2 / LogL: -1875.654 / Time: 0h:0m:0s
Iteration 3 / LogL: -1875.654 / Time: 0h:0m:0s
Iteration 4 / LogL: -1875.654 / Time: 0h:0m:0s
Iteration 5 / LogL: -1875.654 / Time: 0h:0m:0s
Iteration 6 / LogL: -1875.654 / Time: 0h:0m:0s
Iteration 7 / LogL: -1875.654 / Time: 0h:0m:0s
Iteration 8 / LogL: -1875.654 / Time: 0h:0m:0s
Iteration 9 / LogL: -1875.654 / Time: 0h:0m:0s
Iteration 10 / LogL: -1875.654 / Time: 0h:0m:0s
Iteration 11 / LogL: -1875.654 / Time: 0h:0m:0s
Iteration 12 / LogL: -1875.654 / Time: 0h:0m:0s
Iteration 13 / LogL: -1875.654 / Time: 0h:0m:0s
Iteration 14 / LogL: -1875.654 / Time: 0h:0m:0s
Iteration 15 / LogL: -1875.654 / Time: 0h:0m:0s
Iteration 16 / LogL: -1875.654 / Time: 0h:0m:0s
Iteration 17 / LogL: -1875.654 / Time: 0h:0m:0s
Iteration 18 / LogL: -1875.654 / Time: 0h:0m:0s
Iteration 19 / LogL: -1875.654 / Time: 0h:0m:0s
Iteration 20 / LogL: -1875.654 / Time: 0h:0m:0s
Average CPU time for 1 NNI search: 0.005
Finish initializing candidate tree set. Number of distinct locally optimal trees: 20
Current best tree score: -1875.643 / CPU time: 0.324
--------------------------------------------------------------------
|               OPTIMIZING CANDIDATE TREE SET                      |
--------------------------------------------------------------------
Iteration 30 / LogL: -1875.654 / Time: 0h:0m:0s (0h:0m:1s left)
Iteration 40 / LogL: -1875.663 / Time: 0h:0m:0s (0h:0m:1s left)
Iteration 50 / LogL: -1875.644 / Time: 0h:0m:0s (0h:0m:0s left)
Iteration 60 / LogL: -1875.644 / Time: 0h:0m:0s (0h:0m:0s left)
Iteration 70 / LogL: -1875.643 / Time: 0h:0m:1s (0h:0m:0s left)
Iteration 80 / LogL: -1875.666 / Time: 0h:0m:1s (0h:0m:0s left)
Iteration 90 / LogL: -1875.663 / Time: 0h:0m:1s (0h:0m:0s left)
Iteration 100 / LogL: -1875.643 / Time: 0h:0m:1s (0h:0m:0s left)
TREE SEARCH COMPLETED AFTER 101 ITERATIONS / Time: 0h:0m:1s

--------------------------------------------------------------------
|                    FINALIZING TREE SEARCH                        |
--------------------------------------------------------------------
Performs final model parameters optimization
Estimate model parameters (epsilon = 0.010)
1. Initial log-likelihood: -1875.643
Optimal log-likelihood: -1875.640
Rate parameters:  A-C: 1.109  A-G: 1.429  A-T: 1.090  C-G: 1.221  C-T: 1.147  G-T: 1.000
Base frequencies:   A: 0.204  C: 0.253  G: 0.272  T: 0.271
Gamma shape alpha: 8.382
Parameters optimization took 1 rounds (0.004 sec)
BEST SCORE FOUND : -1875.640

Testing tree branches by SH-like aLRT with 1000 replicates...
CPU Time used:  0.092 sec.
Total tree length: 1.058

Total number of iterations: 101
CPU time used for tree search: 1.504 sec (0h:0m:1s)
Wall-clock time used for tree search: 1.513 sec (0h:0m:1s)
Total CPU time used: 1.640 sec (0h:0m:1s)
Total wall-clock time used: 1.650 sec (0h:0m:1s)

Analysis results written to: 
  IQ-TREE report:                ../simulations/data_D10T0L20I10T10//S/861_pruned.fasta.iqtree
  Maximum-likelihood tree:       ../simulations/data_D10T0L20I10T10//S/861_pruned.fasta.treefile
  Likelihood distances:          ../simulations/data_D10T0L20I10T10//S/861_pruned.fasta.mldist
  Screen log file:               ../simulations/data_D10T0L20I10T10//S/861_pruned.fasta.log

Date and Time: Fri Jun  1 11:01:55 2018
