IQ-TREE version 1.4.2 for Linux 64-bit built Apr 15 2016
Copyright (c) 2011-2015 Nguyen Lam Tung, Olga Chernomor, Arndt von Haeseler and Bui Quang Minh.

Host:    meduse (AVX2, FMA3, 7 GB RAM)
Command: iqtree -s ../simulations/data_D10T0L20I10T10//S/865_pruned.fasta -m GTR+G -alrt 1000 -redo
Seed:    533223 (Using SPRNG - Scalable Parallel Random Number Generator)
Time:    Fri Jun  1 10:49:19 2018
Kernel:  AVX

NOTE: Consider using the multicore version because your CPU has 4 cores!

Reading alignment file ../simulations/data_D10T0L20I10T10//S/865_pruned.fasta ... Fasta format detected
Alignment most likely contains DNA/RNA sequences
Alignment has 26 sequences with 300 columns and 196 patterns (173 informative sites)
          Gap/Ambiguity  Composition  p-value
   1  n289_290    0.00%    passed     98.59%
   2  n294_295    0.00%    passed     97.42%
   3  n295_296    0.00%    passed     99.22%
   4  n266_267    0.00%    passed     84.71%
   5  n299_300    0.00%    passed     89.85%
   6  n298_299    0.00%    passed     99.39%
   7  n290_291    0.00%    passed     98.10%
   8  n274_275    0.00%    passed     83.60%
   9  n251_252    0.00%    passed     46.97%
  10  n293_294    0.00%    passed     97.68%
  11  n265_266    0.00%    passed     66.80%
  12  n296_297    0.00%    passed     97.39%
  13  n300_301    0.00%    passed     84.22%
  14  n244_245    0.00%    passed     89.80%
  15  n278_279    0.00%    passed     84.06%
  16  n287_288    0.00%    passed     98.10%
  17  n200_201    0.00%    passed     97.37%
  18  n277_278    0.00%    passed     71.66%
  19  n297_298    0.00%    passed     98.68%
  20  n236_237    0.00%    passed     68.90%
  21  n280_281    0.00%    passed     90.81%
  22  n285_286    0.00%    passed     93.70%
  23  n275_276    0.00%    passed     95.15%
  24  n255_256    0.00%    passed     59.25%
  25  n292_293    0.00%    passed     84.14%
  26  n286_287    0.00%    passed     98.73%
****  TOTAL       0.00%  0 sequences failed composition chi2 test (p-value<5%; df=3)
NOTE: 1 identical sequences (see below) will be ignored for subsequent analysis
NOTE: n287_288 (identical to n290_291) is ignored but added at the end

Create initial parsimony tree by phylogenetic likelihood library (PLL)... 0.001 seconds

NOTE: 0 MB RAM is required!
Estimate model parameters (epsilon = 0.100)
1. Initial log-likelihood: -2271.310
2. Current log-likelihood: -2212.637
3. Current log-likelihood: -2212.183
Optimal log-likelihood: -2212.179
Rate parameters:  A-C: 1.214  A-G: 1.122  A-T: 1.199  C-G: 0.683  C-T: 1.041  G-T: 1.000
Base frequencies:   A: 0.219  C: 0.272  G: 0.266  T: 0.243
Gamma shape alpha: 9.153
Parameters optimization took 3 rounds (0.028 sec)
--------------------------------------------------------------------
|             INITIALIZING CANDIDATE TREE SET                      |
--------------------------------------------------------------------
Computing ML distances based on estimated model parameters... 0.004 sec
Computing BIONJ tree...
0.000 seconds
Log-likelihood of BIONJ tree: -2212.180
Generating 98 parsimony trees... 0.103 seconds 25 distinct starting trees
Computing log-likelihood of 25 initial trees ... 0.053 seconds
Optimizing top 20 initial trees with NNI...
Iteration 1 / LogL: -2212.120 / Time: 0h:0m:0s
Estimate model parameters (epsilon = 0.100)
BETTER TREE FOUND at iteration 1: -2212.111
Iteration 2 / LogL: -2212.186 / Time: 0h:0m:0s
Iteration 3 / LogL: -2212.112 / Time: 0h:0m:0s
Iteration 4 / LogL: -2212.112 / Time: 0h:0m:0s
Iteration 5 / LogL: -2212.112 / Time: 0h:0m:0s
Iteration 6 / LogL: -2212.112 / Time: 0h:0m:0s
Iteration 7 / LogL: -2212.112 / Time: 0h:0m:0s
Iteration 8 / LogL: -2212.112 / Time: 0h:0m:0s
Iteration 9 / LogL: -2212.112 / Time: 0h:0m:0s
Iteration 10 / LogL: -2212.112 / Time: 0h:0m:0s
Iteration 11 / LogL: -2212.188 / Time: 0h:0m:0s
Iteration 12 / LogL: -2212.188 / Time: 0h:0m:0s
Iteration 13 / LogL: -2212.188 / Time: 0h:0m:0s
Iteration 14 / LogL: -2212.188 / Time: 0h:0m:0s
Iteration 15 / LogL: -2212.188 / Time: 0h:0m:0s
Iteration 16 / LogL: -2212.188 / Time: 0h:0m:0s
Iteration 17 / LogL: -2212.188 / Time: 0h:0m:0s
Iteration 18 / LogL: -2212.188 / Time: 0h:0m:0s
Iteration 19 / LogL: -2212.188 / Time: 0h:0m:0s
Iteration 20 / LogL: -2212.188 / Time: 0h:0m:0s
Average CPU time for 1 NNI search: 0.006
Finish initializing candidate tree set. Number of distinct locally optimal trees: 20
Current best tree score: -2212.111 / CPU time: 0.284
--------------------------------------------------------------------
|               OPTIMIZING CANDIDATE TREE SET                      |
--------------------------------------------------------------------
Iteration 30 / LogL: -2212.112 / Time: 0h:0m:0s (0h:0m:1s left)
Iteration 40 / LogL: -2212.162 / Time: 0h:0m:0s (0h:0m:1s left)
Iteration 50 / LogL: -2212.121 / Time: 0h:0m:0s (0h:0m:0s left)
Iteration 60 / LogL: -2212.112 / Time: 0h:0m:1s (0h:0m:0s left)
Iteration 70 / LogL: -2212.115 / Time: 0h:0m:1s (0h:0m:0s left)
Iteration 80 / LogL: -2212.157 / Time: 0h:0m:1s (0h:0m:0s left)
Iteration 90 / LogL: -2212.113 / Time: 0h:0m:1s (0h:0m:0s left)
Iteration 100 / LogL: -2212.112 / Time: 0h:0m:1s (0h:0m:0s left)
TREE SEARCH COMPLETED AFTER 101 ITERATIONS / Time: 0h:0m:1s

--------------------------------------------------------------------
|                    FINALIZING TREE SEARCH                        |
--------------------------------------------------------------------
Performs final model parameters optimization
Estimate model parameters (epsilon = 0.010)
1. Initial log-likelihood: -2212.111
Optimal log-likelihood: -2212.111
Rate parameters:  A-C: 1.202  A-G: 1.115  A-T: 1.212  C-G: 0.684  C-T: 1.044  G-T: 1.000
Base frequencies:   A: 0.219  C: 0.272  G: 0.266  T: 0.243
Gamma shape alpha: 8.747
Parameters optimization took 1 rounds (0.008 sec)
BEST SCORE FOUND : -2212.111

Testing tree branches by SH-like aLRT with 1000 replicates...
CPU Time used:  0.116 sec.
Total tree length: 1.441

Total number of iterations: 101
CPU time used for tree search: 1.740 sec (0h:0m:1s)
Wall-clock time used for tree search: 1.740 sec (0h:0m:1s)
Total CPU time used: 1.908 sec (0h:0m:1s)
Total wall-clock time used: 1.908 sec (0h:0m:1s)

Analysis results written to: 
  IQ-TREE report:                ../simulations/data_D10T0L20I10T10//S/865_pruned.fasta.iqtree
  Maximum-likelihood tree:       ../simulations/data_D10T0L20I10T10//S/865_pruned.fasta.treefile
  Likelihood distances:          ../simulations/data_D10T0L20I10T10//S/865_pruned.fasta.mldist
  Screen log file:               ../simulations/data_D10T0L20I10T10//S/865_pruned.fasta.log

Date and Time: Fri Jun  1 10:49:21 2018
