IQ-TREE version 1.4.2 for Linux 64-bit built Apr 15 2016
Copyright (c) 2011-2015 Nguyen Lam Tung, Olga Chernomor, Arndt von Haeseler and Bui Quang Minh.

Host:    meduse (AVX2, FMA3, 7 GB RAM)
Command: iqtree -s ../simulations/data_D8T0L15I8T8//S/869_pruned.fasta -m GTR+G -alrt 1000 -redo
Seed:    499059 (Using SPRNG - Scalable Parallel Random Number Generator)
Time:    Fri May 25 22:39:27 2018
Kernel:  AVX

NOTE: Consider using the multicore version because your CPU has 4 cores!

Reading alignment file ../simulations/data_D8T0L15I8T8//S/869_pruned.fasta ... Fasta format detected
Alignment most likely contains DNA/RNA sequences
Alignment has 26 sequences with 300 columns and 185 patterns (162 informative sites)
          Gap/Ambiguity  Composition  p-value
   1  n298_299    0.00%    passed     84.19%
   2  n280_281    0.00%    passed     45.08%
   3  n200_201    0.00%    passed     68.72%
   4  n286_287    0.00%    passed     78.74%
   5  n287_288    0.00%    passed     73.79%
   6  n266_267    0.00%    passed     71.61%
   7  n292_293    0.00%    passed     47.08%
   8  n293_294    0.00%    passed     85.26%
   9  n275_276    0.00%    passed     89.67%
  10  n289_290    0.00%    passed     74.36%
  11  n297_298    0.00%    passed     86.16%
  12  n278_279    0.00%    passed     28.35%
  13  n295_296    0.00%    passed     80.49%
  14  n251_252    0.00%    passed     95.01%
  15  n274_275    0.00%    passed     46.68%
  16  n290_291    0.00%    passed     50.62%
  17  n236_237    0.00%    passed     83.51%
  18  n255_256    0.00%    passed     98.64%
  19  n285_286    0.00%    passed     72.46%
  20  n294_295    0.00%    passed     72.43%
  21  n300_301    0.00%    passed     39.32%
  22  n265_266    0.00%    passed     92.52%
  23  n296_297    0.00%    passed     80.18%
  24  n299_300    0.00%    passed     39.32%
  25  n244_245    0.00%    passed     57.32%
  26  n277_278    0.00%    passed     45.36%
****  TOTAL       0.00%  0 sequences failed composition chi2 test (p-value<5%; df=3)
NOTE: 1 identical sequences (see below) will be ignored for subsequent analysis
NOTE: n299_300 (identical to n300_301) is ignored but added at the end

Create initial parsimony tree by phylogenetic likelihood library (PLL)... 0.002 seconds

NOTE: 0 MB RAM is required!
Estimate model parameters (epsilon = 0.100)
1. Initial log-likelihood: -2122.254
2. Current log-likelihood: -2083.259
3. Current log-likelihood: -2082.643
Optimal log-likelihood: -2082.619
Rate parameters:  A-C: 0.975  A-G: 1.042  A-T: 0.954  C-G: 0.984  C-T: 1.458  G-T: 1.000
Base frequencies:   A: 0.259  C: 0.231  G: 0.251  T: 0.259
Gamma shape alpha: 7.432
Parameters optimization took 3 rounds (0.050 sec)
--------------------------------------------------------------------
|             INITIALIZING CANDIDATE TREE SET                      |
--------------------------------------------------------------------
Computing ML distances based on estimated model parameters... 0.004 sec
Computing BIONJ tree...
0.001 seconds
Log-likelihood of BIONJ tree: -2082.619
Generating 99 parsimony trees... 0.181 seconds 3 distinct starting trees
Computing log-likelihood of 3 initial trees ... 0.007 seconds
Optimizing top 3 initial trees with NNI...
Iteration 1 / LogL: -2082.620 / Time: 0h:0m:0s
Estimate model parameters (epsilon = 0.100)
BETTER SCORE FOUND at iteration 1: -2082.607
Iteration 2 / LogL: -2082.610 / Time: 0h:0m:0s
Iteration 3 / LogL: -2082.610 / Time: 0h:0m:0s
Average CPU time for 1 NNI search: 0.013
Finish initializing candidate tree set. Number of distinct locally optimal trees: 3
Current best tree score: -2082.607 / CPU time: 0.228
--------------------------------------------------------------------
|               OPTIMIZING CANDIDATE TREE SET                      |
--------------------------------------------------------------------
Iteration 10 / LogL: -2083.441 / Time: 0h:0m:0s
Iteration 20 / LogL: -2082.652 / Time: 0h:0m:0s (0h:0m:3s left)
Iteration 30 / LogL: -2095.640 / Time: 0h:0m:0s (0h:0m:2s left)
Iteration 40 / LogL: -2082.607 / Time: 0h:0m:1s (0h:0m:1s left)
Iteration 50 / LogL: -2082.700 / Time: 0h:0m:1s (0h:0m:1s left)
Iteration 60 / LogL: -2082.657 / Time: 0h:0m:1s (0h:0m:1s left)
Iteration 70 / LogL: -2082.617 / Time: 0h:0m:2s (0h:0m:0s left)
Iteration 80 / LogL: -2082.644 / Time: 0h:0m:2s (0h:0m:0s left)
Iteration 90 / LogL: -2083.148 / Time: 0h:0m:2s (0h:0m:0s left)
Iteration 100 / LogL: -2082.623 / Time: 0h:0m:2s (0h:0m:0s left)
TREE SEARCH COMPLETED AFTER 101 ITERATIONS / Time: 0h:0m:2s

--------------------------------------------------------------------
|                    FINALIZING TREE SEARCH                        |
--------------------------------------------------------------------
Performs final model parameters optimization
Estimate model parameters (epsilon = 0.010)
1. Initial log-likelihood: -2082.607
Optimal log-likelihood: -2082.600
Rate parameters:  A-C: 0.958  A-G: 1.026  A-T: 0.944  C-G: 0.966  C-T: 1.437  G-T: 1.000
Base frequencies:   A: 0.259  C: 0.231  G: 0.251  T: 0.259
Gamma shape alpha: 7.440
Parameters optimization took 1 rounds (0.009 sec)
BEST SCORE FOUND : -2082.600

Testing tree branches by SH-like aLRT with 1000 replicates...
CPU Time used:  0.152 sec.
Total tree length: 1.235

Total number of iterations: 101
CPU time used for tree search: 2.656 sec (0h:0m:2s)
Wall-clock time used for tree search: 2.661 sec (0h:0m:2s)
Total CPU time used: 2.896 sec (0h:0m:2s)
Total wall-clock time used: 2.901 sec (0h:0m:2s)

Analysis results written to: 
  IQ-TREE report:                ../simulations/data_D8T0L15I8T8//S/869_pruned.fasta.iqtree
  Maximum-likelihood tree:       ../simulations/data_D8T0L15I8T8//S/869_pruned.fasta.treefile
  Likelihood distances:          ../simulations/data_D8T0L15I8T8//S/869_pruned.fasta.mldist
  Screen log file:               ../simulations/data_D8T0L15I8T8//S/869_pruned.fasta.log

Date and Time: Fri May 25 22:39:30 2018
