IQ-TREE version 1.4.2 for Linux 64-bit built Apr 15 2016
Copyright (c) 2011-2015 Nguyen Lam Tung, Olga Chernomor, Arndt von Haeseler and Bui Quang Minh.

Host:    meduse (AVX2, FMA3, 7 GB RAM)
Command: iqtree -s ../simulations/data_D10T0L20I10T10//S/876_pruned.fasta -m GTR+G -alrt 1000 -redo
Seed:    749315 (Using SPRNG - Scalable Parallel Random Number Generator)
Time:    Fri Jun  1 10:46:34 2018
Kernel:  AVX

NOTE: Consider using the multicore version because your CPU has 4 cores!

Reading alignment file ../simulations/data_D10T0L20I10T10//S/876_pruned.fasta ... Fasta format detected
Alignment most likely contains DNA/RNA sequences
Alignment has 26 sequences with 300 columns and 178 patterns (164 informative sites)
          Gap/Ambiguity  Composition  p-value
   1  n287_270    0.00%    passed     87.12%
   2  n244_229    0.00%    passed     36.78%
   3  n297_280    0.00%    passed     89.55%
   4  n266_249    0.00%    passed     98.74%
   5  n265_248    0.00%    passed     91.05%
   6  n286_269    0.00%    passed     84.18%
   7  n294_277    0.00%    passed     99.02%
   8  n289_272    0.00%    passed     97.26%
   9  n285_268    0.00%    passed     78.78%
  10  n295_278    0.00%    passed     96.19%
  11  n277_260    0.00%    passed     69.56%
  12  n296_279    0.00%    passed     91.86%
  13  n200_191    0.00%    passed     94.97%
  14  n278_261    0.00%    passed     66.53%
  15  n293_276    0.00%    passed     96.42%
  16  n280_263    0.00%    passed     93.40%
  17  n274_257    0.00%    passed     83.35%
  18  n300_283    0.00%    passed     91.24%
  19  n236_223    0.00%    passed     88.58%
  20  n290_273    0.00%    passed     97.26%
  21  n255_238    0.00%    passed     82.86%
  22  n251_234    0.00%    passed     92.73%
  23  n292_275    0.00%    passed     96.43%
  24  n275_258    0.00%    passed     87.58%
  25  n299_282    0.00%    passed     94.99%
  26  n298_281    0.00%    passed     92.45%
****  TOTAL       0.00%  0 sequences failed composition chi2 test (p-value<5%; df=3)
NOTE: 1 identical sequences (see below) will be ignored for subsequent analysis
NOTE: n290_273 (identical to n289_272) is ignored but added at the end

Create initial parsimony tree by phylogenetic likelihood library (PLL)... 0.001 seconds

NOTE: 0 MB RAM is required!
Estimate model parameters (epsilon = 0.100)
1. Initial log-likelihood: -2089.357
2. Current log-likelihood: -2040.184
3. Current log-likelihood: -2039.635
Optimal log-likelihood: -2039.613
Rate parameters:  A-C: 0.810  A-G: 0.970  A-T: 0.737  C-G: 0.753  C-T: 1.083  G-T: 1.000
Base frequencies:   A: 0.255  C: 0.274  G: 0.242  T: 0.229
Gamma shape alpha: 160.892
Parameters optimization took 3 rounds (0.022 sec)
--------------------------------------------------------------------
|             INITIALIZING CANDIDATE TREE SET                      |
--------------------------------------------------------------------
Computing ML distances based on estimated model parameters... 0.004 sec
Computing BIONJ tree...
0.000 seconds
Log-likelihood of BIONJ tree: -2039.612
Generating 98 parsimony trees... 0.090 seconds 9 distinct starting trees
Computing log-likelihood of 9 initial trees ... 0.014 seconds
Optimizing top 9 initial trees with NNI...
Iteration 1 / LogL: -2039.613 / Time: 0h:0m:0s
Estimate model parameters (epsilon = 0.100)
BETTER SCORE FOUND at iteration 1: -2039.545
Iteration 2 / LogL: -2039.546 / Time: 0h:0m:0s
Iteration 3 / LogL: -2039.547 / Time: 0h:0m:0s
Iteration 4 / LogL: -2039.547 / Time: 0h:0m:0s
Iteration 5 / LogL: -2039.547 / Time: 0h:0m:0s
Iteration 6 / LogL: -2039.547 / Time: 0h:0m:0s
Iteration 7 / LogL: -2039.547 / Time: 0h:0m:0s
Iteration 8 / LogL: -2039.547 / Time: 0h:0m:0s
Iteration 9 / LogL: -2039.547 / Time: 0h:0m:0s
Average CPU time for 1 NNI search: 0.005
Finish initializing candidate tree set. Number of distinct locally optimal trees: 9
Current best tree score: -2039.545 / CPU time: 0.152
--------------------------------------------------------------------
|               OPTIMIZING CANDIDATE TREE SET                      |
--------------------------------------------------------------------
Iteration 10 / LogL: -2039.776 / Time: 0h:0m:0s
Iteration 20 / LogL: -2039.571 / Time: 0h:0m:0s (0h:0m:1s left)
Iteration 30 / LogL: -2039.548 / Time: 0h:0m:0s (0h:0m:1s left)
Iteration 40 / LogL: -2039.553 / Time: 0h:0m:0s (0h:0m:1s left)
Iteration 50 / LogL: -2039.548 / Time: 0h:0m:0s (0h:0m:0s left)
Iteration 60 / LogL: -2039.582 / Time: 0h:0m:1s (0h:0m:0s left)
Iteration 70 / LogL: -2039.567 / Time: 0h:0m:1s (0h:0m:0s left)
Iteration 80 / LogL: -2039.570 / Time: 0h:0m:1s (0h:0m:0s left)
Iteration 90 / LogL: -2039.572 / Time: 0h:0m:1s (0h:0m:0s left)
Iteration 100 / LogL: -2039.545 / Time: 0h:0m:1s (0h:0m:0s left)
TREE SEARCH COMPLETED AFTER 101 ITERATIONS / Time: 0h:0m:1s

--------------------------------------------------------------------
|                    FINALIZING TREE SEARCH                        |
--------------------------------------------------------------------
Performs final model parameters optimization
Estimate model parameters (epsilon = 0.010)
1. Initial log-likelihood: -2039.545
2. Current log-likelihood: -2039.517
3. Current log-likelihood: -2039.503
Optimal log-likelihood: -2039.496
Rate parameters:  A-C: 0.851  A-G: 1.035  A-T: 0.784  C-G: 0.796  C-T: 1.113  G-T: 1.000
Base frequencies:   A: 0.255  C: 0.274  G: 0.242  T: 0.229
Gamma shape alpha: 184.930
Parameters optimization took 3 rounds (0.020 sec)
BEST SCORE FOUND : -2039.496

Testing tree branches by SH-like aLRT with 1000 replicates...
CPU Time used:  0.124 sec.
Total tree length: 1.195

Total number of iterations: 101
CPU time used for tree search: 1.612 sec (0h:0m:1s)
Wall-clock time used for tree search: 1.611 sec (0h:0m:1s)
Total CPU time used: 1.792 sec (0h:0m:1s)
Total wall-clock time used: 1.795 sec (0h:0m:1s)

Analysis results written to: 
  IQ-TREE report:                ../simulations/data_D10T0L20I10T10//S/876_pruned.fasta.iqtree
  Maximum-likelihood tree:       ../simulations/data_D10T0L20I10T10//S/876_pruned.fasta.treefile
  Likelihood distances:          ../simulations/data_D10T0L20I10T10//S/876_pruned.fasta.mldist
  Screen log file:               ../simulations/data_D10T0L20I10T10//S/876_pruned.fasta.log

Date and Time: Fri Jun  1 10:46:36 2018
