IQ-TREE version 1.4.2 for Linux 64-bit built Apr 15 2016
Copyright (c) 2011-2015 Nguyen Lam Tung, Olga Chernomor, Arndt von Haeseler and Bui Quang Minh.

Host:    meduse (AVX2, FMA3, 7 GB RAM)
Command: iqtree -s ../simulations/data_D10T0L20I10T10//S/87_pruned.fasta -m GTR+G -alrt 1000 -redo
Seed:    912985 (Using SPRNG - Scalable Parallel Random Number Generator)
Time:    Sun Jun  3 23:47:24 2018
Kernel:  AVX

NOTE: Consider using the multicore version because your CPU has 4 cores!

Reading alignment file ../simulations/data_D10T0L20I10T10//S/87_pruned.fasta ... Fasta format detected
Alignment most likely contains DNA/RNA sequences
Alignment has 26 sequences with 300 columns and 298 patterns (294 informative sites)
          Gap/Ambiguity  Composition  p-value
   1  n277_278    0.00%    passed     41.32%
   2  n286_287    0.00%    passed     86.77%
   3  n296_297    0.00%    passed     85.67%
   4  n285_286    0.00%    passed     96.89%
   5  n289_290    0.00%    passed     75.02%
   6  n274_275    0.00%    passed     94.21%
   7  n255_256    0.00%    passed     61.06%
   8  n275_276    0.00%    passed     97.19%
   9  n278_279    0.00%    passed     81.41%
  10  n299_300    0.00%    passed     96.81%
  11  n236_237    0.00%    passed     86.61%
  12  n293_294    0.00%    passed     96.51%
  13  n290_291    0.00%    passed     90.76%
  14  n297_298    0.00%    passed     97.26%
  15  n200_201    0.00%    passed      7.85%
  16  n292_293    0.00%    passed     96.43%
  17  n280_281    0.00%    passed     96.55%
  18  n295_296    0.00%    passed     81.02%
  19  n287_288    0.00%    passed     60.63%
  20  n244_245    0.00%    passed     82.86%
  21  n265_266    0.00%    passed     47.08%
  22  n266_267    0.00%    passed     90.21%
  23  n294_295    0.00%    passed     88.22%
  24  n251_252    0.00%    passed     88.04%
  25  n298_299    0.00%    passed     97.33%
  26  n300_301    0.00%    passed     98.76%
****  TOTAL       0.00%  0 sequences failed composition chi2 test (p-value<5%; df=3)

Create initial parsimony tree by phylogenetic likelihood library (PLL)... 0.002 seconds

NOTE: 1 MB RAM is required!
Estimate model parameters (epsilon = 0.100)
1. Initial log-likelihood: -5324.943
2. Current log-likelihood: -5233.049
3. Current log-likelihood: -5220.923
4. Current log-likelihood: -5218.713
5. Current log-likelihood: -5218.325
Optimal log-likelihood: -5218.249
Rate parameters:  A-C: 0.846  A-G: 0.947  A-T: 0.855  C-G: 0.978  C-T: 1.477  G-T: 1.000
Base frequencies:   A: 0.262  C: 0.261  G: 0.247  T: 0.230
Gamma shape alpha: 3.558
Parameters optimization took 5 rounds (0.072 sec)
--------------------------------------------------------------------
|             INITIALIZING CANDIDATE TREE SET                      |
--------------------------------------------------------------------
Computing ML distances based on estimated model parameters... 0.004 sec
WARNING: Some pairwise ML distances are too long (saturated)
Computing BIONJ tree...
0.000 seconds
Log-likelihood of BIONJ tree: -5239.201
Generating 98 parsimony trees... 0.152 seconds 9 distinct starting trees
Computing log-likelihood of 9 initial trees ... 0.021 seconds
Optimizing top 9 initial trees with NNI...
Iteration 1 / LogL: -5217.021 / Time: 0h:0m:0s
Estimate model parameters (epsilon = 0.100)
BETTER TREE FOUND at iteration 1: -5216.797
Iteration 2 / LogL: -5216.726 / Time: 0h:0m:0s
Estimate model parameters (epsilon = 0.100)
BETTER SCORE FOUND at iteration 2: -5216.675
Iteration 3 / LogL: -5217.023 / Time: 0h:0m:0s
Iteration 4 / LogL: -5217.001 / Time: 0h:0m:0s
Iteration 5 / LogL: -5216.723 / Time: 0h:0m:0s
Iteration 6 / LogL: -5216.720 / Time: 0h:0m:0s
Iteration 7 / LogL: -5217.000 / Time: 0h:0m:0s
Iteration 8 / LogL: -5216.720 / Time: 0h:0m:0s
Iteration 9 / LogL: -5217.060 / Time: 0h:0m:0s
Average CPU time for 1 NNI search: 0.018
Finish initializing candidate tree set. Number of distinct locally optimal trees: 4
Current best tree score: -5216.675 / CPU time: 0.336
--------------------------------------------------------------------
|               OPTIMIZING CANDIDATE TREE SET                      |
--------------------------------------------------------------------
Iteration 10 / LogL: -5216.793 / Time: 0h:0m:0s
Estimate model parameters (epsilon = 0.010)
BETTER TREE FOUND at iteration 13: -5216.595
Iteration 20 / LogL: -5217.160 / Time: 0h:0m:0s (0h:0m:4s left)
Iteration 30 / LogL: -5217.481 / Time: 0h:0m:1s (0h:0m:3s left)
Iteration 40 / LogL: -5227.383 / Time: 0h:0m:1s (0h:0m:2s left)
Iteration 50 / LogL: -5216.773 / Time: 0h:0m:1s (0h:0m:2s left)
Iteration 60 / LogL: -5216.718 / Time: 0h:0m:2s (0h:0m:2s left)
Iteration 70 / LogL: -5216.850 / Time: 0h:0m:2s (0h:0m:1s left)
Iteration 80 / LogL: -5217.047 / Time: 0h:0m:2s (0h:0m:1s left)
Iteration 90 / LogL: -5216.732 / Time: 0h:0m:3s (0h:0m:0s left)
Iteration 100 / LogL: -5217.164 / Time: 0h:0m:3s (0h:0m:0s left)
Iteration 110 / LogL: -5216.758 / Time: 0h:0m:4s (0h:0m:0s left)
TREE SEARCH COMPLETED AFTER 113 ITERATIONS / Time: 0h:0m:4s

--------------------------------------------------------------------
|                    FINALIZING TREE SEARCH                        |
--------------------------------------------------------------------
Performs final model parameters optimization
Estimate model parameters (epsilon = 0.010)
1. Initial log-likelihood: -5216.595
Optimal log-likelihood: -5216.595
Rate parameters:  A-C: 0.830  A-G: 0.938  A-T: 0.838  C-G: 0.969  C-T: 1.481  G-T: 1.000
Base frequencies:   A: 0.262  C: 0.261  G: 0.247  T: 0.230
Gamma shape alpha: 3.640
Parameters optimization took 1 rounds (0.006 sec)
BEST SCORE FOUND : -5216.595

Testing tree branches by SH-like aLRT with 1000 replicates...
CPU Time used:  0.116 sec.
Total tree length: 8.959

Total number of iterations: 113
CPU time used for tree search: 4.008 sec (0h:0m:4s)
Wall-clock time used for tree search: 4.012 sec (0h:0m:4s)
Total CPU time used: 4.236 sec (0h:0m:4s)
Total wall-clock time used: 4.241 sec (0h:0m:4s)

Analysis results written to: 
  IQ-TREE report:                ../simulations/data_D10T0L20I10T10//S/87_pruned.fasta.iqtree
  Maximum-likelihood tree:       ../simulations/data_D10T0L20I10T10//S/87_pruned.fasta.treefile
  Likelihood distances:          ../simulations/data_D10T0L20I10T10//S/87_pruned.fasta.mldist
  Screen log file:               ../simulations/data_D10T0L20I10T10//S/87_pruned.fasta.log

Date and Time: Sun Jun  3 23:47:29 2018
