IQ-TREE version 1.4.2 for Linux 64-bit built Apr 15 2016
Copyright (c) 2011-2015 Nguyen Lam Tung, Olga Chernomor, Arndt von Haeseler and Bui Quang Minh.

Host:    meduse (AVX2, FMA3, 7 GB RAM)
Command: iqtree -s ../simulations/data_D8T0L15I8T8//S/882_pruned.fasta -m GTR+G -alrt 1000 -redo
Seed:    18502 (Using SPRNG - Scalable Parallel Random Number Generator)
Time:    Fri May 25 22:59:47 2018
Kernel:  AVX

NOTE: Consider using the multicore version because your CPU has 4 cores!

Reading alignment file ../simulations/data_D8T0L15I8T8//S/882_pruned.fasta ... Fasta format detected
Alignment most likely contains DNA/RNA sequences
Alignment has 25 sequences with 300 columns and 160 patterns (143 informative sites)
          Gap/Ambiguity  Composition  p-value
   1  n265_258    0.00%    passed     81.26%
   2  n200_199    0.00%    passed     25.84%
   3  n285_278    0.00%    passed     98.99%
   4  n280_273    0.00%    passed     69.14%
   5  n251_244    0.00%    passed     38.20%
   6  n297_290    0.00%    passed     86.34%
   7  n294_287    0.00%    passed     71.86%
   8  n295_288    0.00%    passed     98.99%
   9  n289_282    0.00%    passed     98.22%
  10  n286_279    0.00%    passed     99.73%
  11  n266_259    0.00%    passed     71.59%
  12  n287_280    0.00%    passed     99.23%
  13  n299_292    0.00%    passed     67.23%
  14  n275_268    0.00%    passed     65.84%
  15  n296_289    0.00%    passed     99.73%
  16  n255_248    0.00%    passed     80.83%
  17  n236_231    0.00%    passed     56.27%
  18  n277_270    0.00%    passed     80.14%
  19  n293_286    0.00%    passed     71.86%
  20  n298_291    0.00%    passed     78.83%
  21  n300_293    0.00%    passed     67.23%
  22  n292_285    0.00%    passed     73.90%
  23  n274_267    0.00%    passed     66.38%
  24  n290_283    0.00%    passed     98.65%
  25  n278_271    0.00%    passed     84.11%
****  TOTAL       0.00%  0 sequences failed composition chi2 test (p-value<5%; df=3)
NOTE: 1 identical sequences (see below) will be ignored for subsequent analysis
NOTE: n300_293 (identical to n299_292) is ignored but added at the end

Create initial parsimony tree by phylogenetic likelihood library (PLL)... 0.001 seconds

NOTE: 0 MB RAM is required!
Estimate model parameters (epsilon = 0.100)
1. Initial log-likelihood: -1851.059
2. Current log-likelihood: -1820.978
3. Current log-likelihood: -1820.777
Optimal log-likelihood: -1820.771
Rate parameters:  A-C: 1.282  A-G: 1.691  A-T: 1.360  C-G: 1.079  C-T: 1.505  G-T: 1.000
Base frequencies:   A: 0.208  C: 0.264  G: 0.248  T: 0.280
Gamma shape alpha: 5.393
Parameters optimization took 3 rounds (0.059 sec)
--------------------------------------------------------------------
|             INITIALIZING CANDIDATE TREE SET                      |
--------------------------------------------------------------------
Computing ML distances based on estimated model parameters... 0.008 sec
Computing BIONJ tree...
0.001 seconds
Log-likelihood of BIONJ tree: -1820.770
Generating 98 parsimony trees... 0.144 seconds 64 distinct starting trees
Computing log-likelihood of 64 initial trees ... 0.174 seconds
Optimizing top 20 initial trees with NNI...
Iteration 1 / LogL: -1820.771 / Time: 0h:0m:0s
Estimate model parameters (epsilon = 0.100)
BETTER SCORE FOUND at iteration 1: -1820.764
Iteration 2 / LogL: -1820.765 / Time: 0h:0m:0s
Iteration 3 / LogL: -1820.767 / Time: 0h:0m:0s
Iteration 4 / LogL: -1820.767 / Time: 0h:0m:0s
Iteration 5 / LogL: -1820.767 / Time: 0h:0m:0s
Iteration 6 / LogL: -1820.767 / Time: 0h:0m:0s
Iteration 7 / LogL: -1820.767 / Time: 0h:0m:0s
Iteration 8 / LogL: -1820.767 / Time: 0h:0m:0s
Iteration 9 / LogL: -1820.767 / Time: 0h:0m:0s
Iteration 10 / LogL: -1820.767 / Time: 0h:0m:0s
Iteration 11 / LogL: -1820.767 / Time: 0h:0m:0s
Iteration 12 / LogL: -1820.767 / Time: 0h:0m:0s
Iteration 13 / LogL: -1820.767 / Time: 0h:0m:0s
Iteration 14 / LogL: -1820.767 / Time: 0h:0m:0s
Iteration 15 / LogL: -1820.767 / Time: 0h:0m:0s
Iteration 16 / LogL: -1820.767 / Time: 0h:0m:0s
Iteration 17 / LogL: -1820.767 / Time: 0h:0m:0s
Iteration 18 / LogL: -1820.767 / Time: 0h:0m:0s
Iteration 19 / LogL: -1820.767 / Time: 0h:0m:0s
Iteration 20 / LogL: -1820.767 / Time: 0h:0m:0s
Average CPU time for 1 NNI search: 0.007
Finish initializing candidate tree set. Number of distinct locally optimal trees: 20
Current best tree score: -1820.764 / CPU time: 0.460
--------------------------------------------------------------------
|               OPTIMIZING CANDIDATE TREE SET                      |
--------------------------------------------------------------------
Iteration 30 / LogL: -1837.684 / Time: 0h:0m:0s (0h:0m:1s left)
Iteration 40 / LogL: -1820.764 / Time: 0h:0m:1s (0h:0m:1s left)
Iteration 50 / LogL: -1820.772 / Time: 0h:0m:1s (0h:0m:1s left)
Iteration 60 / LogL: -2325.187 / Time: 0h:0m:1s (0h:0m:1s left)
Iteration 70 / LogL: -1820.764 / Time: 0h:0m:1s (0h:0m:0s left)
Iteration 80 / LogL: -1820.779 / Time: 0h:0m:1s (0h:0m:0s left)
Iteration 90 / LogL: -1820.764 / Time: 0h:0m:2s (0h:0m:0s left)
Iteration 100 / LogL: -1820.771 / Time: 0h:0m:2s (0h:0m:0s left)
TREE SEARCH COMPLETED AFTER 101 ITERATIONS / Time: 0h:0m:2s

--------------------------------------------------------------------
|                    FINALIZING TREE SEARCH                        |
--------------------------------------------------------------------
Performs final model parameters optimization
Estimate model parameters (epsilon = 0.010)
1. Initial log-likelihood: -1820.764
Optimal log-likelihood: -1820.761
Rate parameters:  A-C: 1.271  A-G: 1.668  A-T: 1.348  C-G: 1.060  C-T: 1.494  G-T: 1.000
Base frequencies:   A: 0.208  C: 0.264  G: 0.248  T: 0.280
Gamma shape alpha: 5.393
Parameters optimization took 1 rounds (0.006 sec)
BEST SCORE FOUND : -1820.761

Testing tree branches by SH-like aLRT with 1000 replicates...
CPU Time used:  0.144 sec.
Total tree length: 0.989

Total number of iterations: 101
CPU time used for tree search: 2.148 sec (0h:0m:2s)
Wall-clock time used for tree search: 2.160 sec (0h:0m:2s)
Total CPU time used: 2.396 sec (0h:0m:2s)
Total wall-clock time used: 2.409 sec (0h:0m:2s)

Analysis results written to: 
  IQ-TREE report:                ../simulations/data_D8T0L15I8T8//S/882_pruned.fasta.iqtree
  Maximum-likelihood tree:       ../simulations/data_D8T0L15I8T8//S/882_pruned.fasta.treefile
  Likelihood distances:          ../simulations/data_D8T0L15I8T8//S/882_pruned.fasta.mldist
  Screen log file:               ../simulations/data_D8T0L15I8T8//S/882_pruned.fasta.log

Date and Time: Fri May 25 22:59:49 2018
