IQ-TREE version 1.4.2 for Linux 64-bit built Apr 15 2016
Copyright (c) 2011-2015 Nguyen Lam Tung, Olga Chernomor, Arndt von Haeseler and Bui Quang Minh.

Host:    meduse (AVX2, FMA3, 7 GB RAM)
Command: iqtree -s ../simulations/data_D10T0L20I10T10//S/883_pruned.fasta -m GTR+G -alrt 1000 -redo
Seed:    979268 (Using SPRNG - Scalable Parallel Random Number Generator)
Time:    Fri Jun  1 10:59:25 2018
Kernel:  AVX

NOTE: Consider using the multicore version because your CPU has 4 cores!

Reading alignment file ../simulations/data_D10T0L20I10T10//S/883_pruned.fasta ... Fasta format detected
Alignment most likely contains DNA/RNA sequences
Alignment has 26 sequences with 300 columns and 172 patterns (155 informative sites)
          Gap/Ambiguity  Composition  p-value
   1  n289_290    0.00%    passed     97.69%
   2  n294_295    0.00%    passed     98.26%
   3  n295_296    0.00%    passed     99.58%
   4  n266_267    0.00%    passed     55.33%
   5  n299_300    0.00%    passed     97.52%
   6  n298_299    0.00%    passed     94.37%
   7  n290_291    0.00%    passed     99.02%
   8  n274_275    0.00%    passed     97.91%
   9  n251_252    0.00%    passed     67.25%
  10  n293_294    0.00%    passed     97.48%
  11  n265_266    0.00%    passed     69.90%
  12  n296_297    0.00%    passed     98.56%
  13  n300_301    0.00%    passed     92.29%
  14  n244_245    0.00%    passed     64.26%
  15  n278_279    0.00%    passed     91.30%
  16  n287_288    0.00%    passed     99.32%
  17  n200_201    0.00%    passed     92.42%
  18  n277_278    0.00%    passed     92.29%
  19  n297_298    0.00%    passed     97.48%
  20  n236_237    0.00%    passed     92.74%
  21  n280_281    0.00%    passed     69.73%
  22  n285_286    0.00%    passed     59.46%
  23  n275_276    0.00%    passed     94.49%
  24  n255_256    0.00%    passed     45.53%
  25  n292_293    0.00%    passed     92.29%
  26  n286_287    0.00%    passed     51.70%
****  TOTAL       0.00%  0 sequences failed composition chi2 test (p-value<5%; df=3)
NOTE: 1 identical sequences (see below) will be ignored for subsequent analysis
NOTE: n292_293 (identical to n300_301) is ignored but added at the end

Create initial parsimony tree by phylogenetic likelihood library (PLL)... 0.001 seconds

NOTE: 0 MB RAM is required!
Estimate model parameters (epsilon = 0.100)
1. Initial log-likelihood: -2033.102
2. Current log-likelihood: -1988.660
3. Current log-likelihood: -1987.884
Optimal log-likelihood: -1987.879
Rate parameters:  A-C: 1.203  A-G: 1.053  A-T: 0.914  C-G: 0.978  C-T: 1.072  G-T: 1.000
Base frequencies:   A: 0.227  C: 0.249  G: 0.219  T: 0.305
Gamma shape alpha: 10.879
Parameters optimization took 3 rounds (0.024 sec)
--------------------------------------------------------------------
|             INITIALIZING CANDIDATE TREE SET                      |
--------------------------------------------------------------------
Computing ML distances based on estimated model parameters... 0.004 sec
Computing BIONJ tree...
0.000 seconds
Log-likelihood of BIONJ tree: -1988.325
Generating 98 parsimony trees... 0.097 seconds 34 distinct starting trees
Computing log-likelihood of 34 initial trees ... 0.060 seconds
Optimizing top 20 initial trees with NNI...
Iteration 1 / LogL: -1987.879 / Time: 0h:0m:0s
Estimate model parameters (epsilon = 0.100)
BETTER SCORE FOUND at iteration 1: -1987.877
Iteration 2 / LogL: -1987.881 / Time: 0h:0m:0s
Iteration 3 / LogL: -1987.881 / Time: 0h:0m:0s
Iteration 4 / LogL: -1987.881 / Time: 0h:0m:0s
Iteration 5 / LogL: -1987.881 / Time: 0h:0m:0s
Iteration 6 / LogL: -1987.881 / Time: 0h:0m:0s
Iteration 7 / LogL: -1987.881 / Time: 0h:0m:0s
Iteration 8 / LogL: -1987.881 / Time: 0h:0m:0s
Iteration 9 / LogL: -1987.881 / Time: 0h:0m:0s
Iteration 10 / LogL: -1987.881 / Time: 0h:0m:0s
Iteration 11 / LogL: -1987.881 / Time: 0h:0m:0s
Iteration 12 / LogL: -1987.881 / Time: 0h:0m:0s
Iteration 13 / LogL: -1987.881 / Time: 0h:0m:0s
Iteration 14 / LogL: -1987.881 / Time: 0h:0m:0s
Iteration 15 / LogL: -1987.881 / Time: 0h:0m:0s
Iteration 16 / LogL: -1987.881 / Time: 0h:0m:0s
Iteration 17 / LogL: -1987.881 / Time: 0h:0m:0s
Iteration 18 / LogL: -1987.881 / Time: 0h:0m:0s
Iteration 19 / LogL: -1987.881 / Time: 0h:0m:0s
Iteration 20 / LogL: -1987.881 / Time: 0h:0m:0s
Average CPU time for 1 NNI search: 0.004
Finish initializing candidate tree set. Number of distinct locally optimal trees: 20
Current best tree score: -1987.877 / CPU time: 0.248
--------------------------------------------------------------------
|               OPTIMIZING CANDIDATE TREE SET                      |
--------------------------------------------------------------------
Iteration 30 / LogL: -2001.109 / Time: 0h:0m:0s (0h:0m:1s left)
Iteration 40 / LogL: -1987.918 / Time: 0h:0m:0s (0h:0m:0s left)
Iteration 50 / LogL: -1987.877 / Time: 0h:0m:0s (0h:0m:0s left)
Iteration 60 / LogL: -1987.877 / Time: 0h:0m:0s (0h:0m:0s left)
Iteration 70 / LogL: -1987.884 / Time: 0h:0m:0s (0h:0m:0s left)
Iteration 80 / LogL: -2001.118 / Time: 0h:0m:1s (0h:0m:0s left)
Iteration 90 / LogL: -2001.117 / Time: 0h:0m:1s (0h:0m:0s left)
Iteration 100 / LogL: -1987.878 / Time: 0h:0m:1s (0h:0m:0s left)
TREE SEARCH COMPLETED AFTER 101 ITERATIONS / Time: 0h:0m:1s

--------------------------------------------------------------------
|                    FINALIZING TREE SEARCH                        |
--------------------------------------------------------------------
Performs final model parameters optimization
Estimate model parameters (epsilon = 0.010)
1. Initial log-likelihood: -1987.876
Optimal log-likelihood: -1987.876
Rate parameters:  A-C: 1.194  A-G: 1.044  A-T: 0.909  C-G: 0.971  C-T: 1.066  G-T: 1.000
Base frequencies:   A: 0.227  C: 0.249  G: 0.219  T: 0.305
Gamma shape alpha: 10.913
Parameters optimization took 1 rounds (0.005 sec)
BEST SCORE FOUND : -1987.876

Testing tree branches by SH-like aLRT with 1000 replicates...
CPU Time used:  0.112 sec.
Total tree length: 1.134

Total number of iterations: 101
CPU time used for tree search: 1.400 sec (0h:0m:1s)
Wall-clock time used for tree search: 1.399 sec (0h:0m:1s)
Total CPU time used: 1.552 sec (0h:0m:1s)
Total wall-clock time used: 1.554 sec (0h:0m:1s)

Analysis results written to: 
  IQ-TREE report:                ../simulations/data_D10T0L20I10T10//S/883_pruned.fasta.iqtree
  Maximum-likelihood tree:       ../simulations/data_D10T0L20I10T10//S/883_pruned.fasta.treefile
  Likelihood distances:          ../simulations/data_D10T0L20I10T10//S/883_pruned.fasta.mldist
  Screen log file:               ../simulations/data_D10T0L20I10T10//S/883_pruned.fasta.log

Date and Time: Fri Jun  1 10:59:27 2018
