IQ-TREE version 1.4.2 for Linux 64-bit built Apr 15 2016
Copyright (c) 2011-2015 Nguyen Lam Tung, Olga Chernomor, Arndt von Haeseler and Bui Quang Minh.

Host:    meduse (AVX2, FMA3, 7 GB RAM)
Command: iqtree -s ../simulations/data_D10T0L20I10T10//S/885_pruned.fasta -m GTR+G -alrt 1000 -redo
Seed:    534619 (Using SPRNG - Scalable Parallel Random Number Generator)
Time:    Fri Jun  1 10:46:38 2018
Kernel:  AVX

NOTE: Consider using the multicore version because your CPU has 4 cores!

Reading alignment file ../simulations/data_D10T0L20I10T10//S/885_pruned.fasta ... Fasta format detected
Alignment most likely contains DNA/RNA sequences
Alignment has 15 sequences with 300 columns and 115 patterns (102 informative sites)
          Gap/Ambiguity  Composition  p-value
   1  n289_200    0.00%    passed     99.70%
   2  n251_184    0.00%    passed     82.84%
   3  n297_206    0.00%    passed     97.82%
   4  n287_198    0.00%    passed     99.63%
   5  n275_194    0.00%    passed     93.94%
   6  n200_153    0.00%    passed     93.97%
   7  n255_186    0.00%    passed     61.91%
   8  n293_202    0.00%    passed     99.97%
   9  n298_207    0.00%    passed     96.06%
  10  n294_203    0.00%    passed     97.04%
  11  n236_173    0.00%    passed     98.35%
  12  n290_201    0.00%    passed     99.63%
  13  n296_205    0.00%    passed     99.56%
  14  n295_204    0.00%    passed     99.70%
  15  n244_181    0.00%    passed     96.16%
****  TOTAL       0.00%  0 sequences failed composition chi2 test (p-value<5%; df=3)
NOTE: 1 identical sequences (see below) will be ignored for subsequent analysis
NOTE: n290_201 (identical to n287_198) is ignored but added at the end

Create initial parsimony tree by phylogenetic likelihood library (PLL)... 0.000 seconds

NOTE: 0 MB RAM is required!
Estimate model parameters (epsilon = 0.100)
1. Initial log-likelihood: -1436.568
2. Current log-likelihood: -1398.083
3. Current log-likelihood: -1397.230
Optimal log-likelihood: -1397.190
Rate parameters:  A-C: 1.171  A-G: 1.542  A-T: 1.429  C-G: 1.158  C-T: 1.312  G-T: 1.000
Base frequencies:   A: 0.221  C: 0.290  G: 0.250  T: 0.239
Gamma shape alpha: 8.229
Parameters optimization took 3 rounds (0.010 sec)
--------------------------------------------------------------------
|             INITIALIZING CANDIDATE TREE SET                      |
--------------------------------------------------------------------
Computing ML distances based on estimated model parameters... 0.004 sec
Computing BIONJ tree...
0.000 seconds
Log-likelihood of BIONJ tree: -1397.190
Generating 99 parsimony trees... 0.040 seconds 1 distinct starting trees
Computing log-likelihood of 1 initial trees ... 0.000 seconds
Optimizing top 1 initial trees with NNI...
Iteration 1 / LogL: -1397.190 / Time: 0h:0m:0s
Estimate model parameters (epsilon = 0.100)
BETTER SCORE FOUND at iteration 1: -1397.181
Average CPU time for 1 NNI search: 0.004
Finish initializing candidate tree set. Number of distinct locally optimal trees: 1
Current best tree score: -1397.181 / CPU time: 0.044
--------------------------------------------------------------------
|               OPTIMIZING CANDIDATE TREE SET                      |
--------------------------------------------------------------------
Iteration 10 / LogL: -1397.181 / Time: 0h:0m:0s
Iteration 20 / LogL: -1784.900 / Time: 0h:0m:0s (0h:0m:0s left)
Iteration 30 / LogL: -1397.181 / Time: 0h:0m:0s (0h:0m:0s left)
Iteration 40 / LogL: -1397.207 / Time: 0h:0m:0s (0h:0m:0s left)
Iteration 50 / LogL: -1397.184 / Time: 0h:0m:0s (0h:0m:0s left)
Iteration 60 / LogL: -1397.182 / Time: 0h:0m:0s (0h:0m:0s left)
Iteration 70 / LogL: -1397.183 / Time: 0h:0m:0s (0h:0m:0s left)
Iteration 80 / LogL: -1397.182 / Time: 0h:0m:0s (0h:0m:0s left)
Iteration 90 / LogL: -1397.205 / Time: 0h:0m:0s (0h:0m:0s left)
Iteration 100 / LogL: -1430.268 / Time: 0h:0m:0s (0h:0m:0s left)
TREE SEARCH COMPLETED AFTER 101 ITERATIONS / Time: 0h:0m:0s

--------------------------------------------------------------------
|                    FINALIZING TREE SEARCH                        |
--------------------------------------------------------------------
Performs final model parameters optimization
Estimate model parameters (epsilon = 0.010)
1. Initial log-likelihood: -1397.181
2. Current log-likelihood: -1397.150
3. Current log-likelihood: -1397.137
Optimal log-likelihood: -1397.133
Rate parameters:  A-C: 1.124  A-G: 1.472  A-T: 1.360  C-G: 1.139  C-T: 1.227  G-T: 1.000
Base frequencies:   A: 0.221  C: 0.290  G: 0.250  T: 0.239
Gamma shape alpha: 8.392
Parameters optimization took 3 rounds (0.006 sec)
BEST SCORE FOUND : -1397.133

Testing tree branches by SH-like aLRT with 1000 replicates...
CPU Time used:  0.064 sec.
Total tree length: 0.808

Total number of iterations: 101
CPU time used for tree search: 0.624 sec (0h:0m:0s)
Wall-clock time used for tree search: 0.627 sec (0h:0m:0s)
Total CPU time used: 0.716 sec (0h:0m:0s)
Total wall-clock time used: 0.716 sec (0h:0m:0s)

Analysis results written to: 
  IQ-TREE report:                ../simulations/data_D10T0L20I10T10//S/885_pruned.fasta.iqtree
  Maximum-likelihood tree:       ../simulations/data_D10T0L20I10T10//S/885_pruned.fasta.treefile
  Likelihood distances:          ../simulations/data_D10T0L20I10T10//S/885_pruned.fasta.mldist
  Screen log file:               ../simulations/data_D10T0L20I10T10//S/885_pruned.fasta.log

Date and Time: Fri Jun  1 10:46:39 2018
