IQ-TREE version 1.4.2 for Linux 64-bit built Apr 15 2016
Copyright (c) 2011-2015 Nguyen Lam Tung, Olga Chernomor, Arndt von Haeseler and Bui Quang Minh.

Host:    meduse (AVX2, FMA3, 7 GB RAM)
Command: iqtree -s ../simulations/data_D10T0L20I10T10//S/888_pruned.fasta -m GTR+G -alrt 1000 -redo
Seed:    486863 (Using SPRNG - Scalable Parallel Random Number Generator)
Time:    Fri Jun  1 11:06:50 2018
Kernel:  AVX

NOTE: Consider using the multicore version because your CPU has 4 cores!

Reading alignment file ../simulations/data_D10T0L20I10T10//S/888_pruned.fasta ... Fasta format detected
Alignment most likely contains DNA/RNA sequences
Alignment has 26 sequences with 300 columns and 184 patterns (152 informative sites)
          Gap/Ambiguity  Composition  p-value
   1  n289_290    0.00%    passed     73.08%
   2  n294_295    0.00%    passed     94.89%
   3  n295_296    0.00%    passed     82.56%
   4  n266_267    0.00%    passed     78.81%
   5  n299_300    0.00%    passed     86.78%
   6  n298_299    0.00%    passed     96.73%
   7  n290_291    0.00%    passed     73.08%
   8  n274_275    0.00%    passed     91.27%
   9  n251_252    0.00%    passed     91.48%
  10  n293_294    0.00%    passed     87.53%
  11  n265_266    0.00%    passed     69.49%
  12  n296_297    0.00%    passed     82.56%
  13  n300_301    0.00%    passed     86.78%
  14  n244_245    0.00%    passed     53.50%
  15  n278_279    0.00%    passed     90.69%
  16  n287_288    0.00%    passed     73.08%
  17  n200_201    0.00%    passed     74.10%
  18  n277_278    0.00%    passed     76.50%
  19  n297_298    0.00%    passed     90.43%
  20  n236_237    0.00%    passed     80.04%
  21  n280_281    0.00%    passed     91.49%
  22  n285_286    0.00%    passed     64.64%
  23  n275_276    0.00%    passed     87.86%
  24  n255_256    0.00%    passed     85.28%
  25  n292_293    0.00%    passed     78.35%
  26  n286_287    0.00%    passed     64.64%
****  TOTAL       0.00%  0 sequences failed composition chi2 test (p-value<5%; df=3)
NOTE: 5 identical sequences (see below) will be ignored for subsequent analysis
NOTE: n290_291 (identical to n289_290) is ignored but added at the end
NOTE: n287_288 (identical to n289_290) is ignored but added at the end
NOTE: n296_297 (identical to n295_296) is ignored but added at the end
NOTE: n300_301 (identical to n299_300) is ignored but added at the end
NOTE: n286_287 (identical to n285_286) is ignored but added at the end

Create initial parsimony tree by phylogenetic likelihood library (PLL)... 0.001 seconds

NOTE: 0 MB RAM is required!
Estimate model parameters (epsilon = 0.100)
1. Initial log-likelihood: -2134.373
2. Current log-likelihood: -2076.772
3. Current log-likelihood: -2076.118
4. Current log-likelihood: -2076.002
Optimal log-likelihood: -2075.986
Rate parameters:  A-C: 1.014  A-G: 0.941  A-T: 1.157  C-G: 0.877  C-T: 0.926  G-T: 1.000
Base frequencies:   A: 0.227  C: 0.306  G: 0.263  T: 0.203
Gamma shape alpha: 25.612
Parameters optimization took 4 rounds (0.020 sec)
--------------------------------------------------------------------
|             INITIALIZING CANDIDATE TREE SET                      |
--------------------------------------------------------------------
Computing ML distances based on estimated model parameters... 0.000 sec
Computing BIONJ tree...
0.000 seconds
Log-likelihood of BIONJ tree: -2075.986
Generating 98 parsimony trees... 0.058 seconds 3 distinct starting trees
Computing log-likelihood of 3 initial trees ... 0.002 seconds
Optimizing top 3 initial trees with NNI...
Iteration 1 / LogL: -2075.986 / Time: 0h:0m:0s
Estimate model parameters (epsilon = 0.100)
BETTER SCORE FOUND at iteration 1: -2075.977
Iteration 2 / LogL: -2075.977 / Time: 0h:0m:0s
Iteration 3 / LogL: -2075.979 / Time: 0h:0m:0s
Average CPU time for 1 NNI search: 0.004
Finish initializing candidate tree set. Number of distinct locally optimal trees: 3
Current best tree score: -2075.977 / CPU time: 0.072
--------------------------------------------------------------------
|               OPTIMIZING CANDIDATE TREE SET                      |
--------------------------------------------------------------------
Iteration 10 / LogL: -2080.306 / Time: 0h:0m:0s
Iteration 20 / LogL: -2075.985 / Time: 0h:0m:0s (0h:0m:1s left)
Iteration 30 / LogL: -2118.602 / Time: 0h:0m:0s (0h:0m:0s left)
Iteration 40 / LogL: -2075.993 / Time: 0h:0m:0s (0h:0m:0s left)
Iteration 50 / LogL: -2080.317 / Time: 0h:0m:0s (0h:0m:0s left)
Iteration 60 / LogL: -2075.977 / Time: 0h:0m:0s (0h:0m:0s left)
Iteration 70 / LogL: -2075.977 / Time: 0h:0m:0s (0h:0m:0s left)
Iteration 80 / LogL: -2075.978 / Time: 0h:0m:0s (0h:0m:0s left)
Iteration 90 / LogL: -2075.990 / Time: 0h:0m:1s (0h:0m:0s left)
Iteration 100 / LogL: -2075.978 / Time: 0h:0m:1s (0h:0m:0s left)
TREE SEARCH COMPLETED AFTER 101 ITERATIONS / Time: 0h:0m:1s

--------------------------------------------------------------------
|                    FINALIZING TREE SEARCH                        |
--------------------------------------------------------------------
Performs final model parameters optimization
Estimate model parameters (epsilon = 0.010)
1. Initial log-likelihood: -2075.977
Optimal log-likelihood: -2075.972
Rate parameters:  A-C: 1.025  A-G: 0.948  A-T: 1.174  C-G: 0.891  C-T: 0.936  G-T: 1.000
Base frequencies:   A: 0.227  C: 0.306  G: 0.263  T: 0.203
Gamma shape alpha: 25.627
Parameters optimization took 1 rounds (0.004 sec)
BEST SCORE FOUND : -2075.972

Testing tree branches by SH-like aLRT with 1000 replicates...
CPU Time used:  0.084 sec.
Total tree length: 1.239

Total number of iterations: 101
CPU time used for tree search: 1.160 sec (0h:0m:1s)
Wall-clock time used for tree search: 1.160 sec (0h:0m:1s)
Total CPU time used: 1.280 sec (0h:0m:1s)
Total wall-clock time used: 1.278 sec (0h:0m:1s)

Analysis results written to: 
  IQ-TREE report:                ../simulations/data_D10T0L20I10T10//S/888_pruned.fasta.iqtree
  Maximum-likelihood tree:       ../simulations/data_D10T0L20I10T10//S/888_pruned.fasta.treefile
  Likelihood distances:          ../simulations/data_D10T0L20I10T10//S/888_pruned.fasta.mldist
  Screen log file:               ../simulations/data_D10T0L20I10T10//S/888_pruned.fasta.log

Date and Time: Fri Jun  1 11:06:51 2018
