IQ-TREE version 1.4.2 for Linux 64-bit built Apr 15 2016
Copyright (c) 2011-2015 Nguyen Lam Tung, Olga Chernomor, Arndt von Haeseler and Bui Quang Minh.

Host:    meduse (AVX2, FMA3, 7 GB RAM)
Command: iqtree -s ../simulations/data_D10T0L20I10T10//S/896_pruned.fasta -m GTR+G -alrt 1000 -redo
Seed:    52730 (Using SPRNG - Scalable Parallel Random Number Generator)
Time:    Sun Jun  3 23:24:04 2018
Kernel:  AVX

NOTE: Consider using the multicore version because your CPU has 4 cores!

Reading alignment file ../simulations/data_D10T0L20I10T10//S/896_pruned.fasta ... Fasta format detected
Alignment most likely contains DNA/RNA sequences
Alignment has 26 sequences with 300 columns and 299 patterns (298 informative sites)
          Gap/Ambiguity  Composition  p-value
   1  n277_278    0.00%    passed     11.63%
   2  n286_287    0.00%    passed     88.67%
   3  n296_297    0.00%    passed     43.59%
   4  n285_286    0.00%    passed     86.65%
   5  n289_290    0.00%    passed     53.76%
   6  n274_275    0.00%    passed     65.06%
   7  n255_256    0.00%    passed     11.43%
   8  n275_276    0.00%    passed     64.07%
   9  n278_279    0.00%    passed      6.18%
  10  n299_300    0.00%    passed     46.22%
  11  n236_237    0.00%    passed     89.31%
  12  n293_294    0.00%    passed     89.21%
  13  n290_291    0.00%    passed     51.50%
  14  n297_298    0.00%    passed     93.41%
  15  n200_201    0.00%    passed     46.35%
  16  n292_293    0.00%    passed     66.19%
  17  n280_281    0.00%    passed     59.69%
  18  n295_296    0.00%    passed     56.02%
  19  n287_288    0.00%    passed     58.96%
  20  n244_245    0.00%    passed     26.57%
  21  n265_266    0.00%    passed     80.34%
  22  n266_267    0.00%    passed     60.88%
  23  n294_295    0.00%    passed     95.91%
  24  n251_252    0.00%    passed     16.97%
  25  n298_299    0.00%    passed     89.71%
  26  n300_301    0.00%    passed     45.20%
****  TOTAL       0.00%  0 sequences failed composition chi2 test (p-value<5%; df=3)

Create initial parsimony tree by phylogenetic likelihood library (PLL)... 0.002 seconds

NOTE: 1 MB RAM is required!
Estimate model parameters (epsilon = 0.100)
1. Initial log-likelihood: -5334.796
2. Current log-likelihood: -5217.242
3. Current log-likelihood: -5200.528
4. Current log-likelihood: -5196.754
5. Current log-likelihood: -5195.798
6. Current log-likelihood: -5195.549
Optimal log-likelihood: -5195.486
Rate parameters:  A-C: 1.534  A-G: 1.593  A-T: 1.064  C-G: 1.105  C-T: 1.846  G-T: 1.000
Base frequencies:   A: 0.222  C: 0.274  G: 0.249  T: 0.255
Gamma shape alpha: 5.856
Parameters optimization took 6 rounds (0.083 sec)
--------------------------------------------------------------------
|             INITIALIZING CANDIDATE TREE SET                      |
--------------------------------------------------------------------
Computing ML distances based on estimated model parameters... 0.004 sec
WARNING: Some pairwise ML distances are too long (saturated)
Computing BIONJ tree...
0.000 seconds
Log-likelihood of BIONJ tree: -5193.234
Generating 98 parsimony trees... 0.159 seconds 2 distinct starting trees
Computing log-likelihood of 2 initial trees ... 0.000 seconds
Optimizing top 2 initial trees with NNI...
Iteration 1 / LogL: -5192.241 / Time: 0h:0m:0s
Estimate model parameters (epsilon = 0.100)
BETTER TREE FOUND at iteration 1: -5192.119
Iteration 2 / LogL: -5194.630 / Time: 0h:0m:0s
Average CPU time for 1 NNI search: 0.020
Finish initializing candidate tree set. Number of distinct locally optimal trees: 2
Current best tree score: -5192.119 / CPU time: 0.200
--------------------------------------------------------------------
|               OPTIMIZING CANDIDATE TREE SET                      |
--------------------------------------------------------------------
Iteration 10 / LogL: -5193.217 / Time: 0h:0m:0s
Iteration 20 / LogL: -5193.024 / Time: 0h:0m:0s (0h:0m:3s left)
Iteration 30 / LogL: -5195.190 / Time: 0h:0m:1s (0h:0m:3s left)
Iteration 40 / LogL: -5195.446 / Time: 0h:0m:1s (0h:0m:2s left)
Iteration 50 / LogL: -5192.662 / Time: 0h:0m:2s (0h:0m:2s left)
Iteration 60 / LogL: -5192.604 / Time: 0h:0m:2s (0h:0m:1s left)
Iteration 70 / LogL: -5194.961 / Time: 0h:0m:2s (0h:0m:1s left)
Iteration 80 / LogL: -5192.873 / Time: 0h:0m:2s (0h:0m:0s left)
Iteration 90 / LogL: -5198.040 / Time: 0h:0m:3s (0h:0m:0s left)
Iteration 100 / LogL: -5192.416 / Time: 0h:0m:3s (0h:0m:0s left)
TREE SEARCH COMPLETED AFTER 101 ITERATIONS / Time: 0h:0m:3s

--------------------------------------------------------------------
|                    FINALIZING TREE SEARCH                        |
--------------------------------------------------------------------
Performs final model parameters optimization
Estimate model parameters (epsilon = 0.010)
1. Initial log-likelihood: -5192.119
Optimal log-likelihood: -5192.105
Rate parameters:  A-C: 1.535  A-G: 1.575  A-T: 1.059  C-G: 1.104  C-T: 1.849  G-T: 1.000
Base frequencies:   A: 0.222  C: 0.274  G: 0.249  T: 0.255
Gamma shape alpha: 6.207
Parameters optimization took 1 rounds (0.007 sec)
BEST SCORE FOUND : -5192.105

Testing tree branches by SH-like aLRT with 1000 replicates...
CPU Time used:  0.120 sec.
Total tree length: 9.351

Total number of iterations: 101
CPU time used for tree search: 3.572 sec (0h:0m:3s)
Wall-clock time used for tree search: 3.576 sec (0h:0m:3s)
Total CPU time used: 3.840 sec (0h:0m:3s)
Total wall-clock time used: 3.845 sec (0h:0m:3s)

Analysis results written to: 
  IQ-TREE report:                ../simulations/data_D10T0L20I10T10//S/896_pruned.fasta.iqtree
  Maximum-likelihood tree:       ../simulations/data_D10T0L20I10T10//S/896_pruned.fasta.treefile
  Likelihood distances:          ../simulations/data_D10T0L20I10T10//S/896_pruned.fasta.mldist
  Screen log file:               ../simulations/data_D10T0L20I10T10//S/896_pruned.fasta.log

Date and Time: Sun Jun  3 23:24:07 2018
