IQ-TREE version 1.4.2 for Linux 64-bit built Apr 15 2016
Copyright (c) 2011-2015 Nguyen Lam Tung, Olga Chernomor, Arndt von Haeseler and Bui Quang Minh.

Host:    meduse (AVX2, FMA3, 7 GB RAM)
Command: iqtree -s ../simulations/data_D10T0L20I10T10//S/897_pruned.fasta -m GTR+G -alrt 1000 -redo
Seed:    733579 (Using SPRNG - Scalable Parallel Random Number Generator)
Time:    Fri Jun  1 10:51:16 2018
Kernel:  AVX

NOTE: Consider using the multicore version because your CPU has 4 cores!

Reading alignment file ../simulations/data_D10T0L20I10T10//S/897_pruned.fasta ... Fasta format detected
Alignment most likely contains DNA/RNA sequences
Alignment has 26 sequences with 300 columns and 192 patterns (164 informative sites)
          Gap/Ambiguity  Composition  p-value
   1  n289_290    0.00%    passed     96.62%
   2  n294_295    0.00%    passed     99.50%
   3  n295_296    0.00%    passed     97.60%
   4  n266_267    0.00%    passed     96.17%
   5  n299_300    0.00%    passed     82.72%
   6  n298_299    0.00%    passed     97.60%
   7  n290_291    0.00%    passed     96.81%
   8  n274_275    0.00%    passed     85.51%
   9  n251_252    0.00%    passed     79.73%
  10  n293_294    0.00%    passed     99.89%
  11  n265_266    0.00%    passed     93.72%
  12  n296_297    0.00%    passed     97.60%
  13  n300_301    0.00%    passed     82.72%
  14  n244_245    0.00%    passed     86.54%
  15  n278_279    0.00%    passed     97.85%
  16  n287_288    0.00%    passed     97.97%
  17  n200_201    0.00%    passed     96.73%
  18  n277_278    0.00%    passed     98.93%
  19  n297_298    0.00%    passed     97.60%
  20  n236_237    0.00%    passed     98.63%
  21  n280_281    0.00%    passed     89.20%
  22  n285_286    0.00%    passed     99.18%
  23  n275_276    0.00%    passed     98.22%
  24  n255_256    0.00%    passed     76.69%
  25  n292_293    0.00%    passed     91.39%
  26  n286_287    0.00%    passed     99.38%
****  TOTAL       0.00%  0 sequences failed composition chi2 test (p-value<5%; df=3)
NOTE: 3 identical sequences (see below) will be ignored for subsequent analysis
NOTE: n296_297 (identical to n295_296) is ignored but added at the end
NOTE: n300_301 (identical to n299_300) is ignored but added at the end
NOTE: n297_298 (identical to n298_299) is ignored but added at the end

Create initial parsimony tree by phylogenetic likelihood library (PLL)... 0.001 seconds

NOTE: 0 MB RAM is required!
Estimate model parameters (epsilon = 0.100)
1. Initial log-likelihood: -2140.430
2. Current log-likelihood: -2104.830
3. Current log-likelihood: -2104.499
Optimal log-likelihood: -2104.498
Rate parameters:  A-C: 0.822  A-G: 1.130  A-T: 0.621  C-G: 0.873  C-T: 1.045  G-T: 1.000
Base frequencies:   A: 0.247  C: 0.268  G: 0.236  T: 0.249
Gamma shape alpha: 15.020
Parameters optimization took 3 rounds (0.022 sec)
--------------------------------------------------------------------
|             INITIALIZING CANDIDATE TREE SET                      |
--------------------------------------------------------------------
Computing ML distances based on estimated model parameters... 0.000 sec
Computing BIONJ tree...
0.000 seconds
Log-likelihood of BIONJ tree: -2107.545
Generating 98 parsimony trees... 0.075 seconds 3 distinct starting trees
Computing log-likelihood of 3 initial trees ... 0.002 seconds
Optimizing top 3 initial trees with NNI...
Iteration 1 / LogL: -2104.498 / Time: 0h:0m:0s
Estimate model parameters (epsilon = 0.100)
BETTER SCORE FOUND at iteration 1: -2104.497
Iteration 2 / LogL: -2104.498 / Time: 0h:0m:0s
Iteration 3 / LogL: -2104.498 / Time: 0h:0m:0s
Average CPU time for 1 NNI search: 0.007
Finish initializing candidate tree set. Number of distinct locally optimal trees: 1
Current best tree score: -2104.497 / CPU time: 0.096
--------------------------------------------------------------------
|               OPTIMIZING CANDIDATE TREE SET                      |
--------------------------------------------------------------------
Iteration 10 / LogL: -2104.498 / Time: 0h:0m:0s
Iteration 20 / LogL: -2104.498 / Time: 0h:0m:0s (0h:0m:1s left)
Iteration 30 / LogL: -2104.516 / Time: 0h:0m:0s (0h:0m:1s left)
Iteration 40 / LogL: -2104.498 / Time: 0h:0m:0s (0h:0m:1s left)
Iteration 50 / LogL: -2104.528 / Time: 0h:0m:0s (0h:0m:0s left)
Iteration 60 / LogL: -2104.499 / Time: 0h:0m:0s (0h:0m:0s left)
Iteration 70 / LogL: -2104.503 / Time: 0h:0m:1s (0h:0m:0s left)
Iteration 80 / LogL: -2104.498 / Time: 0h:0m:1s (0h:0m:0s left)
Iteration 90 / LogL: -2104.500 / Time: 0h:0m:1s (0h:0m:0s left)
Iteration 100 / LogL: -2104.805 / Time: 0h:0m:1s (0h:0m:0s left)
TREE SEARCH COMPLETED AFTER 101 ITERATIONS / Time: 0h:0m:1s

--------------------------------------------------------------------
|                    FINALIZING TREE SEARCH                        |
--------------------------------------------------------------------
Performs final model parameters optimization
Estimate model parameters (epsilon = 0.010)
1. Initial log-likelihood: -2104.497
Optimal log-likelihood: -2104.497
Rate parameters:  A-C: 0.823  A-G: 1.132  A-T: 0.622  C-G: 0.875  C-T: 1.047  G-T: 1.000
Base frequencies:   A: 0.247  C: 0.268  G: 0.236  T: 0.249
Gamma shape alpha: 15.020
Parameters optimization took 1 rounds (0.004 sec)
BEST SCORE FOUND : -2104.497

Testing tree branches by SH-like aLRT with 1000 replicates...
CPU Time used:  0.092 sec.
Total tree length: 1.274

Total number of iterations: 101
CPU time used for tree search: 1.492 sec (0h:0m:1s)
Wall-clock time used for tree search: 1.493 sec (0h:0m:1s)
Total CPU time used: 1.624 sec (0h:0m:1s)
Total wall-clock time used: 1.625 sec (0h:0m:1s)

Analysis results written to: 
  IQ-TREE report:                ../simulations/data_D10T0L20I10T10//S/897_pruned.fasta.iqtree
  Maximum-likelihood tree:       ../simulations/data_D10T0L20I10T10//S/897_pruned.fasta.treefile
  Likelihood distances:          ../simulations/data_D10T0L20I10T10//S/897_pruned.fasta.mldist
  Screen log file:               ../simulations/data_D10T0L20I10T10//S/897_pruned.fasta.log

Date and Time: Fri Jun  1 10:51:18 2018
