IQ-TREE version 1.4.2 for Linux 64-bit built Apr 15 2016
Copyright (c) 2011-2015 Nguyen Lam Tung, Olga Chernomor, Arndt von Haeseler and Bui Quang Minh.

Host:    meduse (AVX2, FMA3, 7 GB RAM)
Command: iqtree -s ../simulations/data_D10T0L20I10T10//S/904_pruned.fasta -m GTR+G -alrt 1000 -redo
Seed:    331345 (Using SPRNG - Scalable Parallel Random Number Generator)
Time:    Sun Jun  3 23:52:50 2018
Kernel:  AVX

NOTE: Consider using the multicore version because your CPU has 4 cores!

Reading alignment file ../simulations/data_D10T0L20I10T10//S/904_pruned.fasta ... Fasta format detected
Alignment most likely contains DNA/RNA sequences
Alignment has 27 sequences with 300 columns and 300 patterns (294 informative sites)
          Gap/Ambiguity  Composition  p-value
   1  n266_299    0.00%    passed     47.28%
   2  n294_327    0.00%    passed     52.88%
   3  n287_320    0.00%    passed     59.35%
   4  n236_267    0.00%    passed     99.44%
   5  n275_308    0.00%    passed     62.61%
   6  n299_332    0.00%    passed     98.31%
   7  n286_319    0.00%    passed     27.04%
   8  n285_318    0.00%    passed     32.92%
   9  n274_307    0.00%    passed     88.29%
  10  n200_227    0.00%    passed     29.24%
  11  n298_331    0.00%    passed     65.35%
  12  n255_288    0.00%    passed     36.55%
  13  n277_310    0.00%    passed     69.74%
  14  n244_275    0.00%    passed     19.05%
  15  n278_311    0.00%    passed     64.52%
  16  n300_333    0.00%    passed     96.41%
  17  n244_277    0.00%    passed     15.15%
  18  n293_326    0.00%    passed     30.71%
  19  n296_329    0.00%    passed     27.29%
  20  n290_323    0.00%    passed     55.88%
  21  n265_298    0.00%    passed     20.69%
  22  n292_325    0.00%    passed     67.39%
  23  n289_322    0.00%    passed     43.72%
  24  n295_328    0.00%    passed     27.25%
  25  n280_313    0.00%    passed     88.61%
  26  n251_284    0.00%    passed     32.30%
  27  n297_330    0.00%    passed     66.78%
****  TOTAL       0.00%  0 sequences failed composition chi2 test (p-value<5%; df=3)

Create initial parsimony tree by phylogenetic likelihood library (PLL)... 0.002 seconds

NOTE: 1 MB RAM is required!
Estimate model parameters (epsilon = 0.100)
1. Initial log-likelihood: -5793.655
2. Current log-likelihood: -5704.524
3. Current log-likelihood: -5686.810
4. Current log-likelihood: -5681.950
5. Current log-likelihood: -5680.619
6. Current log-likelihood: -5680.312
Optimal log-likelihood: -5680.238
Rate parameters:  A-C: 1.089  A-G: 1.265  A-T: 0.840  C-G: 1.015  C-T: 1.178  G-T: 1.000
Base frequencies:   A: 0.233  C: 0.274  G: 0.249  T: 0.244
Gamma shape alpha: 6.147
Parameters optimization took 6 rounds (0.081 sec)
--------------------------------------------------------------------
|             INITIALIZING CANDIDATE TREE SET                      |
--------------------------------------------------------------------
Computing ML distances based on estimated model parameters... 0.004 sec
WARNING: Some pairwise ML distances are too long (saturated)
Computing BIONJ tree...
0.000 seconds
Log-likelihood of BIONJ tree: -5681.556
Generating 98 parsimony trees... 0.166 seconds 5 distinct starting trees
Computing log-likelihood of 5 initial trees ... 0.009 seconds
Optimizing top 5 initial trees with NNI...
Iteration 1 / LogL: -5680.205 / Time: 0h:0m:0s
Estimate model parameters (epsilon = 0.100)
BETTER TREE FOUND at iteration 1: -5680.197
Iteration 2 / LogL: -5680.150 / Time: 0h:0m:0s
Estimate model parameters (epsilon = 0.100)
BETTER TREE FOUND at iteration 2: -5680.131
Iteration 3 / LogL: -5680.143 / Time: 0h:0m:0s
Iteration 4 / LogL: -5680.144 / Time: 0h:0m:0s
Iteration 5 / LogL: -5680.121 / Time: 0h:0m:0s
Estimate model parameters (epsilon = 0.100)
BETTER TREE FOUND at iteration 5: -5680.107
Average CPU time for 1 NNI search: 0.022
Finish initializing candidate tree set. Number of distinct locally optimal trees: 3
Current best tree score: -5680.107 / CPU time: 0.280
--------------------------------------------------------------------
|               OPTIMIZING CANDIDATE TREE SET                      |
--------------------------------------------------------------------
Iteration 10 / LogL: -5689.889 / Time: 0h:0m:0s
Iteration 20 / LogL: -5692.721 / Time: 0h:0m:0s (0h:0m:4s left)
Iteration 30 / LogL: -5681.201 / Time: 0h:0m:1s (0h:0m:3s left)
Iteration 40 / LogL: -5680.834 / Time: 0h:0m:1s (0h:0m:2s left)
Iteration 50 / LogL: -5680.203 / Time: 0h:0m:2s (0h:0m:2s left)
Iteration 60 / LogL: -5680.156 / Time: 0h:0m:2s (0h:0m:1s left)
Iteration 70 / LogL: -5684.141 / Time: 0h:0m:2s (0h:0m:1s left)
Iteration 80 / LogL: -5689.496 / Time: 0h:0m:3s (0h:0m:0s left)
Iteration 90 / LogL: -5681.719 / Time: 0h:0m:3s (0h:0m:0s left)
Iteration 100 / LogL: -5680.180 / Time: 0h:0m:4s (0h:0m:0s left)
TREE SEARCH COMPLETED AFTER 101 ITERATIONS / Time: 0h:0m:4s

--------------------------------------------------------------------
|                    FINALIZING TREE SEARCH                        |
--------------------------------------------------------------------
Performs final model parameters optimization
Estimate model parameters (epsilon = 0.010)
1. Initial log-likelihood: -5680.107
Optimal log-likelihood: -5680.105
Rate parameters:  A-C: 1.084  A-G: 1.264  A-T: 0.838  C-G: 1.015  C-T: 1.166  G-T: 1.000
Base frequencies:   A: 0.233  C: 0.274  G: 0.249  T: 0.244
Gamma shape alpha: 6.142
Parameters optimization took 1 rounds (0.007 sec)
BEST SCORE FOUND : -5680.105

Testing tree branches by SH-like aLRT with 1000 replicates...
CPU Time used:  0.128 sec.
Total tree length: 9.268

Total number of iterations: 101
CPU time used for tree search: 3.992 sec (0h:0m:3s)
Wall-clock time used for tree search: 3.996 sec (0h:0m:3s)
Total CPU time used: 4.244 sec (0h:0m:4s)
Total wall-clock time used: 4.251 sec (0h:0m:4s)

Analysis results written to: 
  IQ-TREE report:                ../simulations/data_D10T0L20I10T10//S/904_pruned.fasta.iqtree
  Maximum-likelihood tree:       ../simulations/data_D10T0L20I10T10//S/904_pruned.fasta.treefile
  Likelihood distances:          ../simulations/data_D10T0L20I10T10//S/904_pruned.fasta.mldist
  Screen log file:               ../simulations/data_D10T0L20I10T10//S/904_pruned.fasta.log

Date and Time: Sun Jun  3 23:52:54 2018
