IQ-TREE version 1.4.2 for Linux 64-bit built Apr 15 2016
Copyright (c) 2011-2015 Nguyen Lam Tung, Olga Chernomor, Arndt von Haeseler and Bui Quang Minh.

Host:    meduse (AVX2, FMA3, 7 GB RAM)
Command: iqtree -s ../simulations/data_D10T0L20I10T10//S/907_pruned.fasta -m GTR+G -alrt 1000 -redo
Seed:    962599 (Using SPRNG - Scalable Parallel Random Number Generator)
Time:    Sun Jun  3 23:18:23 2018
Kernel:  AVX

NOTE: Consider using the multicore version because your CPU has 4 cores!

Reading alignment file ../simulations/data_D10T0L20I10T10//S/907_pruned.fasta ... Fasta format detected
Alignment most likely contains DNA/RNA sequences
Alignment has 25 sequences with 300 columns and 299 patterns (288 informative sites)
          Gap/Ambiguity  Composition  p-value
   1  n277_248    0.00%    passed     98.73%
   2  n294_265    0.00%    passed     63.07%
   3  n274_245    0.00%    passed     59.76%
   4  n280_251    0.00%    passed     61.09%
   5  n251_222    0.00%    passed     40.81%
   6  n299_270    0.00%    passed     53.63%
   7  n296_267    0.00%    passed     37.48%
   8  n266_237    0.00%    passed     72.01%
   9  n297_268    0.00%    passed     56.54%
  10  n236_209    0.00%    passed     77.19%
  11  n298_269    0.00%    passed     61.54%
  12  n295_266    0.00%    passed     66.08%
  13  n289_260    0.00%    passed     61.29%
  14  n278_249    0.00%    passed     63.05%
  15  n275_246    0.00%    passed     45.78%
  16  n285_256    0.00%    passed     57.69%
  17  n290_261    0.00%    passed     65.38%
  18  n255_226    0.00%    passed     49.93%
  19  n293_264    0.00%    passed     78.36%
  20  n200_177    0.00%    passed     38.74%
  21  n286_257    0.00%    passed     50.03%
  22  n265_236    0.00%    passed     83.17%
  23  n292_263    0.00%    passed     36.94%
  24  n287_258    0.00%    passed     72.58%
  25  n300_271    0.00%    passed     50.53%
****  TOTAL       0.00%  0 sequences failed composition chi2 test (p-value<5%; df=3)

Create initial parsimony tree by phylogenetic likelihood library (PLL)... 0.001 seconds

NOTE: 1 MB RAM is required!
Estimate model parameters (epsilon = 0.100)
1. Initial log-likelihood: -4845.544
2. Current log-likelihood: -4749.843
3. Current log-likelihood: -4732.235
4. Current log-likelihood: -4730.514
5. Current log-likelihood: -4730.386
Optimal log-likelihood: -4730.307
Rate parameters:  A-C: 0.798  A-G: 1.031  A-T: 0.822  C-G: 0.900  C-T: 1.191  G-T: 1.000
Base frequencies:   A: 0.235  C: 0.291  G: 0.237  T: 0.236
Gamma shape alpha: 8.029
Parameters optimization took 5 rounds (0.062 sec)
--------------------------------------------------------------------
|             INITIALIZING CANDIDATE TREE SET                      |
--------------------------------------------------------------------
Computing ML distances based on estimated model parameters... 0.004 sec
Computing BIONJ tree...
0.001 seconds
Log-likelihood of BIONJ tree: -4731.287
Generating 98 parsimony trees... 0.126 seconds 12 distinct starting trees
Computing log-likelihood of 12 initial trees ... 0.030 seconds
Optimizing top 12 initial trees with NNI...
Iteration 1 / LogL: -4730.308 / Time: 0h:0m:0s
Estimate model parameters (epsilon = 0.100)
BETTER SCORE FOUND at iteration 1: -4730.285
Iteration 2 / LogL: -4730.556 / Time: 0h:0m:0s
Iteration 3 / LogL: -4730.556 / Time: 0h:0m:0s
Iteration 4 / LogL: -4730.280 / Time: 0h:0m:0s
Iteration 5 / LogL: -4730.397 / Time: 0h:0m:0s
Iteration 6 / LogL: -4730.397 / Time: 0h:0m:0s
Iteration 7 / LogL: -4730.425 / Time: 0h:0m:0s
Iteration 8 / LogL: -4730.425 / Time: 0h:0m:0s
Iteration 9 / LogL: -4730.425 / Time: 0h:0m:0s
Iteration 10 / LogL: -4730.425 / Time: 0h:0m:0s
Iteration 11 / LogL: -4730.425 / Time: 0h:0m:0s
Iteration 12 / LogL: -4730.425 / Time: 0h:0m:0s
Average CPU time for 1 NNI search: 0.010
Finish initializing candidate tree set. Number of distinct locally optimal trees: 3
Current best tree score: -4730.280 / CPU time: 0.268
--------------------------------------------------------------------
|               OPTIMIZING CANDIDATE TREE SET                      |
--------------------------------------------------------------------
Iteration 20 / LogL: -4731.322 / Time: 0h:0m:0s (0h:0m:2s left)
Iteration 30 / LogL: -4734.834 / Time: 0h:0m:0s (0h:0m:2s left)
Iteration 40 / LogL: -4731.918 / Time: 0h:0m:1s (0h:0m:1s left)
Iteration 50 / LogL: -4730.875 / Time: 0h:0m:1s (0h:0m:1s left)
Iteration 60 / LogL: -4737.763 / Time: 0h:0m:1s (0h:0m:1s left)
Iteration 70 / LogL: -4731.276 / Time: 0h:0m:2s (0h:0m:0s left)
Iteration 80 / LogL: -4730.640 / Time: 0h:0m:2s (0h:0m:0s left)
Iteration 90 / LogL: -4731.406 / Time: 0h:0m:2s (0h:0m:0s left)
Iteration 100 / LogL: -5230.904 / Time: 0h:0m:3s (0h:0m:0s left)
TREE SEARCH COMPLETED AFTER 101 ITERATIONS / Time: 0h:0m:3s

--------------------------------------------------------------------
|                    FINALIZING TREE SEARCH                        |
--------------------------------------------------------------------
Performs final model parameters optimization
Estimate model parameters (epsilon = 0.010)
1. Initial log-likelihood: -4730.280
Optimal log-likelihood: -4730.279
Rate parameters:  A-C: 0.799  A-G: 1.032  A-T: 0.821  C-G: 0.902  C-T: 1.192  G-T: 1.000
Base frequencies:   A: 0.235  C: 0.291  G: 0.237  T: 0.236
Gamma shape alpha: 8.136
Parameters optimization took 1 rounds (0.007 sec)
BEST SCORE FOUND : -4730.279

Testing tree branches by SH-like aLRT with 1000 replicates...
CPU Time used:  0.124 sec.
Total tree length: 6.587

Total number of iterations: 101
CPU time used for tree search: 2.992 sec (0h:0m:2s)
Wall-clock time used for tree search: 2.995 sec (0h:0m:2s)
Total CPU time used: 3.224 sec (0h:0m:3s)
Total wall-clock time used: 3.228 sec (0h:0m:3s)

Analysis results written to: 
  IQ-TREE report:                ../simulations/data_D10T0L20I10T10//S/907_pruned.fasta.iqtree
  Maximum-likelihood tree:       ../simulations/data_D10T0L20I10T10//S/907_pruned.fasta.treefile
  Likelihood distances:          ../simulations/data_D10T0L20I10T10//S/907_pruned.fasta.mldist
  Screen log file:               ../simulations/data_D10T0L20I10T10//S/907_pruned.fasta.log

Date and Time: Sun Jun  3 23:18:27 2018
