IQ-TREE version 1.4.2 for Linux 64-bit built Apr 15 2016
Copyright (c) 2011-2015 Nguyen Lam Tung, Olga Chernomor, Arndt von Haeseler and Bui Quang Minh.

Host:    meduse (AVX2, FMA3, 7 GB RAM)
Command: iqtree -s ../simulations/data_D10T0L20I10T10//S/915_pruned.fasta -m GTR+G -alrt 1000 -redo
Seed:    178831 (Using SPRNG - Scalable Parallel Random Number Generator)
Time:    Sun Jun  3 23:49:19 2018
Kernel:  AVX

NOTE: Consider using the multicore version because your CPU has 4 cores!

Reading alignment file ../simulations/data_D10T0L20I10T10//S/915_pruned.fasta ... Fasta format detected
Alignment most likely contains DNA/RNA sequences
Alignment has 24 sequences with 300 columns and 295 patterns (286 informative sites)
          Gap/Ambiguity  Composition  p-value
   1  n286_259    0.00%    passed     58.85%
   2  n289_262    0.00%    passed     46.55%
   3  n297_270    0.00%    passed     91.08%
   4  n300_273    0.00%    passed     43.46%
   5  n285_258    0.00%    passed     68.36%
   6  n294_267    0.00%    passed     83.33%
   7  n277_250    0.00%    passed     29.29%
   8  n280_253    0.00%    passed     89.75%
   9  n200_187    0.00%    passed     86.61%
  10  n293_266    0.00%    passed     81.41%
  11  n274_247    0.00%    passed     69.77%
  12  n298_271    0.00%    passed     82.42%
  13  n299_272    0.00%    passed     53.56%
  14  n275_248    0.00%    passed     49.92%
  15  n287_260    0.00%    passed     57.17%
  16  n244_221    0.00%    passed     89.07%
  17  n265_238    0.00%    passed     95.39%
  18  n296_269    0.00%    passed     56.84%
  19  n278_251    0.00%    passed     33.62%
  20  n292_265    0.00%    passed     49.27%
  21  n290_263    0.00%    passed     35.43%
  22  n295_268    0.00%    passed     37.35%
  23  n236_215    0.00%    passed     87.38%
  24  n266_239    0.00%    passed     86.60%
****  TOTAL       0.00%  0 sequences failed composition chi2 test (p-value<5%; df=3)

Create initial parsimony tree by phylogenetic likelihood library (PLL)... 0.001 seconds

NOTE: 1 MB RAM is required!
Estimate model parameters (epsilon = 0.100)
1. Initial log-likelihood: -4516.001
2. Current log-likelihood: -4446.686
3. Current log-likelihood: -4434.594
4. Current log-likelihood: -4431.755
5. Current log-likelihood: -4431.116
6. Current log-likelihood: -4430.984
Optimal log-likelihood: -4430.946
Rate parameters:  A-C: 0.997  A-G: 1.066  A-T: 0.935  C-G: 1.113  C-T: 1.434  G-T: 1.000
Base frequencies:   A: 0.252  C: 0.259  G: 0.257  T: 0.233
Gamma shape alpha: 4.310
Parameters optimization took 6 rounds (0.062 sec)
--------------------------------------------------------------------
|             INITIALIZING CANDIDATE TREE SET                      |
--------------------------------------------------------------------
Computing ML distances based on estimated model parameters... 0.004 sec
WARNING: Some pairwise ML distances are too long (saturated)
Computing BIONJ tree...
0.000 seconds
Log-likelihood of BIONJ tree: -4431.999
Generating 98 parsimony trees... 0.105 seconds 2 distinct starting trees
Computing log-likelihood of 2 initial trees ... 0.000 seconds
Optimizing top 2 initial trees with NNI...
Iteration 1 / LogL: -4430.946 / Time: 0h:0m:0s
Estimate model parameters (epsilon = 0.100)
BETTER SCORE FOUND at iteration 1: -4430.936
Iteration 2 / LogL: -4430.943 / Time: 0h:0m:0s
Average CPU time for 1 NNI search: 0.010
Finish initializing candidate tree set. Number of distinct locally optimal trees: 1
Current best tree score: -4430.936 / CPU time: 0.124
--------------------------------------------------------------------
|               OPTIMIZING CANDIDATE TREE SET                      |
--------------------------------------------------------------------
Estimate model parameters (epsilon = 0.010)
BETTER TREE FOUND at iteration 4: -4429.885
Iteration 10 / LogL: -4430.068 / Time: 0h:0m:0s
Iteration 20 / LogL: -4433.054 / Time: 0h:0m:0s (0h:0m:3s left)
Iteration 30 / LogL: -4431.733 / Time: 0h:0m:0s (0h:0m:2s left)
Iteration 40 / LogL: -4430.497 / Time: 0h:0m:1s (0h:0m:2s left)
Iteration 50 / LogL: -4430.677 / Time: 0h:0m:1s (0h:0m:1s left)
Iteration 60 / LogL: -4430.427 / Time: 0h:0m:1s (0h:0m:1s left)
Iteration 70 / LogL: -4431.146 / Time: 0h:0m:1s (0h:0m:0s left)
Iteration 80 / LogL: -4430.225 / Time: 0h:0m:2s (0h:0m:0s left)
Iteration 90 / LogL: -4429.988 / Time: 0h:0m:2s (0h:0m:0s left)
Iteration 100 / LogL: -4430.163 / Time: 0h:0m:2s (0h:0m:0s left)
TREE SEARCH COMPLETED AFTER 104 ITERATIONS / Time: 0h:0m:2s

--------------------------------------------------------------------
|                    FINALIZING TREE SEARCH                        |
--------------------------------------------------------------------
Performs final model parameters optimization
Estimate model parameters (epsilon = 0.010)
1. Initial log-likelihood: -4429.885
Optimal log-likelihood: -4429.884
Rate parameters:  A-C: 1.007  A-G: 1.060  A-T: 0.925  C-G: 1.095  C-T: 1.410  G-T: 1.000
Base frequencies:   A: 0.252  C: 0.259  G: 0.257  T: 0.233
Gamma shape alpha: 4.011
Parameters optimization took 1 rounds (0.006 sec)
BEST SCORE FOUND : -4429.884

Testing tree branches by SH-like aLRT with 1000 replicates...
CPU Time used:  0.112 sec.
Total tree length: 7.496

Total number of iterations: 104
CPU time used for tree search: 2.668 sec (0h:0m:2s)
Wall-clock time used for tree search: 2.675 sec (0h:0m:2s)
Total CPU time used: 2.876 sec (0h:0m:2s)
Total wall-clock time used: 2.880 sec (0h:0m:2s)

Analysis results written to: 
  IQ-TREE report:                ../simulations/data_D10T0L20I10T10//S/915_pruned.fasta.iqtree
  Maximum-likelihood tree:       ../simulations/data_D10T0L20I10T10//S/915_pruned.fasta.treefile
  Likelihood distances:          ../simulations/data_D10T0L20I10T10//S/915_pruned.fasta.mldist
  Screen log file:               ../simulations/data_D10T0L20I10T10//S/915_pruned.fasta.log

Date and Time: Sun Jun  3 23:49:22 2018
