IQ-TREE version 1.4.2 for Linux 64-bit built Apr 15 2016
Copyright (c) 2011-2015 Nguyen Lam Tung, Olga Chernomor, Arndt von Haeseler and Bui Quang Minh.

Host:    meduse (AVX2, FMA3, 7 GB RAM)
Command: iqtree -s ../simulations/data_D10T0L20I10T10//S/91_pruned.fasta -m GTR+G -alrt 1000 -redo
Seed:    179755 (Using SPRNG - Scalable Parallel Random Number Generator)
Time:    Sun Jun  3 23:10:51 2018
Kernel:  AVX

NOTE: Consider using the multicore version because your CPU has 4 cores!

Reading alignment file ../simulations/data_D10T0L20I10T10//S/91_pruned.fasta ... Fasta format detected
Alignment most likely contains DNA/RNA sequences
Alignment has 26 sequences with 300 columns and 300 patterns (295 informative sites)
          Gap/Ambiguity  Composition  p-value
   1  n285_288    0.00%    passed     23.03%
   2  n278_281    0.00%    passed     28.53%
   3  n297_300    0.00%    passed     30.15%
   4  n251_254    0.00%    passed     61.11%
   5  n280_283    0.00%    passed     67.90%
   6  n294_297    0.00%    passed     59.25%
   7  n236_239    0.00%    passed     47.21%
   8  n289_292    0.00%    passed     73.79%
   9  n296_299    0.00%    passed     57.05%
  10  n265_268    0.00%    passed     62.19%
  11  n298_301    0.00%    passed     38.27%
  12  n266_269    0.00%    failed      2.56%
  13  n277_280    0.00%    passed     26.78%
  14  n287_290    0.00%    passed     75.00%
  15  n295_298    0.00%    passed     25.92%
  16  n255_258    0.00%    passed     73.55%
  17  n299_302    0.00%    passed     74.47%
  18  n200_203    0.00%    passed     33.14%
  19  n274_277    0.00%    passed     81.51%
  20  n275_278    0.00%    passed     48.18%
  21  n293_296    0.00%    passed     37.39%
  22  n292_295    0.00%    passed     52.53%
  23  n300_303    0.00%    passed     79.68%
  24  n286_289    0.00%    passed     16.58%
  25  n290_293    0.00%    passed     81.60%
  26  n244_247    0.00%    passed     44.26%
****  TOTAL       0.00%  1 sequences failed composition chi2 test (p-value<5%; df=3)

Create initial parsimony tree by phylogenetic likelihood library (PLL)... 0.001 seconds

NOTE: 1 MB RAM is required!
Estimate model parameters (epsilon = 0.100)
1. Initial log-likelihood: -5239.197
2. Current log-likelihood: -5139.837
3. Current log-likelihood: -5128.603
4. Current log-likelihood: -5125.495
5. Current log-likelihood: -5124.330
6. Current log-likelihood: -5123.810
7. Current log-likelihood: -5123.569
Optimal log-likelihood: -5123.400
Rate parameters:  A-C: 1.220  A-G: 1.635  A-T: 1.026  C-G: 1.021  C-T: 1.603  G-T: 1.000
Base frequencies:   A: 0.235  C: 0.276  G: 0.250  T: 0.239
Gamma shape alpha: 3.211
Parameters optimization took 7 rounds (0.090 sec)
--------------------------------------------------------------------
|             INITIALIZING CANDIDATE TREE SET                      |
--------------------------------------------------------------------
Computing ML distances based on estimated model parameters... 0.004 sec
WARNING: Some pairwise ML distances are too long (saturated)
Computing BIONJ tree...
0.000 seconds
Log-likelihood of BIONJ tree: -5123.822
Generating 98 parsimony trees... 0.153 seconds 5 distinct starting trees
Computing log-likelihood of 5 initial trees ... 0.009 seconds
Optimizing top 5 initial trees with NNI...
Iteration 1 / LogL: -5120.654 / Time: 0h:0m:0s
Estimate model parameters (epsilon = 0.100)
BETTER TREE FOUND at iteration 1: -5120.252
Iteration 2 / LogL: -5118.077 / Time: 0h:0m:0s
Estimate model parameters (epsilon = 0.100)
BETTER TREE FOUND at iteration 2: -5117.765
Iteration 3 / LogL: -5117.974 / Time: 0h:0m:0s
Iteration 4 / LogL: -5117.973 / Time: 0h:0m:0s
Iteration 5 / LogL: -5119.515 / Time: 0h:0m:0s
Average CPU time for 1 NNI search: 0.035
Finish initializing candidate tree set. Number of distinct locally optimal trees: 4
Current best tree score: -5117.765 / CPU time: 0.336
--------------------------------------------------------------------
|               OPTIMIZING CANDIDATE TREE SET                      |
--------------------------------------------------------------------
Iteration 10 / LogL: -5118.567 / Time: 0h:0m:0s
Iteration 20 / LogL: -5954.666 / Time: 0h:0m:0s (0h:0m:3s left)
Iteration 30 / LogL: -5118.686 / Time: 0h:0m:1s (0h:0m:3s left)
Iteration 40 / LogL: -5118.614 / Time: 0h:0m:1s (0h:0m:2s left)
Iteration 50 / LogL: -5123.152 / Time: 0h:0m:1s (0h:0m:2s left)
Iteration 60 / LogL: -5118.628 / Time: 0h:0m:2s (0h:0m:1s left)
Iteration 70 / LogL: -5122.683 / Time: 0h:0m:2s (0h:0m:1s left)
Iteration 80 / LogL: -5119.754 / Time: 0h:0m:3s (0h:0m:0s left)
Iteration 90 / LogL: -5157.589 / Time: 0h:0m:3s (0h:0m:0s left)
Iteration 100 / LogL: -5119.789 / Time: 0h:0m:3s (0h:0m:0s left)
TREE SEARCH COMPLETED AFTER 101 ITERATIONS / Time: 0h:0m:3s

--------------------------------------------------------------------
|                    FINALIZING TREE SEARCH                        |
--------------------------------------------------------------------
Performs final model parameters optimization
Estimate model parameters (epsilon = 0.010)
1. Initial log-likelihood: -5117.765
2. Current log-likelihood: -5117.734
3. Current log-likelihood: -5117.720
Optimal log-likelihood: -5117.707
Rate parameters:  A-C: 1.232  A-G: 1.720  A-T: 1.011  C-G: 1.066  C-T: 1.703  G-T: 1.000
Base frequencies:   A: 0.235  C: 0.276  G: 0.250  T: 0.239
Gamma shape alpha: 3.105
Parameters optimization took 3 rounds (0.024 sec)
BEST SCORE FOUND : -5117.707

Testing tree branches by SH-like aLRT with 1000 replicates...
CPU Time used:  0.132 sec.
Total tree length: 11.057

Total number of iterations: 101
CPU time used for tree search: 3.716 sec (0h:0m:3s)
Wall-clock time used for tree search: 3.718 sec (0h:0m:3s)
Total CPU time used: 4.000 sec (0h:0m:4s)
Total wall-clock time used: 4.001 sec (0h:0m:4s)

Analysis results written to: 
  IQ-TREE report:                ../simulations/data_D10T0L20I10T10//S/91_pruned.fasta.iqtree
  Maximum-likelihood tree:       ../simulations/data_D10T0L20I10T10//S/91_pruned.fasta.treefile
  Likelihood distances:          ../simulations/data_D10T0L20I10T10//S/91_pruned.fasta.mldist
  Screen log file:               ../simulations/data_D10T0L20I10T10//S/91_pruned.fasta.log

Date and Time: Sun Jun  3 23:10:55 2018
