IQ-TREE version 1.4.2 for Linux 64-bit built Apr 15 2016
Copyright (c) 2011-2015 Nguyen Lam Tung, Olga Chernomor, Arndt von Haeseler and Bui Quang Minh.

Host:    meduse (AVX2, FMA3, 7 GB RAM)
Command: iqtree -s ../simulations/data_D10T0L20I10T10//S/92_pruned.fasta -m GTR+G -alrt 1000 -redo
Seed:    240635 (Using SPRNG - Scalable Parallel Random Number Generator)
Time:    Sun Jun  3 23:34:23 2018
Kernel:  AVX

NOTE: Consider using the multicore version because your CPU has 4 cores!

Reading alignment file ../simulations/data_D10T0L20I10T10//S/92_pruned.fasta ... Fasta format detected
Alignment most likely contains DNA/RNA sequences
Alignment has 26 sequences with 300 columns and 299 patterns (290 informative sites)
          Gap/Ambiguity  Composition  p-value
   1  n277_278    0.00%    passed     60.70%
   2  n286_287    0.00%    passed     83.46%
   3  n296_297    0.00%    passed     61.00%
   4  n285_286    0.00%    passed     74.28%
   5  n289_290    0.00%    passed     80.28%
   6  n274_275    0.00%    passed      9.91%
   7  n255_256    0.00%    passed     63.63%
   8  n275_276    0.00%    passed     63.62%
   9  n278_279    0.00%    passed     45.75%
  10  n299_300    0.00%    passed     37.21%
  11  n236_237    0.00%    passed     49.67%
  12  n293_294    0.00%    passed     94.23%
  13  n290_291    0.00%    passed     85.37%
  14  n297_298    0.00%    passed     83.14%
  15  n200_201    0.00%    passed     34.18%
  16  n292_293    0.00%    passed     32.03%
  17  n280_281    0.00%    passed     32.00%
  18  n295_296    0.00%    passed     70.82%
  19  n287_288    0.00%    passed     78.90%
  20  n244_245    0.00%    passed     61.40%
  21  n265_266    0.00%    passed     78.24%
  22  n266_267    0.00%    passed     95.28%
  23  n294_295    0.00%    passed     96.16%
  24  n251_252    0.00%    passed     70.84%
  25  n298_299    0.00%    passed     91.28%
  26  n300_301    0.00%    passed     71.27%
****  TOTAL       0.00%  0 sequences failed composition chi2 test (p-value<5%; df=3)

Create initial parsimony tree by phylogenetic likelihood library (PLL)... 0.002 seconds

NOTE: 1 MB RAM is required!
Estimate model parameters (epsilon = 0.100)
1. Initial log-likelihood: -5267.961
2. Current log-likelihood: -5168.398
3. Current log-likelihood: -5154.690
4. Current log-likelihood: -5152.389
5. Current log-likelihood: -5151.945
Optimal log-likelihood: -5151.835
Rate parameters:  A-C: 1.331  A-G: 1.326  A-T: 0.887  C-G: 0.912  C-T: 1.103  G-T: 1.000
Base frequencies:   A: 0.235  C: 0.281  G: 0.239  T: 0.245
Gamma shape alpha: 3.824
Parameters optimization took 5 rounds (0.061 sec)
--------------------------------------------------------------------
|             INITIALIZING CANDIDATE TREE SET                      |
--------------------------------------------------------------------
Computing ML distances based on estimated model parameters... 0.004 sec
WARNING: Some pairwise ML distances are too long (saturated)
Computing BIONJ tree...
0.000 seconds
Log-likelihood of BIONJ tree: -5150.876
Generating 98 parsimony trees... 0.153 seconds 7 distinct starting trees
Computing log-likelihood of 7 initial trees ... 0.014 seconds
Optimizing top 7 initial trees with NNI...
Iteration 1 / LogL: -5146.990 / Time: 0h:0m:0s
Estimate model parameters (epsilon = 0.100)
BETTER TREE FOUND at iteration 1: -5146.528
Iteration 2 / LogL: -5148.288 / Time: 0h:0m:0s
Iteration 3 / LogL: -5148.703 / Time: 0h:0m:0s
Iteration 4 / LogL: -5148.704 / Time: 0h:0m:0s
Iteration 5 / LogL: -5148.703 / Time: 0h:0m:0s
Iteration 6 / LogL: -5148.703 / Time: 0h:0m:0s
Iteration 7 / LogL: -5148.704 / Time: 0h:0m:0s
Average CPU time for 1 NNI search: 0.022
Finish initializing candidate tree set. Number of distinct locally optimal trees: 4
Current best tree score: -5146.528 / CPU time: 0.316
--------------------------------------------------------------------
|               OPTIMIZING CANDIDATE TREE SET                      |
--------------------------------------------------------------------
Iteration 10 / LogL: -5151.204 / Time: 0h:0m:0s
Estimate model parameters (epsilon = 0.010)
BETTER TREE FOUND at iteration 14: -5146.392
Iteration 20 / LogL: -5148.170 / Time: 0h:0m:0s (0h:0m:4s left)
Estimate model parameters (epsilon = 0.010)
BETTER TREE FOUND at iteration 28: -5146.282
Iteration 30 / LogL: -5146.350 / Time: 0h:0m:1s (0h:0m:4s left)
Iteration 40 / LogL: -5146.751 / Time: 0h:0m:1s (0h:0m:3s left)
Iteration 50 / LogL: -5147.371 / Time: 0h:0m:1s (0h:0m:3s left)
Iteration 60 / LogL: -5146.288 / Time: 0h:0m:2s (0h:0m:2s left)
Iteration 70 / LogL: -5146.498 / Time: 0h:0m:2s (0h:0m:2s left)
Iteration 80 / LogL: -5146.358 / Time: 0h:0m:2s (0h:0m:1s left)
Iteration 90 / LogL: -5159.437 / Time: 0h:0m:3s (0h:0m:1s left)
Iteration 100 / LogL: -5159.676 / Time: 0h:0m:3s (0h:0m:1s left)
Iteration 110 / LogL: -5146.318 / Time: 0h:0m:3s (0h:0m:0s left)
Iteration 120 / LogL: -5151.635 / Time: 0h:0m:4s (0h:0m:0s left)
TREE SEARCH COMPLETED AFTER 128 ITERATIONS / Time: 0h:0m:4s

--------------------------------------------------------------------
|                    FINALIZING TREE SEARCH                        |
--------------------------------------------------------------------
Performs final model parameters optimization
Estimate model parameters (epsilon = 0.010)
1. Initial log-likelihood: -5146.282
Optimal log-likelihood: -5146.279
Rate parameters:  A-C: 1.309  A-G: 1.283  A-T: 0.848  C-G: 0.885  C-T: 1.038  G-T: 1.000
Base frequencies:   A: 0.235  C: 0.281  G: 0.239  T: 0.245
Gamma shape alpha: 3.853
Parameters optimization took 1 rounds (0.007 sec)
BEST SCORE FOUND : -5146.279

Testing tree branches by SH-like aLRT with 1000 replicates...
CPU Time used:  0.128 sec.
Total tree length: 10.169

Total number of iterations: 128
CPU time used for tree search: 4.496 sec (0h:0m:4s)
Wall-clock time used for tree search: 4.497 sec (0h:0m:4s)
Total CPU time used: 4.716 sec (0h:0m:4s)
Total wall-clock time used: 4.721 sec (0h:0m:4s)

Analysis results written to: 
  IQ-TREE report:                ../simulations/data_D10T0L20I10T10//S/92_pruned.fasta.iqtree
  Maximum-likelihood tree:       ../simulations/data_D10T0L20I10T10//S/92_pruned.fasta.treefile
  Likelihood distances:          ../simulations/data_D10T0L20I10T10//S/92_pruned.fasta.mldist
  Screen log file:               ../simulations/data_D10T0L20I10T10//S/92_pruned.fasta.log

Date and Time: Sun Jun  3 23:34:27 2018
