IQ-TREE version 1.4.2 for Linux 64-bit built Apr 15 2016
Copyright (c) 2011-2015 Nguyen Lam Tung, Olga Chernomor, Arndt von Haeseler and Bui Quang Minh.

Host:    meduse (AVX2, FMA3, 7 GB RAM)
Command: iqtree -s ../simulations/data_D10T0L20I10T10//S/939_pruned.fasta -m GTR+G -alrt 1000 -redo
Seed:    73962 (Using SPRNG - Scalable Parallel Random Number Generator)
Time:    Fri Jun  1 10:57:53 2018
Kernel:  AVX

NOTE: Consider using the multicore version because your CPU has 4 cores!

Reading alignment file ../simulations/data_D10T0L20I10T10//S/939_pruned.fasta ... Fasta format detected
Alignment most likely contains DNA/RNA sequences
Alignment has 26 sequences with 300 columns and 181 patterns (159 informative sites)
          Gap/Ambiguity  Composition  p-value
   1  n289_290    0.00%    passed     93.14%
   2  n294_295    0.00%    passed     89.79%
   3  n295_296    0.00%    passed     89.56%
   4  n266_267    0.00%    passed     87.24%
   5  n299_300    0.00%    passed     64.51%
   6  n298_299    0.00%    passed     91.71%
   7  n290_291    0.00%    passed     93.37%
   8  n274_275    0.00%    passed     53.86%
   9  n251_252    0.00%    passed     48.98%
  10  n293_294    0.00%    passed     86.61%
  11  n265_266    0.00%    passed     93.33%
  12  n296_297    0.00%    passed     84.08%
  13  n300_301    0.00%    passed     67.04%
  14  n244_245    0.00%    passed     42.69%
  15  n278_279    0.00%    passed     67.71%
  16  n287_288    0.00%    passed     95.55%
  17  n200_201    0.00%    passed     98.06%
  18  n277_278    0.00%    passed     56.09%
  19  n297_298    0.00%    passed     86.10%
  20  n236_237    0.00%    passed     84.49%
  21  n280_281    0.00%    passed     67.71%
  22  n285_286    0.00%    passed     58.88%
  23  n275_276    0.00%    passed     89.79%
  24  n255_256    0.00%    passed     78.46%
  25  n292_293    0.00%    passed     71.71%
  26  n286_287    0.00%    passed     61.68%
****  TOTAL       0.00%  0 sequences failed composition chi2 test (p-value<5%; df=3)

Create initial parsimony tree by phylogenetic likelihood library (PLL)... 0.001 seconds

NOTE: 0 MB RAM is required!
Estimate model parameters (epsilon = 0.100)
1. Initial log-likelihood: -2066.567
2. Current log-likelihood: -2027.009
3. Current log-likelihood: -2026.451
Optimal log-likelihood: -2026.446
Rate parameters:  A-C: 1.269  A-G: 1.411  A-T: 1.349  C-G: 1.077  C-T: 1.118  G-T: 1.000
Base frequencies:   A: 0.241  C: 0.252  G: 0.234  T: 0.273
Gamma shape alpha: 14.555
Parameters optimization took 3 rounds (0.028 sec)
--------------------------------------------------------------------
|             INITIALIZING CANDIDATE TREE SET                      |
--------------------------------------------------------------------
Computing ML distances based on estimated model parameters... 0.004 sec
Computing BIONJ tree...
0.000 seconds
Log-likelihood of BIONJ tree: -2026.446
Generating 98 parsimony trees... 0.115 seconds 64 distinct starting trees
Computing log-likelihood of 64 initial trees ... 0.120 seconds
Optimizing top 20 initial trees with NNI...
Iteration 1 / LogL: -2026.446 / Time: 0h:0m:0s
Estimate model parameters (epsilon = 0.100)
BETTER SCORE FOUND at iteration 1: -2026.443
Iteration 2 / LogL: -2026.445 / Time: 0h:0m:0s
Iteration 3 / LogL: -2026.446 / Time: 0h:0m:0s
Iteration 4 / LogL: -2026.446 / Time: 0h:0m:0s
Iteration 5 / LogL: -2026.446 / Time: 0h:0m:0s
Iteration 6 / LogL: -2026.446 / Time: 0h:0m:0s
Iteration 7 / LogL: -2026.446 / Time: 0h:0m:0s
Iteration 8 / LogL: -2026.446 / Time: 0h:0m:0s
Iteration 9 / LogL: -2026.446 / Time: 0h:0m:0s
Iteration 10 / LogL: -2026.446 / Time: 0h:0m:0s
Iteration 11 / LogL: -2026.446 / Time: 0h:0m:0s
Iteration 12 / LogL: -2026.446 / Time: 0h:0m:0s
Iteration 13 / LogL: -2026.446 / Time: 0h:0m:0s
Iteration 14 / LogL: -2026.446 / Time: 0h:0m:0s
Iteration 15 / LogL: -2026.446 / Time: 0h:0m:0s
Iteration 16 / LogL: -2026.446 / Time: 0h:0m:0s
Iteration 17 / LogL: -2026.446 / Time: 0h:0m:0s
Iteration 18 / LogL: -2026.446 / Time: 0h:0m:0s
Iteration 19 / LogL: -2026.446 / Time: 0h:0m:0s
Iteration 20 / LogL: -2026.446 / Time: 0h:0m:0s
Average CPU time for 1 NNI search: 0.005
Finish initializing candidate tree set. Number of distinct locally optimal trees: 20
Current best tree score: -2026.443 / CPU time: 0.324
--------------------------------------------------------------------
|               OPTIMIZING CANDIDATE TREE SET                      |
--------------------------------------------------------------------
Iteration 30 / LogL: -2026.446 / Time: 0h:0m:0s (0h:0m:1s left)
Iteration 40 / LogL: -2026.449 / Time: 0h:0m:0s (0h:0m:0s left)
Iteration 50 / LogL: -2026.444 / Time: 0h:0m:0s (0h:0m:0s left)
Iteration 60 / LogL: -2026.446 / Time: 0h:0m:0s (0h:0m:0s left)
Iteration 70 / LogL: -2049.039 / Time: 0h:0m:1s (0h:0m:0s left)
Iteration 80 / LogL: -2030.709 / Time: 0h:0m:1s (0h:0m:0s left)
Iteration 90 / LogL: -2047.314 / Time: 0h:0m:1s (0h:0m:0s left)
Iteration 100 / LogL: -2031.535 / Time: 0h:0m:1s (0h:0m:0s left)
TREE SEARCH COMPLETED AFTER 101 ITERATIONS / Time: 0h:0m:1s

--------------------------------------------------------------------
|                    FINALIZING TREE SEARCH                        |
--------------------------------------------------------------------
Performs final model parameters optimization
Estimate model parameters (epsilon = 0.010)
1. Initial log-likelihood: -2026.443
Optimal log-likelihood: -2026.443
Rate parameters:  A-C: 1.263  A-G: 1.399  A-T: 1.341  C-G: 1.070  C-T: 1.112  G-T: 1.000
Base frequencies:   A: 0.241  C: 0.252  G: 0.234  T: 0.273
Gamma shape alpha: 14.604
Parameters optimization took 1 rounds (0.005 sec)
BEST SCORE FOUND : -2026.443

Testing tree branches by SH-like aLRT with 1000 replicates...
CPU Time used:  0.104 sec.
Total tree length: 1.166

Total number of iterations: 101
CPU time used for tree search: 1.452 sec (0h:0m:1s)
Wall-clock time used for tree search: 1.453 sec (0h:0m:1s)
Total CPU time used: 1.604 sec (0h:0m:1s)
Total wall-clock time used: 1.616 sec (0h:0m:1s)

Analysis results written to: 
  IQ-TREE report:                ../simulations/data_D10T0L20I10T10//S/939_pruned.fasta.iqtree
  Maximum-likelihood tree:       ../simulations/data_D10T0L20I10T10//S/939_pruned.fasta.treefile
  Likelihood distances:          ../simulations/data_D10T0L20I10T10//S/939_pruned.fasta.mldist
  Screen log file:               ../simulations/data_D10T0L20I10T10//S/939_pruned.fasta.log

Date and Time: Fri Jun  1 10:57:54 2018
