IQ-TREE version 1.4.2 for Linux 64-bit built Apr 15 2016
Copyright (c) 2011-2015 Nguyen Lam Tung, Olga Chernomor, Arndt von Haeseler and Bui Quang Minh.

Host:    meduse (AVX2, FMA3, 7 GB RAM)
Command: iqtree -s ../simulations/data_D8T0L15I8T8//S/93_pruned.fasta -m GTR+G -alrt 1000 -redo
Seed:    352514 (Using SPRNG - Scalable Parallel Random Number Generator)
Time:    Fri May 25 22:48:56 2018
Kernel:  AVX

NOTE: Consider using the multicore version because your CPU has 4 cores!

Reading alignment file ../simulations/data_D8T0L15I8T8//S/93_pruned.fasta ... Fasta format detected
Alignment most likely contains DNA/RNA sequences
Alignment has 23 sequences with 300 columns and 147 patterns (146 informative sites)
          Gap/Ambiguity  Composition  p-value
   1  n297_256    0.00%    passed     92.74%
   2  n280_241    0.00%    passed     74.82%
   3  n244_211    0.00%    passed     84.00%
   4  n277_238    0.00%    passed     93.07%
   5  n300_259    0.00%    passed     83.45%
   6  n275_236    0.00%    passed     93.14%
   7  n236_203    0.00%    passed     93.06%
   8  n251_216    0.00%    passed     82.97%
   9  n294_253    0.00%    passed     92.74%
  10  n290_249    0.00%    passed     98.97%
  11  n278_239    0.00%    passed     87.96%
  12  n298_257    0.00%    passed     92.74%
  13  n255_220    0.00%    passed     56.99%
  14  n296_255    0.00%    passed     98.97%
  15  n293_252    0.00%    passed     87.23%
  16  n299_258    0.00%    passed     83.45%
  17  n200_171    0.00%    passed     96.86%
  18  n274_235    0.00%    passed     83.67%
  19  n244_213    0.00%    passed     98.72%
  20  n295_254    0.00%    passed     96.86%
  21  n287_246    0.00%    passed     95.17%
  22  n289_248    0.00%    passed     97.64%
  23  n292_251    0.00%    passed     83.45%
****  TOTAL       0.00%  0 sequences failed composition chi2 test (p-value<5%; df=3)
NOTE: 3 identical sequences (see below) will be ignored for subsequent analysis
NOTE: n298_257 (identical to n297_256) is ignored but added at the end
NOTE: n299_258 (identical to n300_259) is ignored but added at the end
NOTE: n292_251 (identical to n300_259) is ignored but added at the end

Create initial parsimony tree by phylogenetic likelihood library (PLL)... 0.001 seconds

NOTE: 0 MB RAM is required!
Estimate model parameters (epsilon = 0.100)
1. Initial log-likelihood: -1715.272
2. Current log-likelihood: -1674.573
3. Current log-likelihood: -1674.004
Optimal log-likelihood: -1674.003
Rate parameters:  A-C: 1.008  A-G: 1.132  A-T: 1.066  C-G: 0.943  C-T: 1.230  G-T: 1.000
Base frequencies:   A: 0.229  C: 0.245  G: 0.274  T: 0.253
Gamma shape alpha: 998.318
Parameters optimization took 3 rounds (0.023 sec)
--------------------------------------------------------------------
|             INITIALIZING CANDIDATE TREE SET                      |
--------------------------------------------------------------------
Computing ML distances based on estimated model parameters... 0.000 sec
Computing BIONJ tree...
0.000 seconds
Log-likelihood of BIONJ tree: -1674.002
Generating 98 parsimony trees... 0.102 seconds 63 distinct starting trees
Computing log-likelihood of 63 initial trees ... 0.144 seconds
Optimizing top 20 initial trees with NNI...
Iteration 1 / LogL: -1674.002 / Time: 0h:0m:0s
Estimate model parameters (epsilon = 0.100)
BETTER SCORE FOUND at iteration 1: -1674.001
Iteration 2 / LogL: -1674.003 / Time: 0h:0m:0s
Iteration 3 / LogL: -1674.003 / Time: 0h:0m:0s
Iteration 4 / LogL: -1674.003 / Time: 0h:0m:0s
Iteration 5 / LogL: -1674.003 / Time: 0h:0m:0s
Iteration 6 / LogL: -1674.003 / Time: 0h:0m:0s
Iteration 7 / LogL: -1674.003 / Time: 0h:0m:0s
Iteration 8 / LogL: -1674.003 / Time: 0h:0m:0s
Iteration 9 / LogL: -1674.003 / Time: 0h:0m:0s
Iteration 10 / LogL: -1674.003 / Time: 0h:0m:0s
Iteration 11 / LogL: -1674.003 / Time: 0h:0m:0s
Iteration 12 / LogL: -1674.003 / Time: 0h:0m:0s
Iteration 13 / LogL: -1674.003 / Time: 0h:0m:0s
Iteration 14 / LogL: -1674.003 / Time: 0h:0m:0s
Iteration 15 / LogL: -1674.003 / Time: 0h:0m:0s
Iteration 16 / LogL: -1674.003 / Time: 0h:0m:0s
Iteration 17 / LogL: -1674.003 / Time: 0h:0m:0s
Iteration 18 / LogL: -1674.003 / Time: 0h:0m:0s
Iteration 19 / LogL: -1674.003 / Time: 0h:0m:0s
Iteration 20 / LogL: -1674.003 / Time: 0h:0m:0s
Average CPU time for 1 NNI search: 0.005
Finish initializing candidate tree set. Number of distinct locally optimal trees: 20
Current best tree score: -1674.001 / CPU time: 0.332
--------------------------------------------------------------------
|               OPTIMIZING CANDIDATE TREE SET                      |
--------------------------------------------------------------------
Iteration 30 / LogL: -2059.586 / Time: 0h:0m:0s (0h:0m:1s left)
Iteration 40 / LogL: -1686.243 / Time: 0h:0m:0s (0h:0m:1s left)
Iteration 50 / LogL: -1674.008 / Time: 0h:0m:0s (0h:0m:0s left)
Iteration 60 / LogL: -1674.002 / Time: 0h:0m:0s (0h:0m:0s left)
Iteration 70 / LogL: -1674.008 / Time: 0h:0m:1s (0h:0m:0s left)
Iteration 80 / LogL: -1793.411 / Time: 0h:0m:1s (0h:0m:0s left)
Iteration 90 / LogL: -1674.009 / Time: 0h:0m:1s (0h:0m:0s left)
Iteration 100 / LogL: -1674.002 / Time: 0h:0m:1s (0h:0m:0s left)
TREE SEARCH COMPLETED AFTER 101 ITERATIONS / Time: 0h:0m:1s

--------------------------------------------------------------------
|                    FINALIZING TREE SEARCH                        |
--------------------------------------------------------------------
Performs final model parameters optimization
Estimate model parameters (epsilon = 0.010)
1. Initial log-likelihood: -1674.001
Optimal log-likelihood: -1674.000
Rate parameters:  A-C: 1.012  A-G: 1.137  A-T: 1.071  C-G: 0.946  C-T: 1.235  G-T: 1.000
Base frequencies:   A: 0.229  C: 0.245  G: 0.274  T: 0.253
Gamma shape alpha: 998.318
Parameters optimization took 1 rounds (0.004 sec)
BEST SCORE FOUND : -1674.000

Testing tree branches by SH-like aLRT with 1000 replicates...
CPU Time used:  0.132 sec.
Total tree length: 0.955

Total number of iterations: 101
CPU time used for tree search: 1.396 sec (0h:0m:1s)
Wall-clock time used for tree search: 1.405 sec (0h:0m:1s)
Total CPU time used: 1.576 sec (0h:0m:1s)
Total wall-clock time used: 1.586 sec (0h:0m:1s)

Analysis results written to: 
  IQ-TREE report:                ../simulations/data_D8T0L15I8T8//S/93_pruned.fasta.iqtree
  Maximum-likelihood tree:       ../simulations/data_D8T0L15I8T8//S/93_pruned.fasta.treefile
  Likelihood distances:          ../simulations/data_D8T0L15I8T8//S/93_pruned.fasta.mldist
  Screen log file:               ../simulations/data_D8T0L15I8T8//S/93_pruned.fasta.log

Date and Time: Fri May 25 22:48:57 2018
