IQ-TREE version 1.4.2 for Linux 64-bit built Apr 15 2016
Copyright (c) 2011-2015 Nguyen Lam Tung, Olga Chernomor, Arndt von Haeseler and Bui Quang Minh.

Host:    meduse (AVX2, FMA3, 7 GB RAM)
Command: iqtree -s ../simulations/data_D10T0L20I10T10//S/943_pruned.fasta -m GTR+G -alrt 1000 -redo
Seed:    683258 (Using SPRNG - Scalable Parallel Random Number Generator)
Time:    Sun Jun  3 23:33:02 2018
Kernel:  AVX

NOTE: Consider using the multicore version because your CPU has 4 cores!

Reading alignment file ../simulations/data_D10T0L20I10T10//S/943_pruned.fasta ... Fasta format detected
Alignment most likely contains DNA/RNA sequences
Alignment has 26 sequences with 300 columns and 300 patterns (294 informative sites)
          Gap/Ambiguity  Composition  p-value
   1  n277_278    0.00%    passed     21.00%
   2  n286_287    0.00%    passed     23.36%
   3  n296_297    0.00%    passed     36.87%
   4  n285_286    0.00%    passed     52.86%
   5  n289_290    0.00%    passed     53.52%
   6  n274_275    0.00%    passed     25.46%
   7  n255_256    0.00%    passed     96.83%
   8  n275_276    0.00%    passed     31.76%
   9  n278_279    0.00%    passed     39.01%
  10  n299_300    0.00%    passed     63.61%
  11  n236_237    0.00%    passed     51.53%
  12  n293_294    0.00%    passed     72.32%
  13  n290_291    0.00%    passed     43.42%
  14  n297_298    0.00%    passed     90.48%
  15  n200_201    0.00%    passed     55.38%
  16  n292_293    0.00%    passed     66.19%
  17  n280_281    0.00%    passed     33.83%
  18  n295_296    0.00%    passed     50.72%
  19  n287_288    0.00%    passed     43.74%
  20  n244_245    0.00%    passed     41.34%
  21  n265_266    0.00%    passed     25.89%
  22  n266_267    0.00%    passed     44.72%
  23  n294_295    0.00%    passed     48.15%
  24  n251_252    0.00%    passed     95.30%
  25  n298_299    0.00%    passed     77.58%
  26  n300_301    0.00%    passed     67.86%
****  TOTAL       0.00%  0 sequences failed composition chi2 test (p-value<5%; df=3)

Create initial parsimony tree by phylogenetic likelihood library (PLL)... 0.001 seconds

NOTE: 1 MB RAM is required!
Estimate model parameters (epsilon = 0.100)
1. Initial log-likelihood: -5349.961
2. Current log-likelihood: -5243.984
3. Current log-likelihood: -5225.465
4. Current log-likelihood: -5221.820
5. Current log-likelihood: -5221.019
6. Current log-likelihood: -5220.855
Optimal log-likelihood: -5220.769
Rate parameters:  A-C: 1.215  A-G: 1.038  A-T: 0.939  C-G: 0.814  C-T: 1.318  G-T: 1.000
Base frequencies:   A: 0.221  C: 0.262  G: 0.263  T: 0.254
Gamma shape alpha: 7.072
Parameters optimization took 6 rounds (0.070 sec)
--------------------------------------------------------------------
|             INITIALIZING CANDIDATE TREE SET                      |
--------------------------------------------------------------------
Computing ML distances based on estimated model parameters... 0.000 sec
WARNING: Some pairwise ML distances are too long (saturated)
Computing BIONJ tree...
0.001 seconds
Log-likelihood of BIONJ tree: -5239.157
Generating 98 parsimony trees... 0.141 seconds 3 distinct starting trees
Computing log-likelihood of 3 initial trees ... 0.003 seconds
Optimizing top 3 initial trees with NNI...
Iteration 1 / LogL: -5219.929 / Time: 0h:0m:0s
Estimate model parameters (epsilon = 0.100)
BETTER TREE FOUND at iteration 1: -5219.593
Iteration 2 / LogL: -5219.630 / Time: 0h:0m:0s
Iteration 3 / LogL: -5219.424 / Time: 0h:0m:0s
Estimate model parameters (epsilon = 0.100)
BETTER TREE FOUND at iteration 3: -5219.406
Average CPU time for 1 NNI search: 0.024
Finish initializing candidate tree set. Number of distinct locally optimal trees: 3
Current best tree score: -5219.406 / CPU time: 0.212
--------------------------------------------------------------------
|               OPTIMIZING CANDIDATE TREE SET                      |
--------------------------------------------------------------------
Iteration 10 / LogL: -5219.386 / Time: 0h:0m:0s
Estimate model parameters (epsilon = 0.010)
BETTER TREE FOUND at iteration 10: -5219.334
Iteration 20 / LogL: -5219.548 / Time: 0h:0m:0s (0h:0m:3s left)
Iteration 30 / LogL: -5219.786 / Time: 0h:0m:1s (0h:0m:3s left)
Estimate model parameters (epsilon = 0.010)
UPDATE BEST LOG-LIKELIHOOD: -5219.156
Iteration 40 / LogL: -5223.247 / Time: 0h:0m:1s (0h:0m:2s left)
Iteration 50 / LogL: -5219.472 / Time: 0h:0m:1s (0h:0m:2s left)
Iteration 60 / LogL: -5226.933 / Time: 0h:0m:2s (0h:0m:1s left)
Iteration 70 / LogL: -5219.933 / Time: 0h:0m:2s (0h:0m:1s left)
Iteration 80 / LogL: -5223.161 / Time: 0h:0m:2s (0h:0m:1s left)
Iteration 90 / LogL: -5226.474 / Time: 0h:0m:3s (0h:0m:0s left)
Iteration 100 / LogL: -5221.001 / Time: 0h:0m:3s (0h:0m:0s left)
Iteration 110 / LogL: -5223.653 / Time: 0h:0m:3s (0h:0m:0s left)
TREE SEARCH COMPLETED AFTER 110 ITERATIONS / Time: 0h:0m:3s

--------------------------------------------------------------------
|                    FINALIZING TREE SEARCH                        |
--------------------------------------------------------------------
Performs final model parameters optimization
Estimate model parameters (epsilon = 0.010)
1. Initial log-likelihood: -5219.156
Optimal log-likelihood: -5219.155
Rate parameters:  A-C: 1.232  A-G: 1.051  A-T: 0.937  C-G: 0.817  C-T: 1.353  G-T: 1.000
Base frequencies:   A: 0.221  C: 0.262  G: 0.263  T: 0.254
Gamma shape alpha: 6.924
Parameters optimization took 1 rounds (0.006 sec)
BEST SCORE FOUND : -5219.155

Testing tree branches by SH-like aLRT with 1000 replicates...
CPU Time used:  0.124 sec.
Total tree length: 8.906

Total number of iterations: 110
CPU time used for tree search: 3.556 sec (0h:0m:3s)
Wall-clock time used for tree search: 3.560 sec (0h:0m:3s)
Total CPU time used: 3.808 sec (0h:0m:3s)
Total wall-clock time used: 3.815 sec (0h:0m:3s)

Analysis results written to: 
  IQ-TREE report:                ../simulations/data_D10T0L20I10T10//S/943_pruned.fasta.iqtree
  Maximum-likelihood tree:       ../simulations/data_D10T0L20I10T10//S/943_pruned.fasta.treefile
  Likelihood distances:          ../simulations/data_D10T0L20I10T10//S/943_pruned.fasta.mldist
  Screen log file:               ../simulations/data_D10T0L20I10T10//S/943_pruned.fasta.log

Date and Time: Sun Jun  3 23:33:06 2018
