IQ-TREE version 1.4.2 for Linux 64-bit built Apr 15 2016
Copyright (c) 2011-2015 Nguyen Lam Tung, Olga Chernomor, Arndt von Haeseler and Bui Quang Minh.

Host:    meduse (AVX2, FMA3, 7 GB RAM)
Command: iqtree -s ../simulations/data_D10T0L20I10T10//S/945_pruned.fasta -m GTR+G -alrt 1000 -redo
Seed:    702159 (Using SPRNG - Scalable Parallel Random Number Generator)
Time:    Sun Jun  3 23:10:15 2018
Kernel:  AVX

NOTE: Consider using the multicore version because your CPU has 4 cores!

Reading alignment file ../simulations/data_D10T0L20I10T10//S/945_pruned.fasta ... Fasta format detected
Alignment most likely contains DNA/RNA sequences
Alignment has 26 sequences with 300 columns and 299 patterns (295 informative sites)
          Gap/Ambiguity  Composition  p-value
   1  n277_278    0.00%    passed     71.85%
   2  n286_287    0.00%    failed      2.25%
   3  n296_297    0.00%    passed     34.50%
   4  n285_286    0.00%    failed      1.27%
   5  n289_290    0.00%    passed     23.51%
   6  n274_275    0.00%    passed     52.32%
   7  n255_256    0.00%    passed      8.04%
   8  n275_276    0.00%    passed     15.97%
   9  n278_279    0.00%    passed     92.35%
  10  n299_300    0.00%    passed     74.28%
  11  n236_237    0.00%    passed     71.89%
  12  n293_294    0.00%    passed     47.51%
  13  n290_291    0.00%    passed     40.43%
  14  n297_298    0.00%    passed     49.89%
  15  n200_201    0.00%    passed     59.71%
  16  n292_293    0.00%    passed     42.68%
  17  n280_281    0.00%    passed     54.36%
  18  n295_296    0.00%    passed     57.98%
  19  n287_288    0.00%    passed     27.86%
  20  n244_245    0.00%    passed     34.73%
  21  n265_266    0.00%    passed      7.13%
  22  n266_267    0.00%    passed     28.47%
  23  n294_295    0.00%    passed     31.35%
  24  n251_252    0.00%    passed     31.61%
  25  n298_299    0.00%    passed     58.76%
  26  n300_301    0.00%    passed     62.28%
****  TOTAL       0.00%  2 sequences failed composition chi2 test (p-value<5%; df=3)

Create initial parsimony tree by phylogenetic likelihood library (PLL)... 0.002 seconds

NOTE: 1 MB RAM is required!
Estimate model parameters (epsilon = 0.100)
1. Initial log-likelihood: -5265.192
2. Current log-likelihood: -5170.012
3. Current log-likelihood: -5152.944
4. Current log-likelihood: -5149.535
5. Current log-likelihood: -5148.596
6. Current log-likelihood: -5148.205
7. Current log-likelihood: -5148.026
Optimal log-likelihood: -5147.948
Rate parameters:  A-C: 1.062  A-G: 1.119  A-T: 0.851  C-G: 0.780  C-T: 1.658  G-T: 1.000
Base frequencies:   A: 0.243  C: 0.261  G: 0.262  T: 0.234
Gamma shape alpha: 6.526
Parameters optimization took 7 rounds (0.089 sec)
--------------------------------------------------------------------
|             INITIALIZING CANDIDATE TREE SET                      |
--------------------------------------------------------------------
Computing ML distances based on estimated model parameters... 0.000 sec
WARNING: Some pairwise ML distances are too long (saturated)
Computing BIONJ tree...
0.000 seconds
Log-likelihood of BIONJ tree: -5156.935
Generating 98 parsimony trees... 0.151 seconds 3 distinct starting trees
Computing log-likelihood of 3 initial trees ... 0.003 seconds
Optimizing top 3 initial trees with NNI...
Iteration 1 / LogL: -5147.439 / Time: 0h:0m:0s
Estimate model parameters (epsilon = 0.100)
BETTER TREE FOUND at iteration 1: -5147.415
Iteration 2 / LogL: -5147.666 / Time: 0h:0m:0s
Iteration 3 / LogL: -5147.539 / Time: 0h:0m:0s
Average CPU time for 1 NNI search: 0.017
Finish initializing candidate tree set. Number of distinct locally optimal trees: 2
Current best tree score: -5147.415 / CPU time: 0.204
--------------------------------------------------------------------
|               OPTIMIZING CANDIDATE TREE SET                      |
--------------------------------------------------------------------
Iteration 10 / LogL: -5156.994 / Time: 0h:0m:0s
Iteration 20 / LogL: -5147.505 / Time: 0h:0m:0s (0h:0m:4s left)
Iteration 30 / LogL: -5147.536 / Time: 0h:0m:1s (0h:0m:3s left)
Iteration 40 / LogL: -5148.113 / Time: 0h:0m:1s (0h:0m:2s left)
Iteration 50 / LogL: -5148.576 / Time: 0h:0m:2s (0h:0m:2s left)
Iteration 60 / LogL: -5148.514 / Time: 0h:0m:2s (0h:0m:1s left)
Iteration 70 / LogL: -5155.103 / Time: 0h:0m:2s (0h:0m:1s left)
Iteration 80 / LogL: -5147.526 / Time: 0h:0m:3s (0h:0m:0s left)
Iteration 90 / LogL: -5147.676 / Time: 0h:0m:3s (0h:0m:0s left)
Iteration 100 / LogL: -5147.448 / Time: 0h:0m:4s (0h:0m:0s left)
TREE SEARCH COMPLETED AFTER 101 ITERATIONS / Time: 0h:0m:4s

--------------------------------------------------------------------
|                    FINALIZING TREE SEARCH                        |
--------------------------------------------------------------------
Performs final model parameters optimization
Estimate model parameters (epsilon = 0.010)
1. Initial log-likelihood: -5147.415
Optimal log-likelihood: -5147.408
Rate parameters:  A-C: 1.061  A-G: 1.105  A-T: 0.856  C-G: 0.779  C-T: 1.668  G-T: 1.000
Base frequencies:   A: 0.243  C: 0.261  G: 0.262  T: 0.234
Gamma shape alpha: 6.642
Parameters optimization took 1 rounds (0.007 sec)
BEST SCORE FOUND : -5147.408

Testing tree branches by SH-like aLRT with 1000 replicates...
CPU Time used:  0.128 sec.
Total tree length: 8.771

Total number of iterations: 101
CPU time used for tree search: 3.992 sec (0h:0m:3s)
Wall-clock time used for tree search: 3.996 sec (0h:0m:3s)
Total CPU time used: 4.260 sec (0h:0m:4s)
Total wall-clock time used: 4.262 sec (0h:0m:4s)

Analysis results written to: 
  IQ-TREE report:                ../simulations/data_D10T0L20I10T10//S/945_pruned.fasta.iqtree
  Maximum-likelihood tree:       ../simulations/data_D10T0L20I10T10//S/945_pruned.fasta.treefile
  Likelihood distances:          ../simulations/data_D10T0L20I10T10//S/945_pruned.fasta.mldist
  Screen log file:               ../simulations/data_D10T0L20I10T10//S/945_pruned.fasta.log

Date and Time: Sun Jun  3 23:10:19 2018
