IQ-TREE version 1.4.2 for Linux 64-bit built Apr 15 2016
Copyright (c) 2011-2015 Nguyen Lam Tung, Olga Chernomor, Arndt von Haeseler and Bui Quang Minh.

Host:    meduse (AVX2, FMA3, 7 GB RAM)
Command: iqtree -s ../simulations/data_D10T0L20I10T10//S/947_pruned.fasta -m GTR+G -alrt 1000 -redo
Seed:    149446 (Using SPRNG - Scalable Parallel Random Number Generator)
Time:    Sun Jun  3 23:10:42 2018
Kernel:  AVX

NOTE: Consider using the multicore version because your CPU has 4 cores!

Reading alignment file ../simulations/data_D10T0L20I10T10//S/947_pruned.fasta ... Fasta format detected
Alignment most likely contains DNA/RNA sequences
Alignment has 26 sequences with 300 columns and 300 patterns (297 informative sites)
          Gap/Ambiguity  Composition  p-value
   1  n300_269    0.00%    passed     80.29%
   2  n278_247    0.00%    passed     97.38%
   3  n294_263    0.00%    passed     54.26%
   4  n255_224    0.00%    passed     21.27%
   5  n286_255    0.00%    passed     24.00%
   6  n289_258    0.00%    passed     84.70%
   7  n290_259    0.00%    passed     79.00%
   8  n280_249    0.00%    passed     29.42%
   9  n285_254    0.00%    passed     41.76%
  10  n299_268    0.00%    passed     74.72%
  11  n236_209    0.00%    passed     76.75%
  12  n251_220    0.00%    passed     89.81%
  13  n298_267    0.00%    passed     57.46%
  14  n293_262    0.00%    passed     65.50%
  15  n277_246    0.00%    passed     93.70%
  16  n266_235    0.00%    passed     33.89%
  17  n292_261    0.00%    passed     67.97%
  18  n275_244    0.00%    passed     98.00%
  19  n265_234    0.00%    passed     79.28%
  20  n297_266    0.00%    passed     53.58%
  21  n244_215    0.00%    passed     48.15%
  22  n287_256    0.00%    passed     62.33%
  23  n295_264    0.00%    passed     98.21%
  24  n200_177    0.00%    passed     51.61%
  25  n296_265    0.00%    passed     97.37%
  26  n274_243    0.00%    passed     82.40%
****  TOTAL       0.00%  0 sequences failed composition chi2 test (p-value<5%; df=3)

Create initial parsimony tree by phylogenetic likelihood library (PLL)... 0.001 seconds

NOTE: 1 MB RAM is required!
Estimate model parameters (epsilon = 0.100)
1. Initial log-likelihood: -5219.200
2. Current log-likelihood: -5121.875
3. Current log-likelihood: -5103.590
4. Current log-likelihood: -5100.675
5. Current log-likelihood: -5100.097
Optimal log-likelihood: -5099.994
Rate parameters:  A-C: 1.325  A-G: 1.085  A-T: 0.992  C-G: 0.945  C-T: 1.191  G-T: 1.000
Base frequencies:   A: 0.241  C: 0.270  G: 0.242  T: 0.248
Gamma shape alpha: 5.213
Parameters optimization took 5 rounds (0.071 sec)
--------------------------------------------------------------------
|             INITIALIZING CANDIDATE TREE SET                      |
--------------------------------------------------------------------
Computing ML distances based on estimated model parameters... 0.004 sec
WARNING: Some pairwise ML distances are too long (saturated)
Computing BIONJ tree...
0.001 seconds
Log-likelihood of BIONJ tree: -5107.195
Generating 98 parsimony trees... 0.164 seconds 13 distinct starting trees
Computing log-likelihood of 13 initial trees ... 0.035 seconds
Optimizing top 13 initial trees with NNI...
Iteration 1 / LogL: -5099.875 / Time: 0h:0m:0s
Estimate model parameters (epsilon = 0.100)
BETTER TREE FOUND at iteration 1: -5099.825
Iteration 2 / LogL: -5099.905 / Time: 0h:0m:0s
Iteration 3 / LogL: -5099.906 / Time: 0h:0m:0s
Iteration 4 / LogL: -5099.849 / Time: 0h:0m:0s
Iteration 5 / LogL: -5099.849 / Time: 0h:0m:0s
Iteration 6 / LogL: -5099.849 / Time: 0h:0m:0s
Iteration 7 / LogL: -5099.959 / Time: 0h:0m:0s
Iteration 8 / LogL: -5099.959 / Time: 0h:0m:0s
Iteration 9 / LogL: -5099.960 / Time: 0h:0m:0s
Iteration 10 / LogL: -5099.851 / Time: 0h:0m:0s
Iteration 11 / LogL: -5099.851 / Time: 0h:0m:0s
Iteration 12 / LogL: -5099.851 / Time: 0h:0m:0s
Iteration 13 / LogL: -5099.857 / Time: 0h:0m:0s
Average CPU time for 1 NNI search: 0.016
Finish initializing candidate tree set. Number of distinct locally optimal trees: 3
Current best tree score: -5099.825 / CPU time: 0.404
--------------------------------------------------------------------
|               OPTIMIZING CANDIDATE TREE SET                      |
--------------------------------------------------------------------
Iteration 20 / LogL: -5115.018 / Time: 0h:0m:0s (0h:0m:3s left)
Iteration 30 / LogL: -5102.025 / Time: 0h:0m:1s (0h:0m:2s left)
Iteration 40 / LogL: -5103.871 / Time: 0h:0m:1s (0h:0m:2s left)
Iteration 50 / LogL: -5099.826 / Time: 0h:0m:1s (0h:0m:1s left)
Iteration 60 / LogL: -5100.169 / Time: 0h:0m:2s (0h:0m:1s left)
Iteration 70 / LogL: -5102.063 / Time: 0h:0m:2s (0h:0m:1s left)
Iteration 80 / LogL: -5100.224 / Time: 0h:0m:2s (0h:0m:0s left)
Iteration 90 / LogL: -5106.611 / Time: 0h:0m:3s (0h:0m:0s left)
Iteration 100 / LogL: -5113.765 / Time: 0h:0m:3s (0h:0m:0s left)
TREE SEARCH COMPLETED AFTER 101 ITERATIONS / Time: 0h:0m:3s

--------------------------------------------------------------------
|                    FINALIZING TREE SEARCH                        |
--------------------------------------------------------------------
Performs final model parameters optimization
Estimate model parameters (epsilon = 0.010)
1. Initial log-likelihood: -5099.825
Optimal log-likelihood: -5099.817
Rate parameters:  A-C: 1.336  A-G: 1.082  A-T: 0.990  C-G: 0.947  C-T: 1.183  G-T: 1.000
Base frequencies:   A: 0.241  C: 0.270  G: 0.242  T: 0.248
Gamma shape alpha: 5.287
Parameters optimization took 1 rounds (0.008 sec)
BEST SCORE FOUND : -5099.817

Testing tree branches by SH-like aLRT with 1000 replicates...
CPU Time used:  0.128 sec.
Total tree length: 9.158

Total number of iterations: 101
CPU time used for tree search: 3.356 sec (0h:0m:3s)
Wall-clock time used for tree search: 3.362 sec (0h:0m:3s)
Total CPU time used: 3.616 sec (0h:0m:3s)
Total wall-clock time used: 3.620 sec (0h:0m:3s)

Analysis results written to: 
  IQ-TREE report:                ../simulations/data_D10T0L20I10T10//S/947_pruned.fasta.iqtree
  Maximum-likelihood tree:       ../simulations/data_D10T0L20I10T10//S/947_pruned.fasta.treefile
  Likelihood distances:          ../simulations/data_D10T0L20I10T10//S/947_pruned.fasta.mldist
  Screen log file:               ../simulations/data_D10T0L20I10T10//S/947_pruned.fasta.log

Date and Time: Sun Jun  3 23:10:45 2018
