IQ-TREE version 1.4.2 for Linux 64-bit built Apr 15 2016
Copyright (c) 2011-2015 Nguyen Lam Tung, Olga Chernomor, Arndt von Haeseler and Bui Quang Minh.

Host:    meduse (AVX2, FMA3, 7 GB RAM)
Command: iqtree -s ../simulations/data_D10T0L20I10T10//S/948_pruned.fasta -m GTR+G -alrt 1000 -redo
Seed:    32496 (Using SPRNG - Scalable Parallel Random Number Generator)
Time:    Sun Jun  3 23:10:35 2018
Kernel:  AVX

NOTE: Consider using the multicore version because your CPU has 4 cores!

Reading alignment file ../simulations/data_D10T0L20I10T10//S/948_pruned.fasta ... Fasta format detected
Alignment most likely contains DNA/RNA sequences
Alignment has 26 sequences with 300 columns and 298 patterns (296 informative sites)
          Gap/Ambiguity  Composition  p-value
   1  n299_318    0.00%    passed     45.46%
   2  n298_317    0.00%    passed     58.70%
   3  n292_311    0.00%    passed     37.78%
   4  n236_255    0.00%    passed     45.12%
   5  n280_299    0.00%    passed     63.27%
   6  n286_305    0.00%    passed     22.86%
   7  n289_308    0.00%    passed     76.48%
   8  n278_297    0.00%    failed      2.12%
   9  n296_315    0.00%    passed     64.51%
  10  n290_309    0.00%    passed     58.23%
  11  n274_293    0.00%    passed     65.40%
  12  n285_304    0.00%    passed     10.97%
  13  n277_296    0.00%    failed      1.02%
  14  n293_312    0.00%    passed     44.52%
  15  n300_319    0.00%    passed     31.58%
  16  n251_270    0.00%    passed     72.47%
  17  n275_294    0.00%    passed     68.29%
  18  n244_263    0.00%    passed     95.97%
  19  n265_284    0.00%    passed     47.04%
  20  n266_285    0.00%    passed     52.64%
  21  n297_316    0.00%    passed     24.79%
  22  n287_306    0.00%    passed     22.35%
  23  n295_314    0.00%    passed     55.53%
  24  n255_274    0.00%    passed     16.46%
  25  n294_313    0.00%    passed     35.85%
  26  n200_219    0.00%    passed     22.12%
****  TOTAL       0.00%  2 sequences failed composition chi2 test (p-value<5%; df=3)

Create initial parsimony tree by phylogenetic likelihood library (PLL)... 0.001 seconds

NOTE: 1 MB RAM is required!
Estimate model parameters (epsilon = 0.100)
1. Initial log-likelihood: -5284.250
2. Current log-likelihood: -5207.219
3. Current log-likelihood: -5193.756
4. Current log-likelihood: -5190.264
5. Current log-likelihood: -5189.338
6. Current log-likelihood: -5189.096
Optimal log-likelihood: -5189.022
Rate parameters:  A-C: 0.886  A-G: 0.961  A-T: 0.917  C-G: 1.048  C-T: 1.238  G-T: 1.000
Base frequencies:   A: 0.215  C: 0.291  G: 0.243  T: 0.251
Gamma shape alpha: 3.525
Parameters optimization took 6 rounds (0.073 sec)
--------------------------------------------------------------------
|             INITIALIZING CANDIDATE TREE SET                      |
--------------------------------------------------------------------
Computing ML distances based on estimated model parameters... 0.004 sec
WARNING: Some pairwise ML distances are too long (saturated)
Computing BIONJ tree...
0.000 seconds
Log-likelihood of BIONJ tree: -5199.958
Generating 98 parsimony trees... 0.144 seconds 2 distinct starting trees
Computing log-likelihood of 2 initial trees ... 0.000 seconds
Optimizing top 2 initial trees with NNI...
Iteration 1 / LogL: -5188.628 / Time: 0h:0m:0s
Estimate model parameters (epsilon = 0.100)
BETTER TREE FOUND at iteration 1: -5188.595
Iteration 2 / LogL: -5188.620 / Time: 0h:0m:0s
Average CPU time for 1 NNI search: 0.018
Finish initializing candidate tree set. Number of distinct locally optimal trees: 1
Current best tree score: -5188.595 / CPU time: 0.180
--------------------------------------------------------------------
|               OPTIMIZING CANDIDATE TREE SET                      |
--------------------------------------------------------------------
Estimate model parameters (epsilon = 0.010)
BETTER TREE FOUND at iteration 6: -5188.323
Iteration 10 / LogL: -5188.741 / Time: 0h:0m:0s
Iteration 20 / LogL: -5197.961 / Time: 0h:0m:0s (0h:0m:3s left)
Iteration 30 / LogL: -5188.711 / Time: 0h:0m:1s (0h:0m:2s left)
Iteration 40 / LogL: -5198.234 / Time: 0h:0m:1s (0h:0m:2s left)
Iteration 50 / LogL: -5188.823 / Time: 0h:0m:1s (0h:0m:2s left)
Iteration 60 / LogL: -5188.909 / Time: 0h:0m:2s (0h:0m:1s left)
Iteration 70 / LogL: -5190.122 / Time: 0h:0m:2s (0h:0m:1s left)
Iteration 80 / LogL: -5189.252 / Time: 0h:0m:2s (0h:0m:0s left)
Iteration 90 / LogL: -5812.062 / Time: 0h:0m:3s (0h:0m:0s left)
Iteration 100 / LogL: -5192.399 / Time: 0h:0m:3s (0h:0m:0s left)
TREE SEARCH COMPLETED AFTER 106 ITERATIONS / Time: 0h:0m:3s

--------------------------------------------------------------------
|                    FINALIZING TREE SEARCH                        |
--------------------------------------------------------------------
Performs final model parameters optimization
Estimate model parameters (epsilon = 0.010)
1. Initial log-likelihood: -5188.323
Optimal log-likelihood: -5188.322
Rate parameters:  A-C: 0.866  A-G: 0.960  A-T: 0.902  C-G: 1.045  C-T: 1.236  G-T: 1.000
Base frequencies:   A: 0.215  C: 0.291  G: 0.243  T: 0.251
Gamma shape alpha: 3.826
Parameters optimization took 1 rounds (0.007 sec)
BEST SCORE FOUND : -5188.322

Testing tree branches by SH-like aLRT with 1000 replicates...
CPU Time used:  0.124 sec.
Total tree length: 8.918

Total number of iterations: 106
CPU time used for tree search: 3.456 sec (0h:0m:3s)
Wall-clock time used for tree search: 3.471 sec (0h:0m:3s)
Total CPU time used: 3.692 sec (0h:0m:3s)
Total wall-clock time used: 3.709 sec (0h:0m:3s)

Analysis results written to: 
  IQ-TREE report:                ../simulations/data_D10T0L20I10T10//S/948_pruned.fasta.iqtree
  Maximum-likelihood tree:       ../simulations/data_D10T0L20I10T10//S/948_pruned.fasta.treefile
  Likelihood distances:          ../simulations/data_D10T0L20I10T10//S/948_pruned.fasta.mldist
  Screen log file:               ../simulations/data_D10T0L20I10T10//S/948_pruned.fasta.log

Date and Time: Sun Jun  3 23:10:38 2018
