IQ-TREE version 1.4.2 for Linux 64-bit built Apr 15 2016
Copyright (c) 2011-2015 Nguyen Lam Tung, Olga Chernomor, Arndt von Haeseler and Bui Quang Minh.

Host:    meduse (AVX2, FMA3, 7 GB RAM)
Command: iqtree -s ../simulations/data_D10T0L20I10T10//S/955_pruned.fasta -m GTR+G -alrt 1000 -redo
Seed:    718145 (Using SPRNG - Scalable Parallel Random Number Generator)
Time:    Fri Jun  1 10:57:40 2018
Kernel:  AVX

NOTE: Consider using the multicore version because your CPU has 4 cores!

Reading alignment file ../simulations/data_D10T0L20I10T10//S/955_pruned.fasta ... Fasta format detected
Alignment most likely contains DNA/RNA sequences
Alignment has 26 sequences with 300 columns and 179 patterns (155 informative sites)
          Gap/Ambiguity  Composition  p-value
   1  n289_290    0.00%    passed     93.97%
   2  n294_295    0.00%    passed     91.56%
   3  n295_296    0.00%    passed     94.58%
   4  n266_267    0.00%    passed     93.66%
   5  n299_300    0.00%    passed     99.62%
   6  n298_299    0.00%    passed     90.62%
   7  n290_291    0.00%    passed     96.77%
   8  n274_275    0.00%    passed     98.74%
   9  n251_252    0.00%    passed     94.33%
  10  n293_294    0.00%    passed     91.56%
  11  n265_266    0.00%    passed     88.30%
  12  n296_297    0.00%    passed     94.58%
  13  n300_301    0.00%    passed     99.62%
  14  n244_245    0.00%    passed     70.09%
  15  n278_279    0.00%    passed     92.41%
  16  n287_288    0.00%    passed     96.77%
  17  n200_201    0.00%    passed     98.34%
  18  n277_278    0.00%    passed     83.07%
  19  n297_298    0.00%    passed     87.52%
  20  n236_237    0.00%    passed     84.35%
  21  n280_281    0.00%    passed     99.25%
  22  n285_286    0.00%    passed     87.56%
  23  n275_276    0.00%    passed     96.05%
  24  n255_256    0.00%    passed     71.47%
  25  n292_293    0.00%    passed     99.43%
  26  n286_287    0.00%    passed     86.82%
****  TOTAL       0.00%  0 sequences failed composition chi2 test (p-value<5%; df=3)
NOTE: 4 identical sequences (see below) will be ignored for subsequent analysis
NOTE: n293_294 (identical to n294_295) is ignored but added at the end
NOTE: n296_297 (identical to n295_296) is ignored but added at the end
NOTE: n300_301 (identical to n299_300) is ignored but added at the end
NOTE: n287_288 (identical to n290_291) is ignored but added at the end

Create initial parsimony tree by phylogenetic likelihood library (PLL)... 0.001 seconds

NOTE: 0 MB RAM is required!
Estimate model parameters (epsilon = 0.100)
1. Initial log-likelihood: -2023.435
2. Current log-likelihood: -1982.474
3. Current log-likelihood: -1981.896
Optimal log-likelihood: -1981.846
Rate parameters:  A-C: 0.990  A-G: 0.869  A-T: 0.962  C-G: 1.084  C-T: 1.068  G-T: 1.000
Base frequencies:   A: 0.233  C: 0.301  G: 0.246  T: 0.220
Gamma shape alpha: 998.584
Parameters optimization took 3 rounds (0.018 sec)
--------------------------------------------------------------------
|             INITIALIZING CANDIDATE TREE SET                      |
--------------------------------------------------------------------
Computing ML distances based on estimated model parameters... 0.004 sec
Computing BIONJ tree...
0.000 seconds
Log-likelihood of BIONJ tree: -1981.846
Generating 98 parsimony trees... 0.089 seconds 3 distinct starting trees
Computing log-likelihood of 3 initial trees ... 0.002 seconds
Optimizing top 3 initial trees with NNI...
Iteration 1 / LogL: -1981.846 / Time: 0h:0m:0s
Estimate model parameters (epsilon = 0.100)
BETTER SCORE FOUND at iteration 1: -1981.829
Iteration 2 / LogL: -1981.830 / Time: 0h:0m:0s
Iteration 3 / LogL: -1981.830 / Time: 0h:0m:0s
Average CPU time for 1 NNI search: 0.005
Finish initializing candidate tree set. Number of distinct locally optimal trees: 3
Current best tree score: -1981.829 / CPU time: 0.108
--------------------------------------------------------------------
|               OPTIMIZING CANDIDATE TREE SET                      |
--------------------------------------------------------------------
Iteration 10 / LogL: -1981.831 / Time: 0h:0m:0s
Iteration 20 / LogL: -2239.224 / Time: 0h:0m:0s (0h:0m:1s left)
Iteration 30 / LogL: -1981.839 / Time: 0h:0m:0s (0h:0m:1s left)
Iteration 40 / LogL: -1984.419 / Time: 0h:0m:0s (0h:0m:0s left)
Iteration 50 / LogL: -1981.847 / Time: 0h:0m:0s (0h:0m:0s left)
Iteration 60 / LogL: -1981.844 / Time: 0h:0m:0s (0h:0m:0s left)
Iteration 70 / LogL: -1981.829 / Time: 0h:0m:0s (0h:0m:0s left)
Iteration 80 / LogL: -1981.829 / Time: 0h:0m:1s (0h:0m:0s left)
Iteration 90 / LogL: -1998.789 / Time: 0h:0m:1s (0h:0m:0s left)
Iteration 100 / LogL: -1981.830 / Time: 0h:0m:1s (0h:0m:0s left)
TREE SEARCH COMPLETED AFTER 101 ITERATIONS / Time: 0h:0m:1s

--------------------------------------------------------------------
|                    FINALIZING TREE SEARCH                        |
--------------------------------------------------------------------
Performs final model parameters optimization
Estimate model parameters (epsilon = 0.010)
1. Initial log-likelihood: -1981.829
Optimal log-likelihood: -1981.825
Rate parameters:  A-C: 0.968  A-G: 0.857  A-T: 0.954  C-G: 1.079  C-T: 1.071  G-T: 1.000
Base frequencies:   A: 0.233  C: 0.301  G: 0.246  T: 0.220
Gamma shape alpha: 998.584
Parameters optimization took 1 rounds (0.005 sec)
BEST SCORE FOUND : -1981.825

Testing tree branches by SH-like aLRT with 1000 replicates...
CPU Time used:  0.108 sec.
Total tree length: 1.145

Total number of iterations: 101
CPU time used for tree search: 1.352 sec (0h:0m:1s)
Wall-clock time used for tree search: 1.351 sec (0h:0m:1s)
Total CPU time used: 1.492 sec (0h:0m:1s)
Total wall-clock time used: 1.492 sec (0h:0m:1s)

Analysis results written to: 
  IQ-TREE report:                ../simulations/data_D10T0L20I10T10//S/955_pruned.fasta.iqtree
  Maximum-likelihood tree:       ../simulations/data_D10T0L20I10T10//S/955_pruned.fasta.treefile
  Likelihood distances:          ../simulations/data_D10T0L20I10T10//S/955_pruned.fasta.mldist
  Screen log file:               ../simulations/data_D10T0L20I10T10//S/955_pruned.fasta.log

Date and Time: Fri Jun  1 10:57:42 2018
