IQ-TREE version 1.4.2 for Linux 64-bit built Apr 15 2016
Copyright (c) 2011-2015 Nguyen Lam Tung, Olga Chernomor, Arndt von Haeseler and Bui Quang Minh.

Host:    meduse (AVX2, FMA3, 7 GB RAM)
Command: iqtree -s ../simulations/data_D10T0L20I10T10//S/957_pruned.fasta -m GTR+G -alrt 1000 -redo
Seed:    973172 (Using SPRNG - Scalable Parallel Random Number Generator)
Time:    Mon Jun  4 00:09:16 2018
Kernel:  AVX

NOTE: Consider using the multicore version because your CPU has 4 cores!

Reading alignment file ../simulations/data_D10T0L20I10T10//S/957_pruned.fasta ... Fasta format detected
Alignment most likely contains DNA/RNA sequences
Alignment has 26 sequences with 300 columns and 300 patterns (297 informative sites)
          Gap/Ambiguity  Composition  p-value
   1  n289_304    0.00%    passed     13.96%
   2  n274_289    0.00%    passed     71.39%
   3  n278_293    0.00%    passed     19.25%
   4  n290_305    0.00%    passed     20.77%
   5  n293_308    0.00%    passed     36.33%
   6  n298_313    0.00%    passed     35.07%
   7  n280_295    0.00%    passed     81.43%
   8  n266_281    0.00%    passed     17.00%
   9  n277_292    0.00%    passed      9.25%
  10  n299_314    0.00%    passed     73.90%
  11  n287_302    0.00%    passed     13.34%
  12  n244_259    0.00%    passed      7.58%
  13  n275_290    0.00%    passed     31.70%
  14  n297_312    0.00%    passed     25.02%
  15  n286_301    0.00%    passed     39.38%
  16  n296_311    0.00%    passed     13.46%
  17  n265_280    0.00%    passed     13.67%
  18  n294_309    0.00%    passed     37.18%
  19  n255_270    0.00%    failed      1.50%
  20  n236_251    0.00%    passed     21.29%
  21  n295_310    0.00%    passed      9.48%
  22  n200_215    0.00%    passed     74.86%
  23  n251_266    0.00%    passed     14.02%
  24  n292_307    0.00%    passed     91.54%
  25  n300_315    0.00%    passed     76.08%
  26  n285_300    0.00%    passed     32.53%
****  TOTAL       0.00%  1 sequences failed composition chi2 test (p-value<5%; df=3)

Create initial parsimony tree by phylogenetic likelihood library (PLL)... 0.002 seconds

NOTE: 1 MB RAM is required!
Estimate model parameters (epsilon = 0.100)
1. Initial log-likelihood: -5314.883
2. Current log-likelihood: -5220.693
3. Current log-likelihood: -5203.523
4. Current log-likelihood: -5199.243
5. Current log-likelihood: -5198.127
6. Current log-likelihood: -5197.878
Optimal log-likelihood: -5197.775
Rate parameters:  A-C: 0.980  A-G: 0.959  A-T: 1.114  C-G: 0.795  C-T: 1.314  G-T: 1.000
Base frequencies:   A: 0.232  C: 0.285  G: 0.258  T: 0.225
Gamma shape alpha: 4.965
Parameters optimization took 6 rounds (0.080 sec)
--------------------------------------------------------------------
|             INITIALIZING CANDIDATE TREE SET                      |
--------------------------------------------------------------------
Computing ML distances based on estimated model parameters... 0.004 sec
WARNING: Some pairwise ML distances are too long (saturated)
Computing BIONJ tree...
0.000 seconds
Log-likelihood of BIONJ tree: -5220.199
Generating 98 parsimony trees... 0.151 seconds 7 distinct starting trees
Computing log-likelihood of 7 initial trees ... 0.015 seconds
Optimizing top 7 initial trees with NNI...
Iteration 1 / LogL: -5196.581 / Time: 0h:0m:0s
Estimate model parameters (epsilon = 0.100)
BETTER TREE FOUND at iteration 1: -5196.256
Iteration 2 / LogL: -5196.507 / Time: 0h:0m:0s
Iteration 3 / LogL: -5196.507 / Time: 0h:0m:0s
Iteration 4 / LogL: -5196.235 / Time: 0h:0m:0s
Estimate model parameters (epsilon = 0.100)
BETTER SCORE FOUND at iteration 4: -5196.178
Iteration 5 / LogL: -5196.504 / Time: 0h:0m:0s
Iteration 6 / LogL: -5196.504 / Time: 0h:0m:0s
Iteration 7 / LogL: -5196.153 / Time: 0h:0m:0s
Estimate model parameters (epsilon = 0.100)
BETTER SCORE FOUND at iteration 7: -5196.117
Average CPU time for 1 NNI search: 0.019
Finish initializing candidate tree set. Number of distinct locally optimal trees: 1
Current best tree score: -5196.117 / CPU time: 0.296
--------------------------------------------------------------------
|               OPTIMIZING CANDIDATE TREE SET                      |
--------------------------------------------------------------------
Iteration 10 / LogL: -5196.528 / Time: 0h:0m:0s
Iteration 20 / LogL: -5196.364 / Time: 0h:0m:0s (0h:0m:3s left)
Iteration 30 / LogL: -5196.510 / Time: 0h:0m:1s (0h:0m:3s left)
Iteration 40 / LogL: -5196.199 / Time: 0h:0m:1s (0h:0m:2s left)
Iteration 50 / LogL: -5196.540 / Time: 0h:0m:2s (0h:0m:2s left)
Iteration 60 / LogL: -5204.292 / Time: 0h:0m:2s (0h:0m:1s left)
Iteration 70 / LogL: -5196.283 / Time: 0h:0m:2s (0h:0m:1s left)
Iteration 80 / LogL: -5200.893 / Time: 0h:0m:3s (0h:0m:0s left)
Iteration 90 / LogL: -5201.517 / Time: 0h:0m:3s (0h:0m:0s left)
Iteration 100 / LogL: -5196.668 / Time: 0h:0m:3s (0h:0m:0s left)
TREE SEARCH COMPLETED AFTER 101 ITERATIONS / Time: 0h:0m:3s

--------------------------------------------------------------------
|                    FINALIZING TREE SEARCH                        |
--------------------------------------------------------------------
Performs final model parameters optimization
Estimate model parameters (epsilon = 0.010)
1. Initial log-likelihood: -5196.117
Optimal log-likelihood: -5196.108
Rate parameters:  A-C: 1.004  A-G: 0.983  A-T: 1.174  C-G: 0.832  C-T: 1.330  G-T: 1.000
Base frequencies:   A: 0.232  C: 0.285  G: 0.258  T: 0.225
Gamma shape alpha: 5.052
Parameters optimization took 1 rounds (0.007 sec)
BEST SCORE FOUND : -5196.108

Testing tree branches by SH-like aLRT with 1000 replicates...
CPU Time used:  0.124 sec.
Total tree length: 8.672

Total number of iterations: 101
CPU time used for tree search: 3.724 sec (0h:0m:3s)
Wall-clock time used for tree search: 3.731 sec (0h:0m:3s)
Total CPU time used: 3.972 sec (0h:0m:3s)
Total wall-clock time used: 3.976 sec (0h:0m:3s)

Analysis results written to: 
  IQ-TREE report:                ../simulations/data_D10T0L20I10T10//S/957_pruned.fasta.iqtree
  Maximum-likelihood tree:       ../simulations/data_D10T0L20I10T10//S/957_pruned.fasta.treefile
  Likelihood distances:          ../simulations/data_D10T0L20I10T10//S/957_pruned.fasta.mldist
  Screen log file:               ../simulations/data_D10T0L20I10T10//S/957_pruned.fasta.log

Date and Time: Mon Jun  4 00:09:20 2018
