IQ-TREE version 1.4.2 for Linux 64-bit built Apr 15 2016
Copyright (c) 2011-2015 Nguyen Lam Tung, Olga Chernomor, Arndt von Haeseler and Bui Quang Minh.

Host:    meduse (AVX2, FMA3, 7 GB RAM)
Command: iqtree -s ../simulations/data_D8T0L15I8T8//S/95_pruned.fasta -m GTR+G -alrt 1000 -redo
Seed:    252159 (Using SPRNG - Scalable Parallel Random Number Generator)
Time:    Fri May 25 22:40:37 2018
Kernel:  AVX

NOTE: Consider using the multicore version because your CPU has 4 cores!

Reading alignment file ../simulations/data_D8T0L15I8T8//S/95_pruned.fasta ... Fasta format detected
Alignment most likely contains DNA/RNA sequences
Alignment has 26 sequences with 300 columns and 183 patterns (155 informative sites)
          Gap/Ambiguity  Composition  p-value
   1  n298_299    0.00%    passed     95.99%
   2  n280_281    0.00%    passed     92.43%
   3  n200_201    0.00%    passed     95.18%
   4  n286_287    0.00%    passed     98.94%
   5  n287_288    0.00%    passed     99.42%
   6  n266_267    0.00%    passed     79.90%
   7  n292_293    0.00%    passed     96.26%
   8  n293_294    0.00%    passed     93.61%
   9  n275_276    0.00%    passed     94.30%
  10  n289_290    0.00%    passed     99.91%
  11  n297_298    0.00%    passed     95.99%
  12  n278_279    0.00%    passed     85.21%
  13  n295_296    0.00%    passed     91.88%
  14  n251_252    0.00%    passed     42.14%
  15  n274_275    0.00%    passed     92.42%
  16  n290_291    0.00%    passed     97.86%
  17  n236_237    0.00%    passed     88.43%
  18  n255_256    0.00%    passed     42.43%
  19  n285_286    0.00%    passed     98.94%
  20  n294_295    0.00%    passed     88.37%
  21  n300_301    0.00%    passed     96.59%
  22  n265_266    0.00%    passed     93.44%
  23  n296_297    0.00%    passed     94.70%
  24  n299_300    0.00%    passed     96.59%
  25  n244_245    0.00%    passed     88.44%
  26  n277_278    0.00%    passed     88.07%
****  TOTAL       0.00%  0 sequences failed composition chi2 test (p-value<5%; df=3)
NOTE: 3 identical sequences (see below) will be ignored for subsequent analysis
NOTE: n297_298 (identical to n298_299) is ignored but added at the end
NOTE: n285_286 (identical to n286_287) is ignored but added at the end
NOTE: n299_300 (identical to n300_301) is ignored but added at the end

Create initial parsimony tree by phylogenetic likelihood library (PLL)... 0.001 seconds

NOTE: 0 MB RAM is required!
Estimate model parameters (epsilon = 0.100)
1. Initial log-likelihood: -2050.853
2. Current log-likelihood: -2006.111
3. Current log-likelihood: -2005.584
Optimal log-likelihood: -2005.505
Rate parameters:  A-C: 0.971  A-G: 0.959  A-T: 0.884  C-G: 0.889  C-T: 1.265  G-T: 1.000
Base frequencies:   A: 0.258  C: 0.256  G: 0.260  T: 0.226
Gamma shape alpha: 20.439
Parameters optimization took 3 rounds (0.027 sec)
--------------------------------------------------------------------
|             INITIALIZING CANDIDATE TREE SET                      |
--------------------------------------------------------------------
Computing ML distances based on estimated model parameters... 0.000 sec
Computing BIONJ tree...
0.000 seconds
Log-likelihood of BIONJ tree: -2005.504
Generating 98 parsimony trees... 0.095 seconds 9 distinct starting trees
Computing log-likelihood of 9 initial trees ... 0.017 seconds
Optimizing top 9 initial trees with NNI...
Iteration 1 / LogL: -2005.505 / Time: 0h:0m:0s
Estimate model parameters (epsilon = 0.100)
BETTER SCORE FOUND at iteration 1: -2005.494
Iteration 2 / LogL: -2005.496 / Time: 0h:0m:0s
Iteration 3 / LogL: -2005.496 / Time: 0h:0m:0s
Iteration 4 / LogL: -2005.497 / Time: 0h:0m:0s
Iteration 5 / LogL: -2005.497 / Time: 0h:0m:0s
Iteration 6 / LogL: -2005.497 / Time: 0h:0m:0s
Iteration 7 / LogL: -2005.497 / Time: 0h:0m:0s
Iteration 8 / LogL: -2005.497 / Time: 0h:0m:0s
Iteration 9 / LogL: -2005.497 / Time: 0h:0m:0s
Average CPU time for 1 NNI search: 0.006
Finish initializing candidate tree set. Number of distinct locally optimal trees: 9
Current best tree score: -2005.494 / CPU time: 0.164
--------------------------------------------------------------------
|               OPTIMIZING CANDIDATE TREE SET                      |
--------------------------------------------------------------------
Iteration 10 / LogL: -2007.757 / Time: 0h:0m:0s
Iteration 20 / LogL: -2007.750 / Time: 0h:0m:0s (0h:0m:1s left)
Iteration 30 / LogL: -2005.495 / Time: 0h:0m:0s (0h:0m:1s left)
Iteration 40 / LogL: -2005.497 / Time: 0h:0m:0s (0h:0m:1s left)
Iteration 50 / LogL: -2005.602 / Time: 0h:0m:0s (0h:0m:1s left)
Iteration 60 / LogL: -2005.500 / Time: 0h:0m:1s (0h:0m:0s left)
Iteration 70 / LogL: -2005.495 / Time: 0h:0m:1s (0h:0m:0s left)
Iteration 80 / LogL: -2005.498 / Time: 0h:0m:1s (0h:0m:0s left)
Iteration 90 / LogL: -2005.597 / Time: 0h:0m:1s (0h:0m:0s left)
Iteration 100 / LogL: -2005.519 / Time: 0h:0m:1s (0h:0m:0s left)
TREE SEARCH COMPLETED AFTER 101 ITERATIONS / Time: 0h:0m:1s

--------------------------------------------------------------------
|                    FINALIZING TREE SEARCH                        |
--------------------------------------------------------------------
Performs final model parameters optimization
Estimate model parameters (epsilon = 0.010)
1. Initial log-likelihood: -2005.494
Optimal log-likelihood: -2005.489
Rate parameters:  A-C: 0.983  A-G: 0.973  A-T: 0.900  C-G: 0.901  C-T: 1.282  G-T: 1.000
Base frequencies:   A: 0.258  C: 0.256  G: 0.260  T: 0.226
Gamma shape alpha: 20.447
Parameters optimization took 1 rounds (0.008 sec)
BEST SCORE FOUND : -2005.489

Testing tree branches by SH-like aLRT with 1000 replicates...
CPU Time used:  0.148 sec.
Total tree length: 1.152

Total number of iterations: 101
CPU time used for tree search: 1.912 sec (0h:0m:1s)
Wall-clock time used for tree search: 1.920 sec (0h:0m:1s)
Total CPU time used: 2.104 sec (0h:0m:2s)
Total wall-clock time used: 2.125 sec (0h:0m:2s)

Analysis results written to: 
  IQ-TREE report:                ../simulations/data_D8T0L15I8T8//S/95_pruned.fasta.iqtree
  Maximum-likelihood tree:       ../simulations/data_D8T0L15I8T8//S/95_pruned.fasta.treefile
  Likelihood distances:          ../simulations/data_D8T0L15I8T8//S/95_pruned.fasta.mldist
  Screen log file:               ../simulations/data_D8T0L15I8T8//S/95_pruned.fasta.log

Date and Time: Fri May 25 22:40:39 2018
