IQ-TREE version 1.4.2 for Linux 64-bit built Apr 15 2016
Copyright (c) 2011-2015 Nguyen Lam Tung, Olga Chernomor, Arndt von Haeseler and Bui Quang Minh.

Host:    meduse (AVX2, FMA3, 7 GB RAM)
Command: iqtree -s ../simulations/data_D8T0L15I8T8//S/962_pruned.fasta -m GTR+G -alrt 1000 -redo
Seed:    126906 (Using SPRNG - Scalable Parallel Random Number Generator)
Time:    Fri May 25 22:42:08 2018
Kernel:  AVX

NOTE: Consider using the multicore version because your CPU has 4 cores!

Reading alignment file ../simulations/data_D8T0L15I8T8//S/962_pruned.fasta ... Fasta format detected
Alignment most likely contains DNA/RNA sequences
Alignment has 27 sequences with 300 columns and 195 patterns (164 informative sites)
          Gap/Ambiguity  Composition  p-value
   1  n292_295    0.00%    passed     89.21%
   2  n300_303    0.00%    passed     84.93%
   3  n293_296    0.00%    passed     96.58%
   4  n200_201    0.00%    passed     77.63%
   5  n289_292    0.00%    passed     97.44%
   6  n286_287    0.00%    passed     78.37%
   7  n255_288    0.00%    passed     92.74%
   8  n266_267    0.00%    passed     93.72%
   9  n280_281    0.00%    passed     96.74%
  10  n298_301    0.00%    passed     98.33%
  11  n290_293    0.00%    passed     94.33%
  12  n296_299    0.00%    passed     98.89%
  13  n275_276    0.00%    passed     98.46%
  14  n278_279    0.00%    passed     79.94%
  15  n299_302    0.00%    passed     91.81%
  16  n251_252    0.00%    passed     97.96%
  17  n274_275    0.00%    passed     95.26%
  18  n236_237    0.00%    passed     96.74%
  19  n287_290    0.00%    passed     94.40%
  20  n294_297    0.00%    passed     96.45%
  21  n285_286    0.00%    passed     72.98%
  22  n295_298    0.00%    passed     96.98%
  23  n255_289    0.00%    passed     83.08%
  24  n265_266    0.00%    passed     84.69%
  25  n244_245    0.00%    passed     95.96%
  26  n277_278    0.00%    passed     57.20%
  27  n297_300    0.00%    passed     97.98%
****  TOTAL       0.00%  0 sequences failed composition chi2 test (p-value<5%; df=3)

Create initial parsimony tree by phylogenetic likelihood library (PLL)... 0.001 seconds

NOTE: 0 MB RAM is required!
Estimate model parameters (epsilon = 0.100)
1. Initial log-likelihood: -2242.089
2. Current log-likelihood: -2184.630
3. Current log-likelihood: -2184.123
4. Current log-likelihood: -2183.953
Optimal log-likelihood: -2183.861
Rate parameters:  A-C: 1.788  A-G: 2.220  A-T: 1.820  C-G: 1.778  C-T: 2.512  G-T: 1.000
Base frequencies:   A: 0.245  C: 0.274  G: 0.254  T: 0.228
Gamma shape alpha: 180.724
Parameters optimization took 4 rounds (0.041 sec)
--------------------------------------------------------------------
|             INITIALIZING CANDIDATE TREE SET                      |
--------------------------------------------------------------------
Computing ML distances based on estimated model parameters... 0.004 sec
Computing BIONJ tree...
0.001 seconds
Log-likelihood of BIONJ tree: -2184.406
Generating 98 parsimony trees... 0.180 seconds 11 distinct starting trees
Computing log-likelihood of 11 initial trees ... 0.033 seconds
Optimizing top 11 initial trees with NNI...
Iteration 1 / LogL: -2183.850 / Time: 0h:0m:0s
Estimate model parameters (epsilon = 0.100)
BETTER SCORE FOUND at iteration 1: -2183.777
Iteration 2 / LogL: -2183.780 / Time: 0h:0m:0s
Iteration 3 / LogL: -2183.780 / Time: 0h:0m:0s
Iteration 4 / LogL: -2183.777 / Time: 0h:0m:0s
Iteration 5 / LogL: -2183.777 / Time: 0h:0m:0s
Iteration 6 / LogL: -2183.777 / Time: 0h:0m:0s
Iteration 7 / LogL: -2183.777 / Time: 0h:0m:0s
Iteration 8 / LogL: -2183.777 / Time: 0h:0m:0s
Iteration 9 / LogL: -2183.777 / Time: 0h:0m:0s
Iteration 10 / LogL: -2183.777 / Time: 0h:0m:0s
Iteration 11 / LogL: -2183.777 / Time: 0h:0m:0s
Average CPU time for 1 NNI search: 0.012
Finish initializing candidate tree set. Number of distinct locally optimal trees: 3
Current best tree score: -2183.777 / CPU time: 0.344
--------------------------------------------------------------------
|               OPTIMIZING CANDIDATE TREE SET                      |
--------------------------------------------------------------------
Iteration 20 / LogL: -2194.714 / Time: 0h:0m:0s (0h:0m:2s left)
Iteration 30 / LogL: -2183.844 / Time: 0h:0m:0s (0h:0m:2s left)
Iteration 40 / LogL: -2187.233 / Time: 0h:0m:1s (0h:0m:1s left)
Iteration 50 / LogL: -2183.815 / Time: 0h:0m:1s (0h:0m:1s left)
Iteration 60 / LogL: -2183.934 / Time: 0h:0m:1s (0h:0m:1s left)
Iteration 70 / LogL: -2194.714 / Time: 0h:0m:1s (0h:0m:0s left)
Iteration 80 / LogL: -2183.803 / Time: 0h:0m:2s (0h:0m:0s left)
Iteration 90 / LogL: -2183.795 / Time: 0h:0m:2s (0h:0m:0s left)
Iteration 100 / LogL: -2187.269 / Time: 0h:0m:2s (0h:0m:0s left)
TREE SEARCH COMPLETED AFTER 101 ITERATIONS / Time: 0h:0m:2s

--------------------------------------------------------------------
|                    FINALIZING TREE SEARCH                        |
--------------------------------------------------------------------
Performs final model parameters optimization
Estimate model parameters (epsilon = 0.010)
1. Initial log-likelihood: -2183.777
2. Current log-likelihood: -2183.717
3. Current log-likelihood: -2183.675
4. Current log-likelihood: -2183.644
5. Current log-likelihood: -2183.621
6. Current log-likelihood: -2183.604
7. Current log-likelihood: -2183.592
Optimal log-likelihood: -2183.585
Rate parameters:  A-C: 1.615  A-G: 1.994  A-T: 1.631  C-G: 1.603  C-T: 2.258  G-T: 1.000
Base frequencies:   A: 0.245  C: 0.274  G: 0.254  T: 0.228
Gamma shape alpha: 285.318
Parameters optimization took 7 rounds (0.063 sec)
BEST SCORE FOUND : -2183.585

Testing tree branches by SH-like aLRT with 1000 replicates...
CPU Time used:  0.156 sec.
Total tree length: 1.295

Total number of iterations: 101
CPU time used for tree search: 2.596 sec (0h:0m:2s)
Wall-clock time used for tree search: 2.600 sec (0h:0m:2s)
Total CPU time used: 2.876 sec (0h:0m:2s)
Total wall-clock time used: 2.883 sec (0h:0m:2s)

Analysis results written to: 
  IQ-TREE report:                ../simulations/data_D8T0L15I8T8//S/962_pruned.fasta.iqtree
  Maximum-likelihood tree:       ../simulations/data_D8T0L15I8T8//S/962_pruned.fasta.treefile
  Likelihood distances:          ../simulations/data_D8T0L15I8T8//S/962_pruned.fasta.mldist
  Screen log file:               ../simulations/data_D8T0L15I8T8//S/962_pruned.fasta.log

Date and Time: Fri May 25 22:42:11 2018
