IQ-TREE version 1.4.2 for Linux 64-bit built Apr 15 2016
Copyright (c) 2011-2015 Nguyen Lam Tung, Olga Chernomor, Arndt von Haeseler and Bui Quang Minh.

Host:    meduse (AVX2, FMA3, 7 GB RAM)
Command: iqtree -s ../simulations/data_D10T0L20I10T10//S/964_pruned.fasta -m GTR+G -alrt 1000 -redo
Seed:    347441 (Using SPRNG - Scalable Parallel Random Number Generator)
Time:    Sun Jun  3 23:43:23 2018
Kernel:  AVX

NOTE: Consider using the multicore version because your CPU has 4 cores!

Reading alignment file ../simulations/data_D10T0L20I10T10//S/964_pruned.fasta ... Fasta format detected
Alignment most likely contains DNA/RNA sequences
Alignment has 26 sequences with 300 columns and 300 patterns (291 informative sites)
          Gap/Ambiguity  Composition  p-value
   1  n277_278    0.00%    passed     22.56%
   2  n286_287    0.00%    passed     49.64%
   3  n296_297    0.00%    passed     62.97%
   4  n285_286    0.00%    passed     50.07%
   5  n289_290    0.00%    passed     73.72%
   6  n274_275    0.00%    passed     41.24%
   7  n255_256    0.00%    failed      4.09%
   8  n275_276    0.00%    passed     64.39%
   9  n278_279    0.00%    passed     25.08%
  10  n299_300    0.00%    passed     72.41%
  11  n236_237    0.00%    passed     97.52%
  12  n293_294    0.00%    passed     61.46%
  13  n290_291    0.00%    passed     76.88%
  14  n297_298    0.00%    passed     39.03%
  15  n200_201    0.00%    passed     39.47%
  16  n292_293    0.00%    passed     50.22%
  17  n280_281    0.00%    passed     72.42%
  18  n295_296    0.00%    passed     39.64%
  19  n287_288    0.00%    passed     77.09%
  20  n244_245    0.00%    passed     44.11%
  21  n265_266    0.00%    passed     34.94%
  22  n266_267    0.00%    passed     36.67%
  23  n294_295    0.00%    passed     47.45%
  24  n251_252    0.00%    passed     24.77%
  25  n298_299    0.00%    passed     22.69%
  26  n300_301    0.00%    passed     55.72%
****  TOTAL       0.00%  1 sequences failed composition chi2 test (p-value<5%; df=3)

Create initial parsimony tree by phylogenetic likelihood library (PLL)... 0.002 seconds

NOTE: 1 MB RAM is required!
Estimate model parameters (epsilon = 0.100)
1. Initial log-likelihood: -5204.541
2. Current log-likelihood: -5120.738
3. Current log-likelihood: -5103.763
4. Current log-likelihood: -5101.022
5. Current log-likelihood: -5100.499
6. Current log-likelihood: -5100.284
7. Current log-likelihood: -5100.154
8. Current log-likelihood: -5099.986
Optimal log-likelihood: -5099.948
Rate parameters:  A-C: 1.435  A-G: 1.347  A-T: 1.265  C-G: 0.986  C-T: 1.734  G-T: 1.000
Base frequencies:   A: 0.246  C: 0.266  G: 0.226  T: 0.261
Gamma shape alpha: 4.667
Parameters optimization took 8 rounds (0.086 sec)
--------------------------------------------------------------------
|             INITIALIZING CANDIDATE TREE SET                      |
--------------------------------------------------------------------
Computing ML distances based on estimated model parameters... 0.004 sec
WARNING: Some pairwise ML distances are too long (saturated)
Computing BIONJ tree...
0.000 seconds
Log-likelihood of BIONJ tree: -5106.360
Generating 98 parsimony trees... 0.140 seconds 3 distinct starting trees
Computing log-likelihood of 3 initial trees ... 0.003 seconds
Optimizing top 3 initial trees with NNI...
Iteration 1 / LogL: -5099.927 / Time: 0h:0m:0s
Estimate model parameters (epsilon = 0.100)
BETTER TREE FOUND at iteration 1: -5099.903
Iteration 2 / LogL: -5100.481 / Time: 0h:0m:0s
Iteration 3 / LogL: -5103.557 / Time: 0h:0m:0s
Average CPU time for 1 NNI search: 0.013
Finish initializing candidate tree set. Number of distinct locally optimal trees: 2
Current best tree score: -5099.903 / CPU time: 0.180
--------------------------------------------------------------------
|               OPTIMIZING CANDIDATE TREE SET                      |
--------------------------------------------------------------------
Estimate model parameters (epsilon = 0.010)
BETTER TREE FOUND at iteration 8: -5099.247
Iteration 10 / LogL: -5100.270 / Time: 0h:0m:0s
Iteration 20 / LogL: -5105.749 / Time: 0h:0m:0s (0h:0m:4s left)
Estimate model parameters (epsilon = 0.010)
UPDATE BEST LOG-LIKELIHOOD: -5098.189
Iteration 30 / LogL: -5104.251 / Time: 0h:0m:1s (0h:0m:3s left)
Iteration 40 / LogL: -5102.477 / Time: 0h:0m:1s (0h:0m:2s left)
Iteration 50 / LogL: -5101.162 / Time: 0h:0m:1s (0h:0m:2s left)
Iteration 60 / LogL: -5100.246 / Time: 0h:0m:2s (0h:0m:1s left)
Iteration 70 / LogL: -5100.274 / Time: 0h:0m:2s (0h:0m:1s left)
Iteration 80 / LogL: -5098.336 / Time: 0h:0m:2s (0h:0m:0s left)
Iteration 90 / LogL: -5099.749 / Time: 0h:0m:3s (0h:0m:0s left)
Iteration 100 / LogL: -5098.898 / Time: 0h:0m:3s (0h:0m:0s left)
TREE SEARCH COMPLETED AFTER 108 ITERATIONS / Time: 0h:0m:3s

--------------------------------------------------------------------
|                    FINALIZING TREE SEARCH                        |
--------------------------------------------------------------------
Performs final model parameters optimization
Estimate model parameters (epsilon = 0.010)
1. Initial log-likelihood: -5098.189
Optimal log-likelihood: -5098.178
Rate parameters:  A-C: 1.393  A-G: 1.348  A-T: 1.218  C-G: 0.972  C-T: 1.662  G-T: 1.000
Base frequencies:   A: 0.246  C: 0.266  G: 0.226  T: 0.261
Gamma shape alpha: 5.113
Parameters optimization took 1 rounds (0.007 sec)
BEST SCORE FOUND : -5098.178

Testing tree branches by SH-like aLRT with 1000 replicates...
CPU Time used:  0.124 sec.
Total tree length: 8.846

Total number of iterations: 108
CPU time used for tree search: 3.612 sec (0h:0m:3s)
Wall-clock time used for tree search: 3.614 sec (0h:0m:3s)
Total CPU time used: 3.876 sec (0h:0m:3s)
Total wall-clock time used: 3.881 sec (0h:0m:3s)

Analysis results written to: 
  IQ-TREE report:                ../simulations/data_D10T0L20I10T10//S/964_pruned.fasta.iqtree
  Maximum-likelihood tree:       ../simulations/data_D10T0L20I10T10//S/964_pruned.fasta.treefile
  Likelihood distances:          ../simulations/data_D10T0L20I10T10//S/964_pruned.fasta.mldist
  Screen log file:               ../simulations/data_D10T0L20I10T10//S/964_pruned.fasta.log

Date and Time: Sun Jun  3 23:43:27 2018
