IQ-TREE version 1.4.2 for Linux 64-bit built Apr 15 2016
Copyright (c) 2011-2015 Nguyen Lam Tung, Olga Chernomor, Arndt von Haeseler and Bui Quang Minh.

Host:    meduse (AVX2, FMA3, 7 GB RAM)
Command: iqtree -s ../simulations/data_D10T0L20I10T10//S/965_pruned.fasta -m GTR+G -alrt 1000 -redo
Seed:    122885 (Using SPRNG - Scalable Parallel Random Number Generator)
Time:    Mon Jun  4 00:05:50 2018
Kernel:  AVX

NOTE: Consider using the multicore version because your CPU has 4 cores!

Reading alignment file ../simulations/data_D10T0L20I10T10//S/965_pruned.fasta ... Fasta format detected
Alignment most likely contains DNA/RNA sequences
Alignment has 26 sequences with 300 columns and 300 patterns (291 informative sites)
          Gap/Ambiguity  Composition  p-value
   1  n277_278    0.00%    passed     59.74%
   2  n286_287    0.00%    passed     99.68%
   3  n296_297    0.00%    passed     96.14%
   4  n285_286    0.00%    passed     89.53%
   5  n289_290    0.00%    passed     90.28%
   6  n274_275    0.00%    passed     93.53%
   7  n255_256    0.00%    passed     20.57%
   8  n275_276    0.00%    passed     79.80%
   9  n278_279    0.00%    passed     70.54%
  10  n299_300    0.00%    passed     82.02%
  11  n236_237    0.00%    passed     88.54%
  12  n293_294    0.00%    passed     92.92%
  13  n290_291    0.00%    passed     86.55%
  14  n297_298    0.00%    passed     91.63%
  15  n200_201    0.00%    passed     54.31%
  16  n292_293    0.00%    passed     75.24%
  17  n280_281    0.00%    passed     95.12%
  18  n295_296    0.00%    passed     98.62%
  19  n287_288    0.00%    passed     92.41%
  20  n244_245    0.00%    passed     62.57%
  21  n265_266    0.00%    passed     13.43%
  22  n266_267    0.00%    passed     18.13%
  23  n294_295    0.00%    passed     99.25%
  24  n251_252    0.00%    passed      8.85%
  25  n298_299    0.00%    passed     99.25%
  26  n300_301    0.00%    passed     75.60%
****  TOTAL       0.00%  0 sequences failed composition chi2 test (p-value<5%; df=3)

Create initial parsimony tree by phylogenetic likelihood library (PLL)... 0.002 seconds

NOTE: 1 MB RAM is required!
Estimate model parameters (epsilon = 0.100)
1. Initial log-likelihood: -5283.084
2. Current log-likelihood: -5182.437
3. Current log-likelihood: -5168.634
4. Current log-likelihood: -5165.243
5. Current log-likelihood: -5164.410
6. Current log-likelihood: -5164.120
7. Current log-likelihood: -5164.010
Optimal log-likelihood: -5163.925
Rate parameters:  A-C: 1.116  A-G: 1.696  A-T: 1.222  C-G: 1.045  C-T: 1.232  G-T: 1.000
Base frequencies:   A: 0.214  C: 0.288  G: 0.248  T: 0.250
Gamma shape alpha: 4.094
Parameters optimization took 7 rounds (0.082 sec)
--------------------------------------------------------------------
|             INITIALIZING CANDIDATE TREE SET                      |
--------------------------------------------------------------------
Computing ML distances based on estimated model parameters... 0.004 sec
Computing BIONJ tree...
0.000 seconds
Log-likelihood of BIONJ tree: -5173.623
Generating 98 parsimony trees... 0.132 seconds 2 distinct starting trees
Computing log-likelihood of 2 initial trees ... 0.000 seconds
Optimizing top 2 initial trees with NNI...
Iteration 1 / LogL: -5162.213 / Time: 0h:0m:0s
Estimate model parameters (epsilon = 0.100)
BETTER TREE FOUND at iteration 1: -5161.208
Iteration 2 / LogL: -5161.483 / Time: 0h:0m:0s
Average CPU time for 1 NNI search: 0.024
Finish initializing candidate tree set. Number of distinct locally optimal trees: 1
Current best tree score: -5161.208 / CPU time: 0.176
--------------------------------------------------------------------
|               OPTIMIZING CANDIDATE TREE SET                      |
--------------------------------------------------------------------
Iteration 10 / LogL: -5162.362 / Time: 0h:0m:0s
Iteration 20 / LogL: -5170.561 / Time: 0h:0m:0s (0h:0m:3s left)
Iteration 30 / LogL: -5176.604 / Time: 0h:0m:1s (0h:0m:2s left)
Iteration 40 / LogL: -5173.211 / Time: 0h:0m:1s (0h:0m:2s left)
Iteration 50 / LogL: -5161.985 / Time: 0h:0m:1s (0h:0m:1s left)
Iteration 60 / LogL: -5163.024 / Time: 0h:0m:2s (0h:0m:1s left)
Iteration 70 / LogL: -5161.765 / Time: 0h:0m:2s (0h:0m:1s left)
Iteration 80 / LogL: -5165.266 / Time: 0h:0m:2s (0h:0m:0s left)
Iteration 90 / LogL: -5173.198 / Time: 0h:0m:2s (0h:0m:0s left)
Iteration 100 / LogL: -5163.275 / Time: 0h:0m:3s (0h:0m:0s left)
TREE SEARCH COMPLETED AFTER 101 ITERATIONS / Time: 0h:0m:3s

--------------------------------------------------------------------
|                    FINALIZING TREE SEARCH                        |
--------------------------------------------------------------------
Performs final model parameters optimization
Estimate model parameters (epsilon = 0.010)
1. Initial log-likelihood: -5161.208
Optimal log-likelihood: -5161.202
Rate parameters:  A-C: 1.066  A-G: 1.645  A-T: 1.196  C-G: 1.012  C-T: 1.194  G-T: 1.000
Base frequencies:   A: 0.214  C: 0.288  G: 0.248  T: 0.250
Gamma shape alpha: 4.059
Parameters optimization took 1 rounds (0.009 sec)
BEST SCORE FOUND : -5161.202

Testing tree branches by SH-like aLRT with 1000 replicates...
CPU Time used:  0.120 sec.
Total tree length: 8.454

Total number of iterations: 101
CPU time used for tree search: 3.112 sec (0h:0m:3s)
Wall-clock time used for tree search: 3.114 sec (0h:0m:3s)
Total CPU time used: 3.368 sec (0h:0m:3s)
Total wall-clock time used: 3.373 sec (0h:0m:3s)

Analysis results written to: 
  IQ-TREE report:                ../simulations/data_D10T0L20I10T10//S/965_pruned.fasta.iqtree
  Maximum-likelihood tree:       ../simulations/data_D10T0L20I10T10//S/965_pruned.fasta.treefile
  Likelihood distances:          ../simulations/data_D10T0L20I10T10//S/965_pruned.fasta.mldist
  Screen log file:               ../simulations/data_D10T0L20I10T10//S/965_pruned.fasta.log

Date and Time: Mon Jun  4 00:05:53 2018
