IQ-TREE version 1.4.2 for Linux 64-bit built Apr 15 2016
Copyright (c) 2011-2015 Nguyen Lam Tung, Olga Chernomor, Arndt von Haeseler and Bui Quang Minh.

Host:    meduse (AVX2, FMA3, 7 GB RAM)
Command: iqtree -s ../simulations/data_D10T0L20I10T10//S/972_pruned.fasta -m GTR+G -alrt 1000 -redo
Seed:    635093 (Using SPRNG - Scalable Parallel Random Number Generator)
Time:    Sun Jun  3 23:32:35 2018
Kernel:  AVX

NOTE: Consider using the multicore version because your CPU has 4 cores!

Reading alignment file ../simulations/data_D10T0L20I10T10//S/972_pruned.fasta ... Fasta format detected
Alignment most likely contains DNA/RNA sequences
Alignment has 26 sequences with 300 columns and 299 patterns (294 informative sites)
          Gap/Ambiguity  Composition  p-value
   1  n278_277    0.00%    passed     99.82%
   2  n277_276    0.00%    passed     98.57%
   3  n265_264    0.00%    passed     38.23%
   4  n251_250    0.00%    failed      0.00%
   5  n295_294    0.00%    passed     99.32%
   6  n286_285    0.00%    passed     60.17%
   7  n275_274    0.00%    passed     73.50%
   8  n297_296    0.00%    passed     67.72%
   9  n299_298    0.00%    failed      4.27%
  10  n200_199    0.00%    passed     92.57%
  11  n280_279    0.00%    failed      3.45%
  12  n236_235    0.00%    passed     83.96%
  13  n290_289    0.00%    passed     97.81%
  14  n289_288    0.00%    passed     94.02%
  15  n294_293    0.00%    passed     74.45%
  16  n285_284    0.00%    passed     46.47%
  17  n296_295    0.00%    passed     95.65%
  18  n293_292    0.00%    passed     70.19%
  19  n300_299    0.00%    failed      4.27%
  20  n274_273    0.00%    passed      7.04%
  21  n292_291    0.00%    passed     15.91%
  22  n244_243    0.00%    passed     66.98%
  23  n298_297    0.00%    passed     57.36%
  24  n266_265    0.00%    passed     27.42%
  25  n255_254    0.00%    failed      1.52%
  26  n287_286    0.00%    passed     97.76%
****  TOTAL       0.00%  5 sequences failed composition chi2 test (p-value<5%; df=3)

Create initial parsimony tree by phylogenetic likelihood library (PLL)... 0.001 seconds

NOTE: 1 MB RAM is required!
Estimate model parameters (epsilon = 0.100)
1. Initial log-likelihood: -5299.681
2. Current log-likelihood: -5201.674
3. Current log-likelihood: -5187.087
4. Current log-likelihood: -5184.569
5. Current log-likelihood: -5184.083
6. Current log-likelihood: -5183.941
Optimal log-likelihood: -5183.849
Rate parameters:  A-C: 1.313  A-G: 1.802  A-T: 1.690  C-G: 1.466  C-T: 1.885  G-T: 1.000
Base frequencies:   A: 0.226  C: 0.271  G: 0.245  T: 0.258
Gamma shape alpha: 3.743
Parameters optimization took 6 rounds (0.074 sec)
--------------------------------------------------------------------
|             INITIALIZING CANDIDATE TREE SET                      |
--------------------------------------------------------------------
Computing ML distances based on estimated model parameters... 0.004 sec
WARNING: Some pairwise ML distances are too long (saturated)
Computing BIONJ tree...
0.001 seconds
Log-likelihood of BIONJ tree: -5198.531
Generating 98 parsimony trees... 0.157 seconds 2 distinct starting trees
Computing log-likelihood of 2 initial trees ... 0.000 seconds
Optimizing top 2 initial trees with NNI...
Iteration 1 / LogL: -5181.378 / Time: 0h:0m:0s
Estimate model parameters (epsilon = 0.100)
BETTER TREE FOUND at iteration 1: -5181.076
Iteration 2 / LogL: -5186.537 / Time: 0h:0m:0s
Average CPU time for 1 NNI search: 0.026
Finish initializing candidate tree set. Number of distinct locally optimal trees: 2
Current best tree score: -5181.076 / CPU time: 0.204
--------------------------------------------------------------------
|               OPTIMIZING CANDIDATE TREE SET                      |
--------------------------------------------------------------------
Estimate model parameters (epsilon = 0.010)
BETTER TREE FOUND at iteration 6: -5180.907
Iteration 10 / LogL: -5187.792 / Time: 0h:0m:0s
Iteration 20 / LogL: -5181.147 / Time: 0h:0m:0s (0h:0m:4s left)
Iteration 30 / LogL: -5181.002 / Time: 0h:0m:1s (0h:0m:3s left)
Iteration 40 / LogL: -5182.883 / Time: 0h:0m:1s (0h:0m:2s left)
Iteration 50 / LogL: -5181.152 / Time: 0h:0m:2s (0h:0m:2s left)
Iteration 60 / LogL: -5181.091 / Time: 0h:0m:2s (0h:0m:1s left)
Iteration 70 / LogL: -5187.104 / Time: 0h:0m:2s (0h:0m:1s left)
Iteration 80 / LogL: -5181.573 / Time: 0h:0m:3s (0h:0m:1s left)
Iteration 90 / LogL: -5182.883 / Time: 0h:0m:3s (0h:0m:0s left)
Iteration 100 / LogL: -5181.371 / Time: 0h:0m:3s (0h:0m:0s left)
Estimate model parameters (epsilon = 0.010)
BETTER TREE FOUND at iteration 102: -5179.677
Iteration 110 / LogL: -5180.115 / Time: 0h:0m:4s (0h:0m:3s left)
Iteration 120 / LogL: -5179.737 / Time: 0h:0m:4s (0h:0m:3s left)
Iteration 130 / LogL: -5179.744 / Time: 0h:0m:4s (0h:0m:2s left)
Iteration 140 / LogL: -5179.705 / Time: 0h:0m:5s (0h:0m:2s left)
Iteration 150 / LogL: -5179.679 / Time: 0h:0m:5s (0h:0m:1s left)
Iteration 160 / LogL: -5179.811 / Time: 0h:0m:5s (0h:0m:1s left)
Iteration 170 / LogL: -5179.927 / Time: 0h:0m:6s (0h:0m:1s left)
Iteration 180 / LogL: -5180.162 / Time: 0h:0m:6s (0h:0m:0s left)
Iteration 190 / LogL: -5179.681 / Time: 0h:0m:6s (0h:0m:0s left)
Iteration 200 / LogL: -5179.849 / Time: 0h:0m:7s (0h:0m:0s left)
TREE SEARCH COMPLETED AFTER 202 ITERATIONS / Time: 0h:0m:7s

--------------------------------------------------------------------
|                    FINALIZING TREE SEARCH                        |
--------------------------------------------------------------------
Performs final model parameters optimization
Estimate model parameters (epsilon = 0.010)
1. Initial log-likelihood: -5179.671
Optimal log-likelihood: -5179.666
Rate parameters:  A-C: 1.230  A-G: 1.649  A-T: 1.586  C-G: 1.326  C-T: 1.767  G-T: 1.000
Base frequencies:   A: 0.226  C: 0.271  G: 0.245  T: 0.258
Gamma shape alpha: 3.860
Parameters optimization took 1 rounds (0.007 sec)
BEST SCORE FOUND : -5179.666

Testing tree branches by SH-like aLRT with 1000 replicates...
CPU Time used:  0.124 sec.
Total tree length: 10.956

Total number of iterations: 202
CPU time used for tree search: 7.244 sec (0h:0m:7s)
Wall-clock time used for tree search: 7.251 sec (0h:0m:7s)
Total CPU time used: 7.504 sec (0h:0m:7s)
Total wall-clock time used: 7.514 sec (0h:0m:7s)

Analysis results written to: 
  IQ-TREE report:                ../simulations/data_D10T0L20I10T10//S/972_pruned.fasta.iqtree
  Maximum-likelihood tree:       ../simulations/data_D10T0L20I10T10//S/972_pruned.fasta.treefile
  Likelihood distances:          ../simulations/data_D10T0L20I10T10//S/972_pruned.fasta.mldist
  Screen log file:               ../simulations/data_D10T0L20I10T10//S/972_pruned.fasta.log

Date and Time: Sun Jun  3 23:32:43 2018
