IQ-TREE version 1.4.2 for Linux 64-bit built Apr 15 2016
Copyright (c) 2011-2015 Nguyen Lam Tung, Olga Chernomor, Arndt von Haeseler and Bui Quang Minh.

Host:    meduse (AVX2, FMA3, 7 GB RAM)
Command: iqtree -s ../simulations/data_D10T0L20I10T10//S/978_pruned.fasta -m GTR+G -alrt 1000 -redo
Seed:    149463 (Using SPRNG - Scalable Parallel Random Number Generator)
Time:    Sun Jun  3 23:21:56 2018
Kernel:  AVX

NOTE: Consider using the multicore version because your CPU has 4 cores!

Reading alignment file ../simulations/data_D10T0L20I10T10//S/978_pruned.fasta ... Fasta format detected
Alignment most likely contains DNA/RNA sequences
Alignment has 23 sequences with 300 columns and 300 patterns (296 informative sites)
          Gap/Ambiguity  Composition  p-value
   1  n277_278    0.00%    passed     53.34%
   2  n295_290    0.00%    passed     40.90%
   3  n298_293    0.00%    passed     24.57%
   4  n296_291    0.00%    passed     58.01%
   5  n285_284    0.00%    passed     36.25%
   6  n297_292    0.00%    passed     12.34%
   7  n286_285    0.00%    passed     96.08%
   8  n292_287    0.00%    passed     23.27%
   9  n255_256    0.00%    passed     76.30%
  10  n275_276    0.00%    passed     38.19%
  11  n278_279    0.00%    passed     42.60%
  12  n299_294    0.00%    passed     22.73%
  13  n236_237    0.00%    passed     96.96%
  14  n274_275    0.00%    failed      3.84%
  15  n280_281    0.00%    passed     18.40%
  16  n266_267    0.00%    failed      2.16%
  17  n300_295    0.00%    passed     26.57%
  18  n294_289    0.00%    passed     74.71%
  19  n244_245    0.00%    passed     19.44%
  20  n200_201    0.00%    passed     81.73%
  21  n265_266    0.00%    passed      5.16%
  22  n251_252    0.00%    passed     73.63%
  23  n293_288    0.00%    passed     78.97%
****  TOTAL       0.00%  2 sequences failed composition chi2 test (p-value<5%; df=3)

Create initial parsimony tree by phylogenetic likelihood library (PLL)... 0.002 seconds

NOTE: 1 MB RAM is required!
Estimate model parameters (epsilon = 0.100)
1. Initial log-likelihood: -5122.561
2. Current log-likelihood: -5023.003
3. Current log-likelihood: -5005.587
4. Current log-likelihood: -5002.565
5. Current log-likelihood: -5001.933
6. Current log-likelihood: -5001.798
Optimal log-likelihood: -5001.687
Rate parameters:  A-C: 1.284  A-G: 1.528  A-T: 1.115  C-G: 1.061  C-T: 1.141  G-T: 1.000
Base frequencies:   A: 0.225  C: 0.272  G: 0.252  T: 0.252
Gamma shape alpha: 5.206
Parameters optimization took 6 rounds (0.061 sec)
--------------------------------------------------------------------
|             INITIALIZING CANDIDATE TREE SET                      |
--------------------------------------------------------------------
Computing ML distances based on estimated model parameters... 0.004 sec
WARNING: Some pairwise ML distances are too long (saturated)
Computing BIONJ tree...
0.000 seconds
Log-likelihood of BIONJ tree: -5020.023
Generating 98 parsimony trees... 0.116 seconds 10 distinct starting trees
Computing log-likelihood of 10 initial trees ... 0.020 seconds
Optimizing top 10 initial trees with NNI...
Iteration 1 / LogL: -5001.069 / Time: 0h:0m:0s
Estimate model parameters (epsilon = 0.100)
BETTER TREE FOUND at iteration 1: -5000.456
Iteration 2 / LogL: -5001.322 / Time: 0h:0m:0s
Iteration 3 / LogL: -5001.322 / Time: 0h:0m:0s
Iteration 4 / LogL: -5000.002 / Time: 0h:0m:0s
Estimate model parameters (epsilon = 0.100)
BETTER TREE FOUND at iteration 4: -4999.671
Iteration 5 / LogL: -4999.974 / Time: 0h:0m:0s
Iteration 6 / LogL: -5001.315 / Time: 0h:0m:0s
Iteration 7 / LogL: -5001.315 / Time: 0h:0m:0s
Iteration 8 / LogL: -5001.315 / Time: 0h:0m:0s
Iteration 9 / LogL: -4999.973 / Time: 0h:0m:0s
Iteration 10 / LogL: -5000.415 / Time: 0h:0m:0s
Average CPU time for 1 NNI search: 0.015
Finish initializing candidate tree set. Number of distinct locally optimal trees: 6
Current best tree score: -4999.671 / CPU time: 0.284
--------------------------------------------------------------------
|               OPTIMIZING CANDIDATE TREE SET                      |
--------------------------------------------------------------------
Iteration 20 / LogL: -4999.950 / Time: 0h:0m:0s (0h:0m:2s left)
Estimate model parameters (epsilon = 0.010)
UPDATE BEST LOG-LIKELIHOOD: -4999.552
Iteration 30 / LogL: -5000.899 / Time: 0h:0m:0s (0h:0m:2s left)
Iteration 40 / LogL: -5000.677 / Time: 0h:0m:1s (0h:0m:1s left)
Iteration 50 / LogL: -5000.897 / Time: 0h:0m:1s (0h:0m:1s left)
Iteration 60 / LogL: -4999.548 / Time: 0h:0m:1s (0h:0m:1s left)
Iteration 70 / LogL: -5000.672 / Time: 0h:0m:2s (0h:0m:0s left)
Iteration 80 / LogL: -4999.576 / Time: 0h:0m:2s (0h:0m:0s left)
Iteration 90 / LogL: -5000.736 / Time: 0h:0m:2s (0h:0m:0s left)
Iteration 100 / LogL: -4999.676 / Time: 0h:0m:2s (0h:0m:0s left)
TREE SEARCH COMPLETED AFTER 101 ITERATIONS / Time: 0h:0m:2s

--------------------------------------------------------------------
|                    FINALIZING TREE SEARCH                        |
--------------------------------------------------------------------
Performs final model parameters optimization
Estimate model parameters (epsilon = 0.010)
1. Initial log-likelihood: -4999.542
Optimal log-likelihood: -4999.532
Rate parameters:  A-C: 1.321  A-G: 1.630  A-T: 1.161  C-G: 1.098  C-T: 1.191  G-T: 1.000
Base frequencies:   A: 0.225  C: 0.272  G: 0.252  T: 0.252
Gamma shape alpha: 5.317
Parameters optimization took 1 rounds (0.006 sec)
BEST SCORE FOUND : -4999.532

Testing tree branches by SH-like aLRT with 1000 replicates...
CPU Time used:  0.100 sec.
Total tree length: 9.532

Total number of iterations: 101
CPU time used for tree search: 2.788 sec (0h:0m:2s)
Wall-clock time used for tree search: 2.793 sec (0h:0m:2s)
Total CPU time used: 2.984 sec (0h:0m:2s)
Total wall-clock time used: 2.992 sec (0h:0m:2s)

Analysis results written to: 
  IQ-TREE report:                ../simulations/data_D10T0L20I10T10//S/978_pruned.fasta.iqtree
  Maximum-likelihood tree:       ../simulations/data_D10T0L20I10T10//S/978_pruned.fasta.treefile
  Likelihood distances:          ../simulations/data_D10T0L20I10T10//S/978_pruned.fasta.mldist
  Screen log file:               ../simulations/data_D10T0L20I10T10//S/978_pruned.fasta.log

Date and Time: Sun Jun  3 23:21:59 2018
