IQ-TREE version 1.4.2 for Linux 64-bit built Apr 15 2016
Copyright (c) 2011-2015 Nguyen Lam Tung, Olga Chernomor, Arndt von Haeseler and Bui Quang Minh.

Host:    meduse (AVX2, FMA3, 7 GB RAM)
Command: iqtree -s ../simulations/data_D10T0L20I10T10//S/983_pruned.fasta -m GTR+G -alrt 1000 -redo
Seed:    195338 (Using SPRNG - Scalable Parallel Random Number Generator)
Time:    Sun Jun  3 23:18:04 2018
Kernel:  AVX

NOTE: Consider using the multicore version because your CPU has 4 cores!

Reading alignment file ../simulations/data_D10T0L20I10T10//S/983_pruned.fasta ... Fasta format detected
Alignment most likely contains DNA/RNA sequences
Alignment has 28 sequences with 300 columns and 299 patterns (293 informative sites)
          Gap/Ambiguity  Composition  p-value
   1  n236_241    0.00%    passed     57.82%
   2  n278_293    0.00%    passed     63.66%
   3  n289_304    0.00%    passed     72.77%
   4  n280_295    0.00%    passed     85.63%
   5  n298_313    0.00%    passed     92.60%
   6  n277_290    0.00%    passed     92.22%
   7  n266_277    0.00%    passed      7.55%
   8  n293_308    0.00%    passed     89.01%
   9  n255_262    0.00%    failed      2.88%
  10  n299_314    0.00%    passed     89.56%
  11  n287_302    0.00%    passed     42.83%
  12  n251_256    0.00%    failed      3.08%
  13  n297_312    0.00%    passed     57.54%
  14  n278_291    0.00%    passed     72.68%
  15  n274_287    0.00%    passed     96.58%
  16  n300_315    0.00%    passed     59.86%
  17  n286_301    0.00%    passed     72.50%
  18  n294_309    0.00%    passed     94.05%
  19  n244_249    0.00%    passed     97.46%
  20  n296_311    0.00%    passed     79.06%
  21  n292_307    0.00%    passed     95.12%
  22  n265_276    0.00%    passed     20.65%
  23  n200_201    0.00%    passed     90.91%
  24  n290_305    0.00%    passed     55.09%
  25  n275_288    0.00%    passed     98.87%
  26  n285_300    0.00%    passed     57.50%
  27  n295_310    0.00%    passed     88.36%
  28  n277_292    0.00%    passed     21.59%
****  TOTAL       0.00%  2 sequences failed composition chi2 test (p-value<5%; df=3)

Create initial parsimony tree by phylogenetic likelihood library (PLL)... 0.002 seconds

NOTE: 1 MB RAM is required!
Estimate model parameters (epsilon = 0.100)
1. Initial log-likelihood: -5615.648
2. Current log-likelihood: -5531.872
3. Current log-likelihood: -5521.516
4. Current log-likelihood: -5519.715
5. Current log-likelihood: -5519.388
Optimal log-likelihood: -5519.287
Rate parameters:  A-C: 1.376  A-G: 1.342  A-T: 1.169  C-G: 1.130  C-T: 1.697  G-T: 1.000
Base frequencies:   A: 0.231  C: 0.277  G: 0.255  T: 0.237
Gamma shape alpha: 3.490
Parameters optimization took 5 rounds (0.076 sec)
--------------------------------------------------------------------
|             INITIALIZING CANDIDATE TREE SET                      |
--------------------------------------------------------------------
Computing ML distances based on estimated model parameters... 0.004 sec
Computing BIONJ tree...
0.000 seconds
Log-likelihood of BIONJ tree: -5520.282
Generating 98 parsimony trees... 0.171 seconds 2 distinct starting trees
Computing log-likelihood of 2 initial trees ... 0.000 seconds
Optimizing top 2 initial trees with NNI...
Iteration 1 / LogL: -5518.085 / Time: 0h:0m:0s
Estimate model parameters (epsilon = 0.100)
BETTER TREE FOUND at iteration 1: -5518.064
Iteration 2 / LogL: -5517.889 / Time: 0h:0m:0s
Estimate model parameters (epsilon = 0.100)
BETTER TREE FOUND at iteration 2: -5517.799
Average CPU time for 1 NNI search: 0.024
Finish initializing candidate tree set. Number of distinct locally optimal trees: 2
Current best tree score: -5517.799 / CPU time: 0.216
--------------------------------------------------------------------
|               OPTIMIZING CANDIDATE TREE SET                      |
--------------------------------------------------------------------
Iteration 10 / LogL: -5518.318 / Time: 0h:0m:0s
Iteration 20 / LogL: -5524.775 / Time: 0h:0m:0s (0h:0m:4s left)
Iteration 30 / LogL: -5518.078 / Time: 0h:0m:1s (0h:0m:3s left)
Iteration 40 / LogL: -5518.565 / Time: 0h:0m:1s (0h:0m:2s left)
Iteration 50 / LogL: -5524.116 / Time: 0h:0m:2s (0h:0m:2s left)
Iteration 60 / LogL: -5518.565 / Time: 0h:0m:2s (0h:0m:1s left)
Iteration 70 / LogL: -5524.111 / Time: 0h:0m:2s (0h:0m:1s left)
Iteration 80 / LogL: -5532.889 / Time: 0h:0m:2s (0h:0m:0s left)
Iteration 90 / LogL: -5526.335 / Time: 0h:0m:3s (0h:0m:0s left)
Iteration 100 / LogL: -5531.964 / Time: 0h:0m:3s (0h:0m:0s left)
TREE SEARCH COMPLETED AFTER 101 ITERATIONS / Time: 0h:0m:3s

--------------------------------------------------------------------
|                    FINALIZING TREE SEARCH                        |
--------------------------------------------------------------------
Performs final model parameters optimization
Estimate model parameters (epsilon = 0.010)
1. Initial log-likelihood: -5517.799
Optimal log-likelihood: -5517.794
Rate parameters:  A-C: 1.372  A-G: 1.339  A-T: 1.178  C-G: 1.114  C-T: 1.705  G-T: 1.000
Base frequencies:   A: 0.231  C: 0.277  G: 0.255  T: 0.237
Gamma shape alpha: 3.524
Parameters optimization took 1 rounds (0.009 sec)
BEST SCORE FOUND : -5517.794

Testing tree branches by SH-like aLRT with 1000 replicates...
CPU Time used:  0.128 sec.
Total tree length: 8.747

Total number of iterations: 101
CPU time used for tree search: 3.528 sec (0h:0m:3s)
Wall-clock time used for tree search: 3.530 sec (0h:0m:3s)
Total CPU time used: 3.764 sec (0h:0m:3s)
Total wall-clock time used: 3.770 sec (0h:0m:3s)

Analysis results written to: 
  IQ-TREE report:                ../simulations/data_D10T0L20I10T10//S/983_pruned.fasta.iqtree
  Maximum-likelihood tree:       ../simulations/data_D10T0L20I10T10//S/983_pruned.fasta.treefile
  Likelihood distances:          ../simulations/data_D10T0L20I10T10//S/983_pruned.fasta.mldist
  Screen log file:               ../simulations/data_D10T0L20I10T10//S/983_pruned.fasta.log

Date and Time: Sun Jun  3 23:18:07 2018
