IQ-TREE version 1.4.2 for Linux 64-bit built Apr 15 2016
Copyright (c) 2011-2015 Nguyen Lam Tung, Olga Chernomor, Arndt von Haeseler and Bui Quang Minh.

Host:    meduse (AVX2, FMA3, 7 GB RAM)
Command: iqtree -s ../simulations/data_D8T0L15I8T8//S/985_pruned.fasta -m GTR+G -alrt 1000 -redo
Seed:    867313 (Using SPRNG - Scalable Parallel Random Number Generator)
Time:    Fri May 25 22:38:31 2018
Kernel:  AVX

NOTE: Consider using the multicore version because your CPU has 4 cores!

Reading alignment file ../simulations/data_D8T0L15I8T8//S/985_pruned.fasta ... Fasta format detected
Alignment most likely contains DNA/RNA sequences
Alignment has 26 sequences with 300 columns and 193 patterns (176 informative sites)
          Gap/Ambiguity  Composition  p-value
   1  n298_299    0.00%    passed     98.85%
   2  n280_281    0.00%    passed     90.25%
   3  n200_201    0.00%    passed     99.25%
   4  n286_287    0.00%    passed     84.01%
   5  n287_288    0.00%    passed     97.91%
   6  n266_267    0.00%    passed     77.87%
   7  n292_293    0.00%    passed     86.09%
   8  n293_294    0.00%    passed     86.04%
   9  n275_276    0.00%    passed     91.73%
  10  n289_290    0.00%    passed     96.40%
  11  n297_298    0.00%    passed     99.22%
  12  n278_279    0.00%    passed     89.67%
  13  n295_296    0.00%    passed     95.59%
  14  n251_252    0.00%    passed     27.58%
  15  n274_275    0.00%    passed     85.15%
  16  n290_291    0.00%    passed     96.40%
  17  n236_237    0.00%    passed     39.05%
  18  n255_256    0.00%    passed     34.25%
  19  n285_286    0.00%    passed     79.27%
  20  n294_295    0.00%    passed     86.04%
  21  n300_301    0.00%    passed     90.96%
  22  n265_266    0.00%    passed     72.99%
  23  n296_297    0.00%    passed     93.93%
  24  n299_300    0.00%    passed     90.96%
  25  n244_245    0.00%    passed     90.15%
  26  n277_278    0.00%    passed     85.81%
****  TOTAL       0.00%  0 sequences failed composition chi2 test (p-value<5%; df=3)
NOTE: 2 identical sequences (see below) will be ignored for subsequent analysis
NOTE: n290_291 (identical to n289_290) is ignored but added at the end
NOTE: n299_300 (identical to n300_301) is ignored but added at the end

Create initial parsimony tree by phylogenetic likelihood library (PLL)... 0.001 seconds

NOTE: 0 MB RAM is required!
Estimate model parameters (epsilon = 0.100)
1. Initial log-likelihood: -2167.781
2. Current log-likelihood: -2125.675
3. Current log-likelihood: -2124.850
Optimal log-likelihood: -2124.843
Rate parameters:  A-C: 1.726  A-G: 2.232  A-T: 1.799  C-G: 1.263  C-T: 1.474  G-T: 1.000
Base frequencies:   A: 0.215  C: 0.324  G: 0.244  T: 0.217
Gamma shape alpha: 998.214
Parameters optimization took 3 rounds (0.039 sec)
--------------------------------------------------------------------
|             INITIALIZING CANDIDATE TREE SET                      |
--------------------------------------------------------------------
Computing ML distances based on estimated model parameters... 0.000 sec
Computing BIONJ tree...
0.000 seconds
Log-likelihood of BIONJ tree: -2124.843
Generating 99 parsimony trees... 0.147 seconds 1 distinct starting trees
Computing log-likelihood of 1 initial trees ... 0.000 seconds
Optimizing top 1 initial trees with NNI...
Iteration 1 / LogL: -2124.844 / Time: 0h:0m:0s
Estimate model parameters (epsilon = 0.100)
BETTER SCORE FOUND at iteration 1: -2124.837
Average CPU time for 1 NNI search: 0.012
Finish initializing candidate tree set. Number of distinct locally optimal trees: 1
Current best tree score: -2124.837 / CPU time: 0.160
--------------------------------------------------------------------
|               OPTIMIZING CANDIDATE TREE SET                      |
--------------------------------------------------------------------
Iteration 10 / LogL: -2124.839 / Time: 0h:0m:0s
Iteration 20 / LogL: -2124.837 / Time: 0h:0m:0s (0h:0m:2s left)
Iteration 30 / LogL: -2124.842 / Time: 0h:0m:0s (0h:0m:2s left)
Iteration 40 / LogL: -2124.844 / Time: 0h:0m:1s (0h:0m:1s left)
Iteration 50 / LogL: -2124.851 / Time: 0h:0m:1s (0h:0m:1s left)
Iteration 60 / LogL: -2124.841 / Time: 0h:0m:1s (0h:0m:1s left)
Iteration 70 / LogL: -2124.837 / Time: 0h:0m:2s (0h:0m:0s left)
Iteration 80 / LogL: -2124.860 / Time: 0h:0m:2s (0h:0m:0s left)
Iteration 90 / LogL: -2124.842 / Time: 0h:0m:2s (0h:0m:0s left)
Iteration 100 / LogL: -2124.838 / Time: 0h:0m:2s (0h:0m:0s left)
TREE SEARCH COMPLETED AFTER 101 ITERATIONS / Time: 0h:0m:2s

--------------------------------------------------------------------
|                    FINALIZING TREE SEARCH                        |
--------------------------------------------------------------------
Performs final model parameters optimization
Estimate model parameters (epsilon = 0.010)
1. Initial log-likelihood: -2124.837
Optimal log-likelihood: -2124.836
Rate parameters:  A-C: 1.713  A-G: 2.233  A-T: 1.788  C-G: 1.272  C-T: 1.488  G-T: 1.000
Base frequencies:   A: 0.215  C: 0.324  G: 0.244  T: 0.217
Gamma shape alpha: 998.214
Parameters optimization took 1 rounds (0.010 sec)
BEST SCORE FOUND : -2124.836

Testing tree branches by SH-like aLRT with 1000 replicates...
CPU Time used:  0.152 sec.
Total tree length: 1.297

Total number of iterations: 101
CPU time used for tree search: 2.836 sec (0h:0m:2s)
Wall-clock time used for tree search: 2.854 sec (0h:0m:2s)
Total CPU time used: 3.056 sec (0h:0m:3s)
Total wall-clock time used: 3.073 sec (0h:0m:3s)

Analysis results written to: 
  IQ-TREE report:                ../simulations/data_D8T0L15I8T8//S/985_pruned.fasta.iqtree
  Maximum-likelihood tree:       ../simulations/data_D8T0L15I8T8//S/985_pruned.fasta.treefile
  Likelihood distances:          ../simulations/data_D8T0L15I8T8//S/985_pruned.fasta.mldist
  Screen log file:               ../simulations/data_D8T0L15I8T8//S/985_pruned.fasta.log

Date and Time: Fri May 25 22:38:34 2018
