IQ-TREE version 1.4.2 for Linux 64-bit built Apr 15 2016
Copyright (c) 2011-2015 Nguyen Lam Tung, Olga Chernomor, Arndt von Haeseler and Bui Quang Minh.

Host:    meduse (AVX2, FMA3, 7 GB RAM)
Command: iqtree -s ../simulations/data_D10T0L20I10T10//S/987_pruned.fasta -m GTR+G -alrt 1000 -redo
Seed:    100547 (Using SPRNG - Scalable Parallel Random Number Generator)
Time:    Sun Jun  3 23:30:00 2018
Kernel:  AVX

NOTE: Consider using the multicore version because your CPU has 4 cores!

Reading alignment file ../simulations/data_D10T0L20I10T10//S/987_pruned.fasta ... Fasta format detected
Alignment most likely contains DNA/RNA sequences
Alignment has 37 sequences with 300 columns and 300 patterns (299 informative sites)
          Gap/Ambiguity  Composition  p-value
   1  n290_395    0.00%    passed     93.94%
   2  n278_375    0.00%    passed     32.73%
   3  n294_401    0.00%    passed     15.24%
   4  n274_369    0.00%    passed     37.16%
   5  n292_397    0.00%    passed     31.05%
   6  n286_389    0.00%    passed      9.28%
   7  n285_390    0.00%    passed     70.41%
   8  n300_407    0.00%    passed     29.77%
   9  n278_377    0.00%    passed     79.30%
  10  n286_391    0.00%    passed     44.68%
  11  n295_402    0.00%    passed     37.61%
  12  n280_379    0.00%    passed     55.58%
  13  n298_405    0.00%    passed     19.44%
  14  n300_409    0.00%    passed     94.15%
  15  n299_406    0.00%    passed     26.86%
  16  n292_399    0.00%    passed     84.56%
  17  n293_400    0.00%    passed      6.33%
  18  n277_376    0.00%    passed     65.86%
  19  n289_394    0.00%    passed     75.58%
  20  n200_263    0.00%    passed      9.69%
  21  n265_356    0.00%    passed     92.61%
  22  n266_357    0.00%    passed     39.71%
  23  n255_340    0.00%    failed      4.43%
  24  n265_358    0.00%    passed     28.16%
  25  n251_334    0.00%    failed      1.18%
  26  n296_403    0.00%    passed     41.00%
  27  n297_404    0.00%    passed     22.47%
  28  n266_359    0.00%    passed     32.86%
  29  n244_323    0.00%    passed     14.82%
  30  n299_408    0.00%    passed     96.84%
  31  n274_371    0.00%    passed     96.06%
  32  n236_315    0.00%    passed     53.55%
  33  n277_374    0.00%    passed     21.30%
  34  n280_381    0.00%    passed     98.21%
  35  n287_392    0.00%    passed     88.40%
  36  n285_388    0.00%    failed      2.41%
  37  n275_372    0.00%    passed      6.51%
****  TOTAL       0.00%  3 sequences failed composition chi2 test (p-value<5%; df=3)

Create initial parsimony tree by phylogenetic likelihood library (PLL)... 0.003 seconds

NOTE: 1 MB RAM is required!
Estimate model parameters (epsilon = 0.100)
1. Initial log-likelihood: -7356.394
2. Current log-likelihood: -7235.365
3. Current log-likelihood: -7219.608
4. Current log-likelihood: -7217.105
5. Current log-likelihood: -7216.651
Optimal log-likelihood: -7216.539
Rate parameters:  A-C: 1.373  A-G: 1.205  A-T: 1.408  C-G: 1.109  C-T: 1.555  G-T: 1.000
Base frequencies:   A: 0.237  C: 0.272  G: 0.257  T: 0.234
Gamma shape alpha: 3.956
Parameters optimization took 5 rounds (0.109 sec)
--------------------------------------------------------------------
|             INITIALIZING CANDIDATE TREE SET                      |
--------------------------------------------------------------------
Computing ML distances based on estimated model parameters... 0.008 sec
WARNING: Some pairwise ML distances are too long (saturated)
Computing BIONJ tree...
0.001 seconds
Log-likelihood of BIONJ tree: -7230.000
Generating 98 parsimony trees... 0.262 seconds 7 distinct starting trees
Computing log-likelihood of 7 initial trees ... 0.023 seconds
Optimizing top 7 initial trees with NNI...
Iteration 1 / LogL: -7216.467 / Time: 0h:0m:0s
Estimate model parameters (epsilon = 0.100)
BETTER SCORE FOUND at iteration 1: -7214.024
Iteration 2 / LogL: -7216.443 / Time: 0h:0m:0s
Iteration 3 / LogL: -7216.447 / Time: 0h:0m:0s
Iteration 4 / LogL: -7214.442 / Time: 0h:0m:0s
Iteration 5 / LogL: -7215.062 / Time: 0h:0m:0s
Iteration 6 / LogL: -7215.062 / Time: 0h:0m:0s
Iteration 7 / LogL: -7214.434 / Time: 0h:0m:0s
Average CPU time for 1 NNI search: 0.023
Finish initializing candidate tree set. Number of distinct locally optimal trees: 6
Current best tree score: -7214.024 / CPU time: 0.444
--------------------------------------------------------------------
|               OPTIMIZING CANDIDATE TREE SET                      |
--------------------------------------------------------------------
Estimate model parameters (epsilon = 0.010)
BETTER TREE FOUND at iteration 9: -7211.649
Iteration 10 / LogL: -7214.306 / Time: 0h:0m:0s
Iteration 20 / LogL: -7215.785 / Time: 0h:0m:1s (0h:0m:5s left)
Iteration 30 / LogL: -7231.509 / Time: 0h:0m:1s (0h:0m:5s left)
Estimate model parameters (epsilon = 0.010)
BETTER TREE FOUND at iteration 39: -7211.424
Iteration 40 / LogL: -7211.994 / Time: 0h:0m:2s (0h:0m:6s left)
Iteration 50 / LogL: -7211.761 / Time: 0h:0m:2s (0h:0m:5s left)
Iteration 60 / LogL: -7226.288 / Time: 0h:0m:3s (0h:0m:4s left)
Iteration 70 / LogL: -7211.922 / Time: 0h:0m:4s (0h:0m:4s left)
Iteration 80 / LogL: -7212.647 / Time: 0h:0m:4s (0h:0m:3s left)
Iteration 90 / LogL: -7213.052 / Time: 0h:0m:5s (0h:0m:2s left)
Iteration 100 / LogL: -7212.415 / Time: 0h:0m:5s (0h:0m:2s left)
Iteration 110 / LogL: -7211.922 / Time: 0h:0m:6s (0h:0m:1s left)
Iteration 120 / LogL: -7211.624 / Time: 0h:0m:6s (0h:0m:1s left)
Iteration 130 / LogL: -7211.445 / Time: 0h:0m:7s (0h:0m:0s left)
TREE SEARCH COMPLETED AFTER 139 ITERATIONS / Time: 0h:0m:7s

--------------------------------------------------------------------
|                    FINALIZING TREE SEARCH                        |
--------------------------------------------------------------------
Performs final model parameters optimization
Estimate model parameters (epsilon = 0.010)
1. Initial log-likelihood: -7211.424
Optimal log-likelihood: -7211.420
Rate parameters:  A-C: 1.381  A-G: 1.244  A-T: 1.470  C-G: 1.110  C-T: 1.576  G-T: 1.000
Base frequencies:   A: 0.237  C: 0.272  G: 0.257  T: 0.234
Gamma shape alpha: 3.605
Parameters optimization took 1 rounds (0.010 sec)
BEST SCORE FOUND : -7211.420

Testing tree branches by SH-like aLRT with 1000 replicates...
CPU Time used:  0.172 sec.
Total tree length: 13.980

Total number of iterations: 139
CPU time used for tree search: 7.396 sec (0h:0m:7s)
Wall-clock time used for tree search: 7.398 sec (0h:0m:7s)
Total CPU time used: 7.740 sec (0h:0m:7s)
Total wall-clock time used: 7.743 sec (0h:0m:7s)

Analysis results written to: 
  IQ-TREE report:                ../simulations/data_D10T0L20I10T10//S/987_pruned.fasta.iqtree
  Maximum-likelihood tree:       ../simulations/data_D10T0L20I10T10//S/987_pruned.fasta.treefile
  Likelihood distances:          ../simulations/data_D10T0L20I10T10//S/987_pruned.fasta.mldist
  Screen log file:               ../simulations/data_D10T0L20I10T10//S/987_pruned.fasta.log

Date and Time: Sun Jun  3 23:30:07 2018
