IQ-TREE version 1.4.2 for Linux 64-bit built Apr 15 2016
Copyright (c) 2011-2015 Nguyen Lam Tung, Olga Chernomor, Arndt von Haeseler and Bui Quang Minh.

Host:    meduse (AVX2, FMA3, 7 GB RAM)
Command: iqtree -s ../simulations/data_D10T0L20I10T10//S/98_pruned.fasta -m GTR+G -alrt 1000 -redo
Seed:    252770 (Using SPRNG - Scalable Parallel Random Number Generator)
Time:    Fri Jun  1 10:47:27 2018
Kernel:  AVX

NOTE: Consider using the multicore version because your CPU has 4 cores!

Reading alignment file ../simulations/data_D10T0L20I10T10//S/98_pruned.fasta ... Fasta format detected
Alignment most likely contains DNA/RNA sequences
Alignment has 26 sequences with 300 columns and 185 patterns (152 informative sites)
          Gap/Ambiguity  Composition  p-value
   1  n289_290    0.00%    passed     89.73%
   2  n294_295    0.00%    passed     90.07%
   3  n295_296    0.00%    passed     84.49%
   4  n266_267    0.00%    passed     99.43%
   5  n299_300    0.00%    passed     70.89%
   6  n298_299    0.00%    passed     87.00%
   7  n290_291    0.00%    passed     89.73%
   8  n274_275    0.00%    passed     73.78%
   9  n251_252    0.00%    passed     58.03%
  10  n293_294    0.00%    passed     87.97%
  11  n265_266    0.00%    passed     96.27%
  12  n296_297    0.00%    passed     92.13%
  13  n300_301    0.00%    passed     71.54%
  14  n244_245    0.00%    passed     62.49%
  15  n278_279    0.00%    passed     47.23%
  16  n287_288    0.00%    passed     84.52%
  17  n200_201    0.00%    passed     78.07%
  18  n277_278    0.00%    passed     71.63%
  19  n297_298    0.00%    passed     93.07%
  20  n236_237    0.00%    passed     82.96%
  21  n280_281    0.00%    passed     79.45%
  22  n285_286    0.00%    passed     76.82%
  23  n275_276    0.00%    passed     89.73%
  24  n255_256    0.00%    passed     50.10%
  25  n292_293    0.00%    passed     71.54%
  26  n286_287    0.00%    passed     83.21%
****  TOTAL       0.00%  0 sequences failed composition chi2 test (p-value<5%; df=3)
NOTE: 2 identical sequences (see below) will be ignored for subsequent analysis
NOTE: n290_291 (identical to n289_290) is ignored but added at the end
NOTE: n292_293 (identical to n300_301) is ignored but added at the end

Create initial parsimony tree by phylogenetic likelihood library (PLL)... 0.001 seconds

NOTE: 0 MB RAM is required!
Estimate model parameters (epsilon = 0.100)
1. Initial log-likelihood: -2113.488
2. Current log-likelihood: -2055.712
3. Current log-likelihood: -2054.933
Optimal log-likelihood: -2054.891
Rate parameters:  A-C: 1.180  A-G: 1.471  A-T: 1.019  C-G: 1.087  C-T: 1.242  G-T: 1.000
Base frequencies:   A: 0.256  C: 0.261  G: 0.235  T: 0.248
Gamma shape alpha: 998.350
Parameters optimization took 3 rounds (0.020 sec)
--------------------------------------------------------------------
|             INITIALIZING CANDIDATE TREE SET                      |
--------------------------------------------------------------------
Computing ML distances based on estimated model parameters... 0.004 sec
Computing BIONJ tree...
0.000 seconds
Log-likelihood of BIONJ tree: -2056.932
Generating 98 parsimony trees... 0.100 seconds 33 distinct starting trees
Computing log-likelihood of 33 initial trees ... 0.063 seconds
Optimizing top 20 initial trees with NNI...
Iteration 1 / LogL: -2054.891 / Time: 0h:0m:0s
Estimate model parameters (epsilon = 0.100)
BETTER SCORE FOUND at iteration 1: -2054.826
Iteration 2 / LogL: -2054.829 / Time: 0h:0m:0s
Iteration 3 / LogL: -2054.829 / Time: 0h:0m:0s
Iteration 4 / LogL: -2054.829 / Time: 0h:0m:0s
Iteration 5 / LogL: -2054.829 / Time: 0h:0m:0s
Iteration 6 / LogL: -2054.829 / Time: 0h:0m:0s
Iteration 7 / LogL: -2054.829 / Time: 0h:0m:0s
Iteration 8 / LogL: -2054.829 / Time: 0h:0m:0s
Iteration 9 / LogL: -2054.829 / Time: 0h:0m:0s
Iteration 10 / LogL: -2054.829 / Time: 0h:0m:0s
Iteration 11 / LogL: -2054.829 / Time: 0h:0m:0s
Iteration 12 / LogL: -2054.829 / Time: 0h:0m:0s
Iteration 13 / LogL: -2054.829 / Time: 0h:0m:0s
Iteration 14 / LogL: -2054.829 / Time: 0h:0m:0s
Iteration 15 / LogL: -2054.829 / Time: 0h:0m:0s
Iteration 16 / LogL: -2054.829 / Time: 0h:0m:0s
Iteration 17 / LogL: -2054.829 / Time: 0h:0m:0s
Iteration 18 / LogL: -2054.829 / Time: 0h:0m:0s
Iteration 19 / LogL: -2054.829 / Time: 0h:0m:0s
Iteration 20 / LogL: -2054.829 / Time: 0h:0m:0s
Average CPU time for 1 NNI search: 0.005
Finish initializing candidate tree set. Number of distinct locally optimal trees: 20
Current best tree score: -2054.826 / CPU time: 0.264
--------------------------------------------------------------------
|               OPTIMIZING CANDIDATE TREE SET                      |
--------------------------------------------------------------------
Iteration 30 / LogL: -2055.151 / Time: 0h:0m:0s (0h:0m:1s left)
Iteration 40 / LogL: -2054.939 / Time: 0h:0m:0s (0h:0m:0s left)
Iteration 50 / LogL: -2054.826 / Time: 0h:0m:0s (0h:0m:0s left)
Iteration 60 / LogL: -2054.835 / Time: 0h:0m:0s (0h:0m:0s left)
Iteration 70 / LogL: -2054.830 / Time: 0h:0m:1s (0h:0m:0s left)
Iteration 80 / LogL: -2054.842 / Time: 0h:0m:1s (0h:0m:0s left)
Iteration 90 / LogL: -2158.797 / Time: 0h:0m:1s (0h:0m:0s left)
Iteration 100 / LogL: -2054.826 / Time: 0h:0m:1s (0h:0m:0s left)
TREE SEARCH COMPLETED AFTER 101 ITERATIONS / Time: 0h:0m:1s

--------------------------------------------------------------------
|                    FINALIZING TREE SEARCH                        |
--------------------------------------------------------------------
Performs final model parameters optimization
Estimate model parameters (epsilon = 0.010)
1. Initial log-likelihood: -2054.826
Optimal log-likelihood: -2054.817
Rate parameters:  A-C: 1.151  A-G: 1.393  A-T: 1.013  C-G: 1.069  C-T: 1.224  G-T: 1.000
Base frequencies:   A: 0.256  C: 0.261  G: 0.235  T: 0.248
Gamma shape alpha: 998.350
Parameters optimization took 1 rounds (0.005 sec)
BEST SCORE FOUND : -2054.817

Testing tree branches by SH-like aLRT with 1000 replicates...
CPU Time used:  0.108 sec.
Total tree length: 1.205

Total number of iterations: 101
CPU time used for tree search: 1.484 sec (0h:0m:1s)
Wall-clock time used for tree search: 1.485 sec (0h:0m:1s)
Total CPU time used: 1.628 sec (0h:0m:1s)
Total wall-clock time used: 1.631 sec (0h:0m:1s)

Analysis results written to: 
  IQ-TREE report:                ../simulations/data_D10T0L20I10T10//S/98_pruned.fasta.iqtree
  Maximum-likelihood tree:       ../simulations/data_D10T0L20I10T10//S/98_pruned.fasta.treefile
  Likelihood distances:          ../simulations/data_D10T0L20I10T10//S/98_pruned.fasta.mldist
  Screen log file:               ../simulations/data_D10T0L20I10T10//S/98_pruned.fasta.log

Date and Time: Fri Jun  1 10:47:28 2018
