IQ-TREE version 1.4.2 for Linux 64-bit built Apr 15 2016
Copyright (c) 2011-2015 Nguyen Lam Tung, Olga Chernomor, Arndt von Haeseler and Bui Quang Minh.

Host:    meduse (AVX2, FMA3, 7 GB RAM)
Command: iqtree -s ../simulations/data_D10T0L20I10T10//S/998_pruned.fasta -m GTR+G -alrt 1000 -redo
Seed:    243641 (Using SPRNG - Scalable Parallel Random Number Generator)
Time:    Sun Jun  3 23:35:55 2018
Kernel:  AVX

NOTE: Consider using the multicore version because your CPU has 4 cores!

Reading alignment file ../simulations/data_D10T0L20I10T10//S/998_pruned.fasta ... Fasta format detected
Alignment most likely contains DNA/RNA sequences
Alignment has 26 sequences with 300 columns and 300 patterns (295 informative sites)
          Gap/Ambiguity  Composition  p-value
   1  n200_197    0.00%    passed     66.88%
   2  n280_277    0.00%    passed     74.38%
   3  n275_272    0.00%    passed     24.77%
   4  n255_252    0.00%    passed     56.34%
   5  n292_289    0.00%    passed     31.93%
   6  n294_291    0.00%    passed     17.05%
   7  n297_294    0.00%    passed     20.60%
   8  n286_283    0.00%    passed     27.84%
   9  n298_295    0.00%    passed     10.49%
  10  n278_275    0.00%    passed      5.20%
  11  n287_284    0.00%    passed     40.05%
  12  n300_297    0.00%    passed     25.49%
  13  n293_290    0.00%    passed     12.34%
  14  n244_241    0.00%    passed     75.60%
  15  n285_282    0.00%    passed     62.91%
  16  n236_233    0.00%    passed     48.39%
  17  n274_271    0.00%    passed     89.00%
  18  n290_287    0.00%    passed     70.24%
  19  n289_286    0.00%    passed     45.44%
  20  n296_293    0.00%    passed     18.88%
  21  n251_248    0.00%    passed     59.41%
  22  n266_263    0.00%    passed     26.64%
  23  n295_292    0.00%    passed     19.63%
  24  n265_262    0.00%    passed     79.20%
  25  n277_274    0.00%    passed     16.50%
  26  n299_296    0.00%    passed     39.48%
****  TOTAL       0.00%  0 sequences failed composition chi2 test (p-value<5%; df=3)

Create initial parsimony tree by phylogenetic likelihood library (PLL)... 0.001 seconds

NOTE: 1 MB RAM is required!
Estimate model parameters (epsilon = 0.100)
1. Initial log-likelihood: -5258.300
2. Current log-likelihood: -5167.459
3. Current log-likelihood: -5155.021
4. Current log-likelihood: -5151.981
5. Current log-likelihood: -5151.543
Optimal log-likelihood: -5151.453
Rate parameters:  A-C: 0.970  A-G: 1.197  A-T: 0.694  C-G: 0.969  C-T: 1.054  G-T: 1.000
Base frequencies:   A: 0.218  C: 0.277  G: 0.226  T: 0.280
Gamma shape alpha: 3.589
Parameters optimization took 5 rounds (0.072 sec)
--------------------------------------------------------------------
|             INITIALIZING CANDIDATE TREE SET                      |
--------------------------------------------------------------------
Computing ML distances based on estimated model parameters... 0.004 sec
WARNING: Some pairwise ML distances are too long (saturated)
Computing BIONJ tree...
0.000 seconds
Log-likelihood of BIONJ tree: -5152.948
Generating 98 parsimony trees... 0.133 seconds 5 distinct starting trees
Computing log-likelihood of 5 initial trees ... 0.009 seconds
Optimizing top 5 initial trees with NNI...
Iteration 1 / LogL: -5150.558 / Time: 0h:0m:0s
Estimate model parameters (epsilon = 0.100)
BETTER TREE FOUND at iteration 1: -5150.268
Iteration 2 / LogL: -5151.473 / Time: 0h:0m:0s
Iteration 3 / LogL: -5151.473 / Time: 0h:0m:0s
Iteration 4 / LogL: -5150.484 / Time: 0h:0m:0s
Iteration 5 / LogL: -5151.434 / Time: 0h:0m:0s
Average CPU time for 1 NNI search: 0.016
Finish initializing candidate tree set. Number of distinct locally optimal trees: 3
Current best tree score: -5150.268 / CPU time: 0.224
--------------------------------------------------------------------
|               OPTIMIZING CANDIDATE TREE SET                      |
--------------------------------------------------------------------
Iteration 10 / LogL: -5150.696 / Time: 0h:0m:0s
Iteration 20 / LogL: -5168.740 / Time: 0h:0m:0s (0h:0m:3s left)
Iteration 30 / LogL: -5150.439 / Time: 0h:0m:1s (0h:0m:2s left)
Iteration 40 / LogL: -5150.616 / Time: 0h:0m:1s (0h:0m:2s left)
Iteration 50 / LogL: -5150.530 / Time: 0h:0m:1s (0h:0m:1s left)
Estimate model parameters (epsilon = 0.010)
UPDATE BEST LOG-LIKELIHOOD: -5150.238
Iteration 60 / LogL: -5154.428 / Time: 0h:0m:2s (0h:0m:1s left)
Iteration 70 / LogL: -5150.277 / Time: 0h:0m:2s (0h:0m:1s left)
Iteration 80 / LogL: -5150.832 / Time: 0h:0m:2s (0h:0m:0s left)
Iteration 90 / LogL: -5150.339 / Time: 0h:0m:3s (0h:0m:0s left)
Iteration 100 / LogL: -5150.597 / Time: 0h:0m:3s (0h:0m:0s left)
TREE SEARCH COMPLETED AFTER 101 ITERATIONS / Time: 0h:0m:3s

--------------------------------------------------------------------
|                    FINALIZING TREE SEARCH                        |
--------------------------------------------------------------------
Performs final model parameters optimization
Estimate model parameters (epsilon = 0.010)
1. Initial log-likelihood: -5150.238
Optimal log-likelihood: -5150.236
Rate parameters:  A-C: 0.942  A-G: 1.165  A-T: 0.692  C-G: 0.946  C-T: 1.040  G-T: 1.000
Base frequencies:   A: 0.218  C: 0.277  G: 0.226  T: 0.280
Gamma shape alpha: 3.507
Parameters optimization took 1 rounds (0.009 sec)
BEST SCORE FOUND : -5150.236

Testing tree branches by SH-like aLRT with 1000 replicates...
CPU Time used:  0.120 sec.
Total tree length: 9.237

Total number of iterations: 101
CPU time used for tree search: 3.532 sec (0h:0m:3s)
Wall-clock time used for tree search: 3.531 sec (0h:0m:3s)
Total CPU time used: 3.760 sec (0h:0m:3s)
Total wall-clock time used: 3.761 sec (0h:0m:3s)

Analysis results written to: 
  IQ-TREE report:                ../simulations/data_D10T0L20I10T10//S/998_pruned.fasta.iqtree
  Maximum-likelihood tree:       ../simulations/data_D10T0L20I10T10//S/998_pruned.fasta.treefile
  Likelihood distances:          ../simulations/data_D10T0L20I10T10//S/998_pruned.fasta.mldist
  Screen log file:               ../simulations/data_D10T0L20I10T10//S/998_pruned.fasta.log

Date and Time: Sun Jun  3 23:35:59 2018
