IQ-TREE version 1.4.2 for Linux 64-bit built Apr 15 2016
Copyright (c) 2011-2015 Nguyen Lam Tung, Olga Chernomor, Arndt von Haeseler and Bui Quang Minh.

Host:    meduse (AVX2, FMA3, 7 GB RAM)
Command: iqtree -s ../simulations/data_D8T0L15I8T8//S/999_pruned.fasta -m GTR+G -alrt 1000 -redo
Seed:    399414 (Using SPRNG - Scalable Parallel Random Number Generator)
Time:    Fri May 25 22:32:10 2018
Kernel:  AVX

NOTE: Consider using the multicore version because your CPU has 4 cores!

Reading alignment file ../simulations/data_D8T0L15I8T8//S/999_pruned.fasta ... Fasta format detected
Alignment most likely contains DNA/RNA sequences
Alignment has 27 sequences with 300 columns and 185 patterns (159 informative sites)
          Gap/Ambiguity  Composition  p-value
   1  n200_254    0.00%    passed     95.89%
   2  n292_295    0.00%    passed     97.23%
   3  n300_303    0.00%    passed     98.25%
   4  n293_296    0.00%    passed     85.99%
   5  n280_283    0.00%    passed     97.74%
   6  n289_292    0.00%    passed     94.79%
   7  n286_289    0.00%    passed     96.09%
   8  n265_268    0.00%    passed     76.54%
   9  n298_301    0.00%    passed     91.40%
  10  n290_293    0.00%    passed     94.32%
  11  n275_278    0.00%    passed     94.08%
  12  n299_302    0.00%    passed     98.25%
  13  n200_255    0.00%    passed     91.55%
  14  n274_277    0.00%    passed     95.71%
  15  n287_290    0.00%    passed     97.06%
  16  n294_297    0.00%    passed     80.82%
  17  n266_269    0.00%    passed     70.93%
  18  n278_281    0.00%    passed     91.73%
  19  n277_280    0.00%    passed     86.85%
  20  n251_252    0.00%    passed     18.79%
  21  n296_299    0.00%    passed     94.32%
  22  n295_298    0.00%    passed     95.80%
  23  n285_288    0.00%    passed     97.06%
  24  n244_245    0.00%    passed     91.31%
  25  n255_258    0.00%    passed      8.97%
  26  n236_237    0.00%    passed     83.01%
  27  n297_300    0.00%    passed     91.40%
****  TOTAL       0.00%  0 sequences failed composition chi2 test (p-value<5%; df=3)
NOTE: 3 identical sequences (see below) will be ignored for subsequent analysis
NOTE: n299_302 (identical to n300_303) is ignored but added at the end
NOTE: n297_300 (identical to n298_301) is ignored but added at the end
NOTE: n296_299 (identical to n290_293) is ignored but added at the end

Create initial parsimony tree by phylogenetic likelihood library (PLL)... 0.001 seconds

NOTE: 0 MB RAM is required!
Estimate model parameters (epsilon = 0.100)
1. Initial log-likelihood: -2110.077
2. Current log-likelihood: -2045.983
3. Current log-likelihood: -2045.353
Optimal log-likelihood: -2045.335
Rate parameters:  A-C: 1.067  A-G: 1.138  A-T: 0.993  C-G: 0.927  C-T: 1.245  G-T: 1.000
Base frequencies:   A: 0.259  C: 0.283  G: 0.215  T: 0.243
Gamma shape alpha: 998.405
Parameters optimization took 3 rounds (0.024 sec)
--------------------------------------------------------------------
|             INITIALIZING CANDIDATE TREE SET                      |
--------------------------------------------------------------------
Computing ML distances based on estimated model parameters... 0.004 sec
Computing BIONJ tree...
0.000 seconds
Log-likelihood of BIONJ tree: -2045.335
Generating 98 parsimony trees... 0.105 seconds 35 distinct starting trees
Computing log-likelihood of 35 initial trees ... 0.073 seconds
Optimizing top 20 initial trees with NNI...
Iteration 1 / LogL: -2045.335 / Time: 0h:0m:0s
Estimate model parameters (epsilon = 0.100)
BETTER SCORE FOUND at iteration 1: -2045.333
Iteration 2 / LogL: -2045.335 / Time: 0h:0m:0s
Iteration 3 / LogL: -2045.336 / Time: 0h:0m:0s
Iteration 4 / LogL: -2045.336 / Time: 0h:0m:0s
Iteration 5 / LogL: -2045.336 / Time: 0h:0m:0s
Iteration 6 / LogL: -2045.336 / Time: 0h:0m:0s
Iteration 7 / LogL: -2045.336 / Time: 0h:0m:0s
Iteration 8 / LogL: -2045.336 / Time: 0h:0m:0s
Iteration 9 / LogL: -2045.336 / Time: 0h:0m:0s
Iteration 10 / LogL: -2045.336 / Time: 0h:0m:0s
Iteration 11 / LogL: -2045.336 / Time: 0h:0m:0s
Iteration 12 / LogL: -2045.336 / Time: 0h:0m:0s
Iteration 13 / LogL: -2045.336 / Time: 0h:0m:0s
Iteration 14 / LogL: -2045.336 / Time: 0h:0m:0s
Iteration 15 / LogL: -2045.336 / Time: 0h:0m:0s
Iteration 16 / LogL: -2045.336 / Time: 0h:0m:0s
Iteration 17 / LogL: -2045.336 / Time: 0h:0m:0s
Iteration 18 / LogL: -2045.336 / Time: 0h:0m:0s
Iteration 19 / LogL: -2045.336 / Time: 0h:0m:0s
Iteration 20 / LogL: -2045.336 / Time: 0h:0m:0s
Average CPU time for 1 NNI search: 0.005
Finish initializing candidate tree set. Number of distinct locally optimal trees: 20
Current best tree score: -2045.333 / CPU time: 0.284
--------------------------------------------------------------------
|               OPTIMIZING CANDIDATE TREE SET                      |
--------------------------------------------------------------------
Iteration 30 / LogL: -2045.348 / Time: 0h:0m:0s (0h:0m:1s left)
Iteration 40 / LogL: -2074.740 / Time: 0h:0m:0s (0h:0m:0s left)
Iteration 50 / LogL: -2045.345 / Time: 0h:0m:0s (0h:0m:0s left)
Iteration 60 / LogL: -2045.334 / Time: 0h:0m:0s (0h:0m:0s left)
Iteration 70 / LogL: -2045.336 / Time: 0h:0m:1s (0h:0m:0s left)
Iteration 80 / LogL: -2045.338 / Time: 0h:0m:1s (0h:0m:0s left)
Iteration 90 / LogL: -2053.564 / Time: 0h:0m:1s (0h:0m:0s left)
Iteration 100 / LogL: -2045.337 / Time: 0h:0m:1s (0h:0m:0s left)
TREE SEARCH COMPLETED AFTER 101 ITERATIONS / Time: 0h:0m:1s

--------------------------------------------------------------------
|                    FINALIZING TREE SEARCH                        |
--------------------------------------------------------------------
Performs final model parameters optimization
Estimate model parameters (epsilon = 0.010)
1. Initial log-likelihood: -2045.333
Optimal log-likelihood: -2045.329
Rate parameters:  A-C: 1.058  A-G: 1.125  A-T: 0.982  C-G: 0.915  C-T: 1.229  G-T: 1.000
Base frequencies:   A: 0.259  C: 0.283  G: 0.215  T: 0.243
Gamma shape alpha: 998.405
Parameters optimization took 1 rounds (0.006 sec)
BEST SCORE FOUND : -2045.329

Testing tree branches by SH-like aLRT with 1000 replicates...
CPU Time used:  0.104 sec.
Total tree length: 1.160

Total number of iterations: 101
CPU time used for tree search: 1.512 sec (0h:0m:1s)
Wall-clock time used for tree search: 1.515 sec (0h:0m:1s)
Total CPU time used: 1.664 sec (0h:0m:1s)
Total wall-clock time used: 1.663 sec (0h:0m:1s)

Analysis results written to: 
  IQ-TREE report:                ../simulations/data_D8T0L15I8T8//S/999_pruned.fasta.iqtree
  Maximum-likelihood tree:       ../simulations/data_D8T0L15I8T8//S/999_pruned.fasta.treefile
  Likelihood distances:          ../simulations/data_D8T0L15I8T8//S/999_pruned.fasta.mldist
  Screen log file:               ../simulations/data_D8T0L15I8T8//S/999_pruned.fasta.log

Date and Time: Fri May 25 22:32:12 2018
