IQ-TREE version 1.4.2 for Linux 64-bit built Apr 15 2016
Copyright (c) 2011-2015 Nguyen Lam Tung, Olga Chernomor, Arndt von Haeseler and Bui Quang Minh.

Host:    meduse (AVX2, FMA3, 7 GB RAM)
Command: iqtree -s ../simulations/data_D8T0L15I8T8//S/99_pruned.fasta -m GTR+G -alrt 1000 -redo
Seed:    359203 (Using SPRNG - Scalable Parallel Random Number Generator)
Time:    Fri May 25 22:42:06 2018
Kernel:  AVX

NOTE: Consider using the multicore version because your CPU has 4 cores!

Reading alignment file ../simulations/data_D8T0L15I8T8//S/99_pruned.fasta ... Fasta format detected
Alignment most likely contains DNA/RNA sequences
Alignment has 25 sequences with 300 columns and 148 patterns (140 informative sites)
          Gap/Ambiguity  Composition  p-value
   1  n278_249    0.00%    passed     85.12%
   2  n277_248    0.00%    passed     88.28%
   3  n297_268    0.00%    passed     90.79%
   4  n255_226    0.00%    passed     94.76%
   5  n298_269    0.00%    passed     90.79%
   6  n286_257    0.00%    passed     90.76%
   7  n266_237    0.00%    passed     90.37%
   8  n293_264    0.00%    passed     93.79%
   9  n251_222    0.00%    passed     92.00%
  10  n290_261    0.00%    passed     87.77%
  11  n287_258    0.00%    passed     89.77%
  12  n300_271    0.00%    passed     88.28%
  13  n236_209    0.00%    passed     39.09%
  14  n274_245    0.00%    passed     87.38%
  15  n280_251    0.00%    passed     82.37%
  16  n299_270    0.00%    passed     88.28%
  17  n296_267    0.00%    passed     82.71%
  18  n275_246    0.00%    passed     96.74%
  19  n295_266    0.00%    passed     82.71%
  20  n289_260    0.00%    passed     87.77%
  21  n285_256    0.00%    passed     91.86%
  22  n265_236    0.00%    passed     94.49%
  23  n294_265    0.00%    passed     94.01%
  24  n292_263    0.00%    passed     80.00%
  25  n200_177    0.00%    passed     89.65%
****  TOTAL       0.00%  0 sequences failed composition chi2 test (p-value<5%; df=3)
NOTE: 4 identical sequences (see below) will be ignored for subsequent analysis
NOTE: n298_269 (identical to n297_268) is ignored but added at the end
NOTE: n289_260 (identical to n290_261) is ignored but added at the end
NOTE: n299_270 (identical to n300_271) is ignored but added at the end
NOTE: n295_266 (identical to n296_267) is ignored but added at the end

Create initial parsimony tree by phylogenetic likelihood library (PLL)... 0.001 seconds

NOTE: 0 MB RAM is required!
Estimate model parameters (epsilon = 0.100)
1. Initial log-likelihood: -1727.927
2. Current log-likelihood: -1693.505
3. Current log-likelihood: -1692.854
Optimal log-likelihood: -1692.835
Rate parameters:  A-C: 1.014  A-G: 0.790  A-T: 0.915  C-G: 0.720  C-T: 1.299  G-T: 1.000
Base frequencies:   A: 0.276  C: 0.261  G: 0.248  T: 0.215
Gamma shape alpha: 5.367
Parameters optimization took 3 rounds (0.031 sec)
--------------------------------------------------------------------
|             INITIALIZING CANDIDATE TREE SET                      |
--------------------------------------------------------------------
Computing ML distances based on estimated model parameters... 0.000 sec
Computing BIONJ tree...
0.000 seconds
Log-likelihood of BIONJ tree: -1696.042
Generating 98 parsimony trees... 0.097 seconds 31 distinct starting trees
Computing log-likelihood of 31 initial trees ... 0.060 seconds
Optimizing top 20 initial trees with NNI...
Iteration 1 / LogL: -1692.411 / Time: 0h:0m:0s
Estimate model parameters (epsilon = 0.100)
BETTER TREE FOUND at iteration 1: -1692.363
Iteration 2 / LogL: -1692.372 / Time: 0h:0m:0s
Iteration 3 / LogL: -1692.372 / Time: 0h:0m:0s
Iteration 4 / LogL: -1692.372 / Time: 0h:0m:0s
Iteration 5 / LogL: -1692.372 / Time: 0h:0m:0s
Iteration 6 / LogL: -1692.372 / Time: 0h:0m:0s
Iteration 7 / LogL: -1692.372 / Time: 0h:0m:0s
Iteration 8 / LogL: -1692.372 / Time: 0h:0m:0s
Iteration 9 / LogL: -1692.372 / Time: 0h:0m:0s
Iteration 10 / LogL: -1692.372 / Time: 0h:0m:0s
Iteration 11 / LogL: -1692.372 / Time: 0h:0m:0s
Iteration 12 / LogL: -1692.372 / Time: 0h:0m:0s
Iteration 13 / LogL: -1692.372 / Time: 0h:0m:0s
Iteration 14 / LogL: -1692.372 / Time: 0h:0m:0s
Iteration 15 / LogL: -1692.372 / Time: 0h:0m:0s
Iteration 16 / LogL: -1692.372 / Time: 0h:0m:0s
Iteration 17 / LogL: -1692.372 / Time: 0h:0m:0s
Iteration 18 / LogL: -1692.372 / Time: 0h:0m:0s
Iteration 19 / LogL: -1692.372 / Time: 0h:0m:0s
Iteration 20 / LogL: -1692.372 / Time: 0h:0m:0s
Average CPU time for 1 NNI search: 0.008
Finish initializing candidate tree set. Number of distinct locally optimal trees: 20
Current best tree score: -1692.363 / CPU time: 0.312
--------------------------------------------------------------------
|               OPTIMIZING CANDIDATE TREE SET                      |
--------------------------------------------------------------------
Iteration 30 / LogL: -1692.365 / Time: 0h:0m:0s (0h:0m:1s left)
Iteration 40 / LogL: -1692.366 / Time: 0h:0m:0s (0h:0m:1s left)
Iteration 50 / LogL: -1692.363 / Time: 0h:0m:0s (0h:0m:0s left)
Iteration 60 / LogL: -1692.370 / Time: 0h:0m:1s (0h:0m:0s left)
Iteration 70 / LogL: -1725.410 / Time: 0h:0m:1s (0h:0m:0s left)
Iteration 80 / LogL: -1692.372 / Time: 0h:0m:1s (0h:0m:0s left)
Iteration 90 / LogL: -1735.612 / Time: 0h:0m:1s (0h:0m:0s left)
Iteration 100 / LogL: -1692.364 / Time: 0h:0m:1s (0h:0m:0s left)
TREE SEARCH COMPLETED AFTER 101 ITERATIONS / Time: 0h:0m:1s

--------------------------------------------------------------------
|                    FINALIZING TREE SEARCH                        |
--------------------------------------------------------------------
Performs final model parameters optimization
Estimate model parameters (epsilon = 0.010)
1. Initial log-likelihood: -1692.363
Optimal log-likelihood: -1692.359
Rate parameters:  A-C: 0.983  A-G: 0.782  A-T: 0.904  C-G: 0.711  C-T: 1.256  G-T: 1.000
Base frequencies:   A: 0.276  C: 0.261  G: 0.248  T: 0.215
Gamma shape alpha: 4.704
Parameters optimization took 1 rounds (0.004 sec)
BEST SCORE FOUND : -1692.359

Testing tree branches by SH-like aLRT with 1000 replicates...
CPU Time used:  0.116 sec.
Total tree length: 0.957

Total number of iterations: 101
CPU time used for tree search: 1.548 sec (0h:0m:1s)
Wall-clock time used for tree search: 1.573 sec (0h:0m:1s)
Total CPU time used: 1.720 sec (0h:0m:1s)
Total wall-clock time used: 1.746 sec (0h:0m:1s)

Analysis results written to: 
  IQ-TREE report:                ../simulations/data_D8T0L15I8T8//S/99_pruned.fasta.iqtree
  Maximum-likelihood tree:       ../simulations/data_D8T0L15I8T8//S/99_pruned.fasta.treefile
  Likelihood distances:          ../simulations/data_D8T0L15I8T8//S/99_pruned.fasta.mldist
  Screen log file:               ../simulations/data_D8T0L15I8T8//S/99_pruned.fasta.log

Date and Time: Fri May 25 22:42:08 2018
